-1 -1 -1 23.49125 mpd_20250312_124121.data
37.5 37.5 17 23.49125 mpd_20250312_124202.data
112.5 37.5 17 23.3875 mpd_20250312_124227.data
187.5 37.5 17 23.3875 mpd_20250312_124252.data
262.5 37.5 17 23.3875 mpd_20250312_124317.data
262.5 112.5 17 23.49125 mpd_20250312_124342.data
187.5 112.5 17 23.49125 mpd_20250312_124407.data
112.5 112.5 17 23.3875 mpd_20250312_124432.data
37.5 112.5 17 23.3875 mpd_20250312_124457.data
37.5 187.5 17 23.49125 mpd_20250312_124522.data
112.5 187.5 17 23.3875 mpd_20250312_124547.data
187.5 187.5 17 23.3875 mpd_20250312_124612.data
262.5 187.5 17 23.3875 mpd_20250312_124637.data
262.5 262.5 17 23.49125 mpd_20250312_124702.data
187.5 262.5 17 23.49125 mpd_20250312_124727.data
112.5 262.5 17 23.3875 mpd_20250312_124752.data
37.5 262.5 17 23.3875 mpd_20250312_124817.data
37.5 337.5 17 23.49125 mpd_20250312_124842.data
112.5 337.5 17 23.49125 mpd_20250312_124907.data
187.5 337.5 17 23.3875 mpd_20250312_124932.data
262.5 337.5 17 23.3875 mpd_20250312_124957.data
37.5 412.5 17 23.49125 mpd_20250312_125118.data
112.5 412.5 17 23.3875 mpd_20250312_125143.data
187.5 412.5 17 23.49125 mpd_20250312_125208.data
262.5 412.5 17 23.49125 mpd_20250312_125233.data
