-1 -1 -1 22.969809523809523 mpd_20250313_132700.data
10.0 10.0 17 22.868976190476186 mpd_20250313_132741.data
30.0 10.0 17 22.868976190476186 mpd_20250313_132806.data
50.0 10.0 17 22.868976190476186 mpd_20250313_132831.data
70.0 10.0 17 22.868976190476186 mpd_20250313_132856.data
90.0 10.0 17 22.868976190476186 mpd_20250313_132921.data
110.0 10.0 17 22.868976190476186 mpd_20250313_132946.data
130.0 10.0 17 22.868976190476186 mpd_20250313_133011.data
150.0 10.0 17 22.868976190476186 mpd_20250313_133036.data
170.0 10.0 17 22.969809523809523 mpd_20250313_133101.data
190.0 10.0 17 22.868976190476186 mpd_20250313_133126.data
210.0 10.0 17 22.868976190476186 mpd_20250313_133151.data
230.0 10.0 17 22.868976190476186 mpd_20250313_133216.data
250.0 10.0 17 22.969809523809523 mpd_20250313_133241.data
270.0 10.0 17 22.969809523809523 mpd_20250313_133306.data
290.0 10.0 17 22.868976190476186 mpd_20250313_133331.data
290.0 30.0 17 22.868976190476186 mpd_20250313_133356.data
270.0 30.0 17 22.969809523809523 mpd_20250313_133421.data
250.0 30.0 17 22.868976190476186 mpd_20250313_133446.data
230.0 30.0 17 22.767738095238098 mpd_20250313_133511.data
210.0 30.0 17 22.868976190476186 mpd_20250313_133536.data
190.0 30.0 17 22.969809523809523 mpd_20250313_133601.data
170.0 30.0 17 22.969809523809523 mpd_20250313_133626.data
150.0 30.0 17 22.868976190476186 mpd_20250313_133651.data
130.0 30.0 17 22.868976190476186 mpd_20250313_133716.data
110.0 30.0 17 22.868976190476186 mpd_20250313_133741.data
90.0 30.0 17 22.969809523809523 mpd_20250313_133806.data
70.0 30.0 17 22.868976190476186 mpd_20250313_133831.data
50.0 30.0 17 22.868976190476186 mpd_20250313_133856.data
30.0 30.0 17 22.868976190476186 mpd_20250313_133921.data
10.0 30.0 17 22.868976190476186 mpd_20250313_133946.data
10.0 50.0 17 22.868976190476186 mpd_20250313_134011.data
30.0 50.0 17 22.868976190476186 mpd_20250313_134036.data
50.0 50.0 17 22.868976190476186 mpd_20250313_134101.data
70.0 50.0 17 22.868976190476186 mpd_20250313_134126.data
90.0 50.0 17 22.969809523809523 mpd_20250313_134151.data
110.0 50.0 17 22.868976190476186 mpd_20250313_134216.data
130.0 50.0 17 22.868976190476186 mpd_20250313_134241.data
150.0 50.0 17 22.868976190476186 mpd_20250313_134306.data
170.0 50.0 17 22.969809523809523 mpd_20250313_134331.data
190.0 50.0 17 22.868976190476186 mpd_20250313_134356.data
210.0 50.0 17 22.868976190476186 mpd_20250313_134421.data
230.0 50.0 17 22.969809523809523 mpd_20250313_134446.data
250.0 50.0 17 22.868976190476186 mpd_20250313_134511.data
270.0 50.0 17 22.868976190476186 mpd_20250313_134536.data
290.0 50.0 17 22.868976190476186 mpd_20250313_134601.data
290.0 70.0 17 22.868976190476186 mpd_20250313_134626.data
270.0 70.0 17 22.868976190476186 mpd_20250313_134651.data
250.0 70.0 17 22.969809523809523 mpd_20250313_134716.data
230.0 70.0 17 22.969809523809523 mpd_20250313_134741.data
210.0 70.0 17 22.969809523809523 mpd_20250313_134807.data
190.0 70.0 17 22.868976190476186 mpd_20250313_134832.data
170.0 70.0 17 22.969809523809523 mpd_20250313_134857.data
150.0 70.0 17 22.868976190476186 mpd_20250313_134922.data
130.0 70.0 17 22.868976190476186 mpd_20250313_134947.data
110.0 70.0 17 22.868976190476186 mpd_20250313_135012.data
90.0 70.0 17 22.767738095238098 mpd_20250313_135037.data
70.0 70.0 17 22.868976190476186 mpd_20250313_135102.data
50.0 70.0 17 22.969809523809523 mpd_20250313_135127.data
30.0 70.0 17 22.868976190476186 mpd_20250313_135152.data
10.0 70.0 17 23.178749999999997 mpd_20250313_135217.data
10.0 90.0 17 22.868976190476186 mpd_20250313_135242.data
30.0 90.0 17 22.868976190476186 mpd_20250313_135307.data
50.0 90.0 17 22.767738095238098 mpd_20250313_135332.data
70.0 90.0 17 22.868976190476186 mpd_20250313_135357.data
90.0 90.0 17 22.868976190476186 mpd_20250313_135422.data
110.0 90.0 17 22.868976190476186 mpd_20250313_135447.data
130.0 90.0 17 22.868976190476186 mpd_20250313_135512.data
150.0 90.0 17 22.868976190476186 mpd_20250313_135537.data
170.0 90.0 17 22.868976190476186 mpd_20250313_135602.data
190.0 90.0 17 22.868976190476186 mpd_20250313_135627.data
210.0 90.0 17 22.969809523809523 mpd_20250313_135652.data
230.0 90.0 17 22.868976190476186 mpd_20250313_135717.data
250.0 90.0 17 22.868976190476186 mpd_20250313_135742.data
270.0 90.0 17 22.868976190476186 mpd_20250313_135807.data
290.0 90.0 17 22.969809523809523 mpd_20250313_135832.data
290.0 110.0 17 22.969809523809523 mpd_20250313_135857.data
270.0 110.0 17 22.868976190476186 mpd_20250313_135922.data
250.0 110.0 17 22.868976190476186 mpd_20250313_135947.data
230.0 110.0 17 22.868976190476186 mpd_20250313_140012.data
210.0 110.0 17 22.868976190476186 mpd_20250313_140037.data
190.0 110.0 17 22.868976190476186 mpd_20250313_140102.data
170.0 110.0 17 22.969809523809523 mpd_20250313_140127.data
150.0 110.0 17 22.969809523809523 mpd_20250313_140152.data
130.0 110.0 17 22.969809523809523 mpd_20250313_140217.data
110.0 110.0 17 22.868976190476186 mpd_20250313_140242.data
90.0 110.0 17 22.868976190476186 mpd_20250313_140307.data
70.0 110.0 17 22.868976190476186 mpd_20250313_140332.data
50.0 110.0 17 22.969809523809523 mpd_20250313_140357.data
30.0 110.0 17 22.969809523809523 mpd_20250313_140422.data
10.0 110.0 17 22.868976190476186 mpd_20250313_140447.data
10.0 130.0 17 22.969809523809523 mpd_20250313_140512.data
30.0 130.0 17 22.868976190476186 mpd_20250313_140537.data
50.0 130.0 17 22.969809523809523 mpd_20250313_140602.data
70.0 130.0 17 22.868976190476186 mpd_20250313_140627.data
90.0 130.0 17 22.868976190476186 mpd_20250313_140652.data
110.0 130.0 17 22.868976190476186 mpd_20250313_140717.data
130.0 130.0 17 22.969809523809523 mpd_20250313_140742.data
150.0 130.0 17 22.868976190476186 mpd_20250313_140807.data
170.0 130.0 17 22.868976190476186 mpd_20250313_140832.data
190.0 130.0 17 22.868976190476186 mpd_20250313_140858.data
210.0 130.0 17 22.868976190476186 mpd_20250313_140923.data
230.0 130.0 17 23.178749999999997 mpd_20250313_140948.data
250.0 130.0 17 22.868976190476186 mpd_20250313_141013.data
270.0 130.0 17 22.868976190476186 mpd_20250313_141038.data
290.0 130.0 17 22.969809523809523 mpd_20250313_141103.data
290.0 150.0 17 22.969809523809523 mpd_20250313_141128.data
270.0 150.0 17 22.868976190476186 mpd_20250313_141153.data
250.0 150.0 17 22.868976190476186 mpd_20250313_141218.data
230.0 150.0 17 22.868976190476186 mpd_20250313_141243.data
210.0 150.0 17 22.969809523809523 mpd_20250313_141308.data
190.0 150.0 17 22.868976190476186 mpd_20250313_141333.data
170.0 150.0 17 22.868976190476186 mpd_20250313_141358.data
150.0 150.0 17 22.868976190476186 mpd_20250313_141423.data
130.0 150.0 17 22.868976190476186 mpd_20250313_141448.data
110.0 150.0 17 22.868976190476186 mpd_20250313_141513.data
90.0 150.0 17 22.969809523809523 mpd_20250313_141538.data
70.0 150.0 17 22.868976190476186 mpd_20250313_141603.data
50.0 150.0 17 22.868976190476186 mpd_20250313_141628.data
30.0 150.0 17 22.969809523809523 mpd_20250313_141653.data
10.0 150.0 17 22.868976190476186 mpd_20250313_141718.data
10.0 170.0 17 22.969809523809523 mpd_20250313_141743.data
30.0 170.0 17 22.868976190476186 mpd_20250313_141808.data
50.0 170.0 17 22.868976190476186 mpd_20250313_141833.data
70.0 170.0 17 22.969809523809523 mpd_20250313_141858.data
90.0 170.0 17 22.868976190476186 mpd_20250313_141923.data
110.0 170.0 17 22.868976190476186 mpd_20250313_141948.data
130.0 170.0 17 22.969809523809523 mpd_20250313_142013.data
150.0 170.0 17 22.868976190476186 mpd_20250313_142038.data
170.0 170.0 17 22.868976190476186 mpd_20250313_142103.data
190.0 170.0 17 22.969809523809523 mpd_20250313_142128.data
210.0 170.0 17 22.868976190476186 mpd_20250313_142153.data
230.0 170.0 17 22.767738095238098 mpd_20250313_142218.data
250.0 170.0 17 22.969809523809523 mpd_20250313_142243.data
270.0 170.0 17 22.868976190476186 mpd_20250313_142308.data
290.0 170.0 17 22.969809523809523 mpd_20250313_142333.data
290.0 190.0 17 22.868976190476186 mpd_20250313_142358.data
270.0 190.0 17 22.868976190476186 mpd_20250313_142423.data
250.0 190.0 17 22.868976190476186 mpd_20250313_142448.data
230.0 190.0 17 22.969809523809523 mpd_20250313_142513.data
210.0 190.0 17 22.969809523809523 mpd_20250313_142538.data
190.0 190.0 17 22.868976190476186 mpd_20250313_142603.data
170.0 190.0 17 22.868976190476186 mpd_20250313_142628.data
150.0 190.0 17 22.868976190476186 mpd_20250313_142653.data
130.0 190.0 17 22.868976190476186 mpd_20250313_142718.data
110.0 190.0 17 22.969809523809523 mpd_20250313_142743.data
90.0 190.0 17 22.868976190476186 mpd_20250313_142808.data
70.0 190.0 17 22.969809523809523 mpd_20250313_142833.data
50.0 190.0 17 22.868976190476186 mpd_20250313_142858.data
30.0 190.0 17 22.868976190476186 mpd_20250313_142923.data
10.0 190.0 17 22.868976190476186 mpd_20250313_142948.data
10.0 210.0 17 22.868976190476186 mpd_20250313_143013.data
30.0 210.0 17 22.868976190476186 mpd_20250313_143038.data
50.0 210.0 17 22.969809523809523 mpd_20250313_143103.data
70.0 210.0 17 22.868976190476186 mpd_20250313_143129.data
90.0 210.0 17 22.868976190476186 mpd_20250313_143154.data
110.0 210.0 17 22.868976190476186 mpd_20250313_143219.data
130.0 210.0 17 22.969809523809523 mpd_20250313_143244.data
150.0 210.0 17 22.767738095238098 mpd_20250313_143309.data
170.0 210.0 17 22.868976190476186 mpd_20250313_143334.data
190.0 210.0 17 22.868976190476186 mpd_20250313_143359.data
210.0 210.0 17 22.868976190476186 mpd_20250313_143424.data
230.0 210.0 17 22.868976190476186 mpd_20250313_143449.data
250.0 210.0 17 22.969809523809523 mpd_20250313_143514.data
270.0 210.0 17 22.868976190476186 mpd_20250313_143539.data
290.0 210.0 17 22.868976190476186 mpd_20250313_143604.data
290.0 230.0 17 22.868976190476186 mpd_20250313_143629.data
270.0 230.0 17 22.868976190476186 mpd_20250313_143654.data
250.0 230.0 17 22.969809523809523 mpd_20250313_143719.data
230.0 230.0 17 22.969809523809523 mpd_20250313_143744.data
210.0 230.0 17 22.868976190476186 mpd_20250313_143809.data
190.0 230.0 17 22.868976190476186 mpd_20250313_143834.data
170.0 230.0 17 22.868976190476186 mpd_20250313_143859.data
150.0 230.0 17 22.868976190476186 mpd_20250313_143924.data
130.0 230.0 17 22.969809523809523 mpd_20250313_143949.data
110.0 230.0 17 22.868976190476186 mpd_20250313_144014.data
90.0 230.0 17 22.969809523809523 mpd_20250313_144039.data
70.0 230.0 17 22.969809523809523 mpd_20250313_144104.data
50.0 230.0 17 22.868976190476186 mpd_20250313_144129.data
30.0 230.0 17 22.969809523809523 mpd_20250313_144154.data
10.0 230.0 17 22.868976190476186 mpd_20250313_144219.data
10.0 250.0 17 22.868976190476186 mpd_20250313_144244.data
30.0 250.0 17 22.868976190476186 mpd_20250313_144309.data
50.0 250.0 17 22.969809523809523 mpd_20250313_144334.data
70.0 250.0 17 22.868976190476186 mpd_20250313_144359.data
90.0 250.0 17 22.969809523809523 mpd_20250313_144424.data
110.0 250.0 17 22.969809523809523 mpd_20250313_144449.data
130.0 250.0 17 22.868976190476186 mpd_20250313_144514.data
150.0 250.0 17 22.868976190476186 mpd_20250313_144539.data
170.0 250.0 17 22.868976190476186 mpd_20250313_144604.data
190.0 250.0 17 22.868976190476186 mpd_20250313_144629.data
210.0 250.0 17 22.868976190476186 mpd_20250313_144654.data
230.0 250.0 17 22.868976190476186 mpd_20250313_144719.data
250.0 250.0 17 22.969809523809523 mpd_20250313_144744.data
270.0 250.0 17 22.969809523809523 mpd_20250313_144809.data
290.0 250.0 17 22.868976190476186 mpd_20250313_144834.data
290.0 270.0 17 22.969809523809523 mpd_20250313_144859.data
270.0 270.0 17 22.868976190476186 mpd_20250313_144924.data
250.0 270.0 17 22.868976190476186 mpd_20250313_144949.data
230.0 270.0 17 22.969809523809523 mpd_20250313_145014.data
210.0 270.0 17 22.969809523809523 mpd_20250313_145039.data
190.0 270.0 17 22.868976190476186 mpd_20250313_145104.data
170.0 270.0 17 22.868976190476186 mpd_20250313_145129.data
150.0 270.0 17 22.868976190476186 mpd_20250313_145154.data
130.0 270.0 17 22.868976190476186 mpd_20250313_145220.data
110.0 270.0 17 -1 mpd_20250313_145245.data
90.0 270.0 17 22.868976190476186 mpd_20250313_145310.data
70.0 270.0 17 22.868976190476186 mpd_20250313_145335.data
50.0 270.0 17 -1 mpd_20250313_145400.data
30.0 270.0 17 22.969809523809523 mpd_20250313_145425.data
10.0 270.0 17 22.969809523809523 mpd_20250313_145450.data
10.0 290.0 17 -1 mpd_20250313_145515.data
30.0 290.0 17 22.868976190476186 mpd_20250313_145540.data
50.0 290.0 17 22.969809523809523 mpd_20250313_145605.data
70.0 290.0 17 -1 mpd_20250313_145630.data
90.0 290.0 17 22.969809523809523 mpd_20250313_145655.data
110.0 290.0 17 22.969809523809523 mpd_20250313_145720.data
130.0 290.0 17 -1 mpd_20250313_145745.data
150.0 290.0 17 23.178749999999997 mpd_20250313_145810.data
170.0 290.0 17 23.178749999999997 mpd_20250313_145835.data
190.0 290.0 17 23.178749999999997 mpd_20250313_145900.data
210.0 290.0 17 23.178749999999997 mpd_20250313_145925.data
230.0 290.0 17 23.178749999999997 mpd_20250313_145950.data
250.0 290.0 17 23.178749999999997 mpd_20250313_150015.data
270.0 290.0 17 23.178749999999997 mpd_20250313_150040.data
290.0 290.0 17 23.178749999999997 mpd_20250313_150105.data
290.0 310.0 17 23.178749999999997 mpd_20250313_150130.data
270.0 310.0 17 23.178749999999997 mpd_20250313_150155.data
250.0 310.0 17 23.073725 mpd_20250313_150220.data
230.0 310.0 17 23.178749999999997 mpd_20250313_150245.data
210.0 310.0 17 23.178749999999997 mpd_20250313_150310.data
190.0 310.0 17 23.178749999999997 mpd_20250313_150335.data
170.0 310.0 17 23.178749999999997 mpd_20250313_150400.data
150.0 310.0 17 23.073725 mpd_20250313_150425.data
130.0 310.0 17 23.073725 mpd_20250313_150450.data
110.0 310.0 17 23.178749999999997 mpd_20250313_150515.data
90.0 310.0 17 23.178749999999997 mpd_20250313_150540.data
70.0 310.0 17 23.178749999999997 mpd_20250313_150605.data
50.0 310.0 17 23.178749999999997 mpd_20250313_150630.data
30.0 310.0 17 23.178749999999997 mpd_20250313_150655.data
10.0 310.0 17 23.178749999999997 mpd_20250313_150720.data
10.0 330.0 17 23.178749999999997 mpd_20250313_150745.data
30.0 330.0 17 23.178749999999997 mpd_20250313_150810.data
50.0 330.0 17 23.178749999999997 mpd_20250313_150835.data
70.0 330.0 17 23.073725 mpd_20250313_150900.data
90.0 330.0 17 23.178749999999997 mpd_20250313_150925.data
110.0 330.0 17 23.178749999999997 mpd_20250313_150950.data
130.0 330.0 17 23.178749999999997 mpd_20250313_151015.data
150.0 330.0 17 23.283325 mpd_20250313_151040.data
170.0 330.0 17 23.178749999999997 mpd_20250313_151105.data
190.0 330.0 17 23.178749999999997 mpd_20250313_151130.data
210.0 330.0 17 23.073725 mpd_20250313_151155.data
230.0 330.0 17 23.3875 mpd_20250313_151220.data
250.0 330.0 17 23.178749999999997 mpd_20250313_151245.data
270.0 330.0 17 23.073725 mpd_20250313_151310.data
290.0 330.0 17 23.073725 mpd_20250313_151335.data
10.0 350.0 17 23.073725 mpd_20250313_151514.data
30.0 350.0 17 23.178749999999997 mpd_20250313_151539.data
50.0 350.0 17 23.178749999999997 mpd_20250313_151604.data
70.0 350.0 17 23.178749999999997 mpd_20250313_151629.data
90.0 350.0 17 23.073725 mpd_20250313_151654.data
110.0 350.0 17 23.073725 mpd_20250313_151719.data
130.0 350.0 17 23.178749999999997 mpd_20250313_151744.data
150.0 350.0 17 23.178749999999997 mpd_20250313_151809.data
170.0 350.0 17 23.178749999999997 mpd_20250313_151834.data
190.0 350.0 17 23.073725 mpd_20250313_151859.data
210.0 350.0 17 23.178749999999997 mpd_20250313_151924.data
230.0 350.0 17 23.178749999999997 mpd_20250313_151949.data
250.0 350.0 17 23.178749999999997 mpd_20250313_152014.data
270.0 350.0 17 23.178749999999997 mpd_20250313_152039.data
290.0 350.0 17 23.073725 mpd_20250313_152104.data
290.0 370.0 17 23.178749999999997 mpd_20250313_152129.data
270.0 370.0 17 23.283325 mpd_20250313_152154.data
250.0 370.0 17 23.178749999999997 mpd_20250313_152219.data
230.0 370.0 17 23.073725 mpd_20250313_152244.data
210.0 370.0 17 23.178749999999997 mpd_20250313_152309.data
190.0 370.0 17 23.178749999999997 mpd_20250313_152334.data
170.0 370.0 17 23.178749999999997 mpd_20250313_152359.data
150.0 370.0 17 23.283325 mpd_20250313_152424.data
130.0 370.0 17 23.073725 mpd_20250313_152449.data
110.0 370.0 17 23.178749999999997 mpd_20250313_152514.data
90.0 370.0 17 23.178749999999997 mpd_20250313_152539.data
70.0 370.0 17 23.073725 mpd_20250313_152604.data
50.0 370.0 17 23.178749999999997 mpd_20250313_152629.data
30.0 370.0 17 23.178749999999997 mpd_20250313_152654.data
10.0 370.0 17 23.178749999999997 mpd_20250313_152719.data
10.0 390.0 17 23.178749999999997 mpd_20250313_152744.data
30.0 390.0 17 23.283325 mpd_20250313_152809.data
50.0 390.0 17 23.178749999999997 mpd_20250313_152834.data
70.0 390.0 17 23.178749999999997 mpd_20250313_152859.data
90.0 390.0 17 23.178749999999997 mpd_20250313_152924.data
110.0 390.0 17 23.283325 mpd_20250313_152949.data
130.0 390.0 17 23.073725 mpd_20250313_153014.data
150.0 390.0 17 23.178749999999997 mpd_20250313_153039.data
170.0 390.0 17 23.178749999999997 mpd_20250313_153104.data
190.0 390.0 17 23.178749999999997 mpd_20250313_153129.data
210.0 390.0 17 23.178749999999997 mpd_20250313_153154.data
230.0 390.0 17 23.178749999999997 mpd_20250313_153219.data
250.0 390.0 17 23.073725 mpd_20250313_153244.data
270.0 390.0 17 23.178749999999997 mpd_20250313_153309.data
290.0 390.0 17 23.073725 mpd_20250313_153334.data
290.0 410.0 17 23.178749999999997 mpd_20250313_153359.data
270.0 410.0 17 23.178749999999997 mpd_20250313_153425.data
250.0 410.0 17 23.178749999999997 mpd_20250313_153450.data
230.0 410.0 17 23.073725 mpd_20250313_153515.data
210.0 410.0 17 23.073725 mpd_20250313_153540.data
190.0 410.0 17 23.073725 mpd_20250313_153605.data
170.0 410.0 17 23.283325 mpd_20250313_153630.data
150.0 410.0 17 23.178749999999997 mpd_20250313_153655.data
130.0 410.0 17 23.178749999999997 mpd_20250313_153720.data
110.0 410.0 17 23.073725 mpd_20250313_153745.data
90.0 410.0 17 23.178749999999997 mpd_20250313_153810.data
70.0 410.0 17 23.178749999999997 mpd_20250313_153835.data
50.0 410.0 17 23.178749999999997 mpd_20250313_153900.data
30.0 410.0 17 23.178749999999997 mpd_20250313_153925.data
10.0 410.0 17 23.073725 mpd_20250313_153950.data
10.0 430.0 17 23.178749999999997 mpd_20250313_154015.data
30.0 430.0 17 23.178749999999997 mpd_20250313_154040.data
50.0 430.0 17 23.178749999999997 mpd_20250313_154105.data
70.0 430.0 17 23.073725 mpd_20250313_154130.data
90.0 430.0 17 23.178749999999997 mpd_20250313_154155.data
110.0 430.0 17 23.178749999999997 mpd_20250313_154220.data
130.0 430.0 17 23.178749999999997 mpd_20250313_154245.data
150.0 430.0 17 23.178749999999997 mpd_20250313_154310.data
170.0 430.0 17 23.073725 mpd_20250313_154335.data
190.0 430.0 17 23.073725 mpd_20250313_154400.data
210.0 430.0 17 23.178749999999997 mpd_20250313_154425.data
230.0 430.0 17 23.178749999999997 mpd_20250313_154450.data
250.0 430.0 17 23.178749999999997 mpd_20250313_154515.data
270.0 430.0 17 23.283325 mpd_20250313_154540.data
290.0 430.0 17 23.178749999999997 mpd_20250313_154605.data
290.0 450.0 17 23.178749999999997 mpd_20250313_154630.data
270.0 450.0 17 23.073725 mpd_20250313_154655.data
250.0 450.0 17 23.178749999999997 mpd_20250313_154720.data
230.0 450.0 17 23.178749999999997 mpd_20250313_154745.data
210.0 450.0 17 23.178749999999997 mpd_20250313_154810.data
190.0 450.0 17 23.178749999999997 mpd_20250313_154835.data
170.0 450.0 17 23.178749999999997 mpd_20250313_154900.data
150.0 450.0 17 23.178749999999997 mpd_20250313_154925.data
130.0 450.0 17 23.178749999999997 mpd_20250313_154950.data
110.0 450.0 17 23.178749999999997 mpd_20250313_155015.data
90.0 450.0 17 23.178749999999997 mpd_20250313_155040.data
70.0 450.0 17 23.178749999999997 mpd_20250313_155105.data
50.0 450.0 17 23.178749999999997 mpd_20250313_155130.data
30.0 450.0 17 23.178749999999997 mpd_20250313_155155.data
10.0 450.0 17 23.073725 mpd_20250313_155220.data
10.0 470.0 17 23.178749999999997 mpd_20250313_155245.data
30.0 470.0 17 23.178749999999997 mpd_20250313_155310.data
50.0 470.0 17 23.178749999999997 mpd_20250313_155335.data
70.0 470.0 17 23.178749999999997 mpd_20250313_155400.data
90.0 470.0 17 23.178749999999997 mpd_20250313_155425.data
110.0 470.0 17 23.073725 mpd_20250313_155451.data
130.0 470.0 17 23.178749999999997 mpd_20250313_155516.data
150.0 470.0 17 23.178749999999997 mpd_20250313_155541.data
170.0 470.0 17 23.178749999999997 mpd_20250313_155606.data
190.0 470.0 17 23.073725 mpd_20250313_155631.data
210.0 470.0 17 23.178749999999997 mpd_20250313_155656.data
230.0 470.0 17 23.178749999999997 mpd_20250313_155721.data
250.0 470.0 17 23.178749999999997 mpd_20250313_155746.data
270.0 470.0 17 23.178749999999997 mpd_20250313_155811.data
290.0 470.0 17 23.178749999999997 mpd_20250313_155836.data
