-1 -1 -1 24.1106052631579 0cd9414a_20240919_143801.data
10.0 10.0 17 24.216789473684212 0cd9414a_20240919_143841.data
30.0 10.0 17 24.216789473684212 0cd9414a_20240919_143905.data
50.0 10.0 17 24.1106052631579 0cd9414a_20240919_143929.data
70.0 10.0 17 24.216789473684212 0cd9414a_20240919_143953.data
90.0 10.0 17 24.427921052631582 0cd9414a_20240919_144017.data
110.0 10.0 17 24.427921052631582 0cd9414a_20240919_144041.data
130.0 10.0 17 24.216789473684212 0cd9414a_20240919_144105.data
150.0 10.0 17 24.216789473684212 0cd9414a_20240919_144129.data
170.0 10.0 17 24.216789473684212 0cd9414a_20240919_144153.data
190.0 10.0 17 24.216789473684212 0cd9414a_20240919_144217.data
210.0 10.0 17 24.427921052631582 0cd9414a_20240919_144241.data
230.0 10.0 17 24.427921052631582 0cd9414a_20240919_144305.data
250.0 10.0 17 24.322552631578947 0cd9414a_20240919_144329.data
270.0 10.0 17 24.216789473684212 0cd9414a_20240919_144353.data
290.0 10.0 17 24.003973684210532 0cd9414a_20240919_144417.data
290.0 30.0 17 24.427921052631582 0cd9414a_20240919_144441.data
270.0 30.0 17 24.216789473684212 0cd9414a_20240919_144505.data
250.0 30.0 17 24.322552631578947 0cd9414a_20240919_144529.data
230.0 30.0 17 24.322552631578947 0cd9414a_20240919_144553.data
210.0 30.0 17 24.1106052631579 0cd9414a_20240919_144617.data
190.0 30.0 17 24.216789473684212 0cd9414a_20240919_144641.data
170.0 30.0 17 24.322552631578947 0cd9414a_20240919_144705.data
150.0 30.0 17 24.427921052631582 0cd9414a_20240919_144729.data
130.0 30.0 17 24.427921052631582 0cd9414a_20240919_144753.data
110.0 30.0 17 24.1106052631579 0cd9414a_20240919_144817.data
90.0 30.0 17 24.427921052631582 0cd9414a_20240919_144841.data
70.0 30.0 17 24.216789473684212 0cd9414a_20240919_144905.data
50.0 30.0 17 24.1106052631579 0cd9414a_20240919_144929.data
30.0 30.0 17 24.322552631578947 0cd9414a_20240919_144953.data
10.0 30.0 17 24.427921052631582 0cd9414a_20240919_145017.data
10.0 50.0 17 24.1106052631579 0cd9414a_20240919_145041.data
30.0 50.0 17 24.322552631578947 0cd9414a_20240919_145105.data
50.0 50.0 17 24.322552631578947 0cd9414a_20240919_145129.data
70.0 50.0 17 24.427921052631582 0cd9414a_20240919_145153.data
90.0 50.0 17 24.1106052631579 0cd9414a_20240919_145217.data
110.0 50.0 17 24.322552631578947 0cd9414a_20240919_145241.data
130.0 50.0 17 24.322552631578947 0cd9414a_20240919_145305.data
150.0 50.0 17 24.216789473684212 0cd9414a_20240919_145329.data
170.0 50.0 17 24.322552631578947 0cd9414a_20240919_145353.data
190.0 50.0 17 24.322552631578947 0cd9414a_20240919_145417.data
210.0 50.0 17 24.427921052631582 0cd9414a_20240919_145441.data
230.0 50.0 17 24.216789473684212 0cd9414a_20240919_145505.data
250.0 50.0 17 24.322552631578947 0cd9414a_20240919_145529.data
270.0 50.0 17 24.427921052631582 0cd9414a_20240919_145553.data
290.0 50.0 17 24.322552631578947 0cd9414a_20240919_145617.data
290.0 70.0 17 24.1106052631579 0cd9414a_20240919_145641.data
270.0 70.0 17 24.216789473684212 0cd9414a_20240919_145705.data
250.0 70.0 17 24.1106052631579 0cd9414a_20240919_145729.data
230.0 70.0 17 24.427921052631582 0cd9414a_20240919_145753.data
210.0 70.0 17 24.322552631578947 0cd9414a_20240919_145817.data
190.0 70.0 17 24.216789473684212 0cd9414a_20240919_145841.data
170.0 70.0 17 24.216789473684212 0cd9414a_20240919_145905.data
150.0 70.0 17 24.322552631578947 0cd9414a_20240919_145929.data
130.0 70.0 17 24.322552631578947 0cd9414a_20240919_145953.data
110.0 70.0 17 24.322552631578947 0cd9414a_20240919_150017.data
90.0 70.0 17 24.322552631578947 0cd9414a_20240919_150041.data
70.0 70.0 17 24.322552631578947 0cd9414a_20240919_150105.data
50.0 70.0 17 24.1106052631579 0cd9414a_20240919_150129.data
30.0 70.0 17 24.1106052631579 0cd9414a_20240919_150153.data
10.0 70.0 17 24.216789473684212 0cd9414a_20240919_150217.data
10.0 90.0 17 24.322552631578947 0cd9414a_20240919_150241.data
30.0 90.0 17 24.322552631578947 0cd9414a_20240919_150305.data
50.0 90.0 17 24.322552631578947 0cd9414a_20240919_150329.data
70.0 90.0 17 24.216789473684212 0cd9414a_20240919_150353.data
90.0 90.0 17 24.1106052631579 0cd9414a_20240919_150417.data
110.0 90.0 17 24.322552631578947 0cd9414a_20240919_150441.data
130.0 90.0 17 24.322552631578947 0cd9414a_20240919_150505.data
150.0 90.0 17 24.216789473684212 0cd9414a_20240919_150529.data
170.0 90.0 17 24.322552631578947 0cd9414a_20240919_150553.data
190.0 90.0 17 24.322552631578947 0cd9414a_20240919_150618.data
210.0 90.0 17 24.322552631578947 0cd9414a_20240919_150642.data
230.0 90.0 17 24.003973684210532 0cd9414a_20240919_150706.data
250.0 90.0 17 24.1106052631579 0cd9414a_20240919_150730.data
270.0 90.0 17 24.322552631578947 0cd9414a_20240919_150754.data
290.0 90.0 17 24.322552631578947 0cd9414a_20240919_150818.data
290.0 110.0 17 24.322552631578947 0cd9414a_20240919_150842.data
270.0 110.0 17 24.216789473684212 0cd9414a_20240919_150906.data
250.0 110.0 17 24.322552631578947 0cd9414a_20240919_150930.data
230.0 110.0 17 24.427921052631582 0cd9414a_20240919_150954.data
210.0 110.0 17 24.322552631578947 0cd9414a_20240919_151018.data
190.0 110.0 17 24.427921052631582 0cd9414a_20240919_151042.data
170.0 110.0 17 24.427921052631582 0cd9414a_20240919_151106.data
150.0 110.0 17 24.322552631578947 0cd9414a_20240919_151130.data
130.0 110.0 17 24.322552631578947 0cd9414a_20240919_151154.data
110.0 110.0 17 24.322552631578947 0cd9414a_20240919_151218.data
90.0 110.0 17 24.322552631578947 0cd9414a_20240919_151242.data
70.0 110.0 17 24.322552631578947 0cd9414a_20240919_151306.data
50.0 110.0 17 24.427921052631582 0cd9414a_20240919_151330.data
30.0 110.0 17 24.322552631578947 0cd9414a_20240919_151354.data
10.0 110.0 17 24.322552631578947 0cd9414a_20240919_151418.data
10.0 130.0 17 24.322552631578947 0cd9414a_20240919_151442.data
30.0 130.0 17 24.216789473684212 0cd9414a_20240919_151506.data
50.0 130.0 17 24.322552631578947 0cd9414a_20240919_151530.data
70.0 130.0 17 24.322552631578947 0cd9414a_20240919_151554.data
90.0 130.0 17 24.322552631578947 0cd9414a_20240919_151618.data
110.0 130.0 17 24.322552631578947 0cd9414a_20240919_151642.data
130.0 130.0 17 24.322552631578947 0cd9414a_20240919_151706.data
150.0 130.0 17 24.322552631578947 0cd9414a_20240919_151730.data
170.0 130.0 17 24.322552631578947 0cd9414a_20240919_151754.data
190.0 130.0 17 24.1106052631579 0cd9414a_20240919_151818.data
210.0 130.0 17 24.322552631578947 0cd9414a_20240919_151842.data
230.0 130.0 17 24.322552631578947 0cd9414a_20240919_151906.data
250.0 130.0 17 24.322552631578947 0cd9414a_20240919_151930.data
270.0 130.0 17 24.322552631578947 0cd9414a_20240919_151954.data
290.0 130.0 17 24.427921052631582 0cd9414a_20240919_152018.data
290.0 150.0 17 24.003973684210532 0cd9414a_20240919_152042.data
270.0 150.0 17 24.1106052631579 0cd9414a_20240919_152106.data
250.0 150.0 17 24.322552631578947 0cd9414a_20240919_152130.data
230.0 150.0 17 24.216789473684212 0cd9414a_20240919_152154.data
210.0 150.0 17 24.216789473684212 0cd9414a_20240919_152218.data
190.0 150.0 17 24.322552631578947 0cd9414a_20240919_152242.data
170.0 150.0 17 24.1106052631579 0cd9414a_20240919_152306.data
150.0 150.0 17 24.1106052631579 0cd9414a_20240919_152330.data
130.0 150.0 17 24.003973684210532 0cd9414a_20240919_152354.data
110.0 150.0 17 24.003973684210532 0cd9414a_20240919_152418.data
90.0 150.0 17 24.216789473684212 0cd9414a_20240919_152442.data
70.0 150.0 17 24.1106052631579 0cd9414a_20240919_152506.data
50.0 150.0 17 24.003973684210532 0cd9414a_20240919_152530.data
30.0 150.0 17 24.1106052631579 0cd9414a_20240919_152554.data
10.0 150.0 17 24.003973684210532 0cd9414a_20240919_152618.data
10.0 170.0 17 24.216789473684212 0cd9414a_20240919_152642.data
30.0 170.0 17 24.322552631578947 0cd9414a_20240919_152706.data
50.0 170.0 17 24.322552631578947 0cd9414a_20240919_152730.data
70.0 170.0 17 24.322552631578947 0cd9414a_20240919_152754.data
90.0 170.0 17 24.322552631578947 0cd9414a_20240919_152818.data
110.0 170.0 17 24.322552631578947 0cd9414a_20240919_152842.data
130.0 170.0 17 24.322552631578947 0cd9414a_20240919_152906.data
150.0 170.0 17 24.322552631578947 0cd9414a_20240919_152930.data
170.0 170.0 17 24.427921052631582 0cd9414a_20240919_152954.data
190.0 170.0 17 24.322552631578947 0cd9414a_20240919_153018.data
210.0 170.0 17 24.322552631578947 0cd9414a_20240919_153042.data
230.0 170.0 17 24.216789473684212 0cd9414a_20240919_153106.data
250.0 170.0 17 24.003973684210532 0cd9414a_20240919_153130.data
270.0 170.0 17 24.322552631578947 0cd9414a_20240919_153154.data
290.0 170.0 17 24.322552631578947 0cd9414a_20240919_153218.data
290.0 190.0 17 24.1106052631579 0cd9414a_20240919_153242.data
270.0 190.0 17 24.322552631578947 0cd9414a_20240919_153306.data
250.0 190.0 17 24.322552631578947 0cd9414a_20240919_153330.data
230.0 190.0 17 24.322552631578947 0cd9414a_20240919_153354.data
210.0 190.0 17 24.322552631578947 0cd9414a_20240919_153418.data
190.0 190.0 17 24.322552631578947 0cd9414a_20240919_153442.data
170.0 190.0 17 24.322552631578947 0cd9414a_20240919_153506.data
150.0 190.0 17 24.322552631578947 0cd9414a_20240919_153530.data
130.0 190.0 17 24.216789473684212 0cd9414a_20240919_153554.data
110.0 190.0 17 24.216789473684212 0cd9414a_20240919_153618.data
90.0 190.0 17 24.216789473684212 0cd9414a_20240919_153642.data
70.0 190.0 17 24.216789473684212 0cd9414a_20240919_153707.data
50.0 190.0 17 24.322552631578947 0cd9414a_20240919_153731.data
30.0 190.0 17 24.322552631578947 0cd9414a_20240919_153755.data
10.0 190.0 17 24.322552631578947 0cd9414a_20240919_153819.data
10.0 210.0 17 24.216789473684212 0cd9414a_20240919_153843.data
30.0 210.0 17 24.216789473684212 0cd9414a_20240919_153907.data
50.0 210.0 17 24.322552631578947 0cd9414a_20240919_153931.data
70.0 210.0 17 24.322552631578947 0cd9414a_20240919_153955.data
90.0 210.0 17 24.003973684210532 0cd9414a_20240919_154019.data
110.0 210.0 17 24.322552631578947 0cd9414a_20240919_154043.data
130.0 210.0 17 24.322552631578947 0cd9414a_20240919_154107.data
150.0 210.0 17 24.1106052631579 0cd9414a_20240919_154131.data
170.0 210.0 17 24.322552631578947 0cd9414a_20240919_154155.data
190.0 210.0 17 24.216789473684212 0cd9414a_20240919_154219.data
210.0 210.0 17 24.322552631578947 0cd9414a_20240919_154243.data
230.0 210.0 17 24.322552631578947 0cd9414a_20240919_154307.data
250.0 210.0 17 24.322552631578947 0cd9414a_20240919_154331.data
270.0 210.0 17 24.322552631578947 0cd9414a_20240919_154355.data
290.0 210.0 17 24.322552631578947 0cd9414a_20240919_154419.data
290.0 230.0 17 24.003973684210532 0cd9414a_20240919_154443.data
270.0 230.0 17 24.322552631578947 0cd9414a_20240919_154507.data
250.0 230.0 17 24.216789473684212 0cd9414a_20240919_154531.data
230.0 230.0 17 24.003973684210532 0cd9414a_20240919_154555.data
210.0 230.0 17 24.322552631578947 0cd9414a_20240919_154619.data
190.0 230.0 17 24.003973684210532 0cd9414a_20240919_154643.data
170.0 230.0 17 24.322552631578947 0cd9414a_20240919_154707.data
150.0 230.0 17 24.1106052631579 0cd9414a_20240919_154731.data
130.0 230.0 17 24.216789473684212 0cd9414a_20240919_154755.data
110.0 230.0 17 24.216789473684212 0cd9414a_20240919_154819.data
90.0 230.0 17 24.322552631578947 0cd9414a_20240919_154843.data
70.0 230.0 17 24.1106052631579 0cd9414a_20240919_154907.data
50.0 230.0 17 24.322552631578947 0cd9414a_20240919_154931.data
30.0 230.0 17 24.322552631578947 0cd9414a_20240919_154955.data
10.0 230.0 17 24.427921052631582 0cd9414a_20240919_155019.data
10.0 250.0 17 24.322552631578947 0cd9414a_20240919_155043.data
30.0 250.0 17 24.003973684210532 0cd9414a_20240919_155107.data
50.0 250.0 17 24.003973684210532 0cd9414a_20240919_155131.data
70.0 250.0 17 24.322552631578947 0cd9414a_20240919_155155.data
90.0 250.0 17 24.322552631578947 0cd9414a_20240919_155219.data
110.0 250.0 17 24.1106052631579 0cd9414a_20240919_155243.data
130.0 250.0 17 24.003973684210532 0cd9414a_20240919_155307.data
150.0 250.0 17 24.1106052631579 0cd9414a_20240919_155331.data
170.0 250.0 17 24.003973684210532 0cd9414a_20240919_155355.data
190.0 250.0 17 24.1106052631579 0cd9414a_20240919_155419.data
210.0 250.0 17 24.003973684210532 0cd9414a_20240919_155443.data
230.0 250.0 17 23.902100000000004 0cd9414a_20240919_155507.data
250.0 250.0 17 24.003973684210532 0cd9414a_20240919_155531.data
270.0 250.0 17 24.003973684210532 0cd9414a_20240919_155555.data
290.0 250.0 17 24.003973684210532 0cd9414a_20240919_155619.data
290.0 270.0 17 24.1106052631579 0cd9414a_20240919_155643.data
270.0 270.0 17 24.1106052631579 0cd9414a_20240919_155707.data
250.0 270.0 17 24.1106052631579 0cd9414a_20240919_155731.data
230.0 270.0 17 24.003973684210532 0cd9414a_20240919_155755.data
210.0 270.0 17 24.003973684210532 0cd9414a_20240919_155819.data
190.0 270.0 17 24.1106052631579 0cd9414a_20240919_155843.data
170.0 270.0 17 23.902100000000004 0cd9414a_20240919_155907.data
150.0 270.0 17 24.003973684210532 0cd9414a_20240919_155931.data
130.0 270.0 17 24.003973684210532 0cd9414a_20240919_155955.data
110.0 270.0 17 24.003973684210532 0cd9414a_20240919_160019.data
90.0 270.0 17 24.003973684210532 0cd9414a_20240919_160043.data
70.0 270.0 17 -1 0cd9414a_20240919_160107.data
50.0 270.0 17 24.1106052631579 0cd9414a_20240919_160131.data
30.0 270.0 17 24.003973684210532 0cd9414a_20240919_160155.data
10.0 270.0 17 -1 0cd9414a_20240919_160219.data
10.0 290.0 17 24.003973684210532 0cd9414a_20240919_160243.data
30.0 290.0 17 24.003973684210532 0cd9414a_20240919_160307.data
50.0 290.0 17 -1 0cd9414a_20240919_160331.data
70.0 290.0 17 24.1106052631579 0cd9414a_20240919_160355.data
90.0 290.0 17 24.1106052631579 0cd9414a_20240919_160419.data
110.0 290.0 17 -1 0cd9414a_20240919_160443.data
130.0 290.0 17 24.003973684210532 0cd9414a_20240919_160507.data
150.0 290.0 17 24.1106052631579 0cd9414a_20240919_160531.data
170.0 290.0 17 -1 0cd9414a_20240919_160556.data
190.0 290.0 17 24.1106052631579 0cd9414a_20240919_160619.data
210.0 290.0 17 24.1106052631579 0cd9414a_20240919_160644.data
230.0 290.0 17 24.216789473684212 0cd9414a_20240919_160708.data
250.0 290.0 17 24.1106052631579 0cd9414a_20240919_160732.data
270.0 290.0 17 24.1106052631579 0cd9414a_20240919_160756.data
290.0 290.0 17 24.003973684210532 0cd9414a_20240919_160820.data
290.0 310.0 17 24.1106052631579 0cd9414a_20240919_160844.data
270.0 310.0 17 24.1106052631579 0cd9414a_20240919_160908.data
250.0 310.0 17 24.1106052631579 0cd9414a_20240919_160932.data
230.0 310.0 17 24.1106052631579 0cd9414a_20240919_160956.data
210.0 310.0 17 24.003973684210532 0cd9414a_20240919_161020.data
190.0 310.0 17 24.1106052631579 0cd9414a_20240919_161044.data
170.0 310.0 17 24.1106052631579 0cd9414a_20240919_161108.data
150.0 310.0 17 24.1106052631579 0cd9414a_20240919_161132.data
130.0 310.0 17 24.1106052631579 0cd9414a_20240919_161156.data
110.0 310.0 17 24.1106052631579 0cd9414a_20240919_161220.data
90.0 310.0 17 24.1106052631579 0cd9414a_20240919_161244.data
70.0 310.0 17 24.003973684210532 0cd9414a_20240919_161308.data
50.0 310.0 17 24.1106052631579 0cd9414a_20240919_161332.data
30.0 310.0 17 24.1106052631579 0cd9414a_20240919_161356.data
10.0 310.0 17 24.1106052631579 0cd9414a_20240919_161420.data
10.0 330.0 17 24.1106052631579 0cd9414a_20240919_161444.data
30.0 330.0 17 24.1106052631579 0cd9414a_20240919_161508.data
50.0 330.0 17 24.1106052631579 0cd9414a_20240919_161532.data
70.0 330.0 17 24.1106052631579 0cd9414a_20240919_161556.data
90.0 330.0 17 24.1106052631579 0cd9414a_20240919_161620.data
110.0 330.0 17 24.1106052631579 0cd9414a_20240919_161644.data
130.0 330.0 17 24.1106052631579 0cd9414a_20240919_161708.data
150.0 330.0 17 24.1106052631579 0cd9414a_20240919_161732.data
170.0 330.0 17 24.1106052631579 0cd9414a_20240919_161756.data
190.0 330.0 17 24.1106052631579 0cd9414a_20240919_161820.data
210.0 330.0 17 24.1106052631579 0cd9414a_20240919_161844.data
230.0 330.0 17 24.1106052631579 0cd9414a_20240919_161908.data
250.0 330.0 17 24.1106052631579 0cd9414a_20240919_161932.data
270.0 330.0 17 24.1106052631579 0cd9414a_20240919_161956.data
290.0 330.0 17 24.1106052631579 0cd9414a_20240919_162020.data
10.0 350.0 17 24.003973684210532 0cd9414a_20240919_163821.data
30.0 350.0 17 24.003973684210532 0cd9414a_20240919_163845.data
50.0 350.0 17 24.1106052631579 0cd9414a_20240919_163909.data
70.0 350.0 17 24.1106052631579 0cd9414a_20240919_163933.data
90.0 350.0 17 24.1106052631579 0cd9414a_20240919_163957.data
110.0 350.0 17 24.003973684210532 0cd9414a_20240919_164021.data
130.0 350.0 17 24.1106052631579 0cd9414a_20240919_164045.data
150.0 350.0 17 24.1106052631579 0cd9414a_20240919_164109.data
170.0 350.0 17 24.1106052631579 0cd9414a_20240919_164133.data
190.0 350.0 17 24.1106052631579 0cd9414a_20240919_164157.data
210.0 350.0 17 24.1106052631579 0cd9414a_20240919_164221.data
230.0 350.0 17 24.1106052631579 0cd9414a_20240919_164245.data
250.0 350.0 17 24.1106052631579 0cd9414a_20240919_164309.data
270.0 350.0 17 24.003973684210532 0cd9414a_20240919_164333.data
290.0 350.0 17 24.1106052631579 0cd9414a_20240919_164357.data
290.0 370.0 17 24.1106052631579 0cd9414a_20240919_164421.data
270.0 370.0 17 24.003973684210532 0cd9414a_20240919_164445.data
250.0 370.0 17 24.003973684210532 0cd9414a_20240919_164509.data
230.0 370.0 17 24.1106052631579 0cd9414a_20240919_164533.data
210.0 370.0 17 24.1106052631579 0cd9414a_20240919_164557.data
190.0 370.0 17 24.1106052631579 0cd9414a_20240919_164621.data
170.0 370.0 17 24.1106052631579 0cd9414a_20240919_164645.data
150.0 370.0 17 24.1106052631579 0cd9414a_20240919_164709.data
130.0 370.0 17 24.1106052631579 0cd9414a_20240919_164733.data
110.0 370.0 17 24.322552631578947 0cd9414a_20240919_164757.data
90.0 370.0 17 24.1106052631579 0cd9414a_20240919_164821.data
70.0 370.0 17 24.1106052631579 0cd9414a_20240919_164845.data
50.0 370.0 17 24.1106052631579 0cd9414a_20240919_164909.data
30.0 370.0 17 24.1106052631579 0cd9414a_20240919_164933.data
10.0 370.0 17 24.1106052631579 0cd9414a_20240919_164957.data
10.0 390.0 17 24.1106052631579 0cd9414a_20240919_165021.data
30.0 390.0 17 24.1106052631579 0cd9414a_20240919_165045.data
50.0 390.0 17 24.1106052631579 0cd9414a_20240919_165109.data
70.0 390.0 17 24.216789473684212 0cd9414a_20240919_165133.data
90.0 390.0 17 24.003973684210532 0cd9414a_20240919_165157.data
110.0 390.0 17 24.003973684210532 0cd9414a_20240919_165221.data
130.0 390.0 17 24.322552631578947 0cd9414a_20240919_165245.data
150.0 390.0 17 24.003973684210532 0cd9414a_20240919_165309.data
170.0 390.0 17 24.003973684210532 0cd9414a_20240919_165334.data
190.0 390.0 17 23.902100000000004 0cd9414a_20240919_165358.data
210.0 390.0 17 24.322552631578947 0cd9414a_20240919_165422.data
230.0 390.0 17 24.1106052631579 0cd9414a_20240919_165446.data
250.0 390.0 17 24.1106052631579 0cd9414a_20240919_165510.data
270.0 390.0 17 24.1106052631579 0cd9414a_20240919_165534.data
290.0 390.0 17 24.1106052631579 0cd9414a_20240919_165558.data
290.0 410.0 17 24.003973684210532 0cd9414a_20240919_165622.data
270.0 410.0 17 24.1106052631579 0cd9414a_20240919_165646.data
250.0 410.0 17 24.1106052631579 0cd9414a_20240919_165710.data
230.0 410.0 17 24.1106052631579 0cd9414a_20240919_165734.data
210.0 410.0 17 24.1106052631579 0cd9414a_20240919_165758.data
190.0 410.0 17 24.1106052631579 0cd9414a_20240919_165822.data
170.0 410.0 17 24.1106052631579 0cd9414a_20240919_165846.data
150.0 410.0 17 24.1106052631579 0cd9414a_20240919_165910.data
130.0 410.0 17 24.003973684210532 0cd9414a_20240919_165934.data
110.0 410.0 17 24.1106052631579 0cd9414a_20240919_165958.data
90.0 410.0 17 24.1106052631579 0cd9414a_20240919_170022.data
70.0 410.0 17 24.1106052631579 0cd9414a_20240919_170046.data
50.0 410.0 17 24.1106052631579 0cd9414a_20240919_170110.data
30.0 410.0 17 24.1106052631579 0cd9414a_20240919_170134.data
10.0 410.0 17 24.1106052631579 0cd9414a_20240919_170158.data
10.0 430.0 17 24.1106052631579 0cd9414a_20240919_170222.data
30.0 430.0 17 24.1106052631579 0cd9414a_20240919_170246.data
50.0 430.0 17 24.003973684210532 0cd9414a_20240919_170310.data
70.0 430.0 17 24.1106052631579 0cd9414a_20240919_170334.data
90.0 430.0 17 24.1106052631579 0cd9414a_20240919_170358.data
110.0 430.0 17 23.902100000000004 0cd9414a_20240919_170422.data
130.0 430.0 17 24.003973684210532 0cd9414a_20240919_170446.data
150.0 430.0 17 24.216789473684212 0cd9414a_20240919_170510.data
170.0 430.0 17 24.1106052631579 0cd9414a_20240919_170534.data
190.0 430.0 17 24.1106052631579 0cd9414a_20240919_170558.data
210.0 430.0 17 24.1106052631579 0cd9414a_20240919_170622.data
230.0 430.0 17 24.1106052631579 0cd9414a_20240919_170646.data
250.0 430.0 17 24.1106052631579 0cd9414a_20240919_170710.data
270.0 430.0 17 24.1106052631579 0cd9414a_20240919_170734.data
290.0 430.0 17 24.1106052631579 0cd9414a_20240919_170758.data
290.0 450.0 17 24.1106052631579 0cd9414a_20240919_170822.data
270.0 450.0 17 24.1106052631579 0cd9414a_20240919_170846.data
250.0 450.0 17 24.1106052631579 0cd9414a_20240919_170910.data
230.0 450.0 17 24.1106052631579 0cd9414a_20240919_170934.data
210.0 450.0 17 24.1106052631579 0cd9414a_20240919_170958.data
190.0 450.0 17 24.216789473684212 0cd9414a_20240919_171022.data
170.0 450.0 17 24.1106052631579 0cd9414a_20240919_171046.data
150.0 450.0 17 24.1106052631579 0cd9414a_20240919_171110.data
130.0 450.0 17 24.1106052631579 0cd9414a_20240919_171134.data
110.0 450.0 17 24.1106052631579 0cd9414a_20240919_171158.data
90.0 450.0 17 24.1106052631579 0cd9414a_20240919_171222.data
70.0 450.0 17 24.1106052631579 0cd9414a_20240919_171246.data
50.0 450.0 17 24.1106052631579 0cd9414a_20240919_171310.data
30.0 450.0 17 24.1106052631579 0cd9414a_20240919_171334.data
10.0 450.0 17 24.1106052631579 0cd9414a_20240919_171358.data
10.0 470.0 17 24.1106052631579 0cd9414a_20240919_171422.data
30.0 470.0 17 24.1106052631579 0cd9414a_20240919_171446.data
50.0 470.0 17 24.1106052631579 0cd9414a_20240919_171510.data
70.0 470.0 17 24.1106052631579 0cd9414a_20240919_171534.data
90.0 470.0 17 24.1106052631579 0cd9414a_20240919_171558.data
110.0 470.0 17 24.1106052631579 0cd9414a_20240919_171622.data
130.0 470.0 17 24.003973684210532 0cd9414a_20240919_171646.data
150.0 470.0 17 24.1106052631579 0cd9414a_20240919_171710.data
170.0 470.0 17 24.1106052631579 0cd9414a_20240919_171734.data
190.0 470.0 17 24.1106052631579 0cd9414a_20240919_171758.data
210.0 470.0 17 24.1106052631579 0cd9414a_20240919_171822.data
230.0 470.0 17 24.1106052631579 0cd9414a_20240919_171846.data
250.0 470.0 17 24.1106052631579 0cd9414a_20240919_171910.data
270.0 470.0 17 24.1106052631579 0cd9414a_20240919_171934.data
290.0 470.0 17 24.1106052631579 0cd9414a_20240919_171958.data
