-1 -1 -1 27.928651982378856 0cd9414a_20240812_102224.data
10.0 10.0 17 28.037845814977977 0cd9414a_20240812_102303.data
30.0 10.0 17 28.037845814977977 0cd9414a_20240812_102327.data
50.0 10.0 17 28.037845814977977 0cd9414a_20240812_102351.data
70.0 10.0 17 28.037845814977977 0cd9414a_20240812_102415.data
90.0 10.0 17 28.037845814977977 0cd9414a_20240812_102439.data
110.0 10.0 17 28.037845814977977 0cd9414a_20240812_102503.data
130.0 10.0 17 28.037845814977977 0cd9414a_20240812_102527.data
150.0 10.0 17 28.037845814977977 0cd9414a_20240812_102551.data
170.0 10.0 17 28.037845814977977 0cd9414a_20240812_102615.data
190.0 10.0 17 28.037845814977977 0cd9414a_20240812_102639.data
210.0 10.0 17 28.037845814977977 0cd9414a_20240812_102703.data
230.0 10.0 17 27.928651982378856 0cd9414a_20240812_102727.data
250.0 10.0 17 28.037845814977977 0cd9414a_20240812_102751.data
270.0 10.0 17 28.037845814977977 0cd9414a_20240812_102815.data
290.0 10.0 17 28.037845814977977 0cd9414a_20240812_102839.data
290.0 30.0 17 28.037845814977977 0cd9414a_20240812_102903.data
270.0 30.0 17 28.037845814977977 0cd9414a_20240812_102927.data
250.0 30.0 17 28.037845814977977 0cd9414a_20240812_102951.data
230.0 30.0 17 28.037845814977977 0cd9414a_20240812_103015.data
210.0 30.0 17 28.037845814977977 0cd9414a_20240812_103039.data
190.0 30.0 17 28.037845814977977 0cd9414a_20240812_103103.data
170.0 30.0 17 28.037845814977977 0cd9414a_20240812_103127.data
150.0 30.0 17 28.037845814977977 0cd9414a_20240812_103151.data
130.0 30.0 17 28.037845814977977 0cd9414a_20240812_103215.data
110.0 30.0 17 28.037845814977977 0cd9414a_20240812_103239.data
90.0 30.0 17 28.037845814977977 0cd9414a_20240812_103303.data
70.0 30.0 17 28.037845814977977 0cd9414a_20240812_103327.data
50.0 30.0 17 28.037845814977977 0cd9414a_20240812_103351.data
30.0 30.0 17 28.037845814977977 0cd9414a_20240812_103415.data
10.0 30.0 17 28.037845814977977 0cd9414a_20240812_103439.data
10.0 50.0 17 28.037845814977977 0cd9414a_20240812_103503.data
30.0 50.0 17 28.037845814977977 0cd9414a_20240812_103527.data
50.0 50.0 17 28.037845814977977 0cd9414a_20240812_103551.data
70.0 50.0 17 28.037845814977977 0cd9414a_20240812_103615.data
90.0 50.0 17 28.037845814977977 0cd9414a_20240812_103639.data
110.0 50.0 17 28.037845814977977 0cd9414a_20240812_103703.data
130.0 50.0 17 28.037845814977977 0cd9414a_20240812_103727.data
150.0 50.0 17 28.037845814977977 0cd9414a_20240812_103751.data
170.0 50.0 17 28.037845814977977 0cd9414a_20240812_103815.data
190.0 50.0 17 28.037845814977977 0cd9414a_20240812_103839.data
210.0 50.0 17 28.037845814977977 0cd9414a_20240812_103903.data
230.0 50.0 17 27.928651982378856 0cd9414a_20240812_103927.data
250.0 50.0 17 28.037845814977977 0cd9414a_20240812_103951.data
270.0 50.0 17 28.037845814977977 0cd9414a_20240812_104015.data
290.0 50.0 17 28.037845814977977 0cd9414a_20240812_104039.data
290.0 70.0 17 28.037845814977977 0cd9414a_20240812_104103.data
270.0 70.0 17 28.037845814977977 0cd9414a_20240812_104127.data
250.0 70.0 17 28.037845814977977 0cd9414a_20240812_104151.data
230.0 70.0 17 28.037845814977977 0cd9414a_20240812_104215.data
210.0 70.0 17 28.037845814977977 0cd9414a_20240812_104239.data
190.0 70.0 17 28.037845814977977 0cd9414a_20240812_104303.data
170.0 70.0 17 27.928651982378856 0cd9414a_20240812_104327.data
150.0 70.0 17 27.928651982378856 0cd9414a_20240812_104351.data
130.0 70.0 17 28.037845814977977 0cd9414a_20240812_104415.data
110.0 70.0 17 28.037845814977977 0cd9414a_20240812_104439.data
90.0 70.0 17 28.037845814977977 0cd9414a_20240812_104503.data
70.0 70.0 17 28.037845814977977 0cd9414a_20240812_104527.data
50.0 70.0 17 28.037845814977977 0cd9414a_20240812_104551.data
30.0 70.0 17 28.037845814977977 0cd9414a_20240812_104616.data
10.0 70.0 17 28.037845814977977 0cd9414a_20240812_104640.data
10.0 90.0 17 28.037845814977977 0cd9414a_20240812_104704.data
30.0 90.0 17 27.928651982378856 0cd9414a_20240812_104728.data
50.0 90.0 17 28.037845814977977 0cd9414a_20240812_104752.data
70.0 90.0 17 28.037845814977977 0cd9414a_20240812_104816.data
90.0 90.0 17 28.037845814977977 0cd9414a_20240812_104840.data
110.0 90.0 17 28.037845814977977 0cd9414a_20240812_104904.data
130.0 90.0 17 28.037845814977977 0cd9414a_20240812_104928.data
150.0 90.0 17 28.037845814977977 0cd9414a_20240812_104952.data
170.0 90.0 17 27.928651982378856 0cd9414a_20240812_105016.data
190.0 90.0 17 28.037845814977977 0cd9414a_20240812_105040.data
210.0 90.0 17 28.037845814977977 0cd9414a_20240812_105104.data
230.0 90.0 17 28.037845814977977 0cd9414a_20240812_105128.data
250.0 90.0 17 28.037845814977977 0cd9414a_20240812_105152.data
270.0 90.0 17 28.037845814977977 0cd9414a_20240812_105216.data
290.0 90.0 17 28.037845814977977 0cd9414a_20240812_105240.data
290.0 110.0 17 28.037845814977977 0cd9414a_20240812_105304.data
270.0 110.0 17 28.037845814977977 0cd9414a_20240812_105328.data
250.0 110.0 17 28.037845814977977 0cd9414a_20240812_105352.data
230.0 110.0 17 28.037845814977977 0cd9414a_20240812_105416.data
210.0 110.0 17 28.037845814977977 0cd9414a_20240812_105440.data
190.0 110.0 17 28.037845814977977 0cd9414a_20240812_105504.data
170.0 110.0 17 28.037845814977977 0cd9414a_20240812_105528.data
150.0 110.0 17 28.037845814977977 0cd9414a_20240812_105552.data
130.0 110.0 17 27.928651982378856 0cd9414a_20240812_105616.data
110.0 110.0 17 28.037845814977977 0cd9414a_20240812_105640.data
90.0 110.0 17 28.037845814977977 0cd9414a_20240812_105704.data
70.0 110.0 17 28.037845814977977 0cd9414a_20240812_105728.data
50.0 110.0 17 28.037845814977977 0cd9414a_20240812_105752.data
30.0 110.0 17 28.037845814977977 0cd9414a_20240812_105816.data
10.0 110.0 17 28.037845814977977 0cd9414a_20240812_105840.data
10.0 130.0 17 28.037845814977977 0cd9414a_20240812_105904.data
30.0 130.0 17 27.928651982378856 0cd9414a_20240812_105928.data
50.0 130.0 17 27.928651982378856 0cd9414a_20240812_105952.data
70.0 130.0 17 28.037845814977977 0cd9414a_20240812_110016.data
90.0 130.0 17 28.037845814977977 0cd9414a_20240812_110040.data
110.0 130.0 17 28.037845814977977 0cd9414a_20240812_110104.data
130.0 130.0 17 28.037845814977977 0cd9414a_20240812_110128.data
150.0 130.0 17 28.037845814977977 0cd9414a_20240812_110152.data
170.0 130.0 17 28.037845814977977 0cd9414a_20240812_110216.data
190.0 130.0 17 28.037845814977977 0cd9414a_20240812_110240.data
210.0 130.0 17 28.037845814977977 0cd9414a_20240812_110304.data
230.0 130.0 17 28.037845814977977 0cd9414a_20240812_110328.data
250.0 130.0 17 28.037845814977977 0cd9414a_20240812_110352.data
270.0 130.0 17 28.037845814977977 0cd9414a_20240812_110416.data
290.0 130.0 17 28.14663876651983 0cd9414a_20240812_110440.data
290.0 150.0 17 28.037845814977977 0cd9414a_20240812_110504.data
270.0 150.0 17 27.928651982378856 0cd9414a_20240812_110528.data
250.0 150.0 17 28.037845814977977 0cd9414a_20240812_110552.data
230.0 150.0 17 28.037845814977977 0cd9414a_20240812_110616.data
210.0 150.0 17 28.037845814977977 0cd9414a_20240812_110640.data
190.0 150.0 17 28.037845814977977 0cd9414a_20240812_110704.data
170.0 150.0 17 28.037845814977977 0cd9414a_20240812_110728.data
150.0 150.0 17 28.037845814977977 0cd9414a_20240812_110752.data
130.0 150.0 17 28.037845814977977 0cd9414a_20240812_110816.data
110.0 150.0 17 28.037845814977977 0cd9414a_20240812_110840.data
90.0 150.0 17 28.037845814977977 0cd9414a_20240812_110904.data
70.0 150.0 17 28.037845814977977 0cd9414a_20240812_110928.data
50.0 150.0 17 28.037845814977977 0cd9414a_20240812_110952.data
30.0 150.0 17 28.037845814977977 0cd9414a_20240812_111016.data
10.0 150.0 17 28.037845814977977 0cd9414a_20240812_111040.data
10.0 170.0 17 28.037845814977977 0cd9414a_20240812_111104.data
30.0 170.0 17 28.037845814977977 0cd9414a_20240812_111128.data
50.0 170.0 17 28.037845814977977 0cd9414a_20240812_111152.data
70.0 170.0 17 28.037845814977977 0cd9414a_20240812_111216.data
90.0 170.0 17 28.037845814977977 0cd9414a_20240812_111240.data
110.0 170.0 17 28.037845814977977 0cd9414a_20240812_111304.data
130.0 170.0 17 28.037845814977977 0cd9414a_20240812_111328.data
150.0 170.0 17 28.037845814977977 0cd9414a_20240812_111352.data
170.0 170.0 17 28.037845814977977 0cd9414a_20240812_111416.data
190.0 170.0 17 28.037845814977977 0cd9414a_20240812_111440.data
210.0 170.0 17 28.037845814977977 0cd9414a_20240812_111504.data
230.0 170.0 17 28.037845814977977 0cd9414a_20240812_111528.data
250.0 170.0 17 28.14663876651983 0cd9414a_20240812_111552.data
270.0 170.0 17 28.037845814977977 0cd9414a_20240812_111616.data
290.0 170.0 17 28.037845814977977 0cd9414a_20240812_111640.data
290.0 190.0 17 28.037845814977977 0cd9414a_20240812_111704.data
270.0 190.0 17 28.037845814977977 0cd9414a_20240812_111728.data
250.0 190.0 17 28.14663876651983 0cd9414a_20240812_111752.data
230.0 190.0 17 28.037845814977977 0cd9414a_20240812_111816.data
210.0 190.0 17 28.037845814977977 0cd9414a_20240812_111840.data
190.0 190.0 17 28.037845814977977 0cd9414a_20240812_111904.data
170.0 190.0 17 27.928651982378856 0cd9414a_20240812_111928.data
150.0 190.0 17 28.037845814977977 0cd9414a_20240812_111952.data
130.0 190.0 17 28.14663876651983 0cd9414a_20240812_112016.data
110.0 190.0 17 28.037845814977977 0cd9414a_20240812_112040.data
90.0 190.0 17 28.037845814977977 0cd9414a_20240812_112104.data
70.0 190.0 17 27.928651982378856 0cd9414a_20240812_112128.data
50.0 190.0 17 28.037845814977977 0cd9414a_20240812_112152.data
30.0 190.0 17 28.037845814977977 0cd9414a_20240812_112216.data
10.0 190.0 17 28.037845814977977 0cd9414a_20240812_112240.data
10.0 210.0 17 28.14663876651983 0cd9414a_20240812_112304.data
30.0 210.0 17 27.928651982378856 0cd9414a_20240812_112328.data
50.0 210.0 17 28.037845814977977 0cd9414a_20240812_112352.data
70.0 210.0 17 27.928651982378856 0cd9414a_20240812_112417.data
90.0 210.0 17 28.037845814977977 0cd9414a_20240812_112441.data
110.0 210.0 17 28.037845814977977 0cd9414a_20240812_112505.data
130.0 210.0 17 28.037845814977977 0cd9414a_20240812_112529.data
150.0 210.0 17 28.037845814977977 0cd9414a_20240812_112553.data
170.0 210.0 17 28.037845814977977 0cd9414a_20240812_112617.data
190.0 210.0 17 27.928651982378856 0cd9414a_20240812_112641.data
210.0 210.0 17 28.14663876651983 0cd9414a_20240812_112705.data
230.0 210.0 17 28.037845814977977 0cd9414a_20240812_112729.data
250.0 210.0 17 28.037845814977977 0cd9414a_20240812_112753.data
270.0 210.0 17 28.037845814977977 0cd9414a_20240812_112817.data
290.0 210.0 17 27.928651982378856 0cd9414a_20240812_112841.data
290.0 230.0 17 28.037845814977977 0cd9414a_20240812_112905.data
270.0 230.0 17 27.928651982378856 0cd9414a_20240812_112929.data
250.0 230.0 17 28.037845814977977 0cd9414a_20240812_112953.data
230.0 230.0 17 28.037845814977977 0cd9414a_20240812_113017.data
210.0 230.0 17 28.037845814977977 0cd9414a_20240812_113041.data
190.0 230.0 17 28.037845814977977 0cd9414a_20240812_113105.data
170.0 230.0 17 28.037845814977977 0cd9414a_20240812_113129.data
150.0 230.0 17 27.928651982378856 0cd9414a_20240812_113153.data
130.0 230.0 17 28.037845814977977 0cd9414a_20240812_113217.data
110.0 230.0 17 28.037845814977977 0cd9414a_20240812_113241.data
90.0 230.0 17 28.037845814977977 0cd9414a_20240812_113305.data
70.0 230.0 17 28.037845814977977 0cd9414a_20240812_113329.data
50.0 230.0 17 28.037845814977977 0cd9414a_20240812_113353.data
30.0 230.0 17 27.928651982378856 0cd9414a_20240812_113417.data
10.0 230.0 17 28.037845814977977 0cd9414a_20240812_113441.data
10.0 250.0 17 27.928651982378856 0cd9414a_20240812_113505.data
30.0 250.0 17 28.037845814977977 0cd9414a_20240812_113529.data
50.0 250.0 17 28.037845814977977 0cd9414a_20240812_113553.data
70.0 250.0 17 28.037845814977977 0cd9414a_20240812_113617.data
90.0 250.0 17 28.037845814977977 0cd9414a_20240812_113641.data
110.0 250.0 17 28.037845814977977 0cd9414a_20240812_113705.data
130.0 250.0 17 28.037845814977977 0cd9414a_20240812_113729.data
150.0 250.0 17 28.037845814977977 0cd9414a_20240812_113753.data
170.0 250.0 17 28.037845814977977 0cd9414a_20240812_113817.data
190.0 250.0 17 28.037845814977977 0cd9414a_20240812_113841.data
210.0 250.0 17 27.928651982378856 0cd9414a_20240812_113905.data
230.0 250.0 17 28.037845814977977 0cd9414a_20240812_113929.data
250.0 250.0 17 28.037845814977977 0cd9414a_20240812_113953.data
270.0 250.0 17 27.928651982378856 0cd9414a_20240812_114017.data
290.0 250.0 17 27.928651982378856 0cd9414a_20240812_114041.data
290.0 270.0 17 28.037845814977977 0cd9414a_20240812_114105.data
270.0 270.0 17 28.037845814977977 0cd9414a_20240812_114129.data
250.0 270.0 17 28.037845814977977 0cd9414a_20240812_114153.data
230.0 270.0 17 28.037845814977977 0cd9414a_20240812_114217.data
210.0 270.0 17 27.928651982378856 0cd9414a_20240812_114241.data
190.0 270.0 17 27.928651982378856 0cd9414a_20240812_114305.data
170.0 270.0 17 27.928651982378856 0cd9414a_20240812_114329.data
150.0 270.0 17 28.037845814977977 0cd9414a_20240812_114353.data
130.0 270.0 17 28.037845814977977 0cd9414a_20240812_114417.data
110.0 270.0 17 28.037845814977977 0cd9414a_20240812_114441.data
90.0 270.0 17 28.037845814977977 0cd9414a_20240812_114505.data
70.0 270.0 17 27.928651982378856 0cd9414a_20240812_114529.data
50.0 270.0 17 28.037845814977977 0cd9414a_20240812_114553.data
30.0 270.0 17 28.14663876651983 0cd9414a_20240812_114617.data
10.0 270.0 17 28.037845814977977 0cd9414a_20240812_114641.data
10.0 290.0 17 28.037845814977977 0cd9414a_20240812_114705.data
30.0 290.0 17 28.037845814977977 0cd9414a_20240812_114729.data
50.0 290.0 17 28.14663876651983 0cd9414a_20240812_114753.data
70.0 290.0 17 27.928651982378856 0cd9414a_20240812_114817.data
90.0 290.0 17 27.928651982378856 0cd9414a_20240812_114841.data
110.0 290.0 17 28.037845814977977 0cd9414a_20240812_114905.data
130.0 290.0 17 28.037845814977977 0cd9414a_20240812_114929.data
150.0 290.0 17 28.037845814977977 0cd9414a_20240812_114953.data
170.0 290.0 17 28.037845814977977 0cd9414a_20240812_115017.data
190.0 290.0 17 28.037845814977977 0cd9414a_20240812_115041.data
210.0 290.0 17 28.037845814977977 0cd9414a_20240812_115105.data
230.0 290.0 17 28.037845814977977 0cd9414a_20240812_115129.data
250.0 290.0 17 28.037845814977977 0cd9414a_20240812_115153.data
270.0 290.0 17 28.037845814977977 0cd9414a_20240812_115217.data
290.0 290.0 17 28.037845814977977 0cd9414a_20240812_115241.data
290.0 310.0 17 27.928651982378856 0cd9414a_20240812_115305.data
270.0 310.0 17 28.037845814977977 0cd9414a_20240812_115329.data
250.0 310.0 17 28.037845814977977 0cd9414a_20240812_115353.data
230.0 310.0 17 28.037845814977977 0cd9414a_20240812_115417.data
210.0 310.0 17 28.037845814977977 0cd9414a_20240812_115441.data
190.0 310.0 17 27.928651982378856 0cd9414a_20240812_115505.data
170.0 310.0 17 -1 0cd9414a_20240812_115529.data
150.0 310.0 17 28.037845814977977 0cd9414a_20240812_115553.data
130.0 310.0 17 28.037845814977977 0cd9414a_20240812_115617.data
110.0 310.0 17 -1 0cd9414a_20240812_115641.data
90.0 310.0 17 28.037845814977977 0cd9414a_20240812_115705.data
70.0 310.0 17 28.037845814977977 0cd9414a_20240812_115729.data
50.0 310.0 17 28.037845814977977 0cd9414a_20240812_115753.data
30.0 310.0 17 27.928651982378856 0cd9414a_20240812_115817.data
10.0 310.0 17 27.928651982378856 0cd9414a_20240812_115842.data
10.0 330.0 17 28.037845814977977 0cd9414a_20240812_115906.data
30.0 330.0 17 -1 0cd9414a_20240812_115930.data
50.0 330.0 17 28.037845814977977 0cd9414a_20240812_115954.data
70.0 330.0 17 28.037845814977977 0cd9414a_20240812_120018.data
90.0 330.0 17 28.037845814977977 0cd9414a_20240812_120042.data
110.0 330.0 17 28.040528634361237 0cd9414a_20240812_120106.data
130.0 330.0 17 28.14663876651983 0cd9414a_20240812_120130.data
150.0 330.0 17 28.25503083700441 0cd9414a_20240812_120154.data
170.0 330.0 17 28.14663876651983 0cd9414a_20240812_120218.data
190.0 330.0 17 28.14663876651983 0cd9414a_20240812_120242.data
210.0 330.0 17 28.14663876651983 0cd9414a_20240812_120306.data
230.0 330.0 17 28.14663876651983 0cd9414a_20240812_120330.data
250.0 330.0 17 28.14663876651983 0cd9414a_20240812_120354.data
270.0 330.0 17 28.25503083700441 0cd9414a_20240812_120418.data
290.0 330.0 17 28.14663876651983 0cd9414a_20240812_120442.data
10.0 350.0 17 28.25503083700441 0cd9414a_20240812_120636.data
30.0 350.0 17 28.25503083700441 0cd9414a_20240812_120700.data
50.0 350.0 17 28.14663876651983 0cd9414a_20240812_120724.data
70.0 350.0 17 28.14663876651983 0cd9414a_20240812_120748.data
90.0 350.0 17 28.25503083700441 0cd9414a_20240812_120812.data
110.0 350.0 17 28.14663876651983 0cd9414a_20240812_120836.data
130.0 350.0 17 28.25503083700441 0cd9414a_20240812_120901.data
150.0 350.0 17 28.14663876651983 0cd9414a_20240812_120925.data
170.0 350.0 17 28.25503083700441 0cd9414a_20240812_120948.data
190.0 350.0 17 28.25503083700441 0cd9414a_20240812_121013.data
210.0 350.0 17 28.25503083700441 0cd9414a_20240812_121037.data
230.0 350.0 17 28.14663876651983 0cd9414a_20240812_121101.data
250.0 350.0 17 28.25503083700441 0cd9414a_20240812_121125.data
270.0 350.0 17 28.362991189427316 0cd9414a_20240812_121149.data
290.0 350.0 17 28.362991189427316 0cd9414a_20240812_121213.data
290.0 370.0 17 28.037845814977977 0cd9414a_20240812_121237.data
270.0 370.0 17 28.14663876651983 0cd9414a_20240812_121301.data
250.0 370.0 17 28.14663876651983 0cd9414a_20240812_121325.data
230.0 370.0 17 28.25503083700441 0cd9414a_20240812_121349.data
210.0 370.0 17 28.25503083700441 0cd9414a_20240812_121413.data
190.0 370.0 17 28.25503083700441 0cd9414a_20240812_121437.data
170.0 370.0 17 28.25503083700441 0cd9414a_20240812_121501.data
150.0 370.0 17 28.25503083700441 0cd9414a_20240812_121525.data
130.0 370.0 17 28.14663876651983 0cd9414a_20240812_121549.data
110.0 370.0 17 28.14663876651983 0cd9414a_20240812_121613.data
90.0 370.0 17 28.25503083700441 0cd9414a_20240812_121637.data
70.0 370.0 17 28.14663876651983 0cd9414a_20240812_121701.data
50.0 370.0 17 28.25503083700441 0cd9414a_20240812_121725.data
30.0 370.0 17 28.14663876651983 0cd9414a_20240812_121749.data
10.0 370.0 17 28.14663876651983 0cd9414a_20240812_121813.data
10.0 390.0 17 28.25503083700441 0cd9414a_20240812_121837.data
30.0 390.0 17 28.25503083700441 0cd9414a_20240812_121901.data
50.0 390.0 17 28.14663876651983 0cd9414a_20240812_121925.data
70.0 390.0 17 28.25503083700441 0cd9414a_20240812_121949.data
90.0 390.0 17 28.14663876651983 0cd9414a_20240812_122013.data
110.0 390.0 17 28.25503083700441 0cd9414a_20240812_122037.data
130.0 390.0 17 28.25503083700441 0cd9414a_20240812_122101.data
150.0 390.0 17 28.25503083700441 0cd9414a_20240812_122125.data
170.0 390.0 17 28.14663876651983 0cd9414a_20240812_122149.data
190.0 390.0 17 28.362991189427316 0cd9414a_20240812_122213.data
210.0 390.0 17 28.14663876651983 0cd9414a_20240812_122237.data
230.0 390.0 17 28.14663876651983 0cd9414a_20240812_122301.data
250.0 390.0 17 28.25503083700441 0cd9414a_20240812_122325.data
270.0 390.0 17 28.14663876651983 0cd9414a_20240812_122349.data
290.0 390.0 17 28.14663876651983 0cd9414a_20240812_122413.data
290.0 410.0 17 28.25503083700441 0cd9414a_20240812_122437.data
270.0 410.0 17 28.14663876651983 0cd9414a_20240812_122501.data
250.0 410.0 17 28.14663876651983 0cd9414a_20240812_122525.data
230.0 410.0 17 28.25503083700441 0cd9414a_20240812_122549.data
210.0 410.0 17 28.14663876651983 0cd9414a_20240812_122613.data
190.0 410.0 17 28.25503083700441 0cd9414a_20240812_122637.data
170.0 410.0 17 28.14663876651983 0cd9414a_20240812_122701.data
150.0 410.0 17 28.25503083700441 0cd9414a_20240812_122725.data
130.0 410.0 17 28.14663876651983 0cd9414a_20240812_122749.data
110.0 410.0 17 28.14663876651983 0cd9414a_20240812_122813.data
90.0 410.0 17 28.14663876651983 0cd9414a_20240812_122837.data
70.0 410.0 17 28.14663876651983 0cd9414a_20240812_122901.data
50.0 410.0 17 28.25503083700441 0cd9414a_20240812_122925.data
30.0 410.0 17 28.25503083700441 0cd9414a_20240812_122949.data
10.0 410.0 17 28.14663876651983 0cd9414a_20240812_123013.data
10.0 430.0 17 28.25503083700441 0cd9414a_20240812_123037.data
30.0 430.0 17 28.14663876651983 0cd9414a_20240812_123101.data
50.0 430.0 17 28.14663876651983 0cd9414a_20240812_123125.data
70.0 430.0 17 28.25503083700441 0cd9414a_20240812_123149.data
90.0 430.0 17 28.25503083700441 0cd9414a_20240812_123149.data
110.0 430.0 17 28.25503083700441 0cd9414a_20240812_123149.data
130.0 430.0 17 28.14663876651983 0cd9414a_20240812_123149.data
150.0 430.0 17 28.14663876651983 0cd9414a_20240812_123149.data
170.0 430.0 17 28.14663876651983 0cd9414a_20240812_123149.data
190.0 430.0 17 28.25503083700441 0cd9414a_20240812_123149.data
210.0 430.0 17 28.14663876651983 0cd9414a_20240812_123149.data
230.0 430.0 17 28.25503083700441 0cd9414a_20240812_123149.data
250.0 430.0 17 28.25503083700441 0cd9414a_20240812_123149.data
270.0 430.0 17 28.25503083700441 0cd9414a_20240812_123149.data
290.0 430.0 17 28.14663876651983 0cd9414a_20240812_123149.data
290.0 450.0 17 28.25503083700441 0cd9414a_20240812_123149.data
270.0 450.0 17 28.25503083700441 0cd9414a_20240812_123149.data
250.0 450.0 17 28.14663876651983 0cd9414a_20240812_123149.data
230.0 450.0 17 28.25503083700441 0cd9414a_20240812_123149.data
210.0 450.0 17 28.25503083700441 0cd9414a_20240812_123149.data
190.0 450.0 17 28.25503083700441 0cd9414a_20240812_123149.data
170.0 450.0 17 28.25503083700441 0cd9414a_20240812_123149.data
150.0 450.0 17 28.14663876651983 0cd9414a_20240812_123149.data
130.0 450.0 17 28.14663876651983 0cd9414a_20240812_123149.data
110.0 450.0 17 28.25503083700441 0cd9414a_20240812_123149.data
90.0 450.0 17 28.14663876651983 0cd9414a_20240812_123149.data
70.0 450.0 17 28.14663876651983 0cd9414a_20240812_123149.data
50.0 450.0 17 28.25503083700441 0cd9414a_20240812_123149.data
30.0 450.0 17 28.25503083700441 0cd9414a_20240812_123149.data
10.0 450.0 17 28.14663876651983 0cd9414a_20240812_123149.data
10.0 470.0 17 28.14663876651983 0cd9414a_20240812_123149.data
30.0 470.0 17 28.14663876651983 0cd9414a_20240812_123149.data
50.0 470.0 17 28.14663876651983 0cd9414a_20240812_123149.data
70.0 470.0 17 28.25503083700441 0cd9414a_20240812_123149.data
90.0 470.0 17 28.14663876651983 0cd9414a_20240812_123149.data
110.0 470.0 17 28.14663876651983 0cd9414a_20240812_123149.data
130.0 470.0 17 28.14663876651983 0cd9414a_20240812_123149.data
150.0 470.0 17 28.14663876651983 0cd9414a_20240812_123149.data
170.0 470.0 17 28.14663876651983 0cd9414a_20240812_123149.data
190.0 470.0 17 28.14663876651983 0cd9414a_20240812_123149.data
210.0 470.0 17 28.14663876651983 0cd9414a_20240812_123149.data
230.0 470.0 17 28.25503083700441 0cd9414a_20240812_123149.data
250.0 470.0 17 28.25503083700441 0cd9414a_20240812_123149.data
270.0 470.0 17 28.14663876651983 0cd9414a_20240812_123149.data
290.0 470.0 17 28.14663876651983 0cd9414a_20240812_123149.data
