-1 -1 -1 26.700136563876654 0cd9414a_20240808_145118.data
10.0 10.0 17 27.04026872246696 0cd9414a_20240808_145157.data
30.0 10.0 17 27.04026872246696 0cd9414a_20240808_145221.data
50.0 10.0 17 26.9273127753304 0cd9414a_20240808_145245.data
70.0 10.0 17 27.15276211453745 0cd9414a_20240808_145309.data
90.0 10.0 17 27.04026872246696 0cd9414a_20240808_145333.data
110.0 10.0 17 27.04026872246696 0cd9414a_20240808_145357.data
130.0 10.0 17 26.700136563876654 0cd9414a_20240808_145421.data
150.0 10.0 17 27.04026872246696 0cd9414a_20240808_145445.data
170.0 10.0 17 27.15276211453745 0cd9414a_20240808_145509.data
190.0 10.0 17 26.81392511013216 0cd9414a_20240808_145533.data
210.0 10.0 17 26.9273127753304 0cd9414a_20240808_145557.data
230.0 10.0 17 27.04026872246696 0cd9414a_20240808_145621.data
250.0 10.0 17 27.04026872246696 0cd9414a_20240808_145645.data
270.0 10.0 17 26.81392511013216 0cd9414a_20240808_145709.data
290.0 10.0 17 26.700136563876654 0cd9414a_20240808_145733.data
290.0 30.0 17 27.15276211453745 0cd9414a_20240808_145757.data
270.0 30.0 17 27.15276211453745 0cd9414a_20240808_145821.data
250.0 30.0 17 26.700136563876654 0cd9414a_20240808_145845.data
230.0 30.0 17 26.9273127753304 0cd9414a_20240808_145909.data
210.0 30.0 17 27.04026872246696 0cd9414a_20240808_145933.data
190.0 30.0 17 27.04026872246696 0cd9414a_20240808_145957.data
170.0 30.0 17 26.81392511013216 0cd9414a_20240808_150021.data
150.0 30.0 17 26.9273127753304 0cd9414a_20240808_150045.data
130.0 30.0 17 27.15276211453745 0cd9414a_20240808_150109.data
110.0 30.0 17 27.15276211453745 0cd9414a_20240808_150133.data
90.0 30.0 17 27.04026872246696 0cd9414a_20240808_150157.data
70.0 30.0 17 26.81392511013216 0cd9414a_20240808_150221.data
50.0 30.0 17 27.04026872246696 0cd9414a_20240808_150245.data
30.0 30.0 17 27.04026872246696 0cd9414a_20240808_150309.data
10.0 30.0 17 26.81392511013216 0cd9414a_20240808_150333.data
10.0 50.0 17 27.04026872246696 0cd9414a_20240808_150357.data
30.0 50.0 17 26.81392511013216 0cd9414a_20240808_150421.data
50.0 50.0 17 27.15276211453745 0cd9414a_20240808_150445.data
70.0 50.0 17 26.81392511013216 0cd9414a_20240808_150509.data
90.0 50.0 17 27.04026872246696 0cd9414a_20240808_150533.data
110.0 50.0 17 27.04026872246696 0cd9414a_20240808_150557.data
130.0 50.0 17 27.15276211453745 0cd9414a_20240808_150622.data
150.0 50.0 17 27.15276211453745 0cd9414a_20240808_150646.data
170.0 50.0 17 26.81392511013216 0cd9414a_20240808_150710.data
190.0 50.0 17 26.81392511013216 0cd9414a_20240808_150734.data
210.0 50.0 17 27.04026872246696 0cd9414a_20240808_150758.data
230.0 50.0 17 27.04026872246696 0cd9414a_20240808_150822.data
250.0 50.0 17 26.81392511013216 0cd9414a_20240808_150846.data
270.0 50.0 17 26.9273127753304 0cd9414a_20240808_150910.data
290.0 50.0 17 27.04026872246696 0cd9414a_20240808_150934.data
290.0 70.0 17 27.15276211453745 0cd9414a_20240808_150958.data
270.0 70.0 17 27.04026872246696 0cd9414a_20240808_151022.data
250.0 70.0 17 26.9273127753304 0cd9414a_20240808_151046.data
230.0 70.0 17 27.04026872246696 0cd9414a_20240808_151110.data
210.0 70.0 17 27.15276211453745 0cd9414a_20240808_151134.data
190.0 70.0 17 26.81392511013216 0cd9414a_20240808_151158.data
170.0 70.0 17 27.04026872246696 0cd9414a_20240808_151222.data
150.0 70.0 17 26.81392511013216 0cd9414a_20240808_151246.data
130.0 70.0 17 27.15276211453745 0cd9414a_20240808_151310.data
110.0 70.0 17 27.15276211453745 0cd9414a_20240808_151334.data
90.0 70.0 17 27.04026872246696 0cd9414a_20240808_151358.data
70.0 70.0 17 26.81392511013216 0cd9414a_20240808_151422.data
50.0 70.0 17 27.04026872246696 0cd9414a_20240808_151446.data
30.0 70.0 17 27.04026872246696 0cd9414a_20240808_151510.data
10.0 70.0 17 26.81392511013216 0cd9414a_20240808_151534.data
10.0 90.0 17 27.04026872246696 0cd9414a_20240808_151558.data
30.0 90.0 17 27.04026872246696 0cd9414a_20240808_151622.data
50.0 90.0 17 27.15276211453745 0cd9414a_20240808_151646.data
70.0 90.0 17 26.9273127753304 0cd9414a_20240808_151710.data
90.0 90.0 17 27.04026872246696 0cd9414a_20240808_151734.data
110.0 90.0 17 27.15276211453745 0cd9414a_20240808_151758.data
130.0 90.0 17 26.81392511013216 0cd9414a_20240808_151822.data
150.0 90.0 17 26.9273127753304 0cd9414a_20240808_151846.data
170.0 90.0 17 27.04026872246696 0cd9414a_20240808_151910.data
190.0 90.0 17 27.15276211453745 0cd9414a_20240808_151934.data
210.0 90.0 17 27.04026872246696 0cd9414a_20240808_151958.data
230.0 90.0 17 27.04026872246696 0cd9414a_20240808_152022.data
250.0 90.0 17 26.9273127753304 0cd9414a_20240808_152046.data
270.0 90.0 17 26.9273127753304 0cd9414a_20240808_152110.data
290.0 90.0 17 26.9273127753304 0cd9414a_20240808_152134.data
290.0 110.0 17 27.04026872246696 0cd9414a_20240808_152158.data
270.0 110.0 17 27.04026872246696 0cd9414a_20240808_152222.data
250.0 110.0 17 27.15276211453745 0cd9414a_20240808_152246.data
230.0 110.0 17 27.15276211453745 0cd9414a_20240808_152310.data
210.0 110.0 17 27.15276211453745 0cd9414a_20240808_152334.data
190.0 110.0 17 27.15276211453745 0cd9414a_20240808_152358.data
170.0 110.0 17 27.15276211453745 0cd9414a_20240808_152422.data
150.0 110.0 17 27.15276211453745 0cd9414a_20240808_152446.data
130.0 110.0 17 27.15276211453745 0cd9414a_20240808_152510.data
110.0 110.0 17 27.04026872246696 0cd9414a_20240808_152534.data
90.0 110.0 17 27.04026872246696 0cd9414a_20240808_152558.data
70.0 110.0 17 27.15276211453745 0cd9414a_20240808_152622.data
50.0 110.0 17 27.15276211453745 0cd9414a_20240808_152646.data
30.0 110.0 17 27.15276211453745 0cd9414a_20240808_152710.data
10.0 110.0 17 27.04026872246696 0cd9414a_20240808_152734.data
10.0 130.0 17 26.9273127753304 0cd9414a_20240808_152758.data
30.0 130.0 17 26.81392511013216 0cd9414a_20240808_152822.data
50.0 130.0 17 27.15276211453745 0cd9414a_20240808_152846.data
70.0 130.0 17 27.15276211453745 0cd9414a_20240808_152910.data
90.0 130.0 17 26.9273127753304 0cd9414a_20240808_152934.data
110.0 130.0 17 26.81392511013216 0cd9414a_20240808_152958.data
130.0 130.0 17 26.9273127753304 0cd9414a_20240808_153022.data
150.0 130.0 17 26.9273127753304 0cd9414a_20240808_153046.data
170.0 130.0 17 26.81392511013216 0cd9414a_20240808_153110.data
190.0 130.0 17 26.9273127753304 0cd9414a_20240808_153134.data
210.0 130.0 17 27.15276211453745 0cd9414a_20240808_153158.data
230.0 130.0 17 27.15276211453745 0cd9414a_20240808_153222.data
250.0 130.0 17 27.04026872246696 0cd9414a_20240808_153246.data
270.0 130.0 17 26.9273127753304 0cd9414a_20240808_153310.data
290.0 130.0 17 26.9273127753304 0cd9414a_20240808_153334.data
290.0 150.0 17 26.81392511013216 0cd9414a_20240808_153358.data
270.0 150.0 17 27.15276211453745 0cd9414a_20240808_153422.data
250.0 150.0 17 27.15276211453745 0cd9414a_20240808_153446.data
230.0 150.0 17 27.15276211453745 0cd9414a_20240808_153510.data
210.0 150.0 17 27.04026872246696 0cd9414a_20240808_153534.data
190.0 150.0 17 27.04026872246696 0cd9414a_20240808_153558.data
170.0 150.0 17 27.15276211453745 0cd9414a_20240808_153622.data
150.0 150.0 17 27.04026872246696 0cd9414a_20240808_153646.data
130.0 150.0 17 27.04026872246696 0cd9414a_20240808_153710.data
110.0 150.0 17 27.15276211453745 0cd9414a_20240808_153734.data
90.0 150.0 17 27.04026872246696 0cd9414a_20240808_153758.data
70.0 150.0 17 27.15276211453745 0cd9414a_20240808_153822.data
50.0 150.0 17 27.15276211453745 0cd9414a_20240808_153846.data
30.0 150.0 17 27.15276211453745 0cd9414a_20240808_153910.data
10.0 150.0 17 27.15276211453745 0cd9414a_20240808_153934.data
10.0 170.0 17 27.15276211453745 0cd9414a_20240808_153958.data
30.0 170.0 17 27.15276211453745 0cd9414a_20240808_154022.data
50.0 170.0 17 27.15276211453745 0cd9414a_20240808_154046.data
70.0 170.0 17 27.15276211453745 0cd9414a_20240808_154110.data
90.0 170.0 17 27.15276211453745 0cd9414a_20240808_154134.data
110.0 170.0 17 27.15276211453745 0cd9414a_20240808_154158.data
130.0 170.0 17 27.15276211453745 0cd9414a_20240808_154222.data
150.0 170.0 17 27.15276211453745 0cd9414a_20240808_154247.data
170.0 170.0 17 27.15276211453745 0cd9414a_20240808_154311.data
190.0 170.0 17 27.15276211453745 0cd9414a_20240808_154335.data
210.0 170.0 17 27.15276211453745 0cd9414a_20240808_154359.data
230.0 170.0 17 26.9273127753304 0cd9414a_20240808_154423.data
250.0 170.0 17 26.81392511013216 0cd9414a_20240808_154447.data
270.0 170.0 17 26.81392511013216 0cd9414a_20240808_154511.data
290.0 170.0 17 27.04026872246696 0cd9414a_20240808_154535.data
290.0 190.0 17 27.15276211453745 0cd9414a_20240808_154559.data
270.0 190.0 17 27.15276211453745 0cd9414a_20240808_154623.data
250.0 190.0 17 27.15276211453745 0cd9414a_20240808_154647.data
230.0 190.0 17 26.9273127753304 0cd9414a_20240808_154711.data
210.0 190.0 17 26.9273127753304 0cd9414a_20240808_154735.data
190.0 190.0 17 26.81392511013216 0cd9414a_20240808_154759.data
170.0 190.0 17 27.04026872246696 0cd9414a_20240808_154823.data
150.0 190.0 17 27.15276211453745 0cd9414a_20240808_154847.data
130.0 190.0 17 27.04026872246696 0cd9414a_20240808_154911.data
110.0 190.0 17 26.9273127753304 0cd9414a_20240808_154935.data
90.0 190.0 17 27.15276211453745 0cd9414a_20240808_154959.data
70.0 190.0 17 27.04026872246696 0cd9414a_20240808_155023.data
50.0 190.0 17 26.81392511013216 0cd9414a_20240808_155047.data
30.0 190.0 17 26.9273127753304 0cd9414a_20240808_155111.data
10.0 190.0 17 26.81392511013216 0cd9414a_20240808_155135.data
10.0 210.0 17 27.15276211453745 0cd9414a_20240808_155159.data
30.0 210.0 17 27.04026872246696 0cd9414a_20240808_155223.data
50.0 210.0 17 27.15276211453745 0cd9414a_20240808_155247.data
70.0 210.0 17 27.15276211453745 0cd9414a_20240808_155311.data
90.0 210.0 17 26.9273127753304 0cd9414a_20240808_155335.data
110.0 210.0 17 26.9273127753304 0cd9414a_20240808_155359.data
130.0 210.0 17 27.15276211453745 0cd9414a_20240808_155423.data
150.0 210.0 17 27.15276211453745 0cd9414a_20240808_155447.data
170.0 210.0 17 27.15276211453745 0cd9414a_20240808_155511.data
190.0 210.0 17 27.15276211453745 0cd9414a_20240808_155535.data
210.0 210.0 17 27.15276211453745 0cd9414a_20240808_155559.data
230.0 210.0 17 26.81392511013216 0cd9414a_20240808_155623.data
250.0 210.0 17 27.04026872246696 0cd9414a_20240808_155647.data
270.0 210.0 17 27.04026872246696 0cd9414a_20240808_155711.data
290.0 210.0 17 27.04026872246696 0cd9414a_20240808_155735.data
290.0 230.0 17 27.15276211453745 0cd9414a_20240808_155759.data
270.0 230.0 17 26.9273127753304 0cd9414a_20240808_155823.data
250.0 230.0 17 27.15276211453745 0cd9414a_20240808_155847.data
230.0 230.0 17 27.04026872246696 0cd9414a_20240808_155911.data
210.0 230.0 17 27.04026872246696 0cd9414a_20240808_155935.data
190.0 230.0 17 26.81392511013216 0cd9414a_20240808_155959.data
170.0 230.0 17 27.04026872246696 0cd9414a_20240808_160023.data
150.0 230.0 17 27.04026872246696 0cd9414a_20240808_160047.data
130.0 230.0 17 26.9273127753304 0cd9414a_20240808_160111.data
110.0 230.0 17 27.15276211453745 0cd9414a_20240808_160135.data
90.0 230.0 17 27.15276211453745 0cd9414a_20240808_160159.data
70.0 230.0 17 27.15276211453745 0cd9414a_20240808_160223.data
50.0 230.0 17 27.04026872246696 0cd9414a_20240808_160247.data
30.0 230.0 17 27.15276211453745 0cd9414a_20240808_160311.data
10.0 230.0 17 27.15276211453745 0cd9414a_20240808_160335.data
10.0 250.0 17 26.9273127753304 0cd9414a_20240808_160359.data
30.0 250.0 17 27.04026872246696 0cd9414a_20240808_160423.data
50.0 250.0 17 27.15276211453745 0cd9414a_20240808_160447.data
70.0 250.0 17 27.15276211453745 0cd9414a_20240808_160511.data
90.0 250.0 17 27.15276211453745 0cd9414a_20240808_160535.data
110.0 250.0 17 27.15276211453745 0cd9414a_20240808_160559.data
130.0 250.0 17 27.15276211453745 0cd9414a_20240808_160623.data
150.0 250.0 17 27.15276211453745 0cd9414a_20240808_160647.data
170.0 250.0 17 26.81392511013216 0cd9414a_20240808_160711.data
190.0 250.0 17 27.04026872246696 0cd9414a_20240808_160735.data
210.0 250.0 17 26.9273127753304 0cd9414a_20240808_160759.data
230.0 250.0 17 26.9273127753304 0cd9414a_20240808_160823.data
250.0 250.0 17 26.9273127753304 0cd9414a_20240808_160847.data
270.0 250.0 17 26.9273127753304 0cd9414a_20240808_160911.data
290.0 250.0 17 26.9273127753304 0cd9414a_20240808_160935.data
290.0 270.0 17 26.81392511013216 0cd9414a_20240808_160959.data
270.0 270.0 17 26.81392511013216 0cd9414a_20240808_161023.data
250.0 270.0 17 26.81392511013216 0cd9414a_20240808_161047.data
230.0 270.0 17 26.81392511013216 0cd9414a_20240808_161111.data
210.0 270.0 17 26.9273127753304 0cd9414a_20240808_161135.data
190.0 270.0 17 26.81392511013216 0cd9414a_20240808_161159.data
170.0 270.0 17 26.9273127753304 0cd9414a_20240808_161223.data
150.0 270.0 17 26.81392511013216 0cd9414a_20240808_161247.data
130.0 270.0 17 26.81392511013216 0cd9414a_20240808_161311.data
110.0 270.0 17 26.81392511013216 0cd9414a_20240808_161335.data
90.0 270.0 17 26.81392511013216 0cd9414a_20240808_161359.data
70.0 270.0 17 26.81392511013216 0cd9414a_20240808_161423.data
50.0 270.0 17 26.81392511013216 0cd9414a_20240808_161447.data
30.0 270.0 17 26.9273127753304 0cd9414a_20240808_161511.data
10.0 270.0 17 26.9273127753304 0cd9414a_20240808_161535.data
10.0 290.0 17 26.9273127753304 0cd9414a_20240808_161559.data
30.0 290.0 17 26.81392511013216 0cd9414a_20240808_161623.data
50.0 290.0 17 26.81392511013216 0cd9414a_20240808_161647.data
70.0 290.0 17 26.81392511013216 0cd9414a_20240808_161711.data
90.0 290.0 17 26.9273127753304 0cd9414a_20240808_161735.data
110.0 290.0 17 26.9273127753304 0cd9414a_20240808_161759.data
130.0 290.0 17 26.81392511013216 0cd9414a_20240808_161824.data
150.0 290.0 17 26.81392511013216 0cd9414a_20240808_161848.data
170.0 290.0 17 26.81392511013216 0cd9414a_20240808_161912.data
190.0 290.0 17 26.81392511013216 0cd9414a_20240808_161936.data
210.0 290.0 17 26.81392511013216 0cd9414a_20240808_162000.data
230.0 290.0 17 26.81392511013216 0cd9414a_20240808_162024.data
250.0 290.0 17 26.81392511013216 0cd9414a_20240808_162048.data
270.0 290.0 17 26.9273127753304 0cd9414a_20240808_162112.data
290.0 290.0 17 26.81392511013216 0cd9414a_20240808_162136.data
290.0 310.0 17 26.9273127753304 0cd9414a_20240808_162200.data
270.0 310.0 17 26.81392511013216 0cd9414a_20240808_162224.data
250.0 310.0 17 26.9273127753304 0cd9414a_20240808_162248.data
230.0 310.0 17 26.81392511013216 0cd9414a_20240808_162312.data
210.0 310.0 17 26.9273127753304 0cd9414a_20240808_162336.data
190.0 310.0 17 26.81392511013216 0cd9414a_20240808_162400.data
170.0 310.0 17 -1 0cd9414a_20240808_162424.data
150.0 310.0 17 26.9273127753304 0cd9414a_20240808_162448.data
130.0 310.0 17 26.9273127753304 0cd9414a_20240808_162512.data
110.0 310.0 17 -1 0cd9414a_20240808_162536.data
90.0 310.0 17 26.9273127753304 0cd9414a_20240808_162600.data
70.0 310.0 17 26.9273127753304 0cd9414a_20240808_162624.data
50.0 310.0 17 26.81392511013216 0cd9414a_20240808_162648.data
30.0 310.0 17 26.81392511013216 0cd9414a_20240808_162712.data
10.0 310.0 17 26.9273127753304 0cd9414a_20240808_162736.data
10.0 330.0 17 26.9273127753304 0cd9414a_20240808_162800.data
30.0 330.0 17 -1 0cd9414a_20240808_162824.data
50.0 330.0 17 26.9273127753304 0cd9414a_20240808_162848.data
70.0 330.0 17 26.9273127753304 0cd9414a_20240808_162912.data
90.0 330.0 17 26.9273127753304 0cd9414a_20240808_162936.data
110.0 330.0 17 26.9273127753304 0cd9414a_20240808_163000.data
130.0 330.0 17 27.15276211453745 0cd9414a_20240808_163024.data
150.0 330.0 17 27.04026872246696 0cd9414a_20240808_163048.data
170.0 330.0 17 27.04026872246696 0cd9414a_20240808_163112.data
190.0 330.0 17 27.15276211453745 0cd9414a_20240808_163136.data
210.0 330.0 17 27.15276211453745 0cd9414a_20240808_163200.data
230.0 330.0 17 27.15276211453745 0cd9414a_20240808_163224.data
250.0 330.0 17 27.04026872246696 0cd9414a_20240808_163248.data
270.0 330.0 17 27.04026872246696 0cd9414a_20240808_163312.data
290.0 330.0 17 27.04026872246696 0cd9414a_20240808_163336.data
10.0 350.0 17 27.04026872246696 0cd9414a_20240808_165604.data
30.0 350.0 17 27.15276211453745 0cd9414a_20240808_165628.data
50.0 350.0 17 27.04026872246696 0cd9414a_20240808_165652.data
70.0 350.0 17 27.15276211453745 0cd9414a_20240808_165716.data
90.0 350.0 17 27.04026872246696 0cd9414a_20240808_165740.data
110.0 350.0 17 27.15276211453745 0cd9414a_20240808_165804.data
130.0 350.0 17 27.15276211453745 0cd9414a_20240808_165828.data
150.0 350.0 17 27.04026872246696 0cd9414a_20240808_165852.data
170.0 350.0 17 27.04026872246696 0cd9414a_20240808_165916.data
190.0 350.0 17 27.15276211453745 0cd9414a_20240808_165940.data
210.0 350.0 17 27.15276211453745 0cd9414a_20240808_170004.data
230.0 350.0 17 27.15276211453745 0cd9414a_20240808_170028.data
250.0 350.0 17 27.15276211453745 0cd9414a_20240808_170052.data
270.0 350.0 17 27.15276211453745 0cd9414a_20240808_170116.data
290.0 350.0 17 27.15276211453745 0cd9414a_20240808_170140.data
290.0 370.0 17 27.15276211453745 0cd9414a_20240808_170204.data
270.0 370.0 17 27.04026872246696 0cd9414a_20240808_170228.data
250.0 370.0 17 27.04026872246696 0cd9414a_20240808_170252.data
230.0 370.0 17 27.15276211453745 0cd9414a_20240808_170316.data
210.0 370.0 17 27.04026872246696 0cd9414a_20240808_170340.data
190.0 370.0 17 27.15276211453745 0cd9414a_20240808_170404.data
170.0 370.0 17 27.04026872246696 0cd9414a_20240808_170428.data
150.0 370.0 17 27.04026872246696 0cd9414a_20240808_170452.data
130.0 370.0 17 27.15276211453745 0cd9414a_20240808_170516.data
110.0 370.0 17 27.04026872246696 0cd9414a_20240808_170540.data
90.0 370.0 17 27.15276211453745 0cd9414a_20240808_170604.data
70.0 370.0 17 27.15276211453745 0cd9414a_20240808_170628.data
50.0 370.0 17 27.15276211453745 0cd9414a_20240808_170652.data
30.0 370.0 17 27.04026872246696 0cd9414a_20240808_170716.data
10.0 370.0 17 27.04026872246696 0cd9414a_20240808_170740.data
10.0 390.0 17 27.04026872246696 0cd9414a_20240808_170804.data
30.0 390.0 17 27.15276211453745 0cd9414a_20240808_170828.data
50.0 390.0 17 27.15276211453745 0cd9414a_20240808_170852.data
70.0 390.0 17 27.04026872246696 0cd9414a_20240808_170916.data
90.0 390.0 17 27.15276211453745 0cd9414a_20240808_170940.data
110.0 390.0 17 27.04026872246696 0cd9414a_20240808_171004.data
130.0 390.0 17 27.15276211453745 0cd9414a_20240808_171028.data
150.0 390.0 17 27.04026872246696 0cd9414a_20240808_171052.data
170.0 390.0 17 27.04026872246696 0cd9414a_20240808_171116.data
190.0 390.0 17 26.9273127753304 0cd9414a_20240808_171140.data
210.0 390.0 17 27.04026872246696 0cd9414a_20240808_171204.data
230.0 390.0 17 27.15276211453745 0cd9414a_20240808_171228.data
250.0 390.0 17 27.15276211453745 0cd9414a_20240808_171252.data
270.0 390.0 17 27.15276211453745 0cd9414a_20240808_171316.data
290.0 390.0 17 27.15276211453745 0cd9414a_20240808_171340.data
290.0 410.0 17 27.15276211453745 0cd9414a_20240808_171404.data
270.0 410.0 17 27.04026872246696 0cd9414a_20240808_171428.data
250.0 410.0 17 27.04026872246696 0cd9414a_20240808_171452.data
230.0 410.0 17 27.15276211453745 0cd9414a_20240808_171516.data
210.0 410.0 17 27.15276211453745 0cd9414a_20240808_171540.data
190.0 410.0 17 27.15276211453745 0cd9414a_20240808_171604.data
170.0 410.0 17 27.04026872246696 0cd9414a_20240808_171628.data
150.0 410.0 17 27.15276211453745 0cd9414a_20240808_171652.data
130.0 410.0 17 27.15276211453745 0cd9414a_20240808_171716.data
110.0 410.0 17 27.04026872246696 0cd9414a_20240808_171740.data
90.0 410.0 17 27.15276211453745 0cd9414a_20240808_171804.data
70.0 410.0 17 27.15276211453745 0cd9414a_20240808_171828.data
50.0 410.0 17 27.04026872246696 0cd9414a_20240808_171852.data
30.0 410.0 17 27.15276211453745 0cd9414a_20240808_171916.data
10.0 410.0 17 27.04026872246696 0cd9414a_20240808_171940.data
10.0 430.0 17 27.15276211453745 0cd9414a_20240808_172004.data
30.0 430.0 17 27.15276211453745 0cd9414a_20240808_172028.data
50.0 430.0 17 27.04026872246696 0cd9414a_20240808_172052.data
70.0 430.0 17 27.15276211453745 0cd9414a_20240808_172116.data
90.0 430.0 17 27.04026872246696 0cd9414a_20240808_172140.data
110.0 430.0 17 27.04026872246696 0cd9414a_20240808_172204.data
130.0 430.0 17 27.15276211453745 0cd9414a_20240808_172228.data
150.0 430.0 17 27.15276211453745 0cd9414a_20240808_172252.data
170.0 430.0 17 27.15276211453745 0cd9414a_20240808_172316.data
190.0 430.0 17 27.04026872246696 0cd9414a_20240808_172340.data
210.0 430.0 17 27.15276211453745 0cd9414a_20240808_172404.data
230.0 430.0 17 27.04026872246696 0cd9414a_20240808_172428.data
250.0 430.0 17 27.15276211453745 0cd9414a_20240808_172452.data
270.0 430.0 17 27.04026872246696 0cd9414a_20240808_172516.data
290.0 430.0 17 27.04026872246696 0cd9414a_20240808_172540.data
290.0 450.0 17 27.15276211453745 0cd9414a_20240808_172604.data
270.0 450.0 17 27.04026872246696 0cd9414a_20240808_172628.data
250.0 450.0 17 27.04026872246696 0cd9414a_20240808_172652.data
230.0 450.0 17 27.04026872246696 0cd9414a_20240808_172716.data
210.0 450.0 17 27.15276211453745 0cd9414a_20240808_172740.data
190.0 450.0 17 27.15276211453745 0cd9414a_20240808_172804.data
170.0 450.0 17 27.15276211453745 0cd9414a_20240808_172828.data
150.0 450.0 17 27.15276211453745 0cd9414a_20240808_172852.data
130.0 450.0 17 27.15276211453745 0cd9414a_20240808_172916.data
110.0 450.0 17 27.15276211453745 0cd9414a_20240808_172940.data
90.0 450.0 17 27.04026872246696 0cd9414a_20240808_173004.data
70.0 450.0 17 27.15276211453745 0cd9414a_20240808_173028.data
50.0 450.0 17 27.15276211453745 0cd9414a_20240808_173052.data
30.0 450.0 17 27.15276211453745 0cd9414a_20240808_173116.data
10.0 450.0 17 27.04026872246696 0cd9414a_20240808_173140.data
10.0 470.0 17 27.15276211453745 0cd9414a_20240808_173205.data
30.0 470.0 17 27.15276211453745 0cd9414a_20240808_173229.data
50.0 470.0 17 27.15276211453745 0cd9414a_20240808_173253.data
70.0 470.0 17 27.04026872246696 0cd9414a_20240808_173317.data
90.0 470.0 17 27.15276211453745 0cd9414a_20240808_173341.data
110.0 470.0 17 27.15276211453745 0cd9414a_20240808_173405.data
130.0 470.0 17 27.15276211453745 0cd9414a_20240808_173429.data
150.0 470.0 17 27.15276211453745 0cd9414a_20240808_173453.data
170.0 470.0 17 27.04026872246696 0cd9414a_20240808_173517.data
190.0 470.0 17 27.15276211453745 0cd9414a_20240808_173541.data
210.0 470.0 17 27.15276211453745 0cd9414a_20240808_173605.data
230.0 470.0 17 27.15276211453745 0cd9414a_20240808_173629.data
250.0 470.0 17 27.04026872246696 0cd9414a_20240808_173653.data
270.0 470.0 17 27.15276211453745 0cd9414a_20240808_173717.data
290.0 470.0 17 27.04026872246696 0cd9414a_20240808_173741.data
