-1 -1 -1 nan 0cd913fa_20240708_133903.data
10.0 10.0 17 nan 0cd913fa_20240708_133941.data
30.0 10.0 17 nan 0cd913fa_20240708_134005.data
50.0 10.0 17 nan 0cd913fa_20240708_134029.data
70.0 10.0 17 nan 0cd913fa_20240708_134053.data
90.0 10.0 17 nan 0cd913fa_20240708_134117.data
110.0 10.0 17 nan 0cd913fa_20240708_134141.data
130.0 10.0 17 nan 0cd913fa_20240708_134205.data
150.0 10.0 17 nan 0cd913fa_20240708_134229.data
170.0 10.0 17 nan 0cd913fa_20240708_134253.data
190.0 10.0 17 nan 0cd913fa_20240708_134317.data
210.0 10.0 17 nan 0cd913fa_20240708_134341.data
230.0 10.0 17 nan 0cd913fa_20240708_134405.data
250.0 10.0 17 nan 0cd913fa_20240708_134429.data
270.0 10.0 17 nan 0cd913fa_20240708_134453.data
290.0 10.0 17 nan 0cd913fa_20240708_134517.data
290.0 30.0 17 nan 0cd913fa_20240708_134541.data
270.0 30.0 17 nan 0cd913fa_20240708_134605.data
250.0 30.0 17 nan 0cd913fa_20240708_134629.data
230.0 30.0 17 nan 0cd913fa_20240708_134653.data
210.0 30.0 17 nan 0cd913fa_20240708_134717.data
190.0 30.0 17 nan 0cd913fa_20240708_134741.data
170.0 30.0 17 nan 0cd913fa_20240708_134805.data
150.0 30.0 17 nan 0cd913fa_20240708_134829.data
130.0 30.0 17 nan 0cd913fa_20240708_134853.data
110.0 30.0 17 nan 0cd913fa_20240708_134917.data
90.0 30.0 17 nan 0cd913fa_20240708_134941.data
70.0 30.0 17 nan 0cd913fa_20240708_135005.data
50.0 30.0 17 nan 0cd913fa_20240708_135029.data
30.0 30.0 17 nan 0cd913fa_20240708_135053.data
10.0 30.0 17 nan 0cd913fa_20240708_135117.data
10.0 50.0 17 nan 0cd913fa_20240708_135141.data
30.0 50.0 17 nan 0cd913fa_20240708_135205.data
50.0 50.0 17 nan 0cd913fa_20240708_135229.data
70.0 50.0 17 nan 0cd913fa_20240708_135253.data
90.0 50.0 17 nan 0cd913fa_20240708_135317.data
110.0 50.0 17 nan 0cd913fa_20240708_135341.data
130.0 50.0 17 nan 0cd913fa_20240708_135405.data
150.0 50.0 17 nan 0cd913fa_20240708_135429.data
170.0 50.0 17 nan 0cd913fa_20240708_135453.data
190.0 50.0 17 nan 0cd913fa_20240708_135518.data
210.0 50.0 17 nan 0cd913fa_20240708_135542.data
230.0 50.0 17 nan 0cd913fa_20240708_135605.data
250.0 50.0 17 nan 0cd913fa_20240708_135630.data
270.0 50.0 17 nan 0cd913fa_20240708_135654.data
290.0 50.0 17 nan 0cd913fa_20240708_135718.data
290.0 70.0 17 nan 0cd913fa_20240708_135742.data
270.0 70.0 17 nan 0cd913fa_20240708_135806.data
250.0 70.0 17 nan 0cd913fa_20240708_135830.data
230.0 70.0 17 nan 0cd913fa_20240708_135854.data
210.0 70.0 17 nan 0cd913fa_20240708_135918.data
190.0 70.0 17 nan 0cd913fa_20240708_135942.data
170.0 70.0 17 nan 0cd913fa_20240708_140006.data
150.0 70.0 17 nan 0cd913fa_20240708_140030.data
130.0 70.0 17 nan 0cd913fa_20240708_140054.data
110.0 70.0 17 nan 0cd913fa_20240708_140118.data
90.0 70.0 17 nan 0cd913fa_20240708_140142.data
70.0 70.0 17 nan 0cd913fa_20240708_140206.data
50.0 70.0 17 nan 0cd913fa_20240708_140230.data
30.0 70.0 17 nan 0cd913fa_20240708_140254.data
10.0 70.0 17 nan 0cd913fa_20240708_140318.data
10.0 90.0 17 nan 0cd913fa_20240708_140342.data
30.0 90.0 17 nan 0cd913fa_20240708_140406.data
50.0 90.0 17 nan 0cd913fa_20240708_140430.data
70.0 90.0 17 nan 0cd913fa_20240708_140454.data
90.0 90.0 17 nan 0cd913fa_20240708_140518.data
110.0 90.0 17 nan 0cd913fa_20240708_140542.data
130.0 90.0 17 nan 0cd913fa_20240708_140606.data
150.0 90.0 17 nan 0cd913fa_20240708_140630.data
170.0 90.0 17 nan 0cd913fa_20240708_140654.data
190.0 90.0 17 nan 0cd913fa_20240708_140718.data
210.0 90.0 17 nan 0cd913fa_20240708_140742.data
230.0 90.0 17 nan 0cd913fa_20240708_140806.data
250.0 90.0 17 nan 0cd913fa_20240708_140830.data
270.0 90.0 17 nan 0cd913fa_20240708_140854.data
290.0 90.0 17 nan 0cd913fa_20240708_140918.data
290.0 110.0 17 nan 0cd913fa_20240708_140942.data
270.0 110.0 17 nan 0cd913fa_20240708_141006.data
250.0 110.0 17 nan 0cd913fa_20240708_141030.data
230.0 110.0 17 nan 0cd913fa_20240708_141054.data
210.0 110.0 17 nan 0cd913fa_20240708_141118.data
190.0 110.0 17 nan 0cd913fa_20240708_141142.data
170.0 110.0 17 nan 0cd913fa_20240708_141206.data
150.0 110.0 17 nan 0cd913fa_20240708_141230.data
130.0 110.0 17 nan 0cd913fa_20240708_141254.data
110.0 110.0 17 nan 0cd913fa_20240708_141318.data
90.0 110.0 17 nan 0cd913fa_20240708_141342.data
70.0 110.0 17 nan 0cd913fa_20240708_141406.data
50.0 110.0 17 nan 0cd913fa_20240708_141430.data
30.0 110.0 17 nan 0cd913fa_20240708_141454.data
10.0 110.0 17 nan 0cd913fa_20240708_141518.data
10.0 130.0 17 nan 0cd913fa_20240708_141542.data
30.0 130.0 17 nan 0cd913fa_20240708_141606.data
50.0 130.0 17 nan 0cd913fa_20240708_141630.data
70.0 130.0 17 nan 0cd913fa_20240708_141654.data
90.0 130.0 17 nan 0cd913fa_20240708_141718.data
110.0 130.0 17 nan 0cd913fa_20240708_141742.data
130.0 130.0 17 nan 0cd913fa_20240708_141806.data
150.0 130.0 17 nan 0cd913fa_20240708_141830.data
170.0 130.0 17 nan 0cd913fa_20240708_141854.data
190.0 130.0 17 nan 0cd913fa_20240708_141918.data
210.0 130.0 17 nan 0cd913fa_20240708_141942.data
230.0 130.0 17 nan 0cd913fa_20240708_142006.data
250.0 130.0 17 nan 0cd913fa_20240708_142030.data
270.0 130.0 17 nan 0cd913fa_20240708_142054.data
290.0 130.0 17 nan 0cd913fa_20240708_142118.data
290.0 150.0 17 nan 0cd913fa_20240708_142143.data
270.0 150.0 17 nan 0cd913fa_20240708_142207.data
250.0 150.0 17 nan 0cd913fa_20240708_142231.data
230.0 150.0 17 nan 0cd913fa_20240708_142255.data
210.0 150.0 17 nan 0cd913fa_20240708_142319.data
190.0 150.0 17 nan 0cd913fa_20240708_142343.data
170.0 150.0 17 nan 0cd913fa_20240708_142407.data
150.0 150.0 17 nan 0cd913fa_20240708_142431.data
130.0 150.0 17 nan 0cd913fa_20240708_142455.data
110.0 150.0 17 nan 0cd913fa_20240708_142519.data
90.0 150.0 17 nan 0cd913fa_20240708_142543.data
70.0 150.0 17 nan 0cd913fa_20240708_142607.data
50.0 150.0 17 nan 0cd913fa_20240708_142631.data
30.0 150.0 17 nan 0cd913fa_20240708_142655.data
10.0 150.0 17 nan 0cd913fa_20240708_142719.data
10.0 170.0 17 nan 0cd913fa_20240708_142743.data
30.0 170.0 17 nan 0cd913fa_20240708_142807.data
50.0 170.0 17 nan 0cd913fa_20240708_142831.data
70.0 170.0 17 nan 0cd913fa_20240708_142855.data
90.0 170.0 17 nan 0cd913fa_20240708_142919.data
110.0 170.0 17 nan 0cd913fa_20240708_142943.data
130.0 170.0 17 nan 0cd913fa_20240708_143007.data
150.0 170.0 17 nan 0cd913fa_20240708_143031.data
170.0 170.0 17 nan 0cd913fa_20240708_143055.data
190.0 170.0 17 nan 0cd913fa_20240708_143119.data
210.0 170.0 17 nan 0cd913fa_20240708_143143.data
230.0 170.0 17 nan 0cd913fa_20240708_143207.data
250.0 170.0 17 nan 0cd913fa_20240708_143231.data
270.0 170.0 17 nan 0cd913fa_20240708_143255.data
290.0 170.0 17 nan 0cd913fa_20240708_143319.data
290.0 190.0 17 nan 0cd913fa_20240708_143343.data
270.0 190.0 17 nan 0cd913fa_20240708_143407.data
250.0 190.0 17 nan 0cd913fa_20240708_143431.data
230.0 190.0 17 nan 0cd913fa_20240708_143455.data
210.0 190.0 17 nan 0cd913fa_20240708_143519.data
190.0 190.0 17 nan 0cd913fa_20240708_143543.data
170.0 190.0 17 nan 0cd913fa_20240708_143607.data
150.0 190.0 17 nan 0cd913fa_20240708_143631.data
130.0 190.0 17 nan 0cd913fa_20240708_143655.data
110.0 190.0 17 nan 0cd913fa_20240708_143719.data
90.0 190.0 17 nan 0cd913fa_20240708_143743.data
70.0 190.0 17 nan 0cd913fa_20240708_143807.data
50.0 190.0 17 nan 0cd913fa_20240708_143831.data
30.0 190.0 17 nan 0cd913fa_20240708_143855.data
10.0 190.0 17 nan 0cd913fa_20240708_143919.data
10.0 210.0 17 nan 0cd913fa_20240708_143943.data
30.0 210.0 17 nan 0cd913fa_20240708_144007.data
50.0 210.0 17 nan 0cd913fa_20240708_144031.data
70.0 210.0 17 nan 0cd913fa_20240708_144055.data
90.0 210.0 17 nan 0cd913fa_20240708_144119.data
110.0 210.0 17 nan 0cd913fa_20240708_144143.data
130.0 210.0 17 nan 0cd913fa_20240708_144207.data
150.0 210.0 17 nan 0cd913fa_20240708_144231.data
170.0 210.0 17 nan 0cd913fa_20240708_144255.data
190.0 210.0 17 nan 0cd913fa_20240708_144319.data
210.0 210.0 17 nan 0cd913fa_20240708_144343.data
230.0 210.0 17 nan 0cd913fa_20240708_144407.data
250.0 210.0 17 nan 0cd913fa_20240708_144431.data
270.0 210.0 17 nan 0cd913fa_20240708_144455.data
290.0 210.0 17 nan 0cd913fa_20240708_144519.data
290.0 230.0 17 nan 0cd913fa_20240708_144543.data
270.0 230.0 17 nan 0cd913fa_20240708_144607.data
250.0 230.0 17 nan 0cd913fa_20240708_144631.data
230.0 230.0 17 nan 0cd913fa_20240708_144655.data
210.0 230.0 17 nan 0cd913fa_20240708_144719.data
190.0 230.0 17 nan 0cd913fa_20240708_144744.data
170.0 230.0 17 nan 0cd913fa_20240708_144808.data
150.0 230.0 17 nan 0cd913fa_20240708_144832.data
130.0 230.0 17 nan 0cd913fa_20240708_144856.data
110.0 230.0 17 nan 0cd913fa_20240708_144920.data
90.0 230.0 17 nan 0cd913fa_20240708_144944.data
70.0 230.0 17 nan 0cd913fa_20240708_145008.data
50.0 230.0 17 nan 0cd913fa_20240708_145032.data
30.0 230.0 17 nan 0cd913fa_20240708_145056.data
10.0 230.0 17 nan 0cd913fa_20240708_145120.data
10.0 250.0 17 nan 0cd913fa_20240708_145144.data
30.0 250.0 17 nan 0cd913fa_20240708_145208.data
50.0 250.0 17 nan 0cd913fa_20240708_145232.data
70.0 250.0 17 nan 0cd913fa_20240708_145256.data
90.0 250.0 17 nan 0cd913fa_20240708_145320.data
110.0 250.0 17 nan 0cd913fa_20240708_145344.data
130.0 250.0 17 nan 0cd913fa_20240708_145408.data
150.0 250.0 17 nan 0cd913fa_20240708_145432.data
170.0 250.0 17 nan 0cd913fa_20240708_145456.data
190.0 250.0 17 nan 0cd913fa_20240708_145520.data
210.0 250.0 17 nan 0cd913fa_20240708_145544.data
230.0 250.0 17 nan 0cd913fa_20240708_145608.data
250.0 250.0 17 nan 0cd913fa_20240708_145632.data
270.0 250.0 17 nan 0cd913fa_20240708_145656.data
290.0 250.0 17 nan 0cd913fa_20240708_145720.data
290.0 270.0 17 nan 0cd913fa_20240708_145744.data
270.0 270.0 17 nan 0cd913fa_20240708_145808.data
250.0 270.0 17 nan 0cd913fa_20240708_145832.data
230.0 270.0 17 nan 0cd913fa_20240708_145856.data
210.0 270.0 17 nan 0cd913fa_20240708_145920.data
190.0 270.0 17 nan 0cd913fa_20240708_145944.data
170.0 270.0 17 nan 0cd913fa_20240708_150008.data
150.0 270.0 17 nan 0cd913fa_20240708_150032.data
130.0 270.0 17 nan 0cd913fa_20240708_150056.data
110.0 270.0 17 nan 0cd913fa_20240708_150120.data
90.0 270.0 17 nan 0cd913fa_20240708_150144.data
70.0 270.0 17 nan 0cd913fa_20240708_150208.data
50.0 270.0 17 nan 0cd913fa_20240708_150232.data
30.0 270.0 17 nan 0cd913fa_20240708_150256.data
10.0 270.0 17 nan 0cd913fa_20240708_150320.data
10.0 290.0 17 nan 0cd913fa_20240708_150344.data
30.0 290.0 17 nan 0cd913fa_20240708_150408.data
50.0 290.0 17 nan 0cd913fa_20240708_150432.data
70.0 290.0 17 nan 0cd913fa_20240708_150456.data
90.0 290.0 17 nan 0cd913fa_20240708_150520.data
110.0 290.0 17 nan 0cd913fa_20240708_150544.data
130.0 290.0 17 nan 0cd913fa_20240708_150608.data
150.0 290.0 17 nan 0cd913fa_20240708_150632.data
170.0 290.0 17 nan 0cd913fa_20240708_150656.data
190.0 290.0 17 nan 0cd913fa_20240708_150720.data
210.0 290.0 17 nan 0cd913fa_20240708_150744.data
230.0 290.0 17 nan 0cd913fa_20240708_150808.data
250.0 290.0 17 nan 0cd913fa_20240708_150832.data
270.0 290.0 17 nan 0cd913fa_20240708_150856.data
290.0 290.0 17 nan 0cd913fa_20240708_150920.data
290.0 310.0 17 nan 0cd913fa_20240708_150944.data
270.0 310.0 17 nan 0cd913fa_20240708_151008.data
250.0 310.0 17 nan 0cd913fa_20240708_151032.data
230.0 310.0 17 nan 0cd913fa_20240708_151056.data
210.0 310.0 17 nan 0cd913fa_20240708_151120.data
190.0 310.0 17 nan 0cd913fa_20240708_151144.data
170.0 310.0 17 nan 0cd913fa_20240708_151208.data
150.0 310.0 17 nan 0cd913fa_20240708_151232.data
130.0 310.0 17 nan 0cd913fa_20240708_151256.data
110.0 310.0 17 nan 0cd913fa_20240708_151320.data
90.0 310.0 17 nan 0cd913fa_20240708_151344.data
70.0 310.0 17 nan 0cd913fa_20240708_151408.data
50.0 310.0 17 nan 0cd913fa_20240708_151432.data
30.0 310.0 17 nan 0cd913fa_20240708_151456.data
10.0 310.0 17 nan 0cd913fa_20240708_151521.data
10.0 330.0 17 nan 0cd913fa_20240708_151545.data
30.0 330.0 17 nan 0cd913fa_20240708_151609.data
50.0 330.0 17 nan 0cd913fa_20240708_151633.data
70.0 330.0 17 nan 0cd913fa_20240708_151657.data
90.0 330.0 17 nan 0cd913fa_20240708_151721.data
110.0 330.0 17 nan 0cd913fa_20240708_151745.data
130.0 330.0 17 nan 0cd913fa_20240708_151809.data
150.0 330.0 17 nan 0cd913fa_20240708_151833.data
170.0 330.0 17 nan 0cd913fa_20240708_151857.data
190.0 330.0 17 nan 0cd913fa_20240708_151921.data
210.0 330.0 17 nan 0cd913fa_20240708_151945.data
230.0 330.0 17 nan 0cd913fa_20240708_152009.data
250.0 330.0 17 nan 0cd913fa_20240708_152033.data
270.0 330.0 17 nan 0cd913fa_20240708_152057.data
290.0 330.0 17 nan 0cd913fa_20240708_152121.data
10.0 350.0 17 nan 0cd913fa_20240708_152431.data
30.0 350.0 17 nan 0cd913fa_20240708_152455.data
50.0 350.0 17 nan 0cd913fa_20240708_152519.data
70.0 350.0 17 nan 0cd913fa_20240708_152543.data
90.0 350.0 17 nan 0cd913fa_20240708_152607.data
110.0 350.0 17 nan 0cd913fa_20240708_152631.data
130.0 350.0 17 nan 0cd913fa_20240708_152655.data
150.0 350.0 17 nan 0cd913fa_20240708_152719.data
170.0 350.0 17 nan 0cd913fa_20240708_152743.data
190.0 350.0 17 nan 0cd913fa_20240708_152807.data
210.0 350.0 17 nan 0cd913fa_20240708_152831.data
230.0 350.0 17 nan 0cd913fa_20240708_152855.data
250.0 350.0 17 nan 0cd913fa_20240708_152919.data
270.0 350.0 17 nan 0cd913fa_20240708_152943.data
290.0 350.0 17 nan 0cd913fa_20240708_153007.data
290.0 370.0 17 nan 0cd913fa_20240708_153031.data
270.0 370.0 17 nan 0cd913fa_20240708_153055.data
250.0 370.0 17 nan 0cd913fa_20240708_153119.data
230.0 370.0 17 nan 0cd913fa_20240708_153143.data
210.0 370.0 17 nan 0cd913fa_20240708_153207.data
190.0 370.0 17 nan 0cd913fa_20240708_153231.data
170.0 370.0 17 nan 0cd913fa_20240708_153255.data
150.0 370.0 17 nan 0cd913fa_20240708_153319.data
130.0 370.0 17 nan 0cd913fa_20240708_153343.data
110.0 370.0 17 nan 0cd913fa_20240708_153407.data
90.0 370.0 17 nan 0cd913fa_20240708_153431.data
70.0 370.0 17 nan 0cd913fa_20240708_153455.data
50.0 370.0 17 nan 0cd913fa_20240708_153519.data
30.0 370.0 17 nan 0cd913fa_20240708_153543.data
10.0 370.0 17 nan 0cd913fa_20240708_153607.data
10.0 390.0 17 nan 0cd913fa_20240708_153631.data
30.0 390.0 17 nan 0cd913fa_20240708_153655.data
50.0 390.0 17 nan 0cd913fa_20240708_153719.data
70.0 390.0 17 nan 0cd913fa_20240708_153743.data
90.0 390.0 17 nan 0cd913fa_20240708_153807.data
110.0 390.0 17 nan 0cd913fa_20240708_153831.data
130.0 390.0 17 nan 0cd913fa_20240708_153855.data
150.0 390.0 17 nan 0cd913fa_20240708_153919.data
170.0 390.0 17 nan 0cd913fa_20240708_153943.data
190.0 390.0 17 nan 0cd913fa_20240708_154007.data
210.0 390.0 17 nan 0cd913fa_20240708_154031.data
230.0 390.0 17 nan 0cd913fa_20240708_154055.data
250.0 390.0 17 nan 0cd913fa_20240708_154119.data
270.0 390.0 17 nan 0cd913fa_20240708_154143.data
290.0 390.0 17 nan 0cd913fa_20240708_154207.data
290.0 410.0 17 nan 0cd913fa_20240708_154231.data
270.0 410.0 17 nan 0cd913fa_20240708_154255.data
250.0 410.0 17 nan 0cd913fa_20240708_154319.data
230.0 410.0 17 nan 0cd913fa_20240708_154343.data
210.0 410.0 17 nan 0cd913fa_20240708_154407.data
190.0 410.0 17 nan 0cd913fa_20240708_154431.data
170.0 410.0 17 nan 0cd913fa_20240708_154455.data
150.0 410.0 17 nan 0cd913fa_20240708_154519.data
130.0 410.0 17 nan 0cd913fa_20240708_154543.data
110.0 410.0 17 nan 0cd913fa_20240708_154607.data
90.0 410.0 17 nan 0cd913fa_20240708_154631.data
70.0 410.0 17 nan 0cd913fa_20240708_154655.data
50.0 410.0 17 nan 0cd913fa_20240708_154720.data
30.0 410.0 17 nan 0cd913fa_20240708_154743.data
10.0 410.0 17 nan 0cd913fa_20240708_154807.data
10.0 430.0 17 nan 0cd913fa_20240708_154831.data
30.0 430.0 17 nan 0cd913fa_20240708_154856.data
50.0 430.0 17 nan 0cd913fa_20240708_154920.data
70.0 430.0 17 nan 0cd913fa_20240708_154944.data
90.0 430.0 17 nan 0cd913fa_20240708_155008.data
110.0 430.0 17 nan 0cd913fa_20240708_155032.data
130.0 430.0 17 nan 0cd913fa_20240708_155056.data
150.0 430.0 17 nan 0cd913fa_20240708_155120.data
170.0 430.0 17 nan 0cd913fa_20240708_155144.data
190.0 430.0 17 nan 0cd913fa_20240708_155208.data
210.0 430.0 17 nan 0cd913fa_20240708_155232.data
230.0 430.0 17 nan 0cd913fa_20240708_155256.data
250.0 430.0 17 nan 0cd913fa_20240708_155320.data
270.0 430.0 17 nan 0cd913fa_20240708_155344.data
290.0 430.0 17 nan 0cd913fa_20240708_155408.data
290.0 450.0 17 nan 0cd913fa_20240708_155432.data
270.0 450.0 17 nan 0cd913fa_20240708_155456.data
250.0 450.0 17 nan 0cd913fa_20240708_155520.data
230.0 450.0 17 nan 0cd913fa_20240708_155544.data
210.0 450.0 17 nan 0cd913fa_20240708_155608.data
190.0 450.0 17 nan 0cd913fa_20240708_155632.data
170.0 450.0 17 nan 0cd913fa_20240708_155656.data
150.0 450.0 17 nan 0cd913fa_20240708_155720.data
130.0 450.0 17 nan 0cd913fa_20240708_155744.data
110.0 450.0 17 nan 0cd913fa_20240708_155808.data
90.0 450.0 17 nan 0cd913fa_20240708_155832.data
70.0 450.0 17 nan 0cd913fa_20240708_155856.data
50.0 450.0 17 nan 0cd913fa_20240708_155920.data
30.0 450.0 17 nan 0cd913fa_20240708_155944.data
10.0 450.0 17 nan 0cd913fa_20240708_160008.data
10.0 470.0 17 nan 0cd913fa_20240708_160032.data
30.0 470.0 17 nan 0cd913fa_20240708_160056.data
50.0 470.0 17 nan 0cd913fa_20240708_160120.data
70.0 470.0 17 nan 0cd913fa_20240708_160144.data
90.0 470.0 17 nan 0cd913fa_20240708_160208.data
110.0 470.0 17 nan 0cd913fa_20240708_160232.data
130.0 470.0 17 nan 0cd913fa_20240708_160256.data
150.0 470.0 17 nan 0cd913fa_20240708_160320.data
170.0 470.0 17 nan 0cd913fa_20240708_160344.data
190.0 470.0 17 nan 0cd913fa_20240708_160408.data
210.0 470.0 17 nan 0cd913fa_20240708_160432.data
230.0 470.0 17 nan 0cd913fa_20240708_160456.data
250.0 470.0 17 nan 0cd913fa_20240708_160520.data
270.0 470.0 17 nan 0cd913fa_20240708_160544.data
290.0 470.0 17 nan 0cd913fa_20240708_160608.data
