-1 -1 -1 26.471233480176213 0cd9414a_20240809_115650.data
10.0 10.0 17 26.356118942731285 0cd9414a_20240809_115729.data
30.0 10.0 17 26.356118942731285 0cd9414a_20240809_115753.data
50.0 10.0 17 26.356118942731285 0cd9414a_20240809_115817.data
70.0 10.0 17 26.356118942731285 0cd9414a_20240809_115841.data
90.0 10.0 17 26.356118942731285 0cd9414a_20240809_115905.data
110.0 10.0 17 26.356118942731285 0cd9414a_20240809_115929.data
130.0 10.0 17 26.356118942731285 0cd9414a_20240809_115953.data
150.0 10.0 17 26.356118942731285 0cd9414a_20240809_120017.data
170.0 10.0 17 26.356118942731285 0cd9414a_20240809_120041.data
190.0 10.0 17 26.240572687224667 0cd9414a_20240809_120105.data
210.0 10.0 17 26.471233480176213 0cd9414a_20240809_120129.data
230.0 10.0 17 26.356118942731285 0cd9414a_20240809_120153.data
250.0 10.0 17 26.471233480176213 0cd9414a_20240809_120217.data
270.0 10.0 17 26.356118942731285 0cd9414a_20240809_120241.data
290.0 10.0 17 26.356118942731285 0cd9414a_20240809_120305.data
290.0 30.0 17 26.356118942731285 0cd9414a_20240809_120329.data
270.0 30.0 17 26.356118942731285 0cd9414a_20240809_120353.data
250.0 30.0 17 26.356118942731285 0cd9414a_20240809_120417.data
230.0 30.0 17 26.356118942731285 0cd9414a_20240809_120441.data
210.0 30.0 17 26.356118942731285 0cd9414a_20240809_120505.data
190.0 30.0 17 26.471233480176213 0cd9414a_20240809_120529.data
170.0 30.0 17 26.356118942731285 0cd9414a_20240809_120553.data
150.0 30.0 17 26.471233480176213 0cd9414a_20240809_120618.data
130.0 30.0 17 26.356118942731285 0cd9414a_20240809_120642.data
110.0 30.0 17 26.356118942731285 0cd9414a_20240809_120706.data
90.0 30.0 17 26.356118942731285 0cd9414a_20240809_120730.data
70.0 30.0 17 26.356118942731285 0cd9414a_20240809_120754.data
50.0 30.0 17 26.356118942731285 0cd9414a_20240809_120818.data
30.0 30.0 17 26.471233480176213 0cd9414a_20240809_120842.data
10.0 30.0 17 26.471233480176213 0cd9414a_20240809_120906.data
10.0 50.0 17 26.356118942731285 0cd9414a_20240809_120930.data
30.0 50.0 17 26.356118942731285 0cd9414a_20240809_120954.data
50.0 50.0 17 26.356118942731285 0cd9414a_20240809_121018.data
70.0 50.0 17 26.356118942731285 0cd9414a_20240809_121042.data
90.0 50.0 17 26.240572687224667 0cd9414a_20240809_121106.data
110.0 50.0 17 26.471233480176213 0cd9414a_20240809_121130.data
130.0 50.0 17 26.471233480176213 0cd9414a_20240809_121154.data
150.0 50.0 17 26.471233480176213 0cd9414a_20240809_121218.data
170.0 50.0 17 26.356118942731285 0cd9414a_20240809_121242.data
190.0 50.0 17 26.356118942731285 0cd9414a_20240809_121306.data
210.0 50.0 17 26.356118942731285 0cd9414a_20240809_121330.data
230.0 50.0 17 26.356118942731285 0cd9414a_20240809_121354.data
250.0 50.0 17 26.471233480176213 0cd9414a_20240809_121418.data
270.0 50.0 17 26.471233480176213 0cd9414a_20240809_121442.data
290.0 50.0 17 26.356118942731285 0cd9414a_20240809_121506.data
290.0 70.0 17 26.240572687224667 0cd9414a_20240809_121530.data
270.0 70.0 17 26.471233480176213 0cd9414a_20240809_121554.data
250.0 70.0 17 26.240572687224667 0cd9414a_20240809_121618.data
230.0 70.0 17 26.240572687224667 0cd9414a_20240809_121642.data
210.0 70.0 17 26.585916299559475 0cd9414a_20240809_121706.data
190.0 70.0 17 26.356118942731285 0cd9414a_20240809_121730.data
170.0 70.0 17 26.356118942731285 0cd9414a_20240809_121754.data
150.0 70.0 17 26.240572687224667 0cd9414a_20240809_121818.data
130.0 70.0 17 26.356118942731285 0cd9414a_20240809_121842.data
110.0 70.0 17 26.356118942731285 0cd9414a_20240809_121906.data
90.0 70.0 17 26.471233480176213 0cd9414a_20240809_121930.data
70.0 70.0 17 26.356118942731285 0cd9414a_20240809_121954.data
50.0 70.0 17 26.356118942731285 0cd9414a_20240809_122018.data
30.0 70.0 17 26.356118942731285 0cd9414a_20240809_122042.data
10.0 70.0 17 26.240572687224667 0cd9414a_20240809_122106.data
10.0 90.0 17 26.356118942731285 0cd9414a_20240809_122130.data
30.0 90.0 17 26.356118942731285 0cd9414a_20240809_122154.data
50.0 90.0 17 26.356118942731285 0cd9414a_20240809_122218.data
70.0 90.0 17 26.356118942731285 0cd9414a_20240809_122242.data
90.0 90.0 17 26.356118942731285 0cd9414a_20240809_122306.data
110.0 90.0 17 26.471233480176213 0cd9414a_20240809_122330.data
130.0 90.0 17 26.356118942731285 0cd9414a_20240809_122354.data
150.0 90.0 17 26.240572687224667 0cd9414a_20240809_122418.data
170.0 90.0 17 26.240572687224667 0cd9414a_20240809_122442.data
190.0 90.0 17 26.471233480176213 0cd9414a_20240809_122506.data
210.0 90.0 17 26.471233480176213 0cd9414a_20240809_122530.data
230.0 90.0 17 26.356118942731285 0cd9414a_20240809_122554.data
250.0 90.0 17 26.356118942731285 0cd9414a_20240809_122618.data
270.0 90.0 17 26.356118942731285 0cd9414a_20240809_122642.data
290.0 90.0 17 26.240572687224667 0cd9414a_20240809_122706.data
290.0 110.0 17 26.471233480176213 0cd9414a_20240809_122730.data
270.0 110.0 17 26.471233480176213 0cd9414a_20240809_122754.data
250.0 110.0 17 26.356118942731285 0cd9414a_20240809_122818.data
230.0 110.0 17 26.356118942731285 0cd9414a_20240809_122842.data
210.0 110.0 17 26.356118942731285 0cd9414a_20240809_122906.data
190.0 110.0 17 26.356118942731285 0cd9414a_20240809_122930.data
170.0 110.0 17 26.471233480176213 0cd9414a_20240809_122954.data
150.0 110.0 17 26.356118942731285 0cd9414a_20240809_123018.data
130.0 110.0 17 26.356118942731285 0cd9414a_20240809_123042.data
110.0 110.0 17 26.471233480176213 0cd9414a_20240809_123106.data
90.0 110.0 17 26.240572687224667 0cd9414a_20240809_123130.data
70.0 110.0 17 26.356118942731285 0cd9414a_20240809_123154.data
50.0 110.0 17 26.356118942731285 0cd9414a_20240809_123218.data
30.0 110.0 17 26.356118942731285 0cd9414a_20240809_123242.data
10.0 110.0 17 26.585916299559475 0cd9414a_20240809_123306.data
10.0 130.0 17 26.356118942731285 0cd9414a_20240809_123330.data
30.0 130.0 17 26.471233480176213 0cd9414a_20240809_123354.data
50.0 130.0 17 26.356118942731285 0cd9414a_20240809_123418.data
70.0 130.0 17 26.356118942731285 0cd9414a_20240809_123442.data
90.0 130.0 17 26.356118942731285 0cd9414a_20240809_123506.data
110.0 130.0 17 26.471233480176213 0cd9414a_20240809_123530.data
130.0 130.0 17 26.471233480176213 0cd9414a_20240809_123554.data
150.0 130.0 17 26.471233480176213 0cd9414a_20240809_123618.data
170.0 130.0 17 26.356118942731285 0cd9414a_20240809_123642.data
190.0 130.0 17 26.356118942731285 0cd9414a_20240809_123706.data
210.0 130.0 17 26.356118942731285 0cd9414a_20240809_123730.data
230.0 130.0 17 26.356118942731285 0cd9414a_20240809_123754.data
250.0 130.0 17 26.356118942731285 0cd9414a_20240809_123818.data
270.0 130.0 17 26.356118942731285 0cd9414a_20240809_123842.data
290.0 130.0 17 26.240572687224667 0cd9414a_20240809_123906.data
290.0 150.0 17 26.356118942731285 0cd9414a_20240809_123930.data
270.0 150.0 17 26.356118942731285 0cd9414a_20240809_123954.data
250.0 150.0 17 26.356118942731285 0cd9414a_20240809_124018.data
230.0 150.0 17 26.356118942731285 0cd9414a_20240809_124042.data
210.0 150.0 17 26.356118942731285 0cd9414a_20240809_124106.data
190.0 150.0 17 26.356118942731285 0cd9414a_20240809_124130.data
170.0 150.0 17 26.356118942731285 0cd9414a_20240809_124154.data
150.0 150.0 17 26.356118942731285 0cd9414a_20240809_124219.data
130.0 150.0 17 26.356118942731285 0cd9414a_20240809_124243.data
110.0 150.0 17 26.356118942731285 0cd9414a_20240809_124307.data
90.0 150.0 17 26.356118942731285 0cd9414a_20240809_124331.data
70.0 150.0 17 26.356118942731285 0cd9414a_20240809_124355.data
50.0 150.0 17 26.356118942731285 0cd9414a_20240809_124419.data
30.0 150.0 17 26.471233480176213 0cd9414a_20240809_124443.data
10.0 150.0 17 26.356118942731285 0cd9414a_20240809_124507.data
10.0 170.0 17 26.356118942731285 0cd9414a_20240809_124531.data
30.0 170.0 17 26.356118942731285 0cd9414a_20240809_124555.data
50.0 170.0 17 26.471233480176213 0cd9414a_20240809_124619.data
70.0 170.0 17 26.356118942731285 0cd9414a_20240809_124643.data
90.0 170.0 17 26.356118942731285 0cd9414a_20240809_124707.data
110.0 170.0 17 26.471233480176213 0cd9414a_20240809_124731.data
130.0 170.0 17 26.471233480176213 0cd9414a_20240809_124755.data
150.0 170.0 17 26.356118942731285 0cd9414a_20240809_124819.data
170.0 170.0 17 26.356118942731285 0cd9414a_20240809_124843.data
190.0 170.0 17 26.471233480176213 0cd9414a_20240809_124907.data
210.0 170.0 17 26.356118942731285 0cd9414a_20240809_124931.data
230.0 170.0 17 26.356118942731285 0cd9414a_20240809_124955.data
250.0 170.0 17 26.471233480176213 0cd9414a_20240809_125019.data
270.0 170.0 17 26.471233480176213 0cd9414a_20240809_125043.data
290.0 170.0 17 26.471233480176213 0cd9414a_20240809_125107.data
290.0 190.0 17 26.471233480176213 0cd9414a_20240809_125131.data
270.0 190.0 17 26.471233480176213 0cd9414a_20240809_125155.data
250.0 190.0 17 26.356118942731285 0cd9414a_20240809_125219.data
230.0 190.0 17 26.356118942731285 0cd9414a_20240809_125243.data
210.0 190.0 17 26.356118942731285 0cd9414a_20240809_125307.data
190.0 190.0 17 26.471233480176213 0cd9414a_20240809_125331.data
170.0 190.0 17 26.356118942731285 0cd9414a_20240809_125355.data
150.0 190.0 17 26.356118942731285 0cd9414a_20240809_125419.data
130.0 190.0 17 26.471233480176213 0cd9414a_20240809_125443.data
110.0 190.0 17 26.356118942731285 0cd9414a_20240809_125507.data
90.0 190.0 17 26.356118942731285 0cd9414a_20240809_125531.data
70.0 190.0 17 26.356118942731285 0cd9414a_20240809_125555.data
50.0 190.0 17 26.471233480176213 0cd9414a_20240809_125619.data
30.0 190.0 17 26.356118942731285 0cd9414a_20240809_125643.data
10.0 190.0 17 26.356118942731285 0cd9414a_20240809_125707.data
10.0 210.0 17 26.356118942731285 0cd9414a_20240809_125731.data
30.0 210.0 17 26.471233480176213 0cd9414a_20240809_125755.data
50.0 210.0 17 26.471233480176213 0cd9414a_20240809_125819.data
70.0 210.0 17 26.356118942731285 0cd9414a_20240809_125843.data
90.0 210.0 17 26.471233480176213 0cd9414a_20240809_125907.data
110.0 210.0 17 26.356118942731285 0cd9414a_20240809_125931.data
130.0 210.0 17 26.356118942731285 0cd9414a_20240809_125955.data
150.0 210.0 17 26.240572687224667 0cd9414a_20240809_130019.data
170.0 210.0 17 26.471233480176213 0cd9414a_20240809_130043.data
190.0 210.0 17 26.356118942731285 0cd9414a_20240809_130107.data
210.0 210.0 17 26.356118942731285 0cd9414a_20240809_130131.data
230.0 210.0 17 26.240572687224667 0cd9414a_20240809_130155.data
250.0 210.0 17 26.356118942731285 0cd9414a_20240809_130219.data
270.0 210.0 17 26.356118942731285 0cd9414a_20240809_130243.data
290.0 210.0 17 26.471233480176213 0cd9414a_20240809_130307.data
290.0 230.0 17 26.585916299559475 0cd9414a_20240809_130331.data
270.0 230.0 17 26.356118942731285 0cd9414a_20240809_130355.data
250.0 230.0 17 26.356118942731285 0cd9414a_20240809_130419.data
230.0 230.0 17 26.356118942731285 0cd9414a_20240809_130443.data
210.0 230.0 17 26.240572687224667 0cd9414a_20240809_130507.data
190.0 230.0 17 26.356118942731285 0cd9414a_20240809_130531.data
170.0 230.0 17 26.471233480176213 0cd9414a_20240809_130555.data
150.0 230.0 17 26.356118942731285 0cd9414a_20240809_130619.data
130.0 230.0 17 26.356118942731285 0cd9414a_20240809_130643.data
110.0 230.0 17 26.471233480176213 0cd9414a_20240809_130707.data
90.0 230.0 17 26.240572687224667 0cd9414a_20240809_130731.data
70.0 230.0 17 26.585916299559475 0cd9414a_20240809_130755.data
50.0 230.0 17 26.471233480176213 0cd9414a_20240809_130819.data
30.0 230.0 17 26.471233480176213 0cd9414a_20240809_130843.data
10.0 230.0 17 26.471233480176213 0cd9414a_20240809_130907.data
10.0 250.0 17 26.356118942731285 0cd9414a_20240809_130931.data
30.0 250.0 17 26.585916299559475 0cd9414a_20240809_130955.data
50.0 250.0 17 26.240572687224667 0cd9414a_20240809_131019.data
70.0 250.0 17 26.356118942731285 0cd9414a_20240809_131043.data
90.0 250.0 17 26.471233480176213 0cd9414a_20240809_131107.data
110.0 250.0 17 26.356118942731285 0cd9414a_20240809_131131.data
130.0 250.0 17 26.356118942731285 0cd9414a_20240809_131155.data
150.0 250.0 17 26.356118942731285 0cd9414a_20240809_131219.data
170.0 250.0 17 26.585916299559475 0cd9414a_20240809_131243.data
190.0 250.0 17 26.240572687224667 0cd9414a_20240809_131307.data
210.0 250.0 17 26.356118942731285 0cd9414a_20240809_131331.data
230.0 250.0 17 26.356118942731285 0cd9414a_20240809_131355.data
250.0 250.0 17 26.240572687224667 0cd9414a_20240809_131419.data
270.0 250.0 17 26.471233480176213 0cd9414a_20240809_131443.data
290.0 250.0 17 26.471233480176213 0cd9414a_20240809_131507.data
290.0 270.0 17 26.585916299559475 0cd9414a_20240809_131531.data
270.0 270.0 17 26.356118942731285 0cd9414a_20240809_131555.data
250.0 270.0 17 26.471233480176213 0cd9414a_20240809_131619.data
230.0 270.0 17 26.585916299559475 0cd9414a_20240809_131643.data
210.0 270.0 17 26.356118942731285 0cd9414a_20240809_131708.data
190.0 270.0 17 26.585916299559475 0cd9414a_20240809_131732.data
170.0 270.0 17 26.585916299559475 0cd9414a_20240809_131756.data
150.0 270.0 17 26.585916299559475 0cd9414a_20240809_131820.data
130.0 270.0 17 26.356118942731285 0cd9414a_20240809_131844.data
110.0 270.0 17 26.471233480176213 0cd9414a_20240809_131908.data
90.0 270.0 17 26.471233480176213 0cd9414a_20240809_131932.data
70.0 270.0 17 26.356118942731285 0cd9414a_20240809_131956.data
50.0 270.0 17 26.471233480176213 0cd9414a_20240809_132020.data
30.0 270.0 17 26.356118942731285 0cd9414a_20240809_132044.data
10.0 270.0 17 26.471233480176213 0cd9414a_20240809_132108.data
10.0 290.0 17 26.356118942731285 0cd9414a_20240809_132132.data
30.0 290.0 17 26.356118942731285 0cd9414a_20240809_132156.data
50.0 290.0 17 26.356118942731285 0cd9414a_20240809_132220.data
70.0 290.0 17 26.356118942731285 0cd9414a_20240809_132244.data
90.0 290.0 17 26.356118942731285 0cd9414a_20240809_132308.data
110.0 290.0 17 26.240572687224667 0cd9414a_20240809_132332.data
130.0 290.0 17 26.356118942731285 0cd9414a_20240809_132356.data
150.0 290.0 17 26.356118942731285 0cd9414a_20240809_132420.data
170.0 290.0 17 26.356118942731285 0cd9414a_20240809_132444.data
190.0 290.0 17 26.356118942731285 0cd9414a_20240809_132508.data
210.0 290.0 17 26.356118942731285 0cd9414a_20240809_132532.data
230.0 290.0 17 26.356118942731285 0cd9414a_20240809_132556.data
250.0 290.0 17 -1 0cd9414a_20240809_132620.data
270.0 290.0 17 26.356118942731285 0cd9414a_20240809_132644.data
290.0 290.0 17 26.471233480176213 0cd9414a_20240809_132708.data
290.0 310.0 17 -1 0cd9414a_20240809_132732.data
270.0 310.0 17 26.356118942731285 0cd9414a_20240809_132756.data
250.0 310.0 17 26.585916299559475 0cd9414a_20240809_132820.data
230.0 310.0 17 26.585916299559475 0cd9414a_20240809_132844.data
210.0 310.0 17 26.356118942731285 0cd9414a_20240809_132908.data
190.0 310.0 17 26.356118942731285 0cd9414a_20240809_132932.data
170.0 310.0 17 26.471233480176213 0cd9414a_20240809_132956.data
150.0 310.0 17 -1 0cd9414a_20240809_133020.data
130.0 310.0 17 26.471233480176213 0cd9414a_20240809_133044.data
110.0 310.0 17 26.240572687224667 0cd9414a_20240809_133108.data
90.0 310.0 17 26.585916299559475 0cd9414a_20240809_133132.data
70.0 310.0 17 26.3568281938326 0cd9414a_20240809_133156.data
50.0 310.0 17 26.9273127753304 0cd9414a_20240809_133220.data
30.0 310.0 17 26.81392511013216 0cd9414a_20240809_133244.data
10.0 310.0 17 26.9273127753304 0cd9414a_20240809_133308.data
10.0 330.0 17 26.9273127753304 0cd9414a_20240809_133332.data
30.0 330.0 17 26.9273127753304 0cd9414a_20240809_133356.data
50.0 330.0 17 27.04026872246696 0cd9414a_20240809_133420.data
70.0 330.0 17 26.9273127753304 0cd9414a_20240809_133444.data
90.0 330.0 17 26.9273127753304 0cd9414a_20240809_133508.data
110.0 330.0 17 26.9273127753304 0cd9414a_20240809_133532.data
130.0 330.0 17 26.9273127753304 0cd9414a_20240809_133556.data
150.0 330.0 17 26.9273127753304 0cd9414a_20240809_133620.data
170.0 330.0 17 26.9273127753304 0cd9414a_20240809_133644.data
190.0 330.0 17 26.81392511013216 0cd9414a_20240809_133708.data
210.0 330.0 17 26.9273127753304 0cd9414a_20240809_133732.data
230.0 330.0 17 26.9273127753304 0cd9414a_20240809_133756.data
250.0 330.0 17 26.9273127753304 0cd9414a_20240809_133820.data
270.0 330.0 17 26.9273127753304 0cd9414a_20240809_133844.data
290.0 330.0 17 26.9273127753304 0cd9414a_20240809_133908.data
10.0 350.0 17 26.9273127753304 0cd9414a_20240809_134152.data
30.0 350.0 17 26.9273127753304 0cd9414a_20240809_134216.data
50.0 350.0 17 26.9273127753304 0cd9414a_20240809_134240.data
70.0 350.0 17 26.9273127753304 0cd9414a_20240809_134304.data
90.0 350.0 17 26.81392511013216 0cd9414a_20240809_134328.data
110.0 350.0 17 26.81392511013216 0cd9414a_20240809_134353.data
130.0 350.0 17 26.9273127753304 0cd9414a_20240809_134417.data
150.0 350.0 17 26.9273127753304 0cd9414a_20240809_134441.data
170.0 350.0 17 26.9273127753304 0cd9414a_20240809_134505.data
190.0 350.0 17 26.9273127753304 0cd9414a_20240809_134529.data
210.0 350.0 17 26.81392511013216 0cd9414a_20240809_134553.data
230.0 350.0 17 26.81392511013216 0cd9414a_20240809_134617.data
250.0 350.0 17 26.9273127753304 0cd9414a_20240809_134641.data
270.0 350.0 17 26.9273127753304 0cd9414a_20240809_134705.data
290.0 350.0 17 26.9273127753304 0cd9414a_20240809_134729.data
290.0 370.0 17 26.9273127753304 0cd9414a_20240809_134753.data
270.0 370.0 17 26.9273127753304 0cd9414a_20240809_134817.data
250.0 370.0 17 26.9273127753304 0cd9414a_20240809_134841.data
230.0 370.0 17 26.9273127753304 0cd9414a_20240809_134905.data
210.0 370.0 17 26.9273127753304 0cd9414a_20240809_134929.data
190.0 370.0 17 26.81392511013216 0cd9414a_20240809_134953.data
170.0 370.0 17 26.9273127753304 0cd9414a_20240809_135017.data
150.0 370.0 17 26.9273127753304 0cd9414a_20240809_135041.data
130.0 370.0 17 26.9273127753304 0cd9414a_20240809_135105.data
110.0 370.0 17 26.9273127753304 0cd9414a_20240809_135129.data
90.0 370.0 17 26.9273127753304 0cd9414a_20240809_135153.data
70.0 370.0 17 26.9273127753304 0cd9414a_20240809_135217.data
50.0 370.0 17 26.9273127753304 0cd9414a_20240809_135241.data
30.0 370.0 17 26.81392511013216 0cd9414a_20240809_135305.data
10.0 370.0 17 27.04026872246696 0cd9414a_20240809_135329.data
10.0 390.0 17 26.9273127753304 0cd9414a_20240809_135353.data
30.0 390.0 17 26.9273127753304 0cd9414a_20240809_135417.data
50.0 390.0 17 26.9273127753304 0cd9414a_20240809_135441.data
70.0 390.0 17 26.9273127753304 0cd9414a_20240809_135505.data
90.0 390.0 17 26.9273127753304 0cd9414a_20240809_135529.data
110.0 390.0 17 26.9273127753304 0cd9414a_20240809_135553.data
130.0 390.0 17 26.9273127753304 0cd9414a_20240809_135617.data
150.0 390.0 17 26.9273127753304 0cd9414a_20240809_135641.data
170.0 390.0 17 26.9273127753304 0cd9414a_20240809_135705.data
190.0 390.0 17 26.9273127753304 0cd9414a_20240809_135729.data
210.0 390.0 17 26.9273127753304 0cd9414a_20240809_135753.data
230.0 390.0 17 26.9273127753304 0cd9414a_20240809_135817.data
250.0 390.0 17 26.9273127753304 0cd9414a_20240809_135841.data
270.0 390.0 17 26.9273127753304 0cd9414a_20240809_135905.data
290.0 390.0 17 26.9273127753304 0cd9414a_20240809_135929.data
290.0 410.0 17 26.9273127753304 0cd9414a_20240809_135953.data
270.0 410.0 17 26.9273127753304 0cd9414a_20240809_140017.data
250.0 410.0 17 26.9273127753304 0cd9414a_20240809_140041.data
230.0 410.0 17 26.9273127753304 0cd9414a_20240809_140105.data
210.0 410.0 17 26.9273127753304 0cd9414a_20240809_140129.data
190.0 410.0 17 26.9273127753304 0cd9414a_20240809_140153.data
170.0 410.0 17 26.9273127753304 0cd9414a_20240809_140217.data
150.0 410.0 17 26.9273127753304 0cd9414a_20240809_140241.data
130.0 410.0 17 26.9273127753304 0cd9414a_20240809_140305.data
110.0 410.0 17 26.9273127753304 0cd9414a_20240809_140329.data
90.0 410.0 17 26.9273127753304 0cd9414a_20240809_140353.data
70.0 410.0 17 26.9273127753304 0cd9414a_20240809_140417.data
50.0 410.0 17 26.9273127753304 0cd9414a_20240809_140441.data
30.0 410.0 17 26.9273127753304 0cd9414a_20240809_140505.data
10.0 410.0 17 26.9273127753304 0cd9414a_20240809_140529.data
10.0 430.0 17 26.9273127753304 0cd9414a_20240809_140553.data
30.0 430.0 17 26.9273127753304 0cd9414a_20240809_140617.data
50.0 430.0 17 26.81392511013216 0cd9414a_20240809_140641.data
70.0 430.0 17 26.81392511013216 0cd9414a_20240809_140705.data
90.0 430.0 17 26.9273127753304 0cd9414a_20240809_140729.data
110.0 430.0 17 26.9273127753304 0cd9414a_20240809_140753.data
130.0 430.0 17 26.9273127753304 0cd9414a_20240809_140817.data
150.0 430.0 17 26.9273127753304 0cd9414a_20240809_140841.data
170.0 430.0 17 26.9273127753304 0cd9414a_20240809_140905.data
190.0 430.0 17 26.9273127753304 0cd9414a_20240809_140929.data
210.0 430.0 17 26.9273127753304 0cd9414a_20240809_140953.data
230.0 430.0 17 26.9273127753304 0cd9414a_20240809_141017.data
250.0 430.0 17 26.9273127753304 0cd9414a_20240809_141041.data
270.0 430.0 17 26.9273127753304 0cd9414a_20240809_141105.data
290.0 430.0 17 26.9273127753304 0cd9414a_20240809_141129.data
290.0 450.0 17 26.9273127753304 0cd9414a_20240809_141153.data
270.0 450.0 17 26.9273127753304 0cd9414a_20240809_141217.data
250.0 450.0 17 26.9273127753304 0cd9414a_20240809_141241.data
230.0 450.0 17 26.9273127753304 0cd9414a_20240809_141305.data
210.0 450.0 17 26.9273127753304 0cd9414a_20240809_141329.data
190.0 450.0 17 26.9273127753304 0cd9414a_20240809_141353.data
170.0 450.0 17 26.9273127753304 0cd9414a_20240809_141417.data
150.0 450.0 17 26.9273127753304 0cd9414a_20240809_141441.data
130.0 450.0 17 26.9273127753304 0cd9414a_20240809_141505.data
110.0 450.0 17 26.9273127753304 0cd9414a_20240809_141529.data
90.0 450.0 17 26.9273127753304 0cd9414a_20240809_141553.data
70.0 450.0 17 26.9273127753304 0cd9414a_20240809_141617.data
50.0 450.0 17 26.9273127753304 0cd9414a_20240809_141641.data
30.0 450.0 17 26.9273127753304 0cd9414a_20240809_141705.data
10.0 450.0 17 26.9273127753304 0cd9414a_20240809_141729.data
10.0 470.0 17 26.9273127753304 0cd9414a_20240809_141753.data
30.0 470.0 17 26.9273127753304 0cd9414a_20240809_141817.data
50.0 470.0 17 26.9273127753304 0cd9414a_20240809_141841.data
70.0 470.0 17 26.9273127753304 0cd9414a_20240809_141905.data
90.0 470.0 17 26.81392511013216 0cd9414a_20240809_141929.data
110.0 470.0 17 26.9273127753304 0cd9414a_20240809_141954.data
130.0 470.0 17 26.9273127753304 0cd9414a_20240809_142018.data
150.0 470.0 17 26.9273127753304 0cd9414a_20240809_142042.data
170.0 470.0 17 26.81392511013216 0cd9414a_20240809_142106.data
190.0 470.0 17 26.9273127753304 0cd9414a_20240809_142130.data
210.0 470.0 17 26.9273127753304 0cd9414a_20240809_142154.data
230.0 470.0 17 26.9273127753304 0cd9414a_20240809_142218.data
250.0 470.0 17 26.9273127753304 0cd9414a_20240809_142242.data
270.0 470.0 17 26.9273127753304 0cd9414a_20240809_142306.data
290.0 470.0 17 26.9273127753304 0cd9414a_20240809_142330.data
