-1 -1 -1 27.928651982378856 0cd9414a_20240809_172731.data
10.0 10.0 17 27.928651982378856 0cd9414a_20240809_172810.data
30.0 10.0 17 27.928651982378856 0cd9414a_20240809_172834.data
50.0 10.0 17 27.928651982378856 0cd9414a_20240809_172858.data
70.0 10.0 17 27.928651982378856 0cd9414a_20240809_172922.data
90.0 10.0 17 27.928651982378856 0cd9414a_20240809_172946.data
110.0 10.0 17 27.928651982378856 0cd9414a_20240809_173010.data
130.0 10.0 17 27.928651982378856 0cd9414a_20240809_173034.data
150.0 10.0 17 27.928651982378856 0cd9414a_20240809_173058.data
170.0 10.0 17 27.928651982378856 0cd9414a_20240809_173122.data
190.0 10.0 17 27.928651982378856 0cd9414a_20240809_173146.data
210.0 10.0 17 27.928651982378856 0cd9414a_20240809_173210.data
230.0 10.0 17 27.928651982378856 0cd9414a_20240809_173234.data
250.0 10.0 17 27.928651982378856 0cd9414a_20240809_173258.data
270.0 10.0 17 27.928651982378856 0cd9414a_20240809_173322.data
290.0 10.0 17 27.928651982378856 0cd9414a_20240809_173346.data
290.0 30.0 17 27.928651982378856 0cd9414a_20240809_173410.data
270.0 30.0 17 27.928651982378856 0cd9414a_20240809_173434.data
250.0 30.0 17 27.928651982378856 0cd9414a_20240809_173458.data
230.0 30.0 17 27.928651982378856 0cd9414a_20240809_173522.data
210.0 30.0 17 27.928651982378856 0cd9414a_20240809_173546.data
190.0 30.0 17 27.928651982378856 0cd9414a_20240809_173610.data
170.0 30.0 17 27.928651982378856 0cd9414a_20240809_173634.data
150.0 30.0 17 27.928651982378856 0cd9414a_20240809_173658.data
130.0 30.0 17 27.928651982378856 0cd9414a_20240809_173723.data
110.0 30.0 17 27.928651982378856 0cd9414a_20240809_173747.data
90.0 30.0 17 27.928651982378856 0cd9414a_20240809_173811.data
70.0 30.0 17 27.81905726872247 0cd9414a_20240809_173835.data
50.0 30.0 17 27.928651982378856 0cd9414a_20240809_173859.data
30.0 30.0 17 27.928651982378856 0cd9414a_20240809_173923.data
10.0 30.0 17 27.928651982378856 0cd9414a_20240809_173947.data
10.0 50.0 17 27.928651982378856 0cd9414a_20240809_174011.data
30.0 50.0 17 27.928651982378856 0cd9414a_20240809_174035.data
50.0 50.0 17 27.928651982378856 0cd9414a_20240809_174059.data
70.0 50.0 17 27.928651982378856 0cd9414a_20240809_174123.data
90.0 50.0 17 27.928651982378856 0cd9414a_20240809_174147.data
110.0 50.0 17 27.928651982378856 0cd9414a_20240809_174211.data
130.0 50.0 17 27.928651982378856 0cd9414a_20240809_174235.data
150.0 50.0 17 27.928651982378856 0cd9414a_20240809_174259.data
170.0 50.0 17 27.928651982378856 0cd9414a_20240809_174323.data
190.0 50.0 17 27.928651982378856 0cd9414a_20240809_174347.data
210.0 50.0 17 27.928651982378856 0cd9414a_20240809_174411.data
230.0 50.0 17 27.928651982378856 0cd9414a_20240809_174435.data
250.0 50.0 17 27.81905726872247 0cd9414a_20240809_174459.data
270.0 50.0 17 27.81905726872247 0cd9414a_20240809_174523.data
290.0 50.0 17 27.928651982378856 0cd9414a_20240809_174547.data
290.0 70.0 17 27.928651982378856 0cd9414a_20240809_174611.data
270.0 70.0 17 27.928651982378856 0cd9414a_20240809_174635.data
250.0 70.0 17 27.928651982378856 0cd9414a_20240809_174659.data
230.0 70.0 17 28.14663876651983 0cd9414a_20240809_174723.data
210.0 70.0 17 27.928651982378856 0cd9414a_20240809_174747.data
190.0 70.0 17 28.037845814977977 0cd9414a_20240809_174811.data
170.0 70.0 17 27.81905726872247 0cd9414a_20240809_174835.data
150.0 70.0 17 27.928651982378856 0cd9414a_20240809_174859.data
130.0 70.0 17 27.81905726872247 0cd9414a_20240809_174923.data
110.0 70.0 17 27.928651982378856 0cd9414a_20240809_174947.data
90.0 70.0 17 27.81905726872247 0cd9414a_20240809_175011.data
70.0 70.0 17 27.928651982378856 0cd9414a_20240809_175035.data
50.0 70.0 17 27.928651982378856 0cd9414a_20240809_175059.data
30.0 70.0 17 27.928651982378856 0cd9414a_20240809_175123.data
10.0 70.0 17 27.928651982378856 0cd9414a_20240809_175147.data
10.0 90.0 17 27.928651982378856 0cd9414a_20240809_175211.data
30.0 90.0 17 27.928651982378856 0cd9414a_20240809_175235.data
50.0 90.0 17 27.928651982378856 0cd9414a_20240809_175259.data
70.0 90.0 17 27.928651982378856 0cd9414a_20240809_175323.data
90.0 90.0 17 27.928651982378856 0cd9414a_20240809_175347.data
110.0 90.0 17 27.928651982378856 0cd9414a_20240809_175411.data
130.0 90.0 17 27.928651982378856 0cd9414a_20240809_175435.data
150.0 90.0 17 27.928651982378856 0cd9414a_20240809_175459.data
170.0 90.0 17 27.928651982378856 0cd9414a_20240809_175523.data
190.0 90.0 17 27.928651982378856 0cd9414a_20240809_175547.data
210.0 90.0 17 27.928651982378856 0cd9414a_20240809_175611.data
230.0 90.0 17 27.81905726872247 0cd9414a_20240809_175635.data
250.0 90.0 17 27.928651982378856 0cd9414a_20240809_175659.data
270.0 90.0 17 27.928651982378856 0cd9414a_20240809_175723.data
290.0 90.0 17 27.928651982378856 0cd9414a_20240809_175747.data
290.0 110.0 17 27.81905726872247 0cd9414a_20240809_175811.data
270.0 110.0 17 27.928651982378856 0cd9414a_20240809_175835.data
250.0 110.0 17 27.81905726872247 0cd9414a_20240809_175859.data
230.0 110.0 17 27.81905726872247 0cd9414a_20240809_175923.data
210.0 110.0 17 27.928651982378856 0cd9414a_20240809_175947.data
190.0 110.0 17 27.928651982378856 0cd9414a_20240809_180011.data
170.0 110.0 17 27.928651982378856 0cd9414a_20240809_180035.data
150.0 110.0 17 27.928651982378856 0cd9414a_20240809_180059.data
130.0 110.0 17 27.928651982378856 0cd9414a_20240809_180123.data
110.0 110.0 17 27.928651982378856 0cd9414a_20240809_180147.data
90.0 110.0 17 27.928651982378856 0cd9414a_20240809_180211.data
70.0 110.0 17 27.928651982378856 0cd9414a_20240809_180235.data
50.0 110.0 17 27.928651982378856 0cd9414a_20240809_180259.data
30.0 110.0 17 27.928651982378856 0cd9414a_20240809_180323.data
10.0 110.0 17 27.928651982378856 0cd9414a_20240809_180347.data
10.0 130.0 17 27.928651982378856 0cd9414a_20240809_180411.data
30.0 130.0 17 27.928651982378856 0cd9414a_20240809_180435.data
50.0 130.0 17 27.928651982378856 0cd9414a_20240809_180459.data
70.0 130.0 17 27.928651982378856 0cd9414a_20240809_180523.data
90.0 130.0 17 27.928651982378856 0cd9414a_20240809_180547.data
110.0 130.0 17 27.928651982378856 0cd9414a_20240809_180611.data
130.0 130.0 17 27.928651982378856 0cd9414a_20240809_180635.data
150.0 130.0 17 27.928651982378856 0cd9414a_20240809_180659.data
170.0 130.0 17 27.928651982378856 0cd9414a_20240809_180723.data
190.0 130.0 17 27.928651982378856 0cd9414a_20240809_180747.data
210.0 130.0 17 27.81905726872247 0cd9414a_20240809_180811.data
230.0 130.0 17 28.14663876651983 0cd9414a_20240809_180835.data
250.0 130.0 17 27.81905726872247 0cd9414a_20240809_180859.data
270.0 130.0 17 27.81905726872247 0cd9414a_20240809_180923.data
290.0 130.0 17 27.81905726872247 0cd9414a_20240809_180947.data
290.0 150.0 17 27.928651982378856 0cd9414a_20240809_181011.data
270.0 150.0 17 27.928651982378856 0cd9414a_20240809_181035.data
250.0 150.0 17 27.928651982378856 0cd9414a_20240809_181059.data
230.0 150.0 17 27.928651982378856 0cd9414a_20240809_181123.data
210.0 150.0 17 27.928651982378856 0cd9414a_20240809_181147.data
190.0 150.0 17 27.928651982378856 0cd9414a_20240809_181211.data
170.0 150.0 17 27.928651982378856 0cd9414a_20240809_181235.data
150.0 150.0 17 27.928651982378856 0cd9414a_20240809_181259.data
130.0 150.0 17 27.928651982378856 0cd9414a_20240809_181323.data
110.0 150.0 17 27.928651982378856 0cd9414a_20240809_181348.data
90.0 150.0 17 27.928651982378856 0cd9414a_20240809_181412.data
70.0 150.0 17 27.928651982378856 0cd9414a_20240809_181436.data
50.0 150.0 17 27.928651982378856 0cd9414a_20240809_181500.data
30.0 150.0 17 27.928651982378856 0cd9414a_20240809_181524.data
10.0 150.0 17 28.14663876651983 0cd9414a_20240809_181548.data
10.0 170.0 17 27.928651982378856 0cd9414a_20240809_181612.data
30.0 170.0 17 27.928651982378856 0cd9414a_20240809_181636.data
50.0 170.0 17 27.928651982378856 0cd9414a_20240809_181700.data
70.0 170.0 17 27.928651982378856 0cd9414a_20240809_181724.data
90.0 170.0 17 27.928651982378856 0cd9414a_20240809_181748.data
110.0 170.0 17 27.928651982378856 0cd9414a_20240809_181812.data
130.0 170.0 17 27.928651982378856 0cd9414a_20240809_181836.data
150.0 170.0 17 27.928651982378856 0cd9414a_20240809_181900.data
170.0 170.0 17 27.928651982378856 0cd9414a_20240809_181924.data
190.0 170.0 17 27.928651982378856 0cd9414a_20240809_181948.data
210.0 170.0 17 27.928651982378856 0cd9414a_20240809_182012.data
230.0 170.0 17 27.928651982378856 0cd9414a_20240809_182036.data
250.0 170.0 17 27.928651982378856 0cd9414a_20240809_182100.data
270.0 170.0 17 27.928651982378856 0cd9414a_20240809_182124.data
290.0 170.0 17 27.928651982378856 0cd9414a_20240809_182148.data
290.0 190.0 17 27.928651982378856 0cd9414a_20240809_182212.data
270.0 190.0 17 27.928651982378856 0cd9414a_20240809_182236.data
250.0 190.0 17 27.928651982378856 0cd9414a_20240809_182300.data
230.0 190.0 17 27.928651982378856 0cd9414a_20240809_182324.data
210.0 190.0 17 27.928651982378856 0cd9414a_20240809_182348.data
190.0 190.0 17 27.928651982378856 0cd9414a_20240809_182412.data
170.0 190.0 17 27.928651982378856 0cd9414a_20240809_182436.data
150.0 190.0 17 27.928651982378856 0cd9414a_20240809_182500.data
130.0 190.0 17 27.928651982378856 0cd9414a_20240809_182524.data
110.0 190.0 17 27.928651982378856 0cd9414a_20240809_182548.data
90.0 190.0 17 27.928651982378856 0cd9414a_20240809_182612.data
70.0 190.0 17 27.928651982378856 0cd9414a_20240809_182636.data
50.0 190.0 17 27.928651982378856 0cd9414a_20240809_182700.data
30.0 190.0 17 27.928651982378856 0cd9414a_20240809_182724.data
10.0 190.0 17 27.81905726872247 0cd9414a_20240809_182748.data
10.0 210.0 17 27.928651982378856 0cd9414a_20240809_182812.data
30.0 210.0 17 27.928651982378856 0cd9414a_20240809_182836.data
50.0 210.0 17 27.928651982378856 0cd9414a_20240809_182900.data
70.0 210.0 17 27.928651982378856 0cd9414a_20240809_182924.data
90.0 210.0 17 27.928651982378856 0cd9414a_20240809_182948.data
110.0 210.0 17 27.928651982378856 0cd9414a_20240809_183012.data
130.0 210.0 17 27.928651982378856 0cd9414a_20240809_183036.data
150.0 210.0 17 27.928651982378856 0cd9414a_20240809_183100.data
170.0 210.0 17 27.81905726872247 0cd9414a_20240809_183124.data
190.0 210.0 17 27.81905726872247 0cd9414a_20240809_183148.data
210.0 210.0 17 27.928651982378856 0cd9414a_20240809_183212.data
230.0 210.0 17 27.928651982378856 0cd9414a_20240809_183236.data
250.0 210.0 17 27.928651982378856 0cd9414a_20240809_183300.data
270.0 210.0 17 27.928651982378856 0cd9414a_20240809_183324.data
290.0 210.0 17 27.928651982378856 0cd9414a_20240809_183348.data
290.0 230.0 17 27.928651982378856 0cd9414a_20240809_183412.data
270.0 230.0 17 27.928651982378856 0cd9414a_20240809_183436.data
250.0 230.0 17 27.928651982378856 0cd9414a_20240809_183500.data
230.0 230.0 17 27.928651982378856 0cd9414a_20240809_183524.data
210.0 230.0 17 27.928651982378856 0cd9414a_20240809_183548.data
190.0 230.0 17 27.928651982378856 0cd9414a_20240809_183612.data
170.0 230.0 17 27.928651982378856 0cd9414a_20240809_183636.data
150.0 230.0 17 27.928651982378856 0cd9414a_20240809_183700.data
130.0 230.0 17 27.928651982378856 0cd9414a_20240809_183724.data
110.0 230.0 17 27.928651982378856 0cd9414a_20240809_183748.data
90.0 230.0 17 27.928651982378856 0cd9414a_20240809_183812.data
70.0 230.0 17 27.928651982378856 0cd9414a_20240809_183836.data
50.0 230.0 17 27.928651982378856 0cd9414a_20240809_183900.data
30.0 230.0 17 27.928651982378856 0cd9414a_20240809_183924.data
10.0 230.0 17 27.928651982378856 0cd9414a_20240809_183948.data
10.0 250.0 17 27.928651982378856 0cd9414a_20240809_184012.data
30.0 250.0 17 27.928651982378856 0cd9414a_20240809_184036.data
50.0 250.0 17 27.928651982378856 0cd9414a_20240809_184100.data
70.0 250.0 17 27.928651982378856 0cd9414a_20240809_184124.data
90.0 250.0 17 27.928651982378856 0cd9414a_20240809_184148.data
110.0 250.0 17 27.928651982378856 0cd9414a_20240809_184212.data
130.0 250.0 17 27.928651982378856 0cd9414a_20240809_184236.data
150.0 250.0 17 27.928651982378856 0cd9414a_20240809_184300.data
170.0 250.0 17 27.928651982378856 0cd9414a_20240809_184324.data
190.0 250.0 17 27.928651982378856 0cd9414a_20240809_184348.data
210.0 250.0 17 27.928651982378856 0cd9414a_20240809_184412.data
230.0 250.0 17 27.928651982378856 0cd9414a_20240809_184436.data
250.0 250.0 17 27.928651982378856 0cd9414a_20240809_184500.data
270.0 250.0 17 27.81905726872247 0cd9414a_20240809_184524.data
290.0 250.0 17 27.928651982378856 0cd9414a_20240809_184548.data
290.0 270.0 17 27.928651982378856 0cd9414a_20240809_184612.data
270.0 270.0 17 27.928651982378856 0cd9414a_20240809_184636.data
250.0 270.0 17 27.928651982378856 0cd9414a_20240809_184700.data
230.0 270.0 17 27.928651982378856 0cd9414a_20240809_184724.data
210.0 270.0 17 27.928651982378856 0cd9414a_20240809_184748.data
190.0 270.0 17 27.81905726872247 0cd9414a_20240809_184812.data
170.0 270.0 17 27.81905726872247 0cd9414a_20240809_184836.data
150.0 270.0 17 27.928651982378856 0cd9414a_20240809_184900.data
130.0 270.0 17 27.928651982378856 0cd9414a_20240809_184924.data
110.0 270.0 17 27.928651982378856 0cd9414a_20240809_184948.data
90.0 270.0 17 27.709061674008815 0cd9414a_20240809_185012.data
70.0 270.0 17 27.928651982378856 0cd9414a_20240809_185036.data
50.0 270.0 17 27.928651982378856 0cd9414a_20240809_185100.data
30.0 270.0 17 27.928651982378856 0cd9414a_20240809_185125.data
10.0 270.0 17 27.928651982378856 0cd9414a_20240809_185149.data
10.0 290.0 17 27.928651982378856 0cd9414a_20240809_185213.data
30.0 290.0 17 27.81905726872247 0cd9414a_20240809_185237.data
50.0 290.0 17 27.81905726872247 0cd9414a_20240809_185301.data
70.0 290.0 17 27.928651982378856 0cd9414a_20240809_185325.data
90.0 290.0 17 27.928651982378856 0cd9414a_20240809_185349.data
110.0 290.0 17 27.928651982378856 0cd9414a_20240809_185413.data
130.0 290.0 17 27.928651982378856 0cd9414a_20240809_185437.data
150.0 290.0 17 27.928651982378856 0cd9414a_20240809_185501.data
170.0 290.0 17 27.928651982378856 0cd9414a_20240809_185525.data
190.0 290.0 17 27.928651982378856 0cd9414a_20240809_185549.data
210.0 290.0 17 27.928651982378856 0cd9414a_20240809_185613.data
230.0 290.0 17 27.928651982378856 0cd9414a_20240809_185637.data
250.0 290.0 17 27.928651982378856 0cd9414a_20240809_185701.data
270.0 290.0 17 27.928651982378856 0cd9414a_20240809_185725.data
290.0 290.0 17 28.14663876651983 0cd9414a_20240809_185749.data
290.0 310.0 17 27.928651982378856 0cd9414a_20240809_185813.data
270.0 310.0 17 27.928651982378856 0cd9414a_20240809_185837.data
250.0 310.0 17 27.928651982378856 0cd9414a_20240809_185901.data
230.0 310.0 17 27.928651982378856 0cd9414a_20240809_185925.data
210.0 310.0 17 27.928651982378856 0cd9414a_20240809_185949.data
190.0 310.0 17 -1 0cd9414a_20240809_190013.data
170.0 310.0 17 27.928651982378856 0cd9414a_20240809_190037.data
150.0 310.0 17 27.928651982378856 0cd9414a_20240809_190101.data
130.0 310.0 17 -1 0cd9414a_20240809_190125.data
110.0 310.0 17 27.928651982378856 0cd9414a_20240809_190149.data
90.0 310.0 17 27.928651982378856 0cd9414a_20240809_190213.data
70.0 310.0 17 27.928651982378856 0cd9414a_20240809_190237.data
50.0 310.0 17 27.928651982378856 0cd9414a_20240809_190301.data
30.0 310.0 17 27.928651982378856 0cd9414a_20240809_190325.data
10.0 310.0 17 27.928651982378856 0cd9414a_20240809_190349.data
10.0 330.0 17 -1 0cd9414a_20240809_190413.data
30.0 330.0 17 27.928651982378856 0cd9414a_20240809_190437.data
50.0 330.0 17 27.928651982378856 0cd9414a_20240809_190501.data
70.0 330.0 17 27.928651982378856 0cd9414a_20240809_190525.data
90.0 330.0 17 27.929515418502202 0cd9414a_20240809_190549.data
110.0 330.0 17 27.81905726872247 0cd9414a_20240809_190613.data
130.0 330.0 17 27.81905726872247 0cd9414a_20240809_190637.data
150.0 330.0 17 27.81905726872247 0cd9414a_20240809_190701.data
170.0 330.0 17 27.81905726872247 0cd9414a_20240809_190725.data
190.0 330.0 17 27.81905726872247 0cd9414a_20240809_190749.data
210.0 330.0 17 27.709061674008815 0cd9414a_20240809_190813.data
230.0 330.0 17 27.709061674008815 0cd9414a_20240809_190837.data
250.0 330.0 17 27.81905726872247 0cd9414a_20240809_190901.data
270.0 330.0 17 27.81905726872247 0cd9414a_20240809_190925.data
290.0 330.0 17 27.81905726872247 0cd9414a_20240809_190949.data
10.0 350.0 17 27.81905726872247 0cd9414a_20240810_132447.data
30.0 350.0 17 27.709061674008815 0cd9414a_20240810_132511.data
50.0 350.0 17 27.81905726872247 0cd9414a_20240810_132535.data
70.0 350.0 17 27.81905726872247 0cd9414a_20240810_132559.data
90.0 350.0 17 27.81905726872247 0cd9414a_20240810_132623.data
110.0 350.0 17 27.81905726872247 0cd9414a_20240810_132647.data
130.0 350.0 17 27.81905726872247 0cd9414a_20240810_132711.data
150.0 350.0 17 27.81905726872247 0cd9414a_20240810_132735.data
170.0 350.0 17 27.81905726872247 0cd9414a_20240810_132759.data
190.0 350.0 17 27.81905726872247 0cd9414a_20240810_132823.data
210.0 350.0 17 27.709061674008815 0cd9414a_20240810_132847.data
230.0 350.0 17 27.81905726872247 0cd9414a_20240810_132911.data
250.0 350.0 17 27.81905726872247 0cd9414a_20240810_132935.data
270.0 350.0 17 27.81905726872247 0cd9414a_20240810_132959.data
290.0 350.0 17 27.81905726872247 0cd9414a_20240810_133023.data
290.0 370.0 17 27.81905726872247 0cd9414a_20240810_133047.data
270.0 370.0 17 27.81905726872247 0cd9414a_20240810_133111.data
250.0 370.0 17 27.81905726872247 0cd9414a_20240810_133135.data
230.0 370.0 17 27.81905726872247 0cd9414a_20240810_133159.data
210.0 370.0 17 27.81905726872247 0cd9414a_20240810_133223.data
190.0 370.0 17 27.709061674008815 0cd9414a_20240810_133247.data
170.0 370.0 17 27.81905726872247 0cd9414a_20240810_133311.data
150.0 370.0 17 27.81905726872247 0cd9414a_20240810_133335.data
130.0 370.0 17 27.81905726872247 0cd9414a_20240810_133359.data
110.0 370.0 17 27.709061674008815 0cd9414a_20240810_133423.data
90.0 370.0 17 27.81905726872247 0cd9414a_20240810_133448.data
70.0 370.0 17 27.81905726872247 0cd9414a_20240810_133512.data
50.0 370.0 17 27.81905726872247 0cd9414a_20240810_133536.data
30.0 370.0 17 27.81905726872247 0cd9414a_20240810_133600.data
10.0 370.0 17 27.81905726872247 0cd9414a_20240810_133624.data
10.0 390.0 17 27.81905726872247 0cd9414a_20240810_133648.data
30.0 390.0 17 27.81905726872247 0cd9414a_20240810_133712.data
50.0 390.0 17 27.81905726872247 0cd9414a_20240810_133736.data
70.0 390.0 17 27.81905726872247 0cd9414a_20240810_133800.data
90.0 390.0 17 27.81905726872247 0cd9414a_20240810_133824.data
110.0 390.0 17 27.709061674008815 0cd9414a_20240810_133848.data
130.0 390.0 17 27.81905726872247 0cd9414a_20240810_133912.data
150.0 390.0 17 27.81905726872247 0cd9414a_20240810_133936.data
170.0 390.0 17 27.81905726872247 0cd9414a_20240810_134000.data
190.0 390.0 17 27.709061674008815 0cd9414a_20240810_134024.data
210.0 390.0 17 27.81905726872247 0cd9414a_20240810_134048.data
230.0 390.0 17 27.81905726872247 0cd9414a_20240810_134112.data
250.0 390.0 17 27.81905726872247 0cd9414a_20240810_134136.data
270.0 390.0 17 27.81905726872247 0cd9414a_20240810_134200.data
290.0 390.0 17 27.81905726872247 0cd9414a_20240810_134224.data
290.0 410.0 17 27.709061674008815 0cd9414a_20240810_134248.data
270.0 410.0 17 27.81905726872247 0cd9414a_20240810_134312.data
250.0 410.0 17 27.709061674008815 0cd9414a_20240810_134336.data
230.0 410.0 17 27.81905726872247 0cd9414a_20240810_134400.data
210.0 410.0 17 27.81905726872247 0cd9414a_20240810_134424.data
190.0 410.0 17 27.81905726872247 0cd9414a_20240810_134448.data
170.0 410.0 17 27.81905726872247 0cd9414a_20240810_134512.data
150.0 410.0 17 27.81905726872247 0cd9414a_20240810_134536.data
130.0 410.0 17 27.81905726872247 0cd9414a_20240810_134600.data
110.0 410.0 17 27.709061674008815 0cd9414a_20240810_134624.data
90.0 410.0 17 27.709061674008815 0cd9414a_20240810_134648.data
70.0 410.0 17 27.81905726872247 0cd9414a_20240810_134712.data
50.0 410.0 17 27.81905726872247 0cd9414a_20240810_134736.data
30.0 410.0 17 27.81905726872247 0cd9414a_20240810_134800.data
10.0 410.0 17 27.81905726872247 0cd9414a_20240810_134824.data
10.0 430.0 17 27.709061674008815 0cd9414a_20240810_134848.data
30.0 430.0 17 27.81905726872247 0cd9414a_20240810_134912.data
50.0 430.0 17 27.81905726872247 0cd9414a_20240810_134936.data
70.0 430.0 17 27.709061674008815 0cd9414a_20240810_135000.data
90.0 430.0 17 27.81905726872247 0cd9414a_20240810_135024.data
110.0 430.0 17 27.709061674008815 0cd9414a_20240810_135048.data
130.0 430.0 17 27.81905726872247 0cd9414a_20240810_135112.data
150.0 430.0 17 27.81905726872247 0cd9414a_20240810_135136.data
170.0 430.0 17 27.81905726872247 0cd9414a_20240810_135200.data
190.0 430.0 17 27.81905726872247 0cd9414a_20240810_135224.data
210.0 430.0 17 27.81905726872247 0cd9414a_20240810_135248.data
230.0 430.0 17 27.81905726872247 0cd9414a_20240810_135312.data
250.0 430.0 17 27.81905726872247 0cd9414a_20240810_135336.data
270.0 430.0 17 27.81905726872247 0cd9414a_20240810_135400.data
290.0 430.0 17 27.81905726872247 0cd9414a_20240810_135424.data
290.0 450.0 17 27.709061674008815 0cd9414a_20240810_135448.data
270.0 450.0 17 27.81905726872247 0cd9414a_20240810_135512.data
250.0 450.0 17 27.81905726872247 0cd9414a_20240810_135536.data
230.0 450.0 17 27.709061674008815 0cd9414a_20240810_135600.data
210.0 450.0 17 27.81905726872247 0cd9414a_20240810_135624.data
190.0 450.0 17 27.709061674008815 0cd9414a_20240810_135648.data
170.0 450.0 17 27.81905726872247 0cd9414a_20240810_135712.data
150.0 450.0 17 27.709061674008815 0cd9414a_20240810_135736.data
130.0 450.0 17 27.81905726872247 0cd9414a_20240810_135800.data
110.0 450.0 17 27.81905726872247 0cd9414a_20240810_135824.data
90.0 450.0 17 27.81905726872247 0cd9414a_20240810_135848.data
70.0 450.0 17 27.81905726872247 0cd9414a_20240810_135912.data
50.0 450.0 17 27.709061674008815 0cd9414a_20240810_135936.data
30.0 450.0 17 27.81905726872247 0cd9414a_20240810_140000.data
10.0 450.0 17 27.709061674008815 0cd9414a_20240810_140024.data
10.0 470.0 17 27.598634361233486 0cd9414a_20240810_140048.data
30.0 470.0 17 27.81905726872247 0cd9414a_20240810_140112.data
50.0 470.0 17 27.81905726872247 0cd9414a_20240810_140136.data
70.0 470.0 17 27.81905726872247 0cd9414a_20240810_140200.data
90.0 470.0 17 27.81905726872247 0cd9414a_20240810_140224.data
110.0 470.0 17 27.81905726872247 0cd9414a_20240810_140248.data
130.0 470.0 17 27.709061674008815 0cd9414a_20240810_140312.data
150.0 470.0 17 27.709061674008815 0cd9414a_20240810_140336.data
170.0 470.0 17 27.709061674008815 0cd9414a_20240810_140400.data
190.0 470.0 17 27.709061674008815 0cd9414a_20240810_140424.data
210.0 470.0 17 27.81905726872247 0cd9414a_20240810_140448.data
230.0 470.0 17 27.81905726872247 0cd9414a_20240810_140512.data
250.0 470.0 17 27.709061674008815 0cd9414a_20240810_140536.data
270.0 470.0 17 27.81905726872247 0cd9414a_20240810_140600.data
290.0 470.0 17 27.81905726872247 0cd9414a_20240810_140624.data
