-1 -1 -1 23.073725 0cd9414a_20240917_150003.data
10.0 10.0 17 23.073725 0cd9414a_20240917_150042.data
30.0 10.0 17 23.073725 0cd9414a_20240917_150106.data
50.0 10.0 17 22.969809523809523 0cd9414a_20240917_150130.data
70.0 10.0 17 22.969809523809523 0cd9414a_20240917_150154.data
90.0 10.0 17 23.073725 0cd9414a_20240917_150218.data
110.0 10.0 17 23.073725 0cd9414a_20240917_150242.data
130.0 10.0 17 23.073725 0cd9414a_20240917_150306.data
150.0 10.0 17 22.969809523809523 0cd9414a_20240917_150330.data
170.0 10.0 17 23.073725 0cd9414a_20240917_150354.data
190.0 10.0 17 22.969809523809523 0cd9414a_20240917_150418.data
210.0 10.0 17 23.073725 0cd9414a_20240917_150442.data
230.0 10.0 17 22.969809523809523 0cd9414a_20240917_150506.data
250.0 10.0 17 23.073725 0cd9414a_20240917_150530.data
270.0 10.0 17 23.073725 0cd9414a_20240917_150554.data
290.0 10.0 17 23.073725 0cd9414a_20240917_150618.data
290.0 30.0 17 23.073725 0cd9414a_20240917_150642.data
270.0 30.0 17 23.073725 0cd9414a_20240917_150706.data
250.0 30.0 17 23.073725 0cd9414a_20240917_150730.data
230.0 30.0 17 23.073725 0cd9414a_20240917_150754.data
210.0 30.0 17 22.969809523809523 0cd9414a_20240917_150818.data
190.0 30.0 17 23.073725 0cd9414a_20240917_150842.data
170.0 30.0 17 23.073725 0cd9414a_20240917_150906.data
150.0 30.0 17 22.969809523809523 0cd9414a_20240917_150930.data
130.0 30.0 17 22.969809523809523 0cd9414a_20240917_150954.data
110.0 30.0 17 23.073725 0cd9414a_20240917_151018.data
90.0 30.0 17 22.969809523809523 0cd9414a_20240917_151042.data
70.0 30.0 17 22.969809523809523 0cd9414a_20240917_151106.data
50.0 30.0 17 23.073725 0cd9414a_20240917_151130.data
30.0 30.0 17 22.969809523809523 0cd9414a_20240917_151154.data
10.0 30.0 17 22.969809523809523 0cd9414a_20240917_151218.data
10.0 50.0 17 23.073725 0cd9414a_20240917_151242.data
30.0 50.0 17 23.073725 0cd9414a_20240917_151307.data
50.0 50.0 17 22.969809523809523 0cd9414a_20240917_151331.data
70.0 50.0 17 22.969809523809523 0cd9414a_20240917_151355.data
90.0 50.0 17 22.969809523809523 0cd9414a_20240917_151419.data
110.0 50.0 17 22.969809523809523 0cd9414a_20240917_151443.data
130.0 50.0 17 23.073725 0cd9414a_20240917_151507.data
150.0 50.0 17 23.073725 0cd9414a_20240917_151531.data
170.0 50.0 17 22.969809523809523 0cd9414a_20240917_151555.data
190.0 50.0 17 23.073725 0cd9414a_20240917_151619.data
210.0 50.0 17 22.969809523809523 0cd9414a_20240917_151643.data
230.0 50.0 17 22.969809523809523 0cd9414a_20240917_151707.data
250.0 50.0 17 22.969809523809523 0cd9414a_20240917_151731.data
270.0 50.0 17 23.073725 0cd9414a_20240917_151755.data
290.0 50.0 17 23.073725 0cd9414a_20240917_151819.data
290.0 70.0 17 23.073725 0cd9414a_20240917_151843.data
270.0 70.0 17 22.969809523809523 0cd9414a_20240917_151907.data
250.0 70.0 17 23.073725 0cd9414a_20240917_151931.data
230.0 70.0 17 22.969809523809523 0cd9414a_20240917_151955.data
210.0 70.0 17 23.073725 0cd9414a_20240917_152019.data
190.0 70.0 17 23.073725 0cd9414a_20240917_152043.data
170.0 70.0 17 23.073725 0cd9414a_20240917_152107.data
150.0 70.0 17 23.073725 0cd9414a_20240917_152131.data
130.0 70.0 17 22.969809523809523 0cd9414a_20240917_152155.data
110.0 70.0 17 23.073725 0cd9414a_20240917_152219.data
90.0 70.0 17 22.969809523809523 0cd9414a_20240917_152243.data
70.0 70.0 17 22.969809523809523 0cd9414a_20240917_152307.data
50.0 70.0 17 23.073725 0cd9414a_20240917_152331.data
30.0 70.0 17 23.073725 0cd9414a_20240917_152355.data
10.0 70.0 17 23.178749999999997 0cd9414a_20240917_152419.data
10.0 90.0 17 23.073725 0cd9414a_20240917_152443.data
30.0 90.0 17 23.073725 0cd9414a_20240917_152507.data
50.0 90.0 17 22.969809523809523 0cd9414a_20240917_152531.data
70.0 90.0 17 22.969809523809523 0cd9414a_20240917_152555.data
90.0 90.0 17 23.073725 0cd9414a_20240917_152619.data
110.0 90.0 17 22.969809523809523 0cd9414a_20240917_152643.data
130.0 90.0 17 23.073725 0cd9414a_20240917_152707.data
150.0 90.0 17 22.969809523809523 0cd9414a_20240917_152731.data
170.0 90.0 17 23.073725 0cd9414a_20240917_152755.data
190.0 90.0 17 22.969809523809523 0cd9414a_20240917_152819.data
210.0 90.0 17 22.969809523809523 0cd9414a_20240917_152843.data
230.0 90.0 17 23.073725 0cd9414a_20240917_152907.data
250.0 90.0 17 23.073725 0cd9414a_20240917_152931.data
270.0 90.0 17 22.969809523809523 0cd9414a_20240917_152955.data
290.0 90.0 17 22.969809523809523 0cd9414a_20240917_153019.data
290.0 110.0 17 23.073725 0cd9414a_20240917_153043.data
270.0 110.0 17 23.073725 0cd9414a_20240917_153107.data
250.0 110.0 17 23.073725 0cd9414a_20240917_153131.data
230.0 110.0 17 22.969809523809523 0cd9414a_20240917_153155.data
210.0 110.0 17 22.969809523809523 0cd9414a_20240917_153219.data
190.0 110.0 17 23.073725 0cd9414a_20240917_153243.data
170.0 110.0 17 23.073725 0cd9414a_20240917_153307.data
150.0 110.0 17 23.073725 0cd9414a_20240917_153331.data
130.0 110.0 17 23.073725 0cd9414a_20240917_153355.data
110.0 110.0 17 22.969809523809523 0cd9414a_20240917_153419.data
90.0 110.0 17 23.073725 0cd9414a_20240917_153443.data
70.0 110.0 17 22.969809523809523 0cd9414a_20240917_153507.data
50.0 110.0 17 22.969809523809523 0cd9414a_20240917_153531.data
30.0 110.0 17 23.073725 0cd9414a_20240917_153555.data
10.0 110.0 17 23.073725 0cd9414a_20240917_153619.data
10.0 130.0 17 23.073725 0cd9414a_20240917_153643.data
30.0 130.0 17 23.073725 0cd9414a_20240917_153707.data
50.0 130.0 17 22.969809523809523 0cd9414a_20240917_153731.data
70.0 130.0 17 22.969809523809523 0cd9414a_20240917_153755.data
90.0 130.0 17 22.969809523809523 0cd9414a_20240917_153819.data
110.0 130.0 17 23.073725 0cd9414a_20240917_153843.data
130.0 130.0 17 23.073725 0cd9414a_20240917_153907.data
150.0 130.0 17 23.073725 0cd9414a_20240917_153931.data
170.0 130.0 17 22.969809523809523 0cd9414a_20240917_153955.data
190.0 130.0 17 23.073725 0cd9414a_20240917_154019.data
210.0 130.0 17 22.969809523809523 0cd9414a_20240917_154043.data
230.0 130.0 17 22.969809523809523 0cd9414a_20240917_154107.data
250.0 130.0 17 23.073725 0cd9414a_20240917_154131.data
270.0 130.0 17 22.969809523809523 0cd9414a_20240917_154156.data
290.0 130.0 17 22.969809523809523 0cd9414a_20240917_154220.data
290.0 150.0 17 23.178749999999997 0cd9414a_20240917_154244.data
270.0 150.0 17 23.178749999999997 0cd9414a_20240917_154308.data
250.0 150.0 17 22.969809523809523 0cd9414a_20240917_154332.data
230.0 150.0 17 23.073725 0cd9414a_20240917_154356.data
210.0 150.0 17 23.073725 0cd9414a_20240917_154420.data
190.0 150.0 17 23.073725 0cd9414a_20240917_154444.data
170.0 150.0 17 22.969809523809523 0cd9414a_20240917_154508.data
150.0 150.0 17 23.073725 0cd9414a_20240917_154532.data
130.0 150.0 17 23.073725 0cd9414a_20240917_154556.data
110.0 150.0 17 23.073725 0cd9414a_20240917_154620.data
90.0 150.0 17 23.073725 0cd9414a_20240917_154644.data
70.0 150.0 17 23.073725 0cd9414a_20240917_154708.data
50.0 150.0 17 22.969809523809523 0cd9414a_20240917_154732.data
30.0 150.0 17 22.969809523809523 0cd9414a_20240917_154756.data
10.0 150.0 17 23.073725 0cd9414a_20240917_154820.data
10.0 170.0 17 23.073725 0cd9414a_20240917_154844.data
30.0 170.0 17 23.073725 0cd9414a_20240917_154908.data
50.0 170.0 17 22.969809523809523 0cd9414a_20240917_154932.data
70.0 170.0 17 23.073725 0cd9414a_20240917_154956.data
90.0 170.0 17 23.073725 0cd9414a_20240917_155020.data
110.0 170.0 17 23.073725 0cd9414a_20240917_155044.data
130.0 170.0 17 23.073725 0cd9414a_20240917_155108.data
150.0 170.0 17 23.073725 0cd9414a_20240917_155132.data
170.0 170.0 17 22.969809523809523 0cd9414a_20240917_155156.data
190.0 170.0 17 22.969809523809523 0cd9414a_20240917_155220.data
210.0 170.0 17 23.073725 0cd9414a_20240917_155244.data
230.0 170.0 17 22.969809523809523 0cd9414a_20240917_155308.data
250.0 170.0 17 23.178749999999997 0cd9414a_20240917_155332.data
270.0 170.0 17 22.969809523809523 0cd9414a_20240917_155356.data
290.0 170.0 17 22.969809523809523 0cd9414a_20240917_155420.data
290.0 190.0 17 23.073725 0cd9414a_20240917_155444.data
270.0 190.0 17 22.969809523809523 0cd9414a_20240917_155508.data
250.0 190.0 17 23.073725 0cd9414a_20240917_155532.data
230.0 190.0 17 22.969809523809523 0cd9414a_20240917_155556.data
210.0 190.0 17 23.073725 0cd9414a_20240917_155620.data
190.0 190.0 17 22.969809523809523 0cd9414a_20240917_155644.data
170.0 190.0 17 22.969809523809523 0cd9414a_20240917_155708.data
150.0 190.0 17 23.073725 0cd9414a_20240917_155732.data
130.0 190.0 17 23.073725 0cd9414a_20240917_155756.data
110.0 190.0 17 23.073725 0cd9414a_20240917_155820.data
90.0 190.0 17 23.073725 0cd9414a_20240917_155844.data
70.0 190.0 17 23.073725 0cd9414a_20240917_155908.data
50.0 190.0 17 22.969809523809523 0cd9414a_20240917_155932.data
30.0 190.0 17 22.969809523809523 0cd9414a_20240917_155956.data
10.0 190.0 17 23.073725 0cd9414a_20240917_160020.data
10.0 210.0 17 22.969809523809523 0cd9414a_20240917_160044.data
30.0 210.0 17 23.073725 0cd9414a_20240917_160108.data
50.0 210.0 17 22.969809523809523 0cd9414a_20240917_160132.data
70.0 210.0 17 23.073725 0cd9414a_20240917_160156.data
90.0 210.0 17 22.969809523809523 0cd9414a_20240917_160220.data
110.0 210.0 17 23.073725 0cd9414a_20240917_160244.data
130.0 210.0 17 22.969809523809523 0cd9414a_20240917_160308.data
150.0 210.0 17 23.073725 0cd9414a_20240917_160332.data
170.0 210.0 17 23.073725 0cd9414a_20240917_160356.data
190.0 210.0 17 23.073725 0cd9414a_20240917_160420.data
210.0 210.0 17 22.969809523809523 0cd9414a_20240917_160444.data
230.0 210.0 17 23.073725 0cd9414a_20240917_160508.data
250.0 210.0 17 23.073725 0cd9414a_20240917_160532.data
270.0 210.0 17 23.073725 0cd9414a_20240917_160556.data
290.0 210.0 17 23.073725 0cd9414a_20240917_160620.data
290.0 230.0 17 23.073725 0cd9414a_20240917_160644.data
270.0 230.0 17 23.283325 0cd9414a_20240917_160708.data
250.0 230.0 17 23.073725 0cd9414a_20240917_160732.data
230.0 230.0 17 23.073725 0cd9414a_20240917_160756.data
210.0 230.0 17 23.073725 0cd9414a_20240917_160820.data
190.0 230.0 17 22.969809523809523 0cd9414a_20240917_160844.data
170.0 230.0 17 23.073725 0cd9414a_20240917_160908.data
150.0 230.0 17 23.073725 0cd9414a_20240917_160932.data
130.0 230.0 17 23.073725 0cd9414a_20240917_160956.data
110.0 230.0 17 22.969809523809523 0cd9414a_20240917_161020.data
90.0 230.0 17 22.969809523809523 0cd9414a_20240917_161044.data
70.0 230.0 17 23.073725 0cd9414a_20240917_161109.data
50.0 230.0 17 23.073725 0cd9414a_20240917_161133.data
30.0 230.0 17 23.073725 0cd9414a_20240917_161157.data
10.0 230.0 17 23.073725 0cd9414a_20240917_161221.data
10.0 250.0 17 22.969809523809523 0cd9414a_20240917_161245.data
30.0 250.0 17 22.969809523809523 0cd9414a_20240917_161309.data
50.0 250.0 17 22.969809523809523 0cd9414a_20240917_161333.data
70.0 250.0 17 23.073725 0cd9414a_20240917_161357.data
90.0 250.0 17 23.073725 0cd9414a_20240917_161421.data
110.0 250.0 17 23.073725 0cd9414a_20240917_161445.data
130.0 250.0 17 22.969809523809523 0cd9414a_20240917_161509.data
150.0 250.0 17 23.073725 0cd9414a_20240917_161533.data
170.0 250.0 17 23.073725 0cd9414a_20240917_161557.data
190.0 250.0 17 23.073725 0cd9414a_20240917_161621.data
210.0 250.0 17 23.073725 0cd9414a_20240917_161645.data
230.0 250.0 17 23.073725 0cd9414a_20240917_161709.data
250.0 250.0 17 23.073725 0cd9414a_20240917_161733.data
270.0 250.0 17 22.969809523809523 0cd9414a_20240917_161757.data
290.0 250.0 17 23.073725 0cd9414a_20240917_161821.data
290.0 270.0 17 22.969809523809523 0cd9414a_20240917_161845.data
270.0 270.0 17 23.073725 0cd9414a_20240917_161909.data
250.0 270.0 17 22.969809523809523 0cd9414a_20240917_161933.data
230.0 270.0 17 23.073725 0cd9414a_20240917_161957.data
210.0 270.0 17 22.969809523809523 0cd9414a_20240917_162021.data
190.0 270.0 17 23.073725 0cd9414a_20240917_162045.data
170.0 270.0 17 23.073725 0cd9414a_20240917_162109.data
150.0 270.0 17 23.073725 0cd9414a_20240917_162133.data
130.0 270.0 17 23.073725 0cd9414a_20240917_162157.data
110.0 270.0 17 23.073725 0cd9414a_20240917_162221.data
90.0 270.0 17 23.073725 0cd9414a_20240917_162245.data
70.0 270.0 17 -1 0cd9414a_20240917_162309.data
50.0 270.0 17 23.283325 0cd9414a_20240917_162333.data
30.0 270.0 17 23.073725 0cd9414a_20240917_162357.data
10.0 270.0 17 -1 0cd9414a_20240917_162421.data
10.0 290.0 17 23.073725 0cd9414a_20240917_162445.data
30.0 290.0 17 23.073725 0cd9414a_20240917_162509.data
50.0 290.0 17 -1 0cd9414a_20240917_162533.data
70.0 290.0 17 23.283325 0cd9414a_20240917_162557.data
90.0 290.0 17 22.969809523809523 0cd9414a_20240917_162621.data
110.0 290.0 17 -1 0cd9414a_20240917_162645.data
130.0 290.0 17 23.073725 0cd9414a_20240917_162709.data
150.0 290.0 17 23.073725 0cd9414a_20240917_162733.data
170.0 290.0 17 -1 0cd9414a_20240917_162757.data
190.0 290.0 17 22.969809523809523 0cd9414a_20240917_162821.data
210.0 290.0 17 22.969809523809523 0cd9414a_20240917_162845.data
230.0 290.0 17 22.969809523809523 0cd9414a_20240917_162909.data
250.0 290.0 17 22.969809523809523 0cd9414a_20240917_162933.data
270.0 290.0 17 23.073725 0cd9414a_20240917_162957.data
290.0 290.0 17 23.073725 0cd9414a_20240917_163021.data
290.0 310.0 17 22.969809523809523 0cd9414a_20240917_163045.data
270.0 310.0 17 23.073725 0cd9414a_20240917_163109.data
250.0 310.0 17 23.073725 0cd9414a_20240917_163133.data
230.0 310.0 17 22.969809523809523 0cd9414a_20240917_163157.data
210.0 310.0 17 22.969809523809523 0cd9414a_20240917_163221.data
190.0 310.0 17 23.073725 0cd9414a_20240917_163245.data
170.0 310.0 17 23.073725 0cd9414a_20240917_163309.data
150.0 310.0 17 22.969809523809523 0cd9414a_20240917_163333.data
130.0 310.0 17 22.969809523809523 0cd9414a_20240917_163357.data
110.0 310.0 17 22.969809523809523 0cd9414a_20240917_163421.data
90.0 310.0 17 22.969809523809523 0cd9414a_20240917_163445.data
70.0 310.0 17 22.969809523809523 0cd9414a_20240917_163509.data
50.0 310.0 17 22.969809523809523 0cd9414a_20240917_163533.data
30.0 310.0 17 23.073725 0cd9414a_20240917_163557.data
10.0 310.0 17 23.073725 0cd9414a_20240917_163621.data
10.0 330.0 17 23.073725 0cd9414a_20240917_163645.data
30.0 330.0 17 22.969809523809523 0cd9414a_20240917_163709.data
50.0 330.0 17 23.283325 0cd9414a_20240917_163734.data
70.0 330.0 17 22.969809523809523 0cd9414a_20240917_163757.data
90.0 330.0 17 22.969809523809523 0cd9414a_20240917_163821.data
110.0 330.0 17 22.969809523809523 0cd9414a_20240917_163846.data
130.0 330.0 17 23.073725 0cd9414a_20240917_163910.data
150.0 330.0 17 22.969809523809523 0cd9414a_20240917_163934.data
170.0 330.0 17 22.969809523809523 0cd9414a_20240917_163958.data
190.0 330.0 17 22.969809523809523 0cd9414a_20240917_164022.data
210.0 330.0 17 22.969809523809523 0cd9414a_20240917_164046.data
230.0 330.0 17 23.073725 0cd9414a_20240917_164110.data
250.0 330.0 17 23.073725 0cd9414a_20240917_164134.data
270.0 330.0 17 22.969809523809523 0cd9414a_20240917_164158.data
290.0 330.0 17 22.969809523809523 0cd9414a_20240917_164222.data
10.0 350.0 17 22.969809523809523 0cd9414a_20240917_164608.data
30.0 350.0 17 23.073725 0cd9414a_20240917_164632.data
50.0 350.0 17 23.073725 0cd9414a_20240917_164656.data
70.0 350.0 17 22.969809523809523 0cd9414a_20240917_164720.data
90.0 350.0 17 23.178749999999997 0cd9414a_20240917_164744.data
110.0 350.0 17 22.868976190476186 0cd9414a_20240917_164808.data
130.0 350.0 17 22.868976190476186 0cd9414a_20240917_164832.data
150.0 350.0 17 22.969809523809523 0cd9414a_20240917_164856.data
170.0 350.0 17 22.969809523809523 0cd9414a_20240917_164920.data
190.0 350.0 17 23.073725 0cd9414a_20240917_164944.data
210.0 350.0 17 22.969809523809523 0cd9414a_20240917_165008.data
230.0 350.0 17 23.073725 0cd9414a_20240917_165032.data
250.0 350.0 17 23.073725 0cd9414a_20240917_165056.data
270.0 350.0 17 22.969809523809523 0cd9414a_20240917_165120.data
290.0 350.0 17 23.073725 0cd9414a_20240917_165144.data
290.0 370.0 17 22.969809523809523 0cd9414a_20240917_165208.data
270.0 370.0 17 22.969809523809523 0cd9414a_20240917_165232.data
250.0 370.0 17 22.969809523809523 0cd9414a_20240917_165256.data
230.0 370.0 17 23.073725 0cd9414a_20240917_165320.data
210.0 370.0 17 23.283325 0cd9414a_20240917_165344.data
190.0 370.0 17 22.969809523809523 0cd9414a_20240917_165408.data
170.0 370.0 17 23.073725 0cd9414a_20240917_165432.data
150.0 370.0 17 22.969809523809523 0cd9414a_20240917_165456.data
130.0 370.0 17 22.969809523809523 0cd9414a_20240917_165520.data
110.0 370.0 17 22.969809523809523 0cd9414a_20240917_165544.data
90.0 370.0 17 22.969809523809523 0cd9414a_20240917_165608.data
70.0 370.0 17 22.969809523809523 0cd9414a_20240917_165632.data
50.0 370.0 17 22.969809523809523 0cd9414a_20240917_165656.data
30.0 370.0 17 23.073725 0cd9414a_20240917_165720.data
10.0 370.0 17 22.969809523809523 0cd9414a_20240917_165744.data
10.0 390.0 17 22.969809523809523 0cd9414a_20240917_165808.data
30.0 390.0 17 23.073725 0cd9414a_20240917_165832.data
50.0 390.0 17 23.073725 0cd9414a_20240917_165856.data
70.0 390.0 17 23.073725 0cd9414a_20240917_165920.data
90.0 390.0 17 23.073725 0cd9414a_20240917_165944.data
110.0 390.0 17 22.969809523809523 0cd9414a_20240917_170008.data
130.0 390.0 17 22.969809523809523 0cd9414a_20240917_170032.data
150.0 390.0 17 22.969809523809523 0cd9414a_20240917_170056.data
170.0 390.0 17 23.073725 0cd9414a_20240917_170120.data
190.0 390.0 17 23.073725 0cd9414a_20240917_170144.data
210.0 390.0 17 22.969809523809523 0cd9414a_20240917_170208.data
230.0 390.0 17 22.969809523809523 0cd9414a_20240917_170232.data
250.0 390.0 17 22.969809523809523 0cd9414a_20240917_170256.data
270.0 390.0 17 23.073725 0cd9414a_20240917_170320.data
290.0 390.0 17 22.969809523809523 0cd9414a_20240917_170344.data
290.0 410.0 17 23.073725 0cd9414a_20240917_170408.data
270.0 410.0 17 23.073725 0cd9414a_20240917_170432.data
250.0 410.0 17 23.073725 0cd9414a_20240917_170456.data
230.0 410.0 17 22.969809523809523 0cd9414a_20240917_170520.data
210.0 410.0 17 23.073725 0cd9414a_20240917_170544.data
190.0 410.0 17 22.969809523809523 0cd9414a_20240917_170608.data
170.0 410.0 17 22.969809523809523 0cd9414a_20240917_170632.data
150.0 410.0 17 22.969809523809523 0cd9414a_20240917_170656.data
130.0 410.0 17 22.969809523809523 0cd9414a_20240917_170720.data
110.0 410.0 17 22.969809523809523 0cd9414a_20240917_170744.data
90.0 410.0 17 22.969809523809523 0cd9414a_20240917_170808.data
70.0 410.0 17 23.178749999999997 0cd9414a_20240917_170832.data
50.0 410.0 17 23.073725 0cd9414a_20240917_170856.data
30.0 410.0 17 23.178749999999997 0cd9414a_20240917_170920.data
10.0 410.0 17 23.073725 0cd9414a_20240917_170944.data
10.0 430.0 17 23.073725 0cd9414a_20240917_171008.data
30.0 430.0 17 22.868976190476186 0cd9414a_20240917_171032.data
50.0 430.0 17 22.969809523809523 0cd9414a_20240917_171056.data
70.0 430.0 17 23.073725 0cd9414a_20240917_171120.data
90.0 430.0 17 23.073725 0cd9414a_20240917_171144.data
110.0 430.0 17 22.868976190476186 0cd9414a_20240917_171208.data
130.0 430.0 17 23.073725 0cd9414a_20240917_171232.data
150.0 430.0 17 22.969809523809523 0cd9414a_20240917_171256.data
170.0 430.0 17 22.969809523809523 0cd9414a_20240917_171320.data
190.0 430.0 17 22.969809523809523 0cd9414a_20240917_171344.data
210.0 430.0 17 23.073725 0cd9414a_20240917_171408.data
230.0 430.0 17 22.969809523809523 0cd9414a_20240917_171433.data
250.0 430.0 17 22.969809523809523 0cd9414a_20240917_171457.data
270.0 430.0 17 22.969809523809523 0cd9414a_20240917_171521.data
290.0 430.0 17 22.969809523809523 0cd9414a_20240917_171545.data
290.0 450.0 17 22.969809523809523 0cd9414a_20240917_171609.data
270.0 450.0 17 23.073725 0cd9414a_20240917_171633.data
250.0 450.0 17 23.073725 0cd9414a_20240917_171657.data
230.0 450.0 17 22.969809523809523 0cd9414a_20240917_171721.data
210.0 450.0 17 23.073725 0cd9414a_20240917_171745.data
190.0 450.0 17 22.969809523809523 0cd9414a_20240917_171809.data
170.0 450.0 17 22.969809523809523 0cd9414a_20240917_171833.data
150.0 450.0 17 22.969809523809523 0cd9414a_20240917_171857.data
130.0 450.0 17 23.073725 0cd9414a_20240917_171921.data
110.0 450.0 17 22.969809523809523 0cd9414a_20240917_171945.data
90.0 450.0 17 22.969809523809523 0cd9414a_20240917_172009.data
70.0 450.0 17 23.073725 0cd9414a_20240917_172033.data
50.0 450.0 17 22.969809523809523 0cd9414a_20240917_172057.data
30.0 450.0 17 22.969809523809523 0cd9414a_20240917_172121.data
10.0 450.0 17 22.969809523809523 0cd9414a_20240917_172145.data
10.0 470.0 17 22.969809523809523 0cd9414a_20240917_172209.data
30.0 470.0 17 22.969809523809523 0cd9414a_20240917_172233.data
50.0 470.0 17 23.073725 0cd9414a_20240917_172257.data
70.0 470.0 17 22.969809523809523 0cd9414a_20240917_172321.data
90.0 470.0 17 22.969809523809523 0cd9414a_20240917_172345.data
110.0 470.0 17 23.073725 0cd9414a_20240917_172409.data
130.0 470.0 17 22.969809523809523 0cd9414a_20240917_172433.data
150.0 470.0 17 23.073725 0cd9414a_20240917_172457.data
170.0 470.0 17 23.178749999999997 0cd9414a_20240917_172521.data
190.0 470.0 17 23.073725 0cd9414a_20240917_172545.data
210.0 470.0 17 22.969809523809523 0cd9414a_20240917_172609.data
230.0 470.0 17 23.073725 0cd9414a_20240917_172633.data
250.0 470.0 17 22.969809523809523 0cd9414a_20240917_172657.data
270.0 470.0 17 22.969809523809523 0cd9414a_20240917_172721.data
290.0 470.0 17 22.969809523809523 0cd9414a_20240917_172745.data
