-1 -1 -1 25.537859030837005 0cd9414a_20240909_171045.data
10.0 10.0 17 25.299982378854633 0cd9414a_20240909_171124.data
30.0 10.0 17 25.419136563876656 0cd9414a_20240909_171148.data
50.0 10.0 17 25.537859030837005 0cd9414a_20240909_171212.data
70.0 10.0 17 25.419136563876656 0cd9414a_20240909_171236.data
90.0 10.0 17 25.537859030837005 0cd9414a_20240909_171300.data
110.0 10.0 17 25.656118942731283 0cd9414a_20240909_171324.data
130.0 10.0 17 25.180334801762115 0cd9414a_20240909_171348.data
150.0 10.0 17 25.299982378854633 0cd9414a_20240909_171412.data
170.0 10.0 17 25.419136563876656 0cd9414a_20240909_171436.data
190.0 10.0 17 25.656118942731283 0cd9414a_20240909_171500.data
210.0 10.0 17 25.537859030837005 0cd9414a_20240909_171524.data
230.0 10.0 17 25.656118942731283 0cd9414a_20240909_171548.data
250.0 10.0 17 25.537859030837005 0cd9414a_20240909_171612.data
270.0 10.0 17 25.537859030837005 0cd9414a_20240909_171636.data
290.0 10.0 17 25.537859030837005 0cd9414a_20240909_171700.data
290.0 30.0 17 25.656118942731283 0cd9414a_20240909_171724.data
270.0 30.0 17 25.419136563876656 0cd9414a_20240909_171748.data
250.0 30.0 17 25.656118942731283 0cd9414a_20240909_171812.data
230.0 30.0 17 25.537859030837005 0cd9414a_20240909_171836.data
210.0 30.0 17 25.419136563876656 0cd9414a_20240909_171900.data
190.0 30.0 17 25.656118942731283 0cd9414a_20240909_171924.data
170.0 30.0 17 25.537859030837005 0cd9414a_20240909_171948.data
150.0 30.0 17 25.537859030837005 0cd9414a_20240909_172012.data
130.0 30.0 17 25.180334801762115 0cd9414a_20240909_172036.data
110.0 30.0 17 25.656118942731283 0cd9414a_20240909_172100.data
90.0 30.0 17 25.419136563876656 0cd9414a_20240909_172124.data
70.0 30.0 17 25.537859030837005 0cd9414a_20240909_172148.data
50.0 30.0 17 25.656118942731283 0cd9414a_20240909_172212.data
30.0 30.0 17 25.419136563876656 0cd9414a_20240909_172236.data
10.0 30.0 17 25.537859030837005 0cd9414a_20240909_172300.data
10.0 50.0 17 25.537859030837005 0cd9414a_20240909_172324.data
30.0 50.0 17 25.180334801762115 0cd9414a_20240909_172348.data
50.0 50.0 17 25.299982378854633 0cd9414a_20240909_172412.data
70.0 50.0 17 25.537859030837005 0cd9414a_20240909_172436.data
90.0 50.0 17 25.419136563876656 0cd9414a_20240909_172500.data
110.0 50.0 17 25.656118942731283 0cd9414a_20240909_172524.data
130.0 50.0 17 25.537859030837005 0cd9414a_20240909_172548.data
150.0 50.0 17 25.537859030837005 0cd9414a_20240909_172612.data
170.0 50.0 17 25.419136563876656 0cd9414a_20240909_172636.data
190.0 50.0 17 25.537859030837005 0cd9414a_20240909_172700.data
210.0 50.0 17 25.656118942731283 0cd9414a_20240909_172724.data
230.0 50.0 17 25.656118942731283 0cd9414a_20240909_172749.data
250.0 50.0 17 25.656118942731283 0cd9414a_20240909_172812.data
270.0 50.0 17 25.419136563876656 0cd9414a_20240909_172837.data
290.0 50.0 17 25.06022466960353 0cd9414a_20240909_172901.data
290.0 70.0 17 25.419136563876656 0cd9414a_20240909_172925.data
270.0 70.0 17 25.419136563876656 0cd9414a_20240909_172949.data
250.0 70.0 17 25.419136563876656 0cd9414a_20240909_173013.data
230.0 70.0 17 25.419136563876656 0cd9414a_20240909_173037.data
210.0 70.0 17 25.537859030837005 0cd9414a_20240909_173101.data
190.0 70.0 17 25.419136563876656 0cd9414a_20240909_173125.data
170.0 70.0 17 25.537859030837005 0cd9414a_20240909_173149.data
150.0 70.0 17 25.299982378854633 0cd9414a_20240909_173213.data
130.0 70.0 17 25.537859030837005 0cd9414a_20240909_173237.data
110.0 70.0 17 25.180334801762115 0cd9414a_20240909_173301.data
90.0 70.0 17 25.299982378854633 0cd9414a_20240909_173325.data
70.0 70.0 17 25.299982378854633 0cd9414a_20240909_173349.data
50.0 70.0 17 25.419136563876656 0cd9414a_20240909_173413.data
30.0 70.0 17 25.537859030837005 0cd9414a_20240909_173437.data
10.0 70.0 17 25.537859030837005 0cd9414a_20240909_173501.data
10.0 90.0 17 25.537859030837005 0cd9414a_20240909_173525.data
30.0 90.0 17 25.419136563876656 0cd9414a_20240909_173549.data
50.0 90.0 17 25.537859030837005 0cd9414a_20240909_173613.data
70.0 90.0 17 25.419136563876656 0cd9414a_20240909_173637.data
90.0 90.0 17 25.419136563876656 0cd9414a_20240909_173701.data
110.0 90.0 17 25.537859030837005 0cd9414a_20240909_173725.data
130.0 90.0 17 25.656118942731283 0cd9414a_20240909_173749.data
150.0 90.0 17 25.537859030837005 0cd9414a_20240909_173813.data
170.0 90.0 17 25.299982378854633 0cd9414a_20240909_173837.data
190.0 90.0 17 25.419136563876656 0cd9414a_20240909_173901.data
210.0 90.0 17 25.537859030837005 0cd9414a_20240909_173925.data
230.0 90.0 17 25.537859030837005 0cd9414a_20240909_173949.data
250.0 90.0 17 25.419136563876656 0cd9414a_20240909_174013.data
270.0 90.0 17 25.537859030837005 0cd9414a_20240909_174037.data
290.0 90.0 17 25.537859030837005 0cd9414a_20240909_174101.data
290.0 110.0 17 25.419136563876656 0cd9414a_20240909_174125.data
270.0 110.0 17 25.537859030837005 0cd9414a_20240909_174149.data
250.0 110.0 17 25.419136563876656 0cd9414a_20240909_174213.data
230.0 110.0 17 25.419136563876656 0cd9414a_20240909_174237.data
210.0 110.0 17 25.419136563876656 0cd9414a_20240909_174301.data
190.0 110.0 17 25.537859030837005 0cd9414a_20240909_174325.data
170.0 110.0 17 25.299982378854633 0cd9414a_20240909_174349.data
150.0 110.0 17 25.299982378854633 0cd9414a_20240909_174413.data
130.0 110.0 17 25.537859030837005 0cd9414a_20240909_174437.data
110.0 110.0 17 25.419136563876656 0cd9414a_20240909_174501.data
90.0 110.0 17 25.419136563876656 0cd9414a_20240909_174525.data
70.0 110.0 17 25.537859030837005 0cd9414a_20240909_174549.data
50.0 110.0 17 25.419136563876656 0cd9414a_20240909_174613.data
30.0 110.0 17 25.537859030837005 0cd9414a_20240909_174637.data
10.0 110.0 17 25.537859030837005 0cd9414a_20240909_174701.data
10.0 130.0 17 25.419136563876656 0cd9414a_20240909_174725.data
30.0 130.0 17 25.419136563876656 0cd9414a_20240909_174749.data
50.0 130.0 17 25.537859030837005 0cd9414a_20240909_174813.data
70.0 130.0 17 25.537859030837005 0cd9414a_20240909_174837.data
90.0 130.0 17 25.180334801762115 0cd9414a_20240909_174901.data
110.0 130.0 17 25.299982378854633 0cd9414a_20240909_174925.data
130.0 130.0 17 25.419136563876656 0cd9414a_20240909_174949.data
150.0 130.0 17 25.419136563876656 0cd9414a_20240909_175013.data
170.0 130.0 17 25.537859030837005 0cd9414a_20240909_175037.data
190.0 130.0 17 25.537859030837005 0cd9414a_20240909_175101.data
210.0 130.0 17 25.656118942731283 0cd9414a_20240909_175125.data
230.0 130.0 17 25.537859030837005 0cd9414a_20240909_175149.data
250.0 130.0 17 25.537859030837005 0cd9414a_20240909_175213.data
270.0 130.0 17 25.419136563876656 0cd9414a_20240909_175237.data
290.0 130.0 17 25.419136563876656 0cd9414a_20240909_175301.data
290.0 150.0 17 25.419136563876656 0cd9414a_20240909_175325.data
270.0 150.0 17 25.299982378854633 0cd9414a_20240909_175349.data
250.0 150.0 17 25.299982378854633 0cd9414a_20240909_175413.data
230.0 150.0 17 25.299982378854633 0cd9414a_20240909_175437.data
210.0 150.0 17 25.419136563876656 0cd9414a_20240909_175501.data
190.0 150.0 17 25.299982378854633 0cd9414a_20240909_175525.data
170.0 150.0 17 25.180334801762115 0cd9414a_20240909_175549.data
150.0 150.0 17 25.419136563876656 0cd9414a_20240909_175613.data
130.0 150.0 17 25.537859030837005 0cd9414a_20240909_175637.data
110.0 150.0 17 25.299982378854633 0cd9414a_20240909_175701.data
90.0 150.0 17 25.537859030837005 0cd9414a_20240909_175725.data
70.0 150.0 17 25.419136563876656 0cd9414a_20240909_175749.data
50.0 150.0 17 25.299982378854633 0cd9414a_20240909_175813.data
30.0 150.0 17 25.537859030837005 0cd9414a_20240909_175837.data
10.0 150.0 17 25.537859030837005 0cd9414a_20240909_175901.data
10.0 170.0 17 25.537859030837005 0cd9414a_20240909_175926.data
30.0 170.0 17 25.537859030837005 0cd9414a_20240909_175950.data
50.0 170.0 17 25.537859030837005 0cd9414a_20240909_180014.data
70.0 170.0 17 25.419136563876656 0cd9414a_20240909_180038.data
90.0 170.0 17 25.419136563876656 0cd9414a_20240909_180102.data
110.0 170.0 17 25.537859030837005 0cd9414a_20240909_180126.data
130.0 170.0 17 25.419136563876656 0cd9414a_20240909_180150.data
150.0 170.0 17 25.537859030837005 0cd9414a_20240909_180214.data
170.0 170.0 17 25.06022466960353 0cd9414a_20240909_180238.data
190.0 170.0 17 25.537859030837005 0cd9414a_20240909_180302.data
210.0 170.0 17 25.537859030837005 0cd9414a_20240909_180326.data
230.0 170.0 17 25.419136563876656 0cd9414a_20240909_180350.data
250.0 170.0 17 25.180334801762115 0cd9414a_20240909_180414.data
270.0 170.0 17 25.419136563876656 0cd9414a_20240909_180438.data
290.0 170.0 17 25.537859030837005 0cd9414a_20240909_180502.data
290.0 190.0 17 25.537859030837005 0cd9414a_20240909_180526.data
270.0 190.0 17 25.419136563876656 0cd9414a_20240909_180550.data
250.0 190.0 17 25.537859030837005 0cd9414a_20240909_180614.data
230.0 190.0 17 25.656118942731283 0cd9414a_20240909_180638.data
210.0 190.0 17 25.419136563876656 0cd9414a_20240909_180702.data
190.0 190.0 17 25.537859030837005 0cd9414a_20240909_180726.data
170.0 190.0 17 25.537859030837005 0cd9414a_20240909_180750.data
150.0 190.0 17 25.419136563876656 0cd9414a_20240909_180814.data
130.0 190.0 17 25.419136563876656 0cd9414a_20240909_180838.data
110.0 190.0 17 25.180334801762115 0cd9414a_20240909_180902.data
90.0 190.0 17 25.419136563876656 0cd9414a_20240909_180926.data
70.0 190.0 17 25.419136563876656 0cd9414a_20240909_180950.data
50.0 190.0 17 25.419136563876656 0cd9414a_20240909_181014.data
30.0 190.0 17 25.537859030837005 0cd9414a_20240909_181038.data
10.0 190.0 17 25.419136563876656 0cd9414a_20240909_181102.data
10.0 210.0 17 25.537859030837005 0cd9414a_20240909_181126.data
30.0 210.0 17 25.299982378854633 0cd9414a_20240909_181150.data
50.0 210.0 17 25.537859030837005 0cd9414a_20240909_181214.data
70.0 210.0 17 25.419136563876656 0cd9414a_20240909_181238.data
90.0 210.0 17 25.537859030837005 0cd9414a_20240909_181302.data
110.0 210.0 17 25.419136563876656 0cd9414a_20240909_181326.data
130.0 210.0 17 25.537859030837005 0cd9414a_20240909_181350.data
150.0 210.0 17 25.419136563876656 0cd9414a_20240909_181414.data
170.0 210.0 17 25.299982378854633 0cd9414a_20240909_181438.data
190.0 210.0 17 25.419136563876656 0cd9414a_20240909_181502.data
210.0 210.0 17 25.299982378854633 0cd9414a_20240909_181526.data
230.0 210.0 17 25.537859030837005 0cd9414a_20240909_181550.data
250.0 210.0 17 25.419136563876656 0cd9414a_20240909_181614.data
270.0 210.0 17 25.419136563876656 0cd9414a_20240909_181638.data
290.0 210.0 17 25.537859030837005 0cd9414a_20240909_181702.data
290.0 230.0 17 25.537859030837005 0cd9414a_20240909_181726.data
270.0 230.0 17 25.419136563876656 0cd9414a_20240909_181750.data
250.0 230.0 17 25.537859030837005 0cd9414a_20240909_181814.data
230.0 230.0 17 25.419136563876656 0cd9414a_20240909_181838.data
210.0 230.0 17 25.419136563876656 0cd9414a_20240909_181902.data
190.0 230.0 17 25.299982378854633 0cd9414a_20240909_181926.data
170.0 230.0 17 25.537859030837005 0cd9414a_20240909_181950.data
150.0 230.0 17 25.299982378854633 0cd9414a_20240909_182014.data
130.0 230.0 17 25.537859030837005 0cd9414a_20240909_182038.data
110.0 230.0 17 25.299982378854633 0cd9414a_20240909_182102.data
90.0 230.0 17 25.537859030837005 0cd9414a_20240909_182126.data
70.0 230.0 17 25.419136563876656 0cd9414a_20240909_182150.data
50.0 230.0 17 25.537859030837005 0cd9414a_20240909_182214.data
30.0 230.0 17 25.419136563876656 0cd9414a_20240909_182238.data
10.0 230.0 17 25.180334801762115 0cd9414a_20240909_182302.data
10.0 250.0 17 25.419136563876656 0cd9414a_20240909_182326.data
30.0 250.0 17 25.419136563876656 0cd9414a_20240909_182350.data
50.0 250.0 17 25.537859030837005 0cd9414a_20240909_182414.data
70.0 250.0 17 25.537859030837005 0cd9414a_20240909_182438.data
90.0 250.0 17 25.180334801762115 0cd9414a_20240909_182502.data
110.0 250.0 17 25.299982378854633 0cd9414a_20240909_182526.data
130.0 250.0 17 25.419136563876656 0cd9414a_20240909_182550.data
150.0 250.0 17 25.06022466960353 0cd9414a_20240909_182614.data
170.0 250.0 17 25.537859030837005 0cd9414a_20240909_182638.data
190.0 250.0 17 25.419136563876656 0cd9414a_20240909_182702.data
210.0 250.0 17 25.537859030837005 0cd9414a_20240909_182726.data
230.0 250.0 17 25.299982378854633 0cd9414a_20240909_182750.data
250.0 250.0 17 25.299982378854633 0cd9414a_20240909_182814.data
270.0 250.0 17 25.419136563876656 0cd9414a_20240909_182838.data
290.0 250.0 17 25.419136563876656 0cd9414a_20240909_182902.data
290.0 270.0 17 25.419136563876656 0cd9414a_20240909_182926.data
270.0 270.0 17 25.419136563876656 0cd9414a_20240909_182950.data
250.0 270.0 17 25.299982378854633 0cd9414a_20240909_183014.data
230.0 270.0 17 25.419136563876656 0cd9414a_20240909_183039.data
210.0 270.0 17 25.537859030837005 0cd9414a_20240909_183103.data
190.0 270.0 17 25.537859030837005 0cd9414a_20240909_183127.data
170.0 270.0 17 25.419136563876656 0cd9414a_20240909_183151.data
150.0 270.0 17 25.537859030837005 0cd9414a_20240909_183215.data
130.0 270.0 17 25.537859030837005 0cd9414a_20240909_183239.data
110.0 270.0 17 25.419136563876656 0cd9414a_20240909_183303.data
90.0 270.0 17 25.537859030837005 0cd9414a_20240909_183327.data
70.0 270.0 17 25.656118942731283 0cd9414a_20240909_183351.data
50.0 270.0 17 25.419136563876656 0cd9414a_20240909_183415.data
30.0 270.0 17 25.180334801762115 0cd9414a_20240909_183439.data
10.0 270.0 17 25.537859030837005 0cd9414a_20240909_183503.data
10.0 290.0 17 25.419136563876656 0cd9414a_20240909_183527.data
30.0 290.0 17 25.419136563876656 0cd9414a_20240909_183551.data
50.0 290.0 17 25.537859030837005 0cd9414a_20240909_183615.data
70.0 290.0 17 25.419136563876656 0cd9414a_20240909_183639.data
90.0 290.0 17 25.419136563876656 0cd9414a_20240909_183703.data
110.0 290.0 17 25.537859030837005 0cd9414a_20240909_183727.data
130.0 290.0 17 25.180334801762115 0cd9414a_20240909_183751.data
150.0 290.0 17 25.419136563876656 0cd9414a_20240909_183815.data
170.0 290.0 17 25.537859030837005 0cd9414a_20240909_183839.data
190.0 290.0 17 25.419136563876656 0cd9414a_20240909_183903.data
210.0 290.0 17 25.419136563876656 0cd9414a_20240909_183927.data
230.0 290.0 17 25.180334801762115 0cd9414a_20240909_183951.data
250.0 290.0 17 25.419136563876656 0cd9414a_20240909_184015.data
270.0 290.0 17 25.419136563876656 0cd9414a_20240909_184039.data
290.0 290.0 17 25.180334801762115 0cd9414a_20240909_184103.data
290.0 310.0 17 25.180334801762115 0cd9414a_20240909_184127.data
270.0 310.0 17 25.299982378854633 0cd9414a_20240909_184151.data
250.0 310.0 17 25.299982378854633 0cd9414a_20240909_184215.data
230.0 310.0 17 25.537859030837005 0cd9414a_20240909_184239.data
210.0 310.0 17 25.419136563876656 0cd9414a_20240909_184303.data
190.0 310.0 17 25.180334801762115 0cd9414a_20240909_184327.data
170.0 310.0 17 -1 0cd9414a_20240909_184351.data
150.0 310.0 17 25.180334801762115 0cd9414a_20240909_184415.data
130.0 310.0 17 25.419136563876656 0cd9414a_20240909_184439.data
110.0 310.0 17 -1 0cd9414a_20240909_184503.data
90.0 310.0 17 25.419136563876656 0cd9414a_20240909_184527.data
70.0 310.0 17 25.537859030837005 0cd9414a_20240909_184551.data
50.0 310.0 17 25.537859030837005 0cd9414a_20240909_184615.data
30.0 310.0 17 25.419136563876656 0cd9414a_20240909_184639.data
10.0 310.0 17 25.537859030837005 0cd9414a_20240909_184703.data
10.0 330.0 17 25.537859030837005 0cd9414a_20240909_184727.data
30.0 330.0 17 -1 0cd9414a_20240909_184751.data
50.0 330.0 17 25.537859030837005 0cd9414a_20240909_184815.data
70.0 330.0 17 25.537859030837005 0cd9414a_20240909_184839.data
90.0 330.0 17 25.419136563876656 0cd9414a_20240909_184903.data
110.0 330.0 17 25.18193832599119 0cd9414a_20240909_184927.data
130.0 330.0 17 25.299982378854633 0cd9414a_20240909_184951.data
150.0 330.0 17 25.299982378854633 0cd9414a_20240909_185015.data
170.0 330.0 17 25.537859030837005 0cd9414a_20240909_185039.data
190.0 330.0 17 25.299982378854633 0cd9414a_20240909_185103.data
210.0 330.0 17 25.537859030837005 0cd9414a_20240909_185127.data
230.0 330.0 17 25.656118942731283 0cd9414a_20240909_185151.data
250.0 330.0 17 25.537859030837005 0cd9414a_20240909_185215.data
270.0 330.0 17 25.537859030837005 0cd9414a_20240909_185239.data
290.0 330.0 17 25.656118942731283 0cd9414a_20240909_185303.data
10.0 350.0 17 25.419136563876656 0cd9414a_20240910_083020.data
30.0 350.0 17 25.419136563876656 0cd9414a_20240910_083044.data
50.0 350.0 17 25.537859030837005 0cd9414a_20240910_083108.data
70.0 350.0 17 25.299982378854633 0cd9414a_20240910_083132.data
90.0 350.0 17 25.537859030837005 0cd9414a_20240910_083156.data
110.0 350.0 17 25.299982378854633 0cd9414a_20240910_083220.data
130.0 350.0 17 25.419136563876656 0cd9414a_20240910_083244.data
150.0 350.0 17 25.299982378854633 0cd9414a_20240910_083308.data
170.0 350.0 17 25.299982378854633 0cd9414a_20240910_083332.data
190.0 350.0 17 25.656118942731283 0cd9414a_20240910_083356.data
210.0 350.0 17 25.299982378854633 0cd9414a_20240910_083420.data
230.0 350.0 17 25.419136563876656 0cd9414a_20240910_083444.data
250.0 350.0 17 25.656118942731283 0cd9414a_20240910_083508.data
270.0 350.0 17 25.537859030837005 0cd9414a_20240910_083532.data
290.0 350.0 17 25.537859030837005 0cd9414a_20240910_083556.data
290.0 370.0 17 25.299982378854633 0cd9414a_20240910_083620.data
270.0 370.0 17 25.537859030837005 0cd9414a_20240910_083644.data
250.0 370.0 17 25.537859030837005 0cd9414a_20240910_083708.data
230.0 370.0 17 25.537859030837005 0cd9414a_20240910_083732.data
210.0 370.0 17 25.537859030837005 0cd9414a_20240910_083756.data
190.0 370.0 17 25.537859030837005 0cd9414a_20240910_083820.data
170.0 370.0 17 25.419136563876656 0cd9414a_20240910_083844.data
150.0 370.0 17 25.419136563876656 0cd9414a_20240910_083908.data
130.0 370.0 17 25.537859030837005 0cd9414a_20240910_083932.data
110.0 370.0 17 25.656118942731283 0cd9414a_20240910_083956.data
90.0 370.0 17 25.419136563876656 0cd9414a_20240910_084020.data
70.0 370.0 17 25.537859030837005 0cd9414a_20240910_084044.data
50.0 370.0 17 25.299982378854633 0cd9414a_20240910_084108.data
30.0 370.0 17 25.299982378854633 0cd9414a_20240910_084132.data
10.0 370.0 17 25.419136563876656 0cd9414a_20240910_084156.data
10.0 390.0 17 25.419136563876656 0cd9414a_20240910_084220.data
30.0 390.0 17 25.656118942731283 0cd9414a_20240910_084244.data
50.0 390.0 17 25.537859030837005 0cd9414a_20240910_084308.data
70.0 390.0 17 25.537859030837005 0cd9414a_20240910_084332.data
90.0 390.0 17 25.299982378854633 0cd9414a_20240910_084356.data
110.0 390.0 17 25.419136563876656 0cd9414a_20240910_084420.data
130.0 390.0 17 25.419136563876656 0cd9414a_20240910_084444.data
150.0 390.0 17 25.299982378854633 0cd9414a_20240910_084508.data
170.0 390.0 17 25.419136563876656 0cd9414a_20240910_084532.data
190.0 390.0 17 25.656118942731283 0cd9414a_20240910_084556.data
210.0 390.0 17 25.299982378854633 0cd9414a_20240910_084620.data
230.0 390.0 17 25.419136563876656 0cd9414a_20240910_084644.data
250.0 390.0 17 25.299982378854633 0cd9414a_20240910_084709.data
270.0 390.0 17 25.299982378854633 0cd9414a_20240910_084733.data
290.0 390.0 17 25.537859030837005 0cd9414a_20240910_084757.data
290.0 410.0 17 25.299982378854633 0cd9414a_20240910_084821.data
270.0 410.0 17 25.656118942731283 0cd9414a_20240910_084845.data
250.0 410.0 17 25.537859030837005 0cd9414a_20240910_084909.data
230.0 410.0 17 25.537859030837005 0cd9414a_20240910_084933.data
210.0 410.0 17 25.537859030837005 0cd9414a_20240910_084957.data
190.0 410.0 17 25.537859030837005 0cd9414a_20240910_085021.data
170.0 410.0 17 25.419136563876656 0cd9414a_20240910_085045.data
150.0 410.0 17 25.299982378854633 0cd9414a_20240910_085109.data
130.0 410.0 17 25.537859030837005 0cd9414a_20240910_085133.data
110.0 410.0 17 25.419136563876656 0cd9414a_20240910_085157.data
90.0 410.0 17 25.656118942731283 0cd9414a_20240910_085221.data
70.0 410.0 17 25.537859030837005 0cd9414a_20240910_085245.data
50.0 410.0 17 25.537859030837005 0cd9414a_20240910_085309.data
30.0 410.0 17 25.656118942731283 0cd9414a_20240910_085333.data
10.0 410.0 17 25.537859030837005 0cd9414a_20240910_085357.data
10.0 430.0 17 25.537859030837005 0cd9414a_20240910_085421.data
30.0 430.0 17 25.537859030837005 0cd9414a_20240910_085445.data
50.0 430.0 17 25.537859030837005 0cd9414a_20240910_085509.data
70.0 430.0 17 25.299982378854633 0cd9414a_20240910_085533.data
90.0 430.0 17 25.656118942731283 0cd9414a_20240910_085557.data
110.0 430.0 17 25.656118942731283 0cd9414a_20240910_085621.data
130.0 430.0 17 25.537859030837005 0cd9414a_20240910_085645.data
150.0 430.0 17 25.537859030837005 0cd9414a_20240910_085709.data
170.0 430.0 17 25.537859030837005 0cd9414a_20240910_085733.data
190.0 430.0 17 25.537859030837005 0cd9414a_20240910_085757.data
210.0 430.0 17 25.656118942731283 0cd9414a_20240910_085821.data
230.0 430.0 17 25.537859030837005 0cd9414a_20240910_085845.data
250.0 430.0 17 25.419136563876656 0cd9414a_20240910_085909.data
270.0 430.0 17 25.180334801762115 0cd9414a_20240910_085933.data
290.0 430.0 17 25.656118942731283 0cd9414a_20240910_085957.data
290.0 450.0 17 25.537859030837005 0cd9414a_20240910_090021.data
270.0 450.0 17 25.299982378854633 0cd9414a_20240910_090045.data
250.0 450.0 17 25.537859030837005 0cd9414a_20240910_090109.data
230.0 450.0 17 25.419136563876656 0cd9414a_20240910_090133.data
210.0 450.0 17 25.299982378854633 0cd9414a_20240910_090157.data
190.0 450.0 17 25.656118942731283 0cd9414a_20240910_090221.data
170.0 450.0 17 25.537859030837005 0cd9414a_20240910_090245.data
150.0 450.0 17 25.299982378854633 0cd9414a_20240910_090309.data
130.0 450.0 17 25.656118942731283 0cd9414a_20240910_090333.data
110.0 450.0 17 25.537859030837005 0cd9414a_20240910_090357.data
90.0 450.0 17 25.656118942731283 0cd9414a_20240910_090421.data
70.0 450.0 17 25.419136563876656 0cd9414a_20240910_090445.data
50.0 450.0 17 25.537859030837005 0cd9414a_20240910_090509.data
30.0 450.0 17 25.537859030837005 0cd9414a_20240910_090533.data
10.0 450.0 17 25.299982378854633 0cd9414a_20240910_090557.data
10.0 470.0 17 25.537859030837005 0cd9414a_20240910_090621.data
30.0 470.0 17 25.537859030837005 0cd9414a_20240910_090645.data
50.0 470.0 17 25.299982378854633 0cd9414a_20240910_090709.data
70.0 470.0 17 25.419136563876656 0cd9414a_20240910_090733.data
90.0 470.0 17 25.537859030837005 0cd9414a_20240910_090757.data
110.0 470.0 17 25.299982378854633 0cd9414a_20240910_090821.data
130.0 470.0 17 25.419136563876656 0cd9414a_20240910_090845.data
150.0 470.0 17 25.419136563876656 0cd9414a_20240910_090909.data
170.0 470.0 17 25.537859030837005 0cd9414a_20240910_090933.data
190.0 470.0 17 25.419136563876656 0cd9414a_20240910_090957.data
210.0 470.0 17 25.537859030837005 0cd9414a_20240910_091021.data
230.0 470.0 17 25.299982378854633 0cd9414a_20240910_091045.data
250.0 470.0 17 25.656118942731283 0cd9414a_20240910_091109.data
270.0 470.0 17 25.419136563876656 0cd9414a_20240910_091133.data
290.0 470.0 17 25.299982378854633 0cd9414a_20240910_091157.data
