-1 -1 -1 25.06022466960353 0cd9414a_20240911_141803.data
10.0 10.0 17 25.06022466960353 0cd9414a_20240911_141842.data
30.0 10.0 17 25.06022466960353 0cd9414a_20240911_141906.data
50.0 10.0 17 25.180334801762115 0cd9414a_20240911_141930.data
70.0 10.0 17 25.06022466960353 0cd9414a_20240911_141954.data
90.0 10.0 17 24.741500000000002 0cd9414a_20240911_142018.data
110.0 10.0 17 25.06022466960353 0cd9414a_20240911_142042.data
130.0 10.0 17 25.06022466960353 0cd9414a_20240911_142106.data
150.0 10.0 17 25.180334801762115 0cd9414a_20240911_142130.data
170.0 10.0 17 25.06022466960353 0cd9414a_20240911_142154.data
190.0 10.0 17 25.06022466960353 0cd9414a_20240911_142218.data
210.0 10.0 17 25.180334801762115 0cd9414a_20240911_142242.data
230.0 10.0 17 24.845210526315793 0cd9414a_20240911_142306.data
250.0 10.0 17 24.741500000000002 0cd9414a_20240911_142330.data
270.0 10.0 17 25.06022466960353 0cd9414a_20240911_142354.data
290.0 10.0 17 25.06022466960353 0cd9414a_20240911_142418.data
290.0 30.0 17 25.06022466960353 0cd9414a_20240911_142442.data
270.0 30.0 17 25.06022466960353 0cd9414a_20240911_142506.data
250.0 30.0 17 25.180334801762115 0cd9414a_20240911_142530.data
230.0 30.0 17 25.06022466960353 0cd9414a_20240911_142554.data
210.0 30.0 17 25.06022466960353 0cd9414a_20240911_142618.data
190.0 30.0 17 25.06022466960353 0cd9414a_20240911_142642.data
170.0 30.0 17 25.06022466960353 0cd9414a_20240911_142706.data
150.0 30.0 17 24.948500000000003 0cd9414a_20240911_142730.data
130.0 30.0 17 24.948500000000003 0cd9414a_20240911_142754.data
110.0 30.0 17 25.06022466960353 0cd9414a_20240911_142818.data
90.0 30.0 17 25.06022466960353 0cd9414a_20240911_142842.data
70.0 30.0 17 24.948500000000003 0cd9414a_20240911_142906.data
50.0 30.0 17 25.06022466960353 0cd9414a_20240911_142930.data
30.0 30.0 17 25.06022466960353 0cd9414a_20240911_142954.data
10.0 30.0 17 25.06022466960353 0cd9414a_20240911_143018.data
10.0 50.0 17 25.06022466960353 0cd9414a_20240911_143042.data
30.0 50.0 17 24.845210526315793 0cd9414a_20240911_143106.data
50.0 50.0 17 24.948500000000003 0cd9414a_20240911_143130.data
70.0 50.0 17 25.06022466960353 0cd9414a_20240911_143154.data
90.0 50.0 17 25.06022466960353 0cd9414a_20240911_143218.data
110.0 50.0 17 25.06022466960353 0cd9414a_20240911_143242.data
130.0 50.0 17 25.06022466960353 0cd9414a_20240911_143306.data
150.0 50.0 17 25.06022466960353 0cd9414a_20240911_143330.data
170.0 50.0 17 24.845210526315793 0cd9414a_20240911_143354.data
190.0 50.0 17 24.845210526315793 0cd9414a_20240911_143418.data
210.0 50.0 17 25.06022466960353 0cd9414a_20240911_143443.data
230.0 50.0 17 25.180334801762115 0cd9414a_20240911_143507.data
250.0 50.0 17 25.06022466960353 0cd9414a_20240911_143531.data
270.0 50.0 17 25.06022466960353 0cd9414a_20240911_143555.data
290.0 50.0 17 25.06022466960353 0cd9414a_20240911_143619.data
290.0 70.0 17 24.948500000000003 0cd9414a_20240911_143643.data
270.0 70.0 17 24.845210526315793 0cd9414a_20240911_143707.data
250.0 70.0 17 25.06022466960353 0cd9414a_20240911_143731.data
230.0 70.0 17 25.06022466960353 0cd9414a_20240911_143755.data
210.0 70.0 17 24.741500000000002 0cd9414a_20240911_143819.data
190.0 70.0 17 25.06022466960353 0cd9414a_20240911_143843.data
170.0 70.0 17 24.948500000000003 0cd9414a_20240911_143907.data
150.0 70.0 17 24.637394736842104 0cd9414a_20240911_143931.data
130.0 70.0 17 24.948500000000003 0cd9414a_20240911_143955.data
110.0 70.0 17 25.06022466960353 0cd9414a_20240911_144019.data
90.0 70.0 17 25.06022466960353 0cd9414a_20240911_144043.data
70.0 70.0 17 25.06022466960353 0cd9414a_20240911_144107.data
50.0 70.0 17 25.06022466960353 0cd9414a_20240911_144131.data
30.0 70.0 17 24.948500000000003 0cd9414a_20240911_144155.data
10.0 70.0 17 24.741500000000002 0cd9414a_20240911_144219.data
10.0 90.0 17 25.06022466960353 0cd9414a_20240911_144243.data
30.0 90.0 17 24.948500000000003 0cd9414a_20240911_144307.data
50.0 90.0 17 25.06022466960353 0cd9414a_20240911_144331.data
70.0 90.0 17 25.06022466960353 0cd9414a_20240911_144355.data
90.0 90.0 17 25.06022466960353 0cd9414a_20240911_144419.data
110.0 90.0 17 24.845210526315793 0cd9414a_20240911_144443.data
130.0 90.0 17 25.06022466960353 0cd9414a_20240911_144507.data
150.0 90.0 17 24.948500000000003 0cd9414a_20240911_144531.data
170.0 90.0 17 24.845210526315793 0cd9414a_20240911_144555.data
190.0 90.0 17 24.948500000000003 0cd9414a_20240911_144619.data
210.0 90.0 17 25.06022466960353 0cd9414a_20240911_144643.data
230.0 90.0 17 24.948500000000003 0cd9414a_20240911_144707.data
250.0 90.0 17 24.948500000000003 0cd9414a_20240911_144731.data
270.0 90.0 17 24.845210526315793 0cd9414a_20240911_144755.data
290.0 90.0 17 24.948500000000003 0cd9414a_20240911_144819.data
290.0 110.0 17 24.948500000000003 0cd9414a_20240911_144843.data
270.0 110.0 17 24.741500000000002 0cd9414a_20240911_144907.data
250.0 110.0 17 25.06022466960353 0cd9414a_20240911_144931.data
230.0 110.0 17 25.06022466960353 0cd9414a_20240911_144955.data
210.0 110.0 17 24.532868421052633 0cd9414a_20240911_145019.data
190.0 110.0 17 25.06022466960353 0cd9414a_20240911_145043.data
170.0 110.0 17 25.06022466960353 0cd9414a_20240911_145107.data
150.0 110.0 17 25.06022466960353 0cd9414a_20240911_145131.data
130.0 110.0 17 25.06022466960353 0cd9414a_20240911_145155.data
110.0 110.0 17 25.06022466960353 0cd9414a_20240911_145219.data
90.0 110.0 17 25.06022466960353 0cd9414a_20240911_145243.data
70.0 110.0 17 24.948500000000003 0cd9414a_20240911_145307.data
50.0 110.0 17 25.06022466960353 0cd9414a_20240911_145331.data
30.0 110.0 17 25.06022466960353 0cd9414a_20240911_145355.data
10.0 110.0 17 25.06022466960353 0cd9414a_20240911_145419.data
10.0 130.0 17 25.06022466960353 0cd9414a_20240911_145443.data
30.0 130.0 17 25.06022466960353 0cd9414a_20240911_145507.data
50.0 130.0 17 25.06022466960353 0cd9414a_20240911_145531.data
70.0 130.0 17 25.06022466960353 0cd9414a_20240911_145555.data
90.0 130.0 17 25.06022466960353 0cd9414a_20240911_145619.data
110.0 130.0 17 24.845210526315793 0cd9414a_20240911_145643.data
130.0 130.0 17 25.06022466960353 0cd9414a_20240911_145707.data
150.0 130.0 17 25.06022466960353 0cd9414a_20240911_145731.data
170.0 130.0 17 25.06022466960353 0cd9414a_20240911_145755.data
190.0 130.0 17 25.06022466960353 0cd9414a_20240911_145819.data
210.0 130.0 17 25.06022466960353 0cd9414a_20240911_145843.data
230.0 130.0 17 24.741500000000002 0cd9414a_20240911_145907.data
250.0 130.0 17 25.06022466960353 0cd9414a_20240911_145931.data
270.0 130.0 17 24.741500000000002 0cd9414a_20240911_145955.data
290.0 130.0 17 24.948500000000003 0cd9414a_20240911_150019.data
290.0 150.0 17 24.948500000000003 0cd9414a_20240911_150043.data
270.0 150.0 17 24.845210526315793 0cd9414a_20240911_150107.data
250.0 150.0 17 24.741500000000002 0cd9414a_20240911_150131.data
230.0 150.0 17 24.741500000000002 0cd9414a_20240911_150155.data
210.0 150.0 17 24.845210526315793 0cd9414a_20240911_150219.data
190.0 150.0 17 24.741500000000002 0cd9414a_20240911_150243.data
170.0 150.0 17 24.741500000000002 0cd9414a_20240911_150307.data
150.0 150.0 17 24.741500000000002 0cd9414a_20240911_150331.data
130.0 150.0 17 24.741500000000002 0cd9414a_20240911_150355.data
110.0 150.0 17 24.741500000000002 0cd9414a_20240911_150419.data
90.0 150.0 17 24.948500000000003 0cd9414a_20240911_150443.data
70.0 150.0 17 24.741500000000002 0cd9414a_20240911_150507.data
50.0 150.0 17 24.845210526315793 0cd9414a_20240911_150531.data
30.0 150.0 17 24.741500000000002 0cd9414a_20240911_150555.data
10.0 150.0 17 24.741500000000002 0cd9414a_20240911_150619.data
10.0 170.0 17 24.741500000000002 0cd9414a_20240911_150644.data
30.0 170.0 17 24.741500000000002 0cd9414a_20240911_150708.data
50.0 170.0 17 24.741500000000002 0cd9414a_20240911_150732.data
70.0 170.0 17 24.741500000000002 0cd9414a_20240911_150756.data
90.0 170.0 17 24.637394736842104 0cd9414a_20240911_150820.data
110.0 170.0 17 24.741500000000002 0cd9414a_20240911_150844.data
130.0 170.0 17 24.741500000000002 0cd9414a_20240911_150908.data
150.0 170.0 17 24.741500000000002 0cd9414a_20240911_150932.data
170.0 170.0 17 24.741500000000002 0cd9414a_20240911_150956.data
190.0 170.0 17 24.532868421052633 0cd9414a_20240911_151020.data
210.0 170.0 17 24.741500000000002 0cd9414a_20240911_151044.data
230.0 170.0 17 24.741500000000002 0cd9414a_20240911_151108.data
250.0 170.0 17 24.741500000000002 0cd9414a_20240911_151132.data
270.0 170.0 17 24.741500000000002 0cd9414a_20240911_151156.data
290.0 170.0 17 24.741500000000002 0cd9414a_20240911_151220.data
290.0 190.0 17 24.741500000000002 0cd9414a_20240911_151244.data
270.0 190.0 17 24.741500000000002 0cd9414a_20240911_151308.data
250.0 190.0 17 24.741500000000002 0cd9414a_20240911_151332.data
230.0 190.0 17 24.741500000000002 0cd9414a_20240911_151356.data
210.0 190.0 17 24.741500000000002 0cd9414a_20240911_151420.data
190.0 190.0 17 24.948500000000003 0cd9414a_20240911_151444.data
170.0 190.0 17 24.741500000000002 0cd9414a_20240911_151508.data
150.0 190.0 17 24.741500000000002 0cd9414a_20240911_151532.data
130.0 190.0 17 24.741500000000002 0cd9414a_20240911_151556.data
110.0 190.0 17 24.741500000000002 0cd9414a_20240911_151620.data
90.0 190.0 17 24.741500000000002 0cd9414a_20240911_151644.data
70.0 190.0 17 24.741500000000002 0cd9414a_20240911_151708.data
50.0 190.0 17 24.741500000000002 0cd9414a_20240911_151732.data
30.0 190.0 17 24.741500000000002 0cd9414a_20240911_151756.data
10.0 190.0 17 24.741500000000002 0cd9414a_20240911_151820.data
10.0 210.0 17 24.532868421052633 0cd9414a_20240911_151844.data
30.0 210.0 17 24.741500000000002 0cd9414a_20240911_151908.data
50.0 210.0 17 24.741500000000002 0cd9414a_20240911_151932.data
70.0 210.0 17 24.741500000000002 0cd9414a_20240911_151956.data
90.0 210.0 17 24.741500000000002 0cd9414a_20240911_152020.data
110.0 210.0 17 24.741500000000002 0cd9414a_20240911_152044.data
130.0 210.0 17 24.741500000000002 0cd9414a_20240911_152108.data
150.0 210.0 17 24.741500000000002 0cd9414a_20240911_152132.data
170.0 210.0 17 24.845210526315793 0cd9414a_20240911_152156.data
190.0 210.0 17 24.637394736842104 0cd9414a_20240911_152220.data
210.0 210.0 17 24.948500000000003 0cd9414a_20240911_152244.data
230.0 210.0 17 24.741500000000002 0cd9414a_20240911_152308.data
250.0 210.0 17 24.741500000000002 0cd9414a_20240911_152332.data
270.0 210.0 17 24.741500000000002 0cd9414a_20240911_152356.data
290.0 210.0 17 24.741500000000002 0cd9414a_20240911_152420.data
290.0 230.0 17 24.741500000000002 0cd9414a_20240911_152444.data
270.0 230.0 17 24.741500000000002 0cd9414a_20240911_152508.data
250.0 230.0 17 24.741500000000002 0cd9414a_20240911_152532.data
230.0 230.0 17 24.741500000000002 0cd9414a_20240911_152556.data
210.0 230.0 17 24.741500000000002 0cd9414a_20240911_152620.data
190.0 230.0 17 24.741500000000002 0cd9414a_20240911_152644.data
170.0 230.0 17 24.741500000000002 0cd9414a_20240911_152708.data
150.0 230.0 17 24.741500000000002 0cd9414a_20240911_152732.data
130.0 230.0 17 24.741500000000002 0cd9414a_20240911_152756.data
110.0 230.0 17 24.741500000000002 0cd9414a_20240911_152820.data
90.0 230.0 17 24.741500000000002 0cd9414a_20240911_152844.data
70.0 230.0 17 24.741500000000002 0cd9414a_20240911_152908.data
50.0 230.0 17 24.741500000000002 0cd9414a_20240911_152932.data
30.0 230.0 17 24.741500000000002 0cd9414a_20240911_152956.data
10.0 230.0 17 24.741500000000002 0cd9414a_20240911_153020.data
10.0 250.0 17 24.741500000000002 0cd9414a_20240911_153044.data
30.0 250.0 17 24.741500000000002 0cd9414a_20240911_153108.data
50.0 250.0 17 24.637394736842104 0cd9414a_20240911_153132.data
70.0 250.0 17 24.948500000000003 0cd9414a_20240911_153156.data
90.0 250.0 17 24.741500000000002 0cd9414a_20240911_153220.data
110.0 250.0 17 24.637394736842104 0cd9414a_20240911_153244.data
130.0 250.0 17 24.741500000000002 0cd9414a_20240911_153308.data
150.0 250.0 17 24.741500000000002 0cd9414a_20240911_153332.data
170.0 250.0 17 24.741500000000002 0cd9414a_20240911_153356.data
190.0 250.0 17 24.741500000000002 0cd9414a_20240911_153420.data
210.0 250.0 17 24.741500000000002 0cd9414a_20240911_153444.data
230.0 250.0 17 24.845210526315793 0cd9414a_20240911_153508.data
250.0 250.0 17 24.845210526315793 0cd9414a_20240911_153532.data
270.0 250.0 17 24.741500000000002 0cd9414a_20240911_153556.data
290.0 250.0 17 24.741500000000002 0cd9414a_20240911_153620.data
290.0 270.0 17 24.637394736842104 0cd9414a_20240911_153644.data
270.0 270.0 17 24.741500000000002 0cd9414a_20240911_153708.data
250.0 270.0 17 24.741500000000002 0cd9414a_20240911_153732.data
230.0 270.0 17 24.845210526315793 0cd9414a_20240911_153756.data
210.0 270.0 17 24.741500000000002 0cd9414a_20240911_153820.data
190.0 270.0 17 24.741500000000002 0cd9414a_20240911_153844.data
170.0 270.0 17 24.741500000000002 0cd9414a_20240911_153909.data
150.0 270.0 17 24.741500000000002 0cd9414a_20240911_153933.data
130.0 270.0 17 24.741500000000002 0cd9414a_20240911_153957.data
110.0 270.0 17 24.637394736842104 0cd9414a_20240911_154021.data
90.0 270.0 17 24.741500000000002 0cd9414a_20240911_154045.data
70.0 270.0 17 24.741500000000002 0cd9414a_20240911_154109.data
50.0 270.0 17 24.741500000000002 0cd9414a_20240911_154133.data
30.0 270.0 17 24.741500000000002 0cd9414a_20240911_154157.data
10.0 270.0 17 24.741500000000002 0cd9414a_20240911_154221.data
10.0 290.0 17 24.741500000000002 0cd9414a_20240911_154245.data
30.0 290.0 17 24.741500000000002 0cd9414a_20240911_154309.data
50.0 290.0 17 24.741500000000002 0cd9414a_20240911_154333.data
70.0 290.0 17 24.845210526315793 0cd9414a_20240911_154357.data
90.0 290.0 17 24.741500000000002 0cd9414a_20240911_154421.data
110.0 290.0 17 24.741500000000002 0cd9414a_20240911_154445.data
130.0 290.0 17 24.845210526315793 0cd9414a_20240911_154509.data
150.0 290.0 17 24.741500000000002 0cd9414a_20240911_154533.data
170.0 290.0 17 24.741500000000002 0cd9414a_20240911_154557.data
190.0 290.0 17 24.741500000000002 0cd9414a_20240911_154621.data
210.0 290.0 17 24.741500000000002 0cd9414a_20240911_154645.data
230.0 290.0 17 24.741500000000002 0cd9414a_20240911_154709.data
250.0 290.0 17 24.741500000000002 0cd9414a_20240911_154733.data
270.0 290.0 17 24.741500000000002 0cd9414a_20240911_154757.data
290.0 290.0 17 24.742105263157896 0cd9414a_20240911_154821.data
290.0 310.0 17 24.948500000000003 0cd9414a_20240911_154845.data
270.0 310.0 17 24.948500000000003 0cd9414a_20240911_154909.data
250.0 310.0 17 24.948500000000003 0cd9414a_20240911_154933.data
230.0 310.0 17 24.948500000000003 0cd9414a_20240911_154957.data
210.0 310.0 17 24.845210526315793 0cd9414a_20240911_155021.data
190.0 310.0 17 24.948500000000003 0cd9414a_20240911_155045.data
170.0 310.0 17 24.948500000000003 0cd9414a_20240911_155109.data
150.0 310.0 17 24.948500000000003 0cd9414a_20240911_155133.data
130.0 310.0 17 24.845210526315793 0cd9414a_20240911_155157.data
110.0 310.0 17 24.845210526315793 0cd9414a_20240911_155221.data
90.0 310.0 17 24.948500000000003 0cd9414a_20240911_155245.data
70.0 310.0 17 25.180334801762115 0cd9414a_20240911_155309.data
50.0 310.0 17 24.845210526315793 0cd9414a_20240911_155333.data
30.0 310.0 17 24.948500000000003 0cd9414a_20240911_155357.data
10.0 310.0 17 24.845210526315793 0cd9414a_20240911_155421.data
10.0 330.0 17 24.845210526315793 0cd9414a_20240911_155445.data
30.0 330.0 17 24.948500000000003 0cd9414a_20240911_155509.data
50.0 330.0 17 24.948500000000003 0cd9414a_20240911_155533.data
70.0 330.0 17 24.948500000000003 0cd9414a_20240911_155557.data
90.0 330.0 17 24.845210526315793 0cd9414a_20240911_155621.data
110.0 330.0 17 24.948500000000003 0cd9414a_20240911_155645.data
130.0 330.0 17 24.948500000000003 0cd9414a_20240911_155709.data
150.0 330.0 17 24.845210526315793 0cd9414a_20240911_155733.data
170.0 330.0 17 24.948500000000003 0cd9414a_20240911_155757.data
190.0 330.0 17 24.948500000000003 0cd9414a_20240911_155821.data
210.0 330.0 17 24.948500000000003 0cd9414a_20240911_155845.data
230.0 330.0 17 24.948500000000003 0cd9414a_20240911_155909.data
250.0 330.0 17 24.948500000000003 0cd9414a_20240911_155933.data
270.0 330.0 17 24.845210526315793 0cd9414a_20240911_155957.data
290.0 330.0 17 24.948500000000003 0cd9414a_20240911_160021.data
10.0 350.0 17 24.948500000000003 0cd9414a_20240911_160405.data
30.0 350.0 17 24.845210526315793 0cd9414a_20240911_160429.data
50.0 350.0 17 24.948500000000003 0cd9414a_20240911_160453.data
70.0 350.0 17 24.845210526315793 0cd9414a_20240911_160517.data
90.0 350.0 17 24.948500000000003 0cd9414a_20240911_160541.data
110.0 350.0 17 24.948500000000003 0cd9414a_20240911_160605.data
130.0 350.0 17 25.06022466960353 0cd9414a_20240911_160629.data
150.0 350.0 17 24.845210526315793 0cd9414a_20240911_160653.data
170.0 350.0 17 24.948500000000003 0cd9414a_20240911_160717.data
190.0 350.0 17 24.948500000000003 0cd9414a_20240911_160741.data
210.0 350.0 17 24.741500000000002 0cd9414a_20240911_160805.data
230.0 350.0 17 24.948500000000003 0cd9414a_20240911_160829.data
250.0 350.0 17 24.948500000000003 0cd9414a_20240911_160853.data
270.0 350.0 17 24.948500000000003 0cd9414a_20240911_160917.data
290.0 350.0 17 24.948500000000003 0cd9414a_20240911_160941.data
290.0 370.0 17 24.948500000000003 0cd9414a_20240911_161005.data
270.0 370.0 17 24.948500000000003 0cd9414a_20240911_161029.data
250.0 370.0 17 24.845210526315793 0cd9414a_20240911_161053.data
230.0 370.0 17 24.948500000000003 0cd9414a_20240911_161117.data
210.0 370.0 17 24.948500000000003 0cd9414a_20240911_161141.data
190.0 370.0 17 24.845210526315793 0cd9414a_20240911_161205.data
170.0 370.0 17 24.948500000000003 0cd9414a_20240911_161229.data
150.0 370.0 17 24.948500000000003 0cd9414a_20240911_161253.data
130.0 370.0 17 24.948500000000003 0cd9414a_20240911_161317.data
110.0 370.0 17 24.948500000000003 0cd9414a_20240911_161341.data
90.0 370.0 17 24.948500000000003 0cd9414a_20240911_161405.data
70.0 370.0 17 24.948500000000003 0cd9414a_20240911_161429.data
50.0 370.0 17 24.948500000000003 0cd9414a_20240911_161453.data
30.0 370.0 17 24.948500000000003 0cd9414a_20240911_161517.data
10.0 370.0 17 24.948500000000003 0cd9414a_20240911_161541.data
10.0 390.0 17 24.845210526315793 0cd9414a_20240911_161605.data
30.0 390.0 17 24.948500000000003 0cd9414a_20240911_161629.data
50.0 390.0 17 24.948500000000003 0cd9414a_20240911_161653.data
70.0 390.0 17 24.948500000000003 0cd9414a_20240911_161717.data
90.0 390.0 17 24.948500000000003 0cd9414a_20240911_161741.data
110.0 390.0 17 24.948500000000003 0cd9414a_20240911_161805.data
130.0 390.0 17 24.845210526315793 0cd9414a_20240911_161829.data
150.0 390.0 17 24.845210526315793 0cd9414a_20240911_161853.data
170.0 390.0 17 24.948500000000003 0cd9414a_20240911_161917.data
190.0 390.0 17 24.948500000000003 0cd9414a_20240911_161941.data
210.0 390.0 17 25.180334801762115 0cd9414a_20240911_162005.data
230.0 390.0 17 24.948500000000003 0cd9414a_20240911_162029.data
250.0 390.0 17 24.948500000000003 0cd9414a_20240911_162053.data
270.0 390.0 17 24.948500000000003 0cd9414a_20240911_162117.data
290.0 390.0 17 24.845210526315793 0cd9414a_20240911_162141.data
290.0 410.0 17 24.948500000000003 0cd9414a_20240911_162205.data
270.0 410.0 17 24.948500000000003 0cd9414a_20240911_162229.data
250.0 410.0 17 24.948500000000003 0cd9414a_20240911_162253.data
230.0 410.0 17 24.948500000000003 0cd9414a_20240911_162317.data
210.0 410.0 17 24.845210526315793 0cd9414a_20240911_162341.data
190.0 410.0 17 24.948500000000003 0cd9414a_20240911_162405.data
170.0 410.0 17 24.948500000000003 0cd9414a_20240911_162429.data
150.0 410.0 17 24.845210526315793 0cd9414a_20240911_162453.data
130.0 410.0 17 24.948500000000003 0cd9414a_20240911_162517.data
110.0 410.0 17 24.948500000000003 0cd9414a_20240911_162541.data
90.0 410.0 17 24.948500000000003 0cd9414a_20240911_162605.data
70.0 410.0 17 24.948500000000003 0cd9414a_20240911_162629.data
50.0 410.0 17 24.948500000000003 0cd9414a_20240911_162653.data
30.0 410.0 17 24.948500000000003 0cd9414a_20240911_162717.data
10.0 410.0 17 24.948500000000003 0cd9414a_20240911_162741.data
10.0 430.0 17 24.948500000000003 0cd9414a_20240911_162805.data
30.0 430.0 17 24.845210526315793 0cd9414a_20240911_162829.data
50.0 430.0 17 24.948500000000003 0cd9414a_20240911_162853.data
70.0 430.0 17 24.948500000000003 0cd9414a_20240911_162917.data
90.0 430.0 17 24.948500000000003 0cd9414a_20240911_162941.data
110.0 430.0 17 24.948500000000003 0cd9414a_20240911_163005.data
130.0 430.0 17 24.948500000000003 0cd9414a_20240911_163029.data
150.0 430.0 17 24.845210526315793 0cd9414a_20240911_163053.data
170.0 430.0 17 24.948500000000003 0cd9414a_20240911_163117.data
190.0 430.0 17 24.948500000000003 0cd9414a_20240911_163142.data
210.0 430.0 17 24.845210526315793 0cd9414a_20240911_163206.data
230.0 430.0 17 24.845210526315793 0cd9414a_20240911_163230.data
250.0 430.0 17 24.948500000000003 0cd9414a_20240911_163254.data
270.0 430.0 17 24.948500000000003 0cd9414a_20240911_163318.data
290.0 430.0 17 24.948500000000003 0cd9414a_20240911_163342.data
290.0 450.0 17 24.948500000000003 0cd9414a_20240911_163406.data
270.0 450.0 17 24.845210526315793 0cd9414a_20240911_163430.data
250.0 450.0 17 24.948500000000003 0cd9414a_20240911_163454.data
230.0 450.0 17 24.948500000000003 0cd9414a_20240911_163518.data
210.0 450.0 17 24.948500000000003 0cd9414a_20240911_163542.data
190.0 450.0 17 24.948500000000003 0cd9414a_20240911_163606.data
170.0 450.0 17 24.845210526315793 0cd9414a_20240911_163630.data
150.0 450.0 17 24.948500000000003 0cd9414a_20240911_163654.data
130.0 450.0 17 24.948500000000003 0cd9414a_20240911_163718.data
110.0 450.0 17 24.948500000000003 0cd9414a_20240911_163742.data
90.0 450.0 17 24.948500000000003 0cd9414a_20240911_163806.data
70.0 450.0 17 24.948500000000003 0cd9414a_20240911_163830.data
50.0 450.0 17 24.948500000000003 0cd9414a_20240911_163854.data
30.0 450.0 17 24.948500000000003 0cd9414a_20240911_163918.data
10.0 450.0 17 24.948500000000003 0cd9414a_20240911_163942.data
10.0 470.0 17 24.948500000000003 0cd9414a_20240911_164006.data
30.0 470.0 17 24.948500000000003 0cd9414a_20240911_164030.data
50.0 470.0 17 24.948500000000003 0cd9414a_20240911_164054.data
70.0 470.0 17 24.948500000000003 0cd9414a_20240911_164118.data
90.0 470.0 17 24.948500000000003 0cd9414a_20240911_164142.data
110.0 470.0 17 24.845210526315793 0cd9414a_20240911_164206.data
130.0 470.0 17 24.845210526315793 0cd9414a_20240911_164230.data
150.0 470.0 17 24.948500000000003 0cd9414a_20240911_164254.data
170.0 470.0 17 24.948500000000003 0cd9414a_20240911_164318.data
190.0 470.0 17 24.948500000000003 0cd9414a_20240911_164342.data
210.0 470.0 17 24.948500000000003 0cd9414a_20240911_164406.data
230.0 470.0 17 24.948500000000003 0cd9414a_20240911_164430.data
250.0 470.0 17 24.948500000000003 0cd9414a_20240911_164454.data
270.0 470.0 17 24.948500000000003 0cd9414a_20240911_164518.data
290.0 470.0 17 24.948500000000003 0cd9414a_20240911_164542.data
