-1 -1 -1 25.419136563876656 0cd9414a_20240823_083638.data
10.0 10.0 17 25.419136563876656 0cd9414a_20240823_083717.data
30.0 10.0 17 25.419136563876656 0cd9414a_20240823_083741.data
50.0 10.0 17 25.419136563876656 0cd9414a_20240823_083805.data
70.0 10.0 17 25.419136563876656 0cd9414a_20240823_083829.data
90.0 10.0 17 25.419136563876656 0cd9414a_20240823_083853.data
110.0 10.0 17 25.419136563876656 0cd9414a_20240823_083917.data
130.0 10.0 17 25.419136563876656 0cd9414a_20240823_083941.data
150.0 10.0 17 25.419136563876656 0cd9414a_20240823_084005.data
170.0 10.0 17 25.419136563876656 0cd9414a_20240823_084029.data
190.0 10.0 17 25.419136563876656 0cd9414a_20240823_084053.data
210.0 10.0 17 25.299982378854633 0cd9414a_20240823_084117.data
230.0 10.0 17 25.419136563876656 0cd9414a_20240823_084141.data
250.0 10.0 17 25.419136563876656 0cd9414a_20240823_084205.data
270.0 10.0 17 25.419136563876656 0cd9414a_20240823_084229.data
290.0 10.0 17 25.419136563876656 0cd9414a_20240823_084253.data
290.0 30.0 17 25.299982378854633 0cd9414a_20240823_084317.data
270.0 30.0 17 25.419136563876656 0cd9414a_20240823_084341.data
250.0 30.0 17 25.299982378854633 0cd9414a_20240823_084405.data
230.0 30.0 17 25.419136563876656 0cd9414a_20240823_084429.data
210.0 30.0 17 25.419136563876656 0cd9414a_20240823_084453.data
190.0 30.0 17 25.419136563876656 0cd9414a_20240823_084517.data
170.0 30.0 17 25.419136563876656 0cd9414a_20240823_084541.data
150.0 30.0 17 25.419136563876656 0cd9414a_20240823_084605.data
130.0 30.0 17 25.419136563876656 0cd9414a_20240823_084629.data
110.0 30.0 17 25.419136563876656 0cd9414a_20240823_084653.data
90.0 30.0 17 25.419136563876656 0cd9414a_20240823_084717.data
70.0 30.0 17 25.419136563876656 0cd9414a_20240823_084741.data
50.0 30.0 17 25.419136563876656 0cd9414a_20240823_084805.data
30.0 30.0 17 25.419136563876656 0cd9414a_20240823_084829.data
10.0 30.0 17 25.419136563876656 0cd9414a_20240823_084853.data
10.0 50.0 17 25.299982378854633 0cd9414a_20240823_084917.data
30.0 50.0 17 25.419136563876656 0cd9414a_20240823_084941.data
50.0 50.0 17 25.419136563876656 0cd9414a_20240823_085005.data
70.0 50.0 17 25.419136563876656 0cd9414a_20240823_085029.data
90.0 50.0 17 25.419136563876656 0cd9414a_20240823_085053.data
110.0 50.0 17 25.419136563876656 0cd9414a_20240823_085117.data
130.0 50.0 17 25.419136563876656 0cd9414a_20240823_085141.data
150.0 50.0 17 25.419136563876656 0cd9414a_20240823_085205.data
170.0 50.0 17 25.419136563876656 0cd9414a_20240823_085229.data
190.0 50.0 17 25.419136563876656 0cd9414a_20240823_085253.data
210.0 50.0 17 25.419136563876656 0cd9414a_20240823_085317.data
230.0 50.0 17 25.299982378854633 0cd9414a_20240823_085342.data
250.0 50.0 17 25.299982378854633 0cd9414a_20240823_085405.data
270.0 50.0 17 25.299982378854633 0cd9414a_20240823_085429.data
290.0 50.0 17 25.419136563876656 0cd9414a_20240823_085454.data
290.0 70.0 17 25.537859030837005 0cd9414a_20240823_085518.data
270.0 70.0 17 25.419136563876656 0cd9414a_20240823_085542.data
250.0 70.0 17 25.656118942731283 0cd9414a_20240823_085606.data
230.0 70.0 17 25.419136563876656 0cd9414a_20240823_085630.data
210.0 70.0 17 25.537859030837005 0cd9414a_20240823_085654.data
190.0 70.0 17 25.419136563876656 0cd9414a_20240823_085718.data
170.0 70.0 17 25.419136563876656 0cd9414a_20240823_085742.data
150.0 70.0 17 25.537859030837005 0cd9414a_20240823_085806.data
130.0 70.0 17 25.299982378854633 0cd9414a_20240823_085830.data
110.0 70.0 17 25.299982378854633 0cd9414a_20240823_085854.data
90.0 70.0 17 25.537859030837005 0cd9414a_20240823_085918.data
70.0 70.0 17 25.419136563876656 0cd9414a_20240823_085942.data
50.0 70.0 17 25.419136563876656 0cd9414a_20240823_090006.data
30.0 70.0 17 25.419136563876656 0cd9414a_20240823_090030.data
10.0 70.0 17 25.419136563876656 0cd9414a_20240823_090054.data
10.0 90.0 17 25.419136563876656 0cd9414a_20240823_090118.data
30.0 90.0 17 25.419136563876656 0cd9414a_20240823_090142.data
50.0 90.0 17 25.419136563876656 0cd9414a_20240823_090206.data
70.0 90.0 17 25.419136563876656 0cd9414a_20240823_090230.data
90.0 90.0 17 25.299982378854633 0cd9414a_20240823_090254.data
110.0 90.0 17 25.419136563876656 0cd9414a_20240823_090318.data
130.0 90.0 17 25.419136563876656 0cd9414a_20240823_090342.data
150.0 90.0 17 25.419136563876656 0cd9414a_20240823_090406.data
170.0 90.0 17 25.419136563876656 0cd9414a_20240823_090430.data
190.0 90.0 17 25.419136563876656 0cd9414a_20240823_090454.data
210.0 90.0 17 25.299982378854633 0cd9414a_20240823_090518.data
230.0 90.0 17 25.299982378854633 0cd9414a_20240823_090542.data
250.0 90.0 17 25.537859030837005 0cd9414a_20240823_090606.data
270.0 90.0 17 25.656118942731283 0cd9414a_20240823_090630.data
290.0 90.0 17 25.299982378854633 0cd9414a_20240823_090654.data
290.0 110.0 17 25.419136563876656 0cd9414a_20240823_090718.data
270.0 110.0 17 25.656118942731283 0cd9414a_20240823_090742.data
250.0 110.0 17 25.656118942731283 0cd9414a_20240823_090806.data
230.0 110.0 17 25.299982378854633 0cd9414a_20240823_090830.data
210.0 110.0 17 25.656118942731283 0cd9414a_20240823_090854.data
190.0 110.0 17 25.773885462555068 0cd9414a_20240823_090918.data
170.0 110.0 17 25.419136563876656 0cd9414a_20240823_090942.data
150.0 110.0 17 25.180334801762115 0cd9414a_20240823_091006.data
130.0 110.0 17 25.419136563876656 0cd9414a_20240823_091030.data
110.0 110.0 17 25.656118942731283 0cd9414a_20240823_091054.data
90.0 110.0 17 25.773885462555068 0cd9414a_20240823_091118.data
70.0 110.0 17 25.656118942731283 0cd9414a_20240823_091142.data
50.0 110.0 17 25.656118942731283 0cd9414a_20240823_091206.data
30.0 110.0 17 25.656118942731283 0cd9414a_20240823_091230.data
10.0 110.0 17 25.299982378854633 0cd9414a_20240823_091254.data
10.0 130.0 17 25.299982378854633 0cd9414a_20240823_091318.data
30.0 130.0 17 25.419136563876656 0cd9414a_20240823_091342.data
50.0 130.0 17 25.537859030837005 0cd9414a_20240823_091406.data
70.0 130.0 17 25.537859030837005 0cd9414a_20240823_091430.data
90.0 130.0 17 25.537859030837005 0cd9414a_20240823_091454.data
110.0 130.0 17 25.419136563876656 0cd9414a_20240823_091518.data
130.0 130.0 17 25.656118942731283 0cd9414a_20240823_091542.data
150.0 130.0 17 25.773885462555068 0cd9414a_20240823_091606.data
170.0 130.0 17 25.773885462555068 0cd9414a_20240823_091630.data
190.0 130.0 17 25.656118942731283 0cd9414a_20240823_091654.data
210.0 130.0 17 25.656118942731283 0cd9414a_20240823_091718.data
230.0 130.0 17 25.656118942731283 0cd9414a_20240823_091742.data
250.0 130.0 17 25.656118942731283 0cd9414a_20240823_091806.data
270.0 130.0 17 25.419136563876656 0cd9414a_20240823_091830.data
290.0 130.0 17 25.419136563876656 0cd9414a_20240823_091854.data
290.0 150.0 17 25.419136563876656 0cd9414a_20240823_091918.data
270.0 150.0 17 25.537859030837005 0cd9414a_20240823_091942.data
250.0 150.0 17 25.419136563876656 0cd9414a_20240823_092006.data
230.0 150.0 17 25.419136563876656 0cd9414a_20240823_092030.data
210.0 150.0 17 25.537859030837005 0cd9414a_20240823_092054.data
190.0 150.0 17 25.656118942731283 0cd9414a_20240823_092118.data
170.0 150.0 17 25.773885462555068 0cd9414a_20240823_092142.data
150.0 150.0 17 25.656118942731283 0cd9414a_20240823_092206.data
130.0 150.0 17 25.537859030837005 0cd9414a_20240823_092230.data
110.0 150.0 17 25.656118942731283 0cd9414a_20240823_092254.data
90.0 150.0 17 25.656118942731283 0cd9414a_20240823_092318.data
70.0 150.0 17 25.299982378854633 0cd9414a_20240823_092342.data
50.0 150.0 17 25.537859030837005 0cd9414a_20240823_092406.data
30.0 150.0 17 25.419136563876656 0cd9414a_20240823_092430.data
10.0 150.0 17 25.656118942731283 0cd9414a_20240823_092454.data
10.0 170.0 17 25.299982378854633 0cd9414a_20240823_092518.data
30.0 170.0 17 25.537859030837005 0cd9414a_20240823_092542.data
50.0 170.0 17 25.773885462555068 0cd9414a_20240823_092606.data
70.0 170.0 17 25.419136563876656 0cd9414a_20240823_092630.data
90.0 170.0 17 25.656118942731283 0cd9414a_20240823_092654.data
110.0 170.0 17 25.773885462555068 0cd9414a_20240823_092718.data
130.0 170.0 17 25.537859030837005 0cd9414a_20240823_092743.data
150.0 170.0 17 25.773885462555068 0cd9414a_20240823_092807.data
170.0 170.0 17 25.773885462555068 0cd9414a_20240823_092831.data
190.0 170.0 17 25.419136563876656 0cd9414a_20240823_092855.data
210.0 170.0 17 25.419136563876656 0cd9414a_20240823_092919.data
230.0 170.0 17 25.773885462555068 0cd9414a_20240823_092943.data
250.0 170.0 17 25.537859030837005 0cd9414a_20240823_093007.data
270.0 170.0 17 25.773885462555068 0cd9414a_20240823_093031.data
290.0 170.0 17 25.773885462555068 0cd9414a_20240823_093055.data
290.0 190.0 17 25.656118942731283 0cd9414a_20240823_093119.data
270.0 190.0 17 25.656118942731283 0cd9414a_20240823_093143.data
250.0 190.0 17 25.773885462555068 0cd9414a_20240823_093207.data
230.0 190.0 17 25.537859030837005 0cd9414a_20240823_093231.data
210.0 190.0 17 25.656118942731283 0cd9414a_20240823_093255.data
190.0 190.0 17 25.656118942731283 0cd9414a_20240823_093319.data
170.0 190.0 17 25.537859030837005 0cd9414a_20240823_093343.data
150.0 190.0 17 25.656118942731283 0cd9414a_20240823_093407.data
130.0 190.0 17 25.773885462555068 0cd9414a_20240823_093431.data
110.0 190.0 17 25.773885462555068 0cd9414a_20240823_093455.data
90.0 190.0 17 25.419136563876656 0cd9414a_20240823_093519.data
70.0 190.0 17 25.773885462555068 0cd9414a_20240823_093543.data
50.0 190.0 17 25.656118942731283 0cd9414a_20240823_093607.data
30.0 190.0 17 25.537859030837005 0cd9414a_20240823_093631.data
10.0 190.0 17 25.773885462555068 0cd9414a_20240823_093655.data
10.0 210.0 17 25.773885462555068 0cd9414a_20240823_093719.data
30.0 210.0 17 25.299982378854633 0cd9414a_20240823_093743.data
50.0 210.0 17 25.773885462555068 0cd9414a_20240823_093807.data
70.0 210.0 17 25.773885462555068 0cd9414a_20240823_093831.data
90.0 210.0 17 25.773885462555068 0cd9414a_20240823_093855.data
110.0 210.0 17 25.419136563876656 0cd9414a_20240823_093919.data
130.0 210.0 17 25.419136563876656 0cd9414a_20240823_093943.data
150.0 210.0 17 25.537859030837005 0cd9414a_20240823_094007.data
170.0 210.0 17 25.773885462555068 0cd9414a_20240823_094031.data
190.0 210.0 17 25.773885462555068 0cd9414a_20240823_094055.data
210.0 210.0 17 25.419136563876656 0cd9414a_20240823_094119.data
230.0 210.0 17 25.656118942731283 0cd9414a_20240823_094143.data
250.0 210.0 17 25.773885462555068 0cd9414a_20240823_094207.data
270.0 210.0 17 25.656118942731283 0cd9414a_20240823_094231.data
290.0 210.0 17 25.656118942731283 0cd9414a_20240823_094255.data
290.0 230.0 17 25.773885462555068 0cd9414a_20240823_094319.data
270.0 230.0 17 25.773885462555068 0cd9414a_20240823_094343.data
250.0 230.0 17 25.773885462555068 0cd9414a_20240823_094407.data
230.0 230.0 17 25.656118942731283 0cd9414a_20240823_094431.data
210.0 230.0 17 25.773885462555068 0cd9414a_20240823_094455.data
190.0 230.0 17 25.656118942731283 0cd9414a_20240823_094519.data
170.0 230.0 17 25.656118942731283 0cd9414a_20240823_094543.data
150.0 230.0 17 25.537859030837005 0cd9414a_20240823_094607.data
130.0 230.0 17 25.537859030837005 0cd9414a_20240823_094631.data
110.0 230.0 17 25.773885462555068 0cd9414a_20240823_094655.data
90.0 230.0 17 25.773885462555068 0cd9414a_20240823_094719.data
70.0 230.0 17 25.656118942731283 0cd9414a_20240823_094743.data
50.0 230.0 17 25.537859030837005 0cd9414a_20240823_094807.data
30.0 230.0 17 25.537859030837005 0cd9414a_20240823_094831.data
10.0 230.0 17 25.656118942731283 0cd9414a_20240823_094855.data
10.0 250.0 17 25.656118942731283 0cd9414a_20240823_094919.data
30.0 250.0 17 25.419136563876656 0cd9414a_20240823_094943.data
50.0 250.0 17 25.537859030837005 0cd9414a_20240823_095007.data
70.0 250.0 17 25.656118942731283 0cd9414a_20240823_095031.data
90.0 250.0 17 25.419136563876656 0cd9414a_20240823_095055.data
110.0 250.0 17 25.773885462555068 0cd9414a_20240823_095119.data
130.0 250.0 17 25.773885462555068 0cd9414a_20240823_095143.data
150.0 250.0 17 25.656118942731283 0cd9414a_20240823_095207.data
170.0 250.0 17 25.656118942731283 0cd9414a_20240823_095231.data
190.0 250.0 17 25.419136563876656 0cd9414a_20240823_095255.data
210.0 250.0 17 25.656118942731283 0cd9414a_20240823_095319.data
230.0 250.0 17 25.537859030837005 0cd9414a_20240823_095343.data
250.0 250.0 17 25.656118942731283 0cd9414a_20240823_095407.data
270.0 250.0 17 25.773885462555068 0cd9414a_20240823_095431.data
290.0 250.0 17 25.537859030837005 0cd9414a_20240823_095455.data
290.0 270.0 17 25.537859030837005 0cd9414a_20240823_095519.data
270.0 270.0 17 25.537859030837005 0cd9414a_20240823_095543.data
250.0 270.0 17 25.656118942731283 0cd9414a_20240823_095607.data
230.0 270.0 17 25.656118942731283 0cd9414a_20240823_095631.data
210.0 270.0 17 25.773885462555068 0cd9414a_20240823_095655.data
190.0 270.0 17 25.773885462555068 0cd9414a_20240823_095719.data
170.0 270.0 17 25.773885462555068 0cd9414a_20240823_095743.data
150.0 270.0 17 25.656118942731283 0cd9414a_20240823_095807.data
130.0 270.0 17 25.656118942731283 0cd9414a_20240823_095831.data
110.0 270.0 17 25.537859030837005 0cd9414a_20240823_095855.data
90.0 270.0 17 25.773885462555068 0cd9414a_20240823_095919.data
70.0 270.0 17 25.773885462555068 0cd9414a_20240823_095943.data
50.0 270.0 17 25.656118942731283 0cd9414a_20240823_100007.data
30.0 270.0 17 25.419136563876656 0cd9414a_20240823_100031.data
10.0 270.0 17 25.419136563876656 0cd9414a_20240823_100055.data
10.0 290.0 17 25.537859030837005 0cd9414a_20240823_100119.data
30.0 290.0 17 25.773885462555068 0cd9414a_20240823_100143.data
50.0 290.0 17 25.773885462555068 0cd9414a_20240823_100208.data
70.0 290.0 17 25.656118942731283 0cd9414a_20240823_100232.data
90.0 290.0 17 25.537859030837005 0cd9414a_20240823_100256.data
110.0 290.0 17 25.537859030837005 0cd9414a_20240823_100320.data
130.0 290.0 17 25.656118942731283 0cd9414a_20240823_100344.data
150.0 290.0 17 25.773885462555068 0cd9414a_20240823_100408.data
170.0 290.0 17 25.773885462555068 0cd9414a_20240823_100432.data
190.0 290.0 17 25.773885462555068 0cd9414a_20240823_100456.data
210.0 290.0 17 25.656118942731283 0cd9414a_20240823_100520.data
230.0 290.0 17 25.773885462555068 0cd9414a_20240823_100544.data
250.0 290.0 17 25.537859030837005 0cd9414a_20240823_100608.data
270.0 290.0 17 25.419136563876656 0cd9414a_20240823_100632.data
290.0 290.0 17 25.419136563876656 0cd9414a_20240823_100656.data
290.0 310.0 17 25.656118942731283 0cd9414a_20240823_100720.data
270.0 310.0 17 25.419136563876656 0cd9414a_20240823_100744.data
250.0 310.0 17 25.537859030837005 0cd9414a_20240823_100808.data
230.0 310.0 17 25.299982378854633 0cd9414a_20240823_100832.data
210.0 310.0 17 25.419136563876656 0cd9414a_20240823_100856.data
190.0 310.0 17 25.537859030837005 0cd9414a_20240823_100920.data
170.0 310.0 17 -1 0cd9414a_20240823_100944.data
150.0 310.0 17 25.656118942731283 0cd9414a_20240823_101008.data
130.0 310.0 17 25.656118942731283 0cd9414a_20240823_101032.data
110.0 310.0 17 -1 0cd9414a_20240823_101056.data
90.0 310.0 17 25.419136563876656 0cd9414a_20240823_101120.data
70.0 310.0 17 25.656118942731283 0cd9414a_20240823_101144.data
50.0 310.0 17 25.299982378854633 0cd9414a_20240823_101208.data
30.0 310.0 17 25.773885462555068 0cd9414a_20240823_101232.data
10.0 310.0 17 25.773885462555068 0cd9414a_20240823_101256.data
10.0 330.0 17 25.656118942731283 0cd9414a_20240823_101320.data
30.0 330.0 17 -1 0cd9414a_20240823_101344.data
50.0 330.0 17 25.773885462555068 0cd9414a_20240823_101408.data
70.0 330.0 17 25.773885462555068 0cd9414a_20240823_101432.data
90.0 330.0 17 25.656118942731283 0cd9414a_20240823_101456.data
110.0 330.0 17 25.77400881057269 0cd9414a_20240823_101520.data
130.0 330.0 17 25.656118942731283 0cd9414a_20240823_101544.data
150.0 330.0 17 25.537859030837005 0cd9414a_20240823_101608.data
170.0 330.0 17 25.537859030837005 0cd9414a_20240823_101632.data
190.0 330.0 17 25.656118942731283 0cd9414a_20240823_101656.data
210.0 330.0 17 25.656118942731283 0cd9414a_20240823_101720.data
230.0 330.0 17 25.656118942731283 0cd9414a_20240823_101744.data
250.0 330.0 17 25.656118942731283 0cd9414a_20240823_101808.data
270.0 330.0 17 25.656118942731283 0cd9414a_20240823_101832.data
290.0 330.0 17 25.656118942731283 0cd9414a_20240823_101856.data
10.0 350.0 17 25.537859030837005 0cd9414a_20240823_110554.data
30.0 350.0 17 25.537859030837005 0cd9414a_20240823_110618.data
50.0 350.0 17 25.656118942731283 0cd9414a_20240823_110642.data
70.0 350.0 17 25.656118942731283 0cd9414a_20240823_110706.data
90.0 350.0 17 25.656118942731283 0cd9414a_20240823_110730.data
110.0 350.0 17 25.537859030837005 0cd9414a_20240823_110754.data
130.0 350.0 17 25.537859030837005 0cd9414a_20240823_110818.data
150.0 350.0 17 25.537859030837005 0cd9414a_20240823_110842.data
170.0 350.0 17 25.656118942731283 0cd9414a_20240823_110906.data
190.0 350.0 17 25.537859030837005 0cd9414a_20240823_110930.data
210.0 350.0 17 25.656118942731283 0cd9414a_20240823_110954.data
230.0 350.0 17 25.656118942731283 0cd9414a_20240823_111018.data
250.0 350.0 17 25.656118942731283 0cd9414a_20240823_111042.data
270.0 350.0 17 25.537859030837005 0cd9414a_20240823_111106.data
290.0 350.0 17 25.656118942731283 0cd9414a_20240823_111130.data
290.0 370.0 17 25.656118942731283 0cd9414a_20240823_111154.data
270.0 370.0 17 25.656118942731283 0cd9414a_20240823_111218.data
250.0 370.0 17 25.656118942731283 0cd9414a_20240823_111242.data
230.0 370.0 17 25.656118942731283 0cd9414a_20240823_111306.data
210.0 370.0 17 25.656118942731283 0cd9414a_20240823_111330.data
190.0 370.0 17 25.656118942731283 0cd9414a_20240823_111354.data
170.0 370.0 17 25.656118942731283 0cd9414a_20240823_111418.data
150.0 370.0 17 25.656118942731283 0cd9414a_20240823_111442.data
130.0 370.0 17 25.656118942731283 0cd9414a_20240823_111506.data
110.0 370.0 17 25.656118942731283 0cd9414a_20240823_111530.data
90.0 370.0 17 25.656118942731283 0cd9414a_20240823_111554.data
70.0 370.0 17 25.89125110132159 0cd9414a_20240823_111618.data
50.0 370.0 17 25.656118942731283 0cd9414a_20240823_111642.data
30.0 370.0 17 25.656118942731283 0cd9414a_20240823_111706.data
10.0 370.0 17 25.537859030837005 0cd9414a_20240823_111730.data
10.0 390.0 17 25.537859030837005 0cd9414a_20240823_111754.data
30.0 390.0 17 25.656118942731283 0cd9414a_20240823_111818.data
50.0 390.0 17 25.656118942731283 0cd9414a_20240823_111842.data
70.0 390.0 17 25.537859030837005 0cd9414a_20240823_111906.data
90.0 390.0 17 25.656118942731283 0cd9414a_20240823_111930.data
110.0 390.0 17 25.537859030837005 0cd9414a_20240823_111954.data
130.0 390.0 17 25.537859030837005 0cd9414a_20240823_112018.data
150.0 390.0 17 25.656118942731283 0cd9414a_20240823_112043.data
170.0 390.0 17 25.656118942731283 0cd9414a_20240823_112107.data
190.0 390.0 17 25.656118942731283 0cd9414a_20240823_112131.data
210.0 390.0 17 25.656118942731283 0cd9414a_20240823_112155.data
230.0 390.0 17 25.656118942731283 0cd9414a_20240823_112219.data
250.0 390.0 17 25.537859030837005 0cd9414a_20240823_112243.data
270.0 390.0 17 25.656118942731283 0cd9414a_20240823_112307.data
290.0 390.0 17 25.537859030837005 0cd9414a_20240823_112331.data
290.0 410.0 17 25.656118942731283 0cd9414a_20240823_112355.data
270.0 410.0 17 25.656118942731283 0cd9414a_20240823_112419.data
250.0 410.0 17 25.656118942731283 0cd9414a_20240823_112443.data
230.0 410.0 17 25.656118942731283 0cd9414a_20240823_112507.data
210.0 410.0 17 25.656118942731283 0cd9414a_20240823_112531.data
190.0 410.0 17 25.537859030837005 0cd9414a_20240823_112555.data
170.0 410.0 17 25.656118942731283 0cd9414a_20240823_112619.data
150.0 410.0 17 25.537859030837005 0cd9414a_20240823_112643.data
130.0 410.0 17 25.656118942731283 0cd9414a_20240823_112707.data
110.0 410.0 17 25.656118942731283 0cd9414a_20240823_112731.data
90.0 410.0 17 25.656118942731283 0cd9414a_20240823_112755.data
70.0 410.0 17 25.656118942731283 0cd9414a_20240823_112819.data
50.0 410.0 17 25.656118942731283 0cd9414a_20240823_112843.data
30.0 410.0 17 25.537859030837005 0cd9414a_20240823_112907.data
10.0 410.0 17 25.656118942731283 0cd9414a_20240823_112931.data
10.0 430.0 17 25.656118942731283 0cd9414a_20240823_112955.data
30.0 430.0 17 25.656118942731283 0cd9414a_20240823_113019.data
50.0 430.0 17 25.656118942731283 0cd9414a_20240823_113043.data
70.0 430.0 17 25.537859030837005 0cd9414a_20240823_113107.data
90.0 430.0 17 25.656118942731283 0cd9414a_20240823_113131.data
110.0 430.0 17 25.656118942731283 0cd9414a_20240823_113155.data
130.0 430.0 17 25.656118942731283 0cd9414a_20240823_113219.data
150.0 430.0 17 25.773885462555068 0cd9414a_20240823_113243.data
170.0 430.0 17 25.656118942731283 0cd9414a_20240823_113307.data
190.0 430.0 17 25.656118942731283 0cd9414a_20240823_113331.data
210.0 430.0 17 25.537859030837005 0cd9414a_20240823_113355.data
230.0 430.0 17 25.656118942731283 0cd9414a_20240823_113419.data
250.0 430.0 17 25.656118942731283 0cd9414a_20240823_113443.data
270.0 430.0 17 25.656118942731283 0cd9414a_20240823_113507.data
290.0 430.0 17 25.656118942731283 0cd9414a_20240823_113531.data
290.0 450.0 17 25.656118942731283 0cd9414a_20240823_113555.data
270.0 450.0 17 25.656118942731283 0cd9414a_20240823_113619.data
250.0 450.0 17 25.656118942731283 0cd9414a_20240823_113643.data
230.0 450.0 17 25.656118942731283 0cd9414a_20240823_113707.data
210.0 450.0 17 25.656118942731283 0cd9414a_20240823_113731.data
190.0 450.0 17 25.656118942731283 0cd9414a_20240823_113755.data
170.0 450.0 17 25.656118942731283 0cd9414a_20240823_113819.data
150.0 450.0 17 25.656118942731283 0cd9414a_20240823_113843.data
130.0 450.0 17 25.656118942731283 0cd9414a_20240823_113907.data
110.0 450.0 17 25.656118942731283 0cd9414a_20240823_113931.data
90.0 450.0 17 25.656118942731283 0cd9414a_20240823_113955.data
70.0 450.0 17 25.656118942731283 0cd9414a_20240823_114019.data
50.0 450.0 17 25.656118942731283 0cd9414a_20240823_114043.data
30.0 450.0 17 25.656118942731283 0cd9414a_20240823_114107.data
10.0 450.0 17 25.656118942731283 0cd9414a_20240823_114131.data
10.0 470.0 17 25.537859030837005 0cd9414a_20240823_114155.data
30.0 470.0 17 25.537859030837005 0cd9414a_20240823_114219.data
50.0 470.0 17 25.537859030837005 0cd9414a_20240823_114243.data
70.0 470.0 17 25.656118942731283 0cd9414a_20240823_114307.data
90.0 470.0 17 25.656118942731283 0cd9414a_20240823_114331.data
110.0 470.0 17 25.656118942731283 0cd9414a_20240823_114355.data
130.0 470.0 17 25.537859030837005 0cd9414a_20240823_114419.data
150.0 470.0 17 25.656118942731283 0cd9414a_20240823_114443.data
170.0 470.0 17 25.773885462555068 0cd9414a_20240823_114507.data
190.0 470.0 17 25.656118942731283 0cd9414a_20240823_114531.data
210.0 470.0 17 25.656118942731283 0cd9414a_20240823_114555.data
230.0 470.0 17 25.419136563876656 0cd9414a_20240823_114619.data
250.0 470.0 17 25.773885462555068 0cd9414a_20240823_114643.data
270.0 470.0 17 25.656118942731283 0cd9414a_20240823_114707.data
290.0 470.0 17 25.656118942731283 0cd9414a_20240823_114731.data
