-1 -1 -1 25.419136563876656 0cd9414a_20240822_214010.data
10.0 10.0 17 25.419136563876656 0cd9414a_20240822_214049.data
30.0 10.0 17 25.419136563876656 0cd9414a_20240822_214114.data
50.0 10.0 17 25.299982378854633 0cd9414a_20240822_214137.data
70.0 10.0 17 25.299982378854633 0cd9414a_20240822_214201.data
90.0 10.0 17 25.419136563876656 0cd9414a_20240822_214226.data
110.0 10.0 17 25.419136563876656 0cd9414a_20240822_214250.data
130.0 10.0 17 25.419136563876656 0cd9414a_20240822_214313.data
150.0 10.0 17 25.419136563876656 0cd9414a_20240822_214338.data
170.0 10.0 17 25.419136563876656 0cd9414a_20240822_214402.data
190.0 10.0 17 25.537859030837005 0cd9414a_20240822_214426.data
210.0 10.0 17 25.419136563876656 0cd9414a_20240822_214450.data
230.0 10.0 17 25.299982378854633 0cd9414a_20240822_214514.data
250.0 10.0 17 25.419136563876656 0cd9414a_20240822_214538.data
270.0 10.0 17 25.419136563876656 0cd9414a_20240822_214602.data
290.0 10.0 17 25.419136563876656 0cd9414a_20240822_214626.data
290.0 30.0 17 25.299982378854633 0cd9414a_20240822_214650.data
270.0 30.0 17 25.419136563876656 0cd9414a_20240822_214714.data
250.0 30.0 17 25.419136563876656 0cd9414a_20240822_214738.data
230.0 30.0 17 25.419136563876656 0cd9414a_20240822_214802.data
210.0 30.0 17 25.419136563876656 0cd9414a_20240822_214826.data
190.0 30.0 17 25.299982378854633 0cd9414a_20240822_214850.data
170.0 30.0 17 25.419136563876656 0cd9414a_20240822_214914.data
150.0 30.0 17 25.419136563876656 0cd9414a_20240822_214938.data
130.0 30.0 17 25.299982378854633 0cd9414a_20240822_215002.data
110.0 30.0 17 25.299982378854633 0cd9414a_20240822_215026.data
90.0 30.0 17 25.419136563876656 0cd9414a_20240822_215050.data
70.0 30.0 17 25.299982378854633 0cd9414a_20240822_215114.data
50.0 30.0 17 25.419136563876656 0cd9414a_20240822_215138.data
30.0 30.0 17 25.419136563876656 0cd9414a_20240822_215202.data
10.0 30.0 17 25.299982378854633 0cd9414a_20240822_215226.data
10.0 50.0 17 25.419136563876656 0cd9414a_20240822_215250.data
30.0 50.0 17 25.299982378854633 0cd9414a_20240822_215314.data
50.0 50.0 17 25.299982378854633 0cd9414a_20240822_215338.data
70.0 50.0 17 25.419136563876656 0cd9414a_20240822_215402.data
90.0 50.0 17 25.419136563876656 0cd9414a_20240822_215426.data
110.0 50.0 17 25.299982378854633 0cd9414a_20240822_215450.data
130.0 50.0 17 25.299982378854633 0cd9414a_20240822_215514.data
150.0 50.0 17 25.299982378854633 0cd9414a_20240822_215538.data
170.0 50.0 17 25.299982378854633 0cd9414a_20240822_215602.data
190.0 50.0 17 25.299982378854633 0cd9414a_20240822_215626.data
210.0 50.0 17 25.299982378854633 0cd9414a_20240822_215650.data
230.0 50.0 17 25.299982378854633 0cd9414a_20240822_215714.data
250.0 50.0 17 25.537859030837005 0cd9414a_20240822_215738.data
270.0 50.0 17 25.299982378854633 0cd9414a_20240822_215802.data
290.0 50.0 17 25.656118942731283 0cd9414a_20240822_215826.data
290.0 70.0 17 25.656118942731283 0cd9414a_20240822_215850.data
270.0 70.0 17 25.537859030837005 0cd9414a_20240822_215914.data
250.0 70.0 17 25.656118942731283 0cd9414a_20240822_215938.data
230.0 70.0 17 25.656118942731283 0cd9414a_20240822_220002.data
210.0 70.0 17 25.656118942731283 0cd9414a_20240822_220026.data
190.0 70.0 17 25.656118942731283 0cd9414a_20240822_220050.data
170.0 70.0 17 25.656118942731283 0cd9414a_20240822_220114.data
150.0 70.0 17 25.656118942731283 0cd9414a_20240822_220138.data
130.0 70.0 17 25.656118942731283 0cd9414a_20240822_220202.data
110.0 70.0 17 25.656118942731283 0cd9414a_20240822_220226.data
90.0 70.0 17 25.656118942731283 0cd9414a_20240822_220250.data
70.0 70.0 17 25.299982378854633 0cd9414a_20240822_220314.data
50.0 70.0 17 25.656118942731283 0cd9414a_20240822_220338.data
30.0 70.0 17 25.537859030837005 0cd9414a_20240822_220402.data
10.0 70.0 17 25.656118942731283 0cd9414a_20240822_220426.data
10.0 90.0 17 25.537859030837005 0cd9414a_20240822_220450.data
30.0 90.0 17 25.656118942731283 0cd9414a_20240822_220514.data
50.0 90.0 17 25.656118942731283 0cd9414a_20240822_220538.data
70.0 90.0 17 25.656118942731283 0cd9414a_20240822_220602.data
90.0 90.0 17 25.656118942731283 0cd9414a_20240822_220626.data
110.0 90.0 17 25.656118942731283 0cd9414a_20240822_220650.data
130.0 90.0 17 25.656118942731283 0cd9414a_20240822_220714.data
150.0 90.0 17 25.656118942731283 0cd9414a_20240822_220738.data
170.0 90.0 17 25.656118942731283 0cd9414a_20240822_220802.data
190.0 90.0 17 25.656118942731283 0cd9414a_20240822_220826.data
210.0 90.0 17 25.656118942731283 0cd9414a_20240822_220850.data
230.0 90.0 17 25.537859030837005 0cd9414a_20240822_220914.data
250.0 90.0 17 25.656118942731283 0cd9414a_20240822_220938.data
270.0 90.0 17 25.537859030837005 0cd9414a_20240822_221002.data
290.0 90.0 17 25.656118942731283 0cd9414a_20240822_221026.data
290.0 110.0 17 25.656118942731283 0cd9414a_20240822_221050.data
270.0 110.0 17 25.656118942731283 0cd9414a_20240822_221114.data
250.0 110.0 17 25.656118942731283 0cd9414a_20240822_221138.data
230.0 110.0 17 25.419136563876656 0cd9414a_20240822_221202.data
210.0 110.0 17 25.656118942731283 0cd9414a_20240822_221226.data
190.0 110.0 17 25.656118942731283 0cd9414a_20240822_221250.data
170.0 110.0 17 25.656118942731283 0cd9414a_20240822_221314.data
150.0 110.0 17 25.537859030837005 0cd9414a_20240822_221338.data
130.0 110.0 17 25.656118942731283 0cd9414a_20240822_221403.data
110.0 110.0 17 25.656118942731283 0cd9414a_20240822_221426.data
90.0 110.0 17 25.656118942731283 0cd9414a_20240822_221451.data
70.0 110.0 17 25.656118942731283 0cd9414a_20240822_221515.data
50.0 110.0 17 25.299982378854633 0cd9414a_20240822_221539.data
30.0 110.0 17 25.299982378854633 0cd9414a_20240822_221603.data
10.0 110.0 17 25.419136563876656 0cd9414a_20240822_221627.data
10.0 130.0 17 25.419136563876656 0cd9414a_20240822_221651.data
30.0 130.0 17 25.537859030837005 0cd9414a_20240822_221715.data
50.0 130.0 17 25.419136563876656 0cd9414a_20240822_221739.data
70.0 130.0 17 25.419136563876656 0cd9414a_20240822_221803.data
90.0 130.0 17 25.656118942731283 0cd9414a_20240822_221827.data
110.0 130.0 17 25.656118942731283 0cd9414a_20240822_221851.data
130.0 130.0 17 25.419136563876656 0cd9414a_20240822_221915.data
150.0 130.0 17 25.656118942731283 0cd9414a_20240822_221939.data
170.0 130.0 17 25.656118942731283 0cd9414a_20240822_222003.data
190.0 130.0 17 25.656118942731283 0cd9414a_20240822_222027.data
210.0 130.0 17 25.419136563876656 0cd9414a_20240822_222051.data
230.0 130.0 17 25.299982378854633 0cd9414a_20240822_222115.data
250.0 130.0 17 25.299982378854633 0cd9414a_20240822_222139.data
270.0 130.0 17 25.656118942731283 0cd9414a_20240822_222203.data
290.0 130.0 17 25.419136563876656 0cd9414a_20240822_222227.data
290.0 150.0 17 25.656118942731283 0cd9414a_20240822_222251.data
270.0 150.0 17 25.656118942731283 0cd9414a_20240822_222315.data
250.0 150.0 17 25.656118942731283 0cd9414a_20240822_222339.data
230.0 150.0 17 25.537859030837005 0cd9414a_20240822_222403.data
210.0 150.0 17 25.656118942731283 0cd9414a_20240822_222427.data
190.0 150.0 17 25.656118942731283 0cd9414a_20240822_222451.data
170.0 150.0 17 25.656118942731283 0cd9414a_20240822_222515.data
150.0 150.0 17 25.656118942731283 0cd9414a_20240822_222539.data
130.0 150.0 17 25.537859030837005 0cd9414a_20240822_222603.data
110.0 150.0 17 25.656118942731283 0cd9414a_20240822_222627.data
90.0 150.0 17 25.656118942731283 0cd9414a_20240822_222651.data
70.0 150.0 17 25.537859030837005 0cd9414a_20240822_222715.data
50.0 150.0 17 25.656118942731283 0cd9414a_20240822_222739.data
30.0 150.0 17 25.180334801762115 0cd9414a_20240822_222803.data
10.0 150.0 17 25.656118942731283 0cd9414a_20240822_222827.data
10.0 170.0 17 25.537859030837005 0cd9414a_20240822_222851.data
30.0 170.0 17 25.656118942731283 0cd9414a_20240822_222915.data
50.0 170.0 17 25.656118942731283 0cd9414a_20240822_222939.data
70.0 170.0 17 25.656118942731283 0cd9414a_20240822_223003.data
90.0 170.0 17 25.656118942731283 0cd9414a_20240822_223027.data
110.0 170.0 17 25.656118942731283 0cd9414a_20240822_223051.data
130.0 170.0 17 25.656118942731283 0cd9414a_20240822_223115.data
150.0 170.0 17 25.656118942731283 0cd9414a_20240822_223139.data
170.0 170.0 17 25.656118942731283 0cd9414a_20240822_223203.data
190.0 170.0 17 25.419136563876656 0cd9414a_20240822_223227.data
210.0 170.0 17 25.656118942731283 0cd9414a_20240822_223251.data
230.0 170.0 17 25.656118942731283 0cd9414a_20240822_223315.data
250.0 170.0 17 25.656118942731283 0cd9414a_20240822_223339.data
270.0 170.0 17 25.656118942731283 0cd9414a_20240822_223403.data
290.0 170.0 17 25.656118942731283 0cd9414a_20240822_223427.data
290.0 190.0 17 25.656118942731283 0cd9414a_20240822_223451.data
270.0 190.0 17 25.656118942731283 0cd9414a_20240822_223515.data
250.0 190.0 17 25.537859030837005 0cd9414a_20240822_223539.data
230.0 190.0 17 25.419136563876656 0cd9414a_20240822_223603.data
210.0 190.0 17 25.656118942731283 0cd9414a_20240822_223627.data
190.0 190.0 17 25.419136563876656 0cd9414a_20240822_223651.data
170.0 190.0 17 25.419136563876656 0cd9414a_20240822_223715.data
150.0 190.0 17 25.537859030837005 0cd9414a_20240822_223739.data
130.0 190.0 17 25.299982378854633 0cd9414a_20240822_223803.data
110.0 190.0 17 25.537859030837005 0cd9414a_20240822_223827.data
90.0 190.0 17 25.537859030837005 0cd9414a_20240822_223851.data
70.0 190.0 17 25.656118942731283 0cd9414a_20240822_223915.data
50.0 190.0 17 25.656118942731283 0cd9414a_20240822_223939.data
30.0 190.0 17 25.656118942731283 0cd9414a_20240822_224003.data
10.0 190.0 17 25.656118942731283 0cd9414a_20240822_224027.data
10.0 210.0 17 25.419136563876656 0cd9414a_20240822_224051.data
30.0 210.0 17 25.656118942731283 0cd9414a_20240822_224115.data
50.0 210.0 17 25.656118942731283 0cd9414a_20240822_224139.data
70.0 210.0 17 25.656118942731283 0cd9414a_20240822_224203.data
90.0 210.0 17 25.419136563876656 0cd9414a_20240822_224227.data
110.0 210.0 17 25.419136563876656 0cd9414a_20240822_224251.data
130.0 210.0 17 25.419136563876656 0cd9414a_20240822_224315.data
150.0 210.0 17 25.419136563876656 0cd9414a_20240822_224339.data
170.0 210.0 17 25.419136563876656 0cd9414a_20240822_224403.data
190.0 210.0 17 25.299982378854633 0cd9414a_20240822_224427.data
210.0 210.0 17 25.537859030837005 0cd9414a_20240822_224451.data
230.0 210.0 17 25.419136563876656 0cd9414a_20240822_224515.data
250.0 210.0 17 25.419136563876656 0cd9414a_20240822_224539.data
270.0 210.0 17 25.419136563876656 0cd9414a_20240822_224603.data
290.0 210.0 17 25.06022466960353 0cd9414a_20240822_224627.data
290.0 230.0 17 25.419136563876656 0cd9414a_20240822_224651.data
270.0 230.0 17 25.419136563876656 0cd9414a_20240822_224715.data
250.0 230.0 17 25.419136563876656 0cd9414a_20240822_224739.data
230.0 230.0 17 25.419136563876656 0cd9414a_20240822_224804.data
210.0 230.0 17 25.419136563876656 0cd9414a_20240822_224828.data
190.0 230.0 17 25.656118942731283 0cd9414a_20240822_224852.data
170.0 230.0 17 25.656118942731283 0cd9414a_20240822_224916.data
150.0 230.0 17 25.656118942731283 0cd9414a_20240822_224940.data
130.0 230.0 17 25.656118942731283 0cd9414a_20240822_225004.data
110.0 230.0 17 25.656118942731283 0cd9414a_20240822_225028.data
90.0 230.0 17 25.656118942731283 0cd9414a_20240822_225052.data
70.0 230.0 17 25.656118942731283 0cd9414a_20240822_225116.data
50.0 230.0 17 25.656118942731283 0cd9414a_20240822_225140.data
30.0 230.0 17 25.537859030837005 0cd9414a_20240822_225204.data
10.0 230.0 17 25.537859030837005 0cd9414a_20240822_225228.data
10.0 250.0 17 25.656118942731283 0cd9414a_20240822_225252.data
30.0 250.0 17 25.656118942731283 0cd9414a_20240822_225316.data
50.0 250.0 17 25.656118942731283 0cd9414a_20240822_225340.data
70.0 250.0 17 25.419136563876656 0cd9414a_20240822_225404.data
90.0 250.0 17 25.537859030837005 0cd9414a_20240822_225428.data
110.0 250.0 17 25.299982378854633 0cd9414a_20240822_225452.data
130.0 250.0 17 25.656118942731283 0cd9414a_20240822_225516.data
150.0 250.0 17 25.656118942731283 0cd9414a_20240822_225540.data
170.0 250.0 17 25.656118942731283 0cd9414a_20240822_225604.data
190.0 250.0 17 25.656118942731283 0cd9414a_20240822_225628.data
210.0 250.0 17 25.656118942731283 0cd9414a_20240822_225652.data
230.0 250.0 17 25.537859030837005 0cd9414a_20240822_225716.data
250.0 250.0 17 25.656118942731283 0cd9414a_20240822_225740.data
270.0 250.0 17 25.656118942731283 0cd9414a_20240822_225804.data
290.0 250.0 17 25.656118942731283 0cd9414a_20240822_225828.data
290.0 270.0 17 25.656118942731283 0cd9414a_20240822_225852.data
270.0 270.0 17 25.656118942731283 0cd9414a_20240822_225916.data
250.0 270.0 17 25.419136563876656 0cd9414a_20240822_225940.data
230.0 270.0 17 25.537859030837005 0cd9414a_20240822_230004.data
210.0 270.0 17 25.419136563876656 0cd9414a_20240822_230028.data
190.0 270.0 17 25.537859030837005 0cd9414a_20240822_230052.data
170.0 270.0 17 25.656118942731283 0cd9414a_20240822_230116.data
150.0 270.0 17 25.537859030837005 0cd9414a_20240822_230140.data
130.0 270.0 17 25.537859030837005 0cd9414a_20240822_230204.data
110.0 270.0 17 25.656118942731283 0cd9414a_20240822_230228.data
90.0 270.0 17 25.537859030837005 0cd9414a_20240822_230252.data
70.0 270.0 17 25.419136563876656 0cd9414a_20240822_230316.data
50.0 270.0 17 25.656118942731283 0cd9414a_20240822_230340.data
30.0 270.0 17 25.656118942731283 0cd9414a_20240822_230404.data
10.0 270.0 17 25.656118942731283 0cd9414a_20240822_230428.data
10.0 290.0 17 25.656118942731283 0cd9414a_20240822_230452.data
30.0 290.0 17 25.419136563876656 0cd9414a_20240822_230516.data
50.0 290.0 17 25.419136563876656 0cd9414a_20240822_230540.data
70.0 290.0 17 25.537859030837005 0cd9414a_20240822_230604.data
90.0 290.0 17 25.656118942731283 0cd9414a_20240822_230628.data
110.0 290.0 17 25.537859030837005 0cd9414a_20240822_230652.data
130.0 290.0 17 25.299982378854633 0cd9414a_20240822_230716.data
150.0 290.0 17 25.656118942731283 0cd9414a_20240822_230740.data
170.0 290.0 17 25.656118942731283 0cd9414a_20240822_230804.data
190.0 290.0 17 25.537859030837005 0cd9414a_20240822_230828.data
210.0 290.0 17 25.656118942731283 0cd9414a_20240822_230852.data
230.0 290.0 17 25.537859030837005 0cd9414a_20240822_230916.data
250.0 290.0 17 25.656118942731283 0cd9414a_20240822_230940.data
270.0 290.0 17 25.419136563876656 0cd9414a_20240822_231004.data
290.0 290.0 17 25.537859030837005 0cd9414a_20240822_231028.data
290.0 310.0 17 25.656118942731283 0cd9414a_20240822_231052.data
270.0 310.0 17 25.299982378854633 0cd9414a_20240822_231116.data
250.0 310.0 17 25.537859030837005 0cd9414a_20240822_231140.data
230.0 310.0 17 25.656118942731283 0cd9414a_20240822_231204.data
210.0 310.0 17 -1 0cd9414a_20240822_231228.data
190.0 310.0 17 25.656118942731283 0cd9414a_20240822_231252.data
170.0 310.0 17 25.656118942731283 0cd9414a_20240822_231316.data
150.0 310.0 17 -1 0cd9414a_20240822_231340.data
130.0 310.0 17 25.180334801762115 0cd9414a_20240822_231404.data
110.0 310.0 17 25.299982378854633 0cd9414a_20240822_231428.data
90.0 310.0 17 25.537859030837005 0cd9414a_20240822_231452.data
70.0 310.0 17 25.299982378854633 0cd9414a_20240822_231516.data
50.0 310.0 17 25.299982378854633 0cd9414a_20240822_231540.data
30.0 310.0 17 25.299982378854633 0cd9414a_20240822_231604.data
10.0 310.0 17 -1 0cd9414a_20240822_231628.data
10.0 330.0 17 25.299982378854633 0cd9414a_20240822_231652.data
30.0 330.0 17 25.299982378854633 0cd9414a_20240822_231716.data
50.0 330.0 17 25.419136563876656 0cd9414a_20240822_231740.data
70.0 330.0 17 25.30220264317181 0cd9414a_20240822_231805.data
90.0 330.0 17 25.537859030837005 0cd9414a_20240822_231829.data
110.0 330.0 17 25.419136563876656 0cd9414a_20240822_231853.data
130.0 330.0 17 25.419136563876656 0cd9414a_20240822_231917.data
150.0 330.0 17 25.419136563876656 0cd9414a_20240822_231941.data
170.0 330.0 17 25.299982378854633 0cd9414a_20240822_232005.data
190.0 330.0 17 25.419136563876656 0cd9414a_20240822_232029.data
210.0 330.0 17 25.419136563876656 0cd9414a_20240822_232053.data
230.0 330.0 17 25.419136563876656 0cd9414a_20240822_232117.data
250.0 330.0 17 25.419136563876656 0cd9414a_20240822_232141.data
270.0 330.0 17 25.419136563876656 0cd9414a_20240822_232205.data
290.0 330.0 17 25.419136563876656 0cd9414a_20240822_232229.data
10.0 350.0 17 25.419136563876656 0cd9414a_20240823_074056.data
30.0 350.0 17 25.419136563876656 0cd9414a_20240823_074120.data
50.0 350.0 17 25.419136563876656 0cd9414a_20240823_074144.data
70.0 350.0 17 25.419136563876656 0cd9414a_20240823_074208.data
90.0 350.0 17 25.419136563876656 0cd9414a_20240823_074232.data
110.0 350.0 17 25.537859030837005 0cd9414a_20240823_074256.data
130.0 350.0 17 25.419136563876656 0cd9414a_20240823_074320.data
150.0 350.0 17 25.419136563876656 0cd9414a_20240823_074344.data
170.0 350.0 17 25.419136563876656 0cd9414a_20240823_074409.data
190.0 350.0 17 25.419136563876656 0cd9414a_20240823_074433.data
210.0 350.0 17 25.537859030837005 0cd9414a_20240823_074457.data
230.0 350.0 17 25.419136563876656 0cd9414a_20240823_074521.data
250.0 350.0 17 25.419136563876656 0cd9414a_20240823_074545.data
270.0 350.0 17 25.419136563876656 0cd9414a_20240823_074609.data
290.0 350.0 17 25.419136563876656 0cd9414a_20240823_074633.data
290.0 370.0 17 25.419136563876656 0cd9414a_20240823_074657.data
270.0 370.0 17 25.419136563876656 0cd9414a_20240823_074721.data
250.0 370.0 17 25.419136563876656 0cd9414a_20240823_074745.data
230.0 370.0 17 25.419136563876656 0cd9414a_20240823_074809.data
210.0 370.0 17 25.419136563876656 0cd9414a_20240823_074833.data
190.0 370.0 17 25.419136563876656 0cd9414a_20240823_074857.data
170.0 370.0 17 25.419136563876656 0cd9414a_20240823_074921.data
150.0 370.0 17 25.537859030837005 0cd9414a_20240823_074945.data
130.0 370.0 17 25.419136563876656 0cd9414a_20240823_075009.data
110.0 370.0 17 25.419136563876656 0cd9414a_20240823_075033.data
90.0 370.0 17 25.419136563876656 0cd9414a_20240823_075057.data
70.0 370.0 17 25.537859030837005 0cd9414a_20240823_075121.data
50.0 370.0 17 25.537859030837005 0cd9414a_20240823_075145.data
30.0 370.0 17 25.299982378854633 0cd9414a_20240823_075209.data
10.0 370.0 17 25.537859030837005 0cd9414a_20240823_075233.data
10.0 390.0 17 25.537859030837005 0cd9414a_20240823_075257.data
30.0 390.0 17 25.419136563876656 0cd9414a_20240823_075321.data
50.0 390.0 17 25.419136563876656 0cd9414a_20240823_075345.data
70.0 390.0 17 25.419136563876656 0cd9414a_20240823_075409.data
90.0 390.0 17 25.419136563876656 0cd9414a_20240823_075433.data
110.0 390.0 17 25.419136563876656 0cd9414a_20240823_075457.data
130.0 390.0 17 25.419136563876656 0cd9414a_20240823_075521.data
150.0 390.0 17 25.419136563876656 0cd9414a_20240823_075545.data
170.0 390.0 17 25.419136563876656 0cd9414a_20240823_075609.data
190.0 390.0 17 25.419136563876656 0cd9414a_20240823_075633.data
210.0 390.0 17 25.419136563876656 0cd9414a_20240823_075657.data
230.0 390.0 17 25.419136563876656 0cd9414a_20240823_075721.data
250.0 390.0 17 25.419136563876656 0cd9414a_20240823_075745.data
270.0 390.0 17 25.419136563876656 0cd9414a_20240823_075809.data
290.0 390.0 17 25.419136563876656 0cd9414a_20240823_075833.data
290.0 410.0 17 25.419136563876656 0cd9414a_20240823_075857.data
270.0 410.0 17 25.419136563876656 0cd9414a_20240823_075921.data
250.0 410.0 17 25.419136563876656 0cd9414a_20240823_075945.data
230.0 410.0 17 25.419136563876656 0cd9414a_20240823_080009.data
210.0 410.0 17 25.419136563876656 0cd9414a_20240823_080033.data
190.0 410.0 17 25.419136563876656 0cd9414a_20240823_080057.data
170.0 410.0 17 25.419136563876656 0cd9414a_20240823_080121.data
150.0 410.0 17 25.419136563876656 0cd9414a_20240823_080145.data
130.0 410.0 17 25.419136563876656 0cd9414a_20240823_080209.data
110.0 410.0 17 25.419136563876656 0cd9414a_20240823_080233.data
90.0 410.0 17 25.537859030837005 0cd9414a_20240823_080257.data
70.0 410.0 17 25.419136563876656 0cd9414a_20240823_080321.data
50.0 410.0 17 25.419136563876656 0cd9414a_20240823_080345.data
30.0 410.0 17 25.419136563876656 0cd9414a_20240823_080409.data
10.0 410.0 17 25.419136563876656 0cd9414a_20240823_080433.data
10.0 430.0 17 25.419136563876656 0cd9414a_20240823_080457.data
30.0 430.0 17 25.537859030837005 0cd9414a_20240823_080521.data
50.0 430.0 17 25.419136563876656 0cd9414a_20240823_080545.data
70.0 430.0 17 25.419136563876656 0cd9414a_20240823_080609.data
90.0 430.0 17 25.419136563876656 0cd9414a_20240823_080633.data
110.0 430.0 17 25.419136563876656 0cd9414a_20240823_080657.data
130.0 430.0 17 25.419136563876656 0cd9414a_20240823_080721.data
150.0 430.0 17 25.419136563876656 0cd9414a_20240823_080745.data
170.0 430.0 17 25.419136563876656 0cd9414a_20240823_080809.data
190.0 430.0 17 25.419136563876656 0cd9414a_20240823_080833.data
210.0 430.0 17 25.419136563876656 0cd9414a_20240823_080857.data
230.0 430.0 17 25.419136563876656 0cd9414a_20240823_080921.data
250.0 430.0 17 25.537859030837005 0cd9414a_20240823_080945.data
270.0 430.0 17 25.419136563876656 0cd9414a_20240823_081009.data
290.0 430.0 17 25.419136563876656 0cd9414a_20240823_081033.data
290.0 450.0 17 25.419136563876656 0cd9414a_20240823_081057.data
270.0 450.0 17 25.419136563876656 0cd9414a_20240823_081121.data
250.0 450.0 17 25.419136563876656 0cd9414a_20240823_081145.data
230.0 450.0 17 25.419136563876656 0cd9414a_20240823_081209.data
210.0 450.0 17 25.537859030837005 0cd9414a_20240823_081233.data
190.0 450.0 17 25.419136563876656 0cd9414a_20240823_081257.data
170.0 450.0 17 25.419136563876656 0cd9414a_20240823_081321.data
150.0 450.0 17 25.419136563876656 0cd9414a_20240823_081345.data
130.0 450.0 17 25.419136563876656 0cd9414a_20240823_081409.data
110.0 450.0 17 25.537859030837005 0cd9414a_20240823_081433.data
90.0 450.0 17 25.419136563876656 0cd9414a_20240823_081457.data
70.0 450.0 17 25.419136563876656 0cd9414a_20240823_081521.data
50.0 450.0 17 25.419136563876656 0cd9414a_20240823_081545.data
30.0 450.0 17 25.419136563876656 0cd9414a_20240823_081609.data
10.0 450.0 17 25.419136563876656 0cd9414a_20240823_081634.data
10.0 470.0 17 25.419136563876656 0cd9414a_20240823_081658.data
30.0 470.0 17 25.419136563876656 0cd9414a_20240823_081722.data
50.0 470.0 17 25.419136563876656 0cd9414a_20240823_081746.data
70.0 470.0 17 25.419136563876656 0cd9414a_20240823_081810.data
90.0 470.0 17 25.419136563876656 0cd9414a_20240823_081834.data
110.0 470.0 17 25.419136563876656 0cd9414a_20240823_081858.data
130.0 470.0 17 25.419136563876656 0cd9414a_20240823_081922.data
150.0 470.0 17 25.299982378854633 0cd9414a_20240823_081946.data
170.0 470.0 17 25.419136563876656 0cd9414a_20240823_082010.data
190.0 470.0 17 25.419136563876656 0cd9414a_20240823_082034.data
210.0 470.0 17 25.419136563876656 0cd9414a_20240823_082058.data
230.0 470.0 17 25.537859030837005 0cd9414a_20240823_082122.data
250.0 470.0 17 25.419136563876656 0cd9414a_20240823_082146.data
270.0 470.0 17 25.419136563876656 0cd9414a_20240823_082210.data
290.0 470.0 17 25.419136563876656 0cd9414a_20240823_082234.data
