-1 -1 -1 28.25503083700441 0cd9414a_20240812_161103.data
10.0 10.0 17 28.25503083700441 0cd9414a_20240812_161142.data
30.0 10.0 17 28.25503083700441 0cd9414a_20240812_161206.data
50.0 10.0 17 28.25503083700441 0cd9414a_20240812_161230.data
70.0 10.0 17 28.25503083700441 0cd9414a_20240812_161254.data
90.0 10.0 17 28.25503083700441 0cd9414a_20240812_161318.data
110.0 10.0 17 28.25503083700441 0cd9414a_20240812_161342.data
130.0 10.0 17 28.362991189427316 0cd9414a_20240812_161406.data
150.0 10.0 17 28.25503083700441 0cd9414a_20240812_161430.data
170.0 10.0 17 28.25503083700441 0cd9414a_20240812_161454.data
190.0 10.0 17 28.25503083700441 0cd9414a_20240812_161518.data
210.0 10.0 17 28.25503083700441 0cd9414a_20240812_161542.data
230.0 10.0 17 28.25503083700441 0cd9414a_20240812_161606.data
250.0 10.0 17 28.25503083700441 0cd9414a_20240812_161630.data
270.0 10.0 17 28.25503083700441 0cd9414a_20240812_161654.data
290.0 10.0 17 28.25503083700441 0cd9414a_20240812_161718.data
290.0 30.0 17 28.25503083700441 0cd9414a_20240812_161742.data
270.0 30.0 17 28.25503083700441 0cd9414a_20240812_161806.data
250.0 30.0 17 28.25503083700441 0cd9414a_20240812_161830.data
230.0 30.0 17 28.25503083700441 0cd9414a_20240812_161854.data
210.0 30.0 17 28.25503083700441 0cd9414a_20240812_161918.data
190.0 30.0 17 28.362991189427316 0cd9414a_20240812_161942.data
170.0 30.0 17 28.25503083700441 0cd9414a_20240812_162007.data
150.0 30.0 17 28.25503083700441 0cd9414a_20240812_162031.data
130.0 30.0 17 28.25503083700441 0cd9414a_20240812_162055.data
110.0 30.0 17 28.25503083700441 0cd9414a_20240812_162119.data
90.0 30.0 17 28.25503083700441 0cd9414a_20240812_162143.data
70.0 30.0 17 28.25503083700441 0cd9414a_20240812_162207.data
50.0 30.0 17 28.362991189427316 0cd9414a_20240812_162231.data
30.0 30.0 17 28.25503083700441 0cd9414a_20240812_162255.data
10.0 30.0 17 28.25503083700441 0cd9414a_20240812_162319.data
10.0 50.0 17 28.25503083700441 0cd9414a_20240812_162343.data
30.0 50.0 17 28.25503083700441 0cd9414a_20240812_162407.data
50.0 50.0 17 28.14663876651983 0cd9414a_20240812_162431.data
70.0 50.0 17 28.25503083700441 0cd9414a_20240812_162455.data
90.0 50.0 17 28.25503083700441 0cd9414a_20240812_162519.data
110.0 50.0 17 28.25503083700441 0cd9414a_20240812_162543.data
130.0 50.0 17 28.25503083700441 0cd9414a_20240812_162607.data
150.0 50.0 17 28.25503083700441 0cd9414a_20240812_162631.data
170.0 50.0 17 28.25503083700441 0cd9414a_20240812_162655.data
190.0 50.0 17 28.362991189427316 0cd9414a_20240812_162719.data
210.0 50.0 17 28.25503083700441 0cd9414a_20240812_162743.data
230.0 50.0 17 28.14663876651983 0cd9414a_20240812_162807.data
250.0 50.0 17 28.25503083700441 0cd9414a_20240812_162831.data
270.0 50.0 17 28.470581497797355 0cd9414a_20240812_162855.data
290.0 50.0 17 28.25503083700441 0cd9414a_20240812_162919.data
290.0 70.0 17 28.25503083700441 0cd9414a_20240812_162943.data
270.0 70.0 17 28.25503083700441 0cd9414a_20240812_163007.data
250.0 70.0 17 28.14663876651983 0cd9414a_20240812_163031.data
230.0 70.0 17 28.25503083700441 0cd9414a_20240812_163055.data
210.0 70.0 17 28.362991189427316 0cd9414a_20240812_163119.data
190.0 70.0 17 28.25503083700441 0cd9414a_20240812_163143.data
170.0 70.0 17 28.14663876651983 0cd9414a_20240812_163207.data
150.0 70.0 17 28.25503083700441 0cd9414a_20240812_163231.data
130.0 70.0 17 28.14663876651983 0cd9414a_20240812_163255.data
110.0 70.0 17 28.14663876651983 0cd9414a_20240812_163319.data
90.0 70.0 17 28.362991189427316 0cd9414a_20240812_163343.data
70.0 70.0 17 28.25503083700441 0cd9414a_20240812_163407.data
50.0 70.0 17 28.25503083700441 0cd9414a_20240812_163431.data
30.0 70.0 17 28.25503083700441 0cd9414a_20240812_163455.data
10.0 70.0 17 28.25503083700441 0cd9414a_20240812_163519.data
10.0 90.0 17 28.14663876651983 0cd9414a_20240812_163543.data
30.0 90.0 17 28.25503083700441 0cd9414a_20240812_163607.data
50.0 90.0 17 28.14663876651983 0cd9414a_20240812_163631.data
70.0 90.0 17 28.037845814977977 0cd9414a_20240812_163655.data
90.0 90.0 17 28.25503083700441 0cd9414a_20240812_163719.data
110.0 90.0 17 28.362991189427316 0cd9414a_20240812_163743.data
130.0 90.0 17 28.25503083700441 0cd9414a_20240812_163807.data
150.0 90.0 17 28.25503083700441 0cd9414a_20240812_163831.data
170.0 90.0 17 28.25503083700441 0cd9414a_20240812_163855.data
190.0 90.0 17 28.362991189427316 0cd9414a_20240812_163919.data
210.0 90.0 17 28.362991189427316 0cd9414a_20240812_163943.data
230.0 90.0 17 28.362991189427316 0cd9414a_20240812_164007.data
250.0 90.0 17 28.14663876651983 0cd9414a_20240812_164031.data
270.0 90.0 17 28.362991189427316 0cd9414a_20240812_164055.data
290.0 90.0 17 28.14663876651983 0cd9414a_20240812_164119.data
290.0 110.0 17 28.25503083700441 0cd9414a_20240812_164143.data
270.0 110.0 17 28.362991189427316 0cd9414a_20240812_164207.data
250.0 110.0 17 28.362991189427316 0cd9414a_20240812_164231.data
230.0 110.0 17 28.25503083700441 0cd9414a_20240812_164255.data
210.0 110.0 17 28.14663876651983 0cd9414a_20240812_164319.data
190.0 110.0 17 28.25503083700441 0cd9414a_20240812_164343.data
170.0 110.0 17 28.25503083700441 0cd9414a_20240812_164407.data
150.0 110.0 17 28.362991189427316 0cd9414a_20240812_164431.data
130.0 110.0 17 28.25503083700441 0cd9414a_20240812_164455.data
110.0 110.0 17 28.25503083700441 0cd9414a_20240812_164519.data
90.0 110.0 17 28.470581497797355 0cd9414a_20240812_164543.data
70.0 110.0 17 28.25503083700441 0cd9414a_20240812_164607.data
50.0 110.0 17 28.577770925110134 0cd9414a_20240812_164631.data
30.0 110.0 17 28.470581497797355 0cd9414a_20240812_164655.data
10.0 110.0 17 28.362991189427316 0cd9414a_20240812_164719.data
10.0 130.0 17 28.362991189427316 0cd9414a_20240812_164743.data
30.0 130.0 17 28.362991189427316 0cd9414a_20240812_164807.data
50.0 130.0 17 28.14663876651983 0cd9414a_20240812_164831.data
70.0 130.0 17 28.470581497797355 0cd9414a_20240812_164855.data
90.0 130.0 17 28.25503083700441 0cd9414a_20240812_164919.data
110.0 130.0 17 28.362991189427316 0cd9414a_20240812_164943.data
130.0 130.0 17 28.470581497797355 0cd9414a_20240812_165007.data
150.0 130.0 17 28.470581497797355 0cd9414a_20240812_165031.data
170.0 130.0 17 28.470581497797355 0cd9414a_20240812_165055.data
190.0 130.0 17 28.470581497797355 0cd9414a_20240812_165119.data
210.0 130.0 17 28.470581497797355 0cd9414a_20240812_165143.data
230.0 130.0 17 28.362991189427316 0cd9414a_20240812_165207.data
250.0 130.0 17 28.362991189427316 0cd9414a_20240812_165231.data
270.0 130.0 17 28.470581497797355 0cd9414a_20240812_165255.data
290.0 130.0 17 28.25503083700441 0cd9414a_20240812_165319.data
290.0 150.0 17 28.470581497797355 0cd9414a_20240812_165343.data
270.0 150.0 17 28.577770925110134 0cd9414a_20240812_165407.data
250.0 150.0 17 28.470581497797355 0cd9414a_20240812_165431.data
230.0 150.0 17 28.470581497797355 0cd9414a_20240812_165455.data
210.0 150.0 17 28.362991189427316 0cd9414a_20240812_165519.data
190.0 150.0 17 28.470581497797355 0cd9414a_20240812_165543.data
170.0 150.0 17 28.470581497797355 0cd9414a_20240812_165607.data
150.0 150.0 17 28.470581497797355 0cd9414a_20240812_165631.data
130.0 150.0 17 28.14663876651983 0cd9414a_20240812_165655.data
110.0 150.0 17 28.25503083700441 0cd9414a_20240812_165720.data
90.0 150.0 17 28.470581497797355 0cd9414a_20240812_165744.data
70.0 150.0 17 28.470581497797355 0cd9414a_20240812_165808.data
50.0 150.0 17 28.362991189427316 0cd9414a_20240812_165832.data
30.0 150.0 17 28.470581497797355 0cd9414a_20240812_165856.data
10.0 150.0 17 28.470581497797355 0cd9414a_20240812_165920.data
10.0 170.0 17 28.25503083700441 0cd9414a_20240812_165944.data
30.0 170.0 17 28.25503083700441 0cd9414a_20240812_170008.data
50.0 170.0 17 28.25503083700441 0cd9414a_20240812_170032.data
70.0 170.0 17 28.470581497797355 0cd9414a_20240812_170056.data
90.0 170.0 17 28.470581497797355 0cd9414a_20240812_170120.data
110.0 170.0 17 28.362991189427316 0cd9414a_20240812_170144.data
130.0 170.0 17 28.470581497797355 0cd9414a_20240812_170208.data
150.0 170.0 17 28.362991189427316 0cd9414a_20240812_170232.data
170.0 170.0 17 28.037845814977977 0cd9414a_20240812_170256.data
190.0 170.0 17 28.362991189427316 0cd9414a_20240812_170320.data
210.0 170.0 17 28.577770925110134 0cd9414a_20240812_170344.data
230.0 170.0 17 28.470581497797355 0cd9414a_20240812_170408.data
250.0 170.0 17 28.470581497797355 0cd9414a_20240812_170432.data
270.0 170.0 17 28.14663876651983 0cd9414a_20240812_170456.data
290.0 170.0 17 28.470581497797355 0cd9414a_20240812_170520.data
290.0 190.0 17 28.470581497797355 0cd9414a_20240812_170544.data
270.0 190.0 17 28.25503083700441 0cd9414a_20240812_170608.data
250.0 190.0 17 28.470581497797355 0cd9414a_20240812_170632.data
230.0 190.0 17 28.470581497797355 0cd9414a_20240812_170656.data
210.0 190.0 17 28.470581497797355 0cd9414a_20240812_170720.data
190.0 190.0 17 28.14663876651983 0cd9414a_20240812_170744.data
170.0 190.0 17 28.577770925110134 0cd9414a_20240812_170808.data
150.0 190.0 17 28.470581497797355 0cd9414a_20240812_170832.data
130.0 190.0 17 28.362991189427316 0cd9414a_20240812_170856.data
110.0 190.0 17 28.470581497797355 0cd9414a_20240812_170920.data
90.0 190.0 17 28.470581497797355 0cd9414a_20240812_170944.data
70.0 190.0 17 28.362991189427316 0cd9414a_20240812_171008.data
50.0 190.0 17 28.470581497797355 0cd9414a_20240812_171032.data
30.0 190.0 17 28.470581497797355 0cd9414a_20240812_171056.data
10.0 190.0 17 28.362991189427316 0cd9414a_20240812_171120.data
10.0 210.0 17 28.470581497797355 0cd9414a_20240812_171144.data
30.0 210.0 17 28.470581497797355 0cd9414a_20240812_171208.data
50.0 210.0 17 28.362991189427316 0cd9414a_20240812_171232.data
70.0 210.0 17 28.25503083700441 0cd9414a_20240812_171256.data
90.0 210.0 17 28.25503083700441 0cd9414a_20240812_171320.data
110.0 210.0 17 28.470581497797355 0cd9414a_20240812_171344.data
130.0 210.0 17 28.470581497797355 0cd9414a_20240812_171408.data
150.0 210.0 17 28.25503083700441 0cd9414a_20240812_171432.data
170.0 210.0 17 28.470581497797355 0cd9414a_20240812_171456.data
190.0 210.0 17 28.470581497797355 0cd9414a_20240812_171520.data
210.0 210.0 17 28.470581497797355 0cd9414a_20240812_171544.data
230.0 210.0 17 28.362991189427316 0cd9414a_20240812_171608.data
250.0 210.0 17 28.470581497797355 0cd9414a_20240812_171632.data
270.0 210.0 17 28.577770925110134 0cd9414a_20240812_171656.data
290.0 210.0 17 28.362991189427316 0cd9414a_20240812_171720.data
290.0 230.0 17 28.577770925110134 0cd9414a_20240812_171744.data
270.0 230.0 17 28.577770925110134 0cd9414a_20240812_171808.data
250.0 230.0 17 28.362991189427316 0cd9414a_20240812_171832.data
230.0 230.0 17 28.470581497797355 0cd9414a_20240812_171856.data
210.0 230.0 17 28.470581497797355 0cd9414a_20240812_171920.data
190.0 230.0 17 28.25503083700441 0cd9414a_20240812_171944.data
170.0 230.0 17 28.470581497797355 0cd9414a_20240812_172008.data
150.0 230.0 17 28.470581497797355 0cd9414a_20240812_172032.data
130.0 230.0 17 28.14663876651983 0cd9414a_20240812_172056.data
110.0 230.0 17 28.470581497797355 0cd9414a_20240812_172120.data
90.0 230.0 17 28.470581497797355 0cd9414a_20240812_172144.data
70.0 230.0 17 28.25503083700441 0cd9414a_20240812_172208.data
50.0 230.0 17 28.470581497797355 0cd9414a_20240812_172232.data
30.0 230.0 17 28.470581497797355 0cd9414a_20240812_172256.data
10.0 230.0 17 28.470581497797355 0cd9414a_20240812_172320.data
10.0 250.0 17 28.25503083700441 0cd9414a_20240812_172344.data
30.0 250.0 17 28.470581497797355 0cd9414a_20240812_172408.data
50.0 250.0 17 28.25503083700441 0cd9414a_20240812_172432.data
70.0 250.0 17 28.470581497797355 0cd9414a_20240812_172456.data
90.0 250.0 17 28.470581497797355 0cd9414a_20240812_172520.data
110.0 250.0 17 28.470581497797355 0cd9414a_20240812_172544.data
130.0 250.0 17 28.470581497797355 0cd9414a_20240812_172608.data
150.0 250.0 17 28.470581497797355 0cd9414a_20240812_172632.data
170.0 250.0 17 28.362991189427316 0cd9414a_20240812_172656.data
190.0 250.0 17 28.470581497797355 0cd9414a_20240812_172720.data
210.0 250.0 17 28.470581497797355 0cd9414a_20240812_172744.data
230.0 250.0 17 28.14663876651983 0cd9414a_20240812_172808.data
250.0 250.0 17 28.470581497797355 0cd9414a_20240812_172832.data
270.0 250.0 17 28.25503083700441 0cd9414a_20240812_172856.data
290.0 250.0 17 28.470581497797355 0cd9414a_20240812_172920.data
290.0 270.0 17 28.25503083700441 0cd9414a_20240812_172944.data
270.0 270.0 17 28.470581497797355 0cd9414a_20240812_173008.data
250.0 270.0 17 28.470581497797355 0cd9414a_20240812_173032.data
230.0 270.0 17 28.470581497797355 0cd9414a_20240812_173056.data
210.0 270.0 17 28.25503083700441 0cd9414a_20240812_173120.data
190.0 270.0 17 28.470581497797355 0cd9414a_20240812_173144.data
170.0 270.0 17 28.25503083700441 0cd9414a_20240812_173208.data
150.0 270.0 17 28.362991189427316 0cd9414a_20240812_173232.data
130.0 270.0 17 28.470581497797355 0cd9414a_20240812_173256.data
110.0 270.0 17 28.470581497797355 0cd9414a_20240812_173320.data
90.0 270.0 17 28.470581497797355 0cd9414a_20240812_173344.data
70.0 270.0 17 28.470581497797355 0cd9414a_20240812_173408.data
50.0 270.0 17 28.470581497797355 0cd9414a_20240812_173432.data
30.0 270.0 17 28.470581497797355 0cd9414a_20240812_173456.data
10.0 270.0 17 28.470581497797355 0cd9414a_20240812_173521.data
10.0 290.0 17 28.470581497797355 0cd9414a_20240812_173545.data
30.0 290.0 17 28.362991189427316 0cd9414a_20240812_173609.data
50.0 290.0 17 28.25503083700441 0cd9414a_20240812_173633.data
70.0 290.0 17 28.362991189427316 0cd9414a_20240812_173657.data
90.0 290.0 17 28.470581497797355 0cd9414a_20240812_173721.data
110.0 290.0 17 28.470581497797355 0cd9414a_20240812_173745.data
130.0 290.0 17 28.25503083700441 0cd9414a_20240812_173809.data
150.0 290.0 17 28.470581497797355 0cd9414a_20240812_173833.data
170.0 290.0 17 28.470581497797355 0cd9414a_20240812_173857.data
190.0 290.0 17 28.470581497797355 0cd9414a_20240812_173921.data
210.0 290.0 17 28.470581497797355 0cd9414a_20240812_173945.data
230.0 290.0 17 28.470581497797355 0cd9414a_20240812_174009.data
250.0 290.0 17 28.25503083700441 0cd9414a_20240812_174033.data
270.0 290.0 17 28.470581497797355 0cd9414a_20240812_174057.data
290.0 290.0 17 28.470581497797355 0cd9414a_20240812_174121.data
290.0 310.0 17 28.362991189427316 0cd9414a_20240812_174145.data
270.0 310.0 17 28.14663876651983 0cd9414a_20240812_174209.data
250.0 310.0 17 28.25503083700441 0cd9414a_20240812_174233.data
230.0 310.0 17 -1 0cd9414a_20240812_174257.data
210.0 310.0 17 28.470581497797355 0cd9414a_20240812_174321.data
190.0 310.0 17 28.25503083700441 0cd9414a_20240812_174345.data
170.0 310.0 17 -1 0cd9414a_20240812_174409.data
150.0 310.0 17 28.362991189427316 0cd9414a_20240812_174433.data
130.0 310.0 17 28.362991189427316 0cd9414a_20240812_174457.data
110.0 310.0 17 28.470581497797355 0cd9414a_20240812_174521.data
90.0 310.0 17 28.362991189427316 0cd9414a_20240812_174545.data
70.0 310.0 17 28.25503083700441 0cd9414a_20240812_174609.data
50.0 310.0 17 28.14663876651983 0cd9414a_20240812_174633.data
30.0 310.0 17 -1 0cd9414a_20240812_174657.data
10.0 310.0 17 28.470581497797355 0cd9414a_20240812_174721.data
10.0 330.0 17 28.470581497797355 0cd9414a_20240812_174745.data
30.0 330.0 17 28.470581497797355 0cd9414a_20240812_174809.data
50.0 330.0 17 28.472246696035242 0cd9414a_20240812_174833.data
70.0 330.0 17 28.25503083700441 0cd9414a_20240812_174857.data
90.0 330.0 17 28.25503083700441 0cd9414a_20240812_174921.data
110.0 330.0 17 28.25503083700441 0cd9414a_20240812_174945.data
130.0 330.0 17 28.14663876651983 0cd9414a_20240812_175009.data
150.0 330.0 17 28.25503083700441 0cd9414a_20240812_175033.data
170.0 330.0 17 28.25503083700441 0cd9414a_20240812_175057.data
190.0 330.0 17 28.25503083700441 0cd9414a_20240812_175121.data
210.0 330.0 17 28.25503083700441 0cd9414a_20240812_175145.data
230.0 330.0 17 28.25503083700441 0cd9414a_20240812_175209.data
250.0 330.0 17 28.25503083700441 0cd9414a_20240812_175233.data
270.0 330.0 17 28.14663876651983 0cd9414a_20240812_175257.data
290.0 330.0 17 28.14663876651983 0cd9414a_20240812_175321.data
10.0 350.0 17 28.25503083700441 0cd9414a_20240813_081014.data
30.0 350.0 17 28.25503083700441 0cd9414a_20240813_081038.data
50.0 350.0 17 28.25503083700441 0cd9414a_20240813_081102.data
70.0 350.0 17 28.25503083700441 0cd9414a_20240813_081126.data
90.0 350.0 17 28.14663876651983 0cd9414a_20240813_081150.data
110.0 350.0 17 28.25503083700441 0cd9414a_20240813_081214.data
130.0 350.0 17 28.25503083700441 0cd9414a_20240813_081238.data
150.0 350.0 17 28.25503083700441 0cd9414a_20240813_081302.data
170.0 350.0 17 28.25503083700441 0cd9414a_20240813_081326.data
190.0 350.0 17 28.14663876651983 0cd9414a_20240813_081350.data
210.0 350.0 17 28.25503083700441 0cd9414a_20240813_081414.data
230.0 350.0 17 28.25503083700441 0cd9414a_20240813_081438.data
250.0 350.0 17 28.14663876651983 0cd9414a_20240813_081502.data
270.0 350.0 17 28.25503083700441 0cd9414a_20240813_081526.data
290.0 350.0 17 28.25503083700441 0cd9414a_20240813_081550.data
290.0 370.0 17 28.25503083700441 0cd9414a_20240813_081614.data
270.0 370.0 17 28.25503083700441 0cd9414a_20240813_081638.data
250.0 370.0 17 28.25503083700441 0cd9414a_20240813_081702.data
230.0 370.0 17 28.25503083700441 0cd9414a_20240813_081726.data
210.0 370.0 17 28.25503083700441 0cd9414a_20240813_081750.data
190.0 370.0 17 28.25503083700441 0cd9414a_20240813_081814.data
170.0 370.0 17 28.25503083700441 0cd9414a_20240813_081838.data
150.0 370.0 17 28.14663876651983 0cd9414a_20240813_081902.data
130.0 370.0 17 28.25503083700441 0cd9414a_20240813_081926.data
110.0 370.0 17 28.25503083700441 0cd9414a_20240813_081950.data
90.0 370.0 17 28.25503083700441 0cd9414a_20240813_082014.data
70.0 370.0 17 28.25503083700441 0cd9414a_20240813_082038.data
50.0 370.0 17 28.25503083700441 0cd9414a_20240813_082102.data
30.0 370.0 17 28.25503083700441 0cd9414a_20240813_082126.data
10.0 370.0 17 28.25503083700441 0cd9414a_20240813_082150.data
10.0 390.0 17 28.14663876651983 0cd9414a_20240813_082214.data
30.0 390.0 17 28.25503083700441 0cd9414a_20240813_082238.data
50.0 390.0 17 28.25503083700441 0cd9414a_20240813_082303.data
70.0 390.0 17 28.25503083700441 0cd9414a_20240813_082327.data
90.0 390.0 17 28.25503083700441 0cd9414a_20240813_082351.data
110.0 390.0 17 28.25503083700441 0cd9414a_20240813_082415.data
130.0 390.0 17 28.14663876651983 0cd9414a_20240813_082439.data
150.0 390.0 17 28.25503083700441 0cd9414a_20240813_082503.data
170.0 390.0 17 28.25503083700441 0cd9414a_20240813_082527.data
190.0 390.0 17 28.25503083700441 0cd9414a_20240813_082551.data
210.0 390.0 17 28.25503083700441 0cd9414a_20240813_082615.data
230.0 390.0 17 28.25503083700441 0cd9414a_20240813_082639.data
250.0 390.0 17 28.25503083700441 0cd9414a_20240813_082703.data
270.0 390.0 17 28.25503083700441 0cd9414a_20240813_082727.data
290.0 390.0 17 28.14663876651983 0cd9414a_20240813_082751.data
290.0 410.0 17 28.25503083700441 0cd9414a_20240813_082815.data
270.0 410.0 17 28.25503083700441 0cd9414a_20240813_082839.data
250.0 410.0 17 28.25503083700441 0cd9414a_20240813_082903.data
230.0 410.0 17 28.25503083700441 0cd9414a_20240813_082927.data
210.0 410.0 17 28.25503083700441 0cd9414a_20240813_082951.data
190.0 410.0 17 28.25503083700441 0cd9414a_20240813_083015.data
170.0 410.0 17 28.25503083700441 0cd9414a_20240813_083039.data
150.0 410.0 17 28.25503083700441 0cd9414a_20240813_083103.data
130.0 410.0 17 28.362991189427316 0cd9414a_20240813_083127.data
110.0 410.0 17 28.14663876651983 0cd9414a_20240813_083151.data
90.0 410.0 17 28.362991189427316 0cd9414a_20240813_083215.data
70.0 410.0 17 28.25503083700441 0cd9414a_20240813_083239.data
50.0 410.0 17 28.25503083700441 0cd9414a_20240813_083303.data
30.0 410.0 17 28.25503083700441 0cd9414a_20240813_083327.data
10.0 410.0 17 28.25503083700441 0cd9414a_20240813_083351.data
10.0 430.0 17 28.25503083700441 0cd9414a_20240813_083415.data
30.0 430.0 17 28.25503083700441 0cd9414a_20240813_083439.data
50.0 430.0 17 28.25503083700441 0cd9414a_20240813_083503.data
70.0 430.0 17 28.25503083700441 0cd9414a_20240813_083527.data
90.0 430.0 17 28.25503083700441 0cd9414a_20240813_083551.data
110.0 430.0 17 28.14663876651983 0cd9414a_20240813_083615.data
130.0 430.0 17 28.25503083700441 0cd9414a_20240813_083639.data
150.0 430.0 17 28.25503083700441 0cd9414a_20240813_083703.data
170.0 430.0 17 28.14663876651983 0cd9414a_20240813_083727.data
190.0 430.0 17 28.25503083700441 0cd9414a_20240813_083751.data
210.0 430.0 17 28.25503083700441 0cd9414a_20240813_083815.data
230.0 430.0 17 28.25503083700441 0cd9414a_20240813_083839.data
250.0 430.0 17 28.25503083700441 0cd9414a_20240813_083903.data
270.0 430.0 17 28.25503083700441 0cd9414a_20240813_083927.data
290.0 430.0 17 28.25503083700441 0cd9414a_20240813_083951.data
290.0 450.0 17 28.14663876651983 0cd9414a_20240813_084015.data
270.0 450.0 17 28.25503083700441 0cd9414a_20240813_084039.data
250.0 450.0 17 28.25503083700441 0cd9414a_20240813_084103.data
230.0 450.0 17 28.14663876651983 0cd9414a_20240813_084127.data
210.0 450.0 17 28.25503083700441 0cd9414a_20240813_084151.data
190.0 450.0 17 28.25503083700441 0cd9414a_20240813_084215.data
170.0 450.0 17 28.25503083700441 0cd9414a_20240813_084239.data
150.0 450.0 17 28.25503083700441 0cd9414a_20240813_084303.data
130.0 450.0 17 28.14663876651983 0cd9414a_20240813_084327.data
110.0 450.0 17 28.25503083700441 0cd9414a_20240813_084351.data
90.0 450.0 17 28.25503083700441 0cd9414a_20240813_084415.data
70.0 450.0 17 28.25503083700441 0cd9414a_20240813_084439.data
50.0 450.0 17 28.25503083700441 0cd9414a_20240813_084503.data
30.0 450.0 17 28.25503083700441 0cd9414a_20240813_084527.data
10.0 450.0 17 28.25503083700441 0cd9414a_20240813_084551.data
10.0 470.0 17 28.037845814977977 0cd9414a_20240813_084615.data
30.0 470.0 17 28.25503083700441 0cd9414a_20240813_084639.data
50.0 470.0 17 28.470581497797355 0cd9414a_20240813_084703.data
70.0 470.0 17 28.14663876651983 0cd9414a_20240813_084727.data
90.0 470.0 17 28.14663876651983 0cd9414a_20240813_084751.data
110.0 470.0 17 28.25503083700441 0cd9414a_20240813_084815.data
130.0 470.0 17 28.25503083700441 0cd9414a_20240813_084839.data
150.0 470.0 17 28.25503083700441 0cd9414a_20240813_084903.data
170.0 470.0 17 28.25503083700441 0cd9414a_20240813_084927.data
190.0 470.0 17 28.25503083700441 0cd9414a_20240813_084951.data
210.0 470.0 17 28.25503083700441 0cd9414a_20240813_085015.data
230.0 470.0 17 28.25503083700441 0cd9414a_20240813_085039.data
250.0 470.0 17 28.25503083700441 0cd9414a_20240813_085103.data
270.0 470.0 17 28.25503083700441 0cd9414a_20240813_085127.data
290.0 470.0 17 28.25503083700441 0cd9414a_20240813_085151.data
