-1 -1 -1 24.003973684210532 0cd9414a_20240913_132136.data
10.0 10.0 17 24.003973684210532 0cd9414a_20240913_132216.data
30.0 10.0 17 24.1106052631579 0cd9414a_20240913_132240.data
50.0 10.0 17 24.003973684210532 0cd9414a_20240913_132304.data
70.0 10.0 17 24.003973684210532 0cd9414a_20240913_132328.data
90.0 10.0 17 24.003973684210532 0cd9414a_20240913_132352.data
110.0 10.0 17 24.1106052631579 0cd9414a_20240913_132416.data
130.0 10.0 17 24.003973684210532 0cd9414a_20240913_132440.data
150.0 10.0 17 24.216789473684212 0cd9414a_20240913_132504.data
170.0 10.0 17 24.003973684210532 0cd9414a_20240913_132528.data
190.0 10.0 17 24.1106052631579 0cd9414a_20240913_132552.data
210.0 10.0 17 24.003973684210532 0cd9414a_20240913_132616.data
230.0 10.0 17 24.003973684210532 0cd9414a_20240913_132640.data
250.0 10.0 17 24.003973684210532 0cd9414a_20240913_132704.data
270.0 10.0 17 24.003973684210532 0cd9414a_20240913_132728.data
290.0 10.0 17 24.003973684210532 0cd9414a_20240913_132752.data
290.0 30.0 17 24.003973684210532 0cd9414a_20240913_132816.data
270.0 30.0 17 24.003973684210532 0cd9414a_20240913_132840.data
250.0 30.0 17 24.003973684210532 0cd9414a_20240913_132904.data
230.0 30.0 17 24.1106052631579 0cd9414a_20240913_132928.data
210.0 30.0 17 24.003973684210532 0cd9414a_20240913_132952.data
190.0 30.0 17 24.1106052631579 0cd9414a_20240913_133016.data
170.0 30.0 17 24.003973684210532 0cd9414a_20240913_133040.data
150.0 30.0 17 24.1106052631579 0cd9414a_20240913_133104.data
130.0 30.0 17 24.003973684210532 0cd9414a_20240913_133128.data
110.0 30.0 17 24.003973684210532 0cd9414a_20240913_133152.data
90.0 30.0 17 24.003973684210532 0cd9414a_20240913_133216.data
70.0 30.0 17 24.003973684210532 0cd9414a_20240913_133240.data
50.0 30.0 17 24.003973684210532 0cd9414a_20240913_133304.data
30.0 30.0 17 24.003973684210532 0cd9414a_20240913_133328.data
10.0 30.0 17 24.003973684210532 0cd9414a_20240913_133352.data
10.0 50.0 17 24.003973684210532 0cd9414a_20240913_133416.data
30.0 50.0 17 24.1106052631579 0cd9414a_20240913_133440.data
50.0 50.0 17 24.003973684210532 0cd9414a_20240913_133504.data
70.0 50.0 17 24.003973684210532 0cd9414a_20240913_133528.data
90.0 50.0 17 24.003973684210532 0cd9414a_20240913_133552.data
110.0 50.0 17 24.003973684210532 0cd9414a_20240913_133616.data
130.0 50.0 17 24.003973684210532 0cd9414a_20240913_133640.data
150.0 50.0 17 24.1106052631579 0cd9414a_20240913_133704.data
170.0 50.0 17 24.003973684210532 0cd9414a_20240913_133728.data
190.0 50.0 17 24.003973684210532 0cd9414a_20240913_133752.data
210.0 50.0 17 24.1106052631579 0cd9414a_20240913_133816.data
230.0 50.0 17 24.003973684210532 0cd9414a_20240913_133840.data
250.0 50.0 17 24.003973684210532 0cd9414a_20240913_133904.data
270.0 50.0 17 24.216789473684212 0cd9414a_20240913_133928.data
290.0 50.0 17 24.003973684210532 0cd9414a_20240913_133952.data
290.0 70.0 17 24.003973684210532 0cd9414a_20240913_134016.data
270.0 70.0 17 24.1106052631579 0cd9414a_20240913_134040.data
250.0 70.0 17 24.003973684210532 0cd9414a_20240913_134104.data
230.0 70.0 17 24.003973684210532 0cd9414a_20240913_134128.data
210.0 70.0 17 24.003973684210532 0cd9414a_20240913_134152.data
190.0 70.0 17 24.003973684210532 0cd9414a_20240913_134216.data
170.0 70.0 17 24.003973684210532 0cd9414a_20240913_134240.data
150.0 70.0 17 24.003973684210532 0cd9414a_20240913_134304.data
130.0 70.0 17 24.003973684210532 0cd9414a_20240913_134328.data
110.0 70.0 17 24.1106052631579 0cd9414a_20240913_134352.data
90.0 70.0 17 24.003973684210532 0cd9414a_20240913_134416.data
70.0 70.0 17 24.216789473684212 0cd9414a_20240913_134440.data
50.0 70.0 17 24.003973684210532 0cd9414a_20240913_134504.data
30.0 70.0 17 24.216789473684212 0cd9414a_20240913_134528.data
10.0 70.0 17 24.003973684210532 0cd9414a_20240913_134552.data
10.0 90.0 17 24.1106052631579 0cd9414a_20240913_134616.data
30.0 90.0 17 23.902100000000004 0cd9414a_20240913_134640.data
50.0 90.0 17 24.1106052631579 0cd9414a_20240913_134704.data
70.0 90.0 17 23.902100000000004 0cd9414a_20240913_134728.data
90.0 90.0 17 24.003973684210532 0cd9414a_20240913_134752.data
110.0 90.0 17 24.003973684210532 0cd9414a_20240913_134816.data
130.0 90.0 17 24.003973684210532 0cd9414a_20240913_134840.data
150.0 90.0 17 24.003973684210532 0cd9414a_20240913_134904.data
170.0 90.0 17 24.003973684210532 0cd9414a_20240913_134928.data
190.0 90.0 17 24.003973684210532 0cd9414a_20240913_134952.data
210.0 90.0 17 24.003973684210532 0cd9414a_20240913_135016.data
230.0 90.0 17 24.1106052631579 0cd9414a_20240913_135040.data
250.0 90.0 17 24.003973684210532 0cd9414a_20240913_135104.data
270.0 90.0 17 24.003973684210532 0cd9414a_20240913_135128.data
290.0 90.0 17 24.003973684210532 0cd9414a_20240913_135152.data
290.0 110.0 17 24.003973684210532 0cd9414a_20240913_135216.data
270.0 110.0 17 24.003973684210532 0cd9414a_20240913_135241.data
250.0 110.0 17 24.003973684210532 0cd9414a_20240913_135305.data
230.0 110.0 17 24.003973684210532 0cd9414a_20240913_135329.data
210.0 110.0 17 24.003973684210532 0cd9414a_20240913_135353.data
190.0 110.0 17 24.1106052631579 0cd9414a_20240913_135417.data
170.0 110.0 17 24.003973684210532 0cd9414a_20240913_135441.data
150.0 110.0 17 24.003973684210532 0cd9414a_20240913_135505.data
130.0 110.0 17 24.1106052631579 0cd9414a_20240913_135529.data
110.0 110.0 17 24.003973684210532 0cd9414a_20240913_135553.data
90.0 110.0 17 24.003973684210532 0cd9414a_20240913_135617.data
70.0 110.0 17 24.003973684210532 0cd9414a_20240913_135641.data
50.0 110.0 17 24.003973684210532 0cd9414a_20240913_135705.data
30.0 110.0 17 24.1106052631579 0cd9414a_20240913_135729.data
10.0 110.0 17 24.1106052631579 0cd9414a_20240913_135753.data
10.0 130.0 17 24.003973684210532 0cd9414a_20240913_135817.data
30.0 130.0 17 24.003973684210532 0cd9414a_20240913_135841.data
50.0 130.0 17 24.003973684210532 0cd9414a_20240913_135905.data
70.0 130.0 17 24.1106052631579 0cd9414a_20240913_135929.data
90.0 130.0 17 24.003973684210532 0cd9414a_20240913_135953.data
110.0 130.0 17 24.003973684210532 0cd9414a_20240913_140017.data
130.0 130.0 17 24.003973684210532 0cd9414a_20240913_140041.data
150.0 130.0 17 24.003973684210532 0cd9414a_20240913_140105.data
170.0 130.0 17 24.003973684210532 0cd9414a_20240913_140129.data
190.0 130.0 17 24.1106052631579 0cd9414a_20240913_140153.data
210.0 130.0 17 24.003973684210532 0cd9414a_20240913_140217.data
230.0 130.0 17 24.1106052631579 0cd9414a_20240913_140241.data
250.0 130.0 17 24.003973684210532 0cd9414a_20240913_140305.data
270.0 130.0 17 24.1106052631579 0cd9414a_20240913_140329.data
290.0 130.0 17 24.1106052631579 0cd9414a_20240913_140353.data
290.0 150.0 17 23.902100000000004 0cd9414a_20240913_140417.data
270.0 150.0 17 24.003973684210532 0cd9414a_20240913_140441.data
250.0 150.0 17 24.003973684210532 0cd9414a_20240913_140505.data
230.0 150.0 17 24.003973684210532 0cd9414a_20240913_140529.data
210.0 150.0 17 24.003973684210532 0cd9414a_20240913_140553.data
190.0 150.0 17 24.003973684210532 0cd9414a_20240913_140617.data
170.0 150.0 17 24.003973684210532 0cd9414a_20240913_140641.data
150.0 150.0 17 24.1106052631579 0cd9414a_20240913_140705.data
130.0 150.0 17 24.003973684210532 0cd9414a_20240913_140729.data
110.0 150.0 17 24.003973684210532 0cd9414a_20240913_140753.data
90.0 150.0 17 24.003973684210532 0cd9414a_20240913_140817.data
70.0 150.0 17 24.003973684210532 0cd9414a_20240913_140841.data
50.0 150.0 17 24.003973684210532 0cd9414a_20240913_140905.data
30.0 150.0 17 24.003973684210532 0cd9414a_20240913_140929.data
10.0 150.0 17 24.1106052631579 0cd9414a_20240913_140953.data
10.0 170.0 17 24.003973684210532 0cd9414a_20240913_141017.data
30.0 170.0 17 24.003973684210532 0cd9414a_20240913_141041.data
50.0 170.0 17 24.1106052631579 0cd9414a_20240913_141105.data
70.0 170.0 17 24.003973684210532 0cd9414a_20240913_141129.data
90.0 170.0 17 24.003973684210532 0cd9414a_20240913_141153.data
110.0 170.0 17 24.003973684210532 0cd9414a_20240913_141217.data
130.0 170.0 17 24.1106052631579 0cd9414a_20240913_141241.data
150.0 170.0 17 24.1106052631579 0cd9414a_20240913_141305.data
170.0 170.0 17 24.1106052631579 0cd9414a_20240913_141329.data
190.0 170.0 17 24.003973684210532 0cd9414a_20240913_141353.data
210.0 170.0 17 24.003973684210532 0cd9414a_20240913_141417.data
230.0 170.0 17 24.003973684210532 0cd9414a_20240913_141441.data
250.0 170.0 17 24.1106052631579 0cd9414a_20240913_141505.data
270.0 170.0 17 24.1106052631579 0cd9414a_20240913_141529.data
290.0 170.0 17 24.003973684210532 0cd9414a_20240913_141553.data
290.0 190.0 17 24.1106052631579 0cd9414a_20240913_141617.data
270.0 190.0 17 24.003973684210532 0cd9414a_20240913_141641.data
250.0 190.0 17 24.003973684210532 0cd9414a_20240913_141705.data
230.0 190.0 17 24.1106052631579 0cd9414a_20240913_141729.data
210.0 190.0 17 24.1106052631579 0cd9414a_20240913_141753.data
190.0 190.0 17 24.003973684210532 0cd9414a_20240913_141817.data
170.0 190.0 17 24.1106052631579 0cd9414a_20240913_141841.data
150.0 190.0 17 24.003973684210532 0cd9414a_20240913_141905.data
130.0 190.0 17 24.1106052631579 0cd9414a_20240913_141929.data
110.0 190.0 17 24.003973684210532 0cd9414a_20240913_141953.data
90.0 190.0 17 24.003973684210532 0cd9414a_20240913_142017.data
70.0 190.0 17 24.003973684210532 0cd9414a_20240913_142041.data
50.0 190.0 17 24.003973684210532 0cd9414a_20240913_142105.data
30.0 190.0 17 24.1106052631579 0cd9414a_20240913_142129.data
10.0 190.0 17 24.1106052631579 0cd9414a_20240913_142153.data
10.0 210.0 17 24.322552631578947 0cd9414a_20240913_142217.data
30.0 210.0 17 24.1106052631579 0cd9414a_20240913_142241.data
50.0 210.0 17 24.216789473684212 0cd9414a_20240913_142305.data
70.0 210.0 17 24.003973684210532 0cd9414a_20240913_142329.data
90.0 210.0 17 24.1106052631579 0cd9414a_20240913_142354.data
110.0 210.0 17 24.1106052631579 0cd9414a_20240913_142418.data
130.0 210.0 17 24.003973684210532 0cd9414a_20240913_142442.data
150.0 210.0 17 24.003973684210532 0cd9414a_20240913_142506.data
170.0 210.0 17 24.1106052631579 0cd9414a_20240913_142530.data
190.0 210.0 17 24.003973684210532 0cd9414a_20240913_142554.data
210.0 210.0 17 24.1106052631579 0cd9414a_20240913_142618.data
230.0 210.0 17 24.003973684210532 0cd9414a_20240913_142642.data
250.0 210.0 17 24.003973684210532 0cd9414a_20240913_142706.data
270.0 210.0 17 24.1106052631579 0cd9414a_20240913_142730.data
290.0 210.0 17 24.1106052631579 0cd9414a_20240913_142754.data
290.0 230.0 17 24.1106052631579 0cd9414a_20240913_142818.data
270.0 230.0 17 24.1106052631579 0cd9414a_20240913_142842.data
250.0 230.0 17 24.1106052631579 0cd9414a_20240913_142906.data
230.0 230.0 17 24.003973684210532 0cd9414a_20240913_142930.data
210.0 230.0 17 24.1106052631579 0cd9414a_20240913_142954.data
190.0 230.0 17 24.003973684210532 0cd9414a_20240913_143018.data
170.0 230.0 17 24.1106052631579 0cd9414a_20240913_143042.data
150.0 230.0 17 24.003973684210532 0cd9414a_20240913_143106.data
130.0 230.0 17 24.1106052631579 0cd9414a_20240913_143130.data
110.0 230.0 17 24.1106052631579 0cd9414a_20240913_143154.data
90.0 230.0 17 24.003973684210532 0cd9414a_20240913_143218.data
70.0 230.0 17 24.322552631578947 0cd9414a_20240913_143242.data
50.0 230.0 17 24.1106052631579 0cd9414a_20240913_143306.data
30.0 230.0 17 24.216789473684212 0cd9414a_20240913_143330.data
10.0 230.0 17 24.1106052631579 0cd9414a_20240913_143354.data
10.0 250.0 17 24.1106052631579 0cd9414a_20240913_143418.data
30.0 250.0 17 24.322552631578947 0cd9414a_20240913_143442.data
50.0 250.0 17 24.003973684210532 0cd9414a_20240913_143506.data
70.0 250.0 17 24.322552631578947 0cd9414a_20240913_143530.data
90.0 250.0 17 24.322552631578947 0cd9414a_20240913_143554.data
110.0 250.0 17 24.1106052631579 0cd9414a_20240913_143618.data
130.0 250.0 17 24.1106052631579 0cd9414a_20240913_143642.data
150.0 250.0 17 24.003973684210532 0cd9414a_20240913_143706.data
170.0 250.0 17 24.003973684210532 0cd9414a_20240913_143730.data
190.0 250.0 17 24.1106052631579 0cd9414a_20240913_143754.data
210.0 250.0 17 24.1106052631579 0cd9414a_20240913_143818.data
230.0 250.0 17 24.1106052631579 0cd9414a_20240913_143842.data
250.0 250.0 17 24.1106052631579 0cd9414a_20240913_143906.data
270.0 250.0 17 24.1106052631579 0cd9414a_20240913_143930.data
290.0 250.0 17 24.1106052631579 0cd9414a_20240913_143954.data
290.0 270.0 17 24.1106052631579 0cd9414a_20240913_144018.data
270.0 270.0 17 24.1106052631579 0cd9414a_20240913_144042.data
250.0 270.0 17 24.1106052631579 0cd9414a_20240913_144106.data
230.0 270.0 17 24.1106052631579 0cd9414a_20240913_144130.data
210.0 270.0 17 24.1106052631579 0cd9414a_20240913_144154.data
190.0 270.0 17 24.1106052631579 0cd9414a_20240913_144218.data
170.0 270.0 17 24.003973684210532 0cd9414a_20240913_144242.data
150.0 270.0 17 24.1106052631579 0cd9414a_20240913_144306.data
130.0 270.0 17 24.1106052631579 0cd9414a_20240913_144330.data
110.0 270.0 17 24.1106052631579 0cd9414a_20240913_144354.data
90.0 270.0 17 24.1106052631579 0cd9414a_20240913_144418.data
70.0 270.0 17 -1 0cd9414a_20240913_144442.data
50.0 270.0 17 24.1106052631579 0cd9414a_20240913_144506.data
30.0 270.0 17 24.1106052631579 0cd9414a_20240913_144530.data
10.0 270.0 17 -1 0cd9414a_20240913_144554.data
10.0 290.0 17 24.1106052631579 0cd9414a_20240913_144618.data
30.0 290.0 17 24.1106052631579 0cd9414a_20240913_144642.data
50.0 290.0 17 -1 0cd9414a_20240913_144706.data
70.0 290.0 17 24.1106052631579 0cd9414a_20240913_144730.data
90.0 290.0 17 24.1106052631579 0cd9414a_20240913_144754.data
110.0 290.0 17 -1 0cd9414a_20240913_144818.data
130.0 290.0 17 24.1106052631579 0cd9414a_20240913_144842.data
150.0 290.0 17 24.1106052631579 0cd9414a_20240913_144906.data
170.0 290.0 17 -1 0cd9414a_20240913_144930.data
190.0 290.0 17 24.322552631578947 0cd9414a_20240913_144954.data
210.0 290.0 17 24.322552631578947 0cd9414a_20240913_145018.data
230.0 290.0 17 24.216789473684212 0cd9414a_20240913_145042.data
250.0 290.0 17 24.322552631578947 0cd9414a_20240913_145106.data
270.0 290.0 17 24.322552631578947 0cd9414a_20240913_145131.data
290.0 290.0 17 24.216789473684212 0cd9414a_20240913_145155.data
290.0 310.0 17 24.216789473684212 0cd9414a_20240913_145219.data
270.0 310.0 17 24.322552631578947 0cd9414a_20240913_145243.data
250.0 310.0 17 24.322552631578947 0cd9414a_20240913_145307.data
230.0 310.0 17 24.322552631578947 0cd9414a_20240913_145331.data
210.0 310.0 17 24.216789473684212 0cd9414a_20240913_145355.data
190.0 310.0 17 24.322552631578947 0cd9414a_20240913_145419.data
170.0 310.0 17 24.322552631578947 0cd9414a_20240913_145443.data
150.0 310.0 17 24.322552631578947 0cd9414a_20240913_145507.data
130.0 310.0 17 24.322552631578947 0cd9414a_20240913_145531.data
110.0 310.0 17 24.322552631578947 0cd9414a_20240913_145555.data
90.0 310.0 17 24.322552631578947 0cd9414a_20240913_145619.data
70.0 310.0 17 24.322552631578947 0cd9414a_20240913_145643.data
50.0 310.0 17 24.216789473684212 0cd9414a_20240913_145707.data
30.0 310.0 17 24.216789473684212 0cd9414a_20240913_145731.data
10.0 310.0 17 24.322552631578947 0cd9414a_20240913_145755.data
10.0 330.0 17 24.322552631578947 0cd9414a_20240913_145819.data
30.0 330.0 17 24.322552631578947 0cd9414a_20240913_145843.data
50.0 330.0 17 24.322552631578947 0cd9414a_20240913_145907.data
70.0 330.0 17 24.322552631578947 0cd9414a_20240913_145931.data
90.0 330.0 17 24.322552631578947 0cd9414a_20240913_145955.data
110.0 330.0 17 24.322552631578947 0cd9414a_20240913_150019.data
130.0 330.0 17 24.322552631578947 0cd9414a_20240913_150043.data
150.0 330.0 17 24.322552631578947 0cd9414a_20240913_150107.data
170.0 330.0 17 24.322552631578947 0cd9414a_20240913_150131.data
190.0 330.0 17 24.322552631578947 0cd9414a_20240913_150155.data
210.0 330.0 17 24.322552631578947 0cd9414a_20240913_150219.data
230.0 330.0 17 24.322552631578947 0cd9414a_20240913_150243.data
250.0 330.0 17 24.216789473684212 0cd9414a_20240913_150307.data
270.0 330.0 17 24.322552631578947 0cd9414a_20240913_150331.data
290.0 330.0 17 24.322552631578947 0cd9414a_20240913_150355.data
10.0 350.0 17 24.322552631578947 0cd9414a_20240913_151356.data
30.0 350.0 17 24.322552631578947 0cd9414a_20240913_151420.data
50.0 350.0 17 24.216789473684212 0cd9414a_20240913_151444.data
70.0 350.0 17 24.322552631578947 0cd9414a_20240913_151508.data
90.0 350.0 17 24.1106052631579 0cd9414a_20240913_151532.data
110.0 350.0 17 24.322552631578947 0cd9414a_20240913_151556.data
130.0 350.0 17 24.322552631578947 0cd9414a_20240913_151620.data
150.0 350.0 17 24.322552631578947 0cd9414a_20240913_151644.data
170.0 350.0 17 24.322552631578947 0cd9414a_20240913_151708.data
190.0 350.0 17 24.216789473684212 0cd9414a_20240913_151732.data
210.0 350.0 17 24.322552631578947 0cd9414a_20240913_151756.data
230.0 350.0 17 24.322552631578947 0cd9414a_20240913_151820.data
250.0 350.0 17 24.322552631578947 0cd9414a_20240913_151844.data
270.0 350.0 17 24.322552631578947 0cd9414a_20240913_151908.data
290.0 350.0 17 24.216789473684212 0cd9414a_20240913_151932.data
290.0 370.0 17 24.322552631578947 0cd9414a_20240913_151956.data
270.0 370.0 17 24.216789473684212 0cd9414a_20240913_152020.data
250.0 370.0 17 24.322552631578947 0cd9414a_20240913_152044.data
230.0 370.0 17 24.322552631578947 0cd9414a_20240913_152108.data
210.0 370.0 17 24.322552631578947 0cd9414a_20240913_152132.data
190.0 370.0 17 24.322552631578947 0cd9414a_20240913_152156.data
170.0 370.0 17 24.322552631578947 0cd9414a_20240913_152220.data
150.0 370.0 17 24.322552631578947 0cd9414a_20240913_152244.data
130.0 370.0 17 24.216789473684212 0cd9414a_20240913_152308.data
110.0 370.0 17 24.322552631578947 0cd9414a_20240913_152332.data
90.0 370.0 17 24.322552631578947 0cd9414a_20240913_152356.data
70.0 370.0 17 24.216789473684212 0cd9414a_20240913_152420.data
50.0 370.0 17 24.216789473684212 0cd9414a_20240913_152444.data
30.0 370.0 17 24.216789473684212 0cd9414a_20240913_152508.data
10.0 370.0 17 24.322552631578947 0cd9414a_20240913_152532.data
10.0 390.0 17 24.322552631578947 0cd9414a_20240913_152556.data
30.0 390.0 17 24.322552631578947 0cd9414a_20240913_152620.data
50.0 390.0 17 24.322552631578947 0cd9414a_20240913_152644.data
70.0 390.0 17 24.322552631578947 0cd9414a_20240913_152708.data
90.0 390.0 17 24.322552631578947 0cd9414a_20240913_152732.data
110.0 390.0 17 24.322552631578947 0cd9414a_20240913_152756.data
130.0 390.0 17 24.322552631578947 0cd9414a_20240913_152820.data
150.0 390.0 17 24.322552631578947 0cd9414a_20240913_152844.data
170.0 390.0 17 24.322552631578947 0cd9414a_20240913_152909.data
190.0 390.0 17 24.322552631578947 0cd9414a_20240913_152933.data
210.0 390.0 17 24.322552631578947 0cd9414a_20240913_152957.data
230.0 390.0 17 24.216789473684212 0cd9414a_20240913_153021.data
250.0 390.0 17 24.216789473684212 0cd9414a_20240913_153045.data
270.0 390.0 17 24.322552631578947 0cd9414a_20240913_153109.data
290.0 390.0 17 24.322552631578947 0cd9414a_20240913_153133.data
290.0 410.0 17 24.322552631578947 0cd9414a_20240913_153157.data
270.0 410.0 17 24.216789473684212 0cd9414a_20240913_153221.data
250.0 410.0 17 24.322552631578947 0cd9414a_20240913_153245.data
230.0 410.0 17 24.322552631578947 0cd9414a_20240913_153309.data
210.0 410.0 17 24.216789473684212 0cd9414a_20240913_153333.data
190.0 410.0 17 24.322552631578947 0cd9414a_20240913_153357.data
170.0 410.0 17 24.216789473684212 0cd9414a_20240913_153421.data
150.0 410.0 17 24.322552631578947 0cd9414a_20240913_153445.data
130.0 410.0 17 24.216789473684212 0cd9414a_20240913_153509.data
110.0 410.0 17 24.322552631578947 0cd9414a_20240913_153533.data
90.0 410.0 17 24.322552631578947 0cd9414a_20240913_153557.data
70.0 410.0 17 24.322552631578947 0cd9414a_20240913_153621.data
50.0 410.0 17 24.216789473684212 0cd9414a_20240913_153645.data
30.0 410.0 17 24.322552631578947 0cd9414a_20240913_153709.data
10.0 410.0 17 24.216789473684212 0cd9414a_20240913_153733.data
10.0 430.0 17 24.322552631578947 0cd9414a_20240913_153757.data
30.0 430.0 17 24.216789473684212 0cd9414a_20240913_153821.data
50.0 430.0 17 24.216789473684212 0cd9414a_20240913_153845.data
70.0 430.0 17 24.216789473684212 0cd9414a_20240913_153909.data
90.0 430.0 17 24.322552631578947 0cd9414a_20240913_153933.data
110.0 430.0 17 24.216789473684212 0cd9414a_20240913_153957.data
130.0 430.0 17 24.322552631578947 0cd9414a_20240913_154021.data
150.0 430.0 17 24.216789473684212 0cd9414a_20240913_154045.data
170.0 430.0 17 24.216789473684212 0cd9414a_20240913_154109.data
190.0 430.0 17 24.216789473684212 0cd9414a_20240913_154133.data
210.0 430.0 17 24.322552631578947 0cd9414a_20240913_154157.data
230.0 430.0 17 24.322552631578947 0cd9414a_20240913_154221.data
250.0 430.0 17 24.322552631578947 0cd9414a_20240913_154245.data
270.0 430.0 17 24.216789473684212 0cd9414a_20240913_154309.data
290.0 430.0 17 24.322552631578947 0cd9414a_20240913_154333.data
290.0 450.0 17 24.322552631578947 0cd9414a_20240913_154357.data
270.0 450.0 17 24.322552631578947 0cd9414a_20240913_154421.data
250.0 450.0 17 24.216789473684212 0cd9414a_20240913_154445.data
230.0 450.0 17 24.427921052631582 0cd9414a_20240913_154509.data
210.0 450.0 17 24.216789473684212 0cd9414a_20240913_154533.data
190.0 450.0 17 24.322552631578947 0cd9414a_20240913_154557.data
170.0 450.0 17 24.322552631578947 0cd9414a_20240913_154621.data
150.0 450.0 17 24.322552631578947 0cd9414a_20240913_154645.data
130.0 450.0 17 24.216789473684212 0cd9414a_20240913_154709.data
110.0 450.0 17 24.322552631578947 0cd9414a_20240913_154733.data
90.0 450.0 17 24.322552631578947 0cd9414a_20240913_154757.data
70.0 450.0 17 24.322552631578947 0cd9414a_20240913_154821.data
50.0 450.0 17 24.216789473684212 0cd9414a_20240913_154845.data
30.0 450.0 17 24.322552631578947 0cd9414a_20240913_154909.data
10.0 450.0 17 24.216789473684212 0cd9414a_20240913_154933.data
10.0 470.0 17 24.322552631578947 0cd9414a_20240913_154957.data
30.0 470.0 17 24.216789473684212 0cd9414a_20240913_155021.data
50.0 470.0 17 24.322552631578947 0cd9414a_20240913_155045.data
70.0 470.0 17 24.322552631578947 0cd9414a_20240913_155109.data
90.0 470.0 17 24.322552631578947 0cd9414a_20240913_155133.data
110.0 470.0 17 24.322552631578947 0cd9414a_20240913_155157.data
130.0 470.0 17 24.322552631578947 0cd9414a_20240913_155221.data
150.0 470.0 17 24.216789473684212 0cd9414a_20240913_155245.data
170.0 470.0 17 24.322552631578947 0cd9414a_20240913_155309.data
190.0 470.0 17 24.322552631578947 0cd9414a_20240913_155333.data
210.0 470.0 17 24.322552631578947 0cd9414a_20240913_155357.data
230.0 470.0 17 24.322552631578947 0cd9414a_20240913_155421.data
250.0 470.0 17 24.322552631578947 0cd9414a_20240913_155445.data
270.0 470.0 17 24.322552631578947 0cd9414a_20240913_155509.data
290.0 470.0 17 24.322552631578947 0cd9414a_20240913_155533.data
