-1 -1 -1 25.180334801762115 0cd9414a_20240819_122227.data
10.0 10.0 17 25.06022466960353 0cd9414a_20240819_122306.data
30.0 10.0 17 24.948500000000003 0cd9414a_20240819_122330.data
50.0 10.0 17 25.06022466960353 0cd9414a_20240819_122354.data
70.0 10.0 17 24.948500000000003 0cd9414a_20240819_122418.data
90.0 10.0 17 25.06022466960353 0cd9414a_20240819_122442.data
110.0 10.0 17 25.06022466960353 0cd9414a_20240819_122506.data
130.0 10.0 17 25.06022466960353 0cd9414a_20240819_122530.data
150.0 10.0 17 25.180334801762115 0cd9414a_20240819_122554.data
170.0 10.0 17 24.845210526315793 0cd9414a_20240819_122618.data
190.0 10.0 17 25.180334801762115 0cd9414a_20240819_122642.data
210.0 10.0 17 25.180334801762115 0cd9414a_20240819_122706.data
230.0 10.0 17 25.06022466960353 0cd9414a_20240819_122730.data
250.0 10.0 17 24.948500000000003 0cd9414a_20240819_122754.data
270.0 10.0 17 25.180334801762115 0cd9414a_20240819_122818.data
290.0 10.0 17 25.06022466960353 0cd9414a_20240819_122842.data
290.0 30.0 17 25.06022466960353 0cd9414a_20240819_122906.data
270.0 30.0 17 25.06022466960353 0cd9414a_20240819_122931.data
250.0 30.0 17 24.741500000000002 0cd9414a_20240819_122954.data
230.0 30.0 17 25.180334801762115 0cd9414a_20240819_123019.data
210.0 30.0 17 25.180334801762115 0cd9414a_20240819_123043.data
190.0 30.0 17 25.06022466960353 0cd9414a_20240819_123107.data
170.0 30.0 17 25.06022466960353 0cd9414a_20240819_123131.data
150.0 30.0 17 25.06022466960353 0cd9414a_20240819_123155.data
130.0 30.0 17 25.06022466960353 0cd9414a_20240819_123219.data
110.0 30.0 17 24.845210526315793 0cd9414a_20240819_123243.data
90.0 30.0 17 25.06022466960353 0cd9414a_20240819_123307.data
70.0 30.0 17 25.180334801762115 0cd9414a_20240819_123331.data
50.0 30.0 17 25.06022466960353 0cd9414a_20240819_123355.data
30.0 30.0 17 25.06022466960353 0cd9414a_20240819_123419.data
10.0 30.0 17 25.06022466960353 0cd9414a_20240819_123443.data
10.0 50.0 17 24.741500000000002 0cd9414a_20240819_123507.data
30.0 50.0 17 25.180334801762115 0cd9414a_20240819_123531.data
50.0 50.0 17 25.06022466960353 0cd9414a_20240819_123555.data
70.0 50.0 17 25.06022466960353 0cd9414a_20240819_123619.data
90.0 50.0 17 24.845210526315793 0cd9414a_20240819_123643.data
110.0 50.0 17 24.948500000000003 0cd9414a_20240819_123707.data
130.0 50.0 17 25.180334801762115 0cd9414a_20240819_123731.data
150.0 50.0 17 25.180334801762115 0cd9414a_20240819_123755.data
170.0 50.0 17 24.948500000000003 0cd9414a_20240819_123819.data
190.0 50.0 17 25.180334801762115 0cd9414a_20240819_123843.data
210.0 50.0 17 25.06022466960353 0cd9414a_20240819_123907.data
230.0 50.0 17 25.06022466960353 0cd9414a_20240819_123931.data
250.0 50.0 17 24.948500000000003 0cd9414a_20240819_123955.data
270.0 50.0 17 25.06022466960353 0cd9414a_20240819_124019.data
290.0 50.0 17 25.06022466960353 0cd9414a_20240819_124043.data
290.0 70.0 17 24.948500000000003 0cd9414a_20240819_124107.data
270.0 70.0 17 25.06022466960353 0cd9414a_20240819_124131.data
250.0 70.0 17 25.06022466960353 0cd9414a_20240819_124155.data
230.0 70.0 17 24.948500000000003 0cd9414a_20240819_124219.data
210.0 70.0 17 25.06022466960353 0cd9414a_20240819_124243.data
190.0 70.0 17 24.948500000000003 0cd9414a_20240819_124307.data
170.0 70.0 17 24.948500000000003 0cd9414a_20240819_124331.data
150.0 70.0 17 25.06022466960353 0cd9414a_20240819_124355.data
130.0 70.0 17 25.06022466960353 0cd9414a_20240819_124419.data
110.0 70.0 17 24.948500000000003 0cd9414a_20240819_124443.data
90.0 70.0 17 25.06022466960353 0cd9414a_20240819_124507.data
70.0 70.0 17 24.845210526315793 0cd9414a_20240819_124531.data
50.0 70.0 17 25.06022466960353 0cd9414a_20240819_124555.data
30.0 70.0 17 25.06022466960353 0cd9414a_20240819_124619.data
10.0 70.0 17 25.06022466960353 0cd9414a_20240819_124643.data
10.0 90.0 17 25.180334801762115 0cd9414a_20240819_124707.data
30.0 90.0 17 24.948500000000003 0cd9414a_20240819_124731.data
50.0 90.0 17 25.06022466960353 0cd9414a_20240819_124755.data
70.0 90.0 17 25.06022466960353 0cd9414a_20240819_124819.data
90.0 90.0 17 24.845210526315793 0cd9414a_20240819_124843.data
110.0 90.0 17 25.06022466960353 0cd9414a_20240819_124907.data
130.0 90.0 17 25.06022466960353 0cd9414a_20240819_124931.data
150.0 90.0 17 24.845210526315793 0cd9414a_20240819_124955.data
170.0 90.0 17 25.06022466960353 0cd9414a_20240819_125019.data
190.0 90.0 17 25.180334801762115 0cd9414a_20240819_125043.data
210.0 90.0 17 24.948500000000003 0cd9414a_20240819_125107.data
230.0 90.0 17 25.06022466960353 0cd9414a_20240819_125131.data
250.0 90.0 17 25.06022466960353 0cd9414a_20240819_125155.data
270.0 90.0 17 25.06022466960353 0cd9414a_20240819_125219.data
290.0 90.0 17 25.06022466960353 0cd9414a_20240819_125243.data
290.0 110.0 17 25.06022466960353 0cd9414a_20240819_125307.data
270.0 110.0 17 25.06022466960353 0cd9414a_20240819_125331.data
250.0 110.0 17 24.845210526315793 0cd9414a_20240819_125355.data
230.0 110.0 17 25.06022466960353 0cd9414a_20240819_125419.data
210.0 110.0 17 25.06022466960353 0cd9414a_20240819_125443.data
190.0 110.0 17 24.948500000000003 0cd9414a_20240819_125507.data
170.0 110.0 17 24.845210526315793 0cd9414a_20240819_125531.data
150.0 110.0 17 24.948500000000003 0cd9414a_20240819_125555.data
130.0 110.0 17 25.06022466960353 0cd9414a_20240819_125619.data
110.0 110.0 17 25.06022466960353 0cd9414a_20240819_125643.data
90.0 110.0 17 24.845210526315793 0cd9414a_20240819_125707.data
70.0 110.0 17 25.06022466960353 0cd9414a_20240819_125731.data
50.0 110.0 17 25.06022466960353 0cd9414a_20240819_125755.data
30.0 110.0 17 24.948500000000003 0cd9414a_20240819_125819.data
10.0 110.0 17 25.06022466960353 0cd9414a_20240819_125843.data
10.0 130.0 17 25.06022466960353 0cd9414a_20240819_125907.data
30.0 130.0 17 25.06022466960353 0cd9414a_20240819_125931.data
50.0 130.0 17 24.845210526315793 0cd9414a_20240819_125955.data
70.0 130.0 17 25.06022466960353 0cd9414a_20240819_130019.data
90.0 130.0 17 25.06022466960353 0cd9414a_20240819_130043.data
110.0 130.0 17 25.06022466960353 0cd9414a_20240819_130107.data
130.0 130.0 17 25.06022466960353 0cd9414a_20240819_130131.data
150.0 130.0 17 25.06022466960353 0cd9414a_20240819_130155.data
170.0 130.0 17 25.06022466960353 0cd9414a_20240819_130220.data
190.0 130.0 17 25.06022466960353 0cd9414a_20240819_130244.data
210.0 130.0 17 25.06022466960353 0cd9414a_20240819_130308.data
230.0 130.0 17 25.06022466960353 0cd9414a_20240819_130332.data
250.0 130.0 17 24.741500000000002 0cd9414a_20240819_130356.data
270.0 130.0 17 25.06022466960353 0cd9414a_20240819_130420.data
290.0 130.0 17 25.06022466960353 0cd9414a_20240819_130444.data
290.0 150.0 17 25.06022466960353 0cd9414a_20240819_130508.data
270.0 150.0 17 24.845210526315793 0cd9414a_20240819_130532.data
250.0 150.0 17 24.845210526315793 0cd9414a_20240819_130556.data
230.0 150.0 17 25.06022466960353 0cd9414a_20240819_130620.data
210.0 150.0 17 25.06022466960353 0cd9414a_20240819_130644.data
190.0 150.0 17 24.741500000000002 0cd9414a_20240819_130708.data
170.0 150.0 17 24.948500000000003 0cd9414a_20240819_130732.data
150.0 150.0 17 24.948500000000003 0cd9414a_20240819_130756.data
130.0 150.0 17 24.948500000000003 0cd9414a_20240819_130820.data
110.0 150.0 17 24.948500000000003 0cd9414a_20240819_130844.data
90.0 150.0 17 24.948500000000003 0cd9414a_20240819_130908.data
70.0 150.0 17 24.948500000000003 0cd9414a_20240819_130932.data
50.0 150.0 17 24.948500000000003 0cd9414a_20240819_130956.data
30.0 150.0 17 24.948500000000003 0cd9414a_20240819_131020.data
10.0 150.0 17 24.948500000000003 0cd9414a_20240819_131044.data
10.0 170.0 17 24.948500000000003 0cd9414a_20240819_131108.data
30.0 170.0 17 24.845210526315793 0cd9414a_20240819_131132.data
50.0 170.0 17 24.845210526315793 0cd9414a_20240819_131156.data
70.0 170.0 17 24.845210526315793 0cd9414a_20240819_131220.data
90.0 170.0 17 24.948500000000003 0cd9414a_20240819_131244.data
110.0 170.0 17 24.948500000000003 0cd9414a_20240819_131308.data
130.0 170.0 17 24.845210526315793 0cd9414a_20240819_131332.data
150.0 170.0 17 24.948500000000003 0cd9414a_20240819_131356.data
170.0 170.0 17 24.948500000000003 0cd9414a_20240819_131420.data
190.0 170.0 17 24.948500000000003 0cd9414a_20240819_131444.data
210.0 170.0 17 24.948500000000003 0cd9414a_20240819_131508.data
230.0 170.0 17 24.948500000000003 0cd9414a_20240819_131532.data
250.0 170.0 17 24.948500000000003 0cd9414a_20240819_131556.data
270.0 170.0 17 24.948500000000003 0cd9414a_20240819_131620.data
290.0 170.0 17 24.948500000000003 0cd9414a_20240819_131644.data
290.0 190.0 17 24.948500000000003 0cd9414a_20240819_131708.data
270.0 190.0 17 24.845210526315793 0cd9414a_20240819_131732.data
250.0 190.0 17 24.948500000000003 0cd9414a_20240819_131756.data
230.0 190.0 17 24.948500000000003 0cd9414a_20240819_131820.data
210.0 190.0 17 24.948500000000003 0cd9414a_20240819_131844.data
190.0 190.0 17 24.948500000000003 0cd9414a_20240819_131908.data
170.0 190.0 17 24.948500000000003 0cd9414a_20240819_131932.data
150.0 190.0 17 24.948500000000003 0cd9414a_20240819_131956.data
130.0 190.0 17 24.948500000000003 0cd9414a_20240819_132020.data
110.0 190.0 17 24.948500000000003 0cd9414a_20240819_132044.data
90.0 190.0 17 24.948500000000003 0cd9414a_20240819_132108.data
70.0 190.0 17 24.948500000000003 0cd9414a_20240819_132132.data
50.0 190.0 17 24.948500000000003 0cd9414a_20240819_132156.data
30.0 190.0 17 24.948500000000003 0cd9414a_20240819_132220.data
10.0 190.0 17 24.948500000000003 0cd9414a_20240819_132244.data
10.0 210.0 17 24.948500000000003 0cd9414a_20240819_132308.data
30.0 210.0 17 24.948500000000003 0cd9414a_20240819_132332.data
50.0 210.0 17 24.948500000000003 0cd9414a_20240819_132356.data
70.0 210.0 17 24.948500000000003 0cd9414a_20240819_132420.data
90.0 210.0 17 24.845210526315793 0cd9414a_20240819_132444.data
110.0 210.0 17 24.948500000000003 0cd9414a_20240819_132508.data
130.0 210.0 17 24.948500000000003 0cd9414a_20240819_132532.data
150.0 210.0 17 24.948500000000003 0cd9414a_20240819_132556.data
170.0 210.0 17 24.948500000000003 0cd9414a_20240819_132620.data
190.0 210.0 17 24.948500000000003 0cd9414a_20240819_132644.data
210.0 210.0 17 24.948500000000003 0cd9414a_20240819_132708.data
230.0 210.0 17 24.948500000000003 0cd9414a_20240819_132732.data
250.0 210.0 17 24.948500000000003 0cd9414a_20240819_132756.data
270.0 210.0 17 24.845210526315793 0cd9414a_20240819_132820.data
290.0 210.0 17 24.845210526315793 0cd9414a_20240819_132844.data
290.0 230.0 17 24.948500000000003 0cd9414a_20240819_132908.data
270.0 230.0 17 24.948500000000003 0cd9414a_20240819_132932.data
250.0 230.0 17 24.845210526315793 0cd9414a_20240819_132956.data
230.0 230.0 17 24.948500000000003 0cd9414a_20240819_133020.data
210.0 230.0 17 24.948500000000003 0cd9414a_20240819_133044.data
190.0 230.0 17 24.845210526315793 0cd9414a_20240819_133108.data
170.0 230.0 17 24.948500000000003 0cd9414a_20240819_133132.data
150.0 230.0 17 24.845210526315793 0cd9414a_20240819_133156.data
130.0 230.0 17 24.845210526315793 0cd9414a_20240819_133220.data
110.0 230.0 17 24.845210526315793 0cd9414a_20240819_133244.data
90.0 230.0 17 24.948500000000003 0cd9414a_20240819_133308.data
70.0 230.0 17 24.948500000000003 0cd9414a_20240819_133332.data
50.0 230.0 17 24.845210526315793 0cd9414a_20240819_133356.data
30.0 230.0 17 24.845210526315793 0cd9414a_20240819_133420.data
10.0 230.0 17 24.845210526315793 0cd9414a_20240819_133444.data
10.0 250.0 17 24.948500000000003 0cd9414a_20240819_133508.data
30.0 250.0 17 24.948500000000003 0cd9414a_20240819_133532.data
50.0 250.0 17 24.948500000000003 0cd9414a_20240819_133557.data
70.0 250.0 17 24.948500000000003 0cd9414a_20240819_133621.data
90.0 250.0 17 24.948500000000003 0cd9414a_20240819_133645.data
110.0 250.0 17 24.948500000000003 0cd9414a_20240819_133709.data
130.0 250.0 17 24.845210526315793 0cd9414a_20240819_133733.data
150.0 250.0 17 24.948500000000003 0cd9414a_20240819_133757.data
170.0 250.0 17 24.845210526315793 0cd9414a_20240819_133821.data
190.0 250.0 17 24.845210526315793 0cd9414a_20240819_133845.data
210.0 250.0 17 24.948500000000003 0cd9414a_20240819_133909.data
230.0 250.0 17 24.845210526315793 0cd9414a_20240819_133933.data
250.0 250.0 17 24.948500000000003 0cd9414a_20240819_133957.data
270.0 250.0 17 24.845210526315793 0cd9414a_20240819_134021.data
290.0 250.0 17 24.948500000000003 0cd9414a_20240819_134045.data
290.0 270.0 17 24.948500000000003 0cd9414a_20240819_134109.data
270.0 270.0 17 24.948500000000003 0cd9414a_20240819_134133.data
250.0 270.0 17 24.948500000000003 0cd9414a_20240819_134157.data
230.0 270.0 17 24.845210526315793 0cd9414a_20240819_134221.data
210.0 270.0 17 24.845210526315793 0cd9414a_20240819_134245.data
190.0 270.0 17 24.948500000000003 0cd9414a_20240819_134309.data
170.0 270.0 17 24.845210526315793 0cd9414a_20240819_134333.data
150.0 270.0 17 24.948500000000003 0cd9414a_20240819_134357.data
130.0 270.0 17 24.845210526315793 0cd9414a_20240819_134421.data
110.0 270.0 17 24.948500000000003 0cd9414a_20240819_134445.data
90.0 270.0 17 24.948500000000003 0cd9414a_20240819_134509.data
70.0 270.0 17 24.948500000000003 0cd9414a_20240819_134533.data
50.0 270.0 17 24.948500000000003 0cd9414a_20240819_134557.data
30.0 270.0 17 24.948500000000003 0cd9414a_20240819_134621.data
10.0 270.0 17 24.845210526315793 0cd9414a_20240819_134645.data
10.0 290.0 17 24.845210526315793 0cd9414a_20240819_134709.data
30.0 290.0 17 24.948500000000003 0cd9414a_20240819_134733.data
50.0 290.0 17 24.948500000000003 0cd9414a_20240819_134757.data
70.0 290.0 17 24.845210526315793 0cd9414a_20240819_134821.data
90.0 290.0 17 24.948500000000003 0cd9414a_20240819_134845.data
110.0 290.0 17 -1 0cd9414a_20240819_134909.data
130.0 290.0 17 24.948500000000003 0cd9414a_20240819_134933.data
150.0 290.0 17 24.948500000000003 0cd9414a_20240819_134957.data
170.0 290.0 17 -1 0cd9414a_20240819_135021.data
190.0 290.0 17 24.948500000000003 0cd9414a_20240819_135045.data
210.0 290.0 17 24.948500000000003 0cd9414a_20240819_135109.data
230.0 290.0 17 -1 0cd9414a_20240819_135133.data
250.0 290.0 17 24.845210526315793 0cd9414a_20240819_135157.data
270.0 290.0 17 24.948500000000003 0cd9414a_20240819_135221.data
290.0 290.0 17 -1 0cd9414a_20240819_135245.data
290.0 310.0 17 24.948500000000003 0cd9414a_20240819_135309.data
270.0 310.0 17 24.948500000000003 0cd9414a_20240819_135333.data
250.0 310.0 17 -1 0cd9414a_20240819_135357.data
230.0 310.0 17 25.06022466960353 0cd9414a_20240819_135421.data
210.0 310.0 17 25.06022466960353 0cd9414a_20240819_135445.data
190.0 310.0 17 25.06022466960353 0cd9414a_20240819_135509.data
170.0 310.0 17 25.06022466960353 0cd9414a_20240819_135533.data
150.0 310.0 17 25.180334801762115 0cd9414a_20240819_135557.data
130.0 310.0 17 25.180334801762115 0cd9414a_20240819_135621.data
110.0 310.0 17 25.06022466960353 0cd9414a_20240819_135645.data
90.0 310.0 17 25.180334801762115 0cd9414a_20240819_135709.data
70.0 310.0 17 25.06022466960353 0cd9414a_20240819_135733.data
50.0 310.0 17 25.06022466960353 0cd9414a_20240819_135757.data
30.0 310.0 17 25.180334801762115 0cd9414a_20240819_135821.data
10.0 310.0 17 25.06022466960353 0cd9414a_20240819_135845.data
10.0 330.0 17 25.06022466960353 0cd9414a_20240819_135909.data
30.0 330.0 17 25.06022466960353 0cd9414a_20240819_135933.data
50.0 330.0 17 25.180334801762115 0cd9414a_20240819_135957.data
70.0 330.0 17 25.06022466960353 0cd9414a_20240819_140021.data
90.0 330.0 17 25.06022466960353 0cd9414a_20240819_140045.data
110.0 330.0 17 25.180334801762115 0cd9414a_20240819_140109.data
130.0 330.0 17 25.180334801762115 0cd9414a_20240819_140133.data
150.0 330.0 17 25.06022466960353 0cd9414a_20240819_140157.data
170.0 330.0 17 25.180334801762115 0cd9414a_20240819_140221.data
190.0 330.0 17 25.06022466960353 0cd9414a_20240819_140245.data
210.0 330.0 17 25.180334801762115 0cd9414a_20240819_140309.data
230.0 330.0 17 25.180334801762115 0cd9414a_20240819_140333.data
250.0 330.0 17 25.06022466960353 0cd9414a_20240819_140357.data
270.0 330.0 17 25.299982378854633 0cd9414a_20240819_140421.data
290.0 330.0 17 25.06022466960353 0cd9414a_20240819_140445.data
10.0 350.0 17 25.180334801762115 0cd9414a_20240819_141400.data
30.0 350.0 17 25.180334801762115 0cd9414a_20240819_141424.data
50.0 350.0 17 25.180334801762115 0cd9414a_20240819_141448.data
70.0 350.0 17 25.180334801762115 0cd9414a_20240819_141512.data
90.0 350.0 17 25.180334801762115 0cd9414a_20240819_141536.data
110.0 350.0 17 25.180334801762115 0cd9414a_20240819_141600.data
130.0 350.0 17 25.06022466960353 0cd9414a_20240819_141624.data
150.0 350.0 17 25.180334801762115 0cd9414a_20240819_141648.data
170.0 350.0 17 25.180334801762115 0cd9414a_20240819_141713.data
190.0 350.0 17 25.180334801762115 0cd9414a_20240819_141737.data
210.0 350.0 17 25.180334801762115 0cd9414a_20240819_141801.data
230.0 350.0 17 25.180334801762115 0cd9414a_20240819_141825.data
250.0 350.0 17 25.06022466960353 0cd9414a_20240819_141849.data
270.0 350.0 17 25.180334801762115 0cd9414a_20240819_141913.data
290.0 350.0 17 25.180334801762115 0cd9414a_20240819_141937.data
290.0 370.0 17 25.06022466960353 0cd9414a_20240819_142001.data
270.0 370.0 17 25.06022466960353 0cd9414a_20240819_142025.data
250.0 370.0 17 25.180334801762115 0cd9414a_20240819_142049.data
230.0 370.0 17 25.180334801762115 0cd9414a_20240819_142113.data
210.0 370.0 17 25.180334801762115 0cd9414a_20240819_142137.data
190.0 370.0 17 25.180334801762115 0cd9414a_20240819_142201.data
170.0 370.0 17 25.06022466960353 0cd9414a_20240819_142225.data
150.0 370.0 17 25.180334801762115 0cd9414a_20240819_142249.data
130.0 370.0 17 25.180334801762115 0cd9414a_20240819_142313.data
110.0 370.0 17 25.180334801762115 0cd9414a_20240819_142337.data
90.0 370.0 17 25.180334801762115 0cd9414a_20240819_142401.data
70.0 370.0 17 25.06022466960353 0cd9414a_20240819_142425.data
50.0 370.0 17 25.06022466960353 0cd9414a_20240819_142449.data
30.0 370.0 17 25.06022466960353 0cd9414a_20240819_142513.data
10.0 370.0 17 25.06022466960353 0cd9414a_20240819_142537.data
10.0 390.0 17 25.06022466960353 0cd9414a_20240819_142601.data
30.0 390.0 17 25.180334801762115 0cd9414a_20240819_142625.data
50.0 390.0 17 25.06022466960353 0cd9414a_20240819_142649.data
70.0 390.0 17 25.180334801762115 0cd9414a_20240819_142713.data
90.0 390.0 17 25.180334801762115 0cd9414a_20240819_142737.data
110.0 390.0 17 25.180334801762115 0cd9414a_20240819_142801.data
130.0 390.0 17 25.180334801762115 0cd9414a_20240819_142825.data
150.0 390.0 17 25.180334801762115 0cd9414a_20240819_142849.data
170.0 390.0 17 25.180334801762115 0cd9414a_20240819_142913.data
190.0 390.0 17 25.180334801762115 0cd9414a_20240819_142937.data
210.0 390.0 17 25.180334801762115 0cd9414a_20240819_143001.data
230.0 390.0 17 25.180334801762115 0cd9414a_20240819_143025.data
250.0 390.0 17 25.180334801762115 0cd9414a_20240819_143049.data
270.0 390.0 17 25.180334801762115 0cd9414a_20240819_143113.data
290.0 390.0 17 25.06022466960353 0cd9414a_20240819_143137.data
290.0 410.0 17 25.06022466960353 0cd9414a_20240819_143201.data
270.0 410.0 17 25.180334801762115 0cd9414a_20240819_143225.data
250.0 410.0 17 25.180334801762115 0cd9414a_20240819_143249.data
230.0 410.0 17 25.180334801762115 0cd9414a_20240819_143313.data
210.0 410.0 17 25.180334801762115 0cd9414a_20240819_143337.data
190.0 410.0 17 25.180334801762115 0cd9414a_20240819_143401.data
170.0 410.0 17 25.06022466960353 0cd9414a_20240819_143425.data
150.0 410.0 17 25.06022466960353 0cd9414a_20240819_143449.data
130.0 410.0 17 25.180334801762115 0cd9414a_20240819_143513.data
110.0 410.0 17 25.180334801762115 0cd9414a_20240819_143537.data
90.0 410.0 17 25.419136563876656 0cd9414a_20240819_143601.data
70.0 410.0 17 25.180334801762115 0cd9414a_20240819_143625.data
50.0 410.0 17 25.180334801762115 0cd9414a_20240819_143649.data
30.0 410.0 17 24.948500000000003 0cd9414a_20240819_143713.data
10.0 410.0 17 25.06022466960353 0cd9414a_20240819_143737.data
10.0 430.0 17 25.06022466960353 0cd9414a_20240819_143801.data
30.0 430.0 17 25.180334801762115 0cd9414a_20240819_143825.data
50.0 430.0 17 25.180334801762115 0cd9414a_20240819_143849.data
70.0 430.0 17 25.180334801762115 0cd9414a_20240819_143913.data
90.0 430.0 17 25.06022466960353 0cd9414a_20240819_143937.data
110.0 430.0 17 25.06022466960353 0cd9414a_20240819_144001.data
130.0 430.0 17 25.180334801762115 0cd9414a_20240819_144025.data
150.0 430.0 17 25.180334801762115 0cd9414a_20240819_144049.data
170.0 430.0 17 25.180334801762115 0cd9414a_20240819_144113.data
190.0 430.0 17 25.180334801762115 0cd9414a_20240819_144137.data
210.0 430.0 17 25.180334801762115 0cd9414a_20240819_144201.data
230.0 430.0 17 25.180334801762115 0cd9414a_20240819_144225.data
250.0 430.0 17 25.180334801762115 0cd9414a_20240819_144249.data
270.0 430.0 17 25.180334801762115 0cd9414a_20240819_144313.data
290.0 430.0 17 25.180334801762115 0cd9414a_20240819_144337.data
290.0 450.0 17 25.180334801762115 0cd9414a_20240819_144401.data
270.0 450.0 17 25.180334801762115 0cd9414a_20240819_144425.data
250.0 450.0 17 25.180334801762115 0cd9414a_20240819_144449.data
230.0 450.0 17 25.180334801762115 0cd9414a_20240819_144513.data
210.0 450.0 17 25.06022466960353 0cd9414a_20240819_144537.data
190.0 450.0 17 25.06022466960353 0cd9414a_20240819_144601.data
170.0 450.0 17 25.180334801762115 0cd9414a_20240819_144625.data
150.0 450.0 17 25.180334801762115 0cd9414a_20240819_144649.data
130.0 450.0 17 25.180334801762115 0cd9414a_20240819_144713.data
110.0 450.0 17 25.180334801762115 0cd9414a_20240819_144737.data
90.0 450.0 17 25.180334801762115 0cd9414a_20240819_144801.data
70.0 450.0 17 25.180334801762115 0cd9414a_20240819_144826.data
50.0 450.0 17 25.180334801762115 0cd9414a_20240819_144849.data
30.0 450.0 17 25.180334801762115 0cd9414a_20240819_144914.data
10.0 450.0 17 25.06022466960353 0cd9414a_20240819_144938.data
10.0 470.0 17 25.180334801762115 0cd9414a_20240819_145002.data
30.0 470.0 17 25.180334801762115 0cd9414a_20240819_145026.data
50.0 470.0 17 25.180334801762115 0cd9414a_20240819_145050.data
70.0 470.0 17 25.06022466960353 0cd9414a_20240819_145114.data
90.0 470.0 17 25.06022466960353 0cd9414a_20240819_145138.data
110.0 470.0 17 25.299982378854633 0cd9414a_20240819_145202.data
130.0 470.0 17 25.419136563876656 0cd9414a_20240819_145226.data
150.0 470.0 17 25.180334801762115 0cd9414a_20240819_145250.data
170.0 470.0 17 25.180334801762115 0cd9414a_20240819_145314.data
190.0 470.0 17 25.06022466960353 0cd9414a_20240819_145338.data
210.0 470.0 17 25.180334801762115 0cd9414a_20240819_145402.data
230.0 470.0 17 25.180334801762115 0cd9414a_20240819_145426.data
250.0 470.0 17 25.180334801762115 0cd9414a_20240819_145450.data
270.0 470.0 17 25.180334801762115 0cd9414a_20240819_145514.data
290.0 470.0 17 25.180334801762115 0cd9414a_20240819_145538.data
