-1 -1 -1 27.709061674008815 0cd9414a_20240807_163523.data
10.0 10.0 17 27.81905726872247 0cd9414a_20240807_163602.data
30.0 10.0 17 27.81905726872247 0cd9414a_20240807_163626.data
50.0 10.0 17 27.598634361233486 0cd9414a_20240807_163650.data
70.0 10.0 17 27.81905726872247 0cd9414a_20240807_163714.data
90.0 10.0 17 27.81905726872247 0cd9414a_20240807_163738.data
110.0 10.0 17 27.81905726872247 0cd9414a_20240807_163802.data
130.0 10.0 17 27.487775330396477 0cd9414a_20240807_163826.data
150.0 10.0 17 27.709061674008815 0cd9414a_20240807_163850.data
170.0 10.0 17 27.709061674008815 0cd9414a_20240807_163914.data
190.0 10.0 17 27.598634361233486 0cd9414a_20240807_163938.data
210.0 10.0 17 27.487775330396477 0cd9414a_20240807_164002.data
230.0 10.0 17 27.81905726872247 0cd9414a_20240807_164026.data
250.0 10.0 17 27.487775330396477 0cd9414a_20240807_164051.data
270.0 10.0 17 27.709061674008815 0cd9414a_20240807_164115.data
290.0 10.0 17 27.81905726872247 0cd9414a_20240807_164139.data
290.0 30.0 17 27.81905726872247 0cd9414a_20240807_164203.data
270.0 30.0 17 27.709061674008815 0cd9414a_20240807_164227.data
250.0 30.0 17 27.709061674008815 0cd9414a_20240807_164251.data
230.0 30.0 17 27.81905726872247 0cd9414a_20240807_164315.data
210.0 30.0 17 27.81905726872247 0cd9414a_20240807_164339.data
190.0 30.0 17 27.487775330396477 0cd9414a_20240807_164403.data
170.0 30.0 17 27.81905726872247 0cd9414a_20240807_164427.data
150.0 30.0 17 27.81905726872247 0cd9414a_20240807_164451.data
130.0 30.0 17 27.487775330396477 0cd9414a_20240807_164515.data
110.0 30.0 17 27.709061674008815 0cd9414a_20240807_164539.data
90.0 30.0 17 27.598634361233486 0cd9414a_20240807_164603.data
70.0 30.0 17 27.81905726872247 0cd9414a_20240807_164627.data
50.0 30.0 17 27.81905726872247 0cd9414a_20240807_164651.data
30.0 30.0 17 27.487775330396477 0cd9414a_20240807_164715.data
10.0 30.0 17 27.487775330396477 0cd9414a_20240807_164739.data
10.0 50.0 17 27.598634361233486 0cd9414a_20240807_164803.data
30.0 50.0 17 27.709061674008815 0cd9414a_20240807_164827.data
50.0 50.0 17 27.487775330396477 0cd9414a_20240807_164851.data
70.0 50.0 17 27.487775330396477 0cd9414a_20240807_164915.data
90.0 50.0 17 27.487775330396477 0cd9414a_20240807_164939.data
110.0 50.0 17 27.487775330396477 0cd9414a_20240807_165003.data
130.0 50.0 17 27.487775330396477 0cd9414a_20240807_165027.data
150.0 50.0 17 27.487775330396477 0cd9414a_20240807_165051.data
170.0 50.0 17 27.487775330396477 0cd9414a_20240807_165115.data
190.0 50.0 17 27.487775330396477 0cd9414a_20240807_165139.data
210.0 50.0 17 27.487775330396477 0cd9414a_20240807_165203.data
230.0 50.0 17 27.487775330396477 0cd9414a_20240807_165227.data
250.0 50.0 17 27.487775330396477 0cd9414a_20240807_165251.data
270.0 50.0 17 27.487775330396477 0cd9414a_20240807_165315.data
290.0 50.0 17 27.487775330396477 0cd9414a_20240807_165339.data
290.0 70.0 17 27.598634361233486 0cd9414a_20240807_165403.data
270.0 70.0 17 27.487775330396477 0cd9414a_20240807_165427.data
250.0 70.0 17 27.487775330396477 0cd9414a_20240807_165451.data
230.0 70.0 17 27.487775330396477 0cd9414a_20240807_165515.data
210.0 70.0 17 27.709061674008815 0cd9414a_20240807_165539.data
190.0 70.0 17 27.487775330396477 0cd9414a_20240807_165603.data
170.0 70.0 17 27.487775330396477 0cd9414a_20240807_165627.data
150.0 70.0 17 27.487775330396477 0cd9414a_20240807_165651.data
130.0 70.0 17 27.487775330396477 0cd9414a_20240807_165715.data
110.0 70.0 17 27.598634361233486 0cd9414a_20240807_165739.data
90.0 70.0 17 27.487775330396477 0cd9414a_20240807_165803.data
70.0 70.0 17 27.487775330396477 0cd9414a_20240807_165827.data
50.0 70.0 17 27.487775330396477 0cd9414a_20240807_165851.data
30.0 70.0 17 27.487775330396477 0cd9414a_20240807_165915.data
10.0 70.0 17 27.487775330396477 0cd9414a_20240807_165939.data
10.0 90.0 17 27.487775330396477 0cd9414a_20240807_170003.data
30.0 90.0 17 27.487775330396477 0cd9414a_20240807_170027.data
50.0 90.0 17 27.487775330396477 0cd9414a_20240807_170051.data
70.0 90.0 17 27.487775330396477 0cd9414a_20240807_170115.data
90.0 90.0 17 27.487775330396477 0cd9414a_20240807_170139.data
110.0 90.0 17 27.487775330396477 0cd9414a_20240807_170203.data
130.0 90.0 17 27.487775330396477 0cd9414a_20240807_170227.data
150.0 90.0 17 27.487775330396477 0cd9414a_20240807_170251.data
170.0 90.0 17 27.487775330396477 0cd9414a_20240807_170315.data
190.0 90.0 17 27.37654625550661 0cd9414a_20240807_170339.data
210.0 90.0 17 27.487775330396477 0cd9414a_20240807_170403.data
230.0 90.0 17 27.598634361233486 0cd9414a_20240807_170427.data
250.0 90.0 17 27.487775330396477 0cd9414a_20240807_170451.data
270.0 90.0 17 27.37654625550661 0cd9414a_20240807_170515.data
290.0 90.0 17 27.487775330396477 0cd9414a_20240807_170539.data
290.0 110.0 17 27.487775330396477 0cd9414a_20240807_170603.data
270.0 110.0 17 27.487775330396477 0cd9414a_20240807_170627.data
250.0 110.0 17 27.487775330396477 0cd9414a_20240807_170651.data
230.0 110.0 17 27.487775330396477 0cd9414a_20240807_170715.data
210.0 110.0 17 27.487775330396477 0cd9414a_20240807_170739.data
190.0 110.0 17 27.487775330396477 0cd9414a_20240807_170803.data
170.0 110.0 17 27.487775330396477 0cd9414a_20240807_170827.data
150.0 110.0 17 27.487775330396477 0cd9414a_20240807_170851.data
130.0 110.0 17 27.487775330396477 0cd9414a_20240807_170915.data
110.0 110.0 17 27.487775330396477 0cd9414a_20240807_170939.data
90.0 110.0 17 27.598634361233486 0cd9414a_20240807_171003.data
70.0 110.0 17 27.487775330396477 0cd9414a_20240807_171027.data
50.0 110.0 17 27.487775330396477 0cd9414a_20240807_171051.data
30.0 110.0 17 27.487775330396477 0cd9414a_20240807_171115.data
10.0 110.0 17 27.598634361233486 0cd9414a_20240807_171139.data
10.0 130.0 17 27.487775330396477 0cd9414a_20240807_171203.data
30.0 130.0 17 27.487775330396477 0cd9414a_20240807_171227.data
50.0 130.0 17 27.598634361233486 0cd9414a_20240807_171251.data
70.0 130.0 17 27.487775330396477 0cd9414a_20240807_171315.data
90.0 130.0 17 27.598634361233486 0cd9414a_20240807_171339.data
110.0 130.0 17 27.487775330396477 0cd9414a_20240807_171403.data
130.0 130.0 17 27.487775330396477 0cd9414a_20240807_171427.data
150.0 130.0 17 27.487775330396477 0cd9414a_20240807_171451.data
170.0 130.0 17 27.598634361233486 0cd9414a_20240807_171515.data
190.0 130.0 17 27.487775330396477 0cd9414a_20240807_171540.data
210.0 130.0 17 27.487775330396477 0cd9414a_20240807_171604.data
230.0 130.0 17 27.487775330396477 0cd9414a_20240807_171628.data
250.0 130.0 17 27.487775330396477 0cd9414a_20240807_171652.data
270.0 130.0 17 27.487775330396477 0cd9414a_20240807_171716.data
290.0 130.0 17 27.487775330396477 0cd9414a_20240807_171740.data
290.0 150.0 17 27.487775330396477 0cd9414a_20240807_171804.data
270.0 150.0 17 27.487775330396477 0cd9414a_20240807_171828.data
250.0 150.0 17 27.487775330396477 0cd9414a_20240807_171852.data
230.0 150.0 17 27.487775330396477 0cd9414a_20240807_171916.data
210.0 150.0 17 27.487775330396477 0cd9414a_20240807_171940.data
190.0 150.0 17 27.487775330396477 0cd9414a_20240807_172004.data
170.0 150.0 17 27.487775330396477 0cd9414a_20240807_172028.data
150.0 150.0 17 27.487775330396477 0cd9414a_20240807_172052.data
130.0 150.0 17 27.487775330396477 0cd9414a_20240807_172116.data
110.0 150.0 17 27.487775330396477 0cd9414a_20240807_172140.data
90.0 150.0 17 27.487775330396477 0cd9414a_20240807_172204.data
70.0 150.0 17 27.487775330396477 0cd9414a_20240807_172228.data
50.0 150.0 17 27.487775330396477 0cd9414a_20240807_172252.data
30.0 150.0 17 27.487775330396477 0cd9414a_20240807_172316.data
10.0 150.0 17 27.598634361233486 0cd9414a_20240807_172340.data
10.0 170.0 17 27.487775330396477 0cd9414a_20240807_172404.data
30.0 170.0 17 27.487775330396477 0cd9414a_20240807_172428.data
50.0 170.0 17 27.487775330396477 0cd9414a_20240807_172452.data
70.0 170.0 17 27.487775330396477 0cd9414a_20240807_172516.data
90.0 170.0 17 27.487775330396477 0cd9414a_20240807_172540.data
110.0 170.0 17 27.487775330396477 0cd9414a_20240807_172604.data
130.0 170.0 17 27.487775330396477 0cd9414a_20240807_172628.data
150.0 170.0 17 27.487775330396477 0cd9414a_20240807_172652.data
170.0 170.0 17 27.487775330396477 0cd9414a_20240807_172716.data
190.0 170.0 17 27.487775330396477 0cd9414a_20240807_172740.data
210.0 170.0 17 27.487775330396477 0cd9414a_20240807_172804.data
230.0 170.0 17 27.598634361233486 0cd9414a_20240807_172828.data
250.0 170.0 17 27.487775330396477 0cd9414a_20240807_172852.data
270.0 170.0 17 27.487775330396477 0cd9414a_20240807_172916.data
290.0 170.0 17 27.487775330396477 0cd9414a_20240807_172940.data
290.0 190.0 17 27.487775330396477 0cd9414a_20240807_173004.data
270.0 190.0 17 27.487775330396477 0cd9414a_20240807_173028.data
250.0 190.0 17 27.487775330396477 0cd9414a_20240807_173052.data
230.0 190.0 17 27.598634361233486 0cd9414a_20240807_173116.data
210.0 190.0 17 27.487775330396477 0cd9414a_20240807_173140.data
190.0 190.0 17 27.487775330396477 0cd9414a_20240807_173204.data
170.0 190.0 17 27.487775330396477 0cd9414a_20240807_173228.data
150.0 190.0 17 27.487775330396477 0cd9414a_20240807_173252.data
130.0 190.0 17 27.487775330396477 0cd9414a_20240807_173316.data
110.0 190.0 17 27.487775330396477 0cd9414a_20240807_173340.data
90.0 190.0 17 27.487775330396477 0cd9414a_20240807_173404.data
70.0 190.0 17 27.487775330396477 0cd9414a_20240807_173428.data
50.0 190.0 17 27.487775330396477 0cd9414a_20240807_173452.data
30.0 190.0 17 27.487775330396477 0cd9414a_20240807_173516.data
10.0 190.0 17 27.487775330396477 0cd9414a_20240807_173540.data
10.0 210.0 17 27.487775330396477 0cd9414a_20240807_173604.data
30.0 210.0 17 27.487775330396477 0cd9414a_20240807_173628.data
50.0 210.0 17 27.487775330396477 0cd9414a_20240807_173652.data
70.0 210.0 17 27.37654625550661 0cd9414a_20240807_173716.data
90.0 210.0 17 27.37654625550661 0cd9414a_20240807_173740.data
110.0 210.0 17 27.598634361233486 0cd9414a_20240807_173804.data
130.0 210.0 17 27.598634361233486 0cd9414a_20240807_173828.data
150.0 210.0 17 27.487775330396477 0cd9414a_20240807_173852.data
170.0 210.0 17 27.487775330396477 0cd9414a_20240807_173916.data
190.0 210.0 17 27.487775330396477 0cd9414a_20240807_173940.data
210.0 210.0 17 27.487775330396477 0cd9414a_20240807_174004.data
230.0 210.0 17 27.487775330396477 0cd9414a_20240807_174028.data
250.0 210.0 17 27.598634361233486 0cd9414a_20240807_174052.data
270.0 210.0 17 27.487775330396477 0cd9414a_20240807_174116.data
290.0 210.0 17 27.487775330396477 0cd9414a_20240807_174140.data
290.0 230.0 17 27.598634361233486 0cd9414a_20240807_174204.data
270.0 230.0 17 27.487775330396477 0cd9414a_20240807_174228.data
250.0 230.0 17 27.487775330396477 0cd9414a_20240807_174252.data
230.0 230.0 17 27.37654625550661 0cd9414a_20240807_174316.data
210.0 230.0 17 27.487775330396477 0cd9414a_20240807_174340.data
190.0 230.0 17 27.487775330396477 0cd9414a_20240807_174404.data
170.0 230.0 17 27.487775330396477 0cd9414a_20240807_174428.data
150.0 230.0 17 27.487775330396477 0cd9414a_20240807_174452.data
130.0 230.0 17 27.487775330396477 0cd9414a_20240807_174516.data
110.0 230.0 17 27.487775330396477 0cd9414a_20240807_174540.data
90.0 230.0 17 27.487775330396477 0cd9414a_20240807_174604.data
70.0 230.0 17 27.487775330396477 0cd9414a_20240807_174628.data
50.0 230.0 17 27.487775330396477 0cd9414a_20240807_174652.data
30.0 230.0 17 27.487775330396477 0cd9414a_20240807_174716.data
10.0 230.0 17 27.487775330396477 0cd9414a_20240807_174740.data
10.0 250.0 17 27.487775330396477 0cd9414a_20240807_174804.data
30.0 250.0 17 27.487775330396477 0cd9414a_20240807_174828.data
50.0 250.0 17 27.487775330396477 0cd9414a_20240807_174852.data
70.0 250.0 17 27.487775330396477 0cd9414a_20240807_174916.data
90.0 250.0 17 27.487775330396477 0cd9414a_20240807_174940.data
110.0 250.0 17 27.598634361233486 0cd9414a_20240807_175004.data
130.0 250.0 17 27.598634361233486 0cd9414a_20240807_175028.data
150.0 250.0 17 27.598634361233486 0cd9414a_20240807_175052.data
170.0 250.0 17 27.487775330396477 0cd9414a_20240807_175117.data
190.0 250.0 17 27.487775330396477 0cd9414a_20240807_175141.data
210.0 250.0 17 27.487775330396477 0cd9414a_20240807_175205.data
230.0 250.0 17 27.598634361233486 0cd9414a_20240807_175229.data
250.0 250.0 17 27.487775330396477 0cd9414a_20240807_175253.data
270.0 250.0 17 27.487775330396477 0cd9414a_20240807_175317.data
290.0 250.0 17 27.487775330396477 0cd9414a_20240807_175341.data
290.0 270.0 17 27.487775330396477 0cd9414a_20240807_175405.data
270.0 270.0 17 27.487775330396477 0cd9414a_20240807_175429.data
250.0 270.0 17 27.487775330396477 0cd9414a_20240807_175453.data
230.0 270.0 17 27.487775330396477 0cd9414a_20240807_175517.data
210.0 270.0 17 27.487775330396477 0cd9414a_20240807_175541.data
190.0 270.0 17 27.487775330396477 0cd9414a_20240807_175605.data
170.0 270.0 17 27.598634361233486 0cd9414a_20240807_175629.data
150.0 270.0 17 27.598634361233486 0cd9414a_20240807_175653.data
130.0 270.0 17 27.487775330396477 0cd9414a_20240807_175717.data
110.0 270.0 17 27.487775330396477 0cd9414a_20240807_175741.data
90.0 270.0 17 27.487775330396477 0cd9414a_20240807_175805.data
70.0 270.0 17 27.487775330396477 0cd9414a_20240807_175829.data
50.0 270.0 17 27.37654625550661 0cd9414a_20240807_175853.data
30.0 270.0 17 27.487775330396477 0cd9414a_20240807_175917.data
10.0 270.0 17 27.487775330396477 0cd9414a_20240807_175941.data
10.0 290.0 17 27.487775330396477 0cd9414a_20240807_180005.data
30.0 290.0 17 27.487775330396477 0cd9414a_20240807_180029.data
50.0 290.0 17 27.487775330396477 0cd9414a_20240807_180053.data
70.0 290.0 17 27.598634361233486 0cd9414a_20240807_180117.data
90.0 290.0 17 27.487775330396477 0cd9414a_20240807_180141.data
110.0 290.0 17 27.487775330396477 0cd9414a_20240807_180205.data
130.0 290.0 17 27.487775330396477 0cd9414a_20240807_180229.data
150.0 290.0 17 27.487775330396477 0cd9414a_20240807_180253.data
170.0 290.0 17 27.487775330396477 0cd9414a_20240807_180317.data
190.0 290.0 17 27.487775330396477 0cd9414a_20240807_180341.data
210.0 290.0 17 27.487775330396477 0cd9414a_20240807_180405.data
230.0 290.0 17 27.487775330396477 0cd9414a_20240807_180429.data
250.0 290.0 17 27.487775330396477 0cd9414a_20240807_180453.data
270.0 290.0 17 27.487775330396477 0cd9414a_20240807_180517.data
290.0 290.0 17 27.487775330396477 0cd9414a_20240807_180541.data
290.0 310.0 17 27.487775330396477 0cd9414a_20240807_180605.data
270.0 310.0 17 27.487775330396477 0cd9414a_20240807_180629.data
250.0 310.0 17 27.487775330396477 0cd9414a_20240807_180653.data
230.0 310.0 17 27.598634361233486 0cd9414a_20240807_180717.data
210.0 310.0 17 27.487775330396477 0cd9414a_20240807_180741.data
190.0 310.0 17 -1 0cd9414a_20240807_180805.data
170.0 310.0 17 27.487775330396477 0cd9414a_20240807_180829.data
150.0 310.0 17 27.487775330396477 0cd9414a_20240807_180853.data
130.0 310.0 17 -1 0cd9414a_20240807_180917.data
110.0 310.0 17 27.598634361233486 0cd9414a_20240807_180941.data
90.0 310.0 17 27.598634361233486 0cd9414a_20240807_181005.data
70.0 310.0 17 27.487775330396477 0cd9414a_20240807_181029.data
50.0 310.0 17 27.487775330396477 0cd9414a_20240807_181053.data
30.0 310.0 17 27.487775330396477 0cd9414a_20240807_181117.data
10.0 310.0 17 27.487775330396477 0cd9414a_20240807_181141.data
10.0 330.0 17 -1 0cd9414a_20240807_181205.data
30.0 330.0 17 27.598634361233486 0cd9414a_20240807_181229.data
50.0 330.0 17 27.487775330396477 0cd9414a_20240807_181253.data
70.0 330.0 17 27.487775330396477 0cd9414a_20240807_181317.data
90.0 330.0 17 27.59955947136564 0cd9414a_20240807_181341.data
110.0 330.0 17 27.598634361233486 0cd9414a_20240807_181405.data
130.0 330.0 17 27.709061674008815 0cd9414a_20240807_181429.data
150.0 330.0 17 27.598634361233486 0cd9414a_20240807_181453.data
170.0 330.0 17 27.598634361233486 0cd9414a_20240807_181517.data
190.0 330.0 17 27.598634361233486 0cd9414a_20240807_181541.data
210.0 330.0 17 27.598634361233486 0cd9414a_20240807_181605.data
230.0 330.0 17 27.598634361233486 0cd9414a_20240807_181629.data
250.0 330.0 17 27.598634361233486 0cd9414a_20240807_181653.data
270.0 330.0 17 27.598634361233486 0cd9414a_20240807_181717.data
290.0 330.0 17 27.598634361233486 0cd9414a_20240807_181741.data
10.0 350.0 17 27.598634361233486 0cd9414a_20240808_081010.data
30.0 350.0 17 27.598634361233486 0cd9414a_20240808_081034.data
50.0 350.0 17 27.709061674008815 0cd9414a_20240808_081058.data
70.0 350.0 17 27.598634361233486 0cd9414a_20240808_081122.data
90.0 350.0 17 27.598634361233486 0cd9414a_20240808_081146.data
110.0 350.0 17 27.598634361233486 0cd9414a_20240808_081210.data
130.0 350.0 17 27.598634361233486 0cd9414a_20240808_081234.data
150.0 350.0 17 27.598634361233486 0cd9414a_20240808_081258.data
170.0 350.0 17 27.598634361233486 0cd9414a_20240808_081322.data
190.0 350.0 17 27.598634361233486 0cd9414a_20240808_081346.data
210.0 350.0 17 27.598634361233486 0cd9414a_20240808_081410.data
230.0 350.0 17 27.598634361233486 0cd9414a_20240808_081434.data
250.0 350.0 17 27.487775330396477 0cd9414a_20240808_081458.data
270.0 350.0 17 27.598634361233486 0cd9414a_20240808_081522.data
290.0 350.0 17 27.598634361233486 0cd9414a_20240808_081546.data
290.0 370.0 17 27.598634361233486 0cd9414a_20240808_081610.data
270.0 370.0 17 27.598634361233486 0cd9414a_20240808_081634.data
250.0 370.0 17 27.598634361233486 0cd9414a_20240808_081658.data
230.0 370.0 17 27.598634361233486 0cd9414a_20240808_081722.data
210.0 370.0 17 27.598634361233486 0cd9414a_20240808_081746.data
190.0 370.0 17 27.598634361233486 0cd9414a_20240808_081810.data
170.0 370.0 17 27.598634361233486 0cd9414a_20240808_081834.data
150.0 370.0 17 27.598634361233486 0cd9414a_20240808_081858.data
130.0 370.0 17 27.598634361233486 0cd9414a_20240808_081922.data
110.0 370.0 17 27.598634361233486 0cd9414a_20240808_081946.data
90.0 370.0 17 27.598634361233486 0cd9414a_20240808_082010.data
70.0 370.0 17 27.598634361233486 0cd9414a_20240808_082034.data
50.0 370.0 17 27.598634361233486 0cd9414a_20240808_082058.data
30.0 370.0 17 27.598634361233486 0cd9414a_20240808_082122.data
10.0 370.0 17 27.598634361233486 0cd9414a_20240808_082146.data
10.0 390.0 17 27.598634361233486 0cd9414a_20240808_082210.data
30.0 390.0 17 27.598634361233486 0cd9414a_20240808_082234.data
50.0 390.0 17 27.598634361233486 0cd9414a_20240808_082258.data
70.0 390.0 17 27.598634361233486 0cd9414a_20240808_082322.data
90.0 390.0 17 27.709061674008815 0cd9414a_20240808_082346.data
110.0 390.0 17 27.598634361233486 0cd9414a_20240808_082410.data
130.0 390.0 17 27.598634361233486 0cd9414a_20240808_082434.data
150.0 390.0 17 27.598634361233486 0cd9414a_20240808_082458.data
170.0 390.0 17 27.709061674008815 0cd9414a_20240808_082522.data
190.0 390.0 17 27.598634361233486 0cd9414a_20240808_082546.data
210.0 390.0 17 27.709061674008815 0cd9414a_20240808_082610.data
230.0 390.0 17 27.598634361233486 0cd9414a_20240808_082634.data
250.0 390.0 17 27.598634361233486 0cd9414a_20240808_082658.data
270.0 390.0 17 27.598634361233486 0cd9414a_20240808_082722.data
290.0 390.0 17 27.598634361233486 0cd9414a_20240808_082746.data
290.0 410.0 17 27.598634361233486 0cd9414a_20240808_082810.data
270.0 410.0 17 27.709061674008815 0cd9414a_20240808_082834.data
250.0 410.0 17 27.709061674008815 0cd9414a_20240808_082858.data
230.0 410.0 17 27.598634361233486 0cd9414a_20240808_082922.data
210.0 410.0 17 27.598634361233486 0cd9414a_20240808_082946.data
190.0 410.0 17 27.598634361233486 0cd9414a_20240808_083010.data
170.0 410.0 17 27.709061674008815 0cd9414a_20240808_083034.data
150.0 410.0 17 27.598634361233486 0cd9414a_20240808_083058.data
130.0 410.0 17 27.598634361233486 0cd9414a_20240808_083122.data
110.0 410.0 17 27.709061674008815 0cd9414a_20240808_083147.data
90.0 410.0 17 27.598634361233486 0cd9414a_20240808_083211.data
70.0 410.0 17 27.598634361233486 0cd9414a_20240808_083235.data
50.0 410.0 17 27.598634361233486 0cd9414a_20240808_083259.data
30.0 410.0 17 27.598634361233486 0cd9414a_20240808_083323.data
10.0 410.0 17 27.598634361233486 0cd9414a_20240808_083347.data
10.0 430.0 17 27.598634361233486 0cd9414a_20240808_083411.data
30.0 430.0 17 27.598634361233486 0cd9414a_20240808_083435.data
50.0 430.0 17 27.598634361233486 0cd9414a_20240808_083459.data
70.0 430.0 17 27.598634361233486 0cd9414a_20240808_083523.data
90.0 430.0 17 27.598634361233486 0cd9414a_20240808_083547.data
110.0 430.0 17 27.709061674008815 0cd9414a_20240808_083611.data
130.0 430.0 17 27.598634361233486 0cd9414a_20240808_083635.data
150.0 430.0 17 27.598634361233486 0cd9414a_20240808_083659.data
170.0 430.0 17 27.598634361233486 0cd9414a_20240808_083723.data
190.0 430.0 17 27.598634361233486 0cd9414a_20240808_083747.data
210.0 430.0 17 27.598634361233486 0cd9414a_20240808_083811.data
230.0 430.0 17 27.598634361233486 0cd9414a_20240808_083835.data
250.0 430.0 17 27.598634361233486 0cd9414a_20240808_083859.data
270.0 430.0 17 27.598634361233486 0cd9414a_20240808_083923.data
290.0 430.0 17 27.598634361233486 0cd9414a_20240808_083947.data
290.0 450.0 17 27.709061674008815 0cd9414a_20240808_084011.data
270.0 450.0 17 27.598634361233486 0cd9414a_20240808_084035.data
250.0 450.0 17 27.598634361233486 0cd9414a_20240808_084059.data
230.0 450.0 17 27.598634361233486 0cd9414a_20240808_084123.data
210.0 450.0 17 27.709061674008815 0cd9414a_20240808_084147.data
190.0 450.0 17 27.598634361233486 0cd9414a_20240808_084211.data
170.0 450.0 17 27.598634361233486 0cd9414a_20240808_084235.data
150.0 450.0 17 27.709061674008815 0cd9414a_20240808_084259.data
130.0 450.0 17 27.709061674008815 0cd9414a_20240808_084323.data
110.0 450.0 17 27.598634361233486 0cd9414a_20240808_084347.data
90.0 450.0 17 27.598634361233486 0cd9414a_20240808_084411.data
70.0 450.0 17 27.598634361233486 0cd9414a_20240808_084435.data
50.0 450.0 17 27.598634361233486 0cd9414a_20240808_084459.data
30.0 450.0 17 27.598634361233486 0cd9414a_20240808_084523.data
10.0 450.0 17 27.598634361233486 0cd9414a_20240808_084547.data
10.0 470.0 17 27.598634361233486 0cd9414a_20240808_084611.data
30.0 470.0 17 27.598634361233486 0cd9414a_20240808_084635.data
50.0 470.0 17 27.598634361233486 0cd9414a_20240808_084659.data
70.0 470.0 17 27.709061674008815 0cd9414a_20240808_084723.data
90.0 470.0 17 27.598634361233486 0cd9414a_20240808_084747.data
110.0 470.0 17 27.598634361233486 0cd9414a_20240808_084811.data
130.0 470.0 17 27.598634361233486 0cd9414a_20240808_084835.data
150.0 470.0 17 27.598634361233486 0cd9414a_20240808_084859.data
170.0 470.0 17 27.598634361233486 0cd9414a_20240808_084923.data
190.0 470.0 17 27.598634361233486 0cd9414a_20240808_084947.data
210.0 470.0 17 27.598634361233486 0cd9414a_20240808_085011.data
230.0 470.0 17 27.598634361233486 0cd9414a_20240808_085035.data
250.0 470.0 17 27.598634361233486 0cd9414a_20240808_085059.data
270.0 470.0 17 27.598634361233486 0cd9414a_20240808_085123.data
290.0 470.0 17 27.709061674008815 0cd9414a_20240808_085147.data
