-1 -1 -1 26.356118942731285 0cd9414a_20240905_180059.data
10.0 10.0 17 26.124563876651983 0cd9414a_20240905_180138.data
30.0 10.0 17 26.240572687224667 0cd9414a_20240905_180202.data
50.0 10.0 17 26.356118942731285 0cd9414a_20240905_180226.data
70.0 10.0 17 26.124563876651983 0cd9414a_20240905_180250.data
90.0 10.0 17 26.471233480176213 0cd9414a_20240905_180314.data
110.0 10.0 17 26.471233480176213 0cd9414a_20240905_180338.data
130.0 10.0 17 26.240572687224667 0cd9414a_20240905_180402.data
150.0 10.0 17 26.356118942731285 0cd9414a_20240905_180426.data
170.0 10.0 17 26.124563876651983 0cd9414a_20240905_180450.data
190.0 10.0 17 26.471233480176213 0cd9414a_20240905_180514.data
210.0 10.0 17 26.356118942731285 0cd9414a_20240905_180538.data
230.0 10.0 17 26.471233480176213 0cd9414a_20240905_180602.data
250.0 10.0 17 26.356118942731285 0cd9414a_20240905_180626.data
270.0 10.0 17 26.124563876651983 0cd9414a_20240905_180650.data
290.0 10.0 17 26.240572687224667 0cd9414a_20240905_180714.data
290.0 30.0 17 26.356118942731285 0cd9414a_20240905_180738.data
270.0 30.0 17 26.356118942731285 0cd9414a_20240905_180802.data
250.0 30.0 17 26.124563876651983 0cd9414a_20240905_180826.data
230.0 30.0 17 26.471233480176213 0cd9414a_20240905_180850.data
210.0 30.0 17 26.471233480176213 0cd9414a_20240905_180914.data
190.0 30.0 17 26.124563876651983 0cd9414a_20240905_180938.data
170.0 30.0 17 26.124563876651983 0cd9414a_20240905_181002.data
150.0 30.0 17 26.471233480176213 0cd9414a_20240905_181026.data
130.0 30.0 17 26.356118942731285 0cd9414a_20240905_181050.data
110.0 30.0 17 26.008123348017623 0cd9414a_20240905_181114.data
90.0 30.0 17 26.356118942731285 0cd9414a_20240905_181138.data
70.0 30.0 17 26.471233480176213 0cd9414a_20240905_181202.data
50.0 30.0 17 26.356118942731285 0cd9414a_20240905_181226.data
30.0 30.0 17 26.240572687224667 0cd9414a_20240905_181250.data
10.0 30.0 17 26.471233480176213 0cd9414a_20240905_181314.data
10.0 50.0 17 26.471233480176213 0cd9414a_20240905_181338.data
30.0 50.0 17 26.124563876651983 0cd9414a_20240905_181402.data
50.0 50.0 17 26.240572687224667 0cd9414a_20240905_181426.data
70.0 50.0 17 26.356118942731285 0cd9414a_20240905_181450.data
90.0 50.0 17 26.471233480176213 0cd9414a_20240905_181514.data
110.0 50.0 17 26.008123348017623 0cd9414a_20240905_181538.data
130.0 50.0 17 26.240572687224667 0cd9414a_20240905_181602.data
150.0 50.0 17 26.356118942731285 0cd9414a_20240905_181626.data
170.0 50.0 17 26.240572687224667 0cd9414a_20240905_181650.data
190.0 50.0 17 26.124563876651983 0cd9414a_20240905_181714.data
210.0 50.0 17 26.356118942731285 0cd9414a_20240905_181738.data
230.0 50.0 17 26.471233480176213 0cd9414a_20240905_181802.data
250.0 50.0 17 26.008123348017623 0cd9414a_20240905_181826.data
270.0 50.0 17 26.471233480176213 0cd9414a_20240905_181850.data
290.0 50.0 17 26.471233480176213 0cd9414a_20240905_181914.data
290.0 70.0 17 26.008123348017623 0cd9414a_20240905_181938.data
270.0 70.0 17 26.471233480176213 0cd9414a_20240905_182002.data
250.0 70.0 17 26.356118942731285 0cd9414a_20240905_182026.data
230.0 70.0 17 26.240572687224667 0cd9414a_20240905_182050.data
210.0 70.0 17 26.356118942731285 0cd9414a_20240905_182114.data
190.0 70.0 17 26.124563876651983 0cd9414a_20240905_182138.data
170.0 70.0 17 26.356118942731285 0cd9414a_20240905_182202.data
150.0 70.0 17 26.471233480176213 0cd9414a_20240905_182226.data
130.0 70.0 17 26.124563876651983 0cd9414a_20240905_182250.data
110.0 70.0 17 26.356118942731285 0cd9414a_20240905_182314.data
90.0 70.0 17 26.356118942731285 0cd9414a_20240905_182338.data
70.0 70.0 17 26.240572687224667 0cd9414a_20240905_182402.data
50.0 70.0 17 26.356118942731285 0cd9414a_20240905_182426.data
30.0 70.0 17 26.356118942731285 0cd9414a_20240905_182451.data
10.0 70.0 17 26.124563876651983 0cd9414a_20240905_182515.data
10.0 90.0 17 26.356118942731285 0cd9414a_20240905_182539.data
30.0 90.0 17 26.356118942731285 0cd9414a_20240905_182603.data
50.0 90.0 17 26.240572687224667 0cd9414a_20240905_182627.data
70.0 90.0 17 26.471233480176213 0cd9414a_20240905_182651.data
90.0 90.0 17 26.124563876651983 0cd9414a_20240905_182715.data
110.0 90.0 17 26.471233480176213 0cd9414a_20240905_182739.data
130.0 90.0 17 26.356118942731285 0cd9414a_20240905_182803.data
150.0 90.0 17 26.008123348017623 0cd9414a_20240905_182827.data
170.0 90.0 17 26.356118942731285 0cd9414a_20240905_182851.data
190.0 90.0 17 26.356118942731285 0cd9414a_20240905_182915.data
210.0 90.0 17 26.356118942731285 0cd9414a_20240905_182939.data
230.0 90.0 17 26.124563876651983 0cd9414a_20240905_183003.data
250.0 90.0 17 26.356118942731285 0cd9414a_20240905_183027.data
270.0 90.0 17 26.356118942731285 0cd9414a_20240905_183051.data
290.0 90.0 17 26.240572687224667 0cd9414a_20240905_183115.data
290.0 110.0 17 26.356118942731285 0cd9414a_20240905_183139.data
270.0 110.0 17 26.356118942731285 0cd9414a_20240905_183203.data
250.0 110.0 17 26.008123348017623 0cd9414a_20240905_183227.data
230.0 110.0 17 26.356118942731285 0cd9414a_20240905_183251.data
210.0 110.0 17 26.356118942731285 0cd9414a_20240905_183315.data
190.0 110.0 17 26.124563876651983 0cd9414a_20240905_183339.data
170.0 110.0 17 26.356118942731285 0cd9414a_20240905_183403.data
150.0 110.0 17 26.124563876651983 0cd9414a_20240905_183427.data
130.0 110.0 17 26.356118942731285 0cd9414a_20240905_183451.data
110.0 110.0 17 26.356118942731285 0cd9414a_20240905_183515.data
90.0 110.0 17 26.124563876651983 0cd9414a_20240905_183539.data
70.0 110.0 17 26.471233480176213 0cd9414a_20240905_183603.data
50.0 110.0 17 26.471233480176213 0cd9414a_20240905_183627.data
30.0 110.0 17 26.124563876651983 0cd9414a_20240905_183651.data
10.0 110.0 17 26.356118942731285 0cd9414a_20240905_183715.data
10.0 130.0 17 26.356118942731285 0cd9414a_20240905_183739.data
30.0 130.0 17 26.124563876651983 0cd9414a_20240905_183803.data
50.0 130.0 17 26.124563876651983 0cd9414a_20240905_183827.data
70.0 130.0 17 26.356118942731285 0cd9414a_20240905_183851.data
90.0 130.0 17 26.356118942731285 0cd9414a_20240905_183915.data
110.0 130.0 17 26.240572687224667 0cd9414a_20240905_183939.data
130.0 130.0 17 26.356118942731285 0cd9414a_20240905_184003.data
150.0 130.0 17 26.124563876651983 0cd9414a_20240905_184027.data
170.0 130.0 17 26.471233480176213 0cd9414a_20240905_184051.data
190.0 130.0 17 26.471233480176213 0cd9414a_20240905_184115.data
210.0 130.0 17 26.124563876651983 0cd9414a_20240905_184139.data
230.0 130.0 17 26.240572687224667 0cd9414a_20240905_184203.data
250.0 130.0 17 26.356118942731285 0cd9414a_20240905_184227.data
270.0 130.0 17 26.356118942731285 0cd9414a_20240905_184251.data
290.0 130.0 17 26.240572687224667 0cd9414a_20240905_184315.data
290.0 150.0 17 26.240572687224667 0cd9414a_20240905_184339.data
270.0 150.0 17 26.008123348017623 0cd9414a_20240905_184403.data
250.0 150.0 17 26.240572687224667 0cd9414a_20240905_184427.data
230.0 150.0 17 26.356118942731285 0cd9414a_20240905_184451.data
210.0 150.0 17 26.124563876651983 0cd9414a_20240905_184515.data
190.0 150.0 17 26.124563876651983 0cd9414a_20240905_184539.data
170.0 150.0 17 26.240572687224667 0cd9414a_20240905_184603.data
150.0 150.0 17 26.356118942731285 0cd9414a_20240905_184627.data
130.0 150.0 17 26.356118942731285 0cd9414a_20240905_184651.data
110.0 150.0 17 26.124563876651983 0cd9414a_20240905_184715.data
90.0 150.0 17 26.240572687224667 0cd9414a_20240905_184739.data
70.0 150.0 17 26.471233480176213 0cd9414a_20240905_184803.data
50.0 150.0 17 26.240572687224667 0cd9414a_20240905_184827.data
30.0 150.0 17 26.356118942731285 0cd9414a_20240905_184851.data
10.0 150.0 17 26.471233480176213 0cd9414a_20240905_184915.data
10.0 170.0 17 26.124563876651983 0cd9414a_20240905_184939.data
30.0 170.0 17 26.471233480176213 0cd9414a_20240905_185003.data
50.0 170.0 17 26.356118942731285 0cd9414a_20240905_185027.data
70.0 170.0 17 26.124563876651983 0cd9414a_20240905_185051.data
90.0 170.0 17 26.356118942731285 0cd9414a_20240905_185115.data
110.0 170.0 17 26.356118942731285 0cd9414a_20240905_185139.data
130.0 170.0 17 26.008123348017623 0cd9414a_20240905_185203.data
150.0 170.0 17 26.356118942731285 0cd9414a_20240905_185227.data
170.0 170.0 17 26.356118942731285 0cd9414a_20240905_185251.data
190.0 170.0 17 26.240572687224667 0cd9414a_20240905_185315.data
210.0 170.0 17 26.356118942731285 0cd9414a_20240905_185339.data
230.0 170.0 17 26.008123348017623 0cd9414a_20240905_185403.data
250.0 170.0 17 26.356118942731285 0cd9414a_20240905_185427.data
270.0 170.0 17 26.356118942731285 0cd9414a_20240905_185451.data
290.0 170.0 17 26.356118942731285 0cd9414a_20240905_185515.data
290.0 190.0 17 26.240572687224667 0cd9414a_20240905_185539.data
270.0 190.0 17 26.356118942731285 0cd9414a_20240905_185603.data
250.0 190.0 17 26.124563876651983 0cd9414a_20240905_185627.data
230.0 190.0 17 26.124563876651983 0cd9414a_20240905_185651.data
210.0 190.0 17 26.356118942731285 0cd9414a_20240905_185715.data
190.0 190.0 17 26.124563876651983 0cd9414a_20240905_185739.data
170.0 190.0 17 26.240572687224667 0cd9414a_20240905_185803.data
150.0 190.0 17 26.471233480176213 0cd9414a_20240905_185828.data
130.0 190.0 17 26.240572687224667 0cd9414a_20240905_185851.data
110.0 190.0 17 26.356118942731285 0cd9414a_20240905_185916.data
90.0 190.0 17 26.124563876651983 0cd9414a_20240905_185940.data
70.0 190.0 17 26.356118942731285 0cd9414a_20240905_190004.data
50.0 190.0 17 26.356118942731285 0cd9414a_20240905_190028.data
30.0 190.0 17 26.240572687224667 0cd9414a_20240905_190052.data
10.0 190.0 17 26.356118942731285 0cd9414a_20240905_190116.data
10.0 210.0 17 26.356118942731285 0cd9414a_20240905_190140.data
30.0 210.0 17 26.124563876651983 0cd9414a_20240905_190204.data
50.0 210.0 17 26.356118942731285 0cd9414a_20240905_190228.data
70.0 210.0 17 26.008123348017623 0cd9414a_20240905_190252.data
90.0 210.0 17 26.240572687224667 0cd9414a_20240905_190316.data
110.0 210.0 17 26.356118942731285 0cd9414a_20240905_190340.data
130.0 210.0 17 26.124563876651983 0cd9414a_20240905_190404.data
150.0 210.0 17 26.471233480176213 0cd9414a_20240905_190428.data
170.0 210.0 17 26.124563876651983 0cd9414a_20240905_190452.data
190.0 210.0 17 26.356118942731285 0cd9414a_20240905_190516.data
210.0 210.0 17 26.356118942731285 0cd9414a_20240905_190540.data
230.0 210.0 17 26.124563876651983 0cd9414a_20240905_190604.data
250.0 210.0 17 26.240572687224667 0cd9414a_20240905_190628.data
270.0 210.0 17 26.356118942731285 0cd9414a_20240905_190652.data
290.0 210.0 17 26.240572687224667 0cd9414a_20240905_190716.data
290.0 230.0 17 26.356118942731285 0cd9414a_20240905_190740.data
270.0 230.0 17 26.124563876651983 0cd9414a_20240905_190804.data
250.0 230.0 17 26.356118942731285 0cd9414a_20240905_190828.data
230.0 230.0 17 26.471233480176213 0cd9414a_20240905_190852.data
210.0 230.0 17 26.240572687224667 0cd9414a_20240905_190916.data
190.0 230.0 17 26.471233480176213 0cd9414a_20240905_190940.data
170.0 230.0 17 26.240572687224667 0cd9414a_20240905_191004.data
150.0 230.0 17 26.356118942731285 0cd9414a_20240905_191028.data
130.0 230.0 17 26.124563876651983 0cd9414a_20240905_191052.data
110.0 230.0 17 26.124563876651983 0cd9414a_20240905_191116.data
90.0 230.0 17 26.356118942731285 0cd9414a_20240905_191140.data
70.0 230.0 17 26.008123348017623 0cd9414a_20240905_191204.data
50.0 230.0 17 26.356118942731285 0cd9414a_20240905_191228.data
30.0 230.0 17 26.356118942731285 0cd9414a_20240905_191252.data
10.0 230.0 17 26.240572687224667 0cd9414a_20240905_191316.data
10.0 250.0 17 26.471233480176213 0cd9414a_20240905_191340.data
30.0 250.0 17 26.124563876651983 0cd9414a_20240905_191404.data
50.0 250.0 17 26.356118942731285 0cd9414a_20240905_191428.data
70.0 250.0 17 26.356118942731285 0cd9414a_20240905_191452.data
90.0 250.0 17 26.356118942731285 0cd9414a_20240905_191516.data
110.0 250.0 17 26.356118942731285 0cd9414a_20240905_191540.data
130.0 250.0 17 26.124563876651983 0cd9414a_20240905_191604.data
150.0 250.0 17 26.356118942731285 0cd9414a_20240905_191628.data
170.0 250.0 17 26.124563876651983 0cd9414a_20240905_191652.data
190.0 250.0 17 26.356118942731285 0cd9414a_20240905_191716.data
210.0 250.0 17 26.356118942731285 0cd9414a_20240905_191740.data
230.0 250.0 17 26.240572687224667 0cd9414a_20240905_191804.data
250.0 250.0 17 26.008123348017623 0cd9414a_20240905_191828.data
270.0 250.0 17 26.356118942731285 0cd9414a_20240905_191852.data
290.0 250.0 17 26.240572687224667 0cd9414a_20240905_191916.data
290.0 270.0 17 26.356118942731285 0cd9414a_20240905_191940.data
270.0 270.0 17 26.240572687224667 0cd9414a_20240905_192004.data
250.0 270.0 17 26.356118942731285 0cd9414a_20240905_192028.data
230.0 270.0 17 26.240572687224667 0cd9414a_20240905_192052.data
210.0 270.0 17 26.240572687224667 0cd9414a_20240905_192116.data
190.0 270.0 17 26.124563876651983 0cd9414a_20240905_192140.data
170.0 270.0 17 26.356118942731285 0cd9414a_20240905_192204.data
150.0 270.0 17 26.356118942731285 0cd9414a_20240905_192228.data
130.0 270.0 17 26.008123348017623 0cd9414a_20240905_192252.data
110.0 270.0 17 26.356118942731285 0cd9414a_20240905_192316.data
90.0 270.0 17 26.124563876651983 0cd9414a_20240905_192340.data
70.0 270.0 17 26.356118942731285 0cd9414a_20240905_192404.data
50.0 270.0 17 26.124563876651983 0cd9414a_20240905_192428.data
30.0 270.0 17 26.356118942731285 0cd9414a_20240905_192452.data
10.0 270.0 17 26.356118942731285 0cd9414a_20240905_192516.data
10.0 290.0 17 26.356118942731285 0cd9414a_20240905_192540.data
30.0 290.0 17 26.356118942731285 0cd9414a_20240905_192604.data
50.0 290.0 17 26.356118942731285 0cd9414a_20240905_192628.data
70.0 290.0 17 26.240572687224667 0cd9414a_20240905_192652.data
90.0 290.0 17 26.008123348017623 0cd9414a_20240905_192716.data
110.0 290.0 17 26.124563876651983 0cd9414a_20240905_192740.data
130.0 290.0 17 26.124563876651983 0cd9414a_20240905_192804.data
150.0 290.0 17 26.124563876651983 0cd9414a_20240905_192828.data
170.0 290.0 17 26.124563876651983 0cd9414a_20240905_192852.data
190.0 290.0 17 26.124563876651983 0cd9414a_20240905_192916.data
210.0 290.0 17 26.124563876651983 0cd9414a_20240905_192940.data
230.0 290.0 17 26.124563876651983 0cd9414a_20240905_193004.data
250.0 290.0 17 26.124563876651983 0cd9414a_20240905_193028.data
270.0 290.0 17 26.124563876651983 0cd9414a_20240905_193052.data
290.0 290.0 17 26.124563876651983 0cd9414a_20240905_193116.data
290.0 310.0 17 26.124563876651983 0cd9414a_20240905_193140.data
270.0 310.0 17 26.124563876651983 0cd9414a_20240905_193204.data
250.0 310.0 17 26.008123348017623 0cd9414a_20240905_193229.data
230.0 310.0 17 26.124563876651983 0cd9414a_20240905_193253.data
210.0 310.0 17 26.124563876651983 0cd9414a_20240905_193317.data
190.0 310.0 17 26.124563876651983 0cd9414a_20240905_193341.data
170.0 310.0 17 -1 0cd9414a_20240905_193405.data
150.0 310.0 17 26.008123348017623 0cd9414a_20240905_193429.data
130.0 310.0 17 26.124563876651983 0cd9414a_20240905_193453.data
110.0 310.0 17 -1 0cd9414a_20240905_193517.data
90.0 310.0 17 26.008123348017623 0cd9414a_20240905_193541.data
70.0 310.0 17 26.124563876651983 0cd9414a_20240905_193605.data
50.0 310.0 17 26.124563876651983 0cd9414a_20240905_193629.data
30.0 310.0 17 26.124563876651983 0cd9414a_20240905_193653.data
10.0 310.0 17 26.008123348017623 0cd9414a_20240905_193717.data
10.0 330.0 17 26.008123348017623 0cd9414a_20240905_193741.data
30.0 330.0 17 -1 0cd9414a_20240905_193805.data
50.0 330.0 17 26.124563876651983 0cd9414a_20240905_193829.data
70.0 330.0 17 26.240572687224667 0cd9414a_20240905_193853.data
90.0 330.0 17 26.008123348017623 0cd9414a_20240905_193917.data
110.0 330.0 17 26.125550660792953 0cd9414a_20240905_193941.data
130.0 330.0 17 26.124563876651983 0cd9414a_20240905_194005.data
150.0 330.0 17 26.124563876651983 0cd9414a_20240905_194029.data
170.0 330.0 17 26.124563876651983 0cd9414a_20240905_194053.data
190.0 330.0 17 26.124563876651983 0cd9414a_20240905_194117.data
210.0 330.0 17 26.240572687224667 0cd9414a_20240905_194141.data
230.0 330.0 17 26.124563876651983 0cd9414a_20240905_194205.data
250.0 330.0 17 26.124563876651983 0cd9414a_20240905_194229.data
270.0 330.0 17 26.124563876651983 0cd9414a_20240905_194253.data
290.0 330.0 17 26.008123348017623 0cd9414a_20240905_194317.data
10.0 350.0 17 26.124563876651983 0cd9414a_20240906_080445.data
30.0 350.0 17 26.124563876651983 0cd9414a_20240906_080509.data
50.0 350.0 17 26.124563876651983 0cd9414a_20240906_080533.data
70.0 350.0 17 26.124563876651983 0cd9414a_20240906_080557.data
90.0 350.0 17 26.124563876651983 0cd9414a_20240906_080621.data
110.0 350.0 17 26.124563876651983 0cd9414a_20240906_080645.data
130.0 350.0 17 26.124563876651983 0cd9414a_20240906_080709.data
150.0 350.0 17 26.124563876651983 0cd9414a_20240906_080733.data
170.0 350.0 17 26.124563876651983 0cd9414a_20240906_080757.data
190.0 350.0 17 26.124563876651983 0cd9414a_20240906_080821.data
210.0 350.0 17 26.124563876651983 0cd9414a_20240906_080845.data
230.0 350.0 17 26.124563876651983 0cd9414a_20240906_080909.data
250.0 350.0 17 26.124563876651983 0cd9414a_20240906_080933.data
270.0 350.0 17 26.124563876651983 0cd9414a_20240906_080957.data
290.0 350.0 17 26.356118942731285 0cd9414a_20240906_081021.data
290.0 370.0 17 26.124563876651983 0cd9414a_20240906_081045.data
270.0 370.0 17 26.124563876651983 0cd9414a_20240906_081109.data
250.0 370.0 17 26.124563876651983 0cd9414a_20240906_081134.data
230.0 370.0 17 26.008123348017623 0cd9414a_20240906_081158.data
210.0 370.0 17 26.124563876651983 0cd9414a_20240906_081222.data
190.0 370.0 17 26.124563876651983 0cd9414a_20240906_081246.data
170.0 370.0 17 26.124563876651983 0cd9414a_20240906_081310.data
150.0 370.0 17 26.124563876651983 0cd9414a_20240906_081334.data
130.0 370.0 17 26.124563876651983 0cd9414a_20240906_081358.data
110.0 370.0 17 26.124563876651983 0cd9414a_20240906_081422.data
90.0 370.0 17 26.124563876651983 0cd9414a_20240906_081446.data
70.0 370.0 17 26.124563876651983 0cd9414a_20240906_081510.data
50.0 370.0 17 26.124563876651983 0cd9414a_20240906_081534.data
30.0 370.0 17 26.124563876651983 0cd9414a_20240906_081558.data
10.0 370.0 17 26.124563876651983 0cd9414a_20240906_081622.data
10.0 390.0 17 26.124563876651983 0cd9414a_20240906_081646.data
30.0 390.0 17 26.124563876651983 0cd9414a_20240906_081710.data
50.0 390.0 17 26.124563876651983 0cd9414a_20240906_081734.data
70.0 390.0 17 26.124563876651983 0cd9414a_20240906_081758.data
90.0 390.0 17 26.008123348017623 0cd9414a_20240906_081822.data
110.0 390.0 17 26.124563876651983 0cd9414a_20240906_081846.data
130.0 390.0 17 26.124563876651983 0cd9414a_20240906_081910.data
150.0 390.0 17 26.124563876651983 0cd9414a_20240906_081934.data
170.0 390.0 17 26.124563876651983 0cd9414a_20240906_081958.data
190.0 390.0 17 26.124563876651983 0cd9414a_20240906_082022.data
210.0 390.0 17 26.124563876651983 0cd9414a_20240906_082046.data
230.0 390.0 17 26.124563876651983 0cd9414a_20240906_082110.data
250.0 390.0 17 26.124563876651983 0cd9414a_20240906_082134.data
270.0 390.0 17 26.124563876651983 0cd9414a_20240906_082158.data
290.0 390.0 17 26.124563876651983 0cd9414a_20240906_082222.data
290.0 410.0 17 26.240572687224667 0cd9414a_20240906_082246.data
270.0 410.0 17 26.240572687224667 0cd9414a_20240906_082310.data
250.0 410.0 17 26.124563876651983 0cd9414a_20240906_082334.data
230.0 410.0 17 26.124563876651983 0cd9414a_20240906_082358.data
210.0 410.0 17 26.124563876651983 0cd9414a_20240906_082422.data
190.0 410.0 17 26.124563876651983 0cd9414a_20240906_082446.data
170.0 410.0 17 26.124563876651983 0cd9414a_20240906_082510.data
150.0 410.0 17 26.124563876651983 0cd9414a_20240906_082534.data
130.0 410.0 17 26.008123348017623 0cd9414a_20240906_082558.data
110.0 410.0 17 26.124563876651983 0cd9414a_20240906_082622.data
90.0 410.0 17 26.124563876651983 0cd9414a_20240906_082646.data
70.0 410.0 17 26.124563876651983 0cd9414a_20240906_082710.data
50.0 410.0 17 26.124563876651983 0cd9414a_20240906_082734.data
30.0 410.0 17 26.124563876651983 0cd9414a_20240906_082758.data
10.0 410.0 17 26.124563876651983 0cd9414a_20240906_082822.data
10.0 430.0 17 26.240572687224667 0cd9414a_20240906_082846.data
30.0 430.0 17 26.124563876651983 0cd9414a_20240906_082910.data
50.0 430.0 17 26.124563876651983 0cd9414a_20240906_082934.data
70.0 430.0 17 26.124563876651983 0cd9414a_20240906_082958.data
90.0 430.0 17 26.124563876651983 0cd9414a_20240906_083022.data
110.0 430.0 17 26.124563876651983 0cd9414a_20240906_083046.data
130.0 430.0 17 26.124563876651983 0cd9414a_20240906_083110.data
150.0 430.0 17 26.124563876651983 0cd9414a_20240906_083134.data
170.0 430.0 17 26.124563876651983 0cd9414a_20240906_083158.data
190.0 430.0 17 26.124563876651983 0cd9414a_20240906_083222.data
210.0 430.0 17 26.124563876651983 0cd9414a_20240906_083246.data
230.0 430.0 17 26.124563876651983 0cd9414a_20240906_083310.data
250.0 430.0 17 26.124563876651983 0cd9414a_20240906_083334.data
270.0 430.0 17 26.124563876651983 0cd9414a_20240906_083358.data
290.0 430.0 17 26.124563876651983 0cd9414a_20240906_083422.data
290.0 450.0 17 26.124563876651983 0cd9414a_20240906_083446.data
270.0 450.0 17 26.124563876651983 0cd9414a_20240906_083510.data
250.0 450.0 17 26.124563876651983 0cd9414a_20240906_083534.data
230.0 450.0 17 26.240572687224667 0cd9414a_20240906_083558.data
210.0 450.0 17 26.124563876651983 0cd9414a_20240906_083622.data
190.0 450.0 17 26.124563876651983 0cd9414a_20240906_083646.data
170.0 450.0 17 26.124563876651983 0cd9414a_20240906_083710.data
150.0 450.0 17 26.124563876651983 0cd9414a_20240906_083735.data
130.0 450.0 17 26.124563876651983 0cd9414a_20240906_083759.data
110.0 450.0 17 26.124563876651983 0cd9414a_20240906_083823.data
90.0 450.0 17 26.124563876651983 0cd9414a_20240906_083847.data
70.0 450.0 17 26.124563876651983 0cd9414a_20240906_083911.data
50.0 450.0 17 26.124563876651983 0cd9414a_20240906_083935.data
30.0 450.0 17 26.124563876651983 0cd9414a_20240906_083959.data
10.0 450.0 17 26.124563876651983 0cd9414a_20240906_084023.data
10.0 470.0 17 26.008123348017623 0cd9414a_20240906_084047.data
30.0 470.0 17 26.124563876651983 0cd9414a_20240906_084111.data
50.0 470.0 17 26.124563876651983 0cd9414a_20240906_084135.data
70.0 470.0 17 26.008123348017623 0cd9414a_20240906_084159.data
90.0 470.0 17 26.124563876651983 0cd9414a_20240906_084223.data
110.0 470.0 17 26.124563876651983 0cd9414a_20240906_084247.data
130.0 470.0 17 26.124563876651983 0cd9414a_20240906_084311.data
150.0 470.0 17 26.124563876651983 0cd9414a_20240906_084335.data
170.0 470.0 17 26.124563876651983 0cd9414a_20240906_084359.data
190.0 470.0 17 26.008123348017623 0cd9414a_20240906_084423.data
210.0 470.0 17 26.124563876651983 0cd9414a_20240906_084447.data
230.0 470.0 17 26.124563876651983 0cd9414a_20240906_084511.data
250.0 470.0 17 26.124563876651983 0cd9414a_20240906_084535.data
270.0 470.0 17 26.124563876651983 0cd9414a_20240906_084559.data
290.0 470.0 17 26.124563876651983 0cd9414a_20240906_084623.data
