-1 -1 -1 24.427921052631582 0cd9414a_20240913_163615.data
10.0 10.0 17 24.427921052631582 0cd9414a_20240913_163654.data
30.0 10.0 17 24.216789473684212 0cd9414a_20240913_163718.data
50.0 10.0 17 24.322552631578947 0cd9414a_20240913_163742.data
70.0 10.0 17 24.216789473684212 0cd9414a_20240913_163806.data
90.0 10.0 17 24.322552631578947 0cd9414a_20240913_163830.data
110.0 10.0 17 24.322552631578947 0cd9414a_20240913_163854.data
130.0 10.0 17 24.322552631578947 0cd9414a_20240913_163918.data
150.0 10.0 17 24.322552631578947 0cd9414a_20240913_163942.data
170.0 10.0 17 24.427921052631582 0cd9414a_20240913_164006.data
190.0 10.0 17 24.216789473684212 0cd9414a_20240913_164030.data
210.0 10.0 17 24.427921052631582 0cd9414a_20240913_164054.data
230.0 10.0 17 24.322552631578947 0cd9414a_20240913_164118.data
250.0 10.0 17 24.322552631578947 0cd9414a_20240913_164142.data
270.0 10.0 17 24.427921052631582 0cd9414a_20240913_164206.data
290.0 10.0 17 24.427921052631582 0cd9414a_20240913_164230.data
290.0 30.0 17 24.427921052631582 0cd9414a_20240913_164254.data
270.0 30.0 17 24.427921052631582 0cd9414a_20240913_164318.data
250.0 30.0 17 24.322552631578947 0cd9414a_20240913_164342.data
230.0 30.0 17 24.427921052631582 0cd9414a_20240913_164406.data
210.0 30.0 17 24.322552631578947 0cd9414a_20240913_164430.data
190.0 30.0 17 24.322552631578947 0cd9414a_20240913_164454.data
170.0 30.0 17 24.322552631578947 0cd9414a_20240913_164518.data
150.0 30.0 17 24.427921052631582 0cd9414a_20240913_164542.data
130.0 30.0 17 24.322552631578947 0cd9414a_20240913_164606.data
110.0 30.0 17 24.427921052631582 0cd9414a_20240913_164631.data
90.0 30.0 17 24.322552631578947 0cd9414a_20240913_164655.data
70.0 30.0 17 24.427921052631582 0cd9414a_20240913_164719.data
50.0 30.0 17 24.322552631578947 0cd9414a_20240913_164743.data
30.0 30.0 17 24.427921052631582 0cd9414a_20240913_164807.data
10.0 30.0 17 24.427921052631582 0cd9414a_20240913_164831.data
10.0 50.0 17 24.322552631578947 0cd9414a_20240913_164855.data
30.0 50.0 17 24.427921052631582 0cd9414a_20240913_164919.data
50.0 50.0 17 24.427921052631582 0cd9414a_20240913_164943.data
70.0 50.0 17 24.427921052631582 0cd9414a_20240913_165007.data
90.0 50.0 17 24.427921052631582 0cd9414a_20240913_165031.data
110.0 50.0 17 24.322552631578947 0cd9414a_20240913_165055.data
130.0 50.0 17 24.427921052631582 0cd9414a_20240913_165119.data
150.0 50.0 17 24.427921052631582 0cd9414a_20240913_165143.data
170.0 50.0 17 24.427921052631582 0cd9414a_20240913_165207.data
190.0 50.0 17 24.322552631578947 0cd9414a_20240913_165231.data
210.0 50.0 17 24.427921052631582 0cd9414a_20240913_165255.data
230.0 50.0 17 24.322552631578947 0cd9414a_20240913_165319.data
250.0 50.0 17 24.427921052631582 0cd9414a_20240913_165343.data
270.0 50.0 17 24.322552631578947 0cd9414a_20240913_165407.data
290.0 50.0 17 24.322552631578947 0cd9414a_20240913_165431.data
290.0 70.0 17 24.427921052631582 0cd9414a_20240913_165455.data
270.0 70.0 17 24.322552631578947 0cd9414a_20240913_165519.data
250.0 70.0 17 24.322552631578947 0cd9414a_20240913_165543.data
230.0 70.0 17 24.427921052631582 0cd9414a_20240913_165607.data
210.0 70.0 17 24.322552631578947 0cd9414a_20240913_165631.data
190.0 70.0 17 24.322552631578947 0cd9414a_20240913_165655.data
170.0 70.0 17 24.322552631578947 0cd9414a_20240913_165719.data
150.0 70.0 17 24.322552631578947 0cd9414a_20240913_165743.data
130.0 70.0 17 24.427921052631582 0cd9414a_20240913_165807.data
110.0 70.0 17 24.322552631578947 0cd9414a_20240913_165831.data
90.0 70.0 17 24.322552631578947 0cd9414a_20240913_165855.data
70.0 70.0 17 24.427921052631582 0cd9414a_20240913_165919.data
50.0 70.0 17 24.427921052631582 0cd9414a_20240913_165943.data
30.0 70.0 17 24.427921052631582 0cd9414a_20240913_170007.data
10.0 70.0 17 24.322552631578947 0cd9414a_20240913_170031.data
10.0 90.0 17 24.322552631578947 0cd9414a_20240913_170055.data
30.0 90.0 17 24.427921052631582 0cd9414a_20240913_170119.data
50.0 90.0 17 24.427921052631582 0cd9414a_20240913_170143.data
70.0 90.0 17 24.427921052631582 0cd9414a_20240913_170207.data
90.0 90.0 17 24.427921052631582 0cd9414a_20240913_170231.data
110.0 90.0 17 24.427921052631582 0cd9414a_20240913_170255.data
130.0 90.0 17 24.427921052631582 0cd9414a_20240913_170319.data
150.0 90.0 17 24.427921052631582 0cd9414a_20240913_170343.data
170.0 90.0 17 24.322552631578947 0cd9414a_20240913_170407.data
190.0 90.0 17 24.427921052631582 0cd9414a_20240913_170431.data
210.0 90.0 17 24.427921052631582 0cd9414a_20240913_170455.data
230.0 90.0 17 24.427921052631582 0cd9414a_20240913_170519.data
250.0 90.0 17 24.427921052631582 0cd9414a_20240913_170543.data
270.0 90.0 17 24.427921052631582 0cd9414a_20240913_170607.data
290.0 90.0 17 24.427921052631582 0cd9414a_20240913_170631.data
290.0 110.0 17 24.532868421052633 0cd9414a_20240913_170655.data
270.0 110.0 17 24.427921052631582 0cd9414a_20240913_170719.data
250.0 110.0 17 24.427921052631582 0cd9414a_20240913_170743.data
230.0 110.0 17 24.427921052631582 0cd9414a_20240913_170807.data
210.0 110.0 17 24.427921052631582 0cd9414a_20240913_170831.data
190.0 110.0 17 24.427921052631582 0cd9414a_20240913_170855.data
170.0 110.0 17 24.532868421052633 0cd9414a_20240913_170919.data
150.0 110.0 17 24.427921052631582 0cd9414a_20240913_170943.data
130.0 110.0 17 24.427921052631582 0cd9414a_20240913_171007.data
110.0 110.0 17 24.427921052631582 0cd9414a_20240913_171031.data
90.0 110.0 17 24.427921052631582 0cd9414a_20240913_171055.data
70.0 110.0 17 24.427921052631582 0cd9414a_20240913_171119.data
50.0 110.0 17 24.427921052631582 0cd9414a_20240913_171143.data
30.0 110.0 17 24.427921052631582 0cd9414a_20240913_171207.data
10.0 110.0 17 24.322552631578947 0cd9414a_20240913_171231.data
10.0 130.0 17 24.427921052631582 0cd9414a_20240913_171255.data
30.0 130.0 17 24.322552631578947 0cd9414a_20240913_171319.data
50.0 130.0 17 24.427921052631582 0cd9414a_20240913_171343.data
70.0 130.0 17 24.427921052631582 0cd9414a_20240913_171407.data
90.0 130.0 17 24.532868421052633 0cd9414a_20240913_171431.data
110.0 130.0 17 24.427921052631582 0cd9414a_20240913_171455.data
130.0 130.0 17 24.427921052631582 0cd9414a_20240913_171519.data
150.0 130.0 17 24.427921052631582 0cd9414a_20240913_171543.data
170.0 130.0 17 24.216789473684212 0cd9414a_20240913_171607.data
190.0 130.0 17 24.322552631578947 0cd9414a_20240913_171631.data
210.0 130.0 17 24.427921052631582 0cd9414a_20240913_171655.data
230.0 130.0 17 24.427921052631582 0cd9414a_20240913_171719.data
250.0 130.0 17 24.427921052631582 0cd9414a_20240913_171743.data
270.0 130.0 17 24.427921052631582 0cd9414a_20240913_171808.data
290.0 130.0 17 24.322552631578947 0cd9414a_20240913_171832.data
290.0 150.0 17 24.322552631578947 0cd9414a_20240913_171856.data
270.0 150.0 17 24.322552631578947 0cd9414a_20240913_171920.data
250.0 150.0 17 24.427921052631582 0cd9414a_20240913_171944.data
230.0 150.0 17 24.427921052631582 0cd9414a_20240913_172008.data
210.0 150.0 17 24.427921052631582 0cd9414a_20240913_172032.data
190.0 150.0 17 24.322552631578947 0cd9414a_20240913_172056.data
170.0 150.0 17 24.427921052631582 0cd9414a_20240913_172120.data
150.0 150.0 17 24.427921052631582 0cd9414a_20240913_172144.data
130.0 150.0 17 24.427921052631582 0cd9414a_20240913_172208.data
110.0 150.0 17 24.427921052631582 0cd9414a_20240913_172232.data
90.0 150.0 17 24.322552631578947 0cd9414a_20240913_172256.data
70.0 150.0 17 24.637394736842104 0cd9414a_20240913_172320.data
50.0 150.0 17 24.427921052631582 0cd9414a_20240913_172344.data
30.0 150.0 17 24.427921052631582 0cd9414a_20240913_172408.data
10.0 150.0 17 24.427921052631582 0cd9414a_20240913_172432.data
10.0 170.0 17 24.322552631578947 0cd9414a_20240913_172456.data
30.0 170.0 17 24.427921052631582 0cd9414a_20240913_172520.data
50.0 170.0 17 24.427921052631582 0cd9414a_20240913_172544.data
70.0 170.0 17 24.322552631578947 0cd9414a_20240913_172608.data
90.0 170.0 17 24.427921052631582 0cd9414a_20240913_172632.data
110.0 170.0 17 24.427921052631582 0cd9414a_20240913_172656.data
130.0 170.0 17 24.427921052631582 0cd9414a_20240913_172720.data
150.0 170.0 17 24.427921052631582 0cd9414a_20240913_172744.data
170.0 170.0 17 24.427921052631582 0cd9414a_20240913_172808.data
190.0 170.0 17 24.427921052631582 0cd9414a_20240913_172832.data
210.0 170.0 17 24.427921052631582 0cd9414a_20240913_172856.data
230.0 170.0 17 24.427921052631582 0cd9414a_20240913_172920.data
250.0 170.0 17 24.637394736842104 0cd9414a_20240913_172944.data
270.0 170.0 17 24.427921052631582 0cd9414a_20240913_173008.data
290.0 170.0 17 24.637394736842104 0cd9414a_20240913_173032.data
290.0 190.0 17 24.427921052631582 0cd9414a_20240913_173056.data
270.0 190.0 17 24.322552631578947 0cd9414a_20240913_173120.data
250.0 190.0 17 24.427921052631582 0cd9414a_20240913_173144.data
230.0 190.0 17 24.427921052631582 0cd9414a_20240913_173208.data
210.0 190.0 17 24.427921052631582 0cd9414a_20240913_173232.data
190.0 190.0 17 24.427921052631582 0cd9414a_20240913_173256.data
170.0 190.0 17 24.427921052631582 0cd9414a_20240913_173320.data
150.0 190.0 17 24.427921052631582 0cd9414a_20240913_173344.data
130.0 190.0 17 24.427921052631582 0cd9414a_20240913_173408.data
110.0 190.0 17 24.427921052631582 0cd9414a_20240913_173432.data
90.0 190.0 17 24.427921052631582 0cd9414a_20240913_173456.data
70.0 190.0 17 24.427921052631582 0cd9414a_20240913_173520.data
50.0 190.0 17 24.427921052631582 0cd9414a_20240913_173544.data
30.0 190.0 17 24.427921052631582 0cd9414a_20240913_173608.data
10.0 190.0 17 24.427921052631582 0cd9414a_20240913_173632.data
10.0 210.0 17 24.427921052631582 0cd9414a_20240913_173656.data
30.0 210.0 17 24.427921052631582 0cd9414a_20240913_173720.data
50.0 210.0 17 24.427921052631582 0cd9414a_20240913_173744.data
70.0 210.0 17 24.427921052631582 0cd9414a_20240913_173808.data
90.0 210.0 17 24.427921052631582 0cd9414a_20240913_173832.data
110.0 210.0 17 24.427921052631582 0cd9414a_20240913_173856.data
130.0 210.0 17 24.427921052631582 0cd9414a_20240913_173920.data
150.0 210.0 17 24.427921052631582 0cd9414a_20240913_173944.data
170.0 210.0 17 24.637394736842104 0cd9414a_20240913_174008.data
190.0 210.0 17 24.427921052631582 0cd9414a_20240913_174032.data
210.0 210.0 17 24.427921052631582 0cd9414a_20240913_174056.data
230.0 210.0 17 24.532868421052633 0cd9414a_20240913_174120.data
250.0 210.0 17 24.427921052631582 0cd9414a_20240913_174144.data
270.0 210.0 17 24.532868421052633 0cd9414a_20240913_174208.data
290.0 210.0 17 24.427921052631582 0cd9414a_20240913_174232.data
290.0 230.0 17 24.427921052631582 0cd9414a_20240913_174256.data
270.0 230.0 17 24.322552631578947 0cd9414a_20240913_174320.data
250.0 230.0 17 24.427921052631582 0cd9414a_20240913_174344.data
230.0 230.0 17 24.427921052631582 0cd9414a_20240913_174408.data
210.0 230.0 17 24.427921052631582 0cd9414a_20240913_174432.data
190.0 230.0 17 24.427921052631582 0cd9414a_20240913_174456.data
170.0 230.0 17 24.427921052631582 0cd9414a_20240913_174520.data
150.0 230.0 17 24.427921052631582 0cd9414a_20240913_174544.data
130.0 230.0 17 24.427921052631582 0cd9414a_20240913_174608.data
110.0 230.0 17 24.427921052631582 0cd9414a_20240913_174632.data
90.0 230.0 17 24.427921052631582 0cd9414a_20240913_174656.data
70.0 230.0 17 24.532868421052633 0cd9414a_20240913_174720.data
50.0 230.0 17 24.427921052631582 0cd9414a_20240913_174744.data
30.0 230.0 17 24.427921052631582 0cd9414a_20240913_174808.data
10.0 230.0 17 24.427921052631582 0cd9414a_20240913_174832.data
10.0 250.0 17 24.427921052631582 0cd9414a_20240913_174856.data
30.0 250.0 17 24.637394736842104 0cd9414a_20240913_174920.data
50.0 250.0 17 24.427921052631582 0cd9414a_20240913_174945.data
70.0 250.0 17 24.427921052631582 0cd9414a_20240913_175008.data
90.0 250.0 17 24.637394736842104 0cd9414a_20240913_175032.data
110.0 250.0 17 24.637394736842104 0cd9414a_20240913_175057.data
130.0 250.0 17 24.427921052631582 0cd9414a_20240913_175121.data
150.0 250.0 17 24.322552631578947 0cd9414a_20240913_175145.data
170.0 250.0 17 24.427921052631582 0cd9414a_20240913_175209.data
190.0 250.0 17 24.427921052631582 0cd9414a_20240913_175233.data
210.0 250.0 17 24.427921052631582 0cd9414a_20240913_175257.data
230.0 250.0 17 24.427921052631582 0cd9414a_20240913_175321.data
250.0 250.0 17 24.427921052631582 0cd9414a_20240913_175345.data
270.0 250.0 17 24.427921052631582 0cd9414a_20240913_175409.data
290.0 250.0 17 24.427921052631582 0cd9414a_20240913_175433.data
290.0 270.0 17 24.427921052631582 0cd9414a_20240913_175457.data
270.0 270.0 17 24.427921052631582 0cd9414a_20240913_175521.data
250.0 270.0 17 24.322552631578947 0cd9414a_20240913_175545.data
230.0 270.0 17 24.427921052631582 0cd9414a_20240913_175609.data
210.0 270.0 17 24.427921052631582 0cd9414a_20240913_175633.data
190.0 270.0 17 24.427921052631582 0cd9414a_20240913_175657.data
170.0 270.0 17 24.427921052631582 0cd9414a_20240913_175721.data
150.0 270.0 17 24.427921052631582 0cd9414a_20240913_175745.data
130.0 270.0 17 24.427921052631582 0cd9414a_20240913_175809.data
110.0 270.0 17 24.427921052631582 0cd9414a_20240913_175833.data
90.0 270.0 17 24.427921052631582 0cd9414a_20240913_175857.data
70.0 270.0 17 -1 0cd9414a_20240913_175921.data
50.0 270.0 17 24.427921052631582 0cd9414a_20240913_175945.data
30.0 270.0 17 24.427921052631582 0cd9414a_20240913_180009.data
10.0 270.0 17 -1 0cd9414a_20240913_180033.data
10.0 290.0 17 24.427921052631582 0cd9414a_20240913_180057.data
30.0 290.0 17 24.427921052631582 0cd9414a_20240913_180121.data
50.0 290.0 17 -1 0cd9414a_20240913_180145.data
70.0 290.0 17 24.427921052631582 0cd9414a_20240913_180209.data
90.0 290.0 17 24.427921052631582 0cd9414a_20240913_180233.data
110.0 290.0 17 -1 0cd9414a_20240913_180257.data
130.0 290.0 17 24.532868421052633 0cd9414a_20240913_180321.data
150.0 290.0 17 24.427921052631582 0cd9414a_20240913_180345.data
170.0 290.0 17 -1 0cd9414a_20240913_180409.data
190.0 290.0 17 24.532868421052633 0cd9414a_20240913_180433.data
210.0 290.0 17 24.532868421052633 0cd9414a_20240913_180457.data
230.0 290.0 17 24.427921052631582 0cd9414a_20240913_180521.data
250.0 290.0 17 24.532868421052633 0cd9414a_20240913_180545.data
270.0 290.0 17 24.532868421052633 0cd9414a_20240913_180609.data
290.0 290.0 17 24.532868421052633 0cd9414a_20240913_180633.data
290.0 310.0 17 24.532868421052633 0cd9414a_20240913_180657.data
270.0 310.0 17 24.532868421052633 0cd9414a_20240913_180721.data
250.0 310.0 17 24.427921052631582 0cd9414a_20240913_180745.data
230.0 310.0 17 24.532868421052633 0cd9414a_20240913_180809.data
210.0 310.0 17 24.532868421052633 0cd9414a_20240913_180833.data
190.0 310.0 17 24.532868421052633 0cd9414a_20240913_180857.data
170.0 310.0 17 24.532868421052633 0cd9414a_20240913_180921.data
150.0 310.0 17 24.532868421052633 0cd9414a_20240913_180945.data
130.0 310.0 17 24.532868421052633 0cd9414a_20240913_181009.data
110.0 310.0 17 24.637394736842104 0cd9414a_20240913_181033.data
90.0 310.0 17 24.532868421052633 0cd9414a_20240913_181057.data
70.0 310.0 17 24.532868421052633 0cd9414a_20240913_181121.data
50.0 310.0 17 24.532868421052633 0cd9414a_20240913_181145.data
30.0 310.0 17 24.532868421052633 0cd9414a_20240913_181209.data
10.0 310.0 17 24.427921052631582 0cd9414a_20240913_181233.data
10.0 330.0 17 24.532868421052633 0cd9414a_20240913_181257.data
30.0 330.0 17 24.532868421052633 0cd9414a_20240913_181321.data
50.0 330.0 17 24.741500000000002 0cd9414a_20240913_181345.data
70.0 330.0 17 24.532868421052633 0cd9414a_20240913_181409.data
90.0 330.0 17 24.427921052631582 0cd9414a_20240913_181433.data
110.0 330.0 17 24.427921052631582 0cd9414a_20240913_181457.data
130.0 330.0 17 24.532868421052633 0cd9414a_20240913_181521.data
150.0 330.0 17 24.532868421052633 0cd9414a_20240913_181545.data
170.0 330.0 17 24.532868421052633 0cd9414a_20240913_181609.data
190.0 330.0 17 24.532868421052633 0cd9414a_20240913_181633.data
210.0 330.0 17 24.532868421052633 0cd9414a_20240913_181657.data
230.0 330.0 17 24.532868421052633 0cd9414a_20240913_181721.data
250.0 330.0 17 24.427921052631582 0cd9414a_20240913_181745.data
270.0 330.0 17 24.532868421052633 0cd9414a_20240913_181809.data
290.0 330.0 17 24.532868421052633 0cd9414a_20240913_181833.data
10.0 350.0 17 24.532868421052633 0cd9414a_20240913_200248.data
30.0 350.0 17 24.637394736842104 0cd9414a_20240913_200312.data
50.0 350.0 17 24.532868421052633 0cd9414a_20240913_200336.data
70.0 350.0 17 24.532868421052633 0cd9414a_20240913_200400.data
90.0 350.0 17 24.427921052631582 0cd9414a_20240913_200424.data
110.0 350.0 17 24.427921052631582 0cd9414a_20240913_200448.data
130.0 350.0 17 24.427921052631582 0cd9414a_20240913_200512.data
150.0 350.0 17 24.532868421052633 0cd9414a_20240913_200536.data
170.0 350.0 17 24.532868421052633 0cd9414a_20240913_200600.data
190.0 350.0 17 24.427921052631582 0cd9414a_20240913_200624.data
210.0 350.0 17 24.532868421052633 0cd9414a_20240913_200648.data
230.0 350.0 17 24.532868421052633 0cd9414a_20240913_200712.data
250.0 350.0 17 24.532868421052633 0cd9414a_20240913_200736.data
270.0 350.0 17 24.532868421052633 0cd9414a_20240913_200800.data
290.0 350.0 17 24.532868421052633 0cd9414a_20240913_200824.data
290.0 370.0 17 24.532868421052633 0cd9414a_20240913_200848.data
270.0 370.0 17 24.427921052631582 0cd9414a_20240913_200912.data
250.0 370.0 17 24.532868421052633 0cd9414a_20240913_200936.data
230.0 370.0 17 24.427921052631582 0cd9414a_20240913_201000.data
210.0 370.0 17 24.532868421052633 0cd9414a_20240913_201024.data
190.0 370.0 17 24.532868421052633 0cd9414a_20240913_201048.data
170.0 370.0 17 24.427921052631582 0cd9414a_20240913_201112.data
150.0 370.0 17 24.427921052631582 0cd9414a_20240913_201136.data
130.0 370.0 17 24.532868421052633 0cd9414a_20240913_201200.data
110.0 370.0 17 24.427921052631582 0cd9414a_20240913_201224.data
90.0 370.0 17 24.532868421052633 0cd9414a_20240913_201248.data
70.0 370.0 17 24.427921052631582 0cd9414a_20240913_201312.data
50.0 370.0 17 24.532868421052633 0cd9414a_20240913_201336.data
30.0 370.0 17 24.741500000000002 0cd9414a_20240913_201400.data
10.0 370.0 17 24.532868421052633 0cd9414a_20240913_201424.data
10.0 390.0 17 24.427921052631582 0cd9414a_20240913_201448.data
30.0 390.0 17 24.532868421052633 0cd9414a_20240913_201513.data
50.0 390.0 17 24.427921052631582 0cd9414a_20240913_201537.data
70.0 390.0 17 24.427921052631582 0cd9414a_20240913_201601.data
90.0 390.0 17 24.427921052631582 0cd9414a_20240913_201625.data
110.0 390.0 17 24.532868421052633 0cd9414a_20240913_201649.data
130.0 390.0 17 24.532868421052633 0cd9414a_20240913_201713.data
150.0 390.0 17 24.532868421052633 0cd9414a_20240913_201737.data
170.0 390.0 17 24.427921052631582 0cd9414a_20240913_201801.data
190.0 390.0 17 24.532868421052633 0cd9414a_20240913_201825.data
210.0 390.0 17 24.532868421052633 0cd9414a_20240913_201849.data
230.0 390.0 17 24.532868421052633 0cd9414a_20240913_201913.data
250.0 390.0 17 24.427921052631582 0cd9414a_20240913_201937.data
270.0 390.0 17 24.532868421052633 0cd9414a_20240913_202001.data
290.0 390.0 17 24.532868421052633 0cd9414a_20240913_202025.data
290.0 410.0 17 24.427921052631582 0cd9414a_20240913_202049.data
270.0 410.0 17 24.532868421052633 0cd9414a_20240913_202113.data
250.0 410.0 17 24.427921052631582 0cd9414a_20240913_202137.data
230.0 410.0 17 24.427921052631582 0cd9414a_20240913_202201.data
210.0 410.0 17 24.427921052631582 0cd9414a_20240913_202225.data
190.0 410.0 17 24.532868421052633 0cd9414a_20240913_202249.data
170.0 410.0 17 24.427921052631582 0cd9414a_20240913_202313.data
150.0 410.0 17 24.427921052631582 0cd9414a_20240913_202337.data
130.0 410.0 17 24.532868421052633 0cd9414a_20240913_202401.data
110.0 410.0 17 24.532868421052633 0cd9414a_20240913_202425.data
90.0 410.0 17 24.532868421052633 0cd9414a_20240913_202449.data
70.0 410.0 17 24.427921052631582 0cd9414a_20240913_202513.data
50.0 410.0 17 24.532868421052633 0cd9414a_20240913_202537.data
30.0 410.0 17 24.532868421052633 0cd9414a_20240913_202601.data
10.0 410.0 17 24.427921052631582 0cd9414a_20240913_202625.data
10.0 430.0 17 24.532868421052633 0cd9414a_20240913_202649.data
30.0 430.0 17 24.427921052631582 0cd9414a_20240913_202713.data
50.0 430.0 17 24.532868421052633 0cd9414a_20240913_202737.data
70.0 430.0 17 24.427921052631582 0cd9414a_20240913_202801.data
90.0 430.0 17 24.532868421052633 0cd9414a_20240913_202825.data
110.0 430.0 17 24.427921052631582 0cd9414a_20240913_202849.data
130.0 430.0 17 24.532868421052633 0cd9414a_20240913_202913.data
150.0 430.0 17 24.532868421052633 0cd9414a_20240913_202937.data
170.0 430.0 17 24.532868421052633 0cd9414a_20240913_203001.data
190.0 430.0 17 24.532868421052633 0cd9414a_20240913_203025.data
210.0 430.0 17 24.532868421052633 0cd9414a_20240913_203049.data
230.0 430.0 17 24.532868421052633 0cd9414a_20240913_203113.data
250.0 430.0 17 24.532868421052633 0cd9414a_20240913_203137.data
270.0 430.0 17 24.532868421052633 0cd9414a_20240913_203201.data
290.0 430.0 17 24.532868421052633 0cd9414a_20240913_203225.data
290.0 450.0 17 24.427921052631582 0cd9414a_20240913_203249.data
270.0 450.0 17 24.427921052631582 0cd9414a_20240913_203313.data
250.0 450.0 17 24.427921052631582 0cd9414a_20240913_203337.data
230.0 450.0 17 24.532868421052633 0cd9414a_20240913_203401.data
210.0 450.0 17 24.532868421052633 0cd9414a_20240913_203425.data
190.0 450.0 17 24.532868421052633 0cd9414a_20240913_203449.data
170.0 450.0 17 24.427921052631582 0cd9414a_20240913_203513.data
150.0 450.0 17 24.427921052631582 0cd9414a_20240913_203537.data
130.0 450.0 17 24.532868421052633 0cd9414a_20240913_203601.data
110.0 450.0 17 24.532868421052633 0cd9414a_20240913_203625.data
90.0 450.0 17 24.532868421052633 0cd9414a_20240913_203649.data
70.0 450.0 17 24.637394736842104 0cd9414a_20240913_203713.data
50.0 450.0 17 24.532868421052633 0cd9414a_20240913_203737.data
30.0 450.0 17 24.427921052631582 0cd9414a_20240913_203801.data
10.0 450.0 17 24.532868421052633 0cd9414a_20240913_203825.data
10.0 470.0 17 24.532868421052633 0cd9414a_20240913_203849.data
30.0 470.0 17 24.532868421052633 0cd9414a_20240913_203913.data
50.0 470.0 17 24.532868421052633 0cd9414a_20240913_203937.data
70.0 470.0 17 24.532868421052633 0cd9414a_20240913_204001.data
90.0 470.0 17 24.427921052631582 0cd9414a_20240913_204025.data
110.0 470.0 17 24.532868421052633 0cd9414a_20240913_204049.data
130.0 470.0 17 24.427921052631582 0cd9414a_20240913_204113.data
150.0 470.0 17 24.532868421052633 0cd9414a_20240913_204137.data
170.0 470.0 17 24.532868421052633 0cd9414a_20240913_204201.data
190.0 470.0 17 24.532868421052633 0cd9414a_20240913_204225.data
210.0 470.0 17 24.532868421052633 0cd9414a_20240913_204249.data
230.0 470.0 17 24.532868421052633 0cd9414a_20240913_204313.data
250.0 470.0 17 24.532868421052633 0cd9414a_20240913_204337.data
270.0 470.0 17 24.532868421052633 0cd9414a_20240913_204401.data
290.0 470.0 17 24.427921052631582 0cd9414a_20240913_204425.data
