-1 -1 -1 22.969809523809523 0cd9414a_20240917_120532.data
10.0 10.0 17 22.969809523809523 0cd9414a_20240917_120611.data
30.0 10.0 17 22.868976190476186 0cd9414a_20240917_120635.data
50.0 10.0 17 22.969809523809523 0cd9414a_20240917_120659.data
70.0 10.0 17 22.868976190476186 0cd9414a_20240917_120723.data
90.0 10.0 17 22.969809523809523 0cd9414a_20240917_120747.data
110.0 10.0 17 22.868976190476186 0cd9414a_20240917_120811.data
130.0 10.0 17 22.969809523809523 0cd9414a_20240917_120835.data
150.0 10.0 17 22.969809523809523 0cd9414a_20240917_120859.data
170.0 10.0 17 22.868976190476186 0cd9414a_20240917_120923.data
190.0 10.0 17 22.969809523809523 0cd9414a_20240917_120947.data
210.0 10.0 17 22.868976190476186 0cd9414a_20240917_121011.data
230.0 10.0 17 22.969809523809523 0cd9414a_20240917_121035.data
250.0 10.0 17 22.868976190476186 0cd9414a_20240917_121059.data
270.0 10.0 17 22.868976190476186 0cd9414a_20240917_121123.data
290.0 10.0 17 22.868976190476186 0cd9414a_20240917_121147.data
290.0 30.0 17 22.969809523809523 0cd9414a_20240917_121211.data
270.0 30.0 17 22.868976190476186 0cd9414a_20240917_121235.data
250.0 30.0 17 22.969809523809523 0cd9414a_20240917_121259.data
230.0 30.0 17 22.868976190476186 0cd9414a_20240917_121323.data
210.0 30.0 17 22.868976190476186 0cd9414a_20240917_121348.data
190.0 30.0 17 22.969809523809523 0cd9414a_20240917_121412.data
170.0 30.0 17 22.868976190476186 0cd9414a_20240917_121436.data
150.0 30.0 17 22.969809523809523 0cd9414a_20240917_121500.data
130.0 30.0 17 22.969809523809523 0cd9414a_20240917_121524.data
110.0 30.0 17 22.868976190476186 0cd9414a_20240917_121548.data
90.0 30.0 17 22.969809523809523 0cd9414a_20240917_121612.data
70.0 30.0 17 22.969809523809523 0cd9414a_20240917_121636.data
50.0 30.0 17 22.868976190476186 0cd9414a_20240917_121700.data
30.0 30.0 17 22.969809523809523 0cd9414a_20240917_121724.data
10.0 30.0 17 22.868976190476186 0cd9414a_20240917_121748.data
10.0 50.0 17 22.868976190476186 0cd9414a_20240917_121812.data
30.0 50.0 17 22.969809523809523 0cd9414a_20240917_121836.data
50.0 50.0 17 22.868976190476186 0cd9414a_20240917_121900.data
70.0 50.0 17 22.868976190476186 0cd9414a_20240917_121924.data
90.0 50.0 17 22.969809523809523 0cd9414a_20240917_121948.data
110.0 50.0 17 22.868976190476186 0cd9414a_20240917_122012.data
130.0 50.0 17 22.868976190476186 0cd9414a_20240917_122036.data
150.0 50.0 17 22.868976190476186 0cd9414a_20240917_122100.data
170.0 50.0 17 22.868976190476186 0cd9414a_20240917_122124.data
190.0 50.0 17 22.969809523809523 0cd9414a_20240917_122148.data
210.0 50.0 17 22.969809523809523 0cd9414a_20240917_122212.data
230.0 50.0 17 22.868976190476186 0cd9414a_20240917_122236.data
250.0 50.0 17 22.969809523809523 0cd9414a_20240917_122300.data
270.0 50.0 17 22.868976190476186 0cd9414a_20240917_122324.data
290.0 50.0 17 22.868976190476186 0cd9414a_20240917_122348.data
290.0 70.0 17 22.969809523809523 0cd9414a_20240917_122412.data
270.0 70.0 17 22.868976190476186 0cd9414a_20240917_122436.data
250.0 70.0 17 22.868976190476186 0cd9414a_20240917_122500.data
230.0 70.0 17 22.868976190476186 0cd9414a_20240917_122524.data
210.0 70.0 17 23.073725 0cd9414a_20240917_122548.data
190.0 70.0 17 23.178749999999997 0cd9414a_20240917_122612.data
170.0 70.0 17 22.969809523809523 0cd9414a_20240917_122636.data
150.0 70.0 17 22.868976190476186 0cd9414a_20240917_122700.data
130.0 70.0 17 22.868976190476186 0cd9414a_20240917_122724.data
110.0 70.0 17 22.969809523809523 0cd9414a_20240917_122748.data
90.0 70.0 17 22.868976190476186 0cd9414a_20240917_122812.data
70.0 70.0 17 22.868976190476186 0cd9414a_20240917_122836.data
50.0 70.0 17 22.868976190476186 0cd9414a_20240917_122900.data
30.0 70.0 17 22.868976190476186 0cd9414a_20240917_122924.data
10.0 70.0 17 22.868976190476186 0cd9414a_20240917_122948.data
10.0 90.0 17 22.868976190476186 0cd9414a_20240917_123012.data
30.0 90.0 17 22.868976190476186 0cd9414a_20240917_123036.data
50.0 90.0 17 22.868976190476186 0cd9414a_20240917_123100.data
70.0 90.0 17 22.868976190476186 0cd9414a_20240917_123124.data
90.0 90.0 17 22.868976190476186 0cd9414a_20240917_123148.data
110.0 90.0 17 22.969809523809523 0cd9414a_20240917_123212.data
130.0 90.0 17 22.969809523809523 0cd9414a_20240917_123236.data
150.0 90.0 17 22.969809523809523 0cd9414a_20240917_123300.data
170.0 90.0 17 22.868976190476186 0cd9414a_20240917_123324.data
190.0 90.0 17 22.868976190476186 0cd9414a_20240917_123348.data
210.0 90.0 17 22.868976190476186 0cd9414a_20240917_123412.data
230.0 90.0 17 22.868976190476186 0cd9414a_20240917_123436.data
250.0 90.0 17 22.868976190476186 0cd9414a_20240917_123500.data
270.0 90.0 17 22.868976190476186 0cd9414a_20240917_123524.data
290.0 90.0 17 22.969809523809523 0cd9414a_20240917_123548.data
290.0 110.0 17 22.969809523809523 0cd9414a_20240917_123612.data
270.0 110.0 17 22.969809523809523 0cd9414a_20240917_123636.data
250.0 110.0 17 22.969809523809523 0cd9414a_20240917_123700.data
230.0 110.0 17 22.969809523809523 0cd9414a_20240917_123724.data
210.0 110.0 17 22.969809523809523 0cd9414a_20240917_123748.data
190.0 110.0 17 22.868976190476186 0cd9414a_20240917_123812.data
170.0 110.0 17 22.969809523809523 0cd9414a_20240917_123836.data
150.0 110.0 17 22.868976190476186 0cd9414a_20240917_123900.data
130.0 110.0 17 22.868976190476186 0cd9414a_20240917_123924.data
110.0 110.0 17 22.969809523809523 0cd9414a_20240917_123948.data
90.0 110.0 17 22.969809523809523 0cd9414a_20240917_124012.data
70.0 110.0 17 22.868976190476186 0cd9414a_20240917_124036.data
50.0 110.0 17 22.868976190476186 0cd9414a_20240917_124100.data
30.0 110.0 17 22.868976190476186 0cd9414a_20240917_124124.data
10.0 110.0 17 22.868976190476186 0cd9414a_20240917_124148.data
10.0 130.0 17 22.868976190476186 0cd9414a_20240917_124212.data
30.0 130.0 17 22.969809523809523 0cd9414a_20240917_124237.data
50.0 130.0 17 22.868976190476186 0cd9414a_20240917_124301.data
70.0 130.0 17 22.868976190476186 0cd9414a_20240917_124325.data
90.0 130.0 17 22.868976190476186 0cd9414a_20240917_124349.data
110.0 130.0 17 22.969809523809523 0cd9414a_20240917_124413.data
130.0 130.0 17 22.868976190476186 0cd9414a_20240917_124437.data
150.0 130.0 17 22.868976190476186 0cd9414a_20240917_124501.data
170.0 130.0 17 22.868976190476186 0cd9414a_20240917_124525.data
190.0 130.0 17 22.868976190476186 0cd9414a_20240917_124549.data
210.0 130.0 17 22.969809523809523 0cd9414a_20240917_124613.data
230.0 130.0 17 22.868976190476186 0cd9414a_20240917_124637.data
250.0 130.0 17 22.868976190476186 0cd9414a_20240917_124701.data
270.0 130.0 17 22.868976190476186 0cd9414a_20240917_124725.data
290.0 130.0 17 22.969809523809523 0cd9414a_20240917_124749.data
290.0 150.0 17 22.868976190476186 0cd9414a_20240917_124813.data
270.0 150.0 17 22.868976190476186 0cd9414a_20240917_124837.data
250.0 150.0 17 22.969809523809523 0cd9414a_20240917_124901.data
230.0 150.0 17 22.969809523809523 0cd9414a_20240917_124925.data
210.0 150.0 17 22.969809523809523 0cd9414a_20240917_124949.data
190.0 150.0 17 22.969809523809523 0cd9414a_20240917_125013.data
170.0 150.0 17 22.868976190476186 0cd9414a_20240917_125037.data
150.0 150.0 17 22.969809523809523 0cd9414a_20240917_125101.data
130.0 150.0 17 22.969809523809523 0cd9414a_20240917_125125.data
110.0 150.0 17 22.868976190476186 0cd9414a_20240917_125149.data
90.0 150.0 17 22.868976190476186 0cd9414a_20240917_125213.data
70.0 150.0 17 22.969809523809523 0cd9414a_20240917_125237.data
50.0 150.0 17 22.969809523809523 0cd9414a_20240917_125301.data
30.0 150.0 17 22.868976190476186 0cd9414a_20240917_125325.data
10.0 150.0 17 22.969809523809523 0cd9414a_20240917_125349.data
10.0 170.0 17 22.969809523809523 0cd9414a_20240917_125413.data
30.0 170.0 17 22.969809523809523 0cd9414a_20240917_125437.data
50.0 170.0 17 22.969809523809523 0cd9414a_20240917_125501.data
70.0 170.0 17 22.868976190476186 0cd9414a_20240917_125525.data
90.0 170.0 17 22.969809523809523 0cd9414a_20240917_125549.data
110.0 170.0 17 22.969809523809523 0cd9414a_20240917_125613.data
130.0 170.0 17 23.073725 0cd9414a_20240917_125637.data
150.0 170.0 17 22.868976190476186 0cd9414a_20240917_125701.data
170.0 170.0 17 22.969809523809523 0cd9414a_20240917_125725.data
190.0 170.0 17 22.969809523809523 0cd9414a_20240917_125749.data
210.0 170.0 17 22.969809523809523 0cd9414a_20240917_125813.data
230.0 170.0 17 22.969809523809523 0cd9414a_20240917_125837.data
250.0 170.0 17 22.969809523809523 0cd9414a_20240917_125901.data
270.0 170.0 17 22.868976190476186 0cd9414a_20240917_125925.data
290.0 170.0 17 22.868976190476186 0cd9414a_20240917_125949.data
290.0 190.0 17 22.868976190476186 0cd9414a_20240917_130013.data
270.0 190.0 17 22.868976190476186 0cd9414a_20240917_130037.data
250.0 190.0 17 22.868976190476186 0cd9414a_20240917_130101.data
230.0 190.0 17 22.868976190476186 0cd9414a_20240917_130125.data
210.0 190.0 17 22.868976190476186 0cd9414a_20240917_130149.data
190.0 190.0 17 22.969809523809523 0cd9414a_20240917_130213.data
170.0 190.0 17 22.868976190476186 0cd9414a_20240917_130237.data
150.0 190.0 17 22.969809523809523 0cd9414a_20240917_130301.data
130.0 190.0 17 22.868976190476186 0cd9414a_20240917_130325.data
110.0 190.0 17 22.868976190476186 0cd9414a_20240917_130349.data
90.0 190.0 17 22.868976190476186 0cd9414a_20240917_130413.data
70.0 190.0 17 22.969809523809523 0cd9414a_20240917_130437.data
50.0 190.0 17 22.868976190476186 0cd9414a_20240917_130501.data
30.0 190.0 17 22.868976190476186 0cd9414a_20240917_130525.data
10.0 190.0 17 22.868976190476186 0cd9414a_20240917_130549.data
10.0 210.0 17 22.969809523809523 0cd9414a_20240917_130613.data
30.0 210.0 17 22.868976190476186 0cd9414a_20240917_130637.data
50.0 210.0 17 22.868976190476186 0cd9414a_20240917_130701.data
70.0 210.0 17 22.969809523809523 0cd9414a_20240917_130725.data
90.0 210.0 17 22.868976190476186 0cd9414a_20240917_130749.data
110.0 210.0 17 22.969809523809523 0cd9414a_20240917_130813.data
130.0 210.0 17 22.969809523809523 0cd9414a_20240917_130837.data
150.0 210.0 17 22.969809523809523 0cd9414a_20240917_130901.data
170.0 210.0 17 22.868976190476186 0cd9414a_20240917_130925.data
190.0 210.0 17 22.969809523809523 0cd9414a_20240917_130949.data
210.0 210.0 17 22.969809523809523 0cd9414a_20240917_131013.data
230.0 210.0 17 22.969809523809523 0cd9414a_20240917_131037.data
250.0 210.0 17 22.868976190476186 0cd9414a_20240917_131101.data
270.0 210.0 17 22.969809523809523 0cd9414a_20240917_131125.data
290.0 210.0 17 22.969809523809523 0cd9414a_20240917_131150.data
290.0 230.0 17 22.969809523809523 0cd9414a_20240917_131214.data
270.0 230.0 17 22.969809523809523 0cd9414a_20240917_131238.data
250.0 230.0 17 22.868976190476186 0cd9414a_20240917_131302.data
230.0 230.0 17 22.868976190476186 0cd9414a_20240917_131326.data
210.0 230.0 17 22.969809523809523 0cd9414a_20240917_131350.data
190.0 230.0 17 22.767738095238098 0cd9414a_20240917_131414.data
170.0 230.0 17 22.969809523809523 0cd9414a_20240917_131438.data
150.0 230.0 17 22.868976190476186 0cd9414a_20240917_131502.data
130.0 230.0 17 22.868976190476186 0cd9414a_20240917_131526.data
110.0 230.0 17 22.868976190476186 0cd9414a_20240917_131550.data
90.0 230.0 17 22.969809523809523 0cd9414a_20240917_131614.data
70.0 230.0 17 22.868976190476186 0cd9414a_20240917_131638.data
50.0 230.0 17 22.969809523809523 0cd9414a_20240917_131702.data
30.0 230.0 17 22.868976190476186 0cd9414a_20240917_131726.data
10.0 230.0 17 22.868976190476186 0cd9414a_20240917_131750.data
10.0 250.0 17 22.969809523809523 0cd9414a_20240917_131814.data
30.0 250.0 17 22.969809523809523 0cd9414a_20240917_131838.data
50.0 250.0 17 22.969809523809523 0cd9414a_20240917_131902.data
70.0 250.0 17 22.969809523809523 0cd9414a_20240917_131926.data
90.0 250.0 17 22.868976190476186 0cd9414a_20240917_131950.data
110.0 250.0 17 22.868976190476186 0cd9414a_20240917_132014.data
130.0 250.0 17 22.969809523809523 0cd9414a_20240917_132038.data
150.0 250.0 17 22.969809523809523 0cd9414a_20240917_132102.data
170.0 250.0 17 22.969809523809523 0cd9414a_20240917_132126.data
190.0 250.0 17 22.969809523809523 0cd9414a_20240917_132150.data
210.0 250.0 17 22.868976190476186 0cd9414a_20240917_132214.data
230.0 250.0 17 22.868976190476186 0cd9414a_20240917_132238.data
250.0 250.0 17 22.868976190476186 0cd9414a_20240917_132302.data
270.0 250.0 17 22.868976190476186 0cd9414a_20240917_132326.data
290.0 250.0 17 22.969809523809523 0cd9414a_20240917_132350.data
290.0 270.0 17 22.868976190476186 0cd9414a_20240917_132414.data
270.0 270.0 17 22.767738095238098 0cd9414a_20240917_132438.data
250.0 270.0 17 22.868976190476186 0cd9414a_20240917_132502.data
230.0 270.0 17 22.969809523809523 0cd9414a_20240917_132526.data
210.0 270.0 17 22.868976190476186 0cd9414a_20240917_132550.data
190.0 270.0 17 23.073725 0cd9414a_20240917_132614.data
170.0 270.0 17 23.178749999999997 0cd9414a_20240917_132638.data
150.0 270.0 17 23.178749999999997 0cd9414a_20240917_132702.data
130.0 270.0 17 22.868976190476186 0cd9414a_20240917_132726.data
110.0 270.0 17 22.868976190476186 0cd9414a_20240917_132750.data
90.0 270.0 17 22.868976190476186 0cd9414a_20240917_132814.data
70.0 270.0 17 22.868976190476186 0cd9414a_20240917_132838.data
50.0 270.0 17 -1 0cd9414a_20240917_132902.data
30.0 270.0 17 22.969809523809523 0cd9414a_20240917_132926.data
10.0 270.0 17 22.969809523809523 0cd9414a_20240917_132950.data
10.0 290.0 17 -1 0cd9414a_20240917_133014.data
30.0 290.0 17 22.868976190476186 0cd9414a_20240917_133038.data
50.0 290.0 17 22.868976190476186 0cd9414a_20240917_133102.data
70.0 290.0 17 -1 0cd9414a_20240917_133126.data
90.0 290.0 17 22.969809523809523 0cd9414a_20240917_133150.data
110.0 290.0 17 22.969809523809523 0cd9414a_20240917_133214.data
130.0 290.0 17 -1 0cd9414a_20240917_133238.data
150.0 290.0 17 22.868976190476186 0cd9414a_20240917_133302.data
170.0 290.0 17 22.969809523809523 0cd9414a_20240917_133326.data
190.0 290.0 17 -1 0cd9414a_20240917_133350.data
210.0 290.0 17 22.969809523809523 0cd9414a_20240917_133414.data
230.0 290.0 17 22.969809523809523 0cd9414a_20240917_133438.data
250.0 290.0 17 22.969809523809523 0cd9414a_20240917_133502.data
270.0 290.0 17 22.969809523809523 0cd9414a_20240917_133526.data
290.0 290.0 17 22.969809523809523 0cd9414a_20240917_133550.data
290.0 310.0 17 22.969809523809523 0cd9414a_20240917_133614.data
270.0 310.0 17 22.969809523809523 0cd9414a_20240917_133638.data
250.0 310.0 17 22.969809523809523 0cd9414a_20240917_133702.data
230.0 310.0 17 23.073725 0cd9414a_20240917_133726.data
210.0 310.0 17 22.969809523809523 0cd9414a_20240917_133750.data
190.0 310.0 17 22.969809523809523 0cd9414a_20240917_133815.data
170.0 310.0 17 22.969809523809523 0cd9414a_20240917_133839.data
150.0 310.0 17 22.868976190476186 0cd9414a_20240917_133903.data
130.0 310.0 17 22.969809523809523 0cd9414a_20240917_133927.data
110.0 310.0 17 22.969809523809523 0cd9414a_20240917_133951.data
90.0 310.0 17 22.969809523809523 0cd9414a_20240917_134015.data
70.0 310.0 17 23.178749999999997 0cd9414a_20240917_134039.data
50.0 310.0 17 23.073725 0cd9414a_20240917_134103.data
30.0 310.0 17 22.969809523809523 0cd9414a_20240917_134127.data
10.0 310.0 17 22.767738095238098 0cd9414a_20240917_134151.data
10.0 330.0 17 22.969809523809523 0cd9414a_20240917_134215.data
30.0 330.0 17 22.969809523809523 0cd9414a_20240917_134239.data
50.0 330.0 17 22.969809523809523 0cd9414a_20240917_134303.data
70.0 330.0 17 22.969809523809523 0cd9414a_20240917_134327.data
90.0 330.0 17 22.969809523809523 0cd9414a_20240917_134351.data
110.0 330.0 17 22.969809523809523 0cd9414a_20240917_134415.data
130.0 330.0 17 22.969809523809523 0cd9414a_20240917_134439.data
150.0 330.0 17 22.969809523809523 0cd9414a_20240917_134503.data
170.0 330.0 17 22.969809523809523 0cd9414a_20240917_134527.data
190.0 330.0 17 22.969809523809523 0cd9414a_20240917_134551.data
210.0 330.0 17 22.969809523809523 0cd9414a_20240917_134615.data
230.0 330.0 17 22.969809523809523 0cd9414a_20240917_134639.data
250.0 330.0 17 22.868976190476186 0cd9414a_20240917_134703.data
270.0 330.0 17 22.969809523809523 0cd9414a_20240917_134727.data
290.0 330.0 17 22.969809523809523 0cd9414a_20240917_134751.data
10.0 350.0 17 22.969809523809523 0cd9414a_20240917_135130.data
30.0 350.0 17 22.969809523809523 0cd9414a_20240917_135154.data
50.0 350.0 17 22.969809523809523 0cd9414a_20240917_135218.data
70.0 350.0 17 22.969809523809523 0cd9414a_20240917_135242.data
90.0 350.0 17 22.969809523809523 0cd9414a_20240917_135306.data
110.0 350.0 17 22.969809523809523 0cd9414a_20240917_135330.data
130.0 350.0 17 22.969809523809523 0cd9414a_20240917_135354.data
150.0 350.0 17 22.969809523809523 0cd9414a_20240917_135418.data
170.0 350.0 17 22.969809523809523 0cd9414a_20240917_135442.data
190.0 350.0 17 22.969809523809523 0cd9414a_20240917_135506.data
210.0 350.0 17 22.969809523809523 0cd9414a_20240917_135530.data
230.0 350.0 17 22.969809523809523 0cd9414a_20240917_135554.data
250.0 350.0 17 22.969809523809523 0cd9414a_20240917_135618.data
270.0 350.0 17 22.969809523809523 0cd9414a_20240917_135642.data
290.0 350.0 17 23.073725 0cd9414a_20240917_135706.data
290.0 370.0 17 22.969809523809523 0cd9414a_20240917_135730.data
270.0 370.0 17 22.969809523809523 0cd9414a_20240917_135754.data
250.0 370.0 17 22.868976190476186 0cd9414a_20240917_135818.data
230.0 370.0 17 23.073725 0cd9414a_20240917_135842.data
210.0 370.0 17 22.969809523809523 0cd9414a_20240917_135906.data
190.0 370.0 17 22.868976190476186 0cd9414a_20240917_135930.data
170.0 370.0 17 22.969809523809523 0cd9414a_20240917_135954.data
150.0 370.0 17 22.868976190476186 0cd9414a_20240917_140018.data
130.0 370.0 17 22.969809523809523 0cd9414a_20240917_140042.data
110.0 370.0 17 22.969809523809523 0cd9414a_20240917_140106.data
90.0 370.0 17 22.969809523809523 0cd9414a_20240917_140130.data
70.0 370.0 17 22.868976190476186 0cd9414a_20240917_140154.data
50.0 370.0 17 22.969809523809523 0cd9414a_20240917_140218.data
30.0 370.0 17 22.969809523809523 0cd9414a_20240917_140242.data
10.0 370.0 17 22.969809523809523 0cd9414a_20240917_140306.data
10.0 390.0 17 22.969809523809523 0cd9414a_20240917_140330.data
30.0 390.0 17 22.969809523809523 0cd9414a_20240917_140354.data
50.0 390.0 17 22.969809523809523 0cd9414a_20240917_140418.data
70.0 390.0 17 22.969809523809523 0cd9414a_20240917_140442.data
90.0 390.0 17 22.969809523809523 0cd9414a_20240917_140506.data
110.0 390.0 17 22.969809523809523 0cd9414a_20240917_140530.data
130.0 390.0 17 22.969809523809523 0cd9414a_20240917_140554.data
150.0 390.0 17 22.969809523809523 0cd9414a_20240917_140618.data
170.0 390.0 17 22.969809523809523 0cd9414a_20240917_140642.data
190.0 390.0 17 22.969809523809523 0cd9414a_20240917_140706.data
210.0 390.0 17 22.969809523809523 0cd9414a_20240917_140730.data
230.0 390.0 17 22.969809523809523 0cd9414a_20240917_140754.data
250.0 390.0 17 22.868976190476186 0cd9414a_20240917_140818.data
270.0 390.0 17 22.969809523809523 0cd9414a_20240917_140842.data
290.0 390.0 17 22.969809523809523 0cd9414a_20240917_140906.data
290.0 410.0 17 22.969809523809523 0cd9414a_20240917_140930.data
270.0 410.0 17 22.868976190476186 0cd9414a_20240917_140954.data
250.0 410.0 17 22.969809523809523 0cd9414a_20240917_141018.data
230.0 410.0 17 22.969809523809523 0cd9414a_20240917_141042.data
210.0 410.0 17 23.073725 0cd9414a_20240917_141106.data
190.0 410.0 17 22.868976190476186 0cd9414a_20240917_141130.data
170.0 410.0 17 22.868976190476186 0cd9414a_20240917_141154.data
150.0 410.0 17 22.969809523809523 0cd9414a_20240917_141218.data
130.0 410.0 17 22.969809523809523 0cd9414a_20240917_141242.data
110.0 410.0 17 22.969809523809523 0cd9414a_20240917_141306.data
90.0 410.0 17 23.178749999999997 0cd9414a_20240917_141330.data
70.0 410.0 17 22.969809523809523 0cd9414a_20240917_141354.data
50.0 410.0 17 22.969809523809523 0cd9414a_20240917_141418.data
30.0 410.0 17 22.969809523809523 0cd9414a_20240917_141442.data
10.0 410.0 17 22.969809523809523 0cd9414a_20240917_141506.data
10.0 430.0 17 22.868976190476186 0cd9414a_20240917_141530.data
30.0 430.0 17 22.969809523809523 0cd9414a_20240917_141554.data
50.0 430.0 17 22.969809523809523 0cd9414a_20240917_141618.data
70.0 430.0 17 22.969809523809523 0cd9414a_20240917_141642.data
90.0 430.0 17 22.969809523809523 0cd9414a_20240917_141706.data
110.0 430.0 17 22.868976190476186 0cd9414a_20240917_141730.data
130.0 430.0 17 22.969809523809523 0cd9414a_20240917_141754.data
150.0 430.0 17 22.969809523809523 0cd9414a_20240917_141819.data
170.0 430.0 17 22.969809523809523 0cd9414a_20240917_141843.data
190.0 430.0 17 22.868976190476186 0cd9414a_20240917_141907.data
210.0 430.0 17 22.969809523809523 0cd9414a_20240917_141931.data
230.0 430.0 17 22.969809523809523 0cd9414a_20240917_141955.data
250.0 430.0 17 23.073725 0cd9414a_20240917_142019.data
270.0 430.0 17 22.969809523809523 0cd9414a_20240917_142043.data
290.0 430.0 17 22.969809523809523 0cd9414a_20240917_142107.data
290.0 450.0 17 22.969809523809523 0cd9414a_20240917_142131.data
270.0 450.0 17 22.969809523809523 0cd9414a_20240917_142155.data
250.0 450.0 17 22.969809523809523 0cd9414a_20240917_142219.data
230.0 450.0 17 22.969809523809523 0cd9414a_20240917_142243.data
210.0 450.0 17 22.969809523809523 0cd9414a_20240917_142307.data
190.0 450.0 17 22.868976190476186 0cd9414a_20240917_142331.data
170.0 450.0 17 22.868976190476186 0cd9414a_20240917_142355.data
150.0 450.0 17 22.969809523809523 0cd9414a_20240917_142419.data
130.0 450.0 17 22.969809523809523 0cd9414a_20240917_142443.data
110.0 450.0 17 22.969809523809523 0cd9414a_20240917_142507.data
90.0 450.0 17 23.178749999999997 0cd9414a_20240917_142531.data
70.0 450.0 17 22.969809523809523 0cd9414a_20240917_142555.data
50.0 450.0 17 22.969809523809523 0cd9414a_20240917_142619.data
30.0 450.0 17 22.969809523809523 0cd9414a_20240917_142643.data
10.0 450.0 17 22.969809523809523 0cd9414a_20240917_142707.data
10.0 470.0 17 22.969809523809523 0cd9414a_20240917_142731.data
30.0 470.0 17 22.969809523809523 0cd9414a_20240917_142755.data
50.0 470.0 17 23.178749999999997 0cd9414a_20240917_142819.data
70.0 470.0 17 22.969809523809523 0cd9414a_20240917_142843.data
90.0 470.0 17 22.969809523809523 0cd9414a_20240917_142907.data
110.0 470.0 17 22.969809523809523 0cd9414a_20240917_142931.data
130.0 470.0 17 22.969809523809523 0cd9414a_20240917_142955.data
150.0 470.0 17 22.767738095238098 0cd9414a_20240917_143019.data
170.0 470.0 17 22.969809523809523 0cd9414a_20240917_143043.data
190.0 470.0 17 22.969809523809523 0cd9414a_20240917_143107.data
210.0 470.0 17 22.969809523809523 0cd9414a_20240917_143131.data
230.0 470.0 17 22.969809523809523 0cd9414a_20240917_143155.data
250.0 470.0 17 22.969809523809523 0cd9414a_20240917_143219.data
270.0 470.0 17 22.868976190476186 0cd9414a_20240917_143243.data
290.0 470.0 17 22.969809523809523 0cd9414a_20240917_143307.data
