-1 -1 -1 25.537859030837005 0cd9414a_20240820_140843.data
10.0 10.0 17 25.299982378854633 0cd9414a_20240820_140922.data
30.0 10.0 17 25.419136563876656 0cd9414a_20240820_140946.data
50.0 10.0 17 25.537859030837005 0cd9414a_20240820_141010.data
70.0 10.0 17 25.419136563876656 0cd9414a_20240820_141034.data
90.0 10.0 17 25.419136563876656 0cd9414a_20240820_141058.data
110.0 10.0 17 25.419136563876656 0cd9414a_20240820_141122.data
130.0 10.0 17 25.537859030837005 0cd9414a_20240820_141146.data
150.0 10.0 17 25.419136563876656 0cd9414a_20240820_141210.data
170.0 10.0 17 25.419136563876656 0cd9414a_20240820_141234.data
190.0 10.0 17 25.299982378854633 0cd9414a_20240820_141258.data
210.0 10.0 17 25.419136563876656 0cd9414a_20240820_141322.data
230.0 10.0 17 25.419136563876656 0cd9414a_20240820_141346.data
250.0 10.0 17 25.419136563876656 0cd9414a_20240820_141410.data
270.0 10.0 17 25.419136563876656 0cd9414a_20240820_141434.data
290.0 10.0 17 25.299982378854633 0cd9414a_20240820_141458.data
290.0 30.0 17 24.948500000000003 0cd9414a_20240820_141522.data
270.0 30.0 17 25.299982378854633 0cd9414a_20240820_141546.data
250.0 30.0 17 25.419136563876656 0cd9414a_20240820_141610.data
230.0 30.0 17 25.419136563876656 0cd9414a_20240820_141634.data
210.0 30.0 17 25.419136563876656 0cd9414a_20240820_141658.data
190.0 30.0 17 25.419136563876656 0cd9414a_20240820_141722.data
170.0 30.0 17 25.419136563876656 0cd9414a_20240820_141746.data
150.0 30.0 17 25.537859030837005 0cd9414a_20240820_141810.data
130.0 30.0 17 25.419136563876656 0cd9414a_20240820_141834.data
110.0 30.0 17 25.419136563876656 0cd9414a_20240820_141858.data
90.0 30.0 17 25.537859030837005 0cd9414a_20240820_141922.data
70.0 30.0 17 25.419136563876656 0cd9414a_20240820_141946.data
50.0 30.0 17 25.299982378854633 0cd9414a_20240820_142010.data
30.0 30.0 17 25.299982378854633 0cd9414a_20240820_142034.data
10.0 30.0 17 25.180334801762115 0cd9414a_20240820_142058.data
10.0 50.0 17 25.419136563876656 0cd9414a_20240820_142122.data
30.0 50.0 17 25.419136563876656 0cd9414a_20240820_142146.data
50.0 50.0 17 25.299982378854633 0cd9414a_20240820_142210.data
70.0 50.0 17 25.537859030837005 0cd9414a_20240820_142234.data
90.0 50.0 17 25.419136563876656 0cd9414a_20240820_142258.data
110.0 50.0 17 25.419136563876656 0cd9414a_20240820_142322.data
130.0 50.0 17 25.299982378854633 0cd9414a_20240820_142346.data
150.0 50.0 17 25.419136563876656 0cd9414a_20240820_142410.data
170.0 50.0 17 25.419136563876656 0cd9414a_20240820_142434.data
190.0 50.0 17 25.419136563876656 0cd9414a_20240820_142458.data
210.0 50.0 17 25.419136563876656 0cd9414a_20240820_142522.data
230.0 50.0 17 25.419136563876656 0cd9414a_20240820_142547.data
250.0 50.0 17 25.419136563876656 0cd9414a_20240820_142611.data
270.0 50.0 17 25.299982378854633 0cd9414a_20240820_142635.data
290.0 50.0 17 25.419136563876656 0cd9414a_20240820_142659.data
290.0 70.0 17 25.299982378854633 0cd9414a_20240820_142723.data
270.0 70.0 17 25.419136563876656 0cd9414a_20240820_142747.data
250.0 70.0 17 25.180334801762115 0cd9414a_20240820_142811.data
230.0 70.0 17 25.419136563876656 0cd9414a_20240820_142835.data
210.0 70.0 17 25.419136563876656 0cd9414a_20240820_142859.data
190.0 70.0 17 25.299982378854633 0cd9414a_20240820_142923.data
170.0 70.0 17 25.419136563876656 0cd9414a_20240820_142947.data
150.0 70.0 17 25.180334801762115 0cd9414a_20240820_143011.data
130.0 70.0 17 25.537859030837005 0cd9414a_20240820_143035.data
110.0 70.0 17 25.06022466960353 0cd9414a_20240820_143059.data
90.0 70.0 17 25.419136563876656 0cd9414a_20240820_143123.data
70.0 70.0 17 25.419136563876656 0cd9414a_20240820_143147.data
50.0 70.0 17 25.419136563876656 0cd9414a_20240820_143211.data
30.0 70.0 17 25.180334801762115 0cd9414a_20240820_143235.data
10.0 70.0 17 25.419136563876656 0cd9414a_20240820_143259.data
10.0 90.0 17 25.419136563876656 0cd9414a_20240820_143323.data
30.0 90.0 17 25.06022466960353 0cd9414a_20240820_143347.data
50.0 90.0 17 25.299982378854633 0cd9414a_20240820_143411.data
70.0 90.0 17 25.419136563876656 0cd9414a_20240820_143435.data
90.0 90.0 17 25.299982378854633 0cd9414a_20240820_143459.data
110.0 90.0 17 25.299982378854633 0cd9414a_20240820_143523.data
130.0 90.0 17 25.180334801762115 0cd9414a_20240820_143547.data
150.0 90.0 17 25.06022466960353 0cd9414a_20240820_143611.data
170.0 90.0 17 25.06022466960353 0cd9414a_20240820_143635.data
190.0 90.0 17 25.180334801762115 0cd9414a_20240820_143659.data
210.0 90.0 17 25.06022466960353 0cd9414a_20240820_143723.data
230.0 90.0 17 25.180334801762115 0cd9414a_20240820_143747.data
250.0 90.0 17 25.06022466960353 0cd9414a_20240820_143811.data
270.0 90.0 17 25.180334801762115 0cd9414a_20240820_143835.data
290.0 90.0 17 25.180334801762115 0cd9414a_20240820_143859.data
290.0 110.0 17 25.180334801762115 0cd9414a_20240820_143923.data
270.0 110.0 17 25.06022466960353 0cd9414a_20240820_143947.data
250.0 110.0 17 25.180334801762115 0cd9414a_20240820_144011.data
230.0 110.0 17 25.180334801762115 0cd9414a_20240820_144035.data
210.0 110.0 17 25.06022466960353 0cd9414a_20240820_144059.data
190.0 110.0 17 25.06022466960353 0cd9414a_20240820_144123.data
170.0 110.0 17 25.180334801762115 0cd9414a_20240820_144147.data
150.0 110.0 17 25.180334801762115 0cd9414a_20240820_144211.data
130.0 110.0 17 25.180334801762115 0cd9414a_20240820_144235.data
110.0 110.0 17 25.299982378854633 0cd9414a_20240820_144259.data
90.0 110.0 17 25.06022466960353 0cd9414a_20240820_144323.data
70.0 110.0 17 25.180334801762115 0cd9414a_20240820_144347.data
50.0 110.0 17 25.419136563876656 0cd9414a_20240820_144411.data
30.0 110.0 17 25.180334801762115 0cd9414a_20240820_144435.data
10.0 110.0 17 25.180334801762115 0cd9414a_20240820_144459.data
10.0 130.0 17 25.180334801762115 0cd9414a_20240820_144523.data
30.0 130.0 17 25.180334801762115 0cd9414a_20240820_144547.data
50.0 130.0 17 25.06022466960353 0cd9414a_20240820_144611.data
70.0 130.0 17 25.06022466960353 0cd9414a_20240820_144635.data
90.0 130.0 17 25.06022466960353 0cd9414a_20240820_144659.data
110.0 130.0 17 25.180334801762115 0cd9414a_20240820_144723.data
130.0 130.0 17 25.06022466960353 0cd9414a_20240820_144747.data
150.0 130.0 17 25.180334801762115 0cd9414a_20240820_144811.data
170.0 130.0 17 25.06022466960353 0cd9414a_20240820_144835.data
190.0 130.0 17 25.06022466960353 0cd9414a_20240820_144859.data
210.0 130.0 17 25.180334801762115 0cd9414a_20240820_144923.data
230.0 130.0 17 25.06022466960353 0cd9414a_20240820_144947.data
250.0 130.0 17 25.06022466960353 0cd9414a_20240820_145011.data
270.0 130.0 17 25.06022466960353 0cd9414a_20240820_145035.data
290.0 130.0 17 25.06022466960353 0cd9414a_20240820_145059.data
290.0 150.0 17 25.299982378854633 0cd9414a_20240820_145123.data
270.0 150.0 17 25.06022466960353 0cd9414a_20240820_145147.data
250.0 150.0 17 25.180334801762115 0cd9414a_20240820_145211.data
230.0 150.0 17 25.06022466960353 0cd9414a_20240820_145235.data
210.0 150.0 17 25.180334801762115 0cd9414a_20240820_145259.data
190.0 150.0 17 25.06022466960353 0cd9414a_20240820_145323.data
170.0 150.0 17 25.06022466960353 0cd9414a_20240820_145347.data
150.0 150.0 17 25.180334801762115 0cd9414a_20240820_145411.data
130.0 150.0 17 25.06022466960353 0cd9414a_20240820_145435.data
110.0 150.0 17 25.06022466960353 0cd9414a_20240820_145459.data
90.0 150.0 17 25.180334801762115 0cd9414a_20240820_145523.data
70.0 150.0 17 25.180334801762115 0cd9414a_20240820_145547.data
50.0 150.0 17 25.180334801762115 0cd9414a_20240820_145611.data
30.0 150.0 17 25.180334801762115 0cd9414a_20240820_145635.data
10.0 150.0 17 25.299982378854633 0cd9414a_20240820_145659.data
10.0 170.0 17 25.06022466960353 0cd9414a_20240820_145723.data
30.0 170.0 17 25.06022466960353 0cd9414a_20240820_145747.data
50.0 170.0 17 25.180334801762115 0cd9414a_20240820_145811.data
70.0 170.0 17 25.180334801762115 0cd9414a_20240820_145836.data
90.0 170.0 17 25.06022466960353 0cd9414a_20240820_145859.data
110.0 170.0 17 25.180334801762115 0cd9414a_20240820_145924.data
130.0 170.0 17 25.180334801762115 0cd9414a_20240820_145948.data
150.0 170.0 17 25.180334801762115 0cd9414a_20240820_150012.data
170.0 170.0 17 25.180334801762115 0cd9414a_20240820_150036.data
190.0 170.0 17 25.06022466960353 0cd9414a_20240820_150100.data
210.0 170.0 17 25.180334801762115 0cd9414a_20240820_150124.data
230.0 170.0 17 25.06022466960353 0cd9414a_20240820_150148.data
250.0 170.0 17 25.180334801762115 0cd9414a_20240820_150212.data
270.0 170.0 17 25.180334801762115 0cd9414a_20240820_150236.data
290.0 170.0 17 25.06022466960353 0cd9414a_20240820_150300.data
290.0 190.0 17 25.180334801762115 0cd9414a_20240820_150324.data
270.0 190.0 17 25.180334801762115 0cd9414a_20240820_150348.data
250.0 190.0 17 25.06022466960353 0cd9414a_20240820_150412.data
230.0 190.0 17 25.06022466960353 0cd9414a_20240820_150436.data
210.0 190.0 17 25.180334801762115 0cd9414a_20240820_150500.data
190.0 190.0 17 25.06022466960353 0cd9414a_20240820_150524.data
170.0 190.0 17 25.06022466960353 0cd9414a_20240820_150548.data
150.0 190.0 17 25.06022466960353 0cd9414a_20240820_150612.data
130.0 190.0 17 25.299982378854633 0cd9414a_20240820_150636.data
110.0 190.0 17 25.180334801762115 0cd9414a_20240820_150700.data
90.0 190.0 17 25.180334801762115 0cd9414a_20240820_150724.data
70.0 190.0 17 25.06022466960353 0cd9414a_20240820_150748.data
50.0 190.0 17 25.180334801762115 0cd9414a_20240820_150812.data
30.0 190.0 17 25.06022466960353 0cd9414a_20240820_150836.data
10.0 190.0 17 25.180334801762115 0cd9414a_20240820_150900.data
10.0 210.0 17 25.180334801762115 0cd9414a_20240820_150924.data
30.0 210.0 17 25.06022466960353 0cd9414a_20240820_150948.data
50.0 210.0 17 25.180334801762115 0cd9414a_20240820_151012.data
70.0 210.0 17 25.06022466960353 0cd9414a_20240820_151036.data
90.0 210.0 17 25.06022466960353 0cd9414a_20240820_151100.data
110.0 210.0 17 25.180334801762115 0cd9414a_20240820_151124.data
130.0 210.0 17 25.180334801762115 0cd9414a_20240820_151148.data
150.0 210.0 17 25.180334801762115 0cd9414a_20240820_151212.data
170.0 210.0 17 25.06022466960353 0cd9414a_20240820_151236.data
190.0 210.0 17 25.06022466960353 0cd9414a_20240820_151300.data
210.0 210.0 17 25.180334801762115 0cd9414a_20240820_151324.data
230.0 210.0 17 25.06022466960353 0cd9414a_20240820_151348.data
250.0 210.0 17 25.06022466960353 0cd9414a_20240820_151412.data
270.0 210.0 17 25.180334801762115 0cd9414a_20240820_151436.data
290.0 210.0 17 25.180334801762115 0cd9414a_20240820_151500.data
290.0 230.0 17 25.06022466960353 0cd9414a_20240820_151524.data
270.0 230.0 17 25.06022466960353 0cd9414a_20240820_151548.data
250.0 230.0 17 25.180334801762115 0cd9414a_20240820_151612.data
230.0 230.0 17 25.180334801762115 0cd9414a_20240820_151636.data
210.0 230.0 17 25.180334801762115 0cd9414a_20240820_151700.data
190.0 230.0 17 25.180334801762115 0cd9414a_20240820_151724.data
170.0 230.0 17 25.06022466960353 0cd9414a_20240820_151748.data
150.0 230.0 17 25.06022466960353 0cd9414a_20240820_151812.data
130.0 230.0 17 25.180334801762115 0cd9414a_20240820_151836.data
110.0 230.0 17 25.06022466960353 0cd9414a_20240820_151900.data
90.0 230.0 17 25.06022466960353 0cd9414a_20240820_151924.data
70.0 230.0 17 25.180334801762115 0cd9414a_20240820_151948.data
50.0 230.0 17 25.06022466960353 0cd9414a_20240820_152012.data
30.0 230.0 17 25.180334801762115 0cd9414a_20240820_152036.data
10.0 230.0 17 25.299982378854633 0cd9414a_20240820_152100.data
10.0 250.0 17 25.180334801762115 0cd9414a_20240820_152124.data
30.0 250.0 17 25.180334801762115 0cd9414a_20240820_152148.data
50.0 250.0 17 24.948500000000003 0cd9414a_20240820_152212.data
70.0 250.0 17 25.180334801762115 0cd9414a_20240820_152236.data
90.0 250.0 17 25.06022466960353 0cd9414a_20240820_152300.data
110.0 250.0 17 25.180334801762115 0cd9414a_20240820_152324.data
130.0 250.0 17 25.06022466960353 0cd9414a_20240820_152348.data
150.0 250.0 17 25.180334801762115 0cd9414a_20240820_152412.data
170.0 250.0 17 25.180334801762115 0cd9414a_20240820_152436.data
190.0 250.0 17 25.06022466960353 0cd9414a_20240820_152500.data
210.0 250.0 17 25.180334801762115 0cd9414a_20240820_152524.data
230.0 250.0 17 25.06022466960353 0cd9414a_20240820_152548.data
250.0 250.0 17 25.180334801762115 0cd9414a_20240820_152612.data
270.0 250.0 17 25.180334801762115 0cd9414a_20240820_152636.data
290.0 250.0 17 25.180334801762115 0cd9414a_20240820_152700.data
290.0 270.0 17 25.180334801762115 0cd9414a_20240820_152724.data
270.0 270.0 17 25.180334801762115 0cd9414a_20240820_152748.data
250.0 270.0 17 25.06022466960353 0cd9414a_20240820_152812.data
230.0 270.0 17 25.180334801762115 0cd9414a_20240820_152836.data
210.0 270.0 17 25.180334801762115 0cd9414a_20240820_152900.data
190.0 270.0 17 25.180334801762115 0cd9414a_20240820_152924.data
170.0 270.0 17 25.180334801762115 0cd9414a_20240820_152948.data
150.0 270.0 17 25.180334801762115 0cd9414a_20240820_153012.data
130.0 270.0 17 25.06022466960353 0cd9414a_20240820_153036.data
110.0 270.0 17 25.06022466960353 0cd9414a_20240820_153100.data
90.0 270.0 17 25.180334801762115 0cd9414a_20240820_153125.data
70.0 270.0 17 25.06022466960353 0cd9414a_20240820_153148.data
50.0 270.0 17 25.06022466960353 0cd9414a_20240820_153213.data
30.0 270.0 17 25.299982378854633 0cd9414a_20240820_153236.data
10.0 270.0 17 25.180334801762115 0cd9414a_20240820_153301.data
10.0 290.0 17 25.06022466960353 0cd9414a_20240820_153325.data
30.0 290.0 17 25.180334801762115 0cd9414a_20240820_153349.data
50.0 290.0 17 25.180334801762115 0cd9414a_20240820_153413.data
70.0 290.0 17 25.06022466960353 0cd9414a_20240820_153437.data
90.0 290.0 17 25.180334801762115 0cd9414a_20240820_153501.data
110.0 290.0 17 25.180334801762115 0cd9414a_20240820_153525.data
130.0 290.0 17 25.06022466960353 0cd9414a_20240820_153549.data
150.0 290.0 17 25.299982378854633 0cd9414a_20240820_153613.data
170.0 290.0 17 25.06022466960353 0cd9414a_20240820_153637.data
190.0 290.0 17 25.180334801762115 0cd9414a_20240820_153701.data
210.0 290.0 17 25.06022466960353 0cd9414a_20240820_153725.data
230.0 290.0 17 25.06022466960353 0cd9414a_20240820_153749.data
250.0 290.0 17 25.180334801762115 0cd9414a_20240820_153813.data
270.0 290.0 17 25.06022466960353 0cd9414a_20240820_153837.data
290.0 290.0 17 25.180334801762115 0cd9414a_20240820_153901.data
290.0 310.0 17 25.06022466960353 0cd9414a_20240820_153925.data
270.0 310.0 17 25.180334801762115 0cd9414a_20240820_153949.data
250.0 310.0 17 25.06022466960353 0cd9414a_20240820_154013.data
230.0 310.0 17 25.180334801762115 0cd9414a_20240820_154037.data
210.0 310.0 17 -1 0cd9414a_20240820_154101.data
190.0 310.0 17 25.180334801762115 0cd9414a_20240820_154125.data
170.0 310.0 17 25.180334801762115 0cd9414a_20240820_154149.data
150.0 310.0 17 -1 0cd9414a_20240820_154213.data
130.0 310.0 17 25.180334801762115 0cd9414a_20240820_154237.data
110.0 310.0 17 25.180334801762115 0cd9414a_20240820_154301.data
90.0 310.0 17 25.180334801762115 0cd9414a_20240820_154325.data
70.0 310.0 17 25.180334801762115 0cd9414a_20240820_154349.data
50.0 310.0 17 25.180334801762115 0cd9414a_20240820_154413.data
30.0 310.0 17 25.180334801762115 0cd9414a_20240820_154437.data
10.0 310.0 17 -1 0cd9414a_20240820_154501.data
10.0 330.0 17 25.180334801762115 0cd9414a_20240820_154525.data
30.0 330.0 17 25.180334801762115 0cd9414a_20240820_154549.data
50.0 330.0 17 25.180334801762115 0cd9414a_20240820_154613.data
70.0 330.0 17 25.18193832599119 0cd9414a_20240820_154637.data
90.0 330.0 17 25.537859030837005 0cd9414a_20240820_154701.data
110.0 330.0 17 25.419136563876656 0cd9414a_20240820_154725.data
130.0 330.0 17 25.537859030837005 0cd9414a_20240820_154749.data
150.0 330.0 17 25.537859030837005 0cd9414a_20240820_154813.data
170.0 330.0 17 25.419136563876656 0cd9414a_20240820_154837.data
190.0 330.0 17 25.656118942731283 0cd9414a_20240820_154901.data
210.0 330.0 17 25.537859030837005 0cd9414a_20240820_154925.data
230.0 330.0 17 25.537859030837005 0cd9414a_20240820_154949.data
250.0 330.0 17 25.537859030837005 0cd9414a_20240820_155013.data
270.0 330.0 17 25.537859030837005 0cd9414a_20240820_155037.data
290.0 330.0 17 25.537859030837005 0cd9414a_20240820_155101.data
10.0 350.0 17 25.419136563876656 0cd9414a_20240820_155218.data
30.0 350.0 17 25.537859030837005 0cd9414a_20240820_155242.data
50.0 350.0 17 25.537859030837005 0cd9414a_20240820_155306.data
70.0 350.0 17 25.419136563876656 0cd9414a_20240820_155330.data
90.0 350.0 17 25.537859030837005 0cd9414a_20240820_155354.data
110.0 350.0 17 25.537859030837005 0cd9414a_20240820_155418.data
130.0 350.0 17 25.419136563876656 0cd9414a_20240820_155442.data
150.0 350.0 17 25.419136563876656 0cd9414a_20240820_155506.data
170.0 350.0 17 25.537859030837005 0cd9414a_20240820_155530.data
190.0 350.0 17 25.537859030837005 0cd9414a_20240820_155554.data
210.0 350.0 17 25.419136563876656 0cd9414a_20240820_155618.data
230.0 350.0 17 25.419136563876656 0cd9414a_20240820_155642.data
250.0 350.0 17 25.537859030837005 0cd9414a_20240820_155706.data
270.0 350.0 17 25.537859030837005 0cd9414a_20240820_155730.data
290.0 350.0 17 25.537859030837005 0cd9414a_20240820_155754.data
290.0 370.0 17 25.537859030837005 0cd9414a_20240820_155818.data
270.0 370.0 17 25.537859030837005 0cd9414a_20240820_155842.data
250.0 370.0 17 25.537859030837005 0cd9414a_20240820_155906.data
230.0 370.0 17 25.537859030837005 0cd9414a_20240820_155930.data
210.0 370.0 17 25.537859030837005 0cd9414a_20240820_155954.data
190.0 370.0 17 25.537859030837005 0cd9414a_20240820_160018.data
170.0 370.0 17 25.537859030837005 0cd9414a_20240820_160042.data
150.0 370.0 17 25.537859030837005 0cd9414a_20240820_160106.data
130.0 370.0 17 25.537859030837005 0cd9414a_20240820_160130.data
110.0 370.0 17 25.537859030837005 0cd9414a_20240820_160154.data
90.0 370.0 17 25.537859030837005 0cd9414a_20240820_160218.data
70.0 370.0 17 25.419136563876656 0cd9414a_20240820_160242.data
50.0 370.0 17 25.537859030837005 0cd9414a_20240820_160306.data
30.0 370.0 17 25.537859030837005 0cd9414a_20240820_160330.data
10.0 370.0 17 25.537859030837005 0cd9414a_20240820_160354.data
10.0 390.0 17 25.537859030837005 0cd9414a_20240820_160418.data
30.0 390.0 17 25.537859030837005 0cd9414a_20240820_160442.data
50.0 390.0 17 25.537859030837005 0cd9414a_20240820_160506.data
70.0 390.0 17 25.419136563876656 0cd9414a_20240820_160530.data
90.0 390.0 17 25.537859030837005 0cd9414a_20240820_160554.data
110.0 390.0 17 25.537859030837005 0cd9414a_20240820_160618.data
130.0 390.0 17 25.537859030837005 0cd9414a_20240820_160642.data
150.0 390.0 17 25.299982378854633 0cd9414a_20240820_160706.data
170.0 390.0 17 25.656118942731283 0cd9414a_20240820_160730.data
190.0 390.0 17 25.299982378854633 0cd9414a_20240820_160754.data
210.0 390.0 17 25.537859030837005 0cd9414a_20240820_160818.data
230.0 390.0 17 25.537859030837005 0cd9414a_20240820_160842.data
250.0 390.0 17 25.537859030837005 0cd9414a_20240820_160906.data
270.0 390.0 17 25.537859030837005 0cd9414a_20240820_160930.data
290.0 390.0 17 25.537859030837005 0cd9414a_20240820_160954.data
290.0 410.0 17 25.419136563876656 0cd9414a_20240820_161018.data
270.0 410.0 17 25.537859030837005 0cd9414a_20240820_161042.data
250.0 410.0 17 25.537859030837005 0cd9414a_20240820_161106.data
230.0 410.0 17 25.537859030837005 0cd9414a_20240820_161130.data
210.0 410.0 17 25.537859030837005 0cd9414a_20240820_161154.data
190.0 410.0 17 25.537859030837005 0cd9414a_20240820_161218.data
170.0 410.0 17 25.537859030837005 0cd9414a_20240820_161242.data
150.0 410.0 17 25.537859030837005 0cd9414a_20240820_161306.data
130.0 410.0 17 25.537859030837005 0cd9414a_20240820_161330.data
110.0 410.0 17 25.537859030837005 0cd9414a_20240820_161354.data
90.0 410.0 17 25.537859030837005 0cd9414a_20240820_161418.data
70.0 410.0 17 25.419136563876656 0cd9414a_20240820_161442.data
50.0 410.0 17 25.537859030837005 0cd9414a_20240820_161506.data
30.0 410.0 17 25.537859030837005 0cd9414a_20240820_161530.data
10.0 410.0 17 25.537859030837005 0cd9414a_20240820_161554.data
10.0 430.0 17 25.537859030837005 0cd9414a_20240820_161618.data
30.0 430.0 17 25.537859030837005 0cd9414a_20240820_161642.data
50.0 430.0 17 25.419136563876656 0cd9414a_20240820_161706.data
70.0 430.0 17 25.537859030837005 0cd9414a_20240820_161730.data
90.0 430.0 17 25.537859030837005 0cd9414a_20240820_161754.data
110.0 430.0 17 25.537859030837005 0cd9414a_20240820_161818.data
130.0 430.0 17 25.537859030837005 0cd9414a_20240820_161842.data
150.0 430.0 17 25.537859030837005 0cd9414a_20240820_161906.data
170.0 430.0 17 25.419136563876656 0cd9414a_20240820_161930.data
190.0 430.0 17 25.537859030837005 0cd9414a_20240820_161954.data
210.0 430.0 17 25.537859030837005 0cd9414a_20240820_162018.data
230.0 430.0 17 25.537859030837005 0cd9414a_20240820_162042.data
250.0 430.0 17 25.537859030837005 0cd9414a_20240820_162106.data
270.0 430.0 17 25.537859030837005 0cd9414a_20240820_162130.data
290.0 430.0 17 25.537859030837005 0cd9414a_20240820_162154.data
290.0 450.0 17 25.537859030837005 0cd9414a_20240820_162218.data
270.0 450.0 17 25.537859030837005 0cd9414a_20240820_162242.data
250.0 450.0 17 25.537859030837005 0cd9414a_20240820_162306.data
230.0 450.0 17 25.537859030837005 0cd9414a_20240820_162331.data
210.0 450.0 17 25.537859030837005 0cd9414a_20240820_162355.data
190.0 450.0 17 25.773885462555068 0cd9414a_20240820_162419.data
170.0 450.0 17 25.537859030837005 0cd9414a_20240820_162443.data
150.0 450.0 17 25.773885462555068 0cd9414a_20240820_162507.data
130.0 450.0 17 25.537859030837005 0cd9414a_20240820_162531.data
110.0 450.0 17 25.537859030837005 0cd9414a_20240820_162555.data
90.0 450.0 17 25.537859030837005 0cd9414a_20240820_162619.data
70.0 450.0 17 25.537859030837005 0cd9414a_20240820_162643.data
50.0 450.0 17 25.537859030837005 0cd9414a_20240820_162707.data
30.0 450.0 17 25.537859030837005 0cd9414a_20240820_162731.data
10.0 450.0 17 25.537859030837005 0cd9414a_20240820_162755.data
10.0 470.0 17 25.656118942731283 0cd9414a_20240820_162819.data
30.0 470.0 17 25.537859030837005 0cd9414a_20240820_162843.data
50.0 470.0 17 25.419136563876656 0cd9414a_20240820_162907.data
70.0 470.0 17 25.419136563876656 0cd9414a_20240820_162931.data
90.0 470.0 17 25.537859030837005 0cd9414a_20240820_162955.data
110.0 470.0 17 25.537859030837005 0cd9414a_20240820_163019.data
130.0 470.0 17 25.537859030837005 0cd9414a_20240820_163043.data
150.0 470.0 17 25.419136563876656 0cd9414a_20240820_163107.data
170.0 470.0 17 25.537859030837005 0cd9414a_20240820_163131.data
190.0 470.0 17 25.537859030837005 0cd9414a_20240820_163155.data
210.0 470.0 17 25.537859030837005 0cd9414a_20240820_163219.data
230.0 470.0 17 25.537859030837005 0cd9414a_20240820_163243.data
250.0 470.0 17 25.537859030837005 0cd9414a_20240820_163307.data
270.0 470.0 17 25.537859030837005 0cd9414a_20240820_163331.data
290.0 470.0 17 25.537859030837005 0cd9414a_20240820_163355.data
