-1 -1 -1 25.656118942731283 0cd9414a_20240821_150802.data
10.0 10.0 17 25.773885462555068 0cd9414a_20240821_150841.data
30.0 10.0 17 25.656118942731283 0cd9414a_20240821_150905.data
50.0 10.0 17 25.773885462555068 0cd9414a_20240821_150929.data
70.0 10.0 17 25.89125110132159 0cd9414a_20240821_150953.data
90.0 10.0 17 25.89125110132159 0cd9414a_20240821_151017.data
110.0 10.0 17 25.89125110132159 0cd9414a_20240821_151041.data
130.0 10.0 17 25.89125110132159 0cd9414a_20240821_151105.data
150.0 10.0 17 25.89125110132159 0cd9414a_20240821_151129.data
170.0 10.0 17 25.656118942731283 0cd9414a_20240821_151153.data
190.0 10.0 17 25.656118942731283 0cd9414a_20240821_151217.data
210.0 10.0 17 25.89125110132159 0cd9414a_20240821_151241.data
230.0 10.0 17 25.89125110132159 0cd9414a_20240821_151305.data
250.0 10.0 17 25.773885462555068 0cd9414a_20240821_151329.data
270.0 10.0 17 25.89125110132159 0cd9414a_20240821_151353.data
290.0 10.0 17 26.008123348017623 0cd9414a_20240821_151417.data
290.0 30.0 17 25.89125110132159 0cd9414a_20240821_151441.data
270.0 30.0 17 25.89125110132159 0cd9414a_20240821_151505.data
250.0 30.0 17 25.89125110132159 0cd9414a_20240821_151529.data
230.0 30.0 17 25.89125110132159 0cd9414a_20240821_151553.data
210.0 30.0 17 25.89125110132159 0cd9414a_20240821_151617.data
190.0 30.0 17 25.773885462555068 0cd9414a_20240821_151641.data
170.0 30.0 17 25.537859030837005 0cd9414a_20240821_151705.data
150.0 30.0 17 25.89125110132159 0cd9414a_20240821_151729.data
130.0 30.0 17 25.89125110132159 0cd9414a_20240821_151753.data
110.0 30.0 17 25.656118942731283 0cd9414a_20240821_151817.data
90.0 30.0 17 25.773885462555068 0cd9414a_20240821_151842.data
70.0 30.0 17 25.89125110132159 0cd9414a_20240821_151906.data
50.0 30.0 17 25.773885462555068 0cd9414a_20240821_151930.data
30.0 30.0 17 25.773885462555068 0cd9414a_20240821_151954.data
10.0 30.0 17 25.773885462555068 0cd9414a_20240821_152018.data
10.0 50.0 17 25.89125110132159 0cd9414a_20240821_152042.data
30.0 50.0 17 25.89125110132159 0cd9414a_20240821_152106.data
50.0 50.0 17 25.89125110132159 0cd9414a_20240821_152130.data
70.0 50.0 17 25.656118942731283 0cd9414a_20240821_152154.data
90.0 50.0 17 25.773885462555068 0cd9414a_20240821_152218.data
110.0 50.0 17 25.773885462555068 0cd9414a_20240821_152242.data
130.0 50.0 17 25.89125110132159 0cd9414a_20240821_152306.data
150.0 50.0 17 25.773885462555068 0cd9414a_20240821_152330.data
170.0 50.0 17 25.773885462555068 0cd9414a_20240821_152354.data
190.0 50.0 17 25.773885462555068 0cd9414a_20240821_152418.data
210.0 50.0 17 25.89125110132159 0cd9414a_20240821_152442.data
230.0 50.0 17 25.89125110132159 0cd9414a_20240821_152506.data
250.0 50.0 17 25.89125110132159 0cd9414a_20240821_152530.data
270.0 50.0 17 25.773885462555068 0cd9414a_20240821_152554.data
290.0 50.0 17 25.89125110132159 0cd9414a_20240821_152618.data
290.0 70.0 17 25.89125110132159 0cd9414a_20240821_152642.data
270.0 70.0 17 25.89125110132159 0cd9414a_20240821_152706.data
250.0 70.0 17 25.89125110132159 0cd9414a_20240821_152730.data
230.0 70.0 17 25.656118942731283 0cd9414a_20240821_152754.data
210.0 70.0 17 25.773885462555068 0cd9414a_20240821_152818.data
190.0 70.0 17 25.773885462555068 0cd9414a_20240821_152842.data
170.0 70.0 17 25.773885462555068 0cd9414a_20240821_152906.data
150.0 70.0 17 25.89125110132159 0cd9414a_20240821_152930.data
130.0 70.0 17 25.656118942731283 0cd9414a_20240821_152954.data
110.0 70.0 17 25.773885462555068 0cd9414a_20240821_153018.data
90.0 70.0 17 25.89125110132159 0cd9414a_20240821_153042.data
70.0 70.0 17 25.89125110132159 0cd9414a_20240821_153106.data
50.0 70.0 17 25.773885462555068 0cd9414a_20240821_153130.data
30.0 70.0 17 25.773885462555068 0cd9414a_20240821_153154.data
10.0 70.0 17 25.773885462555068 0cd9414a_20240821_153218.data
10.0 90.0 17 25.89125110132159 0cd9414a_20240821_153242.data
30.0 90.0 17 25.773885462555068 0cd9414a_20240821_153306.data
50.0 90.0 17 25.656118942731283 0cd9414a_20240821_153330.data
70.0 90.0 17 25.419136563876656 0cd9414a_20240821_153354.data
90.0 90.0 17 25.773885462555068 0cd9414a_20240821_153418.data
110.0 90.0 17 25.89125110132159 0cd9414a_20240821_153442.data
130.0 90.0 17 25.89125110132159 0cd9414a_20240821_153506.data
150.0 90.0 17 25.656118942731283 0cd9414a_20240821_153530.data
170.0 90.0 17 25.773885462555068 0cd9414a_20240821_153554.data
190.0 90.0 17 25.656118942731283 0cd9414a_20240821_153618.data
210.0 90.0 17 25.89125110132159 0cd9414a_20240821_153642.data
230.0 90.0 17 25.656118942731283 0cd9414a_20240821_153706.data
250.0 90.0 17 25.89125110132159 0cd9414a_20240821_153730.data
270.0 90.0 17 25.89125110132159 0cd9414a_20240821_153754.data
290.0 90.0 17 25.89125110132159 0cd9414a_20240821_153818.data
290.0 110.0 17 25.537859030837005 0cd9414a_20240821_153842.data
270.0 110.0 17 25.89125110132159 0cd9414a_20240821_153906.data
250.0 110.0 17 25.773885462555068 0cd9414a_20240821_153930.data
230.0 110.0 17 25.89125110132159 0cd9414a_20240821_153954.data
210.0 110.0 17 25.656118942731283 0cd9414a_20240821_154018.data
190.0 110.0 17 25.89125110132159 0cd9414a_20240821_154042.data
170.0 110.0 17 25.89125110132159 0cd9414a_20240821_154106.data
150.0 110.0 17 25.656118942731283 0cd9414a_20240821_154130.data
130.0 110.0 17 25.773885462555068 0cd9414a_20240821_154154.data
110.0 110.0 17 25.773885462555068 0cd9414a_20240821_154218.data
90.0 110.0 17 25.773885462555068 0cd9414a_20240821_154242.data
70.0 110.0 17 25.419136563876656 0cd9414a_20240821_154306.data
50.0 110.0 17 25.89125110132159 0cd9414a_20240821_154330.data
30.0 110.0 17 25.773885462555068 0cd9414a_20240821_154354.data
10.0 110.0 17 25.773885462555068 0cd9414a_20240821_154418.data
10.0 130.0 17 25.773885462555068 0cd9414a_20240821_154442.data
30.0 130.0 17 25.773885462555068 0cd9414a_20240821_154506.data
50.0 130.0 17 25.89125110132159 0cd9414a_20240821_154530.data
70.0 130.0 17 25.89125110132159 0cd9414a_20240821_154554.data
90.0 130.0 17 25.89125110132159 0cd9414a_20240821_154618.data
110.0 130.0 17 25.773885462555068 0cd9414a_20240821_154642.data
130.0 130.0 17 25.656118942731283 0cd9414a_20240821_154706.data
150.0 130.0 17 25.773885462555068 0cd9414a_20240821_154730.data
170.0 130.0 17 25.773885462555068 0cd9414a_20240821_154754.data
190.0 130.0 17 25.773885462555068 0cd9414a_20240821_154818.data
210.0 130.0 17 25.89125110132159 0cd9414a_20240821_154842.data
230.0 130.0 17 25.656118942731283 0cd9414a_20240821_154906.data
250.0 130.0 17 25.773885462555068 0cd9414a_20240821_154930.data
270.0 130.0 17 25.419136563876656 0cd9414a_20240821_154954.data
290.0 130.0 17 25.656118942731283 0cd9414a_20240821_155018.data
290.0 150.0 17 25.656118942731283 0cd9414a_20240821_155042.data
270.0 150.0 17 25.773885462555068 0cd9414a_20240821_155106.data
250.0 150.0 17 25.656118942731283 0cd9414a_20240821_155130.data
230.0 150.0 17 25.773885462555068 0cd9414a_20240821_155155.data
210.0 150.0 17 25.773885462555068 0cd9414a_20240821_155219.data
190.0 150.0 17 25.537859030837005 0cd9414a_20240821_155243.data
170.0 150.0 17 25.773885462555068 0cd9414a_20240821_155307.data
150.0 150.0 17 25.773885462555068 0cd9414a_20240821_155331.data
130.0 150.0 17 25.89125110132159 0cd9414a_20240821_155355.data
110.0 150.0 17 25.656118942731283 0cd9414a_20240821_155419.data
90.0 150.0 17 25.656118942731283 0cd9414a_20240821_155443.data
70.0 150.0 17 25.419136563876656 0cd9414a_20240821_155507.data
50.0 150.0 17 25.773885462555068 0cd9414a_20240821_155531.data
30.0 150.0 17 25.773885462555068 0cd9414a_20240821_155555.data
10.0 150.0 17 25.419136563876656 0cd9414a_20240821_155619.data
10.0 170.0 17 25.773885462555068 0cd9414a_20240821_155643.data
30.0 170.0 17 25.773885462555068 0cd9414a_20240821_155707.data
50.0 170.0 17 25.773885462555068 0cd9414a_20240821_155731.data
70.0 170.0 17 25.773885462555068 0cd9414a_20240821_155755.data
90.0 170.0 17 25.656118942731283 0cd9414a_20240821_155819.data
110.0 170.0 17 25.773885462555068 0cd9414a_20240821_155843.data
130.0 170.0 17 25.537859030837005 0cd9414a_20240821_155907.data
150.0 170.0 17 25.656118942731283 0cd9414a_20240821_155931.data
170.0 170.0 17 25.773885462555068 0cd9414a_20240821_155955.data
190.0 170.0 17 25.773885462555068 0cd9414a_20240821_160019.data
210.0 170.0 17 25.773885462555068 0cd9414a_20240821_160043.data
230.0 170.0 17 25.537859030837005 0cd9414a_20240821_160107.data
250.0 170.0 17 25.773885462555068 0cd9414a_20240821_160131.data
270.0 170.0 17 25.773885462555068 0cd9414a_20240821_160155.data
290.0 170.0 17 25.773885462555068 0cd9414a_20240821_160219.data
290.0 190.0 17 25.773885462555068 0cd9414a_20240821_160243.data
270.0 190.0 17 25.537859030837005 0cd9414a_20240821_160307.data
250.0 190.0 17 25.89125110132159 0cd9414a_20240821_160331.data
230.0 190.0 17 25.773885462555068 0cd9414a_20240821_160355.data
210.0 190.0 17 25.773885462555068 0cd9414a_20240821_160419.data
190.0 190.0 17 25.89125110132159 0cd9414a_20240821_160443.data
170.0 190.0 17 25.537859030837005 0cd9414a_20240821_160507.data
150.0 190.0 17 25.89125110132159 0cd9414a_20240821_160531.data
130.0 190.0 17 25.773885462555068 0cd9414a_20240821_160531.data
110.0 190.0 17 25.773885462555068 0cd9414a_20240821_160531.data
90.0 190.0 17 25.773885462555068 0cd9414a_20240821_160531.data
70.0 190.0 17 25.537859030837005 0cd9414a_20240821_160531.data
50.0 190.0 17 25.773885462555068 0cd9414a_20240821_160531.data
30.0 190.0 17 25.89125110132159 0cd9414a_20240821_160531.data
10.0 190.0 17 25.773885462555068 0cd9414a_20240821_160531.data
10.0 210.0 17 25.773885462555068 0cd9414a_20240821_160531.data
30.0 210.0 17 25.537859030837005 0cd9414a_20240821_160531.data
50.0 210.0 17 25.773885462555068 0cd9414a_20240821_160531.data
70.0 210.0 17 25.773885462555068 0cd9414a_20240821_160531.data
90.0 210.0 17 25.537859030837005 0cd9414a_20240821_160531.data
110.0 210.0 17 25.773885462555068 0cd9414a_20240821_160531.data
130.0 210.0 17 25.89125110132159 0cd9414a_20240821_160531.data
150.0 210.0 17 25.656118942731283 0cd9414a_20240821_160531.data
170.0 210.0 17 25.537859030837005 0cd9414a_20240821_160531.data
190.0 210.0 17 25.773885462555068 0cd9414a_20240821_160531.data
210.0 210.0 17 25.773885462555068 0cd9414a_20240821_160531.data
230.0 210.0 17 25.773885462555068 0cd9414a_20240821_160531.data
250.0 210.0 17 25.773885462555068 0cd9414a_20240821_160531.data
270.0 210.0 17 25.419136563876656 0cd9414a_20240821_160531.data
290.0 210.0 17 25.773885462555068 0cd9414a_20240821_160531.data
290.0 230.0 17 25.773885462555068 0cd9414a_20240821_160531.data
270.0 230.0 17 25.773885462555068 0cd9414a_20240821_160531.data
250.0 230.0 17 25.537859030837005 0cd9414a_20240821_160531.data
230.0 230.0 17 25.537859030837005 0cd9414a_20240821_160531.data
210.0 230.0 17 25.773885462555068 0cd9414a_20240821_160531.data
190.0 230.0 17 25.773885462555068 0cd9414a_20240821_160531.data
170.0 230.0 17 25.773885462555068 0cd9414a_20240821_160531.data
150.0 230.0 17 25.773885462555068 0cd9414a_20240821_160531.data
130.0 230.0 17 25.537859030837005 0cd9414a_20240821_160531.data
110.0 230.0 17 25.773885462555068 0cd9414a_20240821_160531.data
90.0 230.0 17 25.773885462555068 0cd9414a_20240821_160531.data
70.0 230.0 17 25.773885462555068 0cd9414a_20240821_160531.data
50.0 230.0 17 25.656118942731283 0cd9414a_20240821_160531.data
30.0 230.0 17 25.773885462555068 0cd9414a_20240821_160531.data
10.0 230.0 17 25.773885462555068 0cd9414a_20240821_160531.data
10.0 250.0 17 25.773885462555068 0cd9414a_20240821_160531.data
30.0 250.0 17 25.419136563876656 0cd9414a_20240821_160531.data
50.0 250.0 17 25.656118942731283 0cd9414a_20240821_160531.data
70.0 250.0 17 25.89125110132159 0cd9414a_20240821_160531.data
90.0 250.0 17 25.773885462555068 0cd9414a_20240821_160531.data
110.0 250.0 17 25.773885462555068 0cd9414a_20240821_160531.data
130.0 250.0 17 25.773885462555068 0cd9414a_20240821_160531.data
150.0 250.0 17 25.773885462555068 0cd9414a_20240821_160531.data
170.0 250.0 17 25.773885462555068 0cd9414a_20240821_160531.data
190.0 250.0 17 25.419136563876656 0cd9414a_20240821_160531.data
210.0 250.0 17 25.773885462555068 0cd9414a_20240821_160531.data
230.0 250.0 17 25.773885462555068 0cd9414a_20240821_160531.data
250.0 250.0 17 25.89125110132159 0cd9414a_20240821_160531.data
270.0 250.0 17 25.89125110132159 0cd9414a_20240821_160531.data
290.0 250.0 17 25.537859030837005 0cd9414a_20240821_160531.data
290.0 270.0 17 25.537859030837005 0cd9414a_20240821_160531.data
270.0 270.0 17 25.773885462555068 0cd9414a_20240821_160531.data
250.0 270.0 17 25.89125110132159 0cd9414a_20240821_160531.data
230.0 270.0 17 25.656118942731283 0cd9414a_20240821_160531.data
210.0 270.0 17 25.773885462555068 0cd9414a_20240821_160531.data
190.0 270.0 17 25.773885462555068 0cd9414a_20240821_160531.data
170.0 270.0 17 25.89125110132159 0cd9414a_20240821_160531.data
150.0 270.0 17 25.537859030837005 0cd9414a_20240821_160531.data
130.0 270.0 17 25.773885462555068 0cd9414a_20240821_160531.data
110.0 270.0 17 25.773885462555068 0cd9414a_20240821_160531.data
90.0 270.0 17 25.419136563876656 0cd9414a_20240821_160531.data
70.0 270.0 17 25.656118942731283 0cd9414a_20240821_160531.data
50.0 270.0 17 25.537859030837005 0cd9414a_20240821_160531.data
30.0 270.0 17 25.537859030837005 0cd9414a_20240821_160531.data
10.0 270.0 17 25.537859030837005 0cd9414a_20240821_160531.data
10.0 290.0 17 25.537859030837005 0cd9414a_20240821_160531.data
30.0 290.0 17 25.419136563876656 0cd9414a_20240821_160531.data
50.0 290.0 17 25.537859030837005 0cd9414a_20240821_160531.data
70.0 290.0 17 25.419136563876656 0cd9414a_20240821_160531.data
90.0 290.0 17 25.537859030837005 0cd9414a_20240821_160531.data
110.0 290.0 17 25.537859030837005 0cd9414a_20240821_160531.data
130.0 290.0 17 25.419136563876656 0cd9414a_20240821_160531.data
150.0 290.0 17 25.419136563876656 0cd9414a_20240821_160531.data
170.0 290.0 17 25.419136563876656 0cd9414a_20240821_160531.data
190.0 290.0 17 25.537859030837005 0cd9414a_20240821_160531.data
210.0 290.0 17 25.419136563876656 0cd9414a_20240821_160531.data
230.0 290.0 17 25.419136563876656 0cd9414a_20240821_160531.data
250.0 290.0 17 25.537859030837005 0cd9414a_20240821_160531.data
270.0 290.0 17 25.537859030837005 0cd9414a_20240821_160531.data
290.0 290.0 17 25.419136563876656 0cd9414a_20240821_160531.data
290.0 310.0 17 25.537859030837005 0cd9414a_20240821_160531.data
270.0 310.0 17 25.419136563876656 0cd9414a_20240821_160531.data
250.0 310.0 17 25.419136563876656 0cd9414a_20240821_160531.data
230.0 310.0 17 25.537859030837005 0cd9414a_20240821_160531.data
210.0 310.0 17 25.537859030837005 0cd9414a_20240821_160531.data
190.0 310.0 17 25.537859030837005 0cd9414a_20240821_160531.data
170.0 310.0 17 -1 0cd9414a_20240821_160531.data
150.0 310.0 17 25.419136563876656 0cd9414a_20240821_160531.data
130.0 310.0 17 25.537859030837005 0cd9414a_20240821_160531.data
110.0 310.0 17 -1 0cd9414a_20240821_160531.data
90.0 310.0 17 25.537859030837005 0cd9414a_20240821_160531.data
70.0 310.0 17 25.537859030837005 0cd9414a_20240821_160531.data
50.0 310.0 17 25.537859030837005 0cd9414a_20240821_160531.data
30.0 310.0 17 25.537859030837005 0cd9414a_20240821_160531.data
10.0 310.0 17 25.537859030837005 0cd9414a_20240821_160531.data
10.0 330.0 17 25.537859030837005 0cd9414a_20240821_160531.data
30.0 330.0 17 -1 0cd9414a_20240821_160531.data
50.0 330.0 17 25.419136563876656 0cd9414a_20240821_160531.data
70.0 330.0 17 25.537859030837005 0cd9414a_20240821_160531.data
90.0 330.0 17 25.537859030837005 0cd9414a_20240821_160531.data
110.0 330.0 17 25.539647577092516 0cd9414a_20240821_160531.data
130.0 330.0 17 25.180334801762115 0cd9414a_20240821_160531.data
150.0 330.0 17 25.180334801762115 0cd9414a_20240821_160531.data
170.0 330.0 17 25.180334801762115 0cd9414a_20240821_160531.data
190.0 330.0 17 25.180334801762115 0cd9414a_20240821_160531.data
210.0 330.0 17 25.180334801762115 0cd9414a_20240821_160531.data
230.0 330.0 17 25.299982378854633 0cd9414a_20240821_160531.data
250.0 330.0 17 25.180334801762115 0cd9414a_20240821_160531.data
270.0 330.0 17 25.180334801762115 0cd9414a_20240821_160531.data
290.0 330.0 17 25.299982378854633 0cd9414a_20240821_160531.data
