-1 -1 -1 24.637394736842104 0cd9414a_20240912_143536.data
10.0 10.0 17 24.532868421052633 0cd9414a_20240912_143615.data
30.0 10.0 17 24.637394736842104 0cd9414a_20240912_143639.data
50.0 10.0 17 24.322552631578947 0cd9414a_20240912_143703.data
70.0 10.0 17 24.427921052631582 0cd9414a_20240912_143727.data
90.0 10.0 17 24.427921052631582 0cd9414a_20240912_143751.data
110.0 10.0 17 24.427921052631582 0cd9414a_20240912_143815.data
130.0 10.0 17 24.322552631578947 0cd9414a_20240912_143839.data
150.0 10.0 17 24.322552631578947 0cd9414a_20240912_143903.data
170.0 10.0 17 24.427921052631582 0cd9414a_20240912_143927.data
190.0 10.0 17 24.637394736842104 0cd9414a_20240912_143951.data
210.0 10.0 17 24.741500000000002 0cd9414a_20240912_144015.data
230.0 10.0 17 24.532868421052633 0cd9414a_20240912_144039.data
250.0 10.0 17 24.427921052631582 0cd9414a_20240912_144103.data
270.0 10.0 17 24.637394736842104 0cd9414a_20240912_144127.data
290.0 10.0 17 24.637394736842104 0cd9414a_20240912_144151.data
290.0 30.0 17 24.427921052631582 0cd9414a_20240912_144215.data
270.0 30.0 17 24.427921052631582 0cd9414a_20240912_144239.data
250.0 30.0 17 24.637394736842104 0cd9414a_20240912_144303.data
230.0 30.0 17 24.637394736842104 0cd9414a_20240912_144327.data
210.0 30.0 17 24.637394736842104 0cd9414a_20240912_144351.data
190.0 30.0 17 24.637394736842104 0cd9414a_20240912_144415.data
170.0 30.0 17 24.637394736842104 0cd9414a_20240912_144439.data
150.0 30.0 17 24.637394736842104 0cd9414a_20240912_144503.data
130.0 30.0 17 24.637394736842104 0cd9414a_20240912_144527.data
110.0 30.0 17 24.741500000000002 0cd9414a_20240912_144551.data
90.0 30.0 17 24.637394736842104 0cd9414a_20240912_144615.data
70.0 30.0 17 24.532868421052633 0cd9414a_20240912_144639.data
50.0 30.0 17 24.532868421052633 0cd9414a_20240912_144703.data
30.0 30.0 17 24.637394736842104 0cd9414a_20240912_144727.data
10.0 30.0 17 24.637394736842104 0cd9414a_20240912_144751.data
10.0 50.0 17 24.322552631578947 0cd9414a_20240912_144815.data
30.0 50.0 17 24.427921052631582 0cd9414a_20240912_144839.data
50.0 50.0 17 24.637394736842104 0cd9414a_20240912_144903.data
70.0 50.0 17 24.637394736842104 0cd9414a_20240912_144927.data
90.0 50.0 17 24.427921052631582 0cd9414a_20240912_144951.data
110.0 50.0 17 24.637394736842104 0cd9414a_20240912_145016.data
130.0 50.0 17 24.637394736842104 0cd9414a_20240912_145040.data
150.0 50.0 17 24.532868421052633 0cd9414a_20240912_145104.data
170.0 50.0 17 24.532868421052633 0cd9414a_20240912_145128.data
190.0 50.0 17 24.637394736842104 0cd9414a_20240912_145152.data
210.0 50.0 17 24.532868421052633 0cd9414a_20240912_145216.data
230.0 50.0 17 24.322552631578947 0cd9414a_20240912_145240.data
250.0 50.0 17 24.427921052631582 0cd9414a_20240912_145304.data
270.0 50.0 17 24.427921052631582 0cd9414a_20240912_145328.data
290.0 50.0 17 24.322552631578947 0cd9414a_20240912_145352.data
290.0 70.0 17 24.427921052631582 0cd9414a_20240912_145416.data
270.0 70.0 17 24.637394736842104 0cd9414a_20240912_145440.data
250.0 70.0 17 24.532868421052633 0cd9414a_20240912_145504.data
230.0 70.0 17 24.637394736842104 0cd9414a_20240912_145528.data
210.0 70.0 17 24.532868421052633 0cd9414a_20240912_145552.data
190.0 70.0 17 24.532868421052633 0cd9414a_20240912_145616.data
170.0 70.0 17 24.637394736842104 0cd9414a_20240912_145640.data
150.0 70.0 17 24.637394736842104 0cd9414a_20240912_145704.data
130.0 70.0 17 24.427921052631582 0cd9414a_20240912_145728.data
110.0 70.0 17 24.322552631578947 0cd9414a_20240912_145752.data
90.0 70.0 17 24.637394736842104 0cd9414a_20240912_145816.data
70.0 70.0 17 24.532868421052633 0cd9414a_20240912_145840.data
50.0 70.0 17 24.637394736842104 0cd9414a_20240912_145904.data
30.0 70.0 17 24.637394736842104 0cd9414a_20240912_145928.data
10.0 70.0 17 24.637394736842104 0cd9414a_20240912_145952.data
10.0 90.0 17 24.637394736842104 0cd9414a_20240912_150016.data
30.0 90.0 17 24.532868421052633 0cd9414a_20240912_150040.data
50.0 90.0 17 24.637394736842104 0cd9414a_20240912_150104.data
70.0 90.0 17 24.637394736842104 0cd9414a_20240912_150128.data
90.0 90.0 17 24.637394736842104 0cd9414a_20240912_150152.data
110.0 90.0 17 24.637394736842104 0cd9414a_20240912_150216.data
130.0 90.0 17 24.637394736842104 0cd9414a_20240912_150240.data
150.0 90.0 17 24.427921052631582 0cd9414a_20240912_150304.data
170.0 90.0 17 24.322552631578947 0cd9414a_20240912_150328.data
190.0 90.0 17 24.637394736842104 0cd9414a_20240912_150352.data
210.0 90.0 17 24.637394736842104 0cd9414a_20240912_150416.data
230.0 90.0 17 24.637394736842104 0cd9414a_20240912_150440.data
250.0 90.0 17 24.637394736842104 0cd9414a_20240912_150504.data
270.0 90.0 17 24.427921052631582 0cd9414a_20240912_150528.data
290.0 90.0 17 24.637394736842104 0cd9414a_20240912_150552.data
290.0 110.0 17 24.637394736842104 0cd9414a_20240912_150616.data
270.0 110.0 17 24.427921052631582 0cd9414a_20240912_150640.data
250.0 110.0 17 24.532868421052633 0cd9414a_20240912_150704.data
230.0 110.0 17 24.637394736842104 0cd9414a_20240912_150728.data
210.0 110.0 17 24.427921052631582 0cd9414a_20240912_150752.data
190.0 110.0 17 24.637394736842104 0cd9414a_20240912_150816.data
170.0 110.0 17 24.637394736842104 0cd9414a_20240912_150840.data
150.0 110.0 17 24.637394736842104 0cd9414a_20240912_150904.data
130.0 110.0 17 24.637394736842104 0cd9414a_20240912_150928.data
110.0 110.0 17 24.637394736842104 0cd9414a_20240912_150952.data
90.0 110.0 17 24.532868421052633 0cd9414a_20240912_151016.data
70.0 110.0 17 24.637394736842104 0cd9414a_20240912_151040.data
50.0 110.0 17 24.637394736842104 0cd9414a_20240912_151104.data
30.0 110.0 17 24.637394736842104 0cd9414a_20240912_151128.data
10.0 110.0 17 24.637394736842104 0cd9414a_20240912_151152.data
10.0 130.0 17 24.427921052631582 0cd9414a_20240912_151216.data
30.0 130.0 17 24.532868421052633 0cd9414a_20240912_151240.data
50.0 130.0 17 24.427921052631582 0cd9414a_20240912_151304.data
70.0 130.0 17 24.637394736842104 0cd9414a_20240912_151328.data
90.0 130.0 17 24.637394736842104 0cd9414a_20240912_151352.data
110.0 130.0 17 24.637394736842104 0cd9414a_20240912_151416.data
130.0 130.0 17 24.637394736842104 0cd9414a_20240912_151440.data
150.0 130.0 17 24.637394736842104 0cd9414a_20240912_151504.data
170.0 130.0 17 24.637394736842104 0cd9414a_20240912_151528.data
190.0 130.0 17 24.322552631578947 0cd9414a_20240912_151552.data
210.0 130.0 17 24.741500000000002 0cd9414a_20240912_151616.data
230.0 130.0 17 24.637394736842104 0cd9414a_20240912_151640.data
250.0 130.0 17 24.532868421052633 0cd9414a_20240912_151704.data
270.0 130.0 17 24.427921052631582 0cd9414a_20240912_151728.data
290.0 130.0 17 24.532868421052633 0cd9414a_20240912_151752.data
290.0 150.0 17 24.427921052631582 0cd9414a_20240912_151816.data
270.0 150.0 17 24.637394736842104 0cd9414a_20240912_151840.data
250.0 150.0 17 24.322552631578947 0cd9414a_20240912_151904.data
230.0 150.0 17 24.322552631578947 0cd9414a_20240912_151928.data
210.0 150.0 17 24.427921052631582 0cd9414a_20240912_151952.data
190.0 150.0 17 24.322552631578947 0cd9414a_20240912_152016.data
170.0 150.0 17 24.322552631578947 0cd9414a_20240912_152040.data
150.0 150.0 17 24.322552631578947 0cd9414a_20240912_152104.data
130.0 150.0 17 24.322552631578947 0cd9414a_20240912_152129.data
110.0 150.0 17 24.322552631578947 0cd9414a_20240912_152153.data
90.0 150.0 17 24.322552631578947 0cd9414a_20240912_152217.data
70.0 150.0 17 24.322552631578947 0cd9414a_20240912_152241.data
50.0 150.0 17 24.322552631578947 0cd9414a_20240912_152305.data
30.0 150.0 17 24.322552631578947 0cd9414a_20240912_152329.data
10.0 150.0 17 24.322552631578947 0cd9414a_20240912_152353.data
10.0 170.0 17 24.322552631578947 0cd9414a_20240912_152417.data
30.0 170.0 17 24.322552631578947 0cd9414a_20240912_152441.data
50.0 170.0 17 24.322552631578947 0cd9414a_20240912_152505.data
70.0 170.0 17 24.322552631578947 0cd9414a_20240912_152529.data
90.0 170.0 17 24.322552631578947 0cd9414a_20240912_152553.data
110.0 170.0 17 24.322552631578947 0cd9414a_20240912_152617.data
130.0 170.0 17 24.322552631578947 0cd9414a_20240912_152641.data
150.0 170.0 17 24.322552631578947 0cd9414a_20240912_152705.data
170.0 170.0 17 24.322552631578947 0cd9414a_20240912_152729.data
190.0 170.0 17 24.322552631578947 0cd9414a_20240912_152753.data
210.0 170.0 17 24.322552631578947 0cd9414a_20240912_152817.data
230.0 170.0 17 24.322552631578947 0cd9414a_20240912_152841.data
250.0 170.0 17 24.322552631578947 0cd9414a_20240912_152905.data
270.0 170.0 17 24.322552631578947 0cd9414a_20240912_152929.data
290.0 170.0 17 24.322552631578947 0cd9414a_20240912_152953.data
290.0 190.0 17 24.427921052631582 0cd9414a_20240912_153017.data
270.0 190.0 17 24.322552631578947 0cd9414a_20240912_153041.data
250.0 190.0 17 24.322552631578947 0cd9414a_20240912_153105.data
230.0 190.0 17 24.322552631578947 0cd9414a_20240912_153129.data
210.0 190.0 17 24.322552631578947 0cd9414a_20240912_153153.data
190.0 190.0 17 24.322552631578947 0cd9414a_20240912_153217.data
170.0 190.0 17 24.322552631578947 0cd9414a_20240912_153241.data
150.0 190.0 17 24.427921052631582 0cd9414a_20240912_153305.data
130.0 190.0 17 24.427921052631582 0cd9414a_20240912_153329.data
110.0 190.0 17 24.427921052631582 0cd9414a_20240912_153353.data
90.0 190.0 17 24.322552631578947 0cd9414a_20240912_153417.data
70.0 190.0 17 24.322552631578947 0cd9414a_20240912_153441.data
50.0 190.0 17 24.322552631578947 0cd9414a_20240912_153505.data
30.0 190.0 17 24.427921052631582 0cd9414a_20240912_153529.data
10.0 190.0 17 24.322552631578947 0cd9414a_20240912_153553.data
10.0 210.0 17 24.427921052631582 0cd9414a_20240912_153617.data
30.0 210.0 17 24.427921052631582 0cd9414a_20240912_153641.data
50.0 210.0 17 24.322552631578947 0cd9414a_20240912_153705.data
70.0 210.0 17 24.322552631578947 0cd9414a_20240912_153729.data
90.0 210.0 17 24.322552631578947 0cd9414a_20240912_153753.data
110.0 210.0 17 24.322552631578947 0cd9414a_20240912_153817.data
130.0 210.0 17 24.532868421052633 0cd9414a_20240912_153841.data
150.0 210.0 17 24.322552631578947 0cd9414a_20240912_153905.data
170.0 210.0 17 24.427921052631582 0cd9414a_20240912_153929.data
190.0 210.0 17 24.322552631578947 0cd9414a_20240912_153953.data
210.0 210.0 17 24.322552631578947 0cd9414a_20240912_154017.data
230.0 210.0 17 24.322552631578947 0cd9414a_20240912_154041.data
250.0 210.0 17 24.322552631578947 0cd9414a_20240912_154105.data
270.0 210.0 17 24.322552631578947 0cd9414a_20240912_154129.data
290.0 210.0 17 24.427921052631582 0cd9414a_20240912_154153.data
290.0 230.0 17 24.427921052631582 0cd9414a_20240912_154217.data
270.0 230.0 17 24.322552631578947 0cd9414a_20240912_154241.data
250.0 230.0 17 24.322552631578947 0cd9414a_20240912_154305.data
230.0 230.0 17 24.322552631578947 0cd9414a_20240912_154329.data
210.0 230.0 17 24.322552631578947 0cd9414a_20240912_154353.data
190.0 230.0 17 24.322552631578947 0cd9414a_20240912_154417.data
170.0 230.0 17 24.322552631578947 0cd9414a_20240912_154441.data
150.0 230.0 17 24.427921052631582 0cd9414a_20240912_154505.data
130.0 230.0 17 24.427921052631582 0cd9414a_20240912_154529.data
110.0 230.0 17 24.322552631578947 0cd9414a_20240912_154553.data
90.0 230.0 17 24.322552631578947 0cd9414a_20240912_154617.data
70.0 230.0 17 24.322552631578947 0cd9414a_20240912_154641.data
50.0 230.0 17 24.322552631578947 0cd9414a_20240912_154705.data
30.0 230.0 17 24.427921052631582 0cd9414a_20240912_154729.data
10.0 230.0 17 24.322552631578947 0cd9414a_20240912_154753.data
10.0 250.0 17 24.322552631578947 0cd9414a_20240912_154817.data
30.0 250.0 17 24.322552631578947 0cd9414a_20240912_154841.data
50.0 250.0 17 24.322552631578947 0cd9414a_20240912_154905.data
70.0 250.0 17 24.322552631578947 0cd9414a_20240912_154929.data
90.0 250.0 17 24.322552631578947 0cd9414a_20240912_154953.data
110.0 250.0 17 24.322552631578947 0cd9414a_20240912_155017.data
130.0 250.0 17 24.322552631578947 0cd9414a_20240912_155041.data
150.0 250.0 17 24.322552631578947 0cd9414a_20240912_155105.data
170.0 250.0 17 24.322552631578947 0cd9414a_20240912_155129.data
190.0 250.0 17 24.322552631578947 0cd9414a_20240912_155153.data
210.0 250.0 17 24.322552631578947 0cd9414a_20240912_155217.data
230.0 250.0 17 24.322552631578947 0cd9414a_20240912_155242.data
250.0 250.0 17 24.322552631578947 0cd9414a_20240912_155306.data
270.0 250.0 17 24.322552631578947 0cd9414a_20240912_155330.data
290.0 250.0 17 24.322552631578947 0cd9414a_20240912_155354.data
290.0 270.0 17 24.322552631578947 0cd9414a_20240912_155418.data
270.0 270.0 17 24.322552631578947 0cd9414a_20240912_155442.data
250.0 270.0 17 24.322552631578947 0cd9414a_20240912_155506.data
230.0 270.0 17 24.427921052631582 0cd9414a_20240912_155530.data
210.0 270.0 17 24.322552631578947 0cd9414a_20240912_155554.data
190.0 270.0 17 24.427921052631582 0cd9414a_20240912_155618.data
170.0 270.0 17 24.427921052631582 0cd9414a_20240912_155642.data
150.0 270.0 17 24.427921052631582 0cd9414a_20240912_155706.data
130.0 270.0 17 24.427921052631582 0cd9414a_20240912_155730.data
110.0 270.0 17 24.322552631578947 0cd9414a_20240912_155754.data
90.0 270.0 17 24.322552631578947 0cd9414a_20240912_155818.data
70.0 270.0 17 24.322552631578947 0cd9414a_20240912_155842.data
50.0 270.0 17 24.322552631578947 0cd9414a_20240912_155906.data
30.0 270.0 17 24.322552631578947 0cd9414a_20240912_155930.data
10.0 270.0 17 24.427921052631582 0cd9414a_20240912_155954.data
10.0 290.0 17 24.428947368421053 0cd9414a_20240912_160018.data
30.0 290.0 17 24.637394736842104 0cd9414a_20240912_160042.data
50.0 290.0 17 24.637394736842104 0cd9414a_20240912_160106.data
70.0 290.0 17 24.637394736842104 0cd9414a_20240912_160130.data
90.0 290.0 17 24.637394736842104 0cd9414a_20240912_160154.data
110.0 290.0 17 24.637394736842104 0cd9414a_20240912_160218.data
130.0 290.0 17 24.532868421052633 0cd9414a_20240912_160242.data
150.0 290.0 17 24.637394736842104 0cd9414a_20240912_160306.data
170.0 290.0 17 24.637394736842104 0cd9414a_20240912_160330.data
190.0 290.0 17 24.637394736842104 0cd9414a_20240912_160354.data
210.0 290.0 17 24.532868421052633 0cd9414a_20240912_160418.data
230.0 290.0 17 24.637394736842104 0cd9414a_20240912_160442.data
250.0 290.0 17 24.637394736842104 0cd9414a_20240912_160506.data
270.0 290.0 17 24.637394736842104 0cd9414a_20240912_160530.data
290.0 290.0 17 24.637394736842104 0cd9414a_20240912_160554.data
290.0 310.0 17 24.532868421052633 0cd9414a_20240912_160618.data
270.0 310.0 17 24.637394736842104 0cd9414a_20240912_160642.data
250.0 310.0 17 24.532868421052633 0cd9414a_20240912_160706.data
230.0 310.0 17 24.637394736842104 0cd9414a_20240912_160730.data
210.0 310.0 17 24.637394736842104 0cd9414a_20240912_160754.data
190.0 310.0 17 24.637394736842104 0cd9414a_20240912_160818.data
170.0 310.0 17 24.637394736842104 0cd9414a_20240912_160842.data
150.0 310.0 17 24.637394736842104 0cd9414a_20240912_160906.data
130.0 310.0 17 24.845210526315793 0cd9414a_20240912_160930.data
110.0 310.0 17 24.637394736842104 0cd9414a_20240912_160954.data
90.0 310.0 17 24.637394736842104 0cd9414a_20240912_161018.data
70.0 310.0 17 24.637394736842104 0cd9414a_20240912_161042.data
50.0 310.0 17 24.532868421052633 0cd9414a_20240912_161106.data
30.0 310.0 17 24.637394736842104 0cd9414a_20240912_161130.data
10.0 310.0 17 24.637394736842104 0cd9414a_20240912_161154.data
10.0 330.0 17 24.637394736842104 0cd9414a_20240912_161218.data
30.0 330.0 17 24.637394736842104 0cd9414a_20240912_161242.data
50.0 330.0 17 24.637394736842104 0cd9414a_20240912_161306.data
70.0 330.0 17 24.637394736842104 0cd9414a_20240912_161330.data
90.0 330.0 17 24.637394736842104 0cd9414a_20240912_161354.data
110.0 330.0 17 24.532868421052633 0cd9414a_20240912_161418.data
130.0 330.0 17 24.637394736842104 0cd9414a_20240912_161442.data
150.0 330.0 17 24.637394736842104 0cd9414a_20240912_161506.data
170.0 330.0 17 24.637394736842104 0cd9414a_20240912_161530.data
190.0 330.0 17 24.532868421052633 0cd9414a_20240912_161554.data
210.0 330.0 17 24.637394736842104 0cd9414a_20240912_161618.data
230.0 330.0 17 24.637394736842104 0cd9414a_20240912_161642.data
250.0 330.0 17 24.637394736842104 0cd9414a_20240912_161706.data
270.0 330.0 17 24.532868421052633 0cd9414a_20240912_161730.data
290.0 330.0 17 24.637394736842104 0cd9414a_20240912_161754.data
10.0 350.0 17 24.637394736842104 0cd9414a_20240912_170045.data
30.0 350.0 17 24.637394736842104 0cd9414a_20240912_170109.data
50.0 350.0 17 24.637394736842104 0cd9414a_20240912_170133.data
70.0 350.0 17 24.637394736842104 0cd9414a_20240912_170157.data
90.0 350.0 17 24.637394736842104 0cd9414a_20240912_170221.data
110.0 350.0 17 24.637394736842104 0cd9414a_20240912_170245.data
130.0 350.0 17 24.532868421052633 0cd9414a_20240912_170309.data
150.0 350.0 17 24.637394736842104 0cd9414a_20240912_170333.data
170.0 350.0 17 24.637394736842104 0cd9414a_20240912_170357.data
190.0 350.0 17 24.637394736842104 0cd9414a_20240912_170421.data
210.0 350.0 17 24.637394736842104 0cd9414a_20240912_170445.data
230.0 350.0 17 24.637394736842104 0cd9414a_20240912_170509.data
250.0 350.0 17 24.532868421052633 0cd9414a_20240912_170533.data
270.0 350.0 17 24.741500000000002 0cd9414a_20240912_170557.data
290.0 350.0 17 24.532868421052633 0cd9414a_20240912_170621.data
290.0 370.0 17 24.741500000000002 0cd9414a_20240912_170645.data
270.0 370.0 17 24.427921052631582 0cd9414a_20240912_170709.data
250.0 370.0 17 24.532868421052633 0cd9414a_20240912_170733.data
230.0 370.0 17 24.637394736842104 0cd9414a_20240912_170757.data
210.0 370.0 17 24.637394736842104 0cd9414a_20240912_170821.data
190.0 370.0 17 24.637394736842104 0cd9414a_20240912_170845.data
170.0 370.0 17 24.637394736842104 0cd9414a_20240912_170909.data
150.0 370.0 17 24.637394736842104 0cd9414a_20240912_170933.data
130.0 370.0 17 24.532868421052633 0cd9414a_20240912_170957.data
110.0 370.0 17 24.637394736842104 0cd9414a_20240912_171021.data
90.0 370.0 17 24.532868421052633 0cd9414a_20240912_171045.data
70.0 370.0 17 24.637394736842104 0cd9414a_20240912_171109.data
50.0 370.0 17 24.637394736842104 0cd9414a_20240912_171133.data
30.0 370.0 17 24.637394736842104 0cd9414a_20240912_171157.data
10.0 370.0 17 24.637394736842104 0cd9414a_20240912_171221.data
10.0 390.0 17 24.637394736842104 0cd9414a_20240912_171245.data
30.0 390.0 17 24.637394736842104 0cd9414a_20240912_171309.data
50.0 390.0 17 24.637394736842104 0cd9414a_20240912_171333.data
70.0 390.0 17 24.532868421052633 0cd9414a_20240912_171357.data
90.0 390.0 17 24.637394736842104 0cd9414a_20240912_171421.data
110.0 390.0 17 24.637394736842104 0cd9414a_20240912_171445.data
130.0 390.0 17 24.637394736842104 0cd9414a_20240912_171509.data
150.0 390.0 17 24.637394736842104 0cd9414a_20240912_171533.data
170.0 390.0 17 24.637394736842104 0cd9414a_20240912_171557.data
190.0 390.0 17 24.532868421052633 0cd9414a_20240912_171621.data
210.0 390.0 17 24.637394736842104 0cd9414a_20240912_171645.data
230.0 390.0 17 24.637394736842104 0cd9414a_20240912_171709.data
250.0 390.0 17 24.532868421052633 0cd9414a_20240912_171733.data
270.0 390.0 17 24.427921052631582 0cd9414a_20240912_171757.data
290.0 390.0 17 24.637394736842104 0cd9414a_20240912_171821.data
290.0 410.0 17 24.532868421052633 0cd9414a_20240912_171845.data
270.0 410.0 17 24.637394736842104 0cd9414a_20240912_171909.data
250.0 410.0 17 24.637394736842104 0cd9414a_20240912_171933.data
230.0 410.0 17 24.637394736842104 0cd9414a_20240912_171957.data
210.0 410.0 17 24.741500000000002 0cd9414a_20240912_172021.data
190.0 410.0 17 24.532868421052633 0cd9414a_20240912_172045.data
170.0 410.0 17 24.637394736842104 0cd9414a_20240912_172109.data
150.0 410.0 17 24.637394736842104 0cd9414a_20240912_172133.data
130.0 410.0 17 24.637394736842104 0cd9414a_20240912_172157.data
110.0 410.0 17 24.532868421052633 0cd9414a_20240912_172221.data
90.0 410.0 17 24.532868421052633 0cd9414a_20240912_172245.data
70.0 410.0 17 24.637394736842104 0cd9414a_20240912_172310.data
50.0 410.0 17 24.637394736842104 0cd9414a_20240912_172334.data
30.0 410.0 17 24.637394736842104 0cd9414a_20240912_172358.data
10.0 410.0 17 24.637394736842104 0cd9414a_20240912_172422.data
10.0 430.0 17 24.637394736842104 0cd9414a_20240912_172446.data
30.0 430.0 17 24.637394736842104 0cd9414a_20240912_172510.data
50.0 430.0 17 24.637394736842104 0cd9414a_20240912_172534.data
70.0 430.0 17 24.637394736842104 0cd9414a_20240912_172558.data
90.0 430.0 17 24.637394736842104 0cd9414a_20240912_172622.data
110.0 430.0 17 24.637394736842104 0cd9414a_20240912_172646.data
130.0 430.0 17 24.637394736842104 0cd9414a_20240912_172710.data
150.0 430.0 17 24.637394736842104 0cd9414a_20240912_172734.data
170.0 430.0 17 24.637394736842104 0cd9414a_20240912_172758.data
190.0 430.0 17 24.637394736842104 0cd9414a_20240912_172822.data
210.0 430.0 17 24.532868421052633 0cd9414a_20240912_172846.data
230.0 430.0 17 24.637394736842104 0cd9414a_20240912_172910.data
250.0 430.0 17 24.637394736842104 0cd9414a_20240912_172934.data
270.0 430.0 17 24.637394736842104 0cd9414a_20240912_172958.data
290.0 430.0 17 24.637394736842104 0cd9414a_20240912_173022.data
290.0 450.0 17 24.637394736842104 0cd9414a_20240912_173046.data
270.0 450.0 17 24.637394736842104 0cd9414a_20240912_173110.data
250.0 450.0 17 24.637394736842104 0cd9414a_20240912_173134.data
230.0 450.0 17 24.637394736842104 0cd9414a_20240912_173158.data
210.0 450.0 17 24.637394736842104 0cd9414a_20240912_173222.data
190.0 450.0 17 24.637394736842104 0cd9414a_20240912_173246.data
170.0 450.0 17 24.532868421052633 0cd9414a_20240912_173310.data
150.0 450.0 17 24.637394736842104 0cd9414a_20240912_173334.data
130.0 450.0 17 24.637394736842104 0cd9414a_20240912_173358.data
110.0 450.0 17 24.637394736842104 0cd9414a_20240912_173422.data
90.0 450.0 17 24.845210526315793 0cd9414a_20240912_173446.data
70.0 450.0 17 24.637394736842104 0cd9414a_20240912_173510.data
50.0 450.0 17 24.532868421052633 0cd9414a_20240912_173534.data
30.0 450.0 17 24.532868421052633 0cd9414a_20240912_173558.data
10.0 450.0 17 24.741500000000002 0cd9414a_20240912_173622.data
10.0 470.0 17 24.741500000000002 0cd9414a_20240912_173646.data
30.0 470.0 17 24.845210526315793 0cd9414a_20240912_173710.data
50.0 470.0 17 24.741500000000002 0cd9414a_20240912_173734.data
70.0 470.0 17 24.637394736842104 0cd9414a_20240912_173758.data
90.0 470.0 17 24.637394736842104 0cd9414a_20240912_173822.data
110.0 470.0 17 24.741500000000002 0cd9414a_20240912_173846.data
130.0 470.0 17 24.845210526315793 0cd9414a_20240912_173910.data
150.0 470.0 17 24.637394736842104 0cd9414a_20240912_173934.data
170.0 470.0 17 24.532868421052633 0cd9414a_20240912_173958.data
190.0 470.0 17 24.637394736842104 0cd9414a_20240912_174022.data
210.0 470.0 17 24.637394736842104 0cd9414a_20240912_174046.data
230.0 470.0 17 24.637394736842104 0cd9414a_20240912_174110.data
250.0 470.0 17 24.532868421052633 0cd9414a_20240912_174134.data
270.0 470.0 17 24.637394736842104 0cd9414a_20240912_174158.data
290.0 470.0 17 24.637394736842104 0cd9414a_20240912_174222.data
