-1 -1 -1 23.283325 0cd9414a_20240916_123321.data
10.0 10.0 17 23.594575 0cd9414a_20240916_123400.data
30.0 10.0 17 23.594575 0cd9414a_20240916_123424.data
50.0 10.0 17 23.594575 0cd9414a_20240916_123448.data
70.0 10.0 17 23.594575 0cd9414a_20240916_123512.data
90.0 10.0 17 23.3875 0cd9414a_20240916_123536.data
110.0 10.0 17 23.594575 0cd9414a_20240916_123600.data
130.0 10.0 17 23.594575 0cd9414a_20240916_123624.data
150.0 10.0 17 23.283325 0cd9414a_20240916_123648.data
170.0 10.0 17 23.594575 0cd9414a_20240916_123712.data
190.0 10.0 17 23.594575 0cd9414a_20240916_123736.data
210.0 10.0 17 23.594575 0cd9414a_20240916_123800.data
230.0 10.0 17 23.594575 0cd9414a_20240916_123824.data
250.0 10.0 17 23.283325 0cd9414a_20240916_123848.data
270.0 10.0 17 23.594575 0cd9414a_20240916_123912.data
290.0 10.0 17 23.594575 0cd9414a_20240916_123936.data
290.0 30.0 17 23.283325 0cd9414a_20240916_124000.data
270.0 30.0 17 23.3875 0cd9414a_20240916_124024.data
250.0 30.0 17 23.594575 0cd9414a_20240916_124048.data
230.0 30.0 17 23.594575 0cd9414a_20240916_124112.data
210.0 30.0 17 23.3875 0cd9414a_20240916_124136.data
190.0 30.0 17 23.594575 0cd9414a_20240916_124200.data
170.0 30.0 17 23.594575 0cd9414a_20240916_124224.data
150.0 30.0 17 23.594575 0cd9414a_20240916_124248.data
130.0 30.0 17 23.594575 0cd9414a_20240916_124312.data
110.0 30.0 17 23.594575 0cd9414a_20240916_124336.data
90.0 30.0 17 23.594575 0cd9414a_20240916_124400.data
70.0 30.0 17 23.3875 0cd9414a_20240916_124424.data
50.0 30.0 17 23.594575 0cd9414a_20240916_124448.data
30.0 30.0 17 23.594575 0cd9414a_20240916_124512.data
10.0 30.0 17 23.594575 0cd9414a_20240916_124536.data
10.0 50.0 17 23.594575 0cd9414a_20240916_124600.data
30.0 50.0 17 23.594575 0cd9414a_20240916_124625.data
50.0 50.0 17 23.594575 0cd9414a_20240916_124649.data
70.0 50.0 17 23.594575 0cd9414a_20240916_124713.data
90.0 50.0 17 23.594575 0cd9414a_20240916_124737.data
110.0 50.0 17 23.3875 0cd9414a_20240916_124801.data
130.0 50.0 17 23.3875 0cd9414a_20240916_124825.data
150.0 50.0 17 23.49125 0cd9414a_20240916_124849.data
170.0 50.0 17 23.3875 0cd9414a_20240916_124913.data
190.0 50.0 17 23.594575 0cd9414a_20240916_124937.data
210.0 50.0 17 23.49125 0cd9414a_20240916_125001.data
230.0 50.0 17 23.594575 0cd9414a_20240916_125025.data
250.0 50.0 17 23.594575 0cd9414a_20240916_125049.data
270.0 50.0 17 23.594575 0cd9414a_20240916_125113.data
290.0 50.0 17 23.594575 0cd9414a_20240916_125137.data
290.0 70.0 17 23.3875 0cd9414a_20240916_125201.data
270.0 70.0 17 23.594575 0cd9414a_20240916_125225.data
250.0 70.0 17 23.594575 0cd9414a_20240916_125249.data
230.0 70.0 17 23.594575 0cd9414a_20240916_125313.data
210.0 70.0 17 23.3875 0cd9414a_20240916_125337.data
190.0 70.0 17 23.3875 0cd9414a_20240916_125401.data
170.0 70.0 17 23.594575 0cd9414a_20240916_125425.data
150.0 70.0 17 23.3875 0cd9414a_20240916_125449.data
130.0 70.0 17 23.594575 0cd9414a_20240916_125513.data
110.0 70.0 17 23.49125 0cd9414a_20240916_125537.data
90.0 70.0 17 23.594575 0cd9414a_20240916_125601.data
70.0 70.0 17 23.594575 0cd9414a_20240916_125625.data
50.0 70.0 17 23.594575 0cd9414a_20240916_125649.data
30.0 70.0 17 23.594575 0cd9414a_20240916_125713.data
10.0 70.0 17 23.594575 0cd9414a_20240916_125737.data
10.0 90.0 17 23.3875 0cd9414a_20240916_125801.data
30.0 90.0 17 23.594575 0cd9414a_20240916_125825.data
50.0 90.0 17 23.594575 0cd9414a_20240916_125849.data
70.0 90.0 17 23.594575 0cd9414a_20240916_125913.data
90.0 90.0 17 23.3875 0cd9414a_20240916_125937.data
110.0 90.0 17 23.594575 0cd9414a_20240916_130001.data
130.0 90.0 17 23.594575 0cd9414a_20240916_130025.data
150.0 90.0 17 23.283325 0cd9414a_20240916_130049.data
170.0 90.0 17 23.594575 0cd9414a_20240916_130113.data
190.0 90.0 17 23.49125 0cd9414a_20240916_130137.data
210.0 90.0 17 23.594575 0cd9414a_20240916_130201.data
230.0 90.0 17 23.594575 0cd9414a_20240916_130225.data
250.0 90.0 17 23.283325 0cd9414a_20240916_130249.data
270.0 90.0 17 23.594575 0cd9414a_20240916_130313.data
290.0 90.0 17 23.594575 0cd9414a_20240916_130337.data
290.0 110.0 17 23.49125 0cd9414a_20240916_130401.data
270.0 110.0 17 23.594575 0cd9414a_20240916_130425.data
250.0 110.0 17 23.594575 0cd9414a_20240916_130449.data
230.0 110.0 17 23.594575 0cd9414a_20240916_130513.data
210.0 110.0 17 23.49125 0cd9414a_20240916_130537.data
190.0 110.0 17 23.49125 0cd9414a_20240916_130601.data
170.0 110.0 17 23.594575 0cd9414a_20240916_130625.data
150.0 110.0 17 23.594575 0cd9414a_20240916_130649.data
130.0 110.0 17 23.49125 0cd9414a_20240916_130713.data
110.0 110.0 17 23.3875 0cd9414a_20240916_130737.data
90.0 110.0 17 23.283325 0cd9414a_20240916_130801.data
70.0 110.0 17 23.283325 0cd9414a_20240916_130825.data
50.0 110.0 17 23.283325 0cd9414a_20240916_130849.data
30.0 110.0 17 23.283325 0cd9414a_20240916_130913.data
10.0 110.0 17 23.3875 0cd9414a_20240916_130937.data
10.0 130.0 17 23.283325 0cd9414a_20240916_131001.data
30.0 130.0 17 23.283325 0cd9414a_20240916_131025.data
50.0 130.0 17 23.283325 0cd9414a_20240916_131049.data
70.0 130.0 17 23.283325 0cd9414a_20240916_131113.data
90.0 130.0 17 23.3875 0cd9414a_20240916_131137.data
110.0 130.0 17 23.283325 0cd9414a_20240916_131201.data
130.0 130.0 17 23.3875 0cd9414a_20240916_131225.data
150.0 130.0 17 23.3875 0cd9414a_20240916_131249.data
170.0 130.0 17 23.3875 0cd9414a_20240916_131313.data
190.0 130.0 17 23.283325 0cd9414a_20240916_131337.data
210.0 130.0 17 23.3875 0cd9414a_20240916_131401.data
230.0 130.0 17 23.3875 0cd9414a_20240916_131425.data
250.0 130.0 17 23.49125 0cd9414a_20240916_131449.data
270.0 130.0 17 23.178749999999997 0cd9414a_20240916_131513.data
290.0 130.0 17 23.3875 0cd9414a_20240916_131537.data
290.0 150.0 17 23.3875 0cd9414a_20240916_131601.data
270.0 150.0 17 23.3875 0cd9414a_20240916_131625.data
250.0 150.0 17 23.283325 0cd9414a_20240916_131650.data
230.0 150.0 17 23.49125 0cd9414a_20240916_131714.data
210.0 150.0 17 23.283325 0cd9414a_20240916_131738.data
190.0 150.0 17 23.3875 0cd9414a_20240916_131802.data
170.0 150.0 17 23.3875 0cd9414a_20240916_131826.data
150.0 150.0 17 23.283325 0cd9414a_20240916_131850.data
130.0 150.0 17 23.3875 0cd9414a_20240916_131914.data
110.0 150.0 17 23.283325 0cd9414a_20240916_131938.data
90.0 150.0 17 23.283325 0cd9414a_20240916_132002.data
70.0 150.0 17 23.3875 0cd9414a_20240916_132026.data
50.0 150.0 17 23.283325 0cd9414a_20240916_132050.data
30.0 150.0 17 23.3875 0cd9414a_20240916_132114.data
10.0 150.0 17 23.283325 0cd9414a_20240916_132138.data
10.0 170.0 17 23.3875 0cd9414a_20240916_132202.data
30.0 170.0 17 23.3875 0cd9414a_20240916_132226.data
50.0 170.0 17 23.283325 0cd9414a_20240916_132250.data
70.0 170.0 17 23.3875 0cd9414a_20240916_132314.data
90.0 170.0 17 23.3875 0cd9414a_20240916_132338.data
110.0 170.0 17 23.3875 0cd9414a_20240916_132402.data
130.0 170.0 17 23.283325 0cd9414a_20240916_132426.data
150.0 170.0 17 23.3875 0cd9414a_20240916_132450.data
170.0 170.0 17 23.283325 0cd9414a_20240916_132514.data
190.0 170.0 17 23.3875 0cd9414a_20240916_132538.data
210.0 170.0 17 23.283325 0cd9414a_20240916_132602.data
230.0 170.0 17 23.3875 0cd9414a_20240916_132626.data
250.0 170.0 17 23.283325 0cd9414a_20240916_132650.data
270.0 170.0 17 23.3875 0cd9414a_20240916_132714.data
290.0 170.0 17 23.3875 0cd9414a_20240916_132738.data
290.0 190.0 17 23.283325 0cd9414a_20240916_132802.data
270.0 190.0 17 23.283325 0cd9414a_20240916_132826.data
250.0 190.0 17 23.283325 0cd9414a_20240916_132850.data
230.0 190.0 17 23.283325 0cd9414a_20240916_132914.data
210.0 190.0 17 23.3875 0cd9414a_20240916_132938.data
190.0 190.0 17 23.3875 0cd9414a_20240916_133002.data
170.0 190.0 17 23.3875 0cd9414a_20240916_133026.data
150.0 190.0 17 23.3875 0cd9414a_20240916_133050.data
130.0 190.0 17 23.3875 0cd9414a_20240916_133114.data
110.0 190.0 17 23.283325 0cd9414a_20240916_133138.data
90.0 190.0 17 23.3875 0cd9414a_20240916_133202.data
70.0 190.0 17 23.283325 0cd9414a_20240916_133226.data
50.0 190.0 17 23.283325 0cd9414a_20240916_133250.data
30.0 190.0 17 23.3875 0cd9414a_20240916_133314.data
10.0 190.0 17 23.49125 0cd9414a_20240916_133338.data
10.0 210.0 17 23.49125 0cd9414a_20240916_133402.data
30.0 210.0 17 23.283325 0cd9414a_20240916_133426.data
50.0 210.0 17 23.283325 0cd9414a_20240916_133450.data
70.0 210.0 17 23.594575 0cd9414a_20240916_133514.data
90.0 210.0 17 23.3875 0cd9414a_20240916_133538.data
110.0 210.0 17 23.178749999999997 0cd9414a_20240916_133602.data
130.0 210.0 17 23.283325 0cd9414a_20240916_133626.data
150.0 210.0 17 23.3875 0cd9414a_20240916_133650.data
170.0 210.0 17 23.3875 0cd9414a_20240916_133714.data
190.0 210.0 17 23.3875 0cd9414a_20240916_133738.data
210.0 210.0 17 23.3875 0cd9414a_20240916_133802.data
230.0 210.0 17 23.3875 0cd9414a_20240916_133826.data
250.0 210.0 17 23.283325 0cd9414a_20240916_133850.data
270.0 210.0 17 23.3875 0cd9414a_20240916_133914.data
290.0 210.0 17 23.3875 0cd9414a_20240916_133938.data
290.0 230.0 17 23.3875 0cd9414a_20240916_134002.data
270.0 230.0 17 23.3875 0cd9414a_20240916_134026.data
250.0 230.0 17 23.3875 0cd9414a_20240916_134050.data
230.0 230.0 17 23.3875 0cd9414a_20240916_134114.data
210.0 230.0 17 23.3875 0cd9414a_20240916_134138.data
190.0 230.0 17 23.3875 0cd9414a_20240916_134202.data
170.0 230.0 17 23.283325 0cd9414a_20240916_134226.data
150.0 230.0 17 23.3875 0cd9414a_20240916_134250.data
130.0 230.0 17 23.3875 0cd9414a_20240916_134314.data
110.0 230.0 17 23.3875 0cd9414a_20240916_134338.data
90.0 230.0 17 23.3875 0cd9414a_20240916_134402.data
70.0 230.0 17 23.3875 0cd9414a_20240916_134426.data
50.0 230.0 17 23.3875 0cd9414a_20240916_134450.data
30.0 230.0 17 23.3875 0cd9414a_20240916_134514.data
10.0 230.0 17 23.3875 0cd9414a_20240916_134538.data
10.0 250.0 17 23.3875 0cd9414a_20240916_134602.data
30.0 250.0 17 23.3875 0cd9414a_20240916_134627.data
50.0 250.0 17 23.3875 0cd9414a_20240916_134651.data
70.0 250.0 17 23.3875 0cd9414a_20240916_134715.data
90.0 250.0 17 23.594575 0cd9414a_20240916_134739.data
110.0 250.0 17 23.283325 0cd9414a_20240916_134803.data
130.0 250.0 17 23.3875 0cd9414a_20240916_134827.data
150.0 250.0 17 23.3875 0cd9414a_20240916_134851.data
170.0 250.0 17 23.283325 0cd9414a_20240916_134915.data
190.0 250.0 17 23.283325 0cd9414a_20240916_134939.data
210.0 250.0 17 23.283325 0cd9414a_20240916_135003.data
230.0 250.0 17 23.49125 0cd9414a_20240916_135027.data
250.0 250.0 17 23.3875 0cd9414a_20240916_135051.data
270.0 250.0 17 23.3875 0cd9414a_20240916_135115.data
290.0 250.0 17 23.3875 0cd9414a_20240916_135139.data
290.0 270.0 17 23.283325 0cd9414a_20240916_135203.data
270.0 270.0 17 23.283325 0cd9414a_20240916_135227.data
250.0 270.0 17 23.283325 0cd9414a_20240916_135251.data
230.0 270.0 17 23.3875 0cd9414a_20240916_135315.data
210.0 270.0 17 23.3875 0cd9414a_20240916_135339.data
190.0 270.0 17 23.3875 0cd9414a_20240916_135403.data
170.0 270.0 17 23.283325 0cd9414a_20240916_135427.data
150.0 270.0 17 23.283325 0cd9414a_20240916_135451.data
130.0 270.0 17 23.3875 0cd9414a_20240916_135515.data
110.0 270.0 17 23.3875 0cd9414a_20240916_135539.data
90.0 270.0 17 23.3875 0cd9414a_20240916_135603.data
70.0 270.0 17 23.283325 0cd9414a_20240916_135627.data
50.0 270.0 17 -1 0cd9414a_20240916_135651.data
30.0 270.0 17 23.3875 0cd9414a_20240916_135715.data
10.0 270.0 17 23.3875 0cd9414a_20240916_135739.data
10.0 290.0 17 -1 0cd9414a_20240916_135803.data
30.0 290.0 17 23.3875 0cd9414a_20240916_135827.data
50.0 290.0 17 23.3875 0cd9414a_20240916_135851.data
70.0 290.0 17 -1 0cd9414a_20240916_135915.data
90.0 290.0 17 23.594575 0cd9414a_20240916_135939.data
110.0 290.0 17 23.6975 0cd9414a_20240916_140003.data
130.0 290.0 17 -1 0cd9414a_20240916_140027.data
150.0 290.0 17 23.3875 0cd9414a_20240916_140051.data
170.0 290.0 17 23.3875 0cd9414a_20240916_140115.data
190.0 290.0 17 -1 0cd9414a_20240916_140139.data
210.0 290.0 17 23.49125 0cd9414a_20240916_140203.data
230.0 290.0 17 23.49125 0cd9414a_20240916_140227.data
250.0 290.0 17 23.49125 0cd9414a_20240916_140251.data
270.0 290.0 17 23.594575 0cd9414a_20240916_140315.data
290.0 290.0 17 23.49125 0cd9414a_20240916_140339.data
290.0 310.0 17 23.594575 0cd9414a_20240916_140403.data
270.0 310.0 17 23.49125 0cd9414a_20240916_140427.data
250.0 310.0 17 23.49125 0cd9414a_20240916_140451.data
230.0 310.0 17 23.594575 0cd9414a_20240916_140515.data
210.0 310.0 17 23.49125 0cd9414a_20240916_140539.data
190.0 310.0 17 23.49125 0cd9414a_20240916_140603.data
170.0 310.0 17 23.49125 0cd9414a_20240916_140627.data
150.0 310.0 17 23.594575 0cd9414a_20240916_140651.data
130.0 310.0 17 23.49125 0cd9414a_20240916_140715.data
110.0 310.0 17 23.8 0cd9414a_20240916_140739.data
90.0 310.0 17 23.8 0cd9414a_20240916_140803.data
70.0 310.0 17 23.49125 0cd9414a_20240916_140827.data
50.0 310.0 17 23.49125 0cd9414a_20240916_140851.data
30.0 310.0 17 23.49125 0cd9414a_20240916_140915.data
10.0 310.0 17 23.49125 0cd9414a_20240916_140939.data
10.0 330.0 17 23.49125 0cd9414a_20240916_141003.data
30.0 330.0 17 23.49125 0cd9414a_20240916_141027.data
50.0 330.0 17 23.594575 0cd9414a_20240916_141051.data
70.0 330.0 17 23.49125 0cd9414a_20240916_141115.data
90.0 330.0 17 23.49125 0cd9414a_20240916_141139.data
110.0 330.0 17 23.594575 0cd9414a_20240916_141203.data
130.0 330.0 17 23.49125 0cd9414a_20240916_141227.data
150.0 330.0 17 23.49125 0cd9414a_20240916_141251.data
170.0 330.0 17 23.49125 0cd9414a_20240916_141315.data
190.0 330.0 17 23.49125 0cd9414a_20240916_141339.data
210.0 330.0 17 23.49125 0cd9414a_20240916_141403.data
230.0 330.0 17 23.49125 0cd9414a_20240916_141428.data
250.0 330.0 17 23.49125 0cd9414a_20240916_141452.data
270.0 330.0 17 23.49125 0cd9414a_20240916_141516.data
290.0 330.0 17 23.49125 0cd9414a_20240916_141540.data
10.0 350.0 17 23.49125 0cd9414a_20240916_142207.data
30.0 350.0 17 23.49125 0cd9414a_20240916_142231.data
50.0 350.0 17 23.49125 0cd9414a_20240916_142256.data
70.0 350.0 17 23.49125 0cd9414a_20240916_142320.data
90.0 350.0 17 23.594575 0cd9414a_20240916_142344.data
110.0 350.0 17 23.49125 0cd9414a_20240916_142408.data
130.0 350.0 17 23.49125 0cd9414a_20240916_142432.data
150.0 350.0 17 23.3875 0cd9414a_20240916_142456.data
170.0 350.0 17 23.49125 0cd9414a_20240916_142520.data
190.0 350.0 17 23.49125 0cd9414a_20240916_142544.data
210.0 350.0 17 23.49125 0cd9414a_20240916_142608.data
230.0 350.0 17 23.49125 0cd9414a_20240916_142632.data
250.0 350.0 17 23.49125 0cd9414a_20240916_142656.data
270.0 350.0 17 23.6975 0cd9414a_20240916_142720.data
290.0 350.0 17 23.594575 0cd9414a_20240916_142744.data
290.0 370.0 17 23.49125 0cd9414a_20240916_142808.data
270.0 370.0 17 23.49125 0cd9414a_20240916_142832.data
250.0 370.0 17 23.6975 0cd9414a_20240916_142856.data
230.0 370.0 17 23.49125 0cd9414a_20240916_142920.data
210.0 370.0 17 23.49125 0cd9414a_20240916_142944.data
190.0 370.0 17 23.49125 0cd9414a_20240916_143008.data
170.0 370.0 17 23.594575 0cd9414a_20240916_143032.data
150.0 370.0 17 23.49125 0cd9414a_20240916_143056.data
130.0 370.0 17 23.49125 0cd9414a_20240916_143120.data
110.0 370.0 17 23.49125 0cd9414a_20240916_143144.data
90.0 370.0 17 23.49125 0cd9414a_20240916_143208.data
70.0 370.0 17 23.49125 0cd9414a_20240916_143232.data
50.0 370.0 17 23.49125 0cd9414a_20240916_143256.data
30.0 370.0 17 23.49125 0cd9414a_20240916_143320.data
10.0 370.0 17 23.49125 0cd9414a_20240916_143344.data
10.0 390.0 17 23.594575 0cd9414a_20240916_143408.data
30.0 390.0 17 23.49125 0cd9414a_20240916_143432.data
50.0 390.0 17 23.49125 0cd9414a_20240916_143456.data
70.0 390.0 17 23.49125 0cd9414a_20240916_143520.data
90.0 390.0 17 23.49125 0cd9414a_20240916_143544.data
110.0 390.0 17 23.49125 0cd9414a_20240916_143608.data
130.0 390.0 17 23.49125 0cd9414a_20240916_143632.data
150.0 390.0 17 23.49125 0cd9414a_20240916_143656.data
170.0 390.0 17 23.594575 0cd9414a_20240916_143720.data
190.0 390.0 17 23.594575 0cd9414a_20240916_143744.data
210.0 390.0 17 23.49125 0cd9414a_20240916_143808.data
230.0 390.0 17 23.49125 0cd9414a_20240916_143832.data
250.0 390.0 17 23.594575 0cd9414a_20240916_143856.data
270.0 390.0 17 23.49125 0cd9414a_20240916_143920.data
290.0 390.0 17 23.49125 0cd9414a_20240916_143944.data
290.0 410.0 17 23.49125 0cd9414a_20240916_144008.data
270.0 410.0 17 23.594575 0cd9414a_20240916_144032.data
250.0 410.0 17 23.594575 0cd9414a_20240916_144056.data
230.0 410.0 17 23.49125 0cd9414a_20240916_144120.data
210.0 410.0 17 23.49125 0cd9414a_20240916_144144.data
190.0 410.0 17 23.3875 0cd9414a_20240916_144208.data
170.0 410.0 17 23.49125 0cd9414a_20240916_144232.data
150.0 410.0 17 23.49125 0cd9414a_20240916_144256.data
130.0 410.0 17 23.49125 0cd9414a_20240916_144320.data
110.0 410.0 17 23.6975 0cd9414a_20240916_144344.data
90.0 410.0 17 23.594575 0cd9414a_20240916_144408.data
70.0 410.0 17 23.49125 0cd9414a_20240916_144432.data
50.0 410.0 17 23.49125 0cd9414a_20240916_144456.data
30.0 410.0 17 23.594575 0cd9414a_20240916_144520.data
10.0 410.0 17 23.49125 0cd9414a_20240916_144544.data
10.0 430.0 17 23.49125 0cd9414a_20240916_144608.data
30.0 430.0 17 23.594575 0cd9414a_20240916_144632.data
50.0 430.0 17 23.49125 0cd9414a_20240916_144656.data
70.0 430.0 17 23.6975 0cd9414a_20240916_144720.data
90.0 430.0 17 23.49125 0cd9414a_20240916_144744.data
110.0 430.0 17 23.49125 0cd9414a_20240916_144808.data
130.0 430.0 17 23.49125 0cd9414a_20240916_144832.data
150.0 430.0 17 23.49125 0cd9414a_20240916_144856.data
170.0 430.0 17 23.49125 0cd9414a_20240916_144920.data
190.0 430.0 17 23.49125 0cd9414a_20240916_144944.data
210.0 430.0 17 23.49125 0cd9414a_20240916_145008.data
230.0 430.0 17 23.594575 0cd9414a_20240916_145032.data
250.0 430.0 17 23.49125 0cd9414a_20240916_145056.data
270.0 430.0 17 23.49125 0cd9414a_20240916_145120.data
290.0 430.0 17 23.49125 0cd9414a_20240916_145144.data
290.0 450.0 17 23.594575 0cd9414a_20240916_145208.data
270.0 450.0 17 23.594575 0cd9414a_20240916_145232.data
250.0 450.0 17 23.49125 0cd9414a_20240916_145256.data
230.0 450.0 17 23.594575 0cd9414a_20240916_145321.data
210.0 450.0 17 23.49125 0cd9414a_20240916_145345.data
190.0 450.0 17 23.49125 0cd9414a_20240916_145409.data
170.0 450.0 17 23.49125 0cd9414a_20240916_145433.data
150.0 450.0 17 23.49125 0cd9414a_20240916_145457.data
130.0 450.0 17 23.594575 0cd9414a_20240916_145521.data
110.0 450.0 17 23.594575 0cd9414a_20240916_145545.data
90.0 450.0 17 23.49125 0cd9414a_20240916_145609.data
70.0 450.0 17 23.594575 0cd9414a_20240916_145633.data
50.0 450.0 17 23.6975 0cd9414a_20240916_145657.data
30.0 450.0 17 23.3875 0cd9414a_20240916_145721.data
10.0 450.0 17 23.594575 0cd9414a_20240916_145745.data
10.0 470.0 17 23.594575 0cd9414a_20240916_145809.data
30.0 470.0 17 23.3875 0cd9414a_20240916_145833.data
50.0 470.0 17 23.49125 0cd9414a_20240916_145857.data
70.0 470.0 17 23.594575 0cd9414a_20240916_145921.data
90.0 470.0 17 23.49125 0cd9414a_20240916_145945.data
110.0 470.0 17 23.49125 0cd9414a_20240916_150009.data
130.0 470.0 17 23.49125 0cd9414a_20240916_150033.data
150.0 470.0 17 23.594575 0cd9414a_20240916_150057.data
170.0 470.0 17 23.594575 0cd9414a_20240916_150121.data
190.0 470.0 17 23.49125 0cd9414a_20240916_150145.data
210.0 470.0 17 23.49125 0cd9414a_20240916_150209.data
230.0 470.0 17 23.49125 0cd9414a_20240916_150233.data
250.0 470.0 17 23.49125 0cd9414a_20240916_150257.data
270.0 470.0 17 23.49125 0cd9414a_20240916_150321.data
290.0 470.0 17 23.594575 0cd9414a_20240916_150345.data
