-1 -1 -1 25.06022466960353 0cd9414a_20240821_100153.data
10.0 10.0 17 25.299982378854633 0cd9414a_20240821_100232.data
30.0 10.0 17 25.419136563876656 0cd9414a_20240821_100256.data
50.0 10.0 17 25.180334801762115 0cd9414a_20240821_100320.data
70.0 10.0 17 25.180334801762115 0cd9414a_20240821_100344.data
90.0 10.0 17 25.180334801762115 0cd9414a_20240821_100408.data
110.0 10.0 17 25.180334801762115 0cd9414a_20240821_100432.data
130.0 10.0 17 25.180334801762115 0cd9414a_20240821_100456.data
150.0 10.0 17 25.299982378854633 0cd9414a_20240821_100520.data
170.0 10.0 17 25.180334801762115 0cd9414a_20240821_100544.data
190.0 10.0 17 25.06022466960353 0cd9414a_20240821_100608.data
210.0 10.0 17 25.180334801762115 0cd9414a_20240821_100632.data
230.0 10.0 17 25.180334801762115 0cd9414a_20240821_100656.data
250.0 10.0 17 25.180334801762115 0cd9414a_20240821_100720.data
270.0 10.0 17 25.180334801762115 0cd9414a_20240821_100744.data
290.0 10.0 17 25.06022466960353 0cd9414a_20240821_100808.data
290.0 30.0 17 25.180334801762115 0cd9414a_20240821_100832.data
270.0 30.0 17 25.180334801762115 0cd9414a_20240821_100856.data
250.0 30.0 17 25.06022466960353 0cd9414a_20240821_100920.data
230.0 30.0 17 25.180334801762115 0cd9414a_20240821_100944.data
210.0 30.0 17 25.180334801762115 0cd9414a_20240821_101008.data
190.0 30.0 17 25.180334801762115 0cd9414a_20240821_101032.data
170.0 30.0 17 25.180334801762115 0cd9414a_20240821_101056.data
150.0 30.0 17 25.180334801762115 0cd9414a_20240821_101120.data
130.0 30.0 17 25.180334801762115 0cd9414a_20240821_101144.data
110.0 30.0 17 25.419136563876656 0cd9414a_20240821_101208.data
90.0 30.0 17 25.06022466960353 0cd9414a_20240821_101232.data
70.0 30.0 17 25.06022466960353 0cd9414a_20240821_101256.data
50.0 30.0 17 25.299982378854633 0cd9414a_20240821_101320.data
30.0 30.0 17 25.419136563876656 0cd9414a_20240821_101344.data
10.0 30.0 17 25.419136563876656 0cd9414a_20240821_101408.data
10.0 50.0 17 25.537859030837005 0cd9414a_20240821_101432.data
30.0 50.0 17 25.180334801762115 0cd9414a_20240821_101456.data
50.0 50.0 17 25.419136563876656 0cd9414a_20240821_101521.data
70.0 50.0 17 25.419136563876656 0cd9414a_20240821_101545.data
90.0 50.0 17 25.419136563876656 0cd9414a_20240821_101609.data
110.0 50.0 17 25.419136563876656 0cd9414a_20240821_101633.data
130.0 50.0 17 25.419136563876656 0cd9414a_20240821_101657.data
150.0 50.0 17 25.537859030837005 0cd9414a_20240821_101721.data
170.0 50.0 17 25.537859030837005 0cd9414a_20240821_101745.data
190.0 50.0 17 25.537859030837005 0cd9414a_20240821_101809.data
210.0 50.0 17 25.180334801762115 0cd9414a_20240821_101833.data
230.0 50.0 17 25.419136563876656 0cd9414a_20240821_101857.data
250.0 50.0 17 25.180334801762115 0cd9414a_20240821_101921.data
270.0 50.0 17 25.537859030837005 0cd9414a_20240821_101945.data
290.0 50.0 17 25.419136563876656 0cd9414a_20240821_102009.data
290.0 70.0 17 25.419136563876656 0cd9414a_20240821_102033.data
270.0 70.0 17 25.537859030837005 0cd9414a_20240821_102057.data
250.0 70.0 17 25.180334801762115 0cd9414a_20240821_102121.data
230.0 70.0 17 25.537859030837005 0cd9414a_20240821_102145.data
210.0 70.0 17 25.537859030837005 0cd9414a_20240821_102209.data
190.0 70.0 17 25.180334801762115 0cd9414a_20240821_102233.data
170.0 70.0 17 25.419136563876656 0cd9414a_20240821_102257.data
150.0 70.0 17 25.537859030837005 0cd9414a_20240821_102321.data
130.0 70.0 17 25.180334801762115 0cd9414a_20240821_102345.data
110.0 70.0 17 25.419136563876656 0cd9414a_20240821_102409.data
90.0 70.0 17 25.299982378854633 0cd9414a_20240821_102433.data
70.0 70.0 17 25.419136563876656 0cd9414a_20240821_102457.data
50.0 70.0 17 25.419136563876656 0cd9414a_20240821_102521.data
30.0 70.0 17 25.537859030837005 0cd9414a_20240821_102545.data
10.0 70.0 17 25.537859030837005 0cd9414a_20240821_102609.data
10.0 90.0 17 25.180334801762115 0cd9414a_20240821_102633.data
30.0 90.0 17 25.419136563876656 0cd9414a_20240821_102657.data
50.0 90.0 17 25.299982378854633 0cd9414a_20240821_102721.data
70.0 90.0 17 25.419136563876656 0cd9414a_20240821_102745.data
90.0 90.0 17 25.419136563876656 0cd9414a_20240821_102809.data
110.0 90.0 17 25.180334801762115 0cd9414a_20240821_102833.data
130.0 90.0 17 25.419136563876656 0cd9414a_20240821_102857.data
150.0 90.0 17 25.537859030837005 0cd9414a_20240821_102921.data
170.0 90.0 17 25.299982378854633 0cd9414a_20240821_102945.data
190.0 90.0 17 25.419136563876656 0cd9414a_20240821_103009.data
210.0 90.0 17 25.419136563876656 0cd9414a_20240821_103033.data
230.0 90.0 17 25.299982378854633 0cd9414a_20240821_103057.data
250.0 90.0 17 25.419136563876656 0cd9414a_20240821_103121.data
270.0 90.0 17 25.419136563876656 0cd9414a_20240821_103145.data
290.0 90.0 17 25.180334801762115 0cd9414a_20240821_103209.data
290.0 110.0 17 25.419136563876656 0cd9414a_20240821_103233.data
270.0 110.0 17 25.180334801762115 0cd9414a_20240821_103257.data
250.0 110.0 17 25.419136563876656 0cd9414a_20240821_103321.data
230.0 110.0 17 25.06022466960353 0cd9414a_20240821_103345.data
210.0 110.0 17 25.419136563876656 0cd9414a_20240821_103409.data
190.0 110.0 17 25.419136563876656 0cd9414a_20240821_103433.data
170.0 110.0 17 25.419136563876656 0cd9414a_20240821_103457.data
150.0 110.0 17 25.419136563876656 0cd9414a_20240821_103521.data
130.0 110.0 17 25.299982378854633 0cd9414a_20240821_103545.data
110.0 110.0 17 25.537859030837005 0cd9414a_20240821_103609.data
90.0 110.0 17 25.537859030837005 0cd9414a_20240821_103633.data
70.0 110.0 17 25.537859030837005 0cd9414a_20240821_103657.data
50.0 110.0 17 25.180334801762115 0cd9414a_20240821_103721.data
30.0 110.0 17 25.419136563876656 0cd9414a_20240821_103745.data
10.0 110.0 17 25.537859030837005 0cd9414a_20240821_103809.data
10.0 130.0 17 25.419136563876656 0cd9414a_20240821_103833.data
30.0 130.0 17 25.419136563876656 0cd9414a_20240821_103857.data
50.0 130.0 17 25.06022466960353 0cd9414a_20240821_103921.data
70.0 130.0 17 25.419136563876656 0cd9414a_20240821_103945.data
90.0 130.0 17 25.180334801762115 0cd9414a_20240821_104009.data
110.0 130.0 17 25.537859030837005 0cd9414a_20240821_104033.data
130.0 130.0 17 25.419136563876656 0cd9414a_20240821_104057.data
150.0 130.0 17 25.419136563876656 0cd9414a_20240821_104121.data
170.0 130.0 17 25.419136563876656 0cd9414a_20240821_104145.data
190.0 130.0 17 25.180334801762115 0cd9414a_20240821_104209.data
210.0 130.0 17 25.180334801762115 0cd9414a_20240821_104233.data
230.0 130.0 17 25.419136563876656 0cd9414a_20240821_104257.data
250.0 130.0 17 25.419136563876656 0cd9414a_20240821_104321.data
270.0 130.0 17 25.180334801762115 0cd9414a_20240821_104345.data
290.0 130.0 17 25.419136563876656 0cd9414a_20240821_104409.data
290.0 150.0 17 25.419136563876656 0cd9414a_20240821_104433.data
270.0 150.0 17 25.180334801762115 0cd9414a_20240821_104457.data
250.0 150.0 17 25.419136563876656 0cd9414a_20240821_104521.data
230.0 150.0 17 25.419136563876656 0cd9414a_20240821_104545.data
210.0 150.0 17 25.180334801762115 0cd9414a_20240821_104609.data
190.0 150.0 17 25.299982378854633 0cd9414a_20240821_104633.data
170.0 150.0 17 25.180334801762115 0cd9414a_20240821_104657.data
150.0 150.0 17 25.180334801762115 0cd9414a_20240821_104722.data
130.0 150.0 17 25.180334801762115 0cd9414a_20240821_104746.data
110.0 150.0 17 25.180334801762115 0cd9414a_20240821_104810.data
90.0 150.0 17 25.06022466960353 0cd9414a_20240821_104834.data
70.0 150.0 17 25.299982378854633 0cd9414a_20240821_104858.data
50.0 150.0 17 25.419136563876656 0cd9414a_20240821_104922.data
30.0 150.0 17 25.419136563876656 0cd9414a_20240821_104946.data
10.0 150.0 17 25.419136563876656 0cd9414a_20240821_105010.data
10.0 170.0 17 25.419136563876656 0cd9414a_20240821_105034.data
30.0 170.0 17 25.419136563876656 0cd9414a_20240821_105058.data
50.0 170.0 17 25.180334801762115 0cd9414a_20240821_105122.data
70.0 170.0 17 25.419136563876656 0cd9414a_20240821_105146.data
90.0 170.0 17 25.419136563876656 0cd9414a_20240821_105210.data
110.0 170.0 17 25.299982378854633 0cd9414a_20240821_105234.data
130.0 170.0 17 25.299982378854633 0cd9414a_20240821_105258.data
150.0 170.0 17 25.299982378854633 0cd9414a_20240821_105322.data
170.0 170.0 17 25.299982378854633 0cd9414a_20240821_105346.data
190.0 170.0 17 25.419136563876656 0cd9414a_20240821_105410.data
210.0 170.0 17 25.06022466960353 0cd9414a_20240821_105434.data
230.0 170.0 17 25.06022466960353 0cd9414a_20240821_105458.data
250.0 170.0 17 25.06022466960353 0cd9414a_20240821_105522.data
270.0 170.0 17 25.299982378854633 0cd9414a_20240821_105546.data
290.0 170.0 17 25.419136563876656 0cd9414a_20240821_105610.data
290.0 190.0 17 25.419136563876656 0cd9414a_20240821_105634.data
270.0 190.0 17 25.419136563876656 0cd9414a_20240821_105658.data
250.0 190.0 17 25.419136563876656 0cd9414a_20240821_105722.data
230.0 190.0 17 25.419136563876656 0cd9414a_20240821_105746.data
210.0 190.0 17 25.419136563876656 0cd9414a_20240821_105810.data
190.0 190.0 17 25.419136563876656 0cd9414a_20240821_105834.data
170.0 190.0 17 25.419136563876656 0cd9414a_20240821_105858.data
150.0 190.0 17 25.180334801762115 0cd9414a_20240821_105922.data
130.0 190.0 17 25.180334801762115 0cd9414a_20240821_105946.data
110.0 190.0 17 25.180334801762115 0cd9414a_20240821_110010.data
90.0 190.0 17 25.180334801762115 0cd9414a_20240821_110034.data
70.0 190.0 17 25.419136563876656 0cd9414a_20240821_110058.data
50.0 190.0 17 25.419136563876656 0cd9414a_20240821_110122.data
30.0 190.0 17 25.419136563876656 0cd9414a_20240821_110146.data
10.0 190.0 17 25.419136563876656 0cd9414a_20240821_110210.data
10.0 210.0 17 25.06022466960353 0cd9414a_20240821_110234.data
30.0 210.0 17 25.419136563876656 0cd9414a_20240821_110258.data
50.0 210.0 17 25.419136563876656 0cd9414a_20240821_110322.data
70.0 210.0 17 25.299982378854633 0cd9414a_20240821_110346.data
90.0 210.0 17 25.419136563876656 0cd9414a_20240821_110410.data
110.0 210.0 17 25.180334801762115 0cd9414a_20240821_110434.data
130.0 210.0 17 25.419136563876656 0cd9414a_20240821_110458.data
150.0 210.0 17 25.419136563876656 0cd9414a_20240821_110522.data
170.0 210.0 17 25.419136563876656 0cd9414a_20240821_110546.data
190.0 210.0 17 25.419136563876656 0cd9414a_20240821_110610.data
210.0 210.0 17 25.299982378854633 0cd9414a_20240821_110634.data
230.0 210.0 17 25.180334801762115 0cd9414a_20240821_110658.data
250.0 210.0 17 25.299982378854633 0cd9414a_20240821_110722.data
270.0 210.0 17 25.419136563876656 0cd9414a_20240821_110746.data
290.0 210.0 17 25.419136563876656 0cd9414a_20240821_110810.data
290.0 230.0 17 25.419136563876656 0cd9414a_20240821_110834.data
270.0 230.0 17 25.419136563876656 0cd9414a_20240821_110858.data
250.0 230.0 17 25.299982378854633 0cd9414a_20240821_110922.data
230.0 230.0 17 25.419136563876656 0cd9414a_20240821_110946.data
210.0 230.0 17 25.419136563876656 0cd9414a_20240821_111010.data
190.0 230.0 17 25.419136563876656 0cd9414a_20240821_111034.data
170.0 230.0 17 25.299982378854633 0cd9414a_20240821_111058.data
150.0 230.0 17 25.419136563876656 0cd9414a_20240821_111122.data
130.0 230.0 17 25.299982378854633 0cd9414a_20240821_111146.data
110.0 230.0 17 25.180334801762115 0cd9414a_20240821_111210.data
90.0 230.0 17 25.299982378854633 0cd9414a_20240821_111234.data
70.0 230.0 17 25.419136563876656 0cd9414a_20240821_111258.data
50.0 230.0 17 25.419136563876656 0cd9414a_20240821_111322.data
30.0 230.0 17 25.419136563876656 0cd9414a_20240821_111346.data
10.0 230.0 17 25.419136563876656 0cd9414a_20240821_111410.data
10.0 250.0 17 25.419136563876656 0cd9414a_20240821_111434.data
30.0 250.0 17 25.419136563876656 0cd9414a_20240821_111458.data
50.0 250.0 17 25.419136563876656 0cd9414a_20240821_111522.data
70.0 250.0 17 25.180334801762115 0cd9414a_20240821_111546.data
90.0 250.0 17 25.419136563876656 0cd9414a_20240821_111610.data
110.0 250.0 17 25.419136563876656 0cd9414a_20240821_111634.data
130.0 250.0 17 25.299982378854633 0cd9414a_20240821_111658.data
150.0 250.0 17 25.419136563876656 0cd9414a_20240821_111722.data
170.0 250.0 17 25.299982378854633 0cd9414a_20240821_111746.data
190.0 250.0 17 25.419136563876656 0cd9414a_20240821_111810.data
210.0 250.0 17 25.419136563876656 0cd9414a_20240821_111834.data
230.0 250.0 17 25.06022466960353 0cd9414a_20240821_111858.data
250.0 250.0 17 25.299982378854633 0cd9414a_20240821_111922.data
270.0 250.0 17 25.299982378854633 0cd9414a_20240821_111946.data
290.0 250.0 17 25.299982378854633 0cd9414a_20240821_112011.data
290.0 270.0 17 25.419136563876656 0cd9414a_20240821_112035.data
270.0 270.0 17 25.419136563876656 0cd9414a_20240821_112059.data
250.0 270.0 17 25.06022466960353 0cd9414a_20240821_112123.data
230.0 270.0 17 25.299982378854633 0cd9414a_20240821_112147.data
210.0 270.0 17 25.180334801762115 0cd9414a_20240821_112211.data
190.0 270.0 17 25.419136563876656 0cd9414a_20240821_112235.data
170.0 270.0 17 25.299982378854633 0cd9414a_20240821_112259.data
150.0 270.0 17 25.419136563876656 0cd9414a_20240821_112323.data
130.0 270.0 17 25.419136563876656 0cd9414a_20240821_112347.data
110.0 270.0 17 25.419136563876656 0cd9414a_20240821_112411.data
90.0 270.0 17 25.299982378854633 0cd9414a_20240821_112435.data
70.0 270.0 17 25.419136563876656 0cd9414a_20240821_112459.data
50.0 270.0 17 25.419136563876656 0cd9414a_20240821_112523.data
30.0 270.0 17 25.419136563876656 0cd9414a_20240821_112547.data
10.0 270.0 17 25.06022466960353 0cd9414a_20240821_112611.data
10.0 290.0 17 25.299982378854633 0cd9414a_20240821_112635.data
30.0 290.0 17 25.299982378854633 0cd9414a_20240821_112659.data
50.0 290.0 17 25.299982378854633 0cd9414a_20240821_112723.data
70.0 290.0 17 25.419136563876656 0cd9414a_20240821_112747.data
90.0 290.0 17 25.299982378854633 0cd9414a_20240821_112811.data
110.0 290.0 17 25.180334801762115 0cd9414a_20240821_112835.data
130.0 290.0 17 25.180334801762115 0cd9414a_20240821_112859.data
150.0 290.0 17 25.180334801762115 0cd9414a_20240821_112923.data
170.0 290.0 17 25.299982378854633 0cd9414a_20240821_112947.data
190.0 290.0 17 25.180334801762115 0cd9414a_20240821_113011.data
210.0 290.0 17 25.180334801762115 0cd9414a_20240821_113035.data
230.0 290.0 17 25.299982378854633 0cd9414a_20240821_113059.data
250.0 290.0 17 25.180334801762115 0cd9414a_20240821_113123.data
270.0 290.0 17 25.180334801762115 0cd9414a_20240821_113147.data
290.0 290.0 17 25.299982378854633 0cd9414a_20240821_113211.data
290.0 310.0 17 25.299982378854633 0cd9414a_20240821_113235.data
270.0 310.0 17 25.299982378854633 0cd9414a_20240821_113259.data
250.0 310.0 17 -1 0cd9414a_20240821_113323.data
230.0 310.0 17 25.180334801762115 0cd9414a_20240821_113347.data
210.0 310.0 17 25.180334801762115 0cd9414a_20240821_113411.data
190.0 310.0 17 -1 0cd9414a_20240821_113435.data
170.0 310.0 17 25.180334801762115 0cd9414a_20240821_113459.data
150.0 310.0 17 25.180334801762115 0cd9414a_20240821_113523.data
130.0 310.0 17 25.299982378854633 0cd9414a_20240821_113547.data
110.0 310.0 17 25.180334801762115 0cd9414a_20240821_113611.data
90.0 310.0 17 24.948500000000003 0cd9414a_20240821_113635.data
70.0 310.0 17 25.180334801762115 0cd9414a_20240821_113659.data
50.0 310.0 17 -1 0cd9414a_20240821_113723.data
30.0 310.0 17 25.180334801762115 0cd9414a_20240821_113747.data
10.0 310.0 17 25.180334801762115 0cd9414a_20240821_113811.data
10.0 330.0 17 25.180334801762115 0cd9414a_20240821_113835.data
30.0 330.0 17 99.47999999999999 0cd9414a_20240821_113859.data
50.0 330.0 17 25.06022466960353 0cd9414a_20240821_113923.data
70.0 330.0 17 25.06022466960353 0cd9414a_20240821_113947.data
90.0 330.0 17 25.180334801762115 0cd9414a_20240821_114011.data
110.0 330.0 17 25.06022466960353 0cd9414a_20240821_114035.data
130.0 330.0 17 25.06022466960353 0cd9414a_20240821_114059.data
150.0 330.0 17 25.06022466960353 0cd9414a_20240821_114123.data
170.0 330.0 17 25.06022466960353 0cd9414a_20240821_114147.data
190.0 330.0 17 25.06022466960353 0cd9414a_20240821_114211.data
210.0 330.0 17 25.06022466960353 0cd9414a_20240821_114235.data
230.0 330.0 17 25.06022466960353 0cd9414a_20240821_114259.data
250.0 330.0 17 25.06022466960353 0cd9414a_20240821_114323.data
270.0 330.0 17 25.06022466960353 0cd9414a_20240821_114347.data
290.0 330.0 17 25.06022466960353 0cd9414a_20240821_114411.data
10.0 350.0 17 25.06022466960353 0cd9414a_20240821_114528.data
30.0 350.0 17 25.06022466960353 0cd9414a_20240821_114552.data
50.0 350.0 17 25.06022466960353 0cd9414a_20240821_114616.data
70.0 350.0 17 25.06022466960353 0cd9414a_20240821_114640.data
90.0 350.0 17 25.06022466960353 0cd9414a_20240821_114704.data
110.0 350.0 17 25.06022466960353 0cd9414a_20240821_114728.data
130.0 350.0 17 25.06022466960353 0cd9414a_20240821_114752.data
150.0 350.0 17 25.06022466960353 0cd9414a_20240821_114816.data
170.0 350.0 17 24.948500000000003 0cd9414a_20240821_114840.data
190.0 350.0 17 25.06022466960353 0cd9414a_20240821_114904.data
210.0 350.0 17 25.06022466960353 0cd9414a_20240821_114928.data
230.0 350.0 17 25.06022466960353 0cd9414a_20240821_114953.data
250.0 350.0 17 25.06022466960353 0cd9414a_20240821_115017.data
270.0 350.0 17 25.06022466960353 0cd9414a_20240821_115041.data
290.0 350.0 17 25.06022466960353 0cd9414a_20240821_115105.data
290.0 370.0 17 25.06022466960353 0cd9414a_20240821_115129.data
270.0 370.0 17 25.06022466960353 0cd9414a_20240821_115153.data
250.0 370.0 17 25.299982378854633 0cd9414a_20240821_115217.data
230.0 370.0 17 25.06022466960353 0cd9414a_20240821_115241.data
210.0 370.0 17 25.06022466960353 0cd9414a_20240821_115305.data
190.0 370.0 17 25.06022466960353 0cd9414a_20240821_115329.data
170.0 370.0 17 25.06022466960353 0cd9414a_20240821_115353.data
150.0 370.0 17 25.06022466960353 0cd9414a_20240821_115417.data
130.0 370.0 17 25.06022466960353 0cd9414a_20240821_115441.data
110.0 370.0 17 25.06022466960353 0cd9414a_20240821_115505.data
90.0 370.0 17 25.06022466960353 0cd9414a_20240821_115529.data
70.0 370.0 17 25.06022466960353 0cd9414a_20240821_115553.data
50.0 370.0 17 25.06022466960353 0cd9414a_20240821_115617.data
30.0 370.0 17 25.180334801762115 0cd9414a_20240821_115641.data
10.0 370.0 17 24.948500000000003 0cd9414a_20240821_115705.data
10.0 390.0 17 25.06022466960353 0cd9414a_20240821_115729.data
30.0 390.0 17 25.06022466960353 0cd9414a_20240821_115753.data
50.0 390.0 17 25.06022466960353 0cd9414a_20240821_115817.data
70.0 390.0 17 25.06022466960353 0cd9414a_20240821_115841.data
90.0 390.0 17 25.06022466960353 0cd9414a_20240821_115905.data
110.0 390.0 17 25.06022466960353 0cd9414a_20240821_115929.data
130.0 390.0 17 25.06022466960353 0cd9414a_20240821_115953.data
150.0 390.0 17 25.06022466960353 0cd9414a_20240821_120017.data
170.0 390.0 17 25.06022466960353 0cd9414a_20240821_120041.data
190.0 390.0 17 25.06022466960353 0cd9414a_20240821_120105.data
210.0 390.0 17 25.06022466960353 0cd9414a_20240821_120129.data
230.0 390.0 17 25.06022466960353 0cd9414a_20240821_120153.data
250.0 390.0 17 25.06022466960353 0cd9414a_20240821_120217.data
270.0 390.0 17 25.06022466960353 0cd9414a_20240821_120241.data
290.0 390.0 17 25.06022466960353 0cd9414a_20240821_120305.data
290.0 410.0 17 25.06022466960353 0cd9414a_20240821_120329.data
270.0 410.0 17 25.06022466960353 0cd9414a_20240821_120353.data
250.0 410.0 17 25.06022466960353 0cd9414a_20240821_120417.data
230.0 410.0 17 25.06022466960353 0cd9414a_20240821_120441.data
210.0 410.0 17 25.06022466960353 0cd9414a_20240821_120505.data
190.0 410.0 17 25.06022466960353 0cd9414a_20240821_120529.data
170.0 410.0 17 25.06022466960353 0cd9414a_20240821_120553.data
150.0 410.0 17 25.06022466960353 0cd9414a_20240821_120617.data
130.0 410.0 17 25.06022466960353 0cd9414a_20240821_120641.data
110.0 410.0 17 25.06022466960353 0cd9414a_20240821_120705.data
90.0 410.0 17 25.06022466960353 0cd9414a_20240821_120729.data
70.0 410.0 17 25.06022466960353 0cd9414a_20240821_120753.data
50.0 410.0 17 25.06022466960353 0cd9414a_20240821_120817.data
30.0 410.0 17 25.06022466960353 0cd9414a_20240821_120841.data
10.0 410.0 17 25.299982378854633 0cd9414a_20240821_120905.data
10.0 430.0 17 25.06022466960353 0cd9414a_20240821_120929.data
30.0 430.0 17 25.06022466960353 0cd9414a_20240821_120953.data
50.0 430.0 17 25.06022466960353 0cd9414a_20240821_121017.data
70.0 430.0 17 25.299982378854633 0cd9414a_20240821_121041.data
90.0 430.0 17 25.06022466960353 0cd9414a_20240821_121105.data
110.0 430.0 17 25.06022466960353 0cd9414a_20240821_121129.data
130.0 430.0 17 24.948500000000003 0cd9414a_20240821_121153.data
150.0 430.0 17 25.180334801762115 0cd9414a_20240821_121217.data
170.0 430.0 17 25.06022466960353 0cd9414a_20240821_121241.data
190.0 430.0 17 25.06022466960353 0cd9414a_20240821_121305.data
210.0 430.0 17 25.06022466960353 0cd9414a_20240821_121329.data
230.0 430.0 17 25.06022466960353 0cd9414a_20240821_121353.data
250.0 430.0 17 25.06022466960353 0cd9414a_20240821_121417.data
270.0 430.0 17 24.948500000000003 0cd9414a_20240821_121441.data
290.0 430.0 17 25.06022466960353 0cd9414a_20240821_121505.data
290.0 450.0 17 25.06022466960353 0cd9414a_20240821_121529.data
270.0 450.0 17 25.06022466960353 0cd9414a_20240821_121553.data
250.0 450.0 17 25.06022466960353 0cd9414a_20240821_121617.data
230.0 450.0 17 25.06022466960353 0cd9414a_20240821_121641.data
210.0 450.0 17 25.06022466960353 0cd9414a_20240821_121705.data
190.0 450.0 17 25.06022466960353 0cd9414a_20240821_121729.data
170.0 450.0 17 25.06022466960353 0cd9414a_20240821_121753.data
150.0 450.0 17 25.06022466960353 0cd9414a_20240821_121817.data
130.0 450.0 17 25.180334801762115 0cd9414a_20240821_121841.data
110.0 450.0 17 25.06022466960353 0cd9414a_20240821_121905.data
90.0 450.0 17 25.06022466960353 0cd9414a_20240821_121929.data
70.0 450.0 17 25.06022466960353 0cd9414a_20240821_121953.data
50.0 450.0 17 25.06022466960353 0cd9414a_20240821_122017.data
30.0 450.0 17 25.06022466960353 0cd9414a_20240821_122041.data
10.0 450.0 17 25.06022466960353 0cd9414a_20240821_122105.data
10.0 470.0 17 25.06022466960353 0cd9414a_20240821_122129.data
30.0 470.0 17 25.06022466960353 0cd9414a_20240821_122153.data
50.0 470.0 17 25.299982378854633 0cd9414a_20240821_122217.data
70.0 470.0 17 25.06022466960353 0cd9414a_20240821_122242.data
90.0 470.0 17 25.180334801762115 0cd9414a_20240821_122306.data
110.0 470.0 17 25.06022466960353 0cd9414a_20240821_122330.data
130.0 470.0 17 25.180334801762115 0cd9414a_20240821_122354.data
150.0 470.0 17 25.180334801762115 0cd9414a_20240821_122418.data
170.0 470.0 17 24.948500000000003 0cd9414a_20240821_122442.data
190.0 470.0 17 25.06022466960353 0cd9414a_20240821_122506.data
210.0 470.0 17 25.06022466960353 0cd9414a_20240821_122530.data
230.0 470.0 17 25.06022466960353 0cd9414a_20240821_122554.data
250.0 470.0 17 25.06022466960353 0cd9414a_20240821_122618.data
270.0 470.0 17 25.06022466960353 0cd9414a_20240821_122642.data
290.0 470.0 17 25.180334801762115 0cd9414a_20240821_122706.data
