-1 -1 -1 24.003973684210532 0cd9414a_20240918_123651.data
10.0 10.0 17 23.902100000000004 0cd9414a_20240918_123731.data
30.0 10.0 17 23.8 0cd9414a_20240918_123755.data
50.0 10.0 17 23.902100000000004 0cd9414a_20240918_123819.data
70.0 10.0 17 23.6975 0cd9414a_20240918_123843.data
90.0 10.0 17 23.902100000000004 0cd9414a_20240918_123907.data
110.0 10.0 17 23.902100000000004 0cd9414a_20240918_123931.data
130.0 10.0 17 23.902100000000004 0cd9414a_20240918_123955.data
150.0 10.0 17 23.902100000000004 0cd9414a_20240918_124019.data
170.0 10.0 17 23.902100000000004 0cd9414a_20240918_124043.data
190.0 10.0 17 23.8 0cd9414a_20240918_124107.data
210.0 10.0 17 23.8 0cd9414a_20240918_124131.data
230.0 10.0 17 23.902100000000004 0cd9414a_20240918_124155.data
250.0 10.0 17 23.6975 0cd9414a_20240918_124219.data
270.0 10.0 17 23.6975 0cd9414a_20240918_124243.data
290.0 10.0 17 23.902100000000004 0cd9414a_20240918_124307.data
290.0 30.0 17 23.902100000000004 0cd9414a_20240918_124331.data
270.0 30.0 17 23.6975 0cd9414a_20240918_124355.data
250.0 30.0 17 23.902100000000004 0cd9414a_20240918_124419.data
230.0 30.0 17 23.902100000000004 0cd9414a_20240918_124443.data
210.0 30.0 17 23.902100000000004 0cd9414a_20240918_124507.data
190.0 30.0 17 23.902100000000004 0cd9414a_20240918_124531.data
170.0 30.0 17 23.902100000000004 0cd9414a_20240918_124555.data
150.0 30.0 17 23.6975 0cd9414a_20240918_124619.data
130.0 30.0 17 23.8 0cd9414a_20240918_124643.data
110.0 30.0 17 23.902100000000004 0cd9414a_20240918_124707.data
90.0 30.0 17 23.902100000000004 0cd9414a_20240918_124731.data
70.0 30.0 17 23.902100000000004 0cd9414a_20240918_124755.data
50.0 30.0 17 23.6975 0cd9414a_20240918_124819.data
30.0 30.0 17 23.902100000000004 0cd9414a_20240918_124843.data
10.0 30.0 17 23.902100000000004 0cd9414a_20240918_124907.data
10.0 50.0 17 24.003973684210532 0cd9414a_20240918_124931.data
30.0 50.0 17 23.8 0cd9414a_20240918_124955.data
50.0 50.0 17 23.8 0cd9414a_20240918_125019.data
70.0 50.0 17 23.8 0cd9414a_20240918_125043.data
90.0 50.0 17 23.6975 0cd9414a_20240918_125107.data
110.0 50.0 17 23.8 0cd9414a_20240918_125131.data
130.0 50.0 17 23.8 0cd9414a_20240918_125155.data
150.0 50.0 17 23.8 0cd9414a_20240918_125219.data
170.0 50.0 17 23.6975 0cd9414a_20240918_125243.data
190.0 50.0 17 23.594575 0cd9414a_20240918_125307.data
210.0 50.0 17 23.902100000000004 0cd9414a_20240918_125331.data
230.0 50.0 17 23.8 0cd9414a_20240918_125355.data
250.0 50.0 17 24.003973684210532 0cd9414a_20240918_125419.data
270.0 50.0 17 24.003973684210532 0cd9414a_20240918_125443.data
290.0 50.0 17 24.003973684210532 0cd9414a_20240918_125507.data
290.0 70.0 17 23.902100000000004 0cd9414a_20240918_125531.data
270.0 70.0 17 23.6975 0cd9414a_20240918_125555.data
250.0 70.0 17 23.902100000000004 0cd9414a_20240918_125619.data
230.0 70.0 17 23.594575 0cd9414a_20240918_125643.data
210.0 70.0 17 23.6975 0cd9414a_20240918_125707.data
190.0 70.0 17 23.8 0cd9414a_20240918_125731.data
170.0 70.0 17 23.902100000000004 0cd9414a_20240918_125755.data
150.0 70.0 17 23.8 0cd9414a_20240918_125819.data
130.0 70.0 17 23.902100000000004 0cd9414a_20240918_125843.data
110.0 70.0 17 23.6975 0cd9414a_20240918_125907.data
90.0 70.0 17 23.902100000000004 0cd9414a_20240918_125931.data
70.0 70.0 17 23.594575 0cd9414a_20240918_125955.data
50.0 70.0 17 23.6975 0cd9414a_20240918_130019.data
30.0 70.0 17 23.594575 0cd9414a_20240918_130043.data
10.0 70.0 17 23.902100000000004 0cd9414a_20240918_130107.data
10.0 90.0 17 23.902100000000004 0cd9414a_20240918_130132.data
30.0 90.0 17 23.902100000000004 0cd9414a_20240918_130156.data
50.0 90.0 17 23.902100000000004 0cd9414a_20240918_130220.data
70.0 90.0 17 23.902100000000004 0cd9414a_20240918_130244.data
90.0 90.0 17 23.902100000000004 0cd9414a_20240918_130308.data
110.0 90.0 17 23.6975 0cd9414a_20240918_130332.data
130.0 90.0 17 23.902100000000004 0cd9414a_20240918_130356.data
150.0 90.0 17 23.902100000000004 0cd9414a_20240918_130420.data
170.0 90.0 17 23.6975 0cd9414a_20240918_130444.data
190.0 90.0 17 23.6975 0cd9414a_20240918_130508.data
210.0 90.0 17 23.902100000000004 0cd9414a_20240918_130532.data
230.0 90.0 17 23.8 0cd9414a_20240918_130556.data
250.0 90.0 17 23.902100000000004 0cd9414a_20240918_130620.data
270.0 90.0 17 23.902100000000004 0cd9414a_20240918_130644.data
290.0 90.0 17 23.8 0cd9414a_20240918_130708.data
290.0 110.0 17 23.902100000000004 0cd9414a_20240918_130732.data
270.0 110.0 17 23.902100000000004 0cd9414a_20240918_130756.data
250.0 110.0 17 23.594575 0cd9414a_20240918_130820.data
230.0 110.0 17 23.594575 0cd9414a_20240918_130844.data
210.0 110.0 17 23.8 0cd9414a_20240918_130908.data
190.0 110.0 17 23.8 0cd9414a_20240918_130932.data
170.0 110.0 17 23.902100000000004 0cd9414a_20240918_130956.data
150.0 110.0 17 23.594575 0cd9414a_20240918_131020.data
130.0 110.0 17 23.594575 0cd9414a_20240918_131044.data
110.0 110.0 17 23.594575 0cd9414a_20240918_131108.data
90.0 110.0 17 23.594575 0cd9414a_20240918_131132.data
70.0 110.0 17 23.594575 0cd9414a_20240918_131156.data
50.0 110.0 17 23.594575 0cd9414a_20240918_131220.data
30.0 110.0 17 23.594575 0cd9414a_20240918_131244.data
10.0 110.0 17 23.594575 0cd9414a_20240918_131308.data
10.0 130.0 17 23.594575 0cd9414a_20240918_131332.data
30.0 130.0 17 23.594575 0cd9414a_20240918_131356.data
50.0 130.0 17 23.594575 0cd9414a_20240918_131420.data
70.0 130.0 17 23.594575 0cd9414a_20240918_131444.data
90.0 130.0 17 23.594575 0cd9414a_20240918_131508.data
110.0 130.0 17 23.594575 0cd9414a_20240918_131532.data
130.0 130.0 17 23.594575 0cd9414a_20240918_131556.data
150.0 130.0 17 23.594575 0cd9414a_20240918_131620.data
170.0 130.0 17 23.594575 0cd9414a_20240918_131644.data
190.0 130.0 17 23.594575 0cd9414a_20240918_131708.data
210.0 130.0 17 23.594575 0cd9414a_20240918_131732.data
230.0 130.0 17 23.594575 0cd9414a_20240918_131756.data
250.0 130.0 17 23.49125 0cd9414a_20240918_131820.data
270.0 130.0 17 23.594575 0cd9414a_20240918_131844.data
290.0 130.0 17 23.594575 0cd9414a_20240918_131908.data
290.0 150.0 17 23.594575 0cd9414a_20240918_131932.data
270.0 150.0 17 23.594575 0cd9414a_20240918_131956.data
250.0 150.0 17 23.594575 0cd9414a_20240918_132020.data
230.0 150.0 17 23.594575 0cd9414a_20240918_132044.data
210.0 150.0 17 23.594575 0cd9414a_20240918_132108.data
190.0 150.0 17 23.594575 0cd9414a_20240918_132132.data
170.0 150.0 17 23.594575 0cd9414a_20240918_132156.data
150.0 150.0 17 23.594575 0cd9414a_20240918_132220.data
130.0 150.0 17 23.594575 0cd9414a_20240918_132244.data
110.0 150.0 17 23.594575 0cd9414a_20240918_132308.data
90.0 150.0 17 23.594575 0cd9414a_20240918_132332.data
70.0 150.0 17 23.594575 0cd9414a_20240918_132356.data
50.0 150.0 17 23.594575 0cd9414a_20240918_132420.data
30.0 150.0 17 23.594575 0cd9414a_20240918_132444.data
10.0 150.0 17 23.594575 0cd9414a_20240918_132508.data
10.0 170.0 17 23.49125 0cd9414a_20240918_132532.data
30.0 170.0 17 23.594575 0cd9414a_20240918_132556.data
50.0 170.0 17 23.594575 0cd9414a_20240918_132620.data
70.0 170.0 17 23.594575 0cd9414a_20240918_132644.data
90.0 170.0 17 23.594575 0cd9414a_20240918_132708.data
110.0 170.0 17 23.594575 0cd9414a_20240918_132732.data
130.0 170.0 17 23.594575 0cd9414a_20240918_132756.data
150.0 170.0 17 23.594575 0cd9414a_20240918_132820.data
170.0 170.0 17 23.6975 0cd9414a_20240918_132844.data
190.0 170.0 17 23.594575 0cd9414a_20240918_132908.data
210.0 170.0 17 23.6975 0cd9414a_20240918_132932.data
230.0 170.0 17 23.594575 0cd9414a_20240918_132956.data
250.0 170.0 17 23.594575 0cd9414a_20240918_133020.data
270.0 170.0 17 23.594575 0cd9414a_20240918_133044.data
290.0 170.0 17 23.594575 0cd9414a_20240918_133109.data
290.0 190.0 17 23.594575 0cd9414a_20240918_133133.data
270.0 190.0 17 23.594575 0cd9414a_20240918_133157.data
250.0 190.0 17 23.594575 0cd9414a_20240918_133221.data
230.0 190.0 17 23.594575 0cd9414a_20240918_133245.data
210.0 190.0 17 23.594575 0cd9414a_20240918_133309.data
190.0 190.0 17 23.49125 0cd9414a_20240918_133333.data
170.0 190.0 17 23.594575 0cd9414a_20240918_133357.data
150.0 190.0 17 23.594575 0cd9414a_20240918_133421.data
130.0 190.0 17 23.594575 0cd9414a_20240918_133445.data
110.0 190.0 17 23.594575 0cd9414a_20240918_133509.data
90.0 190.0 17 23.594575 0cd9414a_20240918_133533.data
70.0 190.0 17 23.594575 0cd9414a_20240918_133557.data
50.0 190.0 17 23.594575 0cd9414a_20240918_133621.data
30.0 190.0 17 23.594575 0cd9414a_20240918_133645.data
10.0 190.0 17 23.594575 0cd9414a_20240918_133709.data
10.0 210.0 17 23.594575 0cd9414a_20240918_133733.data
30.0 210.0 17 23.594575 0cd9414a_20240918_133757.data
50.0 210.0 17 23.594575 0cd9414a_20240918_133821.data
70.0 210.0 17 23.594575 0cd9414a_20240918_133845.data
90.0 210.0 17 23.594575 0cd9414a_20240918_133909.data
110.0 210.0 17 23.594575 0cd9414a_20240918_133933.data
130.0 210.0 17 23.594575 0cd9414a_20240918_133957.data
150.0 210.0 17 23.594575 0cd9414a_20240918_134021.data
170.0 210.0 17 23.594575 0cd9414a_20240918_134045.data
190.0 210.0 17 23.594575 0cd9414a_20240918_134109.data
210.0 210.0 17 23.594575 0cd9414a_20240918_134133.data
230.0 210.0 17 23.594575 0cd9414a_20240918_134157.data
250.0 210.0 17 23.594575 0cd9414a_20240918_134221.data
270.0 210.0 17 23.594575 0cd9414a_20240918_134245.data
290.0 210.0 17 23.594575 0cd9414a_20240918_134309.data
290.0 230.0 17 23.594575 0cd9414a_20240918_134333.data
270.0 230.0 17 23.594575 0cd9414a_20240918_134357.data
250.0 230.0 17 23.594575 0cd9414a_20240918_134421.data
230.0 230.0 17 23.49125 0cd9414a_20240918_134445.data
210.0 230.0 17 23.49125 0cd9414a_20240918_134509.data
190.0 230.0 17 23.594575 0cd9414a_20240918_134533.data
170.0 230.0 17 23.49125 0cd9414a_20240918_134557.data
150.0 230.0 17 23.594575 0cd9414a_20240918_134621.data
130.0 230.0 17 23.594575 0cd9414a_20240918_134645.data
110.0 230.0 17 23.594575 0cd9414a_20240918_134709.data
90.0 230.0 17 23.594575 0cd9414a_20240918_134733.data
70.0 230.0 17 23.49125 0cd9414a_20240918_134757.data
50.0 230.0 17 23.49125 0cd9414a_20240918_134821.data
30.0 230.0 17 23.594575 0cd9414a_20240918_134845.data
10.0 230.0 17 23.594575 0cd9414a_20240918_134909.data
10.0 250.0 17 23.594575 0cd9414a_20240918_134933.data
30.0 250.0 17 23.594575 0cd9414a_20240918_134957.data
50.0 250.0 17 23.49125 0cd9414a_20240918_135021.data
70.0 250.0 17 23.3875 0cd9414a_20240918_135045.data
90.0 250.0 17 23.49125 0cd9414a_20240918_135109.data
110.0 250.0 17 23.594575 0cd9414a_20240918_135133.data
130.0 250.0 17 23.594575 0cd9414a_20240918_135157.data
150.0 250.0 17 23.594575 0cd9414a_20240918_135221.data
170.0 250.0 17 23.594575 0cd9414a_20240918_135245.data
190.0 250.0 17 23.594575 0cd9414a_20240918_135309.data
210.0 250.0 17 23.594575 0cd9414a_20240918_135333.data
230.0 250.0 17 23.594575 0cd9414a_20240918_135357.data
250.0 250.0 17 23.594575 0cd9414a_20240918_135421.data
270.0 250.0 17 23.594575 0cd9414a_20240918_135445.data
290.0 250.0 17 23.594575 0cd9414a_20240918_135509.data
290.0 270.0 17 23.594575 0cd9414a_20240918_135533.data
270.0 270.0 17 23.594575 0cd9414a_20240918_135557.data
250.0 270.0 17 23.594575 0cd9414a_20240918_135621.data
230.0 270.0 17 23.594575 0cd9414a_20240918_135645.data
210.0 270.0 17 23.594575 0cd9414a_20240918_135709.data
190.0 270.0 17 23.594575 0cd9414a_20240918_135733.data
170.0 270.0 17 23.594575 0cd9414a_20240918_135757.data
150.0 270.0 17 23.594575 0cd9414a_20240918_135821.data
130.0 270.0 17 23.594575 0cd9414a_20240918_135845.data
110.0 270.0 17 23.594575 0cd9414a_20240918_135909.data
90.0 270.0 17 23.594575 0cd9414a_20240918_135934.data
70.0 270.0 17 23.594575 0cd9414a_20240918_135957.data
50.0 270.0 17 23.594575 0cd9414a_20240918_140022.data
30.0 270.0 17 23.594575 0cd9414a_20240918_140046.data
10.0 270.0 17 23.594575 0cd9414a_20240918_140110.data
10.0 290.0 17 23.595000000000002 0cd9414a_20240918_140134.data
30.0 290.0 17 23.6975 0cd9414a_20240918_140158.data
50.0 290.0 17 23.8 0cd9414a_20240918_140222.data
70.0 290.0 17 23.594575 0cd9414a_20240918_140246.data
90.0 290.0 17 23.594575 0cd9414a_20240918_140310.data
110.0 290.0 17 23.902100000000004 0cd9414a_20240918_140334.data
130.0 290.0 17 23.6975 0cd9414a_20240918_140358.data
150.0 290.0 17 23.6975 0cd9414a_20240918_140422.data
170.0 290.0 17 23.6975 0cd9414a_20240918_140446.data
190.0 290.0 17 23.6975 0cd9414a_20240918_140510.data
210.0 290.0 17 23.6975 0cd9414a_20240918_140534.data
230.0 290.0 17 23.6975 0cd9414a_20240918_140558.data
250.0 290.0 17 23.6975 0cd9414a_20240918_140622.data
270.0 290.0 17 23.6975 0cd9414a_20240918_140646.data
290.0 290.0 17 23.6975 0cd9414a_20240918_140710.data
290.0 310.0 17 23.6975 0cd9414a_20240918_140734.data
270.0 310.0 17 23.6975 0cd9414a_20240918_140758.data
250.0 310.0 17 23.6975 0cd9414a_20240918_140822.data
230.0 310.0 17 23.6975 0cd9414a_20240918_140846.data
210.0 310.0 17 23.6975 0cd9414a_20240918_140910.data
190.0 310.0 17 23.6975 0cd9414a_20240918_140934.data
170.0 310.0 17 23.6975 0cd9414a_20240918_140958.data
150.0 310.0 17 23.6975 0cd9414a_20240918_141022.data
130.0 310.0 17 23.6975 0cd9414a_20240918_141046.data
110.0 310.0 17 23.6975 0cd9414a_20240918_141110.data
90.0 310.0 17 23.6975 0cd9414a_20240918_141134.data
70.0 310.0 17 23.6975 0cd9414a_20240918_141158.data
50.0 310.0 17 23.6975 0cd9414a_20240918_141222.data
30.0 310.0 17 23.6975 0cd9414a_20240918_141246.data
10.0 310.0 17 23.8 0cd9414a_20240918_141310.data
10.0 330.0 17 23.594575 0cd9414a_20240918_141334.data
30.0 330.0 17 23.6975 0cd9414a_20240918_141358.data
50.0 330.0 17 23.6975 0cd9414a_20240918_141422.data
70.0 330.0 17 23.6975 0cd9414a_20240918_141446.data
90.0 330.0 17 23.902100000000004 0cd9414a_20240918_141510.data
110.0 330.0 17 23.6975 0cd9414a_20240918_141534.data
130.0 330.0 17 23.902100000000004 0cd9414a_20240918_141558.data
150.0 330.0 17 23.6975 0cd9414a_20240918_141622.data
170.0 330.0 17 23.6975 0cd9414a_20240918_141646.data
190.0 330.0 17 23.6975 0cd9414a_20240918_141710.data
210.0 330.0 17 23.6975 0cd9414a_20240918_141734.data
230.0 330.0 17 23.8 0cd9414a_20240918_141758.data
250.0 330.0 17 23.902100000000004 0cd9414a_20240918_141822.data
270.0 330.0 17 23.6975 0cd9414a_20240918_141846.data
290.0 330.0 17 23.6975 0cd9414a_20240918_141910.data
10.0 350.0 17 23.6975 0cd9414a_20240918_142026.data
30.0 350.0 17 23.6975 0cd9414a_20240918_142050.data
50.0 350.0 17 23.6975 0cd9414a_20240918_142114.data
70.0 350.0 17 23.6975 0cd9414a_20240918_142138.data
90.0 350.0 17 23.6975 0cd9414a_20240918_142202.data
110.0 350.0 17 23.594575 0cd9414a_20240918_142226.data
130.0 350.0 17 23.594575 0cd9414a_20240918_142250.data
150.0 350.0 17 23.594575 0cd9414a_20240918_142314.data
170.0 350.0 17 23.6975 0cd9414a_20240918_142338.data
190.0 350.0 17 23.6975 0cd9414a_20240918_142402.data
210.0 350.0 17 23.6975 0cd9414a_20240918_142426.data
230.0 350.0 17 23.6975 0cd9414a_20240918_142450.data
250.0 350.0 17 23.6975 0cd9414a_20240918_142514.data
270.0 350.0 17 23.6975 0cd9414a_20240918_142538.data
290.0 350.0 17 23.6975 0cd9414a_20240918_142602.data
290.0 370.0 17 23.6975 0cd9414a_20240918_142626.data
270.0 370.0 17 23.6975 0cd9414a_20240918_142651.data
250.0 370.0 17 23.6975 0cd9414a_20240918_142715.data
230.0 370.0 17 23.6975 0cd9414a_20240918_142739.data
210.0 370.0 17 23.6975 0cd9414a_20240918_142803.data
190.0 370.0 17 23.6975 0cd9414a_20240918_142827.data
170.0 370.0 17 23.6975 0cd9414a_20240918_142851.data
150.0 370.0 17 23.8 0cd9414a_20240918_142915.data
130.0 370.0 17 23.6975 0cd9414a_20240918_142939.data
110.0 370.0 17 23.6975 0cd9414a_20240918_143003.data
90.0 370.0 17 23.6975 0cd9414a_20240918_143027.data
70.0 370.0 17 23.8 0cd9414a_20240918_143051.data
50.0 370.0 17 23.6975 0cd9414a_20240918_143115.data
30.0 370.0 17 23.6975 0cd9414a_20240918_143139.data
10.0 370.0 17 23.6975 0cd9414a_20240918_143203.data
10.0 390.0 17 23.6975 0cd9414a_20240918_143227.data
30.0 390.0 17 23.8 0cd9414a_20240918_143251.data
50.0 390.0 17 23.6975 0cd9414a_20240918_143315.data
70.0 390.0 17 23.6975 0cd9414a_20240918_143339.data
90.0 390.0 17 23.6975 0cd9414a_20240918_143403.data
110.0 390.0 17 23.6975 0cd9414a_20240918_143427.data
130.0 390.0 17 23.6975 0cd9414a_20240918_143451.data
150.0 390.0 17 23.8 0cd9414a_20240918_143515.data
170.0 390.0 17 23.594575 0cd9414a_20240918_143539.data
190.0 390.0 17 23.6975 0cd9414a_20240918_143603.data
210.0 390.0 17 23.6975 0cd9414a_20240918_143627.data
230.0 390.0 17 23.6975 0cd9414a_20240918_143651.data
250.0 390.0 17 23.902100000000004 0cd9414a_20240918_143715.data
270.0 390.0 17 23.6975 0cd9414a_20240918_143739.data
290.0 390.0 17 23.6975 0cd9414a_20240918_143803.data
290.0 410.0 17 23.6975 0cd9414a_20240918_143827.data
270.0 410.0 17 23.6975 0cd9414a_20240918_143851.data
250.0 410.0 17 23.6975 0cd9414a_20240918_143915.data
230.0 410.0 17 23.6975 0cd9414a_20240918_143939.data
210.0 410.0 17 23.6975 0cd9414a_20240918_144003.data
190.0 410.0 17 23.8 0cd9414a_20240918_144027.data
170.0 410.0 17 23.6975 0cd9414a_20240918_144051.data
150.0 410.0 17 23.6975 0cd9414a_20240918_144115.data
130.0 410.0 17 23.902100000000004 0cd9414a_20240918_144139.data
110.0 410.0 17 23.6975 0cd9414a_20240918_144203.data
90.0 410.0 17 23.6975 0cd9414a_20240918_144227.data
70.0 410.0 17 23.6975 0cd9414a_20240918_144251.data
50.0 410.0 17 23.6975 0cd9414a_20240918_144315.data
30.0 410.0 17 23.6975 0cd9414a_20240918_144339.data
10.0 410.0 17 23.6975 0cd9414a_20240918_144403.data
10.0 430.0 17 23.6975 0cd9414a_20240918_144427.data
30.0 430.0 17 23.6975 0cd9414a_20240918_144451.data
50.0 430.0 17 23.6975 0cd9414a_20240918_144515.data
70.0 430.0 17 23.594575 0cd9414a_20240918_144539.data
90.0 430.0 17 23.6975 0cd9414a_20240918_144603.data
110.0 430.0 17 23.6975 0cd9414a_20240918_144627.data
130.0 430.0 17 23.6975 0cd9414a_20240918_144651.data
150.0 430.0 17 23.6975 0cd9414a_20240918_144715.data
170.0 430.0 17 23.6975 0cd9414a_20240918_144739.data
190.0 430.0 17 23.6975 0cd9414a_20240918_144803.data
210.0 430.0 17 23.6975 0cd9414a_20240918_144827.data
230.0 430.0 17 23.6975 0cd9414a_20240918_144851.data
250.0 430.0 17 23.8 0cd9414a_20240918_144915.data
270.0 430.0 17 23.594575 0cd9414a_20240918_144939.data
290.0 430.0 17 23.6975 0cd9414a_20240918_145003.data
290.0 450.0 17 23.6975 0cd9414a_20240918_145027.data
270.0 450.0 17 23.594575 0cd9414a_20240918_145051.data
250.0 450.0 17 23.6975 0cd9414a_20240918_145115.data
230.0 450.0 17 23.6975 0cd9414a_20240918_145139.data
210.0 450.0 17 23.6975 0cd9414a_20240918_145203.data
190.0 450.0 17 23.49125 0cd9414a_20240918_145227.data
170.0 450.0 17 23.6975 0cd9414a_20240918_145251.data
150.0 450.0 17 23.6975 0cd9414a_20240918_145315.data
130.0 450.0 17 23.6975 0cd9414a_20240918_145339.data
110.0 450.0 17 23.6975 0cd9414a_20240918_145403.data
90.0 450.0 17 23.8 0cd9414a_20240918_145427.data
70.0 450.0 17 23.8 0cd9414a_20240918_145451.data
50.0 450.0 17 23.8 0cd9414a_20240918_145515.data
30.0 450.0 17 23.6975 0cd9414a_20240918_145539.data
10.0 450.0 17 23.6975 0cd9414a_20240918_145603.data
10.0 470.0 17 23.594575 0cd9414a_20240918_145627.data
30.0 470.0 17 23.6975 0cd9414a_20240918_145651.data
50.0 470.0 17 23.6975 0cd9414a_20240918_145716.data
70.0 470.0 17 23.6975 0cd9414a_20240918_145740.data
90.0 470.0 17 23.6975 0cd9414a_20240918_145804.data
110.0 470.0 17 23.6975 0cd9414a_20240918_145828.data
130.0 470.0 17 23.6975 0cd9414a_20240918_145852.data
150.0 470.0 17 23.6975 0cd9414a_20240918_145916.data
170.0 470.0 17 23.6975 0cd9414a_20240918_145940.data
190.0 470.0 17 23.6975 0cd9414a_20240918_150004.data
210.0 470.0 17 23.6975 0cd9414a_20240918_150028.data
230.0 470.0 17 23.8 0cd9414a_20240918_150052.data
250.0 470.0 17 23.6975 0cd9414a_20240918_150116.data
270.0 470.0 17 23.6975 0cd9414a_20240918_150140.data
290.0 470.0 17 23.6975 0cd9414a_20240918_150204.data
