-1 -1 -1 24.741500000000002 0cd9414a_20240827_080849.data
10.0 10.0 17 24.741500000000002 0cd9414a_20240827_080929.data
30.0 10.0 17 24.741500000000002 0cd9414a_20240827_080953.data
50.0 10.0 17 24.741500000000002 0cd9414a_20240827_081017.data
70.0 10.0 17 24.741500000000002 0cd9414a_20240827_081041.data
90.0 10.0 17 24.845210526315793 0cd9414a_20240827_081105.data
110.0 10.0 17 24.741500000000002 0cd9414a_20240827_081129.data
130.0 10.0 17 24.741500000000002 0cd9414a_20240827_081153.data
150.0 10.0 17 24.741500000000002 0cd9414a_20240827_081217.data
170.0 10.0 17 24.741500000000002 0cd9414a_20240827_081241.data
190.0 10.0 17 24.741500000000002 0cd9414a_20240827_081305.data
210.0 10.0 17 24.741500000000002 0cd9414a_20240827_081329.data
230.0 10.0 17 24.741500000000002 0cd9414a_20240827_081353.data
250.0 10.0 17 24.741500000000002 0cd9414a_20240827_081417.data
270.0 10.0 17 24.741500000000002 0cd9414a_20240827_081441.data
290.0 10.0 17 24.741500000000002 0cd9414a_20240827_081505.data
290.0 30.0 17 24.741500000000002 0cd9414a_20240827_081529.data
270.0 30.0 17 24.741500000000002 0cd9414a_20240827_081553.data
250.0 30.0 17 24.741500000000002 0cd9414a_20240827_081617.data
230.0 30.0 17 24.741500000000002 0cd9414a_20240827_081641.data
210.0 30.0 17 24.741500000000002 0cd9414a_20240827_081705.data
190.0 30.0 17 24.741500000000002 0cd9414a_20240827_081729.data
170.0 30.0 17 24.741500000000002 0cd9414a_20240827_081753.data
150.0 30.0 17 24.741500000000002 0cd9414a_20240827_081817.data
130.0 30.0 17 24.741500000000002 0cd9414a_20240827_081841.data
110.0 30.0 17 24.741500000000002 0cd9414a_20240827_081905.data
90.0 30.0 17 24.741500000000002 0cd9414a_20240827_081929.data
70.0 30.0 17 24.741500000000002 0cd9414a_20240827_081953.data
50.0 30.0 17 24.845210526315793 0cd9414a_20240827_082017.data
30.0 30.0 17 24.741500000000002 0cd9414a_20240827_082041.data
10.0 30.0 17 24.741500000000002 0cd9414a_20240827_082105.data
10.0 50.0 17 25.06022466960353 0cd9414a_20240827_082129.data
30.0 50.0 17 24.845210526315793 0cd9414a_20240827_082153.data
50.0 50.0 17 25.06022466960353 0cd9414a_20240827_082217.data
70.0 50.0 17 24.741500000000002 0cd9414a_20240827_082241.data
90.0 50.0 17 24.948500000000003 0cd9414a_20240827_082305.data
110.0 50.0 17 24.948500000000003 0cd9414a_20240827_082329.data
130.0 50.0 17 24.948500000000003 0cd9414a_20240827_082353.data
150.0 50.0 17 24.741500000000002 0cd9414a_20240827_082417.data
170.0 50.0 17 25.06022466960353 0cd9414a_20240827_082441.data
190.0 50.0 17 24.948500000000003 0cd9414a_20240827_082505.data
210.0 50.0 17 25.06022466960353 0cd9414a_20240827_082529.data
230.0 50.0 17 24.845210526315793 0cd9414a_20240827_082553.data
250.0 50.0 17 25.06022466960353 0cd9414a_20240827_082617.data
270.0 50.0 17 24.845210526315793 0cd9414a_20240827_082641.data
290.0 50.0 17 25.06022466960353 0cd9414a_20240827_082705.data
290.0 70.0 17 24.741500000000002 0cd9414a_20240827_082729.data
270.0 70.0 17 25.180334801762115 0cd9414a_20240827_082753.data
250.0 70.0 17 24.741500000000002 0cd9414a_20240827_082817.data
230.0 70.0 17 25.06022466960353 0cd9414a_20240827_082841.data
210.0 70.0 17 24.948500000000003 0cd9414a_20240827_082905.data
190.0 70.0 17 25.06022466960353 0cd9414a_20240827_082929.data
170.0 70.0 17 25.180334801762115 0cd9414a_20240827_082954.data
150.0 70.0 17 25.180334801762115 0cd9414a_20240827_083018.data
130.0 70.0 17 25.06022466960353 0cd9414a_20240827_083042.data
110.0 70.0 17 25.06022466960353 0cd9414a_20240827_083106.data
90.0 70.0 17 25.06022466960353 0cd9414a_20240827_083130.data
70.0 70.0 17 25.06022466960353 0cd9414a_20240827_083154.data
50.0 70.0 17 25.06022466960353 0cd9414a_20240827_083218.data
30.0 70.0 17 24.741500000000002 0cd9414a_20240827_083242.data
10.0 70.0 17 25.06022466960353 0cd9414a_20240827_083306.data
10.0 90.0 17 25.06022466960353 0cd9414a_20240827_083330.data
30.0 90.0 17 25.06022466960353 0cd9414a_20240827_083354.data
50.0 90.0 17 25.06022466960353 0cd9414a_20240827_083418.data
70.0 90.0 17 24.845210526315793 0cd9414a_20240827_083442.data
90.0 90.0 17 25.06022466960353 0cd9414a_20240827_083506.data
110.0 90.0 17 24.741500000000002 0cd9414a_20240827_083530.data
130.0 90.0 17 24.948500000000003 0cd9414a_20240827_083554.data
150.0 90.0 17 24.741500000000002 0cd9414a_20240827_083618.data
170.0 90.0 17 25.06022466960353 0cd9414a_20240827_083642.data
190.0 90.0 17 24.845210526315793 0cd9414a_20240827_083706.data
210.0 90.0 17 24.948500000000003 0cd9414a_20240827_083730.data
230.0 90.0 17 24.948500000000003 0cd9414a_20240827_083754.data
250.0 90.0 17 25.06022466960353 0cd9414a_20240827_083818.data
270.0 90.0 17 24.948500000000003 0cd9414a_20240827_083842.data
290.0 90.0 17 24.948500000000003 0cd9414a_20240827_083906.data
290.0 110.0 17 24.845210526315793 0cd9414a_20240827_083930.data
270.0 110.0 17 24.948500000000003 0cd9414a_20240827_083954.data
250.0 110.0 17 24.845210526315793 0cd9414a_20240827_084018.data
230.0 110.0 17 25.06022466960353 0cd9414a_20240827_084042.data
210.0 110.0 17 24.845210526315793 0cd9414a_20240827_084106.data
190.0 110.0 17 25.06022466960353 0cd9414a_20240827_084130.data
170.0 110.0 17 25.06022466960353 0cd9414a_20240827_084154.data
150.0 110.0 17 25.06022466960353 0cd9414a_20240827_084218.data
130.0 110.0 17 25.06022466960353 0cd9414a_20240827_084242.data
110.0 110.0 17 24.741500000000002 0cd9414a_20240827_084306.data
90.0 110.0 17 25.06022466960353 0cd9414a_20240827_084330.data
70.0 110.0 17 24.741500000000002 0cd9414a_20240827_084354.data
50.0 110.0 17 25.06022466960353 0cd9414a_20240827_084418.data
30.0 110.0 17 24.741500000000002 0cd9414a_20240827_084442.data
10.0 110.0 17 24.948500000000003 0cd9414a_20240827_084506.data
10.0 130.0 17 25.06022466960353 0cd9414a_20240827_084530.data
30.0 130.0 17 25.06022466960353 0cd9414a_20240827_084554.data
50.0 130.0 17 25.06022466960353 0cd9414a_20240827_084618.data
70.0 130.0 17 24.845210526315793 0cd9414a_20240827_084642.data
90.0 130.0 17 24.948500000000003 0cd9414a_20240827_084706.data
110.0 130.0 17 24.948500000000003 0cd9414a_20240827_084730.data
130.0 130.0 17 24.845210526315793 0cd9414a_20240827_084754.data
150.0 130.0 17 24.948500000000003 0cd9414a_20240827_084818.data
170.0 130.0 17 24.845210526315793 0cd9414a_20240827_084842.data
190.0 130.0 17 24.948500000000003 0cd9414a_20240827_084906.data
210.0 130.0 17 24.741500000000002 0cd9414a_20240827_084930.data
230.0 130.0 17 24.948500000000003 0cd9414a_20240827_084954.data
250.0 130.0 17 24.741500000000002 0cd9414a_20240827_085018.data
270.0 130.0 17 25.06022466960353 0cd9414a_20240827_085042.data
290.0 130.0 17 24.637394736842104 0cd9414a_20240827_085106.data
290.0 150.0 17 24.948500000000003 0cd9414a_20240827_085130.data
270.0 150.0 17 24.637394736842104 0cd9414a_20240827_085154.data
250.0 150.0 17 24.948500000000003 0cd9414a_20240827_085218.data
230.0 150.0 17 24.741500000000002 0cd9414a_20240827_085242.data
210.0 150.0 17 25.06022466960353 0cd9414a_20240827_085306.data
190.0 150.0 17 24.741500000000002 0cd9414a_20240827_085330.data
170.0 150.0 17 25.06022466960353 0cd9414a_20240827_085354.data
150.0 150.0 17 24.845210526315793 0cd9414a_20240827_085418.data
130.0 150.0 17 24.948500000000003 0cd9414a_20240827_085442.data
110.0 150.0 17 24.948500000000003 0cd9414a_20240827_085506.data
90.0 150.0 17 24.845210526315793 0cd9414a_20240827_085530.data
70.0 150.0 17 25.06022466960353 0cd9414a_20240827_085554.data
50.0 150.0 17 24.948500000000003 0cd9414a_20240827_085618.data
30.0 150.0 17 24.948500000000003 0cd9414a_20240827_085642.data
10.0 150.0 17 24.948500000000003 0cd9414a_20240827_085706.data
10.0 170.0 17 24.948500000000003 0cd9414a_20240827_085730.data
30.0 170.0 17 24.948500000000003 0cd9414a_20240827_085754.data
50.0 170.0 17 25.06022466960353 0cd9414a_20240827_085818.data
70.0 170.0 17 24.948500000000003 0cd9414a_20240827_085842.data
90.0 170.0 17 24.948500000000003 0cd9414a_20240827_085906.data
110.0 170.0 17 24.948500000000003 0cd9414a_20240827_085931.data
130.0 170.0 17 24.741500000000002 0cd9414a_20240827_085955.data
150.0 170.0 17 24.948500000000003 0cd9414a_20240827_090019.data
170.0 170.0 17 24.741500000000002 0cd9414a_20240827_090043.data
190.0 170.0 17 24.948500000000003 0cd9414a_20240827_090107.data
210.0 170.0 17 24.637394736842104 0cd9414a_20240827_090131.data
230.0 170.0 17 24.845210526315793 0cd9414a_20240827_090155.data
250.0 170.0 17 25.06022466960353 0cd9414a_20240827_090219.data
270.0 170.0 17 24.948500000000003 0cd9414a_20240827_090243.data
290.0 170.0 17 24.948500000000003 0cd9414a_20240827_090307.data
290.0 190.0 17 25.06022466960353 0cd9414a_20240827_090331.data
270.0 190.0 17 24.948500000000003 0cd9414a_20240827_090355.data
250.0 190.0 17 25.06022466960353 0cd9414a_20240827_090419.data
230.0 190.0 17 24.948500000000003 0cd9414a_20240827_090443.data
210.0 190.0 17 24.741500000000002 0cd9414a_20240827_090507.data
190.0 190.0 17 25.06022466960353 0cd9414a_20240827_090531.data
170.0 190.0 17 24.741500000000002 0cd9414a_20240827_090555.data
150.0 190.0 17 24.948500000000003 0cd9414a_20240827_090619.data
130.0 190.0 17 24.948500000000003 0cd9414a_20240827_090643.data
110.0 190.0 17 24.948500000000003 0cd9414a_20240827_090707.data
90.0 190.0 17 24.948500000000003 0cd9414a_20240827_090731.data
70.0 190.0 17 24.948500000000003 0cd9414a_20240827_090755.data
50.0 190.0 17 25.06022466960353 0cd9414a_20240827_090819.data
30.0 190.0 17 24.741500000000002 0cd9414a_20240827_090843.data
10.0 190.0 17 24.948500000000003 0cd9414a_20240827_090907.data
10.0 210.0 17 24.741500000000002 0cd9414a_20240827_090931.data
30.0 210.0 17 24.948500000000003 0cd9414a_20240827_090955.data
50.0 210.0 17 24.948500000000003 0cd9414a_20240827_091019.data
70.0 210.0 17 24.948500000000003 0cd9414a_20240827_091043.data
90.0 210.0 17 24.948500000000003 0cd9414a_20240827_091107.data
110.0 210.0 17 25.06022466960353 0cd9414a_20240827_091131.data
130.0 210.0 17 25.06022466960353 0cd9414a_20240827_091155.data
150.0 210.0 17 24.741500000000002 0cd9414a_20240827_091219.data
170.0 210.0 17 24.948500000000003 0cd9414a_20240827_091243.data
190.0 210.0 17 24.948500000000003 0cd9414a_20240827_091307.data
210.0 210.0 17 24.948500000000003 0cd9414a_20240827_091331.data
230.0 210.0 17 24.845210526315793 0cd9414a_20240827_091355.data
250.0 210.0 17 24.948500000000003 0cd9414a_20240827_091419.data
270.0 210.0 17 24.948500000000003 0cd9414a_20240827_091443.data
290.0 210.0 17 25.06022466960353 0cd9414a_20240827_091507.data
290.0 230.0 17 24.845210526315793 0cd9414a_20240827_091531.data
270.0 230.0 17 24.741500000000002 0cd9414a_20240827_091555.data
250.0 230.0 17 24.948500000000003 0cd9414a_20240827_091619.data
230.0 230.0 17 24.845210526315793 0cd9414a_20240827_091643.data
210.0 230.0 17 24.948500000000003 0cd9414a_20240827_091707.data
190.0 230.0 17 24.948500000000003 0cd9414a_20240827_091731.data
170.0 230.0 17 24.948500000000003 0cd9414a_20240827_091755.data
150.0 230.0 17 24.948500000000003 0cd9414a_20240827_091819.data
130.0 230.0 17 24.948500000000003 0cd9414a_20240827_091843.data
110.0 230.0 17 24.845210526315793 0cd9414a_20240827_091907.data
90.0 230.0 17 24.741500000000002 0cd9414a_20240827_091931.data
70.0 230.0 17 24.845210526315793 0cd9414a_20240827_091955.data
50.0 230.0 17 24.741500000000002 0cd9414a_20240827_092019.data
30.0 230.0 17 24.948500000000003 0cd9414a_20240827_092043.data
10.0 230.0 17 24.845210526315793 0cd9414a_20240827_092107.data
10.0 250.0 17 24.845210526315793 0cd9414a_20240827_092131.data
30.0 250.0 17 24.948500000000003 0cd9414a_20240827_092155.data
50.0 250.0 17 24.741500000000002 0cd9414a_20240827_092219.data
70.0 250.0 17 24.845210526315793 0cd9414a_20240827_092243.data
90.0 250.0 17 24.741500000000002 0cd9414a_20240827_092307.data
110.0 250.0 17 25.06022466960353 0cd9414a_20240827_092331.data
130.0 250.0 17 24.845210526315793 0cd9414a_20240827_092355.data
150.0 250.0 17 24.948500000000003 0cd9414a_20240827_092419.data
170.0 250.0 17 24.948500000000003 0cd9414a_20240827_092443.data
190.0 250.0 17 24.845210526315793 0cd9414a_20240827_092507.data
210.0 250.0 17 24.948500000000003 0cd9414a_20240827_092531.data
230.0 250.0 17 24.845210526315793 0cd9414a_20240827_092555.data
250.0 250.0 17 24.948500000000003 0cd9414a_20240827_092619.data
270.0 250.0 17 24.948500000000003 0cd9414a_20240827_092643.data
290.0 250.0 17 24.741500000000002 0cd9414a_20240827_092707.data
290.0 270.0 17 24.948500000000003 0cd9414a_20240827_092732.data
270.0 270.0 17 24.741500000000002 0cd9414a_20240827_092756.data
250.0 270.0 17 25.06022466960353 0cd9414a_20240827_092820.data
230.0 270.0 17 24.845210526315793 0cd9414a_20240827_092844.data
210.0 270.0 17 24.948500000000003 0cd9414a_20240827_092908.data
190.0 270.0 17 25.06022466960353 0cd9414a_20240827_092932.data
170.0 270.0 17 25.06022466960353 0cd9414a_20240827_092956.data
150.0 270.0 17 25.06022466960353 0cd9414a_20240827_093020.data
130.0 270.0 17 24.741500000000002 0cd9414a_20240827_093044.data
110.0 270.0 17 24.948500000000003 0cd9414a_20240827_093108.data
90.0 270.0 17 24.845210526315793 0cd9414a_20240827_093132.data
70.0 270.0 17 24.948500000000003 0cd9414a_20240827_093156.data
50.0 270.0 17 24.741500000000002 0cd9414a_20240827_093220.data
30.0 270.0 17 24.948500000000003 0cd9414a_20240827_093244.data
10.0 270.0 17 25.06022466960353 0cd9414a_20240827_093308.data
10.0 290.0 17 24.948500000000003 0cd9414a_20240827_093332.data
30.0 290.0 17 24.948500000000003 0cd9414a_20240827_093356.data
50.0 290.0 17 24.741500000000002 0cd9414a_20240827_093420.data
70.0 290.0 17 24.948500000000003 0cd9414a_20240827_093444.data
90.0 290.0 17 24.845210526315793 0cd9414a_20240827_093508.data
110.0 290.0 17 24.948500000000003 0cd9414a_20240827_093532.data
130.0 290.0 17 24.948500000000003 0cd9414a_20240827_093556.data
150.0 290.0 17 24.741500000000002 0cd9414a_20240827_093620.data
170.0 290.0 17 24.948500000000003 0cd9414a_20240827_093644.data
190.0 290.0 17 24.741500000000002 0cd9414a_20240827_093708.data
210.0 290.0 17 24.948500000000003 0cd9414a_20240827_093732.data
230.0 290.0 17 24.845210526315793 0cd9414a_20240827_093756.data
250.0 290.0 17 24.948500000000003 0cd9414a_20240827_093820.data
270.0 290.0 17 24.948500000000003 0cd9414a_20240827_093844.data
290.0 290.0 17 24.741500000000002 0cd9414a_20240827_093908.data
290.0 310.0 17 24.948500000000003 0cd9414a_20240827_093932.data
270.0 310.0 17 -1 0cd9414a_20240827_093956.data
250.0 310.0 17 23.49125 0cd9414a_20240827_094020.data
230.0 310.0 17 23.49125 0cd9414a_20240827_094044.data
210.0 310.0 17 23.594575 0cd9414a_20240827_094108.data
190.0 310.0 17 23.49125 0cd9414a_20240827_094132.data
170.0 310.0 17 23.49125 0cd9414a_20240827_094156.data
150.0 310.0 17 23.594575 0cd9414a_20240827_094220.data
130.0 310.0 17 23.49125 0cd9414a_20240827_094244.data
110.0 310.0 17 23.49125 0cd9414a_20240827_094308.data
90.0 310.0 17 23.49125 0cd9414a_20240827_094332.data
70.0 310.0 17 23.49125 0cd9414a_20240827_094356.data
50.0 310.0 17 23.49125 0cd9414a_20240827_094420.data
30.0 310.0 17 23.49125 0cd9414a_20240827_094444.data
10.0 310.0 17 23.594575 0cd9414a_20240827_094508.data
10.0 330.0 17 23.49125 0cd9414a_20240827_094532.data
30.0 330.0 17 23.594575 0cd9414a_20240827_094556.data
50.0 330.0 17 23.49125 0cd9414a_20240827_094620.data
70.0 330.0 17 23.594575 0cd9414a_20240827_094644.data
90.0 330.0 17 23.49125 0cd9414a_20240827_094708.data
110.0 330.0 17 23.49125 0cd9414a_20240827_094732.data
130.0 330.0 17 23.49125 0cd9414a_20240827_094756.data
150.0 330.0 17 23.49125 0cd9414a_20240827_094820.data
170.0 330.0 17 23.49125 0cd9414a_20240827_094844.data
190.0 330.0 17 23.49125 0cd9414a_20240827_094908.data
210.0 330.0 17 23.49125 0cd9414a_20240827_094932.data
230.0 330.0 17 23.49125 0cd9414a_20240827_094956.data
250.0 330.0 17 23.6975 0cd9414a_20240827_095020.data
270.0 330.0 17 23.49125 0cd9414a_20240827_095044.data
290.0 330.0 17 23.49125 0cd9414a_20240827_095108.data
10.0 350.0 17 23.49125 0cd9414a_20240827_101722.data
30.0 350.0 17 23.49125 0cd9414a_20240827_101746.data
50.0 350.0 17 23.49125 0cd9414a_20240827_101810.data
70.0 350.0 17 23.49125 0cd9414a_20240827_101834.data
90.0 350.0 17 23.49125 0cd9414a_20240827_101858.data
110.0 350.0 17 23.594575 0cd9414a_20240827_101922.data
130.0 350.0 17 23.49125 0cd9414a_20240827_101946.data
150.0 350.0 17 23.49125 0cd9414a_20240827_102010.data
170.0 350.0 17 23.49125 0cd9414a_20240827_102034.data
190.0 350.0 17 23.49125 0cd9414a_20240827_102058.data
210.0 350.0 17 23.49125 0cd9414a_20240827_102122.data
230.0 350.0 17 23.49125 0cd9414a_20240827_102146.data
250.0 350.0 17 23.49125 0cd9414a_20240827_102210.data
270.0 350.0 17 23.49125 0cd9414a_20240827_102234.data
290.0 350.0 17 23.594575 0cd9414a_20240827_102258.data
290.0 370.0 17 23.49125 0cd9414a_20240827_102322.data
270.0 370.0 17 23.49125 0cd9414a_20240827_102346.data
250.0 370.0 17 23.49125 0cd9414a_20240827_102410.data
230.0 370.0 17 23.49125 0cd9414a_20240827_102434.data
210.0 370.0 17 23.49125 0cd9414a_20240827_102458.data
190.0 370.0 17 23.49125 0cd9414a_20240827_102522.data
170.0 370.0 17 23.49125 0cd9414a_20240827_102546.data
150.0 370.0 17 23.49125 0cd9414a_20240827_102610.data
130.0 370.0 17 23.3875 0cd9414a_20240827_102634.data
110.0 370.0 17 23.49125 0cd9414a_20240827_102658.data
90.0 370.0 17 23.49125 0cd9414a_20240827_102722.data
70.0 370.0 17 23.3875 0cd9414a_20240827_102746.data
50.0 370.0 17 23.49125 0cd9414a_20240827_102810.data
30.0 370.0 17 23.49125 0cd9414a_20240827_102834.data
10.0 370.0 17 23.594575 0cd9414a_20240827_102858.data
10.0 390.0 17 23.49125 0cd9414a_20240827_102922.data
30.0 390.0 17 23.49125 0cd9414a_20240827_102946.data
50.0 390.0 17 23.49125 0cd9414a_20240827_103010.data
70.0 390.0 17 23.49125 0cd9414a_20240827_103034.data
90.0 390.0 17 23.49125 0cd9414a_20240827_103058.data
110.0 390.0 17 23.49125 0cd9414a_20240827_103122.data
130.0 390.0 17 23.49125 0cd9414a_20240827_103146.data
150.0 390.0 17 23.49125 0cd9414a_20240827_103210.data
170.0 390.0 17 23.49125 0cd9414a_20240827_103234.data
190.0 390.0 17 23.49125 0cd9414a_20240827_103258.data
210.0 390.0 17 23.49125 0cd9414a_20240827_103322.data
230.0 390.0 17 23.49125 0cd9414a_20240827_103346.data
250.0 390.0 17 23.49125 0cd9414a_20240827_103410.data
270.0 390.0 17 23.49125 0cd9414a_20240827_103434.data
290.0 390.0 17 23.49125 0cd9414a_20240827_103458.data
290.0 410.0 17 23.49125 0cd9414a_20240827_103522.data
270.0 410.0 17 23.49125 0cd9414a_20240827_103546.data
250.0 410.0 17 23.49125 0cd9414a_20240827_103610.data
230.0 410.0 17 23.49125 0cd9414a_20240827_103634.data
210.0 410.0 17 23.49125 0cd9414a_20240827_103658.data
190.0 410.0 17 23.49125 0cd9414a_20240827_103722.data
170.0 410.0 17 23.49125 0cd9414a_20240827_103746.data
150.0 410.0 17 23.49125 0cd9414a_20240827_103811.data
130.0 410.0 17 23.49125 0cd9414a_20240827_103835.data
110.0 410.0 17 23.3875 0cd9414a_20240827_103859.data
90.0 410.0 17 23.49125 0cd9414a_20240827_103923.data
70.0 410.0 17 23.49125 0cd9414a_20240827_103947.data
50.0 410.0 17 23.49125 0cd9414a_20240827_104011.data
30.0 410.0 17 23.49125 0cd9414a_20240827_104035.data
10.0 410.0 17 23.49125 0cd9414a_20240827_104059.data
10.0 430.0 17 23.49125 0cd9414a_20240827_104123.data
30.0 430.0 17 23.49125 0cd9414a_20240827_104147.data
50.0 430.0 17 23.49125 0cd9414a_20240827_104211.data
70.0 430.0 17 23.6975 0cd9414a_20240827_104235.data
90.0 430.0 17 23.49125 0cd9414a_20240827_104259.data
110.0 430.0 17 23.49125 0cd9414a_20240827_104323.data
130.0 430.0 17 23.49125 0cd9414a_20240827_104347.data
150.0 430.0 17 23.49125 0cd9414a_20240827_104411.data
170.0 430.0 17 23.49125 0cd9414a_20240827_104435.data
190.0 430.0 17 23.49125 0cd9414a_20240827_104459.data
210.0 430.0 17 23.49125 0cd9414a_20240827_104523.data
230.0 430.0 17 23.49125 0cd9414a_20240827_104547.data
250.0 430.0 17 23.49125 0cd9414a_20240827_104611.data
270.0 430.0 17 23.3875 0cd9414a_20240827_104635.data
290.0 430.0 17 23.49125 0cd9414a_20240827_104659.data
290.0 450.0 17 23.49125 0cd9414a_20240827_104723.data
270.0 450.0 17 23.49125 0cd9414a_20240827_104747.data
250.0 450.0 17 23.3875 0cd9414a_20240827_104811.data
230.0 450.0 17 23.49125 0cd9414a_20240827_104835.data
210.0 450.0 17 23.49125 0cd9414a_20240827_104859.data
190.0 450.0 17 23.49125 0cd9414a_20240827_104923.data
170.0 450.0 17 23.3875 0cd9414a_20240827_104947.data
150.0 450.0 17 23.49125 0cd9414a_20240827_105011.data
130.0 450.0 17 23.49125 0cd9414a_20240827_105035.data
110.0 450.0 17 23.49125 0cd9414a_20240827_105059.data
90.0 450.0 17 23.49125 0cd9414a_20240827_105123.data
70.0 450.0 17 23.49125 0cd9414a_20240827_105147.data
50.0 450.0 17 23.49125 0cd9414a_20240827_105211.data
30.0 450.0 17 23.49125 0cd9414a_20240827_105235.data
10.0 450.0 17 23.49125 0cd9414a_20240827_105259.data
10.0 470.0 17 23.3875 0cd9414a_20240827_105323.data
30.0 470.0 17 23.49125 0cd9414a_20240827_105347.data
50.0 470.0 17 23.49125 0cd9414a_20240827_105411.data
70.0 470.0 17 23.49125 0cd9414a_20240827_105435.data
90.0 470.0 17 23.49125 0cd9414a_20240827_105459.data
110.0 470.0 17 23.49125 0cd9414a_20240827_105523.data
130.0 470.0 17 23.49125 0cd9414a_20240827_105547.data
150.0 470.0 17 23.49125 0cd9414a_20240827_105611.data
170.0 470.0 17 23.3875 0cd9414a_20240827_105635.data
190.0 470.0 17 23.49125 0cd9414a_20240827_105659.data
210.0 470.0 17 23.49125 0cd9414a_20240827_105723.data
230.0 470.0 17 23.6975 0cd9414a_20240827_105747.data
250.0 470.0 17 23.49125 0cd9414a_20240827_105811.data
270.0 470.0 17 23.49125 0cd9414a_20240827_105835.data
290.0 470.0 17 23.3875 0cd9414a_20240827_105859.data
