-1 -1 -1 25.89125110132159 0cd9414a_20240820_164023.data
10.0 10.0 17 25.89125110132159 0cd9414a_20240820_164102.data
30.0 10.0 17 25.89125110132159 0cd9414a_20240820_164126.data
50.0 10.0 17 25.89125110132159 0cd9414a_20240820_164151.data
70.0 10.0 17 26.008123348017623 0cd9414a_20240820_164215.data
90.0 10.0 17 25.89125110132159 0cd9414a_20240820_164239.data
110.0 10.0 17 25.89125110132159 0cd9414a_20240820_164303.data
130.0 10.0 17 25.89125110132159 0cd9414a_20240820_164327.data
150.0 10.0 17 25.89125110132159 0cd9414a_20240820_164351.data
170.0 10.0 17 25.89125110132159 0cd9414a_20240820_164415.data
190.0 10.0 17 25.89125110132159 0cd9414a_20240820_164439.data
210.0 10.0 17 25.89125110132159 0cd9414a_20240820_164503.data
230.0 10.0 17 25.89125110132159 0cd9414a_20240820_164527.data
250.0 10.0 17 26.008123348017623 0cd9414a_20240820_164551.data
270.0 10.0 17 26.008123348017623 0cd9414a_20240820_164615.data
290.0 10.0 17 25.89125110132159 0cd9414a_20240820_164639.data
290.0 30.0 17 25.89125110132159 0cd9414a_20240820_164703.data
270.0 30.0 17 25.89125110132159 0cd9414a_20240820_164727.data
250.0 30.0 17 25.89125110132159 0cd9414a_20240820_164751.data
230.0 30.0 17 25.89125110132159 0cd9414a_20240820_164815.data
210.0 30.0 17 26.124563876651983 0cd9414a_20240820_164839.data
190.0 30.0 17 25.89125110132159 0cd9414a_20240820_164903.data
170.0 30.0 17 25.89125110132159 0cd9414a_20240820_164927.data
150.0 30.0 17 25.89125110132159 0cd9414a_20240820_164951.data
130.0 30.0 17 25.773885462555068 0cd9414a_20240820_165015.data
110.0 30.0 17 25.89125110132159 0cd9414a_20240820_165039.data
90.0 30.0 17 25.89125110132159 0cd9414a_20240820_165103.data
70.0 30.0 17 26.008123348017623 0cd9414a_20240820_165127.data
50.0 30.0 17 25.773885462555068 0cd9414a_20240820_165151.data
30.0 30.0 17 25.89125110132159 0cd9414a_20240820_165215.data
10.0 30.0 17 25.89125110132159 0cd9414a_20240820_165239.data
10.0 50.0 17 25.89125110132159 0cd9414a_20240820_165303.data
30.0 50.0 17 25.89125110132159 0cd9414a_20240820_165327.data
50.0 50.0 17 25.89125110132159 0cd9414a_20240820_165351.data
70.0 50.0 17 25.89125110132159 0cd9414a_20240820_165415.data
90.0 50.0 17 26.008123348017623 0cd9414a_20240820_165439.data
110.0 50.0 17 25.89125110132159 0cd9414a_20240820_165503.data
130.0 50.0 17 25.89125110132159 0cd9414a_20240820_165527.data
150.0 50.0 17 25.89125110132159 0cd9414a_20240820_165551.data
170.0 50.0 17 25.89125110132159 0cd9414a_20240820_165615.data
190.0 50.0 17 25.89125110132159 0cd9414a_20240820_165639.data
210.0 50.0 17 25.89125110132159 0cd9414a_20240820_165703.data
230.0 50.0 17 25.89125110132159 0cd9414a_20240820_165727.data
250.0 50.0 17 25.89125110132159 0cd9414a_20240820_165751.data
270.0 50.0 17 25.89125110132159 0cd9414a_20240820_165815.data
290.0 50.0 17 25.89125110132159 0cd9414a_20240820_165839.data
290.0 70.0 17 25.89125110132159 0cd9414a_20240820_165903.data
270.0 70.0 17 25.89125110132159 0cd9414a_20240820_165927.data
250.0 70.0 17 25.89125110132159 0cd9414a_20240820_165951.data
230.0 70.0 17 25.89125110132159 0cd9414a_20240820_170015.data
210.0 70.0 17 25.89125110132159 0cd9414a_20240820_170039.data
190.0 70.0 17 26.008123348017623 0cd9414a_20240820_170103.data
170.0 70.0 17 25.89125110132159 0cd9414a_20240820_170127.data
150.0 70.0 17 25.89125110132159 0cd9414a_20240820_170151.data
130.0 70.0 17 25.773885462555068 0cd9414a_20240820_170215.data
110.0 70.0 17 25.89125110132159 0cd9414a_20240820_170239.data
90.0 70.0 17 25.89125110132159 0cd9414a_20240820_170303.data
70.0 70.0 17 25.89125110132159 0cd9414a_20240820_170327.data
50.0 70.0 17 25.89125110132159 0cd9414a_20240820_170351.data
30.0 70.0 17 25.89125110132159 0cd9414a_20240820_170415.data
10.0 70.0 17 25.89125110132159 0cd9414a_20240820_170439.data
10.0 90.0 17 25.773885462555068 0cd9414a_20240820_170503.data
30.0 90.0 17 25.89125110132159 0cd9414a_20240820_170527.data
50.0 90.0 17 26.124563876651983 0cd9414a_20240820_170551.data
70.0 90.0 17 26.008123348017623 0cd9414a_20240820_170615.data
90.0 90.0 17 26.240572687224667 0cd9414a_20240820_170639.data
110.0 90.0 17 26.124563876651983 0cd9414a_20240820_170703.data
130.0 90.0 17 26.240572687224667 0cd9414a_20240820_170727.data
150.0 90.0 17 26.124563876651983 0cd9414a_20240820_170751.data
170.0 90.0 17 26.240572687224667 0cd9414a_20240820_170815.data
190.0 90.0 17 26.124563876651983 0cd9414a_20240820_170839.data
210.0 90.0 17 26.124563876651983 0cd9414a_20240820_170903.data
230.0 90.0 17 26.124563876651983 0cd9414a_20240820_170927.data
250.0 90.0 17 26.240572687224667 0cd9414a_20240820_170951.data
270.0 90.0 17 26.240572687224667 0cd9414a_20240820_171015.data
290.0 90.0 17 26.008123348017623 0cd9414a_20240820_171039.data
290.0 110.0 17 25.89125110132159 0cd9414a_20240820_171103.data
270.0 110.0 17 26.124563876651983 0cd9414a_20240820_171127.data
250.0 110.0 17 26.008123348017623 0cd9414a_20240820_171151.data
230.0 110.0 17 25.89125110132159 0cd9414a_20240820_171215.data
210.0 110.0 17 26.124563876651983 0cd9414a_20240820_171239.data
190.0 110.0 17 26.008123348017623 0cd9414a_20240820_171303.data
170.0 110.0 17 26.124563876651983 0cd9414a_20240820_171327.data
150.0 110.0 17 26.240572687224667 0cd9414a_20240820_171351.data
130.0 110.0 17 26.008123348017623 0cd9414a_20240820_171415.data
110.0 110.0 17 26.008123348017623 0cd9414a_20240820_171439.data
90.0 110.0 17 26.240572687224667 0cd9414a_20240820_171503.data
70.0 110.0 17 26.124563876651983 0cd9414a_20240820_171528.data
50.0 110.0 17 26.008123348017623 0cd9414a_20240820_171551.data
30.0 110.0 17 26.124563876651983 0cd9414a_20240820_171616.data
10.0 110.0 17 25.89125110132159 0cd9414a_20240820_171639.data
10.0 130.0 17 26.124563876651983 0cd9414a_20240820_171704.data
30.0 130.0 17 26.240572687224667 0cd9414a_20240820_171728.data
50.0 130.0 17 25.89125110132159 0cd9414a_20240820_171752.data
70.0 130.0 17 26.240572687224667 0cd9414a_20240820_171816.data
90.0 130.0 17 26.240572687224667 0cd9414a_20240820_171840.data
110.0 130.0 17 26.008123348017623 0cd9414a_20240820_171904.data
130.0 130.0 17 26.240572687224667 0cd9414a_20240820_171928.data
150.0 130.0 17 26.240572687224667 0cd9414a_20240820_171952.data
170.0 130.0 17 26.008123348017623 0cd9414a_20240820_172016.data
190.0 130.0 17 26.124563876651983 0cd9414a_20240820_172040.data
210.0 130.0 17 26.124563876651983 0cd9414a_20240820_172104.data
230.0 130.0 17 26.124563876651983 0cd9414a_20240820_172128.data
250.0 130.0 17 26.124563876651983 0cd9414a_20240820_172152.data
270.0 130.0 17 26.124563876651983 0cd9414a_20240820_172216.data
290.0 130.0 17 26.124563876651983 0cd9414a_20240820_172240.data
290.0 150.0 17 26.240572687224667 0cd9414a_20240820_172304.data
270.0 150.0 17 25.89125110132159 0cd9414a_20240820_172328.data
250.0 150.0 17 25.89125110132159 0cd9414a_20240820_172352.data
230.0 150.0 17 26.124563876651983 0cd9414a_20240820_172416.data
210.0 150.0 17 26.240572687224667 0cd9414a_20240820_172440.data
190.0 150.0 17 26.008123348017623 0cd9414a_20240820_172504.data
170.0 150.0 17 26.124563876651983 0cd9414a_20240820_172528.data
150.0 150.0 17 26.124563876651983 0cd9414a_20240820_172552.data
130.0 150.0 17 26.124563876651983 0cd9414a_20240820_172616.data
110.0 150.0 17 26.008123348017623 0cd9414a_20240820_172640.data
90.0 150.0 17 26.008123348017623 0cd9414a_20240820_172704.data
70.0 150.0 17 25.89125110132159 0cd9414a_20240820_172728.data
50.0 150.0 17 26.124563876651983 0cd9414a_20240820_172752.data
30.0 150.0 17 26.124563876651983 0cd9414a_20240820_172816.data
10.0 150.0 17 26.124563876651983 0cd9414a_20240820_172840.data
10.0 170.0 17 26.240572687224667 0cd9414a_20240820_172904.data
30.0 170.0 17 26.124563876651983 0cd9414a_20240820_172928.data
50.0 170.0 17 26.124563876651983 0cd9414a_20240820_172952.data
70.0 170.0 17 26.124563876651983 0cd9414a_20240820_173016.data
90.0 170.0 17 26.124563876651983 0cd9414a_20240820_173040.data
110.0 170.0 17 26.124563876651983 0cd9414a_20240820_173104.data
130.0 170.0 17 26.124563876651983 0cd9414a_20240820_173128.data
150.0 170.0 17 26.240572687224667 0cd9414a_20240820_173152.data
170.0 170.0 17 26.124563876651983 0cd9414a_20240820_173216.data
190.0 170.0 17 26.124563876651983 0cd9414a_20240820_173240.data
210.0 170.0 17 25.656118942731283 0cd9414a_20240820_173304.data
230.0 170.0 17 26.008123348017623 0cd9414a_20240820_173328.data
250.0 170.0 17 26.124563876651983 0cd9414a_20240820_173352.data
270.0 170.0 17 26.124563876651983 0cd9414a_20240820_173416.data
290.0 170.0 17 26.124563876651983 0cd9414a_20240820_173440.data
290.0 190.0 17 26.008123348017623 0cd9414a_20240820_173504.data
270.0 190.0 17 26.124563876651983 0cd9414a_20240820_173528.data
250.0 190.0 17 26.008123348017623 0cd9414a_20240820_173552.data
230.0 190.0 17 26.124563876651983 0cd9414a_20240820_173616.data
210.0 190.0 17 26.124563876651983 0cd9414a_20240820_173640.data
190.0 190.0 17 26.124563876651983 0cd9414a_20240820_173704.data
170.0 190.0 17 25.89125110132159 0cd9414a_20240820_173728.data
150.0 190.0 17 26.124563876651983 0cd9414a_20240820_173752.data
130.0 190.0 17 26.124563876651983 0cd9414a_20240820_173816.data
110.0 190.0 17 26.008123348017623 0cd9414a_20240820_173840.data
90.0 190.0 17 26.124563876651983 0cd9414a_20240820_173904.data
70.0 190.0 17 25.773885462555068 0cd9414a_20240820_173928.data
50.0 190.0 17 26.124563876651983 0cd9414a_20240820_173952.data
30.0 190.0 17 26.008123348017623 0cd9414a_20240820_174016.data
10.0 190.0 17 26.124563876651983 0cd9414a_20240820_174040.data
10.0 210.0 17 26.240572687224667 0cd9414a_20240820_174104.data
30.0 210.0 17 26.124563876651983 0cd9414a_20240820_174128.data
50.0 210.0 17 26.008123348017623 0cd9414a_20240820_174152.data
70.0 210.0 17 25.89125110132159 0cd9414a_20240820_174216.data
90.0 210.0 17 26.240572687224667 0cd9414a_20240820_174240.data
110.0 210.0 17 26.124563876651983 0cd9414a_20240820_174304.data
130.0 210.0 17 26.124563876651983 0cd9414a_20240820_174328.data
150.0 210.0 17 26.124563876651983 0cd9414a_20240820_174352.data
170.0 210.0 17 26.124563876651983 0cd9414a_20240820_174416.data
190.0 210.0 17 26.124563876651983 0cd9414a_20240820_174440.data
210.0 210.0 17 26.008123348017623 0cd9414a_20240820_174504.data
230.0 210.0 17 26.124563876651983 0cd9414a_20240820_174528.data
250.0 210.0 17 25.89125110132159 0cd9414a_20240820_174552.data
270.0 210.0 17 26.124563876651983 0cd9414a_20240820_174616.data
290.0 210.0 17 26.008123348017623 0cd9414a_20240820_174640.data
290.0 230.0 17 26.124563876651983 0cd9414a_20240820_174704.data
270.0 230.0 17 26.124563876651983 0cd9414a_20240820_174728.data
250.0 230.0 17 26.124563876651983 0cd9414a_20240820_174752.data
230.0 230.0 17 26.008123348017623 0cd9414a_20240820_174816.data
210.0 230.0 17 26.008123348017623 0cd9414a_20240820_174840.data
190.0 230.0 17 26.240572687224667 0cd9414a_20240820_174904.data
170.0 230.0 17 26.124563876651983 0cd9414a_20240820_174929.data
150.0 230.0 17 25.89125110132159 0cd9414a_20240820_174953.data
130.0 230.0 17 26.124563876651983 0cd9414a_20240820_175017.data
110.0 230.0 17 26.240572687224667 0cd9414a_20240820_175041.data
90.0 230.0 17 25.89125110132159 0cd9414a_20240820_175105.data
70.0 230.0 17 26.240572687224667 0cd9414a_20240820_175129.data
50.0 230.0 17 26.124563876651983 0cd9414a_20240820_175153.data
30.0 230.0 17 25.89125110132159 0cd9414a_20240820_175217.data
10.0 230.0 17 26.124563876651983 0cd9414a_20240820_175241.data
10.0 250.0 17 26.240572687224667 0cd9414a_20240820_175305.data
30.0 250.0 17 26.008123348017623 0cd9414a_20240820_175329.data
50.0 250.0 17 26.124563876651983 0cd9414a_20240820_175353.data
70.0 250.0 17 26.124563876651983 0cd9414a_20240820_175417.data
90.0 250.0 17 26.008123348017623 0cd9414a_20240820_175441.data
110.0 250.0 17 26.124563876651983 0cd9414a_20240820_175505.data
130.0 250.0 17 26.124563876651983 0cd9414a_20240820_175529.data
150.0 250.0 17 26.124563876651983 0cd9414a_20240820_175553.data
170.0 250.0 17 26.240572687224667 0cd9414a_20240820_175617.data
190.0 250.0 17 26.124563876651983 0cd9414a_20240820_175641.data
210.0 250.0 17 26.124563876651983 0cd9414a_20240820_175705.data
230.0 250.0 17 26.124563876651983 0cd9414a_20240820_175729.data
250.0 250.0 17 25.89125110132159 0cd9414a_20240820_175753.data
270.0 250.0 17 26.124563876651983 0cd9414a_20240820_175817.data
290.0 250.0 17 26.240572687224667 0cd9414a_20240820_175841.data
290.0 270.0 17 26.008123348017623 0cd9414a_20240820_175905.data
270.0 270.0 17 26.124563876651983 0cd9414a_20240820_175929.data
250.0 270.0 17 26.124563876651983 0cd9414a_20240820_175953.data
230.0 270.0 17 26.124563876651983 0cd9414a_20240820_180017.data
210.0 270.0 17 26.240572687224667 0cd9414a_20240820_180041.data
190.0 270.0 17 26.124563876651983 0cd9414a_20240820_180105.data
170.0 270.0 17 26.124563876651983 0cd9414a_20240820_180129.data
150.0 270.0 17 26.124563876651983 0cd9414a_20240820_180153.data
130.0 270.0 17 26.124563876651983 0cd9414a_20240820_180217.data
110.0 270.0 17 25.89125110132159 0cd9414a_20240820_180241.data
90.0 270.0 17 26.124563876651983 0cd9414a_20240820_180305.data
70.0 270.0 17 26.124563876651983 0cd9414a_20240820_180329.data
50.0 270.0 17 26.008123348017623 0cd9414a_20240820_180353.data
30.0 270.0 17 26.124563876651983 0cd9414a_20240820_180417.data
10.0 270.0 17 26.124563876651983 0cd9414a_20240820_180441.data
10.0 290.0 17 26.124563876651983 0cd9414a_20240820_180505.data
30.0 290.0 17 26.124563876651983 0cd9414a_20240820_180529.data
50.0 290.0 17 26.124563876651983 0cd9414a_20240820_180553.data
70.0 290.0 17 26.124563876651983 0cd9414a_20240820_180617.data
90.0 290.0 17 26.124563876651983 0cd9414a_20240820_180641.data
110.0 290.0 17 26.124563876651983 0cd9414a_20240820_180705.data
130.0 290.0 17 26.124563876651983 0cd9414a_20240820_180729.data
150.0 290.0 17 26.124563876651983 0cd9414a_20240820_180753.data
170.0 290.0 17 26.124563876651983 0cd9414a_20240820_180817.data
190.0 290.0 17 26.124563876651983 0cd9414a_20240820_180841.data
210.0 290.0 17 25.89125110132159 0cd9414a_20240820_180905.data
230.0 290.0 17 25.89125110132159 0cd9414a_20240820_180929.data
250.0 290.0 17 25.773885462555068 0cd9414a_20240820_180953.data
270.0 290.0 17 26.124563876651983 0cd9414a_20240820_181017.data
290.0 290.0 17 26.008123348017623 0cd9414a_20240820_181041.data
290.0 310.0 17 26.124563876651983 0cd9414a_20240820_181105.data
270.0 310.0 17 26.124563876651983 0cd9414a_20240820_181129.data
250.0 310.0 17 26.008123348017623 0cd9414a_20240820_181153.data
230.0 310.0 17 26.124563876651983 0cd9414a_20240820_181217.data
210.0 310.0 17 26.124563876651983 0cd9414a_20240820_181241.data
190.0 310.0 17 25.89125110132159 0cd9414a_20240820_181305.data
170.0 310.0 17 -1 0cd9414a_20240820_181329.data
150.0 310.0 17 26.124563876651983 0cd9414a_20240820_181353.data
130.0 310.0 17 26.124563876651983 0cd9414a_20240820_181417.data
110.0 310.0 17 -1 0cd9414a_20240820_181441.data
90.0 310.0 17 26.124563876651983 0cd9414a_20240820_181505.data
70.0 310.0 17 26.124563876651983 0cd9414a_20240820_181529.data
50.0 310.0 17 26.124563876651983 0cd9414a_20240820_181553.data
30.0 310.0 17 26.124563876651983 0cd9414a_20240820_181617.data
10.0 310.0 17 26.008123348017623 0cd9414a_20240820_181641.data
10.0 330.0 17 26.124563876651983 0cd9414a_20240820_181705.data
30.0 330.0 17 -1 0cd9414a_20240820_181729.data
50.0 330.0 17 26.124563876651983 0cd9414a_20240820_181753.data
70.0 330.0 17 26.124563876651983 0cd9414a_20240820_181817.data
90.0 330.0 17 26.124563876651983 0cd9414a_20240820_181841.data
110.0 330.0 17 26.125550660792953 0cd9414a_20240820_181905.data
130.0 330.0 17 25.89125110132159 0cd9414a_20240820_181929.data
150.0 330.0 17 25.89125110132159 0cd9414a_20240820_181953.data
170.0 330.0 17 25.89125110132159 0cd9414a_20240820_182017.data
190.0 330.0 17 25.89125110132159 0cd9414a_20240820_182042.data
210.0 330.0 17 25.89125110132159 0cd9414a_20240820_182105.data
230.0 330.0 17 25.89125110132159 0cd9414a_20240820_182130.data
250.0 330.0 17 25.89125110132159 0cd9414a_20240820_182154.data
270.0 330.0 17 25.89125110132159 0cd9414a_20240820_182218.data
290.0 330.0 17 25.89125110132159 0cd9414a_20240820_182242.data
10.0 350.0 17 25.89125110132159 0cd9414a_20240821_090632.data
30.0 350.0 17 25.89125110132159 0cd9414a_20240821_090656.data
50.0 350.0 17 25.89125110132159 0cd9414a_20240821_090720.data
70.0 350.0 17 25.89125110132159 0cd9414a_20240821_090744.data
90.0 350.0 17 25.89125110132159 0cd9414a_20240821_090808.data
110.0 350.0 17 25.89125110132159 0cd9414a_20240821_090832.data
130.0 350.0 17 25.89125110132159 0cd9414a_20240821_090856.data
150.0 350.0 17 25.89125110132159 0cd9414a_20240821_090920.data
170.0 350.0 17 25.89125110132159 0cd9414a_20240821_090944.data
190.0 350.0 17 25.89125110132159 0cd9414a_20240821_091008.data
210.0 350.0 17 26.124563876651983 0cd9414a_20240821_091032.data
230.0 350.0 17 26.124563876651983 0cd9414a_20240821_091056.data
250.0 350.0 17 25.89125110132159 0cd9414a_20240821_091120.data
270.0 350.0 17 25.89125110132159 0cd9414a_20240821_091144.data
290.0 350.0 17 25.89125110132159 0cd9414a_20240821_091208.data
290.0 370.0 17 25.89125110132159 0cd9414a_20240821_091232.data
270.0 370.0 17 25.89125110132159 0cd9414a_20240821_091256.data
250.0 370.0 17 25.89125110132159 0cd9414a_20240821_091320.data
230.0 370.0 17 25.89125110132159 0cd9414a_20240821_091344.data
210.0 370.0 17 25.89125110132159 0cd9414a_20240821_091408.data
190.0 370.0 17 25.89125110132159 0cd9414a_20240821_091432.data
170.0 370.0 17 25.89125110132159 0cd9414a_20240821_091456.data
150.0 370.0 17 25.89125110132159 0cd9414a_20240821_091520.data
130.0 370.0 17 25.89125110132159 0cd9414a_20240821_091544.data
110.0 370.0 17 25.89125110132159 0cd9414a_20240821_091608.data
90.0 370.0 17 25.89125110132159 0cd9414a_20240821_091632.data
70.0 370.0 17 25.89125110132159 0cd9414a_20240821_091656.data
50.0 370.0 17 25.89125110132159 0cd9414a_20240821_091720.data
30.0 370.0 17 25.89125110132159 0cd9414a_20240821_091744.data
10.0 370.0 17 25.89125110132159 0cd9414a_20240821_091808.data
10.0 390.0 17 25.89125110132159 0cd9414a_20240821_091832.data
30.0 390.0 17 25.89125110132159 0cd9414a_20240821_091856.data
50.0 390.0 17 25.89125110132159 0cd9414a_20240821_091920.data
70.0 390.0 17 25.89125110132159 0cd9414a_20240821_091920.data
90.0 390.0 17 25.89125110132159 0cd9414a_20240821_091920.data
110.0 390.0 17 25.89125110132159 0cd9414a_20240821_091920.data
130.0 390.0 17 25.89125110132159 0cd9414a_20240821_091920.data
150.0 390.0 17 25.89125110132159 0cd9414a_20240821_091920.data
170.0 390.0 17 25.89125110132159 0cd9414a_20240821_091920.data
190.0 390.0 17 25.89125110132159 0cd9414a_20240821_091920.data
210.0 390.0 17 25.89125110132159 0cd9414a_20240821_091920.data
230.0 390.0 17 25.89125110132159 0cd9414a_20240821_091920.data
250.0 390.0 17 25.89125110132159 0cd9414a_20240821_091920.data
270.0 390.0 17 25.89125110132159 0cd9414a_20240821_091920.data
290.0 390.0 17 25.89125110132159 0cd9414a_20240821_091920.data
290.0 410.0 17 25.89125110132159 0cd9414a_20240821_091920.data
270.0 410.0 17 25.89125110132159 0cd9414a_20240821_091920.data
250.0 410.0 17 25.89125110132159 0cd9414a_20240821_091920.data
230.0 410.0 17 25.89125110132159 0cd9414a_20240821_091920.data
210.0 410.0 17 25.89125110132159 0cd9414a_20240821_091920.data
190.0 410.0 17 25.89125110132159 0cd9414a_20240821_091920.data
170.0 410.0 17 25.89125110132159 0cd9414a_20240821_091920.data
150.0 410.0 17 25.89125110132159 0cd9414a_20240821_091920.data
130.0 410.0 17 25.89125110132159 0cd9414a_20240821_091920.data
110.0 410.0 17 25.89125110132159 0cd9414a_20240821_091920.data
90.0 410.0 17 25.89125110132159 0cd9414a_20240821_091920.data
70.0 410.0 17 25.89125110132159 0cd9414a_20240821_091920.data
50.0 410.0 17 25.89125110132159 0cd9414a_20240821_091920.data
30.0 410.0 17 25.773885462555068 0cd9414a_20240821_091920.data
10.0 410.0 17 25.89125110132159 0cd9414a_20240821_091920.data
10.0 430.0 17 25.773885462555068 0cd9414a_20240821_091920.data
30.0 430.0 17 25.89125110132159 0cd9414a_20240821_091920.data
50.0 430.0 17 25.89125110132159 0cd9414a_20240821_091920.data
70.0 430.0 17 25.89125110132159 0cd9414a_20240821_091920.data
90.0 430.0 17 25.89125110132159 0cd9414a_20240821_091920.data
110.0 430.0 17 25.89125110132159 0cd9414a_20240821_091920.data
130.0 430.0 17 26.008123348017623 0cd9414a_20240821_091920.data
150.0 430.0 17 25.773885462555068 0cd9414a_20240821_091920.data
170.0 430.0 17 25.89125110132159 0cd9414a_20240821_091920.data
190.0 430.0 17 26.008123348017623 0cd9414a_20240821_091920.data
210.0 430.0 17 25.89125110132159 0cd9414a_20240821_091920.data
230.0 430.0 17 25.89125110132159 0cd9414a_20240821_091920.data
250.0 430.0 17 25.89125110132159 0cd9414a_20240821_091920.data
270.0 430.0 17 25.89125110132159 0cd9414a_20240821_091920.data
290.0 430.0 17 25.89125110132159 0cd9414a_20240821_091920.data
290.0 450.0 17 25.89125110132159 0cd9414a_20240821_091920.data
270.0 450.0 17 25.89125110132159 0cd9414a_20240821_091920.data
250.0 450.0 17 25.89125110132159 0cd9414a_20240821_091920.data
230.0 450.0 17 25.773885462555068 0cd9414a_20240821_091920.data
210.0 450.0 17 26.124563876651983 0cd9414a_20240821_091920.data
190.0 450.0 17 25.89125110132159 0cd9414a_20240821_091920.data
170.0 450.0 17 25.89125110132159 0cd9414a_20240821_091920.data
150.0 450.0 17 25.89125110132159 0cd9414a_20240821_091920.data
130.0 450.0 17 25.89125110132159 0cd9414a_20240821_091920.data
110.0 450.0 17 25.89125110132159 0cd9414a_20240821_091920.data
90.0 450.0 17 25.89125110132159 0cd9414a_20240821_091920.data
70.0 450.0 17 25.89125110132159 0cd9414a_20240821_091920.data
50.0 450.0 17 25.89125110132159 0cd9414a_20240821_091920.data
30.0 450.0 17 25.89125110132159 0cd9414a_20240821_091920.data
10.0 450.0 17 25.89125110132159 0cd9414a_20240821_091920.data
10.0 470.0 17 25.89125110132159 0cd9414a_20240821_091920.data
30.0 470.0 17 25.89125110132159 0cd9414a_20240821_091920.data
50.0 470.0 17 25.89125110132159 0cd9414a_20240821_091920.data
70.0 470.0 17 25.89125110132159 0cd9414a_20240821_091920.data
90.0 470.0 17 25.89125110132159 0cd9414a_20240821_091920.data
110.0 470.0 17 25.89125110132159 0cd9414a_20240821_091920.data
130.0 470.0 17 25.89125110132159 0cd9414a_20240821_091920.data
150.0 470.0 17 25.89125110132159 0cd9414a_20240821_091920.data
170.0 470.0 17 25.89125110132159 0cd9414a_20240821_091920.data
190.0 470.0 17 25.89125110132159 0cd9414a_20240821_091920.data
210.0 470.0 17 25.89125110132159 0cd9414a_20240821_091920.data
230.0 470.0 17 25.89125110132159 0cd9414a_20240821_091920.data
250.0 470.0 17 26.008123348017623 0cd9414a_20240821_091920.data
270.0 470.0 17 25.89125110132159 0cd9414a_20240821_091920.data
290.0 470.0 17 25.89125110132159 0cd9414a_20240821_091920.data
