-1 -1 -1 23.3875 mpd_20250312_125946.data
10.0 10.0 17 23.594575 mpd_20250312_130026.data
30.0 10.0 17 23.49125 mpd_20250312_130051.data
50.0 10.0 17 23.49125 mpd_20250312_130116.data
70.0 10.0 17 23.594575 mpd_20250312_130141.data
90.0 10.0 17 23.594575 mpd_20250312_130206.data
110.0 10.0 17 23.3875 mpd_20250312_130231.data
130.0 10.0 17 23.49125 mpd_20250312_130256.data
150.0 10.0 17 23.49125 mpd_20250312_130321.data
170.0 10.0 17 23.49125 mpd_20250312_130346.data
190.0 10.0 17 23.594575 mpd_20250312_130412.data
210.0 10.0 17 23.283325 mpd_20250312_130437.data
230.0 10.0 17 23.49125 mpd_20250312_130502.data
250.0 10.0 17 23.3875 mpd_20250312_130527.data
270.0 10.0 17 23.594575 mpd_20250312_130552.data
290.0 10.0 17 23.49125 mpd_20250312_130617.data
290.0 30.0 17 23.3875 mpd_20250312_130642.data
270.0 30.0 17 23.49125 mpd_20250312_130707.data
250.0 30.0 17 23.49125 mpd_20250312_130732.data
230.0 30.0 17 23.49125 mpd_20250312_130757.data
210.0 30.0 17 23.49125 mpd_20250312_130822.data
190.0 30.0 17 23.49125 mpd_20250312_130847.data
170.0 30.0 17 23.49125 mpd_20250312_130912.data
150.0 30.0 17 23.49125 mpd_20250312_130937.data
130.0 30.0 17 23.594575 mpd_20250312_131002.data
110.0 30.0 17 23.594575 mpd_20250312_131027.data
90.0 30.0 17 23.49125 mpd_20250312_131052.data
70.0 30.0 17 23.3875 mpd_20250312_131117.data
50.0 30.0 17 23.594575 mpd_20250312_131142.data
30.0 30.0 17 23.49125 mpd_20250312_131207.data
10.0 30.0 17 23.6975 mpd_20250312_131232.data
10.0 50.0 17 23.3875 mpd_20250312_131257.data
30.0 50.0 17 23.6975 mpd_20250312_131322.data
50.0 50.0 17 23.49125 mpd_20250312_131347.data
70.0 50.0 17 23.594575 mpd_20250312_131412.data
90.0 50.0 17 23.594575 mpd_20250312_131437.data
110.0 50.0 17 23.3875 mpd_20250312_131502.data
130.0 50.0 17 23.3875 mpd_20250312_131527.data
150.0 50.0 17 23.49125 mpd_20250312_131552.data
170.0 50.0 17 23.3875 mpd_20250312_131617.data
190.0 50.0 17 23.594575 mpd_20250312_131642.data
210.0 50.0 17 23.49125 mpd_20250312_131707.data
230.0 50.0 17 23.49125 mpd_20250312_131732.data
250.0 50.0 17 23.3875 mpd_20250312_131757.data
270.0 50.0 17 23.6975 mpd_20250312_131822.data
290.0 50.0 17 23.49125 mpd_20250312_131847.data
290.0 70.0 17 23.49125 mpd_20250312_131912.data
270.0 70.0 17 23.49125 mpd_20250312_131937.data
250.0 70.0 17 23.594575 mpd_20250312_132002.data
230.0 70.0 17 23.49125 mpd_20250312_132027.data
210.0 70.0 17 23.49125 mpd_20250312_132052.data
190.0 70.0 17 23.3875 mpd_20250312_132117.data
170.0 70.0 17 23.49125 mpd_20250312_132142.data
150.0 70.0 17 23.49125 mpd_20250312_132207.data
130.0 70.0 17 23.594575 mpd_20250312_132232.data
110.0 70.0 17 23.594575 mpd_20250312_132257.data
90.0 70.0 17 23.49125 mpd_20250312_132322.data
70.0 70.0 17 23.49125 mpd_20250312_132347.data
50.0 70.0 17 23.49125 mpd_20250312_132412.data
30.0 70.0 17 23.49125 mpd_20250312_132438.data
10.0 70.0 17 23.594575 mpd_20250312_132503.data
10.0 90.0 17 23.49125 mpd_20250312_132528.data
30.0 90.0 17 23.49125 mpd_20250312_132553.data
50.0 90.0 17 23.49125 mpd_20250312_132618.data
70.0 90.0 17 23.6975 mpd_20250312_132643.data
90.0 90.0 17 23.49125 mpd_20250312_132708.data
110.0 90.0 17 23.3875 mpd_20250312_132733.data
130.0 90.0 17 23.49125 mpd_20250312_132758.data
150.0 90.0 17 23.594575 mpd_20250312_132823.data
170.0 90.0 17 23.49125 mpd_20250312_132848.data
190.0 90.0 17 23.49125 mpd_20250312_132913.data
210.0 90.0 17 23.594575 mpd_20250312_132938.data
230.0 90.0 17 23.49125 mpd_20250312_133003.data
250.0 90.0 17 23.3875 mpd_20250312_133028.data
270.0 90.0 17 23.594575 mpd_20250312_133053.data
290.0 90.0 17 23.49125 mpd_20250312_133118.data
290.0 110.0 17 23.6975 mpd_20250312_133143.data
270.0 110.0 17 23.594575 mpd_20250312_133208.data
250.0 110.0 17 23.594575 mpd_20250312_133233.data
230.0 110.0 17 23.594575 mpd_20250312_133258.data
210.0 110.0 17 23.3875 mpd_20250312_133323.data
190.0 110.0 17 23.49125 mpd_20250312_133348.data
170.0 110.0 17 23.594575 mpd_20250312_133413.data
150.0 110.0 17 23.49125 mpd_20250312_133438.data
130.0 110.0 17 23.6975 mpd_20250312_133503.data
110.0 110.0 17 23.594575 mpd_20250312_133528.data
90.0 110.0 17 23.594575 mpd_20250312_133553.data
70.0 110.0 17 23.6975 mpd_20250312_133618.data
50.0 110.0 17 23.6975 mpd_20250312_133643.data
30.0 110.0 17 23.3875 mpd_20250312_133708.data
10.0 110.0 17 23.49125 mpd_20250312_133733.data
10.0 130.0 17 23.49125 mpd_20250312_133758.data
30.0 130.0 17 23.3875 mpd_20250312_133823.data
50.0 130.0 17 23.49125 mpd_20250312_133848.data
70.0 130.0 17 23.49125 mpd_20250312_133913.data
90.0 130.0 17 23.283325 mpd_20250312_133938.data
110.0 130.0 17 23.49125 mpd_20250312_134003.data
130.0 130.0 17 23.594575 mpd_20250312_134028.data
150.0 130.0 17 23.3875 mpd_20250312_134053.data
170.0 130.0 17 23.49125 mpd_20250312_134118.data
190.0 130.0 17 23.49125 mpd_20250312_134143.data
210.0 130.0 17 23.594575 mpd_20250312_134208.data
230.0 130.0 17 23.49125 mpd_20250312_134233.data
250.0 130.0 17 23.49125 mpd_20250312_134258.data
270.0 130.0 17 23.3875 mpd_20250312_134323.data
290.0 130.0 17 23.49125 mpd_20250312_134348.data
290.0 150.0 17 23.3875 mpd_20250312_134413.data
270.0 150.0 17 23.49125 mpd_20250312_134438.data
250.0 150.0 17 23.49125 mpd_20250312_134503.data
230.0 150.0 17 23.49125 mpd_20250312_134529.data
210.0 150.0 17 23.49125 mpd_20250312_134554.data
190.0 150.0 17 23.594575 mpd_20250312_134619.data
170.0 150.0 17 23.49125 mpd_20250312_134644.data
150.0 150.0 17 23.594575 mpd_20250312_134709.data
130.0 150.0 17 23.594575 mpd_20250312_134734.data
110.0 150.0 17 23.49125 mpd_20250312_134759.data
90.0 150.0 17 23.49125 mpd_20250312_134824.data
70.0 150.0 17 23.49125 mpd_20250312_134849.data
50.0 150.0 17 23.594575 mpd_20250312_134914.data
30.0 150.0 17 23.49125 mpd_20250312_134939.data
10.0 150.0 17 23.49125 mpd_20250312_135004.data
10.0 170.0 17 23.594575 mpd_20250312_135029.data
30.0 170.0 17 23.49125 mpd_20250312_135054.data
50.0 170.0 17 23.49125 mpd_20250312_135119.data
70.0 170.0 17 23.594575 mpd_20250312_135144.data
90.0 170.0 17 23.49125 mpd_20250312_135209.data
110.0 170.0 17 23.49125 mpd_20250312_135234.data
130.0 170.0 17 23.3875 mpd_20250312_135259.data
150.0 170.0 17 23.49125 mpd_20250312_135324.data
170.0 170.0 17 23.49125 mpd_20250312_135349.data
190.0 170.0 17 23.49125 mpd_20250312_135414.data
210.0 170.0 17 23.49125 mpd_20250312_135439.data
230.0 170.0 17 23.3875 mpd_20250312_135504.data
250.0 170.0 17 23.49125 mpd_20250312_135529.data
270.0 170.0 17 23.49125 mpd_20250312_135554.data
290.0 170.0 17 23.49125 mpd_20250312_135619.data
290.0 190.0 17 23.594575 mpd_20250312_135644.data
270.0 190.0 17 23.49125 mpd_20250312_135709.data
250.0 190.0 17 23.49125 mpd_20250312_135734.data
230.0 190.0 17 23.594575 mpd_20250312_135759.data
210.0 190.0 17 23.594575 mpd_20250312_135824.data
190.0 190.0 17 23.594575 mpd_20250312_135849.data
170.0 190.0 17 23.49125 mpd_20250312_135914.data
150.0 190.0 17 23.49125 mpd_20250312_135939.data
130.0 190.0 17 23.6975 mpd_20250312_140004.data
110.0 190.0 17 23.594575 mpd_20250312_140029.data
90.0 190.0 17 23.49125 mpd_20250312_140054.data
70.0 190.0 17 23.49125 mpd_20250312_140119.data
50.0 190.0 17 23.3875 mpd_20250312_140144.data
30.0 190.0 17 23.49125 mpd_20250312_140209.data
10.0 190.0 17 23.49125 mpd_20250312_140234.data
10.0 210.0 17 23.594575 mpd_20250312_140259.data
30.0 210.0 17 23.594575 mpd_20250312_140324.data
50.0 210.0 17 23.594575 mpd_20250312_140349.data
70.0 210.0 17 23.49125 mpd_20250312_140414.data
90.0 210.0 17 23.49125 mpd_20250312_140439.data
110.0 210.0 17 23.594575 mpd_20250312_140504.data
130.0 210.0 17 23.49125 mpd_20250312_140529.data
150.0 210.0 17 23.594575 mpd_20250312_140554.data
170.0 210.0 17 23.49125 mpd_20250312_140619.data
190.0 210.0 17 23.594575 mpd_20250312_140644.data
210.0 210.0 17 23.49125 mpd_20250312_140709.data
230.0 210.0 17 23.6975 mpd_20250312_140735.data
250.0 210.0 17 23.49125 mpd_20250312_140800.data
270.0 210.0 17 23.49125 mpd_20250312_140825.data
290.0 210.0 17 23.8 mpd_20250312_140850.data
290.0 230.0 17 23.49125 mpd_20250312_140915.data
270.0 230.0 17 23.594575 mpd_20250312_140940.data
250.0 230.0 17 23.594575 mpd_20250312_141005.data
230.0 230.0 17 23.594575 mpd_20250312_141030.data
210.0 230.0 17 23.594575 mpd_20250312_141055.data
190.0 230.0 17 23.594575 mpd_20250312_141120.data
170.0 230.0 17 23.594575 mpd_20250312_141145.data
150.0 230.0 17 23.49125 mpd_20250312_141210.data
130.0 230.0 17 23.49125 mpd_20250312_141235.data
110.0 230.0 17 23.594575 mpd_20250312_141300.data
90.0 230.0 17 23.49125 mpd_20250312_141325.data
70.0 230.0 17 23.6975 mpd_20250312_141350.data
50.0 230.0 17 23.49125 mpd_20250312_141415.data
30.0 230.0 17 23.594575 mpd_20250312_141440.data
10.0 230.0 17 23.49125 mpd_20250312_141505.data
10.0 250.0 17 23.49125 mpd_20250312_141530.data
30.0 250.0 17 23.49125 mpd_20250312_141555.data
50.0 250.0 17 23.49125 mpd_20250312_141620.data
70.0 250.0 17 23.594575 mpd_20250312_141645.data
90.0 250.0 17 23.594575 mpd_20250312_141710.data
110.0 250.0 17 23.3875 mpd_20250312_141735.data
130.0 250.0 17 23.3875 mpd_20250312_141800.data
150.0 250.0 17 23.49125 mpd_20250312_141825.data
170.0 250.0 17 23.49125 mpd_20250312_141850.data
190.0 250.0 17 23.594575 mpd_20250312_141915.data
210.0 250.0 17 23.594575 mpd_20250312_141940.data
230.0 250.0 17 23.49125 mpd_20250312_142005.data
250.0 250.0 17 23.49125 mpd_20250312_142030.data
270.0 250.0 17 23.49125 mpd_20250312_142055.data
290.0 250.0 17 23.49125 mpd_20250312_142120.data
290.0 270.0 17 23.49125 mpd_20250312_142145.data
270.0 270.0 17 23.49125 mpd_20250312_142210.data
250.0 270.0 17 23.49125 mpd_20250312_142235.data
230.0 270.0 17 23.3875 mpd_20250312_142300.data
210.0 270.0 17 23.49125 mpd_20250312_142325.data
190.0 270.0 17 23.49125 mpd_20250312_142350.data
170.0 270.0 17 -1 mpd_20250312_142415.data
150.0 270.0 17 23.594575 mpd_20250312_142440.data
130.0 270.0 17 23.49125 mpd_20250312_142505.data
110.0 270.0 17 -1 mpd_20250312_142530.data
90.0 270.0 17 23.594575 mpd_20250312_142555.data
70.0 270.0 17 23.49125 mpd_20250312_142620.data
50.0 270.0 17 -1 mpd_20250312_142645.data
30.0 270.0 17 23.49125 mpd_20250312_142710.data
10.0 270.0 17 23.49125 mpd_20250312_142736.data
10.0 290.0 17 -1 mpd_20250312_142801.data
30.0 290.0 17 23.49125 mpd_20250312_142826.data
50.0 290.0 17 23.49125 mpd_20250312_142851.data
70.0 290.0 17 -1 mpd_20250312_142916.data
90.0 290.0 17 23.594575 mpd_20250312_142941.data
110.0 290.0 17 23.6975 mpd_20250312_143006.data
130.0 290.0 17 23.6975 mpd_20250312_143031.data
150.0 290.0 17 23.6975 mpd_20250312_143056.data
170.0 290.0 17 23.594575 mpd_20250312_143121.data
190.0 290.0 17 23.6975 mpd_20250312_143146.data
210.0 290.0 17 23.8 mpd_20250312_143211.data
230.0 290.0 17 23.6975 mpd_20250312_143236.data
250.0 290.0 17 23.6975 mpd_20250312_143301.data
270.0 290.0 17 23.6975 mpd_20250312_143326.data
290.0 290.0 17 23.594575 mpd_20250312_143351.data
290.0 310.0 17 23.6975 mpd_20250312_143416.data
270.0 310.0 17 23.594575 mpd_20250312_143441.data
250.0 310.0 17 23.594575 mpd_20250312_143506.data
230.0 310.0 17 23.594575 mpd_20250312_143531.data
210.0 310.0 17 23.6975 mpd_20250312_143556.data
190.0 310.0 17 23.6975 mpd_20250312_143621.data
170.0 310.0 17 23.594575 mpd_20250312_143646.data
150.0 310.0 17 23.594575 mpd_20250312_143711.data
130.0 310.0 17 23.6975 mpd_20250312_143736.data
110.0 310.0 17 23.6975 mpd_20250312_143801.data
90.0 310.0 17 23.6975 mpd_20250312_143826.data
70.0 310.0 17 23.6975 mpd_20250312_143851.data
50.0 310.0 17 23.6975 mpd_20250312_143916.data
30.0 310.0 17 23.6975 mpd_20250312_143941.data
10.0 310.0 17 23.594575 mpd_20250312_144006.data
10.0 330.0 17 23.6975 mpd_20250312_144031.data
30.0 330.0 17 23.6975 mpd_20250312_144056.data
50.0 330.0 17 23.6975 mpd_20250312_144121.data
70.0 330.0 17 23.6975 mpd_20250312_144146.data
90.0 330.0 17 23.594575 mpd_20250312_144211.data
110.0 330.0 17 23.594575 mpd_20250312_144236.data
130.0 330.0 17 23.6975 mpd_20250312_144301.data
150.0 330.0 17 23.6975 mpd_20250312_144326.data
170.0 330.0 17 23.6975 mpd_20250312_144351.data
190.0 330.0 17 23.594575 mpd_20250312_144416.data
210.0 330.0 17 23.6975 mpd_20250312_144441.data
230.0 330.0 17 23.6975 mpd_20250312_144506.data
250.0 330.0 17 23.594575 mpd_20250312_144531.data
270.0 330.0 17 23.6975 mpd_20250312_144556.data
290.0 330.0 17 23.6975 mpd_20250312_144621.data
10.0 350.0 17 23.6975 mpd_20250312_151033.data
30.0 350.0 17 23.6975 mpd_20250312_151058.data
50.0 350.0 17 23.6975 mpd_20250312_151123.data
70.0 350.0 17 23.594575 mpd_20250312_151148.data
90.0 350.0 17 23.6975 mpd_20250312_151213.data
110.0 350.0 17 23.594575 mpd_20250312_151238.data
130.0 350.0 17 23.6975 mpd_20250312_151303.data
150.0 350.0 17 23.6975 mpd_20250312_151328.data
170.0 350.0 17 23.6975 mpd_20250312_151353.data
190.0 350.0 17 23.6975 mpd_20250312_151418.data
210.0 350.0 17 23.6975 mpd_20250312_151443.data
230.0 350.0 17 23.6975 mpd_20250312_151508.data
250.0 350.0 17 23.6975 mpd_20250312_151533.data
270.0 350.0 17 23.6975 mpd_20250312_151558.data
290.0 350.0 17 23.6975 mpd_20250312_151623.data
290.0 370.0 17 23.6975 mpd_20250312_151648.data
270.0 370.0 17 23.6975 mpd_20250312_151713.data
250.0 370.0 17 23.6975 mpd_20250312_151738.data
230.0 370.0 17 23.594575 mpd_20250312_151803.data
210.0 370.0 17 23.6975 mpd_20250312_151829.data
190.0 370.0 17 23.6975 mpd_20250312_151854.data
170.0 370.0 17 23.594575 mpd_20250312_151919.data
150.0 370.0 17 23.6975 mpd_20250312_151944.data
130.0 370.0 17 23.6975 mpd_20250312_152009.data
110.0 370.0 17 23.6975 mpd_20250312_152034.data
90.0 370.0 17 23.6975 mpd_20250312_152059.data
70.0 370.0 17 23.6975 mpd_20250312_152124.data
50.0 370.0 17 23.6975 mpd_20250312_152149.data
30.0 370.0 17 23.594575 mpd_20250312_152214.data
10.0 370.0 17 23.6975 mpd_20250312_152239.data
10.0 390.0 17 23.594575 mpd_20250312_152304.data
30.0 390.0 17 23.6975 mpd_20250312_152329.data
50.0 390.0 17 23.6975 mpd_20250312_152354.data
70.0 390.0 17 23.8 mpd_20250312_152419.data
90.0 390.0 17 23.594575 mpd_20250312_152444.data
110.0 390.0 17 23.6975 mpd_20250312_152509.data
130.0 390.0 17 23.6975 mpd_20250312_152534.data
150.0 390.0 17 23.6975 mpd_20250312_152559.data
170.0 390.0 17 23.6975 mpd_20250312_152624.data
190.0 390.0 17 23.6975 mpd_20250312_152649.data
210.0 390.0 17 23.6975 mpd_20250312_152714.data
230.0 390.0 17 23.6975 mpd_20250312_152739.data
250.0 390.0 17 23.6975 mpd_20250312_152804.data
270.0 390.0 17 23.6975 mpd_20250312_152829.data
290.0 390.0 17 23.6975 mpd_20250312_152854.data
290.0 410.0 17 23.6975 mpd_20250312_152919.data
270.0 410.0 17 23.594575 mpd_20250312_152944.data
250.0 410.0 17 23.6975 mpd_20250312_153009.data
230.0 410.0 17 23.6975 mpd_20250312_153034.data
210.0 410.0 17 23.6975 mpd_20250312_153059.data
190.0 410.0 17 23.6975 mpd_20250312_153124.data
170.0 410.0 17 23.594575 mpd_20250312_153149.data
150.0 410.0 17 23.6975 mpd_20250312_153214.data
130.0 410.0 17 23.6975 mpd_20250312_153239.data
110.0 410.0 17 23.6975 mpd_20250312_153304.data
90.0 410.0 17 23.6975 mpd_20250312_153329.data
70.0 410.0 17 23.6975 mpd_20250312_153354.data
50.0 410.0 17 23.6975 mpd_20250312_153419.data
30.0 410.0 17 23.6975 mpd_20250312_153444.data
10.0 410.0 17 23.6975 mpd_20250312_153509.data
10.0 430.0 17 23.6975 mpd_20250312_153534.data
30.0 430.0 17 23.6975 mpd_20250312_153559.data
50.0 430.0 17 23.6975 mpd_20250312_153624.data
70.0 430.0 17 23.6975 mpd_20250312_153649.data
90.0 430.0 17 23.6975 mpd_20250312_153714.data
110.0 430.0 17 23.6975 mpd_20250312_153739.data
130.0 430.0 17 23.6975 mpd_20250312_153804.data
150.0 430.0 17 23.6975 mpd_20250312_153829.data
170.0 430.0 17 23.6975 mpd_20250312_153854.data
190.0 430.0 17 23.6975 mpd_20250312_153919.data
210.0 430.0 17 23.8 mpd_20250312_153944.data
230.0 430.0 17 23.594575 mpd_20250312_154009.data
250.0 430.0 17 23.6975 mpd_20250312_154035.data
270.0 430.0 17 23.8 mpd_20250312_154100.data
290.0 430.0 17 23.6975 mpd_20250312_154125.data
290.0 450.0 17 23.6975 mpd_20250312_154150.data
270.0 450.0 17 23.6975 mpd_20250312_154215.data
250.0 450.0 17 23.6975 mpd_20250312_154240.data
230.0 450.0 17 23.6975 mpd_20250312_154305.data
210.0 450.0 17 23.6975 mpd_20250312_154330.data
190.0 450.0 17 23.594575 mpd_20250312_154355.data
170.0 450.0 17 23.594575 mpd_20250312_154420.data
150.0 450.0 17 23.6975 mpd_20250312_154445.data
130.0 450.0 17 23.6975 mpd_20250312_154510.data
110.0 450.0 17 23.6975 mpd_20250312_154535.data
90.0 450.0 17 23.594575 mpd_20250312_154600.data
70.0 450.0 17 23.6975 mpd_20250312_154625.data
50.0 450.0 17 23.594575 mpd_20250312_154650.data
30.0 450.0 17 23.594575 mpd_20250312_154715.data
10.0 450.0 17 23.6975 mpd_20250312_154740.data
10.0 470.0 17 23.6975 mpd_20250312_154805.data
30.0 470.0 17 23.6975 mpd_20250312_154830.data
50.0 470.0 17 23.6975 mpd_20250312_154855.data
70.0 470.0 17 23.594575 mpd_20250312_154920.data
90.0 470.0 17 23.6975 mpd_20250312_154945.data
110.0 470.0 17 23.6975 mpd_20250312_155010.data
130.0 470.0 17 23.6975 mpd_20250312_155035.data
150.0 470.0 17 23.6975 mpd_20250312_155100.data
170.0 470.0 17 23.594575 mpd_20250312_155125.data
190.0 470.0 17 23.6975 mpd_20250312_155150.data
210.0 470.0 17 23.6975 mpd_20250312_155215.data
230.0 470.0 17 23.6975 mpd_20250312_155240.data
250.0 470.0 17 23.6975 mpd_20250312_155305.data
270.0 470.0 17 23.6975 mpd_20250312_155330.data
290.0 470.0 17 23.6975 mpd_20250312_155355.data
