-1 -1 -1 23.178749999999997 0cd9414a_20240923_141451.data
10.0 10.0 17 23.178749999999997 0cd9414a_20240923_141531.data
30.0 10.0 17 23.49125 0cd9414a_20240923_141555.data
50.0 10.0 17 23.3875 0cd9414a_20240923_141619.data
70.0 10.0 17 23.178749999999997 0cd9414a_20240923_141643.data
90.0 10.0 17 23.3875 0cd9414a_20240923_141707.data
110.0 10.0 17 23.3875 0cd9414a_20240923_141731.data
130.0 10.0 17 23.3875 0cd9414a_20240923_141755.data
150.0 10.0 17 23.073725 0cd9414a_20240923_141819.data
170.0 10.0 17 23.283325 0cd9414a_20240923_141843.data
190.0 10.0 17 23.283325 0cd9414a_20240923_141907.data
210.0 10.0 17 23.3875 0cd9414a_20240923_141931.data
230.0 10.0 17 23.178749999999997 0cd9414a_20240923_141955.data
250.0 10.0 17 23.178749999999997 0cd9414a_20240923_142019.data
270.0 10.0 17 23.3875 0cd9414a_20240923_142043.data
290.0 10.0 17 23.3875 0cd9414a_20240923_142107.data
290.0 30.0 17 23.3875 0cd9414a_20240923_142131.data
270.0 30.0 17 23.3875 0cd9414a_20240923_142155.data
250.0 30.0 17 23.3875 0cd9414a_20240923_142219.data
230.0 30.0 17 23.3875 0cd9414a_20240923_142243.data
210.0 30.0 17 23.3875 0cd9414a_20240923_142307.data
190.0 30.0 17 23.178749999999997 0cd9414a_20240923_142331.data
170.0 30.0 17 23.3875 0cd9414a_20240923_142355.data
150.0 30.0 17 23.3875 0cd9414a_20240923_142419.data
130.0 30.0 17 23.3875 0cd9414a_20240923_142443.data
110.0 30.0 17 23.3875 0cd9414a_20240923_142507.data
90.0 30.0 17 23.283325 0cd9414a_20240923_142531.data
70.0 30.0 17 23.3875 0cd9414a_20240923_142555.data
50.0 30.0 17 23.3875 0cd9414a_20240923_142619.data
30.0 30.0 17 23.3875 0cd9414a_20240923_142643.data
10.0 30.0 17 23.073725 0cd9414a_20240923_142707.data
10.0 50.0 17 23.3875 0cd9414a_20240923_142731.data
30.0 50.0 17 23.3875 0cd9414a_20240923_142755.data
50.0 50.0 17 23.3875 0cd9414a_20240923_142819.data
70.0 50.0 17 23.178749999999997 0cd9414a_20240923_142843.data
90.0 50.0 17 23.3875 0cd9414a_20240923_142907.data
110.0 50.0 17 23.3875 0cd9414a_20240923_142931.data
130.0 50.0 17 23.178749999999997 0cd9414a_20240923_142955.data
150.0 50.0 17 23.283325 0cd9414a_20240923_143019.data
170.0 50.0 17 23.178749999999997 0cd9414a_20240923_143043.data
190.0 50.0 17 23.3875 0cd9414a_20240923_143107.data
210.0 50.0 17 23.073725 0cd9414a_20240923_143131.data
230.0 50.0 17 22.969809523809523 0cd9414a_20240923_143155.data
250.0 50.0 17 23.073725 0cd9414a_20240923_143219.data
270.0 50.0 17 23.073725 0cd9414a_20240923_143243.data
290.0 50.0 17 23.073725 0cd9414a_20240923_143307.data
290.0 70.0 17 23.073725 0cd9414a_20240923_143331.data
270.0 70.0 17 23.073725 0cd9414a_20240923_143355.data
250.0 70.0 17 23.073725 0cd9414a_20240923_143419.data
230.0 70.0 17 23.073725 0cd9414a_20240923_143443.data
210.0 70.0 17 23.283325 0cd9414a_20240923_143507.data
190.0 70.0 17 23.073725 0cd9414a_20240923_143531.data
170.0 70.0 17 23.073725 0cd9414a_20240923_143556.data
150.0 70.0 17 23.073725 0cd9414a_20240923_143620.data
130.0 70.0 17 23.073725 0cd9414a_20240923_143644.data
110.0 70.0 17 23.073725 0cd9414a_20240923_143708.data
90.0 70.0 17 23.073725 0cd9414a_20240923_143732.data
70.0 70.0 17 23.073725 0cd9414a_20240923_143756.data
50.0 70.0 17 23.073725 0cd9414a_20240923_143820.data
30.0 70.0 17 23.073725 0cd9414a_20240923_143844.data
10.0 70.0 17 23.073725 0cd9414a_20240923_143908.data
10.0 90.0 17 23.073725 0cd9414a_20240923_143932.data
30.0 90.0 17 23.073725 0cd9414a_20240923_143956.data
50.0 90.0 17 23.073725 0cd9414a_20240923_144020.data
70.0 90.0 17 23.073725 0cd9414a_20240923_144044.data
90.0 90.0 17 23.073725 0cd9414a_20240923_144108.data
110.0 90.0 17 23.073725 0cd9414a_20240923_144132.data
130.0 90.0 17 23.073725 0cd9414a_20240923_144156.data
150.0 90.0 17 23.073725 0cd9414a_20240923_144220.data
170.0 90.0 17 23.073725 0cd9414a_20240923_144244.data
190.0 90.0 17 23.073725 0cd9414a_20240923_144308.data
210.0 90.0 17 23.073725 0cd9414a_20240923_144332.data
230.0 90.0 17 23.073725 0cd9414a_20240923_144356.data
250.0 90.0 17 23.073725 0cd9414a_20240923_144420.data
270.0 90.0 17 23.178749999999997 0cd9414a_20240923_144444.data
290.0 90.0 17 23.073725 0cd9414a_20240923_144508.data
290.0 110.0 17 23.073725 0cd9414a_20240923_144532.data
270.0 110.0 17 23.073725 0cd9414a_20240923_144556.data
250.0 110.0 17 23.073725 0cd9414a_20240923_144620.data
230.0 110.0 17 23.073725 0cd9414a_20240923_144644.data
210.0 110.0 17 23.073725 0cd9414a_20240923_144708.data
190.0 110.0 17 23.073725 0cd9414a_20240923_144732.data
170.0 110.0 17 23.073725 0cd9414a_20240923_144756.data
150.0 110.0 17 23.073725 0cd9414a_20240923_144820.data
130.0 110.0 17 23.073725 0cd9414a_20240923_144844.data
110.0 110.0 17 23.283325 0cd9414a_20240923_144908.data
90.0 110.0 17 22.969809523809523 0cd9414a_20240923_144932.data
70.0 110.0 17 23.073725 0cd9414a_20240923_144956.data
50.0 110.0 17 23.073725 0cd9414a_20240923_145020.data
30.0 110.0 17 22.969809523809523 0cd9414a_20240923_145044.data
10.0 110.0 17 23.073725 0cd9414a_20240923_145108.data
10.0 130.0 17 22.969809523809523 0cd9414a_20240923_145132.data
30.0 130.0 17 22.969809523809523 0cd9414a_20240923_145156.data
50.0 130.0 17 23.283325 0cd9414a_20240923_145220.data
70.0 130.0 17 23.283325 0cd9414a_20240923_145244.data
90.0 130.0 17 23.073725 0cd9414a_20240923_145308.data
110.0 130.0 17 22.969809523809523 0cd9414a_20240923_145332.data
130.0 130.0 17 22.868976190476186 0cd9414a_20240923_145356.data
150.0 130.0 17 23.073725 0cd9414a_20240923_145420.data
170.0 130.0 17 23.073725 0cd9414a_20240923_145444.data
190.0 130.0 17 23.073725 0cd9414a_20240923_145508.data
210.0 130.0 17 23.073725 0cd9414a_20240923_145532.data
230.0 130.0 17 23.073725 0cd9414a_20240923_145556.data
250.0 130.0 17 23.073725 0cd9414a_20240923_145620.data
270.0 130.0 17 23.073725 0cd9414a_20240923_145644.data
290.0 130.0 17 23.073725 0cd9414a_20240923_145708.data
290.0 150.0 17 23.073725 0cd9414a_20240923_145732.data
270.0 150.0 17 23.073725 0cd9414a_20240923_145756.data
250.0 150.0 17 23.073725 0cd9414a_20240923_145820.data
230.0 150.0 17 23.073725 0cd9414a_20240923_145844.data
210.0 150.0 17 23.073725 0cd9414a_20240923_145908.data
190.0 150.0 17 23.073725 0cd9414a_20240923_145932.data
170.0 150.0 17 23.073725 0cd9414a_20240923_145956.data
150.0 150.0 17 23.073725 0cd9414a_20240923_150020.data
130.0 150.0 17 23.073725 0cd9414a_20240923_150044.data
110.0 150.0 17 23.073725 0cd9414a_20240923_150108.data
90.0 150.0 17 23.073725 0cd9414a_20240923_150132.data
70.0 150.0 17 23.073725 0cd9414a_20240923_150156.data
50.0 150.0 17 23.073725 0cd9414a_20240923_150220.data
30.0 150.0 17 23.073725 0cd9414a_20240923_150244.data
10.0 150.0 17 22.969809523809523 0cd9414a_20240923_150308.data
10.0 170.0 17 23.073725 0cd9414a_20240923_150332.data
30.0 170.0 17 23.073725 0cd9414a_20240923_150356.data
50.0 170.0 17 22.969809523809523 0cd9414a_20240923_150420.data
70.0 170.0 17 23.283325 0cd9414a_20240923_150444.data
90.0 170.0 17 23.178749999999997 0cd9414a_20240923_150508.data
110.0 170.0 17 23.073725 0cd9414a_20240923_150532.data
130.0 170.0 17 23.073725 0cd9414a_20240923_150556.data
150.0 170.0 17 23.073725 0cd9414a_20240923_150620.data
170.0 170.0 17 23.073725 0cd9414a_20240923_150645.data
190.0 170.0 17 23.073725 0cd9414a_20240923_150709.data
210.0 170.0 17 23.073725 0cd9414a_20240923_150733.data
230.0 170.0 17 23.073725 0cd9414a_20240923_150757.data
250.0 170.0 17 23.073725 0cd9414a_20240923_150821.data
270.0 170.0 17 23.073725 0cd9414a_20240923_150845.data
290.0 170.0 17 23.073725 0cd9414a_20240923_150909.data
290.0 190.0 17 23.073725 0cd9414a_20240923_150933.data
270.0 190.0 17 23.073725 0cd9414a_20240923_150957.data
250.0 190.0 17 23.073725 0cd9414a_20240923_151021.data
230.0 190.0 17 23.073725 0cd9414a_20240923_151045.data
210.0 190.0 17 23.073725 0cd9414a_20240923_151109.data
190.0 190.0 17 23.073725 0cd9414a_20240923_151133.data
170.0 190.0 17 23.073725 0cd9414a_20240923_151157.data
150.0 190.0 17 23.073725 0cd9414a_20240923_151221.data
130.0 190.0 17 23.073725 0cd9414a_20240923_151245.data
110.0 190.0 17 23.073725 0cd9414a_20240923_151309.data
90.0 190.0 17 23.073725 0cd9414a_20240923_151333.data
70.0 190.0 17 23.073725 0cd9414a_20240923_151357.data
50.0 190.0 17 23.073725 0cd9414a_20240923_151421.data
30.0 190.0 17 23.073725 0cd9414a_20240923_151445.data
10.0 190.0 17 23.073725 0cd9414a_20240923_151509.data
10.0 210.0 17 23.073725 0cd9414a_20240923_151533.data
30.0 210.0 17 23.073725 0cd9414a_20240923_151557.data
50.0 210.0 17 23.073725 0cd9414a_20240923_151621.data
70.0 210.0 17 23.073725 0cd9414a_20240923_151645.data
90.0 210.0 17 22.969809523809523 0cd9414a_20240923_151709.data
110.0 210.0 17 23.073725 0cd9414a_20240923_151733.data
130.0 210.0 17 23.073725 0cd9414a_20240923_151757.data
150.0 210.0 17 23.073725 0cd9414a_20240923_151821.data
170.0 210.0 17 23.073725 0cd9414a_20240923_151845.data
190.0 210.0 17 23.073725 0cd9414a_20240923_151909.data
210.0 210.0 17 23.073725 0cd9414a_20240923_151933.data
230.0 210.0 17 23.073725 0cd9414a_20240923_151957.data
250.0 210.0 17 23.178749999999997 0cd9414a_20240923_152021.data
270.0 210.0 17 23.073725 0cd9414a_20240923_152045.data
290.0 210.0 17 23.073725 0cd9414a_20240923_152109.data
290.0 230.0 17 23.073725 0cd9414a_20240923_152133.data
270.0 230.0 17 23.073725 0cd9414a_20240923_152157.data
250.0 230.0 17 23.073725 0cd9414a_20240923_152221.data
230.0 230.0 17 23.073725 0cd9414a_20240923_152245.data
210.0 230.0 17 23.073725 0cd9414a_20240923_152309.data
190.0 230.0 17 23.073725 0cd9414a_20240923_152333.data
170.0 230.0 17 23.073725 0cd9414a_20240923_152357.data
150.0 230.0 17 23.073725 0cd9414a_20240923_152421.data
130.0 230.0 17 23.073725 0cd9414a_20240923_152445.data
110.0 230.0 17 23.073725 0cd9414a_20240923_152509.data
90.0 230.0 17 23.073725 0cd9414a_20240923_152533.data
70.0 230.0 17 23.283325 0cd9414a_20240923_152557.data
50.0 230.0 17 23.073725 0cd9414a_20240923_152621.data
30.0 230.0 17 23.073725 0cd9414a_20240923_152645.data
10.0 230.0 17 23.073725 0cd9414a_20240923_152709.data
10.0 250.0 17 23.073725 0cd9414a_20240923_152733.data
30.0 250.0 17 23.073725 0cd9414a_20240923_152757.data
50.0 250.0 17 22.969809523809523 0cd9414a_20240923_152821.data
70.0 250.0 17 23.073725 0cd9414a_20240923_152845.data
90.0 250.0 17 23.073725 0cd9414a_20240923_152909.data
110.0 250.0 17 23.073725 0cd9414a_20240923_152933.data
130.0 250.0 17 23.073725 0cd9414a_20240923_152957.data
150.0 250.0 17 23.073725 0cd9414a_20240923_153021.data
170.0 250.0 17 23.073725 0cd9414a_20240923_153045.data
190.0 250.0 17 23.073725 0cd9414a_20240923_153109.data
210.0 250.0 17 23.073725 0cd9414a_20240923_153133.data
230.0 250.0 17 23.073725 0cd9414a_20240923_153157.data
250.0 250.0 17 23.073725 0cd9414a_20240923_153221.data
270.0 250.0 17 23.073725 0cd9414a_20240923_153245.data
290.0 250.0 17 23.283325 0cd9414a_20240923_153309.data
290.0 270.0 17 22.969809523809523 0cd9414a_20240923_153333.data
270.0 270.0 17 23.073725 0cd9414a_20240923_153357.data
250.0 270.0 17 23.073725 0cd9414a_20240923_153421.data
230.0 270.0 17 23.073725 0cd9414a_20240923_153445.data
210.0 270.0 17 23.073725 0cd9414a_20240923_153509.data
190.0 270.0 17 23.073725 0cd9414a_20240923_153533.data
170.0 270.0 17 23.073725 0cd9414a_20240923_153557.data
150.0 270.0 17 23.073725 0cd9414a_20240923_153621.data
130.0 270.0 17 23.073725 0cd9414a_20240923_153645.data
110.0 270.0 17 23.073725 0cd9414a_20240923_153710.data
90.0 270.0 17 22.969809523809523 0cd9414a_20240923_153734.data
70.0 270.0 17 23.073725 0cd9414a_20240923_153758.data
50.0 270.0 17 -1 0cd9414a_20240923_153822.data
30.0 270.0 17 23.073725 0cd9414a_20240923_153846.data
10.0 270.0 17 23.178749999999997 0cd9414a_20240923_153910.data
10.0 290.0 17 -1 0cd9414a_20240923_153934.data
30.0 290.0 17 22.969809523809523 0cd9414a_20240923_153958.data
50.0 290.0 17 23.073725 0cd9414a_20240923_154022.data
70.0 290.0 17 -1 0cd9414a_20240923_154046.data
90.0 290.0 17 23.073725 0cd9414a_20240923_154110.data
110.0 290.0 17 23.073725 0cd9414a_20240923_154134.data
130.0 290.0 17 -1 0cd9414a_20240923_154158.data
150.0 290.0 17 23.073725 0cd9414a_20240923_154222.data
170.0 290.0 17 23.073725 0cd9414a_20240923_154246.data
190.0 290.0 17 -1 0cd9414a_20240923_154310.data
210.0 290.0 17 23.283325 0cd9414a_20240923_154334.data
230.0 290.0 17 23.283325 0cd9414a_20240923_154358.data
250.0 290.0 17 23.3875 0cd9414a_20240923_154422.data
270.0 290.0 17 23.283325 0cd9414a_20240923_154446.data
290.0 290.0 17 23.594575 0cd9414a_20240923_154510.data
290.0 310.0 17 23.3875 0cd9414a_20240923_154534.data
270.0 310.0 17 23.3875 0cd9414a_20240923_154558.data
250.0 310.0 17 23.3875 0cd9414a_20240923_154622.data
230.0 310.0 17 23.283325 0cd9414a_20240923_154646.data
210.0 310.0 17 23.3875 0cd9414a_20240923_154710.data
190.0 310.0 17 23.3875 0cd9414a_20240923_154734.data
170.0 310.0 17 23.283325 0cd9414a_20240923_154758.data
150.0 310.0 17 23.3875 0cd9414a_20240923_154822.data
130.0 310.0 17 23.283325 0cd9414a_20240923_154846.data
110.0 310.0 17 23.283325 0cd9414a_20240923_154910.data
90.0 310.0 17 23.283325 0cd9414a_20240923_154934.data
70.0 310.0 17 23.283325 0cd9414a_20240923_154958.data
50.0 310.0 17 23.3875 0cd9414a_20240923_155022.data
30.0 310.0 17 23.3875 0cd9414a_20240923_155046.data
10.0 310.0 17 23.3875 0cd9414a_20240923_155110.data
10.0 330.0 17 23.3875 0cd9414a_20240923_155134.data
30.0 330.0 17 23.3875 0cd9414a_20240923_155158.data
50.0 330.0 17 23.283325 0cd9414a_20240923_155222.data
70.0 330.0 17 23.3875 0cd9414a_20240923_155246.data
90.0 330.0 17 23.3875 0cd9414a_20240923_155310.data
110.0 330.0 17 23.283325 0cd9414a_20240923_155334.data
130.0 330.0 17 23.3875 0cd9414a_20240923_155358.data
150.0 330.0 17 23.283325 0cd9414a_20240923_155422.data
170.0 330.0 17 23.3875 0cd9414a_20240923_155446.data
190.0 330.0 17 23.3875 0cd9414a_20240923_155510.data
210.0 330.0 17 23.283325 0cd9414a_20240923_155534.data
230.0 330.0 17 23.283325 0cd9414a_20240923_155558.data
250.0 330.0 17 23.283325 0cd9414a_20240923_155622.data
270.0 330.0 17 23.283325 0cd9414a_20240923_155646.data
290.0 330.0 17 23.283325 0cd9414a_20240923_155710.data
10.0 350.0 17 23.3875 0cd9414a_20240923_160943.data
30.0 350.0 17 23.283325 0cd9414a_20240923_161007.data
50.0 350.0 17 23.49125 0cd9414a_20240923_161031.data
70.0 350.0 17 23.283325 0cd9414a_20240923_161055.data
90.0 350.0 17 23.283325 0cd9414a_20240923_161119.data
110.0 350.0 17 23.283325 0cd9414a_20240923_161143.data
130.0 350.0 17 23.3875 0cd9414a_20240923_161207.data
150.0 350.0 17 23.283325 0cd9414a_20240923_161231.data
170.0 350.0 17 23.283325 0cd9414a_20240923_161255.data
190.0 350.0 17 23.3875 0cd9414a_20240923_161319.data
210.0 350.0 17 23.3875 0cd9414a_20240923_161343.data
230.0 350.0 17 23.3875 0cd9414a_20240923_161407.data
250.0 350.0 17 23.3875 0cd9414a_20240923_161431.data
270.0 350.0 17 23.283325 0cd9414a_20240923_161455.data
290.0 350.0 17 23.283325 0cd9414a_20240923_161519.data
290.0 370.0 17 23.3875 0cd9414a_20240923_161543.data
270.0 370.0 17 23.3875 0cd9414a_20240923_161607.data
250.0 370.0 17 23.283325 0cd9414a_20240923_161632.data
230.0 370.0 17 23.3875 0cd9414a_20240923_161655.data
210.0 370.0 17 23.3875 0cd9414a_20240923_161720.data
190.0 370.0 17 23.3875 0cd9414a_20240923_161744.data
170.0 370.0 17 23.283325 0cd9414a_20240923_161808.data
150.0 370.0 17 23.283325 0cd9414a_20240923_161832.data
130.0 370.0 17 23.3875 0cd9414a_20240923_161856.data
110.0 370.0 17 23.3875 0cd9414a_20240923_161920.data
90.0 370.0 17 23.3875 0cd9414a_20240923_161944.data
70.0 370.0 17 23.283325 0cd9414a_20240923_162008.data
50.0 370.0 17 23.3875 0cd9414a_20240923_162032.data
30.0 370.0 17 23.3875 0cd9414a_20240923_162056.data
10.0 370.0 17 23.283325 0cd9414a_20240923_162120.data
10.0 390.0 17 23.3875 0cd9414a_20240923_162144.data
30.0 390.0 17 23.3875 0cd9414a_20240923_162208.data
50.0 390.0 17 23.283325 0cd9414a_20240923_162232.data
70.0 390.0 17 23.3875 0cd9414a_20240923_162256.data
90.0 390.0 17 23.3875 0cd9414a_20240923_162320.data
110.0 390.0 17 23.3875 0cd9414a_20240923_162344.data
130.0 390.0 17 23.594575 0cd9414a_20240923_162408.data
150.0 390.0 17 23.3875 0cd9414a_20240923_162432.data
170.0 390.0 17 23.283325 0cd9414a_20240923_162456.data
190.0 390.0 17 23.3875 0cd9414a_20240923_162520.data
210.0 390.0 17 23.283325 0cd9414a_20240923_162544.data
230.0 390.0 17 23.3875 0cd9414a_20240923_162608.data
250.0 390.0 17 23.283325 0cd9414a_20240923_162632.data
270.0 390.0 17 23.49125 0cd9414a_20240923_162656.data
290.0 390.0 17 23.3875 0cd9414a_20240923_162720.data
290.0 410.0 17 23.3875 0cd9414a_20240923_162744.data
270.0 410.0 17 23.3875 0cd9414a_20240923_162808.data
250.0 410.0 17 23.3875 0cd9414a_20240923_162832.data
230.0 410.0 17 23.3875 0cd9414a_20240923_162856.data
210.0 410.0 17 23.283325 0cd9414a_20240923_162920.data
190.0 410.0 17 23.283325 0cd9414a_20240923_162944.data
170.0 410.0 17 23.283325 0cd9414a_20240923_163008.data
150.0 410.0 17 23.3875 0cd9414a_20240923_163032.data
130.0 410.0 17 23.3875 0cd9414a_20240923_163056.data
110.0 410.0 17 23.3875 0cd9414a_20240923_163120.data
90.0 410.0 17 23.3875 0cd9414a_20240923_163144.data
70.0 410.0 17 23.3875 0cd9414a_20240923_163208.data
50.0 410.0 17 23.3875 0cd9414a_20240923_163232.data
30.0 410.0 17 23.3875 0cd9414a_20240923_163256.data
10.0 410.0 17 23.3875 0cd9414a_20240923_163320.data
10.0 430.0 17 23.3875 0cd9414a_20240923_163344.data
30.0 430.0 17 23.3875 0cd9414a_20240923_163408.data
50.0 430.0 17 23.3875 0cd9414a_20240923_163432.data
70.0 430.0 17 23.3875 0cd9414a_20240923_163456.data
90.0 430.0 17 23.3875 0cd9414a_20240923_163520.data
110.0 430.0 17 23.3875 0cd9414a_20240923_163544.data
130.0 430.0 17 23.283325 0cd9414a_20240923_163608.data
150.0 430.0 17 23.283325 0cd9414a_20240923_163632.data
170.0 430.0 17 23.283325 0cd9414a_20240923_163656.data
190.0 430.0 17 23.3875 0cd9414a_20240923_163720.data
210.0 430.0 17 23.3875 0cd9414a_20240923_163744.data
230.0 430.0 17 23.3875 0cd9414a_20240923_163808.data
250.0 430.0 17 23.283325 0cd9414a_20240923_163832.data
270.0 430.0 17 23.3875 0cd9414a_20240923_163856.data
290.0 430.0 17 23.3875 0cd9414a_20240923_163920.data
290.0 450.0 17 23.283325 0cd9414a_20240923_163944.data
270.0 450.0 17 23.283325 0cd9414a_20240923_164008.data
250.0 450.0 17 23.3875 0cd9414a_20240923_164032.data
230.0 450.0 17 23.3875 0cd9414a_20240923_164056.data
210.0 450.0 17 23.3875 0cd9414a_20240923_164120.data
190.0 450.0 17 23.3875 0cd9414a_20240923_164144.data
170.0 450.0 17 23.3875 0cd9414a_20240923_164208.data
150.0 450.0 17 23.3875 0cd9414a_20240923_164232.data
130.0 450.0 17 23.3875 0cd9414a_20240923_164256.data
110.0 450.0 17 23.3875 0cd9414a_20240923_164320.data
90.0 450.0 17 23.594575 0cd9414a_20240923_164344.data
70.0 450.0 17 23.3875 0cd9414a_20240923_164408.data
50.0 450.0 17 23.283325 0cd9414a_20240923_164432.data
30.0 450.0 17 23.3875 0cd9414a_20240923_164456.data
10.0 450.0 17 23.283325 0cd9414a_20240923_164520.data
10.0 470.0 17 23.3875 0cd9414a_20240923_164544.data
30.0 470.0 17 23.3875 0cd9414a_20240923_164608.data
50.0 470.0 17 23.3875 0cd9414a_20240923_164632.data
70.0 470.0 17 23.3875 0cd9414a_20240923_164656.data
90.0 470.0 17 23.3875 0cd9414a_20240923_164721.data
110.0 470.0 17 23.283325 0cd9414a_20240923_164745.data
130.0 470.0 17 23.3875 0cd9414a_20240923_164809.data
150.0 470.0 17 23.283325 0cd9414a_20240923_164833.data
170.0 470.0 17 23.3875 0cd9414a_20240923_164857.data
190.0 470.0 17 23.3875 0cd9414a_20240923_164921.data
210.0 470.0 17 23.3875 0cd9414a_20240923_164921.data
230.0 470.0 17 23.3875 0cd9414a_20240923_164921.data
250.0 470.0 17 23.3875 0cd9414a_20240923_164921.data
270.0 470.0 17 23.3875 0cd9414a_20240923_164921.data
290.0 470.0 17 23.3875 0cd9414a_20240923_164921.data
