-1 -1 -1 23.3875 0cd9414a_20240913_101228.data
10.0 10.0 17 23.6975 0cd9414a_20240913_101307.data
30.0 10.0 17 23.594575 0cd9414a_20240913_101331.data
50.0 10.0 17 23.283325 0cd9414a_20240913_101355.data
70.0 10.0 17 23.594575 0cd9414a_20240913_101419.data
90.0 10.0 17 23.6975 0cd9414a_20240913_101443.data
110.0 10.0 17 23.6975 0cd9414a_20240913_101507.data
130.0 10.0 17 23.49125 0cd9414a_20240913_101531.data
150.0 10.0 17 23.6975 0cd9414a_20240913_101555.data
170.0 10.0 17 23.594575 0cd9414a_20240913_101619.data
190.0 10.0 17 23.6975 0cd9414a_20240913_101643.data
210.0 10.0 17 23.283325 0cd9414a_20240913_101707.data
230.0 10.0 17 23.6975 0cd9414a_20240913_101732.data
250.0 10.0 17 23.283325 0cd9414a_20240913_101756.data
270.0 10.0 17 23.6975 0cd9414a_20240913_101820.data
290.0 10.0 17 23.6975 0cd9414a_20240913_101844.data
290.0 30.0 17 23.3875 0cd9414a_20240913_101908.data
270.0 30.0 17 23.6975 0cd9414a_20240913_101932.data
250.0 30.0 17 23.3875 0cd9414a_20240913_101956.data
230.0 30.0 17 23.6975 0cd9414a_20240913_102020.data
210.0 30.0 17 23.6975 0cd9414a_20240913_102044.data
190.0 30.0 17 23.283325 0cd9414a_20240913_102108.data
170.0 30.0 17 23.283325 0cd9414a_20240913_102132.data
150.0 30.0 17 23.6975 0cd9414a_20240913_102156.data
130.0 30.0 17 23.6975 0cd9414a_20240913_102220.data
110.0 30.0 17 23.6975 0cd9414a_20240913_102244.data
90.0 30.0 17 23.6975 0cd9414a_20240913_102308.data
70.0 30.0 17 23.283325 0cd9414a_20240913_102332.data
50.0 30.0 17 23.6975 0cd9414a_20240913_102356.data
30.0 30.0 17 23.6975 0cd9414a_20240913_102420.data
10.0 30.0 17 23.594575 0cd9414a_20240913_102444.data
10.0 50.0 17 23.6975 0cd9414a_20240913_102508.data
30.0 50.0 17 23.594575 0cd9414a_20240913_102532.data
50.0 50.0 17 23.6975 0cd9414a_20240913_102556.data
70.0 50.0 17 23.6975 0cd9414a_20240913_102620.data
90.0 50.0 17 23.594575 0cd9414a_20240913_102644.data
110.0 50.0 17 23.6975 0cd9414a_20240913_102708.data
130.0 50.0 17 23.3875 0cd9414a_20240913_102732.data
150.0 50.0 17 23.594575 0cd9414a_20240913_102756.data
170.0 50.0 17 23.6975 0cd9414a_20240913_102820.data
190.0 50.0 17 23.178749999999997 0cd9414a_20240913_102844.data
210.0 50.0 17 23.6975 0cd9414a_20240913_102908.data
230.0 50.0 17 23.6975 0cd9414a_20240913_102932.data
250.0 50.0 17 23.3875 0cd9414a_20240913_102956.data
270.0 50.0 17 23.594575 0cd9414a_20240913_103020.data
290.0 50.0 17 23.3875 0cd9414a_20240913_103044.data
290.0 70.0 17 23.6975 0cd9414a_20240913_103108.data
270.0 70.0 17 23.6975 0cd9414a_20240913_103132.data
250.0 70.0 17 23.3875 0cd9414a_20240913_103156.data
230.0 70.0 17 23.6975 0cd9414a_20240913_103220.data
210.0 70.0 17 23.6975 0cd9414a_20240913_103244.data
190.0 70.0 17 23.6975 0cd9414a_20240913_103308.data
170.0 70.0 17 23.3875 0cd9414a_20240913_103332.data
150.0 70.0 17 23.49125 0cd9414a_20240913_103356.data
130.0 70.0 17 23.594575 0cd9414a_20240913_103420.data
110.0 70.0 17 23.6975 0cd9414a_20240913_103444.data
90.0 70.0 17 23.49125 0cd9414a_20240913_103508.data
70.0 70.0 17 23.6975 0cd9414a_20240913_103532.data
50.0 70.0 17 23.3875 0cd9414a_20240913_103556.data
30.0 70.0 17 23.6975 0cd9414a_20240913_103620.data
10.0 70.0 17 23.6975 0cd9414a_20240913_103644.data
10.0 90.0 17 23.3875 0cd9414a_20240913_103708.data
30.0 90.0 17 23.6975 0cd9414a_20240913_103732.data
50.0 90.0 17 23.6975 0cd9414a_20240913_103756.data
70.0 90.0 17 23.49125 0cd9414a_20240913_103820.data
90.0 90.0 17 23.6975 0cd9414a_20240913_103844.data
110.0 90.0 17 23.594575 0cd9414a_20240913_103908.data
130.0 90.0 17 23.594575 0cd9414a_20240913_103932.data
150.0 90.0 17 23.594575 0cd9414a_20240913_103956.data
170.0 90.0 17 23.6975 0cd9414a_20240913_104020.data
190.0 90.0 17 23.6975 0cd9414a_20240913_104044.data
210.0 90.0 17 23.49125 0cd9414a_20240913_104108.data
230.0 90.0 17 23.594575 0cd9414a_20240913_104132.data
250.0 90.0 17 23.594575 0cd9414a_20240913_104156.data
270.0 90.0 17 23.6975 0cd9414a_20240913_104220.data
290.0 90.0 17 23.6975 0cd9414a_20240913_104244.data
290.0 110.0 17 23.49125 0cd9414a_20240913_104308.data
270.0 110.0 17 23.6975 0cd9414a_20240913_104332.data
250.0 110.0 17 23.6975 0cd9414a_20240913_104356.data
230.0 110.0 17 23.6975 0cd9414a_20240913_104420.data
210.0 110.0 17 23.6975 0cd9414a_20240913_104444.data
190.0 110.0 17 23.6975 0cd9414a_20240913_104508.data
170.0 110.0 17 23.3875 0cd9414a_20240913_104532.data
150.0 110.0 17 23.594575 0cd9414a_20240913_104556.data
130.0 110.0 17 23.6975 0cd9414a_20240913_104620.data
110.0 110.0 17 23.6975 0cd9414a_20240913_104644.data
90.0 110.0 17 23.594575 0cd9414a_20240913_104708.data
70.0 110.0 17 23.3875 0cd9414a_20240913_104732.data
50.0 110.0 17 23.3875 0cd9414a_20240913_104757.data
30.0 110.0 17 23.49125 0cd9414a_20240913_104821.data
10.0 110.0 17 23.594575 0cd9414a_20240913_104845.data
10.0 130.0 17 23.6975 0cd9414a_20240913_104909.data
30.0 130.0 17 23.6975 0cd9414a_20240913_104933.data
50.0 130.0 17 23.6975 0cd9414a_20240913_104957.data
70.0 130.0 17 23.594575 0cd9414a_20240913_105021.data
90.0 130.0 17 23.283325 0cd9414a_20240913_105045.data
110.0 130.0 17 23.6975 0cd9414a_20240913_105109.data
130.0 130.0 17 23.594575 0cd9414a_20240913_105133.data
150.0 130.0 17 23.594575 0cd9414a_20240913_105157.data
170.0 130.0 17 23.49125 0cd9414a_20240913_105221.data
190.0 130.0 17 23.594575 0cd9414a_20240913_105245.data
210.0 130.0 17 23.3875 0cd9414a_20240913_105309.data
230.0 130.0 17 23.6975 0cd9414a_20240913_105333.data
250.0 130.0 17 23.6975 0cd9414a_20240913_105357.data
270.0 130.0 17 23.6975 0cd9414a_20240913_105421.data
290.0 130.0 17 23.3875 0cd9414a_20240913_105445.data
290.0 150.0 17 23.49125 0cd9414a_20240913_105509.data
270.0 150.0 17 23.594575 0cd9414a_20240913_105533.data
250.0 150.0 17 23.283325 0cd9414a_20240913_105557.data
230.0 150.0 17 23.3875 0cd9414a_20240913_105621.data
210.0 150.0 17 23.49125 0cd9414a_20240913_105645.data
190.0 150.0 17 23.6975 0cd9414a_20240913_105709.data
170.0 150.0 17 23.6975 0cd9414a_20240913_105733.data
150.0 150.0 17 23.6975 0cd9414a_20240913_105757.data
130.0 150.0 17 23.6975 0cd9414a_20240913_105821.data
110.0 150.0 17 23.594575 0cd9414a_20240913_105845.data
90.0 150.0 17 23.6975 0cd9414a_20240913_105909.data
70.0 150.0 17 23.594575 0cd9414a_20240913_105933.data
50.0 150.0 17 23.6975 0cd9414a_20240913_105957.data
30.0 150.0 17 23.49125 0cd9414a_20240913_110021.data
10.0 150.0 17 23.49125 0cd9414a_20240913_110045.data
10.0 170.0 17 23.49125 0cd9414a_20240913_110109.data
30.0 170.0 17 23.3875 0cd9414a_20240913_110133.data
50.0 170.0 17 23.3875 0cd9414a_20240913_110157.data
70.0 170.0 17 23.49125 0cd9414a_20240913_110221.data
90.0 170.0 17 23.594575 0cd9414a_20240913_110245.data
110.0 170.0 17 23.49125 0cd9414a_20240913_110309.data
130.0 170.0 17 23.594575 0cd9414a_20240913_110333.data
150.0 170.0 17 23.6975 0cd9414a_20240913_110357.data
170.0 170.0 17 23.49125 0cd9414a_20240913_110421.data
190.0 170.0 17 23.49125 0cd9414a_20240913_110445.data
210.0 170.0 17 23.6975 0cd9414a_20240913_110509.data
230.0 170.0 17 23.6975 0cd9414a_20240913_110533.data
250.0 170.0 17 23.6975 0cd9414a_20240913_110557.data
270.0 170.0 17 23.594575 0cd9414a_20240913_110621.data
290.0 170.0 17 23.6975 0cd9414a_20240913_110645.data
290.0 190.0 17 23.6975 0cd9414a_20240913_110709.data
270.0 190.0 17 23.6975 0cd9414a_20240913_110733.data
250.0 190.0 17 23.6975 0cd9414a_20240913_110757.data
230.0 190.0 17 23.6975 0cd9414a_20240913_110821.data
210.0 190.0 17 23.49125 0cd9414a_20240913_110845.data
190.0 190.0 17 23.594575 0cd9414a_20240913_110909.data
170.0 190.0 17 23.594575 0cd9414a_20240913_110933.data
150.0 190.0 17 23.6975 0cd9414a_20240913_110957.data
130.0 190.0 17 23.594575 0cd9414a_20240913_111021.data
110.0 190.0 17 23.6975 0cd9414a_20240913_111045.data
90.0 190.0 17 23.594575 0cd9414a_20240913_111109.data
70.0 190.0 17 23.6975 0cd9414a_20240913_111133.data
50.0 190.0 17 23.594575 0cd9414a_20240913_111157.data
30.0 190.0 17 23.594575 0cd9414a_20240913_111221.data
10.0 190.0 17 23.49125 0cd9414a_20240913_111245.data
10.0 210.0 17 23.594575 0cd9414a_20240913_111309.data
30.0 210.0 17 23.6975 0cd9414a_20240913_111333.data
50.0 210.0 17 23.594575 0cd9414a_20240913_111357.data
70.0 210.0 17 23.594575 0cd9414a_20240913_111421.data
90.0 210.0 17 23.6975 0cd9414a_20240913_111445.data
110.0 210.0 17 23.6975 0cd9414a_20240913_111509.data
130.0 210.0 17 23.6975 0cd9414a_20240913_111533.data
150.0 210.0 17 23.6975 0cd9414a_20240913_111557.data
170.0 210.0 17 23.6975 0cd9414a_20240913_111621.data
190.0 210.0 17 23.6975 0cd9414a_20240913_111645.data
210.0 210.0 17 23.49125 0cd9414a_20240913_111709.data
230.0 210.0 17 23.594575 0cd9414a_20240913_111733.data
250.0 210.0 17 23.6975 0cd9414a_20240913_111757.data
270.0 210.0 17 23.6975 0cd9414a_20240913_111821.data
290.0 210.0 17 23.283325 0cd9414a_20240913_111846.data
290.0 230.0 17 23.49125 0cd9414a_20240913_111910.data
270.0 230.0 17 23.3875 0cd9414a_20240913_111934.data
250.0 230.0 17 23.3875 0cd9414a_20240913_111958.data
230.0 230.0 17 23.49125 0cd9414a_20240913_112022.data
210.0 230.0 17 23.3875 0cd9414a_20240913_112046.data
190.0 230.0 17 23.3875 0cd9414a_20240913_112110.data
170.0 230.0 17 23.3875 0cd9414a_20240913_112134.data
150.0 230.0 17 23.3875 0cd9414a_20240913_112158.data
130.0 230.0 17 23.3875 0cd9414a_20240913_112222.data
110.0 230.0 17 23.3875 0cd9414a_20240913_112246.data
90.0 230.0 17 23.3875 0cd9414a_20240913_112310.data
70.0 230.0 17 23.49125 0cd9414a_20240913_112334.data
50.0 230.0 17 23.3875 0cd9414a_20240913_112358.data
30.0 230.0 17 23.49125 0cd9414a_20240913_112422.data
10.0 230.0 17 23.49125 0cd9414a_20240913_112446.data
10.0 250.0 17 23.3875 0cd9414a_20240913_112510.data
30.0 250.0 17 23.3875 0cd9414a_20240913_112534.data
50.0 250.0 17 23.3875 0cd9414a_20240913_112558.data
70.0 250.0 17 23.3875 0cd9414a_20240913_112622.data
90.0 250.0 17 23.49125 0cd9414a_20240913_112646.data
110.0 250.0 17 23.3875 0cd9414a_20240913_112710.data
130.0 250.0 17 23.49125 0cd9414a_20240913_112734.data
150.0 250.0 17 23.3875 0cd9414a_20240913_112758.data
170.0 250.0 17 23.3875 0cd9414a_20240913_112822.data
190.0 250.0 17 23.49125 0cd9414a_20240913_112846.data
210.0 250.0 17 23.6975 0cd9414a_20240913_112910.data
230.0 250.0 17 23.3875 0cd9414a_20240913_112934.data
250.0 250.0 17 23.283325 0cd9414a_20240913_112958.data
270.0 250.0 17 23.3875 0cd9414a_20240913_113022.data
290.0 250.0 17 23.594575 0cd9414a_20240913_113046.data
290.0 270.0 17 23.3875 0cd9414a_20240913_113110.data
270.0 270.0 17 23.3875 0cd9414a_20240913_113134.data
250.0 270.0 17 23.3875 0cd9414a_20240913_113158.data
230.0 270.0 17 23.3875 0cd9414a_20240913_113222.data
210.0 270.0 17 23.3875 0cd9414a_20240913_113246.data
190.0 270.0 17 23.3875 0cd9414a_20240913_113310.data
170.0 270.0 17 23.3875 0cd9414a_20240913_113334.data
150.0 270.0 17 23.3875 0cd9414a_20240913_113358.data
130.0 270.0 17 23.3875 0cd9414a_20240913_113422.data
110.0 270.0 17 23.3875 0cd9414a_20240913_113446.data
90.0 270.0 17 23.3875 0cd9414a_20240913_113510.data
70.0 270.0 17 23.3875 0cd9414a_20240913_113534.data
50.0 270.0 17 -1 0cd9414a_20240913_113558.data
30.0 270.0 17 23.49125 0cd9414a_20240913_113622.data
10.0 270.0 17 23.49125 0cd9414a_20240913_113646.data
10.0 290.0 17 -1 0cd9414a_20240913_113710.data
30.0 290.0 17 23.49125 0cd9414a_20240913_113734.data
50.0 290.0 17 23.49125 0cd9414a_20240913_113758.data
70.0 290.0 17 -1 0cd9414a_20240913_113822.data
90.0 290.0 17 23.3875 0cd9414a_20240913_113846.data
110.0 290.0 17 23.3875 0cd9414a_20240913_113910.data
130.0 290.0 17 -1 0cd9414a_20240913_113934.data
150.0 290.0 17 23.3875 0cd9414a_20240913_113958.data
170.0 290.0 17 23.3875 0cd9414a_20240913_114022.data
190.0 290.0 17 -1 0cd9414a_20240913_114046.data
210.0 290.0 17 23.6975 0cd9414a_20240913_114110.data
230.0 290.0 17 23.6975 0cd9414a_20240913_114134.data
250.0 290.0 17 23.6975 0cd9414a_20240913_114158.data
270.0 290.0 17 23.6975 0cd9414a_20240913_114222.data
290.0 290.0 17 23.6975 0cd9414a_20240913_114246.data
290.0 310.0 17 23.6975 0cd9414a_20240913_114310.data
270.0 310.0 17 23.594575 0cd9414a_20240913_114334.data
250.0 310.0 17 23.594575 0cd9414a_20240913_114358.data
230.0 310.0 17 23.6975 0cd9414a_20240913_114422.data
210.0 310.0 17 23.6975 0cd9414a_20240913_114446.data
190.0 310.0 17 23.6975 0cd9414a_20240913_114510.data
170.0 310.0 17 23.8 0cd9414a_20240913_114534.data
150.0 310.0 17 23.6975 0cd9414a_20240913_114558.data
130.0 310.0 17 23.6975 0cd9414a_20240913_114622.data
110.0 310.0 17 23.6975 0cd9414a_20240913_114647.data
90.0 310.0 17 23.594575 0cd9414a_20240913_114711.data
70.0 310.0 17 23.6975 0cd9414a_20240913_114735.data
50.0 310.0 17 23.6975 0cd9414a_20240913_114759.data
30.0 310.0 17 23.6975 0cd9414a_20240913_114823.data
10.0 310.0 17 23.594575 0cd9414a_20240913_114847.data
10.0 330.0 17 23.6975 0cd9414a_20240913_114911.data
30.0 330.0 17 23.8 0cd9414a_20240913_114935.data
50.0 330.0 17 23.594575 0cd9414a_20240913_114959.data
70.0 330.0 17 23.594575 0cd9414a_20240913_115023.data
90.0 330.0 17 23.6975 0cd9414a_20240913_115047.data
110.0 330.0 17 23.6975 0cd9414a_20240913_115111.data
130.0 330.0 17 23.6975 0cd9414a_20240913_115135.data
150.0 330.0 17 23.6975 0cd9414a_20240913_115159.data
170.0 330.0 17 23.49125 0cd9414a_20240913_115223.data
190.0 330.0 17 23.6975 0cd9414a_20240913_115247.data
210.0 330.0 17 23.6975 0cd9414a_20240913_115311.data
230.0 330.0 17 23.6975 0cd9414a_20240913_115335.data
250.0 330.0 17 23.6975 0cd9414a_20240913_115359.data
270.0 330.0 17 23.6975 0cd9414a_20240913_115423.data
290.0 330.0 17 23.594575 0cd9414a_20240913_115447.data
10.0 350.0 17 23.6975 0cd9414a_20240913_121509.data
30.0 350.0 17 23.594575 0cd9414a_20240913_121533.data
50.0 350.0 17 23.6975 0cd9414a_20240913_121557.data
70.0 350.0 17 23.6975 0cd9414a_20240913_121621.data
90.0 350.0 17 23.594575 0cd9414a_20240913_121645.data
110.0 350.0 17 23.6975 0cd9414a_20240913_121709.data
130.0 350.0 17 23.6975 0cd9414a_20240913_121733.data
150.0 350.0 17 23.594575 0cd9414a_20240913_121757.data
170.0 350.0 17 23.6975 0cd9414a_20240913_121821.data
190.0 350.0 17 23.6975 0cd9414a_20240913_121845.data
210.0 350.0 17 23.6975 0cd9414a_20240913_121909.data
230.0 350.0 17 23.594575 0cd9414a_20240913_121933.data
250.0 350.0 17 23.6975 0cd9414a_20240913_121957.data
270.0 350.0 17 23.594575 0cd9414a_20240913_122021.data
290.0 350.0 17 23.6975 0cd9414a_20240913_122045.data
290.0 370.0 17 23.6975 0cd9414a_20240913_122109.data
270.0 370.0 17 23.6975 0cd9414a_20240913_122133.data
250.0 370.0 17 23.6975 0cd9414a_20240913_122157.data
230.0 370.0 17 23.594575 0cd9414a_20240913_122221.data
210.0 370.0 17 23.6975 0cd9414a_20240913_122245.data
190.0 370.0 17 23.594575 0cd9414a_20240913_122309.data
170.0 370.0 17 23.6975 0cd9414a_20240913_122333.data
150.0 370.0 17 23.6975 0cd9414a_20240913_122357.data
130.0 370.0 17 23.6975 0cd9414a_20240913_122421.data
110.0 370.0 17 23.6975 0cd9414a_20240913_122445.data
90.0 370.0 17 23.594575 0cd9414a_20240913_122509.data
70.0 370.0 17 23.902100000000004 0cd9414a_20240913_122533.data
50.0 370.0 17 23.6975 0cd9414a_20240913_122557.data
30.0 370.0 17 23.594575 0cd9414a_20240913_122621.data
10.0 370.0 17 23.6975 0cd9414a_20240913_122645.data
10.0 390.0 17 23.8 0cd9414a_20240913_122709.data
30.0 390.0 17 23.6975 0cd9414a_20240913_122733.data
50.0 390.0 17 23.6975 0cd9414a_20240913_122757.data
70.0 390.0 17 23.6975 0cd9414a_20240913_122821.data
90.0 390.0 17 23.6975 0cd9414a_20240913_122845.data
110.0 390.0 17 23.6975 0cd9414a_20240913_122909.data
130.0 390.0 17 23.6975 0cd9414a_20240913_122933.data
150.0 390.0 17 23.6975 0cd9414a_20240913_122957.data
170.0 390.0 17 23.6975 0cd9414a_20240913_123021.data
190.0 390.0 17 23.6975 0cd9414a_20240913_123045.data
210.0 390.0 17 23.6975 0cd9414a_20240913_123109.data
230.0 390.0 17 23.6975 0cd9414a_20240913_123133.data
250.0 390.0 17 23.594575 0cd9414a_20240913_123157.data
270.0 390.0 17 23.594575 0cd9414a_20240913_123221.data
290.0 390.0 17 23.6975 0cd9414a_20240913_123245.data
290.0 410.0 17 23.6975 0cd9414a_20240913_123310.data
270.0 410.0 17 23.6975 0cd9414a_20240913_123334.data
250.0 410.0 17 23.594575 0cd9414a_20240913_123358.data
230.0 410.0 17 23.6975 0cd9414a_20240913_123422.data
210.0 410.0 17 23.6975 0cd9414a_20240913_123446.data
190.0 410.0 17 23.6975 0cd9414a_20240913_123510.data
170.0 410.0 17 23.6975 0cd9414a_20240913_123534.data
150.0 410.0 17 23.6975 0cd9414a_20240913_123558.data
130.0 410.0 17 23.594575 0cd9414a_20240913_123622.data
110.0 410.0 17 23.6975 0cd9414a_20240913_123646.data
90.0 410.0 17 23.594575 0cd9414a_20240913_123710.data
70.0 410.0 17 23.6975 0cd9414a_20240913_123734.data
50.0 410.0 17 23.6975 0cd9414a_20240913_123758.data
30.0 410.0 17 23.594575 0cd9414a_20240913_123822.data
10.0 410.0 17 23.6975 0cd9414a_20240913_123846.data
10.0 430.0 17 23.594575 0cd9414a_20240913_123910.data
30.0 430.0 17 23.594575 0cd9414a_20240913_123934.data
50.0 430.0 17 23.6975 0cd9414a_20240913_123958.data
70.0 430.0 17 23.6975 0cd9414a_20240913_124022.data
90.0 430.0 17 23.902100000000004 0cd9414a_20240913_124046.data
110.0 430.0 17 23.6975 0cd9414a_20240913_124110.data
130.0 430.0 17 23.6975 0cd9414a_20240913_124134.data
150.0 430.0 17 23.594575 0cd9414a_20240913_124158.data
170.0 430.0 17 23.6975 0cd9414a_20240913_124222.data
190.0 430.0 17 23.6975 0cd9414a_20240913_124246.data
210.0 430.0 17 23.6975 0cd9414a_20240913_124310.data
230.0 430.0 17 23.6975 0cd9414a_20240913_124334.data
250.0 430.0 17 23.6975 0cd9414a_20240913_124358.data
270.0 430.0 17 23.6975 0cd9414a_20240913_124422.data
290.0 430.0 17 23.6975 0cd9414a_20240913_124446.data
290.0 450.0 17 23.6975 0cd9414a_20240913_124510.data
270.0 450.0 17 23.6975 0cd9414a_20240913_124534.data
250.0 450.0 17 23.6975 0cd9414a_20240913_124558.data
230.0 450.0 17 23.6975 0cd9414a_20240913_124622.data
210.0 450.0 17 23.6975 0cd9414a_20240913_124646.data
190.0 450.0 17 23.6975 0cd9414a_20240913_124710.data
170.0 450.0 17 23.6975 0cd9414a_20240913_124734.data
150.0 450.0 17 23.6975 0cd9414a_20240913_124758.data
130.0 450.0 17 23.6975 0cd9414a_20240913_124822.data
110.0 450.0 17 23.6975 0cd9414a_20240913_124846.data
90.0 450.0 17 23.6975 0cd9414a_20240913_124910.data
70.0 450.0 17 23.6975 0cd9414a_20240913_124934.data
50.0 450.0 17 23.6975 0cd9414a_20240913_124958.data
30.0 450.0 17 23.6975 0cd9414a_20240913_125022.data
10.0 450.0 17 23.6975 0cd9414a_20240913_125046.data
10.0 470.0 17 23.6975 0cd9414a_20240913_125110.data
30.0 470.0 17 23.6975 0cd9414a_20240913_125134.data
50.0 470.0 17 23.6975 0cd9414a_20240913_125158.data
70.0 470.0 17 23.6975 0cd9414a_20240913_125222.data
90.0 470.0 17 23.6975 0cd9414a_20240913_125246.data
110.0 470.0 17 23.6975 0cd9414a_20240913_125310.data
130.0 470.0 17 23.6975 0cd9414a_20240913_125334.data
150.0 470.0 17 23.6975 0cd9414a_20240913_125358.data
170.0 470.0 17 23.6975 0cd9414a_20240913_125422.data
190.0 470.0 17 23.6975 0cd9414a_20240913_125446.data
210.0 470.0 17 23.6975 0cd9414a_20240913_125510.data
230.0 470.0 17 23.594575 0cd9414a_20240913_125534.data
250.0 470.0 17 23.6975 0cd9414a_20240913_125558.data
270.0 470.0 17 23.6975 0cd9414a_20240913_125622.data
290.0 470.0 17 23.594575 0cd9414a_20240913_125646.data
