-1 -1 -1 26.240572687224667 0cd9414a_20240905_133014.data
10.0 10.0 17 26.585916299559475 0cd9414a_20240905_133053.data
30.0 10.0 17 26.471233480176213 0cd9414a_20240905_133117.data
50.0 10.0 17 26.240572687224667 0cd9414a_20240905_133141.data
70.0 10.0 17 26.356118942731285 0cd9414a_20240905_133205.data
90.0 10.0 17 26.471233480176213 0cd9414a_20240905_133229.data
110.0 10.0 17 26.240572687224667 0cd9414a_20240905_133253.data
130.0 10.0 17 26.471233480176213 0cd9414a_20240905_133317.data
150.0 10.0 17 26.471233480176213 0cd9414a_20240905_133341.data
170.0 10.0 17 26.240572687224667 0cd9414a_20240905_133405.data
190.0 10.0 17 26.471233480176213 0cd9414a_20240905_133429.data
210.0 10.0 17 26.124563876651983 0cd9414a_20240905_133453.data
230.0 10.0 17 26.240572687224667 0cd9414a_20240905_133517.data
250.0 10.0 17 26.471233480176213 0cd9414a_20240905_133541.data
270.0 10.0 17 26.471233480176213 0cd9414a_20240905_133605.data
290.0 10.0 17 26.240572687224667 0cd9414a_20240905_133629.data
290.0 30.0 17 26.471233480176213 0cd9414a_20240905_133653.data
270.0 30.0 17 26.471233480176213 0cd9414a_20240905_133717.data
250.0 30.0 17 26.240572687224667 0cd9414a_20240905_133741.data
230.0 30.0 17 26.356118942731285 0cd9414a_20240905_133805.data
210.0 30.0 17 26.356118942731285 0cd9414a_20240905_133829.data
190.0 30.0 17 26.471233480176213 0cd9414a_20240905_133853.data
170.0 30.0 17 26.124563876651983 0cd9414a_20240905_133917.data
150.0 30.0 17 26.356118942731285 0cd9414a_20240905_133941.data
130.0 30.0 17 26.471233480176213 0cd9414a_20240905_134005.data
110.0 30.0 17 26.240572687224667 0cd9414a_20240905_134029.data
90.0 30.0 17 26.124563876651983 0cd9414a_20240905_134053.data
70.0 30.0 17 26.471233480176213 0cd9414a_20240905_134117.data
50.0 30.0 17 26.471233480176213 0cd9414a_20240905_134141.data
30.0 30.0 17 26.356118942731285 0cd9414a_20240905_134205.data
10.0 30.0 17 26.471233480176213 0cd9414a_20240905_134229.data
10.0 50.0 17 26.471233480176213 0cd9414a_20240905_134253.data
30.0 50.0 17 26.240572687224667 0cd9414a_20240905_134317.data
50.0 50.0 17 26.124563876651983 0cd9414a_20240905_134341.data
70.0 50.0 17 26.471233480176213 0cd9414a_20240905_134405.data
90.0 50.0 17 26.240572687224667 0cd9414a_20240905_134429.data
110.0 50.0 17 26.240572687224667 0cd9414a_20240905_134454.data
130.0 50.0 17 26.356118942731285 0cd9414a_20240905_134518.data
150.0 50.0 17 26.471233480176213 0cd9414a_20240905_134542.data
170.0 50.0 17 26.240572687224667 0cd9414a_20240905_134606.data
190.0 50.0 17 26.471233480176213 0cd9414a_20240905_134630.data
210.0 50.0 17 26.471233480176213 0cd9414a_20240905_134654.data
230.0 50.0 17 26.240572687224667 0cd9414a_20240905_134718.data
250.0 50.0 17 26.471233480176213 0cd9414a_20240905_134742.data
270.0 50.0 17 26.356118942731285 0cd9414a_20240905_134806.data
290.0 50.0 17 26.240572687224667 0cd9414a_20240905_134830.data
290.0 70.0 17 26.356118942731285 0cd9414a_20240905_134854.data
270.0 70.0 17 26.356118942731285 0cd9414a_20240905_134918.data
250.0 70.0 17 26.471233480176213 0cd9414a_20240905_134942.data
230.0 70.0 17 26.240572687224667 0cd9414a_20240905_135006.data
210.0 70.0 17 26.471233480176213 0cd9414a_20240905_135030.data
190.0 70.0 17 26.471233480176213 0cd9414a_20240905_135054.data
170.0 70.0 17 26.124563876651983 0cd9414a_20240905_135118.data
150.0 70.0 17 26.471233480176213 0cd9414a_20240905_135142.data
130.0 70.0 17 26.124563876651983 0cd9414a_20240905_135206.data
110.0 70.0 17 26.356118942731285 0cd9414a_20240905_135230.data
90.0 70.0 17 26.471233480176213 0cd9414a_20240905_135254.data
70.0 70.0 17 26.124563876651983 0cd9414a_20240905_135318.data
50.0 70.0 17 26.471233480176213 0cd9414a_20240905_135342.data
30.0 70.0 17 26.471233480176213 0cd9414a_20240905_135406.data
10.0 70.0 17 26.124563876651983 0cd9414a_20240905_135430.data
10.0 90.0 17 26.356118942731285 0cd9414a_20240905_135454.data
30.0 90.0 17 26.124563876651983 0cd9414a_20240905_135518.data
50.0 90.0 17 26.471233480176213 0cd9414a_20240905_135542.data
70.0 90.0 17 26.471233480176213 0cd9414a_20240905_135606.data
90.0 90.0 17 26.240572687224667 0cd9414a_20240905_135630.data
110.0 90.0 17 26.471233480176213 0cd9414a_20240905_135654.data
130.0 90.0 17 26.356118942731285 0cd9414a_20240905_135718.data
150.0 90.0 17 26.240572687224667 0cd9414a_20240905_135742.data
170.0 90.0 17 26.124563876651983 0cd9414a_20240905_135806.data
190.0 90.0 17 26.471233480176213 0cd9414a_20240905_135830.data
210.0 90.0 17 26.124563876651983 0cd9414a_20240905_135854.data
230.0 90.0 17 26.356118942731285 0cd9414a_20240905_135918.data
250.0 90.0 17 26.124563876651983 0cd9414a_20240905_135942.data
270.0 90.0 17 26.471233480176213 0cd9414a_20240905_140006.data
290.0 90.0 17 26.471233480176213 0cd9414a_20240905_140030.data
290.0 110.0 17 26.240572687224667 0cd9414a_20240905_140054.data
270.0 110.0 17 26.471233480176213 0cd9414a_20240905_140118.data
250.0 110.0 17 26.471233480176213 0cd9414a_20240905_140142.data
230.0 110.0 17 26.124563876651983 0cd9414a_20240905_140206.data
210.0 110.0 17 26.471233480176213 0cd9414a_20240905_140230.data
190.0 110.0 17 26.240572687224667 0cd9414a_20240905_140254.data
170.0 110.0 17 26.356118942731285 0cd9414a_20240905_140318.data
150.0 110.0 17 26.124563876651983 0cd9414a_20240905_140342.data
130.0 110.0 17 26.240572687224667 0cd9414a_20240905_140406.data
110.0 110.0 17 26.471233480176213 0cd9414a_20240905_140430.data
90.0 110.0 17 26.124563876651983 0cd9414a_20240905_140454.data
70.0 110.0 17 26.471233480176213 0cd9414a_20240905_140518.data
50.0 110.0 17 26.471233480176213 0cd9414a_20240905_140542.data
30.0 110.0 17 26.008123348017623 0cd9414a_20240905_140606.data
10.0 110.0 17 26.356118942731285 0cd9414a_20240905_140630.data
10.0 130.0 17 26.356118942731285 0cd9414a_20240905_140654.data
30.0 130.0 17 26.356118942731285 0cd9414a_20240905_140718.data
50.0 130.0 17 26.471233480176213 0cd9414a_20240905_140742.data
70.0 130.0 17 26.471233480176213 0cd9414a_20240905_140806.data
90.0 130.0 17 26.240572687224667 0cd9414a_20240905_140830.data
110.0 130.0 17 26.356118942731285 0cd9414a_20240905_140854.data
130.0 130.0 17 26.471233480176213 0cd9414a_20240905_140918.data
150.0 130.0 17 26.124563876651983 0cd9414a_20240905_140942.data
170.0 130.0 17 26.356118942731285 0cd9414a_20240905_141006.data
190.0 130.0 17 26.124563876651983 0cd9414a_20240905_141030.data
210.0 130.0 17 26.356118942731285 0cd9414a_20240905_141054.data
230.0 130.0 17 26.124563876651983 0cd9414a_20240905_141118.data
250.0 130.0 17 26.471233480176213 0cd9414a_20240905_141142.data
270.0 130.0 17 26.124563876651983 0cd9414a_20240905_141206.data
290.0 130.0 17 26.471233480176213 0cd9414a_20240905_141230.data
290.0 150.0 17 26.124563876651983 0cd9414a_20240905_141254.data
270.0 150.0 17 26.471233480176213 0cd9414a_20240905_141318.data
250.0 150.0 17 26.356118942731285 0cd9414a_20240905_141342.data
230.0 150.0 17 26.471233480176213 0cd9414a_20240905_141406.data
210.0 150.0 17 26.124563876651983 0cd9414a_20240905_141430.data
190.0 150.0 17 26.240572687224667 0cd9414a_20240905_141454.data
170.0 150.0 17 26.124563876651983 0cd9414a_20240905_141518.data
150.0 150.0 17 26.124563876651983 0cd9414a_20240905_141542.data
130.0 150.0 17 26.356118942731285 0cd9414a_20240905_141606.data
110.0 150.0 17 26.124563876651983 0cd9414a_20240905_141630.data
90.0 150.0 17 26.240572687224667 0cd9414a_20240905_141654.data
70.0 150.0 17 26.124563876651983 0cd9414a_20240905_141718.data
50.0 150.0 17 26.356118942731285 0cd9414a_20240905_141742.data
30.0 150.0 17 26.124563876651983 0cd9414a_20240905_141807.data
10.0 150.0 17 26.124563876651983 0cd9414a_20240905_141830.data
10.0 170.0 17 26.240572687224667 0cd9414a_20240905_141855.data
30.0 170.0 17 26.124563876651983 0cd9414a_20240905_141919.data
50.0 170.0 17 26.124563876651983 0cd9414a_20240905_141943.data
70.0 170.0 17 26.124563876651983 0cd9414a_20240905_142007.data
90.0 170.0 17 26.124563876651983 0cd9414a_20240905_142031.data
110.0 170.0 17 26.124563876651983 0cd9414a_20240905_142055.data
130.0 170.0 17 26.124563876651983 0cd9414a_20240905_142119.data
150.0 170.0 17 26.124563876651983 0cd9414a_20240905_142143.data
170.0 170.0 17 26.124563876651983 0cd9414a_20240905_142207.data
190.0 170.0 17 26.124563876651983 0cd9414a_20240905_142231.data
210.0 170.0 17 26.124563876651983 0cd9414a_20240905_142255.data
230.0 170.0 17 26.124563876651983 0cd9414a_20240905_142319.data
250.0 170.0 17 26.240572687224667 0cd9414a_20240905_142343.data
270.0 170.0 17 26.240572687224667 0cd9414a_20240905_142407.data
290.0 170.0 17 26.124563876651983 0cd9414a_20240905_142431.data
290.0 190.0 17 26.240572687224667 0cd9414a_20240905_142455.data
270.0 190.0 17 26.124563876651983 0cd9414a_20240905_142519.data
250.0 190.0 17 26.124563876651983 0cd9414a_20240905_142543.data
230.0 190.0 17 26.124563876651983 0cd9414a_20240905_142607.data
210.0 190.0 17 26.124563876651983 0cd9414a_20240905_142631.data
190.0 190.0 17 26.124563876651983 0cd9414a_20240905_142655.data
170.0 190.0 17 26.124563876651983 0cd9414a_20240905_142719.data
150.0 190.0 17 26.124563876651983 0cd9414a_20240905_142743.data
130.0 190.0 17 26.124563876651983 0cd9414a_20240905_142807.data
110.0 190.0 17 26.124563876651983 0cd9414a_20240905_142831.data
90.0 190.0 17 26.124563876651983 0cd9414a_20240905_142855.data
70.0 190.0 17 26.124563876651983 0cd9414a_20240905_142919.data
50.0 190.0 17 26.124563876651983 0cd9414a_20240905_142943.data
30.0 190.0 17 26.124563876651983 0cd9414a_20240905_143007.data
10.0 190.0 17 26.124563876651983 0cd9414a_20240905_143031.data
10.0 210.0 17 26.124563876651983 0cd9414a_20240905_143055.data
30.0 210.0 17 26.124563876651983 0cd9414a_20240905_143119.data
50.0 210.0 17 26.124563876651983 0cd9414a_20240905_143143.data
70.0 210.0 17 26.124563876651983 0cd9414a_20240905_143207.data
90.0 210.0 17 26.240572687224667 0cd9414a_20240905_143231.data
110.0 210.0 17 26.124563876651983 0cd9414a_20240905_143255.data
130.0 210.0 17 26.124563876651983 0cd9414a_20240905_143319.data
150.0 210.0 17 26.124563876651983 0cd9414a_20240905_143343.data
170.0 210.0 17 26.124563876651983 0cd9414a_20240905_143407.data
190.0 210.0 17 26.124563876651983 0cd9414a_20240905_143431.data
210.0 210.0 17 26.008123348017623 0cd9414a_20240905_143455.data
230.0 210.0 17 26.124563876651983 0cd9414a_20240905_143519.data
250.0 210.0 17 26.240572687224667 0cd9414a_20240905_143543.data
270.0 210.0 17 26.124563876651983 0cd9414a_20240905_143607.data
290.0 210.0 17 26.124563876651983 0cd9414a_20240905_143631.data
290.0 230.0 17 26.124563876651983 0cd9414a_20240905_143655.data
270.0 230.0 17 26.124563876651983 0cd9414a_20240905_143719.data
250.0 230.0 17 26.124563876651983 0cd9414a_20240905_143743.data
230.0 230.0 17 26.124563876651983 0cd9414a_20240905_143807.data
210.0 230.0 17 26.124563876651983 0cd9414a_20240905_143831.data
190.0 230.0 17 26.124563876651983 0cd9414a_20240905_143855.data
170.0 230.0 17 26.124563876651983 0cd9414a_20240905_143919.data
150.0 230.0 17 26.124563876651983 0cd9414a_20240905_143943.data
130.0 230.0 17 26.124563876651983 0cd9414a_20240905_144007.data
110.0 230.0 17 26.124563876651983 0cd9414a_20240905_144031.data
90.0 230.0 17 26.124563876651983 0cd9414a_20240905_144055.data
70.0 230.0 17 26.124563876651983 0cd9414a_20240905_144119.data
50.0 230.0 17 26.124563876651983 0cd9414a_20240905_144143.data
30.0 230.0 17 26.124563876651983 0cd9414a_20240905_144207.data
10.0 230.0 17 26.124563876651983 0cd9414a_20240905_144231.data
10.0 250.0 17 26.124563876651983 0cd9414a_20240905_144255.data
30.0 250.0 17 26.124563876651983 0cd9414a_20240905_144319.data
50.0 250.0 17 26.124563876651983 0cd9414a_20240905_144343.data
70.0 250.0 17 26.124563876651983 0cd9414a_20240905_144407.data
90.0 250.0 17 26.124563876651983 0cd9414a_20240905_144431.data
110.0 250.0 17 26.124563876651983 0cd9414a_20240905_144455.data
130.0 250.0 17 26.356118942731285 0cd9414a_20240905_144519.data
150.0 250.0 17 26.124563876651983 0cd9414a_20240905_144543.data
170.0 250.0 17 26.124563876651983 0cd9414a_20240905_144607.data
190.0 250.0 17 26.124563876651983 0cd9414a_20240905_144631.data
210.0 250.0 17 26.124563876651983 0cd9414a_20240905_144655.data
230.0 250.0 17 26.124563876651983 0cd9414a_20240905_144719.data
250.0 250.0 17 26.356118942731285 0cd9414a_20240905_144743.data
270.0 250.0 17 26.124563876651983 0cd9414a_20240905_144807.data
290.0 250.0 17 26.124563876651983 0cd9414a_20240905_144831.data
290.0 270.0 17 26.124563876651983 0cd9414a_20240905_144855.data
270.0 270.0 17 26.124563876651983 0cd9414a_20240905_144919.data
250.0 270.0 17 26.124563876651983 0cd9414a_20240905_144943.data
230.0 270.0 17 26.124563876651983 0cd9414a_20240905_145007.data
210.0 270.0 17 26.124563876651983 0cd9414a_20240905_145031.data
190.0 270.0 17 26.124563876651983 0cd9414a_20240905_145055.data
170.0 270.0 17 26.124563876651983 0cd9414a_20240905_145119.data
150.0 270.0 17 26.124563876651983 0cd9414a_20240905_145143.data
130.0 270.0 17 26.008123348017623 0cd9414a_20240905_145207.data
110.0 270.0 17 26.124563876651983 0cd9414a_20240905_145231.data
90.0 270.0 17 26.124563876651983 0cd9414a_20240905_145255.data
70.0 270.0 17 26.124563876651983 0cd9414a_20240905_145320.data
50.0 270.0 17 26.124563876651983 0cd9414a_20240905_145344.data
30.0 270.0 17 26.240572687224667 0cd9414a_20240905_145408.data
10.0 270.0 17 26.124563876651983 0cd9414a_20240905_145432.data
10.0 290.0 17 26.124563876651983 0cd9414a_20240905_145456.data
30.0 290.0 17 26.124563876651983 0cd9414a_20240905_145520.data
50.0 290.0 17 26.008123348017623 0cd9414a_20240905_145544.data
70.0 290.0 17 26.124563876651983 0cd9414a_20240905_145608.data
90.0 290.0 17 26.124563876651983 0cd9414a_20240905_145632.data
110.0 290.0 17 26.124563876651983 0cd9414a_20240905_145656.data
130.0 290.0 17 26.124563876651983 0cd9414a_20240905_145720.data
150.0 290.0 17 26.124563876651983 0cd9414a_20240905_145744.data
170.0 290.0 17 26.124563876651983 0cd9414a_20240905_145808.data
190.0 290.0 17 26.124563876651983 0cd9414a_20240905_145832.data
210.0 290.0 17 26.124563876651983 0cd9414a_20240905_145856.data
230.0 290.0 17 26.124563876651983 0cd9414a_20240905_145920.data
250.0 290.0 17 26.124563876651983 0cd9414a_20240905_145944.data
270.0 290.0 17 26.124563876651983 0cd9414a_20240905_150008.data
290.0 290.0 17 26.124563876651983 0cd9414a_20240905_150032.data
290.0 310.0 17 26.124563876651983 0cd9414a_20240905_150056.data
270.0 310.0 17 26.124563876651983 0cd9414a_20240905_150120.data
250.0 310.0 17 26.124563876651983 0cd9414a_20240905_150144.data
230.0 310.0 17 26.124563876651983 0cd9414a_20240905_150208.data
210.0 310.0 17 -1 0cd9414a_20240905_150232.data
190.0 310.0 17 26.124563876651983 0cd9414a_20240905_150256.data
170.0 310.0 17 26.124563876651983 0cd9414a_20240905_150320.data
150.0 310.0 17 -1 0cd9414a_20240905_150344.data
130.0 310.0 17 26.124563876651983 0cd9414a_20240905_150408.data
110.0 310.0 17 26.124563876651983 0cd9414a_20240905_150432.data
90.0 310.0 17 26.124563876651983 0cd9414a_20240905_150456.data
70.0 310.0 17 26.240572687224667 0cd9414a_20240905_150520.data
50.0 310.0 17 26.124563876651983 0cd9414a_20240905_150544.data
30.0 310.0 17 26.124563876651983 0cd9414a_20240905_150608.data
10.0 310.0 17 -1 0cd9414a_20240905_150632.data
10.0 330.0 17 26.240572687224667 0cd9414a_20240905_150656.data
30.0 330.0 17 26.124563876651983 0cd9414a_20240905_150720.data
50.0 330.0 17 26.124563876651983 0cd9414a_20240905_150744.data
70.0 330.0 17 26.125550660792953 0cd9414a_20240905_150808.data
90.0 330.0 17 26.124563876651983 0cd9414a_20240905_150832.data
110.0 330.0 17 26.124563876651983 0cd9414a_20240905_150856.data
130.0 330.0 17 26.240572687224667 0cd9414a_20240905_150920.data
150.0 330.0 17 26.240572687224667 0cd9414a_20240905_150944.data
170.0 330.0 17 26.124563876651983 0cd9414a_20240905_151008.data
190.0 330.0 17 26.124563876651983 0cd9414a_20240905_151032.data
210.0 330.0 17 26.124563876651983 0cd9414a_20240905_151056.data
230.0 330.0 17 26.240572687224667 0cd9414a_20240905_151120.data
250.0 330.0 17 26.124563876651983 0cd9414a_20240905_151144.data
270.0 330.0 17 26.240572687224667 0cd9414a_20240905_151208.data
290.0 330.0 17 26.240572687224667 0cd9414a_20240905_151232.data
10.0 350.0 17 26.240572687224667 0cd9414a_20240905_155302.data
30.0 350.0 17 26.356118942731285 0cd9414a_20240905_155326.data
50.0 350.0 17 26.124563876651983 0cd9414a_20240905_155350.data
70.0 350.0 17 26.124563876651983 0cd9414a_20240905_155414.data
90.0 350.0 17 26.008123348017623 0cd9414a_20240905_155438.data
110.0 350.0 17 26.124563876651983 0cd9414a_20240905_155502.data
130.0 350.0 17 26.124563876651983 0cd9414a_20240905_155526.data
150.0 350.0 17 26.124563876651983 0cd9414a_20240905_155550.data
170.0 350.0 17 26.240572687224667 0cd9414a_20240905_155614.data
190.0 350.0 17 26.124563876651983 0cd9414a_20240905_155638.data
210.0 350.0 17 26.124563876651983 0cd9414a_20240905_155702.data
230.0 350.0 17 26.124563876651983 0cd9414a_20240905_155726.data
250.0 350.0 17 26.124563876651983 0cd9414a_20240905_155750.data
270.0 350.0 17 26.124563876651983 0cd9414a_20240905_155814.data
290.0 350.0 17 26.124563876651983 0cd9414a_20240905_155838.data
290.0 370.0 17 26.240572687224667 0cd9414a_20240905_155902.data
270.0 370.0 17 26.240572687224667 0cd9414a_20240905_155926.data
250.0 370.0 17 26.124563876651983 0cd9414a_20240905_155950.data
230.0 370.0 17 26.240572687224667 0cd9414a_20240905_160014.data
210.0 370.0 17 26.124563876651983 0cd9414a_20240905_160038.data
190.0 370.0 17 26.240572687224667 0cd9414a_20240905_160102.data
170.0 370.0 17 26.124563876651983 0cd9414a_20240905_160126.data
150.0 370.0 17 26.124563876651983 0cd9414a_20240905_160150.data
130.0 370.0 17 26.124563876651983 0cd9414a_20240905_160214.data
110.0 370.0 17 26.124563876651983 0cd9414a_20240905_160238.data
90.0 370.0 17 26.240572687224667 0cd9414a_20240905_160302.data
70.0 370.0 17 26.124563876651983 0cd9414a_20240905_160326.data
50.0 370.0 17 26.240572687224667 0cd9414a_20240905_160350.data
30.0 370.0 17 26.240572687224667 0cd9414a_20240905_160414.data
10.0 370.0 17 26.124563876651983 0cd9414a_20240905_160438.data
10.0 390.0 17 26.124563876651983 0cd9414a_20240905_160502.data
30.0 390.0 17 26.124563876651983 0cd9414a_20240905_160526.data
50.0 390.0 17 26.240572687224667 0cd9414a_20240905_160550.data
70.0 390.0 17 26.124563876651983 0cd9414a_20240905_160614.data
90.0 390.0 17 26.240572687224667 0cd9414a_20240905_160638.data
110.0 390.0 17 26.124563876651983 0cd9414a_20240905_160702.data
130.0 390.0 17 26.240572687224667 0cd9414a_20240905_160726.data
150.0 390.0 17 26.240572687224667 0cd9414a_20240905_160750.data
170.0 390.0 17 26.356118942731285 0cd9414a_20240905_160814.data
190.0 390.0 17 26.124563876651983 0cd9414a_20240905_160838.data
210.0 390.0 17 26.124563876651983 0cd9414a_20240905_160902.data
230.0 390.0 17 26.124563876651983 0cd9414a_20240905_160926.data
250.0 390.0 17 26.240572687224667 0cd9414a_20240905_160950.data
270.0 390.0 17 26.124563876651983 0cd9414a_20240905_161014.data
290.0 390.0 17 26.124563876651983 0cd9414a_20240905_161038.data
290.0 410.0 17 26.356118942731285 0cd9414a_20240905_161102.data
270.0 410.0 17 26.124563876651983 0cd9414a_20240905_161126.data
250.0 410.0 17 26.240572687224667 0cd9414a_20240905_161150.data
230.0 410.0 17 26.240572687224667 0cd9414a_20240905_161214.data
210.0 410.0 17 26.124563876651983 0cd9414a_20240905_161238.data
190.0 410.0 17 26.124563876651983 0cd9414a_20240905_161302.data
170.0 410.0 17 26.124563876651983 0cd9414a_20240905_161326.data
150.0 410.0 17 26.124563876651983 0cd9414a_20240905_161350.data
130.0 410.0 17 26.124563876651983 0cd9414a_20240905_161414.data
110.0 410.0 17 26.240572687224667 0cd9414a_20240905_161438.data
90.0 410.0 17 26.124563876651983 0cd9414a_20240905_161502.data
70.0 410.0 17 26.240572687224667 0cd9414a_20240905_161526.data
50.0 410.0 17 26.240572687224667 0cd9414a_20240905_161550.data
30.0 410.0 17 26.124563876651983 0cd9414a_20240905_161614.data
10.0 410.0 17 26.240572687224667 0cd9414a_20240905_161638.data
10.0 430.0 17 26.124563876651983 0cd9414a_20240905_161702.data
30.0 430.0 17 26.124563876651983 0cd9414a_20240905_161726.data
50.0 430.0 17 26.240572687224667 0cd9414a_20240905_161750.data
70.0 430.0 17 26.240572687224667 0cd9414a_20240905_161814.data
90.0 430.0 17 26.240572687224667 0cd9414a_20240905_161838.data
110.0 430.0 17 26.240572687224667 0cd9414a_20240905_161902.data
130.0 430.0 17 26.240572687224667 0cd9414a_20240905_161926.data
150.0 430.0 17 26.124563876651983 0cd9414a_20240905_161950.data
170.0 430.0 17 26.124563876651983 0cd9414a_20240905_162014.data
190.0 430.0 17 26.240572687224667 0cd9414a_20240905_162038.data
210.0 430.0 17 26.124563876651983 0cd9414a_20240905_162102.data
230.0 430.0 17 26.240572687224667 0cd9414a_20240905_162126.data
250.0 430.0 17 26.240572687224667 0cd9414a_20240905_162150.data
270.0 430.0 17 26.240572687224667 0cd9414a_20240905_162214.data
290.0 430.0 17 26.124563876651983 0cd9414a_20240905_162238.data
290.0 450.0 17 26.240572687224667 0cd9414a_20240905_162302.data
270.0 450.0 17 26.124563876651983 0cd9414a_20240905_162326.data
250.0 450.0 17 26.124563876651983 0cd9414a_20240905_162351.data
230.0 450.0 17 26.124563876651983 0cd9414a_20240905_162415.data
210.0 450.0 17 26.124563876651983 0cd9414a_20240905_162439.data
190.0 450.0 17 26.240572687224667 0cd9414a_20240905_162503.data
170.0 450.0 17 26.124563876651983 0cd9414a_20240905_162527.data
150.0 450.0 17 26.124563876651983 0cd9414a_20240905_162551.data
130.0 450.0 17 26.124563876651983 0cd9414a_20240905_162615.data
110.0 450.0 17 26.124563876651983 0cd9414a_20240905_162639.data
90.0 450.0 17 26.124563876651983 0cd9414a_20240905_162703.data
70.0 450.0 17 26.124563876651983 0cd9414a_20240905_162727.data
50.0 450.0 17 26.008123348017623 0cd9414a_20240905_162751.data
30.0 450.0 17 26.240572687224667 0cd9414a_20240905_162815.data
10.0 450.0 17 26.240572687224667 0cd9414a_20240905_162839.data
10.0 470.0 17 26.124563876651983 0cd9414a_20240905_162903.data
30.0 470.0 17 26.240572687224667 0cd9414a_20240905_162927.data
50.0 470.0 17 26.124563876651983 0cd9414a_20240905_162951.data
70.0 470.0 17 26.124563876651983 0cd9414a_20240905_163015.data
90.0 470.0 17 26.356118942731285 0cd9414a_20240905_163039.data
110.0 470.0 17 26.240572687224667 0cd9414a_20240905_163103.data
130.0 470.0 17 26.124563876651983 0cd9414a_20240905_163127.data
150.0 470.0 17 26.240572687224667 0cd9414a_20240905_163151.data
170.0 470.0 17 26.124563876651983 0cd9414a_20240905_163215.data
190.0 470.0 17 26.240572687224667 0cd9414a_20240905_163239.data
210.0 470.0 17 26.240572687224667 0cd9414a_20240905_163303.data
230.0 470.0 17 26.124563876651983 0cd9414a_20240905_163327.data
250.0 470.0 17 26.240572687224667 0cd9414a_20240905_163351.data
270.0 470.0 17 26.240572687224667 0cd9414a_20240905_163415.data
290.0 470.0 17 26.240572687224667 0cd9414a_20240905_163439.data
