-1 -1 -1 27.709061674008815 0cd9414a_20240814_124426.data
10.0 10.0 17 27.598634361233486 0cd9414a_20240814_124505.data
30.0 10.0 17 27.709061674008815 0cd9414a_20240814_124529.data
50.0 10.0 17 27.598634361233486 0cd9414a_20240814_124553.data
70.0 10.0 17 27.598634361233486 0cd9414a_20240814_124617.data
90.0 10.0 17 27.709061674008815 0cd9414a_20240814_124641.data
110.0 10.0 17 27.709061674008815 0cd9414a_20240814_124705.data
130.0 10.0 17 27.709061674008815 0cd9414a_20240814_124729.data
150.0 10.0 17 27.709061674008815 0cd9414a_20240814_124753.data
170.0 10.0 17 27.709061674008815 0cd9414a_20240814_124817.data
190.0 10.0 17 27.709061674008815 0cd9414a_20240814_124841.data
210.0 10.0 17 27.598634361233486 0cd9414a_20240814_124905.data
230.0 10.0 17 27.598634361233486 0cd9414a_20240814_124929.data
250.0 10.0 17 27.598634361233486 0cd9414a_20240814_124953.data
270.0 10.0 17 27.598634361233486 0cd9414a_20240814_125017.data
290.0 10.0 17 27.598634361233486 0cd9414a_20240814_125041.data
290.0 30.0 17 27.709061674008815 0cd9414a_20240814_125105.data
270.0 30.0 17 27.598634361233486 0cd9414a_20240814_125129.data
250.0 30.0 17 27.598634361233486 0cd9414a_20240814_125153.data
230.0 30.0 17 27.709061674008815 0cd9414a_20240814_125217.data
210.0 30.0 17 27.598634361233486 0cd9414a_20240814_125241.data
190.0 30.0 17 27.598634361233486 0cd9414a_20240814_125305.data
170.0 30.0 17 27.598634361233486 0cd9414a_20240814_125329.data
150.0 30.0 17 27.598634361233486 0cd9414a_20240814_125353.data
130.0 30.0 17 27.598634361233486 0cd9414a_20240814_125417.data
110.0 30.0 17 27.598634361233486 0cd9414a_20240814_125441.data
90.0 30.0 17 27.598634361233486 0cd9414a_20240814_125505.data
70.0 30.0 17 27.598634361233486 0cd9414a_20240814_125529.data
50.0 30.0 17 27.598634361233486 0cd9414a_20240814_125553.data
30.0 30.0 17 27.709061674008815 0cd9414a_20240814_125617.data
10.0 30.0 17 27.709061674008815 0cd9414a_20240814_125641.data
10.0 50.0 17 27.598634361233486 0cd9414a_20240814_125705.data
30.0 50.0 17 27.598634361233486 0cd9414a_20240814_125729.data
50.0 50.0 17 27.598634361233486 0cd9414a_20240814_125753.data
70.0 50.0 17 27.598634361233486 0cd9414a_20240814_125817.data
90.0 50.0 17 27.81905726872247 0cd9414a_20240814_125841.data
110.0 50.0 17 27.81905726872247 0cd9414a_20240814_125905.data
130.0 50.0 17 27.928651982378856 0cd9414a_20240814_125929.data
150.0 50.0 17 27.928651982378856 0cd9414a_20240814_125953.data
170.0 50.0 17 28.037845814977977 0cd9414a_20240814_130017.data
190.0 50.0 17 27.928651982378856 0cd9414a_20240814_130041.data
210.0 50.0 17 27.928651982378856 0cd9414a_20240814_130105.data
230.0 50.0 17 27.928651982378856 0cd9414a_20240814_130129.data
250.0 50.0 17 27.928651982378856 0cd9414a_20240814_130153.data
270.0 50.0 17 27.81905726872247 0cd9414a_20240814_130217.data
290.0 50.0 17 27.928651982378856 0cd9414a_20240814_130241.data
290.0 70.0 17 27.928651982378856 0cd9414a_20240814_130305.data
270.0 70.0 17 27.81905726872247 0cd9414a_20240814_130329.data
250.0 70.0 17 27.928651982378856 0cd9414a_20240814_130353.data
230.0 70.0 17 27.598634361233486 0cd9414a_20240814_130417.data
210.0 70.0 17 27.928651982378856 0cd9414a_20240814_130441.data
190.0 70.0 17 27.81905726872247 0cd9414a_20240814_130506.data
170.0 70.0 17 27.709061674008815 0cd9414a_20240814_130529.data
150.0 70.0 17 27.928651982378856 0cd9414a_20240814_130554.data
130.0 70.0 17 27.81905726872247 0cd9414a_20240814_130618.data
110.0 70.0 17 27.81905726872247 0cd9414a_20240814_130642.data
90.0 70.0 17 27.928651982378856 0cd9414a_20240814_130706.data
70.0 70.0 17 27.928651982378856 0cd9414a_20240814_130730.data
50.0 70.0 17 27.928651982378856 0cd9414a_20240814_130754.data
30.0 70.0 17 27.928651982378856 0cd9414a_20240814_130818.data
10.0 70.0 17 27.928651982378856 0cd9414a_20240814_130842.data
10.0 90.0 17 27.928651982378856 0cd9414a_20240814_130906.data
30.0 90.0 17 27.928651982378856 0cd9414a_20240814_130930.data
50.0 90.0 17 27.709061674008815 0cd9414a_20240814_130954.data
70.0 90.0 17 27.81905726872247 0cd9414a_20240814_131018.data
90.0 90.0 17 27.81905726872247 0cd9414a_20240814_131042.data
110.0 90.0 17 27.928651982378856 0cd9414a_20240814_131106.data
130.0 90.0 17 27.928651982378856 0cd9414a_20240814_131130.data
150.0 90.0 17 27.81905726872247 0cd9414a_20240814_131154.data
170.0 90.0 17 27.928651982378856 0cd9414a_20240814_131218.data
190.0 90.0 17 27.928651982378856 0cd9414a_20240814_131242.data
210.0 90.0 17 27.81905726872247 0cd9414a_20240814_131306.data
230.0 90.0 17 27.81905726872247 0cd9414a_20240814_131330.data
250.0 90.0 17 27.81905726872247 0cd9414a_20240814_131354.data
270.0 90.0 17 27.81905726872247 0cd9414a_20240814_131418.data
290.0 90.0 17 27.928651982378856 0cd9414a_20240814_131442.data
290.0 110.0 17 27.81905726872247 0cd9414a_20240814_131506.data
270.0 110.0 17 27.81905726872247 0cd9414a_20240814_131530.data
250.0 110.0 17 27.81905726872247 0cd9414a_20240814_131554.data
230.0 110.0 17 27.598634361233486 0cd9414a_20240814_131618.data
210.0 110.0 17 27.709061674008815 0cd9414a_20240814_131642.data
190.0 110.0 17 27.709061674008815 0cd9414a_20240814_131706.data
170.0 110.0 17 27.709061674008815 0cd9414a_20240814_131730.data
150.0 110.0 17 27.598634361233486 0cd9414a_20240814_131754.data
130.0 110.0 17 27.81905726872247 0cd9414a_20240814_131818.data
110.0 110.0 17 27.81905726872247 0cd9414a_20240814_131842.data
90.0 110.0 17 27.81905726872247 0cd9414a_20240814_131906.data
70.0 110.0 17 27.928651982378856 0cd9414a_20240814_131930.data
50.0 110.0 17 27.928651982378856 0cd9414a_20240814_131954.data
30.0 110.0 17 27.81905726872247 0cd9414a_20240814_132018.data
10.0 110.0 17 27.81905726872247 0cd9414a_20240814_132042.data
10.0 130.0 17 27.81905726872247 0cd9414a_20240814_132106.data
30.0 130.0 17 27.81905726872247 0cd9414a_20240814_132130.data
50.0 130.0 17 27.928651982378856 0cd9414a_20240814_132154.data
70.0 130.0 17 27.81905726872247 0cd9414a_20240814_132218.data
90.0 130.0 17 27.81905726872247 0cd9414a_20240814_132242.data
110.0 130.0 17 27.81905726872247 0cd9414a_20240814_132306.data
130.0 130.0 17 27.81905726872247 0cd9414a_20240814_132330.data
150.0 130.0 17 27.928651982378856 0cd9414a_20240814_132354.data
170.0 130.0 17 27.81905726872247 0cd9414a_20240814_132418.data
190.0 130.0 17 27.598634361233486 0cd9414a_20240814_132442.data
210.0 130.0 17 27.598634361233486 0cd9414a_20240814_132506.data
230.0 130.0 17 27.81905726872247 0cd9414a_20240814_132530.data
250.0 130.0 17 27.81905726872247 0cd9414a_20240814_132554.data
270.0 130.0 17 27.928651982378856 0cd9414a_20240814_132618.data
290.0 130.0 17 27.81905726872247 0cd9414a_20240814_132642.data
290.0 150.0 17 27.81905726872247 0cd9414a_20240814_132706.data
270.0 150.0 17 27.81905726872247 0cd9414a_20240814_132730.data
250.0 150.0 17 27.81905726872247 0cd9414a_20240814_132754.data
230.0 150.0 17 27.81905726872247 0cd9414a_20240814_132818.data
210.0 150.0 17 27.81905726872247 0cd9414a_20240814_132842.data
190.0 150.0 17 27.928651982378856 0cd9414a_20240814_132906.data
170.0 150.0 17 27.81905726872247 0cd9414a_20240814_132930.data
150.0 150.0 17 27.81905726872247 0cd9414a_20240814_132954.data
130.0 150.0 17 27.81905726872247 0cd9414a_20240814_133018.data
110.0 150.0 17 27.81905726872247 0cd9414a_20240814_133042.data
90.0 150.0 17 27.928651982378856 0cd9414a_20240814_133106.data
70.0 150.0 17 27.81905726872247 0cd9414a_20240814_133130.data
50.0 150.0 17 27.81905726872247 0cd9414a_20240814_133154.data
30.0 150.0 17 27.81905726872247 0cd9414a_20240814_133218.data
10.0 150.0 17 27.928651982378856 0cd9414a_20240814_133242.data
10.0 170.0 17 27.81905726872247 0cd9414a_20240814_133306.data
30.0 170.0 17 27.81905726872247 0cd9414a_20240814_133330.data
50.0 170.0 17 27.81905726872247 0cd9414a_20240814_133354.data
70.0 170.0 17 27.81905726872247 0cd9414a_20240814_133418.data
90.0 170.0 17 27.928651982378856 0cd9414a_20240814_133442.data
110.0 170.0 17 27.81905726872247 0cd9414a_20240814_133506.data
130.0 170.0 17 27.81905726872247 0cd9414a_20240814_133530.data
150.0 170.0 17 27.81905726872247 0cd9414a_20240814_133554.data
170.0 170.0 17 27.81905726872247 0cd9414a_20240814_133618.data
190.0 170.0 17 27.81905726872247 0cd9414a_20240814_133642.data
210.0 170.0 17 27.81905726872247 0cd9414a_20240814_133706.data
230.0 170.0 17 27.81905726872247 0cd9414a_20240814_133730.data
250.0 170.0 17 27.598634361233486 0cd9414a_20240814_133754.data
270.0 170.0 17 27.598634361233486 0cd9414a_20240814_133818.data
290.0 170.0 17 27.598634361233486 0cd9414a_20240814_133842.data
290.0 190.0 17 27.709061674008815 0cd9414a_20240814_133906.data
270.0 190.0 17 27.709061674008815 0cd9414a_20240814_133930.data
250.0 190.0 17 27.928651982378856 0cd9414a_20240814_133954.data
230.0 190.0 17 27.81905726872247 0cd9414a_20240814_134018.data
210.0 190.0 17 27.81905726872247 0cd9414a_20240814_134042.data
190.0 190.0 17 27.81905726872247 0cd9414a_20240814_134106.data
170.0 190.0 17 27.81905726872247 0cd9414a_20240814_134130.data
150.0 190.0 17 27.81905726872247 0cd9414a_20240814_134154.data
130.0 190.0 17 27.81905726872247 0cd9414a_20240814_134218.data
110.0 190.0 17 27.81905726872247 0cd9414a_20240814_134242.data
90.0 190.0 17 27.81905726872247 0cd9414a_20240814_134307.data
70.0 190.0 17 27.709061674008815 0cd9414a_20240814_134331.data
50.0 190.0 17 27.598634361233486 0cd9414a_20240814_134355.data
30.0 190.0 17 27.598634361233486 0cd9414a_20240814_134419.data
10.0 190.0 17 27.81905726872247 0cd9414a_20240814_134443.data
10.0 210.0 17 27.928651982378856 0cd9414a_20240814_134507.data
30.0 210.0 17 27.81905726872247 0cd9414a_20240814_134531.data
50.0 210.0 17 27.81905726872247 0cd9414a_20240814_134555.data
70.0 210.0 17 27.81905726872247 0cd9414a_20240814_134619.data
90.0 210.0 17 27.928651982378856 0cd9414a_20240814_134643.data
110.0 210.0 17 27.709061674008815 0cd9414a_20240814_134707.data
130.0 210.0 17 27.598634361233486 0cd9414a_20240814_134731.data
150.0 210.0 17 27.598634361233486 0cd9414a_20240814_134755.data
170.0 210.0 17 27.81905726872247 0cd9414a_20240814_134819.data
190.0 210.0 17 27.928651982378856 0cd9414a_20240814_134843.data
210.0 210.0 17 27.81905726872247 0cd9414a_20240814_134907.data
230.0 210.0 17 27.81905726872247 0cd9414a_20240814_134931.data
250.0 210.0 17 27.81905726872247 0cd9414a_20240814_134955.data
270.0 210.0 17 27.709061674008815 0cd9414a_20240814_135019.data
290.0 210.0 17 27.709061674008815 0cd9414a_20240814_135043.data
290.0 230.0 17 27.928651982378856 0cd9414a_20240814_135107.data
270.0 230.0 17 27.81905726872247 0cd9414a_20240814_135131.data
250.0 230.0 17 27.81905726872247 0cd9414a_20240814_135155.data
230.0 230.0 17 27.81905726872247 0cd9414a_20240814_135219.data
210.0 230.0 17 27.81905726872247 0cd9414a_20240814_135243.data
190.0 230.0 17 27.81905726872247 0cd9414a_20240814_135307.data
170.0 230.0 17 27.598634361233486 0cd9414a_20240814_135331.data
150.0 230.0 17 27.598634361233486 0cd9414a_20240814_135355.data
130.0 230.0 17 27.81905726872247 0cd9414a_20240814_135419.data
110.0 230.0 17 27.81905726872247 0cd9414a_20240814_135443.data
90.0 230.0 17 27.81905726872247 0cd9414a_20240814_135507.data
70.0 230.0 17 27.81905726872247 0cd9414a_20240814_135531.data
50.0 230.0 17 27.81905726872247 0cd9414a_20240814_135555.data
30.0 230.0 17 27.81905726872247 0cd9414a_20240814_135619.data
10.0 230.0 17 27.598634361233486 0cd9414a_20240814_135643.data
10.0 250.0 17 27.81905726872247 0cd9414a_20240814_135707.data
30.0 250.0 17 27.81905726872247 0cd9414a_20240814_135731.data
50.0 250.0 17 27.709061674008815 0cd9414a_20240814_135755.data
70.0 250.0 17 27.709061674008815 0cd9414a_20240814_135819.data
90.0 250.0 17 27.598634361233486 0cd9414a_20240814_135843.data
110.0 250.0 17 27.81905726872247 0cd9414a_20240814_135907.data
130.0 250.0 17 27.81905726872247 0cd9414a_20240814_135931.data
150.0 250.0 17 27.81905726872247 0cd9414a_20240814_135955.data
170.0 250.0 17 27.81905726872247 0cd9414a_20240814_140019.data
190.0 250.0 17 27.81905726872247 0cd9414a_20240814_140043.data
210.0 250.0 17 27.598634361233486 0cd9414a_20240814_140107.data
230.0 250.0 17 27.81905726872247 0cd9414a_20240814_140131.data
250.0 250.0 17 27.81905726872247 0cd9414a_20240814_140155.data
270.0 250.0 17 27.81905726872247 0cd9414a_20240814_140219.data
290.0 250.0 17 27.598634361233486 0cd9414a_20240814_140243.data
290.0 270.0 17 27.709061674008815 0cd9414a_20240814_140307.data
270.0 270.0 17 27.81905726872247 0cd9414a_20240814_140331.data
250.0 270.0 17 27.928651982378856 0cd9414a_20240814_140355.data
230.0 270.0 17 27.709061674008815 0cd9414a_20240814_140419.data
210.0 270.0 17 27.487775330396477 0cd9414a_20240814_140443.data
190.0 270.0 17 27.81905726872247 0cd9414a_20240814_140507.data
170.0 270.0 17 27.81905726872247 0cd9414a_20240814_140531.data
150.0 270.0 17 27.81905726872247 0cd9414a_20240814_140555.data
130.0 270.0 17 27.81905726872247 0cd9414a_20240814_140619.data
110.0 270.0 17 27.598634361233486 0cd9414a_20240814_140643.data
90.0 270.0 17 27.81905726872247 0cd9414a_20240814_140707.data
70.0 270.0 17 27.81905726872247 0cd9414a_20240814_140731.data
50.0 270.0 17 27.81905726872247 0cd9414a_20240814_140755.data
30.0 270.0 17 27.709061674008815 0cd9414a_20240814_140819.data
10.0 270.0 17 27.709061674008815 0cd9414a_20240814_140843.data
10.0 290.0 17 27.81905726872247 0cd9414a_20240814_140907.data
30.0 290.0 17 27.81905726872247 0cd9414a_20240814_140931.data
50.0 290.0 17 27.81905726872247 0cd9414a_20240814_140955.data
70.0 290.0 17 27.81905726872247 0cd9414a_20240814_141019.data
90.0 290.0 17 27.81905726872247 0cd9414a_20240814_141043.data
110.0 290.0 17 27.81905726872247 0cd9414a_20240814_141107.data
130.0 290.0 17 27.487775330396477 0cd9414a_20240814_141131.data
150.0 290.0 17 27.81905726872247 0cd9414a_20240814_141155.data
170.0 290.0 17 27.81905726872247 0cd9414a_20240814_141219.data
190.0 290.0 17 27.598634361233486 0cd9414a_20240814_141243.data
210.0 290.0 17 27.709061674008815 0cd9414a_20240814_141307.data
230.0 290.0 17 27.81905726872247 0cd9414a_20240814_141331.data
250.0 290.0 17 27.487775330396477 0cd9414a_20240814_141355.data
270.0 290.0 17 27.598634361233486 0cd9414a_20240814_141419.data
290.0 290.0 17 27.709061674008815 0cd9414a_20240814_141443.data
290.0 310.0 17 27.709061674008815 0cd9414a_20240814_141507.data
270.0 310.0 17 27.487775330396477 0cd9414a_20240814_141531.data
250.0 310.0 17 27.598634361233486 0cd9414a_20240814_141555.data
230.0 310.0 17 27.598634361233486 0cd9414a_20240814_141619.data
210.0 310.0 17 27.598634361233486 0cd9414a_20240814_141643.data
190.0 310.0 17 -1 0cd9414a_20240814_141707.data
170.0 310.0 17 27.487775330396477 0cd9414a_20240814_141731.data
150.0 310.0 17 27.598634361233486 0cd9414a_20240814_141755.data
130.0 310.0 17 -1 0cd9414a_20240814_141820.data
110.0 310.0 17 27.598634361233486 0cd9414a_20240814_141844.data
90.0 310.0 17 27.487775330396477 0cd9414a_20240814_141908.data
70.0 310.0 17 27.598634361233486 0cd9414a_20240814_141932.data
50.0 310.0 17 27.598634361233486 0cd9414a_20240814_141956.data
30.0 310.0 17 27.487775330396477 0cd9414a_20240814_142020.data
10.0 310.0 17 27.487775330396477 0cd9414a_20240814_142044.data
10.0 330.0 17 -1 0cd9414a_20240814_142108.data
30.0 330.0 17 27.598634361233486 0cd9414a_20240814_142132.data
50.0 330.0 17 27.487775330396477 0cd9414a_20240814_142156.data
70.0 330.0 17 27.598634361233486 0cd9414a_20240814_142220.data
90.0 330.0 17 27.59955947136564 0cd9414a_20240814_142244.data
110.0 330.0 17 27.81905726872247 0cd9414a_20240814_142308.data
130.0 330.0 17 27.81905726872247 0cd9414a_20240814_142332.data
150.0 330.0 17 27.81905726872247 0cd9414a_20240814_142356.data
170.0 330.0 17 27.709061674008815 0cd9414a_20240814_142420.data
190.0 330.0 17 27.81905726872247 0cd9414a_20240814_142444.data
210.0 330.0 17 27.709061674008815 0cd9414a_20240814_142508.data
230.0 330.0 17 27.81905726872247 0cd9414a_20240814_142532.data
250.0 330.0 17 27.81905726872247 0cd9414a_20240814_142556.data
270.0 330.0 17 27.709061674008815 0cd9414a_20240814_142620.data
290.0 330.0 17 27.81905726872247 0cd9414a_20240814_142644.data
10.0 350.0 17 27.81905726872247 0cd9414a_20240814_153955.data
30.0 350.0 17 27.81905726872247 0cd9414a_20240814_154019.data
50.0 350.0 17 27.81905726872247 0cd9414a_20240814_154043.data
70.0 350.0 17 27.81905726872247 0cd9414a_20240814_154107.data
90.0 350.0 17 27.81905726872247 0cd9414a_20240814_154131.data
110.0 350.0 17 27.81905726872247 0cd9414a_20240814_154155.data
130.0 350.0 17 27.81905726872247 0cd9414a_20240814_154219.data
150.0 350.0 17 27.81905726872247 0cd9414a_20240814_154243.data
170.0 350.0 17 27.81905726872247 0cd9414a_20240814_154307.data
190.0 350.0 17 27.81905726872247 0cd9414a_20240814_154331.data
210.0 350.0 17 27.81905726872247 0cd9414a_20240814_154355.data
230.0 350.0 17 27.81905726872247 0cd9414a_20240814_154419.data
250.0 350.0 17 27.709061674008815 0cd9414a_20240814_154443.data
270.0 350.0 17 27.81905726872247 0cd9414a_20240814_154507.data
290.0 350.0 17 27.81905726872247 0cd9414a_20240814_154531.data
290.0 370.0 17 27.81905726872247 0cd9414a_20240814_154555.data
270.0 370.0 17 27.709061674008815 0cd9414a_20240814_154619.data
250.0 370.0 17 27.709061674008815 0cd9414a_20240814_154643.data
230.0 370.0 17 27.81905726872247 0cd9414a_20240814_154708.data
210.0 370.0 17 27.81905726872247 0cd9414a_20240814_154731.data
190.0 370.0 17 27.81905726872247 0cd9414a_20240814_154755.data
170.0 370.0 17 27.81905726872247 0cd9414a_20240814_154820.data
150.0 370.0 17 27.81905726872247 0cd9414a_20240814_154843.data
130.0 370.0 17 27.81905726872247 0cd9414a_20240814_154908.data
110.0 370.0 17 27.81905726872247 0cd9414a_20240814_154932.data
90.0 370.0 17 27.709061674008815 0cd9414a_20240814_154956.data
70.0 370.0 17 27.81905726872247 0cd9414a_20240814_155020.data
50.0 370.0 17 27.81905726872247 0cd9414a_20240814_155044.data
30.0 370.0 17 27.709061674008815 0cd9414a_20240814_155108.data
10.0 370.0 17 27.81905726872247 0cd9414a_20240814_155132.data
10.0 390.0 17 27.709061674008815 0cd9414a_20240814_155156.data
30.0 390.0 17 27.81905726872247 0cd9414a_20240814_155220.data
50.0 390.0 17 27.81905726872247 0cd9414a_20240814_155244.data
70.0 390.0 17 27.81905726872247 0cd9414a_20240814_155308.data
90.0 390.0 17 27.81905726872247 0cd9414a_20240814_155332.data
110.0 390.0 17 27.81905726872247 0cd9414a_20240814_155356.data
130.0 390.0 17 27.81905726872247 0cd9414a_20240814_155420.data
150.0 390.0 17 27.81905726872247 0cd9414a_20240814_155444.data
170.0 390.0 17 27.81905726872247 0cd9414a_20240814_155508.data
190.0 390.0 17 27.81905726872247 0cd9414a_20240814_155532.data
210.0 390.0 17 27.81905726872247 0cd9414a_20240814_155556.data
230.0 390.0 17 27.81905726872247 0cd9414a_20240814_155620.data
250.0 390.0 17 27.81905726872247 0cd9414a_20240814_155644.data
270.0 390.0 17 27.81905726872247 0cd9414a_20240814_155708.data
290.0 390.0 17 27.81905726872247 0cd9414a_20240814_155732.data
290.0 410.0 17 27.81905726872247 0cd9414a_20240814_155756.data
270.0 410.0 17 27.81905726872247 0cd9414a_20240814_155820.data
250.0 410.0 17 27.81905726872247 0cd9414a_20240814_155844.data
230.0 410.0 17 27.81905726872247 0cd9414a_20240814_155908.data
210.0 410.0 17 27.81905726872247 0cd9414a_20240814_155932.data
190.0 410.0 17 27.81905726872247 0cd9414a_20240814_155956.data
170.0 410.0 17 27.81905726872247 0cd9414a_20240814_160020.data
150.0 410.0 17 27.709061674008815 0cd9414a_20240814_160044.data
130.0 410.0 17 27.81905726872247 0cd9414a_20240814_160108.data
110.0 410.0 17 27.81905726872247 0cd9414a_20240814_160132.data
90.0 410.0 17 27.81905726872247 0cd9414a_20240814_160156.data
70.0 410.0 17 27.81905726872247 0cd9414a_20240814_160220.data
50.0 410.0 17 27.81905726872247 0cd9414a_20240814_160244.data
30.0 410.0 17 27.81905726872247 0cd9414a_20240814_160308.data
10.0 410.0 17 27.81905726872247 0cd9414a_20240814_160332.data
10.0 430.0 17 27.81905726872247 0cd9414a_20240814_160356.data
30.0 430.0 17 27.81905726872247 0cd9414a_20240814_160420.data
50.0 430.0 17 27.81905726872247 0cd9414a_20240814_160444.data
70.0 430.0 17 27.81905726872247 0cd9414a_20240814_160508.data
90.0 430.0 17 27.81905726872247 0cd9414a_20240814_160532.data
110.0 430.0 17 27.709061674008815 0cd9414a_20240814_160556.data
130.0 430.0 17 27.81905726872247 0cd9414a_20240814_160620.data
150.0 430.0 17 27.81905726872247 0cd9414a_20240814_160644.data
170.0 430.0 17 27.81905726872247 0cd9414a_20240814_160708.data
190.0 430.0 17 27.81905726872247 0cd9414a_20240814_160732.data
210.0 430.0 17 27.81905726872247 0cd9414a_20240814_160756.data
230.0 430.0 17 27.81905726872247 0cd9414a_20240814_160820.data
250.0 430.0 17 27.81905726872247 0cd9414a_20240814_160844.data
270.0 430.0 17 27.81905726872247 0cd9414a_20240814_160908.data
290.0 430.0 17 27.81905726872247 0cd9414a_20240814_160932.data
290.0 450.0 17 27.81905726872247 0cd9414a_20240814_160956.data
270.0 450.0 17 27.709061674008815 0cd9414a_20240814_161020.data
250.0 450.0 17 27.81905726872247 0cd9414a_20240814_161044.data
230.0 450.0 17 27.81905726872247 0cd9414a_20240814_161108.data
210.0 450.0 17 27.81905726872247 0cd9414a_20240814_161132.data
190.0 450.0 17 27.81905726872247 0cd9414a_20240814_161156.data
170.0 450.0 17 27.81905726872247 0cd9414a_20240814_161220.data
150.0 450.0 17 27.81905726872247 0cd9414a_20240814_161244.data
130.0 450.0 17 27.81905726872247 0cd9414a_20240814_161308.data
110.0 450.0 17 27.81905726872247 0cd9414a_20240814_161332.data
90.0 450.0 17 27.81905726872247 0cd9414a_20240814_161356.data
70.0 450.0 17 27.81905726872247 0cd9414a_20240814_161420.data
50.0 450.0 17 27.81905726872247 0cd9414a_20240814_161444.data
30.0 450.0 17 27.81905726872247 0cd9414a_20240814_161508.data
10.0 450.0 17 27.81905726872247 0cd9414a_20240814_161532.data
10.0 470.0 17 27.81905726872247 0cd9414a_20240814_161556.data
30.0 470.0 17 27.709061674008815 0cd9414a_20240814_161620.data
50.0 470.0 17 27.81905726872247 0cd9414a_20240814_161644.data
70.0 470.0 17 27.81905726872247 0cd9414a_20240814_161708.data
90.0 470.0 17 27.709061674008815 0cd9414a_20240814_161732.data
110.0 470.0 17 27.81905726872247 0cd9414a_20240814_161756.data
130.0 470.0 17 27.81905726872247 0cd9414a_20240814_161820.data
150.0 470.0 17 27.81905726872247 0cd9414a_20240814_161844.data
170.0 470.0 17 27.81905726872247 0cd9414a_20240814_161908.data
190.0 470.0 17 27.81905726872247 0cd9414a_20240814_161932.data
210.0 470.0 17 27.709061674008815 0cd9414a_20240814_161956.data
230.0 470.0 17 27.81905726872247 0cd9414a_20240814_162020.data
250.0 470.0 17 27.81905726872247 0cd9414a_20240814_162044.data
270.0 470.0 17 27.81905726872247 0cd9414a_20240814_162108.data
290.0 470.0 17 27.81905726872247 0cd9414a_20240814_162132.data
