-1 -1 -1 22.868976190476186 0cd9414a_20240827_111346.data
10.0 10.0 17 22.868976190476186 0cd9414a_20240827_111425.data
30.0 10.0 17 22.868976190476186 0cd9414a_20240827_111449.data
50.0 10.0 17 22.868976190476186 0cd9414a_20240827_111513.data
70.0 10.0 17 22.868976190476186 0cd9414a_20240827_111537.data
90.0 10.0 17 22.868976190476186 0cd9414a_20240827_111601.data
110.0 10.0 17 22.868976190476186 0cd9414a_20240827_111625.data
130.0 10.0 17 22.56402380952381 0cd9414a_20240827_111649.data
150.0 10.0 17 22.868976190476186 0cd9414a_20240827_111713.data
170.0 10.0 17 22.56402380952381 0cd9414a_20240827_111737.data
190.0 10.0 17 22.868976190476186 0cd9414a_20240827_111801.data
210.0 10.0 17 22.666095238095238 0cd9414a_20240827_111825.data
230.0 10.0 17 22.868976190476186 0cd9414a_20240827_111849.data
250.0 10.0 17 22.56402380952381 0cd9414a_20240827_111913.data
270.0 10.0 17 22.868976190476186 0cd9414a_20240827_111937.data
290.0 10.0 17 22.868976190476186 0cd9414a_20240827_112001.data
290.0 30.0 17 22.767738095238098 0cd9414a_20240827_112025.data
270.0 30.0 17 22.868976190476186 0cd9414a_20240827_112049.data
250.0 30.0 17 22.56402380952381 0cd9414a_20240827_112113.data
230.0 30.0 17 22.868976190476186 0cd9414a_20240827_112137.data
210.0 30.0 17 22.56402380952381 0cd9414a_20240827_112201.data
190.0 30.0 17 22.868976190476186 0cd9414a_20240827_112225.data
170.0 30.0 17 22.666095238095238 0cd9414a_20240827_112249.data
150.0 30.0 17 22.868976190476186 0cd9414a_20240827_112313.data
130.0 30.0 17 22.56402380952381 0cd9414a_20240827_112337.data
110.0 30.0 17 22.868976190476186 0cd9414a_20240827_112401.data
90.0 30.0 17 22.868976190476186 0cd9414a_20240827_112425.data
70.0 30.0 17 22.767738095238098 0cd9414a_20240827_112449.data
50.0 30.0 17 22.868976190476186 0cd9414a_20240827_112513.data
30.0 30.0 17 22.767738095238098 0cd9414a_20240827_112537.data
10.0 30.0 17 22.868976190476186 0cd9414a_20240827_112601.data
10.0 50.0 17 22.666095238095238 0cd9414a_20240827_112625.data
30.0 50.0 17 22.868976190476186 0cd9414a_20240827_112649.data
50.0 50.0 17 22.56402380952381 0cd9414a_20240827_112713.data
70.0 50.0 17 22.767738095238098 0cd9414a_20240827_112737.data
90.0 50.0 17 22.666095238095238 0cd9414a_20240827_112801.data
110.0 50.0 17 22.868976190476186 0cd9414a_20240827_112825.data
130.0 50.0 17 22.46152380952381 0cd9414a_20240827_112849.data
150.0 50.0 17 22.868976190476186 0cd9414a_20240827_112913.data
170.0 50.0 17 22.56402380952381 0cd9414a_20240827_112937.data
190.0 50.0 17 22.868976190476186 0cd9414a_20240827_113001.data
210.0 50.0 17 22.666095238095238 0cd9414a_20240827_113025.data
230.0 50.0 17 22.767738095238098 0cd9414a_20240827_113049.data
250.0 50.0 17 22.56402380952381 0cd9414a_20240827_113113.data
270.0 50.0 17 22.868976190476186 0cd9414a_20240827_113137.data
290.0 50.0 17 22.56402380952381 0cd9414a_20240827_113201.data
290.0 70.0 17 22.868976190476186 0cd9414a_20240827_113225.data
270.0 70.0 17 22.666095238095238 0cd9414a_20240827_113249.data
250.0 70.0 17 22.767738095238098 0cd9414a_20240827_113314.data
230.0 70.0 17 22.666095238095238 0cd9414a_20240827_113337.data
210.0 70.0 17 22.666095238095238 0cd9414a_20240827_113402.data
190.0 70.0 17 22.767738095238098 0cd9414a_20240827_113426.data
170.0 70.0 17 22.56402380952381 0cd9414a_20240827_113450.data
150.0 70.0 17 22.666095238095238 0cd9414a_20240827_113514.data
130.0 70.0 17 22.666095238095238 0cd9414a_20240827_113538.data
110.0 70.0 17 22.666095238095238 0cd9414a_20240827_113602.data
90.0 70.0 17 22.868976190476186 0cd9414a_20240827_113626.data
70.0 70.0 17 22.767738095238098 0cd9414a_20240827_113650.data
50.0 70.0 17 22.868976190476186 0cd9414a_20240827_113714.data
30.0 70.0 17 22.767738095238098 0cd9414a_20240827_113738.data
10.0 70.0 17 22.767738095238098 0cd9414a_20240827_113802.data
10.0 90.0 17 22.56402380952381 0cd9414a_20240827_113826.data
30.0 90.0 17 22.767738095238098 0cd9414a_20240827_113850.data
50.0 90.0 17 22.56402380952381 0cd9414a_20240827_113914.data
70.0 90.0 17 22.868976190476186 0cd9414a_20240827_113938.data
90.0 90.0 17 22.56402380952381 0cd9414a_20240827_114002.data
110.0 90.0 17 22.767738095238098 0cd9414a_20240827_114026.data
130.0 90.0 17 22.46152380952381 0cd9414a_20240827_114050.data
150.0 90.0 17 22.767738095238098 0cd9414a_20240827_114114.data
170.0 90.0 17 22.56402380952381 0cd9414a_20240827_114138.data
190.0 90.0 17 22.767738095238098 0cd9414a_20240827_114202.data
210.0 90.0 17 22.767738095238098 0cd9414a_20240827_114226.data
230.0 90.0 17 22.767738095238098 0cd9414a_20240827_114250.data
250.0 90.0 17 22.666095238095238 0cd9414a_20240827_114314.data
270.0 90.0 17 22.767738095238098 0cd9414a_20240827_114338.data
290.0 90.0 17 22.767738095238098 0cd9414a_20240827_114402.data
290.0 110.0 17 22.666095238095238 0cd9414a_20240827_114426.data
270.0 110.0 17 22.666095238095238 0cd9414a_20240827_114450.data
250.0 110.0 17 22.56402380952381 0cd9414a_20240827_114514.data
230.0 110.0 17 22.767738095238098 0cd9414a_20240827_114538.data
210.0 110.0 17 22.666095238095238 0cd9414a_20240827_114602.data
190.0 110.0 17 22.666095238095238 0cd9414a_20240827_114626.data
170.0 110.0 17 22.46152380952381 0cd9414a_20240827_114650.data
150.0 110.0 17 22.767738095238098 0cd9414a_20240827_114714.data
130.0 110.0 17 22.56402380952381 0cd9414a_20240827_114738.data
110.0 110.0 17 22.767738095238098 0cd9414a_20240827_114802.data
90.0 110.0 17 22.666095238095238 0cd9414a_20240827_114826.data
70.0 110.0 17 22.767738095238098 0cd9414a_20240827_114850.data
50.0 110.0 17 22.666095238095238 0cd9414a_20240827_114914.data
30.0 110.0 17 22.868976190476186 0cd9414a_20240827_114938.data
10.0 110.0 17 22.56402380952381 0cd9414a_20240827_115002.data
10.0 130.0 17 22.767738095238098 0cd9414a_20240827_115026.data
30.0 130.0 17 22.666095238095238 0cd9414a_20240827_115050.data
50.0 130.0 17 22.767738095238098 0cd9414a_20240827_115114.data
70.0 130.0 17 22.666095238095238 0cd9414a_20240827_115138.data
90.0 130.0 17 22.767738095238098 0cd9414a_20240827_115202.data
110.0 130.0 17 22.767738095238098 0cd9414a_20240827_115226.data
130.0 130.0 17 22.666095238095238 0cd9414a_20240827_115250.data
150.0 130.0 17 22.767738095238098 0cd9414a_20240827_115314.data
170.0 130.0 17 22.767738095238098 0cd9414a_20240827_115338.data
190.0 130.0 17 22.46152380952381 0cd9414a_20240827_115402.data
210.0 130.0 17 22.767738095238098 0cd9414a_20240827_115426.data
230.0 130.0 17 22.767738095238098 0cd9414a_20240827_115450.data
250.0 130.0 17 22.666095238095238 0cd9414a_20240827_115514.data
270.0 130.0 17 22.767738095238098 0cd9414a_20240827_115538.data
290.0 130.0 17 22.767738095238098 0cd9414a_20240827_115602.data
290.0 150.0 17 22.56402380952381 0cd9414a_20240827_115626.data
270.0 150.0 17 22.767738095238098 0cd9414a_20240827_115650.data
250.0 150.0 17 22.666095238095238 0cd9414a_20240827_115714.data
230.0 150.0 17 22.666095238095238 0cd9414a_20240827_115738.data
210.0 150.0 17 22.666095238095238 0cd9414a_20240827_115802.data
190.0 150.0 17 22.767738095238098 0cd9414a_20240827_115826.data
170.0 150.0 17 22.767738095238098 0cd9414a_20240827_115850.data
150.0 150.0 17 22.767738095238098 0cd9414a_20240827_115914.data
130.0 150.0 17 22.56402380952381 0cd9414a_20240827_115938.data
110.0 150.0 17 22.767738095238098 0cd9414a_20240827_120002.data
90.0 150.0 17 22.767738095238098 0cd9414a_20240827_120026.data
70.0 150.0 17 22.767738095238098 0cd9414a_20240827_120051.data
50.0 150.0 17 22.666095238095238 0cd9414a_20240827_120114.data
30.0 150.0 17 22.767738095238098 0cd9414a_20240827_120138.data
10.0 150.0 17 22.767738095238098 0cd9414a_20240827_120202.data
10.0 170.0 17 22.56402380952381 0cd9414a_20240827_120227.data
30.0 170.0 17 22.767738095238098 0cd9414a_20240827_120251.data
50.0 170.0 17 22.767738095238098 0cd9414a_20240827_120315.data
70.0 170.0 17 22.56402380952381 0cd9414a_20240827_120339.data
90.0 170.0 17 22.767738095238098 0cd9414a_20240827_120403.data
110.0 170.0 17 22.666095238095238 0cd9414a_20240827_120427.data
130.0 170.0 17 22.767738095238098 0cd9414a_20240827_120451.data
150.0 170.0 17 22.666095238095238 0cd9414a_20240827_120515.data
170.0 170.0 17 22.46152380952381 0cd9414a_20240827_120539.data
190.0 170.0 17 22.666095238095238 0cd9414a_20240827_120603.data
210.0 170.0 17 22.46152380952381 0cd9414a_20240827_120627.data
230.0 170.0 17 22.767738095238098 0cd9414a_20240827_120651.data
250.0 170.0 17 22.767738095238098 0cd9414a_20240827_120715.data
270.0 170.0 17 22.666095238095238 0cd9414a_20240827_120739.data
290.0 170.0 17 22.666095238095238 0cd9414a_20240827_120803.data
290.0 190.0 17 22.767738095238098 0cd9414a_20240827_120827.data
270.0 190.0 17 22.767738095238098 0cd9414a_20240827_120851.data
250.0 190.0 17 22.56402380952381 0cd9414a_20240827_120915.data
230.0 190.0 17 22.767738095238098 0cd9414a_20240827_120939.data
210.0 190.0 17 22.56402380952381 0cd9414a_20240827_121003.data
190.0 190.0 17 22.767738095238098 0cd9414a_20240827_121027.data
170.0 190.0 17 22.666095238095238 0cd9414a_20240827_121051.data
150.0 190.0 17 22.46152380952381 0cd9414a_20240827_121115.data
130.0 190.0 17 22.666095238095238 0cd9414a_20240827_121139.data
110.0 190.0 17 22.666095238095238 0cd9414a_20240827_121203.data
90.0 190.0 17 22.56402380952381 0cd9414a_20240827_121227.data
70.0 190.0 17 22.46152380952381 0cd9414a_20240827_121251.data
50.0 190.0 17 22.46152380952381 0cd9414a_20240827_121315.data
30.0 190.0 17 22.46152380952381 0cd9414a_20240827_121339.data
10.0 190.0 17 22.46152380952381 0cd9414a_20240827_121403.data
10.0 210.0 17 22.46152380952381 0cd9414a_20240827_121427.data
30.0 210.0 17 22.56402380952381 0cd9414a_20240827_121451.data
50.0 210.0 17 22.46152380952381 0cd9414a_20240827_121515.data
70.0 210.0 17 22.46152380952381 0cd9414a_20240827_121539.data
90.0 210.0 17 22.666095238095238 0cd9414a_20240827_121603.data
110.0 210.0 17 22.56402380952381 0cd9414a_20240827_121627.data
130.0 210.0 17 22.56402380952381 0cd9414a_20240827_121651.data
150.0 210.0 17 22.666095238095238 0cd9414a_20240827_121715.data
170.0 210.0 17 22.56402380952381 0cd9414a_20240827_121739.data
190.0 210.0 17 22.35861904761905 0cd9414a_20240827_121803.data
210.0 210.0 17 22.46152380952381 0cd9414a_20240827_121827.data
230.0 210.0 17 22.35861904761905 0cd9414a_20240827_121851.data
250.0 210.0 17 22.46152380952381 0cd9414a_20240827_121915.data
270.0 210.0 17 22.46152380952381 0cd9414a_20240827_121939.data
290.0 210.0 17 22.46152380952381 0cd9414a_20240827_122003.data
290.0 230.0 17 22.46152380952381 0cd9414a_20240827_122027.data
270.0 230.0 17 22.46152380952381 0cd9414a_20240827_122051.data
250.0 230.0 17 22.46152380952381 0cd9414a_20240827_122115.data
230.0 230.0 17 22.46152380952381 0cd9414a_20240827_122139.data
210.0 230.0 17 22.666095238095238 0cd9414a_20240827_122203.data
190.0 230.0 17 22.46152380952381 0cd9414a_20240827_122227.data
170.0 230.0 17 22.46152380952381 0cd9414a_20240827_122251.data
150.0 230.0 17 22.35861904761905 0cd9414a_20240827_122315.data
130.0 230.0 17 22.35861904761905 0cd9414a_20240827_122339.data
110.0 230.0 17 22.35861904761905 0cd9414a_20240827_122403.data
90.0 230.0 17 22.46152380952381 0cd9414a_20240827_122427.data
70.0 230.0 17 22.46152380952381 0cd9414a_20240827_122451.data
50.0 230.0 17 22.46152380952381 0cd9414a_20240827_122515.data
30.0 230.0 17 22.35861904761905 0cd9414a_20240827_122539.data
10.0 230.0 17 22.46152380952381 0cd9414a_20240827_122603.data
10.0 250.0 17 22.35861904761905 0cd9414a_20240827_122627.data
30.0 250.0 17 22.46152380952381 0cd9414a_20240827_122651.data
50.0 250.0 17 22.46152380952381 0cd9414a_20240827_122715.data
70.0 250.0 17 22.46152380952381 0cd9414a_20240827_122739.data
90.0 250.0 17 22.35861904761905 0cd9414a_20240827_122803.data
110.0 250.0 17 22.35861904761905 0cd9414a_20240827_122827.data
130.0 250.0 17 22.46152380952381 0cd9414a_20240827_122851.data
150.0 250.0 17 22.46152380952381 0cd9414a_20240827_122915.data
170.0 250.0 17 22.46152380952381 0cd9414a_20240827_122939.data
190.0 250.0 17 22.46152380952381 0cd9414a_20240827_123003.data
210.0 250.0 17 22.46152380952381 0cd9414a_20240827_123028.data
230.0 250.0 17 22.46152380952381 0cd9414a_20240827_123052.data
250.0 250.0 17 22.46152380952381 0cd9414a_20240827_123116.data
270.0 250.0 17 22.46152380952381 0cd9414a_20240827_123140.data
290.0 250.0 17 22.46152380952381 0cd9414a_20240827_123204.data
290.0 270.0 17 22.35861904761905 0cd9414a_20240827_123228.data
270.0 270.0 17 22.46152380952381 0cd9414a_20240827_123252.data
250.0 270.0 17 22.35861904761905 0cd9414a_20240827_123316.data
230.0 270.0 17 22.46152380952381 0cd9414a_20240827_123340.data
210.0 270.0 17 22.35861904761905 0cd9414a_20240827_123404.data
190.0 270.0 17 22.46152380952381 0cd9414a_20240827_123428.data
170.0 270.0 17 22.46152380952381 0cd9414a_20240827_123452.data
150.0 270.0 17 22.35861904761905 0cd9414a_20240827_123516.data
130.0 270.0 17 22.35861904761905 0cd9414a_20240827_123540.data
110.0 270.0 17 22.46152380952381 0cd9414a_20240827_123604.data
90.0 270.0 17 -1 0cd9414a_20240827_123628.data
70.0 270.0 17 22.46152380952381 0cd9414a_20240827_123652.data
50.0 270.0 17 22.46152380952381 0cd9414a_20240827_123716.data
30.0 270.0 17 -1 0cd9414a_20240827_123740.data
10.0 270.0 17 22.46152380952381 0cd9414a_20240827_123804.data
10.0 290.0 17 22.46152380952381 0cd9414a_20240827_123828.data
30.0 290.0 17 -1 0cd9414a_20240827_123852.data
50.0 290.0 17 22.35861904761905 0cd9414a_20240827_123916.data
70.0 290.0 17 22.46152380952381 0cd9414a_20240827_123940.data
90.0 290.0 17 -1 0cd9414a_20240827_124004.data
110.0 290.0 17 22.46152380952381 0cd9414a_20240827_124028.data
130.0 290.0 17 22.46152380952381 0cd9414a_20240827_124052.data
150.0 290.0 17 -1 0cd9414a_20240827_124116.data
170.0 290.0 17 22.04733333333333 0cd9414a_20240827_124140.data
190.0 290.0 17 22.15152380952381 0cd9414a_20240827_124204.data
210.0 290.0 17 22.15152380952381 0cd9414a_20240827_124228.data
230.0 290.0 17 22.255285714285712 0cd9414a_20240827_124252.data
250.0 290.0 17 22.15152380952381 0cd9414a_20240827_124316.data
270.0 290.0 17 22.15152380952381 0cd9414a_20240827_124340.data
290.0 290.0 17 22.15152380952381 0cd9414a_20240827_124404.data
290.0 310.0 17 22.15152380952381 0cd9414a_20240827_124428.data
270.0 310.0 17 22.15152380952381 0cd9414a_20240827_124452.data
250.0 310.0 17 22.15152380952381 0cd9414a_20240827_124516.data
230.0 310.0 17 22.15152380952381 0cd9414a_20240827_124540.data
210.0 310.0 17 22.15152380952381 0cd9414a_20240827_124604.data
190.0 310.0 17 22.15152380952381 0cd9414a_20240827_124628.data
170.0 310.0 17 22.35861904761905 0cd9414a_20240827_124652.data
150.0 310.0 17 22.15152380952381 0cd9414a_20240827_124716.data
130.0 310.0 17 22.15152380952381 0cd9414a_20240827_124740.data
110.0 310.0 17 22.15152380952381 0cd9414a_20240827_124804.data
90.0 310.0 17 22.15152380952381 0cd9414a_20240827_124828.data
70.0 310.0 17 22.15152380952381 0cd9414a_20240827_124852.data
50.0 310.0 17 22.15152380952381 0cd9414a_20240827_124916.data
30.0 310.0 17 22.04733333333333 0cd9414a_20240827_124940.data
10.0 310.0 17 22.15152380952381 0cd9414a_20240827_125004.data
10.0 330.0 17 22.15152380952381 0cd9414a_20240827_125028.data
30.0 330.0 17 22.15152380952381 0cd9414a_20240827_125052.data
50.0 330.0 17 22.15152380952381 0cd9414a_20240827_125116.data
70.0 330.0 17 22.35861904761905 0cd9414a_20240827_125140.data
90.0 330.0 17 22.15152380952381 0cd9414a_20240827_125204.data
110.0 330.0 17 22.15152380952381 0cd9414a_20240827_125228.data
130.0 330.0 17 22.04733333333333 0cd9414a_20240827_125252.data
150.0 330.0 17 22.15152380952381 0cd9414a_20240827_125316.data
170.0 330.0 17 22.15152380952381 0cd9414a_20240827_125340.data
190.0 330.0 17 22.04733333333333 0cd9414a_20240827_125404.data
210.0 330.0 17 22.15152380952381 0cd9414a_20240827_125428.data
230.0 330.0 17 22.15152380952381 0cd9414a_20240827_125452.data
250.0 330.0 17 22.15152380952381 0cd9414a_20240827_125516.data
270.0 330.0 17 22.15152380952381 0cd9414a_20240827_125540.data
290.0 330.0 17 22.15152380952381 0cd9414a_20240827_125604.data
10.0 350.0 17 22.15152380952381 0cd9414a_20240827_125928.data
30.0 350.0 17 22.15152380952381 0cd9414a_20240827_125952.data
50.0 350.0 17 22.15152380952381 0cd9414a_20240827_130016.data
70.0 350.0 17 22.15152380952381 0cd9414a_20240827_130040.data
90.0 350.0 17 22.15152380952381 0cd9414a_20240827_130104.data
110.0 350.0 17 22.15152380952381 0cd9414a_20240827_130128.data
130.0 350.0 17 22.15152380952381 0cd9414a_20240827_130152.data
150.0 350.0 17 22.15152380952381 0cd9414a_20240827_130216.data
170.0 350.0 17 22.15152380952381 0cd9414a_20240827_130240.data
190.0 350.0 17 22.15152380952381 0cd9414a_20240827_130304.data
210.0 350.0 17 22.15152380952381 0cd9414a_20240827_130328.data
230.0 350.0 17 22.15152380952381 0cd9414a_20240827_130352.data
250.0 350.0 17 22.15152380952381 0cd9414a_20240827_130416.data
270.0 350.0 17 22.15152380952381 0cd9414a_20240827_130440.data
290.0 350.0 17 22.15152380952381 0cd9414a_20240827_130504.data
290.0 370.0 17 22.15152380952381 0cd9414a_20240827_130528.data
270.0 370.0 17 22.15152380952381 0cd9414a_20240827_130552.data
250.0 370.0 17 22.15152380952381 0cd9414a_20240827_130616.data
230.0 370.0 17 22.15152380952381 0cd9414a_20240827_130640.data
210.0 370.0 17 22.04733333333333 0cd9414a_20240827_130704.data
190.0 370.0 17 22.255285714285712 0cd9414a_20240827_130728.data
170.0 370.0 17 22.15152380952381 0cd9414a_20240827_130752.data
150.0 370.0 17 22.15152380952381 0cd9414a_20240827_130816.data
130.0 370.0 17 22.15152380952381 0cd9414a_20240827_130840.data
110.0 370.0 17 22.15152380952381 0cd9414a_20240827_130904.data
90.0 370.0 17 22.15152380952381 0cd9414a_20240827_130929.data
70.0 370.0 17 22.15152380952381 0cd9414a_20240827_130953.data
50.0 370.0 17 22.15152380952381 0cd9414a_20240827_131017.data
30.0 370.0 17 22.15152380952381 0cd9414a_20240827_131041.data
10.0 370.0 17 22.15152380952381 0cd9414a_20240827_131105.data
10.0 390.0 17 22.15152380952381 0cd9414a_20240827_131129.data
30.0 390.0 17 22.15152380952381 0cd9414a_20240827_131153.data
50.0 390.0 17 22.15152380952381 0cd9414a_20240827_131217.data
70.0 390.0 17 22.15152380952381 0cd9414a_20240827_131241.data
90.0 390.0 17 22.15152380952381 0cd9414a_20240827_131305.data
110.0 390.0 17 22.15152380952381 0cd9414a_20240827_131329.data
130.0 390.0 17 22.15152380952381 0cd9414a_20240827_131353.data
150.0 390.0 17 22.15152380952381 0cd9414a_20240827_131417.data
170.0 390.0 17 22.15152380952381 0cd9414a_20240827_131441.data
190.0 390.0 17 22.15152380952381 0cd9414a_20240827_131505.data
210.0 390.0 17 22.15152380952381 0cd9414a_20240827_131529.data
230.0 390.0 17 22.15152380952381 0cd9414a_20240827_131553.data
250.0 390.0 17 22.15152380952381 0cd9414a_20240827_131617.data
270.0 390.0 17 22.15152380952381 0cd9414a_20240827_131641.data
290.0 390.0 17 22.15152380952381 0cd9414a_20240827_131705.data
290.0 410.0 17 22.15152380952381 0cd9414a_20240827_131729.data
270.0 410.0 17 22.15152380952381 0cd9414a_20240827_131753.data
250.0 410.0 17 22.15152380952381 0cd9414a_20240827_131817.data
230.0 410.0 17 22.15152380952381 0cd9414a_20240827_131841.data
210.0 410.0 17 22.15152380952381 0cd9414a_20240827_131905.data
190.0 410.0 17 22.15152380952381 0cd9414a_20240827_131929.data
170.0 410.0 17 22.15152380952381 0cd9414a_20240827_131953.data
150.0 410.0 17 22.15152380952381 0cd9414a_20240827_132017.data
130.0 410.0 17 22.15152380952381 0cd9414a_20240827_132041.data
110.0 410.0 17 22.15152380952381 0cd9414a_20240827_132105.data
90.0 410.0 17 22.15152380952381 0cd9414a_20240827_132129.data
70.0 410.0 17 22.15152380952381 0cd9414a_20240827_132153.data
50.0 410.0 17 22.15152380952381 0cd9414a_20240827_132217.data
30.0 410.0 17 22.15152380952381 0cd9414a_20240827_132241.data
10.0 410.0 17 22.15152380952381 0cd9414a_20240827_132305.data
10.0 430.0 17 22.15152380952381 0cd9414a_20240827_132329.data
30.0 430.0 17 22.15152380952381 0cd9414a_20240827_132353.data
50.0 430.0 17 22.35861904761905 0cd9414a_20240827_132417.data
70.0 430.0 17 22.15152380952381 0cd9414a_20240827_132441.data
90.0 430.0 17 22.15152380952381 0cd9414a_20240827_132505.data
110.0 430.0 17 22.15152380952381 0cd9414a_20240827_132529.data
130.0 430.0 17 22.15152380952381 0cd9414a_20240827_132553.data
150.0 430.0 17 22.15152380952381 0cd9414a_20240827_132617.data
170.0 430.0 17 22.15152380952381 0cd9414a_20240827_132641.data
190.0 430.0 17 22.15152380952381 0cd9414a_20240827_132705.data
210.0 430.0 17 22.255285714285712 0cd9414a_20240827_132729.data
230.0 430.0 17 22.35861904761905 0cd9414a_20240827_132753.data
250.0 430.0 17 22.15152380952381 0cd9414a_20240827_132817.data
270.0 430.0 17 22.04733333333333 0cd9414a_20240827_132841.data
290.0 430.0 17 22.15152380952381 0cd9414a_20240827_132905.data
290.0 450.0 17 22.15152380952381 0cd9414a_20240827_132929.data
270.0 450.0 17 22.15152380952381 0cd9414a_20240827_132953.data
250.0 450.0 17 22.04733333333333 0cd9414a_20240827_133017.data
230.0 450.0 17 22.15152380952381 0cd9414a_20240827_133041.data
210.0 450.0 17 22.15152380952381 0cd9414a_20240827_133105.data
190.0 450.0 17 22.15152380952381 0cd9414a_20240827_133129.data
170.0 450.0 17 22.15152380952381 0cd9414a_20240827_133153.data
150.0 450.0 17 22.15152380952381 0cd9414a_20240827_133217.data
130.0 450.0 17 22.15152380952381 0cd9414a_20240827_133241.data
110.0 450.0 17 22.15152380952381 0cd9414a_20240827_133305.data
90.0 450.0 17 22.15152380952381 0cd9414a_20240827_133329.data
70.0 450.0 17 22.04733333333333 0cd9414a_20240827_133353.data
50.0 450.0 17 22.15152380952381 0cd9414a_20240827_133417.data
30.0 450.0 17 22.15152380952381 0cd9414a_20240827_133441.data
10.0 450.0 17 22.15152380952381 0cd9414a_20240827_133505.data
10.0 470.0 17 22.15152380952381 0cd9414a_20240827_133529.data
30.0 470.0 17 22.15152380952381 0cd9414a_20240827_133553.data
50.0 470.0 17 22.15152380952381 0cd9414a_20240827_133617.data
70.0 470.0 17 22.15152380952381 0cd9414a_20240827_133641.data
90.0 470.0 17 22.15152380952381 0cd9414a_20240827_133706.data
110.0 470.0 17 22.15152380952381 0cd9414a_20240827_133730.data
130.0 470.0 17 22.15152380952381 0cd9414a_20240827_133754.data
150.0 470.0 17 22.15152380952381 0cd9414a_20240827_133818.data
170.0 470.0 17 22.15152380952381 0cd9414a_20240827_133842.data
190.0 470.0 17 22.255285714285712 0cd9414a_20240827_133906.data
210.0 470.0 17 22.15152380952381 0cd9414a_20240827_133930.data
230.0 470.0 17 22.15152380952381 0cd9414a_20240827_133954.data
250.0 470.0 17 22.15152380952381 0cd9414a_20240827_134018.data
270.0 470.0 17 22.15152380952381 0cd9414a_20240827_134042.data
290.0 470.0 17 22.15152380952381 0cd9414a_20240827_134106.data
