-1 -1 -1 24.637394736842104 0cd9414a_20240910_093348.data
10.0 10.0 17 24.637394736842104 0cd9414a_20240910_093427.data
30.0 10.0 17 24.845210526315793 0cd9414a_20240910_093451.data
50.0 10.0 17 24.741500000000002 0cd9414a_20240910_093515.data
70.0 10.0 17 24.637394736842104 0cd9414a_20240910_093539.data
90.0 10.0 17 24.532868421052633 0cd9414a_20240910_093603.data
110.0 10.0 17 24.741500000000002 0cd9414a_20240910_093627.data
130.0 10.0 17 24.845210526315793 0cd9414a_20240910_093651.data
150.0 10.0 17 24.845210526315793 0cd9414a_20240910_093715.data
170.0 10.0 17 24.845210526315793 0cd9414a_20240910_093739.data
190.0 10.0 17 24.637394736842104 0cd9414a_20240910_093803.data
210.0 10.0 17 24.741500000000002 0cd9414a_20240910_093827.data
230.0 10.0 17 24.532868421052633 0cd9414a_20240910_093851.data
250.0 10.0 17 24.741500000000002 0cd9414a_20240910_093915.data
270.0 10.0 17 24.532868421052633 0cd9414a_20240910_093939.data
290.0 10.0 17 24.741500000000002 0cd9414a_20240910_094003.data
290.0 30.0 17 24.637394736842104 0cd9414a_20240910_094027.data
270.0 30.0 17 24.741500000000002 0cd9414a_20240910_094051.data
250.0 30.0 17 24.741500000000002 0cd9414a_20240910_094115.data
230.0 30.0 17 24.741500000000002 0cd9414a_20240910_094139.data
210.0 30.0 17 24.741500000000002 0cd9414a_20240910_094203.data
190.0 30.0 17 24.845210526315793 0cd9414a_20240910_094227.data
170.0 30.0 17 24.845210526315793 0cd9414a_20240910_094252.data
150.0 30.0 17 24.741500000000002 0cd9414a_20240910_094316.data
130.0 30.0 17 24.845210526315793 0cd9414a_20240910_094340.data
110.0 30.0 17 24.637394736842104 0cd9414a_20240910_094404.data
90.0 30.0 17 24.637394736842104 0cd9414a_20240910_094428.data
70.0 30.0 17 24.741500000000002 0cd9414a_20240910_094452.data
50.0 30.0 17 24.637394736842104 0cd9414a_20240910_094516.data
30.0 30.0 17 24.845210526315793 0cd9414a_20240910_094540.data
10.0 30.0 17 24.741500000000002 0cd9414a_20240910_094604.data
10.0 50.0 17 24.741500000000002 0cd9414a_20240910_094628.data
30.0 50.0 17 24.845210526315793 0cd9414a_20240910_094652.data
50.0 50.0 17 24.741500000000002 0cd9414a_20240910_094716.data
70.0 50.0 17 24.637394736842104 0cd9414a_20240910_094740.data
90.0 50.0 17 24.741500000000002 0cd9414a_20240910_094804.data
110.0 50.0 17 24.741500000000002 0cd9414a_20240910_094828.data
130.0 50.0 17 24.741500000000002 0cd9414a_20240910_094852.data
150.0 50.0 17 24.741500000000002 0cd9414a_20240910_094916.data
170.0 50.0 17 24.845210526315793 0cd9414a_20240910_094940.data
190.0 50.0 17 24.637394736842104 0cd9414a_20240910_095004.data
210.0 50.0 17 24.637394736842104 0cd9414a_20240910_095028.data
230.0 50.0 17 24.845210526315793 0cd9414a_20240910_095052.data
250.0 50.0 17 24.741500000000002 0cd9414a_20240910_095116.data
270.0 50.0 17 24.741500000000002 0cd9414a_20240910_095140.data
290.0 50.0 17 24.845210526315793 0cd9414a_20240910_095204.data
290.0 70.0 17 24.845210526315793 0cd9414a_20240910_095228.data
270.0 70.0 17 24.741500000000002 0cd9414a_20240910_095252.data
250.0 70.0 17 24.741500000000002 0cd9414a_20240910_095316.data
230.0 70.0 17 24.741500000000002 0cd9414a_20240910_095340.data
210.0 70.0 17 24.637394736842104 0cd9414a_20240910_095404.data
190.0 70.0 17 24.532868421052633 0cd9414a_20240910_095428.data
170.0 70.0 17 24.741500000000002 0cd9414a_20240910_095452.data
150.0 70.0 17 24.637394736842104 0cd9414a_20240910_095516.data
130.0 70.0 17 24.322552631578947 0cd9414a_20240910_095540.data
110.0 70.0 17 24.845210526315793 0cd9414a_20240910_095604.data
90.0 70.0 17 24.637394736842104 0cd9414a_20240910_095628.data
70.0 70.0 17 24.845210526315793 0cd9414a_20240910_095652.data
50.0 70.0 17 24.741500000000002 0cd9414a_20240910_095716.data
30.0 70.0 17 24.741500000000002 0cd9414a_20240910_095740.data
10.0 70.0 17 24.532868421052633 0cd9414a_20240910_095804.data
10.0 90.0 17 24.637394736842104 0cd9414a_20240910_095828.data
30.0 90.0 17 24.637394736842104 0cd9414a_20240910_095852.data
50.0 90.0 17 24.741500000000002 0cd9414a_20240910_095916.data
70.0 90.0 17 24.741500000000002 0cd9414a_20240910_095940.data
90.0 90.0 17 24.637394736842104 0cd9414a_20240910_100004.data
110.0 90.0 17 24.741500000000002 0cd9414a_20240910_100028.data
130.0 90.0 17 24.741500000000002 0cd9414a_20240910_100052.data
150.0 90.0 17 24.637394736842104 0cd9414a_20240910_100116.data
170.0 90.0 17 24.637394736842104 0cd9414a_20240910_100140.data
190.0 90.0 17 24.741500000000002 0cd9414a_20240910_100204.data
210.0 90.0 17 24.637394736842104 0cd9414a_20240910_100228.data
230.0 90.0 17 24.741500000000002 0cd9414a_20240910_100252.data
250.0 90.0 17 24.532868421052633 0cd9414a_20240910_100316.data
270.0 90.0 17 24.637394736842104 0cd9414a_20240910_100340.data
290.0 90.0 17 24.741500000000002 0cd9414a_20240910_100404.data
290.0 110.0 17 24.637394736842104 0cd9414a_20240910_100428.data
270.0 110.0 17 24.741500000000002 0cd9414a_20240910_100452.data
250.0 110.0 17 24.637394736842104 0cd9414a_20240910_100516.data
230.0 110.0 17 24.637394736842104 0cd9414a_20240910_100540.data
210.0 110.0 17 24.741500000000002 0cd9414a_20240910_100604.data
190.0 110.0 17 24.845210526315793 0cd9414a_20240910_100628.data
170.0 110.0 17 24.637394736842104 0cd9414a_20240910_100652.data
150.0 110.0 17 24.741500000000002 0cd9414a_20240910_100716.data
130.0 110.0 17 24.741500000000002 0cd9414a_20240910_100740.data
110.0 110.0 17 24.637394736842104 0cd9414a_20240910_100804.data
90.0 110.0 17 24.637394736842104 0cd9414a_20240910_100828.data
70.0 110.0 17 24.427921052631582 0cd9414a_20240910_100852.data
50.0 110.0 17 24.741500000000002 0cd9414a_20240910_100916.data
30.0 110.0 17 24.637394736842104 0cd9414a_20240910_100940.data
10.0 110.0 17 24.532868421052633 0cd9414a_20240910_101004.data
10.0 130.0 17 24.532868421052633 0cd9414a_20240910_101028.data
30.0 130.0 17 24.741500000000002 0cd9414a_20240910_101052.data
50.0 130.0 17 24.637394736842104 0cd9414a_20240910_101116.data
70.0 130.0 17 24.741500000000002 0cd9414a_20240910_101140.data
90.0 130.0 17 24.845210526315793 0cd9414a_20240910_101204.data
110.0 130.0 17 24.845210526315793 0cd9414a_20240910_101228.data
130.0 130.0 17 24.637394736842104 0cd9414a_20240910_101252.data
150.0 130.0 17 24.741500000000002 0cd9414a_20240910_101316.data
170.0 130.0 17 24.741500000000002 0cd9414a_20240910_101340.data
190.0 130.0 17 24.741500000000002 0cd9414a_20240910_101404.data
210.0 130.0 17 24.532868421052633 0cd9414a_20240910_101429.data
230.0 130.0 17 24.741500000000002 0cd9414a_20240910_101453.data
250.0 130.0 17 24.637394736842104 0cd9414a_20240910_101517.data
270.0 130.0 17 24.741500000000002 0cd9414a_20240910_101541.data
290.0 130.0 17 24.845210526315793 0cd9414a_20240910_101605.data
290.0 150.0 17 24.637394736842104 0cd9414a_20240910_101629.data
270.0 150.0 17 24.637394736842104 0cd9414a_20240910_101653.data
250.0 150.0 17 24.741500000000002 0cd9414a_20240910_101717.data
230.0 150.0 17 24.741500000000002 0cd9414a_20240910_101741.data
210.0 150.0 17 24.845210526315793 0cd9414a_20240910_101805.data
190.0 150.0 17 24.741500000000002 0cd9414a_20240910_101829.data
170.0 150.0 17 24.741500000000002 0cd9414a_20240910_101853.data
150.0 150.0 17 24.741500000000002 0cd9414a_20240910_101917.data
130.0 150.0 17 24.637394736842104 0cd9414a_20240910_101941.data
110.0 150.0 17 24.637394736842104 0cd9414a_20240910_102005.data
90.0 150.0 17 24.637394736842104 0cd9414a_20240910_102029.data
70.0 150.0 17 24.532868421052633 0cd9414a_20240910_102053.data
50.0 150.0 17 24.532868421052633 0cd9414a_20240910_102117.data
30.0 150.0 17 24.637394736842104 0cd9414a_20240910_102141.data
10.0 150.0 17 24.741500000000002 0cd9414a_20240910_102205.data
10.0 170.0 17 24.741500000000002 0cd9414a_20240910_102229.data
30.0 170.0 17 24.637394736842104 0cd9414a_20240910_102253.data
50.0 170.0 17 24.427921052631582 0cd9414a_20240910_102317.data
70.0 170.0 17 24.427921052631582 0cd9414a_20240910_102341.data
90.0 170.0 17 24.637394736842104 0cd9414a_20240910_102405.data
110.0 170.0 17 24.741500000000002 0cd9414a_20240910_102429.data
130.0 170.0 17 24.741500000000002 0cd9414a_20240910_102453.data
150.0 170.0 17 24.637394736842104 0cd9414a_20240910_102517.data
170.0 170.0 17 24.845210526315793 0cd9414a_20240910_102541.data
190.0 170.0 17 24.637394736842104 0cd9414a_20240910_102605.data
210.0 170.0 17 24.637394736842104 0cd9414a_20240910_102629.data
230.0 170.0 17 24.741500000000002 0cd9414a_20240910_102653.data
250.0 170.0 17 24.845210526315793 0cd9414a_20240910_102717.data
270.0 170.0 17 24.532868421052633 0cd9414a_20240910_102741.data
290.0 170.0 17 24.741500000000002 0cd9414a_20240910_102805.data
290.0 190.0 17 24.532868421052633 0cd9414a_20240910_102829.data
270.0 190.0 17 24.637394736842104 0cd9414a_20240910_102853.data
250.0 190.0 17 24.637394736842104 0cd9414a_20240910_102917.data
230.0 190.0 17 24.637394736842104 0cd9414a_20240910_102941.data
210.0 190.0 17 24.741500000000002 0cd9414a_20240910_103005.data
190.0 190.0 17 24.741500000000002 0cd9414a_20240910_103029.data
170.0 190.0 17 24.845210526315793 0cd9414a_20240910_103053.data
150.0 190.0 17 24.637394736842104 0cd9414a_20240910_103117.data
130.0 190.0 17 24.637394736842104 0cd9414a_20240910_103141.data
110.0 190.0 17 24.637394736842104 0cd9414a_20240910_103205.data
90.0 190.0 17 24.741500000000002 0cd9414a_20240910_103229.data
70.0 190.0 17 24.637394736842104 0cd9414a_20240910_103253.data
50.0 190.0 17 24.741500000000002 0cd9414a_20240910_103317.data
30.0 190.0 17 24.637394736842104 0cd9414a_20240910_103341.data
10.0 190.0 17 24.637394736842104 0cd9414a_20240910_103405.data
10.0 210.0 17 24.741500000000002 0cd9414a_20240910_103429.data
30.0 210.0 17 24.427921052631582 0cd9414a_20240910_103453.data
50.0 210.0 17 24.532868421052633 0cd9414a_20240910_103517.data
70.0 210.0 17 24.637394736842104 0cd9414a_20240910_103541.data
90.0 210.0 17 24.637394736842104 0cd9414a_20240910_103605.data
110.0 210.0 17 24.637394736842104 0cd9414a_20240910_103629.data
130.0 210.0 17 24.637394736842104 0cd9414a_20240910_103653.data
150.0 210.0 17 24.532868421052633 0cd9414a_20240910_103717.data
170.0 210.0 17 24.741500000000002 0cd9414a_20240910_103741.data
190.0 210.0 17 24.637394736842104 0cd9414a_20240910_103805.data
210.0 210.0 17 24.532868421052633 0cd9414a_20240910_103829.data
230.0 210.0 17 24.637394736842104 0cd9414a_20240910_103853.data
250.0 210.0 17 24.532868421052633 0cd9414a_20240910_103917.data
270.0 210.0 17 24.427921052631582 0cd9414a_20240910_103941.data
290.0 210.0 17 24.532868421052633 0cd9414a_20240910_104005.data
290.0 230.0 17 24.637394736842104 0cd9414a_20240910_104029.data
270.0 230.0 17 24.532868421052633 0cd9414a_20240910_104053.data
250.0 230.0 17 24.637394736842104 0cd9414a_20240910_104117.data
230.0 230.0 17 24.741500000000002 0cd9414a_20240910_104141.data
210.0 230.0 17 24.427921052631582 0cd9414a_20240910_104205.data
190.0 230.0 17 24.322552631578947 0cd9414a_20240910_104229.data
170.0 230.0 17 24.741500000000002 0cd9414a_20240910_104253.data
150.0 230.0 17 24.637394736842104 0cd9414a_20240910_104317.data
130.0 230.0 17 24.637394736842104 0cd9414a_20240910_104341.data
110.0 230.0 17 24.741500000000002 0cd9414a_20240910_104405.data
90.0 230.0 17 24.845210526315793 0cd9414a_20240910_104430.data
70.0 230.0 17 24.845210526315793 0cd9414a_20240910_104454.data
50.0 230.0 17 24.741500000000002 0cd9414a_20240910_104517.data
30.0 230.0 17 24.637394736842104 0cd9414a_20240910_104542.data
10.0 230.0 17 24.741500000000002 0cd9414a_20240910_104606.data
10.0 250.0 17 24.637394736842104 0cd9414a_20240910_104630.data
30.0 250.0 17 24.637394736842104 0cd9414a_20240910_104654.data
50.0 250.0 17 24.637394736842104 0cd9414a_20240910_104718.data
70.0 250.0 17 24.532868421052633 0cd9414a_20240910_104742.data
90.0 250.0 17 24.637394736842104 0cd9414a_20240910_104806.data
110.0 250.0 17 24.637394736842104 0cd9414a_20240910_104830.data
130.0 250.0 17 24.741500000000002 0cd9414a_20240910_104854.data
150.0 250.0 17 24.741500000000002 0cd9414a_20240910_104918.data
170.0 250.0 17 24.637394736842104 0cd9414a_20240910_104942.data
190.0 250.0 17 24.532868421052633 0cd9414a_20240910_105006.data
210.0 250.0 17 24.427921052631582 0cd9414a_20240910_105030.data
230.0 250.0 17 24.532868421052633 0cd9414a_20240910_105054.data
250.0 250.0 17 24.741500000000002 0cd9414a_20240910_105118.data
270.0 250.0 17 24.532868421052633 0cd9414a_20240910_105142.data
290.0 250.0 17 24.637394736842104 0cd9414a_20240910_105206.data
290.0 270.0 17 24.532868421052633 0cd9414a_20240910_105230.data
270.0 270.0 17 24.741500000000002 0cd9414a_20240910_105254.data
250.0 270.0 17 24.637394736842104 0cd9414a_20240910_105318.data
230.0 270.0 17 24.637394736842104 0cd9414a_20240910_105342.data
210.0 270.0 17 24.637394736842104 0cd9414a_20240910_105406.data
190.0 270.0 17 24.741500000000002 0cd9414a_20240910_105430.data
170.0 270.0 17 24.427921052631582 0cd9414a_20240910_105454.data
150.0 270.0 17 -1 0cd9414a_20240910_105518.data
130.0 270.0 17 24.741500000000002 0cd9414a_20240910_105542.data
110.0 270.0 17 24.637394736842104 0cd9414a_20240910_105606.data
90.0 270.0 17 -1 0cd9414a_20240910_105630.data
70.0 270.0 17 24.741500000000002 0cd9414a_20240910_105654.data
50.0 270.0 17 24.845210526315793 0cd9414a_20240910_105718.data
30.0 270.0 17 -1 0cd9414a_20240910_105742.data
10.0 270.0 17 24.741500000000002 0cd9414a_20240910_105806.data
10.0 290.0 17 24.741500000000002 0cd9414a_20240910_105830.data
30.0 290.0 17 -1 0cd9414a_20240910_105854.data
50.0 290.0 17 24.532868421052633 0cd9414a_20240910_105918.data
70.0 290.0 17 24.532868421052633 0cd9414a_20240910_105942.data
90.0 290.0 17 -1 0cd9414a_20240910_110006.data
110.0 290.0 17 24.532868421052633 0cd9414a_20240910_110030.data
130.0 290.0 17 24.845210526315793 0cd9414a_20240910_110054.data
150.0 290.0 17 24.637394736842104 0cd9414a_20240910_110118.data
170.0 290.0 17 24.845210526315793 0cd9414a_20240910_110142.data
190.0 290.0 17 24.532868421052633 0cd9414a_20240910_110206.data
210.0 290.0 17 24.637394736842104 0cd9414a_20240910_110230.data
230.0 290.0 17 24.845210526315793 0cd9414a_20240910_110254.data
250.0 290.0 17 24.845210526315793 0cd9414a_20240910_110318.data
270.0 290.0 17 24.637394736842104 0cd9414a_20240910_110342.data
290.0 290.0 17 24.741500000000002 0cd9414a_20240910_110406.data
290.0 310.0 17 24.532868421052633 0cd9414a_20240910_110430.data
270.0 310.0 17 24.741500000000002 0cd9414a_20240910_110454.data
250.0 310.0 17 24.532868421052633 0cd9414a_20240910_110518.data
230.0 310.0 17 24.532868421052633 0cd9414a_20240910_110542.data
210.0 310.0 17 24.532868421052633 0cd9414a_20240910_110606.data
190.0 310.0 17 24.741500000000002 0cd9414a_20240910_110630.data
170.0 310.0 17 24.427921052631582 0cd9414a_20240910_110654.data
150.0 310.0 17 24.532868421052633 0cd9414a_20240910_110718.data
130.0 310.0 17 24.741500000000002 0cd9414a_20240910_110742.data
110.0 310.0 17 24.845210526315793 0cd9414a_20240910_110806.data
90.0 310.0 17 24.637394736842104 0cd9414a_20240910_110830.data
70.0 310.0 17 24.637394736842104 0cd9414a_20240910_110854.data
50.0 310.0 17 24.637394736842104 0cd9414a_20240910_110918.data
30.0 310.0 17 24.845210526315793 0cd9414a_20240910_110942.data
10.0 310.0 17 24.741500000000002 0cd9414a_20240910_111006.data
10.0 330.0 17 24.845210526315793 0cd9414a_20240910_111030.data
30.0 330.0 17 24.845210526315793 0cd9414a_20240910_111054.data
50.0 330.0 17 24.532868421052633 0cd9414a_20240910_111118.data
70.0 330.0 17 24.532868421052633 0cd9414a_20240910_111142.data
90.0 330.0 17 24.637394736842104 0cd9414a_20240910_111206.data
110.0 330.0 17 24.741500000000002 0cd9414a_20240910_111230.data
130.0 330.0 17 24.845210526315793 0cd9414a_20240910_111254.data
150.0 330.0 17 24.741500000000002 0cd9414a_20240910_111318.data
170.0 330.0 17 24.741500000000002 0cd9414a_20240910_111343.data
190.0 330.0 17 24.845210526315793 0cd9414a_20240910_111407.data
210.0 330.0 17 24.741500000000002 0cd9414a_20240910_111431.data
230.0 330.0 17 24.741500000000002 0cd9414a_20240910_111455.data
250.0 330.0 17 24.532868421052633 0cd9414a_20240910_111519.data
270.0 330.0 17 24.532868421052633 0cd9414a_20240910_111543.data
290.0 330.0 17 24.741500000000002 0cd9414a_20240910_111607.data
10.0 350.0 17 24.741500000000002 0cd9414a_20240910_144649.data
30.0 350.0 17 24.845210526315793 0cd9414a_20240910_144713.data
50.0 350.0 17 24.741500000000002 0cd9414a_20240910_144737.data
70.0 350.0 17 24.741500000000002 0cd9414a_20240910_144801.data
90.0 350.0 17 24.532868421052633 0cd9414a_20240910_144825.data
110.0 350.0 17 24.741500000000002 0cd9414a_20240910_144849.data
130.0 350.0 17 24.637394736842104 0cd9414a_20240910_144913.data
150.0 350.0 17 24.532868421052633 0cd9414a_20240910_144937.data
170.0 350.0 17 24.532868421052633 0cd9414a_20240910_145001.data
190.0 350.0 17 24.637394736842104 0cd9414a_20240910_145025.data
210.0 350.0 17 24.845210526315793 0cd9414a_20240910_145049.data
230.0 350.0 17 24.845210526315793 0cd9414a_20240910_145113.data
250.0 350.0 17 24.741500000000002 0cd9414a_20240910_145137.data
270.0 350.0 17 24.845210526315793 0cd9414a_20240910_145201.data
290.0 350.0 17 24.532868421052633 0cd9414a_20240910_145225.data
290.0 370.0 17 24.741500000000002 0cd9414a_20240910_145249.data
270.0 370.0 17 24.532868421052633 0cd9414a_20240910_145313.data
250.0 370.0 17 24.741500000000002 0cd9414a_20240910_145337.data
230.0 370.0 17 24.741500000000002 0cd9414a_20240910_145401.data
210.0 370.0 17 24.845210526315793 0cd9414a_20240910_145425.data
190.0 370.0 17 24.532868421052633 0cd9414a_20240910_145449.data
170.0 370.0 17 24.637394736842104 0cd9414a_20240910_145513.data
150.0 370.0 17 24.427921052631582 0cd9414a_20240910_145537.data
130.0 370.0 17 24.845210526315793 0cd9414a_20240910_145601.data
110.0 370.0 17 24.741500000000002 0cd9414a_20240910_145625.data
90.0 370.0 17 24.532868421052633 0cd9414a_20240910_145649.data
70.0 370.0 17 24.741500000000002 0cd9414a_20240910_145713.data
50.0 370.0 17 24.741500000000002 0cd9414a_20240910_145738.data
30.0 370.0 17 24.637394736842104 0cd9414a_20240910_145802.data
10.0 370.0 17 24.532868421052633 0cd9414a_20240910_145826.data
10.0 390.0 17 24.637394736842104 0cd9414a_20240910_145850.data
30.0 390.0 17 24.741500000000002 0cd9414a_20240910_145914.data
50.0 390.0 17 24.845210526315793 0cd9414a_20240910_145938.data
70.0 390.0 17 24.741500000000002 0cd9414a_20240910_150002.data
90.0 390.0 17 24.637394736842104 0cd9414a_20240910_150026.data
110.0 390.0 17 24.532868421052633 0cd9414a_20240910_150050.data
130.0 390.0 17 24.845210526315793 0cd9414a_20240910_150114.data
150.0 390.0 17 24.532868421052633 0cd9414a_20240910_150138.data
170.0 390.0 17 24.741500000000002 0cd9414a_20240910_150202.data
190.0 390.0 17 24.845210526315793 0cd9414a_20240910_150226.data
210.0 390.0 17 24.741500000000002 0cd9414a_20240910_150250.data
230.0 390.0 17 24.532868421052633 0cd9414a_20240910_150314.data
250.0 390.0 17 24.532868421052633 0cd9414a_20240910_150338.data
270.0 390.0 17 24.741500000000002 0cd9414a_20240910_150402.data
290.0 390.0 17 24.741500000000002 0cd9414a_20240910_150426.data
290.0 410.0 17 24.637394736842104 0cd9414a_20240910_150450.data
270.0 410.0 17 24.637394736842104 0cd9414a_20240910_150514.data
250.0 410.0 17 24.637394736842104 0cd9414a_20240910_150538.data
230.0 410.0 17 24.532868421052633 0cd9414a_20240910_150602.data
210.0 410.0 17 24.637394736842104 0cd9414a_20240910_150626.data
190.0 410.0 17 24.845210526315793 0cd9414a_20240910_150650.data
170.0 410.0 17 24.845210526315793 0cd9414a_20240910_150714.data
150.0 410.0 17 24.532868421052633 0cd9414a_20240910_150738.data
130.0 410.0 17 24.741500000000002 0cd9414a_20240910_150802.data
110.0 410.0 17 24.637394736842104 0cd9414a_20240910_150826.data
90.0 410.0 17 24.741500000000002 0cd9414a_20240910_150850.data
70.0 410.0 17 24.741500000000002 0cd9414a_20240910_150914.data
50.0 410.0 17 24.845210526315793 0cd9414a_20240910_150938.data
30.0 410.0 17 24.741500000000002 0cd9414a_20240910_151002.data
10.0 410.0 17 24.741500000000002 0cd9414a_20240910_151026.data
10.0 430.0 17 24.741500000000002 0cd9414a_20240910_151050.data
30.0 430.0 17 24.845210526315793 0cd9414a_20240910_151114.data
50.0 430.0 17 24.532868421052633 0cd9414a_20240910_151138.data
70.0 430.0 17 24.845210526315793 0cd9414a_20240910_151202.data
90.0 430.0 17 24.845210526315793 0cd9414a_20240910_151226.data
110.0 430.0 17 24.741500000000002 0cd9414a_20240910_151250.data
130.0 430.0 17 24.741500000000002 0cd9414a_20240910_151314.data
150.0 430.0 17 24.532868421052633 0cd9414a_20240910_151338.data
170.0 430.0 17 24.741500000000002 0cd9414a_20240910_151402.data
190.0 430.0 17 24.637394736842104 0cd9414a_20240910_151426.data
210.0 430.0 17 24.845210526315793 0cd9414a_20240910_151450.data
230.0 430.0 17 24.741500000000002 0cd9414a_20240910_151514.data
250.0 430.0 17 24.845210526315793 0cd9414a_20240910_151538.data
270.0 430.0 17 24.845210526315793 0cd9414a_20240910_151602.data
290.0 430.0 17 24.637394736842104 0cd9414a_20240910_151626.data
290.0 450.0 17 24.845210526315793 0cd9414a_20240910_151650.data
270.0 450.0 17 24.532868421052633 0cd9414a_20240910_151714.data
250.0 450.0 17 24.741500000000002 0cd9414a_20240910_151738.data
230.0 450.0 17 24.532868421052633 0cd9414a_20240910_151802.data
210.0 450.0 17 24.741500000000002 0cd9414a_20240910_151826.data
190.0 450.0 17 24.532868421052633 0cd9414a_20240910_151850.data
170.0 450.0 17 24.741500000000002 0cd9414a_20240910_151914.data
150.0 450.0 17 24.948500000000003 0cd9414a_20240910_151938.data
130.0 450.0 17 24.741500000000002 0cd9414a_20240910_152002.data
110.0 450.0 17 24.532868421052633 0cd9414a_20240910_152026.data
90.0 450.0 17 24.532868421052633 0cd9414a_20240910_152050.data
70.0 450.0 17 24.532868421052633 0cd9414a_20240910_152114.data
50.0 450.0 17 24.741500000000002 0cd9414a_20240910_152138.data
30.0 450.0 17 24.845210526315793 0cd9414a_20240910_152202.data
10.0 450.0 17 24.741500000000002 0cd9414a_20240910_152226.data
10.0 470.0 17 24.741500000000002 0cd9414a_20240910_152250.data
30.0 470.0 17 24.845210526315793 0cd9414a_20240910_152314.data
50.0 470.0 17 24.532868421052633 0cd9414a_20240910_152338.data
70.0 470.0 17 24.741500000000002 0cd9414a_20240910_152402.data
90.0 470.0 17 24.845210526315793 0cd9414a_20240910_152426.data
110.0 470.0 17 24.532868421052633 0cd9414a_20240910_152450.data
130.0 470.0 17 24.741500000000002 0cd9414a_20240910_152514.data
150.0 470.0 17 24.845210526315793 0cd9414a_20240910_152538.data
170.0 470.0 17 24.637394736842104 0cd9414a_20240910_152602.data
190.0 470.0 17 24.741500000000002 0cd9414a_20240910_152626.data
210.0 470.0 17 24.532868421052633 0cd9414a_20240910_152650.data
230.0 470.0 17 24.741500000000002 0cd9414a_20240910_152714.data
250.0 470.0 17 24.741500000000002 0cd9414a_20240910_152738.data
270.0 470.0 17 24.845210526315793 0cd9414a_20240910_152802.data
290.0 470.0 17 24.637394736842104 0cd9414a_20240910_152826.data
