-1 -1 -1 24.637394736842104 0cd9414a_20240912_184112.data
10.0 10.0 17 24.741500000000002 0cd9414a_20240912_184152.data
30.0 10.0 17 24.637394736842104 0cd9414a_20240912_184216.data
50.0 10.0 17 24.532868421052633 0cd9414a_20240912_184240.data
70.0 10.0 17 24.845210526315793 0cd9414a_20240912_184304.data
90.0 10.0 17 24.845210526315793 0cd9414a_20240912_184328.data
110.0 10.0 17 24.637394736842104 0cd9414a_20240912_184352.data
130.0 10.0 17 24.845210526315793 0cd9414a_20240912_184416.data
150.0 10.0 17 24.948500000000003 0cd9414a_20240912_184440.data
170.0 10.0 17 24.845210526315793 0cd9414a_20240912_184504.data
190.0 10.0 17 24.637394736842104 0cd9414a_20240912_184528.data
210.0 10.0 17 24.948500000000003 0cd9414a_20240912_184552.data
230.0 10.0 17 24.845210526315793 0cd9414a_20240912_184616.data
250.0 10.0 17 24.948500000000003 0cd9414a_20240912_184640.data
270.0 10.0 17 24.637394736842104 0cd9414a_20240912_184704.data
290.0 10.0 17 24.948500000000003 0cd9414a_20240912_184728.data
290.0 30.0 17 24.845210526315793 0cd9414a_20240912_184752.data
270.0 30.0 17 24.845210526315793 0cd9414a_20240912_184816.data
250.0 30.0 17 24.948500000000003 0cd9414a_20240912_184840.data
230.0 30.0 17 24.845210526315793 0cd9414a_20240912_184904.data
210.0 30.0 17 24.845210526315793 0cd9414a_20240912_184928.data
190.0 30.0 17 24.637394736842104 0cd9414a_20240912_184952.data
170.0 30.0 17 24.637394736842104 0cd9414a_20240912_185016.data
150.0 30.0 17 24.845210526315793 0cd9414a_20240912_185040.data
130.0 30.0 17 24.948500000000003 0cd9414a_20240912_185104.data
110.0 30.0 17 24.845210526315793 0cd9414a_20240912_185128.data
90.0 30.0 17 24.948500000000003 0cd9414a_20240912_185152.data
70.0 30.0 17 24.845210526315793 0cd9414a_20240912_185216.data
50.0 30.0 17 24.741500000000002 0cd9414a_20240912_185240.data
30.0 30.0 17 24.845210526315793 0cd9414a_20240912_185304.data
10.0 30.0 17 24.532868421052633 0cd9414a_20240912_185328.data
10.0 50.0 17 24.845210526315793 0cd9414a_20240912_185352.data
30.0 50.0 17 24.741500000000002 0cd9414a_20240912_185416.data
50.0 50.0 17 24.741500000000002 0cd9414a_20240912_185440.data
70.0 50.0 17 24.845210526315793 0cd9414a_20240912_185504.data
90.0 50.0 17 24.741500000000002 0cd9414a_20240912_185528.data
110.0 50.0 17 24.532868421052633 0cd9414a_20240912_185552.data
130.0 50.0 17 24.637394736842104 0cd9414a_20240912_185616.data
150.0 50.0 17 24.532868421052633 0cd9414a_20240912_185640.data
170.0 50.0 17 24.637394736842104 0cd9414a_20240912_185704.data
190.0 50.0 17 24.532868421052633 0cd9414a_20240912_185728.data
210.0 50.0 17 24.532868421052633 0cd9414a_20240912_185752.data
230.0 50.0 17 24.532868421052633 0cd9414a_20240912_185816.data
250.0 50.0 17 24.532868421052633 0cd9414a_20240912_185840.data
270.0 50.0 17 24.637394736842104 0cd9414a_20240912_185904.data
290.0 50.0 17 24.532868421052633 0cd9414a_20240912_185928.data
290.0 70.0 17 24.532868421052633 0cd9414a_20240912_185952.data
270.0 70.0 17 24.637394736842104 0cd9414a_20240912_190016.data
250.0 70.0 17 24.637394736842104 0cd9414a_20240912_190040.data
230.0 70.0 17 24.741500000000002 0cd9414a_20240912_190104.data
210.0 70.0 17 24.532868421052633 0cd9414a_20240912_190128.data
190.0 70.0 17 24.532868421052633 0cd9414a_20240912_190152.data
170.0 70.0 17 24.532868421052633 0cd9414a_20240912_190216.data
150.0 70.0 17 24.637394736842104 0cd9414a_20240912_190240.data
130.0 70.0 17 24.532868421052633 0cd9414a_20240912_190304.data
110.0 70.0 17 24.532868421052633 0cd9414a_20240912_190328.data
90.0 70.0 17 24.637394736842104 0cd9414a_20240912_190352.data
70.0 70.0 17 24.637394736842104 0cd9414a_20240912_190416.data
50.0 70.0 17 24.637394736842104 0cd9414a_20240912_190440.data
30.0 70.0 17 24.637394736842104 0cd9414a_20240912_190504.data
10.0 70.0 17 24.532868421052633 0cd9414a_20240912_190528.data
10.0 90.0 17 24.532868421052633 0cd9414a_20240912_190552.data
30.0 90.0 17 24.637394736842104 0cd9414a_20240912_190616.data
50.0 90.0 17 24.637394736842104 0cd9414a_20240912_190640.data
70.0 90.0 17 24.532868421052633 0cd9414a_20240912_190704.data
90.0 90.0 17 24.532868421052633 0cd9414a_20240912_190729.data
110.0 90.0 17 24.532868421052633 0cd9414a_20240912_190752.data
130.0 90.0 17 24.637394736842104 0cd9414a_20240912_190817.data
150.0 90.0 17 24.532868421052633 0cd9414a_20240912_190841.data
170.0 90.0 17 24.532868421052633 0cd9414a_20240912_190905.data
190.0 90.0 17 24.532868421052633 0cd9414a_20240912_190929.data
210.0 90.0 17 24.532868421052633 0cd9414a_20240912_190953.data
230.0 90.0 17 24.637394736842104 0cd9414a_20240912_191017.data
250.0 90.0 17 24.637394736842104 0cd9414a_20240912_191041.data
270.0 90.0 17 24.637394736842104 0cd9414a_20240912_191105.data
290.0 90.0 17 24.532868421052633 0cd9414a_20240912_191129.data
290.0 110.0 17 24.532868421052633 0cd9414a_20240912_191153.data
270.0 110.0 17 24.741500000000002 0cd9414a_20240912_191217.data
250.0 110.0 17 24.845210526315793 0cd9414a_20240912_191241.data
230.0 110.0 17 24.741500000000002 0cd9414a_20240912_191305.data
210.0 110.0 17 24.532868421052633 0cd9414a_20240912_191329.data
190.0 110.0 17 24.532868421052633 0cd9414a_20240912_191353.data
170.0 110.0 17 24.637394736842104 0cd9414a_20240912_191417.data
150.0 110.0 17 24.532868421052633 0cd9414a_20240912_191441.data
130.0 110.0 17 24.532868421052633 0cd9414a_20240912_191505.data
110.0 110.0 17 24.532868421052633 0cd9414a_20240912_191529.data
90.0 110.0 17 24.532868421052633 0cd9414a_20240912_191553.data
70.0 110.0 17 24.637394736842104 0cd9414a_20240912_191617.data
50.0 110.0 17 24.637394736842104 0cd9414a_20240912_191641.data
30.0 110.0 17 24.637394736842104 0cd9414a_20240912_191705.data
10.0 110.0 17 24.637394736842104 0cd9414a_20240912_191729.data
10.0 130.0 17 24.532868421052633 0cd9414a_20240912_191753.data
30.0 130.0 17 24.532868421052633 0cd9414a_20240912_191817.data
50.0 130.0 17 24.637394736842104 0cd9414a_20240912_191841.data
70.0 130.0 17 24.637394736842104 0cd9414a_20240912_191905.data
90.0 130.0 17 24.637394736842104 0cd9414a_20240912_191929.data
110.0 130.0 17 24.637394736842104 0cd9414a_20240912_191953.data
130.0 130.0 17 24.532868421052633 0cd9414a_20240912_192017.data
150.0 130.0 17 24.637394736842104 0cd9414a_20240912_192041.data
170.0 130.0 17 24.637394736842104 0cd9414a_20240912_192105.data
190.0 130.0 17 24.532868421052633 0cd9414a_20240912_192129.data
210.0 130.0 17 24.532868421052633 0cd9414a_20240912_192153.data
230.0 130.0 17 24.532868421052633 0cd9414a_20240912_192217.data
250.0 130.0 17 24.532868421052633 0cd9414a_20240912_192241.data
270.0 130.0 17 24.532868421052633 0cd9414a_20240912_192305.data
290.0 130.0 17 24.637394736842104 0cd9414a_20240912_192329.data
290.0 150.0 17 24.532868421052633 0cd9414a_20240912_192353.data
270.0 150.0 17 24.532868421052633 0cd9414a_20240912_192417.data
250.0 150.0 17 24.637394736842104 0cd9414a_20240912_192441.data
230.0 150.0 17 24.532868421052633 0cd9414a_20240912_192505.data
210.0 150.0 17 24.532868421052633 0cd9414a_20240912_192529.data
190.0 150.0 17 24.532868421052633 0cd9414a_20240912_192553.data
170.0 150.0 17 24.532868421052633 0cd9414a_20240912_192617.data
150.0 150.0 17 24.532868421052633 0cd9414a_20240912_192641.data
130.0 150.0 17 24.637394736842104 0cd9414a_20240912_192705.data
110.0 150.0 17 24.532868421052633 0cd9414a_20240912_192729.data
90.0 150.0 17 24.532868421052633 0cd9414a_20240912_192753.data
70.0 150.0 17 24.532868421052633 0cd9414a_20240912_192817.data
50.0 150.0 17 24.637394736842104 0cd9414a_20240912_192841.data
30.0 150.0 17 24.532868421052633 0cd9414a_20240912_192905.data
10.0 150.0 17 24.532868421052633 0cd9414a_20240912_192929.data
10.0 170.0 17 24.637394736842104 0cd9414a_20240912_192953.data
30.0 170.0 17 24.532868421052633 0cd9414a_20240912_193017.data
50.0 170.0 17 24.532868421052633 0cd9414a_20240912_193041.data
70.0 170.0 17 24.532868421052633 0cd9414a_20240912_193105.data
90.0 170.0 17 24.532868421052633 0cd9414a_20240912_193129.data
110.0 170.0 17 24.637394736842104 0cd9414a_20240912_193153.data
130.0 170.0 17 24.532868421052633 0cd9414a_20240912_193217.data
150.0 170.0 17 24.637394736842104 0cd9414a_20240912_193241.data
170.0 170.0 17 24.532868421052633 0cd9414a_20240912_193305.data
190.0 170.0 17 24.532868421052633 0cd9414a_20240912_193329.data
210.0 170.0 17 24.637394736842104 0cd9414a_20240912_193353.data
230.0 170.0 17 24.532868421052633 0cd9414a_20240912_193417.data
250.0 170.0 17 24.532868421052633 0cd9414a_20240912_193441.data
270.0 170.0 17 24.637394736842104 0cd9414a_20240912_193505.data
290.0 170.0 17 24.532868421052633 0cd9414a_20240912_193529.data
290.0 190.0 17 24.532868421052633 0cd9414a_20240912_193553.data
270.0 190.0 17 24.532868421052633 0cd9414a_20240912_193617.data
250.0 190.0 17 24.532868421052633 0cd9414a_20240912_193641.data
230.0 190.0 17 24.637394736842104 0cd9414a_20240912_193705.data
210.0 190.0 17 24.637394736842104 0cd9414a_20240912_193729.data
190.0 190.0 17 24.637394736842104 0cd9414a_20240912_193753.data
170.0 190.0 17 24.637394736842104 0cd9414a_20240912_193817.data
150.0 190.0 17 24.532868421052633 0cd9414a_20240912_193841.data
130.0 190.0 17 24.845210526315793 0cd9414a_20240912_193905.data
110.0 190.0 17 24.637394736842104 0cd9414a_20240912_193929.data
90.0 190.0 17 24.637394736842104 0cd9414a_20240912_193953.data
70.0 190.0 17 24.532868421052633 0cd9414a_20240912_194018.data
50.0 190.0 17 24.741500000000002 0cd9414a_20240912_194042.data
30.0 190.0 17 24.532868421052633 0cd9414a_20240912_194106.data
10.0 190.0 17 24.637394736842104 0cd9414a_20240912_194130.data
10.0 210.0 17 24.637394736842104 0cd9414a_20240912_194154.data
30.0 210.0 17 24.637394736842104 0cd9414a_20240912_194218.data
50.0 210.0 17 24.637394736842104 0cd9414a_20240912_194242.data
70.0 210.0 17 24.741500000000002 0cd9414a_20240912_194306.data
90.0 210.0 17 24.427921052631582 0cd9414a_20240912_194330.data
110.0 210.0 17 24.532868421052633 0cd9414a_20240912_194354.data
130.0 210.0 17 24.637394736842104 0cd9414a_20240912_194418.data
150.0 210.0 17 24.637394736842104 0cd9414a_20240912_194442.data
170.0 210.0 17 24.637394736842104 0cd9414a_20240912_194506.data
190.0 210.0 17 24.637394736842104 0cd9414a_20240912_194530.data
210.0 210.0 17 24.532868421052633 0cd9414a_20240912_194554.data
230.0 210.0 17 24.637394736842104 0cd9414a_20240912_194618.data
250.0 210.0 17 24.637394736842104 0cd9414a_20240912_194642.data
270.0 210.0 17 24.532868421052633 0cd9414a_20240912_194706.data
290.0 210.0 17 24.532868421052633 0cd9414a_20240912_194730.data
290.0 230.0 17 24.637394736842104 0cd9414a_20240912_194754.data
270.0 230.0 17 24.637394736842104 0cd9414a_20240912_194818.data
250.0 230.0 17 24.637394736842104 0cd9414a_20240912_194842.data
230.0 230.0 17 24.532868421052633 0cd9414a_20240912_194906.data
210.0 230.0 17 24.637394736842104 0cd9414a_20240912_194930.data
190.0 230.0 17 24.637394736842104 0cd9414a_20240912_194954.data
170.0 230.0 17 24.532868421052633 0cd9414a_20240912_195018.data
150.0 230.0 17 24.532868421052633 0cd9414a_20240912_195042.data
130.0 230.0 17 24.532868421052633 0cd9414a_20240912_195106.data
110.0 230.0 17 24.532868421052633 0cd9414a_20240912_195130.data
90.0 230.0 17 24.532868421052633 0cd9414a_20240912_195154.data
70.0 230.0 17 24.532868421052633 0cd9414a_20240912_195218.data
50.0 230.0 17 24.532868421052633 0cd9414a_20240912_195242.data
30.0 230.0 17 24.532868421052633 0cd9414a_20240912_195306.data
10.0 230.0 17 24.637394736842104 0cd9414a_20240912_195330.data
10.0 250.0 17 24.741500000000002 0cd9414a_20240912_195354.data
30.0 250.0 17 24.532868421052633 0cd9414a_20240912_195418.data
50.0 250.0 17 24.637394736842104 0cd9414a_20240912_195442.data
70.0 250.0 17 24.637394736842104 0cd9414a_20240912_195506.data
90.0 250.0 17 24.637394736842104 0cd9414a_20240912_195530.data
110.0 250.0 17 24.637394736842104 0cd9414a_20240912_195554.data
130.0 250.0 17 24.532868421052633 0cd9414a_20240912_195618.data
150.0 250.0 17 24.532868421052633 0cd9414a_20240912_195642.data
170.0 250.0 17 24.637394736842104 0cd9414a_20240912_195706.data
190.0 250.0 17 24.637394736842104 0cd9414a_20240912_195730.data
210.0 250.0 17 24.637394736842104 0cd9414a_20240912_195754.data
230.0 250.0 17 24.532868421052633 0cd9414a_20240912_195818.data
250.0 250.0 17 24.637394736842104 0cd9414a_20240912_195842.data
270.0 250.0 17 24.532868421052633 0cd9414a_20240912_195906.data
290.0 250.0 17 24.532868421052633 0cd9414a_20240912_195930.data
290.0 270.0 17 24.637394736842104 0cd9414a_20240912_195954.data
270.0 270.0 17 24.637394736842104 0cd9414a_20240912_200018.data
250.0 270.0 17 24.532868421052633 0cd9414a_20240912_200042.data
230.0 270.0 17 24.637394736842104 0cd9414a_20240912_200106.data
210.0 270.0 17 24.532868421052633 0cd9414a_20240912_200130.data
190.0 270.0 17 24.637394736842104 0cd9414a_20240912_200154.data
170.0 270.0 17 24.637394736842104 0cd9414a_20240912_200218.data
150.0 270.0 17 24.637394736842104 0cd9414a_20240912_200242.data
130.0 270.0 17 24.637394736842104 0cd9414a_20240912_200306.data
110.0 270.0 17 24.637394736842104 0cd9414a_20240912_200330.data
90.0 270.0 17 24.637394736842104 0cd9414a_20240912_200354.data
70.0 270.0 17 24.637394736842104 0cd9414a_20240912_200418.data
50.0 270.0 17 -1 0cd9414a_20240912_200442.data
30.0 270.0 17 24.741500000000002 0cd9414a_20240912_200506.data
10.0 270.0 17 24.637394736842104 0cd9414a_20240912_200530.data
10.0 290.0 17 -1 0cd9414a_20240912_200554.data
30.0 290.0 17 24.637394736842104 0cd9414a_20240912_200618.data
50.0 290.0 17 24.532868421052633 0cd9414a_20240912_200642.data
70.0 290.0 17 -1 0cd9414a_20240912_200706.data
90.0 290.0 17 24.532868421052633 0cd9414a_20240912_200730.data
110.0 290.0 17 24.637394736842104 0cd9414a_20240912_200754.data
130.0 290.0 17 -1 0cd9414a_20240912_200818.data
150.0 290.0 17 24.637394736842104 0cd9414a_20240912_200842.data
170.0 290.0 17 24.532868421052633 0cd9414a_20240912_200907.data
190.0 290.0 17 -1 0cd9414a_20240912_200931.data
210.0 290.0 17 24.532868421052633 0cd9414a_20240912_200955.data
230.0 290.0 17 24.532868421052633 0cd9414a_20240912_201019.data
250.0 290.0 17 24.637394736842104 0cd9414a_20240912_201043.data
270.0 290.0 17 24.532868421052633 0cd9414a_20240912_201107.data
290.0 290.0 17 24.532868421052633 0cd9414a_20240912_201131.data
290.0 310.0 17 24.532868421052633 0cd9414a_20240912_201155.data
270.0 310.0 17 24.532868421052633 0cd9414a_20240912_201219.data
250.0 310.0 17 24.532868421052633 0cd9414a_20240912_201243.data
230.0 310.0 17 24.532868421052633 0cd9414a_20240912_201307.data
210.0 310.0 17 24.532868421052633 0cd9414a_20240912_201331.data
190.0 310.0 17 24.532868421052633 0cd9414a_20240912_201355.data
170.0 310.0 17 24.532868421052633 0cd9414a_20240912_201419.data
150.0 310.0 17 24.532868421052633 0cd9414a_20240912_201443.data
130.0 310.0 17 24.532868421052633 0cd9414a_20240912_201507.data
110.0 310.0 17 24.532868421052633 0cd9414a_20240912_201531.data
90.0 310.0 17 24.532868421052633 0cd9414a_20240912_201555.data
70.0 310.0 17 24.532868421052633 0cd9414a_20240912_201619.data
50.0 310.0 17 24.532868421052633 0cd9414a_20240912_201643.data
30.0 310.0 17 24.532868421052633 0cd9414a_20240912_201707.data
10.0 310.0 17 24.532868421052633 0cd9414a_20240912_201731.data
10.0 330.0 17 24.637394736842104 0cd9414a_20240912_201755.data
30.0 330.0 17 24.532868421052633 0cd9414a_20240912_201819.data
50.0 330.0 17 24.532868421052633 0cd9414a_20240912_201843.data
70.0 330.0 17 24.532868421052633 0cd9414a_20240912_201907.data
90.0 330.0 17 24.532868421052633 0cd9414a_20240912_201931.data
110.0 330.0 17 24.532868421052633 0cd9414a_20240912_201955.data
130.0 330.0 17 24.532868421052633 0cd9414a_20240912_202019.data
150.0 330.0 17 24.532868421052633 0cd9414a_20240912_202043.data
170.0 330.0 17 24.532868421052633 0cd9414a_20240912_202107.data
190.0 330.0 17 24.532868421052633 0cd9414a_20240912_202131.data
210.0 330.0 17 24.532868421052633 0cd9414a_20240912_202155.data
230.0 330.0 17 24.532868421052633 0cd9414a_20240912_202219.data
250.0 330.0 17 24.532868421052633 0cd9414a_20240912_202243.data
270.0 330.0 17 24.532868421052633 0cd9414a_20240912_202307.data
290.0 330.0 17 24.532868421052633 0cd9414a_20240912_202331.data
10.0 350.0 17 24.741500000000002 0cd9414a_20240913_085723.data
30.0 350.0 17 24.741500000000002 0cd9414a_20240913_085747.data
50.0 350.0 17 24.532868421052633 0cd9414a_20240913_085811.data
70.0 350.0 17 24.532868421052633 0cd9414a_20240913_085835.data
90.0 350.0 17 24.532868421052633 0cd9414a_20240913_085859.data
110.0 350.0 17 24.532868421052633 0cd9414a_20240913_085923.data
130.0 350.0 17 24.532868421052633 0cd9414a_20240913_085947.data
150.0 350.0 17 24.532868421052633 0cd9414a_20240913_090011.data
170.0 350.0 17 24.532868421052633 0cd9414a_20240913_090035.data
190.0 350.0 17 24.532868421052633 0cd9414a_20240913_090059.data
210.0 350.0 17 24.741500000000002 0cd9414a_20240913_090123.data
230.0 350.0 17 24.532868421052633 0cd9414a_20240913_090147.data
250.0 350.0 17 24.532868421052633 0cd9414a_20240913_090211.data
270.0 350.0 17 24.532868421052633 0cd9414a_20240913_090235.data
290.0 350.0 17 24.532868421052633 0cd9414a_20240913_090259.data
290.0 370.0 17 24.637394736842104 0cd9414a_20240913_090323.data
270.0 370.0 17 24.427921052631582 0cd9414a_20240913_090347.data
250.0 370.0 17 24.322552631578947 0cd9414a_20240913_090411.data
230.0 370.0 17 24.532868421052633 0cd9414a_20240913_090435.data
210.0 370.0 17 24.532868421052633 0cd9414a_20240913_090500.data
190.0 370.0 17 24.532868421052633 0cd9414a_20240913_090524.data
170.0 370.0 17 24.532868421052633 0cd9414a_20240913_090548.data
150.0 370.0 17 24.532868421052633 0cd9414a_20240913_090612.data
130.0 370.0 17 24.532868421052633 0cd9414a_20240913_090636.data
110.0 370.0 17 24.532868421052633 0cd9414a_20240913_090700.data
90.0 370.0 17 24.532868421052633 0cd9414a_20240913_090724.data
70.0 370.0 17 24.532868421052633 0cd9414a_20240913_090748.data
50.0 370.0 17 24.427921052631582 0cd9414a_20240913_090812.data
30.0 370.0 17 24.532868421052633 0cd9414a_20240913_090836.data
10.0 370.0 17 24.532868421052633 0cd9414a_20240913_090900.data
10.0 390.0 17 24.532868421052633 0cd9414a_20240913_090924.data
30.0 390.0 17 24.532868421052633 0cd9414a_20240913_090948.data
50.0 390.0 17 24.532868421052633 0cd9414a_20240913_091012.data
70.0 390.0 17 24.532868421052633 0cd9414a_20240913_091036.data
90.0 390.0 17 24.532868421052633 0cd9414a_20240913_091100.data
110.0 390.0 17 24.532868421052633 0cd9414a_20240913_091124.data
130.0 390.0 17 24.532868421052633 0cd9414a_20240913_091148.data
150.0 390.0 17 24.532868421052633 0cd9414a_20240913_091212.data
170.0 390.0 17 24.532868421052633 0cd9414a_20240913_091236.data
190.0 390.0 17 24.532868421052633 0cd9414a_20240913_091300.data
210.0 390.0 17 24.532868421052633 0cd9414a_20240913_091324.data
230.0 390.0 17 24.532868421052633 0cd9414a_20240913_091348.data
250.0 390.0 17 24.532868421052633 0cd9414a_20240913_091412.data
270.0 390.0 17 24.532868421052633 0cd9414a_20240913_091436.data
290.0 390.0 17 24.427921052631582 0cd9414a_20240913_091500.data
290.0 410.0 17 24.532868421052633 0cd9414a_20240913_091524.data
270.0 410.0 17 24.532868421052633 0cd9414a_20240913_091548.data
250.0 410.0 17 24.427921052631582 0cd9414a_20240913_091612.data
230.0 410.0 17 24.532868421052633 0cd9414a_20240913_091636.data
210.0 410.0 17 24.532868421052633 0cd9414a_20240913_091700.data
190.0 410.0 17 24.532868421052633 0cd9414a_20240913_091724.data
170.0 410.0 17 24.532868421052633 0cd9414a_20240913_091748.data
150.0 410.0 17 24.532868421052633 0cd9414a_20240913_091812.data
130.0 410.0 17 24.532868421052633 0cd9414a_20240913_091836.data
110.0 410.0 17 24.532868421052633 0cd9414a_20240913_091900.data
90.0 410.0 17 24.532868421052633 0cd9414a_20240913_091924.data
70.0 410.0 17 24.532868421052633 0cd9414a_20240913_091948.data
50.0 410.0 17 24.532868421052633 0cd9414a_20240913_092012.data
30.0 410.0 17 24.532868421052633 0cd9414a_20240913_092036.data
10.0 410.0 17 24.532868421052633 0cd9414a_20240913_092100.data
10.0 430.0 17 24.532868421052633 0cd9414a_20240913_092124.data
30.0 430.0 17 24.532868421052633 0cd9414a_20240913_092148.data
50.0 430.0 17 24.532868421052633 0cd9414a_20240913_092212.data
70.0 430.0 17 24.427921052631582 0cd9414a_20240913_092236.data
90.0 430.0 17 24.532868421052633 0cd9414a_20240913_092300.data
110.0 430.0 17 24.637394736842104 0cd9414a_20240913_092324.data
130.0 430.0 17 24.532868421052633 0cd9414a_20240913_092348.data
150.0 430.0 17 24.532868421052633 0cd9414a_20240913_092412.data
170.0 430.0 17 24.532868421052633 0cd9414a_20240913_092436.data
190.0 430.0 17 24.427921052631582 0cd9414a_20240913_092500.data
210.0 430.0 17 24.532868421052633 0cd9414a_20240913_092524.data
230.0 430.0 17 24.532868421052633 0cd9414a_20240913_092548.data
250.0 430.0 17 24.532868421052633 0cd9414a_20240913_092612.data
270.0 430.0 17 24.532868421052633 0cd9414a_20240913_092636.data
290.0 430.0 17 24.532868421052633 0cd9414a_20240913_092700.data
290.0 450.0 17 24.532868421052633 0cd9414a_20240913_092724.data
270.0 450.0 17 24.532868421052633 0cd9414a_20240913_092748.data
250.0 450.0 17 24.532868421052633 0cd9414a_20240913_092812.data
230.0 450.0 17 24.637394736842104 0cd9414a_20240913_092836.data
210.0 450.0 17 24.532868421052633 0cd9414a_20240913_092900.data
190.0 450.0 17 24.532868421052633 0cd9414a_20240913_092924.data
170.0 450.0 17 24.532868421052633 0cd9414a_20240913_092948.data
150.0 450.0 17 24.532868421052633 0cd9414a_20240913_093012.data
130.0 450.0 17 24.532868421052633 0cd9414a_20240913_093036.data
110.0 450.0 17 24.532868421052633 0cd9414a_20240913_093100.data
90.0 450.0 17 24.532868421052633 0cd9414a_20240913_093124.data
70.0 450.0 17 24.532868421052633 0cd9414a_20240913_093148.data
50.0 450.0 17 24.637394736842104 0cd9414a_20240913_093212.data
30.0 450.0 17 24.532868421052633 0cd9414a_20240913_093236.data
10.0 450.0 17 24.532868421052633 0cd9414a_20240913_093300.data
10.0 470.0 17 24.532868421052633 0cd9414a_20240913_093324.data
30.0 470.0 17 24.532868421052633 0cd9414a_20240913_093348.data
50.0 470.0 17 24.532868421052633 0cd9414a_20240913_093412.data
70.0 470.0 17 24.532868421052633 0cd9414a_20240913_093437.data
90.0 470.0 17 24.532868421052633 0cd9414a_20240913_093500.data
110.0 470.0 17 24.532868421052633 0cd9414a_20240913_093525.data
130.0 470.0 17 24.532868421052633 0cd9414a_20240913_093549.data
150.0 470.0 17 24.427921052631582 0cd9414a_20240913_093613.data
170.0 470.0 17 24.532868421052633 0cd9414a_20240913_093637.data
190.0 470.0 17 24.532868421052633 0cd9414a_20240913_093701.data
210.0 470.0 17 24.532868421052633 0cd9414a_20240913_093725.data
230.0 470.0 17 24.532868421052633 0cd9414a_20240913_093749.data
250.0 470.0 17 24.532868421052633 0cd9414a_20240913_093813.data
270.0 470.0 17 24.532868421052633 0cd9414a_20240913_093837.data
290.0 470.0 17 24.532868421052633 0cd9414a_20240913_093901.data
