-1 -1 -1 nan 0cd913fa_20240708_162058.data
10.0 10.0 17 nan 0cd913fa_20240708_162136.data
30.0 10.0 17 nan 0cd913fa_20240708_162200.data
50.0 10.0 17 nan 0cd913fa_20240708_162224.data
70.0 10.0 17 nan 0cd913fa_20240708_162248.data
90.0 10.0 17 nan 0cd913fa_20240708_162312.data
110.0 10.0 17 nan 0cd913fa_20240708_162336.data
130.0 10.0 17 nan 0cd913fa_20240708_162400.data
150.0 10.0 17 nan 0cd913fa_20240708_162424.data
170.0 10.0 17 nan 0cd913fa_20240708_162448.data
190.0 10.0 17 nan 0cd913fa_20240708_162512.data
210.0 10.0 17 nan 0cd913fa_20240708_162536.data
230.0 10.0 17 nan 0cd913fa_20240708_162600.data
250.0 10.0 17 nan 0cd913fa_20240708_162624.data
270.0 10.0 17 nan 0cd913fa_20240708_162648.data
290.0 10.0 17 nan 0cd913fa_20240708_162712.data
290.0 30.0 17 nan 0cd913fa_20240708_162736.data
270.0 30.0 17 nan 0cd913fa_20240708_162800.data
250.0 30.0 17 nan 0cd913fa_20240708_162824.data
230.0 30.0 17 nan 0cd913fa_20240708_162848.data
210.0 30.0 17 nan 0cd913fa_20240708_162912.data
190.0 30.0 17 nan 0cd913fa_20240708_162936.data
170.0 30.0 17 nan 0cd913fa_20240708_163000.data
150.0 30.0 17 nan 0cd913fa_20240708_163024.data
130.0 30.0 17 nan 0cd913fa_20240708_163048.data
110.0 30.0 17 nan 0cd913fa_20240708_163112.data
90.0 30.0 17 nan 0cd913fa_20240708_163136.data
70.0 30.0 17 nan 0cd913fa_20240708_163200.data
50.0 30.0 17 nan 0cd913fa_20240708_163224.data
30.0 30.0 17 nan 0cd913fa_20240708_163248.data
10.0 30.0 17 nan 0cd913fa_20240708_163312.data
10.0 50.0 17 nan 0cd913fa_20240708_163336.data
30.0 50.0 17 nan 0cd913fa_20240708_163400.data
50.0 50.0 17 nan 0cd913fa_20240708_163424.data
70.0 50.0 17 nan 0cd913fa_20240708_163448.data
90.0 50.0 17 nan 0cd913fa_20240708_163512.data
110.0 50.0 17 nan 0cd913fa_20240708_163536.data
130.0 50.0 17 nan 0cd913fa_20240708_163600.data
150.0 50.0 17 nan 0cd913fa_20240708_163624.data
170.0 50.0 17 nan 0cd913fa_20240708_163648.data
190.0 50.0 17 nan 0cd913fa_20240708_163712.data
210.0 50.0 17 nan 0cd913fa_20240708_163736.data
230.0 50.0 17 nan 0cd913fa_20240708_163800.data
250.0 50.0 17 nan 0cd913fa_20240708_163824.data
270.0 50.0 17 nan 0cd913fa_20240708_163848.data
290.0 50.0 17 nan 0cd913fa_20240708_163912.data
290.0 70.0 17 nan 0cd913fa_20240708_163936.data
270.0 70.0 17 nan 0cd913fa_20240708_164000.data
250.0 70.0 17 nan 0cd913fa_20240708_164024.data
230.0 70.0 17 nan 0cd913fa_20240708_164048.data
210.0 70.0 17 nan 0cd913fa_20240708_164112.data
190.0 70.0 17 nan 0cd913fa_20240708_164136.data
170.0 70.0 17 nan 0cd913fa_20240708_164200.data
150.0 70.0 17 nan 0cd913fa_20240708_164224.data
130.0 70.0 17 nan 0cd913fa_20240708_164248.data
110.0 70.0 17 nan 0cd913fa_20240708_164312.data
90.0 70.0 17 nan 0cd913fa_20240708_164336.data
70.0 70.0 17 nan 0cd913fa_20240708_164400.data
50.0 70.0 17 nan 0cd913fa_20240708_164425.data
30.0 70.0 17 nan 0cd913fa_20240708_164449.data
10.0 70.0 17 nan 0cd913fa_20240708_164513.data
10.0 90.0 17 nan 0cd913fa_20240708_164537.data
30.0 90.0 17 nan 0cd913fa_20240708_164601.data
50.0 90.0 17 nan 0cd913fa_20240708_164625.data
70.0 90.0 17 nan 0cd913fa_20240708_164649.data
90.0 90.0 17 nan 0cd913fa_20240708_164713.data
110.0 90.0 17 nan 0cd913fa_20240708_164737.data
130.0 90.0 17 nan 0cd913fa_20240708_164801.data
150.0 90.0 17 nan 0cd913fa_20240708_164825.data
170.0 90.0 17 nan 0cd913fa_20240708_164849.data
190.0 90.0 17 nan 0cd913fa_20240708_164913.data
210.0 90.0 17 nan 0cd913fa_20240708_164937.data
230.0 90.0 17 nan 0cd913fa_20240708_165001.data
250.0 90.0 17 nan 0cd913fa_20240708_165025.data
270.0 90.0 17 nan 0cd913fa_20240708_165049.data
290.0 90.0 17 nan 0cd913fa_20240708_165113.data
290.0 110.0 17 nan 0cd913fa_20240708_165137.data
270.0 110.0 17 nan 0cd913fa_20240708_165201.data
250.0 110.0 17 nan 0cd913fa_20240708_165225.data
230.0 110.0 17 nan 0cd913fa_20240708_165249.data
210.0 110.0 17 nan 0cd913fa_20240708_165313.data
190.0 110.0 17 nan 0cd913fa_20240708_165337.data
170.0 110.0 17 nan 0cd913fa_20240708_165401.data
150.0 110.0 17 nan 0cd913fa_20240708_165425.data
130.0 110.0 17 nan 0cd913fa_20240708_165449.data
110.0 110.0 17 nan 0cd913fa_20240708_165513.data
90.0 110.0 17 nan 0cd913fa_20240708_165537.data
70.0 110.0 17 nan 0cd913fa_20240708_165601.data
50.0 110.0 17 nan 0cd913fa_20240708_165625.data
30.0 110.0 17 nan 0cd913fa_20240708_165649.data
10.0 110.0 17 nan 0cd913fa_20240708_165713.data
10.0 130.0 17 nan 0cd913fa_20240708_165737.data
30.0 130.0 17 nan 0cd913fa_20240708_165801.data
50.0 130.0 17 nan 0cd913fa_20240708_165825.data
70.0 130.0 17 nan 0cd913fa_20240708_165849.data
90.0 130.0 17 nan 0cd913fa_20240708_165913.data
110.0 130.0 17 nan 0cd913fa_20240708_165937.data
130.0 130.0 17 nan 0cd913fa_20240708_170001.data
150.0 130.0 17 nan 0cd913fa_20240708_170025.data
170.0 130.0 17 nan 0cd913fa_20240708_170049.data
190.0 130.0 17 nan 0cd913fa_20240708_170113.data
210.0 130.0 17 nan 0cd913fa_20240708_170137.data
230.0 130.0 17 nan 0cd913fa_20240708_170201.data
250.0 130.0 17 nan 0cd913fa_20240708_170225.data
270.0 130.0 17 nan 0cd913fa_20240708_170249.data
290.0 130.0 17 nan 0cd913fa_20240708_170313.data
290.0 150.0 17 nan 0cd913fa_20240708_170337.data
270.0 150.0 17 nan 0cd913fa_20240708_170401.data
250.0 150.0 17 nan 0cd913fa_20240708_170425.data
230.0 150.0 17 nan 0cd913fa_20240708_170449.data
210.0 150.0 17 nan 0cd913fa_20240708_170513.data
190.0 150.0 17 nan 0cd913fa_20240708_170537.data
170.0 150.0 17 nan 0cd913fa_20240708_170601.data
150.0 150.0 17 nan 0cd913fa_20240708_170625.data
130.0 150.0 17 nan 0cd913fa_20240708_170649.data
110.0 150.0 17 nan 0cd913fa_20240708_170713.data
90.0 150.0 17 nan 0cd913fa_20240708_170737.data
70.0 150.0 17 nan 0cd913fa_20240708_170801.data
50.0 150.0 17 nan 0cd913fa_20240708_170825.data
30.0 150.0 17 nan 0cd913fa_20240708_170849.data
10.0 150.0 17 nan 0cd913fa_20240708_170913.data
10.0 170.0 17 nan 0cd913fa_20240708_170937.data
30.0 170.0 17 nan 0cd913fa_20240708_171001.data
50.0 170.0 17 nan 0cd913fa_20240708_171025.data
70.0 170.0 17 nan 0cd913fa_20240708_171049.data
90.0 170.0 17 nan 0cd913fa_20240708_171113.data
110.0 170.0 17 nan 0cd913fa_20240708_171138.data
130.0 170.0 17 nan 0cd913fa_20240708_171202.data
150.0 170.0 17 nan 0cd913fa_20240708_171226.data
170.0 170.0 17 nan 0cd913fa_20240708_171250.data
190.0 170.0 17 nan 0cd913fa_20240708_171314.data
210.0 170.0 17 nan 0cd913fa_20240708_171338.data
230.0 170.0 17 nan 0cd913fa_20240708_171402.data
250.0 170.0 17 nan 0cd913fa_20240708_171426.data
270.0 170.0 17 nan 0cd913fa_20240708_171450.data
290.0 170.0 17 nan 0cd913fa_20240708_171514.data
290.0 190.0 17 nan 0cd913fa_20240708_171538.data
270.0 190.0 17 nan 0cd913fa_20240708_171602.data
250.0 190.0 17 nan 0cd913fa_20240708_171626.data
230.0 190.0 17 nan 0cd913fa_20240708_171650.data
210.0 190.0 17 nan 0cd913fa_20240708_171714.data
190.0 190.0 17 nan 0cd913fa_20240708_171738.data
170.0 190.0 17 nan 0cd913fa_20240708_171802.data
150.0 190.0 17 nan 0cd913fa_20240708_171826.data
130.0 190.0 17 nan 0cd913fa_20240708_171850.data
110.0 190.0 17 nan 0cd913fa_20240708_171914.data
90.0 190.0 17 nan 0cd913fa_20240708_171938.data
70.0 190.0 17 nan 0cd913fa_20240708_172002.data
50.0 190.0 17 nan 0cd913fa_20240708_172026.data
30.0 190.0 17 nan 0cd913fa_20240708_172050.data
10.0 190.0 17 nan 0cd913fa_20240708_172114.data
10.0 210.0 17 nan 0cd913fa_20240708_172138.data
30.0 210.0 17 nan 0cd913fa_20240708_172202.data
50.0 210.0 17 nan 0cd913fa_20240708_172226.data
70.0 210.0 17 nan 0cd913fa_20240708_172250.data
90.0 210.0 17 nan 0cd913fa_20240708_172314.data
110.0 210.0 17 nan 0cd913fa_20240708_172338.data
130.0 210.0 17 nan 0cd913fa_20240708_172402.data
150.0 210.0 17 nan 0cd913fa_20240708_172426.data
170.0 210.0 17 nan 0cd913fa_20240708_172450.data
190.0 210.0 17 nan 0cd913fa_20240708_172514.data
210.0 210.0 17 nan 0cd913fa_20240708_172538.data
230.0 210.0 17 nan 0cd913fa_20240708_172602.data
250.0 210.0 17 nan 0cd913fa_20240708_172626.data
270.0 210.0 17 nan 0cd913fa_20240708_172650.data
290.0 210.0 17 nan 0cd913fa_20240708_172714.data
290.0 230.0 17 nan 0cd913fa_20240708_172738.data
270.0 230.0 17 nan 0cd913fa_20240708_172802.data
250.0 230.0 17 nan 0cd913fa_20240708_172826.data
230.0 230.0 17 nan 0cd913fa_20240708_172850.data
210.0 230.0 17 nan 0cd913fa_20240708_172914.data
190.0 230.0 17 nan 0cd913fa_20240708_172938.data
170.0 230.0 17 nan 0cd913fa_20240708_173002.data
150.0 230.0 17 nan 0cd913fa_20240708_173026.data
130.0 230.0 17 nan 0cd913fa_20240708_173050.data
110.0 230.0 17 nan 0cd913fa_20240708_173114.data
90.0 230.0 17 nan 0cd913fa_20240708_173138.data
70.0 230.0 17 nan 0cd913fa_20240708_173202.data
50.0 230.0 17 nan 0cd913fa_20240708_173226.data
30.0 230.0 17 nan 0cd913fa_20240708_173250.data
10.0 230.0 17 nan 0cd913fa_20240708_173314.data
10.0 250.0 17 nan 0cd913fa_20240708_173338.data
30.0 250.0 17 nan 0cd913fa_20240708_173402.data
50.0 250.0 17 nan 0cd913fa_20240708_173426.data
70.0 250.0 17 nan 0cd913fa_20240708_173450.data
90.0 250.0 17 nan 0cd913fa_20240708_173514.data
110.0 250.0 17 nan 0cd913fa_20240708_173538.data
130.0 250.0 17 nan 0cd913fa_20240708_173602.data
150.0 250.0 17 nan 0cd913fa_20240708_173626.data
170.0 250.0 17 nan 0cd913fa_20240708_173650.data
190.0 250.0 17 nan 0cd913fa_20240708_173714.data
210.0 250.0 17 nan 0cd913fa_20240708_173738.data
230.0 250.0 17 nan 0cd913fa_20240708_173802.data
250.0 250.0 17 nan 0cd913fa_20240708_173826.data
270.0 250.0 17 nan 0cd913fa_20240708_173850.data
290.0 250.0 17 nan 0cd913fa_20240708_173915.data
290.0 270.0 17 nan 0cd913fa_20240708_173939.data
270.0 270.0 17 nan 0cd913fa_20240708_174003.data
250.0 270.0 17 nan 0cd913fa_20240708_174027.data
230.0 270.0 17 nan 0cd913fa_20240708_174051.data
210.0 270.0 17 nan 0cd913fa_20240708_174115.data
190.0 270.0 17 nan 0cd913fa_20240708_174139.data
170.0 270.0 17 nan 0cd913fa_20240708_174203.data
150.0 270.0 17 nan 0cd913fa_20240708_174227.data
130.0 270.0 17 nan 0cd913fa_20240708_174251.data
110.0 270.0 17 nan 0cd913fa_20240708_174315.data
90.0 270.0 17 nan 0cd913fa_20240708_174339.data
70.0 270.0 17 nan 0cd913fa_20240708_174403.data
50.0 270.0 17 nan 0cd913fa_20240708_174427.data
30.0 270.0 17 nan 0cd913fa_20240708_174451.data
10.0 270.0 17 nan 0cd913fa_20240708_174515.data
10.0 290.0 17 nan 0cd913fa_20240708_174539.data
30.0 290.0 17 nan 0cd913fa_20240708_174603.data
50.0 290.0 17 nan 0cd913fa_20240708_174627.data
70.0 290.0 17 nan 0cd913fa_20240708_174651.data
90.0 290.0 17 nan 0cd913fa_20240708_174715.data
110.0 290.0 17 nan 0cd913fa_20240708_174739.data
130.0 290.0 17 nan 0cd913fa_20240708_174803.data
150.0 290.0 17 nan 0cd913fa_20240708_174827.data
170.0 290.0 17 nan 0cd913fa_20240708_174851.data
190.0 290.0 17 nan 0cd913fa_20240708_174915.data
210.0 290.0 17 nan 0cd913fa_20240708_174939.data
230.0 290.0 17 nan 0cd913fa_20240708_175003.data
250.0 290.0 17 nan 0cd913fa_20240708_175027.data
270.0 290.0 17 nan 0cd913fa_20240708_175051.data
290.0 290.0 17 nan 0cd913fa_20240708_175115.data
290.0 310.0 17 nan 0cd913fa_20240708_175139.data
270.0 310.0 17 nan 0cd913fa_20240708_175203.data
250.0 310.0 17 nan 0cd913fa_20240708_175227.data
230.0 310.0 17 nan 0cd913fa_20240708_175251.data
210.0 310.0 17 nan 0cd913fa_20240708_175315.data
190.0 310.0 17 nan 0cd913fa_20240708_175339.data
170.0 310.0 17 nan 0cd913fa_20240708_175403.data
150.0 310.0 17 nan 0cd913fa_20240708_175403.data
130.0 310.0 17 nan 0cd913fa_20240708_175403.data
110.0 310.0 17 nan 0cd913fa_20240708_175403.data
90.0 310.0 17 nan 0cd913fa_20240708_175403.data
70.0 310.0 17 nan 0cd913fa_20240708_175403.data
50.0 310.0 17 nan 0cd913fa_20240708_175403.data
30.0 310.0 17 nan 0cd913fa_20240708_175403.data
10.0 310.0 17 nan 0cd913fa_20240708_175403.data
10.0 330.0 17 nan 0cd913fa_20240708_175403.data
30.0 330.0 17 nan 0cd913fa_20240708_175403.data
50.0 330.0 17 nan 0cd913fa_20240708_175403.data
70.0 330.0 17 nan 0cd913fa_20240708_175403.data
90.0 330.0 17 nan 0cd913fa_20240708_175403.data
110.0 330.0 17 nan 0cd913fa_20240708_175403.data
130.0 330.0 17 nan 0cd913fa_20240708_175403.data
150.0 330.0 17 nan 0cd913fa_20240708_175403.data
170.0 330.0 17 nan 0cd913fa_20240708_175403.data
190.0 330.0 17 nan 0cd913fa_20240708_175403.data
210.0 330.0 17 nan 0cd913fa_20240708_175403.data
230.0 330.0 17 nan 0cd913fa_20240708_175403.data
250.0 330.0 17 nan 0cd913fa_20240708_175403.data
270.0 330.0 17 nan 0cd913fa_20240708_175403.data
290.0 330.0 17 nan 0cd913fa_20240708_175403.data
10.0 350.0 17 nan 0cd913fa_20240708_175403.data
30.0 350.0 17 nan 0cd913fa_20240708_175403.data
50.0 350.0 17 nan 0cd913fa_20240708_175403.data
70.0 350.0 17 nan 0cd913fa_20240708_175403.data
90.0 350.0 17 nan 0cd913fa_20240708_175403.data
110.0 350.0 17 nan 0cd913fa_20240708_175403.data
130.0 350.0 17 nan 0cd913fa_20240708_175403.data
150.0 350.0 17 nan 0cd913fa_20240708_175403.data
170.0 350.0 17 nan 0cd913fa_20240708_175403.data
190.0 350.0 17 nan 0cd913fa_20240708_175403.data
210.0 350.0 17 nan 0cd913fa_20240708_175403.data
230.0 350.0 17 nan 0cd913fa_20240708_175403.data
250.0 350.0 17 nan 0cd913fa_20240708_175403.data
270.0 350.0 17 nan 0cd913fa_20240708_175403.data
290.0 350.0 17 nan 0cd913fa_20240708_175403.data
290.0 370.0 17 nan 0cd913fa_20240708_175403.data
270.0 370.0 17 nan 0cd913fa_20240708_175403.data
250.0 370.0 17 nan 0cd913fa_20240708_175403.data
230.0 370.0 17 nan 0cd913fa_20240708_175403.data
210.0 370.0 17 nan 0cd913fa_20240708_175403.data
190.0 370.0 17 nan 0cd913fa_20240708_175403.data
170.0 370.0 17 nan 0cd913fa_20240708_175403.data
150.0 370.0 17 nan 0cd913fa_20240708_175403.data
130.0 370.0 17 nan 0cd913fa_20240708_175403.data
110.0 370.0 17 nan 0cd913fa_20240708_175403.data
90.0 370.0 17 nan 0cd913fa_20240708_175403.data
70.0 370.0 17 nan 0cd913fa_20240708_175403.data
50.0 370.0 17 nan 0cd913fa_20240708_175403.data
30.0 370.0 17 nan 0cd913fa_20240708_175403.data
10.0 370.0 17 nan 0cd913fa_20240708_175403.data
10.0 390.0 17 nan 0cd913fa_20240708_175403.data
30.0 390.0 17 nan 0cd913fa_20240708_175403.data
50.0 390.0 17 nan 0cd913fa_20240708_175403.data
70.0 390.0 17 nan 0cd913fa_20240708_175403.data
90.0 390.0 17 nan 0cd913fa_20240708_175403.data
110.0 390.0 17 nan 0cd913fa_20240708_175403.data
130.0 390.0 17 nan 0cd913fa_20240708_175403.data
150.0 390.0 17 nan 0cd913fa_20240708_175403.data
170.0 390.0 17 nan 0cd913fa_20240708_175403.data
190.0 390.0 17 nan 0cd913fa_20240708_175403.data
210.0 390.0 17 nan 0cd913fa_20240708_175403.data
230.0 390.0 17 nan 0cd913fa_20240708_175403.data
250.0 390.0 17 nan 0cd913fa_20240708_175403.data
270.0 390.0 17 nan 0cd913fa_20240708_175403.data
290.0 390.0 17 nan 0cd913fa_20240708_175403.data
290.0 410.0 17 nan 0cd913fa_20240708_175403.data
270.0 410.0 17 nan 0cd913fa_20240708_175403.data
250.0 410.0 17 nan 0cd913fa_20240708_175403.data
230.0 410.0 17 nan 0cd913fa_20240708_175403.data
210.0 410.0 17 nan 0cd913fa_20240708_175403.data
190.0 410.0 17 nan 0cd913fa_20240708_175403.data
170.0 410.0 17 nan 0cd913fa_20240708_175403.data
150.0 410.0 17 nan 0cd913fa_20240708_175403.data
130.0 410.0 17 nan 0cd913fa_20240708_175403.data
110.0 410.0 17 nan 0cd913fa_20240708_175403.data
90.0 410.0 17 nan 0cd913fa_20240708_175403.data
70.0 410.0 17 nan 0cd913fa_20240708_175403.data
50.0 410.0 17 nan 0cd913fa_20240708_175403.data
30.0 410.0 17 nan 0cd913fa_20240708_175403.data
10.0 410.0 17 nan 0cd913fa_20240708_175403.data
10.0 430.0 17 nan 0cd913fa_20240708_175403.data
30.0 430.0 17 nan 0cd913fa_20240708_175403.data
50.0 430.0 17 nan 0cd913fa_20240708_175403.data
70.0 430.0 17 nan 0cd913fa_20240708_175403.data
90.0 430.0 17 nan 0cd913fa_20240708_175403.data
110.0 430.0 17 nan 0cd913fa_20240708_175403.data
130.0 430.0 17 nan 0cd913fa_20240708_175403.data
150.0 430.0 17 nan 0cd913fa_20240708_175403.data
170.0 430.0 17 nan 0cd913fa_20240708_175403.data
190.0 430.0 17 nan 0cd913fa_20240708_175403.data
210.0 430.0 17 nan 0cd913fa_20240708_175403.data
230.0 430.0 17 nan 0cd913fa_20240708_175403.data
250.0 430.0 17 nan 0cd913fa_20240708_175403.data
270.0 430.0 17 nan 0cd913fa_20240708_175403.data
290.0 430.0 17 nan 0cd913fa_20240708_175403.data
290.0 450.0 17 nan 0cd913fa_20240708_175403.data
270.0 450.0 17 nan 0cd913fa_20240708_175403.data
250.0 450.0 17 nan 0cd913fa_20240708_175403.data
230.0 450.0 17 nan 0cd913fa_20240708_175403.data
210.0 450.0 17 nan 0cd913fa_20240708_175403.data
190.0 450.0 17 nan 0cd913fa_20240708_175403.data
170.0 450.0 17 nan 0cd913fa_20240708_175403.data
150.0 450.0 17 nan 0cd913fa_20240708_175403.data
130.0 450.0 17 nan 0cd913fa_20240708_175403.data
110.0 450.0 17 nan 0cd913fa_20240708_175403.data
90.0 450.0 17 nan 0cd913fa_20240708_175403.data
70.0 450.0 17 nan 0cd913fa_20240708_175403.data
50.0 450.0 17 nan 0cd913fa_20240708_175403.data
30.0 450.0 17 nan 0cd913fa_20240708_175403.data
10.0 450.0 17 nan 0cd913fa_20240708_175403.data
10.0 470.0 17 nan 0cd913fa_20240708_175403.data
30.0 470.0 17 nan 0cd913fa_20240708_175403.data
50.0 470.0 17 nan 0cd913fa_20240708_175403.data
70.0 470.0 17 nan 0cd913fa_20240708_175403.data
90.0 470.0 17 nan 0cd913fa_20240708_175403.data
110.0 470.0 17 nan 0cd913fa_20240708_175403.data
130.0 470.0 17 nan 0cd913fa_20240708_175403.data
150.0 470.0 17 nan 0cd913fa_20240708_175403.data
170.0 470.0 17 nan 0cd913fa_20240708_175403.data
190.0 470.0 17 nan 0cd913fa_20240708_175403.data
210.0 470.0 17 nan 0cd913fa_20240708_175403.data
230.0 470.0 17 nan 0cd913fa_20240708_175403.data
250.0 470.0 17 nan 0cd913fa_20240708_175403.data
270.0 470.0 17 nan 0cd913fa_20240708_175403.data
290.0 470.0 17 nan 0cd913fa_20240708_175403.data
