-1 -1 -1 25.537859030837005 0cd9414a_20240911_165907.data
10.0 10.0 17 25.299982378854633 0cd9414a_20240911_165947.data
30.0 10.0 17 25.537859030837005 0cd9414a_20240911_170011.data
50.0 10.0 17 25.537859030837005 0cd9414a_20240911_170035.data
70.0 10.0 17 25.537859030837005 0cd9414a_20240911_170059.data
90.0 10.0 17 25.419136563876656 0cd9414a_20240911_170123.data
110.0 10.0 17 25.419136563876656 0cd9414a_20240911_170147.data
130.0 10.0 17 25.537859030837005 0cd9414a_20240911_170211.data
150.0 10.0 17 25.299982378854633 0cd9414a_20240911_170235.data
170.0 10.0 17 25.299982378854633 0cd9414a_20240911_170259.data
190.0 10.0 17 25.299982378854633 0cd9414a_20240911_170323.data
210.0 10.0 17 25.537859030837005 0cd9414a_20240911_170347.data
230.0 10.0 17 25.537859030837005 0cd9414a_20240911_170411.data
250.0 10.0 17 25.299982378854633 0cd9414a_20240911_170435.data
270.0 10.0 17 25.656118942731283 0cd9414a_20240911_170459.data
290.0 10.0 17 25.537859030837005 0cd9414a_20240911_170523.data
290.0 30.0 17 25.537859030837005 0cd9414a_20240911_170547.data
270.0 30.0 17 25.180334801762115 0cd9414a_20240911_170611.data
250.0 30.0 17 25.537859030837005 0cd9414a_20240911_170635.data
230.0 30.0 17 25.537859030837005 0cd9414a_20240911_170659.data
210.0 30.0 17 25.537859030837005 0cd9414a_20240911_170723.data
190.0 30.0 17 25.537859030837005 0cd9414a_20240911_170747.data
170.0 30.0 17 25.537859030837005 0cd9414a_20240911_170811.data
150.0 30.0 17 25.299982378854633 0cd9414a_20240911_170835.data
130.0 30.0 17 25.537859030837005 0cd9414a_20240911_170859.data
110.0 30.0 17 25.299982378854633 0cd9414a_20240911_170923.data
90.0 30.0 17 25.537859030837005 0cd9414a_20240911_170947.data
70.0 30.0 17 25.537859030837005 0cd9414a_20240911_171011.data
50.0 30.0 17 25.537859030837005 0cd9414a_20240911_171035.data
30.0 30.0 17 25.537859030837005 0cd9414a_20240911_171059.data
10.0 30.0 17 25.537859030837005 0cd9414a_20240911_171123.data
10.0 50.0 17 25.419136563876656 0cd9414a_20240911_171147.data
30.0 50.0 17 25.537859030837005 0cd9414a_20240911_171211.data
50.0 50.0 17 25.537859030837005 0cd9414a_20240911_171235.data
70.0 50.0 17 25.299982378854633 0cd9414a_20240911_171259.data
90.0 50.0 17 25.537859030837005 0cd9414a_20240911_171323.data
110.0 50.0 17 25.537859030837005 0cd9414a_20240911_171347.data
130.0 50.0 17 25.537859030837005 0cd9414a_20240911_171411.data
150.0 50.0 17 25.180334801762115 0cd9414a_20240911_171435.data
170.0 50.0 17 25.537859030837005 0cd9414a_20240911_171459.data
190.0 50.0 17 25.419136563876656 0cd9414a_20240911_171523.data
210.0 50.0 17 25.180334801762115 0cd9414a_20240911_171547.data
230.0 50.0 17 25.537859030837005 0cd9414a_20240911_171611.data
250.0 50.0 17 25.537859030837005 0cd9414a_20240911_171635.data
270.0 50.0 17 25.299982378854633 0cd9414a_20240911_171659.data
290.0 50.0 17 25.537859030837005 0cd9414a_20240911_171723.data
290.0 70.0 17 25.537859030837005 0cd9414a_20240911_171747.data
270.0 70.0 17 25.299982378854633 0cd9414a_20240911_171811.data
250.0 70.0 17 25.537859030837005 0cd9414a_20240911_171835.data
230.0 70.0 17 25.419136563876656 0cd9414a_20240911_171859.data
210.0 70.0 17 25.537859030837005 0cd9414a_20240911_171923.data
190.0 70.0 17 25.537859030837005 0cd9414a_20240911_171947.data
170.0 70.0 17 25.537859030837005 0cd9414a_20240911_172011.data
150.0 70.0 17 25.180334801762115 0cd9414a_20240911_172035.data
130.0 70.0 17 25.537859030837005 0cd9414a_20240911_172059.data
110.0 70.0 17 25.537859030837005 0cd9414a_20240911_172123.data
90.0 70.0 17 25.537859030837005 0cd9414a_20240911_172148.data
70.0 70.0 17 25.537859030837005 0cd9414a_20240911_172211.data
50.0 70.0 17 25.537859030837005 0cd9414a_20240911_172235.data
30.0 70.0 17 25.419136563876656 0cd9414a_20240911_172300.data
10.0 70.0 17 25.537859030837005 0cd9414a_20240911_172324.data
10.0 90.0 17 25.419136563876656 0cd9414a_20240911_172348.data
30.0 90.0 17 25.419136563876656 0cd9414a_20240911_172412.data
50.0 90.0 17 25.419136563876656 0cd9414a_20240911_172436.data
70.0 90.0 17 25.537859030837005 0cd9414a_20240911_172500.data
90.0 90.0 17 25.537859030837005 0cd9414a_20240911_172524.data
110.0 90.0 17 25.537859030837005 0cd9414a_20240911_172548.data
130.0 90.0 17 25.537859030837005 0cd9414a_20240911_172612.data
150.0 90.0 17 25.537859030837005 0cd9414a_20240911_172636.data
170.0 90.0 17 25.180334801762115 0cd9414a_20240911_172700.data
190.0 90.0 17 25.419136563876656 0cd9414a_20240911_172724.data
210.0 90.0 17 25.419136563876656 0cd9414a_20240911_172748.data
230.0 90.0 17 25.419136563876656 0cd9414a_20240911_172812.data
250.0 90.0 17 25.537859030837005 0cd9414a_20240911_172836.data
270.0 90.0 17 25.299982378854633 0cd9414a_20240911_172900.data
290.0 90.0 17 25.537859030837005 0cd9414a_20240911_172924.data
290.0 110.0 17 25.537859030837005 0cd9414a_20240911_172948.data
270.0 110.0 17 25.180334801762115 0cd9414a_20240911_173012.data
250.0 110.0 17 25.537859030837005 0cd9414a_20240911_173036.data
230.0 110.0 17 25.299982378854633 0cd9414a_20240911_173100.data
210.0 110.0 17 25.299982378854633 0cd9414a_20240911_173124.data
190.0 110.0 17 25.419136563876656 0cd9414a_20240911_173148.data
170.0 110.0 17 25.299982378854633 0cd9414a_20240911_173212.data
150.0 110.0 17 25.180334801762115 0cd9414a_20240911_173236.data
130.0 110.0 17 25.180334801762115 0cd9414a_20240911_173300.data
110.0 110.0 17 25.299982378854633 0cd9414a_20240911_173324.data
90.0 110.0 17 25.180334801762115 0cd9414a_20240911_173348.data
70.0 110.0 17 25.180334801762115 0cd9414a_20240911_173412.data
50.0 110.0 17 25.180334801762115 0cd9414a_20240911_173436.data
30.0 110.0 17 25.180334801762115 0cd9414a_20240911_173500.data
10.0 110.0 17 25.180334801762115 0cd9414a_20240911_173524.data
10.0 130.0 17 25.180334801762115 0cd9414a_20240911_173548.data
30.0 130.0 17 25.180334801762115 0cd9414a_20240911_173612.data
50.0 130.0 17 25.180334801762115 0cd9414a_20240911_173636.data
70.0 130.0 17 25.180334801762115 0cd9414a_20240911_173700.data
90.0 130.0 17 25.180334801762115 0cd9414a_20240911_173724.data
110.0 130.0 17 25.180334801762115 0cd9414a_20240911_173748.data
130.0 130.0 17 25.180334801762115 0cd9414a_20240911_173812.data
150.0 130.0 17 25.06022466960353 0cd9414a_20240911_173836.data
170.0 130.0 17 25.180334801762115 0cd9414a_20240911_173900.data
190.0 130.0 17 25.180334801762115 0cd9414a_20240911_173924.data
210.0 130.0 17 25.180334801762115 0cd9414a_20240911_173948.data
230.0 130.0 17 25.180334801762115 0cd9414a_20240911_174012.data
250.0 130.0 17 25.180334801762115 0cd9414a_20240911_174036.data
270.0 130.0 17 25.299982378854633 0cd9414a_20240911_174100.data
290.0 130.0 17 25.180334801762115 0cd9414a_20240911_174124.data
290.0 150.0 17 25.180334801762115 0cd9414a_20240911_174148.data
270.0 150.0 17 25.180334801762115 0cd9414a_20240911_174212.data
250.0 150.0 17 25.180334801762115 0cd9414a_20240911_174236.data
230.0 150.0 17 25.180334801762115 0cd9414a_20240911_174300.data
210.0 150.0 17 25.06022466960353 0cd9414a_20240911_174324.data
190.0 150.0 17 25.180334801762115 0cd9414a_20240911_174348.data
170.0 150.0 17 25.06022466960353 0cd9414a_20240911_174412.data
150.0 150.0 17 25.180334801762115 0cd9414a_20240911_174436.data
130.0 150.0 17 25.180334801762115 0cd9414a_20240911_174500.data
110.0 150.0 17 25.06022466960353 0cd9414a_20240911_174524.data
90.0 150.0 17 25.06022466960353 0cd9414a_20240911_174548.data
70.0 150.0 17 25.180334801762115 0cd9414a_20240911_174612.data
50.0 150.0 17 25.180334801762115 0cd9414a_20240911_174636.data
30.0 150.0 17 25.180334801762115 0cd9414a_20240911_174700.data
10.0 150.0 17 25.299982378854633 0cd9414a_20240911_174724.data
10.0 170.0 17 25.180334801762115 0cd9414a_20240911_174748.data
30.0 170.0 17 25.06022466960353 0cd9414a_20240911_174812.data
50.0 170.0 17 25.180334801762115 0cd9414a_20240911_174836.data
70.0 170.0 17 25.180334801762115 0cd9414a_20240911_174900.data
90.0 170.0 17 25.180334801762115 0cd9414a_20240911_174924.data
110.0 170.0 17 25.180334801762115 0cd9414a_20240911_174948.data
130.0 170.0 17 25.180334801762115 0cd9414a_20240911_175012.data
150.0 170.0 17 25.180334801762115 0cd9414a_20240911_175036.data
170.0 170.0 17 25.180334801762115 0cd9414a_20240911_175100.data
190.0 170.0 17 25.180334801762115 0cd9414a_20240911_175124.data
210.0 170.0 17 25.180334801762115 0cd9414a_20240911_175148.data
230.0 170.0 17 25.180334801762115 0cd9414a_20240911_175212.data
250.0 170.0 17 25.180334801762115 0cd9414a_20240911_175236.data
270.0 170.0 17 25.180334801762115 0cd9414a_20240911_175300.data
290.0 170.0 17 25.180334801762115 0cd9414a_20240911_175324.data
290.0 190.0 17 25.180334801762115 0cd9414a_20240911_175348.data
270.0 190.0 17 25.180334801762115 0cd9414a_20240911_175412.data
250.0 190.0 17 25.180334801762115 0cd9414a_20240911_175437.data
230.0 190.0 17 25.180334801762115 0cd9414a_20240911_175501.data
210.0 190.0 17 25.180334801762115 0cd9414a_20240911_175525.data
190.0 190.0 17 25.180334801762115 0cd9414a_20240911_175549.data
170.0 190.0 17 25.180334801762115 0cd9414a_20240911_175613.data
150.0 190.0 17 25.180334801762115 0cd9414a_20240911_175637.data
130.0 190.0 17 25.180334801762115 0cd9414a_20240911_175701.data
110.0 190.0 17 25.180334801762115 0cd9414a_20240911_175725.data
90.0 190.0 17 25.180334801762115 0cd9414a_20240911_175749.data
70.0 190.0 17 25.180334801762115 0cd9414a_20240911_175813.data
50.0 190.0 17 25.180334801762115 0cd9414a_20240911_175837.data
30.0 190.0 17 25.180334801762115 0cd9414a_20240911_175901.data
10.0 190.0 17 25.06022466960353 0cd9414a_20240911_175925.data
10.0 210.0 17 25.06022466960353 0cd9414a_20240911_175949.data
30.0 210.0 17 25.180334801762115 0cd9414a_20240911_180013.data
50.0 210.0 17 25.180334801762115 0cd9414a_20240911_180037.data
70.0 210.0 17 25.180334801762115 0cd9414a_20240911_180101.data
90.0 210.0 17 25.180334801762115 0cd9414a_20240911_180125.data
110.0 210.0 17 25.180334801762115 0cd9414a_20240911_180149.data
130.0 210.0 17 25.419136563876656 0cd9414a_20240911_180213.data
150.0 210.0 17 25.419136563876656 0cd9414a_20240911_180237.data
170.0 210.0 17 25.180334801762115 0cd9414a_20240911_180301.data
190.0 210.0 17 25.419136563876656 0cd9414a_20240911_180325.data
210.0 210.0 17 25.180334801762115 0cd9414a_20240911_180349.data
230.0 210.0 17 25.06022466960353 0cd9414a_20240911_180413.data
250.0 210.0 17 25.06022466960353 0cd9414a_20240911_180437.data
270.0 210.0 17 25.180334801762115 0cd9414a_20240911_180501.data
290.0 210.0 17 24.948500000000003 0cd9414a_20240911_180525.data
290.0 230.0 17 25.180334801762115 0cd9414a_20240911_180549.data
270.0 230.0 17 25.06022466960353 0cd9414a_20240911_180613.data
250.0 230.0 17 25.180334801762115 0cd9414a_20240911_180637.data
230.0 230.0 17 25.06022466960353 0cd9414a_20240911_180701.data
210.0 230.0 17 25.180334801762115 0cd9414a_20240911_180725.data
190.0 230.0 17 25.06022466960353 0cd9414a_20240911_180749.data
170.0 230.0 17 25.06022466960353 0cd9414a_20240911_180813.data
150.0 230.0 17 25.06022466960353 0cd9414a_20240911_180837.data
130.0 230.0 17 25.180334801762115 0cd9414a_20240911_180901.data
110.0 230.0 17 25.06022466960353 0cd9414a_20240911_180925.data
90.0 230.0 17 25.180334801762115 0cd9414a_20240911_180949.data
70.0 230.0 17 25.180334801762115 0cd9414a_20240911_181013.data
50.0 230.0 17 25.180334801762115 0cd9414a_20240911_181037.data
30.0 230.0 17 25.180334801762115 0cd9414a_20240911_181101.data
10.0 230.0 17 25.180334801762115 0cd9414a_20240911_181125.data
10.0 250.0 17 25.180334801762115 0cd9414a_20240911_181149.data
30.0 250.0 17 25.180334801762115 0cd9414a_20240911_181213.data
50.0 250.0 17 25.180334801762115 0cd9414a_20240911_181237.data
70.0 250.0 17 25.180334801762115 0cd9414a_20240911_181301.data
90.0 250.0 17 25.180334801762115 0cd9414a_20240911_181325.data
110.0 250.0 17 25.180334801762115 0cd9414a_20240911_181349.data
130.0 250.0 17 25.180334801762115 0cd9414a_20240911_181413.data
150.0 250.0 17 25.180334801762115 0cd9414a_20240911_181437.data
170.0 250.0 17 25.180334801762115 0cd9414a_20240911_181501.data
190.0 250.0 17 25.180334801762115 0cd9414a_20240911_181525.data
210.0 250.0 17 25.06022466960353 0cd9414a_20240911_181549.data
230.0 250.0 17 25.06022466960353 0cd9414a_20240911_181613.data
250.0 250.0 17 25.180334801762115 0cd9414a_20240911_181637.data
270.0 250.0 17 25.180334801762115 0cd9414a_20240911_181701.data
290.0 250.0 17 25.180334801762115 0cd9414a_20240911_181725.data
290.0 270.0 17 25.06022466960353 0cd9414a_20240911_181749.data
270.0 270.0 17 25.180334801762115 0cd9414a_20240911_181813.data
250.0 270.0 17 25.180334801762115 0cd9414a_20240911_181837.data
230.0 270.0 17 25.180334801762115 0cd9414a_20240911_181901.data
210.0 270.0 17 25.180334801762115 0cd9414a_20240911_181925.data
190.0 270.0 17 25.180334801762115 0cd9414a_20240911_181949.data
170.0 270.0 17 25.180334801762115 0cd9414a_20240911_182013.data
150.0 270.0 17 25.180334801762115 0cd9414a_20240911_182037.data
130.0 270.0 17 25.180334801762115 0cd9414a_20240911_182101.data
110.0 270.0 17 25.180334801762115 0cd9414a_20240911_182125.data
90.0 270.0 17 25.180334801762115 0cd9414a_20240911_182149.data
70.0 270.0 17 25.299982378854633 0cd9414a_20240911_182213.data
50.0 270.0 17 25.180334801762115 0cd9414a_20240911_182237.data
30.0 270.0 17 25.180334801762115 0cd9414a_20240911_182301.data
10.0 270.0 17 25.180334801762115 0cd9414a_20240911_182325.data
10.0 290.0 17 24.948500000000003 0cd9414a_20240911_182349.data
30.0 290.0 17 25.06022466960353 0cd9414a_20240911_182413.data
50.0 290.0 17 25.180334801762115 0cd9414a_20240911_182437.data
70.0 290.0 17 25.419136563876656 0cd9414a_20240911_182501.data
90.0 290.0 17 25.419136563876656 0cd9414a_20240911_182525.data
110.0 290.0 17 25.299982378854633 0cd9414a_20240911_182549.data
130.0 290.0 17 25.06022466960353 0cd9414a_20240911_182613.data
150.0 290.0 17 25.06022466960353 0cd9414a_20240911_182637.data
170.0 290.0 17 25.06022466960353 0cd9414a_20240911_182701.data
190.0 290.0 17 25.180334801762115 0cd9414a_20240911_182726.data
210.0 290.0 17 25.06022466960353 0cd9414a_20240911_182750.data
230.0 290.0 17 25.180334801762115 0cd9414a_20240911_182814.data
250.0 290.0 17 25.180334801762115 0cd9414a_20240911_182838.data
270.0 290.0 17 25.180334801762115 0cd9414a_20240911_182902.data
290.0 290.0 17 25.180334801762115 0cd9414a_20240911_182926.data
290.0 310.0 17 -1 0cd9414a_20240911_182950.data
270.0 310.0 17 25.06022466960353 0cd9414a_20240911_183014.data
250.0 310.0 17 25.299982378854633 0cd9414a_20240911_183038.data
230.0 310.0 17 -1 0cd9414a_20240911_183102.data
210.0 310.0 17 24.948500000000003 0cd9414a_20240911_183126.data
190.0 310.0 17 25.180334801762115 0cd9414a_20240911_183150.data
170.0 310.0 17 25.180334801762115 0cd9414a_20240911_183214.data
150.0 310.0 17 25.180334801762115 0cd9414a_20240911_183238.data
130.0 310.0 17 25.180334801762115 0cd9414a_20240911_183302.data
110.0 310.0 17 25.180334801762115 0cd9414a_20240911_183326.data
90.0 310.0 17 -1 0cd9414a_20240911_183350.data
70.0 310.0 17 25.180334801762115 0cd9414a_20240911_183414.data
50.0 310.0 17 25.180334801762115 0cd9414a_20240911_183438.data
30.0 310.0 17 25.180334801762115 0cd9414a_20240911_183502.data
10.0 310.0 17 99.64 0cd9414a_20240911_183526.data
10.0 330.0 17 25.06022466960353 0cd9414a_20240911_183550.data
30.0 330.0 17 25.299982378854633 0cd9414a_20240911_183614.data
50.0 330.0 17 25.06022466960353 0cd9414a_20240911_183638.data
70.0 330.0 17 25.06022466960353 0cd9414a_20240911_183702.data
90.0 330.0 17 25.06022466960353 0cd9414a_20240911_183726.data
110.0 330.0 17 25.06022466960353 0cd9414a_20240911_183750.data
130.0 330.0 17 25.06022466960353 0cd9414a_20240911_183814.data
150.0 330.0 17 25.06022466960353 0cd9414a_20240911_183838.data
170.0 330.0 17 25.06022466960353 0cd9414a_20240911_183902.data
190.0 330.0 17 25.06022466960353 0cd9414a_20240911_183926.data
210.0 330.0 17 25.06022466960353 0cd9414a_20240911_183950.data
230.0 330.0 17 25.06022466960353 0cd9414a_20240911_184014.data
250.0 330.0 17 25.06022466960353 0cd9414a_20240911_184038.data
270.0 330.0 17 25.06022466960353 0cd9414a_20240911_184102.data
290.0 330.0 17 25.06022466960353 0cd9414a_20240911_184126.data
10.0 350.0 17 25.06022466960353 0cd9414a_20240912_094212.data
30.0 350.0 17 25.180334801762115 0cd9414a_20240912_094236.data
50.0 350.0 17 24.948500000000003 0cd9414a_20240912_094300.data
70.0 350.0 17 25.06022466960353 0cd9414a_20240912_094324.data
90.0 350.0 17 25.06022466960353 0cd9414a_20240912_094348.data
110.0 350.0 17 25.06022466960353 0cd9414a_20240912_094412.data
130.0 350.0 17 25.06022466960353 0cd9414a_20240912_094436.data
150.0 350.0 17 25.06022466960353 0cd9414a_20240912_094500.data
170.0 350.0 17 25.06022466960353 0cd9414a_20240912_094524.data
190.0 350.0 17 25.06022466960353 0cd9414a_20240912_094548.data
210.0 350.0 17 25.06022466960353 0cd9414a_20240912_094612.data
230.0 350.0 17 25.06022466960353 0cd9414a_20240912_094636.data
250.0 350.0 17 25.06022466960353 0cd9414a_20240912_094700.data
270.0 350.0 17 25.06022466960353 0cd9414a_20240912_094724.data
290.0 350.0 17 25.06022466960353 0cd9414a_20240912_094748.data
290.0 370.0 17 25.06022466960353 0cd9414a_20240912_094812.data
270.0 370.0 17 25.06022466960353 0cd9414a_20240912_094836.data
250.0 370.0 17 25.06022466960353 0cd9414a_20240912_094900.data
230.0 370.0 17 25.06022466960353 0cd9414a_20240912_094924.data
210.0 370.0 17 24.948500000000003 0cd9414a_20240912_094948.data
190.0 370.0 17 25.06022466960353 0cd9414a_20240912_095012.data
170.0 370.0 17 25.06022466960353 0cd9414a_20240912_095036.data
150.0 370.0 17 25.06022466960353 0cd9414a_20240912_095100.data
130.0 370.0 17 25.06022466960353 0cd9414a_20240912_095124.data
110.0 370.0 17 25.06022466960353 0cd9414a_20240912_095148.data
90.0 370.0 17 25.06022466960353 0cd9414a_20240912_095213.data
70.0 370.0 17 25.06022466960353 0cd9414a_20240912_095237.data
50.0 370.0 17 25.06022466960353 0cd9414a_20240912_095301.data
30.0 370.0 17 25.06022466960353 0cd9414a_20240912_095325.data
10.0 370.0 17 25.06022466960353 0cd9414a_20240912_095349.data
10.0 390.0 17 25.06022466960353 0cd9414a_20240912_095413.data
30.0 390.0 17 25.06022466960353 0cd9414a_20240912_095437.data
50.0 390.0 17 25.06022466960353 0cd9414a_20240912_095501.data
70.0 390.0 17 25.06022466960353 0cd9414a_20240912_095525.data
90.0 390.0 17 25.06022466960353 0cd9414a_20240912_095549.data
110.0 390.0 17 25.06022466960353 0cd9414a_20240912_095613.data
130.0 390.0 17 25.06022466960353 0cd9414a_20240912_095637.data
150.0 390.0 17 25.180334801762115 0cd9414a_20240912_095701.data
170.0 390.0 17 25.06022466960353 0cd9414a_20240912_095725.data
190.0 390.0 17 25.06022466960353 0cd9414a_20240912_095749.data
210.0 390.0 17 25.06022466960353 0cd9414a_20240912_095813.data
230.0 390.0 17 25.06022466960353 0cd9414a_20240912_095837.data
250.0 390.0 17 25.06022466960353 0cd9414a_20240912_095901.data
270.0 390.0 17 25.06022466960353 0cd9414a_20240912_095925.data
290.0 390.0 17 25.06022466960353 0cd9414a_20240912_095949.data
290.0 410.0 17 25.06022466960353 0cd9414a_20240912_100013.data
270.0 410.0 17 25.06022466960353 0cd9414a_20240912_100037.data
250.0 410.0 17 25.06022466960353 0cd9414a_20240912_100101.data
230.0 410.0 17 25.06022466960353 0cd9414a_20240912_100125.data
210.0 410.0 17 25.06022466960353 0cd9414a_20240912_100149.data
190.0 410.0 17 25.06022466960353 0cd9414a_20240912_100213.data
170.0 410.0 17 25.06022466960353 0cd9414a_20240912_100237.data
150.0 410.0 17 25.06022466960353 0cd9414a_20240912_100301.data
130.0 410.0 17 25.06022466960353 0cd9414a_20240912_100325.data
110.0 410.0 17 25.06022466960353 0cd9414a_20240912_100349.data
90.0 410.0 17 24.948500000000003 0cd9414a_20240912_100413.data
70.0 410.0 17 24.948500000000003 0cd9414a_20240912_100437.data
50.0 410.0 17 25.06022466960353 0cd9414a_20240912_100501.data
30.0 410.0 17 25.06022466960353 0cd9414a_20240912_100525.data
10.0 410.0 17 25.299982378854633 0cd9414a_20240912_100549.data
10.0 430.0 17 25.06022466960353 0cd9414a_20240912_100613.data
30.0 430.0 17 25.06022466960353 0cd9414a_20240912_100637.data
50.0 430.0 17 24.948500000000003 0cd9414a_20240912_100701.data
70.0 430.0 17 25.06022466960353 0cd9414a_20240912_100725.data
90.0 430.0 17 25.06022466960353 0cd9414a_20240912_100749.data
110.0 430.0 17 25.06022466960353 0cd9414a_20240912_100813.data
130.0 430.0 17 25.06022466960353 0cd9414a_20240912_100837.data
150.0 430.0 17 25.06022466960353 0cd9414a_20240912_100901.data
170.0 430.0 17 25.06022466960353 0cd9414a_20240912_100925.data
190.0 430.0 17 25.06022466960353 0cd9414a_20240912_100949.data
210.0 430.0 17 25.06022466960353 0cd9414a_20240912_101013.data
230.0 430.0 17 25.299982378854633 0cd9414a_20240912_101037.data
250.0 430.0 17 25.180334801762115 0cd9414a_20240912_101101.data
270.0 430.0 17 24.948500000000003 0cd9414a_20240912_101125.data
290.0 430.0 17 25.06022466960353 0cd9414a_20240912_101149.data
290.0 450.0 17 25.06022466960353 0cd9414a_20240912_101213.data
270.0 450.0 17 25.06022466960353 0cd9414a_20240912_101237.data
250.0 450.0 17 25.06022466960353 0cd9414a_20240912_101301.data
230.0 450.0 17 25.06022466960353 0cd9414a_20240912_101325.data
210.0 450.0 17 25.06022466960353 0cd9414a_20240912_101349.data
190.0 450.0 17 25.06022466960353 0cd9414a_20240912_101413.data
170.0 450.0 17 25.06022466960353 0cd9414a_20240912_101437.data
150.0 450.0 17 25.299982378854633 0cd9414a_20240912_101501.data
130.0 450.0 17 25.06022466960353 0cd9414a_20240912_101525.data
110.0 450.0 17 25.06022466960353 0cd9414a_20240912_101549.data
90.0 450.0 17 25.06022466960353 0cd9414a_20240912_101613.data
70.0 450.0 17 25.06022466960353 0cd9414a_20240912_101637.data
50.0 450.0 17 24.948500000000003 0cd9414a_20240912_101701.data
30.0 450.0 17 25.06022466960353 0cd9414a_20240912_101725.data
10.0 450.0 17 25.06022466960353 0cd9414a_20240912_101749.data
10.0 470.0 17 25.180334801762115 0cd9414a_20240912_101813.data
30.0 470.0 17 24.948500000000003 0cd9414a_20240912_101837.data
50.0 470.0 17 25.06022466960353 0cd9414a_20240912_101901.data
70.0 470.0 17 25.180334801762115 0cd9414a_20240912_101925.data
90.0 470.0 17 25.06022466960353 0cd9414a_20240912_101949.data
110.0 470.0 17 25.06022466960353 0cd9414a_20240912_102013.data
130.0 470.0 17 25.06022466960353 0cd9414a_20240912_102037.data
150.0 470.0 17 25.180334801762115 0cd9414a_20240912_102101.data
170.0 470.0 17 25.06022466960353 0cd9414a_20240912_102125.data
190.0 470.0 17 24.948500000000003 0cd9414a_20240912_102149.data
210.0 470.0 17 25.06022466960353 0cd9414a_20240912_102213.data
230.0 470.0 17 25.06022466960353 0cd9414a_20240912_102238.data
250.0 470.0 17 25.06022466960353 0cd9414a_20240912_102302.data
270.0 470.0 17 25.06022466960353 0cd9414a_20240912_102326.data
290.0 470.0 17 25.06022466960353 0cd9414a_20240912_102350.data
