-1 -1 -1 23.283325 0cd9414a_20240917_175116.data
10.0 10.0 17 23.3875 0cd9414a_20240917_175155.data
30.0 10.0 17 23.073725 0cd9414a_20240917_175219.data
50.0 10.0 17 23.283325 0cd9414a_20240917_175243.data
70.0 10.0 17 23.283325 0cd9414a_20240917_175307.data
90.0 10.0 17 23.283325 0cd9414a_20240917_175331.data
110.0 10.0 17 23.073725 0cd9414a_20240917_175355.data
130.0 10.0 17 23.178749999999997 0cd9414a_20240917_175419.data
150.0 10.0 17 23.283325 0cd9414a_20240917_175443.data
170.0 10.0 17 23.283325 0cd9414a_20240917_175507.data
190.0 10.0 17 23.283325 0cd9414a_20240917_175531.data
210.0 10.0 17 22.969809523809523 0cd9414a_20240917_175555.data
230.0 10.0 17 23.283325 0cd9414a_20240917_175619.data
250.0 10.0 17 23.3875 0cd9414a_20240917_175643.data
270.0 10.0 17 23.283325 0cd9414a_20240917_175707.data
290.0 10.0 17 22.969809523809523 0cd9414a_20240917_175731.data
290.0 30.0 17 22.969809523809523 0cd9414a_20240917_175755.data
270.0 30.0 17 23.283325 0cd9414a_20240917_175819.data
250.0 30.0 17 23.283325 0cd9414a_20240917_175843.data
230.0 30.0 17 22.969809523809523 0cd9414a_20240917_175907.data
210.0 30.0 17 23.283325 0cd9414a_20240917_175931.data
190.0 30.0 17 23.283325 0cd9414a_20240917_175955.data
170.0 30.0 17 23.3875 0cd9414a_20240917_180019.data
150.0 30.0 17 23.283325 0cd9414a_20240917_180043.data
130.0 30.0 17 23.3875 0cd9414a_20240917_180107.data
110.0 30.0 17 23.178749999999997 0cd9414a_20240917_180131.data
90.0 30.0 17 23.073725 0cd9414a_20240917_180155.data
70.0 30.0 17 23.3875 0cd9414a_20240917_180219.data
50.0 30.0 17 23.283325 0cd9414a_20240917_180243.data
30.0 30.0 17 23.283325 0cd9414a_20240917_180308.data
10.0 30.0 17 23.283325 0cd9414a_20240917_180331.data
10.0 50.0 17 23.283325 0cd9414a_20240917_180355.data
30.0 50.0 17 23.178749999999997 0cd9414a_20240917_180420.data
50.0 50.0 17 23.073725 0cd9414a_20240917_180444.data
70.0 50.0 17 23.073725 0cd9414a_20240917_180508.data
90.0 50.0 17 23.283325 0cd9414a_20240917_180532.data
110.0 50.0 17 23.073725 0cd9414a_20240917_180556.data
130.0 50.0 17 23.073725 0cd9414a_20240917_180620.data
150.0 50.0 17 23.283325 0cd9414a_20240917_180644.data
170.0 50.0 17 23.283325 0cd9414a_20240917_180708.data
190.0 50.0 17 23.3875 0cd9414a_20240917_180732.data
210.0 50.0 17 23.283325 0cd9414a_20240917_180756.data
230.0 50.0 17 23.283325 0cd9414a_20240917_180820.data
250.0 50.0 17 23.283325 0cd9414a_20240917_180844.data
270.0 50.0 17 23.283325 0cd9414a_20240917_180908.data
290.0 50.0 17 23.283325 0cd9414a_20240917_180932.data
290.0 70.0 17 23.073725 0cd9414a_20240917_180956.data
270.0 70.0 17 22.969809523809523 0cd9414a_20240917_181020.data
250.0 70.0 17 23.283325 0cd9414a_20240917_181044.data
230.0 70.0 17 23.178749999999997 0cd9414a_20240917_181108.data
210.0 70.0 17 23.283325 0cd9414a_20240917_181132.data
190.0 70.0 17 23.3875 0cd9414a_20240917_181156.data
170.0 70.0 17 23.178749999999997 0cd9414a_20240917_181220.data
150.0 70.0 17 23.178749999999997 0cd9414a_20240917_181244.data
130.0 70.0 17 23.283325 0cd9414a_20240917_181308.data
110.0 70.0 17 23.073725 0cd9414a_20240917_181332.data
90.0 70.0 17 23.283325 0cd9414a_20240917_181356.data
70.0 70.0 17 23.283325 0cd9414a_20240917_181420.data
50.0 70.0 17 23.178749999999997 0cd9414a_20240917_181444.data
30.0 70.0 17 23.283325 0cd9414a_20240917_181508.data
10.0 70.0 17 23.073725 0cd9414a_20240917_181532.data
10.0 90.0 17 23.283325 0cd9414a_20240917_181556.data
30.0 90.0 17 23.178749999999997 0cd9414a_20240917_181620.data
50.0 90.0 17 23.283325 0cd9414a_20240917_181644.data
70.0 90.0 17 22.969809523809523 0cd9414a_20240917_181708.data
90.0 90.0 17 23.283325 0cd9414a_20240917_181732.data
110.0 90.0 17 23.178749999999997 0cd9414a_20240917_181756.data
130.0 90.0 17 23.283325 0cd9414a_20240917_181820.data
150.0 90.0 17 23.283325 0cd9414a_20240917_181844.data
170.0 90.0 17 22.969809523809523 0cd9414a_20240917_181908.data
190.0 90.0 17 23.283325 0cd9414a_20240917_181932.data
210.0 90.0 17 23.178749999999997 0cd9414a_20240917_181956.data
230.0 90.0 17 23.073725 0cd9414a_20240917_182020.data
250.0 90.0 17 23.283325 0cd9414a_20240917_182044.data
270.0 90.0 17 23.283325 0cd9414a_20240917_182108.data
290.0 90.0 17 23.283325 0cd9414a_20240917_182132.data
290.0 110.0 17 23.178749999999997 0cd9414a_20240917_182156.data
270.0 110.0 17 23.283325 0cd9414a_20240917_182220.data
250.0 110.0 17 23.283325 0cd9414a_20240917_182244.data
230.0 110.0 17 23.283325 0cd9414a_20240917_182308.data
210.0 110.0 17 23.283325 0cd9414a_20240917_182332.data
190.0 110.0 17 23.3875 0cd9414a_20240917_182356.data
170.0 110.0 17 23.073725 0cd9414a_20240917_182420.data
150.0 110.0 17 23.283325 0cd9414a_20240917_182444.data
130.0 110.0 17 23.178749999999997 0cd9414a_20240917_182508.data
110.0 110.0 17 23.178749999999997 0cd9414a_20240917_182532.data
90.0 110.0 17 23.178749999999997 0cd9414a_20240917_182556.data
70.0 110.0 17 23.283325 0cd9414a_20240917_182620.data
50.0 110.0 17 23.283325 0cd9414a_20240917_182644.data
30.0 110.0 17 23.283325 0cd9414a_20240917_182708.data
10.0 110.0 17 23.283325 0cd9414a_20240917_182732.data
10.0 130.0 17 23.283325 0cd9414a_20240917_182756.data
30.0 130.0 17 23.178749999999997 0cd9414a_20240917_182820.data
50.0 130.0 17 23.283325 0cd9414a_20240917_182844.data
70.0 130.0 17 23.283325 0cd9414a_20240917_182908.data
90.0 130.0 17 23.073725 0cd9414a_20240917_182932.data
110.0 130.0 17 23.283325 0cd9414a_20240917_182956.data
130.0 130.0 17 23.178749999999997 0cd9414a_20240917_183020.data
150.0 130.0 17 23.283325 0cd9414a_20240917_183044.data
170.0 130.0 17 23.178749999999997 0cd9414a_20240917_183108.data
190.0 130.0 17 23.178749999999997 0cd9414a_20240917_183132.data
210.0 130.0 17 23.283325 0cd9414a_20240917_183156.data
230.0 130.0 17 23.283325 0cd9414a_20240917_183220.data
250.0 130.0 17 23.178749999999997 0cd9414a_20240917_183244.data
270.0 130.0 17 23.3875 0cd9414a_20240917_183308.data
290.0 130.0 17 22.969809523809523 0cd9414a_20240917_183332.data
290.0 150.0 17 23.073725 0cd9414a_20240917_183357.data
270.0 150.0 17 22.969809523809523 0cd9414a_20240917_183421.data
250.0 150.0 17 23.283325 0cd9414a_20240917_183445.data
230.0 150.0 17 22.868976190476186 0cd9414a_20240917_183509.data
210.0 150.0 17 23.283325 0cd9414a_20240917_183533.data
190.0 150.0 17 22.969809523809523 0cd9414a_20240917_183557.data
170.0 150.0 17 22.969809523809523 0cd9414a_20240917_183621.data
150.0 150.0 17 22.969809523809523 0cd9414a_20240917_183645.data
130.0 150.0 17 22.969809523809523 0cd9414a_20240917_183709.data
110.0 150.0 17 22.969809523809523 0cd9414a_20240917_183733.data
90.0 150.0 17 22.868976190476186 0cd9414a_20240917_183757.data
70.0 150.0 17 22.969809523809523 0cd9414a_20240917_183821.data
50.0 150.0 17 22.969809523809523 0cd9414a_20240917_183845.data
30.0 150.0 17 22.969809523809523 0cd9414a_20240917_183909.data
10.0 150.0 17 22.969809523809523 0cd9414a_20240917_183933.data
10.0 170.0 17 22.969809523809523 0cd9414a_20240917_183957.data
30.0 170.0 17 22.969809523809523 0cd9414a_20240917_184021.data
50.0 170.0 17 22.969809523809523 0cd9414a_20240917_184045.data
70.0 170.0 17 22.969809523809523 0cd9414a_20240917_184109.data
90.0 170.0 17 22.969809523809523 0cd9414a_20240917_184133.data
110.0 170.0 17 22.969809523809523 0cd9414a_20240917_184157.data
130.0 170.0 17 22.969809523809523 0cd9414a_20240917_184221.data
150.0 170.0 17 22.969809523809523 0cd9414a_20240917_184245.data
170.0 170.0 17 22.969809523809523 0cd9414a_20240917_184309.data
190.0 170.0 17 22.969809523809523 0cd9414a_20240917_184333.data
210.0 170.0 17 22.969809523809523 0cd9414a_20240917_184357.data
230.0 170.0 17 22.969809523809523 0cd9414a_20240917_184421.data
250.0 170.0 17 22.969809523809523 0cd9414a_20240917_184445.data
270.0 170.0 17 22.969809523809523 0cd9414a_20240917_184509.data
290.0 170.0 17 22.969809523809523 0cd9414a_20240917_184533.data
290.0 190.0 17 22.969809523809523 0cd9414a_20240917_184557.data
270.0 190.0 17 22.969809523809523 0cd9414a_20240917_184621.data
250.0 190.0 17 22.969809523809523 0cd9414a_20240917_184645.data
230.0 190.0 17 22.969809523809523 0cd9414a_20240917_184709.data
210.0 190.0 17 22.969809523809523 0cd9414a_20240917_184733.data
190.0 190.0 17 22.969809523809523 0cd9414a_20240917_184757.data
170.0 190.0 17 22.969809523809523 0cd9414a_20240917_184821.data
150.0 190.0 17 22.969809523809523 0cd9414a_20240917_184845.data
130.0 190.0 17 22.969809523809523 0cd9414a_20240917_184909.data
110.0 190.0 17 22.969809523809523 0cd9414a_20240917_184933.data
90.0 190.0 17 22.969809523809523 0cd9414a_20240917_184957.data
70.0 190.0 17 22.969809523809523 0cd9414a_20240917_185021.data
50.0 190.0 17 22.969809523809523 0cd9414a_20240917_185045.data
30.0 190.0 17 22.969809523809523 0cd9414a_20240917_185109.data
10.0 190.0 17 22.868976190476186 0cd9414a_20240917_185133.data
10.0 210.0 17 22.969809523809523 0cd9414a_20240917_185157.data
30.0 210.0 17 22.969809523809523 0cd9414a_20240917_185221.data
50.0 210.0 17 22.969809523809523 0cd9414a_20240917_185245.data
70.0 210.0 17 22.969809523809523 0cd9414a_20240917_185309.data
90.0 210.0 17 22.969809523809523 0cd9414a_20240917_185333.data
110.0 210.0 17 22.969809523809523 0cd9414a_20240917_185357.data
130.0 210.0 17 22.868976190476186 0cd9414a_20240917_185421.data
150.0 210.0 17 22.969809523809523 0cd9414a_20240917_185445.data
170.0 210.0 17 22.969809523809523 0cd9414a_20240917_185509.data
190.0 210.0 17 22.969809523809523 0cd9414a_20240917_185533.data
210.0 210.0 17 22.969809523809523 0cd9414a_20240917_185557.data
230.0 210.0 17 22.969809523809523 0cd9414a_20240917_185621.data
250.0 210.0 17 22.969809523809523 0cd9414a_20240917_185645.data
270.0 210.0 17 22.969809523809523 0cd9414a_20240917_185709.data
290.0 210.0 17 22.969809523809523 0cd9414a_20240917_185733.data
290.0 230.0 17 22.969809523809523 0cd9414a_20240917_185757.data
270.0 230.0 17 22.969809523809523 0cd9414a_20240917_185821.data
250.0 230.0 17 22.969809523809523 0cd9414a_20240917_185845.data
230.0 230.0 17 22.969809523809523 0cd9414a_20240917_185909.data
210.0 230.0 17 22.969809523809523 0cd9414a_20240917_185933.data
190.0 230.0 17 22.868976190476186 0cd9414a_20240917_185957.data
170.0 230.0 17 22.969809523809523 0cd9414a_20240917_190021.data
150.0 230.0 17 22.868976190476186 0cd9414a_20240917_190045.data
130.0 230.0 17 22.969809523809523 0cd9414a_20240917_190109.data
110.0 230.0 17 23.073725 0cd9414a_20240917_190133.data
90.0 230.0 17 22.969809523809523 0cd9414a_20240917_190158.data
70.0 230.0 17 22.969809523809523 0cd9414a_20240917_190222.data
50.0 230.0 17 22.969809523809523 0cd9414a_20240917_190246.data
30.0 230.0 17 22.969809523809523 0cd9414a_20240917_190310.data
10.0 230.0 17 22.969809523809523 0cd9414a_20240917_190334.data
10.0 250.0 17 22.969809523809523 0cd9414a_20240917_190358.data
30.0 250.0 17 22.969809523809523 0cd9414a_20240917_190422.data
50.0 250.0 17 22.969809523809523 0cd9414a_20240917_190446.data
70.0 250.0 17 22.969809523809523 0cd9414a_20240917_190510.data
90.0 250.0 17 22.969809523809523 0cd9414a_20240917_190534.data
110.0 250.0 17 22.969809523809523 0cd9414a_20240917_190558.data
130.0 250.0 17 23.073725 0cd9414a_20240917_190622.data
150.0 250.0 17 22.969809523809523 0cd9414a_20240917_190646.data
170.0 250.0 17 22.969809523809523 0cd9414a_20240917_190710.data
190.0 250.0 17 22.969809523809523 0cd9414a_20240917_190734.data
210.0 250.0 17 22.969809523809523 0cd9414a_20240917_190758.data
230.0 250.0 17 22.969809523809523 0cd9414a_20240917_190822.data
250.0 250.0 17 22.969809523809523 0cd9414a_20240917_190846.data
270.0 250.0 17 22.969809523809523 0cd9414a_20240917_190910.data
290.0 250.0 17 22.969809523809523 0cd9414a_20240917_190934.data
290.0 270.0 17 22.969809523809523 0cd9414a_20240917_190958.data
270.0 270.0 17 22.969809523809523 0cd9414a_20240917_191022.data
250.0 270.0 17 22.969809523809523 0cd9414a_20240917_191046.data
230.0 270.0 17 22.969809523809523 0cd9414a_20240917_191110.data
210.0 270.0 17 22.969809523809523 0cd9414a_20240917_191134.data
190.0 270.0 17 22.969809523809523 0cd9414a_20240917_191158.data
170.0 270.0 17 22.969809523809523 0cd9414a_20240917_191222.data
150.0 270.0 17 22.969809523809523 0cd9414a_20240917_191246.data
130.0 270.0 17 23.178749999999997 0cd9414a_20240917_191310.data
110.0 270.0 17 22.969809523809523 0cd9414a_20240917_191334.data
90.0 270.0 17 22.969809523809523 0cd9414a_20240917_191358.data
70.0 270.0 17 23.073725 0cd9414a_20240917_191422.data
50.0 270.0 17 -1 0cd9414a_20240917_191446.data
30.0 270.0 17 22.868976190476186 0cd9414a_20240917_191510.data
10.0 270.0 17 22.969809523809523 0cd9414a_20240917_191534.data
10.0 290.0 17 -1 0cd9414a_20240917_191558.data
30.0 290.0 17 22.868976190476186 0cd9414a_20240917_191622.data
50.0 290.0 17 22.969809523809523 0cd9414a_20240917_191646.data
70.0 290.0 17 -1 0cd9414a_20240917_191710.data
90.0 290.0 17 22.969809523809523 0cd9414a_20240917_191734.data
110.0 290.0 17 22.969809523809523 0cd9414a_20240917_191758.data
130.0 290.0 17 -1 0cd9414a_20240917_191822.data
150.0 290.0 17 22.969809523809523 0cd9414a_20240917_191846.data
170.0 290.0 17 22.969809523809523 0cd9414a_20240917_191910.data
190.0 290.0 17 -1 0cd9414a_20240917_191934.data
210.0 290.0 17 22.969809523809523 0cd9414a_20240917_191958.data
230.0 290.0 17 22.868976190476186 0cd9414a_20240917_192022.data
250.0 290.0 17 22.868976190476186 0cd9414a_20240917_192046.data
270.0 290.0 17 22.868976190476186 0cd9414a_20240917_192110.data
290.0 290.0 17 22.868976190476186 0cd9414a_20240917_192134.data
290.0 310.0 17 22.969809523809523 0cd9414a_20240917_192158.data
270.0 310.0 17 22.868976190476186 0cd9414a_20240917_192222.data
250.0 310.0 17 22.969809523809523 0cd9414a_20240917_192246.data
230.0 310.0 17 22.969809523809523 0cd9414a_20240917_192310.data
210.0 310.0 17 22.868976190476186 0cd9414a_20240917_192334.data
190.0 310.0 17 22.868976190476186 0cd9414a_20240917_192358.data
170.0 310.0 17 22.868976190476186 0cd9414a_20240917_192422.data
150.0 310.0 17 22.868976190476186 0cd9414a_20240917_192446.data
130.0 310.0 17 22.868976190476186 0cd9414a_20240917_192510.data
110.0 310.0 17 22.969809523809523 0cd9414a_20240917_192534.data
90.0 310.0 17 22.969809523809523 0cd9414a_20240917_192558.data
70.0 310.0 17 22.969809523809523 0cd9414a_20240917_192622.data
50.0 310.0 17 22.868976190476186 0cd9414a_20240917_192646.data
30.0 310.0 17 22.868976190476186 0cd9414a_20240917_192710.data
10.0 310.0 17 22.868976190476186 0cd9414a_20240917_192734.data
10.0 330.0 17 22.969809523809523 0cd9414a_20240917_192759.data
30.0 330.0 17 22.868976190476186 0cd9414a_20240917_192822.data
50.0 330.0 17 22.969809523809523 0cd9414a_20240917_192847.data
70.0 330.0 17 23.178749999999997 0cd9414a_20240917_192911.data
90.0 330.0 17 22.868976190476186 0cd9414a_20240917_192935.data
110.0 330.0 17 22.868976190476186 0cd9414a_20240917_192959.data
130.0 330.0 17 22.868976190476186 0cd9414a_20240917_193023.data
150.0 330.0 17 23.178749999999997 0cd9414a_20240917_193047.data
170.0 330.0 17 22.868976190476186 0cd9414a_20240917_193111.data
190.0 330.0 17 23.073725 0cd9414a_20240917_193135.data
210.0 330.0 17 22.969809523809523 0cd9414a_20240917_193159.data
230.0 330.0 17 22.868976190476186 0cd9414a_20240917_193223.data
250.0 330.0 17 22.868976190476186 0cd9414a_20240917_193247.data
270.0 330.0 17 22.868976190476186 0cd9414a_20240917_193311.data
290.0 330.0 17 22.969809523809523 0cd9414a_20240917_193335.data
10.0 350.0 17 22.868976190476186 0cd9414a_20240918_080615.data
30.0 350.0 17 22.868976190476186 0cd9414a_20240918_080639.data
50.0 350.0 17 22.868976190476186 0cd9414a_20240918_080703.data
70.0 350.0 17 22.868976190476186 0cd9414a_20240918_080727.data
90.0 350.0 17 22.969809523809523 0cd9414a_20240918_080751.data
110.0 350.0 17 22.969809523809523 0cd9414a_20240918_080815.data
130.0 350.0 17 22.868976190476186 0cd9414a_20240918_080839.data
150.0 350.0 17 22.969809523809523 0cd9414a_20240918_080903.data
170.0 350.0 17 22.868976190476186 0cd9414a_20240918_080927.data
190.0 350.0 17 22.969809523809523 0cd9414a_20240918_080951.data
210.0 350.0 17 22.969809523809523 0cd9414a_20240918_081015.data
230.0 350.0 17 22.868976190476186 0cd9414a_20240918_081039.data
250.0 350.0 17 22.868976190476186 0cd9414a_20240918_081103.data
270.0 350.0 17 22.969809523809523 0cd9414a_20240918_081127.data
290.0 350.0 17 22.767738095238098 0cd9414a_20240918_081151.data
290.0 370.0 17 22.868976190476186 0cd9414a_20240918_081215.data
270.0 370.0 17 22.868976190476186 0cd9414a_20240918_081239.data
250.0 370.0 17 22.969809523809523 0cd9414a_20240918_081303.data
230.0 370.0 17 22.969809523809523 0cd9414a_20240918_081327.data
210.0 370.0 17 22.868976190476186 0cd9414a_20240918_081351.data
190.0 370.0 17 22.969809523809523 0cd9414a_20240918_081415.data
170.0 370.0 17 22.868976190476186 0cd9414a_20240918_081439.data
150.0 370.0 17 22.868976190476186 0cd9414a_20240918_081503.data
130.0 370.0 17 22.868976190476186 0cd9414a_20240918_081527.data
110.0 370.0 17 22.868976190476186 0cd9414a_20240918_081551.data
90.0 370.0 17 22.868976190476186 0cd9414a_20240918_081615.data
70.0 370.0 17 22.969809523809523 0cd9414a_20240918_081639.data
50.0 370.0 17 22.969809523809523 0cd9414a_20240918_081703.data
30.0 370.0 17 22.868976190476186 0cd9414a_20240918_081727.data
10.0 370.0 17 23.073725 0cd9414a_20240918_081751.data
10.0 390.0 17 22.969809523809523 0cd9414a_20240918_081815.data
30.0 390.0 17 22.868976190476186 0cd9414a_20240918_081839.data
50.0 390.0 17 22.969809523809523 0cd9414a_20240918_081903.data
70.0 390.0 17 22.868976190476186 0cd9414a_20240918_081927.data
90.0 390.0 17 22.868976190476186 0cd9414a_20240918_081951.data
110.0 390.0 17 22.868976190476186 0cd9414a_20240918_082015.data
130.0 390.0 17 22.969809523809523 0cd9414a_20240918_082039.data
150.0 390.0 17 22.868976190476186 0cd9414a_20240918_082103.data
170.0 390.0 17 22.969809523809523 0cd9414a_20240918_082127.data
190.0 390.0 17 22.969809523809523 0cd9414a_20240918_082151.data
210.0 390.0 17 22.868976190476186 0cd9414a_20240918_082215.data
230.0 390.0 17 22.868976190476186 0cd9414a_20240918_082239.data
250.0 390.0 17 22.868976190476186 0cd9414a_20240918_082303.data
270.0 390.0 17 22.868976190476186 0cd9414a_20240918_082327.data
290.0 390.0 17 22.969809523809523 0cd9414a_20240918_082351.data
290.0 410.0 17 22.767738095238098 0cd9414a_20240918_082415.data
270.0 410.0 17 22.868976190476186 0cd9414a_20240918_082439.data
250.0 410.0 17 22.868976190476186 0cd9414a_20240918_082503.data
230.0 410.0 17 22.868976190476186 0cd9414a_20240918_082527.data
210.0 410.0 17 22.868976190476186 0cd9414a_20240918_082551.data
190.0 410.0 17 22.868976190476186 0cd9414a_20240918_082615.data
170.0 410.0 17 22.868976190476186 0cd9414a_20240918_082639.data
150.0 410.0 17 22.868976190476186 0cd9414a_20240918_082703.data
130.0 410.0 17 22.868976190476186 0cd9414a_20240918_082728.data
110.0 410.0 17 22.868976190476186 0cd9414a_20240918_082752.data
90.0 410.0 17 22.868976190476186 0cd9414a_20240918_082816.data
70.0 410.0 17 22.868976190476186 0cd9414a_20240918_082840.data
50.0 410.0 17 22.969809523809523 0cd9414a_20240918_082904.data
30.0 410.0 17 22.868976190476186 0cd9414a_20240918_082928.data
10.0 410.0 17 22.969809523809523 0cd9414a_20240918_082952.data
10.0 430.0 17 22.868976190476186 0cd9414a_20240918_083016.data
30.0 430.0 17 22.868976190476186 0cd9414a_20240918_083040.data
50.0 430.0 17 22.868976190476186 0cd9414a_20240918_083104.data
70.0 430.0 17 22.868976190476186 0cd9414a_20240918_083128.data
90.0 430.0 17 22.969809523809523 0cd9414a_20240918_083152.data
110.0 430.0 17 22.868976190476186 0cd9414a_20240918_083216.data
130.0 430.0 17 22.868976190476186 0cd9414a_20240918_083240.data
150.0 430.0 17 22.868976190476186 0cd9414a_20240918_083304.data
170.0 430.0 17 22.969809523809523 0cd9414a_20240918_083328.data
190.0 430.0 17 22.868976190476186 0cd9414a_20240918_083352.data
210.0 430.0 17 22.868976190476186 0cd9414a_20240918_083416.data
230.0 430.0 17 22.868976190476186 0cd9414a_20240918_083440.data
250.0 430.0 17 22.868976190476186 0cd9414a_20240918_083504.data
270.0 430.0 17 22.868976190476186 0cd9414a_20240918_083528.data
290.0 430.0 17 22.868976190476186 0cd9414a_20240918_083552.data
290.0 450.0 17 22.868976190476186 0cd9414a_20240918_083616.data
270.0 450.0 17 22.868976190476186 0cd9414a_20240918_083640.data
250.0 450.0 17 22.868976190476186 0cd9414a_20240918_083704.data
230.0 450.0 17 22.969809523809523 0cd9414a_20240918_083728.data
210.0 450.0 17 22.969809523809523 0cd9414a_20240918_083752.data
190.0 450.0 17 22.868976190476186 0cd9414a_20240918_083816.data
170.0 450.0 17 22.969809523809523 0cd9414a_20240918_083840.data
150.0 450.0 17 22.868976190476186 0cd9414a_20240918_083904.data
130.0 450.0 17 22.868976190476186 0cd9414a_20240918_083928.data
110.0 450.0 17 22.868976190476186 0cd9414a_20240918_083952.data
90.0 450.0 17 22.868976190476186 0cd9414a_20240918_084016.data
70.0 450.0 17 22.969809523809523 0cd9414a_20240918_084040.data
50.0 450.0 17 22.868976190476186 0cd9414a_20240918_084104.data
30.0 450.0 17 22.868976190476186 0cd9414a_20240918_084128.data
10.0 450.0 17 22.868976190476186 0cd9414a_20240918_084152.data
10.0 470.0 17 22.969809523809523 0cd9414a_20240918_084216.data
30.0 470.0 17 22.969809523809523 0cd9414a_20240918_084240.data
50.0 470.0 17 22.969809523809523 0cd9414a_20240918_084304.data
70.0 470.0 17 22.868976190476186 0cd9414a_20240918_084328.data
90.0 470.0 17 22.969809523809523 0cd9414a_20240918_084352.data
110.0 470.0 17 22.969809523809523 0cd9414a_20240918_084416.data
130.0 470.0 17 22.868976190476186 0cd9414a_20240918_084440.data
150.0 470.0 17 22.868976190476186 0cd9414a_20240918_084504.data
170.0 470.0 17 22.969809523809523 0cd9414a_20240918_084528.data
190.0 470.0 17 22.868976190476186 0cd9414a_20240918_084552.data
210.0 470.0 17 22.868976190476186 0cd9414a_20240918_084616.data
230.0 470.0 17 22.868976190476186 0cd9414a_20240918_084640.data
250.0 470.0 17 22.868976190476186 0cd9414a_20240918_084704.data
270.0 470.0 17 22.868976190476186 0cd9414a_20240918_084728.data
290.0 470.0 17 22.969809523809523 0cd9414a_20240918_084752.data
