-1 -1 -1 25.419136563876656 0cd9414a_20240820_081342.data
10.0 10.0 17 25.419136563876656 0cd9414a_20240820_081421.data
30.0 10.0 17 25.419136563876656 0cd9414a_20240820_081445.data
50.0 10.0 17 25.299982378854633 0cd9414a_20240820_081509.data
70.0 10.0 17 25.419136563876656 0cd9414a_20240820_081533.data
90.0 10.0 17 25.299982378854633 0cd9414a_20240820_081557.data
110.0 10.0 17 25.419136563876656 0cd9414a_20240820_081621.data
130.0 10.0 17 25.419136563876656 0cd9414a_20240820_081645.data
150.0 10.0 17 25.419136563876656 0cd9414a_20240820_081709.data
170.0 10.0 17 25.299982378854633 0cd9414a_20240820_081733.data
190.0 10.0 17 25.299982378854633 0cd9414a_20240820_081757.data
210.0 10.0 17 25.299982378854633 0cd9414a_20240820_081821.data
230.0 10.0 17 25.299982378854633 0cd9414a_20240820_081845.data
250.0 10.0 17 25.299982378854633 0cd9414a_20240820_081909.data
270.0 10.0 17 25.419136563876656 0cd9414a_20240820_081933.data
290.0 10.0 17 25.299982378854633 0cd9414a_20240820_081957.data
290.0 30.0 17 25.299982378854633 0cd9414a_20240820_082021.data
270.0 30.0 17 25.419136563876656 0cd9414a_20240820_082045.data
250.0 30.0 17 25.299982378854633 0cd9414a_20240820_082109.data
230.0 30.0 17 25.299982378854633 0cd9414a_20240820_082133.data
210.0 30.0 17 25.419136563876656 0cd9414a_20240820_082157.data
190.0 30.0 17 25.419136563876656 0cd9414a_20240820_082221.data
170.0 30.0 17 25.537859030837005 0cd9414a_20240820_082245.data
150.0 30.0 17 25.419136563876656 0cd9414a_20240820_082309.data
130.0 30.0 17 25.299982378854633 0cd9414a_20240820_082333.data
110.0 30.0 17 25.299982378854633 0cd9414a_20240820_082357.data
90.0 30.0 17 25.537859030837005 0cd9414a_20240820_082421.data
70.0 30.0 17 25.537859030837005 0cd9414a_20240820_082445.data
50.0 30.0 17 25.656118942731283 0cd9414a_20240820_082509.data
30.0 30.0 17 25.537859030837005 0cd9414a_20240820_082533.data
10.0 30.0 17 25.419136563876656 0cd9414a_20240820_082557.data
10.0 50.0 17 25.419136563876656 0cd9414a_20240820_082621.data
30.0 50.0 17 25.656118942731283 0cd9414a_20240820_082645.data
50.0 50.0 17 25.656118942731283 0cd9414a_20240820_082709.data
70.0 50.0 17 25.299982378854633 0cd9414a_20240820_082733.data
90.0 50.0 17 25.656118942731283 0cd9414a_20240820_082757.data
110.0 50.0 17 25.656118942731283 0cd9414a_20240820_082821.data
130.0 50.0 17 25.656118942731283 0cd9414a_20240820_082845.data
150.0 50.0 17 25.419136563876656 0cd9414a_20240820_082909.data
170.0 50.0 17 25.656118942731283 0cd9414a_20240820_082933.data
190.0 50.0 17 25.656118942731283 0cd9414a_20240820_082957.data
210.0 50.0 17 25.656118942731283 0cd9414a_20240820_083021.data
230.0 50.0 17 25.419136563876656 0cd9414a_20240820_083045.data
250.0 50.0 17 25.656118942731283 0cd9414a_20240820_083109.data
270.0 50.0 17 25.656118942731283 0cd9414a_20240820_083133.data
290.0 50.0 17 25.656118942731283 0cd9414a_20240820_083157.data
290.0 70.0 17 25.656118942731283 0cd9414a_20240820_083221.data
270.0 70.0 17 25.656118942731283 0cd9414a_20240820_083245.data
250.0 70.0 17 25.656118942731283 0cd9414a_20240820_083309.data
230.0 70.0 17 25.656118942731283 0cd9414a_20240820_083333.data
210.0 70.0 17 25.656118942731283 0cd9414a_20240820_083357.data
190.0 70.0 17 25.419136563876656 0cd9414a_20240820_083421.data
170.0 70.0 17 25.656118942731283 0cd9414a_20240820_083446.data
150.0 70.0 17 25.656118942731283 0cd9414a_20240820_083510.data
130.0 70.0 17 25.656118942731283 0cd9414a_20240820_083533.data
110.0 70.0 17 25.537859030837005 0cd9414a_20240820_083558.data
90.0 70.0 17 25.537859030837005 0cd9414a_20240820_083621.data
70.0 70.0 17 25.656118942731283 0cd9414a_20240820_083646.data
50.0 70.0 17 25.656118942731283 0cd9414a_20240820_083710.data
30.0 70.0 17 25.656118942731283 0cd9414a_20240820_083734.data
10.0 70.0 17 25.537859030837005 0cd9414a_20240820_083758.data
10.0 90.0 17 25.419136563876656 0cd9414a_20240820_083822.data
30.0 90.0 17 25.537859030837005 0cd9414a_20240820_083846.data
50.0 90.0 17 25.656118942731283 0cd9414a_20240820_083910.data
70.0 90.0 17 25.537859030837005 0cd9414a_20240820_083934.data
90.0 90.0 17 25.537859030837005 0cd9414a_20240820_083958.data
110.0 90.0 17 25.299982378854633 0cd9414a_20240820_084022.data
130.0 90.0 17 25.537859030837005 0cd9414a_20240820_084046.data
150.0 90.0 17 25.656118942731283 0cd9414a_20240820_084110.data
170.0 90.0 17 25.656118942731283 0cd9414a_20240820_084134.data
190.0 90.0 17 25.656118942731283 0cd9414a_20240820_084158.data
210.0 90.0 17 25.419136563876656 0cd9414a_20240820_084222.data
230.0 90.0 17 25.656118942731283 0cd9414a_20240820_084246.data
250.0 90.0 17 25.656118942731283 0cd9414a_20240820_084310.data
270.0 90.0 17 25.419136563876656 0cd9414a_20240820_084334.data
290.0 90.0 17 25.419136563876656 0cd9414a_20240820_084358.data
290.0 110.0 17 25.656118942731283 0cd9414a_20240820_084422.data
270.0 110.0 17 25.537859030837005 0cd9414a_20240820_084446.data
250.0 110.0 17 25.656118942731283 0cd9414a_20240820_084510.data
230.0 110.0 17 25.656118942731283 0cd9414a_20240820_084534.data
210.0 110.0 17 25.537859030837005 0cd9414a_20240820_084558.data
190.0 110.0 17 25.537859030837005 0cd9414a_20240820_084622.data
170.0 110.0 17 25.419136563876656 0cd9414a_20240820_084646.data
150.0 110.0 17 25.656118942731283 0cd9414a_20240820_084710.data
130.0 110.0 17 25.299982378854633 0cd9414a_20240820_084734.data
110.0 110.0 17 25.537859030837005 0cd9414a_20240820_084758.data
90.0 110.0 17 25.419136563876656 0cd9414a_20240820_084822.data
70.0 110.0 17 25.537859030837005 0cd9414a_20240820_084846.data
50.0 110.0 17 25.537859030837005 0cd9414a_20240820_084910.data
30.0 110.0 17 25.656118942731283 0cd9414a_20240820_084934.data
10.0 110.0 17 25.419136563876656 0cd9414a_20240820_084958.data
10.0 130.0 17 25.656118942731283 0cd9414a_20240820_085022.data
30.0 130.0 17 25.299982378854633 0cd9414a_20240820_085046.data
50.0 130.0 17 25.419136563876656 0cd9414a_20240820_085110.data
70.0 130.0 17 25.419136563876656 0cd9414a_20240820_085134.data
90.0 130.0 17 25.537859030837005 0cd9414a_20240820_085158.data
110.0 130.0 17 25.656118942731283 0cd9414a_20240820_085222.data
130.0 130.0 17 25.419136563876656 0cd9414a_20240820_085246.data
150.0 130.0 17 25.419136563876656 0cd9414a_20240820_085310.data
170.0 130.0 17 25.537859030837005 0cd9414a_20240820_085334.data
190.0 130.0 17 25.656118942731283 0cd9414a_20240820_085358.data
210.0 130.0 17 25.537859030837005 0cd9414a_20240820_085422.data
230.0 130.0 17 25.656118942731283 0cd9414a_20240820_085446.data
250.0 130.0 17 25.537859030837005 0cd9414a_20240820_085510.data
270.0 130.0 17 25.537859030837005 0cd9414a_20240820_085534.data
290.0 130.0 17 25.656118942731283 0cd9414a_20240820_085558.data
290.0 150.0 17 25.656118942731283 0cd9414a_20240820_085622.data
270.0 150.0 17 25.537859030837005 0cd9414a_20240820_085646.data
250.0 150.0 17 25.537859030837005 0cd9414a_20240820_085710.data
230.0 150.0 17 25.537859030837005 0cd9414a_20240820_085734.data
210.0 150.0 17 25.656118942731283 0cd9414a_20240820_085758.data
190.0 150.0 17 25.656118942731283 0cd9414a_20240820_085822.data
170.0 150.0 17 25.419136563876656 0cd9414a_20240820_085846.data
150.0 150.0 17 25.537859030837005 0cd9414a_20240820_085910.data
130.0 150.0 17 25.537859030837005 0cd9414a_20240820_085934.data
110.0 150.0 17 25.537859030837005 0cd9414a_20240820_085958.data
90.0 150.0 17 25.656118942731283 0cd9414a_20240820_090022.data
70.0 150.0 17 25.656118942731283 0cd9414a_20240820_090046.data
50.0 150.0 17 25.537859030837005 0cd9414a_20240820_090110.data
30.0 150.0 17 25.537859030837005 0cd9414a_20240820_090134.data
10.0 150.0 17 25.537859030837005 0cd9414a_20240820_090158.data
10.0 170.0 17 25.656118942731283 0cd9414a_20240820_090222.data
30.0 170.0 17 25.537859030837005 0cd9414a_20240820_090246.data
50.0 170.0 17 25.537859030837005 0cd9414a_20240820_090310.data
70.0 170.0 17 25.537859030837005 0cd9414a_20240820_090334.data
90.0 170.0 17 25.537859030837005 0cd9414a_20240820_090358.data
110.0 170.0 17 25.419136563876656 0cd9414a_20240820_090422.data
130.0 170.0 17 25.656118942731283 0cd9414a_20240820_090446.data
150.0 170.0 17 25.537859030837005 0cd9414a_20240820_090510.data
170.0 170.0 17 25.419136563876656 0cd9414a_20240820_090534.data
190.0 170.0 17 25.656118942731283 0cd9414a_20240820_090558.data
210.0 170.0 17 25.656118942731283 0cd9414a_20240820_090622.data
230.0 170.0 17 25.537859030837005 0cd9414a_20240820_090646.data
250.0 170.0 17 25.537859030837005 0cd9414a_20240820_090710.data
270.0 170.0 17 25.537859030837005 0cd9414a_20240820_090734.data
290.0 170.0 17 25.656118942731283 0cd9414a_20240820_090758.data
290.0 190.0 17 25.656118942731283 0cd9414a_20240820_090822.data
270.0 190.0 17 25.656118942731283 0cd9414a_20240820_090846.data
250.0 190.0 17 25.299982378854633 0cd9414a_20240820_090910.data
230.0 190.0 17 25.537859030837005 0cd9414a_20240820_090934.data
210.0 190.0 17 25.656118942731283 0cd9414a_20240820_090959.data
190.0 190.0 17 25.656118942731283 0cd9414a_20240820_091023.data
170.0 190.0 17 25.656118942731283 0cd9414a_20240820_091047.data
150.0 190.0 17 25.537859030837005 0cd9414a_20240820_091111.data
130.0 190.0 17 25.537859030837005 0cd9414a_20240820_091135.data
110.0 190.0 17 25.537859030837005 0cd9414a_20240820_091159.data
90.0 190.0 17 25.419136563876656 0cd9414a_20240820_091223.data
70.0 190.0 17 25.656118942731283 0cd9414a_20240820_091247.data
50.0 190.0 17 25.419136563876656 0cd9414a_20240820_091311.data
30.0 190.0 17 25.299982378854633 0cd9414a_20240820_091335.data
10.0 190.0 17 25.656118942731283 0cd9414a_20240820_091359.data
10.0 210.0 17 25.537859030837005 0cd9414a_20240820_091423.data
30.0 210.0 17 25.537859030837005 0cd9414a_20240820_091447.data
50.0 210.0 17 25.537859030837005 0cd9414a_20240820_091511.data
70.0 210.0 17 25.656118942731283 0cd9414a_20240820_091535.data
90.0 210.0 17 25.537859030837005 0cd9414a_20240820_091559.data
110.0 210.0 17 25.656118942731283 0cd9414a_20240820_091623.data
130.0 210.0 17 25.656118942731283 0cd9414a_20240820_091647.data
150.0 210.0 17 25.299982378854633 0cd9414a_20240820_091711.data
170.0 210.0 17 25.537859030837005 0cd9414a_20240820_091735.data
190.0 210.0 17 25.656118942731283 0cd9414a_20240820_091759.data
210.0 210.0 17 25.656118942731283 0cd9414a_20240820_091823.data
230.0 210.0 17 25.656118942731283 0cd9414a_20240820_091847.data
250.0 210.0 17 25.537859030837005 0cd9414a_20240820_091911.data
270.0 210.0 17 25.419136563876656 0cd9414a_20240820_091935.data
290.0 210.0 17 25.299982378854633 0cd9414a_20240820_091959.data
290.0 230.0 17 25.537859030837005 0cd9414a_20240820_092023.data
270.0 230.0 17 25.656118942731283 0cd9414a_20240820_092047.data
250.0 230.0 17 25.537859030837005 0cd9414a_20240820_092111.data
230.0 230.0 17 25.537859030837005 0cd9414a_20240820_092135.data
210.0 230.0 17 25.656118942731283 0cd9414a_20240820_092159.data
190.0 230.0 17 25.537859030837005 0cd9414a_20240820_092223.data
170.0 230.0 17 25.537859030837005 0cd9414a_20240820_092247.data
150.0 230.0 17 25.537859030837005 0cd9414a_20240820_092311.data
130.0 230.0 17 25.537859030837005 0cd9414a_20240820_092335.data
110.0 230.0 17 25.537859030837005 0cd9414a_20240820_092359.data
90.0 230.0 17 25.656118942731283 0cd9414a_20240820_092423.data
70.0 230.0 17 25.656118942731283 0cd9414a_20240820_092447.data
50.0 230.0 17 25.656118942731283 0cd9414a_20240820_092511.data
30.0 230.0 17 25.656118942731283 0cd9414a_20240820_092535.data
10.0 230.0 17 25.419136563876656 0cd9414a_20240820_092559.data
10.0 250.0 17 25.656118942731283 0cd9414a_20240820_092623.data
30.0 250.0 17 25.656118942731283 0cd9414a_20240820_092647.data
50.0 250.0 17 25.180334801762115 0cd9414a_20240820_092711.data
70.0 250.0 17 25.656118942731283 0cd9414a_20240820_092735.data
90.0 250.0 17 25.537859030837005 0cd9414a_20240820_092759.data
110.0 250.0 17 25.537859030837005 0cd9414a_20240820_092823.data
130.0 250.0 17 25.656118942731283 0cd9414a_20240820_092847.data
150.0 250.0 17 25.537859030837005 0cd9414a_20240820_092911.data
170.0 250.0 17 25.419136563876656 0cd9414a_20240820_092935.data
190.0 250.0 17 25.537859030837005 0cd9414a_20240820_092959.data
210.0 250.0 17 25.537859030837005 0cd9414a_20240820_093023.data
230.0 250.0 17 25.537859030837005 0cd9414a_20240820_093047.data
250.0 250.0 17 25.656118942731283 0cd9414a_20240820_093111.data
270.0 250.0 17 25.299982378854633 0cd9414a_20240820_093135.data
290.0 250.0 17 25.537859030837005 0cd9414a_20240820_093159.data
290.0 270.0 17 25.656118942731283 0cd9414a_20240820_093223.data
270.0 270.0 17 25.537859030837005 0cd9414a_20240820_093247.data
250.0 270.0 17 25.419136563876656 0cd9414a_20240820_093311.data
230.0 270.0 17 25.537859030837005 0cd9414a_20240820_093335.data
210.0 270.0 17 25.537859030837005 0cd9414a_20240820_093359.data
190.0 270.0 17 25.537859030837005 0cd9414a_20240820_093423.data
170.0 270.0 17 25.419136563876656 0cd9414a_20240820_093447.data
150.0 270.0 17 25.537859030837005 0cd9414a_20240820_093511.data
130.0 270.0 17 25.656118942731283 0cd9414a_20240820_093535.data
110.0 270.0 17 25.299982378854633 0cd9414a_20240820_093559.data
90.0 270.0 17 25.537859030837005 0cd9414a_20240820_093623.data
70.0 270.0 17 25.419136563876656 0cd9414a_20240820_093647.data
50.0 270.0 17 25.537859030837005 0cd9414a_20240820_093711.data
30.0 270.0 17 25.537859030837005 0cd9414a_20240820_093735.data
10.0 270.0 17 25.537859030837005 0cd9414a_20240820_093759.data
10.0 290.0 17 25.537859030837005 0cd9414a_20240820_093823.data
30.0 290.0 17 25.537859030837005 0cd9414a_20240820_093847.data
50.0 290.0 17 25.299982378854633 0cd9414a_20240820_093911.data
70.0 290.0 17 25.537859030837005 0cd9414a_20240820_093935.data
90.0 290.0 17 25.537859030837005 0cd9414a_20240820_093959.data
110.0 290.0 17 25.537859030837005 0cd9414a_20240820_094023.data
130.0 290.0 17 25.419136563876656 0cd9414a_20240820_094047.data
150.0 290.0 17 25.656118942731283 0cd9414a_20240820_094111.data
170.0 290.0 17 25.537859030837005 0cd9414a_20240820_094135.data
190.0 290.0 17 25.419136563876656 0cd9414a_20240820_094159.data
210.0 290.0 17 25.656118942731283 0cd9414a_20240820_094224.data
230.0 290.0 17 25.537859030837005 0cd9414a_20240820_094248.data
250.0 290.0 17 25.299982378854633 0cd9414a_20240820_094312.data
270.0 290.0 17 25.537859030837005 0cd9414a_20240820_094336.data
290.0 290.0 17 25.180334801762115 0cd9414a_20240820_094400.data
290.0 310.0 17 25.537859030837005 0cd9414a_20240820_094424.data
270.0 310.0 17 25.180334801762115 0cd9414a_20240820_094448.data
250.0 310.0 17 25.537859030837005 0cd9414a_20240820_094512.data
230.0 310.0 17 25.656118942731283 0cd9414a_20240820_094536.data
210.0 310.0 17 25.656118942731283 0cd9414a_20240820_094600.data
190.0 310.0 17 -1 0cd9414a_20240820_094624.data
170.0 310.0 17 25.537859030837005 0cd9414a_20240820_094648.data
150.0 310.0 17 25.537859030837005 0cd9414a_20240820_094712.data
130.0 310.0 17 -1 0cd9414a_20240820_094736.data
110.0 310.0 17 25.419136563876656 0cd9414a_20240820_094800.data
90.0 310.0 17 25.419136563876656 0cd9414a_20240820_094824.data
70.0 310.0 17 25.180334801762115 0cd9414a_20240820_094848.data
50.0 310.0 17 25.299982378854633 0cd9414a_20240820_094912.data
30.0 310.0 17 25.299982378854633 0cd9414a_20240820_094936.data
10.0 310.0 17 25.299982378854633 0cd9414a_20240820_095000.data
10.0 330.0 17 -1 0cd9414a_20240820_095024.data
30.0 330.0 17 25.299982378854633 0cd9414a_20240820_095048.data
50.0 330.0 17 25.299982378854633 0cd9414a_20240820_095112.data
70.0 330.0 17 25.299982378854633 0cd9414a_20240820_095136.data
90.0 330.0 17 25.30220264317181 0cd9414a_20240820_095200.data
110.0 330.0 17 25.06022466960353 0cd9414a_20240820_095224.data
130.0 330.0 17 25.06022466960353 0cd9414a_20240820_095248.data
150.0 330.0 17 25.180334801762115 0cd9414a_20240820_095312.data
170.0 330.0 17 25.180334801762115 0cd9414a_20240820_095336.data
190.0 330.0 17 25.180334801762115 0cd9414a_20240820_095400.data
210.0 330.0 17 25.06022466960353 0cd9414a_20240820_095424.data
230.0 330.0 17 25.06022466960353 0cd9414a_20240820_095448.data
250.0 330.0 17 25.180334801762115 0cd9414a_20240820_095512.data
270.0 330.0 17 25.06022466960353 0cd9414a_20240820_095536.data
290.0 330.0 17 25.06022466960353 0cd9414a_20240820_095600.data
10.0 350.0 17 25.180334801762115 0cd9414a_20240820_100109.data
30.0 350.0 17 25.06022466960353 0cd9414a_20240820_100133.data
50.0 350.0 17 25.06022466960353 0cd9414a_20240820_100157.data
70.0 350.0 17 25.06022466960353 0cd9414a_20240820_100221.data
90.0 350.0 17 25.06022466960353 0cd9414a_20240820_100245.data
110.0 350.0 17 25.180334801762115 0cd9414a_20240820_100309.data
130.0 350.0 17 25.06022466960353 0cd9414a_20240820_100333.data
150.0 350.0 17 25.06022466960353 0cd9414a_20240820_100357.data
170.0 350.0 17 25.06022466960353 0cd9414a_20240820_100421.data
190.0 350.0 17 25.06022466960353 0cd9414a_20240820_100445.data
210.0 350.0 17 25.180334801762115 0cd9414a_20240820_100509.data
230.0 350.0 17 25.06022466960353 0cd9414a_20240820_100533.data
250.0 350.0 17 25.180334801762115 0cd9414a_20240820_100557.data
270.0 350.0 17 25.06022466960353 0cd9414a_20240820_100621.data
290.0 350.0 17 25.06022466960353 0cd9414a_20240820_100645.data
290.0 370.0 17 25.06022466960353 0cd9414a_20240820_100710.data
270.0 370.0 17 25.180334801762115 0cd9414a_20240820_100734.data
250.0 370.0 17 25.06022466960353 0cd9414a_20240820_100758.data
230.0 370.0 17 25.06022466960353 0cd9414a_20240820_100822.data
210.0 370.0 17 25.06022466960353 0cd9414a_20240820_100846.data
190.0 370.0 17 25.180334801762115 0cd9414a_20240820_100910.data
170.0 370.0 17 24.948500000000003 0cd9414a_20240820_100934.data
150.0 370.0 17 25.06022466960353 0cd9414a_20240820_100958.data
130.0 370.0 17 25.06022466960353 0cd9414a_20240820_101022.data
110.0 370.0 17 25.06022466960353 0cd9414a_20240820_101046.data
90.0 370.0 17 25.06022466960353 0cd9414a_20240820_101110.data
70.0 370.0 17 25.06022466960353 0cd9414a_20240820_101134.data
50.0 370.0 17 25.06022466960353 0cd9414a_20240820_101158.data
30.0 370.0 17 25.06022466960353 0cd9414a_20240820_101222.data
10.0 370.0 17 25.06022466960353 0cd9414a_20240820_101246.data
10.0 390.0 17 25.180334801762115 0cd9414a_20240820_101310.data
30.0 390.0 17 25.06022466960353 0cd9414a_20240820_101334.data
50.0 390.0 17 25.06022466960353 0cd9414a_20240820_101358.data
70.0 390.0 17 25.06022466960353 0cd9414a_20240820_101422.data
90.0 390.0 17 25.06022466960353 0cd9414a_20240820_101446.data
110.0 390.0 17 25.06022466960353 0cd9414a_20240820_101510.data
130.0 390.0 17 25.06022466960353 0cd9414a_20240820_101534.data
150.0 390.0 17 25.06022466960353 0cd9414a_20240820_101558.data
170.0 390.0 17 25.06022466960353 0cd9414a_20240820_101622.data
190.0 390.0 17 25.06022466960353 0cd9414a_20240820_101646.data
210.0 390.0 17 25.06022466960353 0cd9414a_20240820_101710.data
230.0 390.0 17 25.06022466960353 0cd9414a_20240820_101734.data
250.0 390.0 17 25.06022466960353 0cd9414a_20240820_101758.data
270.0 390.0 17 25.06022466960353 0cd9414a_20240820_101822.data
290.0 390.0 17 25.06022466960353 0cd9414a_20240820_101846.data
290.0 410.0 17 24.948500000000003 0cd9414a_20240820_101910.data
270.0 410.0 17 25.06022466960353 0cd9414a_20240820_101934.data
250.0 410.0 17 25.06022466960353 0cd9414a_20240820_101958.data
230.0 410.0 17 25.06022466960353 0cd9414a_20240820_102022.data
210.0 410.0 17 25.06022466960353 0cd9414a_20240820_102046.data
190.0 410.0 17 25.06022466960353 0cd9414a_20240820_102110.data
170.0 410.0 17 25.180334801762115 0cd9414a_20240820_102134.data
150.0 410.0 17 25.06022466960353 0cd9414a_20240820_102158.data
130.0 410.0 17 25.06022466960353 0cd9414a_20240820_102222.data
110.0 410.0 17 25.06022466960353 0cd9414a_20240820_102246.data
90.0 410.0 17 25.06022466960353 0cd9414a_20240820_102310.data
70.0 410.0 17 25.06022466960353 0cd9414a_20240820_102334.data
50.0 410.0 17 25.06022466960353 0cd9414a_20240820_102358.data
30.0 410.0 17 25.06022466960353 0cd9414a_20240820_102422.data
10.0 410.0 17 25.06022466960353 0cd9414a_20240820_102446.data
10.0 430.0 17 25.06022466960353 0cd9414a_20240820_102510.data
30.0 430.0 17 25.06022466960353 0cd9414a_20240820_102534.data
50.0 430.0 17 25.06022466960353 0cd9414a_20240820_102558.data
70.0 430.0 17 25.06022466960353 0cd9414a_20240820_102622.data
90.0 430.0 17 25.06022466960353 0cd9414a_20240820_102646.data
110.0 430.0 17 25.06022466960353 0cd9414a_20240820_102710.data
130.0 430.0 17 25.06022466960353 0cd9414a_20240820_102734.data
150.0 430.0 17 25.06022466960353 0cd9414a_20240820_102758.data
170.0 430.0 17 25.06022466960353 0cd9414a_20240820_102822.data
190.0 430.0 17 25.06022466960353 0cd9414a_20240820_102846.data
210.0 430.0 17 25.06022466960353 0cd9414a_20240820_102910.data
230.0 430.0 17 25.06022466960353 0cd9414a_20240820_102934.data
250.0 430.0 17 25.180334801762115 0cd9414a_20240820_102958.data
270.0 430.0 17 24.948500000000003 0cd9414a_20240820_103022.data
290.0 430.0 17 25.06022466960353 0cd9414a_20240820_103046.data
290.0 450.0 17 25.06022466960353 0cd9414a_20240820_103110.data
270.0 450.0 17 25.06022466960353 0cd9414a_20240820_103134.data
250.0 450.0 17 25.06022466960353 0cd9414a_20240820_103158.data
230.0 450.0 17 25.06022466960353 0cd9414a_20240820_103222.data
210.0 450.0 17 25.06022466960353 0cd9414a_20240820_103246.data
190.0 450.0 17 25.06022466960353 0cd9414a_20240820_103310.data
170.0 450.0 17 25.06022466960353 0cd9414a_20240820_103334.data
150.0 450.0 17 25.06022466960353 0cd9414a_20240820_103358.data
130.0 450.0 17 25.06022466960353 0cd9414a_20240820_103422.data
110.0 450.0 17 25.06022466960353 0cd9414a_20240820_103446.data
90.0 450.0 17 25.06022466960353 0cd9414a_20240820_103510.data
70.0 450.0 17 25.06022466960353 0cd9414a_20240820_103534.data
50.0 450.0 17 25.06022466960353 0cd9414a_20240820_103558.data
30.0 450.0 17 25.06022466960353 0cd9414a_20240820_103622.data
10.0 450.0 17 25.06022466960353 0cd9414a_20240820_103646.data
10.0 470.0 17 25.06022466960353 0cd9414a_20240820_103710.data
30.0 470.0 17 25.06022466960353 0cd9414a_20240820_103734.data
50.0 470.0 17 25.06022466960353 0cd9414a_20240820_103759.data
70.0 470.0 17 25.06022466960353 0cd9414a_20240820_103823.data
90.0 470.0 17 25.06022466960353 0cd9414a_20240820_103847.data
110.0 470.0 17 25.06022466960353 0cd9414a_20240820_103911.data
130.0 470.0 17 25.06022466960353 0cd9414a_20240820_103935.data
150.0 470.0 17 25.06022466960353 0cd9414a_20240820_103959.data
170.0 470.0 17 25.06022466960353 0cd9414a_20240820_104023.data
190.0 470.0 17 25.06022466960353 0cd9414a_20240820_104047.data
210.0 470.0 17 25.06022466960353 0cd9414a_20240820_104111.data
230.0 470.0 17 25.06022466960353 0cd9414a_20240820_104135.data
250.0 470.0 17 25.06022466960353 0cd9414a_20240820_104159.data
270.0 470.0 17 25.06022466960353 0cd9414a_20240820_104223.data
290.0 470.0 17 25.06022466960353 0cd9414a_20240820_104247.data
