-1 -1 -1 27.709061674008815 0cd9414a_20240813_114623.data
10.0 10.0 17 27.709061674008815 0cd9414a_20240813_114702.data
30.0 10.0 17 27.598634361233486 0cd9414a_20240813_114726.data
50.0 10.0 17 27.709061674008815 0cd9414a_20240813_114750.data
70.0 10.0 17 27.81905726872247 0cd9414a_20240813_114814.data
90.0 10.0 17 27.81905726872247 0cd9414a_20240813_114838.data
110.0 10.0 17 27.487775330396477 0cd9414a_20240813_114902.data
130.0 10.0 17 27.709061674008815 0cd9414a_20240813_114926.data
150.0 10.0 17 27.709061674008815 0cd9414a_20240813_114950.data
170.0 10.0 17 27.709061674008815 0cd9414a_20240813_115014.data
190.0 10.0 17 27.598634361233486 0cd9414a_20240813_115038.data
210.0 10.0 17 27.709061674008815 0cd9414a_20240813_115102.data
230.0 10.0 17 27.709061674008815 0cd9414a_20240813_115126.data
250.0 10.0 17 27.487775330396477 0cd9414a_20240813_115150.data
270.0 10.0 17 27.487775330396477 0cd9414a_20240813_115214.data
290.0 10.0 17 27.709061674008815 0cd9414a_20240813_115238.data
290.0 30.0 17 27.81905726872247 0cd9414a_20240813_115302.data
270.0 30.0 17 27.487775330396477 0cd9414a_20240813_115326.data
250.0 30.0 17 27.709061674008815 0cd9414a_20240813_115350.data
230.0 30.0 17 27.709061674008815 0cd9414a_20240813_115414.data
210.0 30.0 17 27.709061674008815 0cd9414a_20240813_115438.data
190.0 30.0 17 27.709061674008815 0cd9414a_20240813_115502.data
170.0 30.0 17 27.598634361233486 0cd9414a_20240813_115526.data
150.0 30.0 17 27.709061674008815 0cd9414a_20240813_115550.data
130.0 30.0 17 27.709061674008815 0cd9414a_20240813_115614.data
110.0 30.0 17 27.487775330396477 0cd9414a_20240813_115638.data
90.0 30.0 17 27.709061674008815 0cd9414a_20240813_115702.data
70.0 30.0 17 27.37654625550661 0cd9414a_20240813_115726.data
50.0 30.0 17 27.598634361233486 0cd9414a_20240813_115750.data
30.0 30.0 17 27.487775330396477 0cd9414a_20240813_115814.data
10.0 30.0 17 27.709061674008815 0cd9414a_20240813_115838.data
10.0 50.0 17 27.81905726872247 0cd9414a_20240813_115902.data
30.0 50.0 17 27.598634361233486 0cd9414a_20240813_115926.data
50.0 50.0 17 27.598634361233486 0cd9414a_20240813_115950.data
70.0 50.0 17 27.487775330396477 0cd9414a_20240813_120014.data
90.0 50.0 17 27.598634361233486 0cd9414a_20240813_120038.data
110.0 50.0 17 27.709061674008815 0cd9414a_20240813_120102.data
130.0 50.0 17 27.487775330396477 0cd9414a_20240813_120126.data
150.0 50.0 17 27.709061674008815 0cd9414a_20240813_120150.data
170.0 50.0 17 27.598634361233486 0cd9414a_20240813_120214.data
190.0 50.0 17 27.487775330396477 0cd9414a_20240813_120238.data
210.0 50.0 17 27.81905726872247 0cd9414a_20240813_120302.data
230.0 50.0 17 27.598634361233486 0cd9414a_20240813_120326.data
250.0 50.0 17 27.709061674008815 0cd9414a_20240813_120350.data
270.0 50.0 17 27.487775330396477 0cd9414a_20240813_120414.data
290.0 50.0 17 27.709061674008815 0cd9414a_20240813_120438.data
290.0 70.0 17 27.709061674008815 0cd9414a_20240813_120503.data
270.0 70.0 17 27.487775330396477 0cd9414a_20240813_120527.data
250.0 70.0 17 27.709061674008815 0cd9414a_20240813_120551.data
230.0 70.0 17 27.709061674008815 0cd9414a_20240813_120615.data
210.0 70.0 17 27.709061674008815 0cd9414a_20240813_120639.data
190.0 70.0 17 27.709061674008815 0cd9414a_20240813_120703.data
170.0 70.0 17 27.709061674008815 0cd9414a_20240813_120727.data
150.0 70.0 17 27.81905726872247 0cd9414a_20240813_120751.data
130.0 70.0 17 27.709061674008815 0cd9414a_20240813_120815.data
110.0 70.0 17 27.709061674008815 0cd9414a_20240813_120839.data
90.0 70.0 17 27.487775330396477 0cd9414a_20240813_120903.data
70.0 70.0 17 27.709061674008815 0cd9414a_20240813_120927.data
50.0 70.0 17 27.487775330396477 0cd9414a_20240813_120951.data
30.0 70.0 17 27.709061674008815 0cd9414a_20240813_121015.data
10.0 70.0 17 27.598634361233486 0cd9414a_20240813_121039.data
10.0 90.0 17 27.709061674008815 0cd9414a_20240813_121103.data
30.0 90.0 17 27.487775330396477 0cd9414a_20240813_121127.data
50.0 90.0 17 27.709061674008815 0cd9414a_20240813_121151.data
70.0 90.0 17 27.598634361233486 0cd9414a_20240813_121215.data
90.0 90.0 17 27.709061674008815 0cd9414a_20240813_121239.data
110.0 90.0 17 27.487775330396477 0cd9414a_20240813_121303.data
130.0 90.0 17 27.709061674008815 0cd9414a_20240813_121327.data
150.0 90.0 17 27.37654625550661 0cd9414a_20240813_121351.data
170.0 90.0 17 27.598634361233486 0cd9414a_20240813_121415.data
190.0 90.0 17 27.487775330396477 0cd9414a_20240813_121439.data
210.0 90.0 17 27.487775330396477 0cd9414a_20240813_121503.data
230.0 90.0 17 27.487775330396477 0cd9414a_20240813_121527.data
250.0 90.0 17 27.487775330396477 0cd9414a_20240813_121551.data
270.0 90.0 17 27.37654625550661 0cd9414a_20240813_121615.data
290.0 90.0 17 27.487775330396477 0cd9414a_20240813_121639.data
290.0 110.0 17 27.37654625550661 0cd9414a_20240813_121703.data
270.0 110.0 17 27.37654625550661 0cd9414a_20240813_121727.data
250.0 110.0 17 27.598634361233486 0cd9414a_20240813_121751.data
230.0 110.0 17 27.487775330396477 0cd9414a_20240813_121815.data
210.0 110.0 17 27.37654625550661 0cd9414a_20240813_121839.data
190.0 110.0 17 27.487775330396477 0cd9414a_20240813_121903.data
170.0 110.0 17 27.709061674008815 0cd9414a_20240813_121927.data
150.0 110.0 17 27.37654625550661 0cd9414a_20240813_121951.data
130.0 110.0 17 27.598634361233486 0cd9414a_20240813_122015.data
110.0 110.0 17 27.37654625550661 0cd9414a_20240813_122039.data
90.0 110.0 17 27.598634361233486 0cd9414a_20240813_122103.data
70.0 110.0 17 27.487775330396477 0cd9414a_20240813_122127.data
50.0 110.0 17 27.487775330396477 0cd9414a_20240813_122151.data
30.0 110.0 17 27.487775330396477 0cd9414a_20240813_122215.data
10.0 110.0 17 27.487775330396477 0cd9414a_20240813_122239.data
10.0 130.0 17 27.598634361233486 0cd9414a_20240813_122303.data
30.0 130.0 17 27.37654625550661 0cd9414a_20240813_122327.data
50.0 130.0 17 27.598634361233486 0cd9414a_20240813_122351.data
70.0 130.0 17 27.598634361233486 0cd9414a_20240813_122415.data
90.0 130.0 17 27.598634361233486 0cd9414a_20240813_122439.data
110.0 130.0 17 27.709061674008815 0cd9414a_20240813_122503.data
130.0 130.0 17 27.598634361233486 0cd9414a_20240813_122527.data
150.0 130.0 17 27.598634361233486 0cd9414a_20240813_122551.data
170.0 130.0 17 27.37654625550661 0cd9414a_20240813_122615.data
190.0 130.0 17 27.598634361233486 0cd9414a_20240813_122639.data
210.0 130.0 17 27.37654625550661 0cd9414a_20240813_122703.data
230.0 130.0 17 27.487775330396477 0cd9414a_20240813_122727.data
250.0 130.0 17 27.709061674008815 0cd9414a_20240813_122751.data
270.0 130.0 17 27.598634361233486 0cd9414a_20240813_122815.data
290.0 130.0 17 27.709061674008815 0cd9414a_20240813_122839.data
290.0 150.0 17 27.487775330396477 0cd9414a_20240813_122903.data
270.0 150.0 17 27.709061674008815 0cd9414a_20240813_122927.data
250.0 150.0 17 27.37654625550661 0cd9414a_20240813_122951.data
230.0 150.0 17 27.709061674008815 0cd9414a_20240813_123015.data
210.0 150.0 17 27.37654625550661 0cd9414a_20240813_123039.data
190.0 150.0 17 27.709061674008815 0cd9414a_20240813_123103.data
170.0 150.0 17 27.37654625550661 0cd9414a_20240813_123127.data
150.0 150.0 17 27.709061674008815 0cd9414a_20240813_123151.data
130.0 150.0 17 27.709061674008815 0cd9414a_20240813_123215.data
110.0 150.0 17 27.709061674008815 0cd9414a_20240813_123239.data
90.0 150.0 17 27.709061674008815 0cd9414a_20240813_123303.data
70.0 150.0 17 27.37654625550661 0cd9414a_20240813_123327.data
50.0 150.0 17 27.709061674008815 0cd9414a_20240813_123351.data
30.0 150.0 17 27.37654625550661 0cd9414a_20240813_123415.data
10.0 150.0 17 27.709061674008815 0cd9414a_20240813_123439.data
10.0 170.0 17 27.37654625550661 0cd9414a_20240813_123503.data
30.0 170.0 17 27.709061674008815 0cd9414a_20240813_123527.data
50.0 170.0 17 27.598634361233486 0cd9414a_20240813_123551.data
70.0 170.0 17 27.709061674008815 0cd9414a_20240813_123615.data
90.0 170.0 17 27.709061674008815 0cd9414a_20240813_123639.data
110.0 170.0 17 27.37654625550661 0cd9414a_20240813_123703.data
130.0 170.0 17 27.598634361233486 0cd9414a_20240813_123727.data
150.0 170.0 17 27.598634361233486 0cd9414a_20240813_123751.data
170.0 170.0 17 27.709061674008815 0cd9414a_20240813_123815.data
190.0 170.0 17 27.709061674008815 0cd9414a_20240813_123839.data
210.0 170.0 17 27.487775330396477 0cd9414a_20240813_123903.data
230.0 170.0 17 27.709061674008815 0cd9414a_20240813_123927.data
250.0 170.0 17 27.487775330396477 0cd9414a_20240813_123951.data
270.0 170.0 17 27.709061674008815 0cd9414a_20240813_124015.data
290.0 170.0 17 27.37654625550661 0cd9414a_20240813_124039.data
290.0 190.0 17 27.709061674008815 0cd9414a_20240813_124103.data
270.0 190.0 17 27.487775330396477 0cd9414a_20240813_124127.data
250.0 190.0 17 27.709061674008815 0cd9414a_20240813_124152.data
230.0 190.0 17 27.709061674008815 0cd9414a_20240813_124215.data
210.0 190.0 17 27.709061674008815 0cd9414a_20240813_124240.data
190.0 190.0 17 27.709061674008815 0cd9414a_20240813_124304.data
170.0 190.0 17 27.598634361233486 0cd9414a_20240813_124328.data
150.0 190.0 17 27.709061674008815 0cd9414a_20240813_124352.data
130.0 190.0 17 27.487775330396477 0cd9414a_20240813_124416.data
110.0 190.0 17 27.487775330396477 0cd9414a_20240813_124440.data
90.0 190.0 17 27.37654625550661 0cd9414a_20240813_124504.data
70.0 190.0 17 27.709061674008815 0cd9414a_20240813_124528.data
50.0 190.0 17 27.37654625550661 0cd9414a_20240813_124552.data
30.0 190.0 17 27.709061674008815 0cd9414a_20240813_124616.data
10.0 190.0 17 27.598634361233486 0cd9414a_20240813_124640.data
10.0 210.0 17 27.709061674008815 0cd9414a_20240813_124704.data
30.0 210.0 17 27.709061674008815 0cd9414a_20240813_124728.data
50.0 210.0 17 27.598634361233486 0cd9414a_20240813_124752.data
70.0 210.0 17 27.709061674008815 0cd9414a_20240813_124816.data
90.0 210.0 17 27.487775330396477 0cd9414a_20240813_124840.data
110.0 210.0 17 27.709061674008815 0cd9414a_20240813_124904.data
130.0 210.0 17 27.487775330396477 0cd9414a_20240813_124928.data
150.0 210.0 17 27.709061674008815 0cd9414a_20240813_124952.data
170.0 210.0 17 27.487775330396477 0cd9414a_20240813_125016.data
190.0 210.0 17 27.709061674008815 0cd9414a_20240813_125040.data
210.0 210.0 17 27.709061674008815 0cd9414a_20240813_125104.data
230.0 210.0 17 27.709061674008815 0cd9414a_20240813_125128.data
250.0 210.0 17 27.709061674008815 0cd9414a_20240813_125152.data
270.0 210.0 17 27.37654625550661 0cd9414a_20240813_125216.data
290.0 210.0 17 27.709061674008815 0cd9414a_20240813_125240.data
290.0 230.0 17 27.487775330396477 0cd9414a_20240813_125304.data
270.0 230.0 17 27.709061674008815 0cd9414a_20240813_125328.data
250.0 230.0 17 27.37654625550661 0cd9414a_20240813_125352.data
230.0 230.0 17 27.709061674008815 0cd9414a_20240813_125416.data
210.0 230.0 17 27.709061674008815 0cd9414a_20240813_125440.data
190.0 230.0 17 27.709061674008815 0cd9414a_20240813_125504.data
170.0 230.0 17 27.598634361233486 0cd9414a_20240813_125528.data
150.0 230.0 17 27.487775330396477 0cd9414a_20240813_125552.data
130.0 230.0 17 27.709061674008815 0cd9414a_20240813_125616.data
110.0 230.0 17 27.487775330396477 0cd9414a_20240813_125640.data
90.0 230.0 17 27.709061674008815 0cd9414a_20240813_125704.data
70.0 230.0 17 27.487775330396477 0cd9414a_20240813_125728.data
50.0 230.0 17 27.598634361233486 0cd9414a_20240813_125752.data
30.0 230.0 17 27.37654625550661 0cd9414a_20240813_125816.data
10.0 230.0 17 27.709061674008815 0cd9414a_20240813_125840.data
10.0 250.0 17 27.487775330396477 0cd9414a_20240813_125904.data
30.0 250.0 17 27.598634361233486 0cd9414a_20240813_125928.data
50.0 250.0 17 27.709061674008815 0cd9414a_20240813_125952.data
70.0 250.0 17 27.37654625550661 0cd9414a_20240813_130016.data
90.0 250.0 17 27.598634361233486 0cd9414a_20240813_130040.data
110.0 250.0 17 27.487775330396477 0cd9414a_20240813_130104.data
130.0 250.0 17 27.709061674008815 0cd9414a_20240813_130128.data
150.0 250.0 17 27.709061674008815 0cd9414a_20240813_130152.data
170.0 250.0 17 27.487775330396477 0cd9414a_20240813_130216.data
190.0 250.0 17 27.709061674008815 0cd9414a_20240813_130240.data
210.0 250.0 17 27.598634361233486 0cd9414a_20240813_130304.data
230.0 250.0 17 27.598634361233486 0cd9414a_20240813_130328.data
250.0 250.0 17 27.598634361233486 0cd9414a_20240813_130352.data
270.0 250.0 17 27.709061674008815 0cd9414a_20240813_130416.data
290.0 250.0 17 27.487775330396477 0cd9414a_20240813_130440.data
290.0 270.0 17 27.709061674008815 0cd9414a_20240813_130504.data
270.0 270.0 17 27.37654625550661 0cd9414a_20240813_130528.data
250.0 270.0 17 27.709061674008815 0cd9414a_20240813_130552.data
230.0 270.0 17 27.709061674008815 0cd9414a_20240813_130616.data
210.0 270.0 17 27.37654625550661 0cd9414a_20240813_130640.data
190.0 270.0 17 27.709061674008815 0cd9414a_20240813_130704.data
170.0 270.0 17 27.487775330396477 0cd9414a_20240813_130728.data
150.0 270.0 17 27.709061674008815 0cd9414a_20240813_130752.data
130.0 270.0 17 27.37654625550661 0cd9414a_20240813_130816.data
110.0 270.0 17 27.709061674008815 0cd9414a_20240813_130840.data
90.0 270.0 17 27.37654625550661 0cd9414a_20240813_130904.data
70.0 270.0 17 27.709061674008815 0cd9414a_20240813_130928.data
50.0 270.0 17 27.37654625550661 0cd9414a_20240813_130952.data
30.0 270.0 17 27.709061674008815 0cd9414a_20240813_131016.data
10.0 270.0 17 27.709061674008815 0cd9414a_20240813_131040.data
10.0 290.0 17 27.37654625550661 0cd9414a_20240813_131104.data
30.0 290.0 17 27.598634361233486 0cd9414a_20240813_131128.data
50.0 290.0 17 27.37654625550661 0cd9414a_20240813_131152.data
70.0 290.0 17 27.709061674008815 0cd9414a_20240813_131216.data
90.0 290.0 17 27.487775330396477 0cd9414a_20240813_131240.data
110.0 290.0 17 27.709061674008815 0cd9414a_20240813_131304.data
130.0 290.0 17 27.709061674008815 0cd9414a_20240813_131328.data
150.0 290.0 17 27.709061674008815 0cd9414a_20240813_131352.data
170.0 290.0 17 27.598634361233486 0cd9414a_20240813_131416.data
190.0 290.0 17 27.487775330396477 0cd9414a_20240813_131440.data
210.0 290.0 17 27.709061674008815 0cd9414a_20240813_131504.data
230.0 290.0 17 27.37654625550661 0cd9414a_20240813_131528.data
250.0 290.0 17 27.709061674008815 0cd9414a_20240813_131552.data
270.0 290.0 17 27.487775330396477 0cd9414a_20240813_131616.data
290.0 290.0 17 27.709061674008815 0cd9414a_20240813_131640.data
290.0 310.0 17 27.709061674008815 0cd9414a_20240813_131704.data
270.0 310.0 17 27.598634361233486 0cd9414a_20240813_131728.data
250.0 310.0 17 27.709061674008815 0cd9414a_20240813_131752.data
230.0 310.0 17 27.598634361233486 0cd9414a_20240813_131817.data
210.0 310.0 17 27.709061674008815 0cd9414a_20240813_131841.data
190.0 310.0 17 27.37654625550661 0cd9414a_20240813_131905.data
170.0 310.0 17 -1 0cd9414a_20240813_131929.data
150.0 310.0 17 27.709061674008815 0cd9414a_20240813_131953.data
130.0 310.0 17 27.487775330396477 0cd9414a_20240813_132017.data
110.0 310.0 17 -1 0cd9414a_20240813_132041.data
90.0 310.0 17 27.487775330396477 0cd9414a_20240813_132105.data
70.0 310.0 17 27.487775330396477 0cd9414a_20240813_132129.data
50.0 310.0 17 27.709061674008815 0cd9414a_20240813_132153.data
30.0 310.0 17 27.709061674008815 0cd9414a_20240813_132217.data
10.0 310.0 17 27.709061674008815 0cd9414a_20240813_132241.data
10.0 330.0 17 27.709061674008815 0cd9414a_20240813_132305.data
30.0 330.0 17 -1 0cd9414a_20240813_132329.data
50.0 330.0 17 27.709061674008815 0cd9414a_20240813_132353.data
70.0 330.0 17 27.487775330396477 0cd9414a_20240813_132417.data
90.0 330.0 17 27.709061674008815 0cd9414a_20240813_132441.data
110.0 330.0 17 27.37753303964758 0cd9414a_20240813_132505.data
130.0 330.0 17 27.598634361233486 0cd9414a_20240813_132529.data
150.0 330.0 17 27.709061674008815 0cd9414a_20240813_132553.data
170.0 330.0 17 27.598634361233486 0cd9414a_20240813_132617.data
190.0 330.0 17 27.598634361233486 0cd9414a_20240813_132641.data
210.0 330.0 17 27.598634361233486 0cd9414a_20240813_132705.data
230.0 330.0 17 27.598634361233486 0cd9414a_20240813_132729.data
250.0 330.0 17 27.598634361233486 0cd9414a_20240813_132753.data
270.0 330.0 17 27.598634361233486 0cd9414a_20240813_132817.data
290.0 330.0 17 27.598634361233486 0cd9414a_20240813_132841.data
10.0 350.0 17 27.598634361233486 0cd9414a_20240813_134054.data
30.0 350.0 17 27.598634361233486 0cd9414a_20240813_134118.data
50.0 350.0 17 27.598634361233486 0cd9414a_20240813_134142.data
70.0 350.0 17 27.598634361233486 0cd9414a_20240813_134206.data
90.0 350.0 17 27.598634361233486 0cd9414a_20240813_134230.data
110.0 350.0 17 27.598634361233486 0cd9414a_20240813_134254.data
130.0 350.0 17 27.598634361233486 0cd9414a_20240813_134318.data
150.0 350.0 17 27.598634361233486 0cd9414a_20240813_134342.data
170.0 350.0 17 27.598634361233486 0cd9414a_20240813_134406.data
190.0 350.0 17 27.598634361233486 0cd9414a_20240813_134430.data
210.0 350.0 17 27.598634361233486 0cd9414a_20240813_134454.data
230.0 350.0 17 27.709061674008815 0cd9414a_20240813_134518.data
250.0 350.0 17 27.598634361233486 0cd9414a_20240813_134542.data
270.0 350.0 17 27.709061674008815 0cd9414a_20240813_134606.data
290.0 350.0 17 27.598634361233486 0cd9414a_20240813_134630.data
290.0 370.0 17 27.598634361233486 0cd9414a_20240813_134654.data
270.0 370.0 17 27.598634361233486 0cd9414a_20240813_134718.data
250.0 370.0 17 27.709061674008815 0cd9414a_20240813_134742.data
230.0 370.0 17 27.709061674008815 0cd9414a_20240813_134806.data
210.0 370.0 17 27.598634361233486 0cd9414a_20240813_134830.data
190.0 370.0 17 27.598634361233486 0cd9414a_20240813_134854.data
170.0 370.0 17 27.598634361233486 0cd9414a_20240813_134918.data
150.0 370.0 17 27.598634361233486 0cd9414a_20240813_134942.data
130.0 370.0 17 27.598634361233486 0cd9414a_20240813_135006.data
110.0 370.0 17 27.598634361233486 0cd9414a_20240813_135030.data
90.0 370.0 17 27.598634361233486 0cd9414a_20240813_135054.data
70.0 370.0 17 27.598634361233486 0cd9414a_20240813_135118.data
50.0 370.0 17 27.709061674008815 0cd9414a_20240813_135142.data
30.0 370.0 17 27.487775330396477 0cd9414a_20240813_135206.data
10.0 370.0 17 27.598634361233486 0cd9414a_20240813_135230.data
10.0 390.0 17 27.598634361233486 0cd9414a_20240813_135254.data
30.0 390.0 17 27.598634361233486 0cd9414a_20240813_135318.data
50.0 390.0 17 27.598634361233486 0cd9414a_20240813_135342.data
70.0 390.0 17 27.598634361233486 0cd9414a_20240813_135406.data
90.0 390.0 17 27.598634361233486 0cd9414a_20240813_135430.data
110.0 390.0 17 27.598634361233486 0cd9414a_20240813_135454.data
130.0 390.0 17 27.598634361233486 0cd9414a_20240813_135518.data
150.0 390.0 17 27.598634361233486 0cd9414a_20240813_135542.data
170.0 390.0 17 27.709061674008815 0cd9414a_20240813_135606.data
190.0 390.0 17 27.598634361233486 0cd9414a_20240813_135630.data
210.0 390.0 17 27.598634361233486 0cd9414a_20240813_135654.data
230.0 390.0 17 27.598634361233486 0cd9414a_20240813_135718.data
250.0 390.0 17 27.598634361233486 0cd9414a_20240813_135742.data
270.0 390.0 17 27.598634361233486 0cd9414a_20240813_135806.data
290.0 390.0 17 27.709061674008815 0cd9414a_20240813_135830.data
290.0 410.0 17 27.709061674008815 0cd9414a_20240813_135854.data
270.0 410.0 17 27.598634361233486 0cd9414a_20240813_135918.data
250.0 410.0 17 27.598634361233486 0cd9414a_20240813_135942.data
230.0 410.0 17 27.598634361233486 0cd9414a_20240813_140006.data
210.0 410.0 17 27.598634361233486 0cd9414a_20240813_140030.data
190.0 410.0 17 27.598634361233486 0cd9414a_20240813_140054.data
170.0 410.0 17 27.598634361233486 0cd9414a_20240813_140118.data
150.0 410.0 17 27.598634361233486 0cd9414a_20240813_140142.data
130.0 410.0 17 27.598634361233486 0cd9414a_20240813_140206.data
110.0 410.0 17 27.598634361233486 0cd9414a_20240813_140230.data
90.0 410.0 17 27.598634361233486 0cd9414a_20240813_140254.data
70.0 410.0 17 27.598634361233486 0cd9414a_20240813_140318.data
50.0 410.0 17 27.598634361233486 0cd9414a_20240813_140342.data
30.0 410.0 17 27.598634361233486 0cd9414a_20240813_140406.data
10.0 410.0 17 27.598634361233486 0cd9414a_20240813_140430.data
10.0 430.0 17 27.598634361233486 0cd9414a_20240813_140455.data
30.0 430.0 17 27.598634361233486 0cd9414a_20240813_140519.data
50.0 430.0 17 27.598634361233486 0cd9414a_20240813_140543.data
70.0 430.0 17 27.598634361233486 0cd9414a_20240813_140607.data
90.0 430.0 17 27.598634361233486 0cd9414a_20240813_140631.data
110.0 430.0 17 27.598634361233486 0cd9414a_20240813_140655.data
130.0 430.0 17 27.709061674008815 0cd9414a_20240813_140719.data
150.0 430.0 17 27.598634361233486 0cd9414a_20240813_140743.data
170.0 430.0 17 27.598634361233486 0cd9414a_20240813_140743.data
190.0 430.0 17 27.598634361233486 0cd9414a_20240813_140743.data
210.0 430.0 17 27.598634361233486 0cd9414a_20240813_140743.data
230.0 430.0 17 27.598634361233486 0cd9414a_20240813_140743.data
250.0 430.0 17 27.598634361233486 0cd9414a_20240813_140743.data
270.0 430.0 17 27.598634361233486 0cd9414a_20240813_140743.data
290.0 430.0 17 27.598634361233486 0cd9414a_20240813_140743.data
290.0 450.0 17 27.598634361233486 0cd9414a_20240813_140743.data
270.0 450.0 17 27.598634361233486 0cd9414a_20240813_140743.data
250.0 450.0 17 27.598634361233486 0cd9414a_20240813_140743.data
230.0 450.0 17 27.709061674008815 0cd9414a_20240813_140743.data
210.0 450.0 17 27.709061674008815 0cd9414a_20240813_140743.data
190.0 450.0 17 27.598634361233486 0cd9414a_20240813_140743.data
170.0 450.0 17 27.709061674008815 0cd9414a_20240813_140743.data
150.0 450.0 17 27.598634361233486 0cd9414a_20240813_140743.data
130.0 450.0 17 27.598634361233486 0cd9414a_20240813_140743.data
110.0 450.0 17 27.598634361233486 0cd9414a_20240813_140743.data
90.0 450.0 17 27.598634361233486 0cd9414a_20240813_140743.data
70.0 450.0 17 27.598634361233486 0cd9414a_20240813_140743.data
50.0 450.0 17 27.598634361233486 0cd9414a_20240813_140743.data
30.0 450.0 17 27.598634361233486 0cd9414a_20240813_140743.data
10.0 450.0 17 27.598634361233486 0cd9414a_20240813_140743.data
10.0 470.0 17 27.598634361233486 0cd9414a_20240813_140743.data
30.0 470.0 17 27.598634361233486 0cd9414a_20240813_140743.data
50.0 470.0 17 27.598634361233486 0cd9414a_20240813_140743.data
70.0 470.0 17 27.598634361233486 0cd9414a_20240813_140743.data
90.0 470.0 17 27.598634361233486 0cd9414a_20240813_140743.data
110.0 470.0 17 27.598634361233486 0cd9414a_20240813_140743.data
130.0 470.0 17 27.598634361233486 0cd9414a_20240813_140743.data
150.0 470.0 17 27.709061674008815 0cd9414a_20240813_140743.data
170.0 470.0 17 27.598634361233486 0cd9414a_20240813_140743.data
190.0 470.0 17 27.598634361233486 0cd9414a_20240813_140743.data
210.0 470.0 17 27.598634361233486 0cd9414a_20240813_140743.data
230.0 470.0 17 27.709061674008815 0cd9414a_20240813_140743.data
250.0 470.0 17 27.598634361233486 0cd9414a_20240813_140743.data
270.0 470.0 17 27.709061674008815 0cd9414a_20240813_140743.data
290.0 470.0 17 27.598634361233486 0cd9414a_20240813_140743.data
