-1 -1 -1 21.64318181818182 mpd_20250314_085340.data
10.0 10.0 17 21.64318181818182 mpd_20250314_085421.data
30.0 10.0 17 21.541659090909093 mpd_20250314_085446.data
50.0 10.0 17 21.64318181818182 mpd_20250314_085511.data
70.0 10.0 17 21.64318181818182 mpd_20250314_085536.data
90.0 10.0 17 21.64318181818182 mpd_20250314_085601.data
110.0 10.0 17 21.64318181818182 mpd_20250314_085626.data
130.0 10.0 17 21.64318181818182 mpd_20250314_085651.data
150.0 10.0 17 21.64318181818182 mpd_20250314_085716.data
170.0 10.0 17 21.64318181818182 mpd_20250314_085741.data
190.0 10.0 17 21.74431818181818 mpd_20250314_085806.data
210.0 10.0 17 21.74431818181818 mpd_20250314_085831.data
230.0 10.0 17 21.541659090909093 mpd_20250314_085856.data
250.0 10.0 17 21.64318181818182 mpd_20250314_085921.data
270.0 10.0 17 21.64318181818182 mpd_20250314_085946.data
290.0 10.0 17 21.64318181818182 mpd_20250314_090011.data
290.0 30.0 17 21.64318181818182 mpd_20250314_090036.data
270.0 30.0 17 21.541659090909093 mpd_20250314_090101.data
250.0 30.0 17 21.64318181818182 mpd_20250314_090126.data
230.0 30.0 17 21.541659090909093 mpd_20250314_090151.data
210.0 30.0 17 21.64318181818182 mpd_20250314_090216.data
190.0 30.0 17 21.64318181818182 mpd_20250314_090241.data
170.0 30.0 17 21.64318181818182 mpd_20250314_090306.data
150.0 30.0 17 21.541659090909093 mpd_20250314_090331.data
130.0 30.0 17 21.64318181818182 mpd_20250314_090356.data
110.0 30.0 17 21.64318181818182 mpd_20250314_090421.data
90.0 30.0 17 21.541659090909093 mpd_20250314_090446.data
70.0 30.0 17 21.64318181818182 mpd_20250314_090511.data
50.0 30.0 17 21.64318181818182 mpd_20250314_090536.data
30.0 30.0 17 21.74431818181818 mpd_20250314_090601.data
10.0 30.0 17 21.64318181818182 mpd_20250314_090626.data
10.0 50.0 17 21.64318181818182 mpd_20250314_090651.data
30.0 50.0 17 21.64318181818182 mpd_20250314_090716.data
50.0 50.0 17 21.64318181818182 mpd_20250314_090741.data
70.0 50.0 17 21.64318181818182 mpd_20250314_090806.data
90.0 50.0 17 21.64318181818182 mpd_20250314_090831.data
110.0 50.0 17 21.64318181818182 mpd_20250314_090856.data
130.0 50.0 17 21.74431818181818 mpd_20250314_090921.data
150.0 50.0 17 21.541659090909093 mpd_20250314_090946.data
170.0 50.0 17 21.64318181818182 mpd_20250314_091011.data
190.0 50.0 17 21.64318181818182 mpd_20250314_091036.data
210.0 50.0 17 21.74431818181818 mpd_20250314_091101.data
230.0 50.0 17 21.64318181818182 mpd_20250314_091126.data
250.0 50.0 17 21.64318181818182 mpd_20250314_091151.data
270.0 50.0 17 21.541659090909093 mpd_20250314_091216.data
290.0 50.0 17 21.64318181818182 mpd_20250314_091241.data
290.0 70.0 17 21.64318181818182 mpd_20250314_091306.data
270.0 70.0 17 21.74431818181818 mpd_20250314_091331.data
250.0 70.0 17 21.74431818181818 mpd_20250314_091356.data
230.0 70.0 17 21.64318181818182 mpd_20250314_091421.data
210.0 70.0 17 21.64318181818182 mpd_20250314_091446.data
190.0 70.0 17 21.64318181818182 mpd_20250314_091511.data
170.0 70.0 17 21.64318181818182 mpd_20250314_091536.data
150.0 70.0 17 21.64318181818182 mpd_20250314_091601.data
130.0 70.0 17 21.64318181818182 mpd_20250314_091626.data
110.0 70.0 17 21.64318181818182 mpd_20250314_091651.data
90.0 70.0 17 21.74431818181818 mpd_20250314_091716.data
70.0 70.0 17 21.64318181818182 mpd_20250314_091741.data
50.0 70.0 17 21.64318181818182 mpd_20250314_091806.data
30.0 70.0 17 21.541659090909093 mpd_20250314_091831.data
10.0 70.0 17 21.64318181818182 mpd_20250314_091856.data
10.0 90.0 17 21.64318181818182 mpd_20250314_091922.data
30.0 90.0 17 21.64318181818182 mpd_20250314_091947.data
50.0 90.0 17 21.64318181818182 mpd_20250314_092012.data
70.0 90.0 17 21.64318181818182 mpd_20250314_092037.data
90.0 90.0 17 21.64318181818182 mpd_20250314_092102.data
110.0 90.0 17 21.64318181818182 mpd_20250314_092127.data
130.0 90.0 17 21.64318181818182 mpd_20250314_092152.data
150.0 90.0 17 21.64318181818182 mpd_20250314_092217.data
170.0 90.0 17 21.64318181818182 mpd_20250314_092242.data
190.0 90.0 17 21.74431818181818 mpd_20250314_092307.data
210.0 90.0 17 21.64318181818182 mpd_20250314_092332.data
230.0 90.0 17 21.64318181818182 mpd_20250314_092357.data
250.0 90.0 17 21.64318181818182 mpd_20250314_092422.data
270.0 90.0 17 21.64318181818182 mpd_20250314_092447.data
290.0 90.0 17 21.74431818181818 mpd_20250314_092512.data
290.0 110.0 17 21.541659090909093 mpd_20250314_092537.data
270.0 110.0 17 21.64318181818182 mpd_20250314_092602.data
250.0 110.0 17 21.64318181818182 mpd_20250314_092627.data
230.0 110.0 17 21.74431818181818 mpd_20250314_092652.data
210.0 110.0 17 21.74431818181818 mpd_20250314_092717.data
190.0 110.0 17 21.64318181818182 mpd_20250314_092742.data
170.0 110.0 17 21.64318181818182 mpd_20250314_092807.data
150.0 110.0 17 21.64318181818182 mpd_20250314_092832.data
130.0 110.0 17 21.64318181818182 mpd_20250314_092857.data
110.0 110.0 17 21.64318181818182 mpd_20250314_092922.data
90.0 110.0 17 21.64318181818182 mpd_20250314_092947.data
70.0 110.0 17 21.74431818181818 mpd_20250314_093012.data
50.0 110.0 17 21.74431818181818 mpd_20250314_093037.data
30.0 110.0 17 21.64318181818182 mpd_20250314_093102.data
10.0 110.0 17 21.74431818181818 mpd_20250314_093127.data
10.0 130.0 17 21.74431818181818 mpd_20250314_093152.data
30.0 130.0 17 21.64318181818182 mpd_20250314_093217.data
50.0 130.0 17 21.64318181818182 mpd_20250314_093242.data
70.0 130.0 17 21.64318181818182 mpd_20250314_093307.data
90.0 130.0 17 21.64318181818182 mpd_20250314_093332.data
110.0 130.0 17 21.64318181818182 mpd_20250314_093357.data
130.0 130.0 17 21.64318181818182 mpd_20250314_093422.data
150.0 130.0 17 21.64318181818182 mpd_20250314_093447.data
170.0 130.0 17 21.74431818181818 mpd_20250314_093512.data
190.0 130.0 17 21.64318181818182 mpd_20250314_093537.data
210.0 130.0 17 21.64318181818182 mpd_20250314_093602.data
230.0 130.0 17 21.64318181818182 mpd_20250314_093627.data
250.0 130.0 17 21.74431818181818 mpd_20250314_093652.data
270.0 130.0 17 21.74431818181818 mpd_20250314_093717.data
290.0 130.0 17 21.64318181818182 mpd_20250314_093742.data
290.0 150.0 17 21.64318181818182 mpd_20250314_093807.data
270.0 150.0 17 21.945295454545455 mpd_20250314_093832.data
250.0 150.0 17 21.64318181818182 mpd_20250314_093857.data
230.0 150.0 17 21.64318181818182 mpd_20250314_093922.data
210.0 150.0 17 21.64318181818182 mpd_20250314_093947.data
190.0 150.0 17 21.541659090909093 mpd_20250314_094012.data
170.0 150.0 17 21.64318181818182 mpd_20250314_094037.data
150.0 150.0 17 21.74431818181818 mpd_20250314_094102.data
130.0 150.0 17 21.74431818181818 mpd_20250314_094127.data
110.0 150.0 17 21.64318181818182 mpd_20250314_094152.data
90.0 150.0 17 21.64318181818182 mpd_20250314_094218.data
70.0 150.0 17 21.74431818181818 mpd_20250314_094243.data
50.0 150.0 17 21.74431818181818 mpd_20250314_094308.data
30.0 150.0 17 21.74431818181818 mpd_20250314_094333.data
10.0 150.0 17 21.74431818181818 mpd_20250314_094358.data
10.0 170.0 17 21.64318181818182 mpd_20250314_094423.data
30.0 170.0 17 21.74431818181818 mpd_20250314_094448.data
50.0 170.0 17 21.64318181818182 mpd_20250314_094513.data
70.0 170.0 17 21.64318181818182 mpd_20250314_094538.data
90.0 170.0 17 21.74431818181818 mpd_20250314_094603.data
110.0 170.0 17 21.845022727272724 mpd_20250314_094628.data
130.0 170.0 17 21.74431818181818 mpd_20250314_094653.data
150.0 170.0 17 21.64318181818182 mpd_20250314_094718.data
170.0 170.0 17 21.64318181818182 mpd_20250314_094743.data
190.0 170.0 17 21.64318181818182 mpd_20250314_094808.data
210.0 170.0 17 21.64318181818182 mpd_20250314_094833.data
230.0 170.0 17 21.64318181818182 mpd_20250314_094858.data
250.0 170.0 17 21.74431818181818 mpd_20250314_094923.data
270.0 170.0 17 21.64318181818182 mpd_20250314_094948.data
290.0 170.0 17 21.74431818181818 mpd_20250314_095013.data
290.0 190.0 17 21.74431818181818 mpd_20250314_095038.data
270.0 190.0 17 21.74431818181818 mpd_20250314_095103.data
250.0 190.0 17 21.74431818181818 mpd_20250314_095128.data
230.0 190.0 17 21.64318181818182 mpd_20250314_095153.data
210.0 190.0 17 21.64318181818182 mpd_20250314_095218.data
190.0 190.0 17 21.64318181818182 mpd_20250314_095243.data
170.0 190.0 17 21.64318181818182 mpd_20250314_095308.data
150.0 190.0 17 21.74431818181818 mpd_20250314_095333.data
130.0 190.0 17 21.74431818181818 mpd_20250314_095358.data
110.0 190.0 17 21.74431818181818 mpd_20250314_095423.data
90.0 190.0 17 21.74431818181818 mpd_20250314_095448.data
70.0 190.0 17 21.64318181818182 mpd_20250314_095513.data
50.0 190.0 17 21.64318181818182 mpd_20250314_095538.data
30.0 190.0 17 21.74431818181818 mpd_20250314_095603.data
10.0 190.0 17 21.74431818181818 mpd_20250314_095628.data
10.0 210.0 17 21.74431818181818 mpd_20250314_095653.data
30.0 210.0 17 21.74431818181818 mpd_20250314_095718.data
50.0 210.0 17 21.74431818181818 mpd_20250314_095743.data
70.0 210.0 17 21.74431818181818 mpd_20250314_095808.data
90.0 210.0 17 21.74431818181818 mpd_20250314_095833.data
110.0 210.0 17 21.945295454545455 mpd_20250314_095858.data
130.0 210.0 17 21.74431818181818 mpd_20250314_095923.data
150.0 210.0 17 21.74431818181818 mpd_20250314_095948.data
170.0 210.0 17 21.64318181818182 mpd_20250314_100013.data
190.0 210.0 17 21.64318181818182 mpd_20250314_100038.data
210.0 210.0 17 21.74431818181818 mpd_20250314_100103.data
230.0 210.0 17 21.74431818181818 mpd_20250314_100128.data
250.0 210.0 17 21.64318181818182 mpd_20250314_100153.data
270.0 210.0 17 21.64318181818182 mpd_20250314_100218.data
290.0 210.0 17 21.74431818181818 mpd_20250314_100243.data
290.0 230.0 17 21.74431818181818 mpd_20250314_100308.data
270.0 230.0 17 21.74431818181818 mpd_20250314_100333.data
250.0 230.0 17 21.74431818181818 mpd_20250314_100358.data
230.0 230.0 17 21.74431818181818 mpd_20250314_100423.data
210.0 230.0 17 21.64318181818182 mpd_20250314_100448.data
190.0 230.0 17 21.74431818181818 mpd_20250314_100513.data
170.0 230.0 17 21.74431818181818 mpd_20250314_100538.data
150.0 230.0 17 21.64318181818182 mpd_20250314_100603.data
130.0 230.0 17 21.74431818181818 mpd_20250314_100628.data
110.0 230.0 17 21.74431818181818 mpd_20250314_100653.data
90.0 230.0 17 21.74431818181818 mpd_20250314_100719.data
70.0 230.0 17 21.64318181818182 mpd_20250314_100744.data
50.0 230.0 17 21.74431818181818 mpd_20250314_100809.data
30.0 230.0 17 21.74431818181818 mpd_20250314_100834.data
10.0 230.0 17 21.64318181818182 mpd_20250314_100859.data
10.0 250.0 17 21.64318181818182 mpd_20250314_100924.data
30.0 250.0 17 21.74431818181818 mpd_20250314_100949.data
50.0 250.0 17 21.74431818181818 mpd_20250314_101014.data
70.0 250.0 17 21.74431818181818 mpd_20250314_101039.data
90.0 250.0 17 21.74431818181818 mpd_20250314_101104.data
110.0 250.0 17 21.64318181818182 mpd_20250314_101129.data
130.0 250.0 17 21.74431818181818 mpd_20250314_101154.data
150.0 250.0 17 21.74431818181818 mpd_20250314_101219.data
170.0 250.0 17 21.74431818181818 mpd_20250314_101244.data
190.0 250.0 17 21.74431818181818 mpd_20250314_101309.data
210.0 250.0 17 21.64318181818182 mpd_20250314_101334.data
230.0 250.0 17 21.74431818181818 mpd_20250314_101359.data
250.0 250.0 17 21.64318181818182 mpd_20250314_101424.data
270.0 250.0 17 21.74431818181818 mpd_20250314_101449.data
290.0 250.0 17 21.74431818181818 mpd_20250314_101514.data
290.0 270.0 17 21.74431818181818 mpd_20250314_101539.data
270.0 270.0 17 21.74431818181818 mpd_20250314_101604.data
250.0 270.0 17 21.74431818181818 mpd_20250314_101629.data
230.0 270.0 17 21.64318181818182 mpd_20250314_101654.data
210.0 270.0 17 21.74431818181818 mpd_20250314_101719.data
190.0 270.0 17 21.541659090909093 mpd_20250314_101744.data
170.0 270.0 17 21.74431818181818 mpd_20250314_101809.data
150.0 270.0 17 -1 mpd_20250314_101834.data
130.0 270.0 17 21.74431818181818 mpd_20250314_101859.data
110.0 270.0 17 21.64318181818182 mpd_20250314_101924.data
90.0 270.0 17 -1 mpd_20250314_101949.data
70.0 270.0 17 21.74431818181818 mpd_20250314_102014.data
50.0 270.0 17 21.74431818181818 mpd_20250314_102039.data
30.0 270.0 17 -1 mpd_20250314_102104.data
10.0 270.0 17 21.74431818181818 mpd_20250314_102129.data
10.0 290.0 17 21.74431818181818 mpd_20250314_102154.data
30.0 290.0 17 -1 mpd_20250314_102219.data
50.0 290.0 17 21.74431818181818 mpd_20250314_102244.data
70.0 290.0 17 21.74431818181818 mpd_20250314_102309.data
90.0 290.0 17 -1 mpd_20250314_102334.data
110.0 290.0 17 22.15152380952381 mpd_20250314_102359.data
130.0 290.0 17 22.15152380952381 mpd_20250314_102424.data
150.0 290.0 17 22.04733333333333 mpd_20250314_102449.data
170.0 290.0 17 22.04733333333333 mpd_20250314_102514.data
190.0 290.0 17 22.15152380952381 mpd_20250314_102539.data
210.0 290.0 17 22.04733333333333 mpd_20250314_102604.data
230.0 290.0 17 22.15152380952381 mpd_20250314_102629.data
250.0 290.0 17 22.04733333333333 mpd_20250314_102654.data
270.0 290.0 17 22.04733333333333 mpd_20250314_102719.data
290.0 290.0 17 22.04733333333333 mpd_20250314_102744.data
290.0 310.0 17 22.04733333333333 mpd_20250314_102809.data
270.0 310.0 17 22.15152380952381 mpd_20250314_102834.data
250.0 310.0 17 22.15152380952381 mpd_20250314_102859.data
230.0 310.0 17 22.04733333333333 mpd_20250314_102925.data
210.0 310.0 17 22.04733333333333 mpd_20250314_102950.data
190.0 310.0 17 22.15152380952381 mpd_20250314_103015.data
170.0 310.0 17 22.04733333333333 mpd_20250314_103040.data
150.0 310.0 17 22.15152380952381 mpd_20250314_103105.data
130.0 310.0 17 22.04733333333333 mpd_20250314_103130.data
110.0 310.0 17 22.04733333333333 mpd_20250314_103155.data
90.0 310.0 17 22.04733333333333 mpd_20250314_103220.data
70.0 310.0 17 22.255285714285712 mpd_20250314_103245.data
50.0 310.0 17 22.04733333333333 mpd_20250314_103310.data
30.0 310.0 17 22.15152380952381 mpd_20250314_103335.data
10.0 310.0 17 22.04733333333333 mpd_20250314_103400.data
10.0 330.0 17 22.04733333333333 mpd_20250314_103425.data
30.0 330.0 17 22.04733333333333 mpd_20250314_103450.data
50.0 330.0 17 22.04733333333333 mpd_20250314_103515.data
70.0 330.0 17 22.04733333333333 mpd_20250314_103540.data
90.0 330.0 17 22.15152380952381 mpd_20250314_103605.data
110.0 330.0 17 22.04733333333333 mpd_20250314_103630.data
130.0 330.0 17 22.04733333333333 mpd_20250314_103655.data
150.0 330.0 17 22.04733333333333 mpd_20250314_103720.data
170.0 330.0 17 22.15152380952381 mpd_20250314_103745.data
190.0 330.0 17 22.04733333333333 mpd_20250314_103810.data
210.0 330.0 17 22.04733333333333 mpd_20250314_103835.data
230.0 330.0 17 22.04733333333333 mpd_20250314_103900.data
250.0 330.0 17 22.15152380952381 mpd_20250314_103925.data
270.0 330.0 17 22.04733333333333 mpd_20250314_103950.data
290.0 330.0 17 22.04733333333333 mpd_20250314_104015.data
10.0 350.0 17 22.04733333333333 mpd_20250314_121017.data
30.0 350.0 17 22.15152380952381 mpd_20250314_121042.data
50.0 350.0 17 22.04733333333333 mpd_20250314_121107.data
70.0 350.0 17 22.04733333333333 mpd_20250314_121132.data
90.0 350.0 17 22.04733333333333 mpd_20250314_121157.data
110.0 350.0 17 22.15152380952381 mpd_20250314_121222.data
130.0 350.0 17 22.15152380952381 mpd_20250314_121247.data
150.0 350.0 17 22.04733333333333 mpd_20250314_121312.data
170.0 350.0 17 22.04733333333333 mpd_20250314_121337.data
190.0 350.0 17 22.15152380952381 mpd_20250314_121402.data
210.0 350.0 17 22.04733333333333 mpd_20250314_121427.data
230.0 350.0 17 22.04733333333333 mpd_20250314_121452.data
250.0 350.0 17 22.04733333333333 mpd_20250314_121517.data
270.0 350.0 17 22.04733333333333 mpd_20250314_121542.data
290.0 350.0 17 22.15152380952381 mpd_20250314_121607.data
290.0 370.0 17 22.04733333333333 mpd_20250314_121632.data
270.0 370.0 17 22.15152380952381 mpd_20250314_121657.data
250.0 370.0 17 22.04733333333333 mpd_20250314_121722.data
230.0 370.0 17 22.15152380952381 mpd_20250314_121747.data
210.0 370.0 17 22.15152380952381 mpd_20250314_121812.data
190.0 370.0 17 22.04733333333333 mpd_20250314_121837.data
170.0 370.0 17 22.15152380952381 mpd_20250314_121902.data
150.0 370.0 17 22.15152380952381 mpd_20250314_121927.data
130.0 370.0 17 22.04733333333333 mpd_20250314_121952.data
110.0 370.0 17 22.15152380952381 mpd_20250314_122017.data
90.0 370.0 17 22.15152380952381 mpd_20250314_122042.data
70.0 370.0 17 22.04733333333333 mpd_20250314_122107.data
50.0 370.0 17 22.15152380952381 mpd_20250314_122132.data
30.0 370.0 17 22.15152380952381 mpd_20250314_122157.data
10.0 370.0 17 22.15152380952381 mpd_20250314_122222.data
10.0 390.0 17 22.04733333333333 mpd_20250314_122247.data
30.0 390.0 17 22.04733333333333 mpd_20250314_122312.data
50.0 390.0 17 22.04733333333333 mpd_20250314_122337.data
70.0 390.0 17 22.15152380952381 mpd_20250314_122402.data
90.0 390.0 17 22.04733333333333 mpd_20250314_122427.data
110.0 390.0 17 22.04733333333333 mpd_20250314_122452.data
130.0 390.0 17 22.04733333333333 mpd_20250314_122517.data
150.0 390.0 17 22.04733333333333 mpd_20250314_122542.data
170.0 390.0 17 22.04733333333333 mpd_20250314_122607.data
190.0 390.0 17 22.15152380952381 mpd_20250314_122632.data
210.0 390.0 17 22.04733333333333 mpd_20250314_122657.data
230.0 390.0 17 22.04733333333333 mpd_20250314_122722.data
250.0 390.0 17 22.04733333333333 mpd_20250314_122747.data
270.0 390.0 17 22.04733333333333 mpd_20250314_122812.data
290.0 390.0 17 22.15152380952381 mpd_20250314_122837.data
290.0 410.0 17 22.04733333333333 mpd_20250314_122903.data
270.0 410.0 17 22.15152380952381 mpd_20250314_122928.data
250.0 410.0 17 22.15152380952381 mpd_20250314_122953.data
230.0 410.0 17 22.15152380952381 mpd_20250314_123018.data
210.0 410.0 17 22.15152380952381 mpd_20250314_123043.data
190.0 410.0 17 22.15152380952381 mpd_20250314_123108.data
170.0 410.0 17 22.04733333333333 mpd_20250314_123133.data
150.0 410.0 17 22.04733333333333 mpd_20250314_123158.data
130.0 410.0 17 22.15152380952381 mpd_20250314_123223.data
110.0 410.0 17 22.04733333333333 mpd_20250314_123248.data
90.0 410.0 17 22.04733333333333 mpd_20250314_123313.data
70.0 410.0 17 22.15152380952381 mpd_20250314_123338.data
50.0 410.0 17 22.04733333333333 mpd_20250314_123403.data
30.0 410.0 17 22.15152380952381 mpd_20250314_123428.data
10.0 410.0 17 22.15152380952381 mpd_20250314_123453.data
10.0 430.0 17 22.04733333333333 mpd_20250314_123518.data
30.0 430.0 17 22.04733333333333 mpd_20250314_123543.data
50.0 430.0 17 22.15152380952381 mpd_20250314_123608.data
70.0 430.0 17 22.04733333333333 mpd_20250314_123633.data
90.0 430.0 17 22.15152380952381 mpd_20250314_123658.data
110.0 430.0 17 22.04733333333333 mpd_20250314_123723.data
130.0 430.0 17 22.15152380952381 mpd_20250314_123748.data
150.0 430.0 17 22.04733333333333 mpd_20250314_123813.data
170.0 430.0 17 22.04733333333333 mpd_20250314_123838.data
190.0 430.0 17 22.04733333333333 mpd_20250314_123903.data
210.0 430.0 17 22.04733333333333 mpd_20250314_123928.data
230.0 430.0 17 22.04733333333333 mpd_20250314_123953.data
250.0 430.0 17 22.04733333333333 mpd_20250314_124018.data
270.0 430.0 17 22.255285714285712 mpd_20250314_124043.data
290.0 430.0 17 22.15152380952381 mpd_20250314_124108.data
290.0 450.0 17 22.04733333333333 mpd_20250314_124133.data
270.0 450.0 17 22.04733333333333 mpd_20250314_124158.data
250.0 450.0 17 22.15152380952381 mpd_20250314_124223.data
230.0 450.0 17 22.15152380952381 mpd_20250314_124248.data
210.0 450.0 17 22.15152380952381 mpd_20250314_124313.data
190.0 450.0 17 22.04733333333333 mpd_20250314_124338.data
170.0 450.0 17 22.15152380952381 mpd_20250314_124403.data
150.0 450.0 17 22.15152380952381 mpd_20250314_124428.data
130.0 450.0 17 22.15152380952381 mpd_20250314_124453.data
110.0 450.0 17 22.04733333333333 mpd_20250314_124518.data
90.0 450.0 17 22.04733333333333 mpd_20250314_124543.data
70.0 450.0 17 21.945295454545455 mpd_20250314_124608.data
50.0 450.0 17 22.15152380952381 mpd_20250314_124633.data
30.0 450.0 17 22.04733333333333 mpd_20250314_124658.data
10.0 450.0 17 22.15152380952381 mpd_20250314_124723.data
10.0 470.0 17 22.04733333333333 mpd_20250314_124748.data
30.0 470.0 17 22.15152380952381 mpd_20250314_124813.data
50.0 470.0 17 22.15152380952381 mpd_20250314_124838.data
70.0 470.0 17 22.04733333333333 mpd_20250314_124903.data
90.0 470.0 17 22.15152380952381 mpd_20250314_124928.data
110.0 470.0 17 22.04733333333333 mpd_20250314_124953.data
130.0 470.0 17 22.15152380952381 mpd_20250314_125019.data
150.0 470.0 17 22.15152380952381 mpd_20250314_125044.data
170.0 470.0 17 22.15152380952381 mpd_20250314_125109.data
190.0 470.0 17 22.15152380952381 mpd_20250314_125134.data
210.0 470.0 17 22.04733333333333 mpd_20250314_125159.data
230.0 470.0 17 22.15152380952381 mpd_20250314_125224.data
250.0 470.0 17 22.15152380952381 mpd_20250314_125249.data
270.0 470.0 17 22.15152380952381 mpd_20250314_125314.data
290.0 470.0 17 22.15152380952381 mpd_20250314_125339.data
