-1 -1 -1 22.969809523809523 0cd9414a_20240822_115817.data
10.0 10.0 17 22.969809523809523 0cd9414a_20240822_115857.data
30.0 10.0 17 22.969809523809523 0cd9414a_20240822_115921.data
50.0 10.0 17 22.969809523809523 0cd9414a_20240822_115945.data
70.0 10.0 17 22.969809523809523 0cd9414a_20240822_120009.data
90.0 10.0 17 23.073725 0cd9414a_20240822_120033.data
110.0 10.0 17 22.969809523809523 0cd9414a_20240822_120057.data
130.0 10.0 17 22.969809523809523 0cd9414a_20240822_120121.data
150.0 10.0 17 22.969809523809523 0cd9414a_20240822_120145.data
170.0 10.0 17 22.969809523809523 0cd9414a_20240822_120209.data
190.0 10.0 17 22.969809523809523 0cd9414a_20240822_120233.data
210.0 10.0 17 22.969809523809523 0cd9414a_20240822_120257.data
230.0 10.0 17 23.178749999999997 0cd9414a_20240822_120321.data
250.0 10.0 17 22.969809523809523 0cd9414a_20240822_120345.data
270.0 10.0 17 23.073725 0cd9414a_20240822_120409.data
290.0 10.0 17 22.868976190476186 0cd9414a_20240822_120433.data
290.0 30.0 17 22.969809523809523 0cd9414a_20240822_120457.data
270.0 30.0 17 22.969809523809523 0cd9414a_20240822_120521.data
250.0 30.0 17 22.969809523809523 0cd9414a_20240822_120545.data
230.0 30.0 17 22.969809523809523 0cd9414a_20240822_120609.data
210.0 30.0 17 22.969809523809523 0cd9414a_20240822_120633.data
190.0 30.0 17 22.969809523809523 0cd9414a_20240822_120657.data
170.0 30.0 17 22.969809523809523 0cd9414a_20240822_120721.data
150.0 30.0 17 22.969809523809523 0cd9414a_20240822_120745.data
130.0 30.0 17 22.969809523809523 0cd9414a_20240822_120809.data
110.0 30.0 17 22.969809523809523 0cd9414a_20240822_120833.data
90.0 30.0 17 22.868976190476186 0cd9414a_20240822_120857.data
70.0 30.0 17 22.969809523809523 0cd9414a_20240822_120921.data
50.0 30.0 17 22.868976190476186 0cd9414a_20240822_120945.data
30.0 30.0 17 22.868976190476186 0cd9414a_20240822_121009.data
10.0 30.0 17 23.073725 0cd9414a_20240822_121033.data
10.0 50.0 17 22.969809523809523 0cd9414a_20240822_121057.data
30.0 50.0 17 22.969809523809523 0cd9414a_20240822_121121.data
50.0 50.0 17 22.969809523809523 0cd9414a_20240822_121145.data
70.0 50.0 17 22.969809523809523 0cd9414a_20240822_121209.data
90.0 50.0 17 22.969809523809523 0cd9414a_20240822_121233.data
110.0 50.0 17 22.969809523809523 0cd9414a_20240822_121257.data
130.0 50.0 17 22.969809523809523 0cd9414a_20240822_121321.data
150.0 50.0 17 22.868976190476186 0cd9414a_20240822_121345.data
170.0 50.0 17 23.178749999999997 0cd9414a_20240822_121409.data
190.0 50.0 17 23.178749999999997 0cd9414a_20240822_121433.data
210.0 50.0 17 23.073725 0cd9414a_20240822_121457.data
230.0 50.0 17 23.073725 0cd9414a_20240822_121521.data
250.0 50.0 17 23.178749999999997 0cd9414a_20240822_121545.data
270.0 50.0 17 23.073725 0cd9414a_20240822_121609.data
290.0 50.0 17 23.073725 0cd9414a_20240822_121633.data
290.0 70.0 17 23.178749999999997 0cd9414a_20240822_121657.data
270.0 70.0 17 22.969809523809523 0cd9414a_20240822_121721.data
250.0 70.0 17 23.073725 0cd9414a_20240822_121745.data
230.0 70.0 17 22.868976190476186 0cd9414a_20240822_121809.data
210.0 70.0 17 23.073725 0cd9414a_20240822_121833.data
190.0 70.0 17 22.969809523809523 0cd9414a_20240822_121857.data
170.0 70.0 17 23.073725 0cd9414a_20240822_121921.data
150.0 70.0 17 22.969809523809523 0cd9414a_20240822_121945.data
130.0 70.0 17 22.969809523809523 0cd9414a_20240822_122009.data
110.0 70.0 17 23.178749999999997 0cd9414a_20240822_122033.data
90.0 70.0 17 22.868976190476186 0cd9414a_20240822_122057.data
70.0 70.0 17 22.969809523809523 0cd9414a_20240822_122121.data
50.0 70.0 17 22.969809523809523 0cd9414a_20240822_122145.data
30.0 70.0 17 23.178749999999997 0cd9414a_20240822_122209.data
10.0 70.0 17 23.073725 0cd9414a_20240822_122233.data
10.0 90.0 17 23.178749999999997 0cd9414a_20240822_122257.data
30.0 90.0 17 22.969809523809523 0cd9414a_20240822_122321.data
50.0 90.0 17 23.073725 0cd9414a_20240822_122345.data
70.0 90.0 17 23.073725 0cd9414a_20240822_122409.data
90.0 90.0 17 22.969809523809523 0cd9414a_20240822_122433.data
110.0 90.0 17 22.969809523809523 0cd9414a_20240822_122457.data
130.0 90.0 17 22.969809523809523 0cd9414a_20240822_122521.data
150.0 90.0 17 23.073725 0cd9414a_20240822_122545.data
170.0 90.0 17 22.969809523809523 0cd9414a_20240822_122609.data
190.0 90.0 17 22.969809523809523 0cd9414a_20240822_122633.data
210.0 90.0 17 22.969809523809523 0cd9414a_20240822_122657.data
230.0 90.0 17 23.073725 0cd9414a_20240822_122721.data
250.0 90.0 17 23.073725 0cd9414a_20240822_122745.data
270.0 90.0 17 22.969809523809523 0cd9414a_20240822_122810.data
290.0 90.0 17 23.178749999999997 0cd9414a_20240822_122834.data
290.0 110.0 17 23.073725 0cd9414a_20240822_122858.data
270.0 110.0 17 22.969809523809523 0cd9414a_20240822_122922.data
250.0 110.0 17 23.178749999999997 0cd9414a_20240822_122946.data
230.0 110.0 17 23.073725 0cd9414a_20240822_123010.data
210.0 110.0 17 23.073725 0cd9414a_20240822_123034.data
190.0 110.0 17 23.073725 0cd9414a_20240822_123058.data
170.0 110.0 17 22.969809523809523 0cd9414a_20240822_123122.data
150.0 110.0 17 22.969809523809523 0cd9414a_20240822_123146.data
130.0 110.0 17 22.969809523809523 0cd9414a_20240822_123210.data
110.0 110.0 17 23.073725 0cd9414a_20240822_123234.data
90.0 110.0 17 22.969809523809523 0cd9414a_20240822_123258.data
70.0 110.0 17 23.073725 0cd9414a_20240822_123322.data
50.0 110.0 17 23.073725 0cd9414a_20240822_123346.data
30.0 110.0 17 23.073725 0cd9414a_20240822_123410.data
10.0 110.0 17 23.073725 0cd9414a_20240822_123434.data
10.0 130.0 17 22.969809523809523 0cd9414a_20240822_123458.data
30.0 130.0 17 22.969809523809523 0cd9414a_20240822_123522.data
50.0 130.0 17 23.073725 0cd9414a_20240822_123546.data
70.0 130.0 17 23.073725 0cd9414a_20240822_123610.data
90.0 130.0 17 22.969809523809523 0cd9414a_20240822_123634.data
110.0 130.0 17 23.073725 0cd9414a_20240822_123658.data
130.0 130.0 17 22.969809523809523 0cd9414a_20240822_123722.data
150.0 130.0 17 22.969809523809523 0cd9414a_20240822_123746.data
170.0 130.0 17 22.969809523809523 0cd9414a_20240822_123810.data
190.0 130.0 17 22.969809523809523 0cd9414a_20240822_123834.data
210.0 130.0 17 22.969809523809523 0cd9414a_20240822_123858.data
230.0 130.0 17 23.073725 0cd9414a_20240822_123922.data
250.0 130.0 17 22.969809523809523 0cd9414a_20240822_123946.data
270.0 130.0 17 22.868976190476186 0cd9414a_20240822_124010.data
290.0 130.0 17 23.073725 0cd9414a_20240822_124034.data
290.0 150.0 17 22.969809523809523 0cd9414a_20240822_124058.data
270.0 150.0 17 22.969809523809523 0cd9414a_20240822_124122.data
250.0 150.0 17 22.969809523809523 0cd9414a_20240822_124146.data
230.0 150.0 17 22.969809523809523 0cd9414a_20240822_124210.data
210.0 150.0 17 22.969809523809523 0cd9414a_20240822_124234.data
190.0 150.0 17 22.969809523809523 0cd9414a_20240822_124258.data
170.0 150.0 17 22.969809523809523 0cd9414a_20240822_124322.data
150.0 150.0 17 23.073725 0cd9414a_20240822_124346.data
130.0 150.0 17 22.969809523809523 0cd9414a_20240822_124410.data
110.0 150.0 17 22.969809523809523 0cd9414a_20240822_124434.data
90.0 150.0 17 23.073725 0cd9414a_20240822_124458.data
70.0 150.0 17 22.969809523809523 0cd9414a_20240822_124522.data
50.0 150.0 17 23.073725 0cd9414a_20240822_124546.data
30.0 150.0 17 22.969809523809523 0cd9414a_20240822_124610.data
10.0 150.0 17 22.969809523809523 0cd9414a_20240822_124634.data
10.0 170.0 17 22.969809523809523 0cd9414a_20240822_124658.data
30.0 170.0 17 22.969809523809523 0cd9414a_20240822_124722.data
50.0 170.0 17 22.969809523809523 0cd9414a_20240822_124746.data
70.0 170.0 17 22.969809523809523 0cd9414a_20240822_124810.data
90.0 170.0 17 22.969809523809523 0cd9414a_20240822_124834.data
110.0 170.0 17 22.969809523809523 0cd9414a_20240822_124858.data
130.0 170.0 17 23.073725 0cd9414a_20240822_124922.data
150.0 170.0 17 23.073725 0cd9414a_20240822_124946.data
170.0 170.0 17 22.969809523809523 0cd9414a_20240822_125010.data
190.0 170.0 17 23.073725 0cd9414a_20240822_125034.data
210.0 170.0 17 23.178749999999997 0cd9414a_20240822_125058.data
230.0 170.0 17 22.969809523809523 0cd9414a_20240822_125122.data
250.0 170.0 17 23.073725 0cd9414a_20240822_125146.data
270.0 170.0 17 23.283325 0cd9414a_20240822_125210.data
290.0 170.0 17 23.178749999999997 0cd9414a_20240822_125234.data
290.0 190.0 17 23.073725 0cd9414a_20240822_125258.data
270.0 190.0 17 22.868976190476186 0cd9414a_20240822_125322.data
250.0 190.0 17 22.969809523809523 0cd9414a_20240822_125346.data
230.0 190.0 17 22.969809523809523 0cd9414a_20240822_125410.data
210.0 190.0 17 22.868976190476186 0cd9414a_20240822_125434.data
190.0 190.0 17 22.969809523809523 0cd9414a_20240822_125458.data
170.0 190.0 17 23.283325 0cd9414a_20240822_125522.data
150.0 190.0 17 22.969809523809523 0cd9414a_20240822_125546.data
130.0 190.0 17 23.073725 0cd9414a_20240822_125610.data
110.0 190.0 17 22.969809523809523 0cd9414a_20240822_125634.data
90.0 190.0 17 22.969809523809523 0cd9414a_20240822_125658.data
70.0 190.0 17 22.969809523809523 0cd9414a_20240822_125722.data
50.0 190.0 17 22.969809523809523 0cd9414a_20240822_125747.data
30.0 190.0 17 22.969809523809523 0cd9414a_20240822_125811.data
10.0 190.0 17 22.969809523809523 0cd9414a_20240822_125835.data
10.0 210.0 17 22.969809523809523 0cd9414a_20240822_125859.data
30.0 210.0 17 23.073725 0cd9414a_20240822_125923.data
50.0 210.0 17 22.969809523809523 0cd9414a_20240822_125947.data
70.0 210.0 17 22.969809523809523 0cd9414a_20240822_130011.data
90.0 210.0 17 22.969809523809523 0cd9414a_20240822_130035.data
110.0 210.0 17 23.073725 0cd9414a_20240822_130059.data
130.0 210.0 17 23.073725 0cd9414a_20240822_130123.data
150.0 210.0 17 23.073725 0cd9414a_20240822_130147.data
170.0 210.0 17 22.969809523809523 0cd9414a_20240822_130211.data
190.0 210.0 17 23.073725 0cd9414a_20240822_130235.data
210.0 210.0 17 23.073725 0cd9414a_20240822_130259.data
230.0 210.0 17 22.969809523809523 0cd9414a_20240822_130323.data
250.0 210.0 17 22.969809523809523 0cd9414a_20240822_130347.data
270.0 210.0 17 22.969809523809523 0cd9414a_20240822_130411.data
290.0 210.0 17 23.073725 0cd9414a_20240822_130435.data
290.0 230.0 17 22.969809523809523 0cd9414a_20240822_130459.data
270.0 230.0 17 23.073725 0cd9414a_20240822_130523.data
250.0 230.0 17 23.073725 0cd9414a_20240822_130547.data
230.0 230.0 17 23.073725 0cd9414a_20240822_130611.data
210.0 230.0 17 23.073725 0cd9414a_20240822_130635.data
190.0 230.0 17 23.073725 0cd9414a_20240822_130659.data
170.0 230.0 17 22.969809523809523 0cd9414a_20240822_130723.data
150.0 230.0 17 23.073725 0cd9414a_20240822_130747.data
130.0 230.0 17 23.178749999999997 0cd9414a_20240822_130811.data
110.0 230.0 17 22.969809523809523 0cd9414a_20240822_130835.data
90.0 230.0 17 23.073725 0cd9414a_20240822_130859.data
70.0 230.0 17 22.969809523809523 0cd9414a_20240822_130923.data
50.0 230.0 17 23.073725 0cd9414a_20240822_130947.data
30.0 230.0 17 22.969809523809523 0cd9414a_20240822_131011.data
10.0 230.0 17 22.969809523809523 0cd9414a_20240822_131035.data
10.0 250.0 17 22.969809523809523 0cd9414a_20240822_131059.data
30.0 250.0 17 23.073725 0cd9414a_20240822_131123.data
50.0 250.0 17 23.073725 0cd9414a_20240822_131147.data
70.0 250.0 17 23.073725 0cd9414a_20240822_131211.data
90.0 250.0 17 22.969809523809523 0cd9414a_20240822_131235.data
110.0 250.0 17 23.073725 0cd9414a_20240822_131259.data
130.0 250.0 17 23.073725 0cd9414a_20240822_131323.data
150.0 250.0 17 23.073725 0cd9414a_20240822_131347.data
170.0 250.0 17 23.178749999999997 0cd9414a_20240822_131411.data
190.0 250.0 17 23.073725 0cd9414a_20240822_131435.data
210.0 250.0 17 22.969809523809523 0cd9414a_20240822_131459.data
230.0 250.0 17 23.073725 0cd9414a_20240822_131523.data
250.0 250.0 17 22.969809523809523 0cd9414a_20240822_131547.data
270.0 250.0 17 22.969809523809523 0cd9414a_20240822_131611.data
290.0 250.0 17 23.073725 0cd9414a_20240822_131635.data
290.0 270.0 17 23.073725 0cd9414a_20240822_131659.data
270.0 270.0 17 23.073725 0cd9414a_20240822_131723.data
250.0 270.0 17 22.969809523809523 0cd9414a_20240822_131747.data
230.0 270.0 17 23.073725 0cd9414a_20240822_131811.data
210.0 270.0 17 23.073725 0cd9414a_20240822_131835.data
190.0 270.0 17 23.073725 0cd9414a_20240822_131859.data
170.0 270.0 17 22.969809523809523 0cd9414a_20240822_131923.data
150.0 270.0 17 22.969809523809523 0cd9414a_20240822_131947.data
130.0 270.0 17 22.969809523809523 0cd9414a_20240822_132011.data
110.0 270.0 17 23.073725 0cd9414a_20240822_132035.data
90.0 270.0 17 23.073725 0cd9414a_20240822_132059.data
70.0 270.0 17 22.969809523809523 0cd9414a_20240822_132123.data
50.0 270.0 17 -1 0cd9414a_20240822_132147.data
30.0 270.0 17 22.969809523809523 0cd9414a_20240822_132211.data
10.0 270.0 17 23.073725 0cd9414a_20240822_132235.data
10.0 290.0 17 -1 0cd9414a_20240822_132259.data
30.0 290.0 17 22.969809523809523 0cd9414a_20240822_132323.data
50.0 290.0 17 23.178749999999997 0cd9414a_20240822_132347.data
70.0 290.0 17 -1 0cd9414a_20240822_132411.data
90.0 290.0 17 22.868976190476186 0cd9414a_20240822_132435.data
110.0 290.0 17 22.969809523809523 0cd9414a_20240822_132459.data
130.0 290.0 17 -1 0cd9414a_20240822_132523.data
150.0 290.0 17 23.073725 0cd9414a_20240822_132547.data
170.0 290.0 17 23.073725 0cd9414a_20240822_132612.data
190.0 290.0 17 -1 0cd9414a_20240822_132636.data
210.0 290.0 17 23.594575 0cd9414a_20240822_132700.data
230.0 290.0 17 23.49125 0cd9414a_20240822_132724.data
250.0 290.0 17 23.49125 0cd9414a_20240822_132748.data
270.0 290.0 17 23.3875 0cd9414a_20240822_132812.data
290.0 290.0 17 23.49125 0cd9414a_20240822_132836.data
290.0 310.0 17 23.49125 0cd9414a_20240822_132900.data
270.0 310.0 17 23.3875 0cd9414a_20240822_132924.data
250.0 310.0 17 23.49125 0cd9414a_20240822_132948.data
230.0 310.0 17 23.49125 0cd9414a_20240822_133012.data
210.0 310.0 17 23.49125 0cd9414a_20240822_133036.data
190.0 310.0 17 23.49125 0cd9414a_20240822_133100.data
170.0 310.0 17 23.594575 0cd9414a_20240822_133124.data
150.0 310.0 17 23.49125 0cd9414a_20240822_133148.data
130.0 310.0 17 23.49125 0cd9414a_20240822_133212.data
110.0 310.0 17 23.49125 0cd9414a_20240822_133236.data
90.0 310.0 17 23.49125 0cd9414a_20240822_133300.data
70.0 310.0 17 23.49125 0cd9414a_20240822_133324.data
50.0 310.0 17 23.6975 0cd9414a_20240822_133348.data
30.0 310.0 17 23.3875 0cd9414a_20240822_133412.data
10.0 310.0 17 23.49125 0cd9414a_20240822_133436.data
10.0 330.0 17 23.49125 0cd9414a_20240822_133500.data
30.0 330.0 17 23.49125 0cd9414a_20240822_133524.data
50.0 330.0 17 23.49125 0cd9414a_20240822_133548.data
70.0 330.0 17 23.594575 0cd9414a_20240822_133612.data
90.0 330.0 17 23.49125 0cd9414a_20240822_133636.data
110.0 330.0 17 23.49125 0cd9414a_20240822_133700.data
130.0 330.0 17 23.49125 0cd9414a_20240822_133724.data
150.0 330.0 17 23.49125 0cd9414a_20240822_133748.data
170.0 330.0 17 23.49125 0cd9414a_20240822_133812.data
190.0 330.0 17 23.49125 0cd9414a_20240822_133836.data
210.0 330.0 17 23.49125 0cd9414a_20240822_133900.data
230.0 330.0 17 23.594575 0cd9414a_20240822_133924.data
250.0 330.0 17 23.49125 0cd9414a_20240822_133948.data
270.0 330.0 17 23.49125 0cd9414a_20240822_134012.data
290.0 330.0 17 23.49125 0cd9414a_20240822_134036.data
10.0 350.0 17 23.49125 0cd9414a_20240822_134154.data
30.0 350.0 17 23.49125 0cd9414a_20240822_134218.data
50.0 350.0 17 23.3875 0cd9414a_20240822_134242.data
70.0 350.0 17 23.49125 0cd9414a_20240822_134306.data
90.0 350.0 17 23.49125 0cd9414a_20240822_134330.data
110.0 350.0 17 23.49125 0cd9414a_20240822_134354.data
130.0 350.0 17 23.49125 0cd9414a_20240822_134418.data
150.0 350.0 17 23.49125 0cd9414a_20240822_134442.data
170.0 350.0 17 23.49125 0cd9414a_20240822_134506.data
190.0 350.0 17 23.49125 0cd9414a_20240822_134530.data
210.0 350.0 17 23.49125 0cd9414a_20240822_134554.data
230.0 350.0 17 23.49125 0cd9414a_20240822_134618.data
250.0 350.0 17 23.49125 0cd9414a_20240822_134642.data
270.0 350.0 17 23.49125 0cd9414a_20240822_134706.data
290.0 350.0 17 23.49125 0cd9414a_20240822_134730.data
290.0 370.0 17 23.49125 0cd9414a_20240822_134754.data
270.0 370.0 17 23.6975 0cd9414a_20240822_134818.data
250.0 370.0 17 23.49125 0cd9414a_20240822_134842.data
230.0 370.0 17 23.49125 0cd9414a_20240822_134906.data
210.0 370.0 17 23.49125 0cd9414a_20240822_134930.data
190.0 370.0 17 23.49125 0cd9414a_20240822_134954.data
170.0 370.0 17 23.49125 0cd9414a_20240822_135018.data
150.0 370.0 17 23.49125 0cd9414a_20240822_135042.data
130.0 370.0 17 23.49125 0cd9414a_20240822_135106.data
110.0 370.0 17 23.594575 0cd9414a_20240822_135130.data
90.0 370.0 17 23.49125 0cd9414a_20240822_135154.data
70.0 370.0 17 23.49125 0cd9414a_20240822_135218.data
50.0 370.0 17 23.49125 0cd9414a_20240822_135242.data
30.0 370.0 17 23.49125 0cd9414a_20240822_135306.data
10.0 370.0 17 23.49125 0cd9414a_20240822_135330.data
10.0 390.0 17 23.49125 0cd9414a_20240822_135354.data
30.0 390.0 17 23.3875 0cd9414a_20240822_135418.data
50.0 390.0 17 23.49125 0cd9414a_20240822_135442.data
70.0 390.0 17 23.49125 0cd9414a_20240822_135506.data
90.0 390.0 17 23.49125 0cd9414a_20240822_135530.data
110.0 390.0 17 23.49125 0cd9414a_20240822_135554.data
130.0 390.0 17 23.49125 0cd9414a_20240822_135618.data
150.0 390.0 17 23.49125 0cd9414a_20240822_135642.data
170.0 390.0 17 23.49125 0cd9414a_20240822_135706.data
190.0 390.0 17 23.49125 0cd9414a_20240822_135730.data
210.0 390.0 17 23.49125 0cd9414a_20240822_135754.data
230.0 390.0 17 23.594575 0cd9414a_20240822_135818.data
250.0 390.0 17 23.49125 0cd9414a_20240822_135842.data
270.0 390.0 17 23.49125 0cd9414a_20240822_135906.data
290.0 390.0 17 23.49125 0cd9414a_20240822_135931.data
290.0 410.0 17 23.49125 0cd9414a_20240822_135954.data
270.0 410.0 17 23.49125 0cd9414a_20240822_140018.data
250.0 410.0 17 23.49125 0cd9414a_20240822_140043.data
230.0 410.0 17 23.6975 0cd9414a_20240822_140107.data
210.0 410.0 17 23.6975 0cd9414a_20240822_140131.data
190.0 410.0 17 23.594575 0cd9414a_20240822_140155.data
170.0 410.0 17 23.49125 0cd9414a_20240822_140219.data
150.0 410.0 17 23.49125 0cd9414a_20240822_140243.data
130.0 410.0 17 23.49125 0cd9414a_20240822_140307.data
110.0 410.0 17 23.49125 0cd9414a_20240822_140331.data
90.0 410.0 17 23.49125 0cd9414a_20240822_140355.data
70.0 410.0 17 23.6975 0cd9414a_20240822_140419.data
50.0 410.0 17 23.49125 0cd9414a_20240822_140443.data
30.0 410.0 17 23.3875 0cd9414a_20240822_140507.data
10.0 410.0 17 23.49125 0cd9414a_20240822_140531.data
10.0 430.0 17 23.49125 0cd9414a_20240822_140555.data
30.0 430.0 17 23.49125 0cd9414a_20240822_140619.data
50.0 430.0 17 23.49125 0cd9414a_20240822_140643.data
70.0 430.0 17 23.594575 0cd9414a_20240822_140707.data
90.0 430.0 17 23.49125 0cd9414a_20240822_140731.data
110.0 430.0 17 23.49125 0cd9414a_20240822_140755.data
130.0 430.0 17 23.49125 0cd9414a_20240822_140819.data
150.0 430.0 17 23.49125 0cd9414a_20240822_140843.data
170.0 430.0 17 23.49125 0cd9414a_20240822_140907.data
190.0 430.0 17 23.49125 0cd9414a_20240822_140931.data
210.0 430.0 17 23.49125 0cd9414a_20240822_140955.data
230.0 430.0 17 23.49125 0cd9414a_20240822_141019.data
250.0 430.0 17 23.49125 0cd9414a_20240822_141043.data
270.0 430.0 17 23.49125 0cd9414a_20240822_141107.data
290.0 430.0 17 23.49125 0cd9414a_20240822_141131.data
290.0 450.0 17 23.49125 0cd9414a_20240822_141155.data
270.0 450.0 17 23.49125 0cd9414a_20240822_141219.data
250.0 450.0 17 23.49125 0cd9414a_20240822_141243.data
230.0 450.0 17 23.594575 0cd9414a_20240822_141307.data
210.0 450.0 17 23.49125 0cd9414a_20240822_141331.data
190.0 450.0 17 23.49125 0cd9414a_20240822_141355.data
170.0 450.0 17 23.49125 0cd9414a_20240822_141419.data
150.0 450.0 17 23.49125 0cd9414a_20240822_141443.data
130.0 450.0 17 23.49125 0cd9414a_20240822_141507.data
110.0 450.0 17 23.49125 0cd9414a_20240822_141531.data
90.0 450.0 17 23.594575 0cd9414a_20240822_141555.data
70.0 450.0 17 23.49125 0cd9414a_20240822_141619.data
50.0 450.0 17 23.49125 0cd9414a_20240822_141643.data
30.0 450.0 17 23.49125 0cd9414a_20240822_141707.data
10.0 450.0 17 23.49125 0cd9414a_20240822_141731.data
10.0 470.0 17 23.49125 0cd9414a_20240822_141755.data
30.0 470.0 17 23.49125 0cd9414a_20240822_141819.data
50.0 470.0 17 23.49125 0cd9414a_20240822_141843.data
70.0 470.0 17 23.3875 0cd9414a_20240822_141907.data
90.0 470.0 17 23.594575 0cd9414a_20240822_141931.data
110.0 470.0 17 23.8 0cd9414a_20240822_141955.data
130.0 470.0 17 23.49125 0cd9414a_20240822_142019.data
150.0 470.0 17 23.49125 0cd9414a_20240822_142043.data
170.0 470.0 17 23.49125 0cd9414a_20240822_142107.data
190.0 470.0 17 23.49125 0cd9414a_20240822_142131.data
210.0 470.0 17 23.3875 0cd9414a_20240822_142155.data
230.0 470.0 17 23.594575 0cd9414a_20240822_142219.data
250.0 470.0 17 23.6975 0cd9414a_20240822_142243.data
270.0 470.0 17 23.49125 0cd9414a_20240822_142307.data
290.0 470.0 17 23.49125 0cd9414a_20240822_142331.data
