-1 -1 -1 25.299982378854633 0cd9414a_20240821_123402.data
10.0 10.0 17 25.299982378854633 0cd9414a_20240821_123441.data
30.0 10.0 17 25.299982378854633 0cd9414a_20240821_123505.data
50.0 10.0 17 25.299982378854633 0cd9414a_20240821_123529.data
70.0 10.0 17 25.419136563876656 0cd9414a_20240821_123553.data
90.0 10.0 17 25.299982378854633 0cd9414a_20240821_123617.data
110.0 10.0 17 25.299982378854633 0cd9414a_20240821_123641.data
130.0 10.0 17 25.299982378854633 0cd9414a_20240821_123706.data
150.0 10.0 17 25.299982378854633 0cd9414a_20240821_123730.data
170.0 10.0 17 25.299982378854633 0cd9414a_20240821_123754.data
190.0 10.0 17 25.299982378854633 0cd9414a_20240821_123818.data
210.0 10.0 17 25.299982378854633 0cd9414a_20240821_123842.data
230.0 10.0 17 25.299982378854633 0cd9414a_20240821_123906.data
250.0 10.0 17 25.299982378854633 0cd9414a_20240821_123930.data
270.0 10.0 17 25.180334801762115 0cd9414a_20240821_123954.data
290.0 10.0 17 25.180334801762115 0cd9414a_20240821_124018.data
290.0 30.0 17 25.180334801762115 0cd9414a_20240821_124042.data
270.0 30.0 17 25.299982378854633 0cd9414a_20240821_124106.data
250.0 30.0 17 25.299982378854633 0cd9414a_20240821_124130.data
230.0 30.0 17 25.299982378854633 0cd9414a_20240821_124154.data
210.0 30.0 17 25.299982378854633 0cd9414a_20240821_124218.data
190.0 30.0 17 25.299982378854633 0cd9414a_20240821_124242.data
170.0 30.0 17 25.299982378854633 0cd9414a_20240821_124306.data
150.0 30.0 17 25.299982378854633 0cd9414a_20240821_124330.data
130.0 30.0 17 25.299982378854633 0cd9414a_20240821_124354.data
110.0 30.0 17 25.299982378854633 0cd9414a_20240821_124418.data
90.0 30.0 17 25.299982378854633 0cd9414a_20240821_124442.data
70.0 30.0 17 25.419136563876656 0cd9414a_20240821_124506.data
50.0 30.0 17 25.299982378854633 0cd9414a_20240821_124530.data
30.0 30.0 17 25.537859030837005 0cd9414a_20240821_124554.data
10.0 30.0 17 25.537859030837005 0cd9414a_20240821_124618.data
10.0 50.0 17 25.180334801762115 0cd9414a_20240821_124642.data
30.0 50.0 17 25.419136563876656 0cd9414a_20240821_124706.data
50.0 50.0 17 25.180334801762115 0cd9414a_20240821_124730.data
70.0 50.0 17 25.299982378854633 0cd9414a_20240821_124754.data
90.0 50.0 17 25.537859030837005 0cd9414a_20240821_124818.data
110.0 50.0 17 25.537859030837005 0cd9414a_20240821_124842.data
130.0 50.0 17 25.537859030837005 0cd9414a_20240821_124906.data
150.0 50.0 17 25.419136563876656 0cd9414a_20240821_124930.data
170.0 50.0 17 25.537859030837005 0cd9414a_20240821_124954.data
190.0 50.0 17 25.537859030837005 0cd9414a_20240821_125018.data
210.0 50.0 17 25.537859030837005 0cd9414a_20240821_125042.data
230.0 50.0 17 25.537859030837005 0cd9414a_20240821_125106.data
250.0 50.0 17 25.537859030837005 0cd9414a_20240821_125130.data
270.0 50.0 17 25.656118942731283 0cd9414a_20240821_125154.data
290.0 50.0 17 25.656118942731283 0cd9414a_20240821_125218.data
290.0 70.0 17 25.299982378854633 0cd9414a_20240821_125242.data
270.0 70.0 17 25.419136563876656 0cd9414a_20240821_125306.data
250.0 70.0 17 25.537859030837005 0cd9414a_20240821_125330.data
230.0 70.0 17 25.419136563876656 0cd9414a_20240821_125354.data
210.0 70.0 17 25.656118942731283 0cd9414a_20240821_125418.data
190.0 70.0 17 25.419136563876656 0cd9414a_20240821_125442.data
170.0 70.0 17 25.537859030837005 0cd9414a_20240821_125506.data
150.0 70.0 17 25.537859030837005 0cd9414a_20240821_125530.data
130.0 70.0 17 25.537859030837005 0cd9414a_20240821_125554.data
110.0 70.0 17 25.299982378854633 0cd9414a_20240821_125618.data
90.0 70.0 17 25.299982378854633 0cd9414a_20240821_125642.data
70.0 70.0 17 25.537859030837005 0cd9414a_20240821_125706.data
50.0 70.0 17 25.537859030837005 0cd9414a_20240821_125730.data
30.0 70.0 17 25.537859030837005 0cd9414a_20240821_125754.data
10.0 70.0 17 25.537859030837005 0cd9414a_20240821_125818.data
10.0 90.0 17 25.537859030837005 0cd9414a_20240821_125842.data
30.0 90.0 17 25.419136563876656 0cd9414a_20240821_125906.data
50.0 90.0 17 25.299982378854633 0cd9414a_20240821_125930.data
70.0 90.0 17 25.419136563876656 0cd9414a_20240821_125954.data
90.0 90.0 17 25.180334801762115 0cd9414a_20240821_130018.data
110.0 90.0 17 25.656118942731283 0cd9414a_20240821_130042.data
130.0 90.0 17 25.537859030837005 0cd9414a_20240821_130106.data
150.0 90.0 17 25.537859030837005 0cd9414a_20240821_130130.data
170.0 90.0 17 25.419136563876656 0cd9414a_20240821_130154.data
190.0 90.0 17 25.537859030837005 0cd9414a_20240821_130218.data
210.0 90.0 17 25.537859030837005 0cd9414a_20240821_130242.data
230.0 90.0 17 25.419136563876656 0cd9414a_20240821_130306.data
250.0 90.0 17 25.180334801762115 0cd9414a_20240821_130330.data
270.0 90.0 17 25.180334801762115 0cd9414a_20240821_130354.data
290.0 90.0 17 25.537859030837005 0cd9414a_20240821_130418.data
290.0 110.0 17 25.419136563876656 0cd9414a_20240821_130442.data
270.0 110.0 17 25.537859030837005 0cd9414a_20240821_130506.data
250.0 110.0 17 25.537859030837005 0cd9414a_20240821_130530.data
230.0 110.0 17 25.537859030837005 0cd9414a_20240821_130554.data
210.0 110.0 17 25.180334801762115 0cd9414a_20240821_130618.data
190.0 110.0 17 25.537859030837005 0cd9414a_20240821_130642.data
170.0 110.0 17 25.537859030837005 0cd9414a_20240821_130706.data
150.0 110.0 17 25.537859030837005 0cd9414a_20240821_130730.data
130.0 110.0 17 25.537859030837005 0cd9414a_20240821_130754.data
110.0 110.0 17 25.537859030837005 0cd9414a_20240821_130818.data
90.0 110.0 17 25.419136563876656 0cd9414a_20240821_130842.data
70.0 110.0 17 25.419136563876656 0cd9414a_20240821_130906.data
50.0 110.0 17 25.06022466960353 0cd9414a_20240821_130931.data
30.0 110.0 17 25.180334801762115 0cd9414a_20240821_130955.data
10.0 110.0 17 25.180334801762115 0cd9414a_20240821_131019.data
10.0 130.0 17 25.537859030837005 0cd9414a_20240821_131043.data
30.0 130.0 17 25.537859030837005 0cd9414a_20240821_131107.data
50.0 130.0 17 25.537859030837005 0cd9414a_20240821_131131.data
70.0 130.0 17 25.537859030837005 0cd9414a_20240821_131155.data
90.0 130.0 17 25.537859030837005 0cd9414a_20240821_131219.data
110.0 130.0 17 25.537859030837005 0cd9414a_20240821_131243.data
130.0 130.0 17 25.537859030837005 0cd9414a_20240821_131307.data
150.0 130.0 17 25.537859030837005 0cd9414a_20240821_131331.data
170.0 130.0 17 25.299982378854633 0cd9414a_20240821_131355.data
190.0 130.0 17 25.180334801762115 0cd9414a_20240821_131419.data
210.0 130.0 17 25.537859030837005 0cd9414a_20240821_131443.data
230.0 130.0 17 25.537859030837005 0cd9414a_20240821_131507.data
250.0 130.0 17 25.537859030837005 0cd9414a_20240821_131531.data
270.0 130.0 17 25.537859030837005 0cd9414a_20240821_131555.data
290.0 130.0 17 25.537859030837005 0cd9414a_20240821_131619.data
290.0 150.0 17 25.299982378854633 0cd9414a_20240821_131643.data
270.0 150.0 17 25.299982378854633 0cd9414a_20240821_131707.data
250.0 150.0 17 25.537859030837005 0cd9414a_20240821_131731.data
230.0 150.0 17 25.537859030837005 0cd9414a_20240821_131755.data
210.0 150.0 17 25.419136563876656 0cd9414a_20240821_131819.data
190.0 150.0 17 25.299982378854633 0cd9414a_20240821_131843.data
170.0 150.0 17 25.537859030837005 0cd9414a_20240821_131907.data
150.0 150.0 17 25.419136563876656 0cd9414a_20240821_131931.data
130.0 150.0 17 25.537859030837005 0cd9414a_20240821_131955.data
110.0 150.0 17 25.419136563876656 0cd9414a_20240821_132019.data
90.0 150.0 17 25.537859030837005 0cd9414a_20240821_132043.data
70.0 150.0 17 25.537859030837005 0cd9414a_20240821_132107.data
50.0 150.0 17 25.537859030837005 0cd9414a_20240821_132131.data
30.0 150.0 17 25.537859030837005 0cd9414a_20240821_132155.data
10.0 150.0 17 25.537859030837005 0cd9414a_20240821_132219.data
10.0 170.0 17 25.299982378854633 0cd9414a_20240821_132243.data
30.0 170.0 17 25.180334801762115 0cd9414a_20240821_132307.data
50.0 170.0 17 25.299982378854633 0cd9414a_20240821_132331.data
70.0 170.0 17 25.419136563876656 0cd9414a_20240821_132355.data
90.0 170.0 17 25.537859030837005 0cd9414a_20240821_132419.data
110.0 170.0 17 25.537859030837005 0cd9414a_20240821_132443.data
130.0 170.0 17 25.06022466960353 0cd9414a_20240821_132507.data
150.0 170.0 17 25.419136563876656 0cd9414a_20240821_132531.data
170.0 170.0 17 25.419136563876656 0cd9414a_20240821_132555.data
190.0 170.0 17 25.419136563876656 0cd9414a_20240821_132619.data
210.0 170.0 17 25.537859030837005 0cd9414a_20240821_132643.data
230.0 170.0 17 25.299982378854633 0cd9414a_20240821_132707.data
250.0 170.0 17 25.299982378854633 0cd9414a_20240821_132731.data
270.0 170.0 17 25.419136563876656 0cd9414a_20240821_132755.data
290.0 170.0 17 25.419136563876656 0cd9414a_20240821_132819.data
290.0 190.0 17 25.537859030837005 0cd9414a_20240821_132843.data
270.0 190.0 17 25.299982378854633 0cd9414a_20240821_132907.data
250.0 190.0 17 25.299982378854633 0cd9414a_20240821_132931.data
230.0 190.0 17 25.180334801762115 0cd9414a_20240821_132955.data
210.0 190.0 17 25.419136563876656 0cd9414a_20240821_133019.data
190.0 190.0 17 25.299982378854633 0cd9414a_20240821_133043.data
170.0 190.0 17 25.180334801762115 0cd9414a_20240821_133107.data
150.0 190.0 17 25.537859030837005 0cd9414a_20240821_133131.data
130.0 190.0 17 25.419136563876656 0cd9414a_20240821_133155.data
110.0 190.0 17 25.180334801762115 0cd9414a_20240821_133219.data
90.0 190.0 17 25.419136563876656 0cd9414a_20240821_133243.data
70.0 190.0 17 25.537859030837005 0cd9414a_20240821_133307.data
50.0 190.0 17 25.537859030837005 0cd9414a_20240821_133331.data
30.0 190.0 17 25.419136563876656 0cd9414a_20240821_133355.data
10.0 190.0 17 25.537859030837005 0cd9414a_20240821_133419.data
10.0 210.0 17 25.299982378854633 0cd9414a_20240821_133443.data
30.0 210.0 17 25.299982378854633 0cd9414a_20240821_133507.data
50.0 210.0 17 25.537859030837005 0cd9414a_20240821_133531.data
70.0 210.0 17 25.537859030837005 0cd9414a_20240821_133555.data
90.0 210.0 17 25.419136563876656 0cd9414a_20240821_133619.data
110.0 210.0 17 25.537859030837005 0cd9414a_20240821_133643.data
130.0 210.0 17 25.419136563876656 0cd9414a_20240821_133707.data
150.0 210.0 17 25.299982378854633 0cd9414a_20240821_133731.data
170.0 210.0 17 25.180334801762115 0cd9414a_20240821_133755.data
190.0 210.0 17 25.537859030837005 0cd9414a_20240821_133819.data
210.0 210.0 17 25.419136563876656 0cd9414a_20240821_133843.data
230.0 210.0 17 25.299982378854633 0cd9414a_20240821_133907.data
250.0 210.0 17 25.419136563876656 0cd9414a_20240821_133931.data
270.0 210.0 17 25.180334801762115 0cd9414a_20240821_133955.data
290.0 210.0 17 25.537859030837005 0cd9414a_20240821_134019.data
290.0 230.0 17 25.419136563876656 0cd9414a_20240821_134043.data
270.0 230.0 17 25.299982378854633 0cd9414a_20240821_134107.data
250.0 230.0 17 25.180334801762115 0cd9414a_20240821_134131.data
230.0 230.0 17 25.180334801762115 0cd9414a_20240821_134155.data
210.0 230.0 17 25.419136563876656 0cd9414a_20240821_134219.data
190.0 230.0 17 25.419136563876656 0cd9414a_20240821_134243.data
170.0 230.0 17 25.537859030837005 0cd9414a_20240821_134308.data
150.0 230.0 17 25.537859030837005 0cd9414a_20240821_134332.data
130.0 230.0 17 25.537859030837005 0cd9414a_20240821_134356.data
110.0 230.0 17 25.419136563876656 0cd9414a_20240821_134420.data
90.0 230.0 17 25.537859030837005 0cd9414a_20240821_134444.data
70.0 230.0 17 25.537859030837005 0cd9414a_20240821_134508.data
50.0 230.0 17 25.537859030837005 0cd9414a_20240821_134532.data
30.0 230.0 17 25.419136563876656 0cd9414a_20240821_134556.data
10.0 230.0 17 25.537859030837005 0cd9414a_20240821_134620.data
10.0 250.0 17 25.419136563876656 0cd9414a_20240821_134644.data
30.0 250.0 17 25.419136563876656 0cd9414a_20240821_134708.data
50.0 250.0 17 25.419136563876656 0cd9414a_20240821_134732.data
70.0 250.0 17 25.419136563876656 0cd9414a_20240821_134756.data
90.0 250.0 17 25.537859030837005 0cd9414a_20240821_134820.data
110.0 250.0 17 25.299982378854633 0cd9414a_20240821_134844.data
130.0 250.0 17 25.419136563876656 0cd9414a_20240821_134908.data
150.0 250.0 17 25.537859030837005 0cd9414a_20240821_134932.data
170.0 250.0 17 25.419136563876656 0cd9414a_20240821_134956.data
190.0 250.0 17 25.419136563876656 0cd9414a_20240821_135020.data
210.0 250.0 17 25.180334801762115 0cd9414a_20240821_135044.data
230.0 250.0 17 25.419136563876656 0cd9414a_20240821_135108.data
250.0 250.0 17 25.537859030837005 0cd9414a_20240821_135132.data
270.0 250.0 17 25.419136563876656 0cd9414a_20240821_135156.data
290.0 250.0 17 25.299982378854633 0cd9414a_20240821_135220.data
290.0 270.0 17 25.299982378854633 0cd9414a_20240821_135244.data
270.0 270.0 17 25.537859030837005 0cd9414a_20240821_135308.data
250.0 270.0 17 25.537859030837005 0cd9414a_20240821_135332.data
230.0 270.0 17 25.419136563876656 0cd9414a_20240821_135356.data
210.0 270.0 17 25.419136563876656 0cd9414a_20240821_135420.data
190.0 270.0 17 25.419136563876656 0cd9414a_20240821_135444.data
170.0 270.0 17 25.419136563876656 0cd9414a_20240821_135508.data
150.0 270.0 17 25.419136563876656 0cd9414a_20240821_135532.data
130.0 270.0 17 25.419136563876656 0cd9414a_20240821_135556.data
110.0 270.0 17 25.299982378854633 0cd9414a_20240821_135620.data
90.0 270.0 17 25.299982378854633 0cd9414a_20240821_135644.data
70.0 270.0 17 25.537859030837005 0cd9414a_20240821_135708.data
50.0 270.0 17 25.537859030837005 0cd9414a_20240821_135732.data
30.0 270.0 17 25.419136563876656 0cd9414a_20240821_135756.data
10.0 270.0 17 25.180334801762115 0cd9414a_20240821_135820.data
10.0 290.0 17 25.537859030837005 0cd9414a_20240821_135844.data
30.0 290.0 17 25.537859030837005 0cd9414a_20240821_135908.data
50.0 290.0 17 25.299982378854633 0cd9414a_20240821_135932.data
70.0 290.0 17 25.537859030837005 0cd9414a_20240821_135956.data
90.0 290.0 17 25.419136563876656 0cd9414a_20240821_140020.data
110.0 290.0 17 25.419136563876656 0cd9414a_20240821_140044.data
130.0 290.0 17 25.299982378854633 0cd9414a_20240821_140108.data
150.0 290.0 17 25.419136563876656 0cd9414a_20240821_140132.data
170.0 290.0 17 25.419136563876656 0cd9414a_20240821_140156.data
190.0 290.0 17 25.06022466960353 0cd9414a_20240821_140220.data
210.0 290.0 17 25.419136563876656 0cd9414a_20240821_140244.data
230.0 290.0 17 25.419136563876656 0cd9414a_20240821_140308.data
250.0 290.0 17 25.419136563876656 0cd9414a_20240821_140332.data
270.0 290.0 17 25.419136563876656 0cd9414a_20240821_140356.data
290.0 290.0 17 25.299982378854633 0cd9414a_20240821_140420.data
290.0 310.0 17 25.419136563876656 0cd9414a_20240821_140444.data
270.0 310.0 17 25.419136563876656 0cd9414a_20240821_140508.data
250.0 310.0 17 25.180334801762115 0cd9414a_20240821_140532.data
230.0 310.0 17 25.419136563876656 0cd9414a_20240821_140556.data
210.0 310.0 17 25.419136563876656 0cd9414a_20240821_140620.data
190.0 310.0 17 25.419136563876656 0cd9414a_20240821_140644.data
170.0 310.0 17 -1 0cd9414a_20240821_140708.data
150.0 310.0 17 25.180334801762115 0cd9414a_20240821_140732.data
130.0 310.0 17 25.419136563876656 0cd9414a_20240821_140756.data
110.0 310.0 17 -1 0cd9414a_20240821_140820.data
90.0 310.0 17 25.299982378854633 0cd9414a_20240821_140844.data
70.0 310.0 17 25.419136563876656 0cd9414a_20240821_140908.data
50.0 310.0 17 25.419136563876656 0cd9414a_20240821_140932.data
30.0 310.0 17 25.419136563876656 0cd9414a_20240821_140956.data
10.0 310.0 17 25.06022466960353 0cd9414a_20240821_141020.data
10.0 330.0 17 25.180334801762115 0cd9414a_20240821_141044.data
30.0 330.0 17 -1 0cd9414a_20240821_141108.data
50.0 330.0 17 25.180334801762115 0cd9414a_20240821_141132.data
70.0 330.0 17 25.180334801762115 0cd9414a_20240821_141157.data
90.0 330.0 17 25.180334801762115 0cd9414a_20240821_141221.data
110.0 330.0 17 25.061674008810574 0cd9414a_20240821_141245.data
130.0 330.0 17 25.180334801762115 0cd9414a_20240821_141309.data
150.0 330.0 17 25.299982378854633 0cd9414a_20240821_141333.data
170.0 330.0 17 25.299982378854633 0cd9414a_20240821_141357.data
190.0 330.0 17 25.299982378854633 0cd9414a_20240821_141421.data
210.0 330.0 17 25.299982378854633 0cd9414a_20240821_141445.data
230.0 330.0 17 25.180334801762115 0cd9414a_20240821_141509.data
250.0 330.0 17 25.299982378854633 0cd9414a_20240821_141533.data
270.0 330.0 17 25.299982378854633 0cd9414a_20240821_141557.data
290.0 330.0 17 25.299982378854633 0cd9414a_20240821_141621.data
10.0 350.0 17 25.299982378854633 0cd9414a_20240821_141744.data
30.0 350.0 17 25.299982378854633 0cd9414a_20240821_141808.data
50.0 350.0 17 25.419136563876656 0cd9414a_20240821_141832.data
70.0 350.0 17 25.299982378854633 0cd9414a_20240821_141856.data
90.0 350.0 17 25.180334801762115 0cd9414a_20240821_141920.data
110.0 350.0 17 25.299982378854633 0cd9414a_20240821_141944.data
130.0 350.0 17 25.299982378854633 0cd9414a_20240821_142008.data
150.0 350.0 17 25.299982378854633 0cd9414a_20240821_142032.data
170.0 350.0 17 25.299982378854633 0cd9414a_20240821_142056.data
190.0 350.0 17 25.419136563876656 0cd9414a_20240821_142120.data
210.0 350.0 17 25.180334801762115 0cd9414a_20240821_142144.data
230.0 350.0 17 25.299982378854633 0cd9414a_20240821_142208.data
250.0 350.0 17 25.180334801762115 0cd9414a_20240821_142232.data
270.0 350.0 17 25.299982378854633 0cd9414a_20240821_142256.data
290.0 350.0 17 25.299982378854633 0cd9414a_20240821_142320.data
290.0 370.0 17 25.299982378854633 0cd9414a_20240821_142344.data
270.0 370.0 17 25.299982378854633 0cd9414a_20240821_142408.data
250.0 370.0 17 25.299982378854633 0cd9414a_20240821_142432.data
230.0 370.0 17 25.299982378854633 0cd9414a_20240821_142456.data
210.0 370.0 17 25.299982378854633 0cd9414a_20240821_142520.data
190.0 370.0 17 25.299982378854633 0cd9414a_20240821_142544.data
170.0 370.0 17 25.299982378854633 0cd9414a_20240821_142608.data
150.0 370.0 17 25.299982378854633 0cd9414a_20240821_142632.data
130.0 370.0 17 25.299982378854633 0cd9414a_20240821_142656.data
110.0 370.0 17 25.299982378854633 0cd9414a_20240821_142720.data
90.0 370.0 17 25.299982378854633 0cd9414a_20240821_142744.data
70.0 370.0 17 25.299982378854633 0cd9414a_20240821_142808.data
50.0 370.0 17 25.180334801762115 0cd9414a_20240821_142832.data
30.0 370.0 17 25.180334801762115 0cd9414a_20240821_142856.data
10.0 370.0 17 25.537859030837005 0cd9414a_20240821_142920.data
10.0 390.0 17 25.299982378854633 0cd9414a_20240821_142944.data
30.0 390.0 17 25.299982378854633 0cd9414a_20240821_143008.data
50.0 390.0 17 25.180334801762115 0cd9414a_20240821_143032.data
70.0 390.0 17 25.299982378854633 0cd9414a_20240821_143056.data
90.0 390.0 17 25.299982378854633 0cd9414a_20240821_143120.data
110.0 390.0 17 25.299982378854633 0cd9414a_20240821_143144.data
130.0 390.0 17 25.299982378854633 0cd9414a_20240821_143208.data
150.0 390.0 17 25.180334801762115 0cd9414a_20240821_143232.data
170.0 390.0 17 25.299982378854633 0cd9414a_20240821_143256.data
190.0 390.0 17 25.299982378854633 0cd9414a_20240821_143320.data
210.0 390.0 17 25.299982378854633 0cd9414a_20240821_143344.data
230.0 390.0 17 25.299982378854633 0cd9414a_20240821_143408.data
250.0 390.0 17 25.299982378854633 0cd9414a_20240821_143432.data
270.0 390.0 17 25.299982378854633 0cd9414a_20240821_143456.data
290.0 390.0 17 25.299982378854633 0cd9414a_20240821_143520.data
290.0 410.0 17 25.299982378854633 0cd9414a_20240821_143544.data
270.0 410.0 17 25.299982378854633 0cd9414a_20240821_143608.data
250.0 410.0 17 25.299982378854633 0cd9414a_20240821_143632.data
230.0 410.0 17 25.299982378854633 0cd9414a_20240821_143656.data
210.0 410.0 17 25.180334801762115 0cd9414a_20240821_143720.data
190.0 410.0 17 25.180334801762115 0cd9414a_20240821_143744.data
170.0 410.0 17 25.299982378854633 0cd9414a_20240821_143809.data
150.0 410.0 17 25.299982378854633 0cd9414a_20240821_143832.data
130.0 410.0 17 25.299982378854633 0cd9414a_20240821_143857.data
110.0 410.0 17 25.299982378854633 0cd9414a_20240821_143921.data
90.0 410.0 17 25.299982378854633 0cd9414a_20240821_143945.data
70.0 410.0 17 25.299982378854633 0cd9414a_20240821_144009.data
50.0 410.0 17 25.299982378854633 0cd9414a_20240821_144033.data
30.0 410.0 17 25.299982378854633 0cd9414a_20240821_144057.data
10.0 410.0 17 25.299982378854633 0cd9414a_20240821_144121.data
10.0 430.0 17 25.537859030837005 0cd9414a_20240821_144145.data
30.0 430.0 17 25.299982378854633 0cd9414a_20240821_144209.data
50.0 430.0 17 25.180334801762115 0cd9414a_20240821_144233.data
70.0 430.0 17 25.299982378854633 0cd9414a_20240821_144257.data
90.0 430.0 17 25.180334801762115 0cd9414a_20240821_144321.data
110.0 430.0 17 25.180334801762115 0cd9414a_20240821_144345.data
130.0 430.0 17 25.299982378854633 0cd9414a_20240821_144409.data
150.0 430.0 17 25.299982378854633 0cd9414a_20240821_144433.data
170.0 430.0 17 25.299982378854633 0cd9414a_20240821_144457.data
190.0 430.0 17 25.299982378854633 0cd9414a_20240821_144521.data
210.0 430.0 17 25.299982378854633 0cd9414a_20240821_144545.data
230.0 430.0 17 25.299982378854633 0cd9414a_20240821_144609.data
250.0 430.0 17 25.299982378854633 0cd9414a_20240821_144633.data
270.0 430.0 17 25.299982378854633 0cd9414a_20240821_144657.data
290.0 430.0 17 25.299982378854633 0cd9414a_20240821_144721.data
290.0 450.0 17 25.180334801762115 0cd9414a_20240821_144745.data
270.0 450.0 17 25.180334801762115 0cd9414a_20240821_144809.data
250.0 450.0 17 25.299982378854633 0cd9414a_20240821_144833.data
230.0 450.0 17 25.299982378854633 0cd9414a_20240821_144857.data
210.0 450.0 17 25.299982378854633 0cd9414a_20240821_144921.data
190.0 450.0 17 25.299982378854633 0cd9414a_20240821_144945.data
170.0 450.0 17 25.299982378854633 0cd9414a_20240821_145009.data
150.0 450.0 17 25.299982378854633 0cd9414a_20240821_145033.data
130.0 450.0 17 25.299982378854633 0cd9414a_20240821_145057.data
110.0 450.0 17 25.299982378854633 0cd9414a_20240821_145121.data
90.0 450.0 17 25.299982378854633 0cd9414a_20240821_145145.data
70.0 450.0 17 25.299982378854633 0cd9414a_20240821_145209.data
50.0 450.0 17 25.299982378854633 0cd9414a_20240821_145233.data
30.0 450.0 17 25.299982378854633 0cd9414a_20240821_145257.data
10.0 450.0 17 25.299982378854633 0cd9414a_20240821_145321.data
10.0 470.0 17 25.180334801762115 0cd9414a_20240821_145345.data
30.0 470.0 17 25.180334801762115 0cd9414a_20240821_145409.data
50.0 470.0 17 25.299982378854633 0cd9414a_20240821_145433.data
70.0 470.0 17 25.299982378854633 0cd9414a_20240821_145457.data
90.0 470.0 17 25.180334801762115 0cd9414a_20240821_145521.data
110.0 470.0 17 25.299982378854633 0cd9414a_20240821_145545.data
130.0 470.0 17 25.299982378854633 0cd9414a_20240821_145609.data
150.0 470.0 17 25.299982378854633 0cd9414a_20240821_145633.data
170.0 470.0 17 25.299982378854633 0cd9414a_20240821_145657.data
190.0 470.0 17 25.180334801762115 0cd9414a_20240821_145721.data
210.0 470.0 17 25.419136563876656 0cd9414a_20240821_145745.data
230.0 470.0 17 25.299982378854633 0cd9414a_20240821_145809.data
250.0 470.0 17 25.299982378854633 0cd9414a_20240821_145833.data
270.0 470.0 17 25.180334801762115 0cd9414a_20240821_145857.data
290.0 470.0 17 25.180334801762115 0cd9414a_20240821_145921.data
