-1 -1 -1 24.322552631578947 0cd9414a_20240820_110845.data
10.0 10.0 17 24.322552631578947 0cd9414a_20240820_110924.data
30.0 10.0 17 24.216789473684212 0cd9414a_20240820_110948.data
50.0 10.0 17 24.216789473684212 0cd9414a_20240820_111012.data
70.0 10.0 17 24.322552631578947 0cd9414a_20240820_111036.data
90.0 10.0 17 24.322552631578947 0cd9414a_20240820_111100.data
110.0 10.0 17 24.216789473684212 0cd9414a_20240820_111124.data
130.0 10.0 17 24.322552631578947 0cd9414a_20240820_111148.data
150.0 10.0 17 24.322552631578947 0cd9414a_20240820_111213.data
170.0 10.0 17 24.216789473684212 0cd9414a_20240820_111236.data
190.0 10.0 17 24.322552631578947 0cd9414a_20240820_111300.data
210.0 10.0 17 24.322552631578947 0cd9414a_20240820_111324.data
230.0 10.0 17 24.322552631578947 0cd9414a_20240820_111348.data
250.0 10.0 17 24.322552631578947 0cd9414a_20240820_111412.data
270.0 10.0 17 24.322552631578947 0cd9414a_20240820_111436.data
290.0 10.0 17 24.322552631578947 0cd9414a_20240820_111500.data
290.0 30.0 17 24.216789473684212 0cd9414a_20240820_111524.data
270.0 30.0 17 24.322552631578947 0cd9414a_20240820_111548.data
250.0 30.0 17 24.216789473684212 0cd9414a_20240820_111613.data
230.0 30.0 17 24.427921052631582 0cd9414a_20240820_111636.data
210.0 30.0 17 24.216789473684212 0cd9414a_20240820_111701.data
190.0 30.0 17 24.427921052631582 0cd9414a_20240820_111725.data
170.0 30.0 17 24.216789473684212 0cd9414a_20240820_111749.data
150.0 30.0 17 24.427921052631582 0cd9414a_20240820_111813.data
130.0 30.0 17 24.427921052631582 0cd9414a_20240820_111837.data
110.0 30.0 17 24.532868421052633 0cd9414a_20240820_111901.data
90.0 30.0 17 24.322552631578947 0cd9414a_20240820_111925.data
70.0 30.0 17 24.427921052631582 0cd9414a_20240820_111949.data
50.0 30.0 17 24.1106052631579 0cd9414a_20240820_112013.data
30.0 30.0 17 24.322552631578947 0cd9414a_20240820_112037.data
10.0 30.0 17 24.532868421052633 0cd9414a_20240820_112101.data
10.0 50.0 17 24.532868421052633 0cd9414a_20240820_112125.data
30.0 50.0 17 24.216789473684212 0cd9414a_20240820_112149.data
50.0 50.0 17 24.427921052631582 0cd9414a_20240820_112213.data
70.0 50.0 17 24.216789473684212 0cd9414a_20240820_112237.data
90.0 50.0 17 24.427921052631582 0cd9414a_20240820_112301.data
110.0 50.0 17 24.532868421052633 0cd9414a_20240820_112325.data
130.0 50.0 17 24.532868421052633 0cd9414a_20240820_112349.data
150.0 50.0 17 24.532868421052633 0cd9414a_20240820_112413.data
170.0 50.0 17 24.322552631578947 0cd9414a_20240820_112437.data
190.0 50.0 17 24.427921052631582 0cd9414a_20240820_112501.data
210.0 50.0 17 24.532868421052633 0cd9414a_20240820_112525.data
230.0 50.0 17 24.216789473684212 0cd9414a_20240820_112549.data
250.0 50.0 17 24.427921052631582 0cd9414a_20240820_112613.data
270.0 50.0 17 24.532868421052633 0cd9414a_20240820_112637.data
290.0 50.0 17 24.532868421052633 0cd9414a_20240820_112701.data
290.0 70.0 17 24.216789473684212 0cd9414a_20240820_112725.data
270.0 70.0 17 24.532868421052633 0cd9414a_20240820_112749.data
250.0 70.0 17 24.532868421052633 0cd9414a_20240820_112813.data
230.0 70.0 17 24.532868421052633 0cd9414a_20240820_112837.data
210.0 70.0 17 24.322552631578947 0cd9414a_20240820_112901.data
190.0 70.0 17 24.427921052631582 0cd9414a_20240820_112925.data
170.0 70.0 17 24.216789473684212 0cd9414a_20240820_112949.data
150.0 70.0 17 24.427921052631582 0cd9414a_20240820_113013.data
130.0 70.0 17 24.427921052631582 0cd9414a_20240820_113037.data
110.0 70.0 17 24.532868421052633 0cd9414a_20240820_113101.data
90.0 70.0 17 24.322552631578947 0cd9414a_20240820_113125.data
70.0 70.0 17 24.322552631578947 0cd9414a_20240820_113149.data
50.0 70.0 17 24.322552631578947 0cd9414a_20240820_113213.data
30.0 70.0 17 24.216789473684212 0cd9414a_20240820_113237.data
10.0 70.0 17 24.427921052631582 0cd9414a_20240820_113301.data
10.0 90.0 17 24.532868421052633 0cd9414a_20240820_113325.data
30.0 90.0 17 24.532868421052633 0cd9414a_20240820_113349.data
50.0 90.0 17 24.532868421052633 0cd9414a_20240820_113413.data
70.0 90.0 17 24.216789473684212 0cd9414a_20240820_113437.data
90.0 90.0 17 24.216789473684212 0cd9414a_20240820_113501.data
110.0 90.0 17 24.427921052631582 0cd9414a_20240820_113525.data
130.0 90.0 17 24.427921052631582 0cd9414a_20240820_113549.data
150.0 90.0 17 24.427921052631582 0cd9414a_20240820_113613.data
170.0 90.0 17 24.427921052631582 0cd9414a_20240820_113637.data
190.0 90.0 17 24.427921052631582 0cd9414a_20240820_113701.data
210.0 90.0 17 24.427921052631582 0cd9414a_20240820_113725.data
230.0 90.0 17 24.216789473684212 0cd9414a_20240820_113749.data
250.0 90.0 17 24.427921052631582 0cd9414a_20240820_113813.data
270.0 90.0 17 24.427921052631582 0cd9414a_20240820_113837.data
290.0 90.0 17 24.427921052631582 0cd9414a_20240820_113901.data
290.0 110.0 17 24.322552631578947 0cd9414a_20240820_113925.data
270.0 110.0 17 24.322552631578947 0cd9414a_20240820_113949.data
250.0 110.0 17 24.427921052631582 0cd9414a_20240820_114013.data
230.0 110.0 17 24.322552631578947 0cd9414a_20240820_114037.data
210.0 110.0 17 24.322552631578947 0cd9414a_20240820_114101.data
190.0 110.0 17 24.427921052631582 0cd9414a_20240820_114125.data
170.0 110.0 17 24.532868421052633 0cd9414a_20240820_114149.data
150.0 110.0 17 24.427921052631582 0cd9414a_20240820_114213.data
130.0 110.0 17 24.216789473684212 0cd9414a_20240820_114237.data
110.0 110.0 17 24.322552631578947 0cd9414a_20240820_114301.data
90.0 110.0 17 24.427921052631582 0cd9414a_20240820_114325.data
70.0 110.0 17 24.532868421052633 0cd9414a_20240820_114349.data
50.0 110.0 17 24.427921052631582 0cd9414a_20240820_114413.data
30.0 110.0 17 24.427921052631582 0cd9414a_20240820_114437.data
10.0 110.0 17 24.427921052631582 0cd9414a_20240820_114501.data
10.0 130.0 17 24.427921052631582 0cd9414a_20240820_114525.data
30.0 130.0 17 24.216789473684212 0cd9414a_20240820_114549.data
50.0 130.0 17 24.427921052631582 0cd9414a_20240820_114613.data
70.0 130.0 17 24.216789473684212 0cd9414a_20240820_114637.data
90.0 130.0 17 24.322552631578947 0cd9414a_20240820_114701.data
110.0 130.0 17 24.427921052631582 0cd9414a_20240820_114725.data
130.0 130.0 17 24.427921052631582 0cd9414a_20240820_114749.data
150.0 130.0 17 24.427921052631582 0cd9414a_20240820_114813.data
170.0 130.0 17 24.427921052631582 0cd9414a_20240820_114837.data
190.0 130.0 17 24.427921052631582 0cd9414a_20240820_114902.data
210.0 130.0 17 24.427921052631582 0cd9414a_20240820_114925.data
230.0 130.0 17 24.216789473684212 0cd9414a_20240820_114950.data
250.0 130.0 17 24.427921052631582 0cd9414a_20240820_115014.data
270.0 130.0 17 24.427921052631582 0cd9414a_20240820_115038.data
290.0 130.0 17 24.427921052631582 0cd9414a_20240820_115102.data
290.0 150.0 17 24.427921052631582 0cd9414a_20240820_115126.data
270.0 150.0 17 24.427921052631582 0cd9414a_20240820_115150.data
250.0 150.0 17 24.427921052631582 0cd9414a_20240820_115214.data
230.0 150.0 17 24.427921052631582 0cd9414a_20240820_115238.data
210.0 150.0 17 24.427921052631582 0cd9414a_20240820_115302.data
190.0 150.0 17 24.427921052631582 0cd9414a_20240820_115326.data
170.0 150.0 17 24.322552631578947 0cd9414a_20240820_115350.data
150.0 150.0 17 24.427921052631582 0cd9414a_20240820_115414.data
130.0 150.0 17 24.427921052631582 0cd9414a_20240820_115438.data
110.0 150.0 17 24.427921052631582 0cd9414a_20240820_115502.data
90.0 150.0 17 24.427921052631582 0cd9414a_20240820_115526.data
70.0 150.0 17 24.427921052631582 0cd9414a_20240820_115550.data
50.0 150.0 17 24.427921052631582 0cd9414a_20240820_115614.data
30.0 150.0 17 24.427921052631582 0cd9414a_20240820_115638.data
10.0 150.0 17 24.427921052631582 0cd9414a_20240820_115702.data
10.0 170.0 17 24.427921052631582 0cd9414a_20240820_115726.data
30.0 170.0 17 24.427921052631582 0cd9414a_20240820_115750.data
50.0 170.0 17 24.427921052631582 0cd9414a_20240820_115814.data
70.0 170.0 17 24.322552631578947 0cd9414a_20240820_115838.data
90.0 170.0 17 24.427921052631582 0cd9414a_20240820_115902.data
110.0 170.0 17 24.427921052631582 0cd9414a_20240820_115926.data
130.0 170.0 17 24.216789473684212 0cd9414a_20240820_115950.data
150.0 170.0 17 24.322552631578947 0cd9414a_20240820_120014.data
170.0 170.0 17 24.216789473684212 0cd9414a_20240820_120038.data
190.0 170.0 17 24.427921052631582 0cd9414a_20240820_120102.data
210.0 170.0 17 24.427921052631582 0cd9414a_20240820_120126.data
230.0 170.0 17 24.427921052631582 0cd9414a_20240820_120150.data
250.0 170.0 17 24.322552631578947 0cd9414a_20240820_120214.data
270.0 170.0 17 24.427921052631582 0cd9414a_20240820_120238.data
290.0 170.0 17 24.427921052631582 0cd9414a_20240820_120302.data
290.0 190.0 17 24.322552631578947 0cd9414a_20240820_120326.data
270.0 190.0 17 24.427921052631582 0cd9414a_20240820_120350.data
250.0 190.0 17 24.322552631578947 0cd9414a_20240820_120414.data
230.0 190.0 17 24.003973684210532 0cd9414a_20240820_120438.data
210.0 190.0 17 24.322552631578947 0cd9414a_20240820_120502.data
190.0 190.0 17 24.1106052631579 0cd9414a_20240820_120526.data
170.0 190.0 17 24.427921052631582 0cd9414a_20240820_120550.data
150.0 190.0 17 24.427921052631582 0cd9414a_20240820_120614.data
130.0 190.0 17 24.427921052631582 0cd9414a_20240820_120638.data
110.0 190.0 17 24.322552631578947 0cd9414a_20240820_120702.data
90.0 190.0 17 24.427921052631582 0cd9414a_20240820_120726.data
70.0 190.0 17 24.427921052631582 0cd9414a_20240820_120750.data
50.0 190.0 17 24.427921052631582 0cd9414a_20240820_120814.data
30.0 190.0 17 24.322552631578947 0cd9414a_20240820_120838.data
10.0 190.0 17 24.1106052631579 0cd9414a_20240820_120902.data
10.0 210.0 17 24.216789473684212 0cd9414a_20240820_120926.data
30.0 210.0 17 24.322552631578947 0cd9414a_20240820_120950.data
50.0 210.0 17 24.427921052631582 0cd9414a_20240820_121014.data
70.0 210.0 17 24.427921052631582 0cd9414a_20240820_121038.data
90.0 210.0 17 24.427921052631582 0cd9414a_20240820_121102.data
110.0 210.0 17 24.322552631578947 0cd9414a_20240820_121126.data
130.0 210.0 17 24.1106052631579 0cd9414a_20240820_121150.data
150.0 210.0 17 24.427921052631582 0cd9414a_20240820_121214.data
170.0 210.0 17 24.427921052631582 0cd9414a_20240820_121238.data
190.0 210.0 17 24.322552631578947 0cd9414a_20240820_121302.data
210.0 210.0 17 24.1106052631579 0cd9414a_20240820_121326.data
230.0 210.0 17 24.1106052631579 0cd9414a_20240820_121350.data
250.0 210.0 17 24.427921052631582 0cd9414a_20240820_121414.data
270.0 210.0 17 24.427921052631582 0cd9414a_20240820_121438.data
290.0 210.0 17 24.427921052631582 0cd9414a_20240820_121502.data
290.0 230.0 17 24.322552631578947 0cd9414a_20240820_121526.data
270.0 230.0 17 24.322552631578947 0cd9414a_20240820_121550.data
250.0 230.0 17 24.322552631578947 0cd9414a_20240820_121614.data
230.0 230.0 17 24.427921052631582 0cd9414a_20240820_121638.data
210.0 230.0 17 24.322552631578947 0cd9414a_20240820_121702.data
190.0 230.0 17 24.322552631578947 0cd9414a_20240820_121726.data
170.0 230.0 17 24.216789473684212 0cd9414a_20240820_121750.data
150.0 230.0 17 24.427921052631582 0cd9414a_20240820_121814.data
130.0 230.0 17 24.427921052631582 0cd9414a_20240820_121838.data
110.0 230.0 17 24.427921052631582 0cd9414a_20240820_121902.data
90.0 230.0 17 24.216789473684212 0cd9414a_20240820_121926.data
70.0 230.0 17 24.322552631578947 0cd9414a_20240820_121950.data
50.0 230.0 17 24.322552631578947 0cd9414a_20240820_122014.data
30.0 230.0 17 24.427921052631582 0cd9414a_20240820_122038.data
10.0 230.0 17 24.322552631578947 0cd9414a_20240820_122102.data
10.0 250.0 17 24.322552631578947 0cd9414a_20240820_122127.data
30.0 250.0 17 24.322552631578947 0cd9414a_20240820_122150.data
50.0 250.0 17 24.322552631578947 0cd9414a_20240820_122214.data
70.0 250.0 17 24.427921052631582 0cd9414a_20240820_122239.data
90.0 250.0 17 24.216789473684212 0cd9414a_20240820_122303.data
110.0 250.0 17 24.427921052631582 0cd9414a_20240820_122327.data
130.0 250.0 17 24.427921052631582 0cd9414a_20240820_122351.data
150.0 250.0 17 24.216789473684212 0cd9414a_20240820_122415.data
170.0 250.0 17 24.003973684210532 0cd9414a_20240820_122439.data
190.0 250.0 17 24.322552631578947 0cd9414a_20240820_122503.data
210.0 250.0 17 24.322552631578947 0cd9414a_20240820_122527.data
230.0 250.0 17 24.216789473684212 0cd9414a_20240820_122551.data
250.0 250.0 17 24.216789473684212 0cd9414a_20240820_122615.data
270.0 250.0 17 24.322552631578947 0cd9414a_20240820_122639.data
290.0 250.0 17 24.322552631578947 0cd9414a_20240820_122703.data
290.0 270.0 17 24.322552631578947 0cd9414a_20240820_122727.data
270.0 270.0 17 24.216789473684212 0cd9414a_20240820_122751.data
250.0 270.0 17 24.216789473684212 0cd9414a_20240820_122815.data
230.0 270.0 17 24.322552631578947 0cd9414a_20240820_122839.data
210.0 270.0 17 24.322552631578947 0cd9414a_20240820_122903.data
190.0 270.0 17 24.322552631578947 0cd9414a_20240820_122927.data
170.0 270.0 17 24.322552631578947 0cd9414a_20240820_122951.data
150.0 270.0 17 24.216789473684212 0cd9414a_20240820_123015.data
130.0 270.0 17 24.427921052631582 0cd9414a_20240820_123039.data
110.0 270.0 17 24.427921052631582 0cd9414a_20240820_123103.data
90.0 270.0 17 24.427921052631582 0cd9414a_20240820_123127.data
70.0 270.0 17 -1 0cd9414a_20240820_123151.data
50.0 270.0 17 24.427921052631582 0cd9414a_20240820_123215.data
30.0 270.0 17 24.216789473684212 0cd9414a_20240820_123239.data
10.0 270.0 17 -1 0cd9414a_20240820_123303.data
10.0 290.0 17 24.322552631578947 0cd9414a_20240820_123327.data
30.0 290.0 17 24.427921052631582 0cd9414a_20240820_123351.data
50.0 290.0 17 -1 0cd9414a_20240820_123415.data
70.0 290.0 17 24.427921052631582 0cd9414a_20240820_123439.data
90.0 290.0 17 24.322552631578947 0cd9414a_20240820_123503.data
110.0 290.0 17 -1 0cd9414a_20240820_123527.data
130.0 290.0 17 24.216789473684212 0cd9414a_20240820_123551.data
150.0 290.0 17 24.1106052631579 0cd9414a_20240820_123615.data
170.0 290.0 17 -1 0cd9414a_20240820_123639.data
190.0 290.0 17 24.637394736842104 0cd9414a_20240820_123703.data
210.0 290.0 17 24.532868421052633 0cd9414a_20240820_123727.data
230.0 290.0 17 24.427921052631582 0cd9414a_20240820_123751.data
250.0 290.0 17 24.427921052631582 0cd9414a_20240820_123815.data
270.0 290.0 17 24.532868421052633 0cd9414a_20240820_123839.data
290.0 290.0 17 24.427921052631582 0cd9414a_20240820_123903.data
290.0 310.0 17 24.532868421052633 0cd9414a_20240820_123927.data
270.0 310.0 17 24.427921052631582 0cd9414a_20240820_123951.data
250.0 310.0 17 24.427921052631582 0cd9414a_20240820_124015.data
230.0 310.0 17 24.427921052631582 0cd9414a_20240820_124039.data
210.0 310.0 17 24.532868421052633 0cd9414a_20240820_124103.data
190.0 310.0 17 24.427921052631582 0cd9414a_20240820_124127.data
170.0 310.0 17 24.532868421052633 0cd9414a_20240820_124151.data
150.0 310.0 17 24.532868421052633 0cd9414a_20240820_124215.data
130.0 310.0 17 24.427921052631582 0cd9414a_20240820_124239.data
110.0 310.0 17 24.532868421052633 0cd9414a_20240820_124303.data
90.0 310.0 17 24.427921052631582 0cd9414a_20240820_124327.data
70.0 310.0 17 24.532868421052633 0cd9414a_20240820_124351.data
50.0 310.0 17 24.532868421052633 0cd9414a_20240820_124415.data
30.0 310.0 17 24.532868421052633 0cd9414a_20240820_124439.data
10.0 310.0 17 24.427921052631582 0cd9414a_20240820_124503.data
10.0 330.0 17 24.427921052631582 0cd9414a_20240820_124527.data
30.0 330.0 17 24.427921052631582 0cd9414a_20240820_124551.data
50.0 330.0 17 24.427921052631582 0cd9414a_20240820_124615.data
70.0 330.0 17 24.427921052631582 0cd9414a_20240820_124639.data
90.0 330.0 17 24.427921052631582 0cd9414a_20240820_124703.data
110.0 330.0 17 24.427921052631582 0cd9414a_20240820_124727.data
130.0 330.0 17 24.427921052631582 0cd9414a_20240820_124751.data
150.0 330.0 17 24.427921052631582 0cd9414a_20240820_124815.data
170.0 330.0 17 24.427921052631582 0cd9414a_20240820_124839.data
190.0 330.0 17 24.427921052631582 0cd9414a_20240820_124903.data
210.0 330.0 17 24.532868421052633 0cd9414a_20240820_124927.data
230.0 330.0 17 24.532868421052633 0cd9414a_20240820_124951.data
250.0 330.0 17 24.532868421052633 0cd9414a_20240820_125015.data
270.0 330.0 17 24.427921052631582 0cd9414a_20240820_125039.data
290.0 330.0 17 24.427921052631582 0cd9414a_20240820_125103.data
10.0 350.0 17 24.427921052631582 0cd9414a_20240820_125701.data
30.0 350.0 17 24.427921052631582 0cd9414a_20240820_125725.data
50.0 350.0 17 24.427921052631582 0cd9414a_20240820_125749.data
70.0 350.0 17 24.427921052631582 0cd9414a_20240820_125813.data
90.0 350.0 17 24.427921052631582 0cd9414a_20240820_125837.data
110.0 350.0 17 24.427921052631582 0cd9414a_20240820_125901.data
130.0 350.0 17 24.427921052631582 0cd9414a_20240820_125925.data
150.0 350.0 17 24.532868421052633 0cd9414a_20240820_125949.data
170.0 350.0 17 24.532868421052633 0cd9414a_20240820_130013.data
190.0 350.0 17 24.532868421052633 0cd9414a_20240820_130037.data
210.0 350.0 17 24.532868421052633 0cd9414a_20240820_130101.data
230.0 350.0 17 24.532868421052633 0cd9414a_20240820_130125.data
250.0 350.0 17 24.532868421052633 0cd9414a_20240820_130149.data
270.0 350.0 17 24.532868421052633 0cd9414a_20240820_130213.data
290.0 350.0 17 24.427921052631582 0cd9414a_20240820_130237.data
290.0 370.0 17 24.532868421052633 0cd9414a_20240820_130301.data
270.0 370.0 17 24.427921052631582 0cd9414a_20240820_130325.data
250.0 370.0 17 24.532868421052633 0cd9414a_20240820_130349.data
230.0 370.0 17 24.427921052631582 0cd9414a_20240820_130413.data
210.0 370.0 17 24.532868421052633 0cd9414a_20240820_130437.data
190.0 370.0 17 24.427921052631582 0cd9414a_20240820_130501.data
170.0 370.0 17 24.532868421052633 0cd9414a_20240820_130525.data
150.0 370.0 17 24.427921052631582 0cd9414a_20240820_130549.data
130.0 370.0 17 24.532868421052633 0cd9414a_20240820_130613.data
110.0 370.0 17 24.532868421052633 0cd9414a_20240820_130637.data
90.0 370.0 17 24.427921052631582 0cd9414a_20240820_130701.data
70.0 370.0 17 24.427921052631582 0cd9414a_20240820_130725.data
50.0 370.0 17 24.427921052631582 0cd9414a_20240820_130749.data
30.0 370.0 17 24.427921052631582 0cd9414a_20240820_130813.data
10.0 370.0 17 24.532868421052633 0cd9414a_20240820_130837.data
10.0 390.0 17 24.427921052631582 0cd9414a_20240820_130901.data
30.0 390.0 17 24.427921052631582 0cd9414a_20240820_130925.data
50.0 390.0 17 24.427921052631582 0cd9414a_20240820_130949.data
70.0 390.0 17 24.427921052631582 0cd9414a_20240820_131013.data
90.0 390.0 17 24.532868421052633 0cd9414a_20240820_131037.data
110.0 390.0 17 24.741500000000002 0cd9414a_20240820_131101.data
130.0 390.0 17 24.637394736842104 0cd9414a_20240820_131125.data
150.0 390.0 17 24.427921052631582 0cd9414a_20240820_131149.data
170.0 390.0 17 24.532868421052633 0cd9414a_20240820_131213.data
190.0 390.0 17 24.427921052631582 0cd9414a_20240820_131237.data
210.0 390.0 17 24.532868421052633 0cd9414a_20240820_131301.data
230.0 390.0 17 24.427921052631582 0cd9414a_20240820_131325.data
250.0 390.0 17 24.637394736842104 0cd9414a_20240820_131350.data
270.0 390.0 17 24.532868421052633 0cd9414a_20240820_131414.data
290.0 390.0 17 24.532868421052633 0cd9414a_20240820_131438.data
290.0 410.0 17 24.427921052631582 0cd9414a_20240820_131502.data
270.0 410.0 17 24.532868421052633 0cd9414a_20240820_131526.data
250.0 410.0 17 24.532868421052633 0cd9414a_20240820_131550.data
230.0 410.0 17 24.532868421052633 0cd9414a_20240820_131614.data
210.0 410.0 17 24.532868421052633 0cd9414a_20240820_131638.data
190.0 410.0 17 24.427921052631582 0cd9414a_20240820_131702.data
170.0 410.0 17 24.427921052631582 0cd9414a_20240820_131726.data
150.0 410.0 17 24.427921052631582 0cd9414a_20240820_131750.data
130.0 410.0 17 24.532868421052633 0cd9414a_20240820_131814.data
110.0 410.0 17 24.427921052631582 0cd9414a_20240820_131838.data
90.0 410.0 17 24.532868421052633 0cd9414a_20240820_131902.data
70.0 410.0 17 24.427921052631582 0cd9414a_20240820_131926.data
50.0 410.0 17 24.532868421052633 0cd9414a_20240820_131950.data
30.0 410.0 17 24.427921052631582 0cd9414a_20240820_132014.data
10.0 410.0 17 24.532868421052633 0cd9414a_20240820_132038.data
10.0 430.0 17 24.427921052631582 0cd9414a_20240820_132102.data
30.0 430.0 17 24.532868421052633 0cd9414a_20240820_132126.data
50.0 430.0 17 24.427921052631582 0cd9414a_20240820_132150.data
70.0 430.0 17 24.427921052631582 0cd9414a_20240820_132214.data
90.0 430.0 17 24.532868421052633 0cd9414a_20240820_132238.data
110.0 430.0 17 24.532868421052633 0cd9414a_20240820_132302.data
130.0 430.0 17 24.532868421052633 0cd9414a_20240820_132326.data
150.0 430.0 17 24.532868421052633 0cd9414a_20240820_132350.data
170.0 430.0 17 24.532868421052633 0cd9414a_20240820_132414.data
190.0 430.0 17 24.532868421052633 0cd9414a_20240820_132438.data
210.0 430.0 17 24.532868421052633 0cd9414a_20240820_132502.data
230.0 430.0 17 24.532868421052633 0cd9414a_20240820_132526.data
250.0 430.0 17 24.532868421052633 0cd9414a_20240820_132550.data
270.0 430.0 17 24.427921052631582 0cd9414a_20240820_132614.data
290.0 430.0 17 24.532868421052633 0cd9414a_20240820_132638.data
290.0 450.0 17 24.532868421052633 0cd9414a_20240820_132702.data
270.0 450.0 17 24.427921052631582 0cd9414a_20240820_132726.data
250.0 450.0 17 24.427921052631582 0cd9414a_20240820_132750.data
230.0 450.0 17 24.532868421052633 0cd9414a_20240820_132814.data
210.0 450.0 17 24.427921052631582 0cd9414a_20240820_132838.data
190.0 450.0 17 24.532868421052633 0cd9414a_20240820_132902.data
170.0 450.0 17 24.532868421052633 0cd9414a_20240820_132926.data
150.0 450.0 17 24.637394736842104 0cd9414a_20240820_132950.data
130.0 450.0 17 24.532868421052633 0cd9414a_20240820_133014.data
110.0 450.0 17 24.532868421052633 0cd9414a_20240820_133038.data
90.0 450.0 17 24.532868421052633 0cd9414a_20240820_133102.data
70.0 450.0 17 24.427921052631582 0cd9414a_20240820_133126.data
50.0 450.0 17 24.532868421052633 0cd9414a_20240820_133150.data
30.0 450.0 17 24.532868421052633 0cd9414a_20240820_133214.data
10.0 450.0 17 24.532868421052633 0cd9414a_20240820_133238.data
10.0 470.0 17 24.532868421052633 0cd9414a_20240820_133302.data
30.0 470.0 17 24.427921052631582 0cd9414a_20240820_133326.data
50.0 470.0 17 24.427921052631582 0cd9414a_20240820_133350.data
70.0 470.0 17 24.532868421052633 0cd9414a_20240820_133414.data
90.0 470.0 17 24.532868421052633 0cd9414a_20240820_133438.data
110.0 470.0 17 24.532868421052633 0cd9414a_20240820_133502.data
130.0 470.0 17 24.427921052631582 0cd9414a_20240820_133526.data
150.0 470.0 17 24.427921052631582 0cd9414a_20240820_133550.data
170.0 470.0 17 24.532868421052633 0cd9414a_20240820_133614.data
190.0 470.0 17 24.532868421052633 0cd9414a_20240820_133638.data
210.0 470.0 17 24.532868421052633 0cd9414a_20240820_133702.data
230.0 470.0 17 24.532868421052633 0cd9414a_20240820_133726.data
250.0 470.0 17 24.532868421052633 0cd9414a_20240820_133750.data
270.0 470.0 17 24.532868421052633 0cd9414a_20240820_133814.data
290.0 470.0 17 24.532868421052633 0cd9414a_20240820_133838.data
