-1 -1 -1 25.656118942731283 0cd9414a_20240809_090103.data
10.0 10.0 17 25.656118942731283 0cd9414a_20240809_090142.data
30.0 10.0 17 25.656118942731283 0cd9414a_20240809_090206.data
50.0 10.0 17 25.89125110132159 0cd9414a_20240809_090230.data
70.0 10.0 17 25.537859030837005 0cd9414a_20240809_090254.data
90.0 10.0 17 25.773885462555068 0cd9414a_20240809_090318.data
110.0 10.0 17 25.656118942731283 0cd9414a_20240809_090342.data
130.0 10.0 17 25.656118942731283 0cd9414a_20240809_090406.data
150.0 10.0 17 25.773885462555068 0cd9414a_20240809_090430.data
170.0 10.0 17 25.656118942731283 0cd9414a_20240809_090454.data
190.0 10.0 17 25.656118942731283 0cd9414a_20240809_090518.data
210.0 10.0 17 25.773885462555068 0cd9414a_20240809_090542.data
230.0 10.0 17 25.656118942731283 0cd9414a_20240809_090606.data
250.0 10.0 17 25.773885462555068 0cd9414a_20240809_090630.data
270.0 10.0 17 25.656118942731283 0cd9414a_20240809_090654.data
290.0 10.0 17 25.656118942731283 0cd9414a_20240809_090718.data
290.0 30.0 17 25.656118942731283 0cd9414a_20240809_090742.data
270.0 30.0 17 25.656118942731283 0cd9414a_20240809_090806.data
250.0 30.0 17 25.656118942731283 0cd9414a_20240809_090830.data
230.0 30.0 17 25.773885462555068 0cd9414a_20240809_090854.data
210.0 30.0 17 25.656118942731283 0cd9414a_20240809_090918.data
190.0 30.0 17 25.773885462555068 0cd9414a_20240809_090942.data
170.0 30.0 17 25.773885462555068 0cd9414a_20240809_091006.data
150.0 30.0 17 25.773885462555068 0cd9414a_20240809_091030.data
130.0 30.0 17 25.537859030837005 0cd9414a_20240809_091055.data
110.0 30.0 17 25.773885462555068 0cd9414a_20240809_091119.data
90.0 30.0 17 25.656118942731283 0cd9414a_20240809_091143.data
70.0 30.0 17 25.89125110132159 0cd9414a_20240809_091207.data
50.0 30.0 17 25.537859030837005 0cd9414a_20240809_091231.data
30.0 30.0 17 25.656118942731283 0cd9414a_20240809_091255.data
10.0 30.0 17 25.656118942731283 0cd9414a_20240809_091319.data
10.0 50.0 17 25.656118942731283 0cd9414a_20240809_091343.data
30.0 50.0 17 25.773885462555068 0cd9414a_20240809_091407.data
50.0 50.0 17 25.656118942731283 0cd9414a_20240809_091431.data
70.0 50.0 17 25.656118942731283 0cd9414a_20240809_091455.data
90.0 50.0 17 25.89125110132159 0cd9414a_20240809_091519.data
110.0 50.0 17 25.656118942731283 0cd9414a_20240809_091543.data
130.0 50.0 17 25.656118942731283 0cd9414a_20240809_091607.data
150.0 50.0 17 25.656118942731283 0cd9414a_20240809_091631.data
170.0 50.0 17 25.656118942731283 0cd9414a_20240809_091655.data
190.0 50.0 17 25.773885462555068 0cd9414a_20240809_091719.data
210.0 50.0 17 25.537859030837005 0cd9414a_20240809_091743.data
230.0 50.0 17 25.537859030837005 0cd9414a_20240809_091807.data
250.0 50.0 17 25.656118942731283 0cd9414a_20240809_091831.data
270.0 50.0 17 25.656118942731283 0cd9414a_20240809_091855.data
290.0 50.0 17 25.656118942731283 0cd9414a_20240809_091919.data
290.0 70.0 17 25.773885462555068 0cd9414a_20240809_091943.data
270.0 70.0 17 25.656118942731283 0cd9414a_20240809_092007.data
250.0 70.0 17 25.773885462555068 0cd9414a_20240809_092031.data
230.0 70.0 17 25.773885462555068 0cd9414a_20240809_092055.data
210.0 70.0 17 25.656118942731283 0cd9414a_20240809_092119.data
190.0 70.0 17 25.656118942731283 0cd9414a_20240809_092143.data
170.0 70.0 17 25.773885462555068 0cd9414a_20240809_092207.data
150.0 70.0 17 25.656118942731283 0cd9414a_20240809_092231.data
130.0 70.0 17 25.656118942731283 0cd9414a_20240809_092255.data
110.0 70.0 17 25.656118942731283 0cd9414a_20240809_092319.data
90.0 70.0 17 25.656118942731283 0cd9414a_20240809_092343.data
70.0 70.0 17 25.656118942731283 0cd9414a_20240809_092407.data
50.0 70.0 17 25.656118942731283 0cd9414a_20240809_092431.data
30.0 70.0 17 25.773885462555068 0cd9414a_20240809_092455.data
10.0 70.0 17 25.656118942731283 0cd9414a_20240809_092519.data
10.0 90.0 17 25.656118942731283 0cd9414a_20240809_092543.data
30.0 90.0 17 25.656118942731283 0cd9414a_20240809_092607.data
50.0 90.0 17 25.656118942731283 0cd9414a_20240809_092631.data
70.0 90.0 17 25.773885462555068 0cd9414a_20240809_092655.data
90.0 90.0 17 25.773885462555068 0cd9414a_20240809_092719.data
110.0 90.0 17 25.89125110132159 0cd9414a_20240809_092743.data
130.0 90.0 17 25.773885462555068 0cd9414a_20240809_092807.data
150.0 90.0 17 25.656118942731283 0cd9414a_20240809_092831.data
170.0 90.0 17 25.656118942731283 0cd9414a_20240809_092855.data
190.0 90.0 17 25.656118942731283 0cd9414a_20240809_092919.data
210.0 90.0 17 25.656118942731283 0cd9414a_20240809_092943.data
230.0 90.0 17 25.656118942731283 0cd9414a_20240809_093007.data
250.0 90.0 17 25.656118942731283 0cd9414a_20240809_093031.data
270.0 90.0 17 25.773885462555068 0cd9414a_20240809_093055.data
290.0 90.0 17 25.656118942731283 0cd9414a_20240809_093119.data
290.0 110.0 17 25.773885462555068 0cd9414a_20240809_093143.data
270.0 110.0 17 25.773885462555068 0cd9414a_20240809_093207.data
250.0 110.0 17 25.773885462555068 0cd9414a_20240809_093231.data
230.0 110.0 17 25.773885462555068 0cd9414a_20240809_093255.data
210.0 110.0 17 25.773885462555068 0cd9414a_20240809_093319.data
190.0 110.0 17 25.537859030837005 0cd9414a_20240809_093343.data
170.0 110.0 17 25.656118942731283 0cd9414a_20240809_093407.data
150.0 110.0 17 25.773885462555068 0cd9414a_20240809_093431.data
130.0 110.0 17 25.656118942731283 0cd9414a_20240809_093455.data
110.0 110.0 17 25.656118942731283 0cd9414a_20240809_093519.data
90.0 110.0 17 25.773885462555068 0cd9414a_20240809_093543.data
70.0 110.0 17 25.656118942731283 0cd9414a_20240809_093607.data
50.0 110.0 17 25.656118942731283 0cd9414a_20240809_093631.data
30.0 110.0 17 25.656118942731283 0cd9414a_20240809_093655.data
10.0 110.0 17 25.773885462555068 0cd9414a_20240809_093719.data
10.0 130.0 17 25.656118942731283 0cd9414a_20240809_093743.data
30.0 130.0 17 25.773885462555068 0cd9414a_20240809_093807.data
50.0 130.0 17 25.773885462555068 0cd9414a_20240809_093831.data
70.0 130.0 17 25.773885462555068 0cd9414a_20240809_093855.data
90.0 130.0 17 26.008123348017623 0cd9414a_20240809_093919.data
110.0 130.0 17 26.008123348017623 0cd9414a_20240809_093943.data
130.0 130.0 17 26.008123348017623 0cd9414a_20240809_094007.data
150.0 130.0 17 26.008123348017623 0cd9414a_20240809_094031.data
170.0 130.0 17 25.773885462555068 0cd9414a_20240809_094055.data
190.0 130.0 17 25.89125110132159 0cd9414a_20240809_094119.data
210.0 130.0 17 26.008123348017623 0cd9414a_20240809_094143.data
230.0 130.0 17 26.008123348017623 0cd9414a_20240809_094207.data
250.0 130.0 17 26.008123348017623 0cd9414a_20240809_094231.data
270.0 130.0 17 25.89125110132159 0cd9414a_20240809_094255.data
290.0 130.0 17 25.773885462555068 0cd9414a_20240809_094319.data
290.0 150.0 17 25.656118942731283 0cd9414a_20240809_094343.data
270.0 150.0 17 26.008123348017623 0cd9414a_20240809_094408.data
250.0 150.0 17 26.008123348017623 0cd9414a_20240809_094432.data
230.0 150.0 17 26.008123348017623 0cd9414a_20240809_094456.data
210.0 150.0 17 26.008123348017623 0cd9414a_20240809_094520.data
190.0 150.0 17 26.008123348017623 0cd9414a_20240809_094544.data
170.0 150.0 17 25.656118942731283 0cd9414a_20240809_094608.data
150.0 150.0 17 25.773885462555068 0cd9414a_20240809_094632.data
130.0 150.0 17 25.773885462555068 0cd9414a_20240809_094656.data
110.0 150.0 17 26.008123348017623 0cd9414a_20240809_094720.data
90.0 150.0 17 26.008123348017623 0cd9414a_20240809_094744.data
70.0 150.0 17 26.008123348017623 0cd9414a_20240809_094808.data
50.0 150.0 17 26.124563876651983 0cd9414a_20240809_094832.data
30.0 150.0 17 26.008123348017623 0cd9414a_20240809_094856.data
10.0 150.0 17 26.008123348017623 0cd9414a_20240809_094920.data
10.0 170.0 17 26.124563876651983 0cd9414a_20240809_094944.data
30.0 170.0 17 25.656118942731283 0cd9414a_20240809_095008.data
50.0 170.0 17 26.008123348017623 0cd9414a_20240809_095032.data
70.0 170.0 17 26.008123348017623 0cd9414a_20240809_095056.data
90.0 170.0 17 26.008123348017623 0cd9414a_20240809_095120.data
110.0 170.0 17 25.89125110132159 0cd9414a_20240809_095144.data
130.0 170.0 17 25.656118942731283 0cd9414a_20240809_095208.data
150.0 170.0 17 26.008123348017623 0cd9414a_20240809_095232.data
170.0 170.0 17 26.124563876651983 0cd9414a_20240809_095256.data
190.0 170.0 17 25.773885462555068 0cd9414a_20240809_095320.data
210.0 170.0 17 25.89125110132159 0cd9414a_20240809_095344.data
230.0 170.0 17 26.008123348017623 0cd9414a_20240809_095408.data
250.0 170.0 17 26.008123348017623 0cd9414a_20240809_095432.data
270.0 170.0 17 25.773885462555068 0cd9414a_20240809_095456.data
290.0 170.0 17 25.773885462555068 0cd9414a_20240809_095520.data
290.0 190.0 17 25.89125110132159 0cd9414a_20240809_095544.data
270.0 190.0 17 26.008123348017623 0cd9414a_20240809_095608.data
250.0 190.0 17 26.008123348017623 0cd9414a_20240809_095632.data
230.0 190.0 17 25.773885462555068 0cd9414a_20240809_095656.data
210.0 190.0 17 26.008123348017623 0cd9414a_20240809_095720.data
190.0 190.0 17 26.008123348017623 0cd9414a_20240809_095744.data
170.0 190.0 17 26.008123348017623 0cd9414a_20240809_095808.data
150.0 190.0 17 26.124563876651983 0cd9414a_20240809_095832.data
130.0 190.0 17 25.89125110132159 0cd9414a_20240809_095856.data
110.0 190.0 17 26.008123348017623 0cd9414a_20240809_095920.data
90.0 190.0 17 26.008123348017623 0cd9414a_20240809_095944.data
70.0 190.0 17 25.89125110132159 0cd9414a_20240809_100008.data
50.0 190.0 17 25.89125110132159 0cd9414a_20240809_100032.data
30.0 190.0 17 25.89125110132159 0cd9414a_20240809_100056.data
10.0 190.0 17 26.124563876651983 0cd9414a_20240809_100120.data
10.0 210.0 17 25.773885462555068 0cd9414a_20240809_100144.data
30.0 210.0 17 25.773885462555068 0cd9414a_20240809_100208.data
50.0 210.0 17 25.89125110132159 0cd9414a_20240809_100232.data
70.0 210.0 17 26.008123348017623 0cd9414a_20240809_100256.data
90.0 210.0 17 26.008123348017623 0cd9414a_20240809_100320.data
110.0 210.0 17 25.89125110132159 0cd9414a_20240809_100344.data
130.0 210.0 17 26.124563876651983 0cd9414a_20240809_100408.data
150.0 210.0 17 25.89125110132159 0cd9414a_20240809_100432.data
170.0 210.0 17 26.008123348017623 0cd9414a_20240809_100456.data
190.0 210.0 17 26.124563876651983 0cd9414a_20240809_100520.data
210.0 210.0 17 26.124563876651983 0cd9414a_20240809_100544.data
230.0 210.0 17 25.89125110132159 0cd9414a_20240809_100608.data
250.0 210.0 17 26.008123348017623 0cd9414a_20240809_100632.data
270.0 210.0 17 26.124563876651983 0cd9414a_20240809_100656.data
290.0 210.0 17 26.008123348017623 0cd9414a_20240809_100720.data
290.0 230.0 17 26.124563876651983 0cd9414a_20240809_100744.data
270.0 230.0 17 25.773885462555068 0cd9414a_20240809_100808.data
250.0 230.0 17 26.008123348017623 0cd9414a_20240809_100832.data
230.0 230.0 17 26.124563876651983 0cd9414a_20240809_100856.data
210.0 230.0 17 26.008123348017623 0cd9414a_20240809_100920.data
190.0 230.0 17 26.124563876651983 0cd9414a_20240809_100944.data
170.0 230.0 17 25.773885462555068 0cd9414a_20240809_101008.data
150.0 230.0 17 26.008123348017623 0cd9414a_20240809_101032.data
130.0 230.0 17 26.008123348017623 0cd9414a_20240809_101056.data
110.0 230.0 17 25.89125110132159 0cd9414a_20240809_101120.data
90.0 230.0 17 25.89125110132159 0cd9414a_20240809_101144.data
70.0 230.0 17 25.773885462555068 0cd9414a_20240809_101208.data
50.0 230.0 17 26.124563876651983 0cd9414a_20240809_101232.data
30.0 230.0 17 26.124563876651983 0cd9414a_20240809_101256.data
10.0 230.0 17 25.773885462555068 0cd9414a_20240809_101320.data
10.0 250.0 17 26.124563876651983 0cd9414a_20240809_101344.data
30.0 250.0 17 26.124563876651983 0cd9414a_20240809_101408.data
50.0 250.0 17 26.008123348017623 0cd9414a_20240809_101432.data
70.0 250.0 17 26.008123348017623 0cd9414a_20240809_101456.data
90.0 250.0 17 26.124563876651983 0cd9414a_20240809_101520.data
110.0 250.0 17 26.008123348017623 0cd9414a_20240809_101544.data
130.0 250.0 17 26.124563876651983 0cd9414a_20240809_101608.data
150.0 250.0 17 25.773885462555068 0cd9414a_20240809_101632.data
170.0 250.0 17 25.773885462555068 0cd9414a_20240809_101656.data
190.0 250.0 17 26.124563876651983 0cd9414a_20240809_101720.data
210.0 250.0 17 26.124563876651983 0cd9414a_20240809_101744.data
230.0 250.0 17 26.008123348017623 0cd9414a_20240809_101809.data
250.0 250.0 17 26.124563876651983 0cd9414a_20240809_101833.data
270.0 250.0 17 26.008123348017623 0cd9414a_20240809_101857.data
290.0 250.0 17 25.773885462555068 0cd9414a_20240809_101921.data
290.0 270.0 17 25.89125110132159 0cd9414a_20240809_101945.data
270.0 270.0 17 26.008123348017623 0cd9414a_20240809_102009.data
250.0 270.0 17 26.008123348017623 0cd9414a_20240809_102033.data
230.0 270.0 17 25.89125110132159 0cd9414a_20240809_102057.data
210.0 270.0 17 26.124563876651983 0cd9414a_20240809_102121.data
190.0 270.0 17 25.89125110132159 0cd9414a_20240809_102145.data
170.0 270.0 17 26.124563876651983 0cd9414a_20240809_102209.data
150.0 270.0 17 26.124563876651983 0cd9414a_20240809_102233.data
130.0 270.0 17 26.124563876651983 0cd9414a_20240809_102257.data
110.0 270.0 17 26.124563876651983 0cd9414a_20240809_102321.data
90.0 270.0 17 26.008123348017623 0cd9414a_20240809_102345.data
70.0 270.0 17 26.124563876651983 0cd9414a_20240809_102409.data
50.0 270.0 17 25.89125110132159 0cd9414a_20240809_102433.data
30.0 270.0 17 26.124563876651983 0cd9414a_20240809_102457.data
10.0 270.0 17 26.124563876651983 0cd9414a_20240809_102521.data
10.0 290.0 17 26.124563876651983 0cd9414a_20240809_102545.data
30.0 290.0 17 26.124563876651983 0cd9414a_20240809_102609.data
50.0 290.0 17 26.124563876651983 0cd9414a_20240809_102633.data
70.0 290.0 17 26.124563876651983 0cd9414a_20240809_102657.data
90.0 290.0 17 26.124563876651983 0cd9414a_20240809_102721.data
110.0 290.0 17 25.89125110132159 0cd9414a_20240809_102745.data
130.0 290.0 17 26.124563876651983 0cd9414a_20240809_102809.data
150.0 290.0 17 26.124563876651983 0cd9414a_20240809_102833.data
170.0 290.0 17 25.89125110132159 0cd9414a_20240809_102857.data
190.0 290.0 17 25.89125110132159 0cd9414a_20240809_102921.data
210.0 290.0 17 25.89125110132159 0cd9414a_20240809_102945.data
230.0 290.0 17 25.89125110132159 0cd9414a_20240809_103009.data
250.0 290.0 17 25.773885462555068 0cd9414a_20240809_103033.data
270.0 290.0 17 25.89125110132159 0cd9414a_20240809_103057.data
290.0 290.0 17 26.124563876651983 0cd9414a_20240809_103121.data
290.0 310.0 17 26.124563876651983 0cd9414a_20240809_103145.data
270.0 310.0 17 26.124563876651983 0cd9414a_20240809_103209.data
250.0 310.0 17 26.008123348017623 0cd9414a_20240809_103233.data
230.0 310.0 17 26.008123348017623 0cd9414a_20240809_103257.data
210.0 310.0 17 26.124563876651983 0cd9414a_20240809_103321.data
190.0 310.0 17 -1 0cd9414a_20240809_103345.data
170.0 310.0 17 25.89125110132159 0cd9414a_20240809_103409.data
150.0 310.0 17 25.773885462555068 0cd9414a_20240809_103433.data
130.0 310.0 17 -1 0cd9414a_20240809_103457.data
110.0 310.0 17 26.124563876651983 0cd9414a_20240809_103521.data
90.0 310.0 17 26.124563876651983 0cd9414a_20240809_103545.data
70.0 310.0 17 26.124563876651983 0cd9414a_20240809_103609.data
50.0 310.0 17 26.124563876651983 0cd9414a_20240809_103633.data
30.0 310.0 17 26.124563876651983 0cd9414a_20240809_103657.data
10.0 310.0 17 26.008123348017623 0cd9414a_20240809_103721.data
10.0 330.0 17 -1 0cd9414a_20240809_103745.data
30.0 330.0 17 26.008123348017623 0cd9414a_20240809_103809.data
50.0 330.0 17 26.124563876651983 0cd9414a_20240809_103833.data
70.0 330.0 17 26.124563876651983 0cd9414a_20240809_103857.data
90.0 330.0 17 26.008370044052867 0cd9414a_20240809_103921.data
110.0 330.0 17 26.008123348017623 0cd9414a_20240809_103945.data
130.0 330.0 17 26.008123348017623 0cd9414a_20240809_104009.data
150.0 330.0 17 26.008123348017623 0cd9414a_20240809_104033.data
170.0 330.0 17 26.008123348017623 0cd9414a_20240809_104057.data
190.0 330.0 17 26.008123348017623 0cd9414a_20240809_104121.data
210.0 330.0 17 26.008123348017623 0cd9414a_20240809_104145.data
230.0 330.0 17 26.008123348017623 0cd9414a_20240809_104209.data
250.0 330.0 17 26.008123348017623 0cd9414a_20240809_104233.data
270.0 330.0 17 25.89125110132159 0cd9414a_20240809_104257.data
290.0 330.0 17 26.008123348017623 0cd9414a_20240809_104321.data
10.0 350.0 17 26.008123348017623 0cd9414a_20240809_104438.data
30.0 350.0 17 26.008123348017623 0cd9414a_20240809_104502.data
50.0 350.0 17 26.008123348017623 0cd9414a_20240809_104526.data
70.0 350.0 17 26.008123348017623 0cd9414a_20240809_104550.data
90.0 350.0 17 26.008123348017623 0cd9414a_20240809_104614.data
110.0 350.0 17 26.008123348017623 0cd9414a_20240809_104638.data
130.0 350.0 17 26.008123348017623 0cd9414a_20240809_104702.data
150.0 350.0 17 26.124563876651983 0cd9414a_20240809_104726.data
170.0 350.0 17 26.008123348017623 0cd9414a_20240809_104751.data
190.0 350.0 17 26.008123348017623 0cd9414a_20240809_104815.data
210.0 350.0 17 26.008123348017623 0cd9414a_20240809_104839.data
230.0 350.0 17 26.008123348017623 0cd9414a_20240809_104903.data
250.0 350.0 17 26.008123348017623 0cd9414a_20240809_104927.data
270.0 350.0 17 26.008123348017623 0cd9414a_20240809_104951.data
290.0 350.0 17 26.008123348017623 0cd9414a_20240809_105015.data
290.0 370.0 17 26.008123348017623 0cd9414a_20240809_105039.data
270.0 370.0 17 25.89125110132159 0cd9414a_20240809_105103.data
250.0 370.0 17 26.008123348017623 0cd9414a_20240809_105127.data
230.0 370.0 17 25.89125110132159 0cd9414a_20240809_105151.data
210.0 370.0 17 26.008123348017623 0cd9414a_20240809_105215.data
190.0 370.0 17 26.008123348017623 0cd9414a_20240809_105239.data
170.0 370.0 17 26.008123348017623 0cd9414a_20240809_105303.data
150.0 370.0 17 26.008123348017623 0cd9414a_20240809_105327.data
130.0 370.0 17 26.008123348017623 0cd9414a_20240809_105351.data
110.0 370.0 17 26.008123348017623 0cd9414a_20240809_105415.data
90.0 370.0 17 26.008123348017623 0cd9414a_20240809_105439.data
70.0 370.0 17 26.008123348017623 0cd9414a_20240809_105503.data
50.0 370.0 17 26.008123348017623 0cd9414a_20240809_105527.data
30.0 370.0 17 26.008123348017623 0cd9414a_20240809_105551.data
10.0 370.0 17 26.008123348017623 0cd9414a_20240809_105615.data
10.0 390.0 17 26.008123348017623 0cd9414a_20240809_105639.data
30.0 390.0 17 26.008123348017623 0cd9414a_20240809_105703.data
50.0 390.0 17 26.008123348017623 0cd9414a_20240809_105727.data
70.0 390.0 17 26.008123348017623 0cd9414a_20240809_105751.data
90.0 390.0 17 26.008123348017623 0cd9414a_20240809_105815.data
110.0 390.0 17 26.008123348017623 0cd9414a_20240809_105839.data
130.0 390.0 17 26.008123348017623 0cd9414a_20240809_105903.data
150.0 390.0 17 26.008123348017623 0cd9414a_20240809_105927.data
170.0 390.0 17 26.008123348017623 0cd9414a_20240809_105951.data
190.0 390.0 17 26.008123348017623 0cd9414a_20240809_110015.data
210.0 390.0 17 26.008123348017623 0cd9414a_20240809_110039.data
230.0 390.0 17 26.008123348017623 0cd9414a_20240809_110103.data
250.0 390.0 17 26.008123348017623 0cd9414a_20240809_110127.data
270.0 390.0 17 26.008123348017623 0cd9414a_20240809_110151.data
290.0 390.0 17 26.008123348017623 0cd9414a_20240809_110215.data
290.0 410.0 17 26.008123348017623 0cd9414a_20240809_110239.data
270.0 410.0 17 26.008123348017623 0cd9414a_20240809_110303.data
250.0 410.0 17 26.008123348017623 0cd9414a_20240809_110327.data
230.0 410.0 17 26.008123348017623 0cd9414a_20240809_110351.data
210.0 410.0 17 26.008123348017623 0cd9414a_20240809_110415.data
190.0 410.0 17 25.89125110132159 0cd9414a_20240809_110439.data
170.0 410.0 17 26.008123348017623 0cd9414a_20240809_110503.data
150.0 410.0 17 26.008123348017623 0cd9414a_20240809_110527.data
130.0 410.0 17 26.008123348017623 0cd9414a_20240809_110551.data
110.0 410.0 17 26.008123348017623 0cd9414a_20240809_110615.data
90.0 410.0 17 26.008123348017623 0cd9414a_20240809_110639.data
70.0 410.0 17 26.008123348017623 0cd9414a_20240809_110703.data
50.0 410.0 17 26.008123348017623 0cd9414a_20240809_110727.data
30.0 410.0 17 26.008123348017623 0cd9414a_20240809_110751.data
10.0 410.0 17 26.008123348017623 0cd9414a_20240809_110815.data
10.0 430.0 17 26.008123348017623 0cd9414a_20240809_110839.data
30.0 430.0 17 26.008123348017623 0cd9414a_20240809_110903.data
50.0 430.0 17 26.008123348017623 0cd9414a_20240809_110927.data
70.0 430.0 17 26.008123348017623 0cd9414a_20240809_110951.data
90.0 430.0 17 26.008123348017623 0cd9414a_20240809_111015.data
110.0 430.0 17 26.008123348017623 0cd9414a_20240809_111039.data
130.0 430.0 17 26.008123348017623 0cd9414a_20240809_111103.data
150.0 430.0 17 26.008123348017623 0cd9414a_20240809_111127.data
170.0 430.0 17 26.008123348017623 0cd9414a_20240809_111151.data
190.0 430.0 17 26.008123348017623 0cd9414a_20240809_111215.data
210.0 430.0 17 26.008123348017623 0cd9414a_20240809_111239.data
230.0 430.0 17 26.008123348017623 0cd9414a_20240809_111303.data
250.0 430.0 17 26.008123348017623 0cd9414a_20240809_111327.data
270.0 430.0 17 26.008123348017623 0cd9414a_20240809_111351.data
290.0 430.0 17 26.008123348017623 0cd9414a_20240809_111415.data
290.0 450.0 17 26.008123348017623 0cd9414a_20240809_111439.data
270.0 450.0 17 26.008123348017623 0cd9414a_20240809_111503.data
250.0 450.0 17 26.008123348017623 0cd9414a_20240809_111527.data
230.0 450.0 17 26.008123348017623 0cd9414a_20240809_111551.data
210.0 450.0 17 26.008123348017623 0cd9414a_20240809_111615.data
190.0 450.0 17 26.008123348017623 0cd9414a_20240809_111639.data
170.0 450.0 17 26.008123348017623 0cd9414a_20240809_111703.data
150.0 450.0 17 26.008123348017623 0cd9414a_20240809_111727.data
130.0 450.0 17 26.008123348017623 0cd9414a_20240809_111751.data
110.0 450.0 17 26.124563876651983 0cd9414a_20240809_111815.data
90.0 450.0 17 26.008123348017623 0cd9414a_20240809_111839.data
70.0 450.0 17 26.008123348017623 0cd9414a_20240809_111903.data
50.0 450.0 17 26.008123348017623 0cd9414a_20240809_111927.data
30.0 450.0 17 26.008123348017623 0cd9414a_20240809_111951.data
10.0 450.0 17 26.008123348017623 0cd9414a_20240809_112015.data
10.0 470.0 17 26.008123348017623 0cd9414a_20240809_112039.data
30.0 470.0 17 26.008123348017623 0cd9414a_20240809_112103.data
50.0 470.0 17 26.008123348017623 0cd9414a_20240809_112127.data
70.0 470.0 17 26.008123348017623 0cd9414a_20240809_112152.data
90.0 470.0 17 26.008123348017623 0cd9414a_20240809_112216.data
110.0 470.0 17 26.008123348017623 0cd9414a_20240809_112240.data
130.0 470.0 17 26.008123348017623 0cd9414a_20240809_112304.data
150.0 470.0 17 26.008123348017623 0cd9414a_20240809_112328.data
170.0 470.0 17 26.008123348017623 0cd9414a_20240809_112352.data
190.0 470.0 17 26.008123348017623 0cd9414a_20240809_112416.data
210.0 470.0 17 26.008123348017623 0cd9414a_20240809_112440.data
230.0 470.0 17 26.008123348017623 0cd9414a_20240809_112504.data
250.0 470.0 17 26.008123348017623 0cd9414a_20240809_112528.data
270.0 470.0 17 26.008123348017623 0cd9414a_20240809_112552.data
290.0 470.0 17 26.008123348017623 0cd9414a_20240809_112616.data
