-1 -1 -1 26.81392511013216 0cd9414a_20240808_091201.data
10.0 10.0 17 26.81392511013216 0cd9414a_20240808_091240.data
30.0 10.0 17 26.81392511013216 0cd9414a_20240808_091304.data
50.0 10.0 17 26.81392511013216 0cd9414a_20240808_091328.data
70.0 10.0 17 26.81392511013216 0cd9414a_20240808_091352.data
90.0 10.0 17 26.81392511013216 0cd9414a_20240808_091416.data
110.0 10.0 17 26.81392511013216 0cd9414a_20240808_091440.data
130.0 10.0 17 26.81392511013216 0cd9414a_20240808_091504.data
150.0 10.0 17 26.81392511013216 0cd9414a_20240808_091528.data
170.0 10.0 17 26.81392511013216 0cd9414a_20240808_091552.data
190.0 10.0 17 26.81392511013216 0cd9414a_20240808_091616.data
210.0 10.0 17 26.81392511013216 0cd9414a_20240808_091640.data
230.0 10.0 17 26.700136563876654 0cd9414a_20240808_091704.data
250.0 10.0 17 26.81392511013216 0cd9414a_20240808_091728.data
270.0 10.0 17 26.81392511013216 0cd9414a_20240808_091752.data
290.0 10.0 17 26.81392511013216 0cd9414a_20240808_091816.data
290.0 30.0 17 26.81392511013216 0cd9414a_20240808_091840.data
270.0 30.0 17 26.81392511013216 0cd9414a_20240808_091904.data
250.0 30.0 17 26.81392511013216 0cd9414a_20240808_091928.data
230.0 30.0 17 26.81392511013216 0cd9414a_20240808_091952.data
210.0 30.0 17 26.81392511013216 0cd9414a_20240808_092016.data
190.0 30.0 17 26.81392511013216 0cd9414a_20240808_092040.data
170.0 30.0 17 26.81392511013216 0cd9414a_20240808_092104.data
150.0 30.0 17 26.81392511013216 0cd9414a_20240808_092128.data
130.0 30.0 17 26.700136563876654 0cd9414a_20240808_092152.data
110.0 30.0 17 26.81392511013216 0cd9414a_20240808_092216.data
90.0 30.0 17 26.81392511013216 0cd9414a_20240808_092240.data
70.0 30.0 17 26.81392511013216 0cd9414a_20240808_092304.data
50.0 30.0 17 26.81392511013216 0cd9414a_20240808_092328.data
30.0 30.0 17 26.81392511013216 0cd9414a_20240808_092352.data
10.0 30.0 17 26.700136563876654 0cd9414a_20240808_092416.data
10.0 50.0 17 26.81392511013216 0cd9414a_20240808_092440.data
30.0 50.0 17 26.585916299559475 0cd9414a_20240808_092504.data
50.0 50.0 17 26.585916299559475 0cd9414a_20240808_092528.data
70.0 50.0 17 26.700136563876654 0cd9414a_20240808_092553.data
90.0 50.0 17 26.9273127753304 0cd9414a_20240808_092617.data
110.0 50.0 17 26.81392511013216 0cd9414a_20240808_092641.data
130.0 50.0 17 26.700136563876654 0cd9414a_20240808_092705.data
150.0 50.0 17 26.700136563876654 0cd9414a_20240808_092729.data
170.0 50.0 17 26.700136563876654 0cd9414a_20240808_092753.data
190.0 50.0 17 26.81392511013216 0cd9414a_20240808_092817.data
210.0 50.0 17 26.700136563876654 0cd9414a_20240808_092841.data
230.0 50.0 17 26.700136563876654 0cd9414a_20240808_092905.data
250.0 50.0 17 26.700136563876654 0cd9414a_20240808_092929.data
270.0 50.0 17 26.81392511013216 0cd9414a_20240808_092953.data
290.0 50.0 17 26.700136563876654 0cd9414a_20240808_093017.data
290.0 70.0 17 26.700136563876654 0cd9414a_20240808_093041.data
270.0 70.0 17 26.700136563876654 0cd9414a_20240808_093105.data
250.0 70.0 17 26.700136563876654 0cd9414a_20240808_093129.data
230.0 70.0 17 26.700136563876654 0cd9414a_20240808_093153.data
210.0 70.0 17 26.700136563876654 0cd9414a_20240808_093217.data
190.0 70.0 17 26.700136563876654 0cd9414a_20240808_093241.data
170.0 70.0 17 26.700136563876654 0cd9414a_20240808_093305.data
150.0 70.0 17 26.700136563876654 0cd9414a_20240808_093329.data
130.0 70.0 17 26.700136563876654 0cd9414a_20240808_093353.data
110.0 70.0 17 26.700136563876654 0cd9414a_20240808_093417.data
90.0 70.0 17 26.585916299559475 0cd9414a_20240808_093441.data
70.0 70.0 17 26.700136563876654 0cd9414a_20240808_093505.data
50.0 70.0 17 26.9273127753304 0cd9414a_20240808_093529.data
30.0 70.0 17 26.700136563876654 0cd9414a_20240808_093553.data
10.0 70.0 17 26.700136563876654 0cd9414a_20240808_093617.data
10.0 90.0 17 26.700136563876654 0cd9414a_20240808_093641.data
30.0 90.0 17 26.585916299559475 0cd9414a_20240808_093705.data
50.0 90.0 17 26.585916299559475 0cd9414a_20240808_093729.data
70.0 90.0 17 26.700136563876654 0cd9414a_20240808_093753.data
90.0 90.0 17 26.700136563876654 0cd9414a_20240808_093817.data
110.0 90.0 17 26.700136563876654 0cd9414a_20240808_093841.data
130.0 90.0 17 26.585916299559475 0cd9414a_20240808_093905.data
150.0 90.0 17 26.700136563876654 0cd9414a_20240808_093929.data
170.0 90.0 17 26.700136563876654 0cd9414a_20240808_093953.data
190.0 90.0 17 26.585916299559475 0cd9414a_20240808_094017.data
210.0 90.0 17 26.585916299559475 0cd9414a_20240808_094041.data
230.0 90.0 17 26.471233480176213 0cd9414a_20240808_094105.data
250.0 90.0 17 26.700136563876654 0cd9414a_20240808_094129.data
270.0 90.0 17 26.585916299559475 0cd9414a_20240808_094153.data
290.0 90.0 17 26.585916299559475 0cd9414a_20240808_094217.data
290.0 110.0 17 26.585916299559475 0cd9414a_20240808_094241.data
270.0 110.0 17 26.585916299559475 0cd9414a_20240808_094305.data
250.0 110.0 17 26.700136563876654 0cd9414a_20240808_094329.data
230.0 110.0 17 26.700136563876654 0cd9414a_20240808_094353.data
210.0 110.0 17 26.700136563876654 0cd9414a_20240808_094417.data
190.0 110.0 17 26.700136563876654 0cd9414a_20240808_094441.data
170.0 110.0 17 26.585916299559475 0cd9414a_20240808_094505.data
150.0 110.0 17 26.585916299559475 0cd9414a_20240808_094529.data
130.0 110.0 17 26.700136563876654 0cd9414a_20240808_094553.data
110.0 110.0 17 26.700136563876654 0cd9414a_20240808_094617.data
90.0 110.0 17 26.700136563876654 0cd9414a_20240808_094641.data
70.0 110.0 17 26.585916299559475 0cd9414a_20240808_094705.data
50.0 110.0 17 26.700136563876654 0cd9414a_20240808_094729.data
30.0 110.0 17 26.585916299559475 0cd9414a_20240808_094753.data
10.0 110.0 17 26.81392511013216 0cd9414a_20240808_094817.data
10.0 130.0 17 26.585916299559475 0cd9414a_20240808_094841.data
30.0 130.0 17 26.585916299559475 0cd9414a_20240808_094905.data
50.0 130.0 17 26.700136563876654 0cd9414a_20240808_094929.data
70.0 130.0 17 26.700136563876654 0cd9414a_20240808_094929.data
90.0 130.0 17 26.700136563876654 0cd9414a_20240808_094929.data
110.0 130.0 17 26.585916299559475 0cd9414a_20240808_094929.data
130.0 130.0 17 26.700136563876654 0cd9414a_20240808_094929.data
150.0 130.0 17 26.471233480176213 0cd9414a_20240808_094929.data
170.0 130.0 17 26.471233480176213 0cd9414a_20240808_094929.data
190.0 130.0 17 26.585916299559475 0cd9414a_20240808_094929.data
210.0 130.0 17 26.585916299559475 0cd9414a_20240808_094929.data
230.0 130.0 17 26.700136563876654 0cd9414a_20240808_094929.data
250.0 130.0 17 26.585916299559475 0cd9414a_20240808_094929.data
270.0 130.0 17 26.585916299559475 0cd9414a_20240808_094929.data
290.0 130.0 17 26.585916299559475 0cd9414a_20240808_094929.data
290.0 150.0 17 26.700136563876654 0cd9414a_20240808_094929.data
270.0 150.0 17 26.700136563876654 0cd9414a_20240808_094929.data
250.0 150.0 17 26.585916299559475 0cd9414a_20240808_094929.data
230.0 150.0 17 26.585916299559475 0cd9414a_20240808_094929.data
210.0 150.0 17 26.585916299559475 0cd9414a_20240808_094929.data
190.0 150.0 17 26.585916299559475 0cd9414a_20240808_094929.data
170.0 150.0 17 26.585916299559475 0cd9414a_20240808_094929.data
150.0 150.0 17 26.585916299559475 0cd9414a_20240808_094929.data
130.0 150.0 17 26.700136563876654 0cd9414a_20240808_094929.data
110.0 150.0 17 26.585916299559475 0cd9414a_20240808_094929.data
90.0 150.0 17 26.585916299559475 0cd9414a_20240808_094929.data
70.0 150.0 17 26.585916299559475 0cd9414a_20240808_094929.data
50.0 150.0 17 26.585916299559475 0cd9414a_20240808_094929.data
30.0 150.0 17 26.585916299559475 0cd9414a_20240808_094929.data
10.0 150.0 17 26.700136563876654 0cd9414a_20240808_094929.data
10.0 170.0 17 26.585916299559475 0cd9414a_20240808_094929.data
30.0 170.0 17 26.585916299559475 0cd9414a_20240808_094929.data
50.0 170.0 17 26.81392511013216 0cd9414a_20240808_094929.data
70.0 170.0 17 26.585916299559475 0cd9414a_20240808_094929.data
90.0 170.0 17 26.700136563876654 0cd9414a_20240808_094929.data
110.0 170.0 17 26.700136563876654 0cd9414a_20240808_094929.data
130.0 170.0 17 26.585916299559475 0cd9414a_20240808_094929.data
150.0 170.0 17 26.700136563876654 0cd9414a_20240808_094929.data
170.0 170.0 17 26.585916299559475 0cd9414a_20240808_094929.data
190.0 170.0 17 26.700136563876654 0cd9414a_20240808_094929.data
210.0 170.0 17 26.700136563876654 0cd9414a_20240808_094929.data
230.0 170.0 17 26.585916299559475 0cd9414a_20240808_094929.data
250.0 170.0 17 26.700136563876654 0cd9414a_20240808_094929.data
270.0 170.0 17 26.700136563876654 0cd9414a_20240808_094929.data
290.0 170.0 17 26.700136563876654 0cd9414a_20240808_094929.data
290.0 190.0 17 26.700136563876654 0cd9414a_20240808_094929.data
270.0 190.0 17 26.700136563876654 0cd9414a_20240808_094929.data
250.0 190.0 17 26.585916299559475 0cd9414a_20240808_094929.data
230.0 190.0 17 26.585916299559475 0cd9414a_20240808_094929.data
210.0 190.0 17 26.700136563876654 0cd9414a_20240808_094929.data
190.0 190.0 17 26.585916299559475 0cd9414a_20240808_094929.data
170.0 190.0 17 26.700136563876654 0cd9414a_20240808_094929.data
150.0 190.0 17 26.585916299559475 0cd9414a_20240808_094929.data
130.0 190.0 17 26.700136563876654 0cd9414a_20240808_094929.data
110.0 190.0 17 26.700136563876654 0cd9414a_20240808_094929.data
90.0 190.0 17 26.700136563876654 0cd9414a_20240808_094929.data
70.0 190.0 17 26.585916299559475 0cd9414a_20240808_094929.data
50.0 190.0 17 26.700136563876654 0cd9414a_20240808_094929.data
30.0 190.0 17 26.585916299559475 0cd9414a_20240808_094929.data
10.0 190.0 17 26.585916299559475 0cd9414a_20240808_094929.data
10.0 210.0 17 26.585916299559475 0cd9414a_20240808_094929.data
30.0 210.0 17 26.585916299559475 0cd9414a_20240808_094929.data
50.0 210.0 17 26.585916299559475 0cd9414a_20240808_094929.data
70.0 210.0 17 26.700136563876654 0cd9414a_20240808_094929.data
90.0 210.0 17 26.700136563876654 0cd9414a_20240808_094929.data
110.0 210.0 17 26.585916299559475 0cd9414a_20240808_094929.data
130.0 210.0 17 26.585916299559475 0cd9414a_20240808_094929.data
150.0 210.0 17 26.585916299559475 0cd9414a_20240808_094929.data
170.0 210.0 17 26.700136563876654 0cd9414a_20240808_094929.data
190.0 210.0 17 26.700136563876654 0cd9414a_20240808_094929.data
210.0 210.0 17 26.585916299559475 0cd9414a_20240808_094929.data
230.0 210.0 17 26.700136563876654 0cd9414a_20240808_094929.data
250.0 210.0 17 26.700136563876654 0cd9414a_20240808_094929.data
270.0 210.0 17 26.585916299559475 0cd9414a_20240808_094929.data
290.0 210.0 17 26.585916299559475 0cd9414a_20240808_094929.data
290.0 230.0 17 26.585916299559475 0cd9414a_20240808_094929.data
270.0 230.0 17 26.585916299559475 0cd9414a_20240808_094929.data
250.0 230.0 17 26.700136563876654 0cd9414a_20240808_094929.data
230.0 230.0 17 26.585916299559475 0cd9414a_20240808_094929.data
210.0 230.0 17 26.585916299559475 0cd9414a_20240808_094929.data
190.0 230.0 17 26.585916299559475 0cd9414a_20240808_094929.data
170.0 230.0 17 26.585916299559475 0cd9414a_20240808_094929.data
150.0 230.0 17 26.81392511013216 0cd9414a_20240808_094929.data
130.0 230.0 17 26.585916299559475 0cd9414a_20240808_094929.data
110.0 230.0 17 26.700136563876654 0cd9414a_20240808_094929.data
90.0 230.0 17 26.585916299559475 0cd9414a_20240808_094929.data
70.0 230.0 17 26.700136563876654 0cd9414a_20240808_094929.data
50.0 230.0 17 26.471233480176213 0cd9414a_20240808_094929.data
30.0 230.0 17 26.585916299559475 0cd9414a_20240808_094929.data
10.0 230.0 17 26.700136563876654 0cd9414a_20240808_094929.data
10.0 250.0 17 26.700136563876654 0cd9414a_20240808_094929.data
30.0 250.0 17 26.585916299559475 0cd9414a_20240808_094929.data
50.0 250.0 17 26.585916299559475 0cd9414a_20240808_094929.data
70.0 250.0 17 26.700136563876654 0cd9414a_20240808_094929.data
90.0 250.0 17 26.585916299559475 0cd9414a_20240808_094929.data
110.0 250.0 17 26.585916299559475 0cd9414a_20240808_094929.data
130.0 250.0 17 26.585916299559475 0cd9414a_20240808_094929.data
150.0 250.0 17 26.585916299559475 0cd9414a_20240808_094929.data
170.0 250.0 17 26.585916299559475 0cd9414a_20240808_094929.data
190.0 250.0 17 26.585916299559475 0cd9414a_20240808_094929.data
210.0 250.0 17 26.585916299559475 0cd9414a_20240808_094929.data
230.0 250.0 17 26.585916299559475 0cd9414a_20240808_094929.data
250.0 250.0 17 26.585916299559475 0cd9414a_20240808_094929.data
270.0 250.0 17 26.700136563876654 0cd9414a_20240808_094929.data
290.0 250.0 17 26.700136563876654 0cd9414a_20240808_094929.data
290.0 270.0 17 26.585916299559475 0cd9414a_20240808_094929.data
270.0 270.0 17 26.700136563876654 0cd9414a_20240808_094929.data
250.0 270.0 17 26.585916299559475 0cd9414a_20240808_094929.data
230.0 270.0 17 26.585916299559475 0cd9414a_20240808_094929.data
210.0 270.0 17 26.585916299559475 0cd9414a_20240808_094929.data
190.0 270.0 17 26.700136563876654 0cd9414a_20240808_094929.data
170.0 270.0 17 26.700136563876654 0cd9414a_20240808_094929.data
150.0 270.0 17 26.700136563876654 0cd9414a_20240808_094929.data
130.0 270.0 17 26.81392511013216 0cd9414a_20240808_094929.data
110.0 270.0 17 26.585916299559475 0cd9414a_20240808_094929.data
90.0 270.0 17 26.585916299559475 0cd9414a_20240808_094929.data
70.0 270.0 17 26.585916299559475 0cd9414a_20240808_094929.data
50.0 270.0 17 26.585916299559475 0cd9414a_20240808_094929.data
30.0 270.0 17 26.81392511013216 0cd9414a_20240808_094929.data
10.0 270.0 17 26.585916299559475 0cd9414a_20240808_094929.data
10.0 290.0 17 26.585916299559475 0cd9414a_20240808_094929.data
30.0 290.0 17 26.700136563876654 0cd9414a_20240808_094929.data
50.0 290.0 17 26.700136563876654 0cd9414a_20240808_094929.data
70.0 290.0 17 26.585916299559475 0cd9414a_20240808_094929.data
90.0 290.0 17 26.585916299559475 0cd9414a_20240808_094929.data
110.0 290.0 17 26.585916299559475 0cd9414a_20240808_094929.data
130.0 290.0 17 26.585916299559475 0cd9414a_20240808_094929.data
150.0 290.0 17 26.585916299559475 0cd9414a_20240808_094929.data
170.0 290.0 17 26.585916299559475 0cd9414a_20240808_094929.data
190.0 290.0 17 26.585916299559475 0cd9414a_20240808_094929.data
210.0 290.0 17 26.585916299559475 0cd9414a_20240808_094929.data
230.0 290.0 17 26.585916299559475 0cd9414a_20240808_094929.data
250.0 290.0 17 26.585916299559475 0cd9414a_20240808_094929.data
270.0 290.0 17 26.585916299559475 0cd9414a_20240808_094929.data
290.0 290.0 17 26.585916299559475 0cd9414a_20240808_094929.data
290.0 310.0 17 26.700136563876654 0cd9414a_20240808_094929.data
270.0 310.0 17 26.585916299559475 0cd9414a_20240808_094929.data
250.0 310.0 17 -1 0cd9414a_20240808_094929.data
230.0 310.0 17 26.700136563876654 0cd9414a_20240808_094929.data
210.0 310.0 17 26.585916299559475 0cd9414a_20240808_094929.data
190.0 310.0 17 -1 0cd9414a_20240808_094929.data
170.0 310.0 17 26.585916299559475 0cd9414a_20240808_094929.data
150.0 310.0 17 26.585916299559475 0cd9414a_20240808_094929.data
130.0 310.0 17 26.700136563876654 0cd9414a_20240808_094929.data
110.0 310.0 17 26.700136563876654 0cd9414a_20240808_094929.data
90.0 310.0 17 26.585916299559475 0cd9414a_20240808_094929.data
70.0 310.0 17 26.585916299559475 0cd9414a_20240808_094929.data
50.0 310.0 17 -1 0cd9414a_20240808_094929.data
30.0 310.0 17 26.585916299559475 0cd9414a_20240808_094929.data
10.0 310.0 17 26.585916299559475 0cd9414a_20240808_094929.data
10.0 330.0 17 26.700136563876654 0cd9414a_20240808_094929.data
30.0 330.0 17 26.70220264317181 0cd9414a_20240808_094929.data
50.0 330.0 17 26.585916299559475 0cd9414a_20240808_094929.data
70.0 330.0 17 26.585916299559475 0cd9414a_20240808_094929.data
90.0 330.0 17 26.585916299559475 0cd9414a_20240808_094929.data
110.0 330.0 17 26.471233480176213 0cd9414a_20240808_094929.data
130.0 330.0 17 26.585916299559475 0cd9414a_20240808_094929.data
150.0 330.0 17 26.471233480176213 0cd9414a_20240808_094929.data
170.0 330.0 17 26.585916299559475 0cd9414a_20240808_094929.data
190.0 330.0 17 26.585916299559475 0cd9414a_20240808_094929.data
210.0 330.0 17 26.585916299559475 0cd9414a_20240808_094929.data
230.0 330.0 17 26.471233480176213 0cd9414a_20240808_094929.data
250.0 330.0 17 26.471233480176213 0cd9414a_20240808_094929.data
270.0 330.0 17 26.585916299559475 0cd9414a_20240808_094929.data
290.0 330.0 17 26.585916299559475 0cd9414a_20240808_094929.data
10.0 350.0 17 26.471233480176213 0cd9414a_20240808_094929.data
30.0 350.0 17 26.471233480176213 0cd9414a_20240808_094929.data
50.0 350.0 17 26.585916299559475 0cd9414a_20240808_094929.data
70.0 350.0 17 26.471233480176213 0cd9414a_20240808_094929.data
90.0 350.0 17 26.585916299559475 0cd9414a_20240808_094929.data
110.0 350.0 17 26.585916299559475 0cd9414a_20240808_094929.data
130.0 350.0 17 26.585916299559475 0cd9414a_20240808_094929.data
150.0 350.0 17 26.585916299559475 0cd9414a_20240808_094929.data
170.0 350.0 17 26.471233480176213 0cd9414a_20240808_094929.data
190.0 350.0 17 26.585916299559475 0cd9414a_20240808_094929.data
210.0 350.0 17 26.585916299559475 0cd9414a_20240808_094929.data
230.0 350.0 17 26.471233480176213 0cd9414a_20240808_094929.data
250.0 350.0 17 26.471233480176213 0cd9414a_20240808_094929.data
270.0 350.0 17 26.471233480176213 0cd9414a_20240808_094929.data
290.0 350.0 17 26.471233480176213 0cd9414a_20240808_094929.data
290.0 370.0 17 26.585916299559475 0cd9414a_20240808_094929.data
270.0 370.0 17 26.585916299559475 0cd9414a_20240808_094929.data
250.0 370.0 17 26.585916299559475 0cd9414a_20240808_094929.data
230.0 370.0 17 26.585916299559475 0cd9414a_20240808_094929.data
210.0 370.0 17 26.585916299559475 0cd9414a_20240808_094929.data
190.0 370.0 17 26.585916299559475 0cd9414a_20240808_094929.data
170.0 370.0 17 26.471233480176213 0cd9414a_20240808_094929.data
150.0 370.0 17 26.585916299559475 0cd9414a_20240808_094929.data
130.0 370.0 17 26.471233480176213 0cd9414a_20240808_094929.data
110.0 370.0 17 26.471233480176213 0cd9414a_20240808_094929.data
90.0 370.0 17 26.471233480176213 0cd9414a_20240808_094929.data
70.0 370.0 17 26.471233480176213 0cd9414a_20240808_094929.data
50.0 370.0 17 26.471233480176213 0cd9414a_20240808_094929.data
30.0 370.0 17 26.585916299559475 0cd9414a_20240808_094929.data
10.0 370.0 17 26.585916299559475 0cd9414a_20240808_094929.data
10.0 390.0 17 26.585916299559475 0cd9414a_20240808_094929.data
30.0 390.0 17 26.585916299559475 0cd9414a_20240808_094929.data
50.0 390.0 17 26.471233480176213 0cd9414a_20240808_094929.data
70.0 390.0 17 26.471233480176213 0cd9414a_20240808_094929.data
90.0 390.0 17 26.471233480176213 0cd9414a_20240808_094929.data
110.0 390.0 17 26.585916299559475 0cd9414a_20240808_094929.data
130.0 390.0 17 26.585916299559475 0cd9414a_20240808_094929.data
150.0 390.0 17 26.585916299559475 0cd9414a_20240808_094929.data
170.0 390.0 17 26.585916299559475 0cd9414a_20240808_094929.data
190.0 390.0 17 26.585916299559475 0cd9414a_20240808_094929.data
210.0 390.0 17 26.585916299559475 0cd9414a_20240808_094929.data
230.0 390.0 17 26.471233480176213 0cd9414a_20240808_094929.data
250.0 390.0 17 26.585916299559475 0cd9414a_20240808_094929.data
270.0 390.0 17 26.585916299559475 0cd9414a_20240808_094929.data
290.0 390.0 17 26.585916299559475 0cd9414a_20240808_094929.data
290.0 410.0 17 26.585916299559475 0cd9414a_20240808_094929.data
270.0 410.0 17 26.700136563876654 0cd9414a_20240808_094929.data
250.0 410.0 17 26.585916299559475 0cd9414a_20240808_094929.data
230.0 410.0 17 26.585916299559475 0cd9414a_20240808_094929.data
210.0 410.0 17 26.471233480176213 0cd9414a_20240808_094929.data
190.0 410.0 17 26.585916299559475 0cd9414a_20240808_094929.data
170.0 410.0 17 26.585916299559475 0cd9414a_20240808_094929.data
150.0 410.0 17 26.585916299559475 0cd9414a_20240808_094929.data
130.0 410.0 17 26.471233480176213 0cd9414a_20240808_094929.data
110.0 410.0 17 26.471233480176213 0cd9414a_20240808_094929.data
90.0 410.0 17 26.585916299559475 0cd9414a_20240808_094929.data
70.0 410.0 17 26.585916299559475 0cd9414a_20240808_094929.data
50.0 410.0 17 26.585916299559475 0cd9414a_20240808_094929.data
30.0 410.0 17 26.585916299559475 0cd9414a_20240808_094929.data
10.0 410.0 17 26.471233480176213 0cd9414a_20240808_094929.data
10.0 430.0 17 26.471233480176213 0cd9414a_20240808_094929.data
30.0 430.0 17 26.471233480176213 0cd9414a_20240808_094929.data
50.0 430.0 17 26.471233480176213 0cd9414a_20240808_094929.data
70.0 430.0 17 26.585916299559475 0cd9414a_20240808_094929.data
90.0 430.0 17 26.585916299559475 0cd9414a_20240808_094929.data
110.0 430.0 17 26.585916299559475 0cd9414a_20240808_094929.data
130.0 430.0 17 26.585916299559475 0cd9414a_20240808_094929.data
150.0 430.0 17 26.471233480176213 0cd9414a_20240808_094929.data
170.0 430.0 17 26.585916299559475 0cd9414a_20240808_094929.data
190.0 430.0 17 26.471233480176213 0cd9414a_20240808_094929.data
210.0 430.0 17 26.471233480176213 0cd9414a_20240808_094929.data
230.0 430.0 17 26.585916299559475 0cd9414a_20240808_094929.data
250.0 430.0 17 26.585916299559475 0cd9414a_20240808_094929.data
270.0 430.0 17 26.585916299559475 0cd9414a_20240808_094929.data
290.0 430.0 17 26.585916299559475 0cd9414a_20240808_094929.data
290.0 450.0 17 26.585916299559475 0cd9414a_20240808_094929.data
270.0 450.0 17 26.585916299559475 0cd9414a_20240808_094929.data
250.0 450.0 17 26.585916299559475 0cd9414a_20240808_094929.data
230.0 450.0 17 26.471233480176213 0cd9414a_20240808_094929.data
210.0 450.0 17 26.585916299559475 0cd9414a_20240808_094929.data
190.0 450.0 17 26.585916299559475 0cd9414a_20240808_094929.data
170.0 450.0 17 26.471233480176213 0cd9414a_20240808_094929.data
150.0 450.0 17 26.585916299559475 0cd9414a_20240808_094929.data
130.0 450.0 17 26.585916299559475 0cd9414a_20240808_094929.data
110.0 450.0 17 26.471233480176213 0cd9414a_20240808_094929.data
90.0 450.0 17 26.585916299559475 0cd9414a_20240808_094929.data
70.0 450.0 17 26.585916299559475 0cd9414a_20240808_094929.data
50.0 450.0 17 26.585916299559475 0cd9414a_20240808_094929.data
30.0 450.0 17 26.585916299559475 0cd9414a_20240808_094929.data
10.0 450.0 17 26.585916299559475 0cd9414a_20240808_094929.data
10.0 470.0 17 26.471233480176213 0cd9414a_20240808_094929.data
30.0 470.0 17 26.585916299559475 0cd9414a_20240808_094929.data
50.0 470.0 17 26.585916299559475 0cd9414a_20240808_094929.data
70.0 470.0 17 26.471233480176213 0cd9414a_20240808_094929.data
90.0 470.0 17 26.585916299559475 0cd9414a_20240808_094929.data
110.0 470.0 17 26.585916299559475 0cd9414a_20240808_094929.data
130.0 470.0 17 26.585916299559475 0cd9414a_20240808_094929.data
150.0 470.0 17 26.471233480176213 0cd9414a_20240808_094929.data
170.0 470.0 17 26.471233480176213 0cd9414a_20240808_094929.data
190.0 470.0 17 26.585916299559475 0cd9414a_20240808_094929.data
210.0 470.0 17 26.471233480176213 0cd9414a_20240808_094929.data
230.0 470.0 17 26.585916299559475 0cd9414a_20240808_094929.data
250.0 470.0 17 26.585916299559475 0cd9414a_20240808_094929.data
270.0 470.0 17 26.585916299559475 0cd9414a_20240808_094929.data
290.0 470.0 17 26.585916299559475 0cd9414a_20240808_094929.data
