-1 -1 -1 25.299982378854633 0cd9414a_20240826_105352.data
10.0 10.0 17 25.299982378854633 0cd9414a_20240826_105432.data
30.0 10.0 17 25.299982378854633 0cd9414a_20240826_105456.data
50.0 10.0 17 25.180334801762115 0cd9414a_20240826_105520.data
70.0 10.0 17 25.06022466960353 0cd9414a_20240826_105544.data
90.0 10.0 17 25.180334801762115 0cd9414a_20240826_105608.data
110.0 10.0 17 25.299982378854633 0cd9414a_20240826_105632.data
130.0 10.0 17 25.06022466960353 0cd9414a_20240826_105656.data
150.0 10.0 17 25.299982378854633 0cd9414a_20240826_105720.data
170.0 10.0 17 25.299982378854633 0cd9414a_20240826_105744.data
190.0 10.0 17 24.845210526315793 0cd9414a_20240826_105808.data
210.0 10.0 17 24.948500000000003 0cd9414a_20240826_105832.data
230.0 10.0 17 25.299982378854633 0cd9414a_20240826_105856.data
250.0 10.0 17 25.180334801762115 0cd9414a_20240826_105920.data
270.0 10.0 17 25.180334801762115 0cd9414a_20240826_105944.data
290.0 10.0 17 25.299982378854633 0cd9414a_20240826_110008.data
290.0 30.0 17 25.299982378854633 0cd9414a_20240826_110032.data
270.0 30.0 17 25.06022466960353 0cd9414a_20240826_110056.data
250.0 30.0 17 25.299982378854633 0cd9414a_20240826_110120.data
230.0 30.0 17 25.299982378854633 0cd9414a_20240826_110144.data
210.0 30.0 17 25.180334801762115 0cd9414a_20240826_110208.data
190.0 30.0 17 24.948500000000003 0cd9414a_20240826_110232.data
170.0 30.0 17 25.299982378854633 0cd9414a_20240826_110256.data
150.0 30.0 17 25.299982378854633 0cd9414a_20240826_110320.data
130.0 30.0 17 25.06022466960353 0cd9414a_20240826_110344.data
110.0 30.0 17 25.299982378854633 0cd9414a_20240826_110408.data
90.0 30.0 17 25.180334801762115 0cd9414a_20240826_110432.data
70.0 30.0 17 25.180334801762115 0cd9414a_20240826_110456.data
50.0 30.0 17 25.419136563876656 0cd9414a_20240826_110520.data
30.0 30.0 17 25.299982378854633 0cd9414a_20240826_110544.data
10.0 30.0 17 24.948500000000003 0cd9414a_20240826_110608.data
10.0 50.0 17 25.419136563876656 0cd9414a_20240826_110632.data
30.0 50.0 17 25.299982378854633 0cd9414a_20240826_110656.data
50.0 50.0 17 25.180334801762115 0cd9414a_20240826_110720.data
70.0 50.0 17 25.299982378854633 0cd9414a_20240826_110744.data
90.0 50.0 17 25.299982378854633 0cd9414a_20240826_110808.data
110.0 50.0 17 25.06022466960353 0cd9414a_20240826_110832.data
130.0 50.0 17 25.299982378854633 0cd9414a_20240826_110856.data
150.0 50.0 17 25.180334801762115 0cd9414a_20240826_110920.data
170.0 50.0 17 25.06022466960353 0cd9414a_20240826_110944.data
190.0 50.0 17 25.180334801762115 0cd9414a_20240826_111008.data
210.0 50.0 17 25.299982378854633 0cd9414a_20240826_111032.data
230.0 50.0 17 25.299982378854633 0cd9414a_20240826_111056.data
250.0 50.0 17 25.06022466960353 0cd9414a_20240826_111120.data
270.0 50.0 17 24.948500000000003 0cd9414a_20240826_111144.data
290.0 50.0 17 25.299982378854633 0cd9414a_20240826_111208.data
290.0 70.0 17 24.948500000000003 0cd9414a_20240826_111232.data
270.0 70.0 17 24.948500000000003 0cd9414a_20240826_111256.data
250.0 70.0 17 25.299982378854633 0cd9414a_20240826_111320.data
230.0 70.0 17 25.299982378854633 0cd9414a_20240826_111344.data
210.0 70.0 17 25.180334801762115 0cd9414a_20240826_111408.data
190.0 70.0 17 25.180334801762115 0cd9414a_20240826_111432.data
170.0 70.0 17 25.299982378854633 0cd9414a_20240826_111456.data
150.0 70.0 17 25.180334801762115 0cd9414a_20240826_111520.data
130.0 70.0 17 25.06022466960353 0cd9414a_20240826_111544.data
110.0 70.0 17 25.06022466960353 0cd9414a_20240826_111608.data
90.0 70.0 17 25.299982378854633 0cd9414a_20240826_111632.data
70.0 70.0 17 25.299982378854633 0cd9414a_20240826_111657.data
50.0 70.0 17 25.299982378854633 0cd9414a_20240826_111721.data
30.0 70.0 17 25.299982378854633 0cd9414a_20240826_111745.data
10.0 70.0 17 25.06022466960353 0cd9414a_20240826_111809.data
10.0 90.0 17 25.180334801762115 0cd9414a_20240826_111833.data
30.0 90.0 17 24.948500000000003 0cd9414a_20240826_111857.data
50.0 90.0 17 25.299982378854633 0cd9414a_20240826_111921.data
70.0 90.0 17 25.299982378854633 0cd9414a_20240826_111945.data
90.0 90.0 17 24.948500000000003 0cd9414a_20240826_112009.data
110.0 90.0 17 25.06022466960353 0cd9414a_20240826_112033.data
130.0 90.0 17 25.06022466960353 0cd9414a_20240826_112057.data
150.0 90.0 17 25.299982378854633 0cd9414a_20240826_112121.data
170.0 90.0 17 25.299982378854633 0cd9414a_20240826_112145.data
190.0 90.0 17 25.06022466960353 0cd9414a_20240826_112209.data
210.0 90.0 17 24.948500000000003 0cd9414a_20240826_112233.data
230.0 90.0 17 25.419136563876656 0cd9414a_20240826_112257.data
250.0 90.0 17 25.299982378854633 0cd9414a_20240826_112321.data
270.0 90.0 17 25.06022466960353 0cd9414a_20240826_112345.data
290.0 90.0 17 24.948500000000003 0cd9414a_20240826_112409.data
290.0 110.0 17 25.299982378854633 0cd9414a_20240826_112433.data
270.0 110.0 17 25.299982378854633 0cd9414a_20240826_112457.data
250.0 110.0 17 25.06022466960353 0cd9414a_20240826_112521.data
230.0 110.0 17 25.06022466960353 0cd9414a_20240826_112545.data
210.0 110.0 17 25.419136563876656 0cd9414a_20240826_112609.data
190.0 110.0 17 25.180334801762115 0cd9414a_20240826_112633.data
170.0 110.0 17 25.180334801762115 0cd9414a_20240826_112657.data
150.0 110.0 17 24.948500000000003 0cd9414a_20240826_112721.data
130.0 110.0 17 25.299982378854633 0cd9414a_20240826_112745.data
110.0 110.0 17 25.299982378854633 0cd9414a_20240826_112809.data
90.0 110.0 17 25.06022466960353 0cd9414a_20240826_112833.data
70.0 110.0 17 25.299982378854633 0cd9414a_20240826_112857.data
50.0 110.0 17 25.299982378854633 0cd9414a_20240826_112921.data
30.0 110.0 17 25.180334801762115 0cd9414a_20240826_112945.data
10.0 110.0 17 25.06022466960353 0cd9414a_20240826_113009.data
10.0 130.0 17 25.299982378854633 0cd9414a_20240826_113033.data
30.0 130.0 17 25.299982378854633 0cd9414a_20240826_113057.data
50.0 130.0 17 25.180334801762115 0cd9414a_20240826_113121.data
70.0 130.0 17 25.299982378854633 0cd9414a_20240826_113145.data
90.0 130.0 17 25.299982378854633 0cd9414a_20240826_113209.data
110.0 130.0 17 24.948500000000003 0cd9414a_20240826_113233.data
130.0 130.0 17 25.06022466960353 0cd9414a_20240826_113257.data
150.0 130.0 17 25.299982378854633 0cd9414a_20240826_113321.data
170.0 130.0 17 25.299982378854633 0cd9414a_20240826_113345.data
190.0 130.0 17 25.180334801762115 0cd9414a_20240826_113409.data
210.0 130.0 17 24.948500000000003 0cd9414a_20240826_113433.data
230.0 130.0 17 25.419136563876656 0cd9414a_20240826_113457.data
250.0 130.0 17 25.299982378854633 0cd9414a_20240826_113521.data
270.0 130.0 17 25.180334801762115 0cd9414a_20240826_113545.data
290.0 130.0 17 24.948500000000003 0cd9414a_20240826_113609.data
290.0 150.0 17 25.299982378854633 0cd9414a_20240826_113633.data
270.0 150.0 17 25.299982378854633 0cd9414a_20240826_113657.data
250.0 150.0 17 25.180334801762115 0cd9414a_20240826_113721.data
230.0 150.0 17 25.299982378854633 0cd9414a_20240826_113745.data
210.0 150.0 17 25.299982378854633 0cd9414a_20240826_113809.data
190.0 150.0 17 25.299982378854633 0cd9414a_20240826_113833.data
170.0 150.0 17 25.180334801762115 0cd9414a_20240826_113857.data
150.0 150.0 17 25.299982378854633 0cd9414a_20240826_113921.data
130.0 150.0 17 25.299982378854633 0cd9414a_20240826_113945.data
110.0 150.0 17 25.180334801762115 0cd9414a_20240826_114009.data
90.0 150.0 17 24.948500000000003 0cd9414a_20240826_114033.data
70.0 150.0 17 25.299982378854633 0cd9414a_20240826_114057.data
50.0 150.0 17 25.299982378854633 0cd9414a_20240826_114121.data
30.0 150.0 17 25.180334801762115 0cd9414a_20240826_114145.data
10.0 150.0 17 25.06022466960353 0cd9414a_20240826_114209.data
10.0 170.0 17 25.299982378854633 0cd9414a_20240826_114233.data
30.0 170.0 17 25.299982378854633 0cd9414a_20240826_114257.data
50.0 170.0 17 25.180334801762115 0cd9414a_20240826_114321.data
70.0 170.0 17 25.419136563876656 0cd9414a_20240826_114345.data
90.0 170.0 17 25.419136563876656 0cd9414a_20240826_114409.data
110.0 170.0 17 25.180334801762115 0cd9414a_20240826_114433.data
130.0 170.0 17 24.948500000000003 0cd9414a_20240826_114457.data
150.0 170.0 17 25.299982378854633 0cd9414a_20240826_114521.data
170.0 170.0 17 25.299982378854633 0cd9414a_20240826_114545.data
190.0 170.0 17 25.419136563876656 0cd9414a_20240826_114609.data
210.0 170.0 17 24.948500000000003 0cd9414a_20240826_114633.data
230.0 170.0 17 25.180334801762115 0cd9414a_20240826_114657.data
250.0 170.0 17 25.299982378854633 0cd9414a_20240826_114721.data
270.0 170.0 17 25.299982378854633 0cd9414a_20240826_114745.data
290.0 170.0 17 25.299982378854633 0cd9414a_20240826_114809.data
290.0 190.0 17 25.06022466960353 0cd9414a_20240826_114833.data
270.0 190.0 17 25.419136563876656 0cd9414a_20240826_114857.data
250.0 190.0 17 25.299982378854633 0cd9414a_20240826_114921.data
230.0 190.0 17 25.06022466960353 0cd9414a_20240826_114946.data
210.0 190.0 17 25.06022466960353 0cd9414a_20240826_115010.data
190.0 190.0 17 25.299982378854633 0cd9414a_20240826_115033.data
170.0 190.0 17 25.299982378854633 0cd9414a_20240826_115058.data
150.0 190.0 17 25.180334801762115 0cd9414a_20240826_115122.data
130.0 190.0 17 25.06022466960353 0cd9414a_20240826_115146.data
110.0 190.0 17 25.299982378854633 0cd9414a_20240826_115210.data
90.0 190.0 17 25.299982378854633 0cd9414a_20240826_115234.data
70.0 190.0 17 25.06022466960353 0cd9414a_20240826_115258.data
50.0 190.0 17 24.948500000000003 0cd9414a_20240826_115322.data
30.0 190.0 17 25.299982378854633 0cd9414a_20240826_115346.data
10.0 190.0 17 24.948500000000003 0cd9414a_20240826_115410.data
10.0 210.0 17 25.180334801762115 0cd9414a_20240826_115434.data
30.0 210.0 17 25.299982378854633 0cd9414a_20240826_115458.data
50.0 210.0 17 25.299982378854633 0cd9414a_20240826_115522.data
70.0 210.0 17 24.948500000000003 0cd9414a_20240826_115546.data
90.0 210.0 17 24.948500000000003 0cd9414a_20240826_115610.data
110.0 210.0 17 25.299982378854633 0cd9414a_20240826_115634.data
130.0 210.0 17 24.948500000000003 0cd9414a_20240826_115658.data
150.0 210.0 17 25.180334801762115 0cd9414a_20240826_115722.data
170.0 210.0 17 24.948500000000003 0cd9414a_20240826_115746.data
190.0 210.0 17 25.299982378854633 0cd9414a_20240826_115810.data
210.0 210.0 17 25.06022466960353 0cd9414a_20240826_115834.data
230.0 210.0 17 25.180334801762115 0cd9414a_20240826_115858.data
250.0 210.0 17 25.06022466960353 0cd9414a_20240826_115922.data
270.0 210.0 17 25.419136563876656 0cd9414a_20240826_115946.data
290.0 210.0 17 25.299982378854633 0cd9414a_20240826_120010.data
290.0 230.0 17 25.299982378854633 0cd9414a_20240826_120034.data
270.0 230.0 17 25.180334801762115 0cd9414a_20240826_120058.data
250.0 230.0 17 25.299982378854633 0cd9414a_20240826_120122.data
230.0 230.0 17 25.299982378854633 0cd9414a_20240826_120146.data
210.0 230.0 17 24.948500000000003 0cd9414a_20240826_120210.data
190.0 230.0 17 25.06022466960353 0cd9414a_20240826_120234.data
170.0 230.0 17 25.299982378854633 0cd9414a_20240826_120258.data
150.0 230.0 17 25.299982378854633 0cd9414a_20240826_120322.data
130.0 230.0 17 25.06022466960353 0cd9414a_20240826_120346.data
110.0 230.0 17 25.299982378854633 0cd9414a_20240826_120410.data
90.0 230.0 17 25.419136563876656 0cd9414a_20240826_120434.data
70.0 230.0 17 25.299982378854633 0cd9414a_20240826_120458.data
50.0 230.0 17 25.06022466960353 0cd9414a_20240826_120522.data
30.0 230.0 17 25.299982378854633 0cd9414a_20240826_120546.data
10.0 230.0 17 25.299982378854633 0cd9414a_20240826_120610.data
10.0 250.0 17 25.06022466960353 0cd9414a_20240826_120634.data
30.0 250.0 17 25.06022466960353 0cd9414a_20240826_120658.data
50.0 250.0 17 25.419136563876656 0cd9414a_20240826_120722.data
70.0 250.0 17 25.299982378854633 0cd9414a_20240826_120746.data
90.0 250.0 17 25.06022466960353 0cd9414a_20240826_120810.data
110.0 250.0 17 25.299982378854633 0cd9414a_20240826_120834.data
130.0 250.0 17 25.419136563876656 0cd9414a_20240826_120858.data
150.0 250.0 17 25.180334801762115 0cd9414a_20240826_120922.data
170.0 250.0 17 25.180334801762115 0cd9414a_20240826_120946.data
190.0 250.0 17 25.419136563876656 0cd9414a_20240826_121010.data
210.0 250.0 17 25.299982378854633 0cd9414a_20240826_121034.data
230.0 250.0 17 25.299982378854633 0cd9414a_20240826_121058.data
250.0 250.0 17 25.299982378854633 0cd9414a_20240826_121122.data
270.0 250.0 17 25.180334801762115 0cd9414a_20240826_121146.data
290.0 250.0 17 25.180334801762115 0cd9414a_20240826_121210.data
290.0 270.0 17 25.419136563876656 0cd9414a_20240826_121234.data
270.0 270.0 17 25.419136563876656 0cd9414a_20240826_121258.data
250.0 270.0 17 25.180334801762115 0cd9414a_20240826_121322.data
230.0 270.0 17 25.299982378854633 0cd9414a_20240826_121346.data
210.0 270.0 17 25.419136563876656 0cd9414a_20240826_121410.data
190.0 270.0 17 25.299982378854633 0cd9414a_20240826_121434.data
170.0 270.0 17 25.06022466960353 0cd9414a_20240826_121458.data
150.0 270.0 17 25.419136563876656 0cd9414a_20240826_121522.data
130.0 270.0 17 25.299982378854633 0cd9414a_20240826_121546.data
110.0 270.0 17 25.299982378854633 0cd9414a_20240826_121610.data
90.0 270.0 17 25.180334801762115 0cd9414a_20240826_121634.data
70.0 270.0 17 25.299982378854633 0cd9414a_20240826_121658.data
50.0 270.0 17 25.299982378854633 0cd9414a_20240826_121722.data
30.0 270.0 17 25.06022466960353 0cd9414a_20240826_121746.data
10.0 270.0 17 25.06022466960353 0cd9414a_20240826_121810.data
10.0 290.0 17 25.299982378854633 0cd9414a_20240826_121834.data
30.0 290.0 17 25.299982378854633 0cd9414a_20240826_121858.data
50.0 290.0 17 25.06022466960353 0cd9414a_20240826_121922.data
70.0 290.0 17 25.06022466960353 0cd9414a_20240826_121946.data
90.0 290.0 17 25.180334801762115 0cd9414a_20240826_122010.data
110.0 290.0 17 25.299982378854633 0cd9414a_20240826_122034.data
130.0 290.0 17 25.419136563876656 0cd9414a_20240826_122058.data
150.0 290.0 17 25.180334801762115 0cd9414a_20240826_122123.data
170.0 290.0 17 25.419136563876656 0cd9414a_20240826_122147.data
190.0 290.0 17 25.299982378854633 0cd9414a_20240826_122211.data
210.0 290.0 17 25.299982378854633 0cd9414a_20240826_122235.data
230.0 290.0 17 24.948500000000003 0cd9414a_20240826_122259.data
250.0 290.0 17 25.299982378854633 0cd9414a_20240826_122323.data
270.0 290.0 17 25.419136563876656 0cd9414a_20240826_122347.data
290.0 290.0 17 25.299982378854633 0cd9414a_20240826_122411.data
290.0 310.0 17 25.06022466960353 0cd9414a_20240826_122435.data
270.0 310.0 17 25.419136563876656 0cd9414a_20240826_122459.data
250.0 310.0 17 25.419136563876656 0cd9414a_20240826_122523.data
230.0 310.0 17 25.06022466960353 0cd9414a_20240826_122547.data
210.0 310.0 17 -1 0cd9414a_20240826_122611.data
190.0 310.0 17 25.299982378854633 0cd9414a_20240826_122635.data
170.0 310.0 17 25.299982378854633 0cd9414a_20240826_122659.data
150.0 310.0 17 -1 0cd9414a_20240826_122723.data
130.0 310.0 17 25.419136563876656 0cd9414a_20240826_122747.data
110.0 310.0 17 25.299982378854633 0cd9414a_20240826_122811.data
90.0 310.0 17 25.299982378854633 0cd9414a_20240826_122835.data
70.0 310.0 17 25.180334801762115 0cd9414a_20240826_122859.data
50.0 310.0 17 25.06022466960353 0cd9414a_20240826_122923.data
30.0 310.0 17 25.419136563876656 0cd9414a_20240826_122947.data
10.0 310.0 17 -1 0cd9414a_20240826_123011.data
10.0 330.0 17 25.299982378854633 0cd9414a_20240826_123035.data
30.0 330.0 17 25.06022466960353 0cd9414a_20240826_123059.data
50.0 330.0 17 25.419136563876656 0cd9414a_20240826_123123.data
70.0 330.0 17 nan 0cd9414a_20240826_123147.data
90.0 330.0 17 25.299982378854633 0cd9414a_20240826_123211.data
110.0 330.0 17 25.299982378854633 0cd9414a_20240826_123235.data
130.0 330.0 17 25.299982378854633 0cd9414a_20240826_123259.data
150.0 330.0 17 25.299982378854633 0cd9414a_20240826_123323.data
170.0 330.0 17 25.299982378854633 0cd9414a_20240826_123347.data
190.0 330.0 17 25.299982378854633 0cd9414a_20240826_123411.data
210.0 330.0 17 25.299982378854633 0cd9414a_20240826_123435.data
230.0 330.0 17 25.419136563876656 0cd9414a_20240826_123459.data
250.0 330.0 17 25.299982378854633 0cd9414a_20240826_123523.data
270.0 330.0 17 25.419136563876656 0cd9414a_20240826_123547.data
290.0 330.0 17 25.299982378854633 0cd9414a_20240826_123611.data
10.0 350.0 17 25.299982378854633 0cd9414a_20240826_123731.data
30.0 350.0 17 25.299982378854633 0cd9414a_20240826_123755.data
50.0 350.0 17 25.419136563876656 0cd9414a_20240826_123819.data
70.0 350.0 17 25.299982378854633 0cd9414a_20240826_123843.data
90.0 350.0 17 25.299982378854633 0cd9414a_20240826_123907.data
110.0 350.0 17 25.299982378854633 0cd9414a_20240826_123931.data
130.0 350.0 17 25.299982378854633 0cd9414a_20240826_123955.data
150.0 350.0 17 25.299982378854633 0cd9414a_20240826_124019.data
170.0 350.0 17 25.419136563876656 0cd9414a_20240826_124043.data
190.0 350.0 17 25.299982378854633 0cd9414a_20240826_124107.data
210.0 350.0 17 25.299982378854633 0cd9414a_20240826_124131.data
230.0 350.0 17 25.419136563876656 0cd9414a_20240826_124155.data
250.0 350.0 17 25.656118942731283 0cd9414a_20240826_124219.data
270.0 350.0 17 25.299982378854633 0cd9414a_20240826_124243.data
290.0 350.0 17 25.299982378854633 0cd9414a_20240826_124307.data
290.0 370.0 17 25.299982378854633 0cd9414a_20240826_124331.data
270.0 370.0 17 25.537859030837005 0cd9414a_20240826_124355.data
250.0 370.0 17 25.537859030837005 0cd9414a_20240826_124419.data
230.0 370.0 17 25.419136563876656 0cd9414a_20240826_124443.data
210.0 370.0 17 25.419136563876656 0cd9414a_20240826_124507.data
190.0 370.0 17 25.299982378854633 0cd9414a_20240826_124531.data
170.0 370.0 17 25.419136563876656 0cd9414a_20240826_124555.data
150.0 370.0 17 25.299982378854633 0cd9414a_20240826_124619.data
130.0 370.0 17 25.299982378854633 0cd9414a_20240826_124643.data
110.0 370.0 17 25.299982378854633 0cd9414a_20240826_124707.data
90.0 370.0 17 25.299982378854633 0cd9414a_20240826_124731.data
70.0 370.0 17 25.299982378854633 0cd9414a_20240826_124755.data
50.0 370.0 17 25.299982378854633 0cd9414a_20240826_124819.data
30.0 370.0 17 25.299982378854633 0cd9414a_20240826_124843.data
10.0 370.0 17 25.299982378854633 0cd9414a_20240826_124907.data
10.0 390.0 17 25.299982378854633 0cd9414a_20240826_124931.data
30.0 390.0 17 25.299982378854633 0cd9414a_20240826_124956.data
50.0 390.0 17 25.299982378854633 0cd9414a_20240826_125019.data
70.0 390.0 17 25.299982378854633 0cd9414a_20240826_125044.data
90.0 390.0 17 25.299982378854633 0cd9414a_20240826_125108.data
110.0 390.0 17 25.419136563876656 0cd9414a_20240826_125132.data
130.0 390.0 17 25.419136563876656 0cd9414a_20240826_125156.data
150.0 390.0 17 25.299982378854633 0cd9414a_20240826_125220.data
170.0 390.0 17 25.419136563876656 0cd9414a_20240826_125244.data
190.0 390.0 17 25.419136563876656 0cd9414a_20240826_125308.data
210.0 390.0 17 25.299982378854633 0cd9414a_20240826_125332.data
230.0 390.0 17 25.299982378854633 0cd9414a_20240826_125356.data
250.0 390.0 17 25.299982378854633 0cd9414a_20240826_125420.data
270.0 390.0 17 25.419136563876656 0cd9414a_20240826_125444.data
290.0 390.0 17 25.299982378854633 0cd9414a_20240826_125508.data
290.0 410.0 17 25.299982378854633 0cd9414a_20240826_125532.data
270.0 410.0 17 25.299982378854633 0cd9414a_20240826_125556.data
250.0 410.0 17 25.299982378854633 0cd9414a_20240826_125620.data
230.0 410.0 17 25.299982378854633 0cd9414a_20240826_125644.data
210.0 410.0 17 25.299982378854633 0cd9414a_20240826_125708.data
190.0 410.0 17 25.299982378854633 0cd9414a_20240826_125732.data
170.0 410.0 17 25.299982378854633 0cd9414a_20240826_125756.data
150.0 410.0 17 25.299982378854633 0cd9414a_20240826_125820.data
130.0 410.0 17 25.299982378854633 0cd9414a_20240826_125844.data
110.0 410.0 17 25.299982378854633 0cd9414a_20240826_125908.data
90.0 410.0 17 25.419136563876656 0cd9414a_20240826_125932.data
70.0 410.0 17 25.299982378854633 0cd9414a_20240826_125956.data
50.0 410.0 17 25.299982378854633 0cd9414a_20240826_130020.data
30.0 410.0 17 25.419136563876656 0cd9414a_20240826_130044.data
10.0 410.0 17 25.419136563876656 0cd9414a_20240826_130108.data
10.0 430.0 17 25.299982378854633 0cd9414a_20240826_130132.data
30.0 430.0 17 25.537859030837005 0cd9414a_20240826_130156.data
50.0 430.0 17 25.299982378854633 0cd9414a_20240826_130220.data
70.0 430.0 17 25.656118942731283 0cd9414a_20240826_130244.data
90.0 430.0 17 25.419136563876656 0cd9414a_20240826_130308.data
110.0 430.0 17 25.299982378854633 0cd9414a_20240826_130332.data
130.0 430.0 17 25.299982378854633 0cd9414a_20240826_130356.data
150.0 430.0 17 25.299982378854633 0cd9414a_20240826_130420.data
170.0 430.0 17 25.299982378854633 0cd9414a_20240826_130444.data
190.0 430.0 17 25.299982378854633 0cd9414a_20240826_130508.data
210.0 430.0 17 25.299982378854633 0cd9414a_20240826_130532.data
230.0 430.0 17 25.299982378854633 0cd9414a_20240826_130556.data
250.0 430.0 17 25.299982378854633 0cd9414a_20240826_130620.data
270.0 430.0 17 25.299982378854633 0cd9414a_20240826_130644.data
290.0 430.0 17 25.537859030837005 0cd9414a_20240826_130708.data
290.0 450.0 17 25.419136563876656 0cd9414a_20240826_130732.data
270.0 450.0 17 25.299982378854633 0cd9414a_20240826_130756.data
250.0 450.0 17 25.299982378854633 0cd9414a_20240826_130820.data
230.0 450.0 17 25.299982378854633 0cd9414a_20240826_130844.data
210.0 450.0 17 25.419136563876656 0cd9414a_20240826_130908.data
190.0 450.0 17 25.299982378854633 0cd9414a_20240826_130932.data
170.0 450.0 17 25.299982378854633 0cd9414a_20240826_130956.data
150.0 450.0 17 25.419136563876656 0cd9414a_20240826_131020.data
130.0 450.0 17 25.419136563876656 0cd9414a_20240826_131044.data
110.0 450.0 17 25.299982378854633 0cd9414a_20240826_131108.data
90.0 450.0 17 25.419136563876656 0cd9414a_20240826_131132.data
70.0 450.0 17 25.299982378854633 0cd9414a_20240826_131156.data
50.0 450.0 17 25.299982378854633 0cd9414a_20240826_131220.data
30.0 450.0 17 25.299982378854633 0cd9414a_20240826_131244.data
10.0 450.0 17 25.419136563876656 0cd9414a_20240826_131308.data
10.0 470.0 17 25.299982378854633 0cd9414a_20240826_131332.data
30.0 470.0 17 25.419136563876656 0cd9414a_20240826_131356.data
50.0 470.0 17 25.299982378854633 0cd9414a_20240826_131420.data
70.0 470.0 17 25.299982378854633 0cd9414a_20240826_131444.data
90.0 470.0 17 25.656118942731283 0cd9414a_20240826_131508.data
110.0 470.0 17 25.419136563876656 0cd9414a_20240826_131532.data
130.0 470.0 17 25.299982378854633 0cd9414a_20240826_131556.data
150.0 470.0 17 25.299982378854633 0cd9414a_20240826_131620.data
170.0 470.0 17 25.419136563876656 0cd9414a_20240826_131644.data
190.0 470.0 17 25.299982378854633 0cd9414a_20240826_131708.data
210.0 470.0 17 25.299982378854633 0cd9414a_20240826_131732.data
230.0 470.0 17 25.299982378854633 0cd9414a_20240826_131756.data
250.0 470.0 17 25.299982378854633 0cd9414a_20240826_131820.data
270.0 470.0 17 25.419136563876656 0cd9414a_20240826_131844.data
290.0 470.0 17 25.299982378854633 0cd9414a_20240826_131908.data
