-1 -1 -1 22.868976190476186 0cd9414a_20240918_092959.data
10.0 10.0 17 22.767738095238098 0cd9414a_20240918_093039.data
30.0 10.0 17 22.767738095238098 0cd9414a_20240918_093103.data
50.0 10.0 17 22.767738095238098 0cd9414a_20240918_093127.data
70.0 10.0 17 22.767738095238098 0cd9414a_20240918_093151.data
90.0 10.0 17 22.767738095238098 0cd9414a_20240918_093215.data
110.0 10.0 17 22.767738095238098 0cd9414a_20240918_093239.data
130.0 10.0 17 22.666095238095238 0cd9414a_20240918_093303.data
150.0 10.0 17 22.767738095238098 0cd9414a_20240918_093327.data
170.0 10.0 17 22.767738095238098 0cd9414a_20240918_093351.data
190.0 10.0 17 22.767738095238098 0cd9414a_20240918_093415.data
210.0 10.0 17 22.767738095238098 0cd9414a_20240918_093439.data
230.0 10.0 17 22.767738095238098 0cd9414a_20240918_093503.data
250.0 10.0 17 22.767738095238098 0cd9414a_20240918_093527.data
270.0 10.0 17 22.767738095238098 0cd9414a_20240918_093551.data
290.0 10.0 17 22.969809523809523 0cd9414a_20240918_093615.data
290.0 30.0 17 22.767738095238098 0cd9414a_20240918_093639.data
270.0 30.0 17 22.767738095238098 0cd9414a_20240918_093703.data
250.0 30.0 17 22.767738095238098 0cd9414a_20240918_093727.data
230.0 30.0 17 22.767738095238098 0cd9414a_20240918_093751.data
210.0 30.0 17 22.767738095238098 0cd9414a_20240918_093815.data
190.0 30.0 17 22.767738095238098 0cd9414a_20240918_093839.data
170.0 30.0 17 22.767738095238098 0cd9414a_20240918_093903.data
150.0 30.0 17 22.767738095238098 0cd9414a_20240918_093927.data
130.0 30.0 17 22.767738095238098 0cd9414a_20240918_093951.data
110.0 30.0 17 22.767738095238098 0cd9414a_20240918_094015.data
90.0 30.0 17 22.868976190476186 0cd9414a_20240918_094039.data
70.0 30.0 17 22.868976190476186 0cd9414a_20240918_094103.data
50.0 30.0 17 22.767738095238098 0cd9414a_20240918_094127.data
30.0 30.0 17 22.767738095238098 0cd9414a_20240918_094151.data
10.0 30.0 17 22.767738095238098 0cd9414a_20240918_094215.data
10.0 50.0 17 22.767738095238098 0cd9414a_20240918_094239.data
30.0 50.0 17 22.767738095238098 0cd9414a_20240918_094303.data
50.0 50.0 17 22.767738095238098 0cd9414a_20240918_094327.data
70.0 50.0 17 22.767738095238098 0cd9414a_20240918_094351.data
90.0 50.0 17 22.767738095238098 0cd9414a_20240918_094415.data
110.0 50.0 17 22.767738095238098 0cd9414a_20240918_094439.data
130.0 50.0 17 22.767738095238098 0cd9414a_20240918_094503.data
150.0 50.0 17 22.767738095238098 0cd9414a_20240918_094527.data
170.0 50.0 17 22.767738095238098 0cd9414a_20240918_094551.data
190.0 50.0 17 22.767738095238098 0cd9414a_20240918_094615.data
210.0 50.0 17 22.767738095238098 0cd9414a_20240918_094639.data
230.0 50.0 17 22.767738095238098 0cd9414a_20240918_094703.data
250.0 50.0 17 22.767738095238098 0cd9414a_20240918_094727.data
270.0 50.0 17 22.767738095238098 0cd9414a_20240918_094751.data
290.0 50.0 17 22.767738095238098 0cd9414a_20240918_094815.data
290.0 70.0 17 22.767738095238098 0cd9414a_20240918_094839.data
270.0 70.0 17 22.767738095238098 0cd9414a_20240918_094903.data
250.0 70.0 17 22.767738095238098 0cd9414a_20240918_094927.data
230.0 70.0 17 22.868976190476186 0cd9414a_20240918_094951.data
210.0 70.0 17 22.868976190476186 0cd9414a_20240918_095015.data
190.0 70.0 17 22.767738095238098 0cd9414a_20240918_095039.data
170.0 70.0 17 22.767738095238098 0cd9414a_20240918_095103.data
150.0 70.0 17 22.767738095238098 0cd9414a_20240918_095127.data
130.0 70.0 17 22.767738095238098 0cd9414a_20240918_095151.data
110.0 70.0 17 22.767738095238098 0cd9414a_20240918_095215.data
90.0 70.0 17 22.868976190476186 0cd9414a_20240918_095239.data
70.0 70.0 17 22.868976190476186 0cd9414a_20240918_095303.data
50.0 70.0 17 22.868976190476186 0cd9414a_20240918_095327.data
30.0 70.0 17 22.767738095238098 0cd9414a_20240918_095351.data
10.0 70.0 17 22.767738095238098 0cd9414a_20240918_095415.data
10.0 90.0 17 22.767738095238098 0cd9414a_20240918_095439.data
30.0 90.0 17 22.868976190476186 0cd9414a_20240918_095503.data
50.0 90.0 17 22.767738095238098 0cd9414a_20240918_095527.data
70.0 90.0 17 22.767738095238098 0cd9414a_20240918_095551.data
90.0 90.0 17 22.767738095238098 0cd9414a_20240918_095615.data
110.0 90.0 17 22.868976190476186 0cd9414a_20240918_095639.data
130.0 90.0 17 22.868976190476186 0cd9414a_20240918_095703.data
150.0 90.0 17 22.868976190476186 0cd9414a_20240918_095728.data
170.0 90.0 17 22.767738095238098 0cd9414a_20240918_095752.data
190.0 90.0 17 22.868976190476186 0cd9414a_20240918_095816.data
210.0 90.0 17 22.767738095238098 0cd9414a_20240918_095840.data
230.0 90.0 17 22.767738095238098 0cd9414a_20240918_095904.data
250.0 90.0 17 22.767738095238098 0cd9414a_20240918_095928.data
270.0 90.0 17 22.767738095238098 0cd9414a_20240918_095952.data
290.0 90.0 17 22.767738095238098 0cd9414a_20240918_100016.data
290.0 110.0 17 22.868976190476186 0cd9414a_20240918_100040.data
270.0 110.0 17 22.868976190476186 0cd9414a_20240918_100104.data
250.0 110.0 17 22.868976190476186 0cd9414a_20240918_100128.data
230.0 110.0 17 22.868976190476186 0cd9414a_20240918_100152.data
210.0 110.0 17 22.767738095238098 0cd9414a_20240918_100216.data
190.0 110.0 17 22.767738095238098 0cd9414a_20240918_100240.data
170.0 110.0 17 22.767738095238098 0cd9414a_20240918_100304.data
150.0 110.0 17 22.868976190476186 0cd9414a_20240918_100328.data
130.0 110.0 17 22.666095238095238 0cd9414a_20240918_100352.data
110.0 110.0 17 22.767738095238098 0cd9414a_20240918_100416.data
90.0 110.0 17 22.868976190476186 0cd9414a_20240918_100440.data
70.0 110.0 17 22.767738095238098 0cd9414a_20240918_100504.data
50.0 110.0 17 22.767738095238098 0cd9414a_20240918_100528.data
30.0 110.0 17 22.767738095238098 0cd9414a_20240918_100552.data
10.0 110.0 17 22.868976190476186 0cd9414a_20240918_100616.data
10.0 130.0 17 22.868976190476186 0cd9414a_20240918_100640.data
30.0 130.0 17 22.767738095238098 0cd9414a_20240918_100704.data
50.0 130.0 17 22.868976190476186 0cd9414a_20240918_100728.data
70.0 130.0 17 22.767738095238098 0cd9414a_20240918_100752.data
90.0 130.0 17 22.767738095238098 0cd9414a_20240918_100816.data
110.0 130.0 17 22.868976190476186 0cd9414a_20240918_100840.data
130.0 130.0 17 22.767738095238098 0cd9414a_20240918_100904.data
150.0 130.0 17 22.767738095238098 0cd9414a_20240918_100928.data
170.0 130.0 17 22.767738095238098 0cd9414a_20240918_100952.data
190.0 130.0 17 22.969809523809523 0cd9414a_20240918_101016.data
210.0 130.0 17 22.767738095238098 0cd9414a_20240918_101040.data
230.0 130.0 17 22.868976190476186 0cd9414a_20240918_101104.data
250.0 130.0 17 22.767738095238098 0cd9414a_20240918_101128.data
270.0 130.0 17 22.767738095238098 0cd9414a_20240918_101152.data
290.0 130.0 17 22.767738095238098 0cd9414a_20240918_101216.data
290.0 150.0 17 22.868976190476186 0cd9414a_20240918_101240.data
270.0 150.0 17 22.868976190476186 0cd9414a_20240918_101304.data
250.0 150.0 17 22.767738095238098 0cd9414a_20240918_101328.data
230.0 150.0 17 22.767738095238098 0cd9414a_20240918_101352.data
210.0 150.0 17 22.868976190476186 0cd9414a_20240918_101416.data
190.0 150.0 17 22.767738095238098 0cd9414a_20240918_101440.data
170.0 150.0 17 22.767738095238098 0cd9414a_20240918_101504.data
150.0 150.0 17 22.767738095238098 0cd9414a_20240918_101528.data
130.0 150.0 17 22.868976190476186 0cd9414a_20240918_101552.data
110.0 150.0 17 22.767738095238098 0cd9414a_20240918_101616.data
90.0 150.0 17 22.868976190476186 0cd9414a_20240918_101640.data
70.0 150.0 17 22.868976190476186 0cd9414a_20240918_101704.data
50.0 150.0 17 22.868976190476186 0cd9414a_20240918_101728.data
30.0 150.0 17 22.767738095238098 0cd9414a_20240918_101752.data
10.0 150.0 17 22.767738095238098 0cd9414a_20240918_101816.data
10.0 170.0 17 22.868976190476186 0cd9414a_20240918_101840.data
30.0 170.0 17 22.868976190476186 0cd9414a_20240918_101904.data
50.0 170.0 17 22.868976190476186 0cd9414a_20240918_101928.data
70.0 170.0 17 22.868976190476186 0cd9414a_20240918_101952.data
90.0 170.0 17 22.868976190476186 0cd9414a_20240918_102016.data
110.0 170.0 17 22.868976190476186 0cd9414a_20240918_102040.data
130.0 170.0 17 22.868976190476186 0cd9414a_20240918_102104.data
150.0 170.0 17 22.767738095238098 0cd9414a_20240918_102128.data
170.0 170.0 17 22.767738095238098 0cd9414a_20240918_102152.data
190.0 170.0 17 22.868976190476186 0cd9414a_20240918_102216.data
210.0 170.0 17 22.767738095238098 0cd9414a_20240918_102240.data
230.0 170.0 17 22.969809523809523 0cd9414a_20240918_102304.data
250.0 170.0 17 22.767738095238098 0cd9414a_20240918_102328.data
270.0 170.0 17 22.868976190476186 0cd9414a_20240918_102352.data
290.0 170.0 17 22.969809523809523 0cd9414a_20240918_102416.data
290.0 190.0 17 22.969809523809523 0cd9414a_20240918_102440.data
270.0 190.0 17 22.868976190476186 0cd9414a_20240918_102504.data
250.0 190.0 17 22.868976190476186 0cd9414a_20240918_102528.data
230.0 190.0 17 22.868976190476186 0cd9414a_20240918_102552.data
210.0 190.0 17 22.868976190476186 0cd9414a_20240918_102616.data
190.0 190.0 17 22.868976190476186 0cd9414a_20240918_102640.data
170.0 190.0 17 22.868976190476186 0cd9414a_20240918_102705.data
150.0 190.0 17 22.868976190476186 0cd9414a_20240918_102729.data
130.0 190.0 17 22.666095238095238 0cd9414a_20240918_102753.data
110.0 190.0 17 22.868976190476186 0cd9414a_20240918_102817.data
90.0 190.0 17 22.969809523809523 0cd9414a_20240918_102841.data
70.0 190.0 17 22.868976190476186 0cd9414a_20240918_102905.data
50.0 190.0 17 22.868976190476186 0cd9414a_20240918_102929.data
30.0 190.0 17 22.868976190476186 0cd9414a_20240918_102953.data
10.0 190.0 17 22.969809523809523 0cd9414a_20240918_103017.data
10.0 210.0 17 22.767738095238098 0cd9414a_20240918_103041.data
30.0 210.0 17 22.868976190476186 0cd9414a_20240918_103105.data
50.0 210.0 17 22.868976190476186 0cd9414a_20240918_103129.data
70.0 210.0 17 22.767738095238098 0cd9414a_20240918_103153.data
90.0 210.0 17 22.868976190476186 0cd9414a_20240918_103217.data
110.0 210.0 17 22.868976190476186 0cd9414a_20240918_103241.data
130.0 210.0 17 22.868976190476186 0cd9414a_20240918_103305.data
150.0 210.0 17 22.868976190476186 0cd9414a_20240918_103329.data
170.0 210.0 17 22.868976190476186 0cd9414a_20240918_103353.data
190.0 210.0 17 22.767738095238098 0cd9414a_20240918_103417.data
210.0 210.0 17 22.868976190476186 0cd9414a_20240918_103441.data
230.0 210.0 17 22.868976190476186 0cd9414a_20240918_103505.data
250.0 210.0 17 22.868976190476186 0cd9414a_20240918_103529.data
270.0 210.0 17 22.868976190476186 0cd9414a_20240918_103553.data
290.0 210.0 17 22.868976190476186 0cd9414a_20240918_103617.data
290.0 230.0 17 22.868976190476186 0cd9414a_20240918_103641.data
270.0 230.0 17 22.868976190476186 0cd9414a_20240918_103705.data
250.0 230.0 17 22.868976190476186 0cd9414a_20240918_103729.data
230.0 230.0 17 23.073725 0cd9414a_20240918_103753.data
210.0 230.0 17 22.868976190476186 0cd9414a_20240918_103817.data
190.0 230.0 17 22.868976190476186 0cd9414a_20240918_103841.data
170.0 230.0 17 22.868976190476186 0cd9414a_20240918_103905.data
150.0 230.0 17 22.868976190476186 0cd9414a_20240918_103929.data
130.0 230.0 17 22.868976190476186 0cd9414a_20240918_103953.data
110.0 230.0 17 22.868976190476186 0cd9414a_20240918_104017.data
90.0 230.0 17 22.868976190476186 0cd9414a_20240918_104041.data
70.0 230.0 17 22.868976190476186 0cd9414a_20240918_104105.data
50.0 230.0 17 22.868976190476186 0cd9414a_20240918_104129.data
30.0 230.0 17 22.868976190476186 0cd9414a_20240918_104153.data
10.0 230.0 17 22.969809523809523 0cd9414a_20240918_104217.data
10.0 250.0 17 22.868976190476186 0cd9414a_20240918_104241.data
30.0 250.0 17 22.868976190476186 0cd9414a_20240918_104305.data
50.0 250.0 17 22.868976190476186 0cd9414a_20240918_104329.data
70.0 250.0 17 22.868976190476186 0cd9414a_20240918_104353.data
90.0 250.0 17 22.868976190476186 0cd9414a_20240918_104417.data
110.0 250.0 17 22.868976190476186 0cd9414a_20240918_104441.data
130.0 250.0 17 22.868976190476186 0cd9414a_20240918_104505.data
150.0 250.0 17 22.868976190476186 0cd9414a_20240918_104529.data
170.0 250.0 17 22.868976190476186 0cd9414a_20240918_104553.data
190.0 250.0 17 22.868976190476186 0cd9414a_20240918_104617.data
210.0 250.0 17 22.868976190476186 0cd9414a_20240918_104641.data
230.0 250.0 17 22.868976190476186 0cd9414a_20240918_104705.data
250.0 250.0 17 22.868976190476186 0cd9414a_20240918_104729.data
270.0 250.0 17 22.868976190476186 0cd9414a_20240918_104753.data
290.0 250.0 17 22.868976190476186 0cd9414a_20240918_104817.data
290.0 270.0 17 22.969809523809523 0cd9414a_20240918_104841.data
270.0 270.0 17 22.868976190476186 0cd9414a_20240918_104905.data
250.0 270.0 17 23.073725 0cd9414a_20240918_104929.data
230.0 270.0 17 22.868976190476186 0cd9414a_20240918_104953.data
210.0 270.0 17 22.868976190476186 0cd9414a_20240918_105017.data
190.0 270.0 17 22.868976190476186 0cd9414a_20240918_105041.data
170.0 270.0 17 22.868976190476186 0cd9414a_20240918_105105.data
150.0 270.0 17 22.868976190476186 0cd9414a_20240918_105129.data
130.0 270.0 17 22.868976190476186 0cd9414a_20240918_105153.data
110.0 270.0 17 22.868976190476186 0cd9414a_20240918_105217.data
90.0 270.0 17 22.868976190476186 0cd9414a_20240918_105241.data
70.0 270.0 17 -1 0cd9414a_20240918_105305.data
50.0 270.0 17 22.767738095238098 0cd9414a_20240918_105329.data
30.0 270.0 17 22.868976190476186 0cd9414a_20240918_105353.data
10.0 270.0 17 -1 0cd9414a_20240918_105417.data
10.0 290.0 17 23.073725 0cd9414a_20240918_105441.data
30.0 290.0 17 22.868976190476186 0cd9414a_20240918_105505.data
50.0 290.0 17 -1 0cd9414a_20240918_105529.data
70.0 290.0 17 22.868976190476186 0cd9414a_20240918_105554.data
90.0 290.0 17 22.868976190476186 0cd9414a_20240918_105618.data
110.0 290.0 17 -1 0cd9414a_20240918_105642.data
130.0 290.0 17 22.868976190476186 0cd9414a_20240918_105706.data
150.0 290.0 17 22.868976190476186 0cd9414a_20240918_105730.data
170.0 290.0 17 -1 0cd9414a_20240918_105754.data
190.0 290.0 17 23.283325 0cd9414a_20240918_105818.data
210.0 290.0 17 23.178749999999997 0cd9414a_20240918_105842.data
230.0 290.0 17 23.283325 0cd9414a_20240918_105906.data
250.0 290.0 17 23.178749999999997 0cd9414a_20240918_105930.data
270.0 290.0 17 23.283325 0cd9414a_20240918_105954.data
290.0 290.0 17 23.178749999999997 0cd9414a_20240918_110018.data
290.0 310.0 17 23.178749999999997 0cd9414a_20240918_110042.data
270.0 310.0 17 23.178749999999997 0cd9414a_20240918_110106.data
250.0 310.0 17 23.178749999999997 0cd9414a_20240918_110130.data
230.0 310.0 17 23.283325 0cd9414a_20240918_110154.data
210.0 310.0 17 23.283325 0cd9414a_20240918_110218.data
190.0 310.0 17 23.178749999999997 0cd9414a_20240918_110242.data
170.0 310.0 17 23.283325 0cd9414a_20240918_110306.data
150.0 310.0 17 23.49125 0cd9414a_20240918_110330.data
130.0 310.0 17 23.283325 0cd9414a_20240918_110354.data
110.0 310.0 17 23.178749999999997 0cd9414a_20240918_110418.data
90.0 310.0 17 23.283325 0cd9414a_20240918_110442.data
70.0 310.0 17 23.178749999999997 0cd9414a_20240918_110506.data
50.0 310.0 17 23.283325 0cd9414a_20240918_110530.data
30.0 310.0 17 23.283325 0cd9414a_20240918_110554.data
10.0 310.0 17 23.283325 0cd9414a_20240918_110618.data
10.0 330.0 17 23.283325 0cd9414a_20240918_110642.data
30.0 330.0 17 23.283325 0cd9414a_20240918_110706.data
50.0 330.0 17 23.073725 0cd9414a_20240918_110730.data
70.0 330.0 17 23.283325 0cd9414a_20240918_110754.data
90.0 330.0 17 23.283325 0cd9414a_20240918_110818.data
110.0 330.0 17 23.283325 0cd9414a_20240918_110842.data
130.0 330.0 17 23.178749999999997 0cd9414a_20240918_110906.data
150.0 330.0 17 23.283325 0cd9414a_20240918_110930.data
170.0 330.0 17 23.283325 0cd9414a_20240918_110954.data
190.0 330.0 17 23.283325 0cd9414a_20240918_111018.data
210.0 330.0 17 23.178749999999997 0cd9414a_20240918_111042.data
230.0 330.0 17 23.178749999999997 0cd9414a_20240918_111106.data
250.0 330.0 17 23.283325 0cd9414a_20240918_111130.data
270.0 330.0 17 23.283325 0cd9414a_20240918_111154.data
290.0 330.0 17 23.283325 0cd9414a_20240918_111218.data
10.0 350.0 17 23.283325 0cd9414a_20240918_112502.data
30.0 350.0 17 23.283325 0cd9414a_20240918_112526.data
50.0 350.0 17 23.178749999999997 0cd9414a_20240918_112550.data
70.0 350.0 17 23.178749999999997 0cd9414a_20240918_112614.data
90.0 350.0 17 23.283325 0cd9414a_20240918_112638.data
110.0 350.0 17 23.283325 0cd9414a_20240918_112702.data
130.0 350.0 17 23.178749999999997 0cd9414a_20240918_112726.data
150.0 350.0 17 23.283325 0cd9414a_20240918_112750.data
170.0 350.0 17 23.283325 0cd9414a_20240918_112814.data
190.0 350.0 17 23.283325 0cd9414a_20240918_112838.data
210.0 350.0 17 23.283325 0cd9414a_20240918_112902.data
230.0 350.0 17 23.283325 0cd9414a_20240918_112926.data
250.0 350.0 17 23.283325 0cd9414a_20240918_112950.data
270.0 350.0 17 23.283325 0cd9414a_20240918_113014.data
290.0 350.0 17 23.283325 0cd9414a_20240918_113038.data
290.0 370.0 17 23.283325 0cd9414a_20240918_113102.data
270.0 370.0 17 23.283325 0cd9414a_20240918_113126.data
250.0 370.0 17 23.178749999999997 0cd9414a_20240918_113150.data
230.0 370.0 17 23.283325 0cd9414a_20240918_113214.data
210.0 370.0 17 23.178749999999997 0cd9414a_20240918_113238.data
190.0 370.0 17 23.283325 0cd9414a_20240918_113302.data
170.0 370.0 17 23.283325 0cd9414a_20240918_113326.data
150.0 370.0 17 23.178749999999997 0cd9414a_20240918_113350.data
130.0 370.0 17 23.283325 0cd9414a_20240918_113414.data
110.0 370.0 17 23.178749999999997 0cd9414a_20240918_113438.data
90.0 370.0 17 23.283325 0cd9414a_20240918_113502.data
70.0 370.0 17 23.283325 0cd9414a_20240918_113526.data
50.0 370.0 17 23.283325 0cd9414a_20240918_113550.data
30.0 370.0 17 23.178749999999997 0cd9414a_20240918_113614.data
10.0 370.0 17 23.283325 0cd9414a_20240918_113638.data
10.0 390.0 17 23.283325 0cd9414a_20240918_113702.data
30.0 390.0 17 23.178749999999997 0cd9414a_20240918_113726.data
50.0 390.0 17 23.178749999999997 0cd9414a_20240918_113750.data
70.0 390.0 17 23.283325 0cd9414a_20240918_113814.data
90.0 390.0 17 23.178749999999997 0cd9414a_20240918_113838.data
110.0 390.0 17 23.283325 0cd9414a_20240918_113902.data
130.0 390.0 17 23.283325 0cd9414a_20240918_113926.data
150.0 390.0 17 23.283325 0cd9414a_20240918_113950.data
170.0 390.0 17 23.283325 0cd9414a_20240918_114014.data
190.0 390.0 17 23.283325 0cd9414a_20240918_114038.data
210.0 390.0 17 23.178749999999997 0cd9414a_20240918_114102.data
230.0 390.0 17 23.283325 0cd9414a_20240918_114126.data
250.0 390.0 17 23.283325 0cd9414a_20240918_114150.data
270.0 390.0 17 23.178749999999997 0cd9414a_20240918_114214.data
290.0 390.0 17 23.283325 0cd9414a_20240918_114238.data
290.0 410.0 17 23.178749999999997 0cd9414a_20240918_114302.data
270.0 410.0 17 23.283325 0cd9414a_20240918_114326.data
250.0 410.0 17 23.283325 0cd9414a_20240918_114350.data
230.0 410.0 17 23.283325 0cd9414a_20240918_114414.data
210.0 410.0 17 23.178749999999997 0cd9414a_20240918_114438.data
190.0 410.0 17 23.283325 0cd9414a_20240918_114502.data
170.0 410.0 17 23.283325 0cd9414a_20240918_114526.data
150.0 410.0 17 23.283325 0cd9414a_20240918_114550.data
130.0 410.0 17 23.283325 0cd9414a_20240918_114614.data
110.0 410.0 17 23.178749999999997 0cd9414a_20240918_114638.data
90.0 410.0 17 23.283325 0cd9414a_20240918_114702.data
70.0 410.0 17 23.283325 0cd9414a_20240918_114726.data
50.0 410.0 17 23.283325 0cd9414a_20240918_114750.data
30.0 410.0 17 23.283325 0cd9414a_20240918_114814.data
10.0 410.0 17 23.283325 0cd9414a_20240918_114838.data
10.0 430.0 17 23.178749999999997 0cd9414a_20240918_114902.data
30.0 430.0 17 23.178749999999997 0cd9414a_20240918_114926.data
50.0 430.0 17 23.283325 0cd9414a_20240918_114950.data
70.0 430.0 17 23.283325 0cd9414a_20240918_115014.data
90.0 430.0 17 23.283325 0cd9414a_20240918_115038.data
110.0 430.0 17 23.283325 0cd9414a_20240918_115102.data
130.0 430.0 17 23.283325 0cd9414a_20240918_115127.data
150.0 430.0 17 23.283325 0cd9414a_20240918_115151.data
170.0 430.0 17 23.178749999999997 0cd9414a_20240918_115215.data
190.0 430.0 17 23.283325 0cd9414a_20240918_115239.data
210.0 430.0 17 23.3875 0cd9414a_20240918_115303.data
230.0 430.0 17 23.283325 0cd9414a_20240918_115327.data
250.0 430.0 17 23.178749999999997 0cd9414a_20240918_115351.data
270.0 430.0 17 23.283325 0cd9414a_20240918_115415.data
290.0 430.0 17 23.283325 0cd9414a_20240918_115439.data
290.0 450.0 17 23.283325 0cd9414a_20240918_115503.data
270.0 450.0 17 23.283325 0cd9414a_20240918_115527.data
250.0 450.0 17 23.283325 0cd9414a_20240918_115551.data
230.0 450.0 17 23.49125 0cd9414a_20240918_115615.data
210.0 450.0 17 23.283325 0cd9414a_20240918_115639.data
190.0 450.0 17 23.283325 0cd9414a_20240918_115703.data
170.0 450.0 17 23.283325 0cd9414a_20240918_115727.data
150.0 450.0 17 23.283325 0cd9414a_20240918_115751.data
130.0 450.0 17 23.283325 0cd9414a_20240918_115815.data
110.0 450.0 17 23.283325 0cd9414a_20240918_115839.data
90.0 450.0 17 23.283325 0cd9414a_20240918_115903.data
70.0 450.0 17 23.283325 0cd9414a_20240918_115927.data
50.0 450.0 17 23.283325 0cd9414a_20240918_115951.data
30.0 450.0 17 23.283325 0cd9414a_20240918_120015.data
10.0 450.0 17 23.283325 0cd9414a_20240918_120039.data
10.0 470.0 17 23.283325 0cd9414a_20240918_120103.data
30.0 470.0 17 23.283325 0cd9414a_20240918_120127.data
50.0 470.0 17 23.283325 0cd9414a_20240918_120151.data
70.0 470.0 17 23.283325 0cd9414a_20240918_120215.data
90.0 470.0 17 23.178749999999997 0cd9414a_20240918_120239.data
110.0 470.0 17 23.283325 0cd9414a_20240918_120303.data
130.0 470.0 17 23.283325 0cd9414a_20240918_120327.data
150.0 470.0 17 23.283325 0cd9414a_20240918_120351.data
170.0 470.0 17 23.283325 0cd9414a_20240918_120415.data
190.0 470.0 17 23.178749999999997 0cd9414a_20240918_120439.data
210.0 470.0 17 23.283325 0cd9414a_20240918_120503.data
230.0 470.0 17 23.178749999999997 0cd9414a_20240918_120527.data
250.0 470.0 17 23.283325 0cd9414a_20240918_120551.data
270.0 470.0 17 23.283325 0cd9414a_20240918_120615.data
290.0 470.0 17 23.283325 0cd9414a_20240918_120639.data
