-1 -1 -1 26.700136563876654 0cd9414a_20240808_120023.data
10.0 10.0 17 26.700136563876654 0cd9414a_20240808_120103.data
30.0 10.0 17 26.81392511013216 0cd9414a_20240808_120127.data
50.0 10.0 17 26.700136563876654 0cd9414a_20240808_120151.data
70.0 10.0 17 26.81392511013216 0cd9414a_20240808_120215.data
90.0 10.0 17 26.700136563876654 0cd9414a_20240808_120239.data
110.0 10.0 17 26.81392511013216 0cd9414a_20240808_120303.data
130.0 10.0 17 26.81392511013216 0cd9414a_20240808_120327.data
150.0 10.0 17 26.81392511013216 0cd9414a_20240808_120351.data
170.0 10.0 17 26.81392511013216 0cd9414a_20240808_120415.data
190.0 10.0 17 26.700136563876654 0cd9414a_20240808_120439.data
210.0 10.0 17 26.700136563876654 0cd9414a_20240808_120503.data
230.0 10.0 17 26.700136563876654 0cd9414a_20240808_120527.data
250.0 10.0 17 26.700136563876654 0cd9414a_20240808_120551.data
270.0 10.0 17 26.81392511013216 0cd9414a_20240808_120615.data
290.0 10.0 17 26.700136563876654 0cd9414a_20240808_120639.data
290.0 30.0 17 26.700136563876654 0cd9414a_20240808_120703.data
270.0 30.0 17 26.81392511013216 0cd9414a_20240808_120727.data
250.0 30.0 17 26.81392511013216 0cd9414a_20240808_120751.data
230.0 30.0 17 26.700136563876654 0cd9414a_20240808_120815.data
210.0 30.0 17 26.700136563876654 0cd9414a_20240808_120839.data
190.0 30.0 17 26.700136563876654 0cd9414a_20240808_120903.data
170.0 30.0 17 26.700136563876654 0cd9414a_20240808_120927.data
150.0 30.0 17 26.700136563876654 0cd9414a_20240808_120951.data
130.0 30.0 17 26.700136563876654 0cd9414a_20240808_121015.data
110.0 30.0 17 26.700136563876654 0cd9414a_20240808_121039.data
90.0 30.0 17 26.700136563876654 0cd9414a_20240808_121103.data
70.0 30.0 17 26.81392511013216 0cd9414a_20240808_121127.data
50.0 30.0 17 26.700136563876654 0cd9414a_20240808_121151.data
30.0 30.0 17 26.700136563876654 0cd9414a_20240808_121215.data
10.0 30.0 17 26.700136563876654 0cd9414a_20240808_121239.data
10.0 50.0 17 26.700136563876654 0cd9414a_20240808_121303.data
30.0 50.0 17 26.700136563876654 0cd9414a_20240808_121327.data
50.0 50.0 17 26.585916299559475 0cd9414a_20240808_121351.data
70.0 50.0 17 26.700136563876654 0cd9414a_20240808_121415.data
90.0 50.0 17 26.700136563876654 0cd9414a_20240808_121439.data
110.0 50.0 17 26.700136563876654 0cd9414a_20240808_121503.data
130.0 50.0 17 26.585916299559475 0cd9414a_20240808_121527.data
150.0 50.0 17 26.700136563876654 0cd9414a_20240808_121551.data
170.0 50.0 17 26.700136563876654 0cd9414a_20240808_121615.data
190.0 50.0 17 26.700136563876654 0cd9414a_20240808_121639.data
210.0 50.0 17 26.700136563876654 0cd9414a_20240808_121703.data
230.0 50.0 17 26.700136563876654 0cd9414a_20240808_121727.data
250.0 50.0 17 26.700136563876654 0cd9414a_20240808_121751.data
270.0 50.0 17 26.700136563876654 0cd9414a_20240808_121815.data
290.0 50.0 17 26.700136563876654 0cd9414a_20240808_121839.data
290.0 70.0 17 26.700136563876654 0cd9414a_20240808_121903.data
270.0 70.0 17 26.700136563876654 0cd9414a_20240808_121927.data
250.0 70.0 17 26.700136563876654 0cd9414a_20240808_121951.data
230.0 70.0 17 26.81392511013216 0cd9414a_20240808_122015.data
210.0 70.0 17 26.81392511013216 0cd9414a_20240808_122039.data
190.0 70.0 17 26.700136563876654 0cd9414a_20240808_122103.data
170.0 70.0 17 26.700136563876654 0cd9414a_20240808_122127.data
150.0 70.0 17 26.700136563876654 0cd9414a_20240808_122151.data
130.0 70.0 17 26.700136563876654 0cd9414a_20240808_122215.data
110.0 70.0 17 26.700136563876654 0cd9414a_20240808_122239.data
90.0 70.0 17 26.585916299559475 0cd9414a_20240808_122303.data
70.0 70.0 17 26.585916299559475 0cd9414a_20240808_122327.data
50.0 70.0 17 26.585916299559475 0cd9414a_20240808_122351.data
30.0 70.0 17 26.585916299559475 0cd9414a_20240808_122415.data
10.0 70.0 17 26.700136563876654 0cd9414a_20240808_122439.data
10.0 90.0 17 26.700136563876654 0cd9414a_20240808_122503.data
30.0 90.0 17 26.700136563876654 0cd9414a_20240808_122527.data
50.0 90.0 17 26.585916299559475 0cd9414a_20240808_122551.data
70.0 90.0 17 26.81392511013216 0cd9414a_20240808_122615.data
90.0 90.0 17 26.700136563876654 0cd9414a_20240808_122639.data
110.0 90.0 17 26.700136563876654 0cd9414a_20240808_122703.data
130.0 90.0 17 26.81392511013216 0cd9414a_20240808_122727.data
150.0 90.0 17 26.700136563876654 0cd9414a_20240808_122751.data
170.0 90.0 17 26.700136563876654 0cd9414a_20240808_122815.data
190.0 90.0 17 26.700136563876654 0cd9414a_20240808_122839.data
210.0 90.0 17 26.700136563876654 0cd9414a_20240808_122903.data
230.0 90.0 17 26.700136563876654 0cd9414a_20240808_122928.data
250.0 90.0 17 26.700136563876654 0cd9414a_20240808_122952.data
270.0 90.0 17 26.700136563876654 0cd9414a_20240808_123016.data
290.0 90.0 17 26.700136563876654 0cd9414a_20240808_123040.data
290.0 110.0 17 26.700136563876654 0cd9414a_20240808_123104.data
270.0 110.0 17 26.700136563876654 0cd9414a_20240808_123128.data
250.0 110.0 17 26.700136563876654 0cd9414a_20240808_123152.data
230.0 110.0 17 26.700136563876654 0cd9414a_20240808_123216.data
210.0 110.0 17 26.81392511013216 0cd9414a_20240808_123240.data
190.0 110.0 17 26.700136563876654 0cd9414a_20240808_123304.data
170.0 110.0 17 26.700136563876654 0cd9414a_20240808_123328.data
150.0 110.0 17 26.700136563876654 0cd9414a_20240808_123352.data
130.0 110.0 17 26.700136563876654 0cd9414a_20240808_123416.data
110.0 110.0 17 26.700136563876654 0cd9414a_20240808_123440.data
90.0 110.0 17 26.700136563876654 0cd9414a_20240808_123504.data
70.0 110.0 17 26.700136563876654 0cd9414a_20240808_123528.data
50.0 110.0 17 26.700136563876654 0cd9414a_20240808_123552.data
30.0 110.0 17 26.700136563876654 0cd9414a_20240808_123616.data
10.0 110.0 17 26.700136563876654 0cd9414a_20240808_123640.data
10.0 130.0 17 26.81392511013216 0cd9414a_20240808_123704.data
30.0 130.0 17 26.700136563876654 0cd9414a_20240808_123728.data
50.0 130.0 17 26.700136563876654 0cd9414a_20240808_123752.data
70.0 130.0 17 26.700136563876654 0cd9414a_20240808_123816.data
90.0 130.0 17 26.585916299559475 0cd9414a_20240808_123840.data
110.0 130.0 17 26.700136563876654 0cd9414a_20240808_123904.data
130.0 130.0 17 26.700136563876654 0cd9414a_20240808_123928.data
150.0 130.0 17 26.700136563876654 0cd9414a_20240808_123952.data
170.0 130.0 17 26.700136563876654 0cd9414a_20240808_124016.data
190.0 130.0 17 26.700136563876654 0cd9414a_20240808_124040.data
210.0 130.0 17 26.700136563876654 0cd9414a_20240808_124104.data
230.0 130.0 17 26.585916299559475 0cd9414a_20240808_124128.data
250.0 130.0 17 26.585916299559475 0cd9414a_20240808_124152.data
270.0 130.0 17 26.700136563876654 0cd9414a_20240808_124216.data
290.0 130.0 17 26.585916299559475 0cd9414a_20240808_124240.data
290.0 150.0 17 26.585916299559475 0cd9414a_20240808_124304.data
270.0 150.0 17 26.700136563876654 0cd9414a_20240808_124328.data
250.0 150.0 17 26.700136563876654 0cd9414a_20240808_124352.data
230.0 150.0 17 26.700136563876654 0cd9414a_20240808_124416.data
210.0 150.0 17 26.700136563876654 0cd9414a_20240808_124440.data
190.0 150.0 17 26.585916299559475 0cd9414a_20240808_124504.data
170.0 150.0 17 26.700136563876654 0cd9414a_20240808_124528.data
150.0 150.0 17 26.700136563876654 0cd9414a_20240808_124552.data
130.0 150.0 17 26.700136563876654 0cd9414a_20240808_124616.data
110.0 150.0 17 26.700136563876654 0cd9414a_20240808_124640.data
90.0 150.0 17 26.471233480176213 0cd9414a_20240808_124704.data
70.0 150.0 17 26.585916299559475 0cd9414a_20240808_124728.data
50.0 150.0 17 26.700136563876654 0cd9414a_20240808_124752.data
30.0 150.0 17 26.700136563876654 0cd9414a_20240808_124816.data
10.0 150.0 17 26.700136563876654 0cd9414a_20240808_124840.data
10.0 170.0 17 26.585916299559475 0cd9414a_20240808_124904.data
30.0 170.0 17 26.700136563876654 0cd9414a_20240808_124928.data
50.0 170.0 17 26.585916299559475 0cd9414a_20240808_124952.data
70.0 170.0 17 26.700136563876654 0cd9414a_20240808_125016.data
90.0 170.0 17 26.585916299559475 0cd9414a_20240808_125040.data
110.0 170.0 17 26.471233480176213 0cd9414a_20240808_125104.data
130.0 170.0 17 26.356118942731285 0cd9414a_20240808_125128.data
150.0 170.0 17 26.585916299559475 0cd9414a_20240808_125152.data
170.0 170.0 17 26.471233480176213 0cd9414a_20240808_125216.data
190.0 170.0 17 26.585916299559475 0cd9414a_20240808_125240.data
210.0 170.0 17 26.585916299559475 0cd9414a_20240808_125304.data
230.0 170.0 17 26.585916299559475 0cd9414a_20240808_125328.data
250.0 170.0 17 26.585916299559475 0cd9414a_20240808_125352.data
270.0 170.0 17 26.585916299559475 0cd9414a_20240808_125416.data
290.0 170.0 17 26.700136563876654 0cd9414a_20240808_125440.data
290.0 190.0 17 26.585916299559475 0cd9414a_20240808_125504.data
270.0 190.0 17 26.585916299559475 0cd9414a_20240808_125528.data
250.0 190.0 17 26.585916299559475 0cd9414a_20240808_125552.data
230.0 190.0 17 26.585916299559475 0cd9414a_20240808_125616.data
210.0 190.0 17 26.585916299559475 0cd9414a_20240808_125640.data
190.0 190.0 17 26.81392511013216 0cd9414a_20240808_125704.data
170.0 190.0 17 26.585916299559475 0cd9414a_20240808_125728.data
150.0 190.0 17 26.471233480176213 0cd9414a_20240808_125752.data
130.0 190.0 17 26.700136563876654 0cd9414a_20240808_125816.data
110.0 190.0 17 26.700136563876654 0cd9414a_20240808_125840.data
90.0 190.0 17 26.700136563876654 0cd9414a_20240808_125904.data
70.0 190.0 17 26.585916299559475 0cd9414a_20240808_125928.data
50.0 190.0 17 26.585916299559475 0cd9414a_20240808_125952.data
30.0 190.0 17 26.585916299559475 0cd9414a_20240808_130016.data
10.0 190.0 17 26.585916299559475 0cd9414a_20240808_130040.data
10.0 210.0 17 26.700136563876654 0cd9414a_20240808_130104.data
30.0 210.0 17 26.700136563876654 0cd9414a_20240808_130128.data
50.0 210.0 17 26.471233480176213 0cd9414a_20240808_130152.data
70.0 210.0 17 26.700136563876654 0cd9414a_20240808_130216.data
90.0 210.0 17 26.585916299559475 0cd9414a_20240808_130240.data
110.0 210.0 17 26.585916299559475 0cd9414a_20240808_130304.data
130.0 210.0 17 26.585916299559475 0cd9414a_20240808_130328.data
150.0 210.0 17 26.700136563876654 0cd9414a_20240808_130352.data
170.0 210.0 17 26.585916299559475 0cd9414a_20240808_130416.data
190.0 210.0 17 26.700136563876654 0cd9414a_20240808_130440.data
210.0 210.0 17 26.700136563876654 0cd9414a_20240808_130505.data
230.0 210.0 17 26.585916299559475 0cd9414a_20240808_130529.data
250.0 210.0 17 26.700136563876654 0cd9414a_20240808_130553.data
270.0 210.0 17 26.585916299559475 0cd9414a_20240808_130617.data
290.0 210.0 17 26.700136563876654 0cd9414a_20240808_130641.data
290.0 230.0 17 26.700136563876654 0cd9414a_20240808_130705.data
270.0 230.0 17 26.700136563876654 0cd9414a_20240808_130729.data
250.0 230.0 17 26.585916299559475 0cd9414a_20240808_130753.data
230.0 230.0 17 26.585916299559475 0cd9414a_20240808_130817.data
210.0 230.0 17 26.585916299559475 0cd9414a_20240808_130841.data
190.0 230.0 17 26.700136563876654 0cd9414a_20240808_130905.data
170.0 230.0 17 26.700136563876654 0cd9414a_20240808_130929.data
150.0 230.0 17 26.585916299559475 0cd9414a_20240808_130953.data
130.0 230.0 17 26.700136563876654 0cd9414a_20240808_131017.data
110.0 230.0 17 26.700136563876654 0cd9414a_20240808_131041.data
90.0 230.0 17 26.700136563876654 0cd9414a_20240808_131105.data
70.0 230.0 17 26.700136563876654 0cd9414a_20240808_131129.data
50.0 230.0 17 26.700136563876654 0cd9414a_20240808_131153.data
30.0 230.0 17 26.585916299559475 0cd9414a_20240808_131217.data
10.0 230.0 17 26.471233480176213 0cd9414a_20240808_131241.data
10.0 250.0 17 26.585916299559475 0cd9414a_20240808_131305.data
30.0 250.0 17 26.585916299559475 0cd9414a_20240808_131329.data
50.0 250.0 17 26.700136563876654 0cd9414a_20240808_131353.data
70.0 250.0 17 26.585916299559475 0cd9414a_20240808_131417.data
90.0 250.0 17 26.700136563876654 0cd9414a_20240808_131441.data
110.0 250.0 17 26.585916299559475 0cd9414a_20240808_131505.data
130.0 250.0 17 26.585916299559475 0cd9414a_20240808_131529.data
150.0 250.0 17 26.700136563876654 0cd9414a_20240808_131553.data
170.0 250.0 17 26.585916299559475 0cd9414a_20240808_131617.data
190.0 250.0 17 26.585916299559475 0cd9414a_20240808_131641.data
210.0 250.0 17 26.700136563876654 0cd9414a_20240808_131705.data
230.0 250.0 17 26.585916299559475 0cd9414a_20240808_131729.data
250.0 250.0 17 26.585916299559475 0cd9414a_20240808_131753.data
270.0 250.0 17 26.585916299559475 0cd9414a_20240808_131817.data
290.0 250.0 17 26.585916299559475 0cd9414a_20240808_131841.data
290.0 270.0 17 26.585916299559475 0cd9414a_20240808_131905.data
270.0 270.0 17 26.585916299559475 0cd9414a_20240808_131929.data
250.0 270.0 17 26.585916299559475 0cd9414a_20240808_131953.data
230.0 270.0 17 26.700136563876654 0cd9414a_20240808_132017.data
210.0 270.0 17 26.700136563876654 0cd9414a_20240808_132041.data
190.0 270.0 17 26.585916299559475 0cd9414a_20240808_132105.data
170.0 270.0 17 26.700136563876654 0cd9414a_20240808_132129.data
150.0 270.0 17 26.585916299559475 0cd9414a_20240808_132153.data
130.0 270.0 17 26.585916299559475 0cd9414a_20240808_132217.data
110.0 270.0 17 26.585916299559475 0cd9414a_20240808_132241.data
90.0 270.0 17 26.585916299559475 0cd9414a_20240808_132305.data
70.0 270.0 17 26.471233480176213 0cd9414a_20240808_132329.data
50.0 270.0 17 26.700136563876654 0cd9414a_20240808_132353.data
30.0 270.0 17 26.700136563876654 0cd9414a_20240808_132417.data
10.0 270.0 17 26.585916299559475 0cd9414a_20240808_132441.data
10.0 290.0 17 26.471233480176213 0cd9414a_20240808_132505.data
30.0 290.0 17 26.585916299559475 0cd9414a_20240808_132529.data
50.0 290.0 17 26.585916299559475 0cd9414a_20240808_132553.data
70.0 290.0 17 26.585916299559475 0cd9414a_20240808_132617.data
90.0 290.0 17 26.585916299559475 0cd9414a_20240808_132641.data
110.0 290.0 17 26.585916299559475 0cd9414a_20240808_132705.data
130.0 290.0 17 26.585916299559475 0cd9414a_20240808_132729.data
150.0 290.0 17 26.585916299559475 0cd9414a_20240808_132753.data
170.0 290.0 17 26.585916299559475 0cd9414a_20240808_132817.data
190.0 290.0 17 26.585916299559475 0cd9414a_20240808_132841.data
210.0 290.0 17 26.585916299559475 0cd9414a_20240808_132905.data
230.0 290.0 17 26.585916299559475 0cd9414a_20240808_132929.data
250.0 290.0 17 26.700136563876654 0cd9414a_20240808_132953.data
270.0 290.0 17 26.471233480176213 0cd9414a_20240808_133017.data
290.0 290.0 17 26.585916299559475 0cd9414a_20240808_133041.data
290.0 310.0 17 26.585916299559475 0cd9414a_20240808_133105.data
270.0 310.0 17 -1 0cd9414a_20240808_133129.data
250.0 310.0 17 26.700136563876654 0cd9414a_20240808_133153.data
230.0 310.0 17 26.585916299559475 0cd9414a_20240808_133217.data
210.0 310.0 17 -1 0cd9414a_20240808_133241.data
190.0 310.0 17 26.585916299559475 0cd9414a_20240808_133305.data
170.0 310.0 17 26.585916299559475 0cd9414a_20240808_133329.data
150.0 310.0 17 26.585916299559475 0cd9414a_20240808_133353.data
130.0 310.0 17 26.585916299559475 0cd9414a_20240808_133417.data
110.0 310.0 17 26.585916299559475 0cd9414a_20240808_133441.data
90.0 310.0 17 26.585916299559475 0cd9414a_20240808_133505.data
70.0 310.0 17 -1 0cd9414a_20240808_133529.data
50.0 310.0 17 26.700136563876654 0cd9414a_20240808_133554.data
30.0 310.0 17 26.700136563876654 0cd9414a_20240808_133618.data
10.0 310.0 17 26.585916299559475 0cd9414a_20240808_133642.data
10.0 330.0 17 26.58810572687225 0cd9414a_20240808_133706.data
30.0 330.0 17 26.585916299559475 0cd9414a_20240808_133730.data
50.0 330.0 17 26.585916299559475 0cd9414a_20240808_133754.data
70.0 330.0 17 26.585916299559475 0cd9414a_20240808_133818.data
90.0 330.0 17 26.585916299559475 0cd9414a_20240808_133842.data
110.0 330.0 17 26.585916299559475 0cd9414a_20240808_133906.data
130.0 330.0 17 26.585916299559475 0cd9414a_20240808_133930.data
150.0 330.0 17 26.585916299559475 0cd9414a_20240808_133954.data
170.0 330.0 17 26.585916299559475 0cd9414a_20240808_134018.data
190.0 330.0 17 26.585916299559475 0cd9414a_20240808_134042.data
210.0 330.0 17 26.585916299559475 0cd9414a_20240808_134106.data
230.0 330.0 17 26.585916299559475 0cd9414a_20240808_134130.data
250.0 330.0 17 26.585916299559475 0cd9414a_20240808_134154.data
270.0 330.0 17 26.585916299559475 0cd9414a_20240808_134218.data
290.0 330.0 17 26.585916299559475 0cd9414a_20240808_134242.data
10.0 350.0 17 26.585916299559475 0cd9414a_20240808_134421.data
30.0 350.0 17 26.585916299559475 0cd9414a_20240808_134445.data
50.0 350.0 17 26.585916299559475 0cd9414a_20240808_134509.data
70.0 350.0 17 26.471233480176213 0cd9414a_20240808_134534.data
90.0 350.0 17 26.471233480176213 0cd9414a_20240808_134557.data
110.0 350.0 17 26.585916299559475 0cd9414a_20240808_134622.data
130.0 350.0 17 26.585916299559475 0cd9414a_20240808_134646.data
150.0 350.0 17 26.585916299559475 0cd9414a_20240808_134710.data
170.0 350.0 17 26.585916299559475 0cd9414a_20240808_134734.data
190.0 350.0 17 26.471233480176213 0cd9414a_20240808_134758.data
210.0 350.0 17 26.471233480176213 0cd9414a_20240808_134822.data
230.0 350.0 17 26.585916299559475 0cd9414a_20240808_134846.data
250.0 350.0 17 26.585916299559475 0cd9414a_20240808_134910.data
270.0 350.0 17 26.585916299559475 0cd9414a_20240808_134934.data
290.0 350.0 17 26.585916299559475 0cd9414a_20240808_134958.data
290.0 370.0 17 26.585916299559475 0cd9414a_20240808_135022.data
270.0 370.0 17 26.585916299559475 0cd9414a_20240808_135046.data
250.0 370.0 17 26.585916299559475 0cd9414a_20240808_135110.data
230.0 370.0 17 26.585916299559475 0cd9414a_20240808_135134.data
210.0 370.0 17 26.471233480176213 0cd9414a_20240808_135158.data
190.0 370.0 17 26.585916299559475 0cd9414a_20240808_135222.data
170.0 370.0 17 26.585916299559475 0cd9414a_20240808_135246.data
150.0 370.0 17 26.585916299559475 0cd9414a_20240808_135310.data
130.0 370.0 17 26.585916299559475 0cd9414a_20240808_135334.data
110.0 370.0 17 26.585916299559475 0cd9414a_20240808_135358.data
90.0 370.0 17 26.585916299559475 0cd9414a_20240808_135422.data
70.0 370.0 17 26.585916299559475 0cd9414a_20240808_135446.data
50.0 370.0 17 26.585916299559475 0cd9414a_20240808_135510.data
30.0 370.0 17 26.585916299559475 0cd9414a_20240808_135534.data
10.0 370.0 17 26.585916299559475 0cd9414a_20240808_135558.data
10.0 390.0 17 26.585916299559475 0cd9414a_20240808_135622.data
30.0 390.0 17 26.585916299559475 0cd9414a_20240808_135646.data
50.0 390.0 17 26.585916299559475 0cd9414a_20240808_135710.data
70.0 390.0 17 26.585916299559475 0cd9414a_20240808_135734.data
90.0 390.0 17 26.471233480176213 0cd9414a_20240808_135758.data
110.0 390.0 17 26.585916299559475 0cd9414a_20240808_135822.data
130.0 390.0 17 26.585916299559475 0cd9414a_20240808_135846.data
150.0 390.0 17 26.585916299559475 0cd9414a_20240808_135910.data
170.0 390.0 17 26.585916299559475 0cd9414a_20240808_135934.data
190.0 390.0 17 26.585916299559475 0cd9414a_20240808_135958.data
210.0 390.0 17 26.585916299559475 0cd9414a_20240808_140022.data
230.0 390.0 17 26.585916299559475 0cd9414a_20240808_140046.data
250.0 390.0 17 26.585916299559475 0cd9414a_20240808_140110.data
270.0 390.0 17 26.585916299559475 0cd9414a_20240808_140134.data
290.0 390.0 17 26.585916299559475 0cd9414a_20240808_140158.data
290.0 410.0 17 26.585916299559475 0cd9414a_20240808_140222.data
270.0 410.0 17 26.585916299559475 0cd9414a_20240808_140246.data
250.0 410.0 17 26.585916299559475 0cd9414a_20240808_140310.data
230.0 410.0 17 26.585916299559475 0cd9414a_20240808_140334.data
210.0 410.0 17 26.471233480176213 0cd9414a_20240808_140358.data
190.0 410.0 17 26.585916299559475 0cd9414a_20240808_140422.data
170.0 410.0 17 26.585916299559475 0cd9414a_20240808_140446.data
150.0 410.0 17 26.585916299559475 0cd9414a_20240808_140510.data
130.0 410.0 17 26.585916299559475 0cd9414a_20240808_140534.data
110.0 410.0 17 26.585916299559475 0cd9414a_20240808_140558.data
90.0 410.0 17 26.585916299559475 0cd9414a_20240808_140622.data
70.0 410.0 17 26.585916299559475 0cd9414a_20240808_140646.data
50.0 410.0 17 26.471233480176213 0cd9414a_20240808_140710.data
30.0 410.0 17 26.585916299559475 0cd9414a_20240808_140734.data
10.0 410.0 17 26.585916299559475 0cd9414a_20240808_140758.data
10.0 430.0 17 26.471233480176213 0cd9414a_20240808_140822.data
30.0 430.0 17 26.585916299559475 0cd9414a_20240808_140846.data
50.0 430.0 17 26.356118942731285 0cd9414a_20240808_140910.data
70.0 430.0 17 26.585916299559475 0cd9414a_20240808_140934.data
90.0 430.0 17 26.585916299559475 0cd9414a_20240808_140958.data
110.0 430.0 17 26.585916299559475 0cd9414a_20240808_141022.data
130.0 430.0 17 26.585916299559475 0cd9414a_20240808_141046.data
150.0 430.0 17 26.585916299559475 0cd9414a_20240808_141110.data
170.0 430.0 17 26.585916299559475 0cd9414a_20240808_141134.data
190.0 430.0 17 26.585916299559475 0cd9414a_20240808_141158.data
210.0 430.0 17 26.585916299559475 0cd9414a_20240808_141222.data
230.0 430.0 17 26.585916299559475 0cd9414a_20240808_141246.data
250.0 430.0 17 26.585916299559475 0cd9414a_20240808_141310.data
270.0 430.0 17 26.585916299559475 0cd9414a_20240808_141334.data
290.0 430.0 17 26.585916299559475 0cd9414a_20240808_141358.data
290.0 450.0 17 26.585916299559475 0cd9414a_20240808_141422.data
270.0 450.0 17 26.585916299559475 0cd9414a_20240808_141446.data
250.0 450.0 17 26.585916299559475 0cd9414a_20240808_141510.data
230.0 450.0 17 26.585916299559475 0cd9414a_20240808_141534.data
210.0 450.0 17 26.585916299559475 0cd9414a_20240808_141558.data
190.0 450.0 17 26.585916299559475 0cd9414a_20240808_141622.data
170.0 450.0 17 26.585916299559475 0cd9414a_20240808_141646.data
150.0 450.0 17 26.585916299559475 0cd9414a_20240808_141710.data
130.0 450.0 17 26.585916299559475 0cd9414a_20240808_141734.data
110.0 450.0 17 26.585916299559475 0cd9414a_20240808_141758.data
90.0 450.0 17 26.585916299559475 0cd9414a_20240808_141822.data
70.0 450.0 17 26.585916299559475 0cd9414a_20240808_141846.data
50.0 450.0 17 26.585916299559475 0cd9414a_20240808_141910.data
30.0 450.0 17 26.471233480176213 0cd9414a_20240808_141934.data
10.0 450.0 17 26.585916299559475 0cd9414a_20240808_141958.data
10.0 470.0 17 26.585916299559475 0cd9414a_20240808_142022.data
30.0 470.0 17 26.585916299559475 0cd9414a_20240808_142046.data
50.0 470.0 17 26.585916299559475 0cd9414a_20240808_142110.data
70.0 470.0 17 26.585916299559475 0cd9414a_20240808_142134.data
90.0 470.0 17 26.585916299559475 0cd9414a_20240808_142158.data
110.0 470.0 17 26.585916299559475 0cd9414a_20240808_142222.data
130.0 470.0 17 26.585916299559475 0cd9414a_20240808_142247.data
150.0 470.0 17 26.585916299559475 0cd9414a_20240808_142311.data
170.0 470.0 17 26.585916299559475 0cd9414a_20240808_142335.data
190.0 470.0 17 26.585916299559475 0cd9414a_20240808_142359.data
210.0 470.0 17 26.585916299559475 0cd9414a_20240808_142423.data
230.0 470.0 17 26.585916299559475 0cd9414a_20240808_142447.data
250.0 470.0 17 26.700136563876654 0cd9414a_20240808_142511.data
270.0 470.0 17 26.585916299559475 0cd9414a_20240808_142535.data
290.0 470.0 17 26.585916299559475 0cd9414a_20240808_142559.data
