-1 -1 -1 24.003973684210532 0cd9414a_20240909_104849.data
10.0 10.0 17 24.1106052631579 0cd9414a_20240909_104928.data
30.0 10.0 17 24.322552631578947 0cd9414a_20240909_104952.data
50.0 10.0 17 24.003973684210532 0cd9414a_20240909_105016.data
70.0 10.0 17 24.216789473684212 0cd9414a_20240909_105040.data
90.0 10.0 17 24.322552631578947 0cd9414a_20240909_105104.data
110.0 10.0 17 24.1106052631579 0cd9414a_20240909_105128.data
130.0 10.0 17 24.216789473684212 0cd9414a_20240909_105153.data
150.0 10.0 17 24.216789473684212 0cd9414a_20240909_105217.data
170.0 10.0 17 24.003973684210532 0cd9414a_20240909_105241.data
190.0 10.0 17 24.216789473684212 0cd9414a_20240909_105305.data
210.0 10.0 17 24.003973684210532 0cd9414a_20240909_105329.data
230.0 10.0 17 24.003973684210532 0cd9414a_20240909_105353.data
250.0 10.0 17 24.1106052631579 0cd9414a_20240909_105417.data
270.0 10.0 17 24.003973684210532 0cd9414a_20240909_105441.data
290.0 10.0 17 24.003973684210532 0cd9414a_20240909_105505.data
290.0 30.0 17 24.1106052631579 0cd9414a_20240909_105529.data
270.0 30.0 17 24.216789473684212 0cd9414a_20240909_105553.data
250.0 30.0 17 24.216789473684212 0cd9414a_20240909_105617.data
230.0 30.0 17 24.1106052631579 0cd9414a_20240909_105641.data
210.0 30.0 17 24.003973684210532 0cd9414a_20240909_105705.data
190.0 30.0 17 24.216789473684212 0cd9414a_20240909_105729.data
170.0 30.0 17 24.216789473684212 0cd9414a_20240909_105753.data
150.0 30.0 17 24.1106052631579 0cd9414a_20240909_105817.data
130.0 30.0 17 24.003973684210532 0cd9414a_20240909_105841.data
110.0 30.0 17 24.216789473684212 0cd9414a_20240909_105905.data
90.0 30.0 17 24.1106052631579 0cd9414a_20240909_105929.data
70.0 30.0 17 24.216789473684212 0cd9414a_20240909_105953.data
50.0 30.0 17 24.1106052631579 0cd9414a_20240909_110017.data
30.0 30.0 17 23.902100000000004 0cd9414a_20240909_110041.data
10.0 30.0 17 24.1106052631579 0cd9414a_20240909_110105.data
10.0 50.0 17 24.1106052631579 0cd9414a_20240909_110129.data
30.0 50.0 17 24.003973684210532 0cd9414a_20240909_110153.data
50.0 50.0 17 24.216789473684212 0cd9414a_20240909_110217.data
70.0 50.0 17 24.1106052631579 0cd9414a_20240909_110241.data
90.0 50.0 17 24.1106052631579 0cd9414a_20240909_110305.data
110.0 50.0 17 24.216789473684212 0cd9414a_20240909_110329.data
130.0 50.0 17 24.003973684210532 0cd9414a_20240909_110353.data
150.0 50.0 17 24.003973684210532 0cd9414a_20240909_110417.data
170.0 50.0 17 24.003973684210532 0cd9414a_20240909_110441.data
190.0 50.0 17 24.216789473684212 0cd9414a_20240909_110505.data
210.0 50.0 17 24.1106052631579 0cd9414a_20240909_110529.data
230.0 50.0 17 24.1106052631579 0cd9414a_20240909_110553.data
250.0 50.0 17 24.1106052631579 0cd9414a_20240909_110617.data
270.0 50.0 17 24.1106052631579 0cd9414a_20240909_110641.data
290.0 50.0 17 24.216789473684212 0cd9414a_20240909_110705.data
290.0 70.0 17 24.1106052631579 0cd9414a_20240909_110729.data
270.0 70.0 17 24.1106052631579 0cd9414a_20240909_110753.data
250.0 70.0 17 24.1106052631579 0cd9414a_20240909_110817.data
230.0 70.0 17 24.1106052631579 0cd9414a_20240909_110841.data
210.0 70.0 17 24.1106052631579 0cd9414a_20240909_110905.data
190.0 70.0 17 24.1106052631579 0cd9414a_20240909_110929.data
170.0 70.0 17 24.1106052631579 0cd9414a_20240909_110953.data
150.0 70.0 17 24.003973684210532 0cd9414a_20240909_111017.data
130.0 70.0 17 24.1106052631579 0cd9414a_20240909_111041.data
110.0 70.0 17 24.1106052631579 0cd9414a_20240909_111105.data
90.0 70.0 17 24.003973684210532 0cd9414a_20240909_111129.data
70.0 70.0 17 24.1106052631579 0cd9414a_20240909_111153.data
50.0 70.0 17 23.6975 0cd9414a_20240909_111217.data
30.0 70.0 17 24.003973684210532 0cd9414a_20240909_111241.data
10.0 70.0 17 24.003973684210532 0cd9414a_20240909_111305.data
10.0 90.0 17 23.902100000000004 0cd9414a_20240909_111329.data
30.0 90.0 17 24.003973684210532 0cd9414a_20240909_111353.data
50.0 90.0 17 24.003973684210532 0cd9414a_20240909_111417.data
70.0 90.0 17 23.8 0cd9414a_20240909_111441.data
90.0 90.0 17 24.003973684210532 0cd9414a_20240909_111505.data
110.0 90.0 17 24.003973684210532 0cd9414a_20240909_111529.data
130.0 90.0 17 23.8 0cd9414a_20240909_111553.data
150.0 90.0 17 23.6975 0cd9414a_20240909_111617.data
170.0 90.0 17 24.003973684210532 0cd9414a_20240909_111641.data
190.0 90.0 17 23.8 0cd9414a_20240909_111705.data
210.0 90.0 17 23.902100000000004 0cd9414a_20240909_111729.data
230.0 90.0 17 23.902100000000004 0cd9414a_20240909_111753.data
250.0 90.0 17 23.8 0cd9414a_20240909_111817.data
270.0 90.0 17 24.003973684210532 0cd9414a_20240909_111841.data
290.0 90.0 17 23.902100000000004 0cd9414a_20240909_111905.data
290.0 110.0 17 23.902100000000004 0cd9414a_20240909_111929.data
270.0 110.0 17 24.003973684210532 0cd9414a_20240909_111953.data
250.0 110.0 17 23.902100000000004 0cd9414a_20240909_112017.data
230.0 110.0 17 24.003973684210532 0cd9414a_20240909_112041.data
210.0 110.0 17 23.8 0cd9414a_20240909_112105.data
190.0 110.0 17 24.003973684210532 0cd9414a_20240909_112129.data
170.0 110.0 17 24.1106052631579 0cd9414a_20240909_112154.data
150.0 110.0 17 23.902100000000004 0cd9414a_20240909_112218.data
130.0 110.0 17 23.902100000000004 0cd9414a_20240909_112242.data
110.0 110.0 17 24.003973684210532 0cd9414a_20240909_112306.data
90.0 110.0 17 24.003973684210532 0cd9414a_20240909_112330.data
70.0 110.0 17 24.003973684210532 0cd9414a_20240909_112354.data
50.0 110.0 17 23.8 0cd9414a_20240909_112418.data
30.0 110.0 17 24.003973684210532 0cd9414a_20240909_112442.data
10.0 110.0 17 23.8 0cd9414a_20240909_112506.data
10.0 130.0 17 24.003973684210532 0cd9414a_20240909_112530.data
30.0 130.0 17 24.1106052631579 0cd9414a_20240909_112554.data
50.0 130.0 17 24.003973684210532 0cd9414a_20240909_112618.data
70.0 130.0 17 23.8 0cd9414a_20240909_112642.data
90.0 130.0 17 24.003973684210532 0cd9414a_20240909_112706.data
110.0 130.0 17 24.003973684210532 0cd9414a_20240909_112730.data
130.0 130.0 17 24.003973684210532 0cd9414a_20240909_112754.data
150.0 130.0 17 23.902100000000004 0cd9414a_20240909_112818.data
170.0 130.0 17 23.8 0cd9414a_20240909_112842.data
190.0 130.0 17 24.1106052631579 0cd9414a_20240909_112906.data
210.0 130.0 17 23.902100000000004 0cd9414a_20240909_112930.data
230.0 130.0 17 23.8 0cd9414a_20240909_112954.data
250.0 130.0 17 24.003973684210532 0cd9414a_20240909_113018.data
270.0 130.0 17 24.1106052631579 0cd9414a_20240909_113042.data
290.0 130.0 17 23.902100000000004 0cd9414a_20240909_113106.data
290.0 150.0 17 24.003973684210532 0cd9414a_20240909_113130.data
270.0 150.0 17 23.902100000000004 0cd9414a_20240909_113154.data
250.0 150.0 17 23.902100000000004 0cd9414a_20240909_113218.data
230.0 150.0 17 23.6975 0cd9414a_20240909_113242.data
210.0 150.0 17 24.003973684210532 0cd9414a_20240909_113306.data
190.0 150.0 17 23.8 0cd9414a_20240909_113330.data
170.0 150.0 17 23.8 0cd9414a_20240909_113354.data
150.0 150.0 17 24.1106052631579 0cd9414a_20240909_113418.data
130.0 150.0 17 24.003973684210532 0cd9414a_20240909_113442.data
110.0 150.0 17 23.902100000000004 0cd9414a_20240909_113506.data
90.0 150.0 17 23.8 0cd9414a_20240909_113530.data
70.0 150.0 17 23.8 0cd9414a_20240909_113554.data
50.0 150.0 17 23.6975 0cd9414a_20240909_113618.data
30.0 150.0 17 24.003973684210532 0cd9414a_20240909_113642.data
10.0 150.0 17 24.003973684210532 0cd9414a_20240909_113706.data
10.0 170.0 17 24.003973684210532 0cd9414a_20240909_113730.data
30.0 170.0 17 23.8 0cd9414a_20240909_113754.data
50.0 170.0 17 24.003973684210532 0cd9414a_20240909_113818.data
70.0 170.0 17 23.902100000000004 0cd9414a_20240909_113842.data
90.0 170.0 17 23.902100000000004 0cd9414a_20240909_113906.data
110.0 170.0 17 23.8 0cd9414a_20240909_113930.data
130.0 170.0 17 23.902100000000004 0cd9414a_20240909_113954.data
150.0 170.0 17 23.902100000000004 0cd9414a_20240909_114018.data
170.0 170.0 17 24.003973684210532 0cd9414a_20240909_114042.data
190.0 170.0 17 23.902100000000004 0cd9414a_20240909_114106.data
210.0 170.0 17 24.003973684210532 0cd9414a_20240909_114130.data
230.0 170.0 17 23.8 0cd9414a_20240909_114154.data
250.0 170.0 17 23.902100000000004 0cd9414a_20240909_114218.data
270.0 170.0 17 23.6975 0cd9414a_20240909_114242.data
290.0 170.0 17 24.003973684210532 0cd9414a_20240909_114306.data
290.0 190.0 17 23.902100000000004 0cd9414a_20240909_114330.data
270.0 190.0 17 23.902100000000004 0cd9414a_20240909_114354.data
250.0 190.0 17 24.003973684210532 0cd9414a_20240909_114418.data
230.0 190.0 17 23.902100000000004 0cd9414a_20240909_114442.data
210.0 190.0 17 24.1106052631579 0cd9414a_20240909_114506.data
190.0 190.0 17 23.902100000000004 0cd9414a_20240909_114530.data
170.0 190.0 17 23.6975 0cd9414a_20240909_114554.data
150.0 190.0 17 23.8 0cd9414a_20240909_114618.data
130.0 190.0 17 24.003973684210532 0cd9414a_20240909_114642.data
110.0 190.0 17 24.003973684210532 0cd9414a_20240909_114706.data
90.0 190.0 17 23.6975 0cd9414a_20240909_114730.data
70.0 190.0 17 24.1106052631579 0cd9414a_20240909_114754.data
50.0 190.0 17 23.902100000000004 0cd9414a_20240909_114818.data
30.0 190.0 17 23.902100000000004 0cd9414a_20240909_114842.data
10.0 190.0 17 23.902100000000004 0cd9414a_20240909_114906.data
10.0 210.0 17 23.902100000000004 0cd9414a_20240909_114930.data
30.0 210.0 17 23.6975 0cd9414a_20240909_114954.data
50.0 210.0 17 24.003973684210532 0cd9414a_20240909_115019.data
70.0 210.0 17 24.003973684210532 0cd9414a_20240909_115042.data
90.0 210.0 17 24.1106052631579 0cd9414a_20240909_115107.data
110.0 210.0 17 23.8 0cd9414a_20240909_115130.data
130.0 210.0 17 23.902100000000004 0cd9414a_20240909_115155.data
150.0 210.0 17 24.003973684210532 0cd9414a_20240909_115219.data
170.0 210.0 17 24.1106052631579 0cd9414a_20240909_115243.data
190.0 210.0 17 23.902100000000004 0cd9414a_20240909_115243.data
210.0 210.0 17 23.902100000000004 0cd9414a_20240909_115243.data
230.0 210.0 17 24.003973684210532 0cd9414a_20240909_115243.data
250.0 210.0 17 23.8 0cd9414a_20240909_115243.data
270.0 210.0 17 23.902100000000004 0cd9414a_20240909_115243.data
290.0 210.0 17 23.6975 0cd9414a_20240909_115243.data
290.0 230.0 17 24.003973684210532 0cd9414a_20240909_115243.data
270.0 230.0 17 23.902100000000004 0cd9414a_20240909_115243.data
250.0 230.0 17 24.1106052631579 0cd9414a_20240909_115243.data
230.0 230.0 17 23.8 0cd9414a_20240909_115243.data
210.0 230.0 17 23.902100000000004 0cd9414a_20240909_115243.data
190.0 230.0 17 23.8 0cd9414a_20240909_115243.data
170.0 230.0 17 24.003973684210532 0cd9414a_20240909_115243.data
150.0 230.0 17 23.8 0cd9414a_20240909_115243.data
130.0 230.0 17 23.8 0cd9414a_20240909_115243.data
110.0 230.0 17 24.003973684210532 0cd9414a_20240909_115243.data
90.0 230.0 17 23.902100000000004 0cd9414a_20240909_115243.data
70.0 230.0 17 23.8 0cd9414a_20240909_115243.data
50.0 230.0 17 23.8 0cd9414a_20240909_115243.data
30.0 230.0 17 23.902100000000004 0cd9414a_20240909_115243.data
10.0 230.0 17 23.8 0cd9414a_20240909_115243.data
10.0 250.0 17 24.003973684210532 0cd9414a_20240909_115243.data
30.0 250.0 17 24.003973684210532 0cd9414a_20240909_115243.data
50.0 250.0 17 23.6975 0cd9414a_20240909_115243.data
70.0 250.0 17 24.003973684210532 0cd9414a_20240909_115243.data
90.0 250.0 17 24.003973684210532 0cd9414a_20240909_115243.data
110.0 250.0 17 23.8 0cd9414a_20240909_115243.data
130.0 250.0 17 24.003973684210532 0cd9414a_20240909_115243.data
150.0 250.0 17 23.902100000000004 0cd9414a_20240909_115243.data
170.0 250.0 17 23.902100000000004 0cd9414a_20240909_115243.data
190.0 250.0 17 24.003973684210532 0cd9414a_20240909_115243.data
210.0 250.0 17 23.902100000000004 0cd9414a_20240909_115243.data
230.0 250.0 17 24.003973684210532 0cd9414a_20240909_115243.data
250.0 250.0 17 23.6975 0cd9414a_20240909_115243.data
270.0 250.0 17 24.003973684210532 0cd9414a_20240909_115243.data
290.0 250.0 17 24.003973684210532 0cd9414a_20240909_115243.data
290.0 270.0 17 23.902100000000004 0cd9414a_20240909_115243.data
270.0 270.0 17 23.8 0cd9414a_20240909_115243.data
250.0 270.0 17 24.003973684210532 0cd9414a_20240909_115243.data
230.0 270.0 17 23.8 0cd9414a_20240909_115243.data
210.0 270.0 17 24.1106052631579 0cd9414a_20240909_115243.data
190.0 270.0 17 23.902100000000004 0cd9414a_20240909_115243.data
170.0 270.0 17 24.003973684210532 0cd9414a_20240909_115243.data
150.0 270.0 17 23.8 0cd9414a_20240909_115243.data
130.0 270.0 17 24.003973684210532 0cd9414a_20240909_115243.data
110.0 270.0 17 23.8 0cd9414a_20240909_115243.data
90.0 270.0 17 -1 0cd9414a_20240909_115243.data
70.0 270.0 17 23.8 0cd9414a_20240909_115243.data
50.0 270.0 17 24.1106052631579 0cd9414a_20240909_115243.data
30.0 270.0 17 -1 0cd9414a_20240909_115243.data
10.0 270.0 17 24.003973684210532 0cd9414a_20240909_115243.data
10.0 290.0 17 23.8 0cd9414a_20240909_115243.data
30.0 290.0 17 -1 0cd9414a_20240909_115243.data
50.0 290.0 17 24.003973684210532 0cd9414a_20240909_115243.data
70.0 290.0 17 24.1106052631579 0cd9414a_20240909_115243.data
90.0 290.0 17 -1 0cd9414a_20240909_115243.data
110.0 290.0 17 23.6975 0cd9414a_20240909_115243.data
130.0 290.0 17 24.003973684210532 0cd9414a_20240909_115243.data
150.0 290.0 17 -1 0cd9414a_20240909_115243.data
170.0 290.0 17 24.427921052631582 0cd9414a_20240909_115243.data
190.0 290.0 17 24.427921052631582 0cd9414a_20240909_115243.data
210.0 290.0 17 24.216789473684212 0cd9414a_20240909_115243.data
230.0 290.0 17 24.322552631578947 0cd9414a_20240909_115243.data
250.0 290.0 17 24.216789473684212 0cd9414a_20240909_115243.data
270.0 290.0 17 24.427921052631582 0cd9414a_20240909_115243.data
290.0 290.0 17 24.003973684210532 0cd9414a_20240909_115243.data
290.0 310.0 17 24.427921052631582 0cd9414a_20240909_115243.data
270.0 310.0 17 24.322552631578947 0cd9414a_20240909_115243.data
250.0 310.0 17 24.427921052631582 0cd9414a_20240909_115243.data
230.0 310.0 17 24.216789473684212 0cd9414a_20240909_115243.data
210.0 310.0 17 24.427921052631582 0cd9414a_20240909_115243.data
190.0 310.0 17 24.427921052631582 0cd9414a_20240909_115243.data
170.0 310.0 17 24.322552631578947 0cd9414a_20240909_115243.data
150.0 310.0 17 24.322552631578947 0cd9414a_20240909_115243.data
130.0 310.0 17 24.1106052631579 0cd9414a_20240909_115243.data
110.0 310.0 17 24.322552631578947 0cd9414a_20240909_115243.data
90.0 310.0 17 24.427921052631582 0cd9414a_20240909_115243.data
70.0 310.0 17 24.216789473684212 0cd9414a_20240909_115243.data
50.0 310.0 17 24.427921052631582 0cd9414a_20240909_115243.data
30.0 310.0 17 24.427921052631582 0cd9414a_20240909_115243.data
10.0 310.0 17 24.322552631578947 0cd9414a_20240909_115243.data
10.0 330.0 17 24.427921052631582 0cd9414a_20240909_115243.data
30.0 330.0 17 24.322552631578947 0cd9414a_20240909_115243.data
50.0 330.0 17 24.427921052631582 0cd9414a_20240909_115243.data
70.0 330.0 17 24.427921052631582 0cd9414a_20240909_115243.data
90.0 330.0 17 24.427921052631582 0cd9414a_20240909_115243.data
110.0 330.0 17 24.427921052631582 0cd9414a_20240909_115243.data
130.0 330.0 17 24.322552631578947 0cd9414a_20240909_115243.data
150.0 330.0 17 24.427921052631582 0cd9414a_20240909_115243.data
170.0 330.0 17 24.322552631578947 0cd9414a_20240909_115243.data
190.0 330.0 17 24.427921052631582 0cd9414a_20240909_115243.data
210.0 330.0 17 24.427921052631582 0cd9414a_20240909_115243.data
230.0 330.0 17 24.427921052631582 0cd9414a_20240909_115243.data
250.0 330.0 17 24.216789473684212 0cd9414a_20240909_115243.data
270.0 330.0 17 24.322552631578947 0cd9414a_20240909_115243.data
290.0 330.0 17 24.1106052631579 0cd9414a_20240909_115243.data
10.0 350.0 17 24.322552631578947 0cd9414a_20240909_115243.data
30.0 350.0 17 24.216789473684212 0cd9414a_20240909_115243.data
50.0 350.0 17 24.216789473684212 0cd9414a_20240909_115243.data
70.0 350.0 17 24.322552631578947 0cd9414a_20240909_115243.data
90.0 350.0 17 24.322552631578947 0cd9414a_20240909_115243.data
110.0 350.0 17 24.427921052631582 0cd9414a_20240909_115243.data
130.0 350.0 17 24.1106052631579 0cd9414a_20240909_115243.data
150.0 350.0 17 24.322552631578947 0cd9414a_20240909_115243.data
170.0 350.0 17 24.322552631578947 0cd9414a_20240909_115243.data
190.0 350.0 17 24.427921052631582 0cd9414a_20240909_115243.data
210.0 350.0 17 24.322552631578947 0cd9414a_20240909_115243.data
230.0 350.0 17 24.003973684210532 0cd9414a_20240909_115243.data
250.0 350.0 17 24.322552631578947 0cd9414a_20240909_115243.data
270.0 350.0 17 24.216789473684212 0cd9414a_20240909_115243.data
290.0 350.0 17 24.322552631578947 0cd9414a_20240909_115243.data
290.0 370.0 17 24.1106052631579 0cd9414a_20240909_115243.data
270.0 370.0 17 24.216789473684212 0cd9414a_20240909_115243.data
250.0 370.0 17 24.427921052631582 0cd9414a_20240909_115243.data
230.0 370.0 17 24.427921052631582 0cd9414a_20240909_115243.data
210.0 370.0 17 24.322552631578947 0cd9414a_20240909_115243.data
190.0 370.0 17 24.322552631578947 0cd9414a_20240909_115243.data
170.0 370.0 17 24.1106052631579 0cd9414a_20240909_115243.data
150.0 370.0 17 24.322552631578947 0cd9414a_20240909_115243.data
130.0 370.0 17 24.1106052631579 0cd9414a_20240909_115243.data
110.0 370.0 17 24.1106052631579 0cd9414a_20240909_115243.data
90.0 370.0 17 24.216789473684212 0cd9414a_20240909_115243.data
70.0 370.0 17 24.1106052631579 0cd9414a_20240909_115243.data
50.0 370.0 17 24.322552631578947 0cd9414a_20240909_115243.data
30.0 370.0 17 24.322552631578947 0cd9414a_20240909_115243.data
10.0 370.0 17 24.427921052631582 0cd9414a_20240909_115243.data
10.0 390.0 17 24.322552631578947 0cd9414a_20240909_115243.data
30.0 390.0 17 24.322552631578947 0cd9414a_20240909_115243.data
50.0 390.0 17 24.1106052631579 0cd9414a_20240909_115243.data
70.0 390.0 17 24.322552631578947 0cd9414a_20240909_115243.data
90.0 390.0 17 24.322552631578947 0cd9414a_20240909_115243.data
110.0 390.0 17 24.427921052631582 0cd9414a_20240909_115243.data
130.0 390.0 17 24.322552631578947 0cd9414a_20240909_115243.data
150.0 390.0 17 24.427921052631582 0cd9414a_20240909_115243.data
170.0 390.0 17 24.427921052631582 0cd9414a_20240909_115243.data
190.0 390.0 17 24.1106052631579 0cd9414a_20240909_115243.data
210.0 390.0 17 24.322552631578947 0cd9414a_20240909_115243.data
230.0 390.0 17 24.216789473684212 0cd9414a_20240909_115243.data
250.0 390.0 17 24.322552631578947 0cd9414a_20240909_115243.data
270.0 390.0 17 24.322552631578947 0cd9414a_20240909_115243.data
290.0 390.0 17 24.322552631578947 0cd9414a_20240909_115243.data
290.0 410.0 17 24.427921052631582 0cd9414a_20240909_115243.data
270.0 410.0 17 24.427921052631582 0cd9414a_20240909_115243.data
250.0 410.0 17 24.322552631578947 0cd9414a_20240909_115243.data
230.0 410.0 17 24.427921052631582 0cd9414a_20240909_115243.data
210.0 410.0 17 24.1106052631579 0cd9414a_20240909_115243.data
190.0 410.0 17 24.322552631578947 0cd9414a_20240909_115243.data
170.0 410.0 17 24.427921052631582 0cd9414a_20240909_115243.data
150.0 410.0 17 24.216789473684212 0cd9414a_20240909_115243.data
130.0 410.0 17 24.1106052631579 0cd9414a_20240909_115243.data
110.0 410.0 17 24.322552631578947 0cd9414a_20240909_115243.data
90.0 410.0 17 24.1106052631579 0cd9414a_20240909_115243.data
70.0 410.0 17 24.322552631578947 0cd9414a_20240909_115243.data
50.0 410.0 17 24.322552631578947 0cd9414a_20240909_115243.data
30.0 410.0 17 24.322552631578947 0cd9414a_20240909_115243.data
10.0 410.0 17 24.322552631578947 0cd9414a_20240909_115243.data
10.0 430.0 17 24.427921052631582 0cd9414a_20240909_115243.data
30.0 430.0 17 24.322552631578947 0cd9414a_20240909_115243.data
50.0 430.0 17 24.427921052631582 0cd9414a_20240909_115243.data
70.0 430.0 17 24.216789473684212 0cd9414a_20240909_115243.data
90.0 430.0 17 24.322552631578947 0cd9414a_20240909_115243.data
110.0 430.0 17 24.1106052631579 0cd9414a_20240909_115243.data
130.0 430.0 17 24.216789473684212 0cd9414a_20240909_115243.data
150.0 430.0 17 24.216789473684212 0cd9414a_20240909_115243.data
170.0 430.0 17 24.003973684210532 0cd9414a_20240909_115243.data
190.0 430.0 17 24.322552631578947 0cd9414a_20240909_115243.data
210.0 430.0 17 24.322552631578947 0cd9414a_20240909_115243.data
230.0 430.0 17 24.322552631578947 0cd9414a_20240909_115243.data
250.0 430.0 17 24.322552631578947 0cd9414a_20240909_115243.data
270.0 430.0 17 24.216789473684212 0cd9414a_20240909_115243.data
290.0 430.0 17 24.322552631578947 0cd9414a_20240909_115243.data
290.0 450.0 17 24.427921052631582 0cd9414a_20240909_115243.data
270.0 450.0 17 24.427921052631582 0cd9414a_20240909_115243.data
250.0 450.0 17 24.322552631578947 0cd9414a_20240909_115243.data
230.0 450.0 17 24.1106052631579 0cd9414a_20240909_115243.data
210.0 450.0 17 24.427921052631582 0cd9414a_20240909_115243.data
190.0 450.0 17 24.427921052631582 0cd9414a_20240909_115243.data
170.0 450.0 17 24.322552631578947 0cd9414a_20240909_115243.data
150.0 450.0 17 24.532868421052633 0cd9414a_20240909_115243.data
130.0 450.0 17 24.322552631578947 0cd9414a_20240909_115243.data
110.0 450.0 17 24.322552631578947 0cd9414a_20240909_115243.data
90.0 450.0 17 24.322552631578947 0cd9414a_20240909_115243.data
70.0 450.0 17 24.322552631578947 0cd9414a_20240909_115243.data
50.0 450.0 17 24.427921052631582 0cd9414a_20240909_115243.data
30.0 450.0 17 24.427921052631582 0cd9414a_20240909_115243.data
10.0 450.0 17 24.322552631578947 0cd9414a_20240909_115243.data
10.0 470.0 17 24.427921052631582 0cd9414a_20240909_115243.data
30.0 470.0 17 24.322552631578947 0cd9414a_20240909_115243.data
50.0 470.0 17 24.322552631578947 0cd9414a_20240909_115243.data
70.0 470.0 17 24.427921052631582 0cd9414a_20240909_115243.data
90.0 470.0 17 24.322552631578947 0cd9414a_20240909_115243.data
110.0 470.0 17 24.322552631578947 0cd9414a_20240909_115243.data
130.0 470.0 17 24.427921052631582 0cd9414a_20240909_115243.data
150.0 470.0 17 24.427921052631582 0cd9414a_20240909_115243.data
170.0 470.0 17 24.427921052631582 0cd9414a_20240909_115243.data
190.0 470.0 17 24.322552631578947 0cd9414a_20240909_115243.data
210.0 470.0 17 24.427921052631582 0cd9414a_20240909_115243.data
230.0 470.0 17 24.427921052631582 0cd9414a_20240909_115243.data
250.0 470.0 17 24.322552631578947 0cd9414a_20240909_115243.data
270.0 470.0 17 24.427921052631582 0cd9414a_20240909_115243.data
290.0 470.0 17 24.322552631578947 0cd9414a_20240909_115243.data
