-1 -1 -1 24.948500000000003 0cd9414a_20240903_093758.data
10.0 10.0 17 24.948500000000003 0cd9414a_20240903_093837.data
30.0 10.0 17 24.948500000000003 0cd9414a_20240903_093901.data
50.0 10.0 17 24.948500000000003 0cd9414a_20240903_093925.data
70.0 10.0 17 25.06022466960353 0cd9414a_20240903_093949.data
90.0 10.0 17 24.948500000000003 0cd9414a_20240903_094013.data
110.0 10.0 17 24.948500000000003 0cd9414a_20240903_094037.data
130.0 10.0 17 24.948500000000003 0cd9414a_20240903_094101.data
150.0 10.0 17 24.948500000000003 0cd9414a_20240903_094125.data
170.0 10.0 17 24.948500000000003 0cd9414a_20240903_094149.data
190.0 10.0 17 24.948500000000003 0cd9414a_20240903_094213.data
210.0 10.0 17 25.06022466960353 0cd9414a_20240903_094237.data
230.0 10.0 17 24.948500000000003 0cd9414a_20240903_094301.data
250.0 10.0 17 24.948500000000003 0cd9414a_20240903_094325.data
270.0 10.0 17 24.948500000000003 0cd9414a_20240903_094349.data
290.0 10.0 17 24.948500000000003 0cd9414a_20240903_094413.data
290.0 30.0 17 24.948500000000003 0cd9414a_20240903_094437.data
270.0 30.0 17 24.948500000000003 0cd9414a_20240903_094501.data
250.0 30.0 17 24.948500000000003 0cd9414a_20240903_094525.data
230.0 30.0 17 24.948500000000003 0cd9414a_20240903_094549.data
210.0 30.0 17 24.948500000000003 0cd9414a_20240903_094613.data
190.0 30.0 17 24.948500000000003 0cd9414a_20240903_094637.data
170.0 30.0 17 24.948500000000003 0cd9414a_20240903_094701.data
150.0 30.0 17 24.948500000000003 0cd9414a_20240903_094725.data
130.0 30.0 17 24.948500000000003 0cd9414a_20240903_094749.data
110.0 30.0 17 24.948500000000003 0cd9414a_20240903_094813.data
90.0 30.0 17 24.845210526315793 0cd9414a_20240903_094837.data
70.0 30.0 17 25.06022466960353 0cd9414a_20240903_094901.data
50.0 30.0 17 24.948500000000003 0cd9414a_20240903_094925.data
30.0 30.0 17 24.948500000000003 0cd9414a_20240903_094949.data
10.0 30.0 17 24.948500000000003 0cd9414a_20240903_095013.data
10.0 50.0 17 24.948500000000003 0cd9414a_20240903_095037.data
30.0 50.0 17 24.948500000000003 0cd9414a_20240903_095101.data
50.0 50.0 17 24.948500000000003 0cd9414a_20240903_095125.data
70.0 50.0 17 24.948500000000003 0cd9414a_20240903_095149.data
90.0 50.0 17 24.948500000000003 0cd9414a_20240903_095213.data
110.0 50.0 17 24.948500000000003 0cd9414a_20240903_095237.data
130.0 50.0 17 24.948500000000003 0cd9414a_20240903_095301.data
150.0 50.0 17 24.948500000000003 0cd9414a_20240903_095325.data
170.0 50.0 17 24.845210526315793 0cd9414a_20240903_095349.data
190.0 50.0 17 24.948500000000003 0cd9414a_20240903_095413.data
210.0 50.0 17 24.948500000000003 0cd9414a_20240903_095437.data
230.0 50.0 17 24.948500000000003 0cd9414a_20240903_095501.data
250.0 50.0 17 24.948500000000003 0cd9414a_20240903_095525.data
270.0 50.0 17 24.948500000000003 0cd9414a_20240903_095550.data
290.0 50.0 17 24.948500000000003 0cd9414a_20240903_095614.data
290.0 70.0 17 24.948500000000003 0cd9414a_20240903_095638.data
270.0 70.0 17 24.845210526315793 0cd9414a_20240903_095702.data
250.0 70.0 17 24.948500000000003 0cd9414a_20240903_095726.data
230.0 70.0 17 24.948500000000003 0cd9414a_20240903_095750.data
210.0 70.0 17 25.06022466960353 0cd9414a_20240903_095814.data
190.0 70.0 17 24.948500000000003 0cd9414a_20240903_095838.data
170.0 70.0 17 24.948500000000003 0cd9414a_20240903_095902.data
150.0 70.0 17 24.948500000000003 0cd9414a_20240903_095926.data
130.0 70.0 17 24.948500000000003 0cd9414a_20240903_095950.data
110.0 70.0 17 24.845210526315793 0cd9414a_20240903_100014.data
90.0 70.0 17 24.948500000000003 0cd9414a_20240903_100038.data
70.0 70.0 17 24.845210526315793 0cd9414a_20240903_100102.data
50.0 70.0 17 24.948500000000003 0cd9414a_20240903_100126.data
30.0 70.0 17 24.948500000000003 0cd9414a_20240903_100150.data
10.0 70.0 17 24.948500000000003 0cd9414a_20240903_100214.data
10.0 90.0 17 24.948500000000003 0cd9414a_20240903_100238.data
30.0 90.0 17 24.948500000000003 0cd9414a_20240903_100302.data
50.0 90.0 17 24.948500000000003 0cd9414a_20240903_100326.data
70.0 90.0 17 24.948500000000003 0cd9414a_20240903_100350.data
90.0 90.0 17 24.948500000000003 0cd9414a_20240903_100414.data
110.0 90.0 17 24.948500000000003 0cd9414a_20240903_100438.data
130.0 90.0 17 24.845210526315793 0cd9414a_20240903_100502.data
150.0 90.0 17 24.948500000000003 0cd9414a_20240903_100526.data
170.0 90.0 17 24.845210526315793 0cd9414a_20240903_100550.data
190.0 90.0 17 24.845210526315793 0cd9414a_20240903_100614.data
210.0 90.0 17 24.948500000000003 0cd9414a_20240903_100638.data
230.0 90.0 17 24.948500000000003 0cd9414a_20240903_100702.data
250.0 90.0 17 24.948500000000003 0cd9414a_20240903_100726.data
270.0 90.0 17 24.948500000000003 0cd9414a_20240903_100750.data
290.0 90.0 17 24.948500000000003 0cd9414a_20240903_100814.data
290.0 110.0 17 25.06022466960353 0cd9414a_20240903_100838.data
270.0 110.0 17 24.948500000000003 0cd9414a_20240903_100902.data
250.0 110.0 17 24.845210526315793 0cd9414a_20240903_100926.data
230.0 110.0 17 24.845210526315793 0cd9414a_20240903_100950.data
210.0 110.0 17 24.741500000000002 0cd9414a_20240903_101014.data
190.0 110.0 17 24.948500000000003 0cd9414a_20240903_101038.data
170.0 110.0 17 24.948500000000003 0cd9414a_20240903_101102.data
150.0 110.0 17 24.948500000000003 0cd9414a_20240903_101126.data
130.0 110.0 17 24.948500000000003 0cd9414a_20240903_101150.data
110.0 110.0 17 24.845210526315793 0cd9414a_20240903_101214.data
90.0 110.0 17 24.845210526315793 0cd9414a_20240903_101238.data
70.0 110.0 17 24.948500000000003 0cd9414a_20240903_101302.data
50.0 110.0 17 24.845210526315793 0cd9414a_20240903_101326.data
30.0 110.0 17 24.948500000000003 0cd9414a_20240903_101350.data
10.0 110.0 17 24.948500000000003 0cd9414a_20240903_101414.data
10.0 130.0 17 24.948500000000003 0cd9414a_20240903_101438.data
30.0 130.0 17 24.948500000000003 0cd9414a_20240903_101502.data
50.0 130.0 17 24.845210526315793 0cd9414a_20240903_101526.data
70.0 130.0 17 24.948500000000003 0cd9414a_20240903_101550.data
90.0 130.0 17 24.948500000000003 0cd9414a_20240903_101614.data
110.0 130.0 17 24.845210526315793 0cd9414a_20240903_101638.data
130.0 130.0 17 24.948500000000003 0cd9414a_20240903_101702.data
150.0 130.0 17 24.948500000000003 0cd9414a_20240903_101726.data
170.0 130.0 17 24.845210526315793 0cd9414a_20240903_101750.data
190.0 130.0 17 24.948500000000003 0cd9414a_20240903_101814.data
210.0 130.0 17 24.845210526315793 0cd9414a_20240903_101838.data
230.0 130.0 17 24.845210526315793 0cd9414a_20240903_101902.data
250.0 130.0 17 24.845210526315793 0cd9414a_20240903_101926.data
270.0 130.0 17 24.948500000000003 0cd9414a_20240903_101950.data
290.0 130.0 17 24.948500000000003 0cd9414a_20240903_102014.data
290.0 150.0 17 24.845210526315793 0cd9414a_20240903_102038.data
270.0 150.0 17 24.948500000000003 0cd9414a_20240903_102102.data
250.0 150.0 17 24.845210526315793 0cd9414a_20240903_102126.data
230.0 150.0 17 24.845210526315793 0cd9414a_20240903_102150.data
210.0 150.0 17 24.948500000000003 0cd9414a_20240903_102214.data
190.0 150.0 17 24.845210526315793 0cd9414a_20240903_102238.data
170.0 150.0 17 24.948500000000003 0cd9414a_20240903_102302.data
150.0 150.0 17 24.845210526315793 0cd9414a_20240903_102326.data
130.0 150.0 17 24.948500000000003 0cd9414a_20240903_102350.data
110.0 150.0 17 24.741500000000002 0cd9414a_20240903_102414.data
90.0 150.0 17 24.948500000000003 0cd9414a_20240903_102438.data
70.0 150.0 17 24.948500000000003 0cd9414a_20240903_102502.data
50.0 150.0 17 24.948500000000003 0cd9414a_20240903_102526.data
30.0 150.0 17 24.948500000000003 0cd9414a_20240903_102550.data
10.0 150.0 17 24.845210526315793 0cd9414a_20240903_102614.data
10.0 170.0 17 24.948500000000003 0cd9414a_20240903_102638.data
30.0 170.0 17 24.948500000000003 0cd9414a_20240903_102702.data
50.0 170.0 17 24.845210526315793 0cd9414a_20240903_102726.data
70.0 170.0 17 24.948500000000003 0cd9414a_20240903_102751.data
90.0 170.0 17 24.948500000000003 0cd9414a_20240903_102815.data
110.0 170.0 17 24.948500000000003 0cd9414a_20240903_102839.data
130.0 170.0 17 24.948500000000003 0cd9414a_20240903_102903.data
150.0 170.0 17 24.948500000000003 0cd9414a_20240903_102927.data
170.0 170.0 17 25.06022466960353 0cd9414a_20240903_102951.data
190.0 170.0 17 24.845210526315793 0cd9414a_20240903_103015.data
210.0 170.0 17 24.948500000000003 0cd9414a_20240903_103039.data
230.0 170.0 17 24.948500000000003 0cd9414a_20240903_103103.data
250.0 170.0 17 24.948500000000003 0cd9414a_20240903_103127.data
270.0 170.0 17 24.845210526315793 0cd9414a_20240903_103151.data
290.0 170.0 17 24.741500000000002 0cd9414a_20240903_103215.data
290.0 190.0 17 24.948500000000003 0cd9414a_20240903_103239.data
270.0 190.0 17 24.948500000000003 0cd9414a_20240903_103303.data
250.0 190.0 17 24.845210526315793 0cd9414a_20240903_103327.data
230.0 190.0 17 24.845210526315793 0cd9414a_20240903_103351.data
210.0 190.0 17 24.845210526315793 0cd9414a_20240903_103415.data
190.0 190.0 17 24.845210526315793 0cd9414a_20240903_103439.data
170.0 190.0 17 24.948500000000003 0cd9414a_20240903_103503.data
150.0 190.0 17 24.948500000000003 0cd9414a_20240903_103527.data
130.0 190.0 17 24.845210526315793 0cd9414a_20240903_103551.data
110.0 190.0 17 24.948500000000003 0cd9414a_20240903_103615.data
90.0 190.0 17 24.948500000000003 0cd9414a_20240903_103639.data
70.0 190.0 17 24.845210526315793 0cd9414a_20240903_103703.data
50.0 190.0 17 24.845210526315793 0cd9414a_20240903_103727.data
30.0 190.0 17 24.948500000000003 0cd9414a_20240903_103751.data
10.0 190.0 17 24.845210526315793 0cd9414a_20240903_103815.data
10.0 210.0 17 24.948500000000003 0cd9414a_20240903_103839.data
30.0 210.0 17 24.845210526315793 0cd9414a_20240903_103903.data
50.0 210.0 17 24.845210526315793 0cd9414a_20240903_103927.data
70.0 210.0 17 24.948500000000003 0cd9414a_20240903_103951.data
90.0 210.0 17 24.845210526315793 0cd9414a_20240903_104015.data
110.0 210.0 17 24.845210526315793 0cd9414a_20240903_104039.data
130.0 210.0 17 24.845210526315793 0cd9414a_20240903_104103.data
150.0 210.0 17 24.845210526315793 0cd9414a_20240903_104127.data
170.0 210.0 17 24.845210526315793 0cd9414a_20240903_104151.data
190.0 210.0 17 24.845210526315793 0cd9414a_20240903_104215.data
210.0 210.0 17 24.948500000000003 0cd9414a_20240903_104239.data
230.0 210.0 17 24.845210526315793 0cd9414a_20240903_104303.data
250.0 210.0 17 24.845210526315793 0cd9414a_20240903_104327.data
270.0 210.0 17 24.845210526315793 0cd9414a_20240903_104351.data
290.0 210.0 17 24.845210526315793 0cd9414a_20240903_104415.data
290.0 230.0 17 24.948500000000003 0cd9414a_20240903_104439.data
270.0 230.0 17 24.741500000000002 0cd9414a_20240903_104503.data
250.0 230.0 17 24.845210526315793 0cd9414a_20240903_104527.data
230.0 230.0 17 24.948500000000003 0cd9414a_20240903_104551.data
210.0 230.0 17 24.845210526315793 0cd9414a_20240903_104615.data
190.0 230.0 17 24.948500000000003 0cd9414a_20240903_104639.data
170.0 230.0 17 24.845210526315793 0cd9414a_20240903_104703.data
150.0 230.0 17 24.845210526315793 0cd9414a_20240903_104727.data
130.0 230.0 17 24.845210526315793 0cd9414a_20240903_104751.data
110.0 230.0 17 24.845210526315793 0cd9414a_20240903_104815.data
90.0 230.0 17 24.845210526315793 0cd9414a_20240903_104839.data
70.0 230.0 17 24.948500000000003 0cd9414a_20240903_104903.data
50.0 230.0 17 24.845210526315793 0cd9414a_20240903_104927.data
30.0 230.0 17 24.845210526315793 0cd9414a_20240903_104951.data
10.0 230.0 17 24.845210526315793 0cd9414a_20240903_105015.data
10.0 250.0 17 24.845210526315793 0cd9414a_20240903_105039.data
30.0 250.0 17 24.845210526315793 0cd9414a_20240903_105103.data
50.0 250.0 17 24.845210526315793 0cd9414a_20240903_105127.data
70.0 250.0 17 24.845210526315793 0cd9414a_20240903_105151.data
90.0 250.0 17 24.845210526315793 0cd9414a_20240903_105215.data
110.0 250.0 17 24.845210526315793 0cd9414a_20240903_105239.data
130.0 250.0 17 24.845210526315793 0cd9414a_20240903_105303.data
150.0 250.0 17 24.948500000000003 0cd9414a_20240903_105327.data
170.0 250.0 17 24.741500000000002 0cd9414a_20240903_105351.data
190.0 250.0 17 24.845210526315793 0cd9414a_20240903_105415.data
210.0 250.0 17 24.948500000000003 0cd9414a_20240903_105439.data
230.0 250.0 17 24.845210526315793 0cd9414a_20240903_105503.data
250.0 250.0 17 24.948500000000003 0cd9414a_20240903_105527.data
270.0 250.0 17 24.845210526315793 0cd9414a_20240903_105551.data
290.0 250.0 17 24.845210526315793 0cd9414a_20240903_105615.data
290.0 270.0 17 24.845210526315793 0cd9414a_20240903_105639.data
270.0 270.0 17 24.948500000000003 0cd9414a_20240903_105703.data
250.0 270.0 17 24.845210526315793 0cd9414a_20240903_105727.data
230.0 270.0 17 24.845210526315793 0cd9414a_20240903_105751.data
210.0 270.0 17 24.845210526315793 0cd9414a_20240903_105815.data
190.0 270.0 17 24.845210526315793 0cd9414a_20240903_105839.data
170.0 270.0 17 24.845210526315793 0cd9414a_20240903_105903.data
150.0 270.0 17 24.845210526315793 0cd9414a_20240903_105927.data
130.0 270.0 17 24.845210526315793 0cd9414a_20240903_105951.data
110.0 270.0 17 24.845210526315793 0cd9414a_20240903_110016.data
90.0 270.0 17 24.845210526315793 0cd9414a_20240903_110040.data
70.0 270.0 17 24.845210526315793 0cd9414a_20240903_110104.data
50.0 270.0 17 24.845210526315793 0cd9414a_20240903_110128.data
30.0 270.0 17 -1 0cd9414a_20240903_110152.data
10.0 270.0 17 24.845210526315793 0cd9414a_20240903_110216.data
10.0 290.0 17 24.845210526315793 0cd9414a_20240903_110240.data
30.0 290.0 17 -1 0cd9414a_20240903_110304.data
50.0 290.0 17 24.845210526315793 0cd9414a_20240903_110328.data
70.0 290.0 17 24.845210526315793 0cd9414a_20240903_110352.data
90.0 290.0 17 -1 0cd9414a_20240903_110416.data
110.0 290.0 17 24.741500000000002 0cd9414a_20240903_110440.data
130.0 290.0 17 24.845210526315793 0cd9414a_20240903_110504.data
150.0 290.0 17 -1 0cd9414a_20240903_110528.data
170.0 290.0 17 24.845210526315793 0cd9414a_20240903_110552.data
190.0 290.0 17 24.845210526315793 0cd9414a_20240903_110616.data
210.0 290.0 17 -1 0cd9414a_20240903_110640.data
230.0 290.0 17 24.845210526315793 0cd9414a_20240903_110704.data
250.0 290.0 17 24.845210526315793 0cd9414a_20240903_110728.data
270.0 290.0 17 24.845210526315793 0cd9414a_20240903_110752.data
290.0 290.0 17 24.948500000000003 0cd9414a_20240903_110816.data
290.0 310.0 17 24.845210526315793 0cd9414a_20240903_110840.data
270.0 310.0 17 24.845210526315793 0cd9414a_20240903_110904.data
250.0 310.0 17 24.845210526315793 0cd9414a_20240903_110928.data
230.0 310.0 17 24.845210526315793 0cd9414a_20240903_110952.data
210.0 310.0 17 24.845210526315793 0cd9414a_20240903_111016.data
190.0 310.0 17 24.948500000000003 0cd9414a_20240903_111040.data
170.0 310.0 17 24.845210526315793 0cd9414a_20240903_111104.data
150.0 310.0 17 24.845210526315793 0cd9414a_20240903_111128.data
130.0 310.0 17 24.845210526315793 0cd9414a_20240903_111152.data
110.0 310.0 17 24.845210526315793 0cd9414a_20240903_111216.data
90.0 310.0 17 24.845210526315793 0cd9414a_20240903_111240.data
70.0 310.0 17 24.845210526315793 0cd9414a_20240903_111304.data
50.0 310.0 17 24.948500000000003 0cd9414a_20240903_111328.data
30.0 310.0 17 24.845210526315793 0cd9414a_20240903_111352.data
10.0 310.0 17 24.948500000000003 0cd9414a_20240903_111416.data
10.0 330.0 17 24.948500000000003 0cd9414a_20240903_111440.data
30.0 330.0 17 24.845210526315793 0cd9414a_20240903_111504.data
50.0 330.0 17 24.845210526315793 0cd9414a_20240903_111528.data
70.0 330.0 17 24.948500000000003 0cd9414a_20240903_111552.data
90.0 330.0 17 24.948500000000003 0cd9414a_20240903_111616.data
110.0 330.0 17 24.845210526315793 0cd9414a_20240903_111640.data
130.0 330.0 17 24.845210526315793 0cd9414a_20240903_111704.data
150.0 330.0 17 24.948500000000003 0cd9414a_20240903_111728.data
170.0 330.0 17 24.845210526315793 0cd9414a_20240903_111752.data
190.0 330.0 17 24.948500000000003 0cd9414a_20240903_111816.data
210.0 330.0 17 24.845210526315793 0cd9414a_20240903_111840.data
230.0 330.0 17 24.845210526315793 0cd9414a_20240903_111904.data
250.0 330.0 17 24.845210526315793 0cd9414a_20240903_111928.data
270.0 330.0 17 24.845210526315793 0cd9414a_20240903_111952.data
290.0 330.0 17 24.948500000000003 0cd9414a_20240903_112016.data
10.0 350.0 17 24.948500000000003 0cd9414a_20240903_122032.data
30.0 350.0 17 24.845210526315793 0cd9414a_20240903_122056.data
50.0 350.0 17 24.845210526315793 0cd9414a_20240903_122120.data
70.0 350.0 17 24.845210526315793 0cd9414a_20240903_122144.data
90.0 350.0 17 24.845210526315793 0cd9414a_20240903_122208.data
110.0 350.0 17 24.948500000000003 0cd9414a_20240903_122232.data
130.0 350.0 17 24.845210526315793 0cd9414a_20240903_122256.data
150.0 350.0 17 24.948500000000003 0cd9414a_20240903_122320.data
170.0 350.0 17 24.845210526315793 0cd9414a_20240903_122344.data
190.0 350.0 17 24.845210526315793 0cd9414a_20240903_122408.data
210.0 350.0 17 24.845210526315793 0cd9414a_20240903_122432.data
230.0 350.0 17 24.948500000000003 0cd9414a_20240903_122456.data
250.0 350.0 17 24.948500000000003 0cd9414a_20240903_122520.data
270.0 350.0 17 24.948500000000003 0cd9414a_20240903_122544.data
290.0 350.0 17 24.845210526315793 0cd9414a_20240903_122608.data
290.0 370.0 17 24.845210526315793 0cd9414a_20240903_122632.data
270.0 370.0 17 24.948500000000003 0cd9414a_20240903_122656.data
250.0 370.0 17 24.845210526315793 0cd9414a_20240903_122720.data
230.0 370.0 17 24.741500000000002 0cd9414a_20240903_122744.data
210.0 370.0 17 24.845210526315793 0cd9414a_20240903_122808.data
190.0 370.0 17 24.948500000000003 0cd9414a_20240903_122832.data
170.0 370.0 17 24.845210526315793 0cd9414a_20240903_122856.data
150.0 370.0 17 24.845210526315793 0cd9414a_20240903_122920.data
130.0 370.0 17 25.06022466960353 0cd9414a_20240903_122944.data
110.0 370.0 17 24.845210526315793 0cd9414a_20240903_123008.data
90.0 370.0 17 24.845210526315793 0cd9414a_20240903_123032.data
70.0 370.0 17 25.06022466960353 0cd9414a_20240903_123056.data
50.0 370.0 17 24.845210526315793 0cd9414a_20240903_123120.data
30.0 370.0 17 24.845210526315793 0cd9414a_20240903_123144.data
10.0 370.0 17 24.845210526315793 0cd9414a_20240903_123208.data
10.0 390.0 17 24.845210526315793 0cd9414a_20240903_123232.data
30.0 390.0 17 24.845210526315793 0cd9414a_20240903_123256.data
50.0 390.0 17 24.845210526315793 0cd9414a_20240903_123320.data
70.0 390.0 17 24.948500000000003 0cd9414a_20240903_123344.data
90.0 390.0 17 24.845210526315793 0cd9414a_20240903_123408.data
110.0 390.0 17 24.845210526315793 0cd9414a_20240903_123432.data
130.0 390.0 17 24.948500000000003 0cd9414a_20240903_123456.data
150.0 390.0 17 24.845210526315793 0cd9414a_20240903_123520.data
170.0 390.0 17 24.845210526315793 0cd9414a_20240903_123545.data
190.0 390.0 17 24.948500000000003 0cd9414a_20240903_123609.data
210.0 390.0 17 24.948500000000003 0cd9414a_20240903_123633.data
230.0 390.0 17 24.845210526315793 0cd9414a_20240903_123657.data
250.0 390.0 17 24.948500000000003 0cd9414a_20240903_123721.data
270.0 390.0 17 24.948500000000003 0cd9414a_20240903_123745.data
290.0 390.0 17 24.948500000000003 0cd9414a_20240903_123809.data
290.0 410.0 17 24.845210526315793 0cd9414a_20240903_123833.data
270.0 410.0 17 24.845210526315793 0cd9414a_20240903_123857.data
250.0 410.0 17 24.948500000000003 0cd9414a_20240903_123921.data
230.0 410.0 17 24.845210526315793 0cd9414a_20240903_123945.data
210.0 410.0 17 24.845210526315793 0cd9414a_20240903_124009.data
190.0 410.0 17 25.06022466960353 0cd9414a_20240903_124033.data
170.0 410.0 17 24.948500000000003 0cd9414a_20240903_124057.data
150.0 410.0 17 25.06022466960353 0cd9414a_20240903_124121.data
130.0 410.0 17 24.948500000000003 0cd9414a_20240903_124145.data
110.0 410.0 17 24.948500000000003 0cd9414a_20240903_124209.data
90.0 410.0 17 24.845210526315793 0cd9414a_20240903_124233.data
70.0 410.0 17 24.845210526315793 0cd9414a_20240903_124257.data
50.0 410.0 17 24.845210526315793 0cd9414a_20240903_124321.data
30.0 410.0 17 24.948500000000003 0cd9414a_20240903_124345.data
10.0 410.0 17 24.845210526315793 0cd9414a_20240903_124409.data
10.0 430.0 17 24.948500000000003 0cd9414a_20240903_124433.data
30.0 430.0 17 24.948500000000003 0cd9414a_20240903_124457.data
50.0 430.0 17 24.845210526315793 0cd9414a_20240903_124521.data
70.0 430.0 17 25.180334801762115 0cd9414a_20240903_124545.data
90.0 430.0 17 24.845210526315793 0cd9414a_20240903_124609.data
110.0 430.0 17 24.845210526315793 0cd9414a_20240903_124633.data
130.0 430.0 17 24.845210526315793 0cd9414a_20240903_124657.data
150.0 430.0 17 24.845210526315793 0cd9414a_20240903_124721.data
170.0 430.0 17 24.845210526315793 0cd9414a_20240903_124745.data
190.0 430.0 17 24.845210526315793 0cd9414a_20240903_124809.data
210.0 430.0 17 24.845210526315793 0cd9414a_20240903_124833.data
230.0 430.0 17 24.948500000000003 0cd9414a_20240903_124857.data
250.0 430.0 17 24.845210526315793 0cd9414a_20240903_124921.data
270.0 430.0 17 24.845210526315793 0cd9414a_20240903_124945.data
290.0 430.0 17 24.948500000000003 0cd9414a_20240903_125009.data
290.0 450.0 17 24.845210526315793 0cd9414a_20240903_125033.data
270.0 450.0 17 24.845210526315793 0cd9414a_20240903_125057.data
250.0 450.0 17 24.845210526315793 0cd9414a_20240903_125121.data
230.0 450.0 17 24.845210526315793 0cd9414a_20240903_125145.data
210.0 450.0 17 24.845210526315793 0cd9414a_20240903_125209.data
190.0 450.0 17 24.845210526315793 0cd9414a_20240903_125233.data
170.0 450.0 17 24.845210526315793 0cd9414a_20240903_125257.data
150.0 450.0 17 24.845210526315793 0cd9414a_20240903_125321.data
130.0 450.0 17 24.845210526315793 0cd9414a_20240903_125345.data
110.0 450.0 17 24.845210526315793 0cd9414a_20240903_125409.data
90.0 450.0 17 24.845210526315793 0cd9414a_20240903_125433.data
70.0 450.0 17 24.948500000000003 0cd9414a_20240903_125457.data
50.0 450.0 17 24.845210526315793 0cd9414a_20240903_125521.data
30.0 450.0 17 24.845210526315793 0cd9414a_20240903_125545.data
10.0 450.0 17 24.948500000000003 0cd9414a_20240903_125609.data
10.0 470.0 17 24.845210526315793 0cd9414a_20240903_125633.data
30.0 470.0 17 24.948500000000003 0cd9414a_20240903_125657.data
50.0 470.0 17 24.845210526315793 0cd9414a_20240903_125721.data
70.0 470.0 17 24.845210526315793 0cd9414a_20240903_125745.data
90.0 470.0 17 24.948500000000003 0cd9414a_20240903_125809.data
110.0 470.0 17 24.948500000000003 0cd9414a_20240903_125833.data
130.0 470.0 17 24.948500000000003 0cd9414a_20240903_125857.data
150.0 470.0 17 24.845210526315793 0cd9414a_20240903_125921.data
170.0 470.0 17 24.845210526315793 0cd9414a_20240903_125945.data
190.0 470.0 17 24.948500000000003 0cd9414a_20240903_130009.data
210.0 470.0 17 24.948500000000003 0cd9414a_20240903_130033.data
230.0 470.0 17 24.845210526315793 0cd9414a_20240903_130057.data
250.0 470.0 17 24.845210526315793 0cd9414a_20240903_130121.data
270.0 470.0 17 24.948500000000003 0cd9414a_20240903_130145.data
290.0 470.0 17 25.180334801762115 0cd9414a_20240903_130209.data
