-1 -1 -1 nan 0cd913fa_20240708_094947.data
10.0 10.0 17 nan 0cd913fa_20240708_095024.data
30.0 10.0 17 nan 0cd913fa_20240708_095048.data
50.0 10.0 17 nan 0cd913fa_20240708_095112.data
70.0 10.0 17 nan 0cd913fa_20240708_095136.data
90.0 10.0 17 nan 0cd913fa_20240708_095200.data
110.0 10.0 17 nan 0cd913fa_20240708_095225.data
130.0 10.0 17 nan 0cd913fa_20240708_095249.data
150.0 10.0 17 nan 0cd913fa_20240708_095313.data
170.0 10.0 17 nan 0cd913fa_20240708_095337.data
190.0 10.0 17 nan 0cd913fa_20240708_095401.data
210.0 10.0 17 nan 0cd913fa_20240708_095425.data
230.0 10.0 17 nan 0cd913fa_20240708_095449.data
250.0 10.0 17 nan 0cd913fa_20240708_095513.data
270.0 10.0 17 nan 0cd913fa_20240708_095537.data
290.0 10.0 17 nan 0cd913fa_20240708_095601.data
290.0 30.0 17 nan 0cd913fa_20240708_095625.data
270.0 30.0 17 nan 0cd913fa_20240708_095649.data
250.0 30.0 17 nan 0cd913fa_20240708_095713.data
230.0 30.0 17 nan 0cd913fa_20240708_095737.data
210.0 30.0 17 nan 0cd913fa_20240708_095801.data
190.0 30.0 17 nan 0cd913fa_20240708_095825.data
170.0 30.0 17 nan 0cd913fa_20240708_095849.data
150.0 30.0 17 nan 0cd913fa_20240708_095913.data
130.0 30.0 17 nan 0cd913fa_20240708_095937.data
110.0 30.0 17 nan 0cd913fa_20240708_100001.data
90.0 30.0 17 nan 0cd913fa_20240708_100025.data
70.0 30.0 17 nan 0cd913fa_20240708_100049.data
50.0 30.0 17 nan 0cd913fa_20240708_100113.data
30.0 30.0 17 nan 0cd913fa_20240708_100137.data
10.0 30.0 17 nan 0cd913fa_20240708_100201.data
10.0 50.0 17 nan 0cd913fa_20240708_100225.data
30.0 50.0 17 nan 0cd913fa_20240708_100249.data
50.0 50.0 17 nan 0cd913fa_20240708_100313.data
70.0 50.0 17 nan 0cd913fa_20240708_100337.data
90.0 50.0 17 nan 0cd913fa_20240708_100401.data
110.0 50.0 17 nan 0cd913fa_20240708_100425.data
130.0 50.0 17 nan 0cd913fa_20240708_100449.data
150.0 50.0 17 nan 0cd913fa_20240708_100513.data
170.0 50.0 17 nan 0cd913fa_20240708_100537.data
190.0 50.0 17 nan 0cd913fa_20240708_100601.data
210.0 50.0 17 nan 0cd913fa_20240708_100625.data
230.0 50.0 17 nan 0cd913fa_20240708_100649.data
250.0 50.0 17 nan 0cd913fa_20240708_100713.data
270.0 50.0 17 nan 0cd913fa_20240708_100737.data
290.0 50.0 17 nan 0cd913fa_20240708_100801.data
290.0 70.0 17 nan 0cd913fa_20240708_100825.data
270.0 70.0 17 nan 0cd913fa_20240708_100849.data
250.0 70.0 17 nan 0cd913fa_20240708_100913.data
230.0 70.0 17 nan 0cd913fa_20240708_100937.data
210.0 70.0 17 nan 0cd913fa_20240708_101001.data
190.0 70.0 17 nan 0cd913fa_20240708_101025.data
170.0 70.0 17 nan 0cd913fa_20240708_101049.data
150.0 70.0 17 nan 0cd913fa_20240708_101113.data
130.0 70.0 17 nan 0cd913fa_20240708_101137.data
110.0 70.0 17 nan 0cd913fa_20240708_101201.data
90.0 70.0 17 nan 0cd913fa_20240708_101225.data
70.0 70.0 17 nan 0cd913fa_20240708_101249.data
50.0 70.0 17 nan 0cd913fa_20240708_101313.data
30.0 70.0 17 nan 0cd913fa_20240708_101337.data
10.0 70.0 17 nan 0cd913fa_20240708_101401.data
10.0 90.0 17 nan 0cd913fa_20240708_101425.data
30.0 90.0 17 nan 0cd913fa_20240708_101449.data
50.0 90.0 17 nan 0cd913fa_20240708_101513.data
70.0 90.0 17 nan 0cd913fa_20240708_101537.data
90.0 90.0 17 nan 0cd913fa_20240708_101601.data
110.0 90.0 17 nan 0cd913fa_20240708_101625.data
130.0 90.0 17 nan 0cd913fa_20240708_101649.data
150.0 90.0 17 nan 0cd913fa_20240708_101713.data
170.0 90.0 17 nan 0cd913fa_20240708_101737.data
190.0 90.0 17 nan 0cd913fa_20240708_101802.data
210.0 90.0 17 nan 0cd913fa_20240708_101826.data
230.0 90.0 17 nan 0cd913fa_20240708_101850.data
250.0 90.0 17 nan 0cd913fa_20240708_101914.data
270.0 90.0 17 nan 0cd913fa_20240708_101938.data
290.0 90.0 17 nan 0cd913fa_20240708_102002.data
290.0 110.0 17 nan 0cd913fa_20240708_102026.data
270.0 110.0 17 nan 0cd913fa_20240708_102050.data
250.0 110.0 17 nan 0cd913fa_20240708_102114.data
230.0 110.0 17 nan 0cd913fa_20240708_102138.data
210.0 110.0 17 nan 0cd913fa_20240708_102202.data
190.0 110.0 17 nan 0cd913fa_20240708_102226.data
170.0 110.0 17 nan 0cd913fa_20240708_102250.data
150.0 110.0 17 nan 0cd913fa_20240708_102314.data
130.0 110.0 17 nan 0cd913fa_20240708_102338.data
110.0 110.0 17 nan 0cd913fa_20240708_102402.data
90.0 110.0 17 nan 0cd913fa_20240708_102426.data
70.0 110.0 17 nan 0cd913fa_20240708_102450.data
50.0 110.0 17 nan 0cd913fa_20240708_102514.data
30.0 110.0 17 nan 0cd913fa_20240708_102538.data
10.0 110.0 17 nan 0cd913fa_20240708_102602.data
10.0 130.0 17 nan 0cd913fa_20240708_102626.data
30.0 130.0 17 nan 0cd913fa_20240708_102650.data
50.0 130.0 17 nan 0cd913fa_20240708_102714.data
70.0 130.0 17 nan 0cd913fa_20240708_102738.data
90.0 130.0 17 nan 0cd913fa_20240708_102802.data
110.0 130.0 17 nan 0cd913fa_20240708_102826.data
130.0 130.0 17 nan 0cd913fa_20240708_102850.data
150.0 130.0 17 nan 0cd913fa_20240708_102914.data
170.0 130.0 17 nan 0cd913fa_20240708_102938.data
190.0 130.0 17 nan 0cd913fa_20240708_103002.data
210.0 130.0 17 nan 0cd913fa_20240708_103026.data
230.0 130.0 17 nan 0cd913fa_20240708_103050.data
250.0 130.0 17 nan 0cd913fa_20240708_103114.data
270.0 130.0 17 nan 0cd913fa_20240708_103138.data
290.0 130.0 17 nan 0cd913fa_20240708_103202.data
290.0 150.0 17 nan 0cd913fa_20240708_103226.data
270.0 150.0 17 nan 0cd913fa_20240708_103250.data
250.0 150.0 17 nan 0cd913fa_20240708_103314.data
230.0 150.0 17 nan 0cd913fa_20240708_103338.data
210.0 150.0 17 nan 0cd913fa_20240708_103402.data
190.0 150.0 17 nan 0cd913fa_20240708_103426.data
170.0 150.0 17 nan 0cd913fa_20240708_103450.data
150.0 150.0 17 nan 0cd913fa_20240708_103514.data
130.0 150.0 17 nan 0cd913fa_20240708_103538.data
110.0 150.0 17 nan 0cd913fa_20240708_103602.data
90.0 150.0 17 nan 0cd913fa_20240708_103626.data
70.0 150.0 17 nan 0cd913fa_20240708_103650.data
50.0 150.0 17 nan 0cd913fa_20240708_103714.data
30.0 150.0 17 nan 0cd913fa_20240708_103738.data
10.0 150.0 17 nan 0cd913fa_20240708_103802.data
10.0 170.0 17 nan 0cd913fa_20240708_103826.data
30.0 170.0 17 nan 0cd913fa_20240708_103850.data
50.0 170.0 17 nan 0cd913fa_20240708_103914.data
70.0 170.0 17 nan 0cd913fa_20240708_103938.data
90.0 170.0 17 nan 0cd913fa_20240708_104002.data
110.0 170.0 17 nan 0cd913fa_20240708_104026.data
130.0 170.0 17 nan 0cd913fa_20240708_104050.data
150.0 170.0 17 nan 0cd913fa_20240708_104114.data
170.0 170.0 17 nan 0cd913fa_20240708_104138.data
190.0 170.0 17 nan 0cd913fa_20240708_104202.data
210.0 170.0 17 nan 0cd913fa_20240708_104226.data
230.0 170.0 17 nan 0cd913fa_20240708_104250.data
250.0 170.0 17 nan 0cd913fa_20240708_104314.data
270.0 170.0 17 nan 0cd913fa_20240708_104338.data
290.0 170.0 17 nan 0cd913fa_20240708_104402.data
290.0 190.0 17 nan 0cd913fa_20240708_104427.data
270.0 190.0 17 nan 0cd913fa_20240708_104451.data
250.0 190.0 17 nan 0cd913fa_20240708_104515.data
230.0 190.0 17 nan 0cd913fa_20240708_104539.data
210.0 190.0 17 nan 0cd913fa_20240708_104603.data
190.0 190.0 17 nan 0cd913fa_20240708_104627.data
170.0 190.0 17 nan 0cd913fa_20240708_104651.data
150.0 190.0 17 nan 0cd913fa_20240708_104715.data
130.0 190.0 17 nan 0cd913fa_20240708_104739.data
110.0 190.0 17 nan 0cd913fa_20240708_104803.data
90.0 190.0 17 nan 0cd913fa_20240708_104827.data
70.0 190.0 17 nan 0cd913fa_20240708_104851.data
50.0 190.0 17 nan 0cd913fa_20240708_104915.data
30.0 190.0 17 nan 0cd913fa_20240708_104939.data
10.0 190.0 17 nan 0cd913fa_20240708_105003.data
10.0 210.0 17 nan 0cd913fa_20240708_105027.data
30.0 210.0 17 nan 0cd913fa_20240708_105051.data
50.0 210.0 17 nan 0cd913fa_20240708_105115.data
70.0 210.0 17 nan 0cd913fa_20240708_105139.data
90.0 210.0 17 nan 0cd913fa_20240708_105203.data
110.0 210.0 17 nan 0cd913fa_20240708_105227.data
130.0 210.0 17 nan 0cd913fa_20240708_105251.data
150.0 210.0 17 nan 0cd913fa_20240708_105315.data
170.0 210.0 17 nan 0cd913fa_20240708_105339.data
190.0 210.0 17 nan 0cd913fa_20240708_105403.data
210.0 210.0 17 nan 0cd913fa_20240708_105427.data
230.0 210.0 17 nan 0cd913fa_20240708_105451.data
250.0 210.0 17 nan 0cd913fa_20240708_105515.data
270.0 210.0 17 nan 0cd913fa_20240708_105539.data
290.0 210.0 17 nan 0cd913fa_20240708_105603.data
290.0 230.0 17 nan 0cd913fa_20240708_105627.data
270.0 230.0 17 nan 0cd913fa_20240708_105651.data
250.0 230.0 17 nan 0cd913fa_20240708_105715.data
230.0 230.0 17 nan 0cd913fa_20240708_105739.data
210.0 230.0 17 nan 0cd913fa_20240708_105803.data
190.0 230.0 17 nan 0cd913fa_20240708_105827.data
170.0 230.0 17 nan 0cd913fa_20240708_105851.data
150.0 230.0 17 nan 0cd913fa_20240708_105915.data
130.0 230.0 17 nan 0cd913fa_20240708_105939.data
110.0 230.0 17 nan 0cd913fa_20240708_110003.data
90.0 230.0 17 nan 0cd913fa_20240708_110027.data
70.0 230.0 17 nan 0cd913fa_20240708_110051.data
50.0 230.0 17 nan 0cd913fa_20240708_110115.data
30.0 230.0 17 nan 0cd913fa_20240708_110139.data
10.0 230.0 17 nan 0cd913fa_20240708_110203.data
10.0 250.0 17 nan 0cd913fa_20240708_110227.data
30.0 250.0 17 nan 0cd913fa_20240708_110251.data
50.0 250.0 17 nan 0cd913fa_20240708_110315.data
70.0 250.0 17 nan 0cd913fa_20240708_110339.data
90.0 250.0 17 nan 0cd913fa_20240708_110403.data
110.0 250.0 17 nan 0cd913fa_20240708_110427.data
130.0 250.0 17 nan 0cd913fa_20240708_110451.data
150.0 250.0 17 nan 0cd913fa_20240708_110515.data
170.0 250.0 17 nan 0cd913fa_20240708_110539.data
190.0 250.0 17 nan 0cd913fa_20240708_110603.data
210.0 250.0 17 nan 0cd913fa_20240708_110627.data
230.0 250.0 17 nan 0cd913fa_20240708_110651.data
250.0 250.0 17 nan 0cd913fa_20240708_110715.data
270.0 250.0 17 nan 0cd913fa_20240708_110739.data
290.0 250.0 17 nan 0cd913fa_20240708_110803.data
290.0 270.0 17 nan 0cd913fa_20240708_110827.data
270.0 270.0 17 nan 0cd913fa_20240708_110851.data
250.0 270.0 17 nan 0cd913fa_20240708_110915.data
230.0 270.0 17 nan 0cd913fa_20240708_110939.data
210.0 270.0 17 nan 0cd913fa_20240708_111003.data
190.0 270.0 17 nan 0cd913fa_20240708_111028.data
170.0 270.0 17 nan 0cd913fa_20240708_111052.data
150.0 270.0 17 nan 0cd913fa_20240708_111116.data
130.0 270.0 17 nan 0cd913fa_20240708_111140.data
110.0 270.0 17 nan 0cd913fa_20240708_111204.data
90.0 270.0 17 nan 0cd913fa_20240708_111228.data
70.0 270.0 17 nan 0cd913fa_20240708_111252.data
50.0 270.0 17 nan 0cd913fa_20240708_111316.data
30.0 270.0 17 nan 0cd913fa_20240708_111340.data
10.0 270.0 17 nan 0cd913fa_20240708_111404.data
10.0 290.0 17 nan 0cd913fa_20240708_111428.data
30.0 290.0 17 nan 0cd913fa_20240708_111452.data
50.0 290.0 17 nan 0cd913fa_20240708_111516.data
70.0 290.0 17 nan 0cd913fa_20240708_111540.data
90.0 290.0 17 nan 0cd913fa_20240708_111604.data
110.0 290.0 17 nan 0cd913fa_20240708_111628.data
130.0 290.0 17 nan 0cd913fa_20240708_111652.data
150.0 290.0 17 nan 0cd913fa_20240708_111716.data
170.0 290.0 17 nan 0cd913fa_20240708_111740.data
190.0 290.0 17 nan 0cd913fa_20240708_111804.data
210.0 290.0 17 nan 0cd913fa_20240708_111828.data
230.0 290.0 17 nan 0cd913fa_20240708_111852.data
250.0 290.0 17 nan 0cd913fa_20240708_111916.data
270.0 290.0 17 nan 0cd913fa_20240708_111940.data
290.0 290.0 17 nan 0cd913fa_20240708_112004.data
290.0 310.0 17 nan 0cd913fa_20240708_112028.data
270.0 310.0 17 nan 0cd913fa_20240708_112052.data
250.0 310.0 17 nan 0cd913fa_20240708_112116.data
230.0 310.0 17 nan 0cd913fa_20240708_112140.data
210.0 310.0 17 nan 0cd913fa_20240708_112204.data
190.0 310.0 17 nan 0cd913fa_20240708_112228.data
170.0 310.0 17 nan 0cd913fa_20240708_112252.data
150.0 310.0 17 nan 0cd913fa_20240708_112316.data
130.0 310.0 17 nan 0cd913fa_20240708_112340.data
110.0 310.0 17 nan 0cd913fa_20240708_112404.data
90.0 310.0 17 nan 0cd913fa_20240708_112428.data
70.0 310.0 17 nan 0cd913fa_20240708_112452.data
50.0 310.0 17 nan 0cd913fa_20240708_112516.data
30.0 310.0 17 nan 0cd913fa_20240708_112540.data
10.0 310.0 17 nan 0cd913fa_20240708_112604.data
10.0 330.0 17 nan 0cd913fa_20240708_112628.data
30.0 330.0 17 nan 0cd913fa_20240708_112652.data
50.0 330.0 17 nan 0cd913fa_20240708_112716.data
70.0 330.0 17 nan 0cd913fa_20240708_112740.data
90.0 330.0 17 nan 0cd913fa_20240708_112804.data
110.0 330.0 17 nan 0cd913fa_20240708_112828.data
130.0 330.0 17 nan 0cd913fa_20240708_112852.data
150.0 330.0 17 nan 0cd913fa_20240708_112916.data
170.0 330.0 17 nan 0cd913fa_20240708_112940.data
190.0 330.0 17 nan 0cd913fa_20240708_113004.data
210.0 330.0 17 nan 0cd913fa_20240708_113028.data
230.0 330.0 17 nan 0cd913fa_20240708_113052.data
250.0 330.0 17 nan 0cd913fa_20240708_113116.data
270.0 330.0 17 nan 0cd913fa_20240708_113140.data
290.0 330.0 17 nan 0cd913fa_20240708_113204.data
10.0 350.0 17 nan 0cd913fa_20240708_122418.data
30.0 350.0 17 nan 0cd913fa_20240708_122442.data
50.0 350.0 17 nan 0cd913fa_20240708_122506.data
70.0 350.0 17 nan 0cd913fa_20240708_122530.data
90.0 350.0 17 nan 0cd913fa_20240708_122554.data
110.0 350.0 17 nan 0cd913fa_20240708_122618.data
130.0 350.0 17 nan 0cd913fa_20240708_122642.data
150.0 350.0 17 nan 0cd913fa_20240708_122706.data
170.0 350.0 17 nan 0cd913fa_20240708_122730.data
190.0 350.0 17 nan 0cd913fa_20240708_122754.data
210.0 350.0 17 nan 0cd913fa_20240708_122818.data
230.0 350.0 17 nan 0cd913fa_20240708_122842.data
250.0 350.0 17 nan 0cd913fa_20240708_122906.data
270.0 350.0 17 nan 0cd913fa_20240708_122930.data
290.0 350.0 17 nan 0cd913fa_20240708_122954.data
290.0 370.0 17 nan 0cd913fa_20240708_123018.data
270.0 370.0 17 nan 0cd913fa_20240708_123042.data
250.0 370.0 17 nan 0cd913fa_20240708_123107.data
230.0 370.0 17 nan 0cd913fa_20240708_123131.data
210.0 370.0 17 nan 0cd913fa_20240708_123155.data
190.0 370.0 17 nan 0cd913fa_20240708_123219.data
170.0 370.0 17 nan 0cd913fa_20240708_123243.data
150.0 370.0 17 nan 0cd913fa_20240708_123307.data
130.0 370.0 17 nan 0cd913fa_20240708_123331.data
110.0 370.0 17 nan 0cd913fa_20240708_123355.data
90.0 370.0 17 nan 0cd913fa_20240708_123419.data
70.0 370.0 17 nan 0cd913fa_20240708_123443.data
50.0 370.0 17 nan 0cd913fa_20240708_123507.data
30.0 370.0 17 nan 0cd913fa_20240708_123531.data
10.0 370.0 17 nan 0cd913fa_20240708_123555.data
10.0 390.0 17 nan 0cd913fa_20240708_123619.data
30.0 390.0 17 nan 0cd913fa_20240708_123643.data
50.0 390.0 17 nan 0cd913fa_20240708_123707.data
70.0 390.0 17 nan 0cd913fa_20240708_123731.data
90.0 390.0 17 nan 0cd913fa_20240708_123755.data
110.0 390.0 17 nan 0cd913fa_20240708_123819.data
130.0 390.0 17 nan 0cd913fa_20240708_123843.data
150.0 390.0 17 nan 0cd913fa_20240708_123907.data
170.0 390.0 17 nan 0cd913fa_20240708_123931.data
190.0 390.0 17 nan 0cd913fa_20240708_123955.data
210.0 390.0 17 nan 0cd913fa_20240708_124019.data
230.0 390.0 17 nan 0cd913fa_20240708_124043.data
250.0 390.0 17 nan 0cd913fa_20240708_124107.data
270.0 390.0 17 nan 0cd913fa_20240708_124131.data
290.0 390.0 17 nan 0cd913fa_20240708_124155.data
290.0 410.0 17 nan 0cd913fa_20240708_124219.data
270.0 410.0 17 nan 0cd913fa_20240708_124243.data
250.0 410.0 17 nan 0cd913fa_20240708_124307.data
230.0 410.0 17 nan 0cd913fa_20240708_124331.data
210.0 410.0 17 nan 0cd913fa_20240708_124355.data
190.0 410.0 17 nan 0cd913fa_20240708_124419.data
170.0 410.0 17 nan 0cd913fa_20240708_124443.data
150.0 410.0 17 nan 0cd913fa_20240708_124507.data
130.0 410.0 17 nan 0cd913fa_20240708_124531.data
110.0 410.0 17 nan 0cd913fa_20240708_124555.data
90.0 410.0 17 nan 0cd913fa_20240708_124619.data
70.0 410.0 17 nan 0cd913fa_20240708_124643.data
50.0 410.0 17 nan 0cd913fa_20240708_124707.data
30.0 410.0 17 nan 0cd913fa_20240708_124731.data
10.0 410.0 17 nan 0cd913fa_20240708_124755.data
10.0 430.0 17 nan 0cd913fa_20240708_124819.data
30.0 430.0 17 nan 0cd913fa_20240708_124843.data
50.0 430.0 17 nan 0cd913fa_20240708_124907.data
70.0 430.0 17 nan 0cd913fa_20240708_124931.data
90.0 430.0 17 nan 0cd913fa_20240708_124955.data
110.0 430.0 17 nan 0cd913fa_20240708_125019.data
130.0 430.0 17 nan 0cd913fa_20240708_125043.data
150.0 430.0 17 nan 0cd913fa_20240708_125107.data
170.0 430.0 17 nan 0cd913fa_20240708_125131.data
190.0 430.0 17 nan 0cd913fa_20240708_125155.data
210.0 430.0 17 nan 0cd913fa_20240708_125219.data
230.0 430.0 17 nan 0cd913fa_20240708_125243.data
250.0 430.0 17 nan 0cd913fa_20240708_125307.data
270.0 430.0 17 nan 0cd913fa_20240708_125331.data
290.0 430.0 17 nan 0cd913fa_20240708_125355.data
290.0 450.0 17 nan 0cd913fa_20240708_125419.data
270.0 450.0 17 nan 0cd913fa_20240708_125443.data
250.0 450.0 17 nan 0cd913fa_20240708_125507.data
230.0 450.0 17 nan 0cd913fa_20240708_125531.data
210.0 450.0 17 nan 0cd913fa_20240708_125555.data
190.0 450.0 17 nan 0cd913fa_20240708_125619.data
170.0 450.0 17 nan 0cd913fa_20240708_125643.data
150.0 450.0 17 nan 0cd913fa_20240708_125707.data
130.0 450.0 17 nan 0cd913fa_20240708_125732.data
110.0 450.0 17 nan 0cd913fa_20240708_125756.data
90.0 450.0 17 nan 0cd913fa_20240708_125820.data
70.0 450.0 17 nan 0cd913fa_20240708_125844.data
50.0 450.0 17 nan 0cd913fa_20240708_125908.data
30.0 450.0 17 nan 0cd913fa_20240708_125932.data
10.0 450.0 17 nan 0cd913fa_20240708_125956.data
10.0 470.0 17 nan 0cd913fa_20240708_130020.data
30.0 470.0 17 nan 0cd913fa_20240708_130044.data
50.0 470.0 17 nan 0cd913fa_20240708_130108.data
70.0 470.0 17 nan 0cd913fa_20240708_130132.data
90.0 470.0 17 nan 0cd913fa_20240708_130156.data
110.0 470.0 17 nan 0cd913fa_20240708_130220.data
130.0 470.0 17 nan 0cd913fa_20240708_130244.data
150.0 470.0 17 nan 0cd913fa_20240708_130308.data
170.0 470.0 17 nan 0cd913fa_20240708_130332.data
190.0 470.0 17 nan 0cd913fa_20240708_130356.data
210.0 470.0 17 nan 0cd913fa_20240708_130420.data
230.0 470.0 17 nan 0cd913fa_20240708_130444.data
250.0 470.0 17 nan 0cd913fa_20240708_130508.data
270.0 470.0 17 nan 0cd913fa_20240708_130532.data
290.0 470.0 17 nan 0cd913fa_20240708_130556.data
