-1 -1 -1 26.356118942731285 0cd9414a_20240905_102306.data
10.0 10.0 17 26.240572687224667 0cd9414a_20240905_102345.data
30.0 10.0 17 26.008123348017623 0cd9414a_20240905_102409.data
50.0 10.0 17 26.356118942731285 0cd9414a_20240905_102433.data
70.0 10.0 17 26.356118942731285 0cd9414a_20240905_102457.data
90.0 10.0 17 26.356118942731285 0cd9414a_20240905_102521.data
110.0 10.0 17 26.124563876651983 0cd9414a_20240905_102545.data
130.0 10.0 17 26.240572687224667 0cd9414a_20240905_102609.data
150.0 10.0 17 26.356118942731285 0cd9414a_20240905_102633.data
170.0 10.0 17 26.008123348017623 0cd9414a_20240905_102657.data
190.0 10.0 17 26.356118942731285 0cd9414a_20240905_102721.data
210.0 10.0 17 26.356118942731285 0cd9414a_20240905_102745.data
230.0 10.0 17 26.124563876651983 0cd9414a_20240905_102809.data
250.0 10.0 17 26.124563876651983 0cd9414a_20240905_102833.data
270.0 10.0 17 26.356118942731285 0cd9414a_20240905_102857.data
290.0 10.0 17 26.356118942731285 0cd9414a_20240905_102921.data
290.0 30.0 17 26.124563876651983 0cd9414a_20240905_102945.data
270.0 30.0 17 26.356118942731285 0cd9414a_20240905_103009.data
250.0 30.0 17 26.356118942731285 0cd9414a_20240905_103033.data
230.0 30.0 17 26.356118942731285 0cd9414a_20240905_103057.data
210.0 30.0 17 26.008123348017623 0cd9414a_20240905_103121.data
190.0 30.0 17 26.240572687224667 0cd9414a_20240905_103145.data
170.0 30.0 17 26.356118942731285 0cd9414a_20240905_103209.data
150.0 30.0 17 26.124563876651983 0cd9414a_20240905_103233.data
130.0 30.0 17 26.240572687224667 0cd9414a_20240905_103257.data
110.0 30.0 17 26.124563876651983 0cd9414a_20240905_103321.data
90.0 30.0 17 26.356118942731285 0cd9414a_20240905_103345.data
70.0 30.0 17 26.356118942731285 0cd9414a_20240905_103409.data
50.0 30.0 17 26.124563876651983 0cd9414a_20240905_103433.data
30.0 30.0 17 26.356118942731285 0cd9414a_20240905_103457.data
10.0 30.0 17 26.356118942731285 0cd9414a_20240905_103521.data
10.0 50.0 17 26.356118942731285 0cd9414a_20240905_103545.data
30.0 50.0 17 26.008123348017623 0cd9414a_20240905_103609.data
50.0 50.0 17 26.008123348017623 0cd9414a_20240905_103634.data
70.0 50.0 17 26.356118942731285 0cd9414a_20240905_103658.data
90.0 50.0 17 26.356118942731285 0cd9414a_20240905_103722.data
110.0 50.0 17 26.008123348017623 0cd9414a_20240905_103746.data
130.0 50.0 17 26.356118942731285 0cd9414a_20240905_103810.data
150.0 50.0 17 26.356118942731285 0cd9414a_20240905_103834.data
170.0 50.0 17 26.124563876651983 0cd9414a_20240905_103858.data
190.0 50.0 17 26.008123348017623 0cd9414a_20240905_103922.data
210.0 50.0 17 26.356118942731285 0cd9414a_20240905_103946.data
230.0 50.0 17 26.356118942731285 0cd9414a_20240905_104010.data
250.0 50.0 17 26.356118942731285 0cd9414a_20240905_104034.data
270.0 50.0 17 26.356118942731285 0cd9414a_20240905_104058.data
290.0 50.0 17 26.008123348017623 0cd9414a_20240905_104122.data
290.0 70.0 17 26.124563876651983 0cd9414a_20240905_104146.data
270.0 70.0 17 26.356118942731285 0cd9414a_20240905_104210.data
250.0 70.0 17 26.356118942731285 0cd9414a_20240905_104234.data
230.0 70.0 17 26.124563876651983 0cd9414a_20240905_104258.data
210.0 70.0 17 26.356118942731285 0cd9414a_20240905_104322.data
190.0 70.0 17 26.240572687224667 0cd9414a_20240905_104346.data
170.0 70.0 17 26.008123348017623 0cd9414a_20240905_104410.data
150.0 70.0 17 26.240572687224667 0cd9414a_20240905_104434.data
130.0 70.0 17 26.008123348017623 0cd9414a_20240905_104458.data
110.0 70.0 17 26.240572687224667 0cd9414a_20240905_104522.data
90.0 70.0 17 26.356118942731285 0cd9414a_20240905_104546.data
70.0 70.0 17 26.008123348017623 0cd9414a_20240905_104610.data
50.0 70.0 17 26.240572687224667 0cd9414a_20240905_104634.data
30.0 70.0 17 26.356118942731285 0cd9414a_20240905_104658.data
10.0 70.0 17 26.240572687224667 0cd9414a_20240905_104722.data
10.0 90.0 17 26.356118942731285 0cd9414a_20240905_104746.data
30.0 90.0 17 26.356118942731285 0cd9414a_20240905_104810.data
50.0 90.0 17 26.240572687224667 0cd9414a_20240905_104834.data
70.0 90.0 17 26.356118942731285 0cd9414a_20240905_104858.data
90.0 90.0 17 26.124563876651983 0cd9414a_20240905_104922.data
110.0 90.0 17 26.008123348017623 0cd9414a_20240905_104946.data
130.0 90.0 17 26.356118942731285 0cd9414a_20240905_105010.data
150.0 90.0 17 26.356118942731285 0cd9414a_20240905_105034.data
170.0 90.0 17 26.008123348017623 0cd9414a_20240905_105058.data
190.0 90.0 17 26.356118942731285 0cd9414a_20240905_105122.data
210.0 90.0 17 25.89125110132159 0cd9414a_20240905_105146.data
230.0 90.0 17 26.356118942731285 0cd9414a_20240905_105210.data
250.0 90.0 17 26.124563876651983 0cd9414a_20240905_105234.data
270.0 90.0 17 26.356118942731285 0cd9414a_20240905_105258.data
290.0 90.0 17 26.008123348017623 0cd9414a_20240905_105322.data
290.0 110.0 17 26.124563876651983 0cd9414a_20240905_105346.data
270.0 110.0 17 26.356118942731285 0cd9414a_20240905_105410.data
250.0 110.0 17 26.124563876651983 0cd9414a_20240905_105434.data
230.0 110.0 17 26.356118942731285 0cd9414a_20240905_105458.data
210.0 110.0 17 26.356118942731285 0cd9414a_20240905_105522.data
190.0 110.0 17 25.89125110132159 0cd9414a_20240905_105546.data
170.0 110.0 17 26.240572687224667 0cd9414a_20240905_105610.data
150.0 110.0 17 26.008123348017623 0cd9414a_20240905_105634.data
130.0 110.0 17 26.240572687224667 0cd9414a_20240905_105658.data
110.0 110.0 17 26.356118942731285 0cd9414a_20240905_105722.data
90.0 110.0 17 26.124563876651983 0cd9414a_20240905_105746.data
70.0 110.0 17 26.356118942731285 0cd9414a_20240905_105810.data
50.0 110.0 17 26.008123348017623 0cd9414a_20240905_105834.data
30.0 110.0 17 26.356118942731285 0cd9414a_20240905_105858.data
10.0 110.0 17 26.124563876651983 0cd9414a_20240905_105922.data
10.0 130.0 17 26.356118942731285 0cd9414a_20240905_105946.data
30.0 130.0 17 26.356118942731285 0cd9414a_20240905_110010.data
50.0 130.0 17 26.356118942731285 0cd9414a_20240905_110034.data
70.0 130.0 17 26.008123348017623 0cd9414a_20240905_110058.data
90.0 130.0 17 26.240572687224667 0cd9414a_20240905_110122.data
110.0 130.0 17 26.124563876651983 0cd9414a_20240905_110146.data
130.0 130.0 17 26.124563876651983 0cd9414a_20240905_110210.data
150.0 130.0 17 26.124563876651983 0cd9414a_20240905_110234.data
170.0 130.0 17 26.240572687224667 0cd9414a_20240905_110258.data
190.0 130.0 17 26.240572687224667 0cd9414a_20240905_110322.data
210.0 130.0 17 26.356118942731285 0cd9414a_20240905_110346.data
230.0 130.0 17 26.008123348017623 0cd9414a_20240905_110410.data
250.0 130.0 17 26.240572687224667 0cd9414a_20240905_110434.data
270.0 130.0 17 26.008123348017623 0cd9414a_20240905_110458.data
290.0 130.0 17 26.356118942731285 0cd9414a_20240905_110522.data
290.0 150.0 17 26.124563876651983 0cd9414a_20240905_110546.data
270.0 150.0 17 26.240572687224667 0cd9414a_20240905_110610.data
250.0 150.0 17 26.008123348017623 0cd9414a_20240905_110634.data
230.0 150.0 17 25.89125110132159 0cd9414a_20240905_110658.data
210.0 150.0 17 26.240572687224667 0cd9414a_20240905_110722.data
190.0 150.0 17 26.356118942731285 0cd9414a_20240905_110746.data
170.0 150.0 17 26.008123348017623 0cd9414a_20240905_110810.data
150.0 150.0 17 26.356118942731285 0cd9414a_20240905_110834.data
130.0 150.0 17 26.124563876651983 0cd9414a_20240905_110858.data
110.0 150.0 17 26.356118942731285 0cd9414a_20240905_110922.data
90.0 150.0 17 26.240572687224667 0cd9414a_20240905_110946.data
70.0 150.0 17 26.124563876651983 0cd9414a_20240905_111010.data
50.0 150.0 17 26.356118942731285 0cd9414a_20240905_111035.data
30.0 150.0 17 26.008123348017623 0cd9414a_20240905_111058.data
10.0 150.0 17 26.356118942731285 0cd9414a_20240905_111123.data
10.0 170.0 17 26.356118942731285 0cd9414a_20240905_111147.data
30.0 170.0 17 26.008123348017623 0cd9414a_20240905_111211.data
50.0 170.0 17 26.240572687224667 0cd9414a_20240905_111235.data
70.0 170.0 17 26.008123348017623 0cd9414a_20240905_111259.data
90.0 170.0 17 26.124563876651983 0cd9414a_20240905_111323.data
110.0 170.0 17 26.356118942731285 0cd9414a_20240905_111347.data
130.0 170.0 17 26.124563876651983 0cd9414a_20240905_111411.data
150.0 170.0 17 26.356118942731285 0cd9414a_20240905_111435.data
170.0 170.0 17 26.124563876651983 0cd9414a_20240905_111459.data
190.0 170.0 17 26.356118942731285 0cd9414a_20240905_111523.data
210.0 170.0 17 26.008123348017623 0cd9414a_20240905_111547.data
230.0 170.0 17 26.356118942731285 0cd9414a_20240905_111611.data
250.0 170.0 17 26.124563876651983 0cd9414a_20240905_111635.data
270.0 170.0 17 26.356118942731285 0cd9414a_20240905_111659.data
290.0 170.0 17 26.008123348017623 0cd9414a_20240905_111723.data
290.0 190.0 17 26.356118942731285 0cd9414a_20240905_111747.data
270.0 190.0 17 26.356118942731285 0cd9414a_20240905_111811.data
250.0 190.0 17 26.008123348017623 0cd9414a_20240905_111835.data
230.0 190.0 17 26.240572687224667 0cd9414a_20240905_111859.data
210.0 190.0 17 26.124563876651983 0cd9414a_20240905_111923.data
190.0 190.0 17 26.356118942731285 0cd9414a_20240905_111947.data
170.0 190.0 17 26.008123348017623 0cd9414a_20240905_112011.data
150.0 190.0 17 26.240572687224667 0cd9414a_20240905_112035.data
130.0 190.0 17 26.240572687224667 0cd9414a_20240905_112059.data
110.0 190.0 17 26.240572687224667 0cd9414a_20240905_112123.data
90.0 190.0 17 26.356118942731285 0cd9414a_20240905_112147.data
70.0 190.0 17 25.89125110132159 0cd9414a_20240905_112211.data
50.0 190.0 17 26.240572687224667 0cd9414a_20240905_112235.data
30.0 190.0 17 26.240572687224667 0cd9414a_20240905_112259.data
10.0 190.0 17 26.008123348017623 0cd9414a_20240905_112323.data
10.0 210.0 17 26.240572687224667 0cd9414a_20240905_112347.data
30.0 210.0 17 26.008123348017623 0cd9414a_20240905_112411.data
50.0 210.0 17 26.356118942731285 0cd9414a_20240905_112435.data
70.0 210.0 17 26.008123348017623 0cd9414a_20240905_112459.data
90.0 210.0 17 26.240572687224667 0cd9414a_20240905_112523.data
110.0 210.0 17 26.356118942731285 0cd9414a_20240905_112547.data
130.0 210.0 17 26.356118942731285 0cd9414a_20240905_112611.data
150.0 210.0 17 26.356118942731285 0cd9414a_20240905_112635.data
170.0 210.0 17 26.124563876651983 0cd9414a_20240905_112659.data
190.0 210.0 17 26.240572687224667 0cd9414a_20240905_112723.data
210.0 210.0 17 25.89125110132159 0cd9414a_20240905_112747.data
230.0 210.0 17 26.240572687224667 0cd9414a_20240905_112811.data
250.0 210.0 17 26.356118942731285 0cd9414a_20240905_112835.data
270.0 210.0 17 26.356118942731285 0cd9414a_20240905_112859.data
290.0 210.0 17 26.356118942731285 0cd9414a_20240905_112923.data
290.0 230.0 17 26.124563876651983 0cd9414a_20240905_112947.data
270.0 230.0 17 26.240572687224667 0cd9414a_20240905_113011.data
250.0 230.0 17 26.124563876651983 0cd9414a_20240905_113035.data
230.0 230.0 17 26.356118942731285 0cd9414a_20240905_113059.data
210.0 230.0 17 26.008123348017623 0cd9414a_20240905_113123.data
190.0 230.0 17 26.356118942731285 0cd9414a_20240905_113147.data
170.0 230.0 17 26.124563876651983 0cd9414a_20240905_113211.data
150.0 230.0 17 26.356118942731285 0cd9414a_20240905_113235.data
130.0 230.0 17 26.008123348017623 0cd9414a_20240905_113259.data
110.0 230.0 17 26.240572687224667 0cd9414a_20240905_113323.data
90.0 230.0 17 26.124563876651983 0cd9414a_20240905_113347.data
70.0 230.0 17 26.356118942731285 0cd9414a_20240905_113411.data
50.0 230.0 17 26.008123348017623 0cd9414a_20240905_113435.data
30.0 230.0 17 26.240572687224667 0cd9414a_20240905_113459.data
10.0 230.0 17 26.124563876651983 0cd9414a_20240905_113523.data
10.0 250.0 17 26.356118942731285 0cd9414a_20240905_113547.data
30.0 250.0 17 26.240572687224667 0cd9414a_20240905_113611.data
50.0 250.0 17 26.008123348017623 0cd9414a_20240905_113635.data
70.0 250.0 17 26.356118942731285 0cd9414a_20240905_113659.data
90.0 250.0 17 26.008123348017623 0cd9414a_20240905_113723.data
110.0 250.0 17 26.240572687224667 0cd9414a_20240905_113747.data
130.0 250.0 17 26.124563876651983 0cd9414a_20240905_113811.data
150.0 250.0 17 26.356118942731285 0cd9414a_20240905_113835.data
170.0 250.0 17 26.240572687224667 0cd9414a_20240905_113859.data
190.0 250.0 17 26.124563876651983 0cd9414a_20240905_113923.data
210.0 250.0 17 26.356118942731285 0cd9414a_20240905_113947.data
230.0 250.0 17 26.240572687224667 0cd9414a_20240905_114011.data
250.0 250.0 17 26.008123348017623 0cd9414a_20240905_114035.data
270.0 250.0 17 26.356118942731285 0cd9414a_20240905_114059.data
290.0 250.0 17 26.124563876651983 0cd9414a_20240905_114123.data
290.0 270.0 17 26.240572687224667 0cd9414a_20240905_114147.data
270.0 270.0 17 26.124563876651983 0cd9414a_20240905_114211.data
250.0 270.0 17 26.124563876651983 0cd9414a_20240905_114235.data
230.0 270.0 17 26.124563876651983 0cd9414a_20240905_114259.data
210.0 270.0 17 26.240572687224667 0cd9414a_20240905_114323.data
190.0 270.0 17 26.124563876651983 0cd9414a_20240905_114347.data
170.0 270.0 17 26.240572687224667 0cd9414a_20240905_114411.data
150.0 270.0 17 26.008123348017623 0cd9414a_20240905_114436.data
130.0 270.0 17 26.008123348017623 0cd9414a_20240905_114500.data
110.0 270.0 17 26.008123348017623 0cd9414a_20240905_114524.data
90.0 270.0 17 26.008123348017623 0cd9414a_20240905_114548.data
70.0 270.0 17 26.008123348017623 0cd9414a_20240905_114612.data
50.0 270.0 17 26.008123348017623 0cd9414a_20240905_114636.data
30.0 270.0 17 25.89125110132159 0cd9414a_20240905_114700.data
10.0 270.0 17 26.008123348017623 0cd9414a_20240905_114724.data
10.0 290.0 17 26.008123348017623 0cd9414a_20240905_114748.data
30.0 290.0 17 26.008123348017623 0cd9414a_20240905_114812.data
50.0 290.0 17 26.124563876651983 0cd9414a_20240905_114836.data
70.0 290.0 17 26.008123348017623 0cd9414a_20240905_114900.data
90.0 290.0 17 26.008123348017623 0cd9414a_20240905_114924.data
110.0 290.0 17 26.008123348017623 0cd9414a_20240905_114948.data
130.0 290.0 17 26.008123348017623 0cd9414a_20240905_115012.data
150.0 290.0 17 26.008123348017623 0cd9414a_20240905_115036.data
170.0 290.0 17 26.008123348017623 0cd9414a_20240905_115100.data
190.0 290.0 17 26.008123348017623 0cd9414a_20240905_115124.data
210.0 290.0 17 25.89125110132159 0cd9414a_20240905_115148.data
230.0 290.0 17 26.008123348017623 0cd9414a_20240905_115212.data
250.0 290.0 17 26.008123348017623 0cd9414a_20240905_115236.data
270.0 290.0 17 26.008123348017623 0cd9414a_20240905_115300.data
290.0 290.0 17 26.008123348017623 0cd9414a_20240905_115324.data
290.0 310.0 17 26.008123348017623 0cd9414a_20240905_115348.data
270.0 310.0 17 26.240572687224667 0cd9414a_20240905_115412.data
250.0 310.0 17 26.008123348017623 0cd9414a_20240905_115436.data
230.0 310.0 17 26.008123348017623 0cd9414a_20240905_115500.data
210.0 310.0 17 26.008123348017623 0cd9414a_20240905_115524.data
190.0 310.0 17 25.89125110132159 0cd9414a_20240905_115548.data
170.0 310.0 17 -1 0cd9414a_20240905_115612.data
150.0 310.0 17 26.008123348017623 0cd9414a_20240905_115636.data
130.0 310.0 17 26.008123348017623 0cd9414a_20240905_115700.data
110.0 310.0 17 -1 0cd9414a_20240905_115724.data
90.0 310.0 17 26.008123348017623 0cd9414a_20240905_115748.data
70.0 310.0 17 26.008123348017623 0cd9414a_20240905_115812.data
50.0 310.0 17 26.008123348017623 0cd9414a_20240905_115836.data
30.0 310.0 17 26.124563876651983 0cd9414a_20240905_115900.data
10.0 310.0 17 25.89125110132159 0cd9414a_20240905_115924.data
10.0 330.0 17 26.008123348017623 0cd9414a_20240905_115948.data
30.0 330.0 17 -1 0cd9414a_20240905_120012.data
50.0 330.0 17 26.008123348017623 0cd9414a_20240905_120036.data
70.0 330.0 17 26.008123348017623 0cd9414a_20240905_120100.data
90.0 330.0 17 26.008123348017623 0cd9414a_20240905_120124.data
110.0 330.0 17 26.008370044052867 0cd9414a_20240905_120148.data
130.0 330.0 17 26.356118942731285 0cd9414a_20240905_120212.data
150.0 330.0 17 26.124563876651983 0cd9414a_20240905_120236.data
170.0 330.0 17 26.124563876651983 0cd9414a_20240905_120300.data
190.0 330.0 17 26.008123348017623 0cd9414a_20240905_120324.data
210.0 330.0 17 25.89125110132159 0cd9414a_20240905_120348.data
230.0 330.0 17 26.124563876651983 0cd9414a_20240905_120412.data
250.0 330.0 17 26.124563876651983 0cd9414a_20240905_120436.data
270.0 330.0 17 26.008123348017623 0cd9414a_20240905_120500.data
290.0 330.0 17 26.008123348017623 0cd9414a_20240905_120524.data
10.0 350.0 17 26.124563876651983 0cd9414a_20240905_121127.data
30.0 350.0 17 26.008123348017623 0cd9414a_20240905_121151.data
50.0 350.0 17 26.124563876651983 0cd9414a_20240905_121216.data
70.0 350.0 17 26.124563876651983 0cd9414a_20240905_121240.data
90.0 350.0 17 26.124563876651983 0cd9414a_20240905_121304.data
110.0 350.0 17 26.124563876651983 0cd9414a_20240905_121328.data
130.0 350.0 17 26.008123348017623 0cd9414a_20240905_121352.data
150.0 350.0 17 26.124563876651983 0cd9414a_20240905_121416.data
170.0 350.0 17 26.124563876651983 0cd9414a_20240905_121440.data
190.0 350.0 17 26.124563876651983 0cd9414a_20240905_121504.data
210.0 350.0 17 26.124563876651983 0cd9414a_20240905_121528.data
230.0 350.0 17 26.124563876651983 0cd9414a_20240905_121552.data
250.0 350.0 17 26.124563876651983 0cd9414a_20240905_121616.data
270.0 350.0 17 26.124563876651983 0cd9414a_20240905_121640.data
290.0 350.0 17 26.356118942731285 0cd9414a_20240905_121704.data
290.0 370.0 17 26.124563876651983 0cd9414a_20240905_121728.data
270.0 370.0 17 26.124563876651983 0cd9414a_20240905_121752.data
250.0 370.0 17 26.008123348017623 0cd9414a_20240905_121816.data
230.0 370.0 17 26.124563876651983 0cd9414a_20240905_121840.data
210.0 370.0 17 26.124563876651983 0cd9414a_20240905_121904.data
190.0 370.0 17 26.124563876651983 0cd9414a_20240905_121928.data
170.0 370.0 17 26.124563876651983 0cd9414a_20240905_121952.data
150.0 370.0 17 26.124563876651983 0cd9414a_20240905_122016.data
130.0 370.0 17 26.124563876651983 0cd9414a_20240905_122040.data
110.0 370.0 17 26.356118942731285 0cd9414a_20240905_122104.data
90.0 370.0 17 26.124563876651983 0cd9414a_20240905_122128.data
70.0 370.0 17 26.008123348017623 0cd9414a_20240905_122152.data
50.0 370.0 17 26.008123348017623 0cd9414a_20240905_122216.data
30.0 370.0 17 26.124563876651983 0cd9414a_20240905_122240.data
10.0 370.0 17 26.240572687224667 0cd9414a_20240905_122304.data
10.0 390.0 17 26.124563876651983 0cd9414a_20240905_122328.data
30.0 390.0 17 26.240572687224667 0cd9414a_20240905_122352.data
50.0 390.0 17 26.008123348017623 0cd9414a_20240905_122416.data
70.0 390.0 17 26.008123348017623 0cd9414a_20240905_122440.data
90.0 390.0 17 26.124563876651983 0cd9414a_20240905_122504.data
110.0 390.0 17 26.124563876651983 0cd9414a_20240905_122528.data
130.0 390.0 17 26.124563876651983 0cd9414a_20240905_122552.data
150.0 390.0 17 26.124563876651983 0cd9414a_20240905_122616.data
170.0 390.0 17 26.124563876651983 0cd9414a_20240905_122640.data
190.0 390.0 17 26.124563876651983 0cd9414a_20240905_122704.data
210.0 390.0 17 26.124563876651983 0cd9414a_20240905_122728.data
230.0 390.0 17 26.008123348017623 0cd9414a_20240905_122752.data
250.0 390.0 17 26.124563876651983 0cd9414a_20240905_122816.data
270.0 390.0 17 26.124563876651983 0cd9414a_20240905_122840.data
290.0 390.0 17 26.124563876651983 0cd9414a_20240905_122904.data
290.0 410.0 17 26.124563876651983 0cd9414a_20240905_122928.data
270.0 410.0 17 26.124563876651983 0cd9414a_20240905_122952.data
250.0 410.0 17 26.124563876651983 0cd9414a_20240905_123016.data
230.0 410.0 17 26.008123348017623 0cd9414a_20240905_123040.data
210.0 410.0 17 26.124563876651983 0cd9414a_20240905_123104.data
190.0 410.0 17 26.124563876651983 0cd9414a_20240905_123128.data
170.0 410.0 17 26.008123348017623 0cd9414a_20240905_123152.data
150.0 410.0 17 26.124563876651983 0cd9414a_20240905_123216.data
130.0 410.0 17 26.008123348017623 0cd9414a_20240905_123240.data
110.0 410.0 17 26.124563876651983 0cd9414a_20240905_123304.data
90.0 410.0 17 26.124563876651983 0cd9414a_20240905_123328.data
70.0 410.0 17 26.124563876651983 0cd9414a_20240905_123352.data
50.0 410.0 17 26.008123348017623 0cd9414a_20240905_123416.data
30.0 410.0 17 26.124563876651983 0cd9414a_20240905_123440.data
10.0 410.0 17 26.124563876651983 0cd9414a_20240905_123504.data
10.0 430.0 17 26.124563876651983 0cd9414a_20240905_123528.data
30.0 430.0 17 26.124563876651983 0cd9414a_20240905_123552.data
50.0 430.0 17 26.124563876651983 0cd9414a_20240905_123616.data
70.0 430.0 17 26.124563876651983 0cd9414a_20240905_123640.data
90.0 430.0 17 26.124563876651983 0cd9414a_20240905_123704.data
110.0 430.0 17 26.124563876651983 0cd9414a_20240905_123728.data
130.0 430.0 17 26.124563876651983 0cd9414a_20240905_123752.data
150.0 430.0 17 26.124563876651983 0cd9414a_20240905_123816.data
170.0 430.0 17 26.008123348017623 0cd9414a_20240905_123840.data
190.0 430.0 17 26.124563876651983 0cd9414a_20240905_123904.data
210.0 430.0 17 26.124563876651983 0cd9414a_20240905_123928.data
230.0 430.0 17 26.124563876651983 0cd9414a_20240905_123952.data
250.0 430.0 17 26.124563876651983 0cd9414a_20240905_124016.data
270.0 430.0 17 26.124563876651983 0cd9414a_20240905_124040.data
290.0 430.0 17 26.124563876651983 0cd9414a_20240905_124104.data
290.0 450.0 17 26.008123348017623 0cd9414a_20240905_124128.data
270.0 450.0 17 26.008123348017623 0cd9414a_20240905_124152.data
250.0 450.0 17 26.008123348017623 0cd9414a_20240905_124216.data
230.0 450.0 17 26.008123348017623 0cd9414a_20240905_124240.data
210.0 450.0 17 26.124563876651983 0cd9414a_20240905_124304.data
190.0 450.0 17 26.124563876651983 0cd9414a_20240905_124328.data
170.0 450.0 17 26.008123348017623 0cd9414a_20240905_124352.data
150.0 450.0 17 26.008123348017623 0cd9414a_20240905_124416.data
130.0 450.0 17 26.008123348017623 0cd9414a_20240905_124440.data
110.0 450.0 17 26.124563876651983 0cd9414a_20240905_124504.data
90.0 450.0 17 26.008123348017623 0cd9414a_20240905_124528.data
70.0 450.0 17 26.124563876651983 0cd9414a_20240905_124553.data
50.0 450.0 17 26.124563876651983 0cd9414a_20240905_124617.data
30.0 450.0 17 26.356118942731285 0cd9414a_20240905_124641.data
10.0 450.0 17 26.124563876651983 0cd9414a_20240905_124705.data
10.0 470.0 17 26.124563876651983 0cd9414a_20240905_124729.data
30.0 470.0 17 26.008123348017623 0cd9414a_20240905_124753.data
50.0 470.0 17 26.008123348017623 0cd9414a_20240905_124817.data
70.0 470.0 17 26.124563876651983 0cd9414a_20240905_124841.data
90.0 470.0 17 26.124563876651983 0cd9414a_20240905_124905.data
110.0 470.0 17 26.008123348017623 0cd9414a_20240905_124929.data
130.0 470.0 17 26.124563876651983 0cd9414a_20240905_124953.data
150.0 470.0 17 26.008123348017623 0cd9414a_20240905_125017.data
170.0 470.0 17 26.124563876651983 0cd9414a_20240905_125041.data
190.0 470.0 17 26.124563876651983 0cd9414a_20240905_125105.data
210.0 470.0 17 26.124563876651983 0cd9414a_20240905_125129.data
230.0 470.0 17 26.124563876651983 0cd9414a_20240905_125153.data
250.0 470.0 17 26.124563876651983 0cd9414a_20240905_125217.data
270.0 470.0 17 26.124563876651983 0cd9414a_20240905_125241.data
290.0 470.0 17 26.124563876651983 0cd9414a_20240905_125305.data
