-1 -1 -1 25.537859030837005 0cd913fa_20240703_151845.data
10.0 10.0 17 25.537859030837005 0cd913fa_20240703_151922.data
30.0 10.0 17 25.537859030837005 0cd913fa_20240703_151946.data
50.0 10.0 17 25.419136563876656 0cd913fa_20240703_152010.data
70.0 10.0 17 25.537859030837005 0cd913fa_20240703_152034.data
90.0 10.0 17 25.419136563876656 0cd913fa_20240703_152058.data
110.0 10.0 17 25.537859030837005 0cd913fa_20240703_152122.data
130.0 10.0 17 25.537859030837005 0cd913fa_20240703_152146.data
150.0 10.0 17 25.537859030837005 0cd913fa_20240703_152210.data
170.0 10.0 17 25.419136563876656 0cd913fa_20240703_152234.data
190.0 10.0 17 25.419136563876656 0cd913fa_20240703_152258.data
210.0 10.0 17 25.419136563876656 0cd913fa_20240703_152322.data
230.0 10.0 17 25.419136563876656 0cd913fa_20240703_152346.data
250.0 10.0 17 25.537859030837005 0cd913fa_20240703_152410.data
270.0 10.0 17 25.537859030837005 0cd913fa_20240703_152434.data
290.0 10.0 17 25.537859030837005 0cd913fa_20240703_152458.data
290.0 30.0 17 25.537859030837005 0cd913fa_20240703_152522.data
270.0 30.0 17 25.419136563876656 0cd913fa_20240703_152546.data
250.0 30.0 17 25.537859030837005 0cd913fa_20240703_152610.data
230.0 30.0 17 25.419136563876656 0cd913fa_20240703_152634.data
210.0 30.0 17 25.419136563876656 0cd913fa_20240703_152658.data
190.0 30.0 17 25.537859030837005 0cd913fa_20240703_152722.data
170.0 30.0 17 25.537859030837005 0cd913fa_20240703_152746.data
150.0 30.0 17 25.419136563876656 0cd913fa_20240703_152810.data
130.0 30.0 17 25.537859030837005 0cd913fa_20240703_152835.data
110.0 30.0 17 25.419136563876656 0cd913fa_20240703_152859.data
90.0 30.0 17 25.419136563876656 0cd913fa_20240703_152923.data
70.0 30.0 17 25.419136563876656 0cd913fa_20240703_152947.data
50.0 30.0 17 25.537859030837005 0cd913fa_20240703_153011.data
30.0 30.0 17 25.419136563876656 0cd913fa_20240703_153035.data
10.0 30.0 17 25.419136563876656 0cd913fa_20240703_153059.data
10.0 50.0 17 25.299982378854633 0cd913fa_20240703_153123.data
30.0 50.0 17 25.419136563876656 0cd913fa_20240703_153147.data
50.0 50.0 17 25.537859030837005 0cd913fa_20240703_153211.data
70.0 50.0 17 25.419136563876656 0cd913fa_20240703_153235.data
90.0 50.0 17 25.537859030837005 0cd913fa_20240703_153259.data
110.0 50.0 17 25.537859030837005 0cd913fa_20240703_153323.data
130.0 50.0 17 25.656118942731283 0cd913fa_20240703_153347.data
150.0 50.0 17 25.537859030837005 0cd913fa_20240703_153411.data
170.0 50.0 17 25.537859030837005 0cd913fa_20240703_153435.data
190.0 50.0 17 25.537859030837005 0cd913fa_20240703_153459.data
210.0 50.0 17 25.537859030837005 0cd913fa_20240703_153523.data
230.0 50.0 17 25.537859030837005 0cd913fa_20240703_153547.data
250.0 50.0 17 25.419136563876656 0cd913fa_20240703_153611.data
270.0 50.0 17 25.419136563876656 0cd913fa_20240703_153635.data
290.0 50.0 17 25.419136563876656 0cd913fa_20240703_153659.data
290.0 70.0 17 25.537859030837005 0cd913fa_20240703_153723.data
270.0 70.0 17 25.537859030837005 0cd913fa_20240703_153747.data
250.0 70.0 17 25.419136563876656 0cd913fa_20240703_153811.data
230.0 70.0 17 25.656118942731283 0cd913fa_20240703_153835.data
210.0 70.0 17 25.419136563876656 0cd913fa_20240703_153859.data
190.0 70.0 17 25.419136563876656 0cd913fa_20240703_153923.data
170.0 70.0 17 25.419136563876656 0cd913fa_20240703_153947.data
150.0 70.0 17 25.419136563876656 0cd913fa_20240703_154011.data
130.0 70.0 17 25.537859030837005 0cd913fa_20240703_154035.data
110.0 70.0 17 25.419136563876656 0cd913fa_20240703_154059.data
90.0 70.0 17 25.419136563876656 0cd913fa_20240703_154123.data
70.0 70.0 17 25.656118942731283 0cd913fa_20240703_154147.data
50.0 70.0 17 25.299982378854633 0cd913fa_20240703_154211.data
30.0 70.0 17 25.537859030837005 0cd913fa_20240703_154235.data
10.0 70.0 17 25.537859030837005 0cd913fa_20240703_154259.data
10.0 90.0 17 25.537859030837005 0cd913fa_20240703_154323.data
30.0 90.0 17 25.419136563876656 0cd913fa_20240703_154347.data
50.0 90.0 17 25.419136563876656 0cd913fa_20240703_154411.data
70.0 90.0 17 25.537859030837005 0cd913fa_20240703_154435.data
90.0 90.0 17 25.537859030837005 0cd913fa_20240703_154459.data
110.0 90.0 17 25.537859030837005 0cd913fa_20240703_154523.data
130.0 90.0 17 25.537859030837005 0cd913fa_20240703_154547.data
150.0 90.0 17 25.419136563876656 0cd913fa_20240703_154611.data
170.0 90.0 17 25.537859030837005 0cd913fa_20240703_154635.data
190.0 90.0 17 25.419136563876656 0cd913fa_20240703_154659.data
210.0 90.0 17 25.419136563876656 0cd913fa_20240703_154723.data
230.0 90.0 17 25.419136563876656 0cd913fa_20240703_154747.data
250.0 90.0 17 25.537859030837005 0cd913fa_20240703_154811.data
270.0 90.0 17 25.537859030837005 0cd913fa_20240703_154835.data
290.0 90.0 17 25.537859030837005 0cd913fa_20240703_154859.data
290.0 110.0 17 25.537859030837005 0cd913fa_20240703_154923.data
270.0 110.0 17 25.537859030837005 0cd913fa_20240703_154947.data
250.0 110.0 17 25.537859030837005 0cd913fa_20240703_155011.data
230.0 110.0 17 25.537859030837005 0cd913fa_20240703_155035.data
210.0 110.0 17 25.537859030837005 0cd913fa_20240703_155059.data
190.0 110.0 17 25.537859030837005 0cd913fa_20240703_155123.data
170.0 110.0 17 25.537859030837005 0cd913fa_20240703_155147.data
150.0 110.0 17 25.537859030837005 0cd913fa_20240703_155211.data
130.0 110.0 17 25.419136563876656 0cd913fa_20240703_155235.data
110.0 110.0 17 25.537859030837005 0cd913fa_20240703_155259.data
90.0 110.0 17 25.773885462555068 0cd913fa_20240703_155323.data
70.0 110.0 17 25.299982378854633 0cd913fa_20240703_155347.data
50.0 110.0 17 25.537859030837005 0cd913fa_20240703_155411.data
30.0 110.0 17 25.537859030837005 0cd913fa_20240703_155435.data
10.0 110.0 17 25.537859030837005 0cd913fa_20240703_155459.data
10.0 130.0 17 25.537859030837005 0cd913fa_20240703_155523.data
30.0 130.0 17 25.537859030837005 0cd913fa_20240703_155547.data
50.0 130.0 17 25.537859030837005 0cd913fa_20240703_155611.data
70.0 130.0 17 25.419136563876656 0cd913fa_20240703_155635.data
90.0 130.0 17 25.537859030837005 0cd913fa_20240703_155659.data
110.0 130.0 17 25.419136563876656 0cd913fa_20240703_155723.data
130.0 130.0 17 25.419136563876656 0cd913fa_20240703_155747.data
150.0 130.0 17 25.419136563876656 0cd913fa_20240703_155811.data
170.0 130.0 17 25.537859030837005 0cd913fa_20240703_155835.data
190.0 130.0 17 25.419136563876656 0cd913fa_20240703_155859.data
210.0 130.0 17 25.537859030837005 0cd913fa_20240703_155923.data
230.0 130.0 17 25.537859030837005 0cd913fa_20240703_155947.data
250.0 130.0 17 25.419136563876656 0cd913fa_20240703_160011.data
270.0 130.0 17 25.419136563876656 0cd913fa_20240703_160035.data
290.0 130.0 17 25.419136563876656 0cd913fa_20240703_160059.data
290.0 150.0 17 25.537859030837005 0cd913fa_20240703_160123.data
270.0 150.0 17 25.537859030837005 0cd913fa_20240703_160148.data
250.0 150.0 17 25.537859030837005 0cd913fa_20240703_160212.data
230.0 150.0 17 25.537859030837005 0cd913fa_20240703_160236.data
210.0 150.0 17 25.537859030837005 0cd913fa_20240703_160300.data
190.0 150.0 17 25.537859030837005 0cd913fa_20240703_160324.data
170.0 150.0 17 25.299982378854633 0cd913fa_20240703_160348.data
150.0 150.0 17 25.419136563876656 0cd913fa_20240703_160412.data
130.0 150.0 17 25.537859030837005 0cd913fa_20240703_160436.data
110.0 150.0 17 25.537859030837005 0cd913fa_20240703_160500.data
90.0 150.0 17 25.773885462555068 0cd913fa_20240703_160524.data
70.0 150.0 17 25.537859030837005 0cd913fa_20240703_160548.data
50.0 150.0 17 25.537859030837005 0cd913fa_20240703_160612.data
30.0 150.0 17 25.419136563876656 0cd913fa_20240703_160636.data
10.0 150.0 17 25.419136563876656 0cd913fa_20240703_160700.data
10.0 170.0 17 25.537859030837005 0cd913fa_20240703_160724.data
30.0 170.0 17 25.537859030837005 0cd913fa_20240703_160748.data
50.0 170.0 17 25.419136563876656 0cd913fa_20240703_160812.data
70.0 170.0 17 25.537859030837005 0cd913fa_20240703_160836.data
90.0 170.0 17 25.419136563876656 0cd913fa_20240703_160900.data
110.0 170.0 17 25.419136563876656 0cd913fa_20240703_160924.data
130.0 170.0 17 25.537859030837005 0cd913fa_20240703_160948.data
150.0 170.0 17 25.537859030837005 0cd913fa_20240703_161012.data
170.0 170.0 17 25.537859030837005 0cd913fa_20240703_161036.data
190.0 170.0 17 25.419136563876656 0cd913fa_20240703_161100.data
210.0 170.0 17 25.537859030837005 0cd913fa_20240703_161124.data
230.0 170.0 17 25.537859030837005 0cd913fa_20240703_161148.data
250.0 170.0 17 25.419136563876656 0cd913fa_20240703_161212.data
270.0 170.0 17 25.537859030837005 0cd913fa_20240703_161236.data
290.0 170.0 17 25.537859030837005 0cd913fa_20240703_161300.data
290.0 190.0 17 25.537859030837005 0cd913fa_20240703_161324.data
270.0 190.0 17 25.656118942731283 0cd913fa_20240703_161348.data
250.0 190.0 17 25.537859030837005 0cd913fa_20240703_161412.data
230.0 190.0 17 25.419136563876656 0cd913fa_20240703_161436.data
210.0 190.0 17 25.537859030837005 0cd913fa_20240703_161500.data
190.0 190.0 17 25.419136563876656 0cd913fa_20240703_161524.data
170.0 190.0 17 25.537859030837005 0cd913fa_20240703_161548.data
150.0 190.0 17 25.419136563876656 0cd913fa_20240703_161612.data
130.0 190.0 17 25.537859030837005 0cd913fa_20240703_161636.data
110.0 190.0 17 25.537859030837005 0cd913fa_20240703_161700.data
90.0 190.0 17 25.419136563876656 0cd913fa_20240703_161724.data
70.0 190.0 17 25.537859030837005 0cd913fa_20240703_161748.data
50.0 190.0 17 25.537859030837005 0cd913fa_20240703_161812.data
30.0 190.0 17 25.537859030837005 0cd913fa_20240703_161836.data
10.0 190.0 17 25.419136563876656 0cd913fa_20240703_161900.data
10.0 210.0 17 25.537859030837005 0cd913fa_20240703_161924.data
30.0 210.0 17 25.537859030837005 0cd913fa_20240703_161948.data
50.0 210.0 17 25.537859030837005 0cd913fa_20240703_162012.data
70.0 210.0 17 25.537859030837005 0cd913fa_20240703_162036.data
90.0 210.0 17 25.656118942731283 0cd913fa_20240703_162100.data
110.0 210.0 17 25.419136563876656 0cd913fa_20240703_162124.data
130.0 210.0 17 25.537859030837005 0cd913fa_20240703_162148.data
150.0 210.0 17 25.537859030837005 0cd913fa_20240703_162212.data
170.0 210.0 17 25.537859030837005 0cd913fa_20240703_162236.data
190.0 210.0 17 25.537859030837005 0cd913fa_20240703_162300.data
210.0 210.0 17 25.537859030837005 0cd913fa_20240703_162324.data
230.0 210.0 17 25.537859030837005 0cd913fa_20240703_162348.data
250.0 210.0 17 25.419136563876656 0cd913fa_20240703_162412.data
270.0 210.0 17 25.537859030837005 0cd913fa_20240703_162436.data
290.0 210.0 17 25.537859030837005 0cd913fa_20240703_162500.data
290.0 230.0 17 25.419136563876656 0cd913fa_20240703_162524.data
270.0 230.0 17 25.537859030837005 0cd913fa_20240703_162548.data
250.0 230.0 17 25.537859030837005 0cd913fa_20240703_162612.data
230.0 230.0 17 25.656118942731283 0cd913fa_20240703_162636.data
210.0 230.0 17 25.419136563876656 0cd913fa_20240703_162700.data
190.0 230.0 17 25.656118942731283 0cd913fa_20240703_162724.data
170.0 230.0 17 25.656118942731283 0cd913fa_20240703_162748.data
150.0 230.0 17 25.537859030837005 0cd913fa_20240703_162812.data
130.0 230.0 17 25.537859030837005 0cd913fa_20240703_162836.data
110.0 230.0 17 25.656118942731283 0cd913fa_20240703_162900.data
90.0 230.0 17 25.537859030837005 0cd913fa_20240703_162924.data
70.0 230.0 17 25.537859030837005 0cd913fa_20240703_162948.data
50.0 230.0 17 25.537859030837005 0cd913fa_20240703_163012.data
30.0 230.0 17 25.537859030837005 0cd913fa_20240703_163036.data
10.0 230.0 17 25.537859030837005 0cd913fa_20240703_163100.data
10.0 250.0 17 25.537859030837005 0cd913fa_20240703_163124.data
30.0 250.0 17 25.537859030837005 0cd913fa_20240703_163148.data
50.0 250.0 17 25.537859030837005 0cd913fa_20240703_163212.data
70.0 250.0 17 25.537859030837005 0cd913fa_20240703_163236.data
90.0 250.0 17 25.419136563876656 0cd913fa_20240703_163300.data
110.0 250.0 17 25.537859030837005 0cd913fa_20240703_163324.data
130.0 250.0 17 25.537859030837005 0cd913fa_20240703_163348.data
150.0 250.0 17 25.537859030837005 0cd913fa_20240703_163412.data
170.0 250.0 17 25.656118942731283 0cd913fa_20240703_163436.data
190.0 250.0 17 25.773885462555068 0cd913fa_20240703_163500.data
210.0 250.0 17 25.419136563876656 0cd913fa_20240703_163524.data
230.0 250.0 17 25.419136563876656 0cd913fa_20240703_163549.data
250.0 250.0 17 25.537859030837005 0cd913fa_20240703_163613.data
270.0 250.0 17 25.537859030837005 0cd913fa_20240703_163637.data
290.0 250.0 17 25.656118942731283 0cd913fa_20240703_163701.data
290.0 270.0 17 25.537859030837005 0cd913fa_20240703_163725.data
270.0 270.0 17 25.419136563876656 0cd913fa_20240703_163749.data
250.0 270.0 17 25.419136563876656 0cd913fa_20240703_163813.data
230.0 270.0 17 25.537859030837005 0cd913fa_20240703_163837.data
210.0 270.0 17 25.537859030837005 0cd913fa_20240703_163901.data
190.0 270.0 17 25.419136563876656 0cd913fa_20240703_163925.data
170.0 270.0 17 25.419136563876656 0cd913fa_20240703_163949.data
150.0 270.0 17 25.537859030837005 0cd913fa_20240703_164013.data
130.0 270.0 17 25.537859030837005 0cd913fa_20240703_164037.data
110.0 270.0 17 25.419136563876656 0cd913fa_20240703_164101.data
90.0 270.0 17 25.656118942731283 0cd913fa_20240703_164125.data
70.0 270.0 17 25.537859030837005 0cd913fa_20240703_164149.data
50.0 270.0 17 25.656118942731283 0cd913fa_20240703_164213.data
30.0 270.0 17 25.537859030837005 0cd913fa_20240703_164237.data
10.0 270.0 17 25.537859030837005 0cd913fa_20240703_164301.data
10.0 290.0 17 25.419136563876656 0cd913fa_20240703_164325.data
30.0 290.0 17 25.419136563876656 0cd913fa_20240703_164349.data
50.0 290.0 17 25.419136563876656 0cd913fa_20240703_164413.data
70.0 290.0 17 25.537859030837005 0cd913fa_20240703_164437.data
90.0 290.0 17 25.537859030837005 0cd913fa_20240703_164501.data
110.0 290.0 17 25.537859030837005 0cd913fa_20240703_164525.data
130.0 290.0 17 25.537859030837005 0cd913fa_20240703_164549.data
150.0 290.0 17 25.419136563876656 0cd913fa_20240703_164613.data
170.0 290.0 17 25.656118942731283 0cd913fa_20240703_164637.data
190.0 290.0 17 25.537859030837005 0cd913fa_20240703_164701.data
210.0 290.0 17 25.419136563876656 0cd913fa_20240703_164725.data
230.0 290.0 17 25.537859030837005 0cd913fa_20240703_164749.data
250.0 290.0 17 25.537859030837005 0cd913fa_20240703_164813.data
270.0 290.0 17 25.537859030837005 0cd913fa_20240703_164837.data
290.0 290.0 17 25.537859030837005 0cd913fa_20240703_164901.data
290.0 310.0 17 25.537859030837005 0cd913fa_20240703_164925.data
270.0 310.0 17 25.537859030837005 0cd913fa_20240703_164949.data
250.0 310.0 17 25.537859030837005 0cd913fa_20240703_165013.data
230.0 310.0 17 25.537859030837005 0cd913fa_20240703_165037.data
210.0 310.0 17 25.419136563876656 0cd913fa_20240703_165101.data
190.0 310.0 17 -1 0cd913fa_20240703_165125.data
170.0 310.0 17 25.537859030837005 0cd913fa_20240703_165149.data
150.0 310.0 17 25.537859030837005 0cd913fa_20240703_165213.data
130.0 310.0 17 -1 0cd913fa_20240703_165237.data
110.0 310.0 17 25.537859030837005 0cd913fa_20240703_165301.data
90.0 310.0 17 25.537859030837005 0cd913fa_20240703_165325.data
70.0 310.0 17 25.537859030837005 0cd913fa_20240703_165349.data
50.0 310.0 17 25.537859030837005 0cd913fa_20240703_165413.data
30.0 310.0 17 25.537859030837005 0cd913fa_20240703_165437.data
10.0 310.0 17 25.537859030837005 0cd913fa_20240703_165501.data
10.0 330.0 17 -1 0cd913fa_20240703_165525.data
30.0 330.0 17 25.537859030837005 0cd913fa_20240703_165549.data
50.0 330.0 17 25.419136563876656 0cd913fa_20240703_165613.data
70.0 330.0 17 25.656118942731283 0cd913fa_20240703_165637.data
90.0 330.0 17 25.77400881057269 0cd913fa_20240703_165701.data
110.0 330.0 17 26.124563876651983 0cd913fa_20240703_165725.data
130.0 330.0 17 25.773885462555068 0cd913fa_20240703_165749.data
150.0 330.0 17 25.773885462555068 0cd913fa_20240703_165813.data
170.0 330.0 17 26.008123348017623 0cd913fa_20240703_165837.data
190.0 330.0 17 25.656118942731283 0cd913fa_20240703_165901.data
210.0 330.0 17 25.656118942731283 0cd913fa_20240703_165925.data
230.0 330.0 17 25.89125110132159 0cd913fa_20240703_165949.data
250.0 330.0 17 25.656118942731283 0cd913fa_20240703_170013.data
270.0 330.0 17 26.008123348017623 0cd913fa_20240703_170037.data
290.0 330.0 17 26.008123348017623 0cd913fa_20240703_170101.data
10.0 350.0 17 25.656118942731283 0cd913fa_20240703_170445.data
30.0 350.0 17 26.124563876651983 0cd913fa_20240703_170509.data
50.0 350.0 17 26.008123348017623 0cd913fa_20240703_170533.data
70.0 350.0 17 25.656118942731283 0cd913fa_20240703_170557.data
90.0 350.0 17 25.89125110132159 0cd913fa_20240703_170621.data
110.0 350.0 17 26.008123348017623 0cd913fa_20240703_170645.data
130.0 350.0 17 25.89125110132159 0cd913fa_20240703_170709.data
150.0 350.0 17 26.124563876651983 0cd913fa_20240703_170733.data
170.0 350.0 17 25.89125110132159 0cd913fa_20240703_170757.data
190.0 350.0 17 25.773885462555068 0cd913fa_20240703_170822.data
210.0 350.0 17 26.008123348017623 0cd913fa_20240703_170846.data
230.0 350.0 17 25.773885462555068 0cd913fa_20240703_170910.data
250.0 350.0 17 25.656118942731283 0cd913fa_20240703_170934.data
270.0 350.0 17 26.008123348017623 0cd913fa_20240703_170958.data
290.0 350.0 17 25.89125110132159 0cd913fa_20240703_171022.data
290.0 370.0 17 25.537859030837005 0cd913fa_20240703_171046.data
270.0 370.0 17 25.773885462555068 0cd913fa_20240703_171110.data
250.0 370.0 17 26.124563876651983 0cd913fa_20240703_171134.data
230.0 370.0 17 25.773885462555068 0cd913fa_20240703_171158.data
210.0 370.0 17 25.773885462555068 0cd913fa_20240703_171222.data
190.0 370.0 17 26.008123348017623 0cd913fa_20240703_171246.data
170.0 370.0 17 25.773885462555068 0cd913fa_20240703_171310.data
150.0 370.0 17 25.773885462555068 0cd913fa_20240703_171334.data
130.0 370.0 17 26.008123348017623 0cd913fa_20240703_171358.data
110.0 370.0 17 25.656118942731283 0cd913fa_20240703_171422.data
90.0 370.0 17 25.656118942731283 0cd913fa_20240703_171446.data
70.0 370.0 17 26.008123348017623 0cd913fa_20240703_171510.data
50.0 370.0 17 25.537859030837005 0cd913fa_20240703_171534.data
30.0 370.0 17 25.773885462555068 0cd913fa_20240703_171558.data
10.0 370.0 17 25.656118942731283 0cd913fa_20240703_171622.data
10.0 390.0 17 26.008123348017623 0cd913fa_20240703_171646.data
30.0 390.0 17 26.008123348017623 0cd913fa_20240703_171710.data
50.0 390.0 17 25.656118942731283 0cd913fa_20240703_171734.data
70.0 390.0 17 25.656118942731283 0cd913fa_20240703_171758.data
90.0 390.0 17 25.537859030837005 0cd913fa_20240703_171822.data
110.0 390.0 17 25.656118942731283 0cd913fa_20240703_171846.data
130.0 390.0 17 25.89125110132159 0cd913fa_20240703_171910.data
150.0 390.0 17 25.656118942731283 0cd913fa_20240703_171934.data
170.0 390.0 17 25.656118942731283 0cd913fa_20240703_171958.data
190.0 390.0 17 25.537859030837005 0cd913fa_20240703_172022.data
210.0 390.0 17 25.89125110132159 0cd913fa_20240703_172046.data
230.0 390.0 17 25.89125110132159 0cd913fa_20240703_172110.data
250.0 390.0 17 25.89125110132159 0cd913fa_20240703_172134.data
270.0 390.0 17 25.656118942731283 0cd913fa_20240703_172158.data
290.0 390.0 17 25.537859030837005 0cd913fa_20240703_172222.data
290.0 410.0 17 25.89125110132159 0cd913fa_20240703_172246.data
270.0 410.0 17 25.537859030837005 0cd913fa_20240703_172310.data
250.0 410.0 17 26.124563876651983 0cd913fa_20240703_172334.data
230.0 410.0 17 26.008123348017623 0cd913fa_20240703_172358.data
210.0 410.0 17 25.656118942731283 0cd913fa_20240703_172422.data
190.0 410.0 17 25.773885462555068 0cd913fa_20240703_172446.data
170.0 410.0 17 25.656118942731283 0cd913fa_20240703_172510.data
150.0 410.0 17 25.656118942731283 0cd913fa_20240703_172534.data
130.0 410.0 17 26.008123348017623 0cd913fa_20240703_172558.data
110.0 410.0 17 26.008123348017623 0cd913fa_20240703_172622.data
90.0 410.0 17 26.008123348017623 0cd913fa_20240703_172646.data
70.0 410.0 17 26.008123348017623 0cd913fa_20240703_172710.data
50.0 410.0 17 25.773885462555068 0cd913fa_20240703_172734.data
30.0 410.0 17 25.656118942731283 0cd913fa_20240703_172758.data
10.0 410.0 17 25.656118942731283 0cd913fa_20240703_172822.data
10.0 430.0 17 25.89125110132159 0cd913fa_20240703_172846.data
30.0 430.0 17 26.008123348017623 0cd913fa_20240703_172910.data
50.0 430.0 17 25.656118942731283 0cd913fa_20240703_172934.data
70.0 430.0 17 26.008123348017623 0cd913fa_20240703_172958.data
90.0 430.0 17 26.008123348017623 0cd913fa_20240703_173022.data
110.0 430.0 17 25.89125110132159 0cd913fa_20240703_173046.data
130.0 430.0 17 26.008123348017623 0cd913fa_20240703_173110.data
150.0 430.0 17 26.008123348017623 0cd913fa_20240703_173134.data
170.0 430.0 17 25.89125110132159 0cd913fa_20240703_173158.data
190.0 430.0 17 25.89125110132159 0cd913fa_20240703_173222.data
210.0 430.0 17 25.773885462555068 0cd913fa_20240703_173246.data
230.0 430.0 17 25.656118942731283 0cd913fa_20240703_173310.data
250.0 430.0 17 25.656118942731283 0cd913fa_20240703_173334.data
270.0 430.0 17 25.89125110132159 0cd913fa_20240703_173358.data
290.0 430.0 17 26.124563876651983 0cd913fa_20240703_173422.data
290.0 450.0 17 26.008123348017623 0cd913fa_20240703_173446.data
270.0 450.0 17 26.008123348017623 0cd913fa_20240703_173510.data
250.0 450.0 17 25.773885462555068 0cd913fa_20240703_173534.data
230.0 450.0 17 25.656118942731283 0cd913fa_20240703_173558.data
210.0 450.0 17 25.656118942731283 0cd913fa_20240703_173622.data
190.0 450.0 17 25.89125110132159 0cd913fa_20240703_173646.data
170.0 450.0 17 25.537859030837005 0cd913fa_20240703_173710.data
150.0 450.0 17 25.656118942731283 0cd913fa_20240703_173734.data
130.0 450.0 17 25.537859030837005 0cd913fa_20240703_173758.data
110.0 450.0 17 25.656118942731283 0cd913fa_20240703_173822.data
90.0 450.0 17 25.537859030837005 0cd913fa_20240703_173846.data
70.0 450.0 17 25.656118942731283 0cd913fa_20240703_173910.data
50.0 450.0 17 25.537859030837005 0cd913fa_20240703_173934.data
30.0 450.0 17 26.008123348017623 0cd913fa_20240703_173958.data
10.0 450.0 17 25.656118942731283 0cd913fa_20240703_174022.data
10.0 470.0 17 25.89125110132159 0cd913fa_20240703_174046.data
30.0 470.0 17 26.008123348017623 0cd913fa_20240703_174110.data
50.0 470.0 17 26.008123348017623 0cd913fa_20240703_174134.data
70.0 470.0 17 25.656118942731283 0cd913fa_20240703_174158.data
90.0 470.0 17 25.656118942731283 0cd913fa_20240703_174223.data
110.0 470.0 17 25.419136563876656 0cd913fa_20240703_174247.data
130.0 470.0 17 25.656118942731283 0cd913fa_20240703_174311.data
150.0 470.0 17 25.537859030837005 0cd913fa_20240703_174335.data
170.0 470.0 17 25.656118942731283 0cd913fa_20240703_174359.data
190.0 470.0 17 25.656118942731283 0cd913fa_20240703_174423.data
210.0 470.0 17 25.656118942731283 0cd913fa_20240703_174447.data
230.0 470.0 17 25.537859030837005 0cd913fa_20240703_174511.data
250.0 470.0 17 25.773885462555068 0cd913fa_20240703_174535.data
270.0 470.0 17 26.008123348017623 0cd913fa_20240703_174559.data
290.0 470.0 17 26.008123348017623 0cd913fa_20240703_174623.data
