-1 -1 -1 26.471233480176213 0cd9414a_20240904_161735.data
10.0 10.0 17 26.585916299559475 0cd9414a_20240904_161814.data
30.0 10.0 17 26.585916299559475 0cd9414a_20240904_161838.data
50.0 10.0 17 26.471233480176213 0cd9414a_20240904_161902.data
70.0 10.0 17 26.471233480176213 0cd9414a_20240904_161926.data
90.0 10.0 17 26.585916299559475 0cd9414a_20240904_161950.data
110.0 10.0 17 26.585916299559475 0cd9414a_20240904_162014.data
130.0 10.0 17 26.471233480176213 0cd9414a_20240904_162038.data
150.0 10.0 17 26.585916299559475 0cd9414a_20240904_162102.data
170.0 10.0 17 26.471233480176213 0cd9414a_20240904_162126.data
190.0 10.0 17 26.471233480176213 0cd9414a_20240904_162150.data
210.0 10.0 17 26.471233480176213 0cd9414a_20240904_162214.data
230.0 10.0 17 26.471233480176213 0cd9414a_20240904_162238.data
250.0 10.0 17 26.471233480176213 0cd9414a_20240904_162302.data
270.0 10.0 17 26.471233480176213 0cd9414a_20240904_162326.data
290.0 10.0 17 26.585916299559475 0cd9414a_20240904_162350.data
290.0 30.0 17 26.585916299559475 0cd9414a_20240904_162414.data
270.0 30.0 17 26.585916299559475 0cd9414a_20240904_162438.data
250.0 30.0 17 26.585916299559475 0cd9414a_20240904_162502.data
230.0 30.0 17 26.471233480176213 0cd9414a_20240904_162526.data
210.0 30.0 17 26.471233480176213 0cd9414a_20240904_162550.data
190.0 30.0 17 26.585916299559475 0cd9414a_20240904_162615.data
170.0 30.0 17 26.585916299559475 0cd9414a_20240904_162639.data
150.0 30.0 17 26.471233480176213 0cd9414a_20240904_162702.data
130.0 30.0 17 26.585916299559475 0cd9414a_20240904_162727.data
110.0 30.0 17 26.585916299559475 0cd9414a_20240904_162751.data
90.0 30.0 17 26.585916299559475 0cd9414a_20240904_162815.data
70.0 30.0 17 26.471233480176213 0cd9414a_20240904_162839.data
50.0 30.0 17 26.471233480176213 0cd9414a_20240904_162903.data
30.0 30.0 17 26.471233480176213 0cd9414a_20240904_162927.data
10.0 30.0 17 26.585916299559475 0cd9414a_20240904_162951.data
10.0 50.0 17 26.471233480176213 0cd9414a_20240904_163015.data
30.0 50.0 17 26.471233480176213 0cd9414a_20240904_163039.data
50.0 50.0 17 26.471233480176213 0cd9414a_20240904_163103.data
70.0 50.0 17 26.471233480176213 0cd9414a_20240904_163127.data
90.0 50.0 17 26.471233480176213 0cd9414a_20240904_163151.data
110.0 50.0 17 26.471233480176213 0cd9414a_20240904_163215.data
130.0 50.0 17 26.471233480176213 0cd9414a_20240904_163239.data
150.0 50.0 17 26.356118942731285 0cd9414a_20240904_163303.data
170.0 50.0 17 26.471233480176213 0cd9414a_20240904_163327.data
190.0 50.0 17 26.471233480176213 0cd9414a_20240904_163351.data
210.0 50.0 17 26.471233480176213 0cd9414a_20240904_163415.data
230.0 50.0 17 26.471233480176213 0cd9414a_20240904_163439.data
250.0 50.0 17 26.585916299559475 0cd9414a_20240904_163503.data
270.0 50.0 17 26.471233480176213 0cd9414a_20240904_163527.data
290.0 50.0 17 26.585916299559475 0cd9414a_20240904_163551.data
290.0 70.0 17 26.585916299559475 0cd9414a_20240904_163615.data
270.0 70.0 17 26.471233480176213 0cd9414a_20240904_163639.data
250.0 70.0 17 26.356118942731285 0cd9414a_20240904_163703.data
230.0 70.0 17 26.585916299559475 0cd9414a_20240904_163727.data
210.0 70.0 17 26.471233480176213 0cd9414a_20240904_163751.data
190.0 70.0 17 26.471233480176213 0cd9414a_20240904_163815.data
170.0 70.0 17 26.471233480176213 0cd9414a_20240904_163839.data
150.0 70.0 17 26.471233480176213 0cd9414a_20240904_163903.data
130.0 70.0 17 26.471233480176213 0cd9414a_20240904_163927.data
110.0 70.0 17 26.471233480176213 0cd9414a_20240904_163951.data
90.0 70.0 17 26.471233480176213 0cd9414a_20240904_164015.data
70.0 70.0 17 26.471233480176213 0cd9414a_20240904_164039.data
50.0 70.0 17 26.471233480176213 0cd9414a_20240904_164103.data
30.0 70.0 17 26.471233480176213 0cd9414a_20240904_164127.data
10.0 70.0 17 26.471233480176213 0cd9414a_20240904_164151.data
10.0 90.0 17 26.471233480176213 0cd9414a_20240904_164215.data
30.0 90.0 17 26.471233480176213 0cd9414a_20240904_164239.data
50.0 90.0 17 26.471233480176213 0cd9414a_20240904_164303.data
70.0 90.0 17 26.471233480176213 0cd9414a_20240904_164327.data
90.0 90.0 17 26.471233480176213 0cd9414a_20240904_164351.data
110.0 90.0 17 26.471233480176213 0cd9414a_20240904_164415.data
130.0 90.0 17 26.471233480176213 0cd9414a_20240904_164439.data
150.0 90.0 17 26.471233480176213 0cd9414a_20240904_164503.data
170.0 90.0 17 26.471233480176213 0cd9414a_20240904_164527.data
190.0 90.0 17 26.471233480176213 0cd9414a_20240904_164551.data
210.0 90.0 17 26.471233480176213 0cd9414a_20240904_164615.data
230.0 90.0 17 26.471233480176213 0cd9414a_20240904_164639.data
250.0 90.0 17 26.471233480176213 0cd9414a_20240904_164703.data
270.0 90.0 17 26.471233480176213 0cd9414a_20240904_164727.data
290.0 90.0 17 26.471233480176213 0cd9414a_20240904_164751.data
290.0 110.0 17 26.471233480176213 0cd9414a_20240904_164815.data
270.0 110.0 17 26.471233480176213 0cd9414a_20240904_164839.data
250.0 110.0 17 26.471233480176213 0cd9414a_20240904_164903.data
230.0 110.0 17 26.471233480176213 0cd9414a_20240904_164927.data
210.0 110.0 17 26.471233480176213 0cd9414a_20240904_164951.data
190.0 110.0 17 26.471233480176213 0cd9414a_20240904_165015.data
170.0 110.0 17 26.471233480176213 0cd9414a_20240904_165039.data
150.0 110.0 17 26.356118942731285 0cd9414a_20240904_165103.data
130.0 110.0 17 26.700136563876654 0cd9414a_20240904_165127.data
110.0 110.0 17 26.700136563876654 0cd9414a_20240904_165151.data
90.0 110.0 17 26.471233480176213 0cd9414a_20240904_165215.data
70.0 110.0 17 26.471233480176213 0cd9414a_20240904_165239.data
50.0 110.0 17 26.700136563876654 0cd9414a_20240904_165303.data
30.0 110.0 17 26.81392511013216 0cd9414a_20240904_165327.data
10.0 110.0 17 26.700136563876654 0cd9414a_20240904_165351.data
10.0 130.0 17 26.700136563876654 0cd9414a_20240904_165415.data
30.0 130.0 17 26.700136563876654 0cd9414a_20240904_165439.data
50.0 130.0 17 26.585916299559475 0cd9414a_20240904_165503.data
70.0 130.0 17 26.585916299559475 0cd9414a_20240904_165527.data
90.0 130.0 17 26.81392511013216 0cd9414a_20240904_165551.data
110.0 130.0 17 26.585916299559475 0cd9414a_20240904_165615.data
130.0 130.0 17 26.81392511013216 0cd9414a_20240904_165639.data
150.0 130.0 17 26.81392511013216 0cd9414a_20240904_165703.data
170.0 130.0 17 26.81392511013216 0cd9414a_20240904_165727.data
190.0 130.0 17 26.81392511013216 0cd9414a_20240904_165751.data
210.0 130.0 17 26.81392511013216 0cd9414a_20240904_165815.data
230.0 130.0 17 26.81392511013216 0cd9414a_20240904_165839.data
250.0 130.0 17 26.585916299559475 0cd9414a_20240904_165903.data
270.0 130.0 17 26.585916299559475 0cd9414a_20240904_165927.data
290.0 130.0 17 26.471233480176213 0cd9414a_20240904_165951.data
290.0 150.0 17 26.81392511013216 0cd9414a_20240904_170015.data
270.0 150.0 17 26.700136563876654 0cd9414a_20240904_170039.data
250.0 150.0 17 26.81392511013216 0cd9414a_20240904_170103.data
230.0 150.0 17 26.471233480176213 0cd9414a_20240904_170128.data
210.0 150.0 17 26.700136563876654 0cd9414a_20240904_170152.data
190.0 150.0 17 26.471233480176213 0cd9414a_20240904_170216.data
170.0 150.0 17 26.700136563876654 0cd9414a_20240904_170240.data
150.0 150.0 17 26.700136563876654 0cd9414a_20240904_170304.data
130.0 150.0 17 26.585916299559475 0cd9414a_20240904_170328.data
110.0 150.0 17 26.81392511013216 0cd9414a_20240904_170352.data
90.0 150.0 17 26.471233480176213 0cd9414a_20240904_170416.data
70.0 150.0 17 26.700136563876654 0cd9414a_20240904_170440.data
50.0 150.0 17 26.81392511013216 0cd9414a_20240904_170504.data
30.0 150.0 17 26.471233480176213 0cd9414a_20240904_170528.data
10.0 150.0 17 26.81392511013216 0cd9414a_20240904_170552.data
10.0 170.0 17 26.700136563876654 0cd9414a_20240904_170616.data
30.0 170.0 17 26.700136563876654 0cd9414a_20240904_170640.data
50.0 170.0 17 26.81392511013216 0cd9414a_20240904_170704.data
70.0 170.0 17 26.81392511013216 0cd9414a_20240904_170728.data
90.0 170.0 17 26.700136563876654 0cd9414a_20240904_170752.data
110.0 170.0 17 26.81392511013216 0cd9414a_20240904_170816.data
130.0 170.0 17 26.471233480176213 0cd9414a_20240904_170840.data
150.0 170.0 17 26.585916299559475 0cd9414a_20240904_170904.data
170.0 170.0 17 26.81392511013216 0cd9414a_20240904_170928.data
190.0 170.0 17 26.471233480176213 0cd9414a_20240904_170952.data
210.0 170.0 17 26.700136563876654 0cd9414a_20240904_171016.data
230.0 170.0 17 26.81392511013216 0cd9414a_20240904_171040.data
250.0 170.0 17 26.471233480176213 0cd9414a_20240904_171104.data
270.0 170.0 17 26.700136563876654 0cd9414a_20240904_171128.data
290.0 170.0 17 26.81392511013216 0cd9414a_20240904_171152.data
290.0 190.0 17 26.700136563876654 0cd9414a_20240904_171216.data
270.0 190.0 17 26.81392511013216 0cd9414a_20240904_171240.data
250.0 190.0 17 26.471233480176213 0cd9414a_20240904_171304.data
230.0 190.0 17 26.81392511013216 0cd9414a_20240904_171328.data
210.0 190.0 17 26.81392511013216 0cd9414a_20240904_171352.data
190.0 190.0 17 26.585916299559475 0cd9414a_20240904_171416.data
170.0 190.0 17 26.81392511013216 0cd9414a_20240904_171440.data
150.0 190.0 17 26.700136563876654 0cd9414a_20240904_171504.data
130.0 190.0 17 26.471233480176213 0cd9414a_20240904_171528.data
110.0 190.0 17 26.81392511013216 0cd9414a_20240904_171552.data
90.0 190.0 17 26.471233480176213 0cd9414a_20240904_171616.data
70.0 190.0 17 26.81392511013216 0cd9414a_20240904_171640.data
50.0 190.0 17 26.81392511013216 0cd9414a_20240904_171704.data
30.0 190.0 17 26.700136563876654 0cd9414a_20240904_171728.data
10.0 190.0 17 26.81392511013216 0cd9414a_20240904_171752.data
10.0 210.0 17 26.81392511013216 0cd9414a_20240904_171816.data
30.0 210.0 17 26.585916299559475 0cd9414a_20240904_171840.data
50.0 210.0 17 26.700136563876654 0cd9414a_20240904_171904.data
70.0 210.0 17 26.81392511013216 0cd9414a_20240904_171928.data
90.0 210.0 17 26.585916299559475 0cd9414a_20240904_171952.data
110.0 210.0 17 26.81392511013216 0cd9414a_20240904_172016.data
130.0 210.0 17 26.700136563876654 0cd9414a_20240904_172040.data
150.0 210.0 17 26.471233480176213 0cd9414a_20240904_172104.data
170.0 210.0 17 26.81392511013216 0cd9414a_20240904_172128.data
190.0 210.0 17 26.81392511013216 0cd9414a_20240904_172152.data
210.0 210.0 17 26.585916299559475 0cd9414a_20240904_172216.data
230.0 210.0 17 26.81392511013216 0cd9414a_20240904_172240.data
250.0 210.0 17 26.471233480176213 0cd9414a_20240904_172304.data
270.0 210.0 17 26.700136563876654 0cd9414a_20240904_172328.data
290.0 210.0 17 26.81392511013216 0cd9414a_20240904_172352.data
290.0 230.0 17 26.471233480176213 0cd9414a_20240904_172416.data
270.0 230.0 17 26.700136563876654 0cd9414a_20240904_172440.data
250.0 230.0 17 26.81392511013216 0cd9414a_20240904_172504.data
230.0 230.0 17 26.700136563876654 0cd9414a_20240904_172528.data
210.0 230.0 17 26.81392511013216 0cd9414a_20240904_172552.data
190.0 230.0 17 26.81392511013216 0cd9414a_20240904_172616.data
170.0 230.0 17 26.356118942731285 0cd9414a_20240904_172640.data
150.0 230.0 17 26.585916299559475 0cd9414a_20240904_172704.data
130.0 230.0 17 26.700136563876654 0cd9414a_20240904_172728.data
110.0 230.0 17 26.81392511013216 0cd9414a_20240904_172752.data
90.0 230.0 17 26.81392511013216 0cd9414a_20240904_172816.data
70.0 230.0 17 26.471233480176213 0cd9414a_20240904_172840.data
50.0 230.0 17 26.81392511013216 0cd9414a_20240904_172904.data
30.0 230.0 17 26.81392511013216 0cd9414a_20240904_172928.data
10.0 230.0 17 26.700136563876654 0cd9414a_20240904_172952.data
10.0 250.0 17 26.81392511013216 0cd9414a_20240904_173016.data
30.0 250.0 17 26.471233480176213 0cd9414a_20240904_173040.data
50.0 250.0 17 26.81392511013216 0cd9414a_20240904_173104.data
70.0 250.0 17 26.81392511013216 0cd9414a_20240904_173128.data
90.0 250.0 17 26.585916299559475 0cd9414a_20240904_173152.data
110.0 250.0 17 26.700136563876654 0cd9414a_20240904_173216.data
130.0 250.0 17 26.700136563876654 0cd9414a_20240904_173240.data
150.0 250.0 17 26.585916299559475 0cd9414a_20240904_173304.data
170.0 250.0 17 26.81392511013216 0cd9414a_20240904_173328.data
190.0 250.0 17 26.585916299559475 0cd9414a_20240904_173352.data
210.0 250.0 17 26.700136563876654 0cd9414a_20240904_173416.data
230.0 250.0 17 26.81392511013216 0cd9414a_20240904_173440.data
250.0 250.0 17 26.700136563876654 0cd9414a_20240904_173504.data
270.0 250.0 17 26.81392511013216 0cd9414a_20240904_173528.data
290.0 250.0 17 26.471233480176213 0cd9414a_20240904_173552.data
290.0 270.0 17 26.700136563876654 0cd9414a_20240904_173616.data
270.0 270.0 17 26.585916299559475 0cd9414a_20240904_173640.data
250.0 270.0 17 26.471233480176213 0cd9414a_20240904_173705.data
230.0 270.0 17 26.81392511013216 0cd9414a_20240904_173729.data
210.0 270.0 17 26.585916299559475 0cd9414a_20240904_173753.data
190.0 270.0 17 26.81392511013216 0cd9414a_20240904_173817.data
170.0 270.0 17 26.81392511013216 0cd9414a_20240904_173841.data
150.0 270.0 17 26.585916299559475 0cd9414a_20240904_173905.data
130.0 270.0 17 26.81392511013216 0cd9414a_20240904_173929.data
110.0 270.0 17 26.356118942731285 0cd9414a_20240904_173953.data
90.0 270.0 17 26.81392511013216 0cd9414a_20240904_174017.data
70.0 270.0 17 26.700136563876654 0cd9414a_20240904_174041.data
50.0 270.0 17 26.700136563876654 0cd9414a_20240904_174105.data
30.0 270.0 17 26.81392511013216 0cd9414a_20240904_174129.data
10.0 270.0 17 26.81392511013216 0cd9414a_20240904_174153.data
10.0 290.0 17 26.700136563876654 0cd9414a_20240904_174217.data
30.0 290.0 17 26.700136563876654 0cd9414a_20240904_174241.data
50.0 290.0 17 26.471233480176213 0cd9414a_20240904_174305.data
70.0 290.0 17 26.700136563876654 0cd9414a_20240904_174329.data
90.0 290.0 17 26.700136563876654 0cd9414a_20240904_174353.data
110.0 290.0 17 26.585916299559475 0cd9414a_20240904_174417.data
130.0 290.0 17 26.700136563876654 0cd9414a_20240904_174441.data
150.0 290.0 17 26.700136563876654 0cd9414a_20240904_174505.data
170.0 290.0 17 26.700136563876654 0cd9414a_20240904_174529.data
190.0 290.0 17 26.471233480176213 0cd9414a_20240904_174553.data
210.0 290.0 17 26.471233480176213 0cd9414a_20240904_174617.data
230.0 290.0 17 26.471233480176213 0cd9414a_20240904_174641.data
250.0 290.0 17 26.471233480176213 0cd9414a_20240904_174705.data
270.0 290.0 17 26.471233480176213 0cd9414a_20240904_174729.data
290.0 290.0 17 26.356118942731285 0cd9414a_20240904_174753.data
290.0 310.0 17 26.240572687224667 0cd9414a_20240904_174817.data
270.0 310.0 17 26.471233480176213 0cd9414a_20240904_174841.data
250.0 310.0 17 26.585916299559475 0cd9414a_20240904_174905.data
230.0 310.0 17 26.471233480176213 0cd9414a_20240904_174929.data
210.0 310.0 17 26.471233480176213 0cd9414a_20240904_174953.data
190.0 310.0 17 26.471233480176213 0cd9414a_20240904_175017.data
170.0 310.0 17 -1 0cd9414a_20240904_175041.data
150.0 310.0 17 26.471233480176213 0cd9414a_20240904_175105.data
130.0 310.0 17 26.471233480176213 0cd9414a_20240904_175129.data
110.0 310.0 17 -1 0cd9414a_20240904_175153.data
90.0 310.0 17 26.471233480176213 0cd9414a_20240904_175217.data
70.0 310.0 17 26.471233480176213 0cd9414a_20240904_175241.data
50.0 310.0 17 26.471233480176213 0cd9414a_20240904_175305.data
30.0 310.0 17 26.471233480176213 0cd9414a_20240904_175329.data
10.0 310.0 17 26.471233480176213 0cd9414a_20240904_175353.data
10.0 330.0 17 26.471233480176213 0cd9414a_20240904_175417.data
30.0 330.0 17 -1 0cd9414a_20240904_175441.data
50.0 330.0 17 26.471233480176213 0cd9414a_20240904_175505.data
70.0 330.0 17 26.585916299559475 0cd9414a_20240904_175529.data
90.0 330.0 17 26.471233480176213 0cd9414a_20240904_175553.data
110.0 330.0 17 26.474008810572688 0cd9414a_20240904_175617.data
130.0 330.0 17 26.585916299559475 0cd9414a_20240904_175641.data
150.0 330.0 17 26.585916299559475 0cd9414a_20240904_175705.data
170.0 330.0 17 26.585916299559475 0cd9414a_20240904_175729.data
190.0 330.0 17 26.585916299559475 0cd9414a_20240904_175753.data
210.0 330.0 17 26.585916299559475 0cd9414a_20240904_175817.data
230.0 330.0 17 26.585916299559475 0cd9414a_20240904_175841.data
250.0 330.0 17 26.471233480176213 0cd9414a_20240904_175905.data
270.0 330.0 17 26.585916299559475 0cd9414a_20240904_175929.data
290.0 330.0 17 26.585916299559475 0cd9414a_20240904_175953.data
10.0 350.0 17 26.585916299559475 0cd9414a_20240905_091814.data
30.0 350.0 17 26.585916299559475 0cd9414a_20240905_091838.data
50.0 350.0 17 26.585916299559475 0cd9414a_20240905_091902.data
70.0 350.0 17 26.585916299559475 0cd9414a_20240905_091926.data
90.0 350.0 17 26.585916299559475 0cd9414a_20240905_091950.data
110.0 350.0 17 26.700136563876654 0cd9414a_20240905_092014.data
130.0 350.0 17 26.585916299559475 0cd9414a_20240905_092038.data
150.0 350.0 17 26.585916299559475 0cd9414a_20240905_092103.data
170.0 350.0 17 26.585916299559475 0cd9414a_20240905_092127.data
190.0 350.0 17 26.585916299559475 0cd9414a_20240905_092151.data
210.0 350.0 17 26.585916299559475 0cd9414a_20240905_092215.data
230.0 350.0 17 26.585916299559475 0cd9414a_20240905_092239.data
250.0 350.0 17 26.585916299559475 0cd9414a_20240905_092303.data
270.0 350.0 17 26.585916299559475 0cd9414a_20240905_092327.data
290.0 350.0 17 26.585916299559475 0cd9414a_20240905_092351.data
290.0 370.0 17 26.585916299559475 0cd9414a_20240905_092415.data
270.0 370.0 17 26.585916299559475 0cd9414a_20240905_092439.data
250.0 370.0 17 26.585916299559475 0cd9414a_20240905_092503.data
230.0 370.0 17 26.585916299559475 0cd9414a_20240905_092527.data
210.0 370.0 17 26.585916299559475 0cd9414a_20240905_092551.data
190.0 370.0 17 26.585916299559475 0cd9414a_20240905_092615.data
170.0 370.0 17 26.585916299559475 0cd9414a_20240905_092639.data
150.0 370.0 17 26.585916299559475 0cd9414a_20240905_092703.data
130.0 370.0 17 26.585916299559475 0cd9414a_20240905_092727.data
110.0 370.0 17 26.585916299559475 0cd9414a_20240905_092751.data
90.0 370.0 17 26.585916299559475 0cd9414a_20240905_092815.data
70.0 370.0 17 26.585916299559475 0cd9414a_20240905_092839.data
50.0 370.0 17 26.700136563876654 0cd9414a_20240905_092903.data
30.0 370.0 17 26.585916299559475 0cd9414a_20240905_092927.data
10.0 370.0 17 26.585916299559475 0cd9414a_20240905_092951.data
10.0 390.0 17 26.81392511013216 0cd9414a_20240905_093015.data
30.0 390.0 17 26.585916299559475 0cd9414a_20240905_093039.data
50.0 390.0 17 26.585916299559475 0cd9414a_20240905_093103.data
70.0 390.0 17 26.585916299559475 0cd9414a_20240905_093127.data
90.0 390.0 17 26.585916299559475 0cd9414a_20240905_093151.data
110.0 390.0 17 26.585916299559475 0cd9414a_20240905_093215.data
130.0 390.0 17 26.585916299559475 0cd9414a_20240905_093239.data
150.0 390.0 17 26.585916299559475 0cd9414a_20240905_093303.data
170.0 390.0 17 26.585916299559475 0cd9414a_20240905_093327.data
190.0 390.0 17 26.585916299559475 0cd9414a_20240905_093351.data
210.0 390.0 17 26.700136563876654 0cd9414a_20240905_093415.data
230.0 390.0 17 26.585916299559475 0cd9414a_20240905_093439.data
250.0 390.0 17 26.585916299559475 0cd9414a_20240905_093503.data
270.0 390.0 17 26.585916299559475 0cd9414a_20240905_093527.data
290.0 390.0 17 26.585916299559475 0cd9414a_20240905_093551.data
290.0 410.0 17 26.700136563876654 0cd9414a_20240905_093615.data
270.0 410.0 17 26.585916299559475 0cd9414a_20240905_093639.data
250.0 410.0 17 26.585916299559475 0cd9414a_20240905_093703.data
230.0 410.0 17 26.700136563876654 0cd9414a_20240905_093727.data
210.0 410.0 17 26.585916299559475 0cd9414a_20240905_093751.data
190.0 410.0 17 26.585916299559475 0cd9414a_20240905_093815.data
170.0 410.0 17 26.585916299559475 0cd9414a_20240905_093839.data
150.0 410.0 17 26.700136563876654 0cd9414a_20240905_093903.data
130.0 410.0 17 26.585916299559475 0cd9414a_20240905_093927.data
110.0 410.0 17 26.700136563876654 0cd9414a_20240905_093951.data
90.0 410.0 17 26.585916299559475 0cd9414a_20240905_094015.data
70.0 410.0 17 26.585916299559475 0cd9414a_20240905_094039.data
50.0 410.0 17 26.585916299559475 0cd9414a_20240905_094103.data
30.0 410.0 17 26.585916299559475 0cd9414a_20240905_094127.data
10.0 410.0 17 26.585916299559475 0cd9414a_20240905_094151.data
10.0 430.0 17 26.585916299559475 0cd9414a_20240905_094215.data
30.0 430.0 17 26.585916299559475 0cd9414a_20240905_094239.data
50.0 430.0 17 26.585916299559475 0cd9414a_20240905_094303.data
70.0 430.0 17 26.700136563876654 0cd9414a_20240905_094327.data
90.0 430.0 17 26.585916299559475 0cd9414a_20240905_094351.data
110.0 430.0 17 26.585916299559475 0cd9414a_20240905_094415.data
130.0 430.0 17 26.700136563876654 0cd9414a_20240905_094439.data
150.0 430.0 17 26.585916299559475 0cd9414a_20240905_094503.data
170.0 430.0 17 26.585916299559475 0cd9414a_20240905_094527.data
190.0 430.0 17 26.700136563876654 0cd9414a_20240905_094551.data
210.0 430.0 17 26.700136563876654 0cd9414a_20240905_094615.data
230.0 430.0 17 26.700136563876654 0cd9414a_20240905_094639.data
250.0 430.0 17 26.585916299559475 0cd9414a_20240905_094703.data
270.0 430.0 17 26.585916299559475 0cd9414a_20240905_094727.data
290.0 430.0 17 26.585916299559475 0cd9414a_20240905_094751.data
290.0 450.0 17 26.585916299559475 0cd9414a_20240905_094815.data
270.0 450.0 17 26.585916299559475 0cd9414a_20240905_094839.data
250.0 450.0 17 26.700136563876654 0cd9414a_20240905_094903.data
230.0 450.0 17 26.585916299559475 0cd9414a_20240905_094927.data
210.0 450.0 17 26.700136563876654 0cd9414a_20240905_094951.data
190.0 450.0 17 26.700136563876654 0cd9414a_20240905_095015.data
170.0 450.0 17 26.585916299559475 0cd9414a_20240905_095039.data
150.0 450.0 17 26.585916299559475 0cd9414a_20240905_095103.data
130.0 450.0 17 26.585916299559475 0cd9414a_20240905_095127.data
110.0 450.0 17 26.585916299559475 0cd9414a_20240905_095151.data
90.0 450.0 17 26.585916299559475 0cd9414a_20240905_095215.data
70.0 450.0 17 26.700136563876654 0cd9414a_20240905_095239.data
50.0 450.0 17 26.700136563876654 0cd9414a_20240905_095303.data
30.0 450.0 17 26.585916299559475 0cd9414a_20240905_095327.data
10.0 450.0 17 26.700136563876654 0cd9414a_20240905_095351.data
10.0 470.0 17 26.585916299559475 0cd9414a_20240905_095415.data
30.0 470.0 17 26.700136563876654 0cd9414a_20240905_095439.data
50.0 470.0 17 26.585916299559475 0cd9414a_20240905_095503.data
70.0 470.0 17 26.585916299559475 0cd9414a_20240905_095527.data
90.0 470.0 17 26.585916299559475 0cd9414a_20240905_095552.data
110.0 470.0 17 26.585916299559475 0cd9414a_20240905_095616.data
130.0 470.0 17 26.700136563876654 0cd9414a_20240905_095640.data
150.0 470.0 17 26.585916299559475 0cd9414a_20240905_095704.data
170.0 470.0 17 26.81392511013216 0cd9414a_20240905_095728.data
190.0 470.0 17 26.585916299559475 0cd9414a_20240905_095752.data
210.0 470.0 17 26.700136563876654 0cd9414a_20240905_095816.data
230.0 470.0 17 26.700136563876654 0cd9414a_20240905_095840.data
250.0 470.0 17 26.585916299559475 0cd9414a_20240905_095904.data
270.0 470.0 17 26.585916299559475 0cd9414a_20240905_095928.data
290.0 470.0 17 26.585916299559475 0cd9414a_20240905_095952.data
