-1 -1 -1 25.180334801762115 0cd913fa_20240704_132326.data
10.0 10.0 17 25.06022466960353 0cd913fa_20240704_132403.data
30.0 10.0 17 25.180334801762115 0cd913fa_20240704_132427.data
50.0 10.0 17 25.180334801762115 0cd913fa_20240704_132451.data
70.0 10.0 17 25.06022466960353 0cd913fa_20240704_132515.data
90.0 10.0 17 25.06022466960353 0cd913fa_20240704_132539.data
110.0 10.0 17 25.180334801762115 0cd913fa_20240704_132603.data
130.0 10.0 17 25.180334801762115 0cd913fa_20240704_132627.data
150.0 10.0 17 25.06022466960353 0cd913fa_20240704_132651.data
170.0 10.0 17 25.180334801762115 0cd913fa_20240704_132715.data
190.0 10.0 17 25.180334801762115 0cd913fa_20240704_132739.data
210.0 10.0 17 25.06022466960353 0cd913fa_20240704_132803.data
230.0 10.0 17 25.180334801762115 0cd913fa_20240704_132827.data
250.0 10.0 17 25.180334801762115 0cd913fa_20240704_132851.data
270.0 10.0 17 25.180334801762115 0cd913fa_20240704_132915.data
290.0 10.0 17 25.180334801762115 0cd913fa_20240704_132939.data
290.0 30.0 17 25.180334801762115 0cd913fa_20240704_133003.data
270.0 30.0 17 25.06022466960353 0cd913fa_20240704_133027.data
250.0 30.0 17 25.06022466960353 0cd913fa_20240704_133051.data
230.0 30.0 17 25.180334801762115 0cd913fa_20240704_133115.data
210.0 30.0 17 25.180334801762115 0cd913fa_20240704_133139.data
190.0 30.0 17 25.180334801762115 0cd913fa_20240704_133203.data
170.0 30.0 17 25.180334801762115 0cd913fa_20240704_133227.data
150.0 30.0 17 25.180334801762115 0cd913fa_20240704_133251.data
130.0 30.0 17 25.299982378854633 0cd913fa_20240704_133315.data
110.0 30.0 17 25.180334801762115 0cd913fa_20240704_133339.data
90.0 30.0 17 25.180334801762115 0cd913fa_20240704_133403.data
70.0 30.0 17 25.180334801762115 0cd913fa_20240704_133427.data
50.0 30.0 17 25.299982378854633 0cd913fa_20240704_133451.data
30.0 30.0 17 25.06022466960353 0cd913fa_20240704_133515.data
10.0 30.0 17 25.06022466960353 0cd913fa_20240704_133539.data
10.0 50.0 17 25.06022466960353 0cd913fa_20240704_133603.data
30.0 50.0 17 25.06022466960353 0cd913fa_20240704_133627.data
50.0 50.0 17 25.180334801762115 0cd913fa_20240704_133651.data
70.0 50.0 17 25.180334801762115 0cd913fa_20240704_133715.data
90.0 50.0 17 25.06022466960353 0cd913fa_20240704_133739.data
110.0 50.0 17 25.180334801762115 0cd913fa_20240704_133803.data
130.0 50.0 17 25.299982378854633 0cd913fa_20240704_133827.data
150.0 50.0 17 25.299982378854633 0cd913fa_20240704_133852.data
170.0 50.0 17 25.180334801762115 0cd913fa_20240704_133916.data
190.0 50.0 17 25.180334801762115 0cd913fa_20240704_133940.data
210.0 50.0 17 25.299982378854633 0cd913fa_20240704_134004.data
230.0 50.0 17 25.180334801762115 0cd913fa_20240704_134028.data
250.0 50.0 17 25.299982378854633 0cd913fa_20240704_134052.data
270.0 50.0 17 25.180334801762115 0cd913fa_20240704_134116.data
290.0 50.0 17 25.180334801762115 0cd913fa_20240704_134140.data
290.0 70.0 17 25.180334801762115 0cd913fa_20240704_134204.data
270.0 70.0 17 25.180334801762115 0cd913fa_20240704_134228.data
250.0 70.0 17 25.180334801762115 0cd913fa_20240704_134252.data
230.0 70.0 17 25.419136563876656 0cd913fa_20240704_134316.data
210.0 70.0 17 25.299982378854633 0cd913fa_20240704_134340.data
190.0 70.0 17 25.180334801762115 0cd913fa_20240704_134404.data
170.0 70.0 17 25.06022466960353 0cd913fa_20240704_134428.data
150.0 70.0 17 25.180334801762115 0cd913fa_20240704_134452.data
130.0 70.0 17 25.299982378854633 0cd913fa_20240704_134516.data
110.0 70.0 17 25.180334801762115 0cd913fa_20240704_134540.data
90.0 70.0 17 25.180334801762115 0cd913fa_20240704_134604.data
70.0 70.0 17 25.06022466960353 0cd913fa_20240704_134628.data
50.0 70.0 17 25.180334801762115 0cd913fa_20240704_134652.data
30.0 70.0 17 25.180334801762115 0cd913fa_20240704_134716.data
10.0 70.0 17 25.180334801762115 0cd913fa_20240704_134740.data
10.0 90.0 17 25.180334801762115 0cd913fa_20240704_134804.data
30.0 90.0 17 25.180334801762115 0cd913fa_20240704_134828.data
50.0 90.0 17 25.180334801762115 0cd913fa_20240704_134852.data
70.0 90.0 17 25.180334801762115 0cd913fa_20240704_134916.data
90.0 90.0 17 25.180334801762115 0cd913fa_20240704_134940.data
110.0 90.0 17 25.06022466960353 0cd913fa_20240704_135004.data
130.0 90.0 17 25.180334801762115 0cd913fa_20240704_135028.data
150.0 90.0 17 25.180334801762115 0cd913fa_20240704_135052.data
170.0 90.0 17 25.180334801762115 0cd913fa_20240704_135116.data
190.0 90.0 17 25.180334801762115 0cd913fa_20240704_135140.data
210.0 90.0 17 25.180334801762115 0cd913fa_20240704_135204.data
230.0 90.0 17 25.180334801762115 0cd913fa_20240704_135228.data
250.0 90.0 17 25.299982378854633 0cd913fa_20240704_135252.data
270.0 90.0 17 25.180334801762115 0cd913fa_20240704_135316.data
290.0 90.0 17 25.180334801762115 0cd913fa_20240704_135340.data
290.0 110.0 17 25.180334801762115 0cd913fa_20240704_135404.data
270.0 110.0 17 25.299982378854633 0cd913fa_20240704_135428.data
250.0 110.0 17 25.06022466960353 0cd913fa_20240704_135452.data
230.0 110.0 17 25.299982378854633 0cd913fa_20240704_135516.data
210.0 110.0 17 25.180334801762115 0cd913fa_20240704_135540.data
190.0 110.0 17 25.299982378854633 0cd913fa_20240704_135604.data
170.0 110.0 17 25.180334801762115 0cd913fa_20240704_135628.data
150.0 110.0 17 25.299982378854633 0cd913fa_20240704_135652.data
130.0 110.0 17 25.180334801762115 0cd913fa_20240704_135716.data
110.0 110.0 17 25.180334801762115 0cd913fa_20240704_135740.data
90.0 110.0 17 25.299982378854633 0cd913fa_20240704_135804.data
70.0 110.0 17 25.180334801762115 0cd913fa_20240704_135828.data
50.0 110.0 17 25.180334801762115 0cd913fa_20240704_135852.data
30.0 110.0 17 25.180334801762115 0cd913fa_20240704_135916.data
10.0 110.0 17 25.180334801762115 0cd913fa_20240704_135940.data
10.0 130.0 17 25.180334801762115 0cd913fa_20240704_140004.data
30.0 130.0 17 25.299982378854633 0cd913fa_20240704_140028.data
50.0 130.0 17 25.299982378854633 0cd913fa_20240704_140052.data
70.0 130.0 17 25.299982378854633 0cd913fa_20240704_140116.data
90.0 130.0 17 25.180334801762115 0cd913fa_20240704_140140.data
110.0 130.0 17 25.180334801762115 0cd913fa_20240704_140204.data
130.0 130.0 17 25.180334801762115 0cd913fa_20240704_140228.data
150.0 130.0 17 25.299982378854633 0cd913fa_20240704_140252.data
170.0 130.0 17 25.419136563876656 0cd913fa_20240704_140316.data
190.0 130.0 17 25.180334801762115 0cd913fa_20240704_140340.data
210.0 130.0 17 25.180334801762115 0cd913fa_20240704_140404.data
230.0 130.0 17 25.299982378854633 0cd913fa_20240704_140428.data
250.0 130.0 17 25.299982378854633 0cd913fa_20240704_140452.data
270.0 130.0 17 25.180334801762115 0cd913fa_20240704_140516.data
290.0 130.0 17 25.299982378854633 0cd913fa_20240704_140540.data
290.0 150.0 17 25.299982378854633 0cd913fa_20240704_140604.data
270.0 150.0 17 25.180334801762115 0cd913fa_20240704_140628.data
250.0 150.0 17 25.299982378854633 0cd913fa_20240704_140652.data
230.0 150.0 17 25.299982378854633 0cd913fa_20240704_140716.data
210.0 150.0 17 25.299982378854633 0cd913fa_20240704_140740.data
190.0 150.0 17 25.299982378854633 0cd913fa_20240704_140804.data
170.0 150.0 17 25.299982378854633 0cd913fa_20240704_140828.data
150.0 150.0 17 25.299982378854633 0cd913fa_20240704_140852.data
130.0 150.0 17 25.180334801762115 0cd913fa_20240704_140916.data
110.0 150.0 17 25.299982378854633 0cd913fa_20240704_140940.data
90.0 150.0 17 25.299982378854633 0cd913fa_20240704_141004.data
70.0 150.0 17 25.299982378854633 0cd913fa_20240704_141028.data
50.0 150.0 17 25.299982378854633 0cd913fa_20240704_141052.data
30.0 150.0 17 25.299982378854633 0cd913fa_20240704_141116.data
10.0 150.0 17 25.419136563876656 0cd913fa_20240704_141140.data
10.0 170.0 17 25.180334801762115 0cd913fa_20240704_141204.data
30.0 170.0 17 25.299982378854633 0cd913fa_20240704_141228.data
50.0 170.0 17 25.299982378854633 0cd913fa_20240704_141253.data
70.0 170.0 17 25.299982378854633 0cd913fa_20240704_141317.data
90.0 170.0 17 25.180334801762115 0cd913fa_20240704_141341.data
110.0 170.0 17 25.299982378854633 0cd913fa_20240704_141405.data
130.0 170.0 17 25.180334801762115 0cd913fa_20240704_141429.data
150.0 170.0 17 25.299982378854633 0cd913fa_20240704_141453.data
170.0 170.0 17 25.299982378854633 0cd913fa_20240704_141517.data
190.0 170.0 17 25.299982378854633 0cd913fa_20240704_141541.data
210.0 170.0 17 25.299982378854633 0cd913fa_20240704_141605.data
230.0 170.0 17 25.299982378854633 0cd913fa_20240704_141629.data
250.0 170.0 17 25.180334801762115 0cd913fa_20240704_141653.data
270.0 170.0 17 25.299982378854633 0cd913fa_20240704_141717.data
290.0 170.0 17 25.419136563876656 0cd913fa_20240704_141741.data
290.0 190.0 17 25.299982378854633 0cd913fa_20240704_141805.data
270.0 190.0 17 25.299982378854633 0cd913fa_20240704_141829.data
250.0 190.0 17 25.180334801762115 0cd913fa_20240704_141853.data
230.0 190.0 17 25.656118942731283 0cd913fa_20240704_141917.data
210.0 190.0 17 25.299982378854633 0cd913fa_20240704_141941.data
190.0 190.0 17 25.299982378854633 0cd913fa_20240704_142005.data
170.0 190.0 17 25.419136563876656 0cd913fa_20240704_142029.data
150.0 190.0 17 25.419136563876656 0cd913fa_20240704_142053.data
130.0 190.0 17 25.299982378854633 0cd913fa_20240704_142117.data
110.0 190.0 17 25.299982378854633 0cd913fa_20240704_142141.data
90.0 190.0 17 25.180334801762115 0cd913fa_20240704_142205.data
70.0 190.0 17 25.299982378854633 0cd913fa_20240704_142229.data
50.0 190.0 17 25.299982378854633 0cd913fa_20240704_142253.data
30.0 190.0 17 25.419136563876656 0cd913fa_20240704_142317.data
10.0 190.0 17 25.299982378854633 0cd913fa_20240704_142341.data
10.0 210.0 17 25.299982378854633 0cd913fa_20240704_142405.data
30.0 210.0 17 25.419136563876656 0cd913fa_20240704_142429.data
50.0 210.0 17 25.299982378854633 0cd913fa_20240704_142453.data
70.0 210.0 17 25.299982378854633 0cd913fa_20240704_142517.data
90.0 210.0 17 25.299982378854633 0cd913fa_20240704_142541.data
110.0 210.0 17 25.299982378854633 0cd913fa_20240704_142605.data
130.0 210.0 17 25.299982378854633 0cd913fa_20240704_142629.data
150.0 210.0 17 25.299982378854633 0cd913fa_20240704_142653.data
170.0 210.0 17 25.419136563876656 0cd913fa_20240704_142717.data
190.0 210.0 17 25.299982378854633 0cd913fa_20240704_142741.data
210.0 210.0 17 25.299982378854633 0cd913fa_20240704_142805.data
230.0 210.0 17 25.299982378854633 0cd913fa_20240704_142829.data
250.0 210.0 17 25.299982378854633 0cd913fa_20240704_142853.data
270.0 210.0 17 25.537859030837005 0cd913fa_20240704_142917.data
290.0 210.0 17 25.419136563876656 0cd913fa_20240704_142941.data
290.0 230.0 17 25.656118942731283 0cd913fa_20240704_143005.data
270.0 230.0 17 25.419136563876656 0cd913fa_20240704_143029.data
250.0 230.0 17 25.299982378854633 0cd913fa_20240704_143053.data
230.0 230.0 17 25.299982378854633 0cd913fa_20240704_143117.data
210.0 230.0 17 25.419136563876656 0cd913fa_20240704_143141.data
190.0 230.0 17 25.419136563876656 0cd913fa_20240704_143205.data
170.0 230.0 17 25.419136563876656 0cd913fa_20240704_143229.data
150.0 230.0 17 25.419136563876656 0cd913fa_20240704_143253.data
130.0 230.0 17 25.419136563876656 0cd913fa_20240704_143317.data
110.0 230.0 17 25.419136563876656 0cd913fa_20240704_143341.data
90.0 230.0 17 25.299982378854633 0cd913fa_20240704_143405.data
70.0 230.0 17 25.299982378854633 0cd913fa_20240704_143429.data
50.0 230.0 17 25.299982378854633 0cd913fa_20240704_143453.data
30.0 230.0 17 25.419136563876656 0cd913fa_20240704_143517.data
10.0 230.0 17 25.419136563876656 0cd913fa_20240704_143541.data
10.0 250.0 17 25.299982378854633 0cd913fa_20240704_143605.data
30.0 250.0 17 25.299982378854633 0cd913fa_20240704_143629.data
50.0 250.0 17 25.419136563876656 0cd913fa_20240704_143653.data
70.0 250.0 17 25.419136563876656 0cd913fa_20240704_143717.data
90.0 250.0 17 25.419136563876656 0cd913fa_20240704_143741.data
110.0 250.0 17 25.419136563876656 0cd913fa_20240704_143805.data
130.0 250.0 17 25.419136563876656 0cd913fa_20240704_143829.data
150.0 250.0 17 25.299982378854633 0cd913fa_20240704_143853.data
170.0 250.0 17 25.419136563876656 0cd913fa_20240704_143917.data
190.0 250.0 17 25.419136563876656 0cd913fa_20240704_143941.data
210.0 250.0 17 25.419136563876656 0cd913fa_20240704_144005.data
230.0 250.0 17 25.419136563876656 0cd913fa_20240704_144029.data
250.0 250.0 17 25.419136563876656 0cd913fa_20240704_144053.data
270.0 250.0 17 25.180334801762115 0cd913fa_20240704_144117.data
290.0 250.0 17 25.537859030837005 0cd913fa_20240704_144141.data
290.0 270.0 17 25.299982378854633 0cd913fa_20240704_144205.data
270.0 270.0 17 25.419136563876656 0cd913fa_20240704_144229.data
250.0 270.0 17 25.299982378854633 0cd913fa_20240704_144253.data
230.0 270.0 17 25.299982378854633 0cd913fa_20240704_144317.data
210.0 270.0 17 25.419136563876656 0cd913fa_20240704_144341.data
190.0 270.0 17 25.419136563876656 0cd913fa_20240704_144405.data
170.0 270.0 17 25.299982378854633 0cd913fa_20240704_144429.data
150.0 270.0 17 25.419136563876656 0cd913fa_20240704_144453.data
130.0 270.0 17 25.419136563876656 0cd913fa_20240704_144517.data
110.0 270.0 17 25.419136563876656 0cd913fa_20240704_144541.data
90.0 270.0 17 25.299982378854633 0cd913fa_20240704_144606.data
70.0 270.0 17 25.299982378854633 0cd913fa_20240704_144630.data
50.0 270.0 17 25.419136563876656 0cd913fa_20240704_144654.data
30.0 270.0 17 25.419136563876656 0cd913fa_20240704_144718.data
10.0 270.0 17 25.419136563876656 0cd913fa_20240704_144742.data
10.0 290.0 17 25.299982378854633 0cd913fa_20240704_144806.data
30.0 290.0 17 25.299982378854633 0cd913fa_20240704_144830.data
50.0 290.0 17 25.419136563876656 0cd913fa_20240704_144854.data
70.0 290.0 17 25.299982378854633 0cd913fa_20240704_144918.data
90.0 290.0 17 25.419136563876656 0cd913fa_20240704_144942.data
110.0 290.0 17 25.419136563876656 0cd913fa_20240704_145006.data
130.0 290.0 17 25.299982378854633 0cd913fa_20240704_145030.data
150.0 290.0 17 25.419136563876656 0cd913fa_20240704_145054.data
170.0 290.0 17 25.419136563876656 0cd913fa_20240704_145118.data
190.0 290.0 17 25.299982378854633 0cd913fa_20240704_145142.data
210.0 290.0 17 25.299982378854633 0cd913fa_20240704_145206.data
230.0 290.0 17 25.419136563876656 0cd913fa_20240704_145230.data
250.0 290.0 17 -1 0cd913fa_20240704_145254.data
270.0 290.0 17 25.419136563876656 0cd913fa_20240704_145318.data
290.0 290.0 17 25.299982378854633 0cd913fa_20240704_145342.data
290.0 310.0 17 -1 0cd913fa_20240704_145406.data
270.0 310.0 17 25.419136563876656 0cd913fa_20240704_145430.data
250.0 310.0 17 25.419136563876656 0cd913fa_20240704_145454.data
230.0 310.0 17 25.419136563876656 0cd913fa_20240704_145518.data
210.0 310.0 17 25.419136563876656 0cd913fa_20240704_145542.data
190.0 310.0 17 25.419136563876656 0cd913fa_20240704_145606.data
170.0 310.0 17 25.419136563876656 0cd913fa_20240704_145630.data
150.0 310.0 17 -1 0cd913fa_20240704_145654.data
130.0 310.0 17 25.299982378854633 0cd913fa_20240704_145718.data
110.0 310.0 17 25.419136563876656 0cd913fa_20240704_145742.data
90.0 310.0 17 25.419136563876656 0cd913fa_20240704_145806.data
70.0 310.0 17 25.419383259911896 0cd913fa_20240704_145830.data
50.0 310.0 17 25.656118942731283 0cd913fa_20240704_145854.data
30.0 310.0 17 25.773885462555068 0cd913fa_20240704_145918.data
10.0 310.0 17 25.773885462555068 0cd913fa_20240704_145942.data
10.0 330.0 17 25.656118942731283 0cd913fa_20240704_150006.data
30.0 330.0 17 25.537859030837005 0cd913fa_20240704_150030.data
50.0 330.0 17 25.419136563876656 0cd913fa_20240704_150054.data
70.0 330.0 17 25.656118942731283 0cd913fa_20240704_150118.data
90.0 330.0 17 25.537859030837005 0cd913fa_20240704_150142.data
110.0 330.0 17 25.537859030837005 0cd913fa_20240704_150206.data
130.0 330.0 17 25.537859030837005 0cd913fa_20240704_150230.data
150.0 330.0 17 25.537859030837005 0cd913fa_20240704_150254.data
170.0 330.0 17 25.537859030837005 0cd913fa_20240704_150318.data
190.0 330.0 17 25.537859030837005 0cd913fa_20240704_150342.data
210.0 330.0 17 25.419136563876656 0cd913fa_20240704_150406.data
230.0 330.0 17 25.419136563876656 0cd913fa_20240704_150430.data
250.0 330.0 17 25.537859030837005 0cd913fa_20240704_150454.data
270.0 330.0 17 25.537859030837005 0cd913fa_20240704_150518.data
290.0 330.0 17 25.656118942731283 0cd913fa_20240704_150542.data
10.0 350.0 17 25.656118942731283 0cd913fa_20240704_162545.data
30.0 350.0 17 25.537859030837005 0cd913fa_20240704_162609.data
50.0 350.0 17 25.537859030837005 0cd913fa_20240704_162633.data
70.0 350.0 17 25.537859030837005 0cd913fa_20240704_162657.data
90.0 350.0 17 25.537859030837005 0cd913fa_20240704_162721.data
110.0 350.0 17 25.656118942731283 0cd913fa_20240704_162745.data
130.0 350.0 17 25.656118942731283 0cd913fa_20240704_162809.data
150.0 350.0 17 25.656118942731283 0cd913fa_20240704_162833.data
170.0 350.0 17 25.656118942731283 0cd913fa_20240704_162857.data
190.0 350.0 17 25.537859030837005 0cd913fa_20240704_162921.data
210.0 350.0 17 25.537859030837005 0cd913fa_20240704_162945.data
230.0 350.0 17 25.656118942731283 0cd913fa_20240704_163009.data
250.0 350.0 17 25.419136563876656 0cd913fa_20240704_163033.data
270.0 350.0 17 25.537859030837005 0cd913fa_20240704_163057.data
290.0 350.0 17 25.537859030837005 0cd913fa_20240704_163121.data
290.0 370.0 17 25.537859030837005 0cd913fa_20240704_163145.data
270.0 370.0 17 25.537859030837005 0cd913fa_20240704_163209.data
250.0 370.0 17 25.537859030837005 0cd913fa_20240704_163233.data
230.0 370.0 17 25.656118942731283 0cd913fa_20240704_163257.data
210.0 370.0 17 25.537859030837005 0cd913fa_20240704_163321.data
190.0 370.0 17 25.656118942731283 0cd913fa_20240704_163345.data
170.0 370.0 17 25.656118942731283 0cd913fa_20240704_163409.data
150.0 370.0 17 25.537859030837005 0cd913fa_20240704_163433.data
130.0 370.0 17 25.656118942731283 0cd913fa_20240704_163457.data
110.0 370.0 17 25.656118942731283 0cd913fa_20240704_163521.data
90.0 370.0 17 25.537859030837005 0cd913fa_20240704_163545.data
70.0 370.0 17 25.537859030837005 0cd913fa_20240704_163609.data
50.0 370.0 17 25.537859030837005 0cd913fa_20240704_163633.data
30.0 370.0 17 25.656118942731283 0cd913fa_20240704_163657.data
10.0 370.0 17 25.656118942731283 0cd913fa_20240704_163721.data
10.0 390.0 17 25.656118942731283 0cd913fa_20240704_163745.data
30.0 390.0 17 25.656118942731283 0cd913fa_20240704_163809.data
50.0 390.0 17 25.537859030837005 0cd913fa_20240704_163833.data
70.0 390.0 17 25.537859030837005 0cd913fa_20240704_163857.data
90.0 390.0 17 25.537859030837005 0cd913fa_20240704_163921.data
110.0 390.0 17 25.656118942731283 0cd913fa_20240704_163945.data
130.0 390.0 17 25.537859030837005 0cd913fa_20240704_164009.data
150.0 390.0 17 25.656118942731283 0cd913fa_20240704_164033.data
170.0 390.0 17 25.537859030837005 0cd913fa_20240704_164057.data
190.0 390.0 17 25.656118942731283 0cd913fa_20240704_164121.data
210.0 390.0 17 25.537859030837005 0cd913fa_20240704_164145.data
230.0 390.0 17 25.537859030837005 0cd913fa_20240704_164209.data
250.0 390.0 17 25.537859030837005 0cd913fa_20240704_164233.data
270.0 390.0 17 25.537859030837005 0cd913fa_20240704_164257.data
290.0 390.0 17 25.656118942731283 0cd913fa_20240704_164321.data
290.0 410.0 17 25.656118942731283 0cd913fa_20240704_164345.data
270.0 410.0 17 25.656118942731283 0cd913fa_20240704_164409.data
250.0 410.0 17 25.656118942731283 0cd913fa_20240704_164433.data
230.0 410.0 17 25.537859030837005 0cd913fa_20240704_164457.data
210.0 410.0 17 25.656118942731283 0cd913fa_20240704_164521.data
190.0 410.0 17 25.656118942731283 0cd913fa_20240704_164545.data
170.0 410.0 17 25.537859030837005 0cd913fa_20240704_164609.data
150.0 410.0 17 25.537859030837005 0cd913fa_20240704_164633.data
130.0 410.0 17 25.537859030837005 0cd913fa_20240704_164657.data
110.0 410.0 17 25.537859030837005 0cd913fa_20240704_164721.data
90.0 410.0 17 25.656118942731283 0cd913fa_20240704_164745.data
70.0 410.0 17 25.656118942731283 0cd913fa_20240704_164809.data
50.0 410.0 17 25.537859030837005 0cd913fa_20240704_164833.data
30.0 410.0 17 25.537859030837005 0cd913fa_20240704_164857.data
10.0 410.0 17 25.656118942731283 0cd913fa_20240704_164921.data
10.0 430.0 17 25.537859030837005 0cd913fa_20240704_164945.data
30.0 430.0 17 25.537859030837005 0cd913fa_20240704_165009.data
50.0 430.0 17 25.537859030837005 0cd913fa_20240704_165033.data
70.0 430.0 17 25.656118942731283 0cd913fa_20240704_165057.data
90.0 430.0 17 25.537859030837005 0cd913fa_20240704_165121.data
110.0 430.0 17 25.656118942731283 0cd913fa_20240704_165145.data
130.0 430.0 17 25.537859030837005 0cd913fa_20240704_165209.data
150.0 430.0 17 25.537859030837005 0cd913fa_20240704_165233.data
170.0 430.0 17 25.656118942731283 0cd913fa_20240704_165257.data
190.0 430.0 17 25.656118942731283 0cd913fa_20240704_165321.data
210.0 430.0 17 25.537859030837005 0cd913fa_20240704_165345.data
230.0 430.0 17 25.656118942731283 0cd913fa_20240704_165409.data
250.0 430.0 17 25.537859030837005 0cd913fa_20240704_165434.data
270.0 430.0 17 25.537859030837005 0cd913fa_20240704_165458.data
290.0 430.0 17 25.656118942731283 0cd913fa_20240704_165522.data
290.0 450.0 17 25.656118942731283 0cd913fa_20240704_165546.data
270.0 450.0 17 25.537859030837005 0cd913fa_20240704_165610.data
250.0 450.0 17 25.656118942731283 0cd913fa_20240704_165634.data
230.0 450.0 17 25.537859030837005 0cd913fa_20240704_165658.data
210.0 450.0 17 25.656118942731283 0cd913fa_20240704_165722.data
190.0 450.0 17 25.656118942731283 0cd913fa_20240704_165746.data
170.0 450.0 17 25.656118942731283 0cd913fa_20240704_165810.data
150.0 450.0 17 25.656118942731283 0cd913fa_20240704_165834.data
130.0 450.0 17 25.656118942731283 0cd913fa_20240704_165858.data
110.0 450.0 17 25.537859030837005 0cd913fa_20240704_165922.data
90.0 450.0 17 25.537859030837005 0cd913fa_20240704_165946.data
70.0 450.0 17 25.537859030837005 0cd913fa_20240704_170010.data
50.0 450.0 17 25.656118942731283 0cd913fa_20240704_170034.data
30.0 450.0 17 25.656118942731283 0cd913fa_20240704_170058.data
10.0 450.0 17 25.656118942731283 0cd913fa_20240704_170122.data
10.0 470.0 17 25.537859030837005 0cd913fa_20240704_170146.data
30.0 470.0 17 25.656118942731283 0cd913fa_20240704_170210.data
50.0 470.0 17 25.537859030837005 0cd913fa_20240704_170234.data
70.0 470.0 17 25.419136563876656 0cd913fa_20240704_170258.data
90.0 470.0 17 25.656118942731283 0cd913fa_20240704_170322.data
110.0 470.0 17 25.656118942731283 0cd913fa_20240704_170346.data
130.0 470.0 17 25.419136563876656 0cd913fa_20240704_170410.data
150.0 470.0 17 25.537859030837005 0cd913fa_20240704_170434.data
170.0 470.0 17 25.537859030837005 0cd913fa_20240704_170458.data
190.0 470.0 17 25.537859030837005 0cd913fa_20240704_170522.data
210.0 470.0 17 25.537859030837005 0cd913fa_20240704_170546.data
230.0 470.0 17 25.537859030837005 0cd913fa_20240704_170610.data
250.0 470.0 17 25.419136563876656 0cd913fa_20240704_170634.data
270.0 470.0 17 25.656118942731283 0cd913fa_20240704_170658.data
290.0 470.0 17 25.537859030837005 0cd913fa_20240704_170722.data
