-1 -1 -1 24.216789473684212 0cd9414a_20240911_092819.data
10.0 10.0 17 24.427921052631582 0cd9414a_20240911_092859.data
30.0 10.0 17 24.322552631578947 0cd9414a_20240911_092923.data
50.0 10.0 17 24.427921052631582 0cd9414a_20240911_092947.data
70.0 10.0 17 24.532868421052633 0cd9414a_20240911_093011.data
90.0 10.0 17 24.427921052631582 0cd9414a_20240911_093035.data
110.0 10.0 17 24.532868421052633 0cd9414a_20240911_093059.data
130.0 10.0 17 24.427921052631582 0cd9414a_20240911_093123.data
150.0 10.0 17 24.216789473684212 0cd9414a_20240911_093147.data
170.0 10.0 17 24.427921052631582 0cd9414a_20240911_093211.data
190.0 10.0 17 24.322552631578947 0cd9414a_20240911_093235.data
210.0 10.0 17 24.427921052631582 0cd9414a_20240911_093259.data
230.0 10.0 17 24.427921052631582 0cd9414a_20240911_093323.data
250.0 10.0 17 24.322552631578947 0cd9414a_20240911_093347.data
270.0 10.0 17 24.532868421052633 0cd9414a_20240911_093411.data
290.0 10.0 17 24.1106052631579 0cd9414a_20240911_093435.data
290.0 30.0 17 24.427921052631582 0cd9414a_20240911_093459.data
270.0 30.0 17 24.322552631578947 0cd9414a_20240911_093523.data
250.0 30.0 17 24.216789473684212 0cd9414a_20240911_093547.data
230.0 30.0 17 24.322552631578947 0cd9414a_20240911_093611.data
210.0 30.0 17 24.322552631578947 0cd9414a_20240911_093635.data
190.0 30.0 17 24.427921052631582 0cd9414a_20240911_093659.data
170.0 30.0 17 24.427921052631582 0cd9414a_20240911_093723.data
150.0 30.0 17 24.427921052631582 0cd9414a_20240911_093747.data
130.0 30.0 17 24.532868421052633 0cd9414a_20240911_093811.data
110.0 30.0 17 24.216789473684212 0cd9414a_20240911_093835.data
90.0 30.0 17 24.427921052631582 0cd9414a_20240911_093859.data
70.0 30.0 17 24.532868421052633 0cd9414a_20240911_093923.data
50.0 30.0 17 24.427921052631582 0cd9414a_20240911_093947.data
30.0 30.0 17 24.427921052631582 0cd9414a_20240911_094011.data
10.0 30.0 17 24.427921052631582 0cd9414a_20240911_094035.data
10.0 50.0 17 24.216789473684212 0cd9414a_20240911_094059.data
30.0 50.0 17 24.427921052631582 0cd9414a_20240911_094123.data
50.0 50.0 17 24.322552631578947 0cd9414a_20240911_094147.data
70.0 50.0 17 24.427921052631582 0cd9414a_20240911_094211.data
90.0 50.0 17 24.216789473684212 0cd9414a_20240911_094235.data
110.0 50.0 17 24.216789473684212 0cd9414a_20240911_094259.data
130.0 50.0 17 24.216789473684212 0cd9414a_20240911_094323.data
150.0 50.0 17 24.532868421052633 0cd9414a_20240911_094347.data
170.0 50.0 17 24.427921052631582 0cd9414a_20240911_094411.data
190.0 50.0 17 24.532868421052633 0cd9414a_20240911_094435.data
210.0 50.0 17 24.427921052631582 0cd9414a_20240911_094459.data
230.0 50.0 17 24.532868421052633 0cd9414a_20240911_094523.data
250.0 50.0 17 24.532868421052633 0cd9414a_20240911_094547.data
270.0 50.0 17 24.427921052631582 0cd9414a_20240911_094611.data
290.0 50.0 17 24.427921052631582 0cd9414a_20240911_094635.data
290.0 70.0 17 24.322552631578947 0cd9414a_20240911_094659.data
270.0 70.0 17 24.427921052631582 0cd9414a_20240911_094723.data
250.0 70.0 17 24.427921052631582 0cd9414a_20240911_094747.data
230.0 70.0 17 24.427921052631582 0cd9414a_20240911_094811.data
210.0 70.0 17 24.532868421052633 0cd9414a_20240911_094835.data
190.0 70.0 17 24.532868421052633 0cd9414a_20240911_094859.data
170.0 70.0 17 24.427921052631582 0cd9414a_20240911_094923.data
150.0 70.0 17 24.427921052631582 0cd9414a_20240911_094947.data
130.0 70.0 17 24.427921052631582 0cd9414a_20240911_095011.data
110.0 70.0 17 24.322552631578947 0cd9414a_20240911_095035.data
90.0 70.0 17 24.1106052631579 0cd9414a_20240911_095059.data
70.0 70.0 17 24.427921052631582 0cd9414a_20240911_095123.data
50.0 70.0 17 24.1106052631579 0cd9414a_20240911_095147.data
30.0 70.0 17 24.1106052631579 0cd9414a_20240911_095211.data
10.0 70.0 17 24.532868421052633 0cd9414a_20240911_095235.data
10.0 90.0 17 24.322552631578947 0cd9414a_20240911_095259.data
30.0 90.0 17 24.003973684210532 0cd9414a_20240911_095323.data
50.0 90.0 17 24.427921052631582 0cd9414a_20240911_095347.data
70.0 90.0 17 24.322552631578947 0cd9414a_20240911_095411.data
90.0 90.0 17 24.532868421052633 0cd9414a_20240911_095435.data
110.0 90.0 17 24.427921052631582 0cd9414a_20240911_095459.data
130.0 90.0 17 24.322552631578947 0cd9414a_20240911_095523.data
150.0 90.0 17 24.322552631578947 0cd9414a_20240911_095547.data
170.0 90.0 17 24.427921052631582 0cd9414a_20240911_095611.data
190.0 90.0 17 24.1106052631579 0cd9414a_20240911_095635.data
210.0 90.0 17 24.427921052631582 0cd9414a_20240911_095700.data
230.0 90.0 17 24.427921052631582 0cd9414a_20240911_095724.data
250.0 90.0 17 24.216789473684212 0cd9414a_20240911_095748.data
270.0 90.0 17 24.427921052631582 0cd9414a_20240911_095812.data
290.0 90.0 17 24.427921052631582 0cd9414a_20240911_095836.data
290.0 110.0 17 24.322552631578947 0cd9414a_20240911_095900.data
270.0 110.0 17 24.532868421052633 0cd9414a_20240911_095900.data
