-1 -1 -1 25.06022466960353 0cd913fa_20240705_115947.data
10.0 10.0 17 25.299982378854633 0cd913fa_20240705_120024.data
30.0 10.0 17 25.180334801762115 0cd913fa_20240705_120048.data
50.0 10.0 17 25.180334801762115 0cd913fa_20240705_120112.data
70.0 10.0 17 25.299982378854633 0cd913fa_20240705_120136.data
90.0 10.0 17 25.299982378854633 0cd913fa_20240705_120200.data
110.0 10.0 17 25.299982378854633 0cd913fa_20240705_120224.data
130.0 10.0 17 25.180334801762115 0cd913fa_20240705_120248.data
150.0 10.0 17 25.180334801762115 0cd913fa_20240705_120313.data
170.0 10.0 17 25.299982378854633 0cd913fa_20240705_120337.data
190.0 10.0 17 25.299982378854633 0cd913fa_20240705_120401.data
210.0 10.0 17 25.180334801762115 0cd913fa_20240705_120425.data
230.0 10.0 17 25.299982378854633 0cd913fa_20240705_120449.data
250.0 10.0 17 25.180334801762115 0cd913fa_20240705_120513.data
270.0 10.0 17 25.299982378854633 0cd913fa_20240705_120537.data
290.0 10.0 17 25.299982378854633 0cd913fa_20240705_120601.data
290.0 30.0 17 25.180334801762115 0cd913fa_20240705_120625.data
270.0 30.0 17 25.299982378854633 0cd913fa_20240705_120649.data
250.0 30.0 17 25.180334801762115 0cd913fa_20240705_120713.data
230.0 30.0 17 25.180334801762115 0cd913fa_20240705_120737.data
210.0 30.0 17 25.299982378854633 0cd913fa_20240705_120801.data
190.0 30.0 17 25.180334801762115 0cd913fa_20240705_120825.data
170.0 30.0 17 25.180334801762115 0cd913fa_20240705_120849.data
150.0 30.0 17 25.180334801762115 0cd913fa_20240705_120913.data
130.0 30.0 17 25.180334801762115 0cd913fa_20240705_120937.data
110.0 30.0 17 25.180334801762115 0cd913fa_20240705_121001.data
90.0 30.0 17 25.180334801762115 0cd913fa_20240705_121025.data
70.0 30.0 17 25.180334801762115 0cd913fa_20240705_121049.data
50.0 30.0 17 25.180334801762115 0cd913fa_20240705_121113.data
30.0 30.0 17 25.180334801762115 0cd913fa_20240705_121137.data
10.0 30.0 17 25.419136563876656 0cd913fa_20240705_121201.data
10.0 50.0 17 25.299982378854633 0cd913fa_20240705_121225.data
30.0 50.0 17 25.299982378854633 0cd913fa_20240705_121249.data
50.0 50.0 17 25.299982378854633 0cd913fa_20240705_121313.data
70.0 50.0 17 25.419136563876656 0cd913fa_20240705_121337.data
90.0 50.0 17 25.180334801762115 0cd913fa_20240705_121401.data
110.0 50.0 17 25.180334801762115 0cd913fa_20240705_121425.data
130.0 50.0 17 25.419136563876656 0cd913fa_20240705_121449.data
150.0 50.0 17 25.180334801762115 0cd913fa_20240705_121513.data
170.0 50.0 17 25.419136563876656 0cd913fa_20240705_121537.data
190.0 50.0 17 25.299982378854633 0cd913fa_20240705_121601.data
210.0 50.0 17 25.299982378854633 0cd913fa_20240705_121625.data
230.0 50.0 17 25.299982378854633 0cd913fa_20240705_121649.data
250.0 50.0 17 25.180334801762115 0cd913fa_20240705_121713.data
270.0 50.0 17 25.180334801762115 0cd913fa_20240705_121737.data
290.0 50.0 17 25.180334801762115 0cd913fa_20240705_121801.data
290.0 70.0 17 25.299982378854633 0cd913fa_20240705_121825.data
270.0 70.0 17 25.299982378854633 0cd913fa_20240705_121849.data
250.0 70.0 17 25.180334801762115 0cd913fa_20240705_121913.data
230.0 70.0 17 25.180334801762115 0cd913fa_20240705_121937.data
210.0 70.0 17 25.180334801762115 0cd913fa_20240705_122001.data
190.0 70.0 17 25.299982378854633 0cd913fa_20240705_122025.data
170.0 70.0 17 25.180334801762115 0cd913fa_20240705_122049.data
150.0 70.0 17 25.299982378854633 0cd913fa_20240705_122113.data
130.0 70.0 17 25.299982378854633 0cd913fa_20240705_122137.data
110.0 70.0 17 25.299982378854633 0cd913fa_20240705_122201.data
90.0 70.0 17 25.180334801762115 0cd913fa_20240705_122225.data
70.0 70.0 17 25.180334801762115 0cd913fa_20240705_122249.data
50.0 70.0 17 25.180334801762115 0cd913fa_20240705_122313.data
30.0 70.0 17 25.180334801762115 0cd913fa_20240705_122337.data
10.0 70.0 17 25.06022466960353 0cd913fa_20240705_122401.data
10.0 90.0 17 25.180334801762115 0cd913fa_20240705_122425.data
30.0 90.0 17 25.180334801762115 0cd913fa_20240705_122449.data
50.0 90.0 17 25.299982378854633 0cd913fa_20240705_122513.data
70.0 90.0 17 25.180334801762115 0cd913fa_20240705_122537.data
90.0 90.0 17 25.419136563876656 0cd913fa_20240705_122601.data
110.0 90.0 17 25.419136563876656 0cd913fa_20240705_122625.data
130.0 90.0 17 25.180334801762115 0cd913fa_20240705_122649.data
150.0 90.0 17 25.180334801762115 0cd913fa_20240705_122713.data
170.0 90.0 17 25.06022466960353 0cd913fa_20240705_122737.data
190.0 90.0 17 25.180334801762115 0cd913fa_20240705_122801.data
210.0 90.0 17 25.299982378854633 0cd913fa_20240705_122825.data
230.0 90.0 17 25.180334801762115 0cd913fa_20240705_122849.data
250.0 90.0 17 25.180334801762115 0cd913fa_20240705_122913.data
270.0 90.0 17 25.180334801762115 0cd913fa_20240705_122937.data
290.0 90.0 17 25.06022466960353 0cd913fa_20240705_123001.data
290.0 110.0 17 25.06022466960353 0cd913fa_20240705_123025.data
270.0 110.0 17 25.299982378854633 0cd913fa_20240705_123049.data
250.0 110.0 17 25.180334801762115 0cd913fa_20240705_123113.data
230.0 110.0 17 25.180334801762115 0cd913fa_20240705_123137.data
210.0 110.0 17 25.299982378854633 0cd913fa_20240705_123201.data
190.0 110.0 17 25.180334801762115 0cd913fa_20240705_123225.data
170.0 110.0 17 25.180334801762115 0cd913fa_20240705_123249.data
150.0 110.0 17 25.180334801762115 0cd913fa_20240705_123313.data
130.0 110.0 17 25.180334801762115 0cd913fa_20240705_123337.data
110.0 110.0 17 25.06022466960353 0cd913fa_20240705_123401.data
90.0 110.0 17 25.180334801762115 0cd913fa_20240705_123425.data
70.0 110.0 17 25.180334801762115 0cd913fa_20240705_123449.data
50.0 110.0 17 25.180334801762115 0cd913fa_20240705_123514.data
30.0 110.0 17 25.180334801762115 0cd913fa_20240705_123538.data
10.0 110.0 17 25.419136563876656 0cd913fa_20240705_123602.data
10.0 130.0 17 25.180334801762115 0cd913fa_20240705_123626.data
30.0 130.0 17 25.180334801762115 0cd913fa_20240705_123650.data
50.0 130.0 17 25.180334801762115 0cd913fa_20240705_123714.data
70.0 130.0 17 25.180334801762115 0cd913fa_20240705_123738.data
90.0 130.0 17 25.06022466960353 0cd913fa_20240705_123802.data
110.0 130.0 17 25.299982378854633 0cd913fa_20240705_123826.data
130.0 130.0 17 25.180334801762115 0cd913fa_20240705_123850.data
150.0 130.0 17 25.180334801762115 0cd913fa_20240705_123914.data
170.0 130.0 17 25.180334801762115 0cd913fa_20240705_123938.data
190.0 130.0 17 25.299982378854633 0cd913fa_20240705_124002.data
210.0 130.0 17 25.06022466960353 0cd913fa_20240705_124026.data
230.0 130.0 17 25.180334801762115 0cd913fa_20240705_124050.data
250.0 130.0 17 25.180334801762115 0cd913fa_20240705_124114.data
270.0 130.0 17 25.180334801762115 0cd913fa_20240705_124138.data
290.0 130.0 17 25.180334801762115 0cd913fa_20240705_124202.data
290.0 150.0 17 25.180334801762115 0cd913fa_20240705_124226.data
270.0 150.0 17 25.419136563876656 0cd913fa_20240705_124250.data
250.0 150.0 17 25.06022466960353 0cd913fa_20240705_124314.data
230.0 150.0 17 25.299982378854633 0cd913fa_20240705_124338.data
210.0 150.0 17 25.180334801762115 0cd913fa_20240705_124402.data
190.0 150.0 17 25.419136563876656 0cd913fa_20240705_124426.data
170.0 150.0 17 25.180334801762115 0cd913fa_20240705_124450.data
150.0 150.0 17 25.06022466960353 0cd913fa_20240705_124514.data
130.0 150.0 17 25.180334801762115 0cd913fa_20240705_124538.data
110.0 150.0 17 25.180334801762115 0cd913fa_20240705_124602.data
90.0 150.0 17 25.180334801762115 0cd913fa_20240705_124626.data
70.0 150.0 17 24.948500000000003 0cd913fa_20240705_124650.data
50.0 150.0 17 25.299982378854633 0cd913fa_20240705_124714.data
30.0 150.0 17 25.299982378854633 0cd913fa_20240705_124738.data
10.0 150.0 17 25.180334801762115 0cd913fa_20240705_124802.data
10.0 170.0 17 25.06022466960353 0cd913fa_20240705_124826.data
30.0 170.0 17 25.180334801762115 0cd913fa_20240705_124850.data
50.0 170.0 17 24.948500000000003 0cd913fa_20240705_124914.data
70.0 170.0 17 25.06022466960353 0cd913fa_20240705_124938.data
90.0 170.0 17 25.06022466960353 0cd913fa_20240705_125002.data
110.0 170.0 17 25.06022466960353 0cd913fa_20240705_125026.data
130.0 170.0 17 25.180334801762115 0cd913fa_20240705_125050.data
150.0 170.0 17 25.06022466960353 0cd913fa_20240705_125114.data
170.0 170.0 17 25.06022466960353 0cd913fa_20240705_125138.data
190.0 170.0 17 25.180334801762115 0cd913fa_20240705_125202.data
210.0 170.0 17 25.180334801762115 0cd913fa_20240705_125226.data
230.0 170.0 17 25.180334801762115 0cd913fa_20240705_125250.data
250.0 170.0 17 25.180334801762115 0cd913fa_20240705_125314.data
270.0 170.0 17 25.180334801762115 0cd913fa_20240705_125338.data
290.0 170.0 17 25.180334801762115 0cd913fa_20240705_125402.data
290.0 190.0 17 25.180334801762115 0cd913fa_20240705_125426.data
270.0 190.0 17 25.180334801762115 0cd913fa_20240705_125450.data
250.0 190.0 17 25.180334801762115 0cd913fa_20240705_125514.data
230.0 190.0 17 25.06022466960353 0cd913fa_20240705_125538.data
210.0 190.0 17 25.06022466960353 0cd913fa_20240705_125602.data
190.0 190.0 17 25.180334801762115 0cd913fa_20240705_125626.data
170.0 190.0 17 25.06022466960353 0cd913fa_20240705_125650.data
150.0 190.0 17 25.06022466960353 0cd913fa_20240705_125714.data
130.0 190.0 17 25.06022466960353 0cd913fa_20240705_125738.data
110.0 190.0 17 25.180334801762115 0cd913fa_20240705_125802.data
90.0 190.0 17 25.180334801762115 0cd913fa_20240705_125826.data
70.0 190.0 17 25.06022466960353 0cd913fa_20240705_125850.data
50.0 190.0 17 25.180334801762115 0cd913fa_20240705_125914.data
30.0 190.0 17 25.180334801762115 0cd913fa_20240705_125938.data
10.0 190.0 17 25.180334801762115 0cd913fa_20240705_130002.data
10.0 210.0 17 25.180334801762115 0cd913fa_20240705_130026.data
30.0 210.0 17 25.180334801762115 0cd913fa_20240705_130050.data
50.0 210.0 17 25.06022466960353 0cd913fa_20240705_130114.data
70.0 210.0 17 25.06022466960353 0cd913fa_20240705_130138.data
90.0 210.0 17 25.180334801762115 0cd913fa_20240705_130202.data
110.0 210.0 17 25.06022466960353 0cd913fa_20240705_130226.data
130.0 210.0 17 25.180334801762115 0cd913fa_20240705_130250.data
150.0 210.0 17 25.06022466960353 0cd913fa_20240705_130314.data
170.0 210.0 17 25.180334801762115 0cd913fa_20240705_130338.data
190.0 210.0 17 25.180334801762115 0cd913fa_20240705_130402.data
210.0 210.0 17 25.06022466960353 0cd913fa_20240705_130426.data
230.0 210.0 17 25.180334801762115 0cd913fa_20240705_130450.data
250.0 210.0 17 25.180334801762115 0cd913fa_20240705_130514.data
270.0 210.0 17 25.180334801762115 0cd913fa_20240705_130538.data
290.0 210.0 17 25.180334801762115 0cd913fa_20240705_130602.data
290.0 230.0 17 25.299982378854633 0cd913fa_20240705_130626.data
270.0 230.0 17 25.180334801762115 0cd913fa_20240705_130650.data
250.0 230.0 17 25.06022466960353 0cd913fa_20240705_130714.data
230.0 230.0 17 25.180334801762115 0cd913fa_20240705_130738.data
210.0 230.0 17 25.06022466960353 0cd913fa_20240705_130802.data
190.0 230.0 17 25.180334801762115 0cd913fa_20240705_130826.data
170.0 230.0 17 25.180334801762115 0cd913fa_20240705_130850.data
150.0 230.0 17 25.06022466960353 0cd913fa_20240705_130915.data
130.0 230.0 17 25.06022466960353 0cd913fa_20240705_130939.data
110.0 230.0 17 25.299982378854633 0cd913fa_20240705_131003.data
90.0 230.0 17 25.06022466960353 0cd913fa_20240705_131027.data
70.0 230.0 17 25.06022466960353 0cd913fa_20240705_131051.data
50.0 230.0 17 25.06022466960353 0cd913fa_20240705_131115.data
30.0 230.0 17 25.06022466960353 0cd913fa_20240705_131139.data
10.0 230.0 17 25.180334801762115 0cd913fa_20240705_131203.data
10.0 250.0 17 25.180334801762115 0cd913fa_20240705_131227.data
30.0 250.0 17 25.180334801762115 0cd913fa_20240705_131251.data
50.0 250.0 17 25.180334801762115 0cd913fa_20240705_131315.data
70.0 250.0 17 25.180334801762115 0cd913fa_20240705_131339.data
90.0 250.0 17 25.06022466960353 0cd913fa_20240705_131403.data
110.0 250.0 17 25.180334801762115 0cd913fa_20240705_131427.data
130.0 250.0 17 25.06022466960353 0cd913fa_20240705_131451.data
150.0 250.0 17 25.180334801762115 0cd913fa_20240705_131515.data
170.0 250.0 17 25.299982378854633 0cd913fa_20240705_131539.data
190.0 250.0 17 25.06022466960353 0cd913fa_20240705_131603.data
210.0 250.0 17 25.299982378854633 0cd913fa_20240705_131627.data
230.0 250.0 17 25.180334801762115 0cd913fa_20240705_131651.data
250.0 250.0 17 25.180334801762115 0cd913fa_20240705_131715.data
270.0 250.0 17 25.06022466960353 0cd913fa_20240705_131739.data
290.0 250.0 17 25.180334801762115 0cd913fa_20240705_131803.data
290.0 270.0 17 25.180334801762115 0cd913fa_20240705_131827.data
270.0 270.0 17 25.180334801762115 0cd913fa_20240705_131851.data
250.0 270.0 17 25.180334801762115 0cd913fa_20240705_131915.data
230.0 270.0 17 25.299982378854633 0cd913fa_20240705_131939.data
210.0 270.0 17 25.06022466960353 0cd913fa_20240705_132003.data
190.0 270.0 17 25.06022466960353 0cd913fa_20240705_132027.data
170.0 270.0 17 25.180334801762115 0cd913fa_20240705_132051.data
150.0 270.0 17 25.06022466960353 0cd913fa_20240705_132115.data
130.0 270.0 17 24.948500000000003 0cd913fa_20240705_132139.data
110.0 270.0 17 25.180334801762115 0cd913fa_20240705_132203.data
90.0 270.0 17 25.06022466960353 0cd913fa_20240705_132227.data
70.0 270.0 17 25.180334801762115 0cd913fa_20240705_132251.data
50.0 270.0 17 25.06022466960353 0cd913fa_20240705_132315.data
30.0 270.0 17 25.180334801762115 0cd913fa_20240705_132339.data
10.0 270.0 17 25.06022466960353 0cd913fa_20240705_132403.data
10.0 290.0 17 25.06022466960353 0cd913fa_20240705_132427.data
30.0 290.0 17 25.180334801762115 0cd913fa_20240705_132451.data
50.0 290.0 17 25.06022466960353 0cd913fa_20240705_132515.data
70.0 290.0 17 25.180334801762115 0cd913fa_20240705_132539.data
90.0 290.0 17 25.180334801762115 0cd913fa_20240705_132603.data
110.0 290.0 17 25.180334801762115 0cd913fa_20240705_132627.data
130.0 290.0 17 25.180334801762115 0cd913fa_20240705_132651.data
150.0 290.0 17 25.06022466960353 0cd913fa_20240705_132715.data
170.0 290.0 17 25.180334801762115 0cd913fa_20240705_132739.data
190.0 290.0 17 25.06022466960353 0cd913fa_20240705_132803.data
210.0 290.0 17 25.180334801762115 0cd913fa_20240705_132827.data
230.0 290.0 17 25.06022466960353 0cd913fa_20240705_132851.data
250.0 290.0 17 25.180334801762115 0cd913fa_20240705_132915.data
270.0 290.0 17 25.06022466960353 0cd913fa_20240705_132939.data
290.0 290.0 17 25.06022466960353 0cd913fa_20240705_133003.data
290.0 310.0 17 25.06022466960353 0cd913fa_20240705_133027.data
270.0 310.0 17 25.180334801762115 0cd913fa_20240705_133051.data
250.0 310.0 17 25.06022466960353 0cd913fa_20240705_133115.data
230.0 310.0 17 25.180334801762115 0cd913fa_20240705_133139.data
210.0 310.0 17 -1 0cd913fa_20240705_133203.data
190.0 310.0 17 25.180334801762115 0cd913fa_20240705_133227.data
170.0 310.0 17 25.06022466960353 0cd913fa_20240705_133251.data
150.0 310.0 17 -1 0cd913fa_20240705_133315.data
130.0 310.0 17 25.06022466960353 0cd913fa_20240705_133339.data
110.0 310.0 17 25.180334801762115 0cd913fa_20240705_133403.data
90.0 310.0 17 25.299982378854633 0cd913fa_20240705_133427.data
70.0 310.0 17 25.180334801762115 0cd913fa_20240705_133451.data
50.0 310.0 17 25.06022466960353 0cd913fa_20240705_133515.data
30.0 310.0 17 25.180334801762115 0cd913fa_20240705_133539.data
10.0 310.0 17 -1 0cd913fa_20240705_133603.data
10.0 330.0 17 25.06022466960353 0cd913fa_20240705_133627.data
30.0 330.0 17 25.180334801762115 0cd913fa_20240705_133651.data
50.0 330.0 17 25.180334801762115 0cd913fa_20240705_133715.data
70.0 330.0 17 25.18193832599119 0cd913fa_20240705_133739.data
90.0 330.0 17 25.180334801762115 0cd913fa_20240705_133803.data
110.0 330.0 17 25.06022466960353 0cd913fa_20240705_133827.data
130.0 330.0 17 25.06022466960353 0cd913fa_20240705_133851.data
150.0 330.0 17 25.06022466960353 0cd913fa_20240705_133915.data
170.0 330.0 17 25.180334801762115 0cd913fa_20240705_133940.data
190.0 330.0 17 25.180334801762115 0cd913fa_20240705_134004.data
210.0 330.0 17 25.06022466960353 0cd913fa_20240705_134028.data
230.0 330.0 17 25.06022466960353 0cd913fa_20240705_134052.data
250.0 330.0 17 25.180334801762115 0cd913fa_20240705_134116.data
270.0 330.0 17 25.06022466960353 0cd913fa_20240705_134140.data
290.0 330.0 17 25.06022466960353 0cd913fa_20240705_134204.data
10.0 350.0 17 25.06022466960353 0cd913fa_20240705_140056.data
30.0 350.0 17 25.180334801762115 0cd913fa_20240705_140120.data
50.0 350.0 17 25.180334801762115 0cd913fa_20240705_140144.data
70.0 350.0 17 25.06022466960353 0cd913fa_20240705_140208.data
90.0 350.0 17 25.06022466960353 0cd913fa_20240705_140232.data
110.0 350.0 17 25.06022466960353 0cd913fa_20240705_140256.data
130.0 350.0 17 25.06022466960353 0cd913fa_20240705_140320.data
150.0 350.0 17 25.06022466960353 0cd913fa_20240705_140344.data
170.0 350.0 17 25.06022466960353 0cd913fa_20240705_140408.data
190.0 350.0 17 25.180334801762115 0cd913fa_20240705_140432.data
210.0 350.0 17 25.180334801762115 0cd913fa_20240705_140456.data
230.0 350.0 17 25.180334801762115 0cd913fa_20240705_140520.data
250.0 350.0 17 25.06022466960353 0cd913fa_20240705_140544.data
270.0 350.0 17 25.06022466960353 0cd913fa_20240705_140608.data
290.0 350.0 17 25.180334801762115 0cd913fa_20240705_140632.data
290.0 370.0 17 25.180334801762115 0cd913fa_20240705_140656.data
270.0 370.0 17 25.299982378854633 0cd913fa_20240705_140720.data
250.0 370.0 17 24.948500000000003 0cd913fa_20240705_140744.data
230.0 370.0 17 24.948500000000003 0cd913fa_20240705_140808.data
210.0 370.0 17 25.06022466960353 0cd913fa_20240705_140832.data
190.0 370.0 17 25.180334801762115 0cd913fa_20240705_140856.data
170.0 370.0 17 25.06022466960353 0cd913fa_20240705_140920.data
150.0 370.0 17 25.06022466960353 0cd913fa_20240705_140944.data
130.0 370.0 17 25.180334801762115 0cd913fa_20240705_141008.data
110.0 370.0 17 25.180334801762115 0cd913fa_20240705_141032.data
90.0 370.0 17 25.180334801762115 0cd913fa_20240705_141056.data
70.0 370.0 17 25.06022466960353 0cd913fa_20240705_141120.data
50.0 370.0 17 25.06022466960353 0cd913fa_20240705_141144.data
30.0 370.0 17 25.180334801762115 0cd913fa_20240705_141208.data
10.0 370.0 17 25.06022466960353 0cd913fa_20240705_141232.data
10.0 390.0 17 25.06022466960353 0cd913fa_20240705_141256.data
30.0 390.0 17 25.06022466960353 0cd913fa_20240705_141320.data
50.0 390.0 17 25.06022466960353 0cd913fa_20240705_141344.data
70.0 390.0 17 25.06022466960353 0cd913fa_20240705_141408.data
90.0 390.0 17 25.06022466960353 0cd913fa_20240705_141432.data
110.0 390.0 17 25.06022466960353 0cd913fa_20240705_141456.data
130.0 390.0 17 25.06022466960353 0cd913fa_20240705_141520.data
150.0 390.0 17 25.180334801762115 0cd913fa_20240705_141544.data
170.0 390.0 17 25.06022466960353 0cd913fa_20240705_141608.data
190.0 390.0 17 25.06022466960353 0cd913fa_20240705_141632.data
210.0 390.0 17 25.06022466960353 0cd913fa_20240705_141656.data
230.0 390.0 17 25.06022466960353 0cd913fa_20240705_141720.data
250.0 390.0 17 25.06022466960353 0cd913fa_20240705_141744.data
270.0 390.0 17 25.06022466960353 0cd913fa_20240705_141808.data
290.0 390.0 17 25.06022466960353 0cd913fa_20240705_141832.data
290.0 410.0 17 25.180334801762115 0cd913fa_20240705_141856.data
270.0 410.0 17 25.06022466960353 0cd913fa_20240705_141920.data
250.0 410.0 17 25.06022466960353 0cd913fa_20240705_141945.data
230.0 410.0 17 25.537859030837005 0cd913fa_20240705_142009.data
210.0 410.0 17 25.180334801762115 0cd913fa_20240705_142033.data
190.0 410.0 17 25.06022466960353 0cd913fa_20240705_142057.data
170.0 410.0 17 25.06022466960353 0cd913fa_20240705_142121.data
150.0 410.0 17 25.180334801762115 0cd913fa_20240705_142145.data
130.0 410.0 17 25.180334801762115 0cd913fa_20240705_142209.data
110.0 410.0 17 25.180334801762115 0cd913fa_20240705_142233.data
90.0 410.0 17 25.180334801762115 0cd913fa_20240705_142257.data
70.0 410.0 17 25.06022466960353 0cd913fa_20240705_142321.data
50.0 410.0 17 25.06022466960353 0cd913fa_20240705_142345.data
30.0 410.0 17 25.419136563876656 0cd913fa_20240705_142409.data
10.0 410.0 17 25.06022466960353 0cd913fa_20240705_142433.data
10.0 430.0 17 25.180334801762115 0cd913fa_20240705_142457.data
30.0 430.0 17 25.06022466960353 0cd913fa_20240705_142521.data
50.0 430.0 17 25.180334801762115 0cd913fa_20240705_142545.data
70.0 430.0 17 25.180334801762115 0cd913fa_20240705_142609.data
90.0 430.0 17 24.948500000000003 0cd913fa_20240705_142633.data
110.0 430.0 17 25.06022466960353 0cd913fa_20240705_142657.data
130.0 430.0 17 25.06022466960353 0cd913fa_20240705_142721.data
150.0 430.0 17 25.06022466960353 0cd913fa_20240705_142745.data
170.0 430.0 17 25.180334801762115 0cd913fa_20240705_142809.data
190.0 430.0 17 25.180334801762115 0cd913fa_20240705_142833.data
210.0 430.0 17 25.06022466960353 0cd913fa_20240705_142857.data
230.0 430.0 17 25.06022466960353 0cd913fa_20240705_142921.data
250.0 430.0 17 25.06022466960353 0cd913fa_20240705_142945.data
270.0 430.0 17 25.180334801762115 0cd913fa_20240705_143009.data
290.0 430.0 17 25.180334801762115 0cd913fa_20240705_143033.data
290.0 450.0 17 25.180334801762115 0cd913fa_20240705_143057.data
270.0 450.0 17 25.180334801762115 0cd913fa_20240705_143121.data
250.0 450.0 17 25.180334801762115 0cd913fa_20240705_143145.data
230.0 450.0 17 25.06022466960353 0cd913fa_20240705_143209.data
210.0 450.0 17 25.06022466960353 0cd913fa_20240705_143233.data
190.0 450.0 17 25.180334801762115 0cd913fa_20240705_143257.data
170.0 450.0 17 25.180334801762115 0cd913fa_20240705_143321.data
150.0 450.0 17 25.06022466960353 0cd913fa_20240705_143345.data
130.0 450.0 17 25.06022466960353 0cd913fa_20240705_143409.data
110.0 450.0 17 25.180334801762115 0cd913fa_20240705_143433.data
90.0 450.0 17 25.06022466960353 0cd913fa_20240705_143457.data
70.0 450.0 17 24.948500000000003 0cd913fa_20240705_143521.data
50.0 450.0 17 25.180334801762115 0cd913fa_20240705_143545.data
30.0 450.0 17 25.06022466960353 0cd913fa_20240705_143609.data
10.0 450.0 17 25.06022466960353 0cd913fa_20240705_143633.data
10.0 470.0 17 25.180334801762115 0cd913fa_20240705_143657.data
30.0 470.0 17 25.06022466960353 0cd913fa_20240705_143721.data
50.0 470.0 17 25.180334801762115 0cd913fa_20240705_143745.data
70.0 470.0 17 25.06022466960353 0cd913fa_20240705_143809.data
90.0 470.0 17 25.06022466960353 0cd913fa_20240705_143833.data
110.0 470.0 17 25.06022466960353 0cd913fa_20240705_143857.data
130.0 470.0 17 25.06022466960353 0cd913fa_20240705_143921.data
150.0 470.0 17 25.06022466960353 0cd913fa_20240705_143945.data
170.0 470.0 17 25.180334801762115 0cd913fa_20240705_144009.data
190.0 470.0 17 25.180334801762115 0cd913fa_20240705_144033.data
210.0 470.0 17 25.06022466960353 0cd913fa_20240705_144057.data
230.0 470.0 17 25.06022466960353 0cd913fa_20240705_144121.data
250.0 470.0 17 25.06022466960353 0cd913fa_20240705_144145.data
270.0 470.0 17 25.180334801762115 0cd913fa_20240705_144209.data
290.0 470.0 17 25.06022466960353 0cd913fa_20240705_144233.data
