-1 -1 -1 23.283325 mpd_20250327_164918.data
10.0 10.0 17 23.594575 mpd_20250327_164958.data
30.0 10.0 17 23.594575 mpd_20250327_165023.data
50.0 10.0 17 23.49125 mpd_20250327_165048.data
70.0 10.0 17 23.49125 mpd_20250327_165113.data
90.0 10.0 17 23.3875 mpd_20250327_165138.data
110.0 10.0 17 23.49125 mpd_20250327_165203.data
130.0 10.0 17 23.49125 mpd_20250327_165228.data
150.0 10.0 17 23.49125 mpd_20250327_165254.data
170.0 10.0 17 23.49125 mpd_20250327_165319.data
190.0 10.0 17 23.49125 mpd_20250327_165344.data
210.0 10.0 17 23.49125 mpd_20250327_165409.data
230.0 10.0 17 23.178749999999997 mpd_20250327_165434.data
250.0 10.0 17 23.49125 mpd_20250327_165459.data
270.0 10.0 17 23.283325 mpd_20250327_165524.data
290.0 10.0 17 23.49125 mpd_20250327_165549.data
290.0 30.0 17 23.3875 mpd_20250327_165614.data
270.0 30.0 17 23.283325 mpd_20250327_165639.data
250.0 30.0 17 23.3875 mpd_20250327_165704.data
230.0 30.0 17 23.178749999999997 mpd_20250327_165729.data
210.0 30.0 17 23.3875 mpd_20250327_165754.data
190.0 30.0 17 23.3875 mpd_20250327_165819.data
170.0 30.0 17 23.49125 mpd_20250327_165844.data
150.0 30.0 17 23.594575 mpd_20250327_165909.data
130.0 30.0 17 23.283325 mpd_20250327_165934.data
110.0 30.0 17 23.3875 mpd_20250327_165959.data
90.0 30.0 17 23.283325 mpd_20250327_170024.data
70.0 30.0 17 23.49125 mpd_20250327_170049.data
50.0 30.0 17 23.178749999999997 mpd_20250327_170114.data
30.0 30.0 17 23.49125 mpd_20250327_170139.data
10.0 30.0 17 23.283325 mpd_20250327_170204.data
10.0 50.0 17 23.49125 mpd_20250327_170229.data
30.0 50.0 17 23.49125 mpd_20250327_170254.data
50.0 50.0 17 23.49125 mpd_20250327_170319.data
70.0 50.0 17 23.49125 mpd_20250327_170344.data
90.0 50.0 17 23.178749999999997 mpd_20250327_170409.data
110.0 50.0 17 23.49125 mpd_20250327_170434.data
130.0 50.0 17 23.283325 mpd_20250327_170459.data
150.0 50.0 17 23.49125 mpd_20250327_170524.data
170.0 50.0 17 23.283325 mpd_20250327_170549.data
190.0 50.0 17 23.49125 mpd_20250327_170614.data
210.0 50.0 17 23.283325 mpd_20250327_170639.data
230.0 50.0 17 23.49125 mpd_20250327_170704.data
250.0 50.0 17 23.283325 mpd_20250327_170729.data
270.0 50.0 17 23.49125 mpd_20250327_170754.data
290.0 50.0 17 23.3875 mpd_20250327_170819.data
290.0 70.0 17 23.49125 mpd_20250327_170844.data
270.0 70.0 17 23.283325 mpd_20250327_170909.data
250.0 70.0 17 23.49125 mpd_20250327_170934.data
230.0 70.0 17 23.49125 mpd_20250327_170959.data
210.0 70.0 17 23.594575 mpd_20250327_171024.data
190.0 70.0 17 23.49125 mpd_20250327_171049.data
170.0 70.0 17 23.594575 mpd_20250327_171114.data
150.0 70.0 17 23.283325 mpd_20250327_171139.data
130.0 70.0 17 23.49125 mpd_20250327_171204.data
110.0 70.0 17 23.178749999999997 mpd_20250327_171229.data
90.0 70.0 17 23.49125 mpd_20250327_171254.data
70.0 70.0 17 23.283325 mpd_20250327_171319.data
50.0 70.0 17 23.49125 mpd_20250327_171344.data
30.0 70.0 17 23.49125 mpd_20250327_171409.data
10.0 70.0 17 23.49125 mpd_20250327_171435.data
10.0 90.0 17 23.49125 mpd_20250327_171500.data
30.0 90.0 17 23.3875 mpd_20250327_171525.data
50.0 90.0 17 23.49125 mpd_20250327_171550.data
70.0 90.0 17 23.178749999999997 mpd_20250327_171615.data
90.0 90.0 17 23.49125 mpd_20250327_171640.data
110.0 90.0 17 23.283325 mpd_20250327_171705.data
130.0 90.0 17 23.49125 mpd_20250327_171730.data
150.0 90.0 17 23.283325 mpd_20250327_171755.data
170.0 90.0 17 23.49125 mpd_20250327_171820.data
190.0 90.0 17 23.178749999999997 mpd_20250327_171845.data
210.0 90.0 17 23.49125 mpd_20250327_171910.data
230.0 90.0 17 23.283325 mpd_20250327_171935.data
250.0 90.0 17 23.594575 mpd_20250327_172000.data
270.0 90.0 17 23.283325 mpd_20250327_172025.data
290.0 90.0 17 23.283325 mpd_20250327_172050.data
290.0 110.0 17 23.283325 mpd_20250327_172115.data
270.0 110.0 17 23.49125 mpd_20250327_172140.data
250.0 110.0 17 23.283325 mpd_20250327_172205.data
230.0 110.0 17 23.178749999999997 mpd_20250327_172230.data
210.0 110.0 17 23.178749999999997 mpd_20250327_172255.data
190.0 110.0 17 23.283325 mpd_20250327_172320.data
170.0 110.0 17 23.178749999999997 mpd_20250327_172345.data
150.0 110.0 17 23.178749999999997 mpd_20250327_172410.data
130.0 110.0 17 23.283325 mpd_20250327_172435.data
110.0 110.0 17 23.178749999999997 mpd_20250327_172500.data
90.0 110.0 17 23.178749999999997 mpd_20250327_172525.data
70.0 110.0 17 23.178749999999997 mpd_20250327_172550.data
50.0 110.0 17 23.283325 mpd_20250327_172615.data
30.0 110.0 17 23.178749999999997 mpd_20250327_172640.data
10.0 110.0 17 23.283325 mpd_20250327_172705.data
10.0 130.0 17 23.178749999999997 mpd_20250327_172730.data
30.0 130.0 17 23.178749999999997 mpd_20250327_172755.data
50.0 130.0 17 23.178749999999997 mpd_20250327_172820.data
70.0 130.0 17 23.178749999999997 mpd_20250327_172845.data
90.0 130.0 17 23.178749999999997 mpd_20250327_172910.data
110.0 130.0 17 23.178749999999997 mpd_20250327_172935.data
130.0 130.0 17 23.178749999999997 mpd_20250327_173000.data
150.0 130.0 17 23.178749999999997 mpd_20250327_173025.data
170.0 130.0 17 23.3875 mpd_20250327_173050.data
190.0 130.0 17 23.178749999999997 mpd_20250327_173115.data
210.0 130.0 17 23.178749999999997 mpd_20250327_173140.data
230.0 130.0 17 23.178749999999997 mpd_20250327_173205.data
250.0 130.0 17 23.283325 mpd_20250327_173230.data
270.0 130.0 17 23.178749999999997 mpd_20250327_173255.data
290.0 130.0 17 23.178749999999997 mpd_20250327_173320.data
290.0 150.0 17 23.178749999999997 mpd_20250327_173345.data
270.0 150.0 17 23.178749999999997 mpd_20250327_173410.data
250.0 150.0 17 23.283325 mpd_20250327_173435.data
230.0 150.0 17 23.178749999999997 mpd_20250327_173500.data
210.0 150.0 17 23.178749999999997 mpd_20250327_173525.data
190.0 150.0 17 23.178749999999997 mpd_20250327_173551.data
170.0 150.0 17 23.283325 mpd_20250327_173616.data
150.0 150.0 17 23.283325 mpd_20250327_173641.data
130.0 150.0 17 23.178749999999997 mpd_20250327_173706.data
110.0 150.0 17 23.178749999999997 mpd_20250327_173731.data
90.0 150.0 17 23.178749999999997 mpd_20250327_173756.data
70.0 150.0 17 23.178749999999997 mpd_20250327_173821.data
50.0 150.0 17 23.073725 mpd_20250327_173846.data
30.0 150.0 17 23.283325 mpd_20250327_173911.data
10.0 150.0 17 23.073725 mpd_20250327_173936.data
10.0 170.0 17 23.178749999999997 mpd_20250327_174001.data
30.0 170.0 17 23.178749999999997 mpd_20250327_174026.data
50.0 170.0 17 23.178749999999997 mpd_20250327_174051.data
70.0 170.0 17 23.283325 mpd_20250327_174116.data
90.0 170.0 17 23.178749999999997 mpd_20250327_174141.data
110.0 170.0 17 23.283325 mpd_20250327_174206.data
130.0 170.0 17 23.178749999999997 mpd_20250327_174231.data
150.0 170.0 17 23.3875 mpd_20250327_174256.data
170.0 170.0 17 23.178749999999997 mpd_20250327_174321.data
190.0 170.0 17 23.283325 mpd_20250327_174346.data
210.0 170.0 17 23.178749999999997 mpd_20250327_174411.data
230.0 170.0 17 23.283325 mpd_20250327_174436.data
250.0 170.0 17 23.178749999999997 mpd_20250327_174501.data
270.0 170.0 17 23.073725 mpd_20250327_174526.data
290.0 170.0 17 23.283325 mpd_20250327_174551.data
290.0 190.0 17 23.283325 mpd_20250327_174616.data
270.0 190.0 17 23.283325 mpd_20250327_174641.data
250.0 190.0 17 23.283325 mpd_20250327_174706.data
230.0 190.0 17 23.178749999999997 mpd_20250327_174731.data
210.0 190.0 17 23.283325 mpd_20250327_174756.data
190.0 190.0 17 23.283325 mpd_20250327_174821.data
170.0 190.0 17 23.178749999999997 mpd_20250327_174846.data
150.0 190.0 17 23.178749999999997 mpd_20250327_174911.data
130.0 190.0 17 23.178749999999997 mpd_20250327_174936.data
110.0 190.0 17 23.178749999999997 mpd_20250327_175001.data
90.0 190.0 17 23.178749999999997 mpd_20250327_175026.data
70.0 190.0 17 23.283325 mpd_20250327_175051.data
50.0 190.0 17 23.178749999999997 mpd_20250327_175116.data
30.0 190.0 17 23.178749999999997 mpd_20250327_175141.data
10.0 190.0 17 23.178749999999997 mpd_20250327_175206.data
10.0 210.0 17 23.283325 mpd_20250327_175231.data
30.0 210.0 17 23.178749999999997 mpd_20250327_175256.data
50.0 210.0 17 23.283325 mpd_20250327_175321.data
70.0 210.0 17 23.283325 mpd_20250327_175346.data
90.0 210.0 17 23.283325 mpd_20250327_175411.data
110.0 210.0 17 23.073725 mpd_20250327_175436.data
130.0 210.0 17 23.283325 mpd_20250327_175501.data
150.0 210.0 17 23.283325 mpd_20250327_175526.data
170.0 210.0 17 23.178749999999997 mpd_20250327_175551.data
190.0 210.0 17 23.178749999999997 mpd_20250327_175616.data
210.0 210.0 17 23.283325 mpd_20250327_175641.data
230.0 210.0 17 23.178749999999997 mpd_20250327_175706.data
250.0 210.0 17 23.283325 mpd_20250327_175731.data
270.0 210.0 17 23.178749999999997 mpd_20250327_175756.data
290.0 210.0 17 23.178749999999997 mpd_20250327_175821.data
290.0 230.0 17 23.178749999999997 mpd_20250327_175846.data
270.0 230.0 17 23.283325 mpd_20250327_175912.data
250.0 230.0 17 23.178749999999997 mpd_20250327_175937.data
230.0 230.0 17 23.178749999999997 mpd_20250327_180002.data
210.0 230.0 17 23.178749999999997 mpd_20250327_180027.data
190.0 230.0 17 23.283325 mpd_20250327_180052.data
170.0 230.0 17 23.283325 mpd_20250327_180117.data
150.0 230.0 17 23.283325 mpd_20250327_180142.data
130.0 230.0 17 23.178749999999997 mpd_20250327_180207.data
110.0 230.0 17 23.283325 mpd_20250327_180232.data
90.0 230.0 17 23.283325 mpd_20250327_180257.data
70.0 230.0 17 23.283325 mpd_20250327_180322.data
50.0 230.0 17 23.178749999999997 mpd_20250327_180347.data
30.0 230.0 17 23.283325 mpd_20250327_180412.data
10.0 230.0 17 23.283325 mpd_20250327_180437.data
10.0 250.0 17 23.283325 mpd_20250327_180502.data
30.0 250.0 17 23.178749999999997 mpd_20250327_180527.data
50.0 250.0 17 23.178749999999997 mpd_20250327_180552.data
70.0 250.0 17 23.178749999999997 mpd_20250327_180617.data
90.0 250.0 17 23.178749999999997 mpd_20250327_180642.data
110.0 250.0 17 23.283325 mpd_20250327_180707.data
130.0 250.0 17 23.178749999999997 mpd_20250327_180732.data
150.0 250.0 17 23.178749999999997 mpd_20250327_180757.data
170.0 250.0 17 23.178749999999997 mpd_20250327_180822.data
190.0 250.0 17 23.178749999999997 mpd_20250327_180847.data
210.0 250.0 17 23.178749999999997 mpd_20250327_180912.data
230.0 250.0 17 23.178749999999997 mpd_20250327_180937.data
250.0 250.0 17 23.283325 mpd_20250327_181002.data
270.0 250.0 17 23.283325 mpd_20250327_181027.data
290.0 250.0 17 23.178749999999997 mpd_20250327_181052.data
290.0 270.0 17 23.178749999999997 mpd_20250327_181117.data
270.0 270.0 17 23.178749999999997 mpd_20250327_181142.data
250.0 270.0 17 23.283325 mpd_20250327_181207.data
230.0 270.0 17 23.3875 mpd_20250327_181232.data
210.0 270.0 17 23.283325 mpd_20250327_181257.data
190.0 270.0 17 23.073725 mpd_20250327_181322.data
170.0 270.0 17 23.178749999999997 mpd_20250327_181347.data
150.0 270.0 17 23.283325 mpd_20250327_181412.data
130.0 270.0 17 23.283325 mpd_20250327_181437.data
110.0 270.0 17 23.178749999999997 mpd_20250327_181502.data
90.0 270.0 17 -1 mpd_20250327_181527.data
70.0 270.0 17 23.178749999999997 mpd_20250327_181552.data
50.0 270.0 17 23.283325 mpd_20250327_181617.data
30.0 270.0 17 -1 mpd_20250327_181642.data
10.0 270.0 17 23.178749999999997 mpd_20250327_181707.data
10.0 290.0 17 23.283325 mpd_20250327_181732.data
30.0 290.0 17 -1 mpd_20250327_181757.data
50.0 290.0 17 23.178749999999997 mpd_20250327_181822.data
70.0 290.0 17 23.178749999999997 mpd_20250327_181847.data
90.0 290.0 17 -1 mpd_20250327_181912.data
110.0 290.0 17 23.3875 mpd_20250327_181937.data
130.0 290.0 17 23.178749999999997 mpd_20250327_182002.data
150.0 290.0 17 -1 mpd_20250327_182027.data
170.0 290.0 17 23.073725 mpd_20250327_182052.data
190.0 290.0 17 23.073725 mpd_20250327_182117.data
210.0 290.0 17 23.178749999999997 mpd_20250327_182142.data
230.0 290.0 17 23.178749999999997 mpd_20250327_182207.data
250.0 290.0 17 23.073725 mpd_20250327_182233.data
270.0 290.0 17 23.073725 mpd_20250327_182258.data
290.0 290.0 17 23.073725 mpd_20250327_182323.data
290.0 310.0 17 23.073725 mpd_20250327_182348.data
270.0 310.0 17 23.178749999999997 mpd_20250327_182413.data
250.0 310.0 17 23.178749999999997 mpd_20250327_182438.data
230.0 310.0 17 22.969809523809523 mpd_20250327_182503.data
210.0 310.0 17 23.073725 mpd_20250327_182528.data
190.0 310.0 17 23.073725 mpd_20250327_182553.data
170.0 310.0 17 23.073725 mpd_20250327_182618.data
150.0 310.0 17 23.073725 mpd_20250327_182643.data
130.0 310.0 17 23.073725 mpd_20250327_182708.data
110.0 310.0 17 23.178749999999997 mpd_20250327_182733.data
90.0 310.0 17 23.073725 mpd_20250327_182758.data
70.0 310.0 17 23.178749999999997 mpd_20250327_182823.data
50.0 310.0 17 23.073725 mpd_20250327_182848.data
30.0 310.0 17 23.073725 mpd_20250327_182913.data
10.0 310.0 17 23.073725 mpd_20250327_182938.data
10.0 330.0 17 23.073725 mpd_20250327_183003.data
30.0 330.0 17 23.073725 mpd_20250327_183028.data
50.0 330.0 17 22.969809523809523 mpd_20250327_183053.data
70.0 330.0 17 23.073725 mpd_20250327_183118.data
90.0 330.0 17 22.868976190476186 mpd_20250327_183143.data
110.0 330.0 17 23.073725 mpd_20250327_183208.data
130.0 330.0 17 23.073725 mpd_20250327_183233.data
150.0 330.0 17 23.073725 mpd_20250327_183258.data
170.0 330.0 17 23.178749999999997 mpd_20250327_183323.data
190.0 330.0 17 23.073725 mpd_20250327_183348.data
210.0 330.0 17 23.178749999999997 mpd_20250327_183413.data
230.0 330.0 17 23.073725 mpd_20250327_183438.data
250.0 330.0 17 23.073725 mpd_20250327_183503.data
270.0 330.0 17 23.073725 mpd_20250327_183528.data
290.0 330.0 17 23.073725 mpd_20250327_183553.data
10.0 350.0 17 23.073725 mpd_20250327_204437.data
30.0 350.0 17 23.073725 mpd_20250327_204502.data
50.0 350.0 17 23.073725 mpd_20250327_204527.data
70.0 350.0 17 23.073725 mpd_20250327_204552.data
90.0 350.0 17 23.178749999999997 mpd_20250327_204617.data
110.0 350.0 17 23.073725 mpd_20250327_204642.data
130.0 350.0 17 23.073725 mpd_20250327_204707.data
150.0 350.0 17 23.178749999999997 mpd_20250327_204732.data
170.0 350.0 17 23.073725 mpd_20250327_204757.data
190.0 350.0 17 23.073725 mpd_20250327_204822.data
210.0 350.0 17 23.073725 mpd_20250327_204847.data
230.0 350.0 17 23.073725 mpd_20250327_204912.data
250.0 350.0 17 23.073725 mpd_20250327_204937.data
270.0 350.0 17 23.073725 mpd_20250327_205002.data
290.0 350.0 17 23.073725 mpd_20250327_205027.data
290.0 370.0 17 23.073725 mpd_20250327_205052.data
270.0 370.0 17 23.073725 mpd_20250327_205117.data
250.0 370.0 17 23.073725 mpd_20250327_205142.data
230.0 370.0 17 23.073725 mpd_20250327_205207.data
210.0 370.0 17 23.073725 mpd_20250327_205232.data
190.0 370.0 17 23.073725 mpd_20250327_205258.data
170.0 370.0 17 23.073725 mpd_20250327_205323.data
150.0 370.0 17 23.178749999999997 mpd_20250327_205348.data
130.0 370.0 17 23.073725 mpd_20250327_205413.data
110.0 370.0 17 22.969809523809523 mpd_20250327_205438.data
90.0 370.0 17 23.073725 mpd_20250327_205503.data
70.0 370.0 17 23.073725 mpd_20250327_205528.data
50.0 370.0 17 23.178749999999997 mpd_20250327_205553.data
30.0 370.0 17 23.178749999999997 mpd_20250327_205618.data
10.0 370.0 17 23.073725 mpd_20250327_205643.data
10.0 390.0 17 23.073725 mpd_20250327_205708.data
30.0 390.0 17 23.073725 mpd_20250327_205733.data
50.0 390.0 17 23.178749999999997 mpd_20250327_205758.data
70.0 390.0 17 23.073725 mpd_20250327_205823.data
90.0 390.0 17 23.178749999999997 mpd_20250327_205848.data
110.0 390.0 17 23.073725 mpd_20250327_205913.data
130.0 390.0 17 23.073725 mpd_20250327_205938.data
150.0 390.0 17 23.073725 mpd_20250327_210003.data
170.0 390.0 17 23.178749999999997 mpd_20250327_210028.data
190.0 390.0 17 23.178749999999997 mpd_20250327_210053.data
210.0 390.0 17 23.073725 mpd_20250327_210118.data
230.0 390.0 17 23.073725 mpd_20250327_210143.data
250.0 390.0 17 23.073725 mpd_20250327_210208.data
270.0 390.0 17 23.073725 mpd_20250327_210233.data
290.0 390.0 17 22.969809523809523 mpd_20250327_210258.data
290.0 410.0 17 22.969809523809523 mpd_20250327_210323.data
270.0 410.0 17 23.073725 mpd_20250327_210348.data
250.0 410.0 17 23.073725 mpd_20250327_210413.data
230.0 410.0 17 23.073725 mpd_20250327_210438.data
210.0 410.0 17 23.073725 mpd_20250327_210503.data
190.0 410.0 17 23.073725 mpd_20250327_210528.data
170.0 410.0 17 23.073725 mpd_20250327_210553.data
150.0 410.0 17 23.073725 mpd_20250327_210618.data
130.0 410.0 17 23.073725 mpd_20250327_210643.data
110.0 410.0 17 23.073725 mpd_20250327_210708.data
90.0 410.0 17 23.073725 mpd_20250327_210733.data
70.0 410.0 17 23.178749999999997 mpd_20250327_210758.data
50.0 410.0 17 23.073725 mpd_20250327_210823.data
30.0 410.0 17 23.073725 mpd_20250327_210848.data
10.0 410.0 17 23.073725 mpd_20250327_210913.data
10.0 430.0 17 23.073725 mpd_20250327_210938.data
30.0 430.0 17 23.178749999999997 mpd_20250327_211003.data
50.0 430.0 17 23.283325 mpd_20250327_211028.data
70.0 430.0 17 23.073725 mpd_20250327_211053.data
90.0 430.0 17 23.073725 mpd_20250327_211118.data
110.0 430.0 17 23.073725 mpd_20250327_211143.data
130.0 430.0 17 23.073725 mpd_20250327_211208.data
150.0 430.0 17 23.073725 mpd_20250327_211233.data
170.0 430.0 17 23.073725 mpd_20250327_211258.data
190.0 430.0 17 23.073725 mpd_20250327_211323.data
210.0 430.0 17 23.073725 mpd_20250327_211348.data
230.0 430.0 17 23.073725 mpd_20250327_211413.data
250.0 430.0 17 23.178749999999997 mpd_20250327_211438.data
270.0 430.0 17 23.073725 mpd_20250327_211503.data
290.0 430.0 17 23.073725 mpd_20250327_211528.data
290.0 450.0 17 23.178749999999997 mpd_20250327_211553.data
270.0 450.0 17 22.969809523809523 mpd_20250327_211618.data
250.0 450.0 17 23.073725 mpd_20250327_211643.data
230.0 450.0 17 23.073725 mpd_20250327_211708.data
210.0 450.0 17 23.073725 mpd_20250327_211733.data
190.0 450.0 17 23.073725 mpd_20250327_211759.data
170.0 450.0 17 23.073725 mpd_20250327_211824.data
150.0 450.0 17 23.073725 mpd_20250327_211849.data
130.0 450.0 17 22.969809523809523 mpd_20250327_211914.data
110.0 450.0 17 23.073725 mpd_20250327_211939.data
90.0 450.0 17 23.073725 mpd_20250327_212004.data
70.0 450.0 17 23.073725 mpd_20250327_212029.data
50.0 450.0 17 23.073725 mpd_20250327_212054.data
30.0 450.0 17 23.073725 mpd_20250327_212119.data
10.0 450.0 17 23.073725 mpd_20250327_212144.data
10.0 470.0 17 23.073725 mpd_20250327_212209.data
30.0 470.0 17 22.969809523809523 mpd_20250327_212234.data
50.0 470.0 17 23.073725 mpd_20250327_212259.data
70.0 470.0 17 23.073725 mpd_20250327_212324.data
90.0 470.0 17 23.073725 mpd_20250327_212349.data
110.0 470.0 17 23.073725 mpd_20250327_212414.data
130.0 470.0 17 22.969809523809523 mpd_20250327_212439.data
150.0 470.0 17 23.073725 mpd_20250327_212504.data
170.0 470.0 17 23.073725 mpd_20250327_212529.data
190.0 470.0 17 23.073725 mpd_20250327_212554.data
210.0 470.0 17 23.073725 mpd_20250327_212619.data
230.0 470.0 17 23.073725 mpd_20250327_212644.data
250.0 470.0 17 23.073725 mpd_20250327_212709.data
270.0 470.0 17 23.073725 mpd_20250327_212734.data
290.0 470.0 17 23.178749999999997 mpd_20250327_212759.data
