18.0 18.0 0 22.868976190476186 0cd913fa_20240220_115838.data
54.0 18.0 0 22.868976190476186 0cd913fa_20240220_115857.data
90.0 18.0 0 23.073725 0cd913fa_20240220_115916.data
54.0 126.0 0 23.073725 0cd913fa_20240220_120810.data
18.0 126.0 0 22.969809523809523 0cd913fa_20240220_120829.data
18.0 162.0 0 22.868976190476186 0cd913fa_20240220_120848.data
54.0 162.0 0 23.073725 0cd913fa_20240220_120907.data
90.0 162.0 0 22.868976190476186 0cd913fa_20240220_120926.data
126.0 162.0 0 22.868976190476186 0cd913fa_20240220_120945.data
162.0 162.0 0 22.969809523809523 0cd913fa_20240220_121004.data
198.0 162.0 0 22.868976190476186 0cd913fa_20240220_121023.data
234.0 162.0 0 22.969809523809523 0cd913fa_20240220_121042.data
270.0 162.0 0 22.868976190476186 0cd913fa_20240220_121101.data
270.0 198.0 0 22.969809523809523 0cd913fa_20240220_121120.data
234.0 198.0 0 23.283325 0cd913fa_20240220_121139.data
198.0 198.0 0 23.073725 0cd913fa_20240220_121158.data
162.0 198.0 0 22.868976190476186 0cd913fa_20240220_121218.data
126.0 198.0 0 22.868976190476186 0cd913fa_20240220_121237.data
90.0 198.0 0 22.868976190476186 0cd913fa_20240220_121256.data
54.0 198.0 0 22.767738095238098 0cd913fa_20240220_121315.data
18.0 198.0 0 22.969809523809523 0cd913fa_20240220_121334.data
18.0 234.0 0 22.969809523809523 0cd913fa_20240220_121353.data
54.0 234.0 0 23.073725 0cd913fa_20240220_121412.data
90.0 234.0 0 22.868976190476186 0cd913fa_20240220_121431.data
126.0 234.0 0 22.969809523809523 0cd913fa_20240220_121450.data
162.0 234.0 0 23.073725 0cd913fa_20240220_121509.data
198.0 234.0 0 23.073725 0cd913fa_20240220_121528.data
234.0 234.0 0 22.969809523809523 0cd913fa_20240220_121547.data
270.0 234.0 0 22.969809523809523 0cd913fa_20240220_121606.data
270.0 270.0 0 22.969809523809523 0cd913fa_20240220_121625.data
234.0 270.0 0 22.969809523809523 0cd913fa_20240220_121644.data
198.0 270.0 0 22.969809523809523 0cd913fa_20240220_121703.data
162.0 270.0 0 22.868976190476186 0cd913fa_20240220_121722.data
126.0 270.0 0 23.073725 0cd913fa_20240220_121742.data
90.0 270.0 0 22.969809523809523 0cd913fa_20240220_121801.data
54.0 270.0 0 23.073725 0cd913fa_20240220_121820.data
18.0 270.0 0 22.969809523809523 0cd913fa_20240220_121839.data
18.0 306.0 0 22.969809523809523 0cd913fa_20240220_121858.data
54.0 306.0 0 22.969809523809523 0cd913fa_20240220_121917.data
90.0 306.0 0 23.073725 0cd913fa_20240220_121936.data
126.0 306.0 0 22.969809523809523 0cd913fa_20240220_121955.data
162.0 306.0 0 22.969809523809523 0cd913fa_20240220_122014.data
198.0 306.0 0 22.868976190476186 0cd913fa_20240220_122033.data
234.0 306.0 0 23.073725 0cd913fa_20240220_122052.data
270.0 306.0 0 22.969809523809523 0cd913fa_20240220_122111.data
270.0 342.0 0 22.767738095238098 0cd913fa_20240220_122130.data
234.0 342.0 0 23.073725 0cd913fa_20240220_122149.data
198.0 342.0 0 23.178749999999997 0cd913fa_20240220_122208.data
162.0 342.0 0 22.969809523809523 0cd913fa_20240220_122227.data
126.0 342.0 0 23.073725 0cd913fa_20240220_122246.data
90.0 342.0 0 22.868976190476186 0cd913fa_20240220_122306.data
54.0 342.0 0 23.178749999999997 0cd913fa_20240220_122325.data
18.0 342.0 0 23.073725 0cd913fa_20240220_122344.data
