-1 -1 -1 22.767738095238098 mpd_20250404_105016.data
10.0 10.0 17 22.868976190476186 mpd_20250404_105057.data
30.0 10.0 17 22.868976190476186 mpd_20250404_105122.data
50.0 10.0 17 22.666095238095238 mpd_20250404_105147.data
70.0 10.0 17 22.868976190476186 mpd_20250404_105212.data
90.0 10.0 17 22.56402380952381 mpd_20250404_105237.data
110.0 10.0 17 22.969809523809523 mpd_20250404_105302.data
130.0 10.0 17 22.868976190476186 mpd_20250404_105327.data
150.0 10.0 17 22.56402380952381 mpd_20250404_105352.data
170.0 10.0 17 22.868976190476186 mpd_20250404_105417.data
190.0 10.0 17 22.868976190476186 mpd_20250404_105442.data
210.0 10.0 17 22.767738095238098 mpd_20250404_105507.data
230.0 10.0 17 22.868976190476186 mpd_20250404_105532.data
250.0 10.0 17 22.666095238095238 mpd_20250404_105557.data
270.0 10.0 17 22.868976190476186 mpd_20250404_105622.data
290.0 10.0 17 22.666095238095238 mpd_20250404_105647.data
290.0 30.0 17 22.868976190476186 mpd_20250404_105712.data
270.0 30.0 17 22.666095238095238 mpd_20250404_105737.data
250.0 30.0 17 22.868976190476186 mpd_20250404_105802.data
230.0 30.0 17 22.868976190476186 mpd_20250404_105827.data
210.0 30.0 17 22.666095238095238 mpd_20250404_105852.data
190.0 30.0 17 22.868976190476186 mpd_20250404_105917.data
170.0 30.0 17 22.767738095238098 mpd_20250404_105942.data
150.0 30.0 17 22.868976190476186 mpd_20250404_110007.data
130.0 30.0 17 22.56402380952381 mpd_20250404_110032.data
110.0 30.0 17 22.969809523809523 mpd_20250404_110057.data
90.0 30.0 17 22.868976190476186 mpd_20250404_110122.data
70.0 30.0 17 22.56402380952381 mpd_20250404_110147.data
50.0 30.0 17 22.868976190476186 mpd_20250404_110212.data
30.0 30.0 17 22.56402380952381 mpd_20250404_110237.data
10.0 30.0 17 22.868976190476186 mpd_20250404_110302.data
10.0 50.0 17 22.969809523809523 mpd_20250404_110327.data
30.0 50.0 17 22.666095238095238 mpd_20250404_110352.data
50.0 50.0 17 22.868976190476186 mpd_20250404_110417.data
70.0 50.0 17 22.666095238095238 mpd_20250404_110442.data
90.0 50.0 17 22.969809523809523 mpd_20250404_110507.data
110.0 50.0 17 22.56402380952381 mpd_20250404_110532.data
130.0 50.0 17 22.868976190476186 mpd_20250404_110557.data
150.0 50.0 17 22.56402380952381 mpd_20250404_110623.data
170.0 50.0 17 22.868976190476186 mpd_20250404_110648.data
190.0 50.0 17 22.868976190476186 mpd_20250404_110713.data
210.0 50.0 17 22.868976190476186 mpd_20250404_110738.data
230.0 50.0 17 22.767738095238098 mpd_20250404_110803.data
250.0 50.0 17 22.767738095238098 mpd_20250404_110828.data
270.0 50.0 17 22.56402380952381 mpd_20250404_110853.data
290.0 50.0 17 22.868976190476186 mpd_20250404_110918.data
290.0 70.0 17 22.666095238095238 mpd_20250404_110943.data
270.0 70.0 17 22.969809523809523 mpd_20250404_111008.data
250.0 70.0 17 22.666095238095238 mpd_20250404_111033.data
230.0 70.0 17 22.868976190476186 mpd_20250404_111058.data
210.0 70.0 17 22.56402380952381 mpd_20250404_111123.data
190.0 70.0 17 22.868976190476186 mpd_20250404_111148.data
170.0 70.0 17 22.969809523809523 mpd_20250404_111213.data
150.0 70.0 17 22.868976190476186 mpd_20250404_111238.data
130.0 70.0 17 22.868976190476186 mpd_20250404_111303.data
110.0 70.0 17 22.868976190476186 mpd_20250404_111328.data
90.0 70.0 17 22.666095238095238 mpd_20250404_111353.data
70.0 70.0 17 22.969809523809523 mpd_20250404_111418.data
50.0 70.0 17 22.666095238095238 mpd_20250404_111443.data
30.0 70.0 17 22.767738095238098 mpd_20250404_111508.data
10.0 70.0 17 22.868976190476186 mpd_20250404_111533.data
10.0 90.0 17 22.969809523809523 mpd_20250404_111558.data
30.0 90.0 17 22.868976190476186 mpd_20250404_111623.data
50.0 90.0 17 22.868976190476186 mpd_20250404_111648.data
70.0 90.0 17 22.868976190476186 mpd_20250404_111713.data
90.0 90.0 17 22.767738095238098 mpd_20250404_111738.data
110.0 90.0 17 22.56402380952381 mpd_20250404_111803.data
130.0 90.0 17 22.767738095238098 mpd_20250404_111828.data
150.0 90.0 17 22.767738095238098 mpd_20250404_111853.data
170.0 90.0 17 22.666095238095238 mpd_20250404_111918.data
190.0 90.0 17 22.56402380952381 mpd_20250404_111943.data
210.0 90.0 17 22.56402380952381 mpd_20250404_112008.data
230.0 90.0 17 22.56402380952381 mpd_20250404_112033.data
250.0 90.0 17 22.56402380952381 mpd_20250404_112058.data
270.0 90.0 17 22.666095238095238 mpd_20250404_112123.data
290.0 90.0 17 22.56402380952381 mpd_20250404_112148.data
290.0 110.0 17 22.666095238095238 mpd_20250404_112213.data
270.0 110.0 17 22.666095238095238 mpd_20250404_112238.data
250.0 110.0 17 22.56402380952381 mpd_20250404_112303.data
230.0 110.0 17 22.56402380952381 mpd_20250404_112328.data
210.0 110.0 17 22.666095238095238 mpd_20250404_112353.data
190.0 110.0 17 22.666095238095238 mpd_20250404_112418.data
170.0 110.0 17 22.56402380952381 mpd_20250404_112443.data
150.0 110.0 17 22.56402380952381 mpd_20250404_112508.data
130.0 110.0 17 22.56402380952381 mpd_20250404_112533.data
110.0 110.0 17 22.56402380952381 mpd_20250404_112558.data
90.0 110.0 17 22.666095238095238 mpd_20250404_112623.data
70.0 110.0 17 22.56402380952381 mpd_20250404_112648.data
50.0 110.0 17 22.56402380952381 mpd_20250404_112713.data
30.0 110.0 17 22.56402380952381 mpd_20250404_112738.data
10.0 110.0 17 22.56402380952381 mpd_20250404_112804.data
10.0 130.0 17 22.666095238095238 mpd_20250404_112829.data
30.0 130.0 17 22.666095238095238 mpd_20250404_112854.data
50.0 130.0 17 22.56402380952381 mpd_20250404_112919.data
70.0 130.0 17 22.56402380952381 mpd_20250404_112944.data
90.0 130.0 17 22.666095238095238 mpd_20250404_113009.data
110.0 130.0 17 22.666095238095238 mpd_20250404_113034.data
130.0 130.0 17 22.56402380952381 mpd_20250404_113059.data
150.0 130.0 17 22.56402380952381 mpd_20250404_113124.data
170.0 130.0 17 22.56402380952381 mpd_20250404_113149.data
190.0 130.0 17 22.56402380952381 mpd_20250404_113214.data
210.0 130.0 17 22.666095238095238 mpd_20250404_113239.data
230.0 130.0 17 22.56402380952381 mpd_20250404_113304.data
250.0 130.0 17 22.56402380952381 mpd_20250404_113329.data
270.0 130.0 17 22.56402380952381 mpd_20250404_113354.data
290.0 130.0 17 22.666095238095238 mpd_20250404_113419.data
290.0 150.0 17 22.666095238095238 mpd_20250404_113444.data
270.0 150.0 17 22.666095238095238 mpd_20250404_113509.data
250.0 150.0 17 22.56402380952381 mpd_20250404_113534.data
230.0 150.0 17 22.56402380952381 mpd_20250404_113559.data
210.0 150.0 17 22.56402380952381 mpd_20250404_113624.data
190.0 150.0 17 22.56402380952381 mpd_20250404_113649.data
170.0 150.0 17 22.56402380952381 mpd_20250404_113714.data
150.0 150.0 17 22.56402380952381 mpd_20250404_113739.data
130.0 150.0 17 22.666095238095238 mpd_20250404_113804.data
110.0 150.0 17 22.56402380952381 mpd_20250404_113829.data
90.0 150.0 17 22.56402380952381 mpd_20250404_113854.data
70.0 150.0 17 22.56402380952381 mpd_20250404_113919.data
50.0 150.0 17 22.56402380952381 mpd_20250404_113944.data
30.0 150.0 17 22.666095238095238 mpd_20250404_114009.data
10.0 150.0 17 22.56402380952381 mpd_20250404_114034.data
10.0 170.0 17 22.56402380952381 mpd_20250404_114059.data
30.0 170.0 17 22.56402380952381 mpd_20250404_114124.data
50.0 170.0 17 22.666095238095238 mpd_20250404_114149.data
70.0 170.0 17 22.666095238095238 mpd_20250404_114214.data
90.0 170.0 17 22.56402380952381 mpd_20250404_114239.data
110.0 170.0 17 22.56402380952381 mpd_20250404_114304.data
130.0 170.0 17 22.666095238095238 mpd_20250404_114329.data
150.0 170.0 17 22.56402380952381 mpd_20250404_114354.data
170.0 170.0 17 22.666095238095238 mpd_20250404_114419.data
190.0 170.0 17 22.666095238095238 mpd_20250404_114444.data
210.0 170.0 17 22.666095238095238 mpd_20250404_114509.data
230.0 170.0 17 22.666095238095238 mpd_20250404_114534.data
250.0 170.0 17 22.666095238095238 mpd_20250404_114559.data
270.0 170.0 17 22.56402380952381 mpd_20250404_114624.data
290.0 170.0 17 22.666095238095238 mpd_20250404_114649.data
290.0 190.0 17 22.56402380952381 mpd_20250404_114714.data
270.0 190.0 17 22.666095238095238 mpd_20250404_114739.data
250.0 190.0 17 22.666095238095238 mpd_20250404_114804.data
230.0 190.0 17 22.666095238095238 mpd_20250404_114829.data
210.0 190.0 17 22.666095238095238 mpd_20250404_114855.data
190.0 190.0 17 22.56402380952381 mpd_20250404_114920.data
170.0 190.0 17 22.56402380952381 mpd_20250404_114945.data
150.0 190.0 17 22.56402380952381 mpd_20250404_115010.data
130.0 190.0 17 22.56402380952381 mpd_20250404_115035.data
110.0 190.0 17 22.56402380952381 mpd_20250404_115100.data
90.0 190.0 17 22.56402380952381 mpd_20250404_115125.data
70.0 190.0 17 22.666095238095238 mpd_20250404_115150.data
50.0 190.0 17 22.666095238095238 mpd_20250404_115215.data
30.0 190.0 17 22.666095238095238 mpd_20250404_115240.data
10.0 190.0 17 22.666095238095238 mpd_20250404_115305.data
10.0 210.0 17 22.666095238095238 mpd_20250404_115330.data
30.0 210.0 17 22.666095238095238 mpd_20250404_115355.data
50.0 210.0 17 22.666095238095238 mpd_20250404_115420.data
70.0 210.0 17 22.666095238095238 mpd_20250404_115445.data
90.0 210.0 17 22.56402380952381 mpd_20250404_115510.data
110.0 210.0 17 22.56402380952381 mpd_20250404_115535.data
130.0 210.0 17 22.56402380952381 mpd_20250404_115600.data
150.0 210.0 17 22.56402380952381 mpd_20250404_115625.data
170.0 210.0 17 22.666095238095238 mpd_20250404_115650.data
190.0 210.0 17 22.666095238095238 mpd_20250404_115715.data
210.0 210.0 17 22.666095238095238 mpd_20250404_115740.data
230.0 210.0 17 22.666095238095238 mpd_20250404_115805.data
250.0 210.0 17 22.666095238095238 mpd_20250404_115830.data
270.0 210.0 17 22.56402380952381 mpd_20250404_115855.data
290.0 210.0 17 22.56402380952381 mpd_20250404_115920.data
290.0 230.0 17 22.56402380952381 mpd_20250404_115945.data
270.0 230.0 17 22.56402380952381 mpd_20250404_120010.data
250.0 230.0 17 22.666095238095238 mpd_20250404_120035.data
230.0 230.0 17 22.56402380952381 mpd_20250404_120100.data
210.0 230.0 17 22.56402380952381 mpd_20250404_120125.data
190.0 230.0 17 22.666095238095238 mpd_20250404_120150.data
170.0 230.0 17 22.666095238095238 mpd_20250404_120215.data
150.0 230.0 17 22.666095238095238 mpd_20250404_120240.data
130.0 230.0 17 22.666095238095238 mpd_20250404_120305.data
110.0 230.0 17 22.666095238095238 mpd_20250404_120330.data
90.0 230.0 17 22.56402380952381 mpd_20250404_120355.data
70.0 230.0 17 22.666095238095238 mpd_20250404_120420.data
50.0 230.0 17 22.666095238095238 mpd_20250404_120445.data
30.0 230.0 17 22.666095238095238 mpd_20250404_120510.data
10.0 230.0 17 22.56402380952381 mpd_20250404_120535.data
10.0 250.0 17 22.666095238095238 mpd_20250404_120600.data
30.0 250.0 17 22.666095238095238 mpd_20250404_120625.data
50.0 250.0 17 22.56402380952381 mpd_20250404_120650.data
70.0 250.0 17 22.666095238095238 mpd_20250404_120715.data
90.0 250.0 17 22.56402380952381 mpd_20250404_120740.data
110.0 250.0 17 22.666095238095238 mpd_20250404_120805.data
130.0 250.0 17 22.666095238095238 mpd_20250404_120830.data
150.0 250.0 17 22.56402380952381 mpd_20250404_120855.data
170.0 250.0 17 22.56402380952381 mpd_20250404_120920.data
190.0 250.0 17 22.56402380952381 mpd_20250404_120945.data
210.0 250.0 17 22.767738095238098 mpd_20250404_121011.data
230.0 250.0 17 22.666095238095238 mpd_20250404_121036.data
250.0 250.0 17 22.666095238095238 mpd_20250404_121101.data
270.0 250.0 17 22.56402380952381 mpd_20250404_121126.data
290.0 250.0 17 22.666095238095238 mpd_20250404_121151.data
290.0 270.0 17 22.56402380952381 mpd_20250404_121216.data
270.0 270.0 17 22.56402380952381 mpd_20250404_121241.data
250.0 270.0 17 22.56402380952381 mpd_20250404_121306.data
230.0 270.0 17 22.56402380952381 mpd_20250404_121331.data
210.0 270.0 17 22.666095238095238 mpd_20250404_121356.data
190.0 270.0 17 22.56402380952381 mpd_20250404_121421.data
170.0 270.0 17 22.666095238095238 mpd_20250404_121446.data
150.0 270.0 17 22.767738095238098 mpd_20250404_121511.data
130.0 270.0 17 22.666095238095238 mpd_20250404_121536.data
110.0 270.0 17 22.666095238095238 mpd_20250404_121601.data
90.0 270.0 17 22.666095238095238 mpd_20250404_121626.data
70.0 270.0 17 -1 mpd_20250404_121651.data
50.0 270.0 17 22.56402380952381 mpd_20250404_121716.data
30.0 270.0 17 22.666095238095238 mpd_20250404_121741.data
10.0 270.0 17 -1 mpd_20250404_121806.data
10.0 290.0 17 22.666095238095238 mpd_20250404_121831.data
30.0 290.0 17 22.56402380952381 mpd_20250404_121856.data
50.0 290.0 17 -1 mpd_20250404_121921.data
70.0 290.0 17 22.666095238095238 mpd_20250404_121946.data
90.0 290.0 17 22.666095238095238 mpd_20250404_122011.data
110.0 290.0 17 -1 mpd_20250404_122036.data
130.0 290.0 17 22.56402380952381 mpd_20250404_122101.data
150.0 290.0 17 22.666095238095238 mpd_20250404_122126.data
170.0 290.0 17 -1 mpd_20250404_122151.data
190.0 290.0 17 22.767738095238098 mpd_20250404_122216.data
210.0 290.0 17 22.767738095238098 mpd_20250404_122241.data
230.0 290.0 17 22.767738095238098 mpd_20250404_122306.data
250.0 290.0 17 22.767738095238098 mpd_20250404_122331.data
270.0 290.0 17 22.666095238095238 mpd_20250404_122356.data
290.0 290.0 17 22.666095238095238 mpd_20250404_122421.data
290.0 310.0 17 22.666095238095238 mpd_20250404_122446.data
270.0 310.0 17 22.666095238095238 mpd_20250404_122511.data
250.0 310.0 17 22.767738095238098 mpd_20250404_122536.data
230.0 310.0 17 22.767738095238098 mpd_20250404_122601.data
210.0 310.0 17 22.666095238095238 mpd_20250404_122626.data
190.0 310.0 17 22.666095238095238 mpd_20250404_122651.data
170.0 310.0 17 22.666095238095238 mpd_20250404_122716.data
150.0 310.0 17 22.767738095238098 mpd_20250404_122741.data
130.0 310.0 17 22.767738095238098 mpd_20250404_122806.data
110.0 310.0 17 22.666095238095238 mpd_20250404_122831.data
90.0 310.0 17 22.767738095238098 mpd_20250404_122856.data
70.0 310.0 17 22.767738095238098 mpd_20250404_122921.data
50.0 310.0 17 22.767738095238098 mpd_20250404_122946.data
30.0 310.0 17 22.767738095238098 mpd_20250404_123011.data
10.0 310.0 17 22.666095238095238 mpd_20250404_123036.data
10.0 330.0 17 22.868976190476186 mpd_20250404_123101.data
30.0 330.0 17 22.767738095238098 mpd_20250404_123126.data
50.0 330.0 17 22.666095238095238 mpd_20250404_123152.data
70.0 330.0 17 22.767738095238098 mpd_20250404_123217.data
90.0 330.0 17 22.767738095238098 mpd_20250404_123242.data
110.0 330.0 17 22.767738095238098 mpd_20250404_123307.data
130.0 330.0 17 22.767738095238098 mpd_20250404_123332.data
150.0 330.0 17 22.767738095238098 mpd_20250404_123357.data
170.0 330.0 17 22.666095238095238 mpd_20250404_123422.data
190.0 330.0 17 22.666095238095238 mpd_20250404_123447.data
210.0 330.0 17 22.767738095238098 mpd_20250404_123512.data
230.0 330.0 17 22.767738095238098 mpd_20250404_123537.data
250.0 330.0 17 22.767738095238098 mpd_20250404_123602.data
270.0 330.0 17 22.767738095238098 mpd_20250404_123627.data
290.0 330.0 17 22.666095238095238 mpd_20250404_123652.data
10.0 350.0 17 22.767738095238098 mpd_20250404_124932.data
30.0 350.0 17 22.666095238095238 mpd_20250404_124957.data
50.0 350.0 17 22.767738095238098 mpd_20250404_125022.data
70.0 350.0 17 22.767738095238098 mpd_20250404_125047.data
90.0 350.0 17 22.666095238095238 mpd_20250404_125112.data
110.0 350.0 17 22.767738095238098 mpd_20250404_125137.data
130.0 350.0 17 22.767738095238098 mpd_20250404_125202.data
150.0 350.0 17 22.666095238095238 mpd_20250404_125227.data
170.0 350.0 17 22.767738095238098 mpd_20250404_125252.data
190.0 350.0 17 22.767738095238098 mpd_20250404_125317.data
210.0 350.0 17 22.767738095238098 mpd_20250404_125342.data
230.0 350.0 17 22.767738095238098 mpd_20250404_125407.data
250.0 350.0 17 22.666095238095238 mpd_20250404_125432.data
270.0 350.0 17 22.767738095238098 mpd_20250404_125457.data
290.0 350.0 17 22.666095238095238 mpd_20250404_125522.data
290.0 370.0 17 22.666095238095238 mpd_20250404_125547.data
270.0 370.0 17 22.767738095238098 mpd_20250404_125612.data
250.0 370.0 17 22.767738095238098 mpd_20250404_125637.data
230.0 370.0 17 22.666095238095238 mpd_20250404_125702.data
210.0 370.0 17 22.767738095238098 mpd_20250404_125727.data
190.0 370.0 17 22.666095238095238 mpd_20250404_125752.data
170.0 370.0 17 22.767738095238098 mpd_20250404_125817.data
150.0 370.0 17 22.666095238095238 mpd_20250404_125842.data
130.0 370.0 17 22.767738095238098 mpd_20250404_125907.data
110.0 370.0 17 22.767738095238098 mpd_20250404_125932.data
90.0 370.0 17 22.767738095238098 mpd_20250404_125957.data
70.0 370.0 17 22.767738095238098 mpd_20250404_130022.data
50.0 370.0 17 22.767738095238098 mpd_20250404_130047.data
30.0 370.0 17 22.767738095238098 mpd_20250404_130112.data
10.0 370.0 17 22.666095238095238 mpd_20250404_130137.data
10.0 390.0 17 22.767738095238098 mpd_20250404_130202.data
30.0 390.0 17 22.767738095238098 mpd_20250404_130227.data
50.0 390.0 17 22.767738095238098 mpd_20250404_130252.data
70.0 390.0 17 22.767738095238098 mpd_20250404_130317.data
90.0 390.0 17 22.767738095238098 mpd_20250404_130342.data
110.0 390.0 17 22.767738095238098 mpd_20250404_130407.data
130.0 390.0 17 22.666095238095238 mpd_20250404_130432.data
150.0 390.0 17 22.666095238095238 mpd_20250404_130457.data
170.0 390.0 17 22.666095238095238 mpd_20250404_130522.data
190.0 390.0 17 22.767738095238098 mpd_20250404_130547.data
210.0 390.0 17 22.666095238095238 mpd_20250404_130612.data
230.0 390.0 17 22.767738095238098 mpd_20250404_130638.data
250.0 390.0 17 22.767738095238098 mpd_20250404_130703.data
270.0 390.0 17 22.767738095238098 mpd_20250404_130728.data
290.0 390.0 17 22.767738095238098 mpd_20250404_130753.data
290.0 410.0 17 22.666095238095238 mpd_20250404_130818.data
270.0 410.0 17 22.666095238095238 mpd_20250404_130843.data
250.0 410.0 17 22.666095238095238 mpd_20250404_130908.data
230.0 410.0 17 22.666095238095238 mpd_20250404_130933.data
210.0 410.0 17 22.767738095238098 mpd_20250404_130958.data
190.0 410.0 17 22.767738095238098 mpd_20250404_131023.data
170.0 410.0 17 22.666095238095238 mpd_20250404_131048.data
150.0 410.0 17 22.767738095238098 mpd_20250404_131113.data
130.0 410.0 17 22.767738095238098 mpd_20250404_131138.data
110.0 410.0 17 22.767738095238098 mpd_20250404_131203.data
90.0 410.0 17 22.767738095238098 mpd_20250404_131228.data
70.0 410.0 17 22.767738095238098 mpd_20250404_131253.data
50.0 410.0 17 22.767738095238098 mpd_20250404_131318.data
30.0 410.0 17 22.767738095238098 mpd_20250404_131343.data
10.0 410.0 17 22.767738095238098 mpd_20250404_131408.data
10.0 430.0 17 22.767738095238098 mpd_20250404_131433.data
30.0 430.0 17 22.666095238095238 mpd_20250404_131458.data
50.0 430.0 17 22.767738095238098 mpd_20250404_131523.data
70.0 430.0 17 22.767738095238098 mpd_20250404_131548.data
90.0 430.0 17 22.767738095238098 mpd_20250404_131613.data
110.0 430.0 17 22.767738095238098 mpd_20250404_131638.data
130.0 430.0 17 22.767738095238098 mpd_20250404_131703.data
150.0 430.0 17 22.767738095238098 mpd_20250404_131728.data
170.0 430.0 17 22.767738095238098 mpd_20250404_131753.data
190.0 430.0 17 22.767738095238098 mpd_20250404_131818.data
210.0 430.0 17 22.666095238095238 mpd_20250404_131843.data
230.0 430.0 17 22.666095238095238 mpd_20250404_131908.data
250.0 430.0 17 22.666095238095238 mpd_20250404_131933.data
270.0 430.0 17 22.868976190476186 mpd_20250404_131958.data
290.0 430.0 17 22.767738095238098 mpd_20250404_132023.data
290.0 450.0 17 22.767738095238098 mpd_20250404_132048.data
270.0 450.0 17 22.767738095238098 mpd_20250404_132113.data
250.0 450.0 17 22.767738095238098 mpd_20250404_132138.data
230.0 450.0 17 22.767738095238098 mpd_20250404_132203.data
210.0 450.0 17 22.666095238095238 mpd_20250404_132228.data
190.0 450.0 17 22.767738095238098 mpd_20250404_132253.data
170.0 450.0 17 22.767738095238098 mpd_20250404_132318.data
150.0 450.0 17 22.767738095238098 mpd_20250404_132343.data
130.0 450.0 17 22.767738095238098 mpd_20250404_132408.data
110.0 450.0 17 22.767738095238098 mpd_20250404_132433.data
90.0 450.0 17 22.666095238095238 mpd_20250404_132458.data
70.0 450.0 17 22.767738095238098 mpd_20250404_132523.data
50.0 450.0 17 22.767738095238098 mpd_20250404_132548.data
30.0 450.0 17 22.767738095238098 mpd_20250404_132613.data
10.0 450.0 17 22.767738095238098 mpd_20250404_132638.data
10.0 470.0 17 22.767738095238098 mpd_20250404_132703.data
30.0 470.0 17 22.666095238095238 mpd_20250404_132729.data
50.0 470.0 17 22.666095238095238 mpd_20250404_132754.data
70.0 470.0 17 22.666095238095238 mpd_20250404_132819.data
90.0 470.0 17 22.767738095238098 mpd_20250404_132844.data
110.0 470.0 17 22.767738095238098 mpd_20250404_132909.data
130.0 470.0 17 22.767738095238098 mpd_20250404_132934.data
150.0 470.0 17 22.767738095238098 mpd_20250404_132959.data
170.0 470.0 17 22.767738095238098 mpd_20250404_133024.data
190.0 470.0 17 22.767738095238098 mpd_20250404_133049.data
210.0 470.0 17 22.767738095238098 mpd_20250404_133114.data
230.0 470.0 17 22.767738095238098 mpd_20250404_133139.data
250.0 470.0 17 22.767738095238098 mpd_20250404_133204.data
270.0 470.0 17 22.767738095238098 mpd_20250404_133229.data
290.0 470.0 17 22.767738095238098 mpd_20250404_133254.data
