-1 -1 -1 21.74431818181818 mpd_20250328_080606.data
10.0 10.0 17 21.64318181818182 mpd_20250328_080646.data
30.0 10.0 17 21.64318181818182 mpd_20250328_080711.data
50.0 10.0 17 21.74431818181818 mpd_20250328_080736.data
70.0 10.0 17 21.64318181818182 mpd_20250328_080801.data
90.0 10.0 17 21.64318181818182 mpd_20250328_080826.data
110.0 10.0 17 21.74431818181818 mpd_20250328_080851.data
130.0 10.0 17 21.74431818181818 mpd_20250328_080916.data
150.0 10.0 17 21.64318181818182 mpd_20250328_080941.data
170.0 10.0 17 21.541659090909093 mpd_20250328_081006.data
190.0 10.0 17 21.541659090909093 mpd_20250328_081031.data
210.0 10.0 17 21.845022727272724 mpd_20250328_081056.data
230.0 10.0 17 21.541659090909093 mpd_20250328_081121.data
250.0 10.0 17 21.74431818181818 mpd_20250328_081146.data
270.0 10.0 17 21.64318181818182 mpd_20250328_081211.data
290.0 10.0 17 21.64318181818182 mpd_20250328_081236.data
290.0 30.0 17 21.64318181818182 mpd_20250328_081301.data
270.0 30.0 17 21.64318181818182 mpd_20250328_081326.data
250.0 30.0 17 21.64318181818182 mpd_20250328_081351.data
230.0 30.0 17 21.64318181818182 mpd_20250328_081416.data
210.0 30.0 17 21.64318181818182 mpd_20250328_081441.data
190.0 30.0 17 21.64318181818182 mpd_20250328_081506.data
170.0 30.0 17 21.541659090909093 mpd_20250328_081531.data
150.0 30.0 17 21.64318181818182 mpd_20250328_081556.data
130.0 30.0 17 21.64318181818182 mpd_20250328_081621.data
110.0 30.0 17 21.74431818181818 mpd_20250328_081646.data
90.0 30.0 17 21.945295454545455 mpd_20250328_081711.data
70.0 30.0 17 21.64318181818182 mpd_20250328_081736.data
50.0 30.0 17 21.945295454545455 mpd_20250328_081801.data
30.0 30.0 17 21.845022727272724 mpd_20250328_081826.data
10.0 30.0 17 21.945295454545455 mpd_20250328_081851.data
10.0 50.0 17 22.04733333333333 mpd_20250328_081916.data
30.0 50.0 17 21.845022727272724 mpd_20250328_081941.data
50.0 50.0 17 21.945295454545455 mpd_20250328_082006.data
70.0 50.0 17 21.945295454545455 mpd_20250328_082032.data
90.0 50.0 17 21.74431818181818 mpd_20250328_082057.data
110.0 50.0 17 22.04733333333333 mpd_20250328_082122.data
130.0 50.0 17 21.945295454545455 mpd_20250328_082147.data
150.0 50.0 17 21.74431818181818 mpd_20250328_082212.data
170.0 50.0 17 22.04733333333333 mpd_20250328_082237.data
190.0 50.0 17 21.945295454545455 mpd_20250328_082302.data
210.0 50.0 17 21.845022727272724 mpd_20250328_082327.data
230.0 50.0 17 22.04733333333333 mpd_20250328_082352.data
250.0 50.0 17 21.845022727272724 mpd_20250328_082417.data
270.0 50.0 17 21.945295454545455 mpd_20250328_082442.data
290.0 50.0 17 22.04733333333333 mpd_20250328_082507.data
290.0 70.0 17 21.74431818181818 mpd_20250328_082532.data
270.0 70.0 17 22.04733333333333 mpd_20250328_082557.data
250.0 70.0 17 22.04733333333333 mpd_20250328_082622.data
230.0 70.0 17 21.74431818181818 mpd_20250328_082647.data
210.0 70.0 17 21.945295454545455 mpd_20250328_082712.data
190.0 70.0 17 21.74431818181818 mpd_20250328_082737.data
170.0 70.0 17 22.04733333333333 mpd_20250328_082802.data
150.0 70.0 17 21.945295454545455 mpd_20250328_082827.data
130.0 70.0 17 21.845022727272724 mpd_20250328_082852.data
110.0 70.0 17 21.945295454545455 mpd_20250328_082917.data
90.0 70.0 17 22.04733333333333 mpd_20250328_082942.data
70.0 70.0 17 21.74431818181818 mpd_20250328_083007.data
50.0 70.0 17 21.945295454545455 mpd_20250328_083032.data
30.0 70.0 17 21.74431818181818 mpd_20250328_083057.data
10.0 70.0 17 22.04733333333333 mpd_20250328_083122.data
10.0 90.0 17 22.04733333333333 mpd_20250328_083147.data
30.0 90.0 17 22.04733333333333 mpd_20250328_083212.data
50.0 90.0 17 22.04733333333333 mpd_20250328_083237.data
70.0 90.0 17 21.945295454545455 mpd_20250328_083302.data
90.0 90.0 17 21.945295454545455 mpd_20250328_083327.data
110.0 90.0 17 21.945295454545455 mpd_20250328_083352.data
130.0 90.0 17 21.74431818181818 mpd_20250328_083417.data
150.0 90.0 17 22.04733333333333 mpd_20250328_083442.data
170.0 90.0 17 21.945295454545455 mpd_20250328_083507.data
190.0 90.0 17 21.945295454545455 mpd_20250328_083532.data
210.0 90.0 17 22.04733333333333 mpd_20250328_083557.data
230.0 90.0 17 22.04733333333333 mpd_20250328_083622.data
250.0 90.0 17 22.04733333333333 mpd_20250328_083647.data
270.0 90.0 17 22.04733333333333 mpd_20250328_083712.data
290.0 90.0 17 21.845022727272724 mpd_20250328_083737.data
290.0 110.0 17 22.04733333333333 mpd_20250328_083802.data
270.0 110.0 17 22.04733333333333 mpd_20250328_083827.data
250.0 110.0 17 21.945295454545455 mpd_20250328_083852.data
230.0 110.0 17 22.04733333333333 mpd_20250328_083917.data
210.0 110.0 17 21.845022727272724 mpd_20250328_083942.data
190.0 110.0 17 22.04733333333333 mpd_20250328_084007.data
170.0 110.0 17 22.15152380952381 mpd_20250328_084032.data
150.0 110.0 17 21.74431818181818 mpd_20250328_084057.data
130.0 110.0 17 22.04733333333333 mpd_20250328_084122.data
110.0 110.0 17 21.74431818181818 mpd_20250328_084147.data
90.0 110.0 17 21.845022727272724 mpd_20250328_084212.data
70.0 110.0 17 22.04733333333333 mpd_20250328_084237.data
50.0 110.0 17 21.74431818181818 mpd_20250328_084302.data
30.0 110.0 17 22.15152380952381 mpd_20250328_084327.data
10.0 110.0 17 21.845022727272724 mpd_20250328_084352.data
10.0 130.0 17 22.04733333333333 mpd_20250328_084417.data
30.0 130.0 17 21.845022727272724 mpd_20250328_084442.data
50.0 130.0 17 22.04733333333333 mpd_20250328_084507.data
70.0 130.0 17 21.74431818181818 mpd_20250328_084533.data
90.0 130.0 17 22.04733333333333 mpd_20250328_084558.data
110.0 130.0 17 22.04733333333333 mpd_20250328_084623.data
130.0 130.0 17 21.74431818181818 mpd_20250328_084648.data
150.0 130.0 17 22.04733333333333 mpd_20250328_084713.data
170.0 130.0 17 21.64318181818182 mpd_20250328_084738.data
190.0 130.0 17 22.15152380952381 mpd_20250328_084803.data
210.0 130.0 17 22.04733333333333 mpd_20250328_084828.data
230.0 130.0 17 21.74431818181818 mpd_20250328_084853.data
250.0 130.0 17 21.945295454545455 mpd_20250328_084918.data
270.0 130.0 17 21.74431818181818 mpd_20250328_084943.data
290.0 130.0 17 22.04733333333333 mpd_20250328_085008.data
290.0 150.0 17 22.04733333333333 mpd_20250328_085033.data
270.0 150.0 17 21.845022727272724 mpd_20250328_085058.data
250.0 150.0 17 22.04733333333333 mpd_20250328_085123.data
230.0 150.0 17 21.74431818181818 mpd_20250328_085148.data
210.0 150.0 17 21.845022727272724 mpd_20250328_085213.data
190.0 150.0 17 21.74431818181818 mpd_20250328_085238.data
170.0 150.0 17 22.04733333333333 mpd_20250328_085303.data
150.0 150.0 17 21.845022727272724 mpd_20250328_085328.data
130.0 150.0 17 22.04733333333333 mpd_20250328_085353.data
110.0 150.0 17 22.04733333333333 mpd_20250328_085418.data
90.0 150.0 17 21.845022727272724 mpd_20250328_085443.data
70.0 150.0 17 22.04733333333333 mpd_20250328_085508.data
50.0 150.0 17 21.845022727272724 mpd_20250328_085533.data
30.0 150.0 17 22.04733333333333 mpd_20250328_085558.data
10.0 150.0 17 21.845022727272724 mpd_20250328_085623.data
10.0 170.0 17 22.04733333333333 mpd_20250328_085648.data
30.0 170.0 17 21.945295454545455 mpd_20250328_085713.data
50.0 170.0 17 21.945295454545455 mpd_20250328_085738.data
70.0 170.0 17 21.945295454545455 mpd_20250328_085803.data
90.0 170.0 17 22.04733333333333 mpd_20250328_085828.data
110.0 170.0 17 21.64318181818182 mpd_20250328_085853.data
130.0 170.0 17 22.04733333333333 mpd_20250328_085918.data
150.0 170.0 17 22.04733333333333 mpd_20250328_085943.data
170.0 170.0 17 21.945295454545455 mpd_20250328_090008.data
190.0 170.0 17 21.945295454545455 mpd_20250328_090033.data
210.0 170.0 17 21.74431818181818 mpd_20250328_090058.data
230.0 170.0 17 21.945295454545455 mpd_20250328_090123.data
250.0 170.0 17 21.845022727272724 mpd_20250328_090148.data
270.0 170.0 17 21.945295454545455 mpd_20250328_090213.data
290.0 170.0 17 21.845022727272724 mpd_20250328_090238.data
290.0 190.0 17 22.04733333333333 mpd_20250328_090303.data
270.0 190.0 17 22.04733333333333 mpd_20250328_090328.data
250.0 190.0 17 22.04733333333333 mpd_20250328_090353.data
230.0 190.0 17 22.04733333333333 mpd_20250328_090418.data
210.0 190.0 17 21.945295454545455 mpd_20250328_090443.data
190.0 190.0 17 22.04733333333333 mpd_20250328_090508.data
170.0 190.0 17 22.04733333333333 mpd_20250328_090533.data
150.0 190.0 17 21.945295454545455 mpd_20250328_090558.data
130.0 190.0 17 21.845022727272724 mpd_20250328_090623.data
110.0 190.0 17 22.04733333333333 mpd_20250328_090648.data
90.0 190.0 17 21.845022727272724 mpd_20250328_090713.data
70.0 190.0 17 22.04733333333333 mpd_20250328_090738.data
50.0 190.0 17 21.74431818181818 mpd_20250328_090803.data
30.0 190.0 17 22.04733333333333 mpd_20250328_090828.data
10.0 190.0 17 21.74431818181818 mpd_20250328_090853.data
10.0 210.0 17 22.04733333333333 mpd_20250328_090919.data
30.0 210.0 17 21.845022727272724 mpd_20250328_090944.data
50.0 210.0 17 22.04733333333333 mpd_20250328_091009.data
70.0 210.0 17 21.945295454545455 mpd_20250328_091034.data
90.0 210.0 17 21.945295454545455 mpd_20250328_091059.data
110.0 210.0 17 21.845022727272724 mpd_20250328_091124.data
130.0 210.0 17 22.04733333333333 mpd_20250328_091149.data
150.0 210.0 17 21.74431818181818 mpd_20250328_091214.data
170.0 210.0 17 22.04733333333333 mpd_20250328_091239.data
190.0 210.0 17 21.845022727272724 mpd_20250328_091304.data
210.0 210.0 17 21.945295454545455 mpd_20250328_091329.data
230.0 210.0 17 21.74431818181818 mpd_20250328_091354.data
250.0 210.0 17 22.04733333333333 mpd_20250328_091419.data
270.0 210.0 17 21.845022727272724 mpd_20250328_091444.data
290.0 210.0 17 22.04733333333333 mpd_20250328_091509.data
290.0 230.0 17 21.845022727272724 mpd_20250328_091534.data
270.0 230.0 17 21.945295454545455 mpd_20250328_091559.data
250.0 230.0 17 21.845022727272724 mpd_20250328_091624.data
230.0 230.0 17 21.945295454545455 mpd_20250328_091649.data
210.0 230.0 17 21.845022727272724 mpd_20250328_091714.data
190.0 230.0 17 22.04733333333333 mpd_20250328_091739.data
170.0 230.0 17 22.04733333333333 mpd_20250328_091804.data
150.0 230.0 17 21.945295454545455 mpd_20250328_091829.data
130.0 230.0 17 21.845022727272724 mpd_20250328_091854.data
110.0 230.0 17 22.04733333333333 mpd_20250328_091919.data
90.0 230.0 17 21.845022727272724 mpd_20250328_091944.data
70.0 230.0 17 21.945295454545455 mpd_20250328_092009.data
50.0 230.0 17 22.04733333333333 mpd_20250328_092034.data
30.0 230.0 17 22.04733333333333 mpd_20250328_092059.data
10.0 230.0 17 22.04733333333333 mpd_20250328_092124.data
10.0 250.0 17 22.04733333333333 mpd_20250328_092149.data
30.0 250.0 17 22.04733333333333 mpd_20250328_092214.data
50.0 250.0 17 21.74431818181818 mpd_20250328_092239.data
70.0 250.0 17 21.945295454545455 mpd_20250328_092304.data
90.0 250.0 17 21.845022727272724 mpd_20250328_092329.data
110.0 250.0 17 22.04733333333333 mpd_20250328_092354.data
130.0 250.0 17 21.845022727272724 mpd_20250328_092419.data
150.0 250.0 17 21.845022727272724 mpd_20250328_092444.data
170.0 250.0 17 22.04733333333333 mpd_20250328_092509.data
190.0 250.0 17 21.945295454545455 mpd_20250328_092534.data
210.0 250.0 17 21.845022727272724 mpd_20250328_092559.data
230.0 250.0 17 22.04733333333333 mpd_20250328_092624.data
250.0 250.0 17 21.945295454545455 mpd_20250328_092649.data
270.0 250.0 17 22.04733333333333 mpd_20250328_092714.data
290.0 250.0 17 22.04733333333333 mpd_20250328_092739.data
290.0 270.0 17 21.64318181818182 mpd_20250328_092804.data
270.0 270.0 17 22.04733333333333 mpd_20250328_092829.data
250.0 270.0 17 21.845022727272724 mpd_20250328_092854.data
230.0 270.0 17 21.945295454545455 mpd_20250328_092919.data
210.0 270.0 17 21.845022727272724 mpd_20250328_092944.data
190.0 270.0 17 22.04733333333333 mpd_20250328_093009.data
170.0 270.0 17 21.74431818181818 mpd_20250328_093034.data
150.0 270.0 17 22.04733333333333 mpd_20250328_093059.data
130.0 270.0 17 21.64318181818182 mpd_20250328_093124.data
110.0 270.0 17 21.945295454545455 mpd_20250328_093149.data
90.0 270.0 17 21.845022727272724 mpd_20250328_093214.data
70.0 270.0 17 -1 mpd_20250328_093239.data
50.0 270.0 17 21.845022727272724 mpd_20250328_093304.data
30.0 270.0 17 22.04733333333333 mpd_20250328_093329.data
10.0 270.0 17 -1 mpd_20250328_093354.data
10.0 290.0 17 21.945295454545455 mpd_20250328_093419.data
30.0 290.0 17 21.64318181818182 mpd_20250328_093445.data
50.0 290.0 17 -1 mpd_20250328_093510.data
70.0 290.0 17 21.845022727272724 mpd_20250328_093535.data
90.0 290.0 17 22.04733333333333 mpd_20250328_093600.data
110.0 290.0 17 -1 mpd_20250328_093625.data
130.0 290.0 17 22.04733333333333 mpd_20250328_093650.data
150.0 290.0 17 21.945295454545455 mpd_20250328_093715.data
170.0 290.0 17 -1 mpd_20250328_093740.data
190.0 290.0 17 21.945295454545455 mpd_20250328_093805.data
210.0 290.0 17 21.845022727272724 mpd_20250328_093830.data
230.0 290.0 17 21.845022727272724 mpd_20250328_093855.data
250.0 290.0 17 21.845022727272724 mpd_20250328_093920.data
270.0 290.0 17 21.945295454545455 mpd_20250328_093945.data
290.0 290.0 17 21.845022727272724 mpd_20250328_094010.data
290.0 310.0 17 21.845022727272724 mpd_20250328_094035.data
270.0 310.0 17 21.945295454545455 mpd_20250328_094100.data
250.0 310.0 17 21.945295454545455 mpd_20250328_094125.data
230.0 310.0 17 21.845022727272724 mpd_20250328_094150.data
210.0 310.0 17 21.845022727272724 mpd_20250328_094215.data
190.0 310.0 17 21.945295454545455 mpd_20250328_094240.data
170.0 310.0 17 21.945295454545455 mpd_20250328_094305.data
150.0 310.0 17 21.845022727272724 mpd_20250328_094330.data
130.0 310.0 17 21.845022727272724 mpd_20250328_094355.data
110.0 310.0 17 21.945295454545455 mpd_20250328_094420.data
90.0 310.0 17 21.845022727272724 mpd_20250328_094445.data
70.0 310.0 17 21.845022727272724 mpd_20250328_094510.data
50.0 310.0 17 21.945295454545455 mpd_20250328_094535.data
30.0 310.0 17 21.945295454545455 mpd_20250328_094600.data
10.0 310.0 17 21.945295454545455 mpd_20250328_094625.data
10.0 330.0 17 21.845022727272724 mpd_20250328_094650.data
30.0 330.0 17 21.945295454545455 mpd_20250328_094715.data
50.0 330.0 17 21.945295454545455 mpd_20250328_094740.data
70.0 330.0 17 21.945295454545455 mpd_20250328_094805.data
90.0 330.0 17 21.845022727272724 mpd_20250328_094830.data
110.0 330.0 17 21.845022727272724 mpd_20250328_094855.data
130.0 330.0 17 21.845022727272724 mpd_20250328_094920.data
150.0 330.0 17 21.845022727272724 mpd_20250328_094945.data
170.0 330.0 17 21.845022727272724 mpd_20250328_095010.data
190.0 330.0 17 21.945295454545455 mpd_20250328_095035.data
210.0 330.0 17 21.945295454545455 mpd_20250328_095100.data
230.0 330.0 17 21.945295454545455 mpd_20250328_095125.data
250.0 330.0 17 21.945295454545455 mpd_20250328_095150.data
270.0 330.0 17 21.945295454545455 mpd_20250328_095215.data
290.0 330.0 17 21.945295454545455 mpd_20250328_095240.data
10.0 350.0 17 21.845022727272724 mpd_20250328_100923.data
30.0 350.0 17 21.845022727272724 mpd_20250328_100948.data
50.0 350.0 17 21.945295454545455 mpd_20250328_101013.data
70.0 350.0 17 21.945295454545455 mpd_20250328_101038.data
90.0 350.0 17 21.945295454545455 mpd_20250328_101103.data
110.0 350.0 17 22.04733333333333 mpd_20250328_101128.data
130.0 350.0 17 21.845022727272724 mpd_20250328_101153.data
150.0 350.0 17 21.945295454545455 mpd_20250328_101218.data
170.0 350.0 17 21.945295454545455 mpd_20250328_101243.data
190.0 350.0 17 21.945295454545455 mpd_20250328_101308.data
210.0 350.0 17 21.845022727272724 mpd_20250328_101333.data
230.0 350.0 17 21.945295454545455 mpd_20250328_101358.data
250.0 350.0 17 21.845022727272724 mpd_20250328_101423.data
270.0 350.0 17 21.945295454545455 mpd_20250328_101448.data
290.0 350.0 17 21.945295454545455 mpd_20250328_101513.data
290.0 370.0 17 21.845022727272724 mpd_20250328_101538.data
270.0 370.0 17 21.945295454545455 mpd_20250328_101603.data
250.0 370.0 17 21.74431818181818 mpd_20250328_101628.data
230.0 370.0 17 21.845022727272724 mpd_20250328_101653.data
210.0 370.0 17 21.945295454545455 mpd_20250328_101718.data
190.0 370.0 17 21.945295454545455 mpd_20250328_101743.data
170.0 370.0 17 21.945295454545455 mpd_20250328_101808.data
150.0 370.0 17 21.945295454545455 mpd_20250328_101833.data
130.0 370.0 17 21.945295454545455 mpd_20250328_101858.data
110.0 370.0 17 21.845022727272724 mpd_20250328_101923.data
90.0 370.0 17 21.945295454545455 mpd_20250328_101948.data
70.0 370.0 17 21.845022727272724 mpd_20250328_102013.data
50.0 370.0 17 21.845022727272724 mpd_20250328_102038.data
30.0 370.0 17 21.845022727272724 mpd_20250328_102103.data
10.0 370.0 17 21.845022727272724 mpd_20250328_102128.data
10.0 390.0 17 21.945295454545455 mpd_20250328_102153.data
30.0 390.0 17 21.845022727272724 mpd_20250328_102218.data
50.0 390.0 17 21.845022727272724 mpd_20250328_102243.data
70.0 390.0 17 21.845022727272724 mpd_20250328_102308.data
90.0 390.0 17 21.845022727272724 mpd_20250328_102333.data
110.0 390.0 17 21.945295454545455 mpd_20250328_102358.data
130.0 390.0 17 21.845022727272724 mpd_20250328_102423.data
150.0 390.0 17 21.945295454545455 mpd_20250328_102448.data
170.0 390.0 17 21.845022727272724 mpd_20250328_102514.data
190.0 390.0 17 21.945295454545455 mpd_20250328_102539.data
210.0 390.0 17 21.845022727272724 mpd_20250328_102604.data
230.0 390.0 17 21.845022727272724 mpd_20250328_102629.data
250.0 390.0 17 21.845022727272724 mpd_20250328_102654.data
270.0 390.0 17 21.945295454545455 mpd_20250328_102719.data
290.0 390.0 17 21.945295454545455 mpd_20250328_102744.data
290.0 410.0 17 21.845022727272724 mpd_20250328_102809.data
270.0 410.0 17 21.845022727272724 mpd_20250328_102834.data
250.0 410.0 17 21.845022727272724 mpd_20250328_102859.data
230.0 410.0 17 21.845022727272724 mpd_20250328_102924.data
210.0 410.0 17 21.845022727272724 mpd_20250328_102949.data
190.0 410.0 17 21.845022727272724 mpd_20250328_103014.data
170.0 410.0 17 21.945295454545455 mpd_20250328_103039.data
150.0 410.0 17 21.945295454545455 mpd_20250328_103104.data
130.0 410.0 17 21.845022727272724 mpd_20250328_103129.data
110.0 410.0 17 21.845022727272724 mpd_20250328_103154.data
90.0 410.0 17 21.945295454545455 mpd_20250328_103219.data
70.0 410.0 17 21.945295454545455 mpd_20250328_103244.data
50.0 410.0 17 21.945295454545455 mpd_20250328_103309.data
30.0 410.0 17 21.945295454545455 mpd_20250328_103334.data
10.0 410.0 17 21.945295454545455 mpd_20250328_103359.data
10.0 430.0 17 21.945295454545455 mpd_20250328_103424.data
30.0 430.0 17 21.845022727272724 mpd_20250328_103449.data
50.0 430.0 17 21.845022727272724 mpd_20250328_103514.data
70.0 430.0 17 21.945295454545455 mpd_20250328_103539.data
90.0 430.0 17 21.945295454545455 mpd_20250328_103604.data
110.0 430.0 17 21.845022727272724 mpd_20250328_103629.data
130.0 430.0 17 21.845022727272724 mpd_20250328_103654.data
150.0 430.0 17 21.845022727272724 mpd_20250328_103719.data
170.0 430.0 17 21.945295454545455 mpd_20250328_103744.data
190.0 430.0 17 21.845022727272724 mpd_20250328_103809.data
210.0 430.0 17 21.845022727272724 mpd_20250328_103834.data
230.0 430.0 17 21.845022727272724 mpd_20250328_103859.data
250.0 430.0 17 21.845022727272724 mpd_20250328_103924.data
270.0 430.0 17 21.945295454545455 mpd_20250328_103949.data
290.0 430.0 17 21.945295454545455 mpd_20250328_104014.data
290.0 450.0 17 21.945295454545455 mpd_20250328_104039.data
270.0 450.0 17 21.845022727272724 mpd_20250328_104104.data
250.0 450.0 17 21.845022727272724 mpd_20250328_104129.data
230.0 450.0 17 21.845022727272724 mpd_20250328_104154.data
210.0 450.0 17 21.945295454545455 mpd_20250328_104219.data
190.0 450.0 17 21.945295454545455 mpd_20250328_104244.data
170.0 450.0 17 21.945295454545455 mpd_20250328_104309.data
150.0 450.0 17 21.945295454545455 mpd_20250328_104334.data
130.0 450.0 17 21.945295454545455 mpd_20250328_104359.data
110.0 450.0 17 21.845022727272724 mpd_20250328_104424.data
90.0 450.0 17 21.845022727272724 mpd_20250328_104449.data
70.0 450.0 17 21.74431818181818 mpd_20250328_104514.data
50.0 450.0 17 21.845022727272724 mpd_20250328_104539.data
30.0 450.0 17 21.945295454545455 mpd_20250328_104604.data
10.0 450.0 17 22.04733333333333 mpd_20250328_104629.data
10.0 470.0 17 21.845022727272724 mpd_20250328_104654.data
30.0 470.0 17 21.945295454545455 mpd_20250328_104719.data
50.0 470.0 17 21.945295454545455 mpd_20250328_104745.data
70.0 470.0 17 21.945295454545455 mpd_20250328_104810.data
90.0 470.0 17 21.945295454545455 mpd_20250328_104835.data
110.0 470.0 17 21.945295454545455 mpd_20250328_104900.data
130.0 470.0 17 21.845022727272724 mpd_20250328_104925.data
150.0 470.0 17 21.845022727272724 mpd_20250328_104950.data
170.0 470.0 17 21.845022727272724 mpd_20250328_105015.data
190.0 470.0 17 22.15152380952381 mpd_20250328_105040.data
210.0 470.0 17 21.945295454545455 mpd_20250328_105105.data
230.0 470.0 17 21.945295454545455 mpd_20250328_105130.data
250.0 470.0 17 21.945295454545455 mpd_20250328_105155.data
270.0 470.0 17 21.945295454545455 mpd_20250328_105220.data
290.0 470.0 17 21.845022727272724 mpd_20250328_105245.data
