-1 -1 -1 22.04733333333333 mpd_20250328_121440.data
10.0 10.0 17 22.35861904761905 mpd_20250328_121520.data
30.0 10.0 17 22.15152380952381 mpd_20250328_121545.data
50.0 10.0 17 22.255285714285712 mpd_20250328_121610.data
70.0 10.0 17 22.255285714285712 mpd_20250328_121635.data
90.0 10.0 17 22.255285714285712 mpd_20250328_121700.data
110.0 10.0 17 22.15152380952381 mpd_20250328_121725.data
130.0 10.0 17 22.04733333333333 mpd_20250328_121750.data
150.0 10.0 17 22.15152380952381 mpd_20250328_121815.data
170.0 10.0 17 22.04733333333333 mpd_20250328_121840.data
190.0 10.0 17 22.255285714285712 mpd_20250328_121905.data
210.0 10.0 17 21.945295454545455 mpd_20250328_121930.data
230.0 10.0 17 22.35861904761905 mpd_20250328_121955.data
250.0 10.0 17 22.255285714285712 mpd_20250328_122020.data
270.0 10.0 17 22.255285714285712 mpd_20250328_122046.data
290.0 10.0 17 22.255285714285712 mpd_20250328_122111.data
290.0 30.0 17 21.945295454545455 mpd_20250328_122136.data
270.0 30.0 17 22.255285714285712 mpd_20250328_122201.data
250.0 30.0 17 22.15152380952381 mpd_20250328_122226.data
230.0 30.0 17 22.15152380952381 mpd_20250328_122251.data
210.0 30.0 17 22.255285714285712 mpd_20250328_122316.data
190.0 30.0 17 22.04733333333333 mpd_20250328_122341.data
170.0 30.0 17 22.255285714285712 mpd_20250328_122406.data
150.0 30.0 17 22.04733333333333 mpd_20250328_122431.data
130.0 30.0 17 22.255285714285712 mpd_20250328_122456.data
110.0 30.0 17 22.255285714285712 mpd_20250328_122521.data
90.0 30.0 17 22.255285714285712 mpd_20250328_122546.data
70.0 30.0 17 22.255285714285712 mpd_20250328_122611.data
50.0 30.0 17 21.945295454545455 mpd_20250328_122636.data
30.0 30.0 17 22.255285714285712 mpd_20250328_122701.data
10.0 30.0 17 22.15152380952381 mpd_20250328_122726.data
10.0 50.0 17 22.15152380952381 mpd_20250328_122751.data
30.0 50.0 17 21.945295454545455 mpd_20250328_122816.data
50.0 50.0 17 22.255285714285712 mpd_20250328_122841.data
70.0 50.0 17 22.04733333333333 mpd_20250328_122906.data
90.0 50.0 17 22.255285714285712 mpd_20250328_122931.data
110.0 50.0 17 22.255285714285712 mpd_20250328_122956.data
130.0 50.0 17 22.15152380952381 mpd_20250328_123021.data
150.0 50.0 17 22.255285714285712 mpd_20250328_123046.data
170.0 50.0 17 22.04733333333333 mpd_20250328_123111.data
190.0 50.0 17 22.255285714285712 mpd_20250328_123136.data
210.0 50.0 17 21.945295454545455 mpd_20250328_123201.data
230.0 50.0 17 22.15152380952381 mpd_20250328_123226.data
250.0 50.0 17 22.04733333333333 mpd_20250328_123251.data
270.0 50.0 17 22.255285714285712 mpd_20250328_123316.data
290.0 50.0 17 22.255285714285712 mpd_20250328_123341.data
290.0 70.0 17 22.15152380952381 mpd_20250328_123406.data
270.0 70.0 17 22.255285714285712 mpd_20250328_123431.data
250.0 70.0 17 22.255285714285712 mpd_20250328_123456.data
230.0 70.0 17 22.255285714285712 mpd_20250328_123521.data
210.0 70.0 17 22.04733333333333 mpd_20250328_123546.data
190.0 70.0 17 22.255285714285712 mpd_20250328_123611.data
170.0 70.0 17 22.15152380952381 mpd_20250328_123636.data
150.0 70.0 17 22.255285714285712 mpd_20250328_123701.data
130.0 70.0 17 21.945295454545455 mpd_20250328_123726.data
110.0 70.0 17 22.15152380952381 mpd_20250328_123751.data
90.0 70.0 17 22.04733333333333 mpd_20250328_123816.data
70.0 70.0 17 22.255285714285712 mpd_20250328_123841.data
50.0 70.0 17 22.255285714285712 mpd_20250328_123906.data
30.0 70.0 17 22.255285714285712 mpd_20250328_123931.data
10.0 70.0 17 22.15152380952381 mpd_20250328_123956.data
10.0 90.0 17 22.04733333333333 mpd_20250328_124021.data
30.0 90.0 17 22.255285714285712 mpd_20250328_124046.data
50.0 90.0 17 22.04733333333333 mpd_20250328_124111.data
70.0 90.0 17 22.255285714285712 mpd_20250328_124136.data
90.0 90.0 17 22.04733333333333 mpd_20250328_124201.data
110.0 90.0 17 22.15152380952381 mpd_20250328_124226.data
130.0 90.0 17 22.255285714285712 mpd_20250328_124251.data
150.0 90.0 17 22.35861904761905 mpd_20250328_124316.data
170.0 90.0 17 22.255285714285712 mpd_20250328_124341.data
190.0 90.0 17 21.845022727272724 mpd_20250328_124407.data
210.0 90.0 17 22.15152380952381 mpd_20250328_124432.data
230.0 90.0 17 21.845022727272724 mpd_20250328_124457.data
250.0 90.0 17 22.35861904761905 mpd_20250328_124522.data
270.0 90.0 17 22.04733333333333 mpd_20250328_124547.data
290.0 90.0 17 22.255285714285712 mpd_20250328_124612.data
290.0 110.0 17 22.35861904761905 mpd_20250328_124637.data
270.0 110.0 17 22.255285714285712 mpd_20250328_124702.data
250.0 110.0 17 22.35861904761905 mpd_20250328_124727.data
230.0 110.0 17 22.255285714285712 mpd_20250328_124752.data
210.0 110.0 17 22.255285714285712 mpd_20250328_124817.data
190.0 110.0 17 22.255285714285712 mpd_20250328_124842.data
170.0 110.0 17 22.255285714285712 mpd_20250328_124907.data
150.0 110.0 17 22.04733333333333 mpd_20250328_124932.data
130.0 110.0 17 22.255285714285712 mpd_20250328_124957.data
110.0 110.0 17 22.04733333333333 mpd_20250328_125022.data
90.0 110.0 17 22.255285714285712 mpd_20250328_125047.data
70.0 110.0 17 22.35861904761905 mpd_20250328_125112.data
50.0 110.0 17 22.15152380952381 mpd_20250328_125137.data
30.0 110.0 17 22.255285714285712 mpd_20250328_125202.data
10.0 110.0 17 21.945295454545455 mpd_20250328_125227.data
10.0 130.0 17 22.255285714285712 mpd_20250328_125252.data
30.0 130.0 17 22.04733333333333 mpd_20250328_125317.data
50.0 130.0 17 22.255285714285712 mpd_20250328_125342.data
70.0 130.0 17 22.35861904761905 mpd_20250328_125407.data
90.0 130.0 17 22.255285714285712 mpd_20250328_125432.data
110.0 130.0 17 22.35861904761905 mpd_20250328_125457.data
130.0 130.0 17 22.255285714285712 mpd_20250328_125522.data
150.0 130.0 17 22.35861904761905 mpd_20250328_125547.data
170.0 130.0 17 22.35861904761905 mpd_20250328_125612.data
190.0 130.0 17 22.35861904761905 mpd_20250328_125637.data
210.0 130.0 17 22.04733333333333 mpd_20250328_125702.data
230.0 130.0 17 22.15152380952381 mpd_20250328_125727.data
250.0 130.0 17 22.15152380952381 mpd_20250328_125752.data
270.0 130.0 17 22.255285714285712 mpd_20250328_125817.data
290.0 130.0 17 22.04733333333333 mpd_20250328_125842.data
290.0 150.0 17 22.255285714285712 mpd_20250328_125907.data
270.0 150.0 17 22.04733333333333 mpd_20250328_125932.data
250.0 150.0 17 22.255285714285712 mpd_20250328_125957.data
230.0 150.0 17 22.15152380952381 mpd_20250328_130022.data
210.0 150.0 17 22.35861904761905 mpd_20250328_130047.data
190.0 150.0 17 22.04733333333333 mpd_20250328_130112.data
170.0 150.0 17 22.255285714285712 mpd_20250328_130137.data
150.0 150.0 17 22.255285714285712 mpd_20250328_130202.data
130.0 150.0 17 22.255285714285712 mpd_20250328_130227.data
110.0 150.0 17 22.35861904761905 mpd_20250328_130252.data
90.0 150.0 17 22.255285714285712 mpd_20250328_130317.data
70.0 150.0 17 22.255285714285712 mpd_20250328_130342.data
50.0 150.0 17 22.04733333333333 mpd_20250328_130407.data
30.0 150.0 17 22.255285714285712 mpd_20250328_130432.data
10.0 150.0 17 22.35861904761905 mpd_20250328_130457.data
10.0 170.0 17 22.255285714285712 mpd_20250328_130522.data
30.0 170.0 17 22.255285714285712 mpd_20250328_130547.data
50.0 170.0 17 22.35861904761905 mpd_20250328_130612.data
70.0 170.0 17 22.255285714285712 mpd_20250328_130637.data
90.0 170.0 17 22.255285714285712 mpd_20250328_130702.data
110.0 170.0 17 22.255285714285712 mpd_20250328_130727.data
130.0 170.0 17 22.35861904761905 mpd_20250328_130752.data
150.0 170.0 17 22.255285714285712 mpd_20250328_130818.data
170.0 170.0 17 21.945295454545455 mpd_20250328_130843.data
190.0 170.0 17 22.255285714285712 mpd_20250328_130908.data
210.0 170.0 17 22.15152380952381 mpd_20250328_130933.data
230.0 170.0 17 22.255285714285712 mpd_20250328_130958.data
250.0 170.0 17 22.255285714285712 mpd_20250328_131023.data
270.0 170.0 17 22.35861904761905 mpd_20250328_131048.data
290.0 170.0 17 22.255285714285712 mpd_20250328_131113.data
290.0 190.0 17 22.255285714285712 mpd_20250328_131138.data
270.0 190.0 17 22.255285714285712 mpd_20250328_131203.data
250.0 190.0 17 22.35861904761905 mpd_20250328_131228.data
230.0 190.0 17 22.255285714285712 mpd_20250328_131253.data
210.0 190.0 17 22.35861904761905 mpd_20250328_131318.data
190.0 190.0 17 22.255285714285712 mpd_20250328_131343.data
170.0 190.0 17 22.255285714285712 mpd_20250328_131408.data
150.0 190.0 17 22.255285714285712 mpd_20250328_131433.data
130.0 190.0 17 22.255285714285712 mpd_20250328_131458.data
110.0 190.0 17 22.35861904761905 mpd_20250328_131523.data
90.0 190.0 17 22.255285714285712 mpd_20250328_131548.data
70.0 190.0 17 22.255285714285712 mpd_20250328_131613.data
50.0 190.0 17 22.04733333333333 mpd_20250328_131638.data
30.0 190.0 17 22.04733333333333 mpd_20250328_131703.data
10.0 190.0 17 22.255285714285712 mpd_20250328_131728.data
10.0 210.0 17 22.04733333333333 mpd_20250328_131753.data
30.0 210.0 17 21.945295454545455 mpd_20250328_131818.data
50.0 210.0 17 21.945295454545455 mpd_20250328_131843.data
70.0 210.0 17 21.945295454545455 mpd_20250328_131908.data
90.0 210.0 17 22.15152380952381 mpd_20250328_131933.data
110.0 210.0 17 21.945295454545455 mpd_20250328_131958.data
130.0 210.0 17 22.04733333333333 mpd_20250328_132023.data
150.0 210.0 17 21.945295454545455 mpd_20250328_132048.data
170.0 210.0 17 21.945295454545455 mpd_20250328_132113.data
190.0 210.0 17 22.04733333333333 mpd_20250328_132138.data
210.0 210.0 17 21.945295454545455 mpd_20250328_132203.data
230.0 210.0 17 21.945295454545455 mpd_20250328_132228.data
250.0 210.0 17 21.945295454545455 mpd_20250328_132253.data
270.0 210.0 17 21.945295454545455 mpd_20250328_132318.data
290.0 210.0 17 21.945295454545455 mpd_20250328_132343.data
290.0 230.0 17 21.945295454545455 mpd_20250328_132408.data
270.0 230.0 17 21.945295454545455 mpd_20250328_132433.data
250.0 230.0 17 21.945295454545455 mpd_20250328_132458.data
230.0 230.0 17 21.945295454545455 mpd_20250328_132523.data
210.0 230.0 17 21.945295454545455 mpd_20250328_132548.data
190.0 230.0 17 21.945295454545455 mpd_20250328_132613.data
170.0 230.0 17 21.945295454545455 mpd_20250328_132638.data
150.0 230.0 17 21.945295454545455 mpd_20250328_132703.data
130.0 230.0 17 21.945295454545455 mpd_20250328_132728.data
110.0 230.0 17 22.04733333333333 mpd_20250328_132753.data
90.0 230.0 17 21.945295454545455 mpd_20250328_132818.data
70.0 230.0 17 21.945295454545455 mpd_20250328_132843.data
50.0 230.0 17 21.945295454545455 mpd_20250328_132908.data
30.0 230.0 17 21.945295454545455 mpd_20250328_132933.data
10.0 230.0 17 21.845022727272724 mpd_20250328_132958.data
10.0 250.0 17 21.945295454545455 mpd_20250328_133023.data
30.0 250.0 17 22.04733333333333 mpd_20250328_133048.data
50.0 250.0 17 22.15152380952381 mpd_20250328_133113.data
70.0 250.0 17 22.04733333333333 mpd_20250328_133138.data
90.0 250.0 17 22.04733333333333 mpd_20250328_133203.data
110.0 250.0 17 21.845022727272724 mpd_20250328_133228.data
130.0 250.0 17 21.945295454545455 mpd_20250328_133253.data
150.0 250.0 17 22.04733333333333 mpd_20250328_133318.data
170.0 250.0 17 22.04733333333333 mpd_20250328_133344.data
190.0 250.0 17 21.945295454545455 mpd_20250328_133409.data
210.0 250.0 17 21.945295454545455 mpd_20250328_133434.data
230.0 250.0 17 22.04733333333333 mpd_20250328_133459.data
250.0 250.0 17 21.945295454545455 mpd_20250328_133524.data
270.0 250.0 17 22.04733333333333 mpd_20250328_133549.data
290.0 250.0 17 21.945295454545455 mpd_20250328_133614.data
290.0 270.0 17 22.04733333333333 mpd_20250328_133639.data
270.0 270.0 17 21.945295454545455 mpd_20250328_133704.data
250.0 270.0 17 21.945295454545455 mpd_20250328_133729.data
230.0 270.0 17 21.945295454545455 mpd_20250328_133754.data
210.0 270.0 17 22.04733333333333 mpd_20250328_133819.data
190.0 270.0 17 22.04733333333333 mpd_20250328_133844.data
170.0 270.0 17 22.04733333333333 mpd_20250328_133909.data
150.0 270.0 17 22.04733333333333 mpd_20250328_133934.data
130.0 270.0 17 -1 mpd_20250328_133959.data
110.0 270.0 17 21.945295454545455 mpd_20250328_134024.data
90.0 270.0 17 22.04733333333333 mpd_20250328_134049.data
70.0 270.0 17 -1 mpd_20250328_134114.data
50.0 270.0 17 21.945295454545455 mpd_20250328_134139.data
30.0 270.0 17 22.04733333333333 mpd_20250328_134204.data
10.0 270.0 17 -1 mpd_20250328_134229.data
10.0 290.0 17 21.945295454545455 mpd_20250328_134254.data
30.0 290.0 17 21.945295454545455 mpd_20250328_134319.data
50.0 290.0 17 -1 mpd_20250328_134344.data
70.0 290.0 17 21.845022727272724 mpd_20250328_134409.data
90.0 290.0 17 22.04733333333333 mpd_20250328_134434.data
110.0 290.0 17 -1 mpd_20250328_134459.data
130.0 290.0 17 22.15152380952381 mpd_20250328_134524.data
150.0 290.0 17 22.15152380952381 mpd_20250328_134549.data
170.0 290.0 17 22.15152380952381 mpd_20250328_134614.data
190.0 290.0 17 22.15152380952381 mpd_20250328_134639.data
210.0 290.0 17 22.15152380952381 mpd_20250328_134704.data
230.0 290.0 17 22.15152380952381 mpd_20250328_134729.data
250.0 290.0 17 22.04733333333333 mpd_20250328_134754.data
270.0 290.0 17 22.15152380952381 mpd_20250328_134819.data
290.0 290.0 17 22.04733333333333 mpd_20250328_134844.data
290.0 310.0 17 22.15152380952381 mpd_20250328_134909.data
270.0 310.0 17 22.15152380952381 mpd_20250328_134934.data
250.0 310.0 17 22.15152380952381 mpd_20250328_134959.data
230.0 310.0 17 22.15152380952381 mpd_20250328_135024.data
210.0 310.0 17 22.15152380952381 mpd_20250328_135049.data
190.0 310.0 17 22.15152380952381 mpd_20250328_135114.data
170.0 310.0 17 22.15152380952381 mpd_20250328_135139.data
150.0 310.0 17 22.15152380952381 mpd_20250328_135204.data
130.0 310.0 17 22.35861904761905 mpd_20250328_135229.data
110.0 310.0 17 22.04733333333333 mpd_20250328_135254.data
90.0 310.0 17 22.04733333333333 mpd_20250328_135319.data
70.0 310.0 17 22.15152380952381 mpd_20250328_135344.data
50.0 310.0 17 22.15152380952381 mpd_20250328_135409.data
30.0 310.0 17 22.15152380952381 mpd_20250328_135434.data
10.0 310.0 17 22.04733333333333 mpd_20250328_135459.data
10.0 330.0 17 22.35861904761905 mpd_20250328_135524.data
30.0 330.0 17 22.15152380952381 mpd_20250328_135549.data
50.0 330.0 17 22.15152380952381 mpd_20250328_135615.data
70.0 330.0 17 22.15152380952381 mpd_20250328_135640.data
90.0 330.0 17 22.15152380952381 mpd_20250328_135705.data
110.0 330.0 17 22.04733333333333 mpd_20250328_135730.data
130.0 330.0 17 22.15152380952381 mpd_20250328_135755.data
150.0 330.0 17 22.04733333333333 mpd_20250328_135820.data
170.0 330.0 17 22.04733333333333 mpd_20250328_135845.data
190.0 330.0 17 22.04733333333333 mpd_20250328_135910.data
210.0 330.0 17 22.04733333333333 mpd_20250328_135935.data
230.0 330.0 17 22.15152380952381 mpd_20250328_140000.data
250.0 330.0 17 22.15152380952381 mpd_20250328_140025.data
270.0 330.0 17 22.15152380952381 mpd_20250328_140050.data
290.0 330.0 17 22.15152380952381 mpd_20250328_140115.data
10.0 350.0 17 22.15152380952381 mpd_20250328_151909.data
30.0 350.0 17 22.15152380952381 mpd_20250328_151934.data
50.0 350.0 17 22.04733333333333 mpd_20250328_151959.data
70.0 350.0 17 22.15152380952381 mpd_20250328_152024.data
90.0 350.0 17 22.04733333333333 mpd_20250328_152049.data
110.0 350.0 17 22.15152380952381 mpd_20250328_152114.data
130.0 350.0 17 22.04733333333333 mpd_20250328_152140.data
150.0 350.0 17 22.15152380952381 mpd_20250328_152205.data
170.0 350.0 17 22.15152380952381 mpd_20250328_152230.data
190.0 350.0 17 22.255285714285712 mpd_20250328_152255.data
210.0 350.0 17 22.15152380952381 mpd_20250328_152320.data
230.0 350.0 17 22.15152380952381 mpd_20250328_152345.data
250.0 350.0 17 22.15152380952381 mpd_20250328_152410.data
270.0 350.0 17 21.945295454545455 mpd_20250328_152435.data
290.0 350.0 17 22.15152380952381 mpd_20250328_152500.data
290.0 370.0 17 22.255285714285712 mpd_20250328_152525.data
270.0 370.0 17 22.04733333333333 mpd_20250328_152550.data
250.0 370.0 17 22.15152380952381 mpd_20250328_152615.data
230.0 370.0 17 22.04733333333333 mpd_20250328_152640.data
210.0 370.0 17 22.15152380952381 mpd_20250328_152705.data
190.0 370.0 17 22.15152380952381 mpd_20250328_152730.data
170.0 370.0 17 22.15152380952381 mpd_20250328_152755.data
150.0 370.0 17 22.15152380952381 mpd_20250328_152820.data
130.0 370.0 17 22.15152380952381 mpd_20250328_152845.data
110.0 370.0 17 22.15152380952381 mpd_20250328_152910.data
90.0 370.0 17 22.15152380952381 mpd_20250328_152935.data
70.0 370.0 17 22.04733333333333 mpd_20250328_153000.data
50.0 370.0 17 22.04733333333333 mpd_20250328_153025.data
30.0 370.0 17 22.15152380952381 mpd_20250328_153050.data
10.0 370.0 17 22.15152380952381 mpd_20250328_153115.data
10.0 390.0 17 22.15152380952381 mpd_20250328_153140.data
30.0 390.0 17 22.15152380952381 mpd_20250328_153205.data
50.0 390.0 17 22.04733333333333 mpd_20250328_153230.data
70.0 390.0 17 22.15152380952381 mpd_20250328_153255.data
90.0 390.0 17 22.15152380952381 mpd_20250328_153320.data
110.0 390.0 17 22.255285714285712 mpd_20250328_153345.data
130.0 390.0 17 22.15152380952381 mpd_20250328_153410.data
150.0 390.0 17 22.04733333333333 mpd_20250328_153435.data
170.0 390.0 17 22.15152380952381 mpd_20250328_153500.data
190.0 390.0 17 22.15152380952381 mpd_20250328_153525.data
210.0 390.0 17 22.15152380952381 mpd_20250328_153550.data
230.0 390.0 17 22.04733333333333 mpd_20250328_153615.data
250.0 390.0 17 22.15152380952381 mpd_20250328_153640.data
270.0 390.0 17 22.15152380952381 mpd_20250328_153705.data
290.0 390.0 17 22.15152380952381 mpd_20250328_153730.data
290.0 410.0 17 22.04733333333333 mpd_20250328_153755.data
270.0 410.0 17 22.04733333333333 mpd_20250328_153820.data
250.0 410.0 17 22.15152380952381 mpd_20250328_153845.data
230.0 410.0 17 22.04733333333333 mpd_20250328_153910.data
210.0 410.0 17 22.15152380952381 mpd_20250328_153935.data
190.0 410.0 17 22.04733333333333 mpd_20250328_154000.data
170.0 410.0 17 22.15152380952381 mpd_20250328_154025.data
150.0 410.0 17 22.15152380952381 mpd_20250328_154050.data
130.0 410.0 17 22.04733333333333 mpd_20250328_154115.data
110.0 410.0 17 22.04733333333333 mpd_20250328_154140.data
90.0 410.0 17 22.15152380952381 mpd_20250328_154205.data
70.0 410.0 17 22.15152380952381 mpd_20250328_154230.data
50.0 410.0 17 22.15152380952381 mpd_20250328_154255.data
30.0 410.0 17 22.15152380952381 mpd_20250328_154320.data
10.0 410.0 17 22.15152380952381 mpd_20250328_154345.data
10.0 430.0 17 22.15152380952381 mpd_20250328_154410.data
30.0 430.0 17 22.15152380952381 mpd_20250328_154435.data
50.0 430.0 17 22.15152380952381 mpd_20250328_154501.data
70.0 430.0 17 22.15152380952381 mpd_20250328_154526.data
90.0 430.0 17 22.15152380952381 mpd_20250328_154551.data
110.0 430.0 17 22.04733333333333 mpd_20250328_154616.data
130.0 430.0 17 22.04733333333333 mpd_20250328_154641.data
150.0 430.0 17 22.04733333333333 mpd_20250328_154706.data
170.0 430.0 17 22.15152380952381 mpd_20250328_154731.data
190.0 430.0 17 22.15152380952381 mpd_20250328_154756.data
210.0 430.0 17 22.15152380952381 mpd_20250328_154821.data
230.0 430.0 17 22.04733333333333 mpd_20250328_154846.data
250.0 430.0 17 22.15152380952381 mpd_20250328_154911.data
270.0 430.0 17 22.04733333333333 mpd_20250328_154936.data
290.0 430.0 17 22.15152380952381 mpd_20250328_155001.data
290.0 450.0 17 22.04733333333333 mpd_20250328_155026.data
270.0 450.0 17 22.15152380952381 mpd_20250328_155051.data
250.0 450.0 17 22.15152380952381 mpd_20250328_155116.data
230.0 450.0 17 22.15152380952381 mpd_20250328_155141.data
210.0 450.0 17 22.15152380952381 mpd_20250328_155206.data
190.0 450.0 17 22.15152380952381 mpd_20250328_155231.data
170.0 450.0 17 22.04733333333333 mpd_20250328_155256.data
150.0 450.0 17 22.255285714285712 mpd_20250328_155321.data
130.0 450.0 17 22.15152380952381 mpd_20250328_155346.data
110.0 450.0 17 22.15152380952381 mpd_20250328_155411.data
90.0 450.0 17 22.15152380952381 mpd_20250328_155436.data
70.0 450.0 17 22.15152380952381 mpd_20250328_155501.data
50.0 450.0 17 22.15152380952381 mpd_20250328_155526.data
30.0 450.0 17 22.15152380952381 mpd_20250328_155551.data
10.0 450.0 17 22.04733333333333 mpd_20250328_155616.data
10.0 470.0 17 22.04733333333333 mpd_20250328_155641.data
30.0 470.0 17 22.15152380952381 mpd_20250328_155706.data
50.0 470.0 17 22.15152380952381 mpd_20250328_155731.data
70.0 470.0 17 22.04733333333333 mpd_20250328_155756.data
90.0 470.0 17 22.04733333333333 mpd_20250328_155821.data
110.0 470.0 17 22.04733333333333 mpd_20250328_155846.data
130.0 470.0 17 22.04733333333333 mpd_20250328_155911.data
150.0 470.0 17 22.255285714285712 mpd_20250328_155936.data
170.0 470.0 17 22.15152380952381 mpd_20250328_160001.data
190.0 470.0 17 22.15152380952381 mpd_20250328_160026.data
210.0 470.0 17 22.15152380952381 mpd_20250328_160051.data
230.0 470.0 17 22.04733333333333 mpd_20250328_160116.data
250.0 470.0 17 22.15152380952381 mpd_20250328_160141.data
270.0 470.0 17 22.15152380952381 mpd_20250328_160206.data
290.0 470.0 17 22.04733333333333 mpd_20250328_160231.data
