-1 -1 -1 23.49125 mpd_20250408_131046.data
10.0 10.0 17 23.49125 mpd_20250408_131126.data
30.0 10.0 17 23.594575 mpd_20250408_131151.data
50.0 10.0 17 23.283325 mpd_20250408_131216.data
70.0 10.0 17 23.49125 mpd_20250408_131241.data
90.0 10.0 17 23.3875 mpd_20250408_131306.data
110.0 10.0 17 23.49125 mpd_20250408_131331.data
130.0 10.0 17 23.49125 mpd_20250408_131356.data
150.0 10.0 17 23.283325 mpd_20250408_131421.data
170.0 10.0 17 23.3875 mpd_20250408_131446.data
190.0 10.0 17 23.49125 mpd_20250408_131511.data
210.0 10.0 17 23.49125 mpd_20250408_131536.data
230.0 10.0 17 23.49125 mpd_20250408_131601.data
250.0 10.0 17 23.178749999999997 mpd_20250408_131626.data
270.0 10.0 17 23.594575 mpd_20250408_131651.data
290.0 10.0 17 23.178749999999997 mpd_20250408_131716.data
290.0 30.0 17 23.49125 mpd_20250408_131741.data
270.0 30.0 17 23.283325 mpd_20250408_131806.data
250.0 30.0 17 23.49125 mpd_20250408_131831.data
230.0 30.0 17 23.3875 mpd_20250408_131857.data
210.0 30.0 17 23.594575 mpd_20250408_131922.data
190.0 30.0 17 23.49125 mpd_20250408_131947.data
170.0 30.0 17 23.49125 mpd_20250408_132012.data
150.0 30.0 17 23.49125 mpd_20250408_132037.data
130.0 30.0 17 23.283325 mpd_20250408_132102.data
110.0 30.0 17 23.283325 mpd_20250408_132127.data
90.0 30.0 17 23.3875 mpd_20250408_132152.data
70.0 30.0 17 23.3875 mpd_20250408_132217.data
50.0 30.0 17 23.283325 mpd_20250408_132242.data
30.0 30.0 17 23.49125 mpd_20250408_132307.data
10.0 30.0 17 23.283325 mpd_20250408_132332.data
10.0 50.0 17 23.49125 mpd_20250408_132357.data
30.0 50.0 17 23.49125 mpd_20250408_132422.data
50.0 50.0 17 23.49125 mpd_20250408_132447.data
70.0 50.0 17 23.3875 mpd_20250408_132512.data
90.0 50.0 17 23.283325 mpd_20250408_132537.data
110.0 50.0 17 23.3875 mpd_20250408_132602.data
130.0 50.0 17 23.283325 mpd_20250408_132627.data
150.0 50.0 17 23.49125 mpd_20250408_132652.data
170.0 50.0 17 23.283325 mpd_20250408_132717.data
190.0 50.0 17 23.594575 mpd_20250408_132742.data
210.0 50.0 17 23.3875 mpd_20250408_132807.data
230.0 50.0 17 23.49125 mpd_20250408_132832.data
250.0 50.0 17 23.594575 mpd_20250408_132857.data
270.0 50.0 17 23.49125 mpd_20250408_132922.data
290.0 50.0 17 23.3875 mpd_20250408_132947.data
290.0 70.0 17 23.49125 mpd_20250408_133012.data
270.0 70.0 17 23.49125 mpd_20250408_133037.data
250.0 70.0 17 23.49125 mpd_20250408_133102.data
230.0 70.0 17 23.178749999999997 mpd_20250408_133127.data
210.0 70.0 17 23.49125 mpd_20250408_133152.data
190.0 70.0 17 23.3875 mpd_20250408_133217.data
170.0 70.0 17 23.49125 mpd_20250408_133242.data
150.0 70.0 17 23.49125 mpd_20250408_133307.data
130.0 70.0 17 23.49125 mpd_20250408_133332.data
110.0 70.0 17 23.49125 mpd_20250408_133357.data
90.0 70.0 17 23.283325 mpd_20250408_133422.data
70.0 70.0 17 23.49125 mpd_20250408_133447.data
50.0 70.0 17 23.073725 mpd_20250408_133512.data
30.0 70.0 17 23.49125 mpd_20250408_133537.data
10.0 70.0 17 23.283325 mpd_20250408_133602.data
10.0 90.0 17 23.594575 mpd_20250408_133627.data
30.0 90.0 17 23.3875 mpd_20250408_133652.data
50.0 90.0 17 23.49125 mpd_20250408_133717.data
70.0 90.0 17 23.283325 mpd_20250408_133742.data
90.0 90.0 17 23.49125 mpd_20250408_133807.data
110.0 90.0 17 23.178749999999997 mpd_20250408_133832.data
130.0 90.0 17 23.49125 mpd_20250408_133857.data
150.0 90.0 17 23.49125 mpd_20250408_133922.data
170.0 90.0 17 23.594575 mpd_20250408_133947.data
190.0 90.0 17 23.49125 mpd_20250408_134012.data
210.0 90.0 17 23.49125 mpd_20250408_134038.data
230.0 90.0 17 23.594575 mpd_20250408_134103.data
250.0 90.0 17 23.49125 mpd_20250408_134128.data
270.0 90.0 17 23.49125 mpd_20250408_134153.data
290.0 90.0 17 23.3875 mpd_20250408_134218.data
290.0 110.0 17 23.49125 mpd_20250408_134243.data
270.0 110.0 17 23.283325 mpd_20250408_134308.data
250.0 110.0 17 23.594575 mpd_20250408_134333.data
230.0 110.0 17 23.49125 mpd_20250408_134358.data
210.0 110.0 17 23.49125 mpd_20250408_134423.data
190.0 110.0 17 23.49125 mpd_20250408_134448.data
170.0 110.0 17 23.283325 mpd_20250408_134513.data
150.0 110.0 17 23.594575 mpd_20250408_134538.data
130.0 110.0 17 23.49125 mpd_20250408_134603.data
110.0 110.0 17 23.283325 mpd_20250408_134628.data
90.0 110.0 17 23.6975 mpd_20250408_134653.data
70.0 110.0 17 23.594575 mpd_20250408_134718.data
50.0 110.0 17 23.49125 mpd_20250408_134743.data
30.0 110.0 17 23.3875 mpd_20250408_134808.data
10.0 110.0 17 23.49125 mpd_20250408_134833.data
10.0 130.0 17 23.178749999999997 mpd_20250408_134858.data
30.0 130.0 17 23.49125 mpd_20250408_134923.data
50.0 130.0 17 23.178749999999997 mpd_20250408_134948.data
70.0 130.0 17 23.49125 mpd_20250408_135013.data
90.0 130.0 17 23.283325 mpd_20250408_135038.data
110.0 130.0 17 23.3875 mpd_20250408_135103.data
130.0 130.0 17 23.283325 mpd_20250408_135128.data
150.0 130.0 17 23.49125 mpd_20250408_135153.data
170.0 130.0 17 23.283325 mpd_20250408_135218.data
190.0 130.0 17 23.49125 mpd_20250408_135243.data
210.0 130.0 17 23.283325 mpd_20250408_135308.data
230.0 130.0 17 23.49125 mpd_20250408_135333.data
250.0 130.0 17 23.178749999999997 mpd_20250408_135358.data
270.0 130.0 17 23.49125 mpd_20250408_135423.data
290.0 130.0 17 23.283325 mpd_20250408_135448.data
290.0 150.0 17 23.49125 mpd_20250408_135513.data
270.0 150.0 17 23.283325 mpd_20250408_135538.data
250.0 150.0 17 23.49125 mpd_20250408_135603.data
230.0 150.0 17 23.3875 mpd_20250408_135628.data
210.0 150.0 17 23.49125 mpd_20250408_135653.data
190.0 150.0 17 23.49125 mpd_20250408_135718.data
170.0 150.0 17 23.49125 mpd_20250408_135743.data
150.0 150.0 17 23.3875 mpd_20250408_135808.data
130.0 150.0 17 23.594575 mpd_20250408_135833.data
110.0 150.0 17 23.283325 mpd_20250408_135858.data
90.0 150.0 17 23.49125 mpd_20250408_135923.data
70.0 150.0 17 23.49125 mpd_20250408_135948.data
50.0 150.0 17 23.178749999999997 mpd_20250408_140013.data
30.0 150.0 17 23.49125 mpd_20250408_140038.data
10.0 150.0 17 23.178749999999997 mpd_20250408_140103.data
10.0 170.0 17 23.49125 mpd_20250408_140128.data
30.0 170.0 17 23.49125 mpd_20250408_140154.data
50.0 170.0 17 23.3875 mpd_20250408_140219.data
70.0 170.0 17 23.49125 mpd_20250408_140244.data
90.0 170.0 17 23.49125 mpd_20250408_140309.data
110.0 170.0 17 23.594575 mpd_20250408_140334.data
130.0 170.0 17 23.594575 mpd_20250408_140359.data
150.0 170.0 17 23.178749999999997 mpd_20250408_140424.data
170.0 170.0 17 23.283325 mpd_20250408_140449.data
190.0 170.0 17 23.49125 mpd_20250408_140514.data
210.0 170.0 17 23.283325 mpd_20250408_140539.data
230.0 170.0 17 23.49125 mpd_20250408_140604.data
250.0 170.0 17 23.49125 mpd_20250408_140629.data
270.0 170.0 17 23.283325 mpd_20250408_140654.data
290.0 170.0 17 23.178749999999997 mpd_20250408_140719.data
290.0 190.0 17 23.178749999999997 mpd_20250408_140744.data
270.0 190.0 17 23.283325 mpd_20250408_140809.data
250.0 190.0 17 23.49125 mpd_20250408_140834.data
230.0 190.0 17 23.283325 mpd_20250408_140859.data
210.0 190.0 17 23.178749999999997 mpd_20250408_140924.data
190.0 190.0 17 23.178749999999997 mpd_20250408_140949.data
170.0 190.0 17 23.283325 mpd_20250408_141014.data
150.0 190.0 17 23.178749999999997 mpd_20250408_141039.data
130.0 190.0 17 23.283325 mpd_20250408_141104.data
110.0 190.0 17 23.283325 mpd_20250408_141129.data
90.0 190.0 17 23.283325 mpd_20250408_141154.data
70.0 190.0 17 23.178749999999997 mpd_20250408_141219.data
50.0 190.0 17 23.283325 mpd_20250408_141244.data
30.0 190.0 17 23.178749999999997 mpd_20250408_141309.data
10.0 190.0 17 23.283325 mpd_20250408_141334.data
10.0 210.0 17 23.178749999999997 mpd_20250408_141359.data
30.0 210.0 17 23.283325 mpd_20250408_141424.data
50.0 210.0 17 23.283325 mpd_20250408_141449.data
70.0 210.0 17 23.283325 mpd_20250408_141514.data
90.0 210.0 17 23.283325 mpd_20250408_141539.data
110.0 210.0 17 23.178749999999997 mpd_20250408_141604.data
130.0 210.0 17 23.283325 mpd_20250408_141629.data
150.0 210.0 17 23.178749999999997 mpd_20250408_141654.data
170.0 210.0 17 23.283325 mpd_20250408_141719.data
190.0 210.0 17 23.178749999999997 mpd_20250408_141744.data
210.0 210.0 17 23.178749999999997 mpd_20250408_141809.data
230.0 210.0 17 23.283325 mpd_20250408_141834.data
250.0 210.0 17 23.283325 mpd_20250408_141859.data
270.0 210.0 17 23.283325 mpd_20250408_141924.data
290.0 210.0 17 23.178749999999997 mpd_20250408_141949.data
290.0 230.0 17 23.283325 mpd_20250408_142014.data
270.0 230.0 17 23.283325 mpd_20250408_142039.data
250.0 230.0 17 23.283325 mpd_20250408_142104.data
230.0 230.0 17 23.178749999999997 mpd_20250408_142129.data
210.0 230.0 17 23.178749999999997 mpd_20250408_142154.data
190.0 230.0 17 23.178749999999997 mpd_20250408_142219.data
170.0 230.0 17 23.178749999999997 mpd_20250408_142244.data
150.0 230.0 17 23.178749999999997 mpd_20250408_142309.data
130.0 230.0 17 23.283325 mpd_20250408_142335.data
110.0 230.0 17 23.178749999999997 mpd_20250408_142400.data
90.0 230.0 17 23.178749999999997 mpd_20250408_142425.data
70.0 230.0 17 23.178749999999997 mpd_20250408_142450.data
50.0 230.0 17 23.178749999999997 mpd_20250408_142515.data
30.0 230.0 17 23.283325 mpd_20250408_142540.data
10.0 230.0 17 23.283325 mpd_20250408_142605.data
10.0 250.0 17 23.178749999999997 mpd_20250408_142630.data
30.0 250.0 17 23.283325 mpd_20250408_142655.data
50.0 250.0 17 23.178749999999997 mpd_20250408_142720.data
70.0 250.0 17 23.283325 mpd_20250408_142745.data
90.0 250.0 17 23.178749999999997 mpd_20250408_142810.data
110.0 250.0 17 23.283325 mpd_20250408_142835.data
130.0 250.0 17 23.178749999999997 mpd_20250408_142900.data
150.0 250.0 17 23.178749999999997 mpd_20250408_142925.data
170.0 250.0 17 23.178749999999997 mpd_20250408_142950.data
190.0 250.0 17 23.283325 mpd_20250408_143015.data
210.0 250.0 17 23.178749999999997 mpd_20250408_143040.data
230.0 250.0 17 23.178749999999997 mpd_20250408_143105.data
250.0 250.0 17 23.178749999999997 mpd_20250408_143130.data
270.0 250.0 17 23.178749999999997 mpd_20250408_143155.data
290.0 250.0 17 23.283325 mpd_20250408_143220.data
290.0 270.0 17 23.178749999999997 mpd_20250408_143245.data
270.0 270.0 17 23.178749999999997 mpd_20250408_143310.data
250.0 270.0 17 23.178749999999997 mpd_20250408_143335.data
230.0 270.0 17 23.178749999999997 mpd_20250408_143400.data
210.0 270.0 17 23.178749999999997 mpd_20250408_143425.data
190.0 270.0 17 23.283325 mpd_20250408_143450.data
170.0 270.0 17 23.283325 mpd_20250408_143515.data
150.0 270.0 17 23.178749999999997 mpd_20250408_143540.data
130.0 270.0 17 23.178749999999997 mpd_20250408_143605.data
110.0 270.0 17 23.283325 mpd_20250408_143630.data
90.0 270.0 17 23.178749999999997 mpd_20250408_143655.data
70.0 270.0 17 23.283325 mpd_20250408_143720.data
50.0 270.0 17 -1 mpd_20250408_143745.data
30.0 270.0 17 23.178749999999997 mpd_20250408_143810.data
10.0 270.0 17 23.178749999999997 mpd_20250408_143835.data
10.0 290.0 17 -1 mpd_20250408_143900.data
30.0 290.0 17 23.283325 mpd_20250408_143925.data
50.0 290.0 17 23.178749999999997 mpd_20250408_143950.data
70.0 290.0 17 -1 mpd_20250408_144015.data
90.0 290.0 17 23.178749999999997 mpd_20250408_144040.data
110.0 290.0 17 23.178749999999997 mpd_20250408_144105.data
130.0 290.0 17 -1 mpd_20250408_144130.data
150.0 290.0 17 23.283325 mpd_20250408_144155.data
170.0 290.0 17 23.283325 mpd_20250408_144220.data
190.0 290.0 17 -1 mpd_20250408_144245.data
210.0 290.0 17 23.283325 mpd_20250408_144310.data
230.0 290.0 17 23.283325 mpd_20250408_144335.data
250.0 290.0 17 23.283325 mpd_20250408_144400.data
270.0 290.0 17 23.283325 mpd_20250408_144426.data
290.0 290.0 17 23.283325 mpd_20250408_144451.data
290.0 310.0 17 23.283325 mpd_20250408_144516.data
270.0 310.0 17 23.283325 mpd_20250408_144541.data
250.0 310.0 17 23.178749999999997 mpd_20250408_144606.data
230.0 310.0 17 23.283325 mpd_20250408_144631.data
210.0 310.0 17 23.283325 mpd_20250408_144656.data
190.0 310.0 17 23.283325 mpd_20250408_144721.data
170.0 310.0 17 23.283325 mpd_20250408_144746.data
150.0 310.0 17 23.283325 mpd_20250408_144811.data
130.0 310.0 17 23.283325 mpd_20250408_144836.data
110.0 310.0 17 23.283325 mpd_20250408_144901.data
90.0 310.0 17 23.283325 mpd_20250408_144926.data
70.0 310.0 17 23.178749999999997 mpd_20250408_144951.data
50.0 310.0 17 23.178749999999997 mpd_20250408_145016.data
30.0 310.0 17 23.283325 mpd_20250408_145041.data
10.0 310.0 17 23.283325 mpd_20250408_145106.data
10.0 330.0 17 23.178749999999997 mpd_20250408_145131.data
30.0 330.0 17 23.283325 mpd_20250408_145156.data
50.0 330.0 17 23.283325 mpd_20250408_145221.data
70.0 330.0 17 23.178749999999997 mpd_20250408_145246.data
90.0 330.0 17 23.3875 mpd_20250408_145311.data
110.0 330.0 17 23.283325 mpd_20250408_145336.data
130.0 330.0 17 23.283325 mpd_20250408_145401.data
150.0 330.0 17 23.283325 mpd_20250408_145426.data
170.0 330.0 17 23.283325 mpd_20250408_145451.data
190.0 330.0 17 23.283325 mpd_20250408_145516.data
210.0 330.0 17 23.283325 mpd_20250408_145541.data
230.0 330.0 17 23.178749999999997 mpd_20250408_145606.data
250.0 330.0 17 23.283325 mpd_20250408_145631.data
270.0 330.0 17 23.283325 mpd_20250408_145656.data
290.0 330.0 17 23.283325 mpd_20250408_145721.data
10.0 350.0 17 23.283325 mpd_20250408_150807.data
30.0 350.0 17 23.3875 mpd_20250408_150832.data
50.0 350.0 17 23.3875 mpd_20250408_150857.data
70.0 350.0 17 23.283325 mpd_20250408_150922.data
90.0 350.0 17 23.283325 mpd_20250408_150947.data
110.0 350.0 17 23.283325 mpd_20250408_151012.data
130.0 350.0 17 23.283325 mpd_20250408_151037.data
150.0 350.0 17 23.283325 mpd_20250408_151102.data
170.0 350.0 17 23.283325 mpd_20250408_151127.data
190.0 350.0 17 23.283325 mpd_20250408_151152.data
210.0 350.0 17 23.283325 mpd_20250408_151217.data
230.0 350.0 17 23.3875 mpd_20250408_151242.data
250.0 350.0 17 23.178749999999997 mpd_20250408_151307.data
270.0 350.0 17 23.283325 mpd_20250408_151332.data
290.0 350.0 17 23.178749999999997 mpd_20250408_151357.data
290.0 370.0 17 23.283325 mpd_20250408_151422.data
270.0 370.0 17 23.283325 mpd_20250408_151447.data
250.0 370.0 17 23.283325 mpd_20250408_151512.data
230.0 370.0 17 23.178749999999997 mpd_20250408_151537.data
210.0 370.0 17 23.283325 mpd_20250408_151602.data
190.0 370.0 17 23.283325 mpd_20250408_151627.data
170.0 370.0 17 23.3875 mpd_20250408_151652.data
150.0 370.0 17 23.283325 mpd_20250408_151717.data
130.0 370.0 17 23.283325 mpd_20250408_151742.data
110.0 370.0 17 23.283325 mpd_20250408_151807.data
90.0 370.0 17 23.283325 mpd_20250408_151832.data
70.0 370.0 17 23.283325 mpd_20250408_151857.data
50.0 370.0 17 23.283325 mpd_20250408_151922.data
30.0 370.0 17 23.283325 mpd_20250408_151947.data
10.0 370.0 17 23.3875 mpd_20250408_152012.data
10.0 390.0 17 23.178749999999997 mpd_20250408_152037.data
30.0 390.0 17 23.283325 mpd_20250408_152102.data
50.0 390.0 17 23.3875 mpd_20250408_152127.data
70.0 390.0 17 23.283325 mpd_20250408_152152.data
90.0 390.0 17 23.283325 mpd_20250408_152217.data
110.0 390.0 17 23.3875 mpd_20250408_152242.data
130.0 390.0 17 23.283325 mpd_20250408_152307.data
150.0 390.0 17 23.283325 mpd_20250408_152332.data
170.0 390.0 17 23.283325 mpd_20250408_152357.data
190.0 390.0 17 23.283325 mpd_20250408_152422.data
210.0 390.0 17 23.3875 mpd_20250408_152448.data
230.0 390.0 17 23.178749999999997 mpd_20250408_152513.data
250.0 390.0 17 23.283325 mpd_20250408_152538.data
270.0 390.0 17 23.178749999999997 mpd_20250408_152603.data
290.0 390.0 17 23.3875 mpd_20250408_152628.data
290.0 410.0 17 23.283325 mpd_20250408_152653.data
270.0 410.0 17 23.178749999999997 mpd_20250408_152718.data
250.0 410.0 17 23.283325 mpd_20250408_152743.data
230.0 410.0 17 23.283325 mpd_20250408_152808.data
210.0 410.0 17 23.3875 mpd_20250408_152833.data
190.0 410.0 17 23.283325 mpd_20250408_152858.data
170.0 410.0 17 23.283325 mpd_20250408_152923.data
150.0 410.0 17 23.178749999999997 mpd_20250408_152948.data
130.0 410.0 17 23.283325 mpd_20250408_153013.data
110.0 410.0 17 23.283325 mpd_20250408_153038.data
90.0 410.0 17 23.283325 mpd_20250408_153103.data
70.0 410.0 17 23.3875 mpd_20250408_153128.data
50.0 410.0 17 23.283325 mpd_20250408_153153.data
30.0 410.0 17 23.3875 mpd_20250408_153218.data
10.0 410.0 17 23.283325 mpd_20250408_153243.data
10.0 430.0 17 23.283325 mpd_20250408_153308.data
30.0 430.0 17 23.283325 mpd_20250408_153333.data
50.0 430.0 17 23.283325 mpd_20250408_153358.data
70.0 430.0 17 23.283325 mpd_20250408_153423.data
90.0 430.0 17 23.283325 mpd_20250408_153448.data
110.0 430.0 17 23.283325 mpd_20250408_153513.data
130.0 430.0 17 23.3875 mpd_20250408_153538.data
150.0 430.0 17 23.3875 mpd_20250408_153603.data
170.0 430.0 17 23.283325 mpd_20250408_153628.data
190.0 430.0 17 23.283325 mpd_20250408_153653.data
210.0 430.0 17 23.283325 mpd_20250408_153718.data
230.0 430.0 17 23.283325 mpd_20250408_153743.data
250.0 430.0 17 23.178749999999997 mpd_20250408_153808.data
270.0 430.0 17 23.178749999999997 mpd_20250408_153833.data
290.0 430.0 17 23.073725 mpd_20250408_153858.data
290.0 450.0 17 23.283325 mpd_20250408_153923.data
270.0 450.0 17 23.283325 mpd_20250408_153948.data
250.0 450.0 17 23.283325 mpd_20250408_154013.data
230.0 450.0 17 23.283325 mpd_20250408_154038.data
210.0 450.0 17 23.283325 mpd_20250408_154103.data
190.0 450.0 17 23.3875 mpd_20250408_154128.data
170.0 450.0 17 23.3875 mpd_20250408_154153.data
150.0 450.0 17 23.283325 mpd_20250408_154218.data
130.0 450.0 17 23.178749999999997 mpd_20250408_154243.data
110.0 450.0 17 23.283325 mpd_20250408_154308.data
90.0 450.0 17 23.283325 mpd_20250408_154333.data
70.0 450.0 17 23.283325 mpd_20250408_154358.data
50.0 450.0 17 23.283325 mpd_20250408_154423.data
30.0 450.0 17 23.283325 mpd_20250408_154448.data
10.0 450.0 17 23.283325 mpd_20250408_154513.data
10.0 470.0 17 23.283325 mpd_20250408_154538.data
30.0 470.0 17 23.283325 mpd_20250408_154603.data
50.0 470.0 17 23.178749999999997 mpd_20250408_154629.data
70.0 470.0 17 23.283325 mpd_20250408_154654.data
90.0 470.0 17 23.283325 mpd_20250408_154719.data
110.0 470.0 17 23.283325 mpd_20250408_154744.data
130.0 470.0 17 23.283325 mpd_20250408_154809.data
150.0 470.0 17 23.283325 mpd_20250408_154834.data
170.0 470.0 17 23.283325 mpd_20250408_154859.data
190.0 470.0 17 23.283325 mpd_20250408_154924.data
210.0 470.0 17 23.283325 mpd_20250408_154949.data
230.0 470.0 17 23.178749999999997 mpd_20250408_155014.data
250.0 470.0 17 23.283325 mpd_20250408_155039.data
270.0 470.0 17 23.283325 mpd_20250408_155104.data
290.0 470.0 17 23.283325 mpd_20250408_155129.data
