18.0 18.0 0 23.3875 0cd913fa_20240220_155253.data
54.0 18.0 0 23.3875 0cd913fa_20240220_155312.data
90.0 18.0 0 23.49125 0cd913fa_20240220_155331.data
126.0 18.0 0 23.3875 0cd913fa_20240220_155350.data
162.0 18.0 0 23.3875 0cd913fa_20240220_155409.data
198.0 18.0 0 23.49125 0cd913fa_20240220_155428.data
234.0 18.0 0 23.178749999999997 0cd913fa_20240220_155447.data
270.0 18.0 0 23.073725 0cd913fa_20240220_155506.data
270.0 54.0 0 23.283325 0cd913fa_20240220_155525.data
234.0 54.0 0 23.283325 0cd913fa_20240220_155544.data
198.0 54.0 0 23.178749999999997 0cd913fa_20240220_155603.data
162.0 54.0 0 23.283325 0cd913fa_20240220_155622.data
126.0 54.0 0 23.283325 0cd913fa_20240220_155641.data
90.0 54.0 0 23.283325 0cd913fa_20240220_155700.data
54.0 54.0 0 23.3875 0cd913fa_20240220_155719.data
18.0 54.0 0 23.3875 0cd913fa_20240220_155739.data
18.0 90.0 0 23.283325 0cd913fa_20240220_155758.data
54.0 90.0 0 23.283325 0cd913fa_20240220_155817.data
90.0 90.0 0 23.3875 0cd913fa_20240220_155836.data
126.0 90.0 0 23.49125 0cd913fa_20240220_155855.data
162.0 90.0 0 23.3875 0cd913fa_20240220_155914.data
198.0 90.0 0 23.3875 0cd913fa_20240220_155933.data
234.0 90.0 0 23.283325 0cd913fa_20240220_155952.data
270.0 90.0 0 23.283325 0cd913fa_20240220_160011.data
270.0 126.0 0 23.3875 0cd913fa_20240220_160030.data
234.0 126.0 0 23.178749999999997 0cd913fa_20240220_160049.data
198.0 126.0 0 23.283325 0cd913fa_20240220_160108.data
162.0 126.0 0 23.283325 0cd913fa_20240220_160127.data
126.0 126.0 0 23.3875 0cd913fa_20240220_160146.data
90.0 126.0 0 23.283325 0cd913fa_20240220_160205.data
54.0 126.0 0 23.283325 0cd913fa_20240220_160224.data
18.0 126.0 0 23.3875 0cd913fa_20240220_160243.data
18.0 162.0 0 23.178749999999997 0cd913fa_20240220_160303.data
54.0 162.0 0 23.283325 0cd913fa_20240220_160322.data
90.0 162.0 0 23.3875 0cd913fa_20240220_160341.data
126.0 162.0 0 23.283325 0cd913fa_20240220_160400.data
162.0 162.0 0 23.3875 0cd913fa_20240220_160419.data
198.0 162.0 0 23.283325 0cd913fa_20240220_160438.data
234.0 162.0 0 23.594575 0cd913fa_20240220_160457.data
270.0 162.0 0 23.3875 0cd913fa_20240220_160516.data
270.0 198.0 0 23.3875 0cd913fa_20240220_160535.data
234.0 198.0 0 23.594575 0cd913fa_20240220_160554.data
198.0 198.0 0 23.283325 0cd913fa_20240220_160613.data
162.0 198.0 0 23.3875 0cd913fa_20240220_160632.data
126.0 198.0 0 23.3875 0cd913fa_20240220_160651.data
90.0 198.0 0 23.178749999999997 0cd913fa_20240220_160710.data
54.0 198.0 0 23.49125 0cd913fa_20240220_160729.data
18.0 198.0 0 23.178749999999997 0cd913fa_20240220_160748.data
18.0 234.0 0 23.283325 0cd913fa_20240220_160808.data
54.0 234.0 0 23.178749999999997 0cd913fa_20240220_160827.data
90.0 234.0 0 23.283325 0cd913fa_20240220_160846.data
126.0 234.0 0 23.49125 0cd913fa_20240220_160905.data
162.0 234.0 0 23.3875 0cd913fa_20240220_160924.data
198.0 234.0 0 23.3875 0cd913fa_20240220_160943.data
234.0 234.0 0 23.3875 0cd913fa_20240220_161002.data
270.0 234.0 0 23.3875 0cd913fa_20240220_161021.data
270.0 270.0 0 23.283325 0cd913fa_20240220_161040.data
234.0 270.0 0 23.3875 0cd913fa_20240220_161059.data
198.0 270.0 0 23.283325 0cd913fa_20240220_161118.data
162.0 270.0 0 23.283325 0cd913fa_20240220_161137.data
126.0 270.0 0 23.3875 0cd913fa_20240220_161156.data
90.0 270.0 0 23.3875 0cd913fa_20240220_161215.data
54.0 270.0 0 23.3875 0cd913fa_20240220_161234.data
18.0 270.0 0 23.594575 0cd913fa_20240220_161253.data
18.0 306.0 0 23.3875 0cd913fa_20240220_161313.data
54.0 306.0 0 23.594575 0cd913fa_20240220_161332.data
90.0 306.0 0 23.283325 0cd913fa_20240220_161351.data
126.0 306.0 0 23.283325 0cd913fa_20240220_161410.data
162.0 306.0 0 23.3875 0cd913fa_20240220_161429.data
198.0 306.0 0 23.3875 0cd913fa_20240220_161448.data
234.0 306.0 0 23.283325 0cd913fa_20240220_161507.data
270.0 306.0 0 23.49125 0cd913fa_20240220_161526.data
270.0 342.0 0 23.49125 0cd913fa_20240220_161545.data
234.0 342.0 0 23.283325 0cd913fa_20240220_161604.data
198.0 342.0 0 23.594575 0cd913fa_20240220_161623.data
162.0 342.0 0 23.3875 0cd913fa_20240220_161642.data
126.0 342.0 0 23.283325 0cd913fa_20240220_161701.data
90.0 342.0 0 23.49125 0cd913fa_20240220_161720.data
54.0 342.0 0 23.283325 0cd913fa_20240220_161739.data
18.0 342.0 0 23.3875 0cd913fa_20240220_161758.data
