-1 -1 -1 22.56402380952381 mpd_20250325_100857.data
10.0 10.0 17 22.56402380952381 mpd_20250325_100937.data
30.0 10.0 17 22.56402380952381 mpd_20250325_101002.data
50.0 10.0 17 22.56402380952381 mpd_20250325_101027.data
70.0 10.0 17 22.666095238095238 mpd_20250325_101052.data
90.0 10.0 17 22.666095238095238 mpd_20250325_101118.data
110.0 10.0 17 22.56402380952381 mpd_20250325_101143.data
130.0 10.0 17 22.56402380952381 mpd_20250325_101208.data
150.0 10.0 17 22.666095238095238 mpd_20250325_101233.data
170.0 10.0 17 22.56402380952381 mpd_20250325_101258.data
190.0 10.0 17 22.56402380952381 mpd_20250325_101323.data
210.0 10.0 17 22.666095238095238 mpd_20250325_101348.data
230.0 10.0 17 22.666095238095238 mpd_20250325_101413.data
250.0 10.0 17 22.56402380952381 mpd_20250325_101438.data
270.0 10.0 17 22.666095238095238 mpd_20250325_101503.data
290.0 10.0 17 22.56402380952381 mpd_20250325_101528.data
290.0 30.0 17 22.666095238095238 mpd_20250325_101553.data
270.0 30.0 17 22.56402380952381 mpd_20250325_101618.data
250.0 30.0 17 22.666095238095238 mpd_20250325_101643.data
230.0 30.0 17 22.56402380952381 mpd_20250325_101708.data
210.0 30.0 17 22.666095238095238 mpd_20250325_101733.data
190.0 30.0 17 22.56402380952381 mpd_20250325_101758.data
170.0 30.0 17 22.666095238095238 mpd_20250325_101823.data
150.0 30.0 17 22.56402380952381 mpd_20250325_101848.data
130.0 30.0 17 22.666095238095238 mpd_20250325_101913.data
110.0 30.0 17 22.666095238095238 mpd_20250325_101938.data
90.0 30.0 17 22.56402380952381 mpd_20250325_102003.data
70.0 30.0 17 22.56402380952381 mpd_20250325_102028.data
50.0 30.0 17 22.666095238095238 mpd_20250325_102053.data
30.0 30.0 17 22.56402380952381 mpd_20250325_102118.data
10.0 30.0 17 22.666095238095238 mpd_20250325_102143.data
10.0 50.0 17 22.666095238095238 mpd_20250325_102208.data
30.0 50.0 17 22.666095238095238 mpd_20250325_102233.data
50.0 50.0 17 22.56402380952381 mpd_20250325_102258.data
70.0 50.0 17 22.666095238095238 mpd_20250325_102323.data
90.0 50.0 17 22.666095238095238 mpd_20250325_102348.data
110.0 50.0 17 22.767738095238098 mpd_20250325_102413.data
130.0 50.0 17 22.666095238095238 mpd_20250325_102438.data
150.0 50.0 17 22.666095238095238 mpd_20250325_102503.data
170.0 50.0 17 22.666095238095238 mpd_20250325_102528.data
190.0 50.0 17 22.666095238095238 mpd_20250325_102553.data
210.0 50.0 17 22.666095238095238 mpd_20250325_102618.data
230.0 50.0 17 22.56402380952381 mpd_20250325_102643.data
250.0 50.0 17 22.666095238095238 mpd_20250325_102708.data
270.0 50.0 17 22.666095238095238 mpd_20250325_102733.data
290.0 50.0 17 22.666095238095238 mpd_20250325_102758.data
290.0 70.0 17 22.666095238095238 mpd_20250325_102823.data
270.0 70.0 17 22.666095238095238 mpd_20250325_102848.data
250.0 70.0 17 22.666095238095238 mpd_20250325_102913.data
230.0 70.0 17 22.666095238095238 mpd_20250325_102938.data
210.0 70.0 17 22.666095238095238 mpd_20250325_103003.data
190.0 70.0 17 22.666095238095238 mpd_20250325_103028.data
170.0 70.0 17 22.56402380952381 mpd_20250325_103053.data
150.0 70.0 17 22.666095238095238 mpd_20250325_103118.data
130.0 70.0 17 22.666095238095238 mpd_20250325_103143.data
110.0 70.0 17 22.56402380952381 mpd_20250325_103209.data
90.0 70.0 17 22.666095238095238 mpd_20250325_103234.data
70.0 70.0 17 22.666095238095238 mpd_20250325_103259.data
50.0 70.0 17 22.666095238095238 mpd_20250325_103324.data
30.0 70.0 17 22.666095238095238 mpd_20250325_103349.data
10.0 70.0 17 22.56402380952381 mpd_20250325_103414.data
10.0 90.0 17 22.56402380952381 mpd_20250325_103439.data
30.0 90.0 17 22.666095238095238 mpd_20250325_103504.data
50.0 90.0 17 22.666095238095238 mpd_20250325_103529.data
70.0 90.0 17 22.666095238095238 mpd_20250325_103554.data
90.0 90.0 17 22.666095238095238 mpd_20250325_103619.data
110.0 90.0 17 22.666095238095238 mpd_20250325_103644.data
130.0 90.0 17 22.666095238095238 mpd_20250325_103709.data
150.0 90.0 17 22.666095238095238 mpd_20250325_103734.data
170.0 90.0 17 22.767738095238098 mpd_20250325_103759.data
190.0 90.0 17 22.666095238095238 mpd_20250325_103824.data
210.0 90.0 17 22.666095238095238 mpd_20250325_103849.data
230.0 90.0 17 22.666095238095238 mpd_20250325_103914.data
250.0 90.0 17 22.666095238095238 mpd_20250325_103939.data
270.0 90.0 17 22.767738095238098 mpd_20250325_104004.data
290.0 90.0 17 22.666095238095238 mpd_20250325_104029.data
290.0 110.0 17 22.666095238095238 mpd_20250325_104054.data
270.0 110.0 17 22.666095238095238 mpd_20250325_104119.data
250.0 110.0 17 22.666095238095238 mpd_20250325_104144.data
230.0 110.0 17 22.666095238095238 mpd_20250325_104209.data
210.0 110.0 17 22.767738095238098 mpd_20250325_104234.data
190.0 110.0 17 22.666095238095238 mpd_20250325_104259.data
170.0 110.0 17 22.767738095238098 mpd_20250325_104324.data
150.0 110.0 17 22.666095238095238 mpd_20250325_104349.data
130.0 110.0 17 22.767738095238098 mpd_20250325_104414.data
110.0 110.0 17 22.666095238095238 mpd_20250325_104439.data
90.0 110.0 17 22.666095238095238 mpd_20250325_104504.data
70.0 110.0 17 22.666095238095238 mpd_20250325_104529.data
50.0 110.0 17 22.666095238095238 mpd_20250325_104554.data
30.0 110.0 17 22.666095238095238 mpd_20250325_104619.data
10.0 110.0 17 22.666095238095238 mpd_20250325_104644.data
10.0 130.0 17 22.666095238095238 mpd_20250325_104709.data
30.0 130.0 17 22.666095238095238 mpd_20250325_104734.data
50.0 130.0 17 22.666095238095238 mpd_20250325_104759.data
70.0 130.0 17 22.767738095238098 mpd_20250325_104824.data
90.0 130.0 17 22.666095238095238 mpd_20250325_104849.data
110.0 130.0 17 22.767738095238098 mpd_20250325_104914.data
130.0 130.0 17 22.666095238095238 mpd_20250325_104939.data
150.0 130.0 17 22.767738095238098 mpd_20250325_105004.data
170.0 130.0 17 22.56402380952381 mpd_20250325_105029.data
190.0 130.0 17 22.666095238095238 mpd_20250325_105054.data
210.0 130.0 17 22.666095238095238 mpd_20250325_105119.data
230.0 130.0 17 22.666095238095238 mpd_20250325_105144.data
250.0 130.0 17 22.666095238095238 mpd_20250325_105209.data
270.0 130.0 17 22.767738095238098 mpd_20250325_105234.data
290.0 130.0 17 22.666095238095238 mpd_20250325_105259.data
290.0 150.0 17 22.666095238095238 mpd_20250325_105325.data
270.0 150.0 17 22.767738095238098 mpd_20250325_105350.data
250.0 150.0 17 22.666095238095238 mpd_20250325_105415.data
230.0 150.0 17 22.666095238095238 mpd_20250325_105440.data
210.0 150.0 17 22.767738095238098 mpd_20250325_105505.data
190.0 150.0 17 22.767738095238098 mpd_20250325_105530.data
170.0 150.0 17 22.767738095238098 mpd_20250325_105555.data
150.0 150.0 17 22.767738095238098 mpd_20250325_105620.data
130.0 150.0 17 22.767738095238098 mpd_20250325_105645.data
110.0 150.0 17 22.666095238095238 mpd_20250325_105710.data
90.0 150.0 17 22.666095238095238 mpd_20250325_105735.data
70.0 150.0 17 22.666095238095238 mpd_20250325_105800.data
50.0 150.0 17 22.767738095238098 mpd_20250325_105825.data
30.0 150.0 17 22.767738095238098 mpd_20250325_105850.data
10.0 150.0 17 22.666095238095238 mpd_20250325_105915.data
10.0 170.0 17 22.56402380952381 mpd_20250325_105940.data
30.0 170.0 17 22.767738095238098 mpd_20250325_110005.data
50.0 170.0 17 22.666095238095238 mpd_20250325_110030.data
70.0 170.0 17 22.666095238095238 mpd_20250325_110055.data
90.0 170.0 17 22.666095238095238 mpd_20250325_110120.data
110.0 170.0 17 22.666095238095238 mpd_20250325_110145.data
130.0 170.0 17 22.767738095238098 mpd_20250325_110210.data
150.0 170.0 17 22.767738095238098 mpd_20250325_110235.data
170.0 170.0 17 22.666095238095238 mpd_20250325_110300.data
190.0 170.0 17 22.767738095238098 mpd_20250325_110325.data
210.0 170.0 17 22.666095238095238 mpd_20250325_110350.data
230.0 170.0 17 22.666095238095238 mpd_20250325_110415.data
250.0 170.0 17 22.666095238095238 mpd_20250325_110440.data
270.0 170.0 17 22.666095238095238 mpd_20250325_110505.data
290.0 170.0 17 22.767738095238098 mpd_20250325_110530.data
290.0 190.0 17 22.767738095238098 mpd_20250325_110555.data
270.0 190.0 17 22.767738095238098 mpd_20250325_110620.data
250.0 190.0 17 22.767738095238098 mpd_20250325_110645.data
230.0 190.0 17 22.767738095238098 mpd_20250325_110710.data
210.0 190.0 17 22.666095238095238 mpd_20250325_110735.data
190.0 190.0 17 22.767738095238098 mpd_20250325_110800.data
170.0 190.0 17 22.666095238095238 mpd_20250325_110825.data
150.0 190.0 17 22.767738095238098 mpd_20250325_110850.data
130.0 190.0 17 22.666095238095238 mpd_20250325_110915.data
110.0 190.0 17 22.767738095238098 mpd_20250325_110940.data
90.0 190.0 17 22.666095238095238 mpd_20250325_111005.data
70.0 190.0 17 22.666095238095238 mpd_20250325_111030.data
50.0 190.0 17 22.666095238095238 mpd_20250325_111055.data
30.0 190.0 17 22.767738095238098 mpd_20250325_111120.data
10.0 190.0 17 22.767738095238098 mpd_20250325_111145.data
10.0 210.0 17 22.666095238095238 mpd_20250325_111210.data
30.0 210.0 17 22.666095238095238 mpd_20250325_111235.data
50.0 210.0 17 22.767738095238098 mpd_20250325_111300.data
70.0 210.0 17 22.666095238095238 mpd_20250325_111325.data
90.0 210.0 17 22.666095238095238 mpd_20250325_111350.data
110.0 210.0 17 22.666095238095238 mpd_20250325_111415.data
130.0 210.0 17 22.767738095238098 mpd_20250325_111441.data
150.0 210.0 17 22.767738095238098 mpd_20250325_111506.data
170.0 210.0 17 22.767738095238098 mpd_20250325_111531.data
190.0 210.0 17 22.767738095238098 mpd_20250325_111556.data
210.0 210.0 17 22.767738095238098 mpd_20250325_111621.data
230.0 210.0 17 22.666095238095238 mpd_20250325_111646.data
250.0 210.0 17 22.767738095238098 mpd_20250325_111711.data
270.0 210.0 17 22.767738095238098 mpd_20250325_111736.data
290.0 210.0 17 22.767738095238098 mpd_20250325_111801.data
290.0 230.0 17 22.767738095238098 mpd_20250325_111826.data
270.0 230.0 17 22.767738095238098 mpd_20250325_111851.data
250.0 230.0 17 22.767738095238098 mpd_20250325_111916.data
230.0 230.0 17 22.767738095238098 mpd_20250325_111941.data
210.0 230.0 17 22.767738095238098 mpd_20250325_112006.data
190.0 230.0 17 22.666095238095238 mpd_20250325_112031.data
170.0 230.0 17 22.767738095238098 mpd_20250325_112056.data
150.0 230.0 17 22.767738095238098 mpd_20250325_112121.data
130.0 230.0 17 22.767738095238098 mpd_20250325_112146.data
110.0 230.0 17 22.767738095238098 mpd_20250325_112211.data
90.0 230.0 17 22.666095238095238 mpd_20250325_112236.data
70.0 230.0 17 22.767738095238098 mpd_20250325_112301.data
50.0 230.0 17 22.767738095238098 mpd_20250325_112326.data
30.0 230.0 17 22.767738095238098 mpd_20250325_112351.data
10.0 230.0 17 22.767738095238098 mpd_20250325_112416.data
10.0 250.0 17 22.767738095238098 mpd_20250325_112441.data
30.0 250.0 17 22.868976190476186 mpd_20250325_112506.data
50.0 250.0 17 22.767738095238098 mpd_20250325_112531.data
70.0 250.0 17 22.666095238095238 mpd_20250325_112556.data
90.0 250.0 17 22.666095238095238 mpd_20250325_112621.data
110.0 250.0 17 22.666095238095238 mpd_20250325_112646.data
130.0 250.0 17 22.46152380952381 mpd_20250325_112711.data
150.0 250.0 17 22.767738095238098 mpd_20250325_112736.data
170.0 250.0 17 22.767738095238098 mpd_20250325_112801.data
190.0 250.0 17 22.767738095238098 mpd_20250325_112826.data
210.0 250.0 17 22.868976190476186 mpd_20250325_112851.data
230.0 250.0 17 22.767738095238098 mpd_20250325_112916.data
250.0 250.0 17 22.767738095238098 mpd_20250325_112941.data
270.0 250.0 17 22.767738095238098 mpd_20250325_113006.data
290.0 250.0 17 22.666095238095238 mpd_20250325_113031.data
290.0 270.0 17 22.767738095238098 mpd_20250325_113056.data
270.0 270.0 17 22.767738095238098 mpd_20250325_113121.data
250.0 270.0 17 22.767738095238098 mpd_20250325_113146.data
230.0 270.0 17 22.868976190476186 mpd_20250325_113211.data
210.0 270.0 17 22.767738095238098 mpd_20250325_113236.data
190.0 270.0 17 22.666095238095238 mpd_20250325_113301.data
170.0 270.0 17 22.666095238095238 mpd_20250325_113326.data
150.0 270.0 17 -1 mpd_20250325_113351.data
130.0 270.0 17 22.767738095238098 mpd_20250325_113416.data
110.0 270.0 17 22.767738095238098 mpd_20250325_113441.data
90.0 270.0 17 -1 mpd_20250325_113507.data
70.0 270.0 17 22.767738095238098 mpd_20250325_113532.data
50.0 270.0 17 22.767738095238098 mpd_20250325_113557.data
30.0 270.0 17 -1 mpd_20250325_113622.data
10.0 270.0 17 22.767738095238098 mpd_20250325_113647.data
10.0 290.0 17 22.767738095238098 mpd_20250325_113712.data
30.0 290.0 17 -1 mpd_20250325_113737.data
50.0 290.0 17 22.767738095238098 mpd_20250325_113802.data
70.0 290.0 17 22.666095238095238 mpd_20250325_113827.data
90.0 290.0 17 -1 mpd_20250325_113852.data
110.0 290.0 17 23.178749999999997 mpd_20250325_113917.data
130.0 290.0 17 23.178749999999997 mpd_20250325_113942.data
150.0 290.0 17 23.178749999999997 mpd_20250325_114007.data
170.0 290.0 17 23.178749999999997 mpd_20250325_114032.data
190.0 290.0 17 23.178749999999997 mpd_20250325_114057.data
210.0 290.0 17 23.178749999999997 mpd_20250325_114122.data
230.0 290.0 17 23.178749999999997 mpd_20250325_114147.data
250.0 290.0 17 23.283325 mpd_20250325_114212.data
270.0 290.0 17 23.178749999999997 mpd_20250325_114237.data
290.0 290.0 17 23.073725 mpd_20250325_114302.data
290.0 310.0 17 23.178749999999997 mpd_20250325_114327.data
270.0 310.0 17 23.178749999999997 mpd_20250325_114352.data
250.0 310.0 17 22.969809523809523 mpd_20250325_114417.data
230.0 310.0 17 23.178749999999997 mpd_20250325_114442.data
210.0 310.0 17 23.178749999999997 mpd_20250325_114507.data
190.0 310.0 17 23.178749999999997 mpd_20250325_114532.data
170.0 310.0 17 23.178749999999997 mpd_20250325_114557.data
150.0 310.0 17 23.178749999999997 mpd_20250325_114622.data
130.0 310.0 17 23.178749999999997 mpd_20250325_114647.data
110.0 310.0 17 23.178749999999997 mpd_20250325_114712.data
90.0 310.0 17 23.073725 mpd_20250325_114737.data
70.0 310.0 17 23.073725 mpd_20250325_114802.data
50.0 310.0 17 23.178749999999997 mpd_20250325_114827.data
30.0 310.0 17 23.073725 mpd_20250325_114852.data
10.0 310.0 17 23.178749999999997 mpd_20250325_114917.data
10.0 330.0 17 23.178749999999997 mpd_20250325_114942.data
30.0 330.0 17 23.178749999999997 mpd_20250325_115007.data
50.0 330.0 17 23.178749999999997 mpd_20250325_115032.data
70.0 330.0 17 23.073725 mpd_20250325_115057.data
90.0 330.0 17 23.073725 mpd_20250325_115122.data
110.0 330.0 17 23.178749999999997 mpd_20250325_115147.data
130.0 330.0 17 23.178749999999997 mpd_20250325_115212.data
150.0 330.0 17 23.178749999999997 mpd_20250325_115237.data
170.0 330.0 17 23.178749999999997 mpd_20250325_115302.data
190.0 330.0 17 23.073725 mpd_20250325_115327.data
210.0 330.0 17 23.178749999999997 mpd_20250325_115352.data
230.0 330.0 17 23.178749999999997 mpd_20250325_115417.data
250.0 330.0 17 23.178749999999997 mpd_20250325_115442.data
270.0 330.0 17 23.178749999999997 mpd_20250325_115507.data
290.0 330.0 17 23.178749999999997 mpd_20250325_115532.data
10.0 350.0 17 23.178749999999997 mpd_20250325_120045.data
30.0 350.0 17 23.178749999999997 mpd_20250325_120110.data
50.0 350.0 17 23.178749999999997 mpd_20250325_120135.data
70.0 350.0 17 23.073725 mpd_20250325_120200.data
90.0 350.0 17 23.178749999999997 mpd_20250325_120225.data
110.0 350.0 17 23.283325 mpd_20250325_120250.data
130.0 350.0 17 23.3875 mpd_20250325_120315.data
150.0 350.0 17 23.178749999999997 mpd_20250325_120340.data
170.0 350.0 17 23.178749999999997 mpd_20250325_120405.data
190.0 350.0 17 23.283325 mpd_20250325_120430.data
210.0 350.0 17 23.283325 mpd_20250325_120455.data
230.0 350.0 17 23.178749999999997 mpd_20250325_120520.data
250.0 350.0 17 23.073725 mpd_20250325_120545.data
270.0 350.0 17 23.178749999999997 mpd_20250325_120610.data
290.0 350.0 17 23.178749999999997 mpd_20250325_120635.data
290.0 370.0 17 23.178749999999997 mpd_20250325_120700.data
270.0 370.0 17 23.178749999999997 mpd_20250325_120725.data
250.0 370.0 17 23.073725 mpd_20250325_120750.data
230.0 370.0 17 23.178749999999997 mpd_20250325_120815.data
210.0 370.0 17 23.178749999999997 mpd_20250325_120840.data
190.0 370.0 17 23.073725 mpd_20250325_120905.data
170.0 370.0 17 23.178749999999997 mpd_20250325_120930.data
150.0 370.0 17 23.178749999999997 mpd_20250325_120955.data
130.0 370.0 17 23.178749999999997 mpd_20250325_121020.data
110.0 370.0 17 23.073725 mpd_20250325_121045.data
90.0 370.0 17 23.178749999999997 mpd_20250325_121110.data
70.0 370.0 17 23.073725 mpd_20250325_121135.data
50.0 370.0 17 23.073725 mpd_20250325_121200.data
30.0 370.0 17 23.178749999999997 mpd_20250325_121225.data
10.0 370.0 17 23.178749999999997 mpd_20250325_121250.data
10.0 390.0 17 23.178749999999997 mpd_20250325_121315.data
30.0 390.0 17 23.178749999999997 mpd_20250325_121340.data
50.0 390.0 17 23.178749999999997 mpd_20250325_121405.data
70.0 390.0 17 23.073725 mpd_20250325_121430.data
90.0 390.0 17 23.073725 mpd_20250325_121455.data
110.0 390.0 17 23.178749999999997 mpd_20250325_121520.data
130.0 390.0 17 23.178749999999997 mpd_20250325_121545.data
150.0 390.0 17 23.178749999999997 mpd_20250325_121610.data
170.0 390.0 17 23.178749999999997 mpd_20250325_121635.data
190.0 390.0 17 23.178749999999997 mpd_20250325_121700.data
210.0 390.0 17 23.283325 mpd_20250325_121725.data
230.0 390.0 17 23.178749999999997 mpd_20250325_121751.data
250.0 390.0 17 23.178749999999997 mpd_20250325_121815.data
270.0 390.0 17 23.073725 mpd_20250325_121841.data
290.0 390.0 17 23.178749999999997 mpd_20250325_121906.data
290.0 410.0 17 23.178749999999997 mpd_20250325_121931.data
270.0 410.0 17 23.178749999999997 mpd_20250325_121956.data
250.0 410.0 17 23.178749999999997 mpd_20250325_122021.data
230.0 410.0 17 23.178749999999997 mpd_20250325_122046.data
210.0 410.0 17 23.178749999999997 mpd_20250325_122111.data
190.0 410.0 17 23.178749999999997 mpd_20250325_122136.data
170.0 410.0 17 23.178749999999997 mpd_20250325_122201.data
150.0 410.0 17 23.073725 mpd_20250325_122226.data
130.0 410.0 17 23.178749999999997 mpd_20250325_122251.data
110.0 410.0 17 23.178749999999997 mpd_20250325_122316.data
90.0 410.0 17 23.178749999999997 mpd_20250325_122341.data
70.0 410.0 17 23.178749999999997 mpd_20250325_122406.data
50.0 410.0 17 23.178749999999997 mpd_20250325_122431.data
30.0 410.0 17 23.283325 mpd_20250325_122456.data
10.0 410.0 17 22.969809523809523 mpd_20250325_122521.data
10.0 430.0 17 23.283325 mpd_20250325_122546.data
30.0 430.0 17 23.178749999999997 mpd_20250325_122611.data
50.0 430.0 17 23.178749999999997 mpd_20250325_122636.data
70.0 430.0 17 23.178749999999997 mpd_20250325_122701.data
90.0 430.0 17 23.178749999999997 mpd_20250325_122726.data
110.0 430.0 17 23.178749999999997 mpd_20250325_122751.data
130.0 430.0 17 23.178749999999997 mpd_20250325_122816.data
150.0 430.0 17 23.178749999999997 mpd_20250325_122841.data
170.0 430.0 17 23.178749999999997 mpd_20250325_122906.data
190.0 430.0 17 23.178749999999997 mpd_20250325_122931.data
210.0 430.0 17 23.178749999999997 mpd_20250325_122956.data
230.0 430.0 17 23.073725 mpd_20250325_123021.data
250.0 430.0 17 23.178749999999997 mpd_20250325_123046.data
270.0 430.0 17 23.178749999999997 mpd_20250325_123111.data
290.0 430.0 17 23.178749999999997 mpd_20250325_123136.data
290.0 450.0 17 23.073725 mpd_20250325_123201.data
270.0 450.0 17 23.178749999999997 mpd_20250325_123226.data
250.0 450.0 17 23.073725 mpd_20250325_123251.data
230.0 450.0 17 23.178749999999997 mpd_20250325_123316.data
210.0 450.0 17 23.178749999999997 mpd_20250325_123341.data
190.0 450.0 17 23.178749999999997 mpd_20250325_123406.data
170.0 450.0 17 23.178749999999997 mpd_20250325_123431.data
150.0 450.0 17 23.178749999999997 mpd_20250325_123456.data
130.0 450.0 17 23.073725 mpd_20250325_123521.data
110.0 450.0 17 23.178749999999997 mpd_20250325_123546.data
90.0 450.0 17 23.178749999999997 mpd_20250325_123611.data
70.0 450.0 17 23.178749999999997 mpd_20250325_123636.data
50.0 450.0 17 23.178749999999997 mpd_20250325_123701.data
30.0 450.0 17 23.178749999999997 mpd_20250325_123726.data
10.0 450.0 17 23.178749999999997 mpd_20250325_123751.data
10.0 470.0 17 23.178749999999997 mpd_20250325_123816.data
30.0 470.0 17 23.283325 mpd_20250325_123841.data
50.0 470.0 17 23.178749999999997 mpd_20250325_123907.data
70.0 470.0 17 23.178749999999997 mpd_20250325_123932.data
90.0 470.0 17 23.178749999999997 mpd_20250325_123957.data
110.0 470.0 17 23.178749999999997 mpd_20250325_124022.data
130.0 470.0 17 23.178749999999997 mpd_20250325_124047.data
150.0 470.0 17 23.178749999999997 mpd_20250325_124112.data
170.0 470.0 17 23.283325 mpd_20250325_124137.data
190.0 470.0 17 23.178749999999997 mpd_20250325_124202.data
210.0 470.0 17 23.178749999999997 mpd_20250325_124227.data
230.0 470.0 17 23.178749999999997 mpd_20250325_124252.data
250.0 470.0 17 23.178749999999997 mpd_20250325_124317.data
270.0 470.0 17 23.178749999999997 mpd_20250325_124342.data
290.0 470.0 17 23.178749999999997 mpd_20250325_124407.data
