15.42857142857143 5.142857142857143 20 23.073725 0cd913fa_20240219_160516.data
25.714285714285715 5.142857142857143 20 23.073725 0cd913fa_20240219_160535.data
36.0 5.142857142857143 20 23.178749999999997 0cd913fa_20240219_160554.data
46.28571428571429 5.142857142857143 20 23.073725 0cd913fa_20240219_160613.data
56.571428571428584 5.142857142857143 20 23.073725 0cd913fa_20240219_160632.data
66.85714285714288 5.142857142857143 20 23.073725 0cd913fa_20240219_160651.data
77.14285714285717 5.142857142857143 20 23.073725 0cd913fa_20240219_160710.data
87.42857142857146 5.142857142857143 20 23.073725 0cd913fa_20240219_160729.data
97.71428571428575 5.142857142857143 20 23.073725 0cd913fa_20240219_160748.data
108.00000000000003 5.142857142857143 20 23.073725 0cd913fa_20240219_160808.data
118.2857142857143 5.142857142857143 20 23.073725 0cd913fa_20240219_160827.data
128.57142857142858 5.142857142857143 20 23.073725 0cd913fa_20240219_160846.data
138.85714285714286 5.142857142857143 20 23.073725 0cd913fa_20240219_160905.data
149.14285714285714 5.142857142857143 20 23.073725 0cd913fa_20240219_160924.data
159.42857142857142 5.142857142857143 20 23.178749999999997 0cd913fa_20240219_160943.data
169.7142857142857 5.142857142857143 20 23.073725 0cd913fa_20240219_161002.data
179.99999999999997 5.142857142857143 20 23.073725 0cd913fa_20240219_161021.data
190.28571428571425 5.142857142857143 20 23.283325 0cd913fa_20240219_161040.data
200.57142857142853 5.142857142857143 20 23.073725 0cd913fa_20240219_161059.data
210.8571428571428 5.142857142857143 20 23.178749999999997 0cd913fa_20240219_161118.data
221.14285714285708 5.142857142857143 20 23.073725 0cd913fa_20240219_161137.data
231.4285714285714 5.142857142857143 20 22.969809523809523 0cd913fa_20240219_161156.data
241.71428571428567 5.142857142857143 20 23.178749999999997 0cd913fa_20240219_161215.data
251.99999999999994 5.142857142857143 20 23.073725 0cd913fa_20240219_161234.data
262.2857142857142 5.142857142857143 20 23.178749999999997 0cd913fa_20240219_161254.data
272.5714285714285 5.142857142857143 20 23.178749999999997 0cd913fa_20240219_161313.data
282.8571428571428 5.142857142857143 20 23.178749999999997 0cd913fa_20240219_161332.data
293.14285714285705 5.142857142857143 20 23.073725 0cd913fa_20240219_161351.data
293.14285714285705 15.42857142857143 20 23.073725 0cd913fa_20240219_161410.data
282.8571428571428 15.42857142857143 20 23.073725 0cd913fa_20240219_161429.data
272.5714285714285 15.42857142857143 20 23.073725 0cd913fa_20240219_161448.data
262.2857142857142 15.42857142857143 20 23.073725 0cd913fa_20240219_161507.data
251.99999999999994 15.42857142857143 20 23.073725 0cd913fa_20240219_161526.data
241.71428571428567 15.42857142857143 20 23.073725 0cd913fa_20240219_161545.data
231.4285714285714 15.42857142857143 20 23.073725 0cd913fa_20240219_161604.data
221.1428571428571 15.42857142857143 20 23.073725 0cd913fa_20240219_161623.data
210.85714285714283 15.42857142857143 20 23.073725 0cd913fa_20240219_161642.data
200.57142857142856 15.42857142857143 20 23.073725 0cd913fa_20240219_161701.data
190.28571428571428 15.42857142857143 20 23.178749999999997 0cd913fa_20240219_161720.data
180.0 15.42857142857143 20 23.178749999999997 0cd913fa_20240219_161739.data
169.71428571428572 15.42857142857143 20 23.073725 0cd913fa_20240219_161759.data
159.42857142857144 15.42857142857143 20 22.969809523809523 0cd913fa_20240219_161818.data
149.14285714285717 15.42857142857143 20 23.073725 0cd913fa_20240219_161837.data
138.8571428571429 15.42857142857143 20 23.073725 0cd913fa_20240219_161856.data
128.5714285714286 15.42857142857143 20 23.178749999999997 0cd913fa_20240219_161915.data
118.28571428571433 15.42857142857143 20 23.073725 0cd913fa_20240219_161934.data
108.00000000000006 15.42857142857143 20 23.073725 0cd913fa_20240219_161953.data
97.71428571428577 15.42857142857143 20 23.178749999999997 0cd913fa_20240219_162012.data
87.42857142857147 15.42857142857143 20 23.283325 0cd913fa_20240219_162031.data
77.14285714285718 15.42857142857143 20 23.178749999999997 0cd913fa_20240219_162050.data
66.85714285714289 15.42857142857143 20 23.073725 0cd913fa_20240219_162109.data
56.5714285714286 15.42857142857143 20 23.073725 0cd913fa_20240219_162128.data
46.285714285714306 15.42857142857143 20 23.073725 0cd913fa_20240219_162147.data
36.000000000000014 15.42857142857143 20 23.073725 0cd913fa_20240219_162206.data
25.71428571428573 15.42857142857143 20 23.178749999999997 0cd913fa_20240219_162225.data
15.428571428571445 15.42857142857143 20 23.073725 0cd913fa_20240219_162244.data
5.14285714285716 15.42857142857143 20 23.178749999999997 0cd913fa_20240219_162304.data
5.14285714285716 25.714285714285715 20 23.178749999999997 0cd913fa_20240219_162323.data
15.428571428571445 25.714285714285715 20 23.073725 0cd913fa_20240219_162342.data
25.71428571428573 25.714285714285715 20 23.178749999999997 0cd913fa_20240219_162401.data
36.000000000000014 25.714285714285715 20 23.073725 0cd913fa_20240219_162420.data
46.285714285714306 25.714285714285715 20 23.178749999999997 0cd913fa_20240219_162439.data
56.5714285714286 25.714285714285715 20 23.073725 0cd913fa_20240219_162458.data
66.85714285714289 25.714285714285715 20 23.073725 0cd913fa_20240219_162517.data
77.14285714285718 25.714285714285715 20 23.178749999999997 0cd913fa_20240219_162536.data
87.42857142857147 25.714285714285715 20 23.178749999999997 0cd913fa_20240219_162555.data
97.71428571428577 25.714285714285715 20 23.178749999999997 0cd913fa_20240219_162614.data
108.00000000000006 25.714285714285715 20 23.073725 0cd913fa_20240219_162633.data
118.28571428571433 25.714285714285715 20 23.073725 0cd913fa_20240219_162652.data
128.5714285714286 25.714285714285715 20 23.178749999999997 0cd913fa_20240219_162711.data
138.8571428571429 25.714285714285715 20 23.178749999999997 0cd913fa_20240219_162730.data
149.14285714285717 25.714285714285715 20 23.178749999999997 0cd913fa_20240219_162749.data
159.42857142857144 25.714285714285715 20 23.178749999999997 0cd913fa_20240219_162809.data
169.71428571428572 25.714285714285715 20 23.178749999999997 0cd913fa_20240219_162828.data
180.0 25.714285714285715 20 23.178749999999997 0cd913fa_20240219_162847.data
190.28571428571428 25.714285714285715 20 23.073725 0cd913fa_20240219_162906.data
200.57142857142856 25.714285714285715 20 23.178749999999997 0cd913fa_20240219_162925.data
210.85714285714283 25.714285714285715 20 23.178749999999997 0cd913fa_20240219_162944.data
221.1428571428571 25.714285714285715 20 23.178749999999997 0cd913fa_20240219_163003.data
231.4285714285714 25.714285714285715 20 23.178749999999997 0cd913fa_20240219_163022.data
241.71428571428567 25.714285714285715 20 23.178749999999997 0cd913fa_20240219_163041.data
251.99999999999994 25.714285714285715 20 23.178749999999997 0cd913fa_20240219_163100.data
262.2857142857142 25.714285714285715 20 23.073725 0cd913fa_20240219_163119.data
272.5714285714285 25.714285714285715 20 23.178749999999997 0cd913fa_20240219_163138.data
282.8571428571428 25.714285714285715 20 23.178749999999997 0cd913fa_20240219_163157.data
293.14285714285705 25.714285714285715 20 23.178749999999997 0cd913fa_20240219_163216.data
293.14285714285705 36.0 20 23.073725 0cd913fa_20240219_163235.data
282.8571428571428 36.0 20 23.073725 0cd913fa_20240219_163255.data
272.5714285714285 36.0 20 23.073725 0cd913fa_20240219_163314.data
262.2857142857142 36.0 20 23.178749999999997 0cd913fa_20240219_163333.data
251.99999999999994 36.0 20 23.178749999999997 0cd913fa_20240219_163352.data
241.71428571428567 36.0 20 23.073725 0cd913fa_20240219_163411.data
231.4285714285714 36.0 20 23.283325 0cd913fa_20240219_163430.data
221.1428571428571 36.0 20 23.073725 0cd913fa_20240219_163449.data
210.85714285714283 36.0 20 23.178749999999997 0cd913fa_20240219_163508.data
200.57142857142856 36.0 20 23.178749999999997 0cd913fa_20240219_163527.data
190.28571428571428 36.0 20 23.178749999999997 0cd913fa_20240219_163546.data
180.0 36.0 20 23.178749999999997 0cd913fa_20240219_163605.data
169.71428571428572 36.0 20 23.178749999999997 0cd913fa_20240219_163624.data
159.42857142857144 36.0 20 23.178749999999997 0cd913fa_20240219_163643.data
149.14285714285717 36.0 20 23.178749999999997 0cd913fa_20240219_163702.data
138.8571428571429 36.0 20 23.283325 0cd913fa_20240219_163721.data
128.5714285714286 36.0 20 23.073725 0cd913fa_20240219_163740.data
118.28571428571433 36.0 20 23.178749999999997 0cd913fa_20240219_163759.data
108.00000000000006 36.0 20 23.283325 0cd913fa_20240219_163819.data
97.71428571428577 36.0 20 23.283325 0cd913fa_20240219_163838.data
87.42857142857147 36.0 20 23.283325 0cd913fa_20240219_163857.data
77.14285714285718 36.0 20 23.283325 0cd913fa_20240219_163916.data
66.85714285714289 36.0 20 23.178749999999997 0cd913fa_20240219_163935.data
56.5714285714286 36.0 20 23.283325 0cd913fa_20240219_163954.data
46.285714285714306 36.0 20 23.178749999999997 0cd913fa_20240219_164013.data
36.000000000000014 36.0 20 23.178749999999997 0cd913fa_20240219_164032.data
25.71428571428573 36.0 20 23.178749999999997 0cd913fa_20240219_164051.data
15.428571428571445 36.0 20 23.178749999999997 0cd913fa_20240219_164110.data
5.14285714285716 36.0 20 23.178749999999997 0cd913fa_20240219_164129.data
5.14285714285716 46.285714285714285 20 23.073725 0cd913fa_20240219_164148.data
15.428571428571445 46.285714285714285 20 23.073725 0cd913fa_20240219_164207.data
25.71428571428573 46.285714285714285 20 23.178749999999997 0cd913fa_20240219_164226.data
36.000000000000014 46.285714285714285 20 23.073725 0cd913fa_20240219_164245.data
46.285714285714306 46.285714285714285 20 23.283325 0cd913fa_20240219_164304.data
56.5714285714286 46.285714285714285 20 23.073725 0cd913fa_20240219_164324.data
66.85714285714289 46.285714285714285 20 23.178749999999997 0cd913fa_20240219_164343.data
77.14285714285718 46.285714285714285 20 23.178749999999997 0cd913fa_20240219_164402.data
87.42857142857147 46.285714285714285 20 23.283325 0cd913fa_20240219_164421.data
97.71428571428577 46.285714285714285 20 23.073725 0cd913fa_20240219_164440.data
108.00000000000006 46.285714285714285 20 23.49125 0cd913fa_20240219_164459.data
118.28571428571433 46.285714285714285 20 23.178749999999997 0cd913fa_20240219_164518.data
128.5714285714286 46.285714285714285 20 23.178749999999997 0cd913fa_20240219_164537.data
138.8571428571429 46.285714285714285 20 23.3875 0cd913fa_20240219_164556.data
149.14285714285717 46.285714285714285 20 23.073725 0cd913fa_20240219_164615.data
159.42857142857144 46.285714285714285 20 23.283325 0cd913fa_20240219_164634.data
169.71428571428572 46.285714285714285 20 23.283325 0cd913fa_20240219_164653.data
180.0 46.285714285714285 20 23.178749999999997 0cd913fa_20240219_164712.data
190.28571428571428 46.285714285714285 20 23.178749999999997 0cd913fa_20240219_164731.data
200.57142857142856 46.285714285714285 20 23.073725 0cd913fa_20240219_164750.data
210.85714285714283 46.285714285714285 20 23.178749999999997 0cd913fa_20240219_164809.data
221.1428571428571 46.285714285714285 20 23.283325 0cd913fa_20240219_164829.data
231.4285714285714 46.285714285714285 20 23.178749999999997 0cd913fa_20240219_164848.data
241.71428571428567 46.285714285714285 20 23.283325 0cd913fa_20240219_164907.data
251.99999999999994 46.285714285714285 20 23.178749999999997 0cd913fa_20240219_164926.data
262.2857142857142 46.285714285714285 20 23.283325 0cd913fa_20240219_164945.data
272.5714285714285 46.285714285714285 20 23.178749999999997 0cd913fa_20240219_165004.data
282.8571428571428 46.285714285714285 20 23.283325 0cd913fa_20240219_165023.data
293.14285714285705 46.285714285714285 20 23.073725 0cd913fa_20240219_165042.data
293.14285714285705 56.57142857142857 20 23.283325 0cd913fa_20240219_165101.data
282.8571428571428 56.57142857142857 20 23.073725 0cd913fa_20240219_165120.data
272.5714285714285 56.57142857142857 20 23.283325 0cd913fa_20240219_165139.data
262.2857142857142 56.57142857142857 20 23.178749999999997 0cd913fa_20240219_165158.data
251.99999999999994 56.57142857142857 20 23.178749999999997 0cd913fa_20240219_165217.data
241.71428571428567 56.57142857142857 20 23.178749999999997 0cd913fa_20240219_165236.data
231.4285714285714 56.57142857142857 20 23.178749999999997 0cd913fa_20240219_165255.data
221.1428571428571 56.57142857142857 20 23.178749999999997 0cd913fa_20240219_165315.data
210.85714285714283 56.57142857142857 20 23.3875 0cd913fa_20240219_165334.data
200.57142857142856 56.57142857142857 20 23.178749999999997 0cd913fa_20240219_165353.data
190.28571428571428 56.57142857142857 20 23.283325 0cd913fa_20240219_165412.data
180.0 56.57142857142857 20 23.283325 0cd913fa_20240219_165431.data
169.71428571428572 56.57142857142857 20 23.283325 0cd913fa_20240219_165450.data
159.42857142857144 56.57142857142857 20 23.283325 0cd913fa_20240219_165509.data
149.14285714285717 56.57142857142857 20 23.178749999999997 0cd913fa_20240219_165528.data
138.8571428571429 56.57142857142857 20 23.283325 0cd913fa_20240219_165547.data
128.5714285714286 56.57142857142857 20 23.178749999999997 0cd913fa_20240219_165606.data
118.28571428571433 56.57142857142857 20 23.178749999999997 0cd913fa_20240219_165625.data
108.00000000000006 56.57142857142857 20 23.073725 0cd913fa_20240219_165644.data
97.71428571428577 56.57142857142857 20 23.178749999999997 0cd913fa_20240219_165703.data
87.42857142857147 56.57142857142857 20 23.283325 0cd913fa_20240219_165722.data
77.14285714285718 56.57142857142857 20 23.178749999999997 0cd913fa_20240219_165741.data
66.85714285714289 56.57142857142857 20 23.283325 0cd913fa_20240219_165800.data
56.5714285714286 56.57142857142857 20 23.178749999999997 0cd913fa_20240219_165820.data
46.285714285714306 56.57142857142857 20 23.178749999999997 0cd913fa_20240219_165839.data
36.000000000000014 56.57142857142857 20 23.178749999999997 0cd913fa_20240219_165858.data
25.71428571428573 56.57142857142857 20 23.178749999999997 0cd913fa_20240219_165917.data
15.428571428571445 56.57142857142857 20 23.178749999999997 0cd913fa_20240219_165936.data
5.14285714285716 56.57142857142857 20 23.283325 0cd913fa_20240219_165955.data
5.14285714285716 66.85714285714286 20 23.178749999999997 0cd913fa_20240219_170014.data
15.428571428571445 66.85714285714286 20 23.178749999999997 0cd913fa_20240219_170033.data
25.71428571428573 66.85714285714286 20 23.283325 0cd913fa_20240219_170052.data
36.000000000000014 66.85714285714286 20 23.283325 0cd913fa_20240219_170111.data
46.285714285714306 66.85714285714286 20 23.283325 0cd913fa_20240219_170130.data
56.5714285714286 66.85714285714286 20 22.969809523809523 0cd913fa_20240219_170149.data
66.85714285714289 66.85714285714286 20 23.073725 0cd913fa_20240219_170208.data
77.14285714285718 66.85714285714286 20 23.073725 0cd913fa_20240219_170227.data
87.42857142857147 66.85714285714286 20 23.178749999999997 0cd913fa_20240219_170246.data
97.71428571428577 66.85714285714286 20 23.178749999999997 0cd913fa_20240219_170305.data
108.00000000000006 66.85714285714286 20 23.178749999999997 0cd913fa_20240219_170325.data
118.28571428571433 66.85714285714286 20 23.073725 0cd913fa_20240219_170344.data
128.5714285714286 66.85714285714286 20 23.178749999999997 0cd913fa_20240219_170403.data
138.8571428571429 66.85714285714286 20 23.073725 0cd913fa_20240219_170422.data
149.14285714285717 66.85714285714286 20 23.283325 0cd913fa_20240219_170441.data
159.42857142857144 66.85714285714286 20 23.3875 0cd913fa_20240219_170500.data
169.71428571428572 66.85714285714286 20 23.178749999999997 0cd913fa_20240219_170519.data
180.0 66.85714285714286 20 23.178749999999997 0cd913fa_20240219_170538.data
190.28571428571428 66.85714285714286 20 23.283325 0cd913fa_20240219_170557.data
200.57142857142856 66.85714285714286 20 23.178749999999997 0cd913fa_20240219_170616.data
210.85714285714283 66.85714285714286 20 23.178749999999997 0cd913fa_20240219_170635.data
221.1428571428571 66.85714285714286 20 23.178749999999997 0cd913fa_20240219_170654.data
231.4285714285714 66.85714285714286 20 23.178749999999997 0cd913fa_20240219_170713.data
241.71428571428567 66.85714285714286 20 23.283325 0cd913fa_20240219_170732.data
251.99999999999994 66.85714285714286 20 23.178749999999997 0cd913fa_20240219_170751.data
262.2857142857142 66.85714285714286 20 23.283325 0cd913fa_20240219_170811.data
272.5714285714285 66.85714285714286 20 23.073725 0cd913fa_20240219_170830.data
282.8571428571428 66.85714285714286 20 23.178749999999997 0cd913fa_20240219_170849.data
293.14285714285705 66.85714285714286 20 23.283325 0cd913fa_20240219_170908.data
293.14285714285705 77.14285714285715 20 23.178749999999997 0cd913fa_20240219_170927.data
282.8571428571428 77.14285714285715 20 23.283325 0cd913fa_20240219_170946.data
272.5714285714285 77.14285714285715 20 23.178749999999997 0cd913fa_20240219_171005.data
262.2857142857142 77.14285714285715 20 23.178749999999997 0cd913fa_20240219_171024.data
