-1 -1 -1 23.49125 mpd_20250326_143357.data
10.0 10.0 17 23.49125 mpd_20250326_143437.data
30.0 10.0 17 23.3875 mpd_20250326_143502.data
50.0 10.0 17 23.49125 mpd_20250326_143527.data
70.0 10.0 17 23.49125 mpd_20250326_143552.data
90.0 10.0 17 23.49125 mpd_20250326_143617.data
110.0 10.0 17 23.49125 mpd_20250326_143642.data
130.0 10.0 17 23.49125 mpd_20250326_143707.data
150.0 10.0 17 23.49125 mpd_20250326_143732.data
170.0 10.0 17 23.49125 mpd_20250326_143757.data
190.0 10.0 17 23.49125 mpd_20250326_143822.data
210.0 10.0 17 23.3875 mpd_20250326_143847.data
230.0 10.0 17 23.594575 mpd_20250326_143912.data
250.0 10.0 17 23.49125 mpd_20250326_143937.data
270.0 10.0 17 23.49125 mpd_20250326_144002.data
290.0 10.0 17 23.3875 mpd_20250326_144027.data
290.0 30.0 17 23.594575 mpd_20250326_144052.data
270.0 30.0 17 23.3875 mpd_20250326_144117.data
250.0 30.0 17 23.49125 mpd_20250326_144142.data
230.0 30.0 17 23.49125 mpd_20250326_144207.data
210.0 30.0 17 23.594575 mpd_20250326_144232.data
190.0 30.0 17 23.49125 mpd_20250326_144257.data
170.0 30.0 17 23.49125 mpd_20250326_144322.data
150.0 30.0 17 23.49125 mpd_20250326_144347.data
130.0 30.0 17 23.49125 mpd_20250326_144412.data
110.0 30.0 17 23.49125 mpd_20250326_144437.data
90.0 30.0 17 23.594575 mpd_20250326_144502.data
70.0 30.0 17 23.49125 mpd_20250326_144527.data
50.0 30.0 17 23.3875 mpd_20250326_144552.data
30.0 30.0 17 23.49125 mpd_20250326_144618.data
10.0 30.0 17 23.49125 mpd_20250326_144643.data
10.0 50.0 17 23.49125 mpd_20250326_144708.data
30.0 50.0 17 23.49125 mpd_20250326_144733.data
50.0 50.0 17 23.49125 mpd_20250326_144758.data
70.0 50.0 17 23.49125 mpd_20250326_144823.data
90.0 50.0 17 23.49125 mpd_20250326_144848.data
110.0 50.0 17 23.49125 mpd_20250326_144913.data
130.0 50.0 17 23.49125 mpd_20250326_144938.data
150.0 50.0 17 23.49125 mpd_20250326_145003.data
170.0 50.0 17 23.49125 mpd_20250326_145028.data
190.0 50.0 17 23.49125 mpd_20250326_145053.data
210.0 50.0 17 23.3875 mpd_20250326_145118.data
230.0 50.0 17 23.49125 mpd_20250326_145143.data
250.0 50.0 17 23.594575 mpd_20250326_145208.data
270.0 50.0 17 23.49125 mpd_20250326_145233.data
290.0 50.0 17 23.49125 mpd_20250326_145258.data
290.0 70.0 17 23.594575 mpd_20250326_145323.data
270.0 70.0 17 23.594575 mpd_20250326_145348.data
250.0 70.0 17 23.49125 mpd_20250326_145413.data
230.0 70.0 17 23.49125 mpd_20250326_145438.data
210.0 70.0 17 23.49125 mpd_20250326_145503.data
190.0 70.0 17 23.594575 mpd_20250326_145528.data
170.0 70.0 17 23.594575 mpd_20250326_145553.data
150.0 70.0 17 23.3875 mpd_20250326_145618.data
130.0 70.0 17 23.49125 mpd_20250326_145643.data
110.0 70.0 17 23.49125 mpd_20250326_145708.data
90.0 70.0 17 23.49125 mpd_20250326_145733.data
70.0 70.0 17 23.49125 mpd_20250326_145758.data
50.0 70.0 17 23.49125 mpd_20250326_145823.data
30.0 70.0 17 23.49125 mpd_20250326_145848.data
10.0 70.0 17 23.49125 mpd_20250326_145913.data
10.0 90.0 17 23.49125 mpd_20250326_145938.data
30.0 90.0 17 23.3875 mpd_20250326_150003.data
50.0 90.0 17 23.594575 mpd_20250326_150028.data
70.0 90.0 17 23.594575 mpd_20250326_150053.data
90.0 90.0 17 23.6975 mpd_20250326_150118.data
110.0 90.0 17 23.49125 mpd_20250326_150143.data
130.0 90.0 17 23.3875 mpd_20250326_150208.data
150.0 90.0 17 23.3875 mpd_20250326_150233.data
170.0 90.0 17 23.49125 mpd_20250326_150258.data
190.0 90.0 17 23.49125 mpd_20250326_150323.data
210.0 90.0 17 23.49125 mpd_20250326_150348.data
230.0 90.0 17 23.3875 mpd_20250326_150413.data
250.0 90.0 17 23.594575 mpd_20250326_150438.data
270.0 90.0 17 23.49125 mpd_20250326_150503.data
290.0 90.0 17 23.49125 mpd_20250326_150528.data
290.0 110.0 17 23.49125 mpd_20250326_150553.data
270.0 110.0 17 23.49125 mpd_20250326_150618.data
250.0 110.0 17 23.594575 mpd_20250326_150643.data
230.0 110.0 17 23.49125 mpd_20250326_150708.data
210.0 110.0 17 23.49125 mpd_20250326_150733.data
190.0 110.0 17 23.49125 mpd_20250326_150759.data
170.0 110.0 17 23.49125 mpd_20250326_150824.data
150.0 110.0 17 23.594575 mpd_20250326_150849.data
130.0 110.0 17 23.49125 mpd_20250326_150914.data
110.0 110.0 17 23.49125 mpd_20250326_150939.data
90.0 110.0 17 23.49125 mpd_20250326_151004.data
70.0 110.0 17 23.49125 mpd_20250326_151029.data
50.0 110.0 17 23.594575 mpd_20250326_151054.data
30.0 110.0 17 23.49125 mpd_20250326_151119.data
10.0 110.0 17 23.49125 mpd_20250326_151144.data
10.0 130.0 17 23.594575 mpd_20250326_151209.data
30.0 130.0 17 23.49125 mpd_20250326_151234.data
50.0 130.0 17 23.594575 mpd_20250326_151259.data
70.0 130.0 17 23.49125 mpd_20250326_151324.data
90.0 130.0 17 23.49125 mpd_20250326_151349.data
110.0 130.0 17 23.49125 mpd_20250326_151414.data
130.0 130.0 17 23.49125 mpd_20250326_151439.data
150.0 130.0 17 23.49125 mpd_20250326_151504.data
170.0 130.0 17 23.49125 mpd_20250326_151529.data
190.0 130.0 17 23.49125 mpd_20250326_151554.data
210.0 130.0 17 23.49125 mpd_20250326_151619.data
230.0 130.0 17 23.594575 mpd_20250326_151644.data
250.0 130.0 17 23.49125 mpd_20250326_151709.data
270.0 130.0 17 23.49125 mpd_20250326_151734.data
290.0 130.0 17 23.594575 mpd_20250326_151759.data
290.0 150.0 17 23.49125 mpd_20250326_151824.data
270.0 150.0 17 23.49125 mpd_20250326_151849.data
250.0 150.0 17 23.49125 mpd_20250326_151914.data
230.0 150.0 17 23.49125 mpd_20250326_151939.data
210.0 150.0 17 23.49125 mpd_20250326_152004.data
190.0 150.0 17 23.49125 mpd_20250326_152029.data
170.0 150.0 17 23.49125 mpd_20250326_152054.data
150.0 150.0 17 23.49125 mpd_20250326_152119.data
130.0 150.0 17 23.49125 mpd_20250326_152144.data
110.0 150.0 17 23.3875 mpd_20250326_152209.data
90.0 150.0 17 23.49125 mpd_20250326_152234.data
70.0 150.0 17 23.3875 mpd_20250326_152259.data
50.0 150.0 17 23.49125 mpd_20250326_152324.data
30.0 150.0 17 23.594575 mpd_20250326_152349.data
10.0 150.0 17 23.49125 mpd_20250326_152414.data
10.0 170.0 17 23.3875 mpd_20250326_152439.data
30.0 170.0 17 23.594575 mpd_20250326_152504.data
50.0 170.0 17 23.49125 mpd_20250326_152529.data
70.0 170.0 17 23.594575 mpd_20250326_152554.data
90.0 170.0 17 23.49125 mpd_20250326_152619.data
110.0 170.0 17 23.49125 mpd_20250326_152644.data
130.0 170.0 17 23.49125 mpd_20250326_152709.data
150.0 170.0 17 23.49125 mpd_20250326_152734.data
170.0 170.0 17 23.49125 mpd_20250326_152759.data
190.0 170.0 17 23.49125 mpd_20250326_152824.data
210.0 170.0 17 23.49125 mpd_20250326_152849.data
230.0 170.0 17 23.49125 mpd_20250326_152915.data
250.0 170.0 17 23.49125 mpd_20250326_152940.data
270.0 170.0 17 23.49125 mpd_20250326_153005.data
290.0 170.0 17 23.594575 mpd_20250326_153030.data
290.0 190.0 17 23.594575 mpd_20250326_153055.data
270.0 190.0 17 23.594575 mpd_20250326_153120.data
250.0 190.0 17 23.6975 mpd_20250326_153145.data
230.0 190.0 17 23.3875 mpd_20250326_153210.data
210.0 190.0 17 23.49125 mpd_20250326_153235.data
190.0 190.0 17 23.49125 mpd_20250326_153300.data
170.0 190.0 17 23.49125 mpd_20250326_153325.data
150.0 190.0 17 23.49125 mpd_20250326_153350.data
130.0 190.0 17 23.594575 mpd_20250326_153415.data
110.0 190.0 17 23.49125 mpd_20250326_153440.data
90.0 190.0 17 23.49125 mpd_20250326_153505.data
70.0 190.0 17 23.594575 mpd_20250326_153530.data
50.0 190.0 17 23.594575 mpd_20250326_153555.data
30.0 190.0 17 23.594575 mpd_20250326_153620.data
10.0 190.0 17 23.594575 mpd_20250326_153645.data
10.0 210.0 17 23.594575 mpd_20250326_153710.data
30.0 210.0 17 23.49125 mpd_20250326_153735.data
50.0 210.0 17 23.3875 mpd_20250326_153800.data
70.0 210.0 17 23.49125 mpd_20250326_153825.data
90.0 210.0 17 23.49125 mpd_20250326_153850.data
110.0 210.0 17 23.594575 mpd_20250326_153915.data
130.0 210.0 17 23.49125 mpd_20250326_153940.data
150.0 210.0 17 23.594575 mpd_20250326_154005.data
170.0 210.0 17 23.49125 mpd_20250326_154030.data
190.0 210.0 17 23.594575 mpd_20250326_154055.data
210.0 210.0 17 23.594575 mpd_20250326_154120.data
230.0 210.0 17 23.594575 mpd_20250326_154145.data
250.0 210.0 17 23.49125 mpd_20250326_154210.data
270.0 210.0 17 23.49125 mpd_20250326_154235.data
290.0 210.0 17 23.49125 mpd_20250326_154300.data
290.0 230.0 17 23.594575 mpd_20250326_154325.data
270.0 230.0 17 23.594575 mpd_20250326_154350.data
250.0 230.0 17 23.49125 mpd_20250326_154415.data
230.0 230.0 17 23.594575 mpd_20250326_154440.data
210.0 230.0 17 23.594575 mpd_20250326_154505.data
190.0 230.0 17 23.49125 mpd_20250326_154530.data
170.0 230.0 17 23.49125 mpd_20250326_154555.data
150.0 230.0 17 23.49125 mpd_20250326_154620.data
130.0 230.0 17 23.49125 mpd_20250326_154645.data
110.0 230.0 17 23.594575 mpd_20250326_154710.data
90.0 230.0 17 23.594575 mpd_20250326_154735.data
70.0 230.0 17 23.49125 mpd_20250326_154800.data
50.0 230.0 17 23.49125 mpd_20250326_154825.data
30.0 230.0 17 23.594575 mpd_20250326_154850.data
10.0 230.0 17 23.49125 mpd_20250326_154915.data
10.0 250.0 17 23.594575 mpd_20250326_154940.data
30.0 250.0 17 23.49125 mpd_20250326_155005.data
50.0 250.0 17 23.49125 mpd_20250326_155031.data
70.0 250.0 17 23.594575 mpd_20250326_155056.data
90.0 250.0 17 23.594575 mpd_20250326_155121.data
110.0 250.0 17 23.594575 mpd_20250326_155146.data
130.0 250.0 17 23.49125 mpd_20250326_155211.data
150.0 250.0 17 23.594575 mpd_20250326_155236.data
170.0 250.0 17 23.594575 mpd_20250326_155301.data
190.0 250.0 17 23.594575 mpd_20250326_155326.data
210.0 250.0 17 23.49125 mpd_20250326_155351.data
230.0 250.0 17 23.594575 mpd_20250326_155416.data
250.0 250.0 17 23.49125 mpd_20250326_155441.data
270.0 250.0 17 23.49125 mpd_20250326_155506.data
290.0 250.0 17 23.594575 mpd_20250326_155531.data
290.0 270.0 17 23.49125 mpd_20250326_155556.data
270.0 270.0 17 23.594575 mpd_20250326_155621.data
250.0 270.0 17 23.49125 mpd_20250326_155646.data
230.0 270.0 17 23.594575 mpd_20250326_155711.data
210.0 270.0 17 23.594575 mpd_20250326_155736.data
190.0 270.0 17 23.49125 mpd_20250326_155801.data
170.0 270.0 17 -1 mpd_20250326_155826.data
150.0 270.0 17 23.49125 mpd_20250326_155851.data
130.0 270.0 17 23.594575 mpd_20250326_155916.data
110.0 270.0 17 -1 mpd_20250326_155941.data
90.0 270.0 17 23.49125 mpd_20250326_160006.data
70.0 270.0 17 23.594575 mpd_20250326_160031.data
50.0 270.0 17 -1 mpd_20250326_160056.data
30.0 270.0 17 23.49125 mpd_20250326_160121.data
10.0 270.0 17 23.3875 mpd_20250326_160146.data
10.0 290.0 17 -1 mpd_20250326_160211.data
30.0 290.0 17 23.49125 mpd_20250326_160236.data
50.0 290.0 17 23.594575 mpd_20250326_160301.data
70.0 290.0 17 -1 mpd_20250326_160326.data
90.0 290.0 17 23.6975 mpd_20250326_160351.data
110.0 290.0 17 23.594575 mpd_20250326_160416.data
130.0 290.0 17 23.6975 mpd_20250326_160441.data
150.0 290.0 17 23.6975 mpd_20250326_160506.data
170.0 290.0 17 23.6975 mpd_20250326_160531.data
190.0 290.0 17 23.6975 mpd_20250326_160556.data
210.0 290.0 17 23.594575 mpd_20250326_160621.data
230.0 290.0 17 23.6975 mpd_20250326_160646.data
250.0 290.0 17 23.594575 mpd_20250326_160711.data
270.0 290.0 17 23.594575 mpd_20250326_160736.data
290.0 290.0 17 23.594575 mpd_20250326_160801.data
290.0 310.0 17 23.6975 mpd_20250326_160826.data
270.0 310.0 17 23.594575 mpd_20250326_160851.data
250.0 310.0 17 23.594575 mpd_20250326_160916.data
230.0 310.0 17 23.594575 mpd_20250326_160941.data
210.0 310.0 17 23.6975 mpd_20250326_161006.data
190.0 310.0 17 23.6975 mpd_20250326_161031.data
170.0 310.0 17 23.594575 mpd_20250326_161057.data
150.0 310.0 17 23.6975 mpd_20250326_161122.data
130.0 310.0 17 23.594575 mpd_20250326_161147.data
110.0 310.0 17 23.6975 mpd_20250326_161212.data
90.0 310.0 17 23.6975 mpd_20250326_161237.data
70.0 310.0 17 23.594575 mpd_20250326_161302.data
50.0 310.0 17 23.594575 mpd_20250326_161327.data
30.0 310.0 17 23.594575 mpd_20250326_161352.data
10.0 310.0 17 23.3875 mpd_20250326_161417.data
10.0 330.0 17 23.6975 mpd_20250326_161442.data
30.0 330.0 17 23.6975 mpd_20250326_161507.data
50.0 330.0 17 23.594575 mpd_20250326_161532.data
70.0 330.0 17 23.49125 mpd_20250326_161557.data
90.0 330.0 17 23.594575 mpd_20250326_161622.data
110.0 330.0 17 23.49125 mpd_20250326_161647.data
130.0 330.0 17 23.594575 mpd_20250326_161712.data
150.0 330.0 17 23.594575 mpd_20250326_161737.data
170.0 330.0 17 23.594575 mpd_20250326_161802.data
190.0 330.0 17 23.594575 mpd_20250326_161827.data
210.0 330.0 17 23.902100000000004 mpd_20250326_161852.data
230.0 330.0 17 23.594575 mpd_20250326_161917.data
250.0 330.0 17 23.6975 mpd_20250326_161942.data
270.0 330.0 17 23.6975 mpd_20250326_162007.data
290.0 330.0 17 23.594575 mpd_20250326_162032.data
10.0 350.0 17 23.594575 mpd_20250327_154114.data
30.0 350.0 17 23.594575 mpd_20250327_154139.data
50.0 350.0 17 23.6975 mpd_20250327_154204.data
70.0 350.0 17 23.594575 mpd_20250327_154229.data
90.0 350.0 17 23.594575 mpd_20250327_154254.data
110.0 350.0 17 23.594575 mpd_20250327_154319.data
130.0 350.0 17 23.6975 mpd_20250327_154344.data
150.0 350.0 17 23.594575 mpd_20250327_154409.data
170.0 350.0 17 23.6975 mpd_20250327_154434.data
190.0 350.0 17 23.594575 mpd_20250327_154500.data
210.0 350.0 17 23.6975 mpd_20250327_154525.data
230.0 350.0 17 23.6975 mpd_20250327_154550.data
250.0 350.0 17 23.594575 mpd_20250327_154615.data
270.0 350.0 17 23.6975 mpd_20250327_154640.data
290.0 350.0 17 23.6975 mpd_20250327_154705.data
290.0 370.0 17 23.6975 mpd_20250327_154730.data
270.0 370.0 17 23.6975 mpd_20250327_154755.data
250.0 370.0 17 23.6975 mpd_20250327_154820.data
230.0 370.0 17 23.6975 mpd_20250327_154845.data
210.0 370.0 17 23.6975 mpd_20250327_154910.data
190.0 370.0 17 23.594575 mpd_20250327_154935.data
170.0 370.0 17 23.8 mpd_20250327_155000.data
150.0 370.0 17 23.6975 mpd_20250327_155025.data
130.0 370.0 17 23.594575 mpd_20250327_155050.data
110.0 370.0 17 23.594575 mpd_20250327_155115.data
90.0 370.0 17 23.594575 mpd_20250327_155140.data
70.0 370.0 17 23.594575 mpd_20250327_155205.data
50.0 370.0 17 23.594575 mpd_20250327_155230.data
30.0 370.0 17 23.6975 mpd_20250327_155255.data
10.0 370.0 17 23.6975 mpd_20250327_155320.data
10.0 390.0 17 23.49125 mpd_20250327_155345.data
30.0 390.0 17 23.6975 mpd_20250327_155410.data
50.0 390.0 17 23.6975 mpd_20250327_155435.data
70.0 390.0 17 23.594575 mpd_20250327_155500.data
90.0 390.0 17 23.594575 mpd_20250327_155525.data
110.0 390.0 17 23.594575 mpd_20250327_155550.data
130.0 390.0 17 23.594575 mpd_20250327_155615.data
150.0 390.0 17 23.6975 mpd_20250327_155640.data
170.0 390.0 17 23.594575 mpd_20250327_155705.data
190.0 390.0 17 23.6975 mpd_20250327_155730.data
210.0 390.0 17 23.594575 mpd_20250327_155755.data
230.0 390.0 17 23.6975 mpd_20250327_155820.data
250.0 390.0 17 23.6975 mpd_20250327_155845.data
270.0 390.0 17 23.594575 mpd_20250327_155910.data
290.0 390.0 17 23.594575 mpd_20250327_155935.data
290.0 410.0 17 23.6975 mpd_20250327_160000.data
270.0 410.0 17 23.594575 mpd_20250327_160025.data
250.0 410.0 17 23.6975 mpd_20250327_160050.data
230.0 410.0 17 23.594575 mpd_20250327_160115.data
210.0 410.0 17 23.6975 mpd_20250327_160140.data
190.0 410.0 17 23.6975 mpd_20250327_160205.data
170.0 410.0 17 23.6975 mpd_20250327_160230.data
150.0 410.0 17 23.594575 mpd_20250327_160255.data
130.0 410.0 17 23.6975 mpd_20250327_160320.data
110.0 410.0 17 23.6975 mpd_20250327_160345.data
90.0 410.0 17 23.49125 mpd_20250327_160410.data
70.0 410.0 17 23.8 mpd_20250327_160435.data
50.0 410.0 17 23.594575 mpd_20250327_160500.data
30.0 410.0 17 23.594575 mpd_20250327_160525.data
10.0 410.0 17 23.594575 mpd_20250327_160551.data
10.0 430.0 17 23.594575 mpd_20250327_160616.data
30.0 430.0 17 23.6975 mpd_20250327_160641.data
50.0 430.0 17 23.902100000000004 mpd_20250327_160706.data
70.0 430.0 17 23.594575 mpd_20250327_160731.data
90.0 430.0 17 23.6975 mpd_20250327_160756.data
110.0 430.0 17 23.6975 mpd_20250327_160821.data
130.0 430.0 17 23.594575 mpd_20250327_160846.data
150.0 430.0 17 23.594575 mpd_20250327_160911.data
170.0 430.0 17 23.49125 mpd_20250327_160936.data
190.0 430.0 17 23.594575 mpd_20250327_161001.data
210.0 430.0 17 23.594575 mpd_20250327_161026.data
230.0 430.0 17 23.594575 mpd_20250327_161051.data
250.0 430.0 17 23.6975 mpd_20250327_161116.data
270.0 430.0 17 23.6975 mpd_20250327_161141.data
290.0 430.0 17 23.6975 mpd_20250327_161206.data
290.0 450.0 17 23.6975 mpd_20250327_161231.data
270.0 450.0 17 23.594575 mpd_20250327_161256.data
250.0 450.0 17 23.6975 mpd_20250327_161321.data
230.0 450.0 17 23.594575 mpd_20250327_161346.data
210.0 450.0 17 23.594575 mpd_20250327_161411.data
190.0 450.0 17 23.6975 mpd_20250327_161436.data
170.0 450.0 17 23.594575 mpd_20250327_161501.data
150.0 450.0 17 23.6975 mpd_20250327_161526.data
130.0 450.0 17 23.6975 mpd_20250327_161551.data
110.0 450.0 17 23.6975 mpd_20250327_161616.data
90.0 450.0 17 23.594575 mpd_20250327_161641.data
70.0 450.0 17 23.6975 mpd_20250327_161706.data
50.0 450.0 17 23.594575 mpd_20250327_161731.data
30.0 450.0 17 23.6975 mpd_20250327_161756.data
10.0 450.0 17 23.6975 mpd_20250327_161821.data
10.0 470.0 17 23.6975 mpd_20250327_161846.data
30.0 470.0 17 23.6975 mpd_20250327_161911.data
50.0 470.0 17 23.6975 mpd_20250327_161936.data
70.0 470.0 17 23.6975 mpd_20250327_162001.data
90.0 470.0 17 23.594575 mpd_20250327_162026.data
110.0 470.0 17 23.6975 mpd_20250327_162051.data
130.0 470.0 17 23.6975 mpd_20250327_162116.data
150.0 470.0 17 23.6975 mpd_20250327_162141.data
170.0 470.0 17 23.6975 mpd_20250327_162206.data
190.0 470.0 17 23.6975 mpd_20250327_162231.data
210.0 470.0 17 23.594575 mpd_20250327_162256.data
230.0 470.0 17 23.594575 mpd_20250327_162321.data
250.0 470.0 17 23.6975 mpd_20250327_162346.data
270.0 470.0 17 23.6975 mpd_20250327_162411.data
290.0 470.0 17 23.594575 mpd_20250327_162436.data
