-51 -17 -1 24.427921052631582 0cd913fa_20240626_093325.data
34.400000000000006 34.4 17 24.322552631578947 0cd913fa_20240626_093402.data
103.19999999999999 34.4 17 24.322552631578947 0cd913fa_20240626_093426.data
172.0 34.4 17 24.427921052631582 0cd913fa_20240626_093450.data
240.8 34.4 17 24.322552631578947 0cd913fa_20240626_093514.data
240.8 103.19999999999999 17 24.322552631578947 0cd913fa_20240626_093538.data
172.0 103.19999999999999 17 24.427921052631582 0cd913fa_20240626_093602.data
103.19999999999999 103.19999999999999 17 24.427921052631582 0cd913fa_20240626_093626.data
34.39999999999999 103.19999999999999 17 24.427921052631582 0cd913fa_20240626_093650.data
34.39999999999999 172.0 17 24.427921052631582 0cd913fa_20240626_093714.data
103.19999999999999 172.0 17 24.216789473684212 0cd913fa_20240626_093738.data
172.0 172.0 17 24.427921052631582 0cd913fa_20240626_093802.data
240.8 172.0 17 24.322552631578947 0cd913fa_20240626_093826.data
240.8 240.8 17 24.427921052631582 0cd913fa_20240626_093850.data
172.0 240.8 17 24.427921052631582 0cd913fa_20240626_093914.data
103.19999999999999 240.8 17 24.427921052631582 0cd913fa_20240626_093938.data
34.39999999999999 240.8 17 24.427921052631582 0cd913fa_20240626_094002.data
34.39999999999999 309.6 17 24.427921052631582 0cd913fa_20240626_094026.data
103.19999999999999 309.6 17 24.427921052631582 0cd913fa_20240626_094050.data
172.0 309.6 17 24.322552631578947 0cd913fa_20240626_094114.data
240.8 309.6 17 24.427921052631582 0cd913fa_20240626_094138.data
240.8 378.40000000000003 17 24.532868421052633 0cd913fa_20240626_094202.data
172.0 378.40000000000003 17 24.532868421052633 0cd913fa_20240626_094226.data
103.19999999999999 378.40000000000003 17 24.532868421052633 0cd913fa_20240626_094251.data
34.39999999999999 378.40000000000003 17 24.427921052631582 0cd913fa_20240626_094315.data
34.400000000000006 362.4 17 24.427921052631582 0cd913fa_20240626_094437.data
103.19999999999999 362.4 17 24.532868421052633 0cd913fa_20240626_094501.data
172.0 362.4 17 24.532868421052633 0cd913fa_20240626_094525.data
240.8 362.4 17 24.427921052631582 0cd913fa_20240626_094549.data
240.8 431.2 17 24.427921052631582 0cd913fa_20240626_094613.data
172.0 431.2 17 24.427921052631582 0cd913fa_20240626_094637.data
103.19999999999999 431.2 17 24.532868421052633 0cd913fa_20240626_094701.data
34.39999999999999 431.2 17 24.637394736842104 0cd913fa_20240626_094725.data
