-1 -1 -1 25.656118942731283 0cd913fa_20240626_154917.data
30.0 30.0 17 25.656118942731283 0cd913fa_20240626_154955.data
90.0 30.0 17 25.773885462555068 0cd913fa_20240626_155019.data
150.0 30.0 17 26.008123348017623 0cd913fa_20240626_155043.data
210.0 30.0 17 25.773885462555068 0cd913fa_20240626_155107.data
270.0 30.0 17 25.773885462555068 0cd913fa_20240626_155131.data
270.0 90.0 17 26.008123348017623 0cd913fa_20240626_155155.data
210.0 90.0 17 25.773885462555068 0cd913fa_20240626_155219.data
150.0 90.0 17 25.773885462555068 0cd913fa_20240626_155243.data
90.0 90.0 17 25.656118942731283 0cd913fa_20240626_155307.data
30.0 90.0 17 26.008123348017623 0cd913fa_20240626_155331.data
30.0 150.0 17 25.773885462555068 0cd913fa_20240626_155355.data
90.0 150.0 17 25.89125110132159 0cd913fa_20240626_155419.data
150.0 150.0 17 25.773885462555068 0cd913fa_20240626_155443.data
210.0 150.0 17 25.773885462555068 0cd913fa_20240626_155507.data
270.0 150.0 17 25.773885462555068 0cd913fa_20240626_155531.data
270.0 210.0 17 26.008123348017623 0cd913fa_20240626_155555.data
210.0 210.0 17 25.773885462555068 0cd913fa_20240626_155619.data
150.0 210.0 17 25.773885462555068 0cd913fa_20240626_155643.data
90.0 210.0 17 25.89125110132159 0cd913fa_20240626_155707.data
30.0 210.0 17 25.89125110132159 0cd913fa_20240626_155731.data
30.0 270.0 17 25.656118942731283 0cd913fa_20240626_155755.data
90.0 270.0 17 25.773885462555068 0cd913fa_20240626_155819.data
150.0 270.0 17 25.773885462555068 0cd913fa_20240626_155843.data
210.0 270.0 17 25.89125110132159 0cd913fa_20240626_155907.data
270.0 270.0 17 25.656118942731283 0cd913fa_20240626_155931.data
270.0 330.0 17 25.656118942731283 0cd913fa_20240626_155955.data
210.0 330.0 17 25.773885462555068 0cd913fa_20240626_160019.data
150.0 330.0 17 25.773885462555068 0cd913fa_20240626_160043.data
90.0 330.0 17 25.773885462555068 0cd913fa_20240626_160107.data
30.0 330.0 17 25.89125110132159 0cd913fa_20240626_160131.data
30.0 374.0 17 25.537859030837005 0cd913fa_20240626_160704.data
90.0 374.0 17 25.656118942731283 0cd913fa_20240626_160728.data
150.0 374.0 17 25.656118942731283 0cd913fa_20240626_160752.data
210.0 374.0 17 25.656118942731283 0cd913fa_20240626_160816.data
270.0 374.0 17 25.773885462555068 0cd913fa_20240626_160840.data
270.0 434.0 17 25.773885462555068 0cd913fa_20240626_160904.data
210.0 434.0 17 25.89125110132159 0cd913fa_20240626_160928.data
150.0 434.0 17 25.773885462555068 0cd913fa_20240626_160952.data
90.0 434.0 17 25.773885462555068 0cd913fa_20240626_161016.data
30.0 434.0 17 25.773885462555068 0cd913fa_20240626_161040.data
