-1 -1 -1 25.656118942731283 0cd913fa_20240626_152758.data
30.0 30.0 17 25.656118942731283 0cd913fa_20240626_152835.data
90.0 30.0 17 25.773885462555068 0cd913fa_20240626_152859.data
150.0 30.0 17 25.773885462555068 0cd913fa_20240626_152923.data
210.0 30.0 17 25.656118942731283 0cd913fa_20240626_152947.data
270.0 30.0 17 25.656118942731283 0cd913fa_20240626_153011.data
270.0 90.0 17 25.656118942731283 0cd913fa_20240626_153035.data
210.0 90.0 17 25.773885462555068 0cd913fa_20240626_153059.data
150.0 90.0 17 25.656118942731283 0cd913fa_20240626_153123.data
90.0 90.0 17 25.773885462555068 0cd913fa_20240626_153147.data
30.0 90.0 17 25.773885462555068 0cd913fa_20240626_153211.data
30.0 150.0 17 25.656118942731283 0cd913fa_20240626_153235.data
90.0 150.0 17 25.773885462555068 0cd913fa_20240626_153259.data
150.0 150.0 17 25.656118942731283 0cd913fa_20240626_153323.data
210.0 150.0 17 25.773885462555068 0cd913fa_20240626_153347.data
270.0 150.0 17 25.656118942731283 0cd913fa_20240626_153411.data
270.0 210.0 17 25.656118942731283 0cd913fa_20240626_153435.data
210.0 210.0 17 25.656118942731283 0cd913fa_20240626_153459.data
150.0 210.0 17 25.656118942731283 0cd913fa_20240626_153523.data
90.0 210.0 17 25.773885462555068 0cd913fa_20240626_153547.data
30.0 210.0 17 25.656118942731283 0cd913fa_20240626_153611.data
30.0 270.0 17 25.773885462555068 0cd913fa_20240626_153635.data
90.0 270.0 17 25.656118942731283 0cd913fa_20240626_153659.data
150.0 270.0 17 25.656118942731283 0cd913fa_20240626_153723.data
210.0 270.0 17 25.773885462555068 0cd913fa_20240626_153747.data
270.0 270.0 17 25.773885462555068 0cd913fa_20240626_153811.data
270.0 330.0 17 25.773885462555068 0cd913fa_20240626_153835.data
210.0 330.0 17 25.656118942731283 0cd913fa_20240626_153859.data
150.0 330.0 17 25.773885462555068 0cd913fa_20240626_153923.data
90.0 330.0 17 25.656118942731283 0cd913fa_20240626_153947.data
30.0 330.0 17 25.773885462555068 0cd913fa_20240626_154011.data
