-51 -17 -1 24.948500000000003 0cd913fa_20240626_121030.data
34.400000000000006 34.4 17 25.06022466960353 0cd913fa_20240626_121107.data
103.19999999999999 34.4 17 24.948500000000003 0cd913fa_20240626_121131.data
172.0 34.4 17 24.948500000000003 0cd913fa_20240626_121155.data
240.8 34.4 17 24.948500000000003 0cd913fa_20240626_121219.data
240.8 103.19999999999999 17 24.948500000000003 0cd913fa_20240626_121243.data
172.0 103.19999999999999 17 25.06022466960353 0cd913fa_20240626_121307.data
103.19999999999999 103.19999999999999 17 24.948500000000003 0cd913fa_20240626_121331.data
34.39999999999999 103.19999999999999 17 24.948500000000003 0cd913fa_20240626_121355.data
34.39999999999999 172.0 17 24.948500000000003 0cd913fa_20240626_121419.data
103.19999999999999 172.0 17 24.948500000000003 0cd913fa_20240626_121443.data
172.0 172.0 17 24.948500000000003 0cd913fa_20240626_121507.data
240.8 172.0 17 24.948500000000003 0cd913fa_20240626_121531.data
240.8 240.8 17 24.948500000000003 0cd913fa_20240626_121555.data
172.0 240.8 17 24.948500000000003 0cd913fa_20240626_121619.data
103.19999999999999 240.8 17 24.845210526315793 0cd913fa_20240626_121643.data
34.39999999999999 240.8 17 24.845210526315793 0cd913fa_20240626_121707.data
34.39999999999999 309.6 17 24.948500000000003 0cd913fa_20240626_121731.data
103.19999999999999 309.6 17 25.06022466960353 0cd913fa_20240626_121755.data
172.0 309.6 17 24.845210526315793 0cd913fa_20240626_121819.data
240.8 309.6 17 24.948500000000003 0cd913fa_20240626_121843.data
240.8 378.40000000000003 17 24.948500000000003 0cd913fa_20240626_121907.data
172.0 378.40000000000003 17 24.948500000000003 0cd913fa_20240626_121931.data
103.19999999999999 378.40000000000003 17 24.948500000000003 0cd913fa_20240626_121955.data
34.39999999999999 378.40000000000003 17 25.06022466960353 0cd913fa_20240626_122019.data
34.400000000000006 362.4 17 24.948500000000003 0cd913fa_20240626_122317.data
103.19999999999999 362.4 17 24.845210526315793 0cd913fa_20240626_122341.data
172.0 362.4 17 24.948500000000003 0cd913fa_20240626_122405.data
240.8 362.4 17 24.948500000000003 0cd913fa_20240626_122429.data
240.8 431.2 17 24.948500000000003 0cd913fa_20240626_122453.data
172.0 431.2 17 24.948500000000003 0cd913fa_20240626_122517.data
103.19999999999999 431.2 17 24.948500000000003 0cd913fa_20240626_122541.data
34.39999999999999 431.2 17 24.948500000000003 0cd913fa_20240626_122605.data
