-1 -1 -1 25.06022466960353 0cd913fa_20240626_175742.data
30.0 30.0 17 24.948500000000003 0cd913fa_20240626_175819.data
90.0 30.0 17 24.948500000000003 0cd913fa_20240626_175843.data
150.0 30.0 17 25.06022466960353 0cd913fa_20240626_175907.data
210.0 30.0 17 24.948500000000003 0cd913fa_20240626_175931.data
270.0 30.0 17 24.948500000000003 0cd913fa_20240626_175955.data
270.0 90.0 17 24.948500000000003 0cd913fa_20240626_180019.data
210.0 90.0 17 25.06022466960353 0cd913fa_20240626_180043.data
150.0 90.0 17 24.948500000000003 0cd913fa_20240626_180107.data
90.0 90.0 17 25.06022466960353 0cd913fa_20240626_180131.data
30.0 90.0 17 24.948500000000003 0cd913fa_20240626_180155.data
30.0 150.0 17 24.948500000000003 0cd913fa_20240626_180219.data
90.0 150.0 17 24.948500000000003 0cd913fa_20240626_180243.data
150.0 150.0 17 24.948500000000003 0cd913fa_20240626_180307.data
210.0 150.0 17 25.06022466960353 0cd913fa_20240626_180331.data
270.0 150.0 17 24.948500000000003 0cd913fa_20240626_180355.data
270.0 210.0 17 25.180334801762115 0cd913fa_20240626_180419.data
210.0 210.0 17 24.948500000000003 0cd913fa_20240626_180443.data
150.0 210.0 17 25.180334801762115 0cd913fa_20240626_180507.data
90.0 210.0 17 25.06022466960353 0cd913fa_20240626_180531.data
30.0 210.0 17 25.06022466960353 0cd913fa_20240626_180555.data
30.0 270.0 17 24.948500000000003 0cd913fa_20240626_180619.data
90.0 270.0 17 25.06022466960353 0cd913fa_20240626_180643.data
150.0 270.0 17 25.06022466960353 0cd913fa_20240626_180707.data
210.0 270.0 17 25.06022466960353 0cd913fa_20240626_180731.data
270.0 270.0 17 24.948500000000003 0cd913fa_20240626_180755.data
270.0 330.0 17 24.948500000000003 0cd913fa_20240626_180819.data
210.0 330.0 17 25.06022466960353 0cd913fa_20240626_180843.data
150.0 330.0 17 25.180334801762115 0cd913fa_20240626_180907.data
90.0 330.0 17 24.948500000000003 0cd913fa_20240626_180931.data
30.0 330.0 17 25.06022466960353 0cd913fa_20240626_180955.data
30.0 374.0 17 25.06022466960353 0cd913fa_20240626_181115.data
90.0 374.0 17 25.06022466960353 0cd913fa_20240626_181139.data
150.0 374.0 17 25.06022466960353 0cd913fa_20240626_181203.data
210.0 374.0 17 24.948500000000003 0cd913fa_20240626_181227.data
270.0 374.0 17 24.948500000000003 0cd913fa_20240626_181251.data
270.0 434.0 17 24.948500000000003 0cd913fa_20240626_181315.data
210.0 434.0 17 24.948500000000003 0cd913fa_20240626_181339.data
150.0 434.0 17 24.948500000000003 0cd913fa_20240626_181403.data
90.0 434.0 17 24.948500000000003 0cd913fa_20240626_181427.data
30.0 434.0 17 25.06022466960353 0cd913fa_20240626_181451.data
