51 0 0 26.240572687224667 0cd9414a_20240904_101656.data
52 0 0 26.124563876651983 0cd9414a_20240904_101726.data
53 0 0 26.008123348017623 0cd9414a_20240904_101755.data
54 0 0 26.124563876651983 0cd9414a_20240904_101824.data
55 0 0 26.124563876651983 0cd9414a_20240904_101853.data
56 0 0 26.124563876651983 0cd9414a_20240904_101923.data
57 0 0 26.124563876651983 0cd9414a_20240904_101952.data
58 0 0 26.124563876651983 0cd9414a_20240904_102021.data
59 0 0 26.124563876651983 0cd9414a_20240904_102051.data
60 0 0 26.008123348017623 0cd9414a_20240904_102120.data
61 0 0 26.124563876651983 0cd9414a_20240904_102149.data
62 0 0 26.124563876651983 0cd9414a_20240904_102218.data
63 0 0 26.124563876651983 0cd9414a_20240904_102247.data
64 0 0 26.124563876651983 0cd9414a_20240904_102317.data
65 0 0 26.008123348017623 0cd9414a_20240904_102346.data
66 0 0 26.124563876651983 0cd9414a_20240904_102415.data
67 0 0 26.124563876651983 0cd9414a_20240904_102444.data
68 0 0 26.124563876651983 0cd9414a_20240904_102514.data
69 0 0 26.008123348017623 0cd9414a_20240904_102543.data
70 0 0 26.124563876651983 0cd9414a_20240904_102612.data
71 0 0 26.124563876651983 0cd9414a_20240904_102641.data
72 0 0 26.008123348017623 0cd9414a_20240904_102711.data
73 0 0 26.008123348017623 0cd9414a_20240904_102740.data
74 0 0 26.124563876651983 0cd9414a_20240904_102809.data
75 0 0 26.008123348017623 0cd9414a_20240904_102838.data
76 0 0 26.008123348017623 0cd9414a_20240904_102908.data
77 0 0 26.008123348017623 0cd9414a_20240904_102937.data
78 0 0 26.008123348017623 0cd9414a_20240904_103006.data
79 0 0 26.124563876651983 0cd9414a_20240904_103035.data
80 0 0 26.124563876651983 0cd9414a_20240904_103104.data
81 0 0 26.008123348017623 0cd9414a_20240904_103134.data
82 0 0 26.124563876651983 0cd9414a_20240904_103203.data
83 0 0 26.124563876651983 0cd9414a_20240904_103232.data
84 0 0 26.008123348017623 0cd9414a_20240904_103301.data
85 0 0 26.008123348017623 0cd9414a_20240904_103331.data
86 0 0 26.008123348017623 0cd9414a_20240904_103400.data
87 0 0 26.008123348017623 0cd9414a_20240904_103429.data
88 0 0 26.124563876651983 0cd9414a_20240904_103458.data
89 0 0 26.008123348017623 0cd9414a_20240904_103528.data
90 0 0 26.008123348017623 0cd9414a_20240904_103557.data
91 0 0 26.124563876651983 0cd9414a_20240904_103626.data
92 0 0 26.124563876651983 0cd9414a_20240904_103655.data
93 0 0 26.124563876651983 0cd9414a_20240904_103725.data
94 0 0 26.008123348017623 0cd9414a_20240904_103754.data
95 0 0 26.008123348017623 0cd9414a_20240904_103823.data
96 0 0 26.008123348017623 0cd9414a_20240904_103852.data
97 0 0 26.124563876651983 0cd9414a_20240904_103922.data
98 0 0 26.124563876651983 0cd9414a_20240904_103951.data
99 0 0 26.008123348017623 0cd9414a_20240904_104020.data
100 0 0 26.124563876651983 0cd9414a_20240904_104049.data
101 0 0 26.124563876651983 0cd9414a_20240904_104119.data
102 0 0 26.124563876651983 0cd9414a_20240904_104148.data
103 0 0 26.124563876651983 0cd9414a_20240904_104217.data
104 0 0 26.008123348017623 0cd9414a_20240904_104246.data
105 0 0 26.008123348017623 0cd9414a_20240904_104316.data
106 0 0 26.124563876651983 0cd9414a_20240904_104345.data
107 0 0 26.124563876651983 0cd9414a_20240904_104414.data
108 0 0 26.124563876651983 0cd9414a_20240904_104443.data
109 0 0 26.008123348017623 0cd9414a_20240904_104513.data
110 0 0 26.124563876651983 0cd9414a_20240904_104542.data
111 0 0 26.124563876651983 0cd9414a_20240904_104611.data
112 0 0 26.124563876651983 0cd9414a_20240904_104640.data
113 0 0 26.124563876651983 0cd9414a_20240904_104710.data
114 0 0 26.124563876651983 0cd9414a_20240904_104739.data
115 0 0 26.240572687224667 0cd9414a_20240904_104808.data
116 0 0 26.124563876651983 0cd9414a_20240904_104837.data
117 0 0 26.124563876651983 0cd9414a_20240904_104907.data
118 0 0 26.008123348017623 0cd9414a_20240904_104936.data
119 0 0 26.008123348017623 0cd9414a_20240904_105005.data
120 0 0 26.124563876651983 0cd9414a_20240904_105034.data
121 0 0 26.124563876651983 0cd9414a_20240904_105103.data
122 0 0 26.124563876651983 0cd9414a_20240904_105133.data
123 0 0 26.008123348017623 0cd9414a_20240904_105202.data
124 0 0 26.124563876651983 0cd9414a_20240904_105231.data
125 0 0 26.124563876651983 0cd9414a_20240904_105301.data
126 0 0 26.124563876651983 0cd9414a_20240904_105330.data
127 0 0 26.008123348017623 0cd9414a_20240904_105359.data
128 0 0 26.124563876651983 0cd9414a_20240904_105428.data
129 0 0 26.008123348017623 0cd9414a_20240904_105457.data
130 0 0 26.124563876651983 0cd9414a_20240904_105527.data
131 0 0 26.124563876651983 0cd9414a_20240904_105556.data
132 0 0 26.124563876651983 0cd9414a_20240904_105625.data
133 0 0 26.008123348017623 0cd9414a_20240904_105654.data
134 0 0 26.124563876651983 0cd9414a_20240904_105724.data
135 0 0 26.124563876651983 0cd9414a_20240904_105753.data
136 0 0 26.008123348017623 0cd9414a_20240904_105822.data
137 0 0 26.008123348017623 0cd9414a_20240904_105851.data
138 0 0 26.008123348017623 0cd9414a_20240904_105921.data
139 0 0 26.124563876651983 0cd9414a_20240904_105950.data
140 0 0 26.008123348017623 0cd9414a_20240904_110019.data
141 0 0 26.008123348017623 0cd9414a_20240904_110048.data
142 0 0 26.008123348017623 0cd9414a_20240904_110118.data
143 0 0 26.008123348017623 0cd9414a_20240904_110147.data
144 0 0 26.008123348017623 0cd9414a_20240904_110216.data
145 0 0 26.124563876651983 0cd9414a_20240904_110245.data
146 0 0 26.008123348017623 0cd9414a_20240904_110315.data
147 0 0 26.124563876651983 0cd9414a_20240904_110344.data
148 0 0 26.240572687224667 0cd9414a_20240904_110413.data
149 0 0 26.008123348017623 0cd9414a_20240904_110442.data
150 0 0 26.124563876651983 0cd9414a_20240904_110511.data
151 0 0 26.008123348017623 0cd9414a_20240904_110541.data
152 0 0 26.356118942731285 0cd9414a_20240904_110610.data
153 0 0 26.124563876651983 0cd9414a_20240904_110639.data
154 0 0 26.240572687224667 0cd9414a_20240904_110708.data
155 0 0 26.008123348017623 0cd9414a_20240904_110738.data
156 0 0 26.124563876651983 0cd9414a_20240904_110807.data
157 0 0 26.240572687224667 0cd9414a_20240904_110836.data
158 0 0 26.124563876651983 0cd9414a_20240904_110905.data
159 0 0 26.240572687224667 0cd9414a_20240904_110935.data
160 0 0 26.124563876651983 0cd9414a_20240904_111004.data
161 0 0 26.008123348017623 0cd9414a_20240904_111033.data
162 0 0 26.124563876651983 0cd9414a_20240904_111102.data
163 0 0 26.008123348017623 0cd9414a_20240904_111132.data
164 0 0 26.356118942731285 0cd9414a_20240904_111201.data
165 0 0 26.124563876651983 0cd9414a_20240904_111230.data
166 0 0 26.240572687224667 0cd9414a_20240904_111259.data
167 0 0 26.008123348017623 0cd9414a_20240904_111329.data
168 0 0 26.124563876651983 0cd9414a_20240904_111358.data
169 0 0 26.124563876651983 0cd9414a_20240904_111427.data
170 0 0 26.124563876651983 0cd9414a_20240904_111456.data
171 0 0 26.124563876651983 0cd9414a_20240904_111526.data
172 0 0 26.240572687224667 0cd9414a_20240904_111555.data
173 0 0 26.240572687224667 0cd9414a_20240904_111624.data
174 0 0 26.240572687224667 0cd9414a_20240904_111653.data
175 0 0 26.240572687224667 0cd9414a_20240904_111722.data
176 0 0 26.124563876651983 0cd9414a_20240904_111752.data
177 0 0 26.124563876651983 0cd9414a_20240904_111821.data
178 0 0 26.356118942731285 0cd9414a_20240904_111850.data
179 0 0 26.356118942731285 0cd9414a_20240904_111919.data
180 0 0 26.124563876651983 0cd9414a_20240904_111949.data
181 0 0 26.240572687224667 0cd9414a_20240904_112018.data
182 0 0 26.240572687224667 0cd9414a_20240904_112047.data
183 0 0 26.008123348017623 0cd9414a_20240904_112116.data
184 0 0 26.008123348017623 0cd9414a_20240904_112146.data
185 0 0 26.124563876651983 0cd9414a_20240904_112215.data
186 0 0 26.240572687224667 0cd9414a_20240904_112244.data
187 0 0 26.008123348017623 0cd9414a_20240904_112313.data
188 0 0 26.240572687224667 0cd9414a_20240904_112343.data
189 0 0 26.008123348017623 0cd9414a_20240904_112412.data
190 0 0 26.008123348017623 0cd9414a_20240904_112441.data
191 0 0 26.008123348017623 0cd9414a_20240904_112510.data
192 0 0 26.008123348017623 0cd9414a_20240904_112540.data
193 0 0 26.008123348017623 0cd9414a_20240904_112609.data
194 0 0 26.008123348017623 0cd9414a_20240904_112638.data
195 0 0 26.008123348017623 0cd9414a_20240904_112707.data
196 0 0 26.124563876651983 0cd9414a_20240904_112737.data
197 0 0 26.240572687224667 0cd9414a_20240904_112806.data
198 0 0 25.89125110132159 0cd9414a_20240904_112835.data
199 0 0 26.008123348017623 0cd9414a_20240904_112904.data
200 0 0 26.008123348017623 0cd9414a_20240904_112934.data
201 0 0 26.240572687224667 0cd9414a_20240904_113003.data
202 0 0 26.240572687224667 0cd9414a_20240904_113032.data
203 0 0 26.356118942731285 0cd9414a_20240904_113101.data
204 0 0 26.124563876651983 0cd9414a_20240904_113130.data
205 0 0 26.356118942731285 0cd9414a_20240904_113200.data
206 0 0 26.240572687224667 0cd9414a_20240904_113229.data
207 0 0 26.240572687224667 0cd9414a_20240904_113258.data
208 0 0 26.240572687224667 0cd9414a_20240904_113327.data
209 0 0 26.008123348017623 0cd9414a_20240904_113357.data
210 0 0 26.124563876651983 0cd9414a_20240904_113426.data
211 0 0 26.008123348017623 0cd9414a_20240904_113455.data
212 0 0 26.124563876651983 0cd9414a_20240904_113524.data
213 0 0 26.124563876651983 0cd9414a_20240904_113554.data
214 0 0 26.008123348017623 0cd9414a_20240904_113623.data
215 0 0 26.124563876651983 0cd9414a_20240904_113652.data
216 0 0 26.008123348017623 0cd9414a_20240904_113721.data
217 0 0 26.124563876651983 0cd9414a_20240904_113751.data
218 0 0 26.124563876651983 0cd9414a_20240904_113820.data
219 0 0 26.124563876651983 0cd9414a_20240904_113849.data
220 0 0 26.124563876651983 0cd9414a_20240904_113918.data
221 0 0 26.124563876651983 0cd9414a_20240904_113947.data
222 0 0 26.124563876651983 0cd9414a_20240904_114017.data
223 0 0 26.008123348017623 0cd9414a_20240904_114046.data
224 0 0 26.124563876651983 0cd9414a_20240904_114115.data
225 0 0 26.124563876651983 0cd9414a_20240904_114144.data
226 0 0 26.124563876651983 0cd9414a_20240904_114214.data
227 0 0 26.008123348017623 0cd9414a_20240904_114243.data
228 0 0 26.008123348017623 0cd9414a_20240904_114312.data
229 0 0 26.124563876651983 0cd9414a_20240904_114341.data
230 0 0 26.008123348017623 0cd9414a_20240904_114411.data
231 0 0 26.124563876651983 0cd9414a_20240904_114440.data
232 0 0 26.124563876651983 0cd9414a_20240904_114509.data
233 0 0 26.008123348017623 0cd9414a_20240904_114538.data
234 0 0 26.124563876651983 0cd9414a_20240904_114608.data
235 0 0 26.008123348017623 0cd9414a_20240904_114637.data
236 0 0 26.124563876651983 0cd9414a_20240904_114706.data
237 0 0 26.124563876651983 0cd9414a_20240904_114735.data
238 0 0 26.124563876651983 0cd9414a_20240904_114805.data
239 0 0 26.124563876651983 0cd9414a_20240904_114834.data
240 0 0 25.89125110132159 0cd9414a_20240904_114903.data
241 0 0 26.124563876651983 0cd9414a_20240904_114932.data
242 0 0 26.240572687224667 0cd9414a_20240904_115002.data
243 0 0 26.124563876651983 0cd9414a_20240904_115031.data
244 0 0 26.008123348017623 0cd9414a_20240904_115100.data
245 0 0 26.008123348017623 0cd9414a_20240904_115129.data
246 0 0 26.008123348017623 0cd9414a_20240904_115159.data
247 0 0 26.008123348017623 0cd9414a_20240904_115228.data
248 0 0 25.89125110132159 0cd9414a_20240904_115257.data
249 0 0 26.008123348017623 0cd9414a_20240904_115326.data
250 0 0 26.124563876651983 0cd9414a_20240904_115356.data
251 0 0 26.124563876651983 0cd9414a_20240904_115425.data
252 0 0 26.124563876651983 0cd9414a_20240904_115454.data
253 0 0 26.124563876651983 0cd9414a_20240904_115523.data
254 0 0 26.124563876651983 0cd9414a_20240904_115552.data
255 0 0 26.124563876651983 0cd9414a_20240904_115622.data
