51 0 0 26.124563876651983 0cd9414a_20240904_121523.data
52 0 0 26.008123348017623 0cd9414a_20240904_121552.data
53 0 0 26.124563876651983 0cd9414a_20240904_121622.data
54 0 0 26.240572687224667 0cd9414a_20240904_121651.data
55 0 0 26.124563876651983 0cd9414a_20240904_121720.data
56 0 0 26.240572687224667 0cd9414a_20240904_121749.data
57 0 0 26.240572687224667 0cd9414a_20240904_121819.data
58 0 0 26.240572687224667 0cd9414a_20240904_121848.data
59 0 0 26.124563876651983 0cd9414a_20240904_121917.data
60 0 0 26.240572687224667 0cd9414a_20240904_121946.data
61 0 0 26.240572687224667 0cd9414a_20240904_122016.data
62 0 0 26.124563876651983 0cd9414a_20240904_122045.data
63 0 0 26.240572687224667 0cd9414a_20240904_122114.data
64 0 0 26.240572687224667 0cd9414a_20240904_122143.data
65 0 0 26.240572687224667 0cd9414a_20240904_122213.data
66 0 0 26.240572687224667 0cd9414a_20240904_122242.data
67 0 0 26.240572687224667 0cd9414a_20240904_122311.data
68 0 0 26.124563876651983 0cd9414a_20240904_122340.data
69 0 0 26.240572687224667 0cd9414a_20240904_122410.data
70 0 0 26.240572687224667 0cd9414a_20240904_122439.data
71 0 0 26.240572687224667 0cd9414a_20240904_122508.data
72 0 0 26.124563876651983 0cd9414a_20240904_122537.data
73 0 0 26.471233480176213 0cd9414a_20240904_122607.data
74 0 0 26.124563876651983 0cd9414a_20240904_122636.data
75 0 0 26.124563876651983 0cd9414a_20240904_122705.data
76 0 0 26.124563876651983 0cd9414a_20240904_122734.data
77 0 0 26.240572687224667 0cd9414a_20240904_122804.data
78 0 0 26.240572687224667 0cd9414a_20240904_122833.data
79 0 0 26.124563876651983 0cd9414a_20240904_122902.data
80 0 0 26.240572687224667 0cd9414a_20240904_122932.data
81 0 0 26.240572687224667 0cd9414a_20240904_123001.data
82 0 0 26.240572687224667 0cd9414a_20240904_123030.data
83 0 0 26.240572687224667 0cd9414a_20240904_123059.data
84 0 0 26.240572687224667 0cd9414a_20240904_123128.data
85 0 0 26.240572687224667 0cd9414a_20240904_123158.data
86 0 0 26.240572687224667 0cd9414a_20240904_123227.data
87 0 0 26.240572687224667 0cd9414a_20240904_123256.data
88 0 0 26.240572687224667 0cd9414a_20240904_123325.data
89 0 0 26.240572687224667 0cd9414a_20240904_123355.data
90 0 0 26.240572687224667 0cd9414a_20240904_123424.data
91 0 0 26.240572687224667 0cd9414a_20240904_123453.data
92 0 0 26.124563876651983 0cd9414a_20240904_123522.data
93 0 0 26.240572687224667 0cd9414a_20240904_123552.data
94 0 0 26.240572687224667 0cd9414a_20240904_123621.data
95 0 0 26.240572687224667 0cd9414a_20240904_123650.data
96 0 0 26.240572687224667 0cd9414a_20240904_123719.data
97 0 0 26.124563876651983 0cd9414a_20240904_123749.data
98 0 0 26.240572687224667 0cd9414a_20240904_123818.data
99 0 0 26.240572687224667 0cd9414a_20240904_123847.data
100 0 0 26.240572687224667 0cd9414a_20240904_123916.data
101 0 0 26.240572687224667 0cd9414a_20240904_123945.data
102 0 0 26.356118942731285 0cd9414a_20240904_124015.data
103 0 0 26.240572687224667 0cd9414a_20240904_124044.data
104 0 0 26.240572687224667 0cd9414a_20240904_124113.data
105 0 0 26.124563876651983 0cd9414a_20240904_124142.data
106 0 0 26.124563876651983 0cd9414a_20240904_124212.data
107 0 0 26.240572687224667 0cd9414a_20240904_124241.data
108 0 0 26.124563876651983 0cd9414a_20240904_124310.data
109 0 0 26.240572687224667 0cd9414a_20240904_124339.data
110 0 0 26.240572687224667 0cd9414a_20240904_124409.data
111 0 0 26.240572687224667 0cd9414a_20240904_124438.data
112 0 0 26.240572687224667 0cd9414a_20240904_124507.data
113 0 0 26.240572687224667 0cd9414a_20240904_124536.data
114 0 0 26.240572687224667 0cd9414a_20240904_124606.data
115 0 0 26.240572687224667 0cd9414a_20240904_124635.data
116 0 0 26.240572687224667 0cd9414a_20240904_124704.data
117 0 0 26.240572687224667 0cd9414a_20240904_124733.data
118 0 0 26.240572687224667 0cd9414a_20240904_124803.data
119 0 0 26.240572687224667 0cd9414a_20240904_124832.data
120 0 0 26.240572687224667 0cd9414a_20240904_124901.data
121 0 0 26.240572687224667 0cd9414a_20240904_124930.data
122 0 0 26.124563876651983 0cd9414a_20240904_125000.data
123 0 0 26.240572687224667 0cd9414a_20240904_125029.data
124 0 0 26.240572687224667 0cd9414a_20240904_125058.data
125 0 0 26.240572687224667 0cd9414a_20240904_125127.data
126 0 0 26.240572687224667 0cd9414a_20240904_125157.data
127 0 0 26.240572687224667 0cd9414a_20240904_125226.data
128 0 0 26.240572687224667 0cd9414a_20240904_125255.data
129 0 0 26.240572687224667 0cd9414a_20240904_125324.data
130 0 0 26.240572687224667 0cd9414a_20240904_125354.data
131 0 0 26.240572687224667 0cd9414a_20240904_125423.data
132 0 0 26.240572687224667 0cd9414a_20240904_125452.data
133 0 0 26.240572687224667 0cd9414a_20240904_125521.data
134 0 0 26.240572687224667 0cd9414a_20240904_125550.data
135 0 0 26.240572687224667 0cd9414a_20240904_125620.data
136 0 0 26.240572687224667 0cd9414a_20240904_125649.data
137 0 0 26.240572687224667 0cd9414a_20240904_125718.data
138 0 0 26.240572687224667 0cd9414a_20240904_125747.data
139 0 0 26.240572687224667 0cd9414a_20240904_125817.data
140 0 0 26.240572687224667 0cd9414a_20240904_125846.data
141 0 0 26.240572687224667 0cd9414a_20240904_125915.data
142 0 0 26.240572687224667 0cd9414a_20240904_125944.data
143 0 0 26.240572687224667 0cd9414a_20240904_130014.data
144 0 0 26.240572687224667 0cd9414a_20240904_130043.data
145 0 0 26.124563876651983 0cd9414a_20240904_130112.data
146 0 0 26.240572687224667 0cd9414a_20240904_130141.data
147 0 0 26.240572687224667 0cd9414a_20240904_130211.data
148 0 0 26.124563876651983 0cd9414a_20240904_130240.data
149 0 0 26.356118942731285 0cd9414a_20240904_130309.data
150 0 0 26.240572687224667 0cd9414a_20240904_130338.data
151 0 0 26.240572687224667 0cd9414a_20240904_130408.data
152 0 0 26.240572687224667 0cd9414a_20240904_130437.data
153 0 0 26.240572687224667 0cd9414a_20240904_130506.data
154 0 0 26.240572687224667 0cd9414a_20240904_130535.data
155 0 0 26.240572687224667 0cd9414a_20240904_130605.data
156 0 0 26.124563876651983 0cd9414a_20240904_130634.data
157 0 0 26.124563876651983 0cd9414a_20240904_130703.data
158 0 0 26.124563876651983 0cd9414a_20240904_130732.data
159 0 0 26.008123348017623 0cd9414a_20240904_130802.data
160 0 0 26.240572687224667 0cd9414a_20240904_130831.data
161 0 0 26.240572687224667 0cd9414a_20240904_130900.data
162 0 0 26.240572687224667 0cd9414a_20240904_130929.data
163 0 0 26.240572687224667 0cd9414a_20240904_130959.data
164 0 0 26.240572687224667 0cd9414a_20240904_131028.data
165 0 0 26.240572687224667 0cd9414a_20240904_131057.data
166 0 0 26.240572687224667 0cd9414a_20240904_131126.data
167 0 0 26.240572687224667 0cd9414a_20240904_131156.data
168 0 0 26.240572687224667 0cd9414a_20240904_131225.data
169 0 0 26.124563876651983 0cd9414a_20240904_131254.data
170 0 0 26.240572687224667 0cd9414a_20240904_131323.data
171 0 0 26.240572687224667 0cd9414a_20240904_131353.data
172 0 0 26.240572687224667 0cd9414a_20240904_131422.data
173 0 0 26.240572687224667 0cd9414a_20240904_131451.data
174 0 0 26.240572687224667 0cd9414a_20240904_131520.data
175 0 0 26.240572687224667 0cd9414a_20240904_131550.data
176 0 0 26.240572687224667 0cd9414a_20240904_131619.data
177 0 0 26.240572687224667 0cd9414a_20240904_131648.data
178 0 0 26.240572687224667 0cd9414a_20240904_131717.data
179 0 0 26.240572687224667 0cd9414a_20240904_131747.data
180 0 0 26.240572687224667 0cd9414a_20240904_131816.data
181 0 0 26.240572687224667 0cd9414a_20240904_131845.data
182 0 0 26.240572687224667 0cd9414a_20240904_131915.data
183 0 0 26.240572687224667 0cd9414a_20240904_131944.data
184 0 0 26.240572687224667 0cd9414a_20240904_132013.data
185 0 0 26.356118942731285 0cd9414a_20240904_132042.data
186 0 0 26.008123348017623 0cd9414a_20240904_132112.data
187 0 0 26.124563876651983 0cd9414a_20240904_132141.data
188 0 0 26.240572687224667 0cd9414a_20240904_132210.data
189 0 0 26.240572687224667 0cd9414a_20240904_132239.data
190 0 0 26.240572687224667 0cd9414a_20240904_132309.data
191 0 0 26.240572687224667 0cd9414a_20240904_132338.data
192 0 0 26.240572687224667 0cd9414a_20240904_132407.data
193 0 0 26.240572687224667 0cd9414a_20240904_132436.data
194 0 0 26.240572687224667 0cd9414a_20240904_132505.data
195 0 0 26.240572687224667 0cd9414a_20240904_132535.data
196 0 0 26.240572687224667 0cd9414a_20240904_132604.data
197 0 0 26.240572687224667 0cd9414a_20240904_132633.data
198 0 0 26.240572687224667 0cd9414a_20240904_132702.data
199 0 0 26.240572687224667 0cd9414a_20240904_132732.data
200 0 0 26.240572687224667 0cd9414a_20240904_132801.data
201 0 0 26.240572687224667 0cd9414a_20240904_132830.data
202 0 0 26.240572687224667 0cd9414a_20240904_132859.data
203 0 0 26.240572687224667 0cd9414a_20240904_132929.data
204 0 0 26.240572687224667 0cd9414a_20240904_132958.data
205 0 0 26.124563876651983 0cd9414a_20240904_133027.data
206 0 0 26.240572687224667 0cd9414a_20240904_133056.data
207 0 0 26.240572687224667 0cd9414a_20240904_133126.data
208 0 0 26.240572687224667 0cd9414a_20240904_133155.data
209 0 0 26.124563876651983 0cd9414a_20240904_133224.data
210 0 0 26.124563876651983 0cd9414a_20240904_133253.data
211 0 0 26.240572687224667 0cd9414a_20240904_133323.data
212 0 0 26.240572687224667 0cd9414a_20240904_133352.data
213 0 0 26.124563876651983 0cd9414a_20240904_133421.data
214 0 0 26.356118942731285 0cd9414a_20240904_133450.data
215 0 0 26.240572687224667 0cd9414a_20240904_133520.data
216 0 0 26.240572687224667 0cd9414a_20240904_133549.data
217 0 0 26.240572687224667 0cd9414a_20240904_133618.data
218 0 0 26.240572687224667 0cd9414a_20240904_133647.data
219 0 0 26.240572687224667 0cd9414a_20240904_133717.data
220 0 0 26.124563876651983 0cd9414a_20240904_133746.data
221 0 0 26.240572687224667 0cd9414a_20240904_133815.data
222 0 0 26.240572687224667 0cd9414a_20240904_133844.data
223 0 0 26.240572687224667 0cd9414a_20240904_133914.data
224 0 0 26.240572687224667 0cd9414a_20240904_133943.data
225 0 0 26.240572687224667 0cd9414a_20240904_134012.data
226 0 0 26.240572687224667 0cd9414a_20240904_134041.data
227 0 0 26.240572687224667 0cd9414a_20240904_134111.data
228 0 0 26.240572687224667 0cd9414a_20240904_134140.data
229 0 0 26.240572687224667 0cd9414a_20240904_134209.data
230 0 0 26.240572687224667 0cd9414a_20240904_134238.data
231 0 0 26.240572687224667 0cd9414a_20240904_134307.data
232 0 0 26.240572687224667 0cd9414a_20240904_134337.data
233 0 0 26.240572687224667 0cd9414a_20240904_134406.data
234 0 0 26.240572687224667 0cd9414a_20240904_134435.data
235 0 0 26.240572687224667 0cd9414a_20240904_134505.data
236 0 0 26.240572687224667 0cd9414a_20240904_134534.data
237 0 0 26.240572687224667 0cd9414a_20240904_134603.data
238 0 0 26.240572687224667 0cd9414a_20240904_134632.data
239 0 0 26.240572687224667 0cd9414a_20240904_134701.data
240 0 0 26.240572687224667 0cd9414a_20240904_134731.data
241 0 0 26.124563876651983 0cd9414a_20240904_134800.data
242 0 0 26.356118942731285 0cd9414a_20240904_134829.data
243 0 0 26.240572687224667 0cd9414a_20240904_134858.data
244 0 0 26.240572687224667 0cd9414a_20240904_134928.data
245 0 0 26.240572687224667 0cd9414a_20240904_134957.data
246 0 0 26.240572687224667 0cd9414a_20240904_135026.data
247 0 0 26.240572687224667 0cd9414a_20240904_135056.data
248 0 0 26.240572687224667 0cd9414a_20240904_135125.data
249 0 0 26.240572687224667 0cd9414a_20240904_135154.data
250 0 0 26.240572687224667 0cd9414a_20240904_135223.data
251 0 0 26.240572687224667 0cd9414a_20240904_135252.data
252 0 0 26.240572687224667 0cd9414a_20240904_135322.data
253 0 0 26.124563876651983 0cd9414a_20240904_135351.data
254 0 0 26.240572687224667 0cd9414a_20240904_135420.data
255 0 0 26.240572687224667 0cd9414a_20240904_135449.data
