1 0 0 26.240572687224667 0cd9414a_20240903_163835.data
2 0 0 26.240572687224667 0cd9414a_20240903_163850.data
3 0 0 26.008123348017623 0cd9414a_20240903_163905.data
4 0 0 26.124563876651983 0cd9414a_20240903_163921.data
5 0 0 26.240572687224667 0cd9414a_20240903_163936.data
6 0 0 26.240572687224667 0cd9414a_20240903_163951.data
7 0 0 26.008123348017623 0cd9414a_20240903_164006.data
8 0 0 25.89125110132159 0cd9414a_20240903_164021.data
9 0 0 26.240572687224667 0cd9414a_20240903_164036.data
10 0 0 26.240572687224667 0cd9414a_20240903_164052.data
11 0 0 25.89125110132159 0cd9414a_20240903_164107.data
12 0 0 26.124563876651983 0cd9414a_20240903_164122.data
13 0 0 26.008123348017623 0cd9414a_20240903_164137.data
14 0 0 26.240572687224667 0cd9414a_20240903_164152.data
15 0 0 26.240572687224667 0cd9414a_20240903_164208.data
16 0 0 26.008123348017623 0cd9414a_20240903_164223.data
17 0 0 26.008123348017623 0cd9414a_20240903_164238.data
18 0 0 25.89125110132159 0cd9414a_20240903_164253.data
19 0 0 25.89125110132159 0cd9414a_20240903_164309.data
20 0 0 25.89125110132159 0cd9414a_20240903_164324.data
21 0 0 26.240572687224667 0cd9414a_20240903_164339.data
22 0 0 26.240572687224667 0cd9414a_20240903_164354.data
23 0 0 26.240572687224667 0cd9414a_20240903_164409.data
24 0 0 25.89125110132159 0cd9414a_20240903_164424.data
25 0 0 26.240572687224667 0cd9414a_20240903_164439.data
26 0 0 26.240572687224667 0cd9414a_20240903_164454.data
27 0 0 25.89125110132159 0cd9414a_20240903_164509.data
28 0 0 26.124563876651983 0cd9414a_20240903_164524.data
29 0 0 26.240572687224667 0cd9414a_20240903_164539.data
30 0 0 26.240572687224667 0cd9414a_20240903_164554.data
31 0 0 26.240572687224667 0cd9414a_20240903_164609.data
32 0 0 26.240572687224667 0cd9414a_20240903_164625.data
33 0 0 26.008123348017623 0cd9414a_20240903_164640.data
34 0 0 26.124563876651983 0cd9414a_20240903_164655.data
35 0 0 26.240572687224667 0cd9414a_20240903_164710.data
36 0 0 26.240572687224667 0cd9414a_20240903_164725.data
37 0 0 26.240572687224667 0cd9414a_20240903_164740.data
38 0 0 25.89125110132159 0cd9414a_20240903_164755.data
39 0 0 26.240572687224667 0cd9414a_20240903_164810.data
40 0 0 26.008123348017623 0cd9414a_20240903_164825.data
41 0 0 26.240572687224667 0cd9414a_20240903_164840.data
42 0 0 26.008123348017623 0cd9414a_20240903_164855.data
43 0 0 25.89125110132159 0cd9414a_20240903_164910.data
44 0 0 26.240572687224667 0cd9414a_20240903_164925.data
45 0 0 26.008123348017623 0cd9414a_20240903_164940.data
46 0 0 26.240572687224667 0cd9414a_20240903_164955.data
47 0 0 26.240572687224667 0cd9414a_20240903_165010.data
48 0 0 26.008123348017623 0cd9414a_20240903_165026.data
49 0 0 26.240572687224667 0cd9414a_20240903_165041.data
50 0 0 26.124563876651983 0cd9414a_20240903_165056.data
51 0 0 26.240572687224667 0cd9414a_20240903_165111.data
52 0 0 26.240572687224667 0cd9414a_20240903_165126.data
53 0 0 26.124563876651983 0cd9414a_20240903_165141.data
54 0 0 26.124563876651983 0cd9414a_20240903_165156.data
55 0 0 26.240572687224667 0cd9414a_20240903_165211.data
56 0 0 26.240572687224667 0cd9414a_20240903_165226.data
57 0 0 26.240572687224667 0cd9414a_20240903_165241.data
58 0 0 26.240572687224667 0cd9414a_20240903_165256.data
59 0 0 25.89125110132159 0cd9414a_20240903_165311.data
60 0 0 26.008123348017623 0cd9414a_20240903_165326.data
61 0 0 26.240572687224667 0cd9414a_20240903_165341.data
62 0 0 26.240572687224667 0cd9414a_20240903_165356.data
63 0 0 26.008123348017623 0cd9414a_20240903_165411.data
64 0 0 26.240572687224667 0cd9414a_20240903_165427.data
65 0 0 26.240572687224667 0cd9414a_20240903_165442.data
66 0 0 26.240572687224667 0cd9414a_20240903_165457.data
67 0 0 26.008123348017623 0cd9414a_20240903_165512.data
68 0 0 25.89125110132159 0cd9414a_20240903_165527.data
69 0 0 26.008123348017623 0cd9414a_20240903_165542.data
70 0 0 26.008123348017623 0cd9414a_20240903_165557.data
71 0 0 26.008123348017623 0cd9414a_20240903_165612.data
72 0 0 26.008123348017623 0cd9414a_20240903_165627.data
73 0 0 26.008123348017623 0cd9414a_20240903_165642.data
74 0 0 26.008123348017623 0cd9414a_20240903_165657.data
75 0 0 26.240572687224667 0cd9414a_20240903_165712.data
76 0 0 26.124563876651983 0cd9414a_20240903_165727.data
77 0 0 26.240572687224667 0cd9414a_20240903_165742.data
78 0 0 26.008123348017623 0cd9414a_20240903_165757.data
79 0 0 26.240572687224667 0cd9414a_20240903_165812.data
80 0 0 26.124563876651983 0cd9414a_20240903_165828.data
81 0 0 26.240572687224667 0cd9414a_20240903_165843.data
82 0 0 26.240572687224667 0cd9414a_20240903_165858.data
83 0 0 26.008123348017623 0cd9414a_20240903_165913.data
84 0 0 26.008123348017623 0cd9414a_20240903_165928.data
85 0 0 26.008123348017623 0cd9414a_20240903_165943.data
86 0 0 26.008123348017623 0cd9414a_20240903_165958.data
87 0 0 25.89125110132159 0cd9414a_20240903_170013.data
88 0 0 25.89125110132159 0cd9414a_20240903_170028.data
89 0 0 26.124563876651983 0cd9414a_20240903_170043.data
90 0 0 26.240572687224667 0cd9414a_20240903_170058.data
91 0 0 26.240572687224667 0cd9414a_20240903_170113.data
92 0 0 26.240572687224667 0cd9414a_20240903_170128.data
93 0 0 26.008123348017623 0cd9414a_20240903_170143.data
94 0 0 26.240572687224667 0cd9414a_20240903_170158.data
95 0 0 26.240572687224667 0cd9414a_20240903_170213.data
96 0 0 26.240572687224667 0cd9414a_20240903_170229.data
97 0 0 26.124563876651983 0cd9414a_20240903_170244.data
98 0 0 26.124563876651983 0cd9414a_20240903_170259.data
99 0 0 26.240572687224667 0cd9414a_20240903_170314.data
100 0 0 26.240572687224667 0cd9414a_20240903_170329.data
101 0 0 26.240572687224667 0cd9414a_20240903_170344.data
102 0 0 26.356118942731285 0cd9414a_20240903_170359.data
103 0 0 26.240572687224667 0cd9414a_20240903_170414.data
104 0 0 26.356118942731285 0cd9414a_20240903_170429.data
105 0 0 26.240572687224667 0cd9414a_20240903_170444.data
106 0 0 26.240572687224667 0cd9414a_20240903_170459.data
107 0 0 26.124563876651983 0cd9414a_20240903_170514.data
108 0 0 26.356118942731285 0cd9414a_20240903_170529.data
109 0 0 26.124563876651983 0cd9414a_20240903_170544.data
110 0 0 26.240572687224667 0cd9414a_20240903_170559.data
111 0 0 26.008123348017623 0cd9414a_20240903_170614.data
112 0 0 26.240572687224667 0cd9414a_20240903_170630.data
113 0 0 26.008123348017623 0cd9414a_20240903_170645.data
114 0 0 26.240572687224667 0cd9414a_20240903_170700.data
115 0 0 26.240572687224667 0cd9414a_20240903_170715.data
116 0 0 26.240572687224667 0cd9414a_20240903_170730.data
117 0 0 26.240572687224667 0cd9414a_20240903_170745.data
118 0 0 26.240572687224667 0cd9414a_20240903_170800.data
119 0 0 26.240572687224667 0cd9414a_20240903_170815.data
120 0 0 26.124563876651983 0cd9414a_20240903_170830.data
121 0 0 26.240572687224667 0cd9414a_20240903_170845.data
122 0 0 26.008123348017623 0cd9414a_20240903_170900.data
123 0 0 25.89125110132159 0cd9414a_20240903_170915.data
124 0 0 26.240572687224667 0cd9414a_20240903_170930.data
125 0 0 26.240572687224667 0cd9414a_20240903_170945.data
126 0 0 25.89125110132159 0cd9414a_20240903_171000.data
127 0 0 26.240572687224667 0cd9414a_20240903_171015.data
128 0 0 26.240572687224667 0cd9414a_20240903_171031.data
129 0 0 26.240572687224667 0cd9414a_20240903_171046.data
130 0 0 26.008123348017623 0cd9414a_20240903_171101.data
131 0 0 26.240572687224667 0cd9414a_20240903_171116.data
132 0 0 26.240572687224667 0cd9414a_20240903_171131.data
133 0 0 26.240572687224667 0cd9414a_20240903_171146.data
134 0 0 26.124563876651983 0cd9414a_20240903_171201.data
135 0 0 26.240572687224667 0cd9414a_20240903_171216.data
136 0 0 26.240572687224667 0cd9414a_20240903_171231.data
137 0 0 26.240572687224667 0cd9414a_20240903_171246.data
138 0 0 25.89125110132159 0cd9414a_20240903_171301.data
139 0 0 26.240572687224667 0cd9414a_20240903_171316.data
140 0 0 26.124563876651983 0cd9414a_20240903_171331.data
141 0 0 26.240572687224667 0cd9414a_20240903_171346.data
142 0 0 26.124563876651983 0cd9414a_20240903_171401.data
143 0 0 26.240572687224667 0cd9414a_20240903_171416.data
144 0 0 25.89125110132159 0cd9414a_20240903_171432.data
145 0 0 26.240572687224667 0cd9414a_20240903_171447.data
146 0 0 26.008123348017623 0cd9414a_20240903_171502.data
147 0 0 26.008123348017623 0cd9414a_20240903_171517.data
148 0 0 26.008123348017623 0cd9414a_20240903_171532.data
149 0 0 26.008123348017623 0cd9414a_20240903_171547.data
150 0 0 26.008123348017623 0cd9414a_20240903_171602.data
151 0 0 25.89125110132159 0cd9414a_20240903_171617.data
152 0 0 26.240572687224667 0cd9414a_20240903_171632.data
153 0 0 26.240572687224667 0cd9414a_20240903_171647.data
154 0 0 26.240572687224667 0cd9414a_20240903_171702.data
155 0 0 26.240572687224667 0cd9414a_20240903_171717.data
156 0 0 25.89125110132159 0cd9414a_20240903_171732.data
157 0 0 26.240572687224667 0cd9414a_20240903_171747.data
158 0 0 26.240572687224667 0cd9414a_20240903_171802.data
159 0 0 26.240572687224667 0cd9414a_20240903_171817.data
160 0 0 26.240572687224667 0cd9414a_20240903_171832.data
161 0 0 26.240572687224667 0cd9414a_20240903_171847.data
162 0 0 26.240572687224667 0cd9414a_20240903_171903.data
163 0 0 26.240572687224667 0cd9414a_20240903_171918.data
164 0 0 26.008123348017623 0cd9414a_20240903_171933.data
165 0 0 26.240572687224667 0cd9414a_20240903_171948.data
166 0 0 26.240572687224667 0cd9414a_20240903_172003.data
167 0 0 26.240572687224667 0cd9414a_20240903_172018.data
168 0 0 26.240572687224667 0cd9414a_20240903_172033.data
169 0 0 26.124563876651983 0cd9414a_20240903_172048.data
170 0 0 26.240572687224667 0cd9414a_20240903_172103.data
171 0 0 26.240572687224667 0cd9414a_20240903_172118.data
172 0 0 26.240572687224667 0cd9414a_20240903_172133.data
173 0 0 26.240572687224667 0cd9414a_20240903_172148.data
174 0 0 26.008123348017623 0cd9414a_20240903_172203.data
175 0 0 26.240572687224667 0cd9414a_20240903_172218.data
176 0 0 26.008123348017623 0cd9414a_20240903_172233.data
177 0 0 26.240572687224667 0cd9414a_20240903_172248.data
178 0 0 26.124563876651983 0cd9414a_20240903_172303.data
179 0 0 26.008123348017623 0cd9414a_20240903_172319.data
180 0 0 26.008123348017623 0cd9414a_20240903_172334.data
181 0 0 26.240572687224667 0cd9414a_20240903_172349.data
182 0 0 26.008123348017623 0cd9414a_20240903_172404.data
183 0 0 26.008123348017623 0cd9414a_20240903_172419.data
184 0 0 26.008123348017623 0cd9414a_20240903_172434.data
185 0 0 26.240572687224667 0cd9414a_20240903_172449.data
186 0 0 26.240572687224667 0cd9414a_20240903_172504.data
187 0 0 26.240572687224667 0cd9414a_20240903_172519.data
188 0 0 26.124563876651983 0cd9414a_20240903_172534.data
189 0 0 26.240572687224667 0cd9414a_20240903_172549.data
190 0 0 25.89125110132159 0cd9414a_20240903_172604.data
191 0 0 26.008123348017623 0cd9414a_20240903_172619.data
192 0 0 26.008123348017623 0cd9414a_20240903_172634.data
193 0 0 26.008123348017623 0cd9414a_20240903_172649.data
194 0 0 26.240572687224667 0cd9414a_20240903_172704.data
195 0 0 26.008123348017623 0cd9414a_20240903_172719.data
196 0 0 25.89125110132159 0cd9414a_20240903_172734.data
197 0 0 26.008123348017623 0cd9414a_20240903_172750.data
198 0 0 25.89125110132159 0cd9414a_20240903_172805.data
199 0 0 25.89125110132159 0cd9414a_20240903_172820.data
200 0 0 26.008123348017623 0cd9414a_20240903_172835.data
