-29 0 0 22.255285714285712 0cd913fa_20240216_141429.data
-28 0 0 22.255285714285712 0cd913fa_20240216_141444.data
-27 0 0 22.255285714285712 0cd913fa_20240216_141459.data
-26 0 0 22.255285714285712 0cd913fa_20240216_141514.data
-25 0 0 22.255285714285712 0cd913fa_20240216_141530.data
-24 0 0 22.255285714285712 0cd913fa_20240216_141545.data
-23 0 0 22.255285714285712 0cd913fa_20240216_141600.data
-22 0 0 22.255285714285712 0cd913fa_20240216_141615.data
-21 0 0 22.255285714285712 0cd913fa_20240216_141630.data
-20 0 0 22.255285714285712 0cd913fa_20240216_141645.data
-19 0 0 22.255285714285712 0cd913fa_20240216_141700.data
-18 0 0 22.255285714285712 0cd913fa_20240216_141715.data
-17 0 0 22.255285714285712 0cd913fa_20240216_141730.data
-16 0 0 22.255285714285712 0cd913fa_20240216_141745.data
-15 0 0 22.255285714285712 0cd913fa_20240216_141800.data
-14 0 0 22.35861904761905 0cd913fa_20240216_141815.data
-13 0 0 22.255285714285712 0cd913fa_20240216_141830.data
-12 0 0 22.35861904761905 0cd913fa_20240216_141845.data
-11 0 0 22.255285714285712 0cd913fa_20240216_141900.data
-10 0 0 22.255285714285712 0cd913fa_20240216_141915.data
-9 0 0 22.255285714285712 0cd913fa_20240216_141930.data
-8 0 0 22.255285714285712 0cd913fa_20240216_141946.data
-7 0 0 22.255285714285712 0cd913fa_20240216_142001.data
-6 0 0 22.35861904761905 0cd913fa_20240216_142016.data
-5 0 0 22.255285714285712 0cd913fa_20240216_142031.data
-4 0 0 22.255285714285712 0cd913fa_20240216_142046.data
-3 0 0 22.255285714285712 0cd913fa_20240216_142101.data
-2 0 0 22.255285714285712 0cd913fa_20240216_142116.data
-1 0 0 22.255285714285712 0cd913fa_20240216_142131.data
0 0 0 22.255285714285712 0cd913fa_20240216_142146.data
1 0 0 22.255285714285712 0cd913fa_20240216_142201.data
2 0 0 22.35861904761905 0cd913fa_20240216_142216.data
3 0 0 22.255285714285712 0cd913fa_20240216_142231.data
4 0 0 22.35861904761905 0cd913fa_20240216_142246.data
5 0 0 22.35861904761905 0cd913fa_20240216_142301.data
6 0 0 22.255285714285712 0cd913fa_20240216_142316.data
7 0 0 22.255285714285712 0cd913fa_20240216_142331.data
8 0 0 22.255285714285712 0cd913fa_20240216_142346.data
9 0 0 22.255285714285712 0cd913fa_20240216_142402.data
10 0 0 22.255285714285712 0cd913fa_20240216_142417.data
11 0 0 22.35861904761905 0cd913fa_20240216_142432.data
12 0 0 22.255285714285712 0cd913fa_20240216_142447.data
13 0 0 22.35861904761905 0cd913fa_20240216_142502.data
14 0 0 22.255285714285712 0cd913fa_20240216_142517.data
15 0 0 22.255285714285712 0cd913fa_20240216_142532.data
16 0 0 22.255285714285712 0cd913fa_20240216_142547.data
17 0 0 22.255285714285712 0cd913fa_20240216_142602.data
18 0 0 22.255285714285712 0cd913fa_20240216_142617.data
19 0 0 22.255285714285712 0cd913fa_20240216_142632.data
20 0 0 22.255285714285712 0cd913fa_20240216_142647.data
21 0 0 22.255285714285712 0cd913fa_20240216_142702.data
22 0 0 22.255285714285712 0cd913fa_20240216_142717.data
23 0 0 22.255285714285712 0cd913fa_20240216_142732.data
24 0 0 22.255285714285712 0cd913fa_20240216_142747.data
25 0 0 22.35861904761905 0cd913fa_20240216_142802.data
26 0 0 22.255285714285712 0cd913fa_20240216_142818.data
27 0 0 22.255285714285712 0cd913fa_20240216_142833.data
28 0 0 22.255285714285712 0cd913fa_20240216_142848.data
29 0 0 22.255285714285712 0cd913fa_20240216_142903.data
30 0 0 22.255285714285712 0cd913fa_20240216_142918.data
31 0 0 22.255285714285712 0cd913fa_20240216_142933.data
32 0 0 22.255285714285712 0cd913fa_20240216_142948.data
33 0 0 22.35861904761905 0cd913fa_20240216_143003.data
34 0 0 22.255285714285712 0cd913fa_20240216_143018.data
35 0 0 22.255285714285712 0cd913fa_20240216_143033.data
36 0 0 22.255285714285712 0cd913fa_20240216_143048.data
37 0 0 22.255285714285712 0cd913fa_20240216_143103.data
38 0 0 22.255285714285712 0cd913fa_20240216_143118.data
39 0 0 22.255285714285712 0cd913fa_20240216_143133.data
40 0 0 22.255285714285712 0cd913fa_20240216_143148.data
41 0 0 22.255285714285712 0cd913fa_20240216_143203.data
42 0 0 22.255285714285712 0cd913fa_20240216_143218.data
43 0 0 22.255285714285712 0cd913fa_20240216_143234.data
44 0 0 22.255285714285712 0cd913fa_20240216_143249.data
45 0 0 22.255285714285712 0cd913fa_20240216_143304.data
46 0 0 22.255285714285712 0cd913fa_20240216_143319.data
47 0 0 22.255285714285712 0cd913fa_20240216_143334.data
48 0 0 22.255285714285712 0cd913fa_20240216_143349.data
49 0 0 22.255285714285712 0cd913fa_20240216_143404.data
50 0 0 22.255285714285712 0cd913fa_20240216_143419.data
51 0 0 22.255285714285712 0cd913fa_20240216_143434.data
52 0 0 22.255285714285712 0cd913fa_20240216_143449.data
53 0 0 22.255285714285712 0cd913fa_20240216_143504.data
54 0 0 22.255285714285712 0cd913fa_20240216_143519.data
55 0 0 22.255285714285712 0cd913fa_20240216_143534.data
56 0 0 22.255285714285712 0cd913fa_20240216_143549.data
57 0 0 22.255285714285712 0cd913fa_20240216_143604.data
58 0 0 22.255285714285712 0cd913fa_20240216_143619.data
59 0 0 22.255285714285712 0cd913fa_20240216_143635.data
60 0 0 22.255285714285712 0cd913fa_20240216_143650.data
61 0 0 22.255285714285712 0cd913fa_20240216_143705.data
62 0 0 22.255285714285712 0cd913fa_20240216_143720.data
63 0 0 22.255285714285712 0cd913fa_20240216_143735.data
64 0 0 22.255285714285712 0cd913fa_20240216_143750.data
65 0 0 22.255285714285712 0cd913fa_20240216_143805.data
66 0 0 22.255285714285712 0cd913fa_20240216_143820.data
67 0 0 22.255285714285712 0cd913fa_20240216_143835.data
68 0 0 22.255285714285712 0cd913fa_20240216_143850.data
69 0 0 22.255285714285712 0cd913fa_20240216_143905.data
70 0 0 22.255285714285712 0cd913fa_20240216_143920.data
71 0 0 22.255285714285712 0cd913fa_20240216_143935.data
72 0 0 22.255285714285712 0cd913fa_20240216_143950.data
73 0 0 22.255285714285712 0cd913fa_20240216_144005.data
74 0 0 22.255285714285712 0cd913fa_20240216_144020.data
75 0 0 22.255285714285712 0cd913fa_20240216_144035.data
76 0 0 22.255285714285712 0cd913fa_20240216_144051.data
77 0 0 22.255285714285712 0cd913fa_20240216_144106.data
78 0 0 22.255285714285712 0cd913fa_20240216_144121.data
79 0 0 22.255285714285712 0cd913fa_20240216_144136.data
80 0 0 22.255285714285712 0cd913fa_20240216_144151.data
81 0 0 22.255285714285712 0cd913fa_20240216_144206.data
82 0 0 22.255285714285712 0cd913fa_20240216_144221.data
83 0 0 22.255285714285712 0cd913fa_20240216_144236.data
84 0 0 22.255285714285712 0cd913fa_20240216_144251.data
85 0 0 22.255285714285712 0cd913fa_20240216_144306.data
86 0 0 22.255285714285712 0cd913fa_20240216_144321.data
87 0 0 22.255285714285712 0cd913fa_20240216_144336.data
88 0 0 22.255285714285712 0cd913fa_20240216_144351.data
89 0 0 22.255285714285712 0cd913fa_20240216_144406.data
90 0 0 22.255285714285712 0cd913fa_20240216_144421.data
91 0 0 22.255285714285712 0cd913fa_20240216_144436.data
92 0 0 22.255285714285712 0cd913fa_20240216_144451.data
93 0 0 22.255285714285712 0cd913fa_20240216_144507.data
94 0 0 22.255285714285712 0cd913fa_20240216_144522.data
95 0 0 22.255285714285712 0cd913fa_20240216_144537.data
96 0 0 22.255285714285712 0cd913fa_20240216_144552.data
97 0 0 22.255285714285712 0cd913fa_20240216_144607.data
98 0 0 22.255285714285712 0cd913fa_20240216_144622.data
99 0 0 22.255285714285712 0cd913fa_20240216_144637.data
100 0 0 22.255285714285712 0cd913fa_20240216_144652.data
101 0 0 22.255285714285712 0cd913fa_20240216_144707.data
102 0 0 22.255285714285712 0cd913fa_20240216_144722.data
103 0 0 22.255285714285712 0cd913fa_20240216_144737.data
104 0 0 22.255285714285712 0cd913fa_20240216_144752.data
105 0 0 22.255285714285712 0cd913fa_20240216_144807.data
106 0 0 22.255285714285712 0cd913fa_20240216_144822.data
107 0 0 22.255285714285712 0cd913fa_20240216_144837.data
108 0 0 22.255285714285712 0cd913fa_20240216_144852.data
109 0 0 22.255285714285712 0cd913fa_20240216_144908.data
110 0 0 22.255285714285712 0cd913fa_20240216_144923.data
111 0 0 22.255285714285712 0cd913fa_20240216_144938.data
112 0 0 22.255285714285712 0cd913fa_20240216_144953.data
113 0 0 22.255285714285712 0cd913fa_20240216_145008.data
114 0 0 22.255285714285712 0cd913fa_20240216_145023.data
115 0 0 22.255285714285712 0cd913fa_20240216_145038.data
116 0 0 22.255285714285712 0cd913fa_20240216_145053.data
117 0 0 22.255285714285712 0cd913fa_20240216_145108.data
118 0 0 22.255285714285712 0cd913fa_20240216_145123.data
119 0 0 22.255285714285712 0cd913fa_20240216_145138.data
120 0 0 22.255285714285712 0cd913fa_20240216_145153.data
121 0 0 22.255285714285712 0cd913fa_20240216_145208.data
122 0 0 22.255285714285712 0cd913fa_20240216_145223.data
123 0 0 22.255285714285712 0cd913fa_20240216_145238.data
124 0 0 22.255285714285712 0cd913fa_20240216_145253.data
125 0 0 22.255285714285712 0cd913fa_20240216_145308.data
126 0 0 22.255285714285712 0cd913fa_20240216_145324.data
127 0 0 22.255285714285712 0cd913fa_20240216_145339.data
128 0 0 22.255285714285712 0cd913fa_20240216_145354.data
129 0 0 22.255285714285712 0cd913fa_20240216_145409.data
130 0 0 22.255285714285712 0cd913fa_20240216_145424.data
131 0 0 22.255285714285712 0cd913fa_20240216_145439.data
132 0 0 22.255285714285712 0cd913fa_20240216_145454.data
133 0 0 22.255285714285712 0cd913fa_20240216_145509.data
134 0 0 22.255285714285712 0cd913fa_20240216_145524.data
135 0 0 22.255285714285712 0cd913fa_20240216_145539.data
136 0 0 22.255285714285712 0cd913fa_20240216_145554.data
137 0 0 22.255285714285712 0cd913fa_20240216_145609.data
138 0 0 22.255285714285712 0cd913fa_20240216_145624.data
139 0 0 22.255285714285712 0cd913fa_20240216_145639.data
140 0 0 22.255285714285712 0cd913fa_20240216_145654.data
141 0 0 22.255285714285712 0cd913fa_20240216_145709.data
142 0 0 22.255285714285712 0cd913fa_20240216_145724.data
143 0 0 22.255285714285712 0cd913fa_20240216_145740.data
144 0 0 22.255285714285712 0cd913fa_20240216_145755.data
145 0 0 22.255285714285712 0cd913fa_20240216_145810.data
146 0 0 22.255285714285712 0cd913fa_20240216_145825.data
147 0 0 22.255285714285712 0cd913fa_20240216_145840.data
148 0 0 22.255285714285712 0cd913fa_20240216_145855.data
149 0 0 22.255285714285712 0cd913fa_20240216_145910.data
150 0 0 22.255285714285712 0cd913fa_20240216_145925.data
151 0 0 22.255285714285712 0cd913fa_20240216_145940.data
152 0 0 22.255285714285712 0cd913fa_20240216_145955.data
153 0 0 22.255285714285712 0cd913fa_20240216_150010.data
154 0 0 22.255285714285712 0cd913fa_20240216_150025.data
155 0 0 22.255285714285712 0cd913fa_20240216_150040.data
156 0 0 22.255285714285712 0cd913fa_20240216_150055.data
157 0 0 22.255285714285712 0cd913fa_20240216_150110.data
158 0 0 22.255285714285712 0cd913fa_20240216_150125.data
159 0 0 22.255285714285712 0cd913fa_20240216_150140.data
160 0 0 22.255285714285712 0cd913fa_20240216_150156.data
161 0 0 22.255285714285712 0cd913fa_20240216_150211.data
162 0 0 22.255285714285712 0cd913fa_20240216_150226.data
163 0 0 22.255285714285712 0cd913fa_20240216_150241.data
164 0 0 22.255285714285712 0cd913fa_20240216_150256.data
165 0 0 22.255285714285712 0cd913fa_20240216_150311.data
166 0 0 22.255285714285712 0cd913fa_20240216_150326.data
167 0 0 22.255285714285712 0cd913fa_20240216_150341.data
168 0 0 22.255285714285712 0cd913fa_20240216_150356.data
169 0 0 22.255285714285712 0cd913fa_20240216_150411.data
170 0 0 22.255285714285712 0cd913fa_20240216_150426.data
