-29 0 0 22.04733333333333 0cd913fa_20240216_113247.data
-28 0 0 22.04733333333333 0cd913fa_20240216_113302.data
-27 0 0 22.04733333333333 0cd913fa_20240216_113317.data
-26 0 0 22.04733333333333 0cd913fa_20240216_113332.data
-25 0 0 22.04733333333333 0cd913fa_20240216_113347.data
-24 0 0 22.04733333333333 0cd913fa_20240216_113402.data
-23 0 0 22.04733333333333 0cd913fa_20240216_113417.data
-22 0 0 22.04733333333333 0cd913fa_20240216_113432.data
-21 0 0 22.04733333333333 0cd913fa_20240216_113447.data
-20 0 0 22.04733333333333 0cd913fa_20240216_113502.data
-19 0 0 22.04733333333333 0cd913fa_20240216_113517.data
-18 0 0 22.04733333333333 0cd913fa_20240216_113532.data
-17 0 0 22.04733333333333 0cd913fa_20240216_113547.data
-16 0 0 22.04733333333333 0cd913fa_20240216_113602.data
-15 0 0 22.04733333333333 0cd913fa_20240216_113617.data
-14 0 0 22.04733333333333 0cd913fa_20240216_113632.data
-13 0 0 22.04733333333333 0cd913fa_20240216_113647.data
-12 0 0 22.04733333333333 0cd913fa_20240216_113703.data
-11 0 0 22.04733333333333 0cd913fa_20240216_113718.data
-10 0 0 22.04733333333333 0cd913fa_20240216_113733.data
-9 0 0 22.04733333333333 0cd913fa_20240216_113748.data
-8 0 0 22.04733333333333 0cd913fa_20240216_113803.data
-7 0 0 22.04733333333333 0cd913fa_20240216_113818.data
-6 0 0 22.04733333333333 0cd913fa_20240216_113833.data
-5 0 0 22.04733333333333 0cd913fa_20240216_113848.data
3 0 0 22.04733333333333 0cd913fa_20240216_114048.data
4 0 0 22.04733333333333 0cd913fa_20240216_114103.data
5 0 0 22.04733333333333 0cd913fa_20240216_114118.data
6 0 0 22.04733333333333 0cd913fa_20240216_114134.data
7 0 0 22.04733333333333 0cd913fa_20240216_114149.data
8 0 0 22.04733333333333 0cd913fa_20240216_114204.data
9 0 0 22.04733333333333 0cd913fa_20240216_114219.data
10 0 0 22.04733333333333 0cd913fa_20240216_114234.data
11 0 0 22.04733333333333 0cd913fa_20240216_114249.data
12 0 0 22.04733333333333 0cd913fa_20240216_114304.data
13 0 0 22.04733333333333 0cd913fa_20240216_114319.data
14 0 0 22.04733333333333 0cd913fa_20240216_114334.data
15 0 0 22.04733333333333 0cd913fa_20240216_114349.data
16 0 0 22.04733333333333 0cd913fa_20240216_114404.data
17 0 0 22.04733333333333 0cd913fa_20240216_114419.data
18 0 0 22.04733333333333 0cd913fa_20240216_114434.data
19 0 0 22.04733333333333 0cd913fa_20240216_114449.data
20 0 0 22.04733333333333 0cd913fa_20240216_114504.data
21 0 0 22.04733333333333 0cd913fa_20240216_114519.data
22 0 0 22.04733333333333 0cd913fa_20240216_114534.data
23 0 0 22.04733333333333 0cd913fa_20240216_114549.data
24 0 0 22.04733333333333 0cd913fa_20240216_114604.data
25 0 0 22.04733333333333 0cd913fa_20240216_114620.data
26 0 0 22.15152380952381 0cd913fa_20240216_114635.data
27 0 0 22.04733333333333 0cd913fa_20240216_114650.data
28 0 0 22.04733333333333 0cd913fa_20240216_114705.data
29 0 0 22.04733333333333 0cd913fa_20240216_114720.data
30 0 0 22.04733333333333 0cd913fa_20240216_114735.data
31 0 0 22.04733333333333 0cd913fa_20240216_114750.data
32 0 0 22.04733333333333 0cd913fa_20240216_114805.data
33 0 0 22.04733333333333 0cd913fa_20240216_114820.data
34 0 0 22.04733333333333 0cd913fa_20240216_114835.data
43 0 0 22.04733333333333 0cd913fa_20240216_115051.data
44 0 0 22.04733333333333 0cd913fa_20240216_115106.data
45 0 0 22.04733333333333 0cd913fa_20240216_115121.data
46 0 0 22.04733333333333 0cd913fa_20240216_115136.data
47 0 0 22.04733333333333 0cd913fa_20240216_115151.data
48 0 0 22.04733333333333 0cd913fa_20240216_115206.data
49 0 0 22.04733333333333 0cd913fa_20240216_115221.data
50 0 0 22.04733333333333 0cd913fa_20240216_115236.data
51 0 0 22.04733333333333 0cd913fa_20240216_115251.data
52 0 0 22.04733333333333 0cd913fa_20240216_115306.data
53 0 0 22.04733333333333 0cd913fa_20240216_115321.data
54 0 0 22.04733333333333 0cd913fa_20240216_115336.data
55 0 0 22.04733333333333 0cd913fa_20240216_115351.data
56 0 0 22.04733333333333 0cd913fa_20240216_115406.data
57 0 0 22.04733333333333 0cd913fa_20240216_115421.data
58 0 0 22.04733333333333 0cd913fa_20240216_115436.data
59 0 0 22.04733333333333 0cd913fa_20240216_115451.data
60 0 0 22.04733333333333 0cd913fa_20240216_115506.data
61 0 0 22.04733333333333 0cd913fa_20240216_115522.data
62 0 0 22.04733333333333 0cd913fa_20240216_115537.data
63 0 0 22.04733333333333 0cd913fa_20240216_115552.data
64 0 0 22.04733333333333 0cd913fa_20240216_115607.data
65 0 0 22.04733333333333 0cd913fa_20240216_115622.data
66 0 0 22.04733333333333 0cd913fa_20240216_115637.data
67 0 0 22.04733333333333 0cd913fa_20240216_115652.data
68 0 0 22.04733333333333 0cd913fa_20240216_115707.data
69 0 0 22.04733333333333 0cd913fa_20240216_115722.data
70 0 0 22.04733333333333 0cd913fa_20240216_115737.data
71 0 0 22.04733333333333 0cd913fa_20240216_115752.data
72 0 0 22.04733333333333 0cd913fa_20240216_115807.data
73 0 0 22.04733333333333 0cd913fa_20240216_115822.data
74 0 0 22.04733333333333 0cd913fa_20240216_115837.data
76 0 0 22.04733333333333 0cd913fa_20240216_115907.data
77 0 0 22.04733333333333 0cd913fa_20240216_115922.data
78 0 0 22.04733333333333 0cd913fa_20240216_115938.data
79 0 0 22.04733333333333 0cd913fa_20240216_115953.data
80 0 0 22.04733333333333 0cd913fa_20240216_120008.data
81 0 0 22.04733333333333 0cd913fa_20240216_120023.data
82 0 0 22.04733333333333 0cd913fa_20240216_120038.data
83 0 0 22.04733333333333 0cd913fa_20240216_120053.data
84 0 0 22.04733333333333 0cd913fa_20240216_120108.data
85 0 0 22.04733333333333 0cd913fa_20240216_120123.data
86 0 0 22.04733333333333 0cd913fa_20240216_120138.data
87 0 0 22.04733333333333 0cd913fa_20240216_120153.data
88 0 0 22.04733333333333 0cd913fa_20240216_120208.data
89 0 0 22.04733333333333 0cd913fa_20240216_120223.data
90 0 0 22.04733333333333 0cd913fa_20240216_120238.data
91 0 0 22.04733333333333 0cd913fa_20240216_120253.data
92 0 0 22.04733333333333 0cd913fa_20240216_120308.data
93 0 0 22.04733333333333 0cd913fa_20240216_120323.data
94 0 0 22.04733333333333 0cd913fa_20240216_120338.data
95 0 0 22.04733333333333 0cd913fa_20240216_120353.data
96 0 0 22.04733333333333 0cd913fa_20240216_120409.data
97 0 0 22.04733333333333 0cd913fa_20240216_120424.data
98 0 0 22.04733333333333 0cd913fa_20240216_120439.data
99 0 0 22.04733333333333 0cd913fa_20240216_120454.data
100 0 0 22.04733333333333 0cd913fa_20240216_120509.data
101 0 0 22.04733333333333 0cd913fa_20240216_120524.data
102 0 0 22.04733333333333 0cd913fa_20240216_120539.data
103 0 0 22.04733333333333 0cd913fa_20240216_120554.data
104 0 0 22.04733333333333 0cd913fa_20240216_120609.data
105 0 0 22.04733333333333 0cd913fa_20240216_120624.data
106 0 0 22.04733333333333 0cd913fa_20240216_120639.data
107 0 0 22.04733333333333 0cd913fa_20240216_120654.data
108 0 0 22.04733333333333 0cd913fa_20240216_120709.data
109 0 0 22.04733333333333 0cd913fa_20240216_120724.data
110 0 0 22.04733333333333 0cd913fa_20240216_120739.data
111 0 0 22.04733333333333 0cd913fa_20240216_120754.data
112 0 0 22.04733333333333 0cd913fa_20240216_120809.data
113 0 0 22.04733333333333 0cd913fa_20240216_120825.data
114 0 0 22.04733333333333 0cd913fa_20240216_120840.data
115 0 0 22.04733333333333 0cd913fa_20240216_120855.data
116 0 0 22.04733333333333 0cd913fa_20240216_120910.data
117 0 0 22.04733333333333 0cd913fa_20240216_120925.data
118 0 0 22.04733333333333 0cd913fa_20240216_120940.data
119 0 0 22.04733333333333 0cd913fa_20240216_120955.data
120 0 0 22.04733333333333 0cd913fa_20240216_121010.data
121 0 0 22.04733333333333 0cd913fa_20240216_121025.data
122 0 0 22.04733333333333 0cd913fa_20240216_121040.data
123 0 0 22.04733333333333 0cd913fa_20240216_121055.data
124 0 0 22.04733333333333 0cd913fa_20240216_121110.data
125 0 0 22.04733333333333 0cd913fa_20240216_121125.data
126 0 0 22.04733333333333 0cd913fa_20240216_121140.data
127 0 0 22.04733333333333 0cd913fa_20240216_121155.data
128 0 0 22.04733333333333 0cd913fa_20240216_121210.data
129 0 0 22.04733333333333 0cd913fa_20240216_121225.data
130 0 0 22.04733333333333 0cd913fa_20240216_121241.data
131 0 0 22.04733333333333 0cd913fa_20240216_121256.data
132 0 0 22.04733333333333 0cd913fa_20240216_121311.data
133 0 0 22.04733333333333 0cd913fa_20240216_121326.data
134 0 0 22.04733333333333 0cd913fa_20240216_121341.data
135 0 0 22.04733333333333 0cd913fa_20240216_121356.data
136 0 0 22.04733333333333 0cd913fa_20240216_121411.data
137 0 0 22.04733333333333 0cd913fa_20240216_121426.data
138 0 0 22.04733333333333 0cd913fa_20240216_121441.data
139 0 0 22.04733333333333 0cd913fa_20240216_121456.data
140 0 0 22.04733333333333 0cd913fa_20240216_121511.data
141 0 0 22.15152380952381 0cd913fa_20240216_121526.data
142 0 0 22.04733333333333 0cd913fa_20240216_121541.data
143 0 0 22.04733333333333 0cd913fa_20240216_121556.data
144 0 0 22.04733333333333 0cd913fa_20240216_121611.data
145 0 0 22.04733333333333 0cd913fa_20240216_121626.data
146 0 0 22.04733333333333 0cd913fa_20240216_121641.data
147 0 0 22.04733333333333 0cd913fa_20240216_121656.data
148 0 0 22.04733333333333 0cd913fa_20240216_121712.data
