-1 -1 -1 23.902100000000004 mpd_20250410_150857.data
10.0 10.0 17 24.1106052631579 mpd_20250410_150937.data
30.0 10.0 17 24.003973684210532 mpd_20250410_151002.data
50.0 10.0 17 23.8 mpd_20250410_151027.data
70.0 10.0 17 23.6975 mpd_20250410_151052.data
90.0 10.0 17 24.003973684210532 mpd_20250410_151117.data
110.0 10.0 17 24.003973684210532 mpd_20250410_151142.data
130.0 10.0 17 23.902100000000004 mpd_20250410_151207.data
150.0 10.0 17 24.003973684210532 mpd_20250410_151232.data
170.0 10.0 17 24.003973684210532 mpd_20250410_151257.data
190.0 10.0 17 23.902100000000004 mpd_20250410_151322.data
210.0 10.0 17 23.902100000000004 mpd_20250410_151347.data
230.0 10.0 17 24.1106052631579 mpd_20250410_151412.data
250.0 10.0 17 24.003973684210532 mpd_20250410_151437.data
270.0 10.0 17 23.8 mpd_20250410_151502.data
290.0 10.0 17 24.1106052631579 mpd_20250410_151527.data
290.0 30.0 17 24.003973684210532 mpd_20250410_151552.data
270.0 30.0 17 24.1106052631579 mpd_20250410_151617.data
250.0 30.0 17 23.6975 mpd_20250410_151642.data
230.0 30.0 17 24.1106052631579 mpd_20250410_151707.data
210.0 30.0 17 24.1106052631579 mpd_20250410_151732.data
190.0 30.0 17 23.902100000000004 mpd_20250410_151757.data
170.0 30.0 17 23.902100000000004 mpd_20250410_151822.data
150.0 30.0 17 24.003973684210532 mpd_20250410_151847.data
130.0 30.0 17 23.8 mpd_20250410_151912.data
110.0 30.0 17 24.1106052631579 mpd_20250410_151937.data
90.0 30.0 17 24.003973684210532 mpd_20250410_152002.data
70.0 30.0 17 24.003973684210532 mpd_20250410_152027.data
50.0 30.0 17 23.8 mpd_20250410_152052.data
30.0 30.0 17 24.003973684210532 mpd_20250410_152117.data
10.0 30.0 17 24.003973684210532 mpd_20250410_152142.data
10.0 50.0 17 23.6975 mpd_20250410_152207.data
30.0 50.0 17 24.003973684210532 mpd_20250410_152232.data
50.0 50.0 17 24.003973684210532 mpd_20250410_152257.data
70.0 50.0 17 23.6975 mpd_20250410_152323.data
90.0 50.0 17 23.8 mpd_20250410_152348.data
110.0 50.0 17 24.1106052631579 mpd_20250410_152413.data
130.0 50.0 17 24.1106052631579 mpd_20250410_152438.data
150.0 50.0 17 23.6975 mpd_20250410_152503.data
170.0 50.0 17 24.003973684210532 mpd_20250410_152528.data
190.0 50.0 17 24.003973684210532 mpd_20250410_152553.data
210.0 50.0 17 23.8 mpd_20250410_152618.data
230.0 50.0 17 23.902100000000004 mpd_20250410_152643.data
250.0 50.0 17 23.902100000000004 mpd_20250410_152708.data
270.0 50.0 17 23.594575 mpd_20250410_152733.data
290.0 50.0 17 24.003973684210532 mpd_20250410_152758.data
290.0 70.0 17 23.6975 mpd_20250410_152823.data
270.0 70.0 17 24.1106052631579 mpd_20250410_152848.data
250.0 70.0 17 24.003973684210532 mpd_20250410_152913.data
230.0 70.0 17 23.902100000000004 mpd_20250410_152938.data
210.0 70.0 17 24.003973684210532 mpd_20250410_153003.data
190.0 70.0 17 24.003973684210532 mpd_20250410_153028.data
170.0 70.0 17 23.6975 mpd_20250410_153053.data
150.0 70.0 17 24.003973684210532 mpd_20250410_153118.data
130.0 70.0 17 24.003973684210532 mpd_20250410_153143.data
110.0 70.0 17 23.8 mpd_20250410_153208.data
90.0 70.0 17 24.003973684210532 mpd_20250410_153233.data
70.0 70.0 17 23.8 mpd_20250410_153258.data
50.0 70.0 17 24.003973684210532 mpd_20250410_153323.data
30.0 70.0 17 24.003973684210532 mpd_20250410_153348.data
10.0 70.0 17 24.003973684210532 mpd_20250410_153413.data
10.0 90.0 17 24.1106052631579 mpd_20250410_153438.data
30.0 90.0 17 23.8 mpd_20250410_153503.data
50.0 90.0 17 24.003973684210532 mpd_20250410_153528.data
70.0 90.0 17 23.8 mpd_20250410_153553.data
90.0 90.0 17 24.003973684210532 mpd_20250410_153618.data
110.0 90.0 17 23.6975 mpd_20250410_153643.data
130.0 90.0 17 24.1106052631579 mpd_20250410_153708.data
150.0 90.0 17 23.8 mpd_20250410_153733.data
170.0 90.0 17 24.003973684210532 mpd_20250410_153758.data
190.0 90.0 17 23.902100000000004 mpd_20250410_153823.data
210.0 90.0 17 23.902100000000004 mpd_20250410_153848.data
230.0 90.0 17 23.8 mpd_20250410_153913.data
250.0 90.0 17 24.003973684210532 mpd_20250410_153938.data
270.0 90.0 17 23.6975 mpd_20250410_154003.data
290.0 90.0 17 23.6975 mpd_20250410_154028.data
290.0 110.0 17 23.8 mpd_20250410_154053.data
270.0 110.0 17 23.8 mpd_20250410_154118.data
250.0 110.0 17 23.8 mpd_20250410_154143.data
230.0 110.0 17 23.6975 mpd_20250410_154208.data
210.0 110.0 17 23.6975 mpd_20250410_154233.data
190.0 110.0 17 23.6975 mpd_20250410_154258.data
170.0 110.0 17 23.6975 mpd_20250410_154323.data
150.0 110.0 17 23.6975 mpd_20250410_154348.data
130.0 110.0 17 23.6975 mpd_20250410_154414.data
110.0 110.0 17 23.6975 mpd_20250410_154439.data
90.0 110.0 17 23.8 mpd_20250410_154504.data
70.0 110.0 17 23.6975 mpd_20250410_154529.data
50.0 110.0 17 23.594575 mpd_20250410_154554.data
30.0 110.0 17 23.6975 mpd_20250410_154619.data
10.0 110.0 17 23.6975 mpd_20250410_154644.data
10.0 130.0 17 23.6975 mpd_20250410_154709.data
30.0 130.0 17 23.8 mpd_20250410_154734.data
50.0 130.0 17 23.6975 mpd_20250410_154759.data
70.0 130.0 17 23.6975 mpd_20250410_154824.data
90.0 130.0 17 23.6975 mpd_20250410_154849.data
110.0 130.0 17 23.594575 mpd_20250410_154914.data
130.0 130.0 17 23.6975 mpd_20250410_154939.data
150.0 130.0 17 23.6975 mpd_20250410_155004.data
170.0 130.0 17 23.6975 mpd_20250410_155029.data
190.0 130.0 17 23.6975 mpd_20250410_155054.data
210.0 130.0 17 23.6975 mpd_20250410_155119.data
230.0 130.0 17 23.594575 mpd_20250410_155144.data
250.0 130.0 17 23.8 mpd_20250410_155209.data
270.0 130.0 17 23.6975 mpd_20250410_155234.data
290.0 130.0 17 23.6975 mpd_20250410_155259.data
290.0 150.0 17 23.6975 mpd_20250410_155324.data
270.0 150.0 17 23.8 mpd_20250410_155349.data
250.0 150.0 17 23.6975 mpd_20250410_155414.data
230.0 150.0 17 23.6975 mpd_20250410_155439.data
210.0 150.0 17 23.6975 mpd_20250410_155504.data
190.0 150.0 17 23.8 mpd_20250410_155529.data
170.0 150.0 17 23.6975 mpd_20250410_155554.data
150.0 150.0 17 23.6975 mpd_20250410_155619.data
130.0 150.0 17 23.6975 mpd_20250410_155644.data
110.0 150.0 17 23.594575 mpd_20250410_155709.data
90.0 150.0 17 23.6975 mpd_20250410_155734.data
70.0 150.0 17 23.8 mpd_20250410_155759.data
50.0 150.0 17 23.8 mpd_20250410_155824.data
30.0 150.0 17 23.8 mpd_20250410_155849.data
10.0 150.0 17 23.6975 mpd_20250410_155914.data
10.0 170.0 17 23.49125 mpd_20250410_155939.data
30.0 170.0 17 23.6975 mpd_20250410_160004.data
50.0 170.0 17 23.6975 mpd_20250410_160029.data
70.0 170.0 17 23.8 mpd_20250410_160054.data
90.0 170.0 17 23.6975 mpd_20250410_160119.data
110.0 170.0 17 23.6975 mpd_20250410_160144.data
130.0 170.0 17 23.594575 mpd_20250410_160209.data
150.0 170.0 17 23.6975 mpd_20250410_160234.data
170.0 170.0 17 23.6975 mpd_20250410_160259.data
190.0 170.0 17 23.6975 mpd_20250410_160324.data
210.0 170.0 17 23.6975 mpd_20250410_160349.data
230.0 170.0 17 23.902100000000004 mpd_20250410_160414.data
250.0 170.0 17 23.6975 mpd_20250410_160439.data
270.0 170.0 17 23.8 mpd_20250410_160504.data
290.0 170.0 17 23.8 mpd_20250410_160529.data
290.0 190.0 17 23.6975 mpd_20250410_160554.data
270.0 190.0 17 23.6975 mpd_20250410_160620.data
250.0 190.0 17 23.6975 mpd_20250410_160645.data
230.0 190.0 17 23.8 mpd_20250410_160710.data
210.0 190.0 17 23.6975 mpd_20250410_160735.data
190.0 190.0 17 23.6975 mpd_20250410_160800.data
170.0 190.0 17 23.6975 mpd_20250410_160825.data
150.0 190.0 17 23.6975 mpd_20250410_160850.data
130.0 190.0 17 23.6975 mpd_20250410_160915.data
110.0 190.0 17 23.6975 mpd_20250410_160940.data
90.0 190.0 17 23.8 mpd_20250410_161005.data
70.0 190.0 17 23.8 mpd_20250410_161030.data
50.0 190.0 17 23.6975 mpd_20250410_161055.data
30.0 190.0 17 23.6975 mpd_20250410_161120.data
10.0 190.0 17 23.6975 mpd_20250410_161145.data
10.0 210.0 17 23.8 mpd_20250410_161210.data
30.0 210.0 17 23.594575 mpd_20250410_161235.data
50.0 210.0 17 23.902100000000004 mpd_20250410_161300.data
70.0 210.0 17 23.902100000000004 mpd_20250410_161325.data
90.0 210.0 17 23.902100000000004 mpd_20250410_161350.data
110.0 210.0 17 23.8 mpd_20250410_161415.data
130.0 210.0 17 23.8 mpd_20250410_161440.data
150.0 210.0 17 23.8 mpd_20250410_161505.data
170.0 210.0 17 23.902100000000004 mpd_20250410_161530.data
190.0 210.0 17 23.8 mpd_20250410_161555.data
210.0 210.0 17 23.594575 mpd_20250410_161620.data
230.0 210.0 17 23.902100000000004 mpd_20250410_161645.data
250.0 210.0 17 23.8 mpd_20250410_161710.data
270.0 210.0 17 23.8 mpd_20250410_161735.data
290.0 210.0 17 23.902100000000004 mpd_20250410_161800.data
290.0 230.0 17 23.8 mpd_20250410_161825.data
270.0 230.0 17 23.6975 mpd_20250410_161850.data
250.0 230.0 17 23.8 mpd_20250410_161915.data
230.0 230.0 17 23.594575 mpd_20250410_161940.data
210.0 230.0 17 23.6975 mpd_20250410_162005.data
190.0 230.0 17 23.594575 mpd_20250410_162030.data
170.0 230.0 17 23.594575 mpd_20250410_162055.data
150.0 230.0 17 23.594575 mpd_20250410_162120.data
130.0 230.0 17 23.594575 mpd_20250410_162145.data
110.0 230.0 17 23.6975 mpd_20250410_162210.data
90.0 230.0 17 23.6975 mpd_20250410_162235.data
70.0 230.0 17 23.594575 mpd_20250410_162300.data
50.0 230.0 17 23.6975 mpd_20250410_162325.data
30.0 230.0 17 23.594575 mpd_20250410_162350.data
10.0 230.0 17 23.6975 mpd_20250410_162415.data
10.0 250.0 17 23.6975 mpd_20250410_162440.data
30.0 250.0 17 23.6975 mpd_20250410_162505.data
50.0 250.0 17 23.6975 mpd_20250410_162530.data
70.0 250.0 17 23.6975 mpd_20250410_162555.data
90.0 250.0 17 23.594575 mpd_20250410_162621.data
110.0 250.0 17 23.6975 mpd_20250410_162646.data
130.0 250.0 17 23.6975 mpd_20250410_162711.data
150.0 250.0 17 23.6975 mpd_20250410_162736.data
170.0 250.0 17 23.594575 mpd_20250410_162801.data
190.0 250.0 17 23.594575 mpd_20250410_162826.data
210.0 250.0 17 23.594575 mpd_20250410_162851.data
230.0 250.0 17 23.6975 mpd_20250410_162916.data
250.0 250.0 17 23.902100000000004 mpd_20250410_162941.data
270.0 250.0 17 23.6975 mpd_20250410_163006.data
290.0 250.0 17 23.594575 mpd_20250410_163031.data
290.0 270.0 17 23.6975 mpd_20250410_163056.data
270.0 270.0 17 23.6975 mpd_20250410_163121.data
250.0 270.0 17 23.6975 mpd_20250410_163146.data
230.0 270.0 17 23.6975 mpd_20250410_163211.data
210.0 270.0 17 23.594575 mpd_20250410_163236.data
190.0 270.0 17 23.6975 mpd_20250410_163301.data
170.0 270.0 17 23.6975 mpd_20250410_163326.data
150.0 270.0 17 23.6975 mpd_20250410_163351.data
130.0 270.0 17 23.6975 mpd_20250410_163416.data
110.0 270.0 17 23.8 mpd_20250410_163441.data
90.0 270.0 17 23.6975 mpd_20250410_163506.data
70.0 270.0 17 -1 mpd_20250410_163531.data
50.0 270.0 17 23.8 mpd_20250410_163556.data
30.0 270.0 17 23.8 mpd_20250410_163621.data
10.0 270.0 17 -1 mpd_20250410_163646.data
10.0 290.0 17 23.6975 mpd_20250410_163711.data
30.0 290.0 17 23.6975 mpd_20250410_163736.data
50.0 290.0 17 -1 mpd_20250410_163801.data
70.0 290.0 17 23.6975 mpd_20250410_163826.data
90.0 290.0 17 23.8 mpd_20250410_163851.data
110.0 290.0 17 -1 mpd_20250410_163916.data
130.0 290.0 17 23.6975 mpd_20250410_163941.data
150.0 290.0 17 23.6975 mpd_20250410_164006.data
170.0 290.0 17 -1 mpd_20250410_164031.data
190.0 290.0 17 23.6975 mpd_20250410_164056.data
210.0 290.0 17 23.6975 mpd_20250410_164121.data
230.0 290.0 17 23.594575 mpd_20250410_164146.data
250.0 290.0 17 23.594575 mpd_20250410_164211.data
270.0 290.0 17 23.594575 mpd_20250410_164236.data
290.0 290.0 17 23.6975 mpd_20250410_164301.data
290.0 310.0 17 23.6975 mpd_20250410_164326.data
270.0 310.0 17 23.6975 mpd_20250410_164351.data
250.0 310.0 17 23.6975 mpd_20250410_164416.data
230.0 310.0 17 23.594575 mpd_20250410_164441.data
210.0 310.0 17 23.594575 mpd_20250410_164506.data
190.0 310.0 17 23.902100000000004 mpd_20250410_164531.data
170.0 310.0 17 23.6975 mpd_20250410_164556.data
150.0 310.0 17 23.6975 mpd_20250410_164621.data
130.0 310.0 17 23.6975 mpd_20250410_164646.data
110.0 310.0 17 23.6975 mpd_20250410_164711.data
90.0 310.0 17 23.594575 mpd_20250410_164737.data
70.0 310.0 17 23.594575 mpd_20250410_164802.data
50.0 310.0 17 23.594575 mpd_20250410_164827.data
30.0 310.0 17 23.6975 mpd_20250410_164852.data
10.0 310.0 17 23.6975 mpd_20250410_164917.data
10.0 330.0 17 23.6975 mpd_20250410_164942.data
30.0 330.0 17 23.594575 mpd_20250410_165007.data
50.0 330.0 17 23.6975 mpd_20250410_165032.data
70.0 330.0 17 23.594575 mpd_20250410_165057.data
90.0 330.0 17 23.6975 mpd_20250410_165122.data
110.0 330.0 17 23.594575 mpd_20250410_165147.data
130.0 330.0 17 23.594575 mpd_20250410_165212.data
150.0 330.0 17 23.594575 mpd_20250410_165237.data
170.0 330.0 17 23.6975 mpd_20250410_165302.data
190.0 330.0 17 23.6975 mpd_20250410_165327.data
210.0 330.0 17 23.6975 mpd_20250410_165352.data
230.0 330.0 17 23.6975 mpd_20250410_165417.data
250.0 330.0 17 23.6975 mpd_20250410_165442.data
270.0 330.0 17 23.594575 mpd_20250410_165507.data
290.0 330.0 17 23.594575 mpd_20250410_165532.data
10.0 350.0 17 23.6975 mpd_20250411_073336.data
30.0 350.0 17 23.594575 mpd_20250411_073401.data
50.0 350.0 17 23.6975 mpd_20250411_073426.data
70.0 350.0 17 23.6975 mpd_20250411_073451.data
90.0 350.0 17 23.594575 mpd_20250411_073516.data
110.0 350.0 17 23.6975 mpd_20250411_073541.data
130.0 350.0 17 23.6975 mpd_20250411_073606.data
150.0 350.0 17 23.594575 mpd_20250411_073631.data
170.0 350.0 17 23.594575 mpd_20250411_073656.data
190.0 350.0 17 23.594575 mpd_20250411_073721.data
210.0 350.0 17 23.6975 mpd_20250411_073746.data
230.0 350.0 17 23.6975 mpd_20250411_073811.data
250.0 350.0 17 23.594575 mpd_20250411_073836.data
270.0 350.0 17 23.594575 mpd_20250411_073901.data
290.0 350.0 17 23.6975 mpd_20250411_073926.data
290.0 370.0 17 23.594575 mpd_20250411_073951.data
270.0 370.0 17 23.6975 mpd_20250411_074016.data
250.0 370.0 17 23.6975 mpd_20250411_074041.data
230.0 370.0 17 23.6975 mpd_20250411_074106.data
210.0 370.0 17 23.594575 mpd_20250411_074131.data
190.0 370.0 17 23.594575 mpd_20250411_074156.data
170.0 370.0 17 23.594575 mpd_20250411_074222.data
150.0 370.0 17 23.6975 mpd_20250411_074247.data
130.0 370.0 17 23.594575 mpd_20250411_074312.data
110.0 370.0 17 23.594575 mpd_20250411_074337.data
90.0 370.0 17 23.594575 mpd_20250411_074402.data
70.0 370.0 17 23.594575 mpd_20250411_074427.data
50.0 370.0 17 23.594575 mpd_20250411_074452.data
30.0 370.0 17 23.6975 mpd_20250411_074517.data
10.0 370.0 17 23.594575 mpd_20250411_074542.data
10.0 390.0 17 23.49125 mpd_20250411_074607.data
30.0 390.0 17 23.6975 mpd_20250411_074632.data
50.0 390.0 17 23.6975 mpd_20250411_074657.data
70.0 390.0 17 23.594575 mpd_20250411_074722.data
90.0 390.0 17 23.6975 mpd_20250411_074747.data
110.0 390.0 17 23.594575 mpd_20250411_074812.data
130.0 390.0 17 23.6975 mpd_20250411_074837.data
150.0 390.0 17 23.6975 mpd_20250411_074902.data
170.0 390.0 17 23.594575 mpd_20250411_074927.data
190.0 390.0 17 23.594575 mpd_20250411_074952.data
210.0 390.0 17 23.6975 mpd_20250411_075017.data
230.0 390.0 17 23.594575 mpd_20250411_075042.data
250.0 390.0 17 23.6975 mpd_20250411_075107.data
270.0 390.0 17 23.594575 mpd_20250411_075132.data
290.0 390.0 17 23.594575 mpd_20250411_075157.data
290.0 410.0 17 23.6975 mpd_20250411_075222.data
270.0 410.0 17 23.6975 mpd_20250411_075247.data
250.0 410.0 17 23.594575 mpd_20250411_075312.data
230.0 410.0 17 23.6975 mpd_20250411_075337.data
210.0 410.0 17 23.594575 mpd_20250411_075402.data
190.0 410.0 17 23.594575 mpd_20250411_075427.data
170.0 410.0 17 23.6975 mpd_20250411_075452.data
150.0 410.0 17 23.594575 mpd_20250411_075517.data
130.0 410.0 17 23.6975 mpd_20250411_075542.data
110.0 410.0 17 23.594575 mpd_20250411_075607.data
90.0 410.0 17 23.8 mpd_20250411_075632.data
70.0 410.0 17 23.594575 mpd_20250411_075657.data
50.0 410.0 17 23.8 mpd_20250411_075722.data
30.0 410.0 17 23.6975 mpd_20250411_075747.data
10.0 410.0 17 23.594575 mpd_20250411_075812.data
10.0 430.0 17 23.6975 mpd_20250411_075837.data
30.0 430.0 17 23.594575 mpd_20250411_075902.data
50.0 430.0 17 23.6975 mpd_20250411_075927.data
70.0 430.0 17 23.6975 mpd_20250411_075952.data
90.0 430.0 17 23.6975 mpd_20250411_080017.data
110.0 430.0 17 23.594575 mpd_20250411_080042.data
130.0 430.0 17 23.6975 mpd_20250411_080107.data
150.0 430.0 17 23.6975 mpd_20250411_080132.data
170.0 430.0 17 23.6975 mpd_20250411_080157.data
190.0 430.0 17 23.594575 mpd_20250411_080222.data
210.0 430.0 17 23.6975 mpd_20250411_080247.data
230.0 430.0 17 23.6975 mpd_20250411_080312.data
250.0 430.0 17 23.6975 mpd_20250411_080337.data
270.0 430.0 17 23.594575 mpd_20250411_080402.data
290.0 430.0 17 23.594575 mpd_20250411_080427.data
290.0 450.0 17 23.49125 mpd_20250411_080452.data
270.0 450.0 17 23.594575 mpd_20250411_080517.data
250.0 450.0 17 23.6975 mpd_20250411_080543.data
230.0 450.0 17 23.594575 mpd_20250411_080608.data
210.0 450.0 17 23.594575 mpd_20250411_080633.data
190.0 450.0 17 23.594575 mpd_20250411_080658.data
170.0 450.0 17 23.6975 mpd_20250411_080723.data
150.0 450.0 17 23.6975 mpd_20250411_080748.data
130.0 450.0 17 23.6975 mpd_20250411_080813.data
110.0 450.0 17 23.6975 mpd_20250411_080838.data
90.0 450.0 17 23.594575 mpd_20250411_080903.data
70.0 450.0 17 23.594575 mpd_20250411_080928.data
50.0 450.0 17 23.8 mpd_20250411_080953.data
30.0 450.0 17 23.6975 mpd_20250411_081018.data
10.0 450.0 17 23.49125 mpd_20250411_081043.data
10.0 470.0 17 23.594575 mpd_20250411_081108.data
30.0 470.0 17 23.594575 mpd_20250411_081133.data
50.0 470.0 17 23.6975 mpd_20250411_081158.data
70.0 470.0 17 23.6975 mpd_20250411_081223.data
90.0 470.0 17 23.594575 mpd_20250411_081248.data
110.0 470.0 17 23.594575 mpd_20250411_081313.data
130.0 470.0 17 23.6975 mpd_20250411_081338.data
150.0 470.0 17 23.6975 mpd_20250411_081403.data
170.0 470.0 17 23.594575 mpd_20250411_081428.data
190.0 470.0 17 23.594575 mpd_20250411_081453.data
210.0 470.0 17 23.6975 mpd_20250411_081518.data
230.0 470.0 17 23.8 mpd_20250411_081543.data
250.0 470.0 17 23.6975 mpd_20250411_081608.data
270.0 470.0 17 23.594575 mpd_20250411_081633.data
290.0 470.0 17 23.594575 mpd_20250411_081658.data
