-1 -1 -1 23.902100000000004 mpd_20250414_110707.data
10.0 10.0 17 23.902100000000004 mpd_20250414_110748.data
30.0 10.0 17 23.902100000000004 mpd_20250414_110813.data
50.0 10.0 17 23.902100000000004 mpd_20250414_110838.data
70.0 10.0 17 23.902100000000004 mpd_20250414_110903.data
90.0 10.0 17 23.902100000000004 mpd_20250414_110928.data
110.0 10.0 17 24.003973684210532 mpd_20250414_110953.data
130.0 10.0 17 24.216789473684212 mpd_20250414_111018.data
150.0 10.0 17 23.902100000000004 mpd_20250414_111043.data
170.0 10.0 17 23.902100000000004 mpd_20250414_111108.data
190.0 10.0 17 23.902100000000004 mpd_20250414_111133.data
210.0 10.0 17 23.902100000000004 mpd_20250414_111158.data
230.0 10.0 17 23.902100000000004 mpd_20250414_111223.data
250.0 10.0 17 23.902100000000004 mpd_20250414_111248.data
270.0 10.0 17 23.902100000000004 mpd_20250414_111313.data
290.0 10.0 17 23.902100000000004 mpd_20250414_111338.data
290.0 30.0 17 23.8 mpd_20250414_111403.data
270.0 30.0 17 23.902100000000004 mpd_20250414_111428.data
250.0 30.0 17 23.902100000000004 mpd_20250414_111453.data
230.0 30.0 17 23.902100000000004 mpd_20250414_111518.data
210.0 30.0 17 23.902100000000004 mpd_20250414_111543.data
190.0 30.0 17 23.902100000000004 mpd_20250414_111608.data
170.0 30.0 17 23.902100000000004 mpd_20250414_111633.data
150.0 30.0 17 23.902100000000004 mpd_20250414_111658.data
130.0 30.0 17 23.902100000000004 mpd_20250414_111723.data
110.0 30.0 17 23.902100000000004 mpd_20250414_111748.data
90.0 30.0 17 23.902100000000004 mpd_20250414_111813.data
70.0 30.0 17 23.902100000000004 mpd_20250414_111838.data
50.0 30.0 17 23.902100000000004 mpd_20250414_111903.data
30.0 30.0 17 23.902100000000004 mpd_20250414_111928.data
10.0 30.0 17 23.902100000000004 mpd_20250414_111953.data
10.0 50.0 17 24.003973684210532 mpd_20250414_112018.data
30.0 50.0 17 23.902100000000004 mpd_20250414_112043.data
50.0 50.0 17 23.902100000000004 mpd_20250414_112108.data
70.0 50.0 17 23.902100000000004 mpd_20250414_112133.data
90.0 50.0 17 23.902100000000004 mpd_20250414_112158.data
110.0 50.0 17 24.003973684210532 mpd_20250414_112223.data
130.0 50.0 17 23.902100000000004 mpd_20250414_112248.data
150.0 50.0 17 23.902100000000004 mpd_20250414_112313.data
170.0 50.0 17 24.003973684210532 mpd_20250414_112338.data
190.0 50.0 17 23.902100000000004 mpd_20250414_112403.data
210.0 50.0 17 23.902100000000004 mpd_20250414_112428.data
230.0 50.0 17 23.902100000000004 mpd_20250414_112454.data
250.0 50.0 17 23.902100000000004 mpd_20250414_112519.data
270.0 50.0 17 23.902100000000004 mpd_20250414_112544.data
290.0 50.0 17 23.902100000000004 mpd_20250414_112609.data
290.0 70.0 17 23.902100000000004 mpd_20250414_112634.data
270.0 70.0 17 23.902100000000004 mpd_20250414_112659.data
250.0 70.0 17 23.8 mpd_20250414_112724.data
230.0 70.0 17 23.8 mpd_20250414_112749.data
210.0 70.0 17 23.902100000000004 mpd_20250414_112814.data
190.0 70.0 17 24.003973684210532 mpd_20250414_112839.data
170.0 70.0 17 23.902100000000004 mpd_20250414_112904.data
150.0 70.0 17 23.902100000000004 mpd_20250414_112929.data
130.0 70.0 17 24.003973684210532 mpd_20250414_112954.data
110.0 70.0 17 24.003973684210532 mpd_20250414_113019.data
90.0 70.0 17 23.902100000000004 mpd_20250414_113044.data
70.0 70.0 17 23.902100000000004 mpd_20250414_113109.data
50.0 70.0 17 23.902100000000004 mpd_20250414_113134.data
30.0 70.0 17 23.902100000000004 mpd_20250414_113159.data
10.0 70.0 17 23.902100000000004 mpd_20250414_113224.data
10.0 90.0 17 24.003973684210532 mpd_20250414_113249.data
30.0 90.0 17 23.902100000000004 mpd_20250414_113314.data
50.0 90.0 17 24.003973684210532 mpd_20250414_113339.data
70.0 90.0 17 23.8 mpd_20250414_113404.data
90.0 90.0 17 23.8 mpd_20250414_113429.data
110.0 90.0 17 23.902100000000004 mpd_20250414_113454.data
130.0 90.0 17 24.003973684210532 mpd_20250414_113519.data
150.0 90.0 17 24.003973684210532 mpd_20250414_113544.data
170.0 90.0 17 23.902100000000004 mpd_20250414_113609.data
190.0 90.0 17 23.902100000000004 mpd_20250414_113634.data
210.0 90.0 17 23.902100000000004 mpd_20250414_113659.data
230.0 90.0 17 23.902100000000004 mpd_20250414_113724.data
250.0 90.0 17 23.8 mpd_20250414_113749.data
270.0 90.0 17 23.902100000000004 mpd_20250414_113814.data
290.0 90.0 17 23.902100000000004 mpd_20250414_113839.data
290.0 110.0 17 23.8 mpd_20250414_113904.data
270.0 110.0 17 23.8 mpd_20250414_113929.data
250.0 110.0 17 24.003973684210532 mpd_20250414_113954.data
230.0 110.0 17 23.8 mpd_20250414_114019.data
210.0 110.0 17 23.902100000000004 mpd_20250414_114044.data
190.0 110.0 17 23.902100000000004 mpd_20250414_114109.data
170.0 110.0 17 24.003973684210532 mpd_20250414_114134.data
150.0 110.0 17 23.902100000000004 mpd_20250414_114159.data
130.0 110.0 17 24.003973684210532 mpd_20250414_114224.data
110.0 110.0 17 23.902100000000004 mpd_20250414_114249.data
90.0 110.0 17 24.003973684210532 mpd_20250414_114314.data
70.0 110.0 17 24.003973684210532 mpd_20250414_114339.data
50.0 110.0 17 24.003973684210532 mpd_20250414_114404.data
30.0 110.0 17 24.1106052631579 mpd_20250414_114429.data
10.0 110.0 17 23.902100000000004 mpd_20250414_114454.data
10.0 130.0 17 23.8 mpd_20250414_114519.data
30.0 130.0 17 24.003973684210532 mpd_20250414_114544.data
50.0 130.0 17 24.003973684210532 mpd_20250414_114610.data
70.0 130.0 17 23.902100000000004 mpd_20250414_114635.data
90.0 130.0 17 24.003973684210532 mpd_20250414_114700.data
110.0 130.0 17 23.902100000000004 mpd_20250414_114725.data
130.0 130.0 17 23.902100000000004 mpd_20250414_114750.data
150.0 130.0 17 23.902100000000004 mpd_20250414_114815.data
170.0 130.0 17 24.003973684210532 mpd_20250414_114840.data
190.0 130.0 17 23.902100000000004 mpd_20250414_114905.data
210.0 130.0 17 24.003973684210532 mpd_20250414_114930.data
230.0 130.0 17 23.902100000000004 mpd_20250414_114955.data
250.0 130.0 17 23.8 mpd_20250414_115020.data
270.0 130.0 17 23.8 mpd_20250414_115045.data
290.0 130.0 17 23.902100000000004 mpd_20250414_115110.data
290.0 150.0 17 23.902100000000004 mpd_20250414_115135.data
270.0 150.0 17 24.1106052631579 mpd_20250414_115200.data
250.0 150.0 17 23.902100000000004 mpd_20250414_115225.data
230.0 150.0 17 24.003973684210532 mpd_20250414_115250.data
210.0 150.0 17 24.003973684210532 mpd_20250414_115315.data
190.0 150.0 17 24.003973684210532 mpd_20250414_115340.data
170.0 150.0 17 24.003973684210532 mpd_20250414_115405.data
150.0 150.0 17 23.902100000000004 mpd_20250414_115430.data
130.0 150.0 17 23.902100000000004 mpd_20250414_115455.data
110.0 150.0 17 24.003973684210532 mpd_20250414_115520.data
90.0 150.0 17 23.902100000000004 mpd_20250414_115545.data
70.0 150.0 17 24.003973684210532 mpd_20250414_115610.data
50.0 150.0 17 23.902100000000004 mpd_20250414_115635.data
30.0 150.0 17 24.003973684210532 mpd_20250414_115700.data
10.0 150.0 17 23.8 mpd_20250414_115725.data
10.0 170.0 17 24.003973684210532 mpd_20250414_115750.data
30.0 170.0 17 23.902100000000004 mpd_20250414_115815.data
50.0 170.0 17 24.1106052631579 mpd_20250414_115840.data
70.0 170.0 17 23.902100000000004 mpd_20250414_115905.data
90.0 170.0 17 23.902100000000004 mpd_20250414_115930.data
110.0 170.0 17 23.902100000000004 mpd_20250414_115955.data
130.0 170.0 17 23.902100000000004 mpd_20250414_120020.data
150.0 170.0 17 24.003973684210532 mpd_20250414_120045.data
170.0 170.0 17 23.902100000000004 mpd_20250414_120110.data
190.0 170.0 17 23.902100000000004 mpd_20250414_120135.data
210.0 170.0 17 24.003973684210532 mpd_20250414_120200.data
230.0 170.0 17 24.003973684210532 mpd_20250414_120225.data
250.0 170.0 17 23.902100000000004 mpd_20250414_120250.data
270.0 170.0 17 24.003973684210532 mpd_20250414_120315.data
290.0 170.0 17 23.902100000000004 mpd_20250414_120340.data
290.0 190.0 17 24.003973684210532 mpd_20250414_120405.data
270.0 190.0 17 24.003973684210532 mpd_20250414_120430.data
250.0 190.0 17 23.902100000000004 mpd_20250414_120455.data
230.0 190.0 17 24.003973684210532 mpd_20250414_120520.data
210.0 190.0 17 24.003973684210532 mpd_20250414_120545.data
190.0 190.0 17 24.003973684210532 mpd_20250414_120610.data
170.0 190.0 17 23.902100000000004 mpd_20250414_120635.data
150.0 190.0 17 24.003973684210532 mpd_20250414_120701.data
130.0 190.0 17 23.902100000000004 mpd_20250414_120726.data
110.0 190.0 17 23.902100000000004 mpd_20250414_120751.data
90.0 190.0 17 24.003973684210532 mpd_20250414_120816.data
70.0 190.0 17 23.902100000000004 mpd_20250414_120841.data
50.0 190.0 17 23.902100000000004 mpd_20250414_120906.data
30.0 190.0 17 23.902100000000004 mpd_20250414_120931.data
10.0 190.0 17 24.003973684210532 mpd_20250414_120956.data
10.0 210.0 17 24.003973684210532 mpd_20250414_121021.data
30.0 210.0 17 23.902100000000004 mpd_20250414_121046.data
50.0 210.0 17 24.003973684210532 mpd_20250414_121111.data
70.0 210.0 17 23.902100000000004 mpd_20250414_121136.data
90.0 210.0 17 24.003973684210532 mpd_20250414_121201.data
110.0 210.0 17 23.902100000000004 mpd_20250414_121226.data
130.0 210.0 17 23.902100000000004 mpd_20250414_121251.data
150.0 210.0 17 23.902100000000004 mpd_20250414_121316.data
170.0 210.0 17 24.003973684210532 mpd_20250414_121341.data
190.0 210.0 17 24.003973684210532 mpd_20250414_121406.data
210.0 210.0 17 23.902100000000004 mpd_20250414_121431.data
230.0 210.0 17 23.902100000000004 mpd_20250414_121456.data
250.0 210.0 17 24.003973684210532 mpd_20250414_121521.data
270.0 210.0 17 24.003973684210532 mpd_20250414_121546.data
290.0 210.0 17 24.003973684210532 mpd_20250414_121611.data
290.0 230.0 17 24.003973684210532 mpd_20250414_121636.data
270.0 230.0 17 24.003973684210532 mpd_20250414_121701.data
250.0 230.0 17 23.902100000000004 mpd_20250414_121726.data
230.0 230.0 17 23.902100000000004 mpd_20250414_121751.data
210.0 230.0 17 23.902100000000004 mpd_20250414_121816.data
190.0 230.0 17 24.003973684210532 mpd_20250414_121841.data
170.0 230.0 17 23.902100000000004 mpd_20250414_121906.data
150.0 230.0 17 23.902100000000004 mpd_20250414_121931.data
130.0 230.0 17 24.003973684210532 mpd_20250414_121956.data
110.0 230.0 17 24.003973684210532 mpd_20250414_122021.data
90.0 230.0 17 24.003973684210532 mpd_20250414_122046.data
70.0 230.0 17 23.902100000000004 mpd_20250414_122111.data
50.0 230.0 17 23.902100000000004 mpd_20250414_122136.data
30.0 230.0 17 24.003973684210532 mpd_20250414_122201.data
10.0 230.0 17 24.003973684210532 mpd_20250414_122226.data
10.0 250.0 17 24.003973684210532 mpd_20250414_122251.data
30.0 250.0 17 23.902100000000004 mpd_20250414_122316.data
50.0 250.0 17 23.902100000000004 mpd_20250414_122341.data
70.0 250.0 17 24.003973684210532 mpd_20250414_122406.data
90.0 250.0 17 23.902100000000004 mpd_20250414_122431.data
110.0 250.0 17 24.003973684210532 mpd_20250414_122456.data
130.0 250.0 17 23.902100000000004 mpd_20250414_122521.data
150.0 250.0 17 23.902100000000004 mpd_20250414_122546.data
170.0 250.0 17 23.8 mpd_20250414_122611.data
190.0 250.0 17 23.902100000000004 mpd_20250414_122636.data
210.0 250.0 17 23.902100000000004 mpd_20250414_122701.data
230.0 250.0 17 24.003973684210532 mpd_20250414_122726.data
250.0 250.0 17 23.902100000000004 mpd_20250414_122751.data
270.0 250.0 17 23.902100000000004 mpd_20250414_122817.data
290.0 250.0 17 23.902100000000004 mpd_20250414_122842.data
290.0 270.0 17 24.003973684210532 mpd_20250414_122907.data
270.0 270.0 17 23.902100000000004 mpd_20250414_122932.data
250.0 270.0 17 24.003973684210532 mpd_20250414_122957.data
230.0 270.0 17 23.902100000000004 mpd_20250414_123022.data
210.0 270.0 17 24.003973684210532 mpd_20250414_123047.data
190.0 270.0 17 23.902100000000004 mpd_20250414_123112.data
170.0 270.0 17 23.902100000000004 mpd_20250414_123137.data
150.0 270.0 17 24.003973684210532 mpd_20250414_123202.data
130.0 270.0 17 24.003973684210532 mpd_20250414_123227.data
110.0 270.0 17 23.902100000000004 mpd_20250414_123252.data
90.0 270.0 17 24.003973684210532 mpd_20250414_123317.data
70.0 270.0 17 -1 mpd_20250414_123342.data
50.0 270.0 17 24.003973684210532 mpd_20250414_123407.data
30.0 270.0 17 23.902100000000004 mpd_20250414_123432.data
10.0 270.0 17 -1 mpd_20250414_123457.data
10.0 290.0 17 24.003973684210532 mpd_20250414_123522.data
30.0 290.0 17 23.902100000000004 mpd_20250414_123547.data
50.0 290.0 17 -1 mpd_20250414_123612.data
70.0 290.0 17 23.902100000000004 mpd_20250414_123637.data
90.0 290.0 17 24.003973684210532 mpd_20250414_123702.data
110.0 290.0 17 -1 mpd_20250414_123727.data
130.0 290.0 17 24.003973684210532 mpd_20250414_123752.data
150.0 290.0 17 23.902100000000004 mpd_20250414_123817.data
170.0 290.0 17 -1 mpd_20250414_123842.data
190.0 290.0 17 24.216789473684212 mpd_20250414_123907.data
210.0 290.0 17 24.216789473684212 mpd_20250414_123932.data
230.0 290.0 17 24.216789473684212 mpd_20250414_123957.data
250.0 290.0 17 24.1106052631579 mpd_20250414_124022.data
270.0 290.0 17 24.216789473684212 mpd_20250414_124047.data
290.0 290.0 17 24.216789473684212 mpd_20250414_124112.data
290.0 310.0 17 24.216789473684212 mpd_20250414_124137.data
270.0 310.0 17 24.216789473684212 mpd_20250414_124202.data
250.0 310.0 17 24.1106052631579 mpd_20250414_124227.data
230.0 310.0 17 24.216789473684212 mpd_20250414_124252.data
210.0 310.0 17 24.1106052631579 mpd_20250414_124317.data
190.0 310.0 17 24.216789473684212 mpd_20250414_124342.data
170.0 310.0 17 24.1106052631579 mpd_20250414_124407.data
150.0 310.0 17 24.216789473684212 mpd_20250414_124432.data
130.0 310.0 17 24.1106052631579 mpd_20250414_124457.data
110.0 310.0 17 24.216789473684212 mpd_20250414_124522.data
90.0 310.0 17 24.216789473684212 mpd_20250414_124547.data
70.0 310.0 17 24.1106052631579 mpd_20250414_124612.data
50.0 310.0 17 24.216789473684212 mpd_20250414_124637.data
30.0 310.0 17 24.216789473684212 mpd_20250414_124702.data
10.0 310.0 17 24.216789473684212 mpd_20250414_124727.data
10.0 330.0 17 24.216789473684212 mpd_20250414_124752.data
30.0 330.0 17 24.1106052631579 mpd_20250414_124817.data
50.0 330.0 17 24.216789473684212 mpd_20250414_124842.data
70.0 330.0 17 24.216789473684212 mpd_20250414_124907.data
90.0 330.0 17 24.1106052631579 mpd_20250414_124933.data
110.0 330.0 17 24.216789473684212 mpd_20250414_124958.data
130.0 330.0 17 24.1106052631579 mpd_20250414_125023.data
150.0 330.0 17 24.216789473684212 mpd_20250414_125048.data
170.0 330.0 17 24.216789473684212 mpd_20250414_125113.data
190.0 330.0 17 24.427921052631582 mpd_20250414_125138.data
210.0 330.0 17 24.322552631578947 mpd_20250414_125203.data
230.0 330.0 17 24.1106052631579 mpd_20250414_125228.data
250.0 330.0 17 24.1106052631579 mpd_20250414_125253.data
270.0 330.0 17 24.216789473684212 mpd_20250414_125318.data
290.0 330.0 17 24.216789473684212 mpd_20250414_125343.data
10.0 350.0 17 24.322552631578947 mpd_20250414_145546.data
30.0 350.0 17 24.216789473684212 mpd_20250414_145611.data
50.0 350.0 17 24.1106052631579 mpd_20250414_145636.data
70.0 350.0 17 24.1106052631579 mpd_20250414_145701.data
90.0 350.0 17 24.1106052631579 mpd_20250414_145726.data
110.0 350.0 17 24.1106052631579 mpd_20250414_145751.data
130.0 350.0 17 24.216789473684212 mpd_20250414_145816.data
150.0 350.0 17 24.216789473684212 mpd_20250414_145841.data
170.0 350.0 17 24.216789473684212 mpd_20250414_145906.data
190.0 350.0 17 24.216789473684212 mpd_20250414_145931.data
210.0 350.0 17 24.216789473684212 mpd_20250414_145956.data
230.0 350.0 17 24.216789473684212 mpd_20250414_150021.data
250.0 350.0 17 24.216789473684212 mpd_20250414_150046.data
270.0 350.0 17 24.216789473684212 mpd_20250414_150111.data
290.0 350.0 17 24.1106052631579 mpd_20250414_150136.data
290.0 370.0 17 24.216789473684212 mpd_20250414_150201.data
270.0 370.0 17 24.1106052631579 mpd_20250414_150226.data
250.0 370.0 17 24.1106052631579 mpd_20250414_150251.data
230.0 370.0 17 24.1106052631579 mpd_20250414_150316.data
210.0 370.0 17 24.1106052631579 mpd_20250414_150341.data
190.0 370.0 17 24.322552631578947 mpd_20250414_150406.data
170.0 370.0 17 24.216789473684212 mpd_20250414_150431.data
150.0 370.0 17 24.003973684210532 mpd_20250414_150456.data
130.0 370.0 17 24.1106052631579 mpd_20250414_150521.data
110.0 370.0 17 24.216789473684212 mpd_20250414_150546.data
90.0 370.0 17 24.216789473684212 mpd_20250414_150611.data
70.0 370.0 17 24.216789473684212 mpd_20250414_150636.data
50.0 370.0 17 24.1106052631579 mpd_20250414_150701.data
30.0 370.0 17 24.216789473684212 mpd_20250414_150726.data
10.0 370.0 17 24.1106052631579 mpd_20250414_150751.data
10.0 390.0 17 24.216789473684212 mpd_20250414_150816.data
30.0 390.0 17 24.216789473684212 mpd_20250414_150841.data
50.0 390.0 17 24.1106052631579 mpd_20250414_150906.data
70.0 390.0 17 24.1106052631579 mpd_20250414_150931.data
90.0 390.0 17 24.1106052631579 mpd_20250414_150956.data
110.0 390.0 17 24.1106052631579 mpd_20250414_151021.data
130.0 390.0 17 24.216789473684212 mpd_20250414_151046.data
150.0 390.0 17 24.003973684210532 mpd_20250414_151111.data
170.0 390.0 17 24.216789473684212 mpd_20250414_151136.data
190.0 390.0 17 24.216789473684212 mpd_20250414_151201.data
210.0 390.0 17 24.216789473684212 mpd_20250414_151226.data
230.0 390.0 17 24.1106052631579 mpd_20250414_151251.data
250.0 390.0 17 24.216789473684212 mpd_20250414_151316.data
270.0 390.0 17 24.1106052631579 mpd_20250414_151341.data
290.0 390.0 17 24.322552631578947 mpd_20250414_151406.data
290.0 410.0 17 24.1106052631579 mpd_20250414_151431.data
270.0 410.0 17 24.1106052631579 mpd_20250414_151456.data
250.0 410.0 17 24.1106052631579 mpd_20250414_151521.data
230.0 410.0 17 24.003973684210532 mpd_20250414_151546.data
210.0 410.0 17 24.216789473684212 mpd_20250414_151612.data
190.0 410.0 17 24.003973684210532 mpd_20250414_151637.data
170.0 410.0 17 24.1106052631579 mpd_20250414_151702.data
150.0 410.0 17 24.216789473684212 mpd_20250414_151727.data
130.0 410.0 17 24.216789473684212 mpd_20250414_151752.data
110.0 410.0 17 24.1106052631579 mpd_20250414_151817.data
90.0 410.0 17 24.216789473684212 mpd_20250414_151842.data
70.0 410.0 17 24.216789473684212 mpd_20250414_151907.data
50.0 410.0 17 24.216789473684212 mpd_20250414_151932.data
30.0 410.0 17 24.216789473684212 mpd_20250414_151957.data
10.0 410.0 17 24.1106052631579 mpd_20250414_152022.data
10.0 430.0 17 24.1106052631579 mpd_20250414_152047.data
30.0 430.0 17 24.216789473684212 mpd_20250414_152112.data
50.0 430.0 17 24.216789473684212 mpd_20250414_152137.data
70.0 430.0 17 24.1106052631579 mpd_20250414_152202.data
90.0 430.0 17 24.216789473684212 mpd_20250414_152227.data
110.0 430.0 17 24.216789473684212 mpd_20250414_152252.data
130.0 430.0 17 24.216789473684212 mpd_20250414_152317.data
150.0 430.0 17 24.216789473684212 mpd_20250414_152342.data
170.0 430.0 17 24.216789473684212 mpd_20250414_152407.data
190.0 430.0 17 24.216789473684212 mpd_20250414_152432.data
210.0 430.0 17 24.216789473684212 mpd_20250414_152457.data
230.0 430.0 17 24.216789473684212 mpd_20250414_152522.data
250.0 430.0 17 24.1106052631579 mpd_20250414_152547.data
270.0 430.0 17 24.216789473684212 mpd_20250414_152612.data
290.0 430.0 17 24.216789473684212 mpd_20250414_152637.data
290.0 450.0 17 24.216789473684212 mpd_20250414_152702.data
270.0 450.0 17 24.216789473684212 mpd_20250414_152727.data
250.0 450.0 17 24.216789473684212 mpd_20250414_152752.data
230.0 450.0 17 24.216789473684212 mpd_20250414_152817.data
210.0 450.0 17 24.216789473684212 mpd_20250414_152842.data
190.0 450.0 17 24.1106052631579 mpd_20250414_152907.data
170.0 450.0 17 24.216789473684212 mpd_20250414_152932.data
150.0 450.0 17 24.216789473684212 mpd_20250414_152957.data
130.0 450.0 17 24.216789473684212 mpd_20250414_153022.data
110.0 450.0 17 24.1106052631579 mpd_20250414_153047.data
90.0 450.0 17 24.216789473684212 mpd_20250414_153112.data
70.0 450.0 17 24.216789473684212 mpd_20250414_153137.data
50.0 450.0 17 24.216789473684212 mpd_20250414_153202.data
30.0 450.0 17 24.216789473684212 mpd_20250414_153227.data
10.0 450.0 17 24.216789473684212 mpd_20250414_153252.data
10.0 470.0 17 24.216789473684212 mpd_20250414_153317.data
30.0 470.0 17 24.216789473684212 mpd_20250414_153342.data
50.0 470.0 17 24.1106052631579 mpd_20250414_153407.data
70.0 470.0 17 24.216789473684212 mpd_20250414_153432.data
90.0 470.0 17 24.216789473684212 mpd_20250414_153457.data
110.0 470.0 17 24.1106052631579 mpd_20250414_153522.data
130.0 470.0 17 24.1106052631579 mpd_20250414_153547.data
150.0 470.0 17 24.1106052631579 mpd_20250414_153612.data
170.0 470.0 17 24.216789473684212 mpd_20250414_153637.data
190.0 470.0 17 24.216789473684212 mpd_20250414_153702.data
210.0 470.0 17 24.1106052631579 mpd_20250414_153728.data
230.0 470.0 17 24.216789473684212 mpd_20250414_153753.data
250.0 470.0 17 24.216789473684212 mpd_20250414_153818.data
270.0 470.0 17 24.216789473684212 mpd_20250414_153843.data
290.0 470.0 17 24.216789473684212 mpd_20250414_153908.data
