-1 -1 -1 23.49125 mpd_20250415_072632.data
10.0 10.0 17 23.283325 mpd_20250415_072713.data
30.0 10.0 17 23.283325 mpd_20250415_072738.data
50.0 10.0 17 23.283325 mpd_20250415_072803.data
70.0 10.0 17 23.594575 mpd_20250415_072828.data
90.0 10.0 17 23.178749999999997 mpd_20250415_072853.data
110.0 10.0 17 23.178749999999997 mpd_20250415_072918.data
130.0 10.0 17 23.594575 mpd_20250415_072943.data
150.0 10.0 17 23.594575 mpd_20250415_073008.data
170.0 10.0 17 23.6975 mpd_20250415_073033.data
190.0 10.0 17 23.594575 mpd_20250415_073058.data
210.0 10.0 17 23.6975 mpd_20250415_073123.data
230.0 10.0 17 23.594575 mpd_20250415_073148.data
250.0 10.0 17 23.594575 mpd_20250415_073213.data
270.0 10.0 17 23.49125 mpd_20250415_073238.data
290.0 10.0 17 23.594575 mpd_20250415_073303.data
290.0 30.0 17 23.49125 mpd_20250415_073328.data
270.0 30.0 17 23.6975 mpd_20250415_073353.data
250.0 30.0 17 23.594575 mpd_20250415_073418.data
230.0 30.0 17 23.594575 mpd_20250415_073443.data
210.0 30.0 17 23.49125 mpd_20250415_073508.data
190.0 30.0 17 23.49125 mpd_20250415_073533.data
170.0 30.0 17 23.594575 mpd_20250415_073558.data
150.0 30.0 17 23.178749999999997 mpd_20250415_073623.data
130.0 30.0 17 23.49125 mpd_20250415_073648.data
110.0 30.0 17 23.49125 mpd_20250415_073713.data
90.0 30.0 17 23.594575 mpd_20250415_073738.data
70.0 30.0 17 23.49125 mpd_20250415_073803.data
50.0 30.0 17 23.49125 mpd_20250415_073828.data
30.0 30.0 17 23.283325 mpd_20250415_073853.data
10.0 30.0 17 23.49125 mpd_20250415_073918.data
10.0 50.0 17 23.3875 mpd_20250415_073943.data
30.0 50.0 17 23.283325 mpd_20250415_074008.data
50.0 50.0 17 23.594575 mpd_20250415_074033.data
70.0 50.0 17 23.283325 mpd_20250415_074058.data
90.0 50.0 17 23.594575 mpd_20250415_074123.data
110.0 50.0 17 23.594575 mpd_20250415_074148.data
130.0 50.0 17 23.594575 mpd_20250415_074213.data
150.0 50.0 17 23.49125 mpd_20250415_074238.data
170.0 50.0 17 23.594575 mpd_20250415_074303.data
190.0 50.0 17 23.594575 mpd_20250415_074328.data
210.0 50.0 17 23.6975 mpd_20250415_074353.data
230.0 50.0 17 23.6975 mpd_20250415_074418.data
250.0 50.0 17 23.6975 mpd_20250415_074443.data
270.0 50.0 17 23.49125 mpd_20250415_074508.data
290.0 50.0 17 23.283325 mpd_20250415_074534.data
290.0 70.0 17 23.3875 mpd_20250415_074559.data
270.0 70.0 17 23.3875 mpd_20250415_074624.data
250.0 70.0 17 23.283325 mpd_20250415_074649.data
230.0 70.0 17 23.283325 mpd_20250415_074714.data
210.0 70.0 17 23.3875 mpd_20250415_074739.data
190.0 70.0 17 23.3875 mpd_20250415_074804.data
170.0 70.0 17 23.594575 mpd_20250415_074829.data
150.0 70.0 17 23.594575 mpd_20250415_074854.data
130.0 70.0 17 23.594575 mpd_20250415_074919.data
110.0 70.0 17 23.594575 mpd_20250415_074944.data
90.0 70.0 17 23.594575 mpd_20250415_075009.data
70.0 70.0 17 23.594575 mpd_20250415_075034.data
50.0 70.0 17 23.594575 mpd_20250415_075059.data
30.0 70.0 17 23.594575 mpd_20250415_075124.data
10.0 70.0 17 23.594575 mpd_20250415_075149.data
10.0 90.0 17 23.594575 mpd_20250415_075214.data
30.0 90.0 17 23.594575 mpd_20250415_075239.data
50.0 90.0 17 23.594575 mpd_20250415_075304.data
70.0 90.0 17 23.594575 mpd_20250415_075329.data
90.0 90.0 17 23.283325 mpd_20250415_075354.data
110.0 90.0 17 23.594575 mpd_20250415_075419.data
130.0 90.0 17 23.283325 mpd_20250415_075444.data
150.0 90.0 17 23.3875 mpd_20250415_075509.data
170.0 90.0 17 23.3875 mpd_20250415_075534.data
190.0 90.0 17 23.49125 mpd_20250415_075559.data
210.0 90.0 17 23.49125 mpd_20250415_075624.data
230.0 90.0 17 23.283325 mpd_20250415_075649.data
250.0 90.0 17 23.6975 mpd_20250415_075714.data
270.0 90.0 17 23.6975 mpd_20250415_075739.data
290.0 90.0 17 23.3875 mpd_20250415_075804.data
290.0 110.0 17 23.3875 mpd_20250415_075829.data
270.0 110.0 17 23.3875 mpd_20250415_075854.data
250.0 110.0 17 23.3875 mpd_20250415_075919.data
230.0 110.0 17 23.283325 mpd_20250415_075944.data
210.0 110.0 17 23.283325 mpd_20250415_080009.data
190.0 110.0 17 23.49125 mpd_20250415_080034.data
170.0 110.0 17 23.594575 mpd_20250415_080059.data
150.0 110.0 17 23.594575 mpd_20250415_080124.data
130.0 110.0 17 23.594575 mpd_20250415_080149.data
110.0 110.0 17 23.594575 mpd_20250415_080214.data
90.0 110.0 17 23.6975 mpd_20250415_080239.data
70.0 110.0 17 23.3875 mpd_20250415_080304.data
50.0 110.0 17 23.3875 mpd_20250415_080329.data
30.0 110.0 17 23.49125 mpd_20250415_080354.data
10.0 110.0 17 23.3875 mpd_20250415_080419.data
10.0 130.0 17 23.3875 mpd_20250415_080444.data
30.0 130.0 17 23.3875 mpd_20250415_080509.data
50.0 130.0 17 23.283325 mpd_20250415_080534.data
70.0 130.0 17 23.594575 mpd_20250415_080559.data
90.0 130.0 17 23.594575 mpd_20250415_080624.data
110.0 130.0 17 23.6975 mpd_20250415_080650.data
130.0 130.0 17 23.594575 mpd_20250415_080715.data
150.0 130.0 17 23.594575 mpd_20250415_080740.data
170.0 130.0 17 23.49125 mpd_20250415_080805.data
190.0 130.0 17 23.283325 mpd_20250415_080830.data
210.0 130.0 17 23.3875 mpd_20250415_080855.data
230.0 130.0 17 23.3875 mpd_20250415_080920.data
250.0 130.0 17 23.594575 mpd_20250415_080945.data
270.0 130.0 17 23.49125 mpd_20250415_081010.data
290.0 130.0 17 23.594575 mpd_20250415_081035.data
290.0 150.0 17 23.6975 mpd_20250415_081100.data
270.0 150.0 17 23.594575 mpd_20250415_081125.data
250.0 150.0 17 23.283325 mpd_20250415_081150.data
230.0 150.0 17 23.3875 mpd_20250415_081215.data
210.0 150.0 17 23.49125 mpd_20250415_081240.data
190.0 150.0 17 23.594575 mpd_20250415_081305.data
170.0 150.0 17 23.594575 mpd_20250415_081330.data
150.0 150.0 17 23.594575 mpd_20250415_081355.data
130.0 150.0 17 23.594575 mpd_20250415_081420.data
110.0 150.0 17 23.594575 mpd_20250415_081445.data
90.0 150.0 17 23.594575 mpd_20250415_081510.data
70.0 150.0 17 23.49125 mpd_20250415_081535.data
50.0 150.0 17 23.3875 mpd_20250415_081600.data
30.0 150.0 17 23.594575 mpd_20250415_081625.data
10.0 150.0 17 23.594575 mpd_20250415_081650.data
10.0 170.0 17 23.49125 mpd_20250415_081715.data
30.0 170.0 17 23.594575 mpd_20250415_081740.data
50.0 170.0 17 23.6975 mpd_20250415_081805.data
70.0 170.0 17 23.6975 mpd_20250415_081830.data
90.0 170.0 17 23.3875 mpd_20250415_081855.data
110.0 170.0 17 23.49125 mpd_20250415_081920.data
130.0 170.0 17 23.3875 mpd_20250415_081945.data
150.0 170.0 17 23.3875 mpd_20250415_082010.data
170.0 170.0 17 23.594575 mpd_20250415_082035.data
190.0 170.0 17 23.594575 mpd_20250415_082100.data
210.0 170.0 17 23.49125 mpd_20250415_082125.data
230.0 170.0 17 23.178749999999997 mpd_20250415_082150.data
250.0 170.0 17 23.3875 mpd_20250415_082215.data
270.0 170.0 17 23.3875 mpd_20250415_082240.data
290.0 170.0 17 23.594575 mpd_20250415_082305.data
290.0 190.0 17 23.594575 mpd_20250415_082330.data
270.0 190.0 17 23.594575 mpd_20250415_082355.data
250.0 190.0 17 23.594575 mpd_20250415_082420.data
230.0 190.0 17 23.49125 mpd_20250415_082445.data
210.0 190.0 17 23.283325 mpd_20250415_082510.data
190.0 190.0 17 23.3875 mpd_20250415_082535.data
170.0 190.0 17 23.6975 mpd_20250415_082600.data
150.0 190.0 17 23.6975 mpd_20250415_082625.data
130.0 190.0 17 23.594575 mpd_20250415_082650.data
110.0 190.0 17 23.594575 mpd_20250415_082715.data
90.0 190.0 17 23.3875 mpd_20250415_082740.data
70.0 190.0 17 23.283325 mpd_20250415_082805.data
50.0 190.0 17 23.594575 mpd_20250415_082830.data
30.0 190.0 17 23.6975 mpd_20250415_082856.data
10.0 190.0 17 23.594575 mpd_20250415_082921.data
10.0 210.0 17 23.594575 mpd_20250415_082946.data
30.0 210.0 17 23.283325 mpd_20250415_083011.data
50.0 210.0 17 23.283325 mpd_20250415_083036.data
70.0 210.0 17 23.49125 mpd_20250415_083101.data
90.0 210.0 17 23.594575 mpd_20250415_083126.data
110.0 210.0 17 23.594575 mpd_20250415_083151.data
130.0 210.0 17 23.594575 mpd_20250415_083216.data
150.0 210.0 17 23.49125 mpd_20250415_083241.data
170.0 210.0 17 23.49125 mpd_20250415_083306.data
190.0 210.0 17 23.594575 mpd_20250415_083331.data
210.0 210.0 17 23.594575 mpd_20250415_083356.data
230.0 210.0 17 23.594575 mpd_20250415_083421.data
250.0 210.0 17 23.283325 mpd_20250415_083446.data
270.0 210.0 17 23.283325 mpd_20250415_083511.data
290.0 210.0 17 23.6975 mpd_20250415_083536.data
290.0 230.0 17 23.594575 mpd_20250415_083601.data
270.0 230.0 17 23.594575 mpd_20250415_083626.data
250.0 230.0 17 23.3875 mpd_20250415_083651.data
230.0 230.0 17 23.283325 mpd_20250415_083716.data
210.0 230.0 17 23.49125 mpd_20250415_083741.data
190.0 230.0 17 23.49125 mpd_20250415_083806.data
170.0 230.0 17 23.283325 mpd_20250415_083831.data
150.0 230.0 17 23.49125 mpd_20250415_083856.data
130.0 230.0 17 23.49125 mpd_20250415_083921.data
110.0 230.0 17 23.49125 mpd_20250415_083946.data
90.0 230.0 17 23.49125 mpd_20250415_084011.data
70.0 230.0 17 23.594575 mpd_20250415_084036.data
50.0 230.0 17 23.49125 mpd_20250415_084101.data
30.0 230.0 17 23.594575 mpd_20250415_084126.data
10.0 230.0 17 23.49125 mpd_20250415_084151.data
10.0 250.0 17 23.49125 mpd_20250415_084216.data
30.0 250.0 17 23.3875 mpd_20250415_084241.data
50.0 250.0 17 23.594575 mpd_20250415_084306.data
70.0 250.0 17 23.49125 mpd_20250415_084331.data
90.0 250.0 17 23.49125 mpd_20250415_084356.data
110.0 250.0 17 23.594575 mpd_20250415_084421.data
130.0 250.0 17 23.3875 mpd_20250415_084446.data
150.0 250.0 17 23.3875 mpd_20250415_084511.data
170.0 250.0 17 23.3875 mpd_20250415_084536.data
190.0 250.0 17 23.49125 mpd_20250415_084601.data
210.0 250.0 17 23.283325 mpd_20250415_084626.data
230.0 250.0 17 23.594575 mpd_20250415_084651.data
250.0 250.0 17 23.49125 mpd_20250415_084716.data
270.0 250.0 17 23.49125 mpd_20250415_084741.data
290.0 250.0 17 23.49125 mpd_20250415_084806.data
290.0 270.0 17 23.283325 mpd_20250415_084831.data
270.0 270.0 17 23.3875 mpd_20250415_084856.data
250.0 270.0 17 23.3875 mpd_20250415_084921.data
230.0 270.0 17 23.49125 mpd_20250415_084947.data
210.0 270.0 17 23.283325 mpd_20250415_085012.data
190.0 270.0 17 23.283325 mpd_20250415_085037.data
170.0 270.0 17 23.178749999999997 mpd_20250415_085102.data
150.0 270.0 17 23.283325 mpd_20250415_085127.data
130.0 270.0 17 23.178749999999997 mpd_20250415_085152.data
110.0 270.0 17 23.3875 mpd_20250415_085217.data
90.0 270.0 17 23.283325 mpd_20250415_085242.data
70.0 270.0 17 -1 mpd_20250415_085307.data
50.0 270.0 17 23.283325 mpd_20250415_085332.data
30.0 270.0 17 23.283325 mpd_20250415_085357.data
10.0 270.0 17 -1 mpd_20250415_085422.data
10.0 290.0 17 23.283325 mpd_20250415_085447.data
30.0 290.0 17 23.178749999999997 mpd_20250415_085512.data
50.0 290.0 17 -1 mpd_20250415_085537.data
70.0 290.0 17 23.283325 mpd_20250415_085602.data
90.0 290.0 17 23.283325 mpd_20250415_085627.data
110.0 290.0 17 -1 mpd_20250415_085652.data
130.0 290.0 17 23.3875 mpd_20250415_085717.data
150.0 290.0 17 23.283325 mpd_20250415_085742.data
170.0 290.0 17 -1 mpd_20250415_085807.data
190.0 290.0 17 23.6975 mpd_20250415_085832.data
210.0 290.0 17 23.6975 mpd_20250415_085857.data
230.0 290.0 17 23.6975 mpd_20250415_085922.data
250.0 290.0 17 23.6975 mpd_20250415_085947.data
270.0 290.0 17 23.6975 mpd_20250415_090012.data
290.0 290.0 17 23.6975 mpd_20250415_090037.data
290.0 310.0 17 23.6975 mpd_20250415_090102.data
270.0 310.0 17 23.594575 mpd_20250415_090127.data
250.0 310.0 17 23.594575 mpd_20250415_090152.data
230.0 310.0 17 23.6975 mpd_20250415_090217.data
210.0 310.0 17 23.6975 mpd_20250415_090242.data
190.0 310.0 17 23.6975 mpd_20250415_090307.data
170.0 310.0 17 23.6975 mpd_20250415_090332.data
150.0 310.0 17 23.594575 mpd_20250415_090357.data
130.0 310.0 17 23.6975 mpd_20250415_090422.data
110.0 310.0 17 23.6975 mpd_20250415_090447.data
90.0 310.0 17 23.6975 mpd_20250415_090512.data
70.0 310.0 17 23.902100000000004 mpd_20250415_090537.data
50.0 310.0 17 23.6975 mpd_20250415_090602.data
30.0 310.0 17 23.6975 mpd_20250415_090627.data
10.0 310.0 17 23.6975 mpd_20250415_090652.data
10.0 330.0 17 23.6975 mpd_20250415_090717.data
30.0 330.0 17 23.6975 mpd_20250415_090742.data
50.0 330.0 17 23.6975 mpd_20250415_090807.data
70.0 330.0 17 23.6975 mpd_20250415_090832.data
90.0 330.0 17 23.6975 mpd_20250415_090857.data
110.0 330.0 17 23.6975 mpd_20250415_090922.data
130.0 330.0 17 23.6975 mpd_20250415_090947.data
150.0 330.0 17 23.6975 mpd_20250415_091012.data
170.0 330.0 17 23.6975 mpd_20250415_091037.data
190.0 330.0 17 23.594575 mpd_20250415_091103.data
210.0 330.0 17 23.6975 mpd_20250415_091128.data
230.0 330.0 17 23.6975 mpd_20250415_091153.data
250.0 330.0 17 23.6975 mpd_20250415_091218.data
270.0 330.0 17 23.594575 mpd_20250415_091243.data
290.0 330.0 17 23.6975 mpd_20250415_091308.data
10.0 350.0 17 23.594575 mpd_20250415_103915.data
30.0 350.0 17 23.6975 mpd_20250415_103940.data
50.0 350.0 17 23.6975 mpd_20250415_104005.data
70.0 350.0 17 23.6975 mpd_20250415_104030.data
90.0 350.0 17 23.6975 mpd_20250415_104055.data
110.0 350.0 17 23.6975 mpd_20250415_104120.data
130.0 350.0 17 23.594575 mpd_20250415_104145.data
150.0 350.0 17 23.6975 mpd_20250415_104210.data
170.0 350.0 17 23.6975 mpd_20250415_104235.data
190.0 350.0 17 23.6975 mpd_20250415_104300.data
210.0 350.0 17 23.6975 mpd_20250415_104325.data
230.0 350.0 17 23.6975 mpd_20250415_104350.data
250.0 350.0 17 23.6975 mpd_20250415_104415.data
270.0 350.0 17 23.6975 mpd_20250415_104440.data
290.0 350.0 17 23.6975 mpd_20250415_104505.data
290.0 370.0 17 23.6975 mpd_20250415_104530.data
270.0 370.0 17 23.6975 mpd_20250415_104555.data
250.0 370.0 17 23.8 mpd_20250415_104620.data
230.0 370.0 17 23.594575 mpd_20250415_104645.data
210.0 370.0 17 23.6975 mpd_20250415_104710.data
190.0 370.0 17 23.6975 mpd_20250415_104735.data
170.0 370.0 17 23.6975 mpd_20250415_104800.data
150.0 370.0 17 23.6975 mpd_20250415_104825.data
130.0 370.0 17 23.6975 mpd_20250415_104850.data
110.0 370.0 17 23.6975 mpd_20250415_104915.data
90.0 370.0 17 23.6975 mpd_20250415_104940.data
70.0 370.0 17 23.6975 mpd_20250415_105005.data
50.0 370.0 17 23.6975 mpd_20250415_105030.data
30.0 370.0 17 23.6975 mpd_20250415_105055.data
10.0 370.0 17 23.6975 mpd_20250415_105120.data
10.0 390.0 17 23.8 mpd_20250415_105145.data
30.0 390.0 17 23.6975 mpd_20250415_105210.data
50.0 390.0 17 23.8 mpd_20250415_105235.data
70.0 390.0 17 23.6975 mpd_20250415_105300.data
90.0 390.0 17 23.6975 mpd_20250415_105325.data
110.0 390.0 17 23.6975 mpd_20250415_105350.data
130.0 390.0 17 23.6975 mpd_20250415_105415.data
150.0 390.0 17 23.6975 mpd_20250415_105440.data
170.0 390.0 17 23.6975 mpd_20250415_105505.data
190.0 390.0 17 23.594575 mpd_20250415_105530.data
210.0 390.0 17 23.6975 mpd_20250415_105555.data
230.0 390.0 17 23.6975 mpd_20250415_105620.data
250.0 390.0 17 23.594575 mpd_20250415_105645.data
270.0 390.0 17 23.594575 mpd_20250415_105710.data
290.0 390.0 17 23.6975 mpd_20250415_105735.data
290.0 410.0 17 23.6975 mpd_20250415_105800.data
270.0 410.0 17 23.594575 mpd_20250415_105825.data
250.0 410.0 17 23.8 mpd_20250415_105851.data
230.0 410.0 17 23.6975 mpd_20250415_105916.data
210.0 410.0 17 23.594575 mpd_20250415_105941.data
190.0 410.0 17 23.6975 mpd_20250415_110006.data
170.0 410.0 17 23.6975 mpd_20250415_110031.data
150.0 410.0 17 23.8 mpd_20250415_110056.data
130.0 410.0 17 23.6975 mpd_20250415_110121.data
110.0 410.0 17 23.8 mpd_20250415_110146.data
90.0 410.0 17 23.594575 mpd_20250415_110211.data
70.0 410.0 17 23.6975 mpd_20250415_110236.data
50.0 410.0 17 23.594575 mpd_20250415_110301.data
30.0 410.0 17 23.594575 mpd_20250415_110326.data
10.0 410.0 17 23.6975 mpd_20250415_110351.data
10.0 430.0 17 23.6975 mpd_20250415_110416.data
30.0 430.0 17 23.594575 mpd_20250415_110441.data
50.0 430.0 17 23.594575 mpd_20250415_110506.data
70.0 430.0 17 23.594575 mpd_20250415_110531.data
90.0 430.0 17 23.6975 mpd_20250415_110556.data
110.0 430.0 17 23.6975 mpd_20250415_110621.data
130.0 430.0 17 23.6975 mpd_20250415_110646.data
150.0 430.0 17 23.6975 mpd_20250415_110711.data
170.0 430.0 17 23.6975 mpd_20250415_110736.data
190.0 430.0 17 23.6975 mpd_20250415_110801.data
210.0 430.0 17 23.6975 mpd_20250415_110826.data
230.0 430.0 17 23.6975 mpd_20250415_110851.data
250.0 430.0 17 23.6975 mpd_20250415_110916.data
270.0 430.0 17 23.6975 mpd_20250415_110941.data
290.0 430.0 17 23.6975 mpd_20250415_111006.data
290.0 450.0 17 23.6975 mpd_20250415_111031.data
270.0 450.0 17 23.6975 mpd_20250415_111056.data
250.0 450.0 17 23.6975 mpd_20250415_111121.data
230.0 450.0 17 23.6975 mpd_20250415_111146.data
210.0 450.0 17 23.6975 mpd_20250415_111211.data
190.0 450.0 17 23.6975 mpd_20250415_111236.data
170.0 450.0 17 23.6975 mpd_20250415_111301.data
150.0 450.0 17 23.594575 mpd_20250415_111326.data
130.0 450.0 17 23.6975 mpd_20250415_111351.data
110.0 450.0 17 23.6975 mpd_20250415_111416.data
90.0 450.0 17 23.6975 mpd_20250415_111441.data
70.0 450.0 17 23.6975 mpd_20250415_111506.data
50.0 450.0 17 23.6975 mpd_20250415_111531.data
30.0 450.0 17 23.6975 mpd_20250415_111556.data
10.0 450.0 17 23.6975 mpd_20250415_111621.data
10.0 470.0 17 23.6975 mpd_20250415_111646.data
30.0 470.0 17 23.902100000000004 mpd_20250415_111711.data
50.0 470.0 17 23.594575 mpd_20250415_111736.data
70.0 470.0 17 23.6975 mpd_20250415_111801.data
90.0 470.0 17 23.594575 mpd_20250415_111826.data
110.0 470.0 17 23.6975 mpd_20250415_111851.data
130.0 470.0 17 23.6975 mpd_20250415_111917.data
150.0 470.0 17 23.594575 mpd_20250415_111942.data
170.0 470.0 17 23.6975 mpd_20250415_112007.data
190.0 470.0 17 23.6975 mpd_20250415_112032.data
210.0 470.0 17 23.6975 mpd_20250415_112057.data
230.0 470.0 17 23.594575 mpd_20250415_112122.data
250.0 470.0 17 23.594575 mpd_20250415_112147.data
270.0 470.0 17 23.6975 mpd_20250415_112212.data
290.0 470.0 17 23.6975 mpd_20250415_112237.data
