-1 -1 -1 27.37654625550661 0cd9414a_20240815_101151.data
10.0 10.0 17 27.37654625550661 0cd9414a_20240815_101230.data
30.0 10.0 17 27.37654625550661 0cd9414a_20240815_101254.data
50.0 10.0 17 27.598634361233486 0cd9414a_20240815_101318.data
70.0 10.0 17 27.37654625550661 0cd9414a_20240815_101342.data
90.0 10.0 17 27.487775330396477 0cd9414a_20240815_101406.data
110.0 10.0 17 27.487775330396477 0cd9414a_20240815_101430.data
130.0 10.0 17 27.37654625550661 0cd9414a_20240815_101454.data
150.0 10.0 17 27.487775330396477 0cd9414a_20240815_101518.data
170.0 10.0 17 27.487775330396477 0cd9414a_20240815_101542.data
190.0 10.0 17 27.487775330396477 0cd9414a_20240815_101606.data
210.0 10.0 17 27.487775330396477 0cd9414a_20240815_101630.data
230.0 10.0 17 27.37654625550661 0cd9414a_20240815_101654.data
250.0 10.0 17 27.487775330396477 0cd9414a_20240815_101718.data
270.0 10.0 17 27.487775330396477 0cd9414a_20240815_101742.data
290.0 10.0 17 27.37654625550661 0cd9414a_20240815_101806.data
290.0 30.0 17 27.37654625550661 0cd9414a_20240815_101830.data
270.0 30.0 17 27.37654625550661 0cd9414a_20240815_101854.data
250.0 30.0 17 27.487775330396477 0cd9414a_20240815_101918.data
230.0 30.0 17 27.487775330396477 0cd9414a_20240815_101942.data
210.0 30.0 17 27.37654625550661 0cd9414a_20240815_102006.data
190.0 30.0 17 27.37654625550661 0cd9414a_20240815_102030.data
170.0 30.0 17 27.37654625550661 0cd9414a_20240815_102054.data
150.0 30.0 17 27.37654625550661 0cd9414a_20240815_102118.data
130.0 30.0 17 27.487775330396477 0cd9414a_20240815_102142.data
110.0 30.0 17 27.37654625550661 0cd9414a_20240815_102206.data
90.0 30.0 17 27.264854625550658 0cd9414a_20240815_102230.data
70.0 30.0 17 27.487775330396477 0cd9414a_20240815_102254.data
50.0 30.0 17 27.487775330396477 0cd9414a_20240815_102318.data
30.0 30.0 17 27.487775330396477 0cd9414a_20240815_102342.data
10.0 30.0 17 27.487775330396477 0cd9414a_20240815_102406.data
10.0 50.0 17 27.709061674008815 0cd9414a_20240815_102430.data
30.0 50.0 17 27.598634361233486 0cd9414a_20240815_102454.data
50.0 50.0 17 27.709061674008815 0cd9414a_20240815_102518.data
70.0 50.0 17 27.709061674008815 0cd9414a_20240815_102542.data
90.0 50.0 17 27.709061674008815 0cd9414a_20240815_102606.data
110.0 50.0 17 27.598634361233486 0cd9414a_20240815_102630.data
130.0 50.0 17 27.709061674008815 0cd9414a_20240815_102654.data
150.0 50.0 17 27.487775330396477 0cd9414a_20240815_102718.data
170.0 50.0 17 27.709061674008815 0cd9414a_20240815_102742.data
190.0 50.0 17 27.709061674008815 0cd9414a_20240815_102806.data
210.0 50.0 17 27.709061674008815 0cd9414a_20240815_102830.data
230.0 50.0 17 27.81905726872247 0cd9414a_20240815_102854.data
250.0 50.0 17 27.487775330396477 0cd9414a_20240815_102918.data
270.0 50.0 17 27.709061674008815 0cd9414a_20240815_102942.data
290.0 50.0 17 27.709061674008815 0cd9414a_20240815_103006.data
290.0 70.0 17 27.709061674008815 0cd9414a_20240815_103030.data
270.0 70.0 17 27.709061674008815 0cd9414a_20240815_103054.data
250.0 70.0 17 27.487775330396477 0cd9414a_20240815_103118.data
230.0 70.0 17 27.709061674008815 0cd9414a_20240815_103142.data
210.0 70.0 17 27.709061674008815 0cd9414a_20240815_103206.data
190.0 70.0 17 27.709061674008815 0cd9414a_20240815_103230.data
170.0 70.0 17 27.709061674008815 0cd9414a_20240815_103254.data
150.0 70.0 17 27.709061674008815 0cd9414a_20240815_103318.data
130.0 70.0 17 27.709061674008815 0cd9414a_20240815_103342.data
110.0 70.0 17 27.709061674008815 0cd9414a_20240815_103406.data
90.0 70.0 17 27.487775330396477 0cd9414a_20240815_103430.data
70.0 70.0 17 27.709061674008815 0cd9414a_20240815_103455.data
50.0 70.0 17 27.709061674008815 0cd9414a_20240815_103519.data
30.0 70.0 17 27.709061674008815 0cd9414a_20240815_103543.data
10.0 70.0 17 27.709061674008815 0cd9414a_20240815_103607.data
10.0 90.0 17 27.487775330396477 0cd9414a_20240815_103631.data
30.0 90.0 17 27.709061674008815 0cd9414a_20240815_103655.data
50.0 90.0 17 27.709061674008815 0cd9414a_20240815_103719.data
70.0 90.0 17 27.709061674008815 0cd9414a_20240815_103743.data
90.0 90.0 17 27.487775330396477 0cd9414a_20240815_103807.data
110.0 90.0 17 27.487775330396477 0cd9414a_20240815_103831.data
130.0 90.0 17 27.487775330396477 0cd9414a_20240815_103855.data
150.0 90.0 17 27.709061674008815 0cd9414a_20240815_103919.data
170.0 90.0 17 27.81905726872247 0cd9414a_20240815_103943.data
190.0 90.0 17 27.487775330396477 0cd9414a_20240815_104007.data
210.0 90.0 17 27.709061674008815 0cd9414a_20240815_104031.data
230.0 90.0 17 27.709061674008815 0cd9414a_20240815_104055.data
250.0 90.0 17 27.598634361233486 0cd9414a_20240815_104119.data
270.0 90.0 17 27.709061674008815 0cd9414a_20240815_104143.data
290.0 90.0 17 27.709061674008815 0cd9414a_20240815_104207.data
290.0 110.0 17 27.709061674008815 0cd9414a_20240815_104231.data
270.0 110.0 17 27.709061674008815 0cd9414a_20240815_104255.data
250.0 110.0 17 27.37654625550661 0cd9414a_20240815_104319.data
230.0 110.0 17 27.487775330396477 0cd9414a_20240815_104343.data
210.0 110.0 17 27.487775330396477 0cd9414a_20240815_104407.data
190.0 110.0 17 27.598634361233486 0cd9414a_20240815_104431.data
170.0 110.0 17 27.598634361233486 0cd9414a_20240815_104455.data
150.0 110.0 17 27.598634361233486 0cd9414a_20240815_104519.data
130.0 110.0 17 27.598634361233486 0cd9414a_20240815_104543.data
110.0 110.0 17 27.709061674008815 0cd9414a_20240815_104607.data
90.0 110.0 17 27.709061674008815 0cd9414a_20240815_104631.data
70.0 110.0 17 27.709061674008815 0cd9414a_20240815_104655.data
50.0 110.0 17 27.598634361233486 0cd9414a_20240815_104719.data
30.0 110.0 17 27.709061674008815 0cd9414a_20240815_104743.data
10.0 110.0 17 27.709061674008815 0cd9414a_20240815_104807.data
10.0 130.0 17 27.709061674008815 0cd9414a_20240815_104831.data
30.0 130.0 17 27.709061674008815 0cd9414a_20240815_104855.data
50.0 130.0 17 27.709061674008815 0cd9414a_20240815_104919.data
70.0 130.0 17 27.487775330396477 0cd9414a_20240815_104943.data
90.0 130.0 17 27.598634361233486 0cd9414a_20240815_105007.data
110.0 130.0 17 27.487775330396477 0cd9414a_20240815_105031.data
130.0 130.0 17 27.37654625550661 0cd9414a_20240815_105055.data
150.0 130.0 17 27.598634361233486 0cd9414a_20240815_105119.data
170.0 130.0 17 27.598634361233486 0cd9414a_20240815_105143.data
190.0 130.0 17 27.487775330396477 0cd9414a_20240815_105207.data
210.0 130.0 17 27.598634361233486 0cd9414a_20240815_105231.data
230.0 130.0 17 27.709061674008815 0cd9414a_20240815_105255.data
250.0 130.0 17 27.709061674008815 0cd9414a_20240815_105319.data
270.0 130.0 17 27.709061674008815 0cd9414a_20240815_105343.data
290.0 130.0 17 27.709061674008815 0cd9414a_20240815_105407.data
290.0 150.0 17 27.709061674008815 0cd9414a_20240815_105431.data
270.0 150.0 17 27.709061674008815 0cd9414a_20240815_105455.data
250.0 150.0 17 27.487775330396477 0cd9414a_20240815_105519.data
230.0 150.0 17 27.709061674008815 0cd9414a_20240815_105543.data
210.0 150.0 17 27.709061674008815 0cd9414a_20240815_105607.data
190.0 150.0 17 27.598634361233486 0cd9414a_20240815_105631.data
170.0 150.0 17 27.709061674008815 0cd9414a_20240815_105655.data
150.0 150.0 17 27.709061674008815 0cd9414a_20240815_105719.data
130.0 150.0 17 27.709061674008815 0cd9414a_20240815_105743.data
110.0 150.0 17 27.598634361233486 0cd9414a_20240815_105807.data
90.0 150.0 17 27.709061674008815 0cd9414a_20240815_105831.data
70.0 150.0 17 27.709061674008815 0cd9414a_20240815_105855.data
50.0 150.0 17 27.709061674008815 0cd9414a_20240815_105919.data
30.0 150.0 17 27.709061674008815 0cd9414a_20240815_105943.data
10.0 150.0 17 27.709061674008815 0cd9414a_20240815_110007.data
10.0 170.0 17 27.709061674008815 0cd9414a_20240815_110031.data
30.0 170.0 17 27.709061674008815 0cd9414a_20240815_110055.data
50.0 170.0 17 27.709061674008815 0cd9414a_20240815_110119.data
70.0 170.0 17 27.598634361233486 0cd9414a_20240815_110143.data
90.0 170.0 17 27.709061674008815 0cd9414a_20240815_110207.data
110.0 170.0 17 27.264854625550658 0cd9414a_20240815_110231.data
130.0 170.0 17 27.487775330396477 0cd9414a_20240815_110255.data
150.0 170.0 17 27.487775330396477 0cd9414a_20240815_110319.data
170.0 170.0 17 27.709061674008815 0cd9414a_20240815_110343.data
190.0 170.0 17 27.709061674008815 0cd9414a_20240815_110407.data
210.0 170.0 17 27.487775330396477 0cd9414a_20240815_110431.data
230.0 170.0 17 27.598634361233486 0cd9414a_20240815_110455.data
250.0 170.0 17 27.37654625550661 0cd9414a_20240815_110519.data
270.0 170.0 17 27.598634361233486 0cd9414a_20240815_110543.data
290.0 170.0 17 27.598634361233486 0cd9414a_20240815_110607.data
290.0 190.0 17 27.487775330396477 0cd9414a_20240815_110631.data
270.0 190.0 17 27.487775330396477 0cd9414a_20240815_110655.data
250.0 190.0 17 27.709061674008815 0cd9414a_20240815_110719.data
230.0 190.0 17 27.598634361233486 0cd9414a_20240815_110743.data
210.0 190.0 17 27.487775330396477 0cd9414a_20240815_110807.data
190.0 190.0 17 27.487775330396477 0cd9414a_20240815_110831.data
170.0 190.0 17 27.709061674008815 0cd9414a_20240815_110855.data
150.0 190.0 17 27.598634361233486 0cd9414a_20240815_110919.data
130.0 190.0 17 27.37654625550661 0cd9414a_20240815_110943.data
110.0 190.0 17 27.487775330396477 0cd9414a_20240815_111007.data
90.0 190.0 17 27.487775330396477 0cd9414a_20240815_111031.data
70.0 190.0 17 27.598634361233486 0cd9414a_20240815_111055.data
50.0 190.0 17 27.709061674008815 0cd9414a_20240815_111119.data
30.0 190.0 17 27.709061674008815 0cd9414a_20240815_111144.data
10.0 190.0 17 27.709061674008815 0cd9414a_20240815_111208.data
10.0 210.0 17 27.709061674008815 0cd9414a_20240815_111232.data
30.0 210.0 17 27.709061674008815 0cd9414a_20240815_111256.data
50.0 210.0 17 27.709061674008815 0cd9414a_20240815_111320.data
70.0 210.0 17 27.709061674008815 0cd9414a_20240815_111344.data
90.0 210.0 17 27.709061674008815 0cd9414a_20240815_111408.data
110.0 210.0 17 27.487775330396477 0cd9414a_20240815_111432.data
130.0 210.0 17 27.598634361233486 0cd9414a_20240815_111456.data
150.0 210.0 17 27.598634361233486 0cd9414a_20240815_111520.data
170.0 210.0 17 27.709061674008815 0cd9414a_20240815_111544.data
190.0 210.0 17 27.487775330396477 0cd9414a_20240815_111608.data
210.0 210.0 17 27.598634361233486 0cd9414a_20240815_111632.data
230.0 210.0 17 27.709061674008815 0cd9414a_20240815_111656.data
250.0 210.0 17 27.37654625550661 0cd9414a_20240815_111720.data
270.0 210.0 17 27.487775330396477 0cd9414a_20240815_111744.data
290.0 210.0 17 27.709061674008815 0cd9414a_20240815_111808.data
290.0 230.0 17 27.709061674008815 0cd9414a_20240815_111832.data
270.0 230.0 17 27.709061674008815 0cd9414a_20240815_111856.data
250.0 230.0 17 27.598634361233486 0cd9414a_20240815_111920.data
230.0 230.0 17 27.709061674008815 0cd9414a_20240815_111944.data
210.0 230.0 17 27.709061674008815 0cd9414a_20240815_112008.data
190.0 230.0 17 27.598634361233486 0cd9414a_20240815_112032.data
170.0 230.0 17 27.709061674008815 0cd9414a_20240815_112056.data
150.0 230.0 17 27.598634361233486 0cd9414a_20240815_112120.data
130.0 230.0 17 27.598634361233486 0cd9414a_20240815_112144.data
110.0 230.0 17 27.709061674008815 0cd9414a_20240815_112208.data
90.0 230.0 17 27.709061674008815 0cd9414a_20240815_112232.data
70.0 230.0 17 27.709061674008815 0cd9414a_20240815_112256.data
50.0 230.0 17 27.709061674008815 0cd9414a_20240815_112320.data
30.0 230.0 17 27.709061674008815 0cd9414a_20240815_112344.data
10.0 230.0 17 27.709061674008815 0cd9414a_20240815_112408.data
10.0 250.0 17 27.487775330396477 0cd9414a_20240815_112432.data
30.0 250.0 17 27.487775330396477 0cd9414a_20240815_112456.data
50.0 250.0 17 27.709061674008815 0cd9414a_20240815_112520.data
70.0 250.0 17 27.709061674008815 0cd9414a_20240815_112544.data
90.0 250.0 17 27.709061674008815 0cd9414a_20240815_112608.data
110.0 250.0 17 27.598634361233486 0cd9414a_20240815_112632.data
130.0 250.0 17 27.487775330396477 0cd9414a_20240815_112656.data
150.0 250.0 17 27.709061674008815 0cd9414a_20240815_112720.data
170.0 250.0 17 27.709061674008815 0cd9414a_20240815_112744.data
190.0 250.0 17 27.598634361233486 0cd9414a_20240815_112808.data
210.0 250.0 17 27.598634361233486 0cd9414a_20240815_112832.data
230.0 250.0 17 27.598634361233486 0cd9414a_20240815_112856.data
250.0 250.0 17 27.709061674008815 0cd9414a_20240815_112920.data
270.0 250.0 17 27.598634361233486 0cd9414a_20240815_112944.data
290.0 250.0 17 27.598634361233486 0cd9414a_20240815_113008.data
290.0 270.0 17 27.487775330396477 0cd9414a_20240815_113032.data
270.0 270.0 17 27.264854625550658 0cd9414a_20240815_113056.data
250.0 270.0 17 27.598634361233486 0cd9414a_20240815_113120.data
230.0 270.0 17 27.709061674008815 0cd9414a_20240815_113144.data
210.0 270.0 17 27.598634361233486 0cd9414a_20240815_113208.data
190.0 270.0 17 27.709061674008815 0cd9414a_20240815_113232.data
170.0 270.0 17 27.709061674008815 0cd9414a_20240815_113256.data
150.0 270.0 17 27.709061674008815 0cd9414a_20240815_113320.data
130.0 270.0 17 27.487775330396477 0cd9414a_20240815_113344.data
110.0 270.0 17 27.598634361233486 0cd9414a_20240815_113408.data
90.0 270.0 17 27.709061674008815 0cd9414a_20240815_113432.data
70.0 270.0 17 27.709061674008815 0cd9414a_20240815_113456.data
50.0 270.0 17 27.487775330396477 0cd9414a_20240815_113520.data
30.0 270.0 17 27.598634361233486 0cd9414a_20240815_113544.data
10.0 270.0 17 27.709061674008815 0cd9414a_20240815_113608.data
10.0 290.0 17 27.598634361233486 0cd9414a_20240815_113632.data
30.0 290.0 17 27.709061674008815 0cd9414a_20240815_113656.data
50.0 290.0 17 27.37654625550661 0cd9414a_20240815_113720.data
70.0 290.0 17 27.709061674008815 0cd9414a_20240815_113744.data
90.0 290.0 17 27.487775330396477 0cd9414a_20240815_113808.data
110.0 290.0 17 27.487775330396477 0cd9414a_20240815_113832.data
130.0 290.0 17 27.487775330396477 0cd9414a_20240815_113856.data
150.0 290.0 17 27.37654625550661 0cd9414a_20240815_113920.data
170.0 290.0 17 27.37654625550661 0cd9414a_20240815_113944.data
190.0 290.0 17 27.37654625550661 0cd9414a_20240815_114008.data
210.0 290.0 17 27.37654625550661 0cd9414a_20240815_114032.data
230.0 290.0 17 27.37654625550661 0cd9414a_20240815_114056.data
250.0 290.0 17 27.37654625550661 0cd9414a_20240815_114120.data
270.0 290.0 17 27.37654625550661 0cd9414a_20240815_114144.data
290.0 290.0 17 27.37654625550661 0cd9414a_20240815_114208.data
290.0 310.0 17 27.37654625550661 0cd9414a_20240815_114232.data
270.0 310.0 17 27.37654625550661 0cd9414a_20240815_114256.data
250.0 310.0 17 27.487775330396477 0cd9414a_20240815_114320.data
230.0 310.0 17 27.487775330396477 0cd9414a_20240815_114344.data
210.0 310.0 17 27.37654625550661 0cd9414a_20240815_114408.data
190.0 310.0 17 27.37654625550661 0cd9414a_20240815_114432.data
170.0 310.0 17 -1 0cd9414a_20240815_114456.data
150.0 310.0 17 27.37654625550661 0cd9414a_20240815_114520.data
130.0 310.0 17 27.37654625550661 0cd9414a_20240815_114545.data
110.0 310.0 17 -1 0cd9414a_20240815_114609.data
90.0 310.0 17 27.487775330396477 0cd9414a_20240815_114633.data
70.0 310.0 17 27.37654625550661 0cd9414a_20240815_114657.data
50.0 310.0 17 27.37654625550661 0cd9414a_20240815_114721.data
30.0 310.0 17 27.37654625550661 0cd9414a_20240815_114745.data
10.0 310.0 17 27.487775330396477 0cd9414a_20240815_114809.data
10.0 330.0 17 27.37654625550661 0cd9414a_20240815_114833.data
30.0 330.0 17 -1 0cd9414a_20240815_114857.data
50.0 330.0 17 27.37654625550661 0cd9414a_20240815_114921.data
70.0 330.0 17 27.37654625550661 0cd9414a_20240815_114945.data
90.0 330.0 17 27.487775330396477 0cd9414a_20240815_115009.data
110.0 330.0 17 27.37753303964758 0cd9414a_20240815_115033.data
130.0 330.0 17 27.37654625550661 0cd9414a_20240815_115057.data
150.0 330.0 17 27.487775330396477 0cd9414a_20240815_115121.data
170.0 330.0 17 27.37654625550661 0cd9414a_20240815_115145.data
190.0 330.0 17 27.487775330396477 0cd9414a_20240815_115209.data
210.0 330.0 17 27.487775330396477 0cd9414a_20240815_115233.data
230.0 330.0 17 27.598634361233486 0cd9414a_20240815_115257.data
250.0 330.0 17 27.37654625550661 0cd9414a_20240815_115321.data
270.0 330.0 17 27.487775330396477 0cd9414a_20240815_115345.data
290.0 330.0 17 27.487775330396477 0cd9414a_20240815_115409.data
10.0 350.0 17 27.37654625550661 0cd9414a_20240815_123444.data
30.0 350.0 17 27.487775330396477 0cd9414a_20240815_123508.data
50.0 350.0 17 27.487775330396477 0cd9414a_20240815_123532.data
70.0 350.0 17 27.487775330396477 0cd9414a_20240815_123556.data
90.0 350.0 17 27.37654625550661 0cd9414a_20240815_123620.data
110.0 350.0 17 27.487775330396477 0cd9414a_20240815_123644.data
130.0 350.0 17 27.487775330396477 0cd9414a_20240815_123708.data
150.0 350.0 17 27.487775330396477 0cd9414a_20240815_123732.data
170.0 350.0 17 27.487775330396477 0cd9414a_20240815_123756.data
190.0 350.0 17 27.37654625550661 0cd9414a_20240815_123820.data
210.0 350.0 17 27.37654625550661 0cd9414a_20240815_123844.data
230.0 350.0 17 27.487775330396477 0cd9414a_20240815_123908.data
250.0 350.0 17 27.37654625550661 0cd9414a_20240815_123932.data
270.0 350.0 17 27.487775330396477 0cd9414a_20240815_123956.data
290.0 350.0 17 27.487775330396477 0cd9414a_20240815_124020.data
290.0 370.0 17 27.37654625550661 0cd9414a_20240815_124044.data
270.0 370.0 17 27.37654625550661 0cd9414a_20240815_124108.data
250.0 370.0 17 27.37654625550661 0cd9414a_20240815_124132.data
230.0 370.0 17 27.487775330396477 0cd9414a_20240815_124156.data
210.0 370.0 17 27.37654625550661 0cd9414a_20240815_124220.data
190.0 370.0 17 27.37654625550661 0cd9414a_20240815_124244.data
170.0 370.0 17 27.37654625550661 0cd9414a_20240815_124308.data
150.0 370.0 17 27.37654625550661 0cd9414a_20240815_124332.data
130.0 370.0 17 27.37654625550661 0cd9414a_20240815_124356.data
110.0 370.0 17 27.37654625550661 0cd9414a_20240815_124420.data
90.0 370.0 17 27.487775330396477 0cd9414a_20240815_124444.data
70.0 370.0 17 27.487775330396477 0cd9414a_20240815_124508.data
50.0 370.0 17 27.37654625550661 0cd9414a_20240815_124532.data
30.0 370.0 17 27.487775330396477 0cd9414a_20240815_124556.data
10.0 370.0 17 27.487775330396477 0cd9414a_20240815_124620.data
10.0 390.0 17 27.37654625550661 0cd9414a_20240815_124644.data
30.0 390.0 17 27.487775330396477 0cd9414a_20240815_124708.data
50.0 390.0 17 27.37654625550661 0cd9414a_20240815_124732.data
70.0 390.0 17 27.487775330396477 0cd9414a_20240815_124756.data
90.0 390.0 17 27.37654625550661 0cd9414a_20240815_124820.data
110.0 390.0 17 27.37654625550661 0cd9414a_20240815_124844.data
130.0 390.0 17 27.487775330396477 0cd9414a_20240815_124908.data
150.0 390.0 17 27.37654625550661 0cd9414a_20240815_124932.data
170.0 390.0 17 27.37654625550661 0cd9414a_20240815_124956.data
190.0 390.0 17 27.37654625550661 0cd9414a_20240815_125020.data
210.0 390.0 17 27.487775330396477 0cd9414a_20240815_125044.data
230.0 390.0 17 27.37654625550661 0cd9414a_20240815_125108.data
250.0 390.0 17 27.487775330396477 0cd9414a_20240815_125132.data
270.0 390.0 17 27.487775330396477 0cd9414a_20240815_125156.data
290.0 390.0 17 27.37654625550661 0cd9414a_20240815_125220.data
290.0 410.0 17 27.487775330396477 0cd9414a_20240815_125244.data
270.0 410.0 17 27.37654625550661 0cd9414a_20240815_125308.data
250.0 410.0 17 27.37654625550661 0cd9414a_20240815_125332.data
230.0 410.0 17 27.37654625550661 0cd9414a_20240815_125356.data
210.0 410.0 17 27.37654625550661 0cd9414a_20240815_125420.data
190.0 410.0 17 27.487775330396477 0cd9414a_20240815_125444.data
170.0 410.0 17 27.37654625550661 0cd9414a_20240815_125508.data
150.0 410.0 17 27.487775330396477 0cd9414a_20240815_125532.data
130.0 410.0 17 27.487775330396477 0cd9414a_20240815_125556.data
110.0 410.0 17 27.487775330396477 0cd9414a_20240815_125620.data
90.0 410.0 17 27.487775330396477 0cd9414a_20240815_125644.data
70.0 410.0 17 27.487775330396477 0cd9414a_20240815_125708.data
50.0 410.0 17 27.487775330396477 0cd9414a_20240815_125732.data
30.0 410.0 17 27.37654625550661 0cd9414a_20240815_125756.data
10.0 410.0 17 27.487775330396477 0cd9414a_20240815_125820.data
10.0 430.0 17 27.487775330396477 0cd9414a_20240815_125844.data
30.0 430.0 17 27.487775330396477 0cd9414a_20240815_125908.data
50.0 430.0 17 27.37654625550661 0cd9414a_20240815_125932.data
70.0 430.0 17 27.37654625550661 0cd9414a_20240815_125956.data
90.0 430.0 17 27.37654625550661 0cd9414a_20240815_130020.data
110.0 430.0 17 27.487775330396477 0cd9414a_20240815_130045.data
130.0 430.0 17 27.487775330396477 0cd9414a_20240815_130109.data
150.0 430.0 17 27.37654625550661 0cd9414a_20240815_130133.data
170.0 430.0 17 27.37654625550661 0cd9414a_20240815_130157.data
190.0 430.0 17 27.37654625550661 0cd9414a_20240815_130221.data
210.0 430.0 17 27.487775330396477 0cd9414a_20240815_130245.data
230.0 430.0 17 27.487775330396477 0cd9414a_20240815_130309.data
250.0 430.0 17 27.37654625550661 0cd9414a_20240815_130333.data
270.0 430.0 17 27.487775330396477 0cd9414a_20240815_130357.data
290.0 430.0 17 27.37654625550661 0cd9414a_20240815_130421.data
290.0 450.0 17 27.37654625550661 0cd9414a_20240815_130445.data
270.0 450.0 17 27.37654625550661 0cd9414a_20240815_130509.data
250.0 450.0 17 27.487775330396477 0cd9414a_20240815_130533.data
230.0 450.0 17 27.37654625550661 0cd9414a_20240815_130557.data
210.0 450.0 17 27.37654625550661 0cd9414a_20240815_130621.data
190.0 450.0 17 27.487775330396477 0cd9414a_20240815_130645.data
170.0 450.0 17 27.37654625550661 0cd9414a_20240815_130709.data
150.0 450.0 17 27.487775330396477 0cd9414a_20240815_130733.data
130.0 450.0 17 27.487775330396477 0cd9414a_20240815_130757.data
110.0 450.0 17 27.487775330396477 0cd9414a_20240815_130821.data
90.0 450.0 17 27.37654625550661 0cd9414a_20240815_130845.data
70.0 450.0 17 27.37654625550661 0cd9414a_20240815_130909.data
50.0 450.0 17 27.37654625550661 0cd9414a_20240815_130933.data
30.0 450.0 17 27.37654625550661 0cd9414a_20240815_130957.data
10.0 450.0 17 27.37654625550661 0cd9414a_20240815_131021.data
10.0 470.0 17 27.37654625550661 0cd9414a_20240815_131045.data
30.0 470.0 17 27.37654625550661 0cd9414a_20240815_131109.data
50.0 470.0 17 27.37654625550661 0cd9414a_20240815_131133.data
70.0 470.0 17 27.37654625550661 0cd9414a_20240815_131157.data
90.0 470.0 17 27.487775330396477 0cd9414a_20240815_131221.data
110.0 470.0 17 27.37654625550661 0cd9414a_20240815_131245.data
130.0 470.0 17 27.37654625550661 0cd9414a_20240815_131309.data
150.0 470.0 17 27.487775330396477 0cd9414a_20240815_131333.data
170.0 470.0 17 27.37654625550661 0cd9414a_20240815_131357.data
190.0 470.0 17 27.487775330396477 0cd9414a_20240815_131421.data
210.0 470.0 17 27.487775330396477 0cd9414a_20240815_131445.data
230.0 470.0 17 27.37654625550661 0cd9414a_20240815_131509.data
250.0 470.0 17 27.37654625550661 0cd9414a_20240815_131533.data
270.0 470.0 17 27.37654625550661 0cd9414a_20240815_131557.data
290.0 470.0 17 27.487775330396477 0cd9414a_20240815_131621.data
