-1 -1 -1 25.656118942731283 0cd9414a_20240829_162211.data
10.0 10.0 17 25.656118942731283 0cd9414a_20240829_162250.data
30.0 10.0 17 25.656118942731283 0cd9414a_20240829_162314.data
50.0 10.0 17 25.773885462555068 0cd9414a_20240829_162338.data
70.0 10.0 17 25.773885462555068 0cd9414a_20240829_162402.data
90.0 10.0 17 25.656118942731283 0cd9414a_20240829_162426.data
110.0 10.0 17 25.773885462555068 0cd9414a_20240829_162450.data
130.0 10.0 17 25.656118942731283 0cd9414a_20240829_162514.data
150.0 10.0 17 25.656118942731283 0cd9414a_20240829_162539.data
170.0 10.0 17 25.656118942731283 0cd9414a_20240829_162603.data
190.0 10.0 17 25.773885462555068 0cd9414a_20240829_162627.data
210.0 10.0 17 25.656118942731283 0cd9414a_20240829_162651.data
230.0 10.0 17 25.537859030837005 0cd9414a_20240829_162715.data
250.0 10.0 17 25.656118942731283 0cd9414a_20240829_162739.data
270.0 10.0 17 25.656118942731283 0cd9414a_20240829_162803.data
290.0 10.0 17 25.656118942731283 0cd9414a_20240829_162827.data
290.0 30.0 17 25.656118942731283 0cd9414a_20240829_162851.data
270.0 30.0 17 25.656118942731283 0cd9414a_20240829_162915.data
250.0 30.0 17 25.773885462555068 0cd9414a_20240829_162939.data
230.0 30.0 17 25.656118942731283 0cd9414a_20240829_163003.data
210.0 30.0 17 25.773885462555068 0cd9414a_20240829_163027.data
190.0 30.0 17 25.656118942731283 0cd9414a_20240829_163051.data
170.0 30.0 17 25.656118942731283 0cd9414a_20240829_163115.data
150.0 30.0 17 25.656118942731283 0cd9414a_20240829_163139.data
130.0 30.0 17 25.656118942731283 0cd9414a_20240829_163203.data
110.0 30.0 17 25.656118942731283 0cd9414a_20240829_163227.data
90.0 30.0 17 25.656118942731283 0cd9414a_20240829_163251.data
70.0 30.0 17 25.773885462555068 0cd9414a_20240829_163315.data
50.0 30.0 17 25.773885462555068 0cd9414a_20240829_163339.data
30.0 30.0 17 25.656118942731283 0cd9414a_20240829_163403.data
10.0 30.0 17 25.656118942731283 0cd9414a_20240829_163427.data
10.0 50.0 17 25.656118942731283 0cd9414a_20240829_163451.data
30.0 50.0 17 25.656118942731283 0cd9414a_20240829_163515.data
50.0 50.0 17 25.656118942731283 0cd9414a_20240829_163539.data
70.0 50.0 17 25.656118942731283 0cd9414a_20240829_163603.data
90.0 50.0 17 25.656118942731283 0cd9414a_20240829_163627.data
110.0 50.0 17 25.656118942731283 0cd9414a_20240829_163651.data
130.0 50.0 17 25.656118942731283 0cd9414a_20240829_163715.data
150.0 50.0 17 25.656118942731283 0cd9414a_20240829_163739.data
170.0 50.0 17 25.656118942731283 0cd9414a_20240829_163803.data
190.0 50.0 17 25.656118942731283 0cd9414a_20240829_163827.data
210.0 50.0 17 25.656118942731283 0cd9414a_20240829_163851.data
230.0 50.0 17 25.656118942731283 0cd9414a_20240829_163915.data
250.0 50.0 17 25.656118942731283 0cd9414a_20240829_163939.data
270.0 50.0 17 25.656118942731283 0cd9414a_20240829_164003.data
290.0 50.0 17 25.656118942731283 0cd9414a_20240829_164027.data
290.0 70.0 17 25.656118942731283 0cd9414a_20240829_164051.data
270.0 70.0 17 25.656118942731283 0cd9414a_20240829_164115.data
250.0 70.0 17 25.656118942731283 0cd9414a_20240829_164139.data
230.0 70.0 17 25.537859030837005 0cd9414a_20240829_164203.data
210.0 70.0 17 25.656118942731283 0cd9414a_20240829_164227.data
190.0 70.0 17 25.656118942731283 0cd9414a_20240829_164251.data
170.0 70.0 17 25.89125110132159 0cd9414a_20240829_164315.data
150.0 70.0 17 25.773885462555068 0cd9414a_20240829_164339.data
130.0 70.0 17 25.773885462555068 0cd9414a_20240829_164403.data
110.0 70.0 17 25.656118942731283 0cd9414a_20240829_164427.data
90.0 70.0 17 25.537859030837005 0cd9414a_20240829_164451.data
70.0 70.0 17 25.656118942731283 0cd9414a_20240829_164515.data
50.0 70.0 17 25.656118942731283 0cd9414a_20240829_164539.data
30.0 70.0 17 25.656118942731283 0cd9414a_20240829_164603.data
10.0 70.0 17 25.656118942731283 0cd9414a_20240829_164627.data
10.0 90.0 17 25.656118942731283 0cd9414a_20240829_164651.data
30.0 90.0 17 25.656118942731283 0cd9414a_20240829_164715.data
50.0 90.0 17 25.656118942731283 0cd9414a_20240829_164739.data
70.0 90.0 17 25.656118942731283 0cd9414a_20240829_164803.data
90.0 90.0 17 25.656118942731283 0cd9414a_20240829_164827.data
110.0 90.0 17 25.656118942731283 0cd9414a_20240829_164851.data
130.0 90.0 17 25.656118942731283 0cd9414a_20240829_164915.data
150.0 90.0 17 25.656118942731283 0cd9414a_20240829_164939.data
170.0 90.0 17 25.656118942731283 0cd9414a_20240829_165003.data
190.0 90.0 17 25.656118942731283 0cd9414a_20240829_165027.data
210.0 90.0 17 25.656118942731283 0cd9414a_20240829_165051.data
230.0 90.0 17 25.656118942731283 0cd9414a_20240829_165115.data
250.0 90.0 17 25.656118942731283 0cd9414a_20240829_165139.data
270.0 90.0 17 25.656118942731283 0cd9414a_20240829_165203.data
290.0 90.0 17 25.656118942731283 0cd9414a_20240829_165227.data
290.0 110.0 17 25.656118942731283 0cd9414a_20240829_165251.data
270.0 110.0 17 25.419136563876656 0cd9414a_20240829_165315.data
250.0 110.0 17 25.537859030837005 0cd9414a_20240829_165339.data
230.0 110.0 17 25.773885462555068 0cd9414a_20240829_165403.data
210.0 110.0 17 25.656118942731283 0cd9414a_20240829_165427.data
190.0 110.0 17 25.773885462555068 0cd9414a_20240829_165451.data
170.0 110.0 17 25.537859030837005 0cd9414a_20240829_165515.data
150.0 110.0 17 25.656118942731283 0cd9414a_20240829_165539.data
130.0 110.0 17 25.656118942731283 0cd9414a_20240829_165603.data
110.0 110.0 17 25.656118942731283 0cd9414a_20240829_165627.data
90.0 110.0 17 25.773885462555068 0cd9414a_20240829_165651.data
70.0 110.0 17 25.656118942731283 0cd9414a_20240829_165715.data
50.0 110.0 17 25.656118942731283 0cd9414a_20240829_165740.data
30.0 110.0 17 25.656118942731283 0cd9414a_20240829_165804.data
10.0 110.0 17 25.89125110132159 0cd9414a_20240829_165828.data
10.0 130.0 17 25.656118942731283 0cd9414a_20240829_165852.data
30.0 130.0 17 25.773885462555068 0cd9414a_20240829_165916.data
50.0 130.0 17 25.656118942731283 0cd9414a_20240829_165940.data
70.0 130.0 17 25.656118942731283 0cd9414a_20240829_170004.data
90.0 130.0 17 25.656118942731283 0cd9414a_20240829_170028.data
110.0 130.0 17 25.656118942731283 0cd9414a_20240829_170052.data
130.0 130.0 17 25.773885462555068 0cd9414a_20240829_170116.data
150.0 130.0 17 25.656118942731283 0cd9414a_20240829_170140.data
170.0 130.0 17 25.656118942731283 0cd9414a_20240829_170204.data
190.0 130.0 17 25.656118942731283 0cd9414a_20240829_170228.data
210.0 130.0 17 25.537859030837005 0cd9414a_20240829_170252.data
230.0 130.0 17 25.537859030837005 0cd9414a_20240829_170316.data
250.0 130.0 17 25.656118942731283 0cd9414a_20240829_170340.data
270.0 130.0 17 25.656118942731283 0cd9414a_20240829_170404.data
290.0 130.0 17 25.537859030837005 0cd9414a_20240829_170428.data
290.0 150.0 17 25.773885462555068 0cd9414a_20240829_170452.data
270.0 150.0 17 25.537859030837005 0cd9414a_20240829_170516.data
250.0 150.0 17 25.537859030837005 0cd9414a_20240829_170540.data
230.0 150.0 17 25.656118942731283 0cd9414a_20240829_170604.data
210.0 150.0 17 25.656118942731283 0cd9414a_20240829_170628.data
190.0 150.0 17 25.773885462555068 0cd9414a_20240829_170652.data
170.0 150.0 17 25.656118942731283 0cd9414a_20240829_170716.data
150.0 150.0 17 25.537859030837005 0cd9414a_20240829_170740.data
130.0 150.0 17 25.656118942731283 0cd9414a_20240829_170804.data
110.0 150.0 17 25.656118942731283 0cd9414a_20240829_170828.data
90.0 150.0 17 25.773885462555068 0cd9414a_20240829_170852.data
70.0 150.0 17 25.656118942731283 0cd9414a_20240829_170916.data
50.0 150.0 17 25.419136563876656 0cd9414a_20240829_170940.data
30.0 150.0 17 25.656118942731283 0cd9414a_20240829_171004.data
10.0 150.0 17 25.537859030837005 0cd9414a_20240829_171028.data
10.0 170.0 17 25.537859030837005 0cd9414a_20240829_171052.data
30.0 170.0 17 25.656118942731283 0cd9414a_20240829_171116.data
50.0 170.0 17 25.537859030837005 0cd9414a_20240829_171140.data
70.0 170.0 17 25.656118942731283 0cd9414a_20240829_171204.data
90.0 170.0 17 25.656118942731283 0cd9414a_20240829_171228.data
110.0 170.0 17 25.773885462555068 0cd9414a_20240829_171252.data
130.0 170.0 17 25.537859030837005 0cd9414a_20240829_171316.data
150.0 170.0 17 25.773885462555068 0cd9414a_20240829_171340.data
170.0 170.0 17 25.656118942731283 0cd9414a_20240829_171404.data
190.0 170.0 17 25.656118942731283 0cd9414a_20240829_171428.data
210.0 170.0 17 25.419136563876656 0cd9414a_20240829_171452.data
230.0 170.0 17 25.656118942731283 0cd9414a_20240829_171516.data
250.0 170.0 17 25.656118942731283 0cd9414a_20240829_171540.data
270.0 170.0 17 25.656118942731283 0cd9414a_20240829_171604.data
290.0 170.0 17 25.537859030837005 0cd9414a_20240829_171628.data
290.0 190.0 17 25.656118942731283 0cd9414a_20240829_171652.data
270.0 190.0 17 25.656118942731283 0cd9414a_20240829_171716.data
250.0 190.0 17 25.656118942731283 0cd9414a_20240829_171740.data
230.0 190.0 17 25.656118942731283 0cd9414a_20240829_171804.data
210.0 190.0 17 25.656118942731283 0cd9414a_20240829_171828.data
190.0 190.0 17 25.656118942731283 0cd9414a_20240829_171852.data
170.0 190.0 17 25.773885462555068 0cd9414a_20240829_171916.data
150.0 190.0 17 25.537859030837005 0cd9414a_20240829_171940.data
130.0 190.0 17 25.656118942731283 0cd9414a_20240829_172004.data
110.0 190.0 17 25.537859030837005 0cd9414a_20240829_172028.data
90.0 190.0 17 25.656118942731283 0cd9414a_20240829_172052.data
70.0 190.0 17 25.656118942731283 0cd9414a_20240829_172116.data
50.0 190.0 17 25.656118942731283 0cd9414a_20240829_172140.data
30.0 190.0 17 25.656118942731283 0cd9414a_20240829_172204.data
10.0 190.0 17 25.656118942731283 0cd9414a_20240829_172228.data
10.0 210.0 17 25.656118942731283 0cd9414a_20240829_172252.data
30.0 210.0 17 25.656118942731283 0cd9414a_20240829_172316.data
50.0 210.0 17 25.537859030837005 0cd9414a_20240829_172340.data
70.0 210.0 17 25.656118942731283 0cd9414a_20240829_172404.data
90.0 210.0 17 25.537859030837005 0cd9414a_20240829_172428.data
110.0 210.0 17 25.537859030837005 0cd9414a_20240829_172452.data
130.0 210.0 17 25.656118942731283 0cd9414a_20240829_172516.data
150.0 210.0 17 25.656118942731283 0cd9414a_20240829_172540.data
170.0 210.0 17 25.773885462555068 0cd9414a_20240829_172604.data
190.0 210.0 17 25.656118942731283 0cd9414a_20240829_172628.data
210.0 210.0 17 25.656118942731283 0cd9414a_20240829_172652.data
230.0 210.0 17 25.537859030837005 0cd9414a_20240829_172716.data
250.0 210.0 17 25.656118942731283 0cd9414a_20240829_172740.data
270.0 210.0 17 25.656118942731283 0cd9414a_20240829_172804.data
290.0 210.0 17 25.656118942731283 0cd9414a_20240829_172828.data
290.0 230.0 17 25.656118942731283 0cd9414a_20240829_172852.data
270.0 230.0 17 25.656118942731283 0cd9414a_20240829_172916.data
250.0 230.0 17 25.537859030837005 0cd9414a_20240829_172940.data
230.0 230.0 17 25.656118942731283 0cd9414a_20240829_173004.data
210.0 230.0 17 25.656118942731283 0cd9414a_20240829_173028.data
190.0 230.0 17 25.656118942731283 0cd9414a_20240829_173053.data
170.0 230.0 17 25.656118942731283 0cd9414a_20240829_173117.data
150.0 230.0 17 25.656118942731283 0cd9414a_20240829_173141.data
130.0 230.0 17 25.656118942731283 0cd9414a_20240829_173205.data
110.0 230.0 17 25.656118942731283 0cd9414a_20240829_173229.data
90.0 230.0 17 25.656118942731283 0cd9414a_20240829_173253.data
70.0 230.0 17 25.656118942731283 0cd9414a_20240829_173317.data
50.0 230.0 17 25.537859030837005 0cd9414a_20240829_173341.data
30.0 230.0 17 25.656118942731283 0cd9414a_20240829_173405.data
10.0 230.0 17 25.773885462555068 0cd9414a_20240829_173429.data
10.0 250.0 17 25.656118942731283 0cd9414a_20240829_173453.data
30.0 250.0 17 25.537859030837005 0cd9414a_20240829_173517.data
50.0 250.0 17 25.537859030837005 0cd9414a_20240829_173541.data
70.0 250.0 17 25.656118942731283 0cd9414a_20240829_173605.data
90.0 250.0 17 25.537859030837005 0cd9414a_20240829_173629.data
110.0 250.0 17 25.656118942731283 0cd9414a_20240829_173653.data
130.0 250.0 17 25.656118942731283 0cd9414a_20240829_173717.data
150.0 250.0 17 25.656118942731283 0cd9414a_20240829_173741.data
170.0 250.0 17 25.537859030837005 0cd9414a_20240829_173805.data
190.0 250.0 17 25.656118942731283 0cd9414a_20240829_173829.data
210.0 250.0 17 25.656118942731283 0cd9414a_20240829_173853.data
230.0 250.0 17 25.656118942731283 0cd9414a_20240829_173917.data
250.0 250.0 17 25.656118942731283 0cd9414a_20240829_173941.data
270.0 250.0 17 25.656118942731283 0cd9414a_20240829_174005.data
290.0 250.0 17 25.656118942731283 0cd9414a_20240829_174029.data
290.0 270.0 17 25.656118942731283 0cd9414a_20240829_174053.data
270.0 270.0 17 25.537859030837005 0cd9414a_20240829_174117.data
250.0 270.0 17 25.656118942731283 0cd9414a_20240829_174141.data
230.0 270.0 17 25.537859030837005 0cd9414a_20240829_174205.data
210.0 270.0 17 25.656118942731283 0cd9414a_20240829_174229.data
190.0 270.0 17 25.656118942731283 0cd9414a_20240829_174253.data
170.0 270.0 17 25.656118942731283 0cd9414a_20240829_174317.data
150.0 270.0 17 25.656118942731283 0cd9414a_20240829_174341.data
130.0 270.0 17 25.537859030837005 0cd9414a_20240829_174405.data
110.0 270.0 17 25.656118942731283 0cd9414a_20240829_174429.data
90.0 270.0 17 25.773885462555068 0cd9414a_20240829_174453.data
70.0 270.0 17 25.89125110132159 0cd9414a_20240829_174517.data
50.0 270.0 17 25.773885462555068 0cd9414a_20240829_174541.data
30.0 270.0 17 25.537859030837005 0cd9414a_20240829_174605.data
10.0 270.0 17 25.537859030837005 0cd9414a_20240829_174629.data
10.0 290.0 17 25.537859030837005 0cd9414a_20240829_174653.data
30.0 290.0 17 25.537859030837005 0cd9414a_20240829_174717.data
50.0 290.0 17 25.656118942731283 0cd9414a_20240829_174741.data
70.0 290.0 17 25.656118942731283 0cd9414a_20240829_174805.data
90.0 290.0 17 25.656118942731283 0cd9414a_20240829_174829.data
110.0 290.0 17 25.656118942731283 0cd9414a_20240829_174853.data
130.0 290.0 17 25.656118942731283 0cd9414a_20240829_174917.data
150.0 290.0 17 25.656118942731283 0cd9414a_20240829_174941.data
170.0 290.0 17 25.656118942731283 0cd9414a_20240829_175005.data
190.0 290.0 17 25.656118942731283 0cd9414a_20240829_175029.data
210.0 290.0 17 25.656118942731283 0cd9414a_20240829_175053.data
230.0 290.0 17 25.656118942731283 0cd9414a_20240829_175117.data
250.0 290.0 17 25.656118942731283 0cd9414a_20240829_175141.data
270.0 290.0 17 25.656118942731283 0cd9414a_20240829_175205.data
290.0 290.0 17 25.656118942731283 0cd9414a_20240829_175229.data
290.0 310.0 17 25.656118942731283 0cd9414a_20240829_175253.data
270.0 310.0 17 25.656118942731283 0cd9414a_20240829_175317.data
250.0 310.0 17 25.656118942731283 0cd9414a_20240829_175341.data
230.0 310.0 17 25.656118942731283 0cd9414a_20240829_175405.data
210.0 310.0 17 25.656118942731283 0cd9414a_20240829_175429.data
190.0 310.0 17 25.656118942731283 0cd9414a_20240829_175453.data
170.0 310.0 17 -1 0cd9414a_20240829_175517.data
150.0 310.0 17 25.656118942731283 0cd9414a_20240829_175541.data
130.0 310.0 17 25.656118942731283 0cd9414a_20240829_175605.data
110.0 310.0 17 -1 0cd9414a_20240829_175629.data
90.0 310.0 17 25.656118942731283 0cd9414a_20240829_175653.data
70.0 310.0 17 25.656118942731283 0cd9414a_20240829_175717.data
50.0 310.0 17 25.656118942731283 0cd9414a_20240829_175741.data
30.0 310.0 17 25.656118942731283 0cd9414a_20240829_175805.data
10.0 310.0 17 25.656118942731283 0cd9414a_20240829_175829.data
10.0 330.0 17 25.656118942731283 0cd9414a_20240829_175853.data
30.0 330.0 17 -1 0cd9414a_20240829_175917.data
50.0 330.0 17 25.656118942731283 0cd9414a_20240829_175941.data
70.0 330.0 17 25.656118942731283 0cd9414a_20240829_180005.data
90.0 330.0 17 25.656118942731283 0cd9414a_20240829_180029.data
110.0 330.0 17 25.6568281938326 0cd9414a_20240829_180054.data
130.0 330.0 17 25.773885462555068 0cd9414a_20240829_180118.data
150.0 330.0 17 25.773885462555068 0cd9414a_20240829_180142.data
170.0 330.0 17 26.008123348017623 0cd9414a_20240829_180206.data
190.0 330.0 17 26.008123348017623 0cd9414a_20240829_180230.data
210.0 330.0 17 25.89125110132159 0cd9414a_20240829_180254.data
230.0 330.0 17 26.008123348017623 0cd9414a_20240829_180318.data
250.0 330.0 17 25.773885462555068 0cd9414a_20240829_180342.data
270.0 330.0 17 25.773885462555068 0cd9414a_20240829_180406.data
290.0 330.0 17 25.89125110132159 0cd9414a_20240829_180430.data
10.0 350.0 17 25.773885462555068 0cd9414a_20240829_183908.data
30.0 350.0 17 25.89125110132159 0cd9414a_20240829_183932.data
50.0 350.0 17 25.656118942731283 0cd9414a_20240829_183956.data
70.0 350.0 17 25.773885462555068 0cd9414a_20240829_184020.data
90.0 350.0 17 25.773885462555068 0cd9414a_20240829_184044.data
110.0 350.0 17 26.008123348017623 0cd9414a_20240829_184108.data
130.0 350.0 17 26.008123348017623 0cd9414a_20240829_184132.data
150.0 350.0 17 25.773885462555068 0cd9414a_20240829_184156.data
170.0 350.0 17 25.773885462555068 0cd9414a_20240829_184220.data
190.0 350.0 17 25.773885462555068 0cd9414a_20240829_184244.data
210.0 350.0 17 25.773885462555068 0cd9414a_20240829_184308.data
230.0 350.0 17 25.773885462555068 0cd9414a_20240829_184332.data
250.0 350.0 17 25.773885462555068 0cd9414a_20240829_184356.data
270.0 350.0 17 25.773885462555068 0cd9414a_20240829_184420.data
290.0 350.0 17 25.773885462555068 0cd9414a_20240829_184444.data
290.0 370.0 17 25.773885462555068 0cd9414a_20240829_184508.data
270.0 370.0 17 25.773885462555068 0cd9414a_20240829_184532.data
250.0 370.0 17 25.773885462555068 0cd9414a_20240829_184556.data
230.0 370.0 17 25.773885462555068 0cd9414a_20240829_184620.data
210.0 370.0 17 25.773885462555068 0cd9414a_20240829_184644.data
190.0 370.0 17 25.773885462555068 0cd9414a_20240829_184708.data
170.0 370.0 17 25.773885462555068 0cd9414a_20240829_184732.data
150.0 370.0 17 25.773885462555068 0cd9414a_20240829_184756.data
130.0 370.0 17 25.773885462555068 0cd9414a_20240829_184821.data
110.0 370.0 17 25.89125110132159 0cd9414a_20240829_184845.data
90.0 370.0 17 25.773885462555068 0cd9414a_20240829_184909.data
70.0 370.0 17 25.773885462555068 0cd9414a_20240829_184933.data
50.0 370.0 17 25.773885462555068 0cd9414a_20240829_184957.data
30.0 370.0 17 25.773885462555068 0cd9414a_20240829_185021.data
10.0 370.0 17 25.773885462555068 0cd9414a_20240829_185045.data
10.0 390.0 17 25.773885462555068 0cd9414a_20240829_185109.data
30.0 390.0 17 25.773885462555068 0cd9414a_20240829_185133.data
50.0 390.0 17 25.773885462555068 0cd9414a_20240829_185157.data
70.0 390.0 17 25.773885462555068 0cd9414a_20240829_185221.data
90.0 390.0 17 25.773885462555068 0cd9414a_20240829_185245.data
110.0 390.0 17 25.773885462555068 0cd9414a_20240829_185309.data
130.0 390.0 17 25.773885462555068 0cd9414a_20240829_185333.data
150.0 390.0 17 25.773885462555068 0cd9414a_20240829_185357.data
170.0 390.0 17 25.773885462555068 0cd9414a_20240829_185421.data
190.0 390.0 17 25.773885462555068 0cd9414a_20240829_185445.data
210.0 390.0 17 25.773885462555068 0cd9414a_20240829_185509.data
230.0 390.0 17 26.008123348017623 0cd9414a_20240829_185533.data
250.0 390.0 17 25.773885462555068 0cd9414a_20240829_185557.data
270.0 390.0 17 25.773885462555068 0cd9414a_20240829_185621.data
290.0 390.0 17 25.773885462555068 0cd9414a_20240829_185645.data
290.0 410.0 17 26.008123348017623 0cd9414a_20240829_185709.data
270.0 410.0 17 25.773885462555068 0cd9414a_20240829_185733.data
250.0 410.0 17 25.773885462555068 0cd9414a_20240829_185757.data
230.0 410.0 17 25.773885462555068 0cd9414a_20240829_185821.data
210.0 410.0 17 25.773885462555068 0cd9414a_20240829_185845.data
190.0 410.0 17 25.773885462555068 0cd9414a_20240829_185909.data
170.0 410.0 17 25.656118942731283 0cd9414a_20240829_185933.data
150.0 410.0 17 25.656118942731283 0cd9414a_20240829_185957.data
130.0 410.0 17 25.773885462555068 0cd9414a_20240829_190021.data
110.0 410.0 17 25.773885462555068 0cd9414a_20240829_190045.data
90.0 410.0 17 25.773885462555068 0cd9414a_20240829_190109.data
70.0 410.0 17 25.773885462555068 0cd9414a_20240829_190133.data
50.0 410.0 17 25.773885462555068 0cd9414a_20240829_190157.data
30.0 410.0 17 25.773885462555068 0cd9414a_20240829_190221.data
10.0 410.0 17 25.773885462555068 0cd9414a_20240829_190245.data
10.0 430.0 17 25.773885462555068 0cd9414a_20240829_190309.data
30.0 430.0 17 25.773885462555068 0cd9414a_20240829_190333.data
50.0 430.0 17 25.773885462555068 0cd9414a_20240829_190357.data
70.0 430.0 17 25.773885462555068 0cd9414a_20240829_190421.data
90.0 430.0 17 25.773885462555068 0cd9414a_20240829_190445.data
110.0 430.0 17 25.773885462555068 0cd9414a_20240829_190509.data
130.0 430.0 17 25.773885462555068 0cd9414a_20240829_190533.data
150.0 430.0 17 25.773885462555068 0cd9414a_20240829_190557.data
170.0 430.0 17 25.773885462555068 0cd9414a_20240829_190621.data
190.0 430.0 17 25.773885462555068 0cd9414a_20240829_190645.data
210.0 430.0 17 25.773885462555068 0cd9414a_20240829_190709.data
230.0 430.0 17 25.773885462555068 0cd9414a_20240829_190733.data
250.0 430.0 17 25.773885462555068 0cd9414a_20240829_190757.data
270.0 430.0 17 25.773885462555068 0cd9414a_20240829_190821.data
290.0 430.0 17 25.773885462555068 0cd9414a_20240829_190845.data
290.0 450.0 17 25.773885462555068 0cd9414a_20240829_190909.data
270.0 450.0 17 25.773885462555068 0cd9414a_20240829_190933.data
250.0 450.0 17 25.773885462555068 0cd9414a_20240829_190957.data
230.0 450.0 17 25.773885462555068 0cd9414a_20240829_191021.data
210.0 450.0 17 25.773885462555068 0cd9414a_20240829_191045.data
190.0 450.0 17 25.773885462555068 0cd9414a_20240829_191109.data
170.0 450.0 17 25.773885462555068 0cd9414a_20240829_191133.data
150.0 450.0 17 25.773885462555068 0cd9414a_20240829_191157.data
130.0 450.0 17 25.773885462555068 0cd9414a_20240829_191221.data
110.0 450.0 17 25.773885462555068 0cd9414a_20240829_191245.data
90.0 450.0 17 25.773885462555068 0cd9414a_20240829_191309.data
70.0 450.0 17 25.89125110132159 0cd9414a_20240829_191333.data
50.0 450.0 17 25.773885462555068 0cd9414a_20240829_191357.data
30.0 450.0 17 25.773885462555068 0cd9414a_20240829_191421.data
10.0 450.0 17 25.773885462555068 0cd9414a_20240829_191445.data
10.0 470.0 17 25.773885462555068 0cd9414a_20240829_191509.data
30.0 470.0 17 25.773885462555068 0cd9414a_20240829_191533.data
50.0 470.0 17 25.773885462555068 0cd9414a_20240829_191557.data
70.0 470.0 17 25.773885462555068 0cd9414a_20240829_191621.data
90.0 470.0 17 25.773885462555068 0cd9414a_20240829_191645.data
110.0 470.0 17 25.773885462555068 0cd9414a_20240829_191709.data
130.0 470.0 17 25.773885462555068 0cd9414a_20240829_191733.data
150.0 470.0 17 25.773885462555068 0cd9414a_20240829_191757.data
170.0 470.0 17 25.773885462555068 0cd9414a_20240829_191821.data
190.0 470.0 17 25.773885462555068 0cd9414a_20240829_191845.data
210.0 470.0 17 25.656118942731283 0cd9414a_20240829_191909.data
230.0 470.0 17 25.773885462555068 0cd9414a_20240829_191933.data
250.0 470.0 17 25.773885462555068 0cd9414a_20240829_191957.data
270.0 470.0 17 25.773885462555068 0cd9414a_20240829_192021.data
290.0 470.0 17 25.773885462555068 0cd9414a_20240829_192045.data
