-1 -1 -1 23.178749999999997 0cd9414a_20240906_090029.data
10.0 10.0 17 23.49125 0cd9414a_20240906_090108.data
30.0 10.0 17 23.49125 0cd9414a_20240906_090132.data
50.0 10.0 17 23.594575 0cd9414a_20240906_090156.data
70.0 10.0 17 23.283325 0cd9414a_20240906_090220.data
90.0 10.0 17 23.49125 0cd9414a_20240906_090244.data
110.0 10.0 17 23.49125 0cd9414a_20240906_090308.data
130.0 10.0 17 23.49125 0cd9414a_20240906_090332.data
150.0 10.0 17 23.49125 0cd9414a_20240906_090356.data
170.0 10.0 17 23.283325 0cd9414a_20240906_090420.data
190.0 10.0 17 23.283325 0cd9414a_20240906_090444.data
210.0 10.0 17 23.3875 0cd9414a_20240906_090508.data
230.0 10.0 17 23.49125 0cd9414a_20240906_090532.data
250.0 10.0 17 23.594575 0cd9414a_20240906_090556.data
270.0 10.0 17 23.283325 0cd9414a_20240906_090620.data
290.0 10.0 17 23.3875 0cd9414a_20240906_090644.data
290.0 30.0 17 23.3875 0cd9414a_20240906_090708.data
270.0 30.0 17 23.3875 0cd9414a_20240906_090732.data
250.0 30.0 17 23.49125 0cd9414a_20240906_090756.data
230.0 30.0 17 23.49125 0cd9414a_20240906_090820.data
210.0 30.0 17 23.49125 0cd9414a_20240906_090845.data
190.0 30.0 17 23.49125 0cd9414a_20240906_090909.data
170.0 30.0 17 23.178749999999997 0cd9414a_20240906_090933.data
150.0 30.0 17 23.283325 0cd9414a_20240906_090957.data
130.0 30.0 17 23.073725 0cd9414a_20240906_091021.data
110.0 30.0 17 23.178749999999997 0cd9414a_20240906_091045.data
90.0 30.0 17 23.49125 0cd9414a_20240906_091109.data
70.0 30.0 17 23.3875 0cd9414a_20240906_091133.data
50.0 30.0 17 23.178749999999997 0cd9414a_20240906_091157.data
30.0 30.0 17 23.283325 0cd9414a_20240906_091221.data
10.0 30.0 17 23.49125 0cd9414a_20240906_091245.data
10.0 50.0 17 23.49125 0cd9414a_20240906_091309.data
30.0 50.0 17 23.49125 0cd9414a_20240906_091333.data
50.0 50.0 17 23.3875 0cd9414a_20240906_091357.data
70.0 50.0 17 23.49125 0cd9414a_20240906_091421.data
90.0 50.0 17 23.3875 0cd9414a_20240906_091445.data
110.0 50.0 17 23.49125 0cd9414a_20240906_091509.data
130.0 50.0 17 23.49125 0cd9414a_20240906_091533.data
150.0 50.0 17 23.178749999999997 0cd9414a_20240906_091557.data
170.0 50.0 17 23.283325 0cd9414a_20240906_091621.data
190.0 50.0 17 23.3875 0cd9414a_20240906_091645.data
210.0 50.0 17 23.49125 0cd9414a_20240906_091709.data
230.0 50.0 17 23.3875 0cd9414a_20240906_091733.data
250.0 50.0 17 23.3875 0cd9414a_20240906_091757.data
270.0 50.0 17 23.49125 0cd9414a_20240906_091821.data
290.0 50.0 17 23.3875 0cd9414a_20240906_091845.data
290.0 70.0 17 22.969809523809523 0cd9414a_20240906_091909.data
270.0 70.0 17 23.3875 0cd9414a_20240906_091933.data
250.0 70.0 17 23.283325 0cd9414a_20240906_091957.data
230.0 70.0 17 23.3875 0cd9414a_20240906_092021.data
210.0 70.0 17 23.3875 0cd9414a_20240906_092045.data
190.0 70.0 17 23.178749999999997 0cd9414a_20240906_092109.data
170.0 70.0 17 23.283325 0cd9414a_20240906_092133.data
150.0 70.0 17 23.3875 0cd9414a_20240906_092157.data
130.0 70.0 17 23.283325 0cd9414a_20240906_092221.data
110.0 70.0 17 23.3875 0cd9414a_20240906_092245.data
90.0 70.0 17 23.3875 0cd9414a_20240906_092309.data
70.0 70.0 17 22.969809523809523 0cd9414a_20240906_092333.data
50.0 70.0 17 23.178749999999997 0cd9414a_20240906_092357.data
30.0 70.0 17 23.178749999999997 0cd9414a_20240906_092421.data
10.0 70.0 17 23.3875 0cd9414a_20240906_092445.data
10.0 90.0 17 23.3875 0cd9414a_20240906_092509.data
30.0 90.0 17 23.3875 0cd9414a_20240906_092533.data
50.0 90.0 17 23.073725 0cd9414a_20240906_092557.data
70.0 90.0 17 22.969809523809523 0cd9414a_20240906_092621.data
90.0 90.0 17 23.283325 0cd9414a_20240906_092645.data
110.0 90.0 17 23.073725 0cd9414a_20240906_092709.data
130.0 90.0 17 23.073725 0cd9414a_20240906_092733.data
150.0 90.0 17 23.283325 0cd9414a_20240906_092757.data
170.0 90.0 17 23.3875 0cd9414a_20240906_092821.data
190.0 90.0 17 23.3875 0cd9414a_20240906_092845.data
210.0 90.0 17 23.073725 0cd9414a_20240906_092909.data
230.0 90.0 17 23.3875 0cd9414a_20240906_092933.data
250.0 90.0 17 23.3875 0cd9414a_20240906_092957.data
270.0 90.0 17 23.3875 0cd9414a_20240906_093021.data
290.0 90.0 17 23.073725 0cd9414a_20240906_093045.data
290.0 110.0 17 23.073725 0cd9414a_20240906_093109.data
270.0 110.0 17 23.178749999999997 0cd9414a_20240906_093133.data
250.0 110.0 17 23.283325 0cd9414a_20240906_093157.data
230.0 110.0 17 23.3875 0cd9414a_20240906_093221.data
210.0 110.0 17 23.3875 0cd9414a_20240906_093245.data
190.0 110.0 17 23.3875 0cd9414a_20240906_093309.data
170.0 110.0 17 23.3875 0cd9414a_20240906_093333.data
150.0 110.0 17 23.283325 0cd9414a_20240906_093358.data
130.0 110.0 17 23.283325 0cd9414a_20240906_093421.data
110.0 110.0 17 23.283325 0cd9414a_20240906_093446.data
90.0 110.0 17 23.073725 0cd9414a_20240906_093510.data
70.0 110.0 17 23.178749999999997 0cd9414a_20240906_093534.data
50.0 110.0 17 23.178749999999997 0cd9414a_20240906_093558.data
30.0 110.0 17 23.3875 0cd9414a_20240906_093622.data
10.0 110.0 17 23.283325 0cd9414a_20240906_093646.data
10.0 130.0 17 23.3875 0cd9414a_20240906_093710.data
30.0 130.0 17 23.283325 0cd9414a_20240906_093734.data
50.0 130.0 17 23.073725 0cd9414a_20240906_093758.data
70.0 130.0 17 22.969809523809523 0cd9414a_20240906_093822.data
90.0 130.0 17 23.283325 0cd9414a_20240906_093846.data
110.0 130.0 17 23.283325 0cd9414a_20240906_093910.data
130.0 130.0 17 23.178749999999997 0cd9414a_20240906_093934.data
150.0 130.0 17 22.969809523809523 0cd9414a_20240906_093958.data
170.0 130.0 17 23.073725 0cd9414a_20240906_094022.data
190.0 130.0 17 23.178749999999997 0cd9414a_20240906_094046.data
210.0 130.0 17 23.283325 0cd9414a_20240906_094110.data
230.0 130.0 17 23.178749999999997 0cd9414a_20240906_094134.data
250.0 130.0 17 22.767738095238098 0cd9414a_20240906_094158.data
270.0 130.0 17 22.969809523809523 0cd9414a_20240906_094222.data
290.0 130.0 17 23.073725 0cd9414a_20240906_094246.data
290.0 150.0 17 22.969809523809523 0cd9414a_20240906_094310.data
270.0 150.0 17 23.073725 0cd9414a_20240906_094334.data
250.0 150.0 17 22.969809523809523 0cd9414a_20240906_094358.data
230.0 150.0 17 23.283325 0cd9414a_20240906_094422.data
210.0 150.0 17 23.3875 0cd9414a_20240906_094446.data
190.0 150.0 17 23.073725 0cd9414a_20240906_094510.data
170.0 150.0 17 23.178749999999997 0cd9414a_20240906_094534.data
150.0 150.0 17 23.283325 0cd9414a_20240906_094558.data
130.0 150.0 17 23.3875 0cd9414a_20240906_094622.data
110.0 150.0 17 23.283325 0cd9414a_20240906_094646.data
90.0 150.0 17 23.283325 0cd9414a_20240906_094710.data
70.0 150.0 17 23.283325 0cd9414a_20240906_094734.data
50.0 150.0 17 23.178749999999997 0cd9414a_20240906_094758.data
30.0 150.0 17 23.178749999999997 0cd9414a_20240906_094822.data
10.0 150.0 17 23.178749999999997 0cd9414a_20240906_094846.data
10.0 170.0 17 23.073725 0cd9414a_20240906_094910.data
30.0 170.0 17 23.283325 0cd9414a_20240906_094934.data
50.0 170.0 17 23.3875 0cd9414a_20240906_094958.data
70.0 170.0 17 23.3875 0cd9414a_20240906_095022.data
90.0 170.0 17 22.969809523809523 0cd9414a_20240906_095046.data
110.0 170.0 17 23.073725 0cd9414a_20240906_095110.data
130.0 170.0 17 23.3875 0cd9414a_20240906_095134.data
150.0 170.0 17 23.283325 0cd9414a_20240906_095158.data
170.0 170.0 17 22.969809523809523 0cd9414a_20240906_095222.data
190.0 170.0 17 23.073725 0cd9414a_20240906_095246.data
210.0 170.0 17 23.283325 0cd9414a_20240906_095310.data
230.0 170.0 17 23.283325 0cd9414a_20240906_095334.data
250.0 170.0 17 23.283325 0cd9414a_20240906_095358.data
270.0 170.0 17 23.073725 0cd9414a_20240906_095422.data
290.0 170.0 17 23.073725 0cd9414a_20240906_095446.data
290.0 190.0 17 23.283325 0cd9414a_20240906_095510.data
270.0 190.0 17 23.283325 0cd9414a_20240906_095534.data
250.0 190.0 17 23.073725 0cd9414a_20240906_095558.data
230.0 190.0 17 23.073725 0cd9414a_20240906_095622.data
210.0 190.0 17 23.178749999999997 0cd9414a_20240906_095646.data
190.0 190.0 17 23.283325 0cd9414a_20240906_095710.data
170.0 190.0 17 23.283325 0cd9414a_20240906_095734.data
150.0 190.0 17 22.969809523809523 0cd9414a_20240906_095758.data
130.0 190.0 17 23.283325 0cd9414a_20240906_095822.data
110.0 190.0 17 22.969809523809523 0cd9414a_20240906_095846.data
90.0 190.0 17 23.178749999999997 0cd9414a_20240906_095910.data
70.0 190.0 17 23.283325 0cd9414a_20240906_095935.data
50.0 190.0 17 23.283325 0cd9414a_20240906_095959.data
30.0 190.0 17 23.178749999999997 0cd9414a_20240906_100023.data
10.0 190.0 17 22.969809523809523 0cd9414a_20240906_100047.data
10.0 210.0 17 23.073725 0cd9414a_20240906_100111.data
30.0 210.0 17 23.283325 0cd9414a_20240906_100135.data
50.0 210.0 17 22.969809523809523 0cd9414a_20240906_100159.data
70.0 210.0 17 22.969809523809523 0cd9414a_20240906_100223.data
90.0 210.0 17 23.283325 0cd9414a_20240906_100247.data
110.0 210.0 17 23.283325 0cd9414a_20240906_100311.data
130.0 210.0 17 23.283325 0cd9414a_20240906_100335.data
150.0 210.0 17 22.969809523809523 0cd9414a_20240906_100359.data
170.0 210.0 17 23.283325 0cd9414a_20240906_100423.data
190.0 210.0 17 23.283325 0cd9414a_20240906_100447.data
210.0 210.0 17 22.969809523809523 0cd9414a_20240906_100511.data
230.0 210.0 17 23.178749999999997 0cd9414a_20240906_100535.data
250.0 210.0 17 23.283325 0cd9414a_20240906_100559.data
270.0 210.0 17 23.283325 0cd9414a_20240906_100623.data
290.0 210.0 17 22.969809523809523 0cd9414a_20240906_100647.data
290.0 230.0 17 23.073725 0cd9414a_20240906_100711.data
270.0 230.0 17 23.178749999999997 0cd9414a_20240906_100735.data
250.0 230.0 17 23.283325 0cd9414a_20240906_100759.data
230.0 230.0 17 23.073725 0cd9414a_20240906_100823.data
210.0 230.0 17 23.073725 0cd9414a_20240906_100847.data
190.0 230.0 17 23.283325 0cd9414a_20240906_100911.data
170.0 230.0 17 23.283325 0cd9414a_20240906_100935.data
150.0 230.0 17 22.969809523809523 0cd9414a_20240906_100959.data
130.0 230.0 17 23.073725 0cd9414a_20240906_101023.data
110.0 230.0 17 23.283325 0cd9414a_20240906_101047.data
90.0 230.0 17 23.178749999999997 0cd9414a_20240906_101111.data
70.0 230.0 17 22.969809523809523 0cd9414a_20240906_101135.data
50.0 230.0 17 23.178749999999997 0cd9414a_20240906_101159.data
30.0 230.0 17 23.178749999999997 0cd9414a_20240906_101223.data
10.0 230.0 17 23.283325 0cd9414a_20240906_101247.data
10.0 250.0 17 23.283325 0cd9414a_20240906_101311.data
30.0 250.0 17 23.178749999999997 0cd9414a_20240906_101335.data
50.0 250.0 17 23.178749999999997 0cd9414a_20240906_101359.data
70.0 250.0 17 22.969809523809523 0cd9414a_20240906_101423.data
90.0 250.0 17 23.178749999999997 0cd9414a_20240906_101447.data
110.0 250.0 17 23.283325 0cd9414a_20240906_101511.data
130.0 250.0 17 23.178749999999997 0cd9414a_20240906_101535.data
150.0 250.0 17 23.178749999999997 0cd9414a_20240906_101559.data
170.0 250.0 17 23.178749999999997 0cd9414a_20240906_101623.data
190.0 250.0 17 23.178749999999997 0cd9414a_20240906_101647.data
210.0 250.0 17 23.178749999999997 0cd9414a_20240906_101711.data
230.0 250.0 17 22.969809523809523 0cd9414a_20240906_101735.data
250.0 250.0 17 23.178749999999997 0cd9414a_20240906_101759.data
270.0 250.0 17 22.969809523809523 0cd9414a_20240906_101823.data
290.0 250.0 17 23.283325 0cd9414a_20240906_101847.data
290.0 270.0 17 22.969809523809523 0cd9414a_20240906_101911.data
270.0 270.0 17 23.178749999999997 0cd9414a_20240906_101935.data
250.0 270.0 17 23.178749999999997 0cd9414a_20240906_101959.data
230.0 270.0 17 23.073725 0cd9414a_20240906_102023.data
210.0 270.0 17 23.073725 0cd9414a_20240906_102047.data
190.0 270.0 17 22.969809523809523 0cd9414a_20240906_102111.data
170.0 270.0 17 23.073725 0cd9414a_20240906_102135.data
150.0 270.0 17 22.868976190476186 0cd9414a_20240906_102159.data
130.0 270.0 17 22.969809523809523 0cd9414a_20240906_102223.data
110.0 270.0 17 22.969809523809523 0cd9414a_20240906_102247.data
90.0 270.0 17 22.969809523809523 0cd9414a_20240906_102311.data
70.0 270.0 17 -1 0cd9414a_20240906_102335.data
50.0 270.0 17 22.969809523809523 0cd9414a_20240906_102359.data
30.0 270.0 17 22.868976190476186 0cd9414a_20240906_102423.data
10.0 270.0 17 -1 0cd9414a_20240906_102447.data
10.0 290.0 17 22.969809523809523 0cd9414a_20240906_102512.data
30.0 290.0 17 22.767738095238098 0cd9414a_20240906_102536.data
50.0 290.0 17 -1 0cd9414a_20240906_102600.data
70.0 290.0 17 22.969809523809523 0cd9414a_20240906_102624.data
90.0 290.0 17 22.969809523809523 0cd9414a_20240906_102648.data
110.0 290.0 17 -1 0cd9414a_20240906_102712.data
130.0 290.0 17 22.969809523809523 0cd9414a_20240906_102736.data
150.0 290.0 17 22.969809523809523 0cd9414a_20240906_102800.data
170.0 290.0 17 -1 0cd9414a_20240906_102824.data
190.0 290.0 17 21.64318181818182 0cd9414a_20240906_102848.data
210.0 290.0 17 21.541659090909093 0cd9414a_20240906_102912.data
230.0 290.0 17 21.64318181818182 0cd9414a_20240906_102936.data
250.0 290.0 17 21.64318181818182 0cd9414a_20240906_103000.data
270.0 290.0 17 21.64318181818182 0cd9414a_20240906_103024.data
290.0 290.0 17 21.541659090909093 0cd9414a_20240906_103048.data
290.0 310.0 17 21.64318181818182 0cd9414a_20240906_103112.data
270.0 310.0 17 21.64318181818182 0cd9414a_20240906_103136.data
250.0 310.0 17 21.64318181818182 0cd9414a_20240906_103200.data
230.0 310.0 17 21.64318181818182 0cd9414a_20240906_103224.data
210.0 310.0 17 21.845022727272724 0cd9414a_20240906_103248.data
190.0 310.0 17 21.64318181818182 0cd9414a_20240906_103312.data
170.0 310.0 17 21.64318181818182 0cd9414a_20240906_103336.data
150.0 310.0 17 21.64318181818182 0cd9414a_20240906_103400.data
130.0 310.0 17 21.64318181818182 0cd9414a_20240906_103424.data
110.0 310.0 17 21.64318181818182 0cd9414a_20240906_103448.data
90.0 310.0 17 21.64318181818182 0cd9414a_20240906_103512.data
70.0 310.0 17 21.64318181818182 0cd9414a_20240906_103536.data
50.0 310.0 17 21.64318181818182 0cd9414a_20240906_103600.data
30.0 310.0 17 21.64318181818182 0cd9414a_20240906_103624.data
10.0 310.0 17 21.64318181818182 0cd9414a_20240906_103648.data
10.0 330.0 17 21.64318181818182 0cd9414a_20240906_103712.data
30.0 330.0 17 21.64318181818182 0cd9414a_20240906_103736.data
50.0 330.0 17 21.64318181818182 0cd9414a_20240906_103800.data
70.0 330.0 17 21.541659090909093 0cd9414a_20240906_103824.data
90.0 330.0 17 21.541659090909093 0cd9414a_20240906_103848.data
110.0 330.0 17 21.64318181818182 0cd9414a_20240906_103912.data
130.0 330.0 17 21.64318181818182 0cd9414a_20240906_103936.data
150.0 330.0 17 21.64318181818182 0cd9414a_20240906_104000.data
170.0 330.0 17 21.541659090909093 0cd9414a_20240906_104024.data
190.0 330.0 17 21.541659090909093 0cd9414a_20240906_104048.data
210.0 330.0 17 21.64318181818182 0cd9414a_20240906_104112.data
230.0 330.0 17 21.64318181818182 0cd9414a_20240906_104136.data
250.0 330.0 17 21.64318181818182 0cd9414a_20240906_104200.data
270.0 330.0 17 21.64318181818182 0cd9414a_20240906_104224.data
290.0 330.0 17 21.64318181818182 0cd9414a_20240906_104248.data
10.0 350.0 17 21.64318181818182 0cd9414a_20240906_104956.data
30.0 350.0 17 21.541659090909093 0cd9414a_20240906_105020.data
50.0 350.0 17 21.439681818181818 0cd9414a_20240906_105044.data
70.0 350.0 17 21.64318181818182 0cd9414a_20240906_105108.data
90.0 350.0 17 21.64318181818182 0cd9414a_20240906_105132.data
110.0 350.0 17 21.541659090909093 0cd9414a_20240906_105156.data
130.0 350.0 17 21.74431818181818 0cd9414a_20240906_105220.data
150.0 350.0 17 21.64318181818182 0cd9414a_20240906_105244.data
170.0 350.0 17 21.541659090909093 0cd9414a_20240906_105308.data
190.0 350.0 17 21.74431818181818 0cd9414a_20240906_105332.data
210.0 350.0 17 21.541659090909093 0cd9414a_20240906_105356.data
230.0 350.0 17 21.64318181818182 0cd9414a_20240906_105420.data
250.0 350.0 17 21.64318181818182 0cd9414a_20240906_105444.data
270.0 350.0 17 21.64318181818182 0cd9414a_20240906_105508.data
290.0 350.0 17 21.541659090909093 0cd9414a_20240906_105532.data
290.0 370.0 17 21.541659090909093 0cd9414a_20240906_105556.data
270.0 370.0 17 21.64318181818182 0cd9414a_20240906_105620.data
250.0 370.0 17 21.64318181818182 0cd9414a_20240906_105644.data
230.0 370.0 17 21.64318181818182 0cd9414a_20240906_105708.data
210.0 370.0 17 21.541659090909093 0cd9414a_20240906_105732.data
190.0 370.0 17 21.64318181818182 0cd9414a_20240906_105756.data
170.0 370.0 17 21.541659090909093 0cd9414a_20240906_105820.data
150.0 370.0 17 21.64318181818182 0cd9414a_20240906_105844.data
130.0 370.0 17 21.64318181818182 0cd9414a_20240906_105908.data
110.0 370.0 17 21.64318181818182 0cd9414a_20240906_105932.data
90.0 370.0 17 21.64318181818182 0cd9414a_20240906_105956.data
70.0 370.0 17 21.64318181818182 0cd9414a_20240906_110020.data
50.0 370.0 17 21.541659090909093 0cd9414a_20240906_110044.data
30.0 370.0 17 21.64318181818182 0cd9414a_20240906_110108.data
10.0 370.0 17 21.541659090909093 0cd9414a_20240906_110132.data
10.0 390.0 17 21.64318181818182 0cd9414a_20240906_110156.data
30.0 390.0 17 21.64318181818182 0cd9414a_20240906_110220.data
50.0 390.0 17 21.541659090909093 0cd9414a_20240906_110244.data
70.0 390.0 17 21.74431818181818 0cd9414a_20240906_110308.data
90.0 390.0 17 21.541659090909093 0cd9414a_20240906_110332.data
110.0 390.0 17 21.439681818181818 0cd9414a_20240906_110356.data
130.0 390.0 17 21.74431818181818 0cd9414a_20240906_110420.data
150.0 390.0 17 21.541659090909093 0cd9414a_20240906_110444.data
170.0 390.0 17 21.64318181818182 0cd9414a_20240906_110508.data
190.0 390.0 17 21.64318181818182 0cd9414a_20240906_110532.data
210.0 390.0 17 21.64318181818182 0cd9414a_20240906_110556.data
230.0 390.0 17 21.541659090909093 0cd9414a_20240906_110620.data
250.0 390.0 17 21.64318181818182 0cd9414a_20240906_110644.data
270.0 390.0 17 21.64318181818182 0cd9414a_20240906_110708.data
290.0 390.0 17 21.541659090909093 0cd9414a_20240906_110732.data
290.0 410.0 17 21.541659090909093 0cd9414a_20240906_110756.data
270.0 410.0 17 21.64318181818182 0cd9414a_20240906_110820.data
250.0 410.0 17 21.541659090909093 0cd9414a_20240906_110844.data
230.0 410.0 17 21.64318181818182 0cd9414a_20240906_110908.data
210.0 410.0 17 21.64318181818182 0cd9414a_20240906_110932.data
190.0 410.0 17 21.541659090909093 0cd9414a_20240906_110956.data
170.0 410.0 17 21.541659090909093 0cd9414a_20240906_111020.data
150.0 410.0 17 21.541659090909093 0cd9414a_20240906_111044.data
130.0 410.0 17 21.541659090909093 0cd9414a_20240906_111108.data
110.0 410.0 17 21.541659090909093 0cd9414a_20240906_111132.data
90.0 410.0 17 21.64318181818182 0cd9414a_20240906_111156.data
70.0 410.0 17 21.64318181818182 0cd9414a_20240906_111220.data
50.0 410.0 17 21.541659090909093 0cd9414a_20240906_111244.data
30.0 410.0 17 21.541659090909093 0cd9414a_20240906_111308.data
10.0 410.0 17 21.64318181818182 0cd9414a_20240906_111332.data
10.0 430.0 17 21.541659090909093 0cd9414a_20240906_111356.data
30.0 430.0 17 21.64318181818182 0cd9414a_20240906_111420.data
50.0 430.0 17 21.64318181818182 0cd9414a_20240906_111444.data
70.0 430.0 17 21.541659090909093 0cd9414a_20240906_111508.data
90.0 430.0 17 21.64318181818182 0cd9414a_20240906_111533.data
110.0 430.0 17 21.64318181818182 0cd9414a_20240906_111557.data
130.0 430.0 17 21.541659090909093 0cd9414a_20240906_111621.data
150.0 430.0 17 21.541659090909093 0cd9414a_20240906_111645.data
170.0 430.0 17 21.541659090909093 0cd9414a_20240906_111709.data
190.0 430.0 17 21.541659090909093 0cd9414a_20240906_111733.data
210.0 430.0 17 21.64318181818182 0cd9414a_20240906_111757.data
230.0 430.0 17 21.64318181818182 0cd9414a_20240906_111821.data
250.0 430.0 17 21.541659090909093 0cd9414a_20240906_111845.data
270.0 430.0 17 21.541659090909093 0cd9414a_20240906_111909.data
290.0 430.0 17 21.64318181818182 0cd9414a_20240906_111933.data
290.0 450.0 17 21.64318181818182 0cd9414a_20240906_111957.data
270.0 450.0 17 21.64318181818182 0cd9414a_20240906_112021.data
250.0 450.0 17 21.64318181818182 0cd9414a_20240906_112045.data
230.0 450.0 17 21.541659090909093 0cd9414a_20240906_112109.data
210.0 450.0 17 21.64318181818182 0cd9414a_20240906_112133.data
190.0 450.0 17 21.64318181818182 0cd9414a_20240906_112157.data
170.0 450.0 17 21.541659090909093 0cd9414a_20240906_112221.data
150.0 450.0 17 21.541659090909093 0cd9414a_20240906_112245.data
130.0 450.0 17 21.541659090909093 0cd9414a_20240906_112309.data
110.0 450.0 17 21.64318181818182 0cd9414a_20240906_112333.data
90.0 450.0 17 21.541659090909093 0cd9414a_20240906_112357.data
70.0 450.0 17 21.74431818181818 0cd9414a_20240906_112421.data
50.0 450.0 17 21.64318181818182 0cd9414a_20240906_112445.data
30.0 450.0 17 21.541659090909093 0cd9414a_20240906_112509.data
10.0 450.0 17 21.64318181818182 0cd9414a_20240906_112533.data
10.0 470.0 17 21.64318181818182 0cd9414a_20240906_112557.data
30.0 470.0 17 21.541659090909093 0cd9414a_20240906_112621.data
50.0 470.0 17 21.64318181818182 0cd9414a_20240906_112645.data
70.0 470.0 17 21.74431818181818 0cd9414a_20240906_112709.data
90.0 470.0 17 21.541659090909093 0cd9414a_20240906_112733.data
110.0 470.0 17 21.64318181818182 0cd9414a_20240906_112757.data
130.0 470.0 17 21.64318181818182 0cd9414a_20240906_112821.data
150.0 470.0 17 21.541659090909093 0cd9414a_20240906_112845.data
170.0 470.0 17 21.64318181818182 0cd9414a_20240906_112909.data
190.0 470.0 17 21.64318181818182 0cd9414a_20240906_112933.data
210.0 470.0 17 21.541659090909093 0cd9414a_20240906_112957.data
230.0 470.0 17 21.541659090909093 0cd9414a_20240906_113021.data
250.0 470.0 17 21.541659090909093 0cd9414a_20240906_113045.data
270.0 470.0 17 21.541659090909093 0cd9414a_20240906_113109.data
290.0 470.0 17 21.541659090909093 0cd9414a_20240906_113133.data
