-1 -1 -1 24.948500000000003 0cd9414a_20240909_142116.data
10.0 10.0 17 24.948500000000003 0cd9414a_20240909_142156.data
30.0 10.0 17 24.845210526315793 0cd9414a_20240909_142220.data
50.0 10.0 17 24.948500000000003 0cd9414a_20240909_142244.data
70.0 10.0 17 25.06022466960353 0cd9414a_20240909_142308.data
90.0 10.0 17 24.741500000000002 0cd9414a_20240909_142332.data
110.0 10.0 17 24.845210526315793 0cd9414a_20240909_142356.data
130.0 10.0 17 24.637394736842104 0cd9414a_20240909_142420.data
150.0 10.0 17 24.948500000000003 0cd9414a_20240909_142444.data
170.0 10.0 17 24.948500000000003 0cd9414a_20240909_142508.data
190.0 10.0 17 25.06022466960353 0cd9414a_20240909_142532.data
210.0 10.0 17 25.06022466960353 0cd9414a_20240909_142556.data
230.0 10.0 17 24.948500000000003 0cd9414a_20240909_142620.data
250.0 10.0 17 24.845210526315793 0cd9414a_20240909_142644.data
270.0 10.0 17 24.845210526315793 0cd9414a_20240909_142708.data
290.0 10.0 17 24.741500000000002 0cd9414a_20240909_142732.data
290.0 30.0 17 25.06022466960353 0cd9414a_20240909_142756.data
270.0 30.0 17 24.948500000000003 0cd9414a_20240909_142820.data
250.0 30.0 17 24.948500000000003 0cd9414a_20240909_142844.data
230.0 30.0 17 24.845210526315793 0cd9414a_20240909_142908.data
210.0 30.0 17 24.948500000000003 0cd9414a_20240909_142932.data
190.0 30.0 17 24.948500000000003 0cd9414a_20240909_142956.data
170.0 30.0 17 24.948500000000003 0cd9414a_20240909_143020.data
150.0 30.0 17 24.948500000000003 0cd9414a_20240909_143044.data
130.0 30.0 17 24.948500000000003 0cd9414a_20240909_143108.data
110.0 30.0 17 24.741500000000002 0cd9414a_20240909_143132.data
90.0 30.0 17 24.741500000000002 0cd9414a_20240909_143156.data
70.0 30.0 17 24.948500000000003 0cd9414a_20240909_143220.data
50.0 30.0 17 24.845210526315793 0cd9414a_20240909_143244.data
30.0 30.0 17 24.948500000000003 0cd9414a_20240909_143308.data
10.0 30.0 17 24.948500000000003 0cd9414a_20240909_143332.data
10.0 50.0 17 25.06022466960353 0cd9414a_20240909_143356.data
30.0 50.0 17 24.948500000000003 0cd9414a_20240909_143420.data
50.0 50.0 17 25.06022466960353 0cd9414a_20240909_143444.data
70.0 50.0 17 24.845210526315793 0cd9414a_20240909_143508.data
90.0 50.0 17 25.06022466960353 0cd9414a_20240909_143532.data
110.0 50.0 17 24.845210526315793 0cd9414a_20240909_143556.data
130.0 50.0 17 24.741500000000002 0cd9414a_20240909_143620.data
150.0 50.0 17 25.06022466960353 0cd9414a_20240909_143644.data
170.0 50.0 17 24.948500000000003 0cd9414a_20240909_143708.data
190.0 50.0 17 24.948500000000003 0cd9414a_20240909_143732.data
210.0 50.0 17 24.741500000000002 0cd9414a_20240909_143756.data
230.0 50.0 17 24.948500000000003 0cd9414a_20240909_143820.data
250.0 50.0 17 25.06022466960353 0cd9414a_20240909_143844.data
270.0 50.0 17 25.06022466960353 0cd9414a_20240909_143908.data
290.0 50.0 17 24.948500000000003 0cd9414a_20240909_143932.data
290.0 70.0 17 25.06022466960353 0cd9414a_20240909_143956.data
270.0 70.0 17 25.06022466960353 0cd9414a_20240909_144020.data
250.0 70.0 17 24.845210526315793 0cd9414a_20240909_144044.data
230.0 70.0 17 25.06022466960353 0cd9414a_20240909_144108.data
210.0 70.0 17 25.06022466960353 0cd9414a_20240909_144132.data
190.0 70.0 17 24.948500000000003 0cd9414a_20240909_144156.data
170.0 70.0 17 25.06022466960353 0cd9414a_20240909_144220.data
150.0 70.0 17 24.948500000000003 0cd9414a_20240909_144244.data
130.0 70.0 17 24.845210526315793 0cd9414a_20240909_144308.data
110.0 70.0 17 24.948500000000003 0cd9414a_20240909_144332.data
90.0 70.0 17 25.06022466960353 0cd9414a_20240909_144356.data
70.0 70.0 17 24.845210526315793 0cd9414a_20240909_144420.data
50.0 70.0 17 24.741500000000002 0cd9414a_20240909_144444.data
30.0 70.0 17 25.06022466960353 0cd9414a_20240909_144508.data
10.0 70.0 17 25.06022466960353 0cd9414a_20240909_144532.data
10.0 90.0 17 24.948500000000003 0cd9414a_20240909_144556.data
30.0 90.0 17 25.06022466960353 0cd9414a_20240909_144620.data
50.0 90.0 17 24.741500000000002 0cd9414a_20240909_144644.data
70.0 90.0 17 24.948500000000003 0cd9414a_20240909_144708.data
90.0 90.0 17 24.948500000000003 0cd9414a_20240909_144732.data
110.0 90.0 17 24.845210526315793 0cd9414a_20240909_144756.data
130.0 90.0 17 24.948500000000003 0cd9414a_20240909_144820.data
150.0 90.0 17 25.06022466960353 0cd9414a_20240909_144844.data
170.0 90.0 17 24.948500000000003 0cd9414a_20240909_144908.data
190.0 90.0 17 24.845210526315793 0cd9414a_20240909_144932.data
210.0 90.0 17 24.948500000000003 0cd9414a_20240909_144956.data
230.0 90.0 17 24.948500000000003 0cd9414a_20240909_145021.data
250.0 90.0 17 25.06022466960353 0cd9414a_20240909_145045.data
270.0 90.0 17 24.948500000000003 0cd9414a_20240909_145109.data
290.0 90.0 17 24.948500000000003 0cd9414a_20240909_145133.data
290.0 110.0 17 25.06022466960353 0cd9414a_20240909_145157.data
270.0 110.0 17 24.948500000000003 0cd9414a_20240909_145221.data
250.0 110.0 17 24.741500000000002 0cd9414a_20240909_145245.data
230.0 110.0 17 24.948500000000003 0cd9414a_20240909_145309.data
210.0 110.0 17 25.06022466960353 0cd9414a_20240909_145333.data
190.0 110.0 17 25.06022466960353 0cd9414a_20240909_145357.data
170.0 110.0 17 24.845210526315793 0cd9414a_20240909_145421.data
150.0 110.0 17 24.845210526315793 0cd9414a_20240909_145445.data
130.0 110.0 17 24.948500000000003 0cd9414a_20240909_145509.data
110.0 110.0 17 24.741500000000002 0cd9414a_20240909_145533.data
90.0 110.0 17 24.845210526315793 0cd9414a_20240909_145557.data
70.0 110.0 17 25.06022466960353 0cd9414a_20240909_145621.data
50.0 110.0 17 24.845210526315793 0cd9414a_20240909_145645.data
30.0 110.0 17 24.948500000000003 0cd9414a_20240909_145709.data
10.0 110.0 17 24.845210526315793 0cd9414a_20240909_145733.data
10.0 130.0 17 24.845210526315793 0cd9414a_20240909_145757.data
30.0 130.0 17 24.948500000000003 0cd9414a_20240909_145821.data
50.0 130.0 17 25.06022466960353 0cd9414a_20240909_145845.data
70.0 130.0 17 25.06022466960353 0cd9414a_20240909_145909.data
90.0 130.0 17 24.845210526315793 0cd9414a_20240909_145933.data
110.0 130.0 17 24.948500000000003 0cd9414a_20240909_145957.data
130.0 130.0 17 24.948500000000003 0cd9414a_20240909_150021.data
150.0 130.0 17 25.06022466960353 0cd9414a_20240909_150045.data
170.0 130.0 17 24.948500000000003 0cd9414a_20240909_150109.data
190.0 130.0 17 24.845210526315793 0cd9414a_20240909_150133.data
210.0 130.0 17 25.06022466960353 0cd9414a_20240909_150157.data
230.0 130.0 17 25.06022466960353 0cd9414a_20240909_150221.data
250.0 130.0 17 24.948500000000003 0cd9414a_20240909_150245.data
270.0 130.0 17 25.06022466960353 0cd9414a_20240909_150309.data
290.0 130.0 17 25.06022466960353 0cd9414a_20240909_150333.data
290.0 150.0 17 24.948500000000003 0cd9414a_20240909_150357.data
270.0 150.0 17 25.06022466960353 0cd9414a_20240909_150421.data
250.0 150.0 17 24.948500000000003 0cd9414a_20240909_150445.data
230.0 150.0 17 25.06022466960353 0cd9414a_20240909_150509.data
210.0 150.0 17 24.948500000000003 0cd9414a_20240909_150533.data
190.0 150.0 17 24.948500000000003 0cd9414a_20240909_150557.data
170.0 150.0 17 24.948500000000003 0cd9414a_20240909_150621.data
150.0 150.0 17 24.948500000000003 0cd9414a_20240909_150645.data
130.0 150.0 17 25.06022466960353 0cd9414a_20240909_150709.data
110.0 150.0 17 24.948500000000003 0cd9414a_20240909_150733.data
90.0 150.0 17 24.948500000000003 0cd9414a_20240909_150757.data
70.0 150.0 17 25.06022466960353 0cd9414a_20240909_150821.data
50.0 150.0 17 24.948500000000003 0cd9414a_20240909_150845.data
30.0 150.0 17 24.845210526315793 0cd9414a_20240909_150909.data
10.0 150.0 17 24.948500000000003 0cd9414a_20240909_150933.data
10.0 170.0 17 24.948500000000003 0cd9414a_20240909_150957.data
30.0 170.0 17 24.741500000000002 0cd9414a_20240909_151021.data
50.0 170.0 17 25.06022466960353 0cd9414a_20240909_151045.data
70.0 170.0 17 24.948500000000003 0cd9414a_20240909_151109.data
90.0 170.0 17 24.948500000000003 0cd9414a_20240909_151133.data
110.0 170.0 17 25.06022466960353 0cd9414a_20240909_151157.data
130.0 170.0 17 25.06022466960353 0cd9414a_20240909_151221.data
150.0 170.0 17 24.948500000000003 0cd9414a_20240909_151245.data
170.0 170.0 17 24.948500000000003 0cd9414a_20240909_151309.data
190.0 170.0 17 24.948500000000003 0cd9414a_20240909_151333.data
210.0 170.0 17 25.06022466960353 0cd9414a_20240909_151357.data
230.0 170.0 17 25.06022466960353 0cd9414a_20240909_151421.data
250.0 170.0 17 24.845210526315793 0cd9414a_20240909_151445.data
270.0 170.0 17 25.06022466960353 0cd9414a_20240909_151509.data
290.0 170.0 17 24.845210526315793 0cd9414a_20240909_151533.data
290.0 190.0 17 24.948500000000003 0cd9414a_20240909_151557.data
270.0 190.0 17 24.948500000000003 0cd9414a_20240909_151621.data
250.0 190.0 17 25.06022466960353 0cd9414a_20240909_151645.data
230.0 190.0 17 24.948500000000003 0cd9414a_20240909_151709.data
210.0 190.0 17 24.845210526315793 0cd9414a_20240909_151733.data
190.0 190.0 17 24.845210526315793 0cd9414a_20240909_151757.data
170.0 190.0 17 25.06022466960353 0cd9414a_20240909_151822.data
150.0 190.0 17 24.948500000000003 0cd9414a_20240909_151845.data
130.0 190.0 17 25.06022466960353 0cd9414a_20240909_151909.data
110.0 190.0 17 25.06022466960353 0cd9414a_20240909_151933.data
90.0 190.0 17 25.06022466960353 0cd9414a_20240909_151958.data
70.0 190.0 17 25.06022466960353 0cd9414a_20240909_152022.data
50.0 190.0 17 25.06022466960353 0cd9414a_20240909_152046.data
30.0 190.0 17 24.948500000000003 0cd9414a_20240909_152110.data
10.0 190.0 17 24.948500000000003 0cd9414a_20240909_152134.data
10.0 210.0 17 25.180334801762115 0cd9414a_20240909_152158.data
30.0 210.0 17 24.948500000000003 0cd9414a_20240909_152222.data
50.0 210.0 17 24.948500000000003 0cd9414a_20240909_152246.data
70.0 210.0 17 25.06022466960353 0cd9414a_20240909_152310.data
90.0 210.0 17 24.948500000000003 0cd9414a_20240909_152334.data
110.0 210.0 17 24.948500000000003 0cd9414a_20240909_152358.data
130.0 210.0 17 24.948500000000003 0cd9414a_20240909_152422.data
150.0 210.0 17 25.06022466960353 0cd9414a_20240909_152446.data
170.0 210.0 17 24.948500000000003 0cd9414a_20240909_152510.data
190.0 210.0 17 25.06022466960353 0cd9414a_20240909_152534.data
210.0 210.0 17 24.948500000000003 0cd9414a_20240909_152558.data
230.0 210.0 17 24.948500000000003 0cd9414a_20240909_152622.data
250.0 210.0 17 24.948500000000003 0cd9414a_20240909_152646.data
270.0 210.0 17 25.06022466960353 0cd9414a_20240909_152710.data
290.0 210.0 17 24.948500000000003 0cd9414a_20240909_152734.data
290.0 230.0 17 25.06022466960353 0cd9414a_20240909_152758.data
270.0 230.0 17 24.948500000000003 0cd9414a_20240909_152822.data
250.0 230.0 17 24.948500000000003 0cd9414a_20240909_152846.data
230.0 230.0 17 24.948500000000003 0cd9414a_20240909_152910.data
210.0 230.0 17 25.06022466960353 0cd9414a_20240909_152934.data
190.0 230.0 17 24.948500000000003 0cd9414a_20240909_152958.data
170.0 230.0 17 24.948500000000003 0cd9414a_20240909_153022.data
150.0 230.0 17 24.948500000000003 0cd9414a_20240909_153046.data
130.0 230.0 17 24.845210526315793 0cd9414a_20240909_153110.data
110.0 230.0 17 24.948500000000003 0cd9414a_20240909_153134.data
90.0 230.0 17 24.845210526315793 0cd9414a_20240909_153158.data
70.0 230.0 17 24.948500000000003 0cd9414a_20240909_153222.data
50.0 230.0 17 24.845210526315793 0cd9414a_20240909_153246.data
30.0 230.0 17 24.741500000000002 0cd9414a_20240909_153310.data
10.0 230.0 17 24.845210526315793 0cd9414a_20240909_153334.data
10.0 250.0 17 24.948500000000003 0cd9414a_20240909_153358.data
30.0 250.0 17 25.06022466960353 0cd9414a_20240909_153422.data
50.0 250.0 17 25.06022466960353 0cd9414a_20240909_153446.data
70.0 250.0 17 24.741500000000002 0cd9414a_20240909_153510.data
90.0 250.0 17 24.948500000000003 0cd9414a_20240909_153534.data
110.0 250.0 17 24.845210526315793 0cd9414a_20240909_153558.data
130.0 250.0 17 25.06022466960353 0cd9414a_20240909_153622.data
150.0 250.0 17 25.06022466960353 0cd9414a_20240909_153646.data
170.0 250.0 17 24.948500000000003 0cd9414a_20240909_153710.data
190.0 250.0 17 24.948500000000003 0cd9414a_20240909_153734.data
210.0 250.0 17 24.845210526315793 0cd9414a_20240909_153758.data
230.0 250.0 17 25.06022466960353 0cd9414a_20240909_153822.data
250.0 250.0 17 24.948500000000003 0cd9414a_20240909_153846.data
270.0 250.0 17 24.948500000000003 0cd9414a_20240909_153910.data
290.0 250.0 17 24.948500000000003 0cd9414a_20240909_153934.data
290.0 270.0 17 25.06022466960353 0cd9414a_20240909_153958.data
270.0 270.0 17 24.948500000000003 0cd9414a_20240909_154022.data
250.0 270.0 17 25.06022466960353 0cd9414a_20240909_154046.data
230.0 270.0 17 25.06022466960353 0cd9414a_20240909_154110.data
210.0 270.0 17 25.06022466960353 0cd9414a_20240909_154134.data
190.0 270.0 17 24.948500000000003 0cd9414a_20240909_154158.data
170.0 270.0 17 25.06022466960353 0cd9414a_20240909_154222.data
150.0 270.0 17 25.06022466960353 0cd9414a_20240909_154246.data
130.0 270.0 17 24.741500000000002 0cd9414a_20240909_154310.data
110.0 270.0 17 24.741500000000002 0cd9414a_20240909_154334.data
90.0 270.0 17 25.06022466960353 0cd9414a_20240909_154358.data
70.0 270.0 17 25.06022466960353 0cd9414a_20240909_154422.data
50.0 270.0 17 25.06022466960353 0cd9414a_20240909_154446.data
30.0 270.0 17 25.06022466960353 0cd9414a_20240909_154510.data
10.0 270.0 17 24.948500000000003 0cd9414a_20240909_154534.data
10.0 290.0 17 24.948500000000003 0cd9414a_20240909_154558.data
30.0 290.0 17 24.741500000000002 0cd9414a_20240909_154622.data
50.0 290.0 17 25.06022466960353 0cd9414a_20240909_154646.data
70.0 290.0 17 25.06022466960353 0cd9414a_20240909_154710.data
90.0 290.0 17 24.845210526315793 0cd9414a_20240909_154734.data
110.0 290.0 17 24.845210526315793 0cd9414a_20240909_154758.data
130.0 290.0 17 25.180334801762115 0cd9414a_20240909_154822.data
150.0 290.0 17 24.948500000000003 0cd9414a_20240909_154846.data
170.0 290.0 17 24.948500000000003 0cd9414a_20240909_154910.data
190.0 290.0 17 25.06022466960353 0cd9414a_20240909_154934.data
210.0 290.0 17 25.06022466960353 0cd9414a_20240909_154958.data
230.0 290.0 17 24.845210526315793 0cd9414a_20240909_155022.data
250.0 290.0 17 -1 0cd9414a_20240909_155046.data
270.0 290.0 17 24.637394736842104 0cd9414a_20240909_155111.data
290.0 290.0 17 24.948500000000003 0cd9414a_20240909_155135.data
290.0 310.0 17 -1 0cd9414a_20240909_155159.data
270.0 310.0 17 25.06022466960353 0cd9414a_20240909_155223.data
250.0 310.0 17 24.845210526315793 0cd9414a_20240909_155247.data
230.0 310.0 17 -1 0cd9414a_20240909_155311.data
210.0 310.0 17 25.419136563876656 0cd9414a_20240909_155335.data
190.0 310.0 17 25.419136563876656 0cd9414a_20240909_155359.data
170.0 310.0 17 25.299982378854633 0cd9414a_20240909_155423.data
150.0 310.0 17 25.419136563876656 0cd9414a_20240909_155447.data
130.0 310.0 17 25.419136563876656 0cd9414a_20240909_155511.data
110.0 310.0 17 25.180334801762115 0cd9414a_20240909_155535.data
90.0 310.0 17 25.299982378854633 0cd9414a_20240909_155559.data
70.0 310.0 17 25.180334801762115 0cd9414a_20240909_155623.data
50.0 310.0 17 25.299982378854633 0cd9414a_20240909_155647.data
30.0 310.0 17 25.419136563876656 0cd9414a_20240909_155711.data
10.0 310.0 17 25.299982378854633 0cd9414a_20240909_155735.data
10.0 330.0 17 25.299982378854633 0cd9414a_20240909_155759.data
30.0 330.0 17 25.419136563876656 0cd9414a_20240909_155823.data
50.0 330.0 17 25.419136563876656 0cd9414a_20240909_155847.data
70.0 330.0 17 24.948500000000003 0cd9414a_20240909_155911.data
90.0 330.0 17 25.06022466960353 0cd9414a_20240909_155935.data
110.0 330.0 17 25.06022466960353 0cd9414a_20240909_155959.data
130.0 330.0 17 25.299982378854633 0cd9414a_20240909_160023.data
150.0 330.0 17 25.299982378854633 0cd9414a_20240909_160047.data
170.0 330.0 17 25.180334801762115 0cd9414a_20240909_160111.data
190.0 330.0 17 25.299982378854633 0cd9414a_20240909_160135.data
210.0 330.0 17 25.299982378854633 0cd9414a_20240909_160159.data
230.0 330.0 17 25.180334801762115 0cd9414a_20240909_160223.data
250.0 330.0 17 25.299982378854633 0cd9414a_20240909_160247.data
270.0 330.0 17 25.299982378854633 0cd9414a_20240909_160311.data
290.0 330.0 17 25.06022466960353 0cd9414a_20240909_160335.data
10.0 350.0 17 25.419136563876656 0cd9414a_20240909_160450.data
30.0 350.0 17 25.299982378854633 0cd9414a_20240909_160514.data
50.0 350.0 17 25.419136563876656 0cd9414a_20240909_160538.data
70.0 350.0 17 25.299982378854633 0cd9414a_20240909_160602.data
90.0 350.0 17 25.299982378854633 0cd9414a_20240909_160626.data
110.0 350.0 17 25.299982378854633 0cd9414a_20240909_160650.data
130.0 350.0 17 25.06022466960353 0cd9414a_20240909_160714.data
150.0 350.0 17 25.299982378854633 0cd9414a_20240909_160738.data
170.0 350.0 17 25.06022466960353 0cd9414a_20240909_160802.data
190.0 350.0 17 25.299982378854633 0cd9414a_20240909_160826.data
210.0 350.0 17 25.299982378854633 0cd9414a_20240909_160850.data
230.0 350.0 17 25.06022466960353 0cd9414a_20240909_160914.data
250.0 350.0 17 25.299982378854633 0cd9414a_20240909_160938.data
270.0 350.0 17 25.299982378854633 0cd9414a_20240909_161002.data
290.0 350.0 17 25.419136563876656 0cd9414a_20240909_161026.data
290.0 370.0 17 25.419136563876656 0cd9414a_20240909_161050.data
270.0 370.0 17 24.948500000000003 0cd9414a_20240909_161114.data
250.0 370.0 17 25.419136563876656 0cd9414a_20240909_161138.data
230.0 370.0 17 25.06022466960353 0cd9414a_20240909_161202.data
210.0 370.0 17 25.299982378854633 0cd9414a_20240909_161226.data
190.0 370.0 17 25.419136563876656 0cd9414a_20240909_161250.data
170.0 370.0 17 25.180334801762115 0cd9414a_20240909_161314.data
150.0 370.0 17 25.299982378854633 0cd9414a_20240909_161338.data
130.0 370.0 17 25.06022466960353 0cd9414a_20240909_161402.data
110.0 370.0 17 25.06022466960353 0cd9414a_20240909_161426.data
90.0 370.0 17 25.299982378854633 0cd9414a_20240909_161450.data
70.0 370.0 17 25.299982378854633 0cd9414a_20240909_161514.data
50.0 370.0 17 25.06022466960353 0cd9414a_20240909_161538.data
30.0 370.0 17 25.06022466960353 0cd9414a_20240909_161602.data
10.0 370.0 17 25.06022466960353 0cd9414a_20240909_161626.data
10.0 390.0 17 25.419136563876656 0cd9414a_20240909_161650.data
30.0 390.0 17 25.299982378854633 0cd9414a_20240909_161714.data
50.0 390.0 17 25.299982378854633 0cd9414a_20240909_161738.data
70.0 390.0 17 25.180334801762115 0cd9414a_20240909_161802.data
90.0 390.0 17 25.180334801762115 0cd9414a_20240909_161826.data
110.0 390.0 17 25.299982378854633 0cd9414a_20240909_161850.data
130.0 390.0 17 25.419136563876656 0cd9414a_20240909_161914.data
150.0 390.0 17 25.299982378854633 0cd9414a_20240909_161938.data
170.0 390.0 17 25.299982378854633 0cd9414a_20240909_162002.data
190.0 390.0 17 25.299982378854633 0cd9414a_20240909_162026.data
210.0 390.0 17 25.180334801762115 0cd9414a_20240909_162050.data
230.0 390.0 17 25.299982378854633 0cd9414a_20240909_162114.data
250.0 390.0 17 25.419136563876656 0cd9414a_20240909_162138.data
270.0 390.0 17 25.299982378854633 0cd9414a_20240909_162202.data
290.0 390.0 17 25.180334801762115 0cd9414a_20240909_162226.data
290.0 410.0 17 25.419136563876656 0cd9414a_20240909_162250.data
270.0 410.0 17 25.299982378854633 0cd9414a_20240909_162314.data
250.0 410.0 17 25.299982378854633 0cd9414a_20240909_162338.data
230.0 410.0 17 25.299982378854633 0cd9414a_20240909_162403.data
210.0 410.0 17 25.299982378854633 0cd9414a_20240909_162427.data
190.0 410.0 17 25.299982378854633 0cd9414a_20240909_162451.data
170.0 410.0 17 25.419136563876656 0cd9414a_20240909_162515.data
150.0 410.0 17 25.419136563876656 0cd9414a_20240909_162539.data
130.0 410.0 17 25.299982378854633 0cd9414a_20240909_162603.data
110.0 410.0 17 25.06022466960353 0cd9414a_20240909_162627.data
90.0 410.0 17 25.419136563876656 0cd9414a_20240909_162651.data
70.0 410.0 17 25.419136563876656 0cd9414a_20240909_162715.data
50.0 410.0 17 25.06022466960353 0cd9414a_20240909_162739.data
30.0 410.0 17 25.419136563876656 0cd9414a_20240909_162803.data
10.0 410.0 17 25.299982378854633 0cd9414a_20240909_162827.data
10.0 430.0 17 25.180334801762115 0cd9414a_20240909_162851.data
30.0 430.0 17 25.419136563876656 0cd9414a_20240909_162915.data
50.0 430.0 17 25.299982378854633 0cd9414a_20240909_162939.data
70.0 430.0 17 25.419136563876656 0cd9414a_20240909_163003.data
90.0 430.0 17 25.419136563876656 0cd9414a_20240909_163027.data
110.0 430.0 17 25.299982378854633 0cd9414a_20240909_163051.data
130.0 430.0 17 25.419136563876656 0cd9414a_20240909_163115.data
150.0 430.0 17 25.419136563876656 0cd9414a_20240909_163139.data
170.0 430.0 17 25.06022466960353 0cd9414a_20240909_163203.data
190.0 430.0 17 25.419136563876656 0cd9414a_20240909_163227.data
210.0 430.0 17 25.419136563876656 0cd9414a_20240909_163251.data
230.0 430.0 17 25.180334801762115 0cd9414a_20240909_163315.data
250.0 430.0 17 25.06022466960353 0cd9414a_20240909_163339.data
270.0 430.0 17 25.419136563876656 0cd9414a_20240909_163403.data
290.0 430.0 17 25.299982378854633 0cd9414a_20240909_163427.data
290.0 450.0 17 25.299982378854633 0cd9414a_20240909_163451.data
270.0 450.0 17 25.419136563876656 0cd9414a_20240909_163515.data
250.0 450.0 17 25.299982378854633 0cd9414a_20240909_163539.data
230.0 450.0 17 25.299982378854633 0cd9414a_20240909_163603.data
210.0 450.0 17 25.419136563876656 0cd9414a_20240909_163627.data
190.0 450.0 17 25.299982378854633 0cd9414a_20240909_163651.data
170.0 450.0 17 25.299982378854633 0cd9414a_20240909_163715.data
150.0 450.0 17 25.419136563876656 0cd9414a_20240909_163739.data
130.0 450.0 17 25.419136563876656 0cd9414a_20240909_163803.data
110.0 450.0 17 25.180334801762115 0cd9414a_20240909_163827.data
90.0 450.0 17 25.06022466960353 0cd9414a_20240909_163851.data
70.0 450.0 17 25.06022466960353 0cd9414a_20240909_163915.data
50.0 450.0 17 25.299982378854633 0cd9414a_20240909_163939.data
30.0 450.0 17 25.06022466960353 0cd9414a_20240909_164003.data
10.0 450.0 17 25.06022466960353 0cd9414a_20240909_164027.data
10.0 470.0 17 25.299982378854633 0cd9414a_20240909_164051.data
30.0 470.0 17 25.299982378854633 0cd9414a_20240909_164115.data
50.0 470.0 17 25.419136563876656 0cd9414a_20240909_164139.data
70.0 470.0 17 25.180334801762115 0cd9414a_20240909_164203.data
90.0 470.0 17 25.299982378854633 0cd9414a_20240909_164227.data
110.0 470.0 17 25.06022466960353 0cd9414a_20240909_164251.data
130.0 470.0 17 25.299982378854633 0cd9414a_20240909_164315.data
150.0 470.0 17 25.419136563876656 0cd9414a_20240909_164339.data
170.0 470.0 17 25.299982378854633 0cd9414a_20240909_164403.data
190.0 470.0 17 25.299982378854633 0cd9414a_20240909_164427.data
210.0 470.0 17 25.419136563876656 0cd9414a_20240909_164451.data
230.0 470.0 17 25.299982378854633 0cd9414a_20240909_164515.data
250.0 470.0 17 25.299982378854633 0cd9414a_20240909_164539.data
270.0 470.0 17 25.180334801762115 0cd9414a_20240909_164603.data
290.0 470.0 17 25.180334801762115 0cd9414a_20240909_164627.data
