-1 -1 -1 27.928651982378856 0cd9414a_20240816_142413.data
10.0 10.0 17 28.037845814977977 0cd9414a_20240816_142452.data
30.0 10.0 17 28.037845814977977 0cd9414a_20240816_142516.data
50.0 10.0 17 28.037845814977977 0cd9414a_20240816_142540.data
70.0 10.0 17 27.81905726872247 0cd9414a_20240816_142604.data
90.0 10.0 17 27.709061674008815 0cd9414a_20240816_142628.data
110.0 10.0 17 27.81905726872247 0cd9414a_20240816_142653.data
130.0 10.0 17 27.709061674008815 0cd9414a_20240816_142717.data
150.0 10.0 17 27.709061674008815 0cd9414a_20240816_142741.data
170.0 10.0 17 27.81905726872247 0cd9414a_20240816_142805.data
190.0 10.0 17 27.81905726872247 0cd9414a_20240816_142829.data
210.0 10.0 17 28.037845814977977 0cd9414a_20240816_142853.data
230.0 10.0 17 27.928651982378856 0cd9414a_20240816_142917.data
250.0 10.0 17 28.037845814977977 0cd9414a_20240816_142941.data
270.0 10.0 17 27.928651982378856 0cd9414a_20240816_143005.data
290.0 10.0 17 28.037845814977977 0cd9414a_20240816_143029.data
290.0 30.0 17 27.928651982378856 0cd9414a_20240816_143053.data
270.0 30.0 17 28.037845814977977 0cd9414a_20240816_143117.data
250.0 30.0 17 27.928651982378856 0cd9414a_20240816_143141.data
230.0 30.0 17 27.928651982378856 0cd9414a_20240816_143205.data
210.0 30.0 17 27.928651982378856 0cd9414a_20240816_143229.data
190.0 30.0 17 27.928651982378856 0cd9414a_20240816_143253.data
170.0 30.0 17 28.037845814977977 0cd9414a_20240816_143317.data
150.0 30.0 17 27.709061674008815 0cd9414a_20240816_143341.data
130.0 30.0 17 27.928651982378856 0cd9414a_20240816_143405.data
110.0 30.0 17 27.928651982378856 0cd9414a_20240816_143429.data
90.0 30.0 17 27.928651982378856 0cd9414a_20240816_143453.data
70.0 30.0 17 27.928651982378856 0cd9414a_20240816_143517.data
50.0 30.0 17 28.037845814977977 0cd9414a_20240816_143541.data
30.0 30.0 17 28.037845814977977 0cd9414a_20240816_143605.data
10.0 30.0 17 27.709061674008815 0cd9414a_20240816_143629.data
10.0 50.0 17 27.928651982378856 0cd9414a_20240816_143653.data
30.0 50.0 17 28.037845814977977 0cd9414a_20240816_143717.data
50.0 50.0 17 27.928651982378856 0cd9414a_20240816_143741.data
70.0 50.0 17 27.81905726872247 0cd9414a_20240816_143805.data
90.0 50.0 17 27.81905726872247 0cd9414a_20240816_143829.data
110.0 50.0 17 27.928651982378856 0cd9414a_20240816_143853.data
130.0 50.0 17 27.81905726872247 0cd9414a_20240816_143917.data
150.0 50.0 17 27.81905726872247 0cd9414a_20240816_143941.data
170.0 50.0 17 27.928651982378856 0cd9414a_20240816_144005.data
190.0 50.0 17 28.037845814977977 0cd9414a_20240816_144029.data
210.0 50.0 17 27.928651982378856 0cd9414a_20240816_144053.data
230.0 50.0 17 27.928651982378856 0cd9414a_20240816_144117.data
250.0 50.0 17 27.928651982378856 0cd9414a_20240816_144141.data
270.0 50.0 17 27.598634361233486 0cd9414a_20240816_144205.data
290.0 50.0 17 27.928651982378856 0cd9414a_20240816_144229.data
290.0 70.0 17 27.928651982378856 0cd9414a_20240816_144253.data
270.0 70.0 17 27.928651982378856 0cd9414a_20240816_144317.data
250.0 70.0 17 27.928651982378856 0cd9414a_20240816_144341.data
230.0 70.0 17 27.81905726872247 0cd9414a_20240816_144405.data
210.0 70.0 17 27.928651982378856 0cd9414a_20240816_144429.data
190.0 70.0 17 27.928651982378856 0cd9414a_20240816_144453.data
170.0 70.0 17 27.487775330396477 0cd9414a_20240816_144517.data
150.0 70.0 17 27.928651982378856 0cd9414a_20240816_144541.data
130.0 70.0 17 27.81905726872247 0cd9414a_20240816_144605.data
110.0 70.0 17 27.598634361233486 0cd9414a_20240816_144629.data
90.0 70.0 17 27.928651982378856 0cd9414a_20240816_144653.data
70.0 70.0 17 27.928651982378856 0cd9414a_20240816_144717.data
50.0 70.0 17 27.928651982378856 0cd9414a_20240816_144741.data
30.0 70.0 17 27.598634361233486 0cd9414a_20240816_144805.data
10.0 70.0 17 27.928651982378856 0cd9414a_20240816_144829.data
10.0 90.0 17 27.928651982378856 0cd9414a_20240816_144853.data
30.0 90.0 17 27.81905726872247 0cd9414a_20240816_144917.data
50.0 90.0 17 27.81905726872247 0cd9414a_20240816_144941.data
70.0 90.0 17 27.598634361233486 0cd9414a_20240816_145005.data
90.0 90.0 17 27.928651982378856 0cd9414a_20240816_145029.data
110.0 90.0 17 27.928651982378856 0cd9414a_20240816_145053.data
130.0 90.0 17 27.81905726872247 0cd9414a_20240816_145117.data
150.0 90.0 17 27.928651982378856 0cd9414a_20240816_145141.data
170.0 90.0 17 27.928651982378856 0cd9414a_20240816_145205.data
190.0 90.0 17 27.928651982378856 0cd9414a_20240816_145229.data
210.0 90.0 17 27.928651982378856 0cd9414a_20240816_145253.data
230.0 90.0 17 27.598634361233486 0cd9414a_20240816_145317.data
250.0 90.0 17 27.928651982378856 0cd9414a_20240816_145341.data
270.0 90.0 17 27.928651982378856 0cd9414a_20240816_145405.data
290.0 90.0 17 27.81905726872247 0cd9414a_20240816_145429.data
290.0 110.0 17 27.709061674008815 0cd9414a_20240816_145453.data
270.0 110.0 17 27.928651982378856 0cd9414a_20240816_145517.data
250.0 110.0 17 27.709061674008815 0cd9414a_20240816_145541.data
230.0 110.0 17 27.928651982378856 0cd9414a_20240816_145605.data
210.0 110.0 17 27.928651982378856 0cd9414a_20240816_145629.data
190.0 110.0 17 27.709061674008815 0cd9414a_20240816_145653.data
170.0 110.0 17 27.81905726872247 0cd9414a_20240816_145717.data
150.0 110.0 17 27.81905726872247 0cd9414a_20240816_145741.data
130.0 110.0 17 27.81905726872247 0cd9414a_20240816_145805.data
110.0 110.0 17 27.81905726872247 0cd9414a_20240816_145829.data
90.0 110.0 17 27.598634361233486 0cd9414a_20240816_145853.data
70.0 110.0 17 27.598634361233486 0cd9414a_20240816_145917.data
50.0 110.0 17 27.598634361233486 0cd9414a_20240816_145941.data
30.0 110.0 17 27.598634361233486 0cd9414a_20240816_150006.data
10.0 110.0 17 27.709061674008815 0cd9414a_20240816_150029.data
10.0 130.0 17 27.598634361233486 0cd9414a_20240816_150053.data
30.0 130.0 17 27.709061674008815 0cd9414a_20240816_150118.data
50.0 130.0 17 27.598634361233486 0cd9414a_20240816_150142.data
70.0 130.0 17 27.709061674008815 0cd9414a_20240816_150206.data
90.0 130.0 17 27.598634361233486 0cd9414a_20240816_150230.data
110.0 130.0 17 27.709061674008815 0cd9414a_20240816_150254.data
130.0 130.0 17 27.598634361233486 0cd9414a_20240816_150318.data
150.0 130.0 17 27.709061674008815 0cd9414a_20240816_150342.data
170.0 130.0 17 27.598634361233486 0cd9414a_20240816_150406.data
190.0 130.0 17 27.598634361233486 0cd9414a_20240816_150430.data
210.0 130.0 17 27.709061674008815 0cd9414a_20240816_150454.data
230.0 130.0 17 27.598634361233486 0cd9414a_20240816_150518.data
250.0 130.0 17 27.598634361233486 0cd9414a_20240816_150542.data
270.0 130.0 17 27.598634361233486 0cd9414a_20240816_150606.data
290.0 130.0 17 27.598634361233486 0cd9414a_20240816_150630.data
290.0 150.0 17 27.598634361233486 0cd9414a_20240816_150654.data
270.0 150.0 17 27.598634361233486 0cd9414a_20240816_150718.data
250.0 150.0 17 27.598634361233486 0cd9414a_20240816_150742.data
230.0 150.0 17 27.598634361233486 0cd9414a_20240816_150806.data
210.0 150.0 17 27.598634361233486 0cd9414a_20240816_150830.data
190.0 150.0 17 27.709061674008815 0cd9414a_20240816_150854.data
170.0 150.0 17 27.709061674008815 0cd9414a_20240816_150918.data
150.0 150.0 17 27.598634361233486 0cd9414a_20240816_150942.data
130.0 150.0 17 27.598634361233486 0cd9414a_20240816_151006.data
110.0 150.0 17 27.598634361233486 0cd9414a_20240816_151030.data
90.0 150.0 17 27.598634361233486 0cd9414a_20240816_151054.data
70.0 150.0 17 27.598634361233486 0cd9414a_20240816_151118.data
50.0 150.0 17 27.598634361233486 0cd9414a_20240816_151142.data
30.0 150.0 17 27.598634361233486 0cd9414a_20240816_151206.data
10.0 150.0 17 27.709061674008815 0cd9414a_20240816_151230.data
10.0 170.0 17 27.598634361233486 0cd9414a_20240816_151254.data
30.0 170.0 17 27.598634361233486 0cd9414a_20240816_151318.data
50.0 170.0 17 27.598634361233486 0cd9414a_20240816_151342.data
70.0 170.0 17 27.598634361233486 0cd9414a_20240816_151406.data
90.0 170.0 17 27.709061674008815 0cd9414a_20240816_151430.data
110.0 170.0 17 27.598634361233486 0cd9414a_20240816_151454.data
130.0 170.0 17 27.598634361233486 0cd9414a_20240816_151518.data
150.0 170.0 17 27.598634361233486 0cd9414a_20240816_151542.data
170.0 170.0 17 27.598634361233486 0cd9414a_20240816_151606.data
190.0 170.0 17 27.598634361233486 0cd9414a_20240816_151630.data
210.0 170.0 17 27.598634361233486 0cd9414a_20240816_151654.data
230.0 170.0 17 27.598634361233486 0cd9414a_20240816_151718.data
250.0 170.0 17 27.709061674008815 0cd9414a_20240816_151742.data
270.0 170.0 17 27.598634361233486 0cd9414a_20240816_151806.data
290.0 170.0 17 27.598634361233486 0cd9414a_20240816_151830.data
290.0 190.0 17 27.598634361233486 0cd9414a_20240816_151854.data
270.0 190.0 17 27.598634361233486 0cd9414a_20240816_151918.data
250.0 190.0 17 27.598634361233486 0cd9414a_20240816_151942.data
230.0 190.0 17 27.598634361233486 0cd9414a_20240816_152006.data
210.0 190.0 17 27.598634361233486 0cd9414a_20240816_152030.data
190.0 190.0 17 27.598634361233486 0cd9414a_20240816_152054.data
170.0 190.0 17 27.598634361233486 0cd9414a_20240816_152118.data
150.0 190.0 17 27.598634361233486 0cd9414a_20240816_152142.data
130.0 190.0 17 27.709061674008815 0cd9414a_20240816_152206.data
110.0 190.0 17 27.709061674008815 0cd9414a_20240816_152230.data
90.0 190.0 17 27.598634361233486 0cd9414a_20240816_152254.data
70.0 190.0 17 27.598634361233486 0cd9414a_20240816_152318.data
50.0 190.0 17 27.598634361233486 0cd9414a_20240816_152342.data
30.0 190.0 17 27.598634361233486 0cd9414a_20240816_152406.data
10.0 190.0 17 27.598634361233486 0cd9414a_20240816_152430.data
10.0 210.0 17 27.598634361233486 0cd9414a_20240816_152454.data
30.0 210.0 17 27.598634361233486 0cd9414a_20240816_152518.data
50.0 210.0 17 27.598634361233486 0cd9414a_20240816_152542.data
70.0 210.0 17 27.598634361233486 0cd9414a_20240816_152606.data
90.0 210.0 17 27.598634361233486 0cd9414a_20240816_152630.data
110.0 210.0 17 27.598634361233486 0cd9414a_20240816_152654.data
130.0 210.0 17 27.598634361233486 0cd9414a_20240816_152718.data
150.0 210.0 17 27.709061674008815 0cd9414a_20240816_152742.data
170.0 210.0 17 27.598634361233486 0cd9414a_20240816_152806.data
190.0 210.0 17 27.598634361233486 0cd9414a_20240816_152830.data
210.0 210.0 17 27.37654625550661 0cd9414a_20240816_152854.data
230.0 210.0 17 27.598634361233486 0cd9414a_20240816_152918.data
250.0 210.0 17 27.598634361233486 0cd9414a_20240816_152942.data
270.0 210.0 17 27.598634361233486 0cd9414a_20240816_153006.data
290.0 210.0 17 27.598634361233486 0cd9414a_20240816_153030.data
290.0 230.0 17 27.598634361233486 0cd9414a_20240816_153054.data
270.0 230.0 17 27.598634361233486 0cd9414a_20240816_153118.data
250.0 230.0 17 27.598634361233486 0cd9414a_20240816_153142.data
230.0 230.0 17 27.598634361233486 0cd9414a_20240816_153206.data
210.0 230.0 17 27.598634361233486 0cd9414a_20240816_153230.data
190.0 230.0 17 27.598634361233486 0cd9414a_20240816_153254.data
170.0 230.0 17 27.598634361233486 0cd9414a_20240816_153318.data
150.0 230.0 17 27.598634361233486 0cd9414a_20240816_153342.data
130.0 230.0 17 27.598634361233486 0cd9414a_20240816_153406.data
110.0 230.0 17 27.598634361233486 0cd9414a_20240816_153430.data
90.0 230.0 17 27.598634361233486 0cd9414a_20240816_153454.data
70.0 230.0 17 27.598634361233486 0cd9414a_20240816_153518.data
50.0 230.0 17 27.598634361233486 0cd9414a_20240816_153542.data
30.0 230.0 17 27.598634361233486 0cd9414a_20240816_153606.data
10.0 230.0 17 27.709061674008815 0cd9414a_20240816_153630.data
10.0 250.0 17 27.598634361233486 0cd9414a_20240816_153654.data
30.0 250.0 17 27.598634361233486 0cd9414a_20240816_153718.data
50.0 250.0 17 27.598634361233486 0cd9414a_20240816_153742.data
70.0 250.0 17 27.598634361233486 0cd9414a_20240816_153807.data
90.0 250.0 17 27.598634361233486 0cd9414a_20240816_153831.data
110.0 250.0 17 27.598634361233486 0cd9414a_20240816_153855.data
130.0 250.0 17 27.598634361233486 0cd9414a_20240816_153919.data
150.0 250.0 17 27.598634361233486 0cd9414a_20240816_153943.data
170.0 250.0 17 27.598634361233486 0cd9414a_20240816_154007.data
190.0 250.0 17 27.598634361233486 0cd9414a_20240816_154031.data
210.0 250.0 17 27.598634361233486 0cd9414a_20240816_154055.data
230.0 250.0 17 27.598634361233486 0cd9414a_20240816_154119.data
250.0 250.0 17 27.598634361233486 0cd9414a_20240816_154143.data
270.0 250.0 17 27.709061674008815 0cd9414a_20240816_154207.data
290.0 250.0 17 27.81905726872247 0cd9414a_20240816_154231.data
290.0 270.0 17 27.487775330396477 0cd9414a_20240816_154255.data
270.0 270.0 17 27.598634361233486 0cd9414a_20240816_154319.data
250.0 270.0 17 27.81905726872247 0cd9414a_20240816_154343.data
230.0 270.0 17 27.598634361233486 0cd9414a_20240816_154407.data
210.0 270.0 17 27.598634361233486 0cd9414a_20240816_154431.data
190.0 270.0 17 27.598634361233486 0cd9414a_20240816_154455.data
170.0 270.0 17 27.598634361233486 0cd9414a_20240816_154519.data
150.0 270.0 17 27.598634361233486 0cd9414a_20240816_154543.data
130.0 270.0 17 27.598634361233486 0cd9414a_20240816_154607.data
110.0 270.0 17 27.598634361233486 0cd9414a_20240816_154631.data
90.0 270.0 17 27.598634361233486 0cd9414a_20240816_154655.data
70.0 270.0 17 27.598634361233486 0cd9414a_20240816_154719.data
50.0 270.0 17 27.598634361233486 0cd9414a_20240816_154743.data
30.0 270.0 17 27.598634361233486 0cd9414a_20240816_154807.data
10.0 270.0 17 27.487775330396477 0cd9414a_20240816_154831.data
10.0 290.0 17 27.598634361233486 0cd9414a_20240816_154855.data
30.0 290.0 17 27.598634361233486 0cd9414a_20240816_154919.data
50.0 290.0 17 27.598634361233486 0cd9414a_20240816_154943.data
70.0 290.0 17 27.598634361233486 0cd9414a_20240816_155007.data
90.0 290.0 17 27.598634361233486 0cd9414a_20240816_155031.data
110.0 290.0 17 27.598634361233486 0cd9414a_20240816_155055.data
130.0 290.0 17 27.598634361233486 0cd9414a_20240816_155119.data
150.0 290.0 17 27.598634361233486 0cd9414a_20240816_155143.data
170.0 290.0 17 27.598634361233486 0cd9414a_20240816_155207.data
190.0 290.0 17 27.598634361233486 0cd9414a_20240816_155231.data
210.0 290.0 17 27.487775330396477 0cd9414a_20240816_155255.data
230.0 290.0 17 27.598634361233486 0cd9414a_20240816_155319.data
250.0 290.0 17 27.598634361233486 0cd9414a_20240816_155343.data
270.0 290.0 17 27.598634361233486 0cd9414a_20240816_155407.data
290.0 290.0 17 27.598634361233486 0cd9414a_20240816_155431.data
290.0 310.0 17 27.598634361233486 0cd9414a_20240816_155455.data
270.0 310.0 17 27.598634361233486 0cd9414a_20240816_155519.data
250.0 310.0 17 27.598634361233486 0cd9414a_20240816_155543.data
230.0 310.0 17 27.598634361233486 0cd9414a_20240816_155607.data
210.0 310.0 17 27.598634361233486 0cd9414a_20240816_155631.data
190.0 310.0 17 27.598634361233486 0cd9414a_20240816_155655.data
170.0 310.0 17 -1 0cd9414a_20240816_155719.data
150.0 310.0 17 27.598634361233486 0cd9414a_20240816_155743.data
130.0 310.0 17 27.598634361233486 0cd9414a_20240816_155807.data
110.0 310.0 17 -1 0cd9414a_20240816_155831.data
90.0 310.0 17 27.598634361233486 0cd9414a_20240816_155855.data
70.0 310.0 17 27.598634361233486 0cd9414a_20240816_155919.data
50.0 310.0 17 27.598634361233486 0cd9414a_20240816_155943.data
30.0 310.0 17 27.709061674008815 0cd9414a_20240816_160007.data
10.0 310.0 17 27.598634361233486 0cd9414a_20240816_160031.data
10.0 330.0 17 27.598634361233486 0cd9414a_20240816_160055.data
30.0 330.0 17 -1 0cd9414a_20240816_160119.data
50.0 330.0 17 27.598634361233486 0cd9414a_20240816_160143.data
70.0 330.0 17 27.598634361233486 0cd9414a_20240816_160207.data
90.0 330.0 17 27.598634361233486 0cd9414a_20240816_160231.data
110.0 330.0 17 27.59955947136564 0cd9414a_20240816_160255.data
130.0 330.0 17 27.598634361233486 0cd9414a_20240816_160319.data
150.0 330.0 17 27.709061674008815 0cd9414a_20240816_160343.data
170.0 330.0 17 27.598634361233486 0cd9414a_20240816_160407.data
190.0 330.0 17 27.598634361233486 0cd9414a_20240816_160431.data
210.0 330.0 17 27.709061674008815 0cd9414a_20240816_160455.data
230.0 330.0 17 27.709061674008815 0cd9414a_20240816_160519.data
250.0 330.0 17 27.598634361233486 0cd9414a_20240816_160543.data
270.0 330.0 17 27.709061674008815 0cd9414a_20240816_160607.data
290.0 330.0 17 27.598634361233486 0cd9414a_20240816_160631.data
10.0 350.0 17 27.598634361233486 0cd9414a_20240819_085544.data
30.0 350.0 17 27.709061674008815 0cd9414a_20240819_085608.data
50.0 350.0 17 27.709061674008815 0cd9414a_20240819_085632.data
70.0 350.0 17 27.709061674008815 0cd9414a_20240819_085656.data
90.0 350.0 17 27.598634361233486 0cd9414a_20240819_085720.data
110.0 350.0 17 27.709061674008815 0cd9414a_20240819_085744.data
130.0 350.0 17 27.709061674008815 0cd9414a_20240819_085808.data
150.0 350.0 17 27.709061674008815 0cd9414a_20240819_085832.data
170.0 350.0 17 27.709061674008815 0cd9414a_20240819_085856.data
190.0 350.0 17 27.709061674008815 0cd9414a_20240819_085920.data
210.0 350.0 17 27.709061674008815 0cd9414a_20240819_085944.data
230.0 350.0 17 27.709061674008815 0cd9414a_20240819_090008.data
250.0 350.0 17 27.709061674008815 0cd9414a_20240819_090032.data
270.0 350.0 17 27.598634361233486 0cd9414a_20240819_090056.data
290.0 350.0 17 27.598634361233486 0cd9414a_20240819_090120.data
290.0 370.0 17 27.709061674008815 0cd9414a_20240819_090144.data
270.0 370.0 17 27.598634361233486 0cd9414a_20240819_090208.data
250.0 370.0 17 27.709061674008815 0cd9414a_20240819_090232.data
230.0 370.0 17 27.709061674008815 0cd9414a_20240819_090256.data
210.0 370.0 17 27.598634361233486 0cd9414a_20240819_090320.data
190.0 370.0 17 27.598634361233486 0cd9414a_20240819_090344.data
170.0 370.0 17 27.709061674008815 0cd9414a_20240819_090408.data
150.0 370.0 17 27.81905726872247 0cd9414a_20240819_090432.data
130.0 370.0 17 27.598634361233486 0cd9414a_20240819_090456.data
110.0 370.0 17 27.81905726872247 0cd9414a_20240819_090520.data
90.0 370.0 17 27.487775330396477 0cd9414a_20240819_090544.data
70.0 370.0 17 27.709061674008815 0cd9414a_20240819_090608.data
50.0 370.0 17 27.709061674008815 0cd9414a_20240819_090632.data
30.0 370.0 17 27.709061674008815 0cd9414a_20240819_090656.data
10.0 370.0 17 27.709061674008815 0cd9414a_20240819_090720.data
10.0 390.0 17 27.81905726872247 0cd9414a_20240819_090744.data
30.0 390.0 17 27.709061674008815 0cd9414a_20240819_090808.data
50.0 390.0 17 27.598634361233486 0cd9414a_20240819_090832.data
70.0 390.0 17 27.709061674008815 0cd9414a_20240819_090856.data
90.0 390.0 17 27.709061674008815 0cd9414a_20240819_090920.data
110.0 390.0 17 27.709061674008815 0cd9414a_20240819_090944.data
130.0 390.0 17 27.709061674008815 0cd9414a_20240819_091008.data
150.0 390.0 17 27.709061674008815 0cd9414a_20240819_091032.data
170.0 390.0 17 27.709061674008815 0cd9414a_20240819_091056.data
190.0 390.0 17 27.598634361233486 0cd9414a_20240819_091120.data
210.0 390.0 17 27.709061674008815 0cd9414a_20240819_091144.data
230.0 390.0 17 27.709061674008815 0cd9414a_20240819_091208.data
250.0 390.0 17 27.709061674008815 0cd9414a_20240819_091232.data
270.0 390.0 17 27.709061674008815 0cd9414a_20240819_091256.data
290.0 390.0 17 27.709061674008815 0cd9414a_20240819_091320.data
290.0 410.0 17 27.709061674008815 0cd9414a_20240819_091344.data
270.0 410.0 17 27.709061674008815 0cd9414a_20240819_091408.data
250.0 410.0 17 27.709061674008815 0cd9414a_20240819_091432.data
230.0 410.0 17 27.709061674008815 0cd9414a_20240819_091456.data
210.0 410.0 17 27.709061674008815 0cd9414a_20240819_091520.data
190.0 410.0 17 27.928651982378856 0cd9414a_20240819_091544.data
170.0 410.0 17 27.709061674008815 0cd9414a_20240819_091608.data
150.0 410.0 17 27.598634361233486 0cd9414a_20240819_091632.data
130.0 410.0 17 27.487775330396477 0cd9414a_20240819_091656.data
110.0 410.0 17 27.81905726872247 0cd9414a_20240819_091720.data
90.0 410.0 17 27.81905726872247 0cd9414a_20240819_091744.data
70.0 410.0 17 27.709061674008815 0cd9414a_20240819_091808.data
50.0 410.0 17 27.709061674008815 0cd9414a_20240819_091832.data
30.0 410.0 17 27.709061674008815 0cd9414a_20240819_091856.data
10.0 410.0 17 27.709061674008815 0cd9414a_20240819_091920.data
10.0 430.0 17 27.598634361233486 0cd9414a_20240819_091944.data
30.0 430.0 17 27.709061674008815 0cd9414a_20240819_092008.data
50.0 430.0 17 27.709061674008815 0cd9414a_20240819_092032.data
70.0 430.0 17 27.709061674008815 0cd9414a_20240819_092056.data
90.0 430.0 17 27.709061674008815 0cd9414a_20240819_092120.data
110.0 430.0 17 27.709061674008815 0cd9414a_20240819_092144.data
130.0 430.0 17 27.598634361233486 0cd9414a_20240819_092208.data
150.0 430.0 17 27.709061674008815 0cd9414a_20240819_092233.data
170.0 430.0 17 27.598634361233486 0cd9414a_20240819_092257.data
190.0 430.0 17 27.709061674008815 0cd9414a_20240819_092321.data
210.0 430.0 17 27.598634361233486 0cd9414a_20240819_092345.data
230.0 430.0 17 27.709061674008815 0cd9414a_20240819_092409.data
250.0 430.0 17 27.709061674008815 0cd9414a_20240819_092433.data
270.0 430.0 17 27.709061674008815 0cd9414a_20240819_092457.data
290.0 430.0 17 27.709061674008815 0cd9414a_20240819_092521.data
290.0 450.0 17 27.709061674008815 0cd9414a_20240819_092545.data
270.0 450.0 17 27.709061674008815 0cd9414a_20240819_092609.data
250.0 450.0 17 27.709061674008815 0cd9414a_20240819_092633.data
230.0 450.0 17 27.598634361233486 0cd9414a_20240819_092657.data
210.0 450.0 17 27.598634361233486 0cd9414a_20240819_092721.data
190.0 450.0 17 27.598634361233486 0cd9414a_20240819_092745.data
170.0 450.0 17 27.709061674008815 0cd9414a_20240819_092809.data
150.0 450.0 17 27.709061674008815 0cd9414a_20240819_092833.data
130.0 450.0 17 27.709061674008815 0cd9414a_20240819_092857.data
110.0 450.0 17 27.709061674008815 0cd9414a_20240819_092921.data
90.0 450.0 17 27.709061674008815 0cd9414a_20240819_092945.data
70.0 450.0 17 27.709061674008815 0cd9414a_20240819_093009.data
50.0 450.0 17 27.709061674008815 0cd9414a_20240819_093033.data
30.0 450.0 17 27.709061674008815 0cd9414a_20240819_093057.data
10.0 450.0 17 27.709061674008815 0cd9414a_20240819_093121.data
10.0 470.0 17 27.709061674008815 0cd9414a_20240819_093145.data
30.0 470.0 17 27.709061674008815 0cd9414a_20240819_093209.data
50.0 470.0 17 27.709061674008815 0cd9414a_20240819_093233.data
70.0 470.0 17 27.709061674008815 0cd9414a_20240819_093257.data
90.0 470.0 17 27.598634361233486 0cd9414a_20240819_093321.data
110.0 470.0 17 27.709061674008815 0cd9414a_20240819_093345.data
130.0 470.0 17 27.598634361233486 0cd9414a_20240819_093409.data
150.0 470.0 17 27.598634361233486 0cd9414a_20240819_093433.data
170.0 470.0 17 27.709061674008815 0cd9414a_20240819_093457.data
190.0 470.0 17 27.709061674008815 0cd9414a_20240819_093521.data
210.0 470.0 17 27.709061674008815 0cd9414a_20240819_093545.data
230.0 470.0 17 27.709061674008815 0cd9414a_20240819_093609.data
250.0 470.0 17 27.598634361233486 0cd9414a_20240819_093633.data
270.0 470.0 17 27.709061674008815 0cd9414a_20240819_093657.data
290.0 470.0 17 27.709061674008815 0cd9414a_20240819_093721.data
