-1 -1 -1 24.1106052631579 0cd9414a_20240819_094753.data
10.0 10.0 17 23.8 0cd9414a_20240819_094832.data
30.0 10.0 17 24.1106052631579 0cd9414a_20240819_094856.data
50.0 10.0 17 24.1106052631579 0cd9414a_20240819_094920.data
70.0 10.0 17 24.1106052631579 0cd9414a_20240819_094944.data
90.0 10.0 17 24.1106052631579 0cd9414a_20240819_095008.data
110.0 10.0 17 23.902100000000004 0cd9414a_20240819_095032.data
130.0 10.0 17 24.1106052631579 0cd9414a_20240819_095056.data
150.0 10.0 17 24.1106052631579 0cd9414a_20240819_095120.data
170.0 10.0 17 24.1106052631579 0cd9414a_20240819_095144.data
190.0 10.0 17 23.902100000000004 0cd9414a_20240819_095208.data
210.0 10.0 17 24.1106052631579 0cd9414a_20240819_095232.data
230.0 10.0 17 24.1106052631579 0cd9414a_20240819_095256.data
250.0 10.0 17 24.1106052631579 0cd9414a_20240819_095320.data
270.0 10.0 17 23.8 0cd9414a_20240819_095344.data
290.0 10.0 17 24.1106052631579 0cd9414a_20240819_095408.data
290.0 30.0 17 24.003973684210532 0cd9414a_20240819_095432.data
270.0 30.0 17 24.1106052631579 0cd9414a_20240819_095456.data
250.0 30.0 17 24.003973684210532 0cd9414a_20240819_095520.data
230.0 30.0 17 24.1106052631579 0cd9414a_20240819_095544.data
210.0 30.0 17 24.003973684210532 0cd9414a_20240819_095608.data
190.0 30.0 17 24.1106052631579 0cd9414a_20240819_095632.data
170.0 30.0 17 23.8 0cd9414a_20240819_095656.data
150.0 30.0 17 24.1106052631579 0cd9414a_20240819_095720.data
130.0 30.0 17 24.003973684210532 0cd9414a_20240819_095744.data
110.0 30.0 17 24.003973684210532 0cd9414a_20240819_095744.data
90.0 30.0 17 23.902100000000004 0cd9414a_20240819_095744.data
70.0 30.0 17 23.902100000000004 0cd9414a_20240819_095744.data
50.0 30.0 17 24.003973684210532 0cd9414a_20240819_095744.data
30.0 30.0 17 24.003973684210532 0cd9414a_20240819_095744.data
10.0 30.0 17 24.003973684210532 0cd9414a_20240819_095744.data
10.0 50.0 17 23.902100000000004 0cd9414a_20240819_095744.data
30.0 50.0 17 23.8 0cd9414a_20240819_095744.data
50.0 50.0 17 23.8 0cd9414a_20240819_095744.data
70.0 50.0 17 23.8 0cd9414a_20240819_095744.data
90.0 50.0 17 23.8 0cd9414a_20240819_095744.data
110.0 50.0 17 23.8 0cd9414a_20240819_095744.data
130.0 50.0 17 23.8 0cd9414a_20240819_095744.data
150.0 50.0 17 23.8 0cd9414a_20240819_095744.data
170.0 50.0 17 23.6975 0cd9414a_20240819_095744.data
190.0 50.0 17 23.8 0cd9414a_20240819_095744.data
210.0 50.0 17 24.003973684210532 0cd9414a_20240819_095744.data
230.0 50.0 17 23.8 0cd9414a_20240819_095744.data
250.0 50.0 17 23.8 0cd9414a_20240819_095744.data
270.0 50.0 17 23.8 0cd9414a_20240819_095744.data
290.0 50.0 17 23.8 0cd9414a_20240819_095744.data
290.0 70.0 17 23.8 0cd9414a_20240819_095744.data
270.0 70.0 17 23.8 0cd9414a_20240819_095744.data
250.0 70.0 17 23.8 0cd9414a_20240819_095744.data
230.0 70.0 17 23.8 0cd9414a_20240819_095744.data
210.0 70.0 17 23.8 0cd9414a_20240819_095744.data
190.0 70.0 17 23.6975 0cd9414a_20240819_095744.data
170.0 70.0 17 23.8 0cd9414a_20240819_095744.data
150.0 70.0 17 23.8 0cd9414a_20240819_095744.data
130.0 70.0 17 23.8 0cd9414a_20240819_095744.data
110.0 70.0 17 23.8 0cd9414a_20240819_095744.data
90.0 70.0 17 23.8 0cd9414a_20240819_095744.data
70.0 70.0 17 23.6975 0cd9414a_20240819_095744.data
50.0 70.0 17 23.6975 0cd9414a_20240819_095744.data
30.0 70.0 17 23.8 0cd9414a_20240819_095744.data
10.0 70.0 17 23.8 0cd9414a_20240819_095744.data
10.0 90.0 17 23.8 0cd9414a_20240819_095744.data
30.0 90.0 17 23.8 0cd9414a_20240819_095744.data
50.0 90.0 17 23.902100000000004 0cd9414a_20240819_095744.data
70.0 90.0 17 23.8 0cd9414a_20240819_095744.data
90.0 90.0 17 23.8 0cd9414a_20240819_095744.data
110.0 90.0 17 23.6975 0cd9414a_20240819_095744.data
130.0 90.0 17 23.8 0cd9414a_20240819_095744.data
150.0 90.0 17 23.902100000000004 0cd9414a_20240819_095744.data
170.0 90.0 17 23.6975 0cd9414a_20240819_095744.data
190.0 90.0 17 23.6975 0cd9414a_20240819_095744.data
210.0 90.0 17 23.8 0cd9414a_20240819_095744.data
230.0 90.0 17 24.003973684210532 0cd9414a_20240819_095744.data
250.0 90.0 17 23.8 0cd9414a_20240819_095744.data
270.0 90.0 17 23.8 0cd9414a_20240819_095744.data
290.0 90.0 17 23.6975 0cd9414a_20240819_095744.data
290.0 110.0 17 23.8 0cd9414a_20240819_095744.data
270.0 110.0 17 23.8 0cd9414a_20240819_095744.data
250.0 110.0 17 23.8 0cd9414a_20240819_095744.data
230.0 110.0 17 23.8 0cd9414a_20240819_095744.data
210.0 110.0 17 23.8 0cd9414a_20240819_095744.data
190.0 110.0 17 23.8 0cd9414a_20240819_095744.data
170.0 110.0 17 23.8 0cd9414a_20240819_095744.data
150.0 110.0 17 23.8 0cd9414a_20240819_095744.data
130.0 110.0 17 23.6975 0cd9414a_20240819_095744.data
110.0 110.0 17 23.8 0cd9414a_20240819_095744.data
90.0 110.0 17 23.8 0cd9414a_20240819_095744.data
70.0 110.0 17 23.6975 0cd9414a_20240819_095744.data
50.0 110.0 17 23.6975 0cd9414a_20240819_095744.data
30.0 110.0 17 23.6975 0cd9414a_20240819_095744.data
10.0 110.0 17 23.6975 0cd9414a_20240819_095744.data
10.0 130.0 17 23.8 0cd9414a_20240819_095744.data
30.0 130.0 17 23.8 0cd9414a_20240819_095744.data
50.0 130.0 17 23.8 0cd9414a_20240819_095744.data
70.0 130.0 17 23.8 0cd9414a_20240819_095744.data
90.0 130.0 17 23.8 0cd9414a_20240819_095744.data
110.0 130.0 17 23.8 0cd9414a_20240819_095744.data
130.0 130.0 17 23.8 0cd9414a_20240819_095744.data
150.0 130.0 17 23.6975 0cd9414a_20240819_095744.data
170.0 130.0 17 23.6975 0cd9414a_20240819_095744.data
190.0 130.0 17 23.8 0cd9414a_20240819_095744.data
210.0 130.0 17 23.6975 0cd9414a_20240819_095744.data
230.0 130.0 17 23.6975 0cd9414a_20240819_095744.data
250.0 130.0 17 23.6975 0cd9414a_20240819_095744.data
270.0 130.0 17 23.6975 0cd9414a_20240819_095744.data
290.0 130.0 17 23.8 0cd9414a_20240819_095744.data
290.0 150.0 17 23.6975 0cd9414a_20240819_095744.data
270.0 150.0 17 23.6975 0cd9414a_20240819_095744.data
250.0 150.0 17 23.6975 0cd9414a_20240819_095744.data
230.0 150.0 17 23.6975 0cd9414a_20240819_095744.data
210.0 150.0 17 23.8 0cd9414a_20240819_095744.data
190.0 150.0 17 23.8 0cd9414a_20240819_095744.data
170.0 150.0 17 23.6975 0cd9414a_20240819_095744.data
150.0 150.0 17 23.8 0cd9414a_20240819_095744.data
130.0 150.0 17 23.6975 0cd9414a_20240819_095744.data
110.0 150.0 17 23.8 0cd9414a_20240819_095744.data
90.0 150.0 17 23.6975 0cd9414a_20240819_095744.data
70.0 150.0 17 23.8 0cd9414a_20240819_095744.data
50.0 150.0 17 23.6975 0cd9414a_20240819_095744.data
30.0 150.0 17 23.6975 0cd9414a_20240819_095744.data
10.0 150.0 17 23.6975 0cd9414a_20240819_095744.data
10.0 170.0 17 23.6975 0cd9414a_20240819_095744.data
30.0 170.0 17 23.6975 0cd9414a_20240819_095744.data
50.0 170.0 17 23.8 0cd9414a_20240819_095744.data
70.0 170.0 17 23.8 0cd9414a_20240819_095744.data
90.0 170.0 17 23.6975 0cd9414a_20240819_095744.data
110.0 170.0 17 23.8 0cd9414a_20240819_095744.data
130.0 170.0 17 23.8 0cd9414a_20240819_095744.data
150.0 170.0 17 23.6975 0cd9414a_20240819_095744.data
170.0 170.0 17 23.6975 0cd9414a_20240819_095744.data
190.0 170.0 17 23.8 0cd9414a_20240819_095744.data
210.0 170.0 17 23.6975 0cd9414a_20240819_095744.data
230.0 170.0 17 23.6975 0cd9414a_20240819_095744.data
250.0 170.0 17 23.6975 0cd9414a_20240819_095744.data
270.0 170.0 17 23.6975 0cd9414a_20240819_095744.data
290.0 170.0 17 23.6975 0cd9414a_20240819_095744.data
290.0 190.0 17 23.6975 0cd9414a_20240819_095744.data
270.0 190.0 17 23.902100000000004 0cd9414a_20240819_095744.data
250.0 190.0 17 23.8 0cd9414a_20240819_095744.data
230.0 190.0 17 23.8 0cd9414a_20240819_095744.data
210.0 190.0 17 23.6975 0cd9414a_20240819_095744.data
190.0 190.0 17 23.6975 0cd9414a_20240819_095744.data
170.0 190.0 17 23.6975 0cd9414a_20240819_095744.data
150.0 190.0 17 23.6975 0cd9414a_20240819_095744.data
130.0 190.0 17 23.6975 0cd9414a_20240819_095744.data
110.0 190.0 17 23.6975 0cd9414a_20240819_095744.data
90.0 190.0 17 23.8 0cd9414a_20240819_095744.data
70.0 190.0 17 23.6975 0cd9414a_20240819_095744.data
50.0 190.0 17 23.8 0cd9414a_20240819_095744.data
30.0 190.0 17 23.6975 0cd9414a_20240819_095744.data
10.0 190.0 17 23.6975 0cd9414a_20240819_095744.data
10.0 210.0 17 23.6975 0cd9414a_20240819_095744.data
30.0 210.0 17 23.594575 0cd9414a_20240819_095744.data
50.0 210.0 17 23.6975 0cd9414a_20240819_095744.data
70.0 210.0 17 23.6975 0cd9414a_20240819_095744.data
90.0 210.0 17 23.8 0cd9414a_20240819_095744.data
110.0 210.0 17 23.6975 0cd9414a_20240819_095744.data
130.0 210.0 17 23.6975 0cd9414a_20240819_095744.data
150.0 210.0 17 23.6975 0cd9414a_20240819_095744.data
170.0 210.0 17 23.6975 0cd9414a_20240819_095744.data
190.0 210.0 17 23.6975 0cd9414a_20240819_095744.data
210.0 210.0 17 23.8 0cd9414a_20240819_095744.data
230.0 210.0 17 23.8 0cd9414a_20240819_095744.data
250.0 210.0 17 23.6975 0cd9414a_20240819_095744.data
270.0 210.0 17 23.8 0cd9414a_20240819_095744.data
290.0 210.0 17 23.594575 0cd9414a_20240819_095744.data
290.0 230.0 17 23.6975 0cd9414a_20240819_095744.data
270.0 230.0 17 23.6975 0cd9414a_20240819_095744.data
250.0 230.0 17 23.594575 0cd9414a_20240819_095744.data
230.0 230.0 17 23.6975 0cd9414a_20240819_095744.data
210.0 230.0 17 23.6975 0cd9414a_20240819_095744.data
190.0 230.0 17 23.6975 0cd9414a_20240819_095744.data
170.0 230.0 17 23.6975 0cd9414a_20240819_095744.data
150.0 230.0 17 23.6975 0cd9414a_20240819_095744.data
130.0 230.0 17 23.6975 0cd9414a_20240819_095744.data
110.0 230.0 17 23.8 0cd9414a_20240819_095744.data
90.0 230.0 17 23.6975 0cd9414a_20240819_095744.data
70.0 230.0 17 23.8 0cd9414a_20240819_095744.data
50.0 230.0 17 23.6975 0cd9414a_20240819_095744.data
30.0 230.0 17 23.6975 0cd9414a_20240819_095744.data
10.0 230.0 17 23.6975 0cd9414a_20240819_095744.data
10.0 250.0 17 23.6975 0cd9414a_20240819_095744.data
30.0 250.0 17 23.6975 0cd9414a_20240819_095744.data
50.0 250.0 17 23.6975 0cd9414a_20240819_095744.data
70.0 250.0 17 23.6975 0cd9414a_20240819_095744.data
90.0 250.0 17 23.6975 0cd9414a_20240819_095744.data
110.0 250.0 17 23.6975 0cd9414a_20240819_095744.data
130.0 250.0 17 23.8 0cd9414a_20240819_095744.data
150.0 250.0 17 23.6975 0cd9414a_20240819_095744.data
170.0 250.0 17 23.8 0cd9414a_20240819_095744.data
190.0 250.0 17 23.6975 0cd9414a_20240819_095744.data
210.0 250.0 17 23.6975 0cd9414a_20240819_095744.data
230.0 250.0 17 23.594575 0cd9414a_20240819_095744.data
250.0 250.0 17 23.6975 0cd9414a_20240819_095744.data
270.0 250.0 17 23.8 0cd9414a_20240819_095744.data
290.0 250.0 17 23.6975 0cd9414a_20240819_095744.data
290.0 270.0 17 23.6975 0cd9414a_20240819_095744.data
270.0 270.0 17 23.8 0cd9414a_20240819_095744.data
250.0 270.0 17 23.6975 0cd9414a_20240819_095744.data
230.0 270.0 17 23.6975 0cd9414a_20240819_095744.data
210.0 270.0 17 23.6975 0cd9414a_20240819_095744.data
190.0 270.0 17 23.6975 0cd9414a_20240819_095744.data
170.0 270.0 17 23.8 0cd9414a_20240819_095744.data
150.0 270.0 17 23.8 0cd9414a_20240819_095744.data
130.0 270.0 17 23.6975 0cd9414a_20240819_095744.data
110.0 270.0 17 -1 0cd9414a_20240819_095744.data
90.0 270.0 17 23.6975 0cd9414a_20240819_095744.data
70.0 270.0 17 23.6975 0cd9414a_20240819_095744.data
50.0 270.0 17 -1 0cd9414a_20240819_095744.data
30.0 270.0 17 23.6975 0cd9414a_20240819_095744.data
10.0 270.0 17 23.594575 0cd9414a_20240819_095744.data
10.0 290.0 17 -1 0cd9414a_20240819_095744.data
30.0 290.0 17 23.594575 0cd9414a_20240819_095744.data
50.0 290.0 17 23.594575 0cd9414a_20240819_095744.data
70.0 290.0 17 -1 0cd9414a_20240819_095744.data
90.0 290.0 17 23.594575 0cd9414a_20240819_095744.data
110.0 290.0 17 23.6975 0cd9414a_20240819_095744.data
130.0 290.0 17 -1 0cd9414a_20240819_095744.data
150.0 290.0 17 24.003973684210532 0cd9414a_20240819_095744.data
170.0 290.0 17 24.003973684210532 0cd9414a_20240819_095744.data
190.0 290.0 17 24.003973684210532 0cd9414a_20240819_095744.data
210.0 290.0 17 24.216789473684212 0cd9414a_20240819_095744.data
230.0 290.0 17 24.003973684210532 0cd9414a_20240819_095744.data
250.0 290.0 17 24.003973684210532 0cd9414a_20240819_095744.data
270.0 290.0 17 24.003973684210532 0cd9414a_20240819_095744.data
290.0 290.0 17 24.003973684210532 0cd9414a_20240819_095744.data
290.0 310.0 17 24.003973684210532 0cd9414a_20240819_095744.data
270.0 310.0 17 24.003973684210532 0cd9414a_20240819_095744.data
250.0 310.0 17 24.1106052631579 0cd9414a_20240819_095744.data
230.0 310.0 17 24.003973684210532 0cd9414a_20240819_095744.data
210.0 310.0 17 24.003973684210532 0cd9414a_20240819_095744.data
190.0 310.0 17 24.003973684210532 0cd9414a_20240819_095744.data
170.0 310.0 17 24.003973684210532 0cd9414a_20240819_095744.data
150.0 310.0 17 24.003973684210532 0cd9414a_20240819_095744.data
130.0 310.0 17 24.003973684210532 0cd9414a_20240819_095744.data
110.0 310.0 17 24.003973684210532 0cd9414a_20240819_095744.data
90.0 310.0 17 24.1106052631579 0cd9414a_20240819_095744.data
70.0 310.0 17 24.003973684210532 0cd9414a_20240819_095744.data
50.0 310.0 17 24.003973684210532 0cd9414a_20240819_095744.data
30.0 310.0 17 24.003973684210532 0cd9414a_20240819_095744.data
10.0 310.0 17 24.003973684210532 0cd9414a_20240819_095744.data
10.0 330.0 17 24.003973684210532 0cd9414a_20240819_095744.data
30.0 330.0 17 24.003973684210532 0cd9414a_20240819_095744.data
50.0 330.0 17 24.003973684210532 0cd9414a_20240819_095744.data
70.0 330.0 17 24.003973684210532 0cd9414a_20240819_095744.data
90.0 330.0 17 24.003973684210532 0cd9414a_20240819_095744.data
110.0 330.0 17 24.003973684210532 0cd9414a_20240819_095744.data
130.0 330.0 17 24.003973684210532 0cd9414a_20240819_095744.data
150.0 330.0 17 24.003973684210532 0cd9414a_20240819_095744.data
170.0 330.0 17 24.003973684210532 0cd9414a_20240819_095744.data
190.0 330.0 17 24.003973684210532 0cd9414a_20240819_095744.data
210.0 330.0 17 24.003973684210532 0cd9414a_20240819_095744.data
230.0 330.0 17 24.1106052631579 0cd9414a_20240819_095744.data
250.0 330.0 17 24.003973684210532 0cd9414a_20240819_095744.data
270.0 330.0 17 24.003973684210532 0cd9414a_20240819_095744.data
290.0 330.0 17 24.003973684210532 0cd9414a_20240819_095744.data
10.0 350.0 17 24.003973684210532 0cd9414a_20240819_095744.data
30.0 350.0 17 24.003973684210532 0cd9414a_20240819_095744.data
50.0 350.0 17 23.902100000000004 0cd9414a_20240819_095744.data
70.0 350.0 17 24.003973684210532 0cd9414a_20240819_095744.data
90.0 350.0 17 24.003973684210532 0cd9414a_20240819_095744.data
110.0 350.0 17 23.902100000000004 0cd9414a_20240819_095744.data
130.0 350.0 17 24.1106052631579 0cd9414a_20240819_095744.data
150.0 350.0 17 24.003973684210532 0cd9414a_20240819_095744.data
170.0 350.0 17 24.1106052631579 0cd9414a_20240819_095744.data
190.0 350.0 17 24.003973684210532 0cd9414a_20240819_095744.data
210.0 350.0 17 24.003973684210532 0cd9414a_20240819_095744.data
230.0 350.0 17 24.1106052631579 0cd9414a_20240819_095744.data
250.0 350.0 17 24.1106052631579 0cd9414a_20240819_095744.data
270.0 350.0 17 24.003973684210532 0cd9414a_20240819_095744.data
290.0 350.0 17 24.1106052631579 0cd9414a_20240819_095744.data
290.0 370.0 17 24.003973684210532 0cd9414a_20240819_095744.data
270.0 370.0 17 24.003973684210532 0cd9414a_20240819_095744.data
250.0 370.0 17 24.003973684210532 0cd9414a_20240819_095744.data
230.0 370.0 17 24.003973684210532 0cd9414a_20240819_095744.data
210.0 370.0 17 24.1106052631579 0cd9414a_20240819_095744.data
190.0 370.0 17 24.1106052631579 0cd9414a_20240819_095744.data
170.0 370.0 17 24.003973684210532 0cd9414a_20240819_095744.data
150.0 370.0 17 24.003973684210532 0cd9414a_20240819_095744.data
130.0 370.0 17 24.003973684210532 0cd9414a_20240819_095744.data
110.0 370.0 17 24.1106052631579 0cd9414a_20240819_095744.data
90.0 370.0 17 24.003973684210532 0cd9414a_20240819_095744.data
70.0 370.0 17 24.1106052631579 0cd9414a_20240819_095744.data
50.0 370.0 17 24.003973684210532 0cd9414a_20240819_095744.data
30.0 370.0 17 24.003973684210532 0cd9414a_20240819_095744.data
10.0 370.0 17 24.1106052631579 0cd9414a_20240819_095744.data
10.0 390.0 17 24.003973684210532 0cd9414a_20240819_095744.data
30.0 390.0 17 24.003973684210532 0cd9414a_20240819_095744.data
50.0 390.0 17 24.1106052631579 0cd9414a_20240819_095744.data
70.0 390.0 17 24.003973684210532 0cd9414a_20240819_095744.data
90.0 390.0 17 24.003973684210532 0cd9414a_20240819_095744.data
110.0 390.0 17 24.003973684210532 0cd9414a_20240819_095744.data
130.0 390.0 17 24.1106052631579 0cd9414a_20240819_095744.data
150.0 390.0 17 24.1106052631579 0cd9414a_20240819_095744.data
170.0 390.0 17 24.003973684210532 0cd9414a_20240819_095744.data
190.0 390.0 17 24.003973684210532 0cd9414a_20240819_095744.data
210.0 390.0 17 24.003973684210532 0cd9414a_20240819_095744.data
230.0 390.0 17 24.1106052631579 0cd9414a_20240819_095744.data
250.0 390.0 17 24.1106052631579 0cd9414a_20240819_095744.data
270.0 390.0 17 24.003973684210532 0cd9414a_20240819_095744.data
290.0 390.0 17 24.1106052631579 0cd9414a_20240819_095744.data
290.0 410.0 17 24.1106052631579 0cd9414a_20240819_095744.data
270.0 410.0 17 24.003973684210532 0cd9414a_20240819_095744.data
250.0 410.0 17 24.003973684210532 0cd9414a_20240819_095744.data
230.0 410.0 17 24.003973684210532 0cd9414a_20240819_095744.data
210.0 410.0 17 24.003973684210532 0cd9414a_20240819_095744.data
190.0 410.0 17 24.003973684210532 0cd9414a_20240819_095744.data
170.0 410.0 17 24.003973684210532 0cd9414a_20240819_095744.data
150.0 410.0 17 24.003973684210532 0cd9414a_20240819_095744.data
130.0 410.0 17 24.003973684210532 0cd9414a_20240819_095744.data
110.0 410.0 17 24.003973684210532 0cd9414a_20240819_095744.data
90.0 410.0 17 24.1106052631579 0cd9414a_20240819_095744.data
70.0 410.0 17 24.1106052631579 0cd9414a_20240819_095744.data
50.0 410.0 17 24.003973684210532 0cd9414a_20240819_095744.data
30.0 410.0 17 24.003973684210532 0cd9414a_20240819_095744.data
10.0 410.0 17 24.1106052631579 0cd9414a_20240819_095744.data
10.0 430.0 17 24.1106052631579 0cd9414a_20240819_095744.data
30.0 430.0 17 24.1106052631579 0cd9414a_20240819_095744.data
50.0 430.0 17 24.003973684210532 0cd9414a_20240819_095744.data
70.0 430.0 17 24.003973684210532 0cd9414a_20240819_095744.data
90.0 430.0 17 24.003973684210532 0cd9414a_20240819_095744.data
110.0 430.0 17 24.1106052631579 0cd9414a_20240819_095744.data
130.0 430.0 17 24.003973684210532 0cd9414a_20240819_095744.data
150.0 430.0 17 24.1106052631579 0cd9414a_20240819_095744.data
170.0 430.0 17 24.1106052631579 0cd9414a_20240819_095744.data
190.0 430.0 17 24.003973684210532 0cd9414a_20240819_095744.data
210.0 430.0 17 24.003973684210532 0cd9414a_20240819_095744.data
230.0 430.0 17 24.1106052631579 0cd9414a_20240819_095744.data
250.0 430.0 17 24.216789473684212 0cd9414a_20240819_095744.data
270.0 430.0 17 24.1106052631579 0cd9414a_20240819_095744.data
290.0 430.0 17 24.003973684210532 0cd9414a_20240819_095744.data
290.0 450.0 17 24.1106052631579 0cd9414a_20240819_095744.data
270.0 450.0 17 24.003973684210532 0cd9414a_20240819_095744.data
250.0 450.0 17 24.1106052631579 0cd9414a_20240819_095744.data
230.0 450.0 17 24.1106052631579 0cd9414a_20240819_095744.data
210.0 450.0 17 24.003973684210532 0cd9414a_20240819_095744.data
190.0 450.0 17 24.1106052631579 0cd9414a_20240819_095744.data
170.0 450.0 17 23.902100000000004 0cd9414a_20240819_095744.data
150.0 450.0 17 24.1106052631579 0cd9414a_20240819_095744.data
130.0 450.0 17 24.1106052631579 0cd9414a_20240819_095744.data
110.0 450.0 17 24.1106052631579 0cd9414a_20240819_095744.data
90.0 450.0 17 24.003973684210532 0cd9414a_20240819_095744.data
70.0 450.0 17 24.1106052631579 0cd9414a_20240819_095744.data
50.0 450.0 17 24.003973684210532 0cd9414a_20240819_095744.data
30.0 450.0 17 24.1106052631579 0cd9414a_20240819_095744.data
10.0 450.0 17 24.003973684210532 0cd9414a_20240819_095744.data
10.0 470.0 17 24.1106052631579 0cd9414a_20240819_095744.data
30.0 470.0 17 24.003973684210532 0cd9414a_20240819_095744.data
50.0 470.0 17 24.1106052631579 0cd9414a_20240819_095744.data
70.0 470.0 17 24.003973684210532 0cd9414a_20240819_095744.data
90.0 470.0 17 24.003973684210532 0cd9414a_20240819_095744.data
110.0 470.0 17 24.1106052631579 0cd9414a_20240819_095744.data
130.0 470.0 17 24.003973684210532 0cd9414a_20240819_095744.data
150.0 470.0 17 24.003973684210532 0cd9414a_20240819_095744.data
170.0 470.0 17 24.003973684210532 0cd9414a_20240819_095744.data
190.0 470.0 17 24.1106052631579 0cd9414a_20240819_095744.data
210.0 470.0 17 24.003973684210532 0cd9414a_20240819_095744.data
230.0 470.0 17 24.003973684210532 0cd9414a_20240819_095744.data
250.0 470.0 17 24.1106052631579 0cd9414a_20240819_095744.data
270.0 470.0 17 24.003973684210532 0cd9414a_20240819_095744.data
290.0 470.0 17 24.1106052631579 0cd9414a_20240819_095744.data
