-1 -1 -1 22.35861904761905 0cd9414a_20240916_094843.data
10.0 10.0 17 22.666095238095238 0cd9414a_20240916_094922.data
30.0 10.0 17 22.35861904761905 0cd9414a_20240916_094946.data
50.0 10.0 17 22.767738095238098 0cd9414a_20240916_095010.data
70.0 10.0 17 22.46152380952381 0cd9414a_20240916_095034.data
90.0 10.0 17 22.666095238095238 0cd9414a_20240916_095058.data
110.0 10.0 17 22.666095238095238 0cd9414a_20240916_095122.data
130.0 10.0 17 22.666095238095238 0cd9414a_20240916_095146.data
150.0 10.0 17 22.767738095238098 0cd9414a_20240916_095210.data
170.0 10.0 17 22.666095238095238 0cd9414a_20240916_095234.data
190.0 10.0 17 22.666095238095238 0cd9414a_20240916_095258.data
210.0 10.0 17 22.767738095238098 0cd9414a_20240916_095322.data
230.0 10.0 17 22.666095238095238 0cd9414a_20240916_095346.data
250.0 10.0 17 22.767738095238098 0cd9414a_20240916_095410.data
270.0 10.0 17 22.46152380952381 0cd9414a_20240916_095434.data
290.0 10.0 17 22.666095238095238 0cd9414a_20240916_095458.data
290.0 30.0 17 22.46152380952381 0cd9414a_20240916_095522.data
270.0 30.0 17 22.767738095238098 0cd9414a_20240916_095546.data
250.0 30.0 17 22.35861904761905 0cd9414a_20240916_095610.data
230.0 30.0 17 22.767738095238098 0cd9414a_20240916_095634.data
210.0 30.0 17 22.56402380952381 0cd9414a_20240916_095658.data
190.0 30.0 17 22.767738095238098 0cd9414a_20240916_095722.data
170.0 30.0 17 22.46152380952381 0cd9414a_20240916_095746.data
150.0 30.0 17 22.56402380952381 0cd9414a_20240916_095810.data
130.0 30.0 17 22.666095238095238 0cd9414a_20240916_095834.data
110.0 30.0 17 22.666095238095238 0cd9414a_20240916_095858.data
90.0 30.0 17 22.666095238095238 0cd9414a_20240916_095922.data
70.0 30.0 17 22.56402380952381 0cd9414a_20240916_095946.data
50.0 30.0 17 22.46152380952381 0cd9414a_20240916_100010.data
30.0 30.0 17 22.35861904761905 0cd9414a_20240916_100034.data
10.0 30.0 17 22.666095238095238 0cd9414a_20240916_100058.data
10.0 50.0 17 22.56402380952381 0cd9414a_20240916_100122.data
30.0 50.0 17 22.767738095238098 0cd9414a_20240916_100146.data
50.0 50.0 17 22.35861904761905 0cd9414a_20240916_100210.data
70.0 50.0 17 22.767738095238098 0cd9414a_20240916_100234.data
90.0 50.0 17 22.56402380952381 0cd9414a_20240916_100258.data
110.0 50.0 17 22.767738095238098 0cd9414a_20240916_100322.data
130.0 50.0 17 22.46152380952381 0cd9414a_20240916_100346.data
150.0 50.0 17 22.767738095238098 0cd9414a_20240916_100411.data
170.0 50.0 17 22.46152380952381 0cd9414a_20240916_100435.data
190.0 50.0 17 22.666095238095238 0cd9414a_20240916_100459.data
210.0 50.0 17 22.56402380952381 0cd9414a_20240916_100523.data
230.0 50.0 17 22.666095238095238 0cd9414a_20240916_100547.data
250.0 50.0 17 22.35861904761905 0cd9414a_20240916_100611.data
270.0 50.0 17 22.767738095238098 0cd9414a_20240916_100635.data
290.0 50.0 17 22.46152380952381 0cd9414a_20240916_100659.data
290.0 70.0 17 22.767738095238098 0cd9414a_20240916_100723.data
270.0 70.0 17 22.46152380952381 0cd9414a_20240916_100747.data
250.0 70.0 17 22.666095238095238 0cd9414a_20240916_100811.data
230.0 70.0 17 22.35861904761905 0cd9414a_20240916_100835.data
210.0 70.0 17 22.56402380952381 0cd9414a_20240916_100859.data
190.0 70.0 17 22.767738095238098 0cd9414a_20240916_100923.data
170.0 70.0 17 22.666095238095238 0cd9414a_20240916_100947.data
150.0 70.0 17 22.46152380952381 0cd9414a_20240916_101011.data
130.0 70.0 17 22.666095238095238 0cd9414a_20240916_101035.data
110.0 70.0 17 22.46152380952381 0cd9414a_20240916_101059.data
90.0 70.0 17 22.767738095238098 0cd9414a_20240916_101123.data
70.0 70.0 17 22.56402380952381 0cd9414a_20240916_101147.data
50.0 70.0 17 22.767738095238098 0cd9414a_20240916_101211.data
30.0 70.0 17 22.56402380952381 0cd9414a_20240916_101235.data
10.0 70.0 17 22.767738095238098 0cd9414a_20240916_101259.data
10.0 90.0 17 22.35861904761905 0cd9414a_20240916_101323.data
30.0 90.0 17 22.767738095238098 0cd9414a_20240916_101347.data
50.0 90.0 17 22.666095238095238 0cd9414a_20240916_101411.data
70.0 90.0 17 22.767738095238098 0cd9414a_20240916_101435.data
90.0 90.0 17 22.767738095238098 0cd9414a_20240916_101459.data
110.0 90.0 17 22.767738095238098 0cd9414a_20240916_101523.data
130.0 90.0 17 22.767738095238098 0cd9414a_20240916_101547.data
150.0 90.0 17 22.46152380952381 0cd9414a_20240916_101611.data
170.0 90.0 17 22.767738095238098 0cd9414a_20240916_101635.data
190.0 90.0 17 22.767738095238098 0cd9414a_20240916_101659.data
210.0 90.0 17 22.767738095238098 0cd9414a_20240916_101723.data
230.0 90.0 17 22.56402380952381 0cd9414a_20240916_101747.data
250.0 90.0 17 22.767738095238098 0cd9414a_20240916_101811.data
270.0 90.0 17 22.767738095238098 0cd9414a_20240916_101835.data
290.0 90.0 17 22.46152380952381 0cd9414a_20240916_101859.data
290.0 110.0 17 22.767738095238098 0cd9414a_20240916_101923.data
270.0 110.0 17 22.56402380952381 0cd9414a_20240916_101947.data
250.0 110.0 17 22.767738095238098 0cd9414a_20240916_102011.data
230.0 110.0 17 22.767738095238098 0cd9414a_20240916_102035.data
210.0 110.0 17 22.666095238095238 0cd9414a_20240916_102059.data
190.0 110.0 17 22.767738095238098 0cd9414a_20240916_102123.data
170.0 110.0 17 22.767738095238098 0cd9414a_20240916_102147.data
150.0 110.0 17 22.46152380952381 0cd9414a_20240916_102211.data
130.0 110.0 17 22.767738095238098 0cd9414a_20240916_102235.data
110.0 110.0 17 22.666095238095238 0cd9414a_20240916_102259.data
90.0 110.0 17 22.56402380952381 0cd9414a_20240916_102323.data
70.0 110.0 17 22.767738095238098 0cd9414a_20240916_102347.data
50.0 110.0 17 22.767738095238098 0cd9414a_20240916_102411.data
30.0 110.0 17 22.767738095238098 0cd9414a_20240916_102435.data
10.0 110.0 17 22.767738095238098 0cd9414a_20240916_102459.data
10.0 130.0 17 22.56402380952381 0cd9414a_20240916_102523.data
30.0 130.0 17 22.666095238095238 0cd9414a_20240916_102547.data
50.0 130.0 17 22.35861904761905 0cd9414a_20240916_102611.data
70.0 130.0 17 22.56402380952381 0cd9414a_20240916_102635.data
90.0 130.0 17 22.666095238095238 0cd9414a_20240916_102659.data
110.0 130.0 17 22.666095238095238 0cd9414a_20240916_102723.data
130.0 130.0 17 22.56402380952381 0cd9414a_20240916_102747.data
150.0 130.0 17 22.767738095238098 0cd9414a_20240916_102811.data
170.0 130.0 17 22.666095238095238 0cd9414a_20240916_102835.data
190.0 130.0 17 22.56402380952381 0cd9414a_20240916_102859.data
210.0 130.0 17 22.767738095238098 0cd9414a_20240916_102923.data
230.0 130.0 17 22.767738095238098 0cd9414a_20240916_102947.data
250.0 130.0 17 22.46152380952381 0cd9414a_20240916_103011.data
270.0 130.0 17 22.666095238095238 0cd9414a_20240916_103035.data
290.0 130.0 17 22.767738095238098 0cd9414a_20240916_103059.data
290.0 150.0 17 22.666095238095238 0cd9414a_20240916_103123.data
270.0 150.0 17 22.46152380952381 0cd9414a_20240916_103147.data
250.0 150.0 17 22.46152380952381 0cd9414a_20240916_103211.data
230.0 150.0 17 22.666095238095238 0cd9414a_20240916_103235.data
210.0 150.0 17 22.767738095238098 0cd9414a_20240916_103259.data
190.0 150.0 17 22.56402380952381 0cd9414a_20240916_103323.data
170.0 150.0 17 22.868976190476186 0cd9414a_20240916_103347.data
150.0 150.0 17 22.767738095238098 0cd9414a_20240916_103412.data
130.0 150.0 17 22.767738095238098 0cd9414a_20240916_103436.data
110.0 150.0 17 22.666095238095238 0cd9414a_20240916_103500.data
90.0 150.0 17 22.767738095238098 0cd9414a_20240916_103524.data
70.0 150.0 17 22.767738095238098 0cd9414a_20240916_103548.data
50.0 150.0 17 22.56402380952381 0cd9414a_20240916_103612.data
30.0 150.0 17 22.666095238095238 0cd9414a_20240916_103636.data
10.0 150.0 17 22.767738095238098 0cd9414a_20240916_103700.data
10.0 170.0 17 22.767738095238098 0cd9414a_20240916_103724.data
30.0 170.0 17 22.767738095238098 0cd9414a_20240916_103748.data
50.0 170.0 17 22.666095238095238 0cd9414a_20240916_103812.data
70.0 170.0 17 22.767738095238098 0cd9414a_20240916_103836.data
90.0 170.0 17 22.868976190476186 0cd9414a_20240916_103900.data
110.0 170.0 17 22.767738095238098 0cd9414a_20240916_103924.data
130.0 170.0 17 22.46152380952381 0cd9414a_20240916_103948.data
150.0 170.0 17 22.767738095238098 0cd9414a_20240916_104012.data
170.0 170.0 17 22.767738095238098 0cd9414a_20240916_104036.data
190.0 170.0 17 22.868976190476186 0cd9414a_20240916_104100.data
210.0 170.0 17 22.666095238095238 0cd9414a_20240916_104124.data
230.0 170.0 17 22.767738095238098 0cd9414a_20240916_104148.data
250.0 170.0 17 22.767738095238098 0cd9414a_20240916_104212.data
270.0 170.0 17 22.767738095238098 0cd9414a_20240916_104236.data
290.0 170.0 17 22.868976190476186 0cd9414a_20240916_104300.data
290.0 190.0 17 22.666095238095238 0cd9414a_20240916_104324.data
270.0 190.0 17 22.56402380952381 0cd9414a_20240916_104348.data
250.0 190.0 17 22.666095238095238 0cd9414a_20240916_104412.data
230.0 190.0 17 22.56402380952381 0cd9414a_20240916_104436.data
210.0 190.0 17 22.767738095238098 0cd9414a_20240916_104500.data
190.0 190.0 17 22.767738095238098 0cd9414a_20240916_104524.data
170.0 190.0 17 22.767738095238098 0cd9414a_20240916_104548.data
150.0 190.0 17 22.767738095238098 0cd9414a_20240916_104612.data
130.0 190.0 17 22.767738095238098 0cd9414a_20240916_104636.data
110.0 190.0 17 22.56402380952381 0cd9414a_20240916_104700.data
90.0 190.0 17 22.767738095238098 0cd9414a_20240916_104724.data
70.0 190.0 17 22.767738095238098 0cd9414a_20240916_104748.data
50.0 190.0 17 22.666095238095238 0cd9414a_20240916_104812.data
30.0 190.0 17 22.767738095238098 0cd9414a_20240916_104836.data
10.0 190.0 17 22.666095238095238 0cd9414a_20240916_104900.data
10.0 210.0 17 22.56402380952381 0cd9414a_20240916_104924.data
30.0 210.0 17 22.46152380952381 0cd9414a_20240916_104948.data
50.0 210.0 17 22.666095238095238 0cd9414a_20240916_105012.data
70.0 210.0 17 22.666095238095238 0cd9414a_20240916_105036.data
90.0 210.0 17 22.56402380952381 0cd9414a_20240916_105100.data
110.0 210.0 17 22.46152380952381 0cd9414a_20240916_105124.data
130.0 210.0 17 22.56402380952381 0cd9414a_20240916_105148.data
150.0 210.0 17 22.46152380952381 0cd9414a_20240916_105212.data
170.0 210.0 17 22.46152380952381 0cd9414a_20240916_105236.data
190.0 210.0 17 22.46152380952381 0cd9414a_20240916_105300.data
210.0 210.0 17 22.666095238095238 0cd9414a_20240916_105324.data
230.0 210.0 17 22.46152380952381 0cd9414a_20240916_105348.data
250.0 210.0 17 22.56402380952381 0cd9414a_20240916_105412.data
270.0 210.0 17 22.46152380952381 0cd9414a_20240916_105436.data
290.0 210.0 17 22.56402380952381 0cd9414a_20240916_105500.data
290.0 230.0 17 22.56402380952381 0cd9414a_20240916_105524.data
270.0 230.0 17 22.56402380952381 0cd9414a_20240916_105548.data
250.0 230.0 17 22.56402380952381 0cd9414a_20240916_105612.data
230.0 230.0 17 22.56402380952381 0cd9414a_20240916_105636.data
210.0 230.0 17 22.56402380952381 0cd9414a_20240916_105700.data
190.0 230.0 17 22.56402380952381 0cd9414a_20240916_105724.data
170.0 230.0 17 22.56402380952381 0cd9414a_20240916_105748.data
150.0 230.0 17 22.56402380952381 0cd9414a_20240916_105812.data
130.0 230.0 17 22.56402380952381 0cd9414a_20240916_105836.data
110.0 230.0 17 22.46152380952381 0cd9414a_20240916_105900.data
90.0 230.0 17 22.56402380952381 0cd9414a_20240916_105924.data
70.0 230.0 17 22.56402380952381 0cd9414a_20240916_105948.data
50.0 230.0 17 22.46152380952381 0cd9414a_20240916_110012.data
30.0 230.0 17 22.46152380952381 0cd9414a_20240916_110036.data
10.0 230.0 17 22.56402380952381 0cd9414a_20240916_110100.data
10.0 250.0 17 22.56402380952381 0cd9414a_20240916_110124.data
30.0 250.0 17 22.56402380952381 0cd9414a_20240916_110148.data
50.0 250.0 17 22.56402380952381 0cd9414a_20240916_110212.data
70.0 250.0 17 22.46152380952381 0cd9414a_20240916_110236.data
90.0 250.0 17 22.56402380952381 0cd9414a_20240916_110301.data
110.0 250.0 17 22.767738095238098 0cd9414a_20240916_110324.data
130.0 250.0 17 22.56402380952381 0cd9414a_20240916_110349.data
150.0 250.0 17 22.56402380952381 0cd9414a_20240916_110413.data
170.0 250.0 17 22.46152380952381 0cd9414a_20240916_110437.data
190.0 250.0 17 22.56402380952381 0cd9414a_20240916_110501.data
210.0 250.0 17 22.56402380952381 0cd9414a_20240916_110525.data
230.0 250.0 17 22.56402380952381 0cd9414a_20240916_110549.data
250.0 250.0 17 22.666095238095238 0cd9414a_20240916_110613.data
270.0 250.0 17 22.56402380952381 0cd9414a_20240916_110637.data
290.0 250.0 17 22.56402380952381 0cd9414a_20240916_110701.data
290.0 270.0 17 22.56402380952381 0cd9414a_20240916_110725.data
270.0 270.0 17 22.56402380952381 0cd9414a_20240916_110749.data
250.0 270.0 17 22.56402380952381 0cd9414a_20240916_110813.data
230.0 270.0 17 22.56402380952381 0cd9414a_20240916_110837.data
210.0 270.0 17 22.56402380952381 0cd9414a_20240916_110901.data
190.0 270.0 17 22.56402380952381 0cd9414a_20240916_110925.data
170.0 270.0 17 22.56402380952381 0cd9414a_20240916_110949.data
150.0 270.0 17 22.56402380952381 0cd9414a_20240916_111013.data
130.0 270.0 17 22.46152380952381 0cd9414a_20240916_111037.data
110.0 270.0 17 22.56402380952381 0cd9414a_20240916_111101.data
90.0 270.0 17 22.56402380952381 0cd9414a_20240916_111125.data
70.0 270.0 17 22.56402380952381 0cd9414a_20240916_111149.data
50.0 270.0 17 -1 0cd9414a_20240916_111213.data
30.0 270.0 17 22.56402380952381 0cd9414a_20240916_111237.data
10.0 270.0 17 22.56402380952381 0cd9414a_20240916_111301.data
10.0 290.0 17 -1 0cd9414a_20240916_111325.data
30.0 290.0 17 22.56402380952381 0cd9414a_20240916_111349.data
50.0 290.0 17 22.46152380952381 0cd9414a_20240916_111413.data
70.0 290.0 17 -1 0cd9414a_20240916_111437.data
90.0 290.0 17 22.767738095238098 0cd9414a_20240916_111501.data
110.0 290.0 17 22.46152380952381 0cd9414a_20240916_111525.data
130.0 290.0 17 -1 0cd9414a_20240916_111549.data
150.0 290.0 17 22.56402380952381 0cd9414a_20240916_111613.data
170.0 290.0 17 22.56402380952381 0cd9414a_20240916_111637.data
190.0 290.0 17 -1 0cd9414a_20240916_111701.data
210.0 290.0 17 22.868976190476186 0cd9414a_20240916_111725.data
230.0 290.0 17 22.969809523809523 0cd9414a_20240916_111749.data
250.0 290.0 17 22.868976190476186 0cd9414a_20240916_111813.data
270.0 290.0 17 22.868976190476186 0cd9414a_20240916_111837.data
290.0 290.0 17 22.868976190476186 0cd9414a_20240916_111901.data
290.0 310.0 17 22.868976190476186 0cd9414a_20240916_111925.data
270.0 310.0 17 22.868976190476186 0cd9414a_20240916_111949.data
250.0 310.0 17 22.868976190476186 0cd9414a_20240916_112013.data
230.0 310.0 17 22.868976190476186 0cd9414a_20240916_112037.data
210.0 310.0 17 22.868976190476186 0cd9414a_20240916_112101.data
190.0 310.0 17 23.178749999999997 0cd9414a_20240916_112125.data
170.0 310.0 17 22.868976190476186 0cd9414a_20240916_112149.data
150.0 310.0 17 22.868976190476186 0cd9414a_20240916_112213.data
130.0 310.0 17 22.969809523809523 0cd9414a_20240916_112237.data
110.0 310.0 17 22.767738095238098 0cd9414a_20240916_112301.data
90.0 310.0 17 22.969809523809523 0cd9414a_20240916_112325.data
70.0 310.0 17 22.969809523809523 0cd9414a_20240916_112349.data
50.0 310.0 17 22.868976190476186 0cd9414a_20240916_112413.data
30.0 310.0 17 22.969809523809523 0cd9414a_20240916_112437.data
10.0 310.0 17 22.868976190476186 0cd9414a_20240916_112501.data
10.0 330.0 17 22.868976190476186 0cd9414a_20240916_112525.data
30.0 330.0 17 22.868976190476186 0cd9414a_20240916_112549.data
50.0 330.0 17 22.868976190476186 0cd9414a_20240916_112613.data
70.0 330.0 17 22.969809523809523 0cd9414a_20240916_112637.data
90.0 330.0 17 22.969809523809523 0cd9414a_20240916_112701.data
110.0 330.0 17 22.868976190476186 0cd9414a_20240916_112725.data
130.0 330.0 17 22.868976190476186 0cd9414a_20240916_112749.data
150.0 330.0 17 22.868976190476186 0cd9414a_20240916_112813.data
170.0 330.0 17 22.969809523809523 0cd9414a_20240916_112837.data
190.0 330.0 17 22.868976190476186 0cd9414a_20240916_112901.data
210.0 330.0 17 22.868976190476186 0cd9414a_20240916_112925.data
230.0 330.0 17 22.868976190476186 0cd9414a_20240916_112949.data
250.0 330.0 17 22.868976190476186 0cd9414a_20240916_113013.data
270.0 330.0 17 22.969809523809523 0cd9414a_20240916_113037.data
290.0 330.0 17 22.868976190476186 0cd9414a_20240916_113102.data
10.0 350.0 17 22.868976190476186 0cd9414a_20240916_113655.data
30.0 350.0 17 22.868976190476186 0cd9414a_20240916_113719.data
50.0 350.0 17 22.868976190476186 0cd9414a_20240916_113743.data
70.0 350.0 17 22.868976190476186 0cd9414a_20240916_113807.data
90.0 350.0 17 22.868976190476186 0cd9414a_20240916_113831.data
110.0 350.0 17 22.868976190476186 0cd9414a_20240916_113855.data
130.0 350.0 17 22.969809523809523 0cd9414a_20240916_113919.data
150.0 350.0 17 22.969809523809523 0cd9414a_20240916_113943.data
170.0 350.0 17 22.767738095238098 0cd9414a_20240916_114007.data
190.0 350.0 17 22.868976190476186 0cd9414a_20240916_114031.data
210.0 350.0 17 22.767738095238098 0cd9414a_20240916_114055.data
230.0 350.0 17 22.868976190476186 0cd9414a_20240916_114119.data
250.0 350.0 17 22.969809523809523 0cd9414a_20240916_114143.data
270.0 350.0 17 22.969809523809523 0cd9414a_20240916_114207.data
290.0 350.0 17 22.969809523809523 0cd9414a_20240916_114232.data
290.0 370.0 17 22.868976190476186 0cd9414a_20240916_114256.data
270.0 370.0 17 22.868976190476186 0cd9414a_20240916_114320.data
250.0 370.0 17 22.868976190476186 0cd9414a_20240916_114344.data
230.0 370.0 17 22.969809523809523 0cd9414a_20240916_114408.data
210.0 370.0 17 22.868976190476186 0cd9414a_20240916_114432.data
190.0 370.0 17 22.969809523809523 0cd9414a_20240916_114456.data
170.0 370.0 17 22.868976190476186 0cd9414a_20240916_114520.data
150.0 370.0 17 22.868976190476186 0cd9414a_20240916_114544.data
130.0 370.0 17 22.868976190476186 0cd9414a_20240916_114608.data
110.0 370.0 17 22.868976190476186 0cd9414a_20240916_114632.data
90.0 370.0 17 22.868976190476186 0cd9414a_20240916_114656.data
70.0 370.0 17 22.868976190476186 0cd9414a_20240916_114720.data
50.0 370.0 17 22.969809523809523 0cd9414a_20240916_114744.data
30.0 370.0 17 22.868976190476186 0cd9414a_20240916_114808.data
10.0 370.0 17 22.868976190476186 0cd9414a_20240916_114832.data
10.0 390.0 17 22.868976190476186 0cd9414a_20240916_114856.data
30.0 390.0 17 22.969809523809523 0cd9414a_20240916_114920.data
50.0 390.0 17 22.767738095238098 0cd9414a_20240916_114944.data
70.0 390.0 17 22.868976190476186 0cd9414a_20240916_115008.data
90.0 390.0 17 22.868976190476186 0cd9414a_20240916_115032.data
110.0 390.0 17 22.868976190476186 0cd9414a_20240916_115056.data
130.0 390.0 17 22.969809523809523 0cd9414a_20240916_115120.data
150.0 390.0 17 22.868976190476186 0cd9414a_20240916_115144.data
170.0 390.0 17 22.969809523809523 0cd9414a_20240916_115208.data
190.0 390.0 17 22.969809523809523 0cd9414a_20240916_115232.data
210.0 390.0 17 22.868976190476186 0cd9414a_20240916_115256.data
230.0 390.0 17 22.969809523809523 0cd9414a_20240916_115320.data
250.0 390.0 17 23.073725 0cd9414a_20240916_115344.data
270.0 390.0 17 22.868976190476186 0cd9414a_20240916_115408.data
290.0 390.0 17 22.868976190476186 0cd9414a_20240916_115432.data
290.0 410.0 17 22.868976190476186 0cd9414a_20240916_115456.data
270.0 410.0 17 22.868976190476186 0cd9414a_20240916_115520.data
250.0 410.0 17 22.969809523809523 0cd9414a_20240916_115544.data
230.0 410.0 17 22.868976190476186 0cd9414a_20240916_115608.data
210.0 410.0 17 22.969809523809523 0cd9414a_20240916_115632.data
190.0 410.0 17 22.969809523809523 0cd9414a_20240916_115656.data
170.0 410.0 17 22.868976190476186 0cd9414a_20240916_115720.data
150.0 410.0 17 22.969809523809523 0cd9414a_20240916_115744.data
130.0 410.0 17 22.969809523809523 0cd9414a_20240916_115808.data
110.0 410.0 17 22.969809523809523 0cd9414a_20240916_115832.data
90.0 410.0 17 22.969809523809523 0cd9414a_20240916_115856.data
70.0 410.0 17 22.868976190476186 0cd9414a_20240916_115920.data
50.0 410.0 17 22.868976190476186 0cd9414a_20240916_115944.data
30.0 410.0 17 22.868976190476186 0cd9414a_20240916_120008.data
10.0 410.0 17 22.969809523809523 0cd9414a_20240916_120032.data
10.0 430.0 17 22.868976190476186 0cd9414a_20240916_120056.data
30.0 430.0 17 22.868976190476186 0cd9414a_20240916_120120.data
50.0 430.0 17 22.868976190476186 0cd9414a_20240916_120144.data
70.0 430.0 17 22.969809523809523 0cd9414a_20240916_120208.data
90.0 430.0 17 22.868976190476186 0cd9414a_20240916_120232.data
110.0 430.0 17 22.969809523809523 0cd9414a_20240916_120256.data
130.0 430.0 17 22.868976190476186 0cd9414a_20240916_120320.data
150.0 430.0 17 22.868976190476186 0cd9414a_20240916_120344.data
170.0 430.0 17 22.868976190476186 0cd9414a_20240916_120408.data
190.0 430.0 17 22.868976190476186 0cd9414a_20240916_120432.data
210.0 430.0 17 22.868976190476186 0cd9414a_20240916_120456.data
230.0 430.0 17 22.969809523809523 0cd9414a_20240916_120520.data
250.0 430.0 17 22.868976190476186 0cd9414a_20240916_120544.data
270.0 430.0 17 22.868976190476186 0cd9414a_20240916_120608.data
290.0 430.0 17 22.868976190476186 0cd9414a_20240916_120632.data
290.0 450.0 17 22.969809523809523 0cd9414a_20240916_120656.data
270.0 450.0 17 22.868976190476186 0cd9414a_20240916_120720.data
250.0 450.0 17 22.868976190476186 0cd9414a_20240916_120744.data
230.0 450.0 17 22.969809523809523 0cd9414a_20240916_120808.data
210.0 450.0 17 22.969809523809523 0cd9414a_20240916_120832.data
190.0 450.0 17 22.969809523809523 0cd9414a_20240916_120856.data
170.0 450.0 17 22.969809523809523 0cd9414a_20240916_120920.data
150.0 450.0 17 22.868976190476186 0cd9414a_20240916_120944.data
130.0 450.0 17 22.868976190476186 0cd9414a_20240916_121008.data
110.0 450.0 17 22.868976190476186 0cd9414a_20240916_121032.data
90.0 450.0 17 22.969809523809523 0cd9414a_20240916_121056.data
70.0 450.0 17 22.767738095238098 0cd9414a_20240916_121120.data
50.0 450.0 17 22.767738095238098 0cd9414a_20240916_121145.data
30.0 450.0 17 22.868976190476186 0cd9414a_20240916_121208.data
10.0 450.0 17 22.969809523809523 0cd9414a_20240916_121233.data
10.0 470.0 17 22.969809523809523 0cd9414a_20240916_121257.data
30.0 470.0 17 22.868976190476186 0cd9414a_20240916_121321.data
50.0 470.0 17 22.868976190476186 0cd9414a_20240916_121345.data
70.0 470.0 17 22.969809523809523 0cd9414a_20240916_121409.data
90.0 470.0 17 22.868976190476186 0cd9414a_20240916_121433.data
110.0 470.0 17 22.969809523809523 0cd9414a_20240916_121457.data
130.0 470.0 17 22.868976190476186 0cd9414a_20240916_121521.data
150.0 470.0 17 22.868976190476186 0cd9414a_20240916_121545.data
170.0 470.0 17 22.868976190476186 0cd9414a_20240916_121609.data
190.0 470.0 17 22.969809523809523 0cd9414a_20240916_121633.data
210.0 470.0 17 22.868976190476186 0cd9414a_20240916_121657.data
230.0 470.0 17 22.868976190476186 0cd9414a_20240916_121721.data
250.0 470.0 17 22.969809523809523 0cd9414a_20240916_121745.data
270.0 470.0 17 22.969809523809523 0cd9414a_20240916_121809.data
290.0 470.0 17 22.868976190476186 0cd9414a_20240916_121833.data
