-1 -1 -1 27.709061674008815 0cd9414a_20240815_162215.data
10.0 10.0 17 27.598634361233486 0cd9414a_20240815_162254.data
30.0 10.0 17 27.598634361233486 0cd9414a_20240815_162319.data
50.0 10.0 17 27.487775330396477 0cd9414a_20240815_162342.data
70.0 10.0 17 27.487775330396477 0cd9414a_20240815_162407.data
90.0 10.0 17 27.598634361233486 0cd9414a_20240815_162430.data
110.0 10.0 17 27.709061674008815 0cd9414a_20240815_162454.data
130.0 10.0 17 27.598634361233486 0cd9414a_20240815_162519.data
150.0 10.0 17 27.709061674008815 0cd9414a_20240815_162543.data
170.0 10.0 17 27.709061674008815 0cd9414a_20240815_162607.data
190.0 10.0 17 27.598634361233486 0cd9414a_20240815_162631.data
210.0 10.0 17 27.598634361233486 0cd9414a_20240815_162655.data
230.0 10.0 17 27.598634361233486 0cd9414a_20240815_162719.data
250.0 10.0 17 27.598634361233486 0cd9414a_20240815_162743.data
270.0 10.0 17 27.598634361233486 0cd9414a_20240815_162807.data
290.0 10.0 17 27.598634361233486 0cd9414a_20240815_162831.data
290.0 30.0 17 27.709061674008815 0cd9414a_20240815_162855.data
270.0 30.0 17 27.598634361233486 0cd9414a_20240815_162919.data
250.0 30.0 17 27.598634361233486 0cd9414a_20240815_162943.data
230.0 30.0 17 27.598634361233486 0cd9414a_20240815_163007.data
210.0 30.0 17 27.487775330396477 0cd9414a_20240815_163031.data
190.0 30.0 17 27.598634361233486 0cd9414a_20240815_163055.data
170.0 30.0 17 27.598634361233486 0cd9414a_20240815_163119.data
150.0 30.0 17 27.598634361233486 0cd9414a_20240815_163143.data
130.0 30.0 17 27.598634361233486 0cd9414a_20240815_163207.data
110.0 30.0 17 27.598634361233486 0cd9414a_20240815_163231.data
90.0 30.0 17 27.598634361233486 0cd9414a_20240815_163255.data
70.0 30.0 17 27.709061674008815 0cd9414a_20240815_163319.data
50.0 30.0 17 27.598634361233486 0cd9414a_20240815_163343.data
30.0 30.0 17 27.81905726872247 0cd9414a_20240815_163407.data
10.0 30.0 17 27.928651982378856 0cd9414a_20240815_163431.data
10.0 50.0 17 27.598634361233486 0cd9414a_20240815_163455.data
30.0 50.0 17 27.598634361233486 0cd9414a_20240815_163519.data
50.0 50.0 17 27.81905726872247 0cd9414a_20240815_163543.data
70.0 50.0 17 27.928651982378856 0cd9414a_20240815_163607.data
90.0 50.0 17 27.709061674008815 0cd9414a_20240815_163631.data
110.0 50.0 17 27.709061674008815 0cd9414a_20240815_163655.data
130.0 50.0 17 27.709061674008815 0cd9414a_20240815_163719.data
150.0 50.0 17 27.81905726872247 0cd9414a_20240815_163743.data
170.0 50.0 17 27.598634361233486 0cd9414a_20240815_163807.data
190.0 50.0 17 27.81905726872247 0cd9414a_20240815_163831.data
210.0 50.0 17 27.709061674008815 0cd9414a_20240815_163855.data
230.0 50.0 17 27.709061674008815 0cd9414a_20240815_163919.data
250.0 50.0 17 27.928651982378856 0cd9414a_20240815_163943.data
270.0 50.0 17 27.709061674008815 0cd9414a_20240815_164007.data
290.0 50.0 17 27.928651982378856 0cd9414a_20240815_164031.data
290.0 70.0 17 27.928651982378856 0cd9414a_20240815_164055.data
270.0 70.0 17 27.81905726872247 0cd9414a_20240815_164119.data
250.0 70.0 17 27.81905726872247 0cd9414a_20240815_164143.data
230.0 70.0 17 27.81905726872247 0cd9414a_20240815_164207.data
210.0 70.0 17 27.928651982378856 0cd9414a_20240815_164231.data
190.0 70.0 17 27.928651982378856 0cd9414a_20240815_164255.data
170.0 70.0 17 27.81905726872247 0cd9414a_20240815_164319.data
150.0 70.0 17 27.598634361233486 0cd9414a_20240815_164343.data
130.0 70.0 17 27.598634361233486 0cd9414a_20240815_164407.data
110.0 70.0 17 27.928651982378856 0cd9414a_20240815_164431.data
90.0 70.0 17 27.928651982378856 0cd9414a_20240815_164455.data
70.0 70.0 17 27.928651982378856 0cd9414a_20240815_164519.data
50.0 70.0 17 27.928651982378856 0cd9414a_20240815_164543.data
30.0 70.0 17 27.709061674008815 0cd9414a_20240815_164607.data
10.0 70.0 17 27.598634361233486 0cd9414a_20240815_164631.data
10.0 90.0 17 27.487775330396477 0cd9414a_20240815_164655.data
30.0 90.0 17 27.81905726872247 0cd9414a_20240815_164719.data
50.0 90.0 17 27.928651982378856 0cd9414a_20240815_164743.data
70.0 90.0 17 27.81905726872247 0cd9414a_20240815_164807.data
90.0 90.0 17 27.81905726872247 0cd9414a_20240815_164831.data
110.0 90.0 17 27.928651982378856 0cd9414a_20240815_164855.data
130.0 90.0 17 27.81905726872247 0cd9414a_20240815_164919.data
150.0 90.0 17 27.928651982378856 0cd9414a_20240815_164943.data
170.0 90.0 17 27.81905726872247 0cd9414a_20240815_165007.data
190.0 90.0 17 27.81905726872247 0cd9414a_20240815_165031.data
210.0 90.0 17 27.81905726872247 0cd9414a_20240815_165055.data
230.0 90.0 17 27.81905726872247 0cd9414a_20240815_165119.data
250.0 90.0 17 27.81905726872247 0cd9414a_20240815_165143.data
270.0 90.0 17 27.81905726872247 0cd9414a_20240815_165207.data
290.0 90.0 17 27.709061674008815 0cd9414a_20240815_165231.data
290.0 110.0 17 27.928651982378856 0cd9414a_20240815_165255.data
270.0 110.0 17 27.81905726872247 0cd9414a_20240815_165319.data
250.0 110.0 17 27.709061674008815 0cd9414a_20240815_165343.data
230.0 110.0 17 27.81905726872247 0cd9414a_20240815_165407.data
210.0 110.0 17 27.598634361233486 0cd9414a_20240815_165431.data
190.0 110.0 17 27.81905726872247 0cd9414a_20240815_165455.data
170.0 110.0 17 27.928651982378856 0cd9414a_20240815_165519.data
150.0 110.0 17 27.81905726872247 0cd9414a_20240815_165543.data
130.0 110.0 17 27.81905726872247 0cd9414a_20240815_165607.data
110.0 110.0 17 27.709061674008815 0cd9414a_20240815_165631.data
90.0 110.0 17 27.598634361233486 0cd9414a_20240815_165655.data
70.0 110.0 17 27.81905726872247 0cd9414a_20240815_165719.data
50.0 110.0 17 27.81905726872247 0cd9414a_20240815_165743.data
30.0 110.0 17 27.81905726872247 0cd9414a_20240815_165807.data
10.0 110.0 17 27.81905726872247 0cd9414a_20240815_165831.data
10.0 130.0 17 27.598634361233486 0cd9414a_20240815_165855.data
30.0 130.0 17 27.81905726872247 0cd9414a_20240815_165919.data
50.0 130.0 17 27.928651982378856 0cd9414a_20240815_165943.data
70.0 130.0 17 27.928651982378856 0cd9414a_20240815_170007.data
90.0 130.0 17 27.81905726872247 0cd9414a_20240815_170032.data
110.0 130.0 17 27.928651982378856 0cd9414a_20240815_170056.data
130.0 130.0 17 27.81905726872247 0cd9414a_20240815_170120.data
150.0 130.0 17 27.81905726872247 0cd9414a_20240815_170144.data
170.0 130.0 17 27.81905726872247 0cd9414a_20240815_170208.data
190.0 130.0 17 27.709061674008815 0cd9414a_20240815_170232.data
210.0 130.0 17 27.928651982378856 0cd9414a_20240815_170256.data
230.0 130.0 17 27.928651982378856 0cd9414a_20240815_170320.data
250.0 130.0 17 27.81905726872247 0cd9414a_20240815_170344.data
270.0 130.0 17 27.81905726872247 0cd9414a_20240815_170408.data
290.0 130.0 17 27.81905726872247 0cd9414a_20240815_170432.data
290.0 150.0 17 27.928651982378856 0cd9414a_20240815_170456.data
270.0 150.0 17 27.81905726872247 0cd9414a_20240815_170520.data
250.0 150.0 17 27.81905726872247 0cd9414a_20240815_170544.data
230.0 150.0 17 27.81905726872247 0cd9414a_20240815_170608.data
210.0 150.0 17 27.81905726872247 0cd9414a_20240815_170632.data
190.0 150.0 17 27.81905726872247 0cd9414a_20240815_170656.data
170.0 150.0 17 27.598634361233486 0cd9414a_20240815_170720.data
150.0 150.0 17 27.709061674008815 0cd9414a_20240815_170744.data
130.0 150.0 17 27.709061674008815 0cd9414a_20240815_170808.data
110.0 150.0 17 27.709061674008815 0cd9414a_20240815_170832.data
90.0 150.0 17 27.598634361233486 0cd9414a_20240815_170856.data
70.0 150.0 17 27.81905726872247 0cd9414a_20240815_170920.data
50.0 150.0 17 27.81905726872247 0cd9414a_20240815_170944.data
30.0 150.0 17 27.81905726872247 0cd9414a_20240815_171008.data
10.0 150.0 17 27.709061674008815 0cd9414a_20240815_171032.data
10.0 170.0 17 27.81905726872247 0cd9414a_20240815_171056.data
30.0 170.0 17 27.81905726872247 0cd9414a_20240815_171120.data
50.0 170.0 17 27.81905726872247 0cd9414a_20240815_171144.data
70.0 170.0 17 27.598634361233486 0cd9414a_20240815_171209.data
110.0 170.0 17 27.709061674008815 0cd9414a_20240815_171256.data
130.0 170.0 17 27.598634361233486 0cd9414a_20240815_171320.data
150.0 170.0 17 27.709061674008815 0cd9414a_20240815_171344.data
170.0 170.0 17 27.709061674008815 0cd9414a_20240815_171408.data
190.0 170.0 17 27.81905726872247 0cd9414a_20240815_171432.data
210.0 170.0 17 27.81905726872247 0cd9414a_20240815_171456.data
230.0 170.0 17 27.81905726872247 0cd9414a_20240815_171520.data
250.0 170.0 17 27.81905726872247 0cd9414a_20240815_171544.data
270.0 170.0 17 27.598634361233486 0cd9414a_20240815_171608.data
290.0 170.0 17 27.81905726872247 0cd9414a_20240815_171632.data
290.0 190.0 17 27.81905726872247 0cd9414a_20240815_171656.data
270.0 190.0 17 27.81905726872247 0cd9414a_20240815_171720.data
250.0 190.0 17 27.81905726872247 0cd9414a_20240815_171744.data
230.0 190.0 17 27.81905726872247 0cd9414a_20240815_171808.data
210.0 190.0 17 27.81905726872247 0cd9414a_20240815_171832.data
190.0 190.0 17 27.81905726872247 0cd9414a_20240815_171856.data
170.0 190.0 17 27.81905726872247 0cd9414a_20240815_171920.data
150.0 190.0 17 27.928651982378856 0cd9414a_20240815_171944.data
130.0 190.0 17 27.81905726872247 0cd9414a_20240815_172008.data
110.0 190.0 17 27.81905726872247 0cd9414a_20240815_172032.data
90.0 190.0 17 27.81905726872247 0cd9414a_20240815_172056.data
70.0 190.0 17 27.81905726872247 0cd9414a_20240815_172120.data
50.0 190.0 17 27.81905726872247 0cd9414a_20240815_172144.data
30.0 190.0 17 27.81905726872247 0cd9414a_20240815_172208.data
10.0 190.0 17 27.81905726872247 0cd9414a_20240815_172232.data
10.0 210.0 17 27.598634361233486 0cd9414a_20240815_172256.data
30.0 210.0 17 27.81905726872247 0cd9414a_20240815_172320.data
50.0 210.0 17 27.81905726872247 0cd9414a_20240815_172344.data
70.0 210.0 17 27.81905726872247 0cd9414a_20240815_172408.data
90.0 210.0 17 27.81905726872247 0cd9414a_20240815_172432.data
110.0 210.0 17 27.81905726872247 0cd9414a_20240815_172456.data
130.0 210.0 17 27.81905726872247 0cd9414a_20240815_172520.data
150.0 210.0 17 27.81905726872247 0cd9414a_20240815_172544.data
170.0 210.0 17 27.81905726872247 0cd9414a_20240815_172608.data
190.0 210.0 17 27.598634361233486 0cd9414a_20240815_172632.data
210.0 210.0 17 27.709061674008815 0cd9414a_20240815_172656.data
230.0 210.0 17 27.81905726872247 0cd9414a_20240815_172720.data
250.0 210.0 17 27.81905726872247 0cd9414a_20240815_172744.data
270.0 210.0 17 27.81905726872247 0cd9414a_20240815_172808.data
290.0 210.0 17 27.81905726872247 0cd9414a_20240815_172832.data
290.0 230.0 17 27.709061674008815 0cd9414a_20240815_172856.data
270.0 230.0 17 27.598634361233486 0cd9414a_20240815_172920.data
250.0 230.0 17 27.709061674008815 0cd9414a_20240815_172944.data
230.0 230.0 17 27.81905726872247 0cd9414a_20240815_173008.data
210.0 230.0 17 27.81905726872247 0cd9414a_20240815_173032.data
190.0 230.0 17 27.81905726872247 0cd9414a_20240815_173056.data
170.0 230.0 17 27.81905726872247 0cd9414a_20240815_173120.data
150.0 230.0 17 27.598634361233486 0cd9414a_20240815_173144.data
130.0 230.0 17 27.81905726872247 0cd9414a_20240815_173208.data
110.0 230.0 17 27.81905726872247 0cd9414a_20240815_173232.data
90.0 230.0 17 27.81905726872247 0cd9414a_20240815_173256.data
70.0 230.0 17 27.709061674008815 0cd9414a_20240815_173320.data
50.0 230.0 17 27.81905726872247 0cd9414a_20240815_173344.data
30.0 230.0 17 27.81905726872247 0cd9414a_20240815_173408.data
10.0 230.0 17 27.709061674008815 0cd9414a_20240815_173432.data
10.0 250.0 17 27.81905726872247 0cd9414a_20240815_173456.data
30.0 250.0 17 27.81905726872247 0cd9414a_20240815_173520.data
50.0 250.0 17 27.81905726872247 0cd9414a_20240815_173544.data
70.0 250.0 17 27.81905726872247 0cd9414a_20240815_173608.data
90.0 250.0 17 27.709061674008815 0cd9414a_20240815_173632.data
110.0 250.0 17 27.709061674008815 0cd9414a_20240815_173656.data
130.0 250.0 17 27.81905726872247 0cd9414a_20240815_173720.data
150.0 250.0 17 27.81905726872247 0cd9414a_20240815_173744.data
170.0 250.0 17 27.81905726872247 0cd9414a_20240815_173808.data
190.0 250.0 17 27.81905726872247 0cd9414a_20240815_173833.data
210.0 250.0 17 27.81905726872247 0cd9414a_20240815_173857.data
230.0 250.0 17 27.928651982378856 0cd9414a_20240815_173921.data
250.0 250.0 17 27.81905726872247 0cd9414a_20240815_173945.data
270.0 250.0 17 27.598634361233486 0cd9414a_20240815_174009.data
290.0 250.0 17 27.81905726872247 0cd9414a_20240815_174033.data
290.0 270.0 17 27.81905726872247 0cd9414a_20240815_174057.data
270.0 270.0 17 27.81905726872247 0cd9414a_20240815_174121.data
250.0 270.0 17 27.598634361233486 0cd9414a_20240815_174145.data
230.0 270.0 17 27.709061674008815 0cd9414a_20240815_174209.data
210.0 270.0 17 27.81905726872247 0cd9414a_20240815_174233.data
190.0 270.0 17 27.81905726872247 0cd9414a_20240815_174257.data
170.0 270.0 17 27.81905726872247 0cd9414a_20240815_174321.data
150.0 270.0 17 27.598634361233486 0cd9414a_20240815_174345.data
130.0 270.0 17 27.598634361233486 0cd9414a_20240815_174409.data
110.0 270.0 17 27.81905726872247 0cd9414a_20240815_174433.data
90.0 270.0 17 27.81905726872247 0cd9414a_20240815_174457.data
70.0 270.0 17 27.81905726872247 0cd9414a_20240815_174521.data
50.0 270.0 17 27.598634361233486 0cd9414a_20240815_174545.data
30.0 270.0 17 27.81905726872247 0cd9414a_20240815_174609.data
10.0 270.0 17 27.81905726872247 0cd9414a_20240815_174633.data
10.0 290.0 17 27.598634361233486 0cd9414a_20240815_174657.data
30.0 290.0 17 27.709061674008815 0cd9414a_20240815_174721.data
50.0 290.0 17 27.81905726872247 0cd9414a_20240815_174745.data
70.0 290.0 17 27.81905726872247 0cd9414a_20240815_174809.data
90.0 290.0 17 27.598634361233486 0cd9414a_20240815_174833.data
110.0 290.0 17 27.81905726872247 0cd9414a_20240815_174857.data
130.0 290.0 17 27.81905726872247 0cd9414a_20240815_174921.data
150.0 290.0 17 27.598634361233486 0cd9414a_20240815_174945.data
170.0 290.0 17 27.81905726872247 0cd9414a_20240815_175009.data
190.0 290.0 17 27.81905726872247 0cd9414a_20240815_175033.data
210.0 290.0 17 27.598634361233486 0cd9414a_20240815_175057.data
230.0 290.0 17 27.81905726872247 0cd9414a_20240815_175121.data
250.0 290.0 17 27.81905726872247 0cd9414a_20240815_175145.data
270.0 290.0 17 27.598634361233486 0cd9414a_20240815_175209.data
290.0 290.0 17 27.709061674008815 0cd9414a_20240815_175233.data
290.0 310.0 17 27.598634361233486 0cd9414a_20240815_175257.data
270.0 310.0 17 27.487775330396477 0cd9414a_20240815_175321.data
250.0 310.0 17 27.487775330396477 0cd9414a_20240815_175345.data
230.0 310.0 17 27.487775330396477 0cd9414a_20240815_175409.data
210.0 310.0 17 -1 0cd9414a_20240815_175433.data
190.0 310.0 17 27.487775330396477 0cd9414a_20240815_175457.data
170.0 310.0 17 27.487775330396477 0cd9414a_20240815_175521.data
150.0 310.0 17 -1 0cd9414a_20240815_175545.data
130.0 310.0 17 27.487775330396477 0cd9414a_20240815_175609.data
110.0 310.0 17 27.487775330396477 0cd9414a_20240815_175633.data
90.0 310.0 17 27.487775330396477 0cd9414a_20240815_175657.data
70.0 310.0 17 27.37654625550661 0cd9414a_20240815_175721.data
50.0 310.0 17 27.487775330396477 0cd9414a_20240815_175745.data
30.0 310.0 17 27.598634361233486 0cd9414a_20240815_175809.data
10.0 310.0 17 -1 0cd9414a_20240815_175833.data
10.0 330.0 17 27.487775330396477 0cd9414a_20240815_175857.data
30.0 330.0 17 27.598634361233486 0cd9414a_20240815_175921.data
50.0 330.0 17 27.487775330396477 0cd9414a_20240815_175945.data
70.0 330.0 17 27.59955947136564 0cd9414a_20240815_180009.data
90.0 330.0 17 27.598634361233486 0cd9414a_20240815_180033.data
110.0 330.0 17 27.487775330396477 0cd9414a_20240815_180057.data
130.0 330.0 17 27.598634361233486 0cd9414a_20240815_180121.data
150.0 330.0 17 27.487775330396477 0cd9414a_20240815_180145.data
170.0 330.0 17 27.487775330396477 0cd9414a_20240815_180209.data
190.0 330.0 17 27.487775330396477 0cd9414a_20240815_180233.data
210.0 330.0 17 27.598634361233486 0cd9414a_20240815_180257.data
230.0 330.0 17 27.598634361233486 0cd9414a_20240815_180321.data
250.0 330.0 17 27.487775330396477 0cd9414a_20240815_180345.data
270.0 330.0 17 27.487775330396477 0cd9414a_20240815_180409.data
290.0 330.0 17 27.598634361233486 0cd9414a_20240815_180433.data
10.0 350.0 17 27.598634361233486 0cd9414a_20240816_080612.data
30.0 350.0 17 27.487775330396477 0cd9414a_20240816_080636.data
50.0 350.0 17 27.487775330396477 0cd9414a_20240816_080700.data
70.0 350.0 17 27.487775330396477 0cd9414a_20240816_080724.data
90.0 350.0 17 27.487775330396477 0cd9414a_20240816_080748.data
110.0 350.0 17 27.487775330396477 0cd9414a_20240816_080812.data
130.0 350.0 17 27.598634361233486 0cd9414a_20240816_080836.data
150.0 350.0 17 27.487775330396477 0cd9414a_20240816_080900.data
170.0 350.0 17 27.598634361233486 0cd9414a_20240816_080924.data
190.0 350.0 17 27.598634361233486 0cd9414a_20240816_080948.data
210.0 350.0 17 27.487775330396477 0cd9414a_20240816_081012.data
230.0 350.0 17 27.598634361233486 0cd9414a_20240816_081036.data
250.0 350.0 17 27.487775330396477 0cd9414a_20240816_081100.data
270.0 350.0 17 27.37654625550661 0cd9414a_20240816_081124.data
290.0 350.0 17 27.487775330396477 0cd9414a_20240816_081148.data
290.0 370.0 17 27.487775330396477 0cd9414a_20240816_081212.data
270.0 370.0 17 27.487775330396477 0cd9414a_20240816_081236.data
250.0 370.0 17 27.487775330396477 0cd9414a_20240816_081300.data
230.0 370.0 17 27.598634361233486 0cd9414a_20240816_081324.data
210.0 370.0 17 27.487775330396477 0cd9414a_20240816_081348.data
190.0 370.0 17 27.598634361233486 0cd9414a_20240816_081412.data
170.0 370.0 17 27.598634361233486 0cd9414a_20240816_081436.data
150.0 370.0 17 27.487775330396477 0cd9414a_20240816_081500.data
130.0 370.0 17 27.487775330396477 0cd9414a_20240816_081524.data
110.0 370.0 17 27.487775330396477 0cd9414a_20240816_081548.data
90.0 370.0 17 27.487775330396477 0cd9414a_20240816_081612.data
70.0 370.0 17 27.598634361233486 0cd9414a_20240816_081636.data
50.0 370.0 17 27.487775330396477 0cd9414a_20240816_081700.data
30.0 370.0 17 27.487775330396477 0cd9414a_20240816_081724.data
10.0 370.0 17 27.487775330396477 0cd9414a_20240816_081748.data
10.0 390.0 17 27.487775330396477 0cd9414a_20240816_081812.data
30.0 390.0 17 27.598634361233486 0cd9414a_20240816_081836.data
50.0 390.0 17 27.598634361233486 0cd9414a_20240816_081900.data
70.0 390.0 17 27.487775330396477 0cd9414a_20240816_081924.data
90.0 390.0 17 27.598634361233486 0cd9414a_20240816_081948.data
110.0 390.0 17 27.598634361233486 0cd9414a_20240816_082012.data
130.0 390.0 17 27.487775330396477 0cd9414a_20240816_082036.data
150.0 390.0 17 27.487775330396477 0cd9414a_20240816_082100.data
170.0 390.0 17 27.598634361233486 0cd9414a_20240816_082124.data
190.0 390.0 17 27.487775330396477 0cd9414a_20240816_082148.data
210.0 390.0 17 27.598634361233486 0cd9414a_20240816_082212.data
230.0 390.0 17 27.598634361233486 0cd9414a_20240816_082236.data
250.0 390.0 17 27.598634361233486 0cd9414a_20240816_082300.data
270.0 390.0 17 27.487775330396477 0cd9414a_20240816_082324.data
290.0 390.0 17 27.487775330396477 0cd9414a_20240816_082348.data
290.0 410.0 17 27.487775330396477 0cd9414a_20240816_082412.data
270.0 410.0 17 27.598634361233486 0cd9414a_20240816_082437.data
250.0 410.0 17 27.487775330396477 0cd9414a_20240816_082501.data
230.0 410.0 17 27.487775330396477 0cd9414a_20240816_082525.data
210.0 410.0 17 27.487775330396477 0cd9414a_20240816_082549.data
190.0 410.0 17 27.487775330396477 0cd9414a_20240816_082613.data
170.0 410.0 17 27.598634361233486 0cd9414a_20240816_082637.data
150.0 410.0 17 27.487775330396477 0cd9414a_20240816_082701.data
130.0 410.0 17 27.487775330396477 0cd9414a_20240816_082725.data
110.0 410.0 17 27.487775330396477 0cd9414a_20240816_082749.data
90.0 410.0 17 27.598634361233486 0cd9414a_20240816_082813.data
70.0 410.0 17 27.598634361233486 0cd9414a_20240816_082837.data
50.0 410.0 17 27.487775330396477 0cd9414a_20240816_082901.data
30.0 410.0 17 27.487775330396477 0cd9414a_20240816_082925.data
10.0 410.0 17 27.598634361233486 0cd9414a_20240816_082949.data
10.0 430.0 17 27.598634361233486 0cd9414a_20240816_083013.data
30.0 430.0 17 27.598634361233486 0cd9414a_20240816_083037.data
50.0 430.0 17 27.487775330396477 0cd9414a_20240816_083101.data
70.0 430.0 17 27.487775330396477 0cd9414a_20240816_083125.data
90.0 430.0 17 27.598634361233486 0cd9414a_20240816_083149.data
110.0 430.0 17 27.598634361233486 0cd9414a_20240816_083213.data
130.0 430.0 17 27.487775330396477 0cd9414a_20240816_083237.data
150.0 430.0 17 27.487775330396477 0cd9414a_20240816_083301.data
170.0 430.0 17 27.487775330396477 0cd9414a_20240816_083325.data
190.0 430.0 17 27.487775330396477 0cd9414a_20240816_083349.data
210.0 430.0 17 27.487775330396477 0cd9414a_20240816_083413.data
230.0 430.0 17 27.487775330396477 0cd9414a_20240816_083437.data
250.0 430.0 17 27.487775330396477 0cd9414a_20240816_083501.data
270.0 430.0 17 27.487775330396477 0cd9414a_20240816_083525.data
290.0 430.0 17 27.487775330396477 0cd9414a_20240816_083549.data
290.0 450.0 17 27.598634361233486 0cd9414a_20240816_083613.data
270.0 450.0 17 27.598634361233486 0cd9414a_20240816_083637.data
250.0 450.0 17 27.598634361233486 0cd9414a_20240816_083701.data
230.0 450.0 17 27.598634361233486 0cd9414a_20240816_083725.data
210.0 450.0 17 27.487775330396477 0cd9414a_20240816_083749.data
190.0 450.0 17 27.487775330396477 0cd9414a_20240816_083813.data
170.0 450.0 17 27.487775330396477 0cd9414a_20240816_083837.data
150.0 450.0 17 27.598634361233486 0cd9414a_20240816_083901.data
130.0 450.0 17 27.487775330396477 0cd9414a_20240816_083925.data
110.0 450.0 17 27.487775330396477 0cd9414a_20240816_083949.data
90.0 450.0 17 27.598634361233486 0cd9414a_20240816_084013.data
70.0 450.0 17 27.598634361233486 0cd9414a_20240816_084037.data
50.0 450.0 17 27.598634361233486 0cd9414a_20240816_084101.data
30.0 450.0 17 27.487775330396477 0cd9414a_20240816_084125.data
10.0 450.0 17 27.598634361233486 0cd9414a_20240816_084149.data
10.0 470.0 17 27.487775330396477 0cd9414a_20240816_084213.data
30.0 470.0 17 27.487775330396477 0cd9414a_20240816_084237.data
50.0 470.0 17 27.598634361233486 0cd9414a_20240816_084301.data
70.0 470.0 17 27.598634361233486 0cd9414a_20240816_084325.data
90.0 470.0 17 27.598634361233486 0cd9414a_20240816_084349.data
110.0 470.0 17 27.487775330396477 0cd9414a_20240816_084413.data
130.0 470.0 17 27.487775330396477 0cd9414a_20240816_084437.data
150.0 470.0 17 27.487775330396477 0cd9414a_20240816_084501.data
170.0 470.0 17 27.487775330396477 0cd9414a_20240816_084525.data
190.0 470.0 17 27.487775330396477 0cd9414a_20240816_084549.data
210.0 470.0 17 27.487775330396477 0cd9414a_20240816_084613.data
230.0 470.0 17 27.487775330396477 0cd9414a_20240816_084637.data
250.0 470.0 17 27.598634361233486 0cd9414a_20240816_084701.data
270.0 470.0 17 27.598634361233486 0cd9414a_20240816_084725.data
290.0 470.0 17 27.487775330396477 0cd9414a_20240816_084749.data
