-1 -1 -1 24.003973684210532 0cd9414a_20240912_104618.data
10.0 10.0 17 23.8 0cd9414a_20240912_104657.data
30.0 10.0 17 24.003973684210532 0cd9414a_20240912_104721.data
50.0 10.0 17 24.003973684210532 0cd9414a_20240912_104745.data
70.0 10.0 17 23.8 0cd9414a_20240912_104809.data
90.0 10.0 17 24.003973684210532 0cd9414a_20240912_104833.data
110.0 10.0 17 24.003973684210532 0cd9414a_20240912_104857.data
130.0 10.0 17 23.8 0cd9414a_20240912_104921.data
150.0 10.0 17 24.003973684210532 0cd9414a_20240912_104945.data
170.0 10.0 17 24.003973684210532 0cd9414a_20240912_105009.data
190.0 10.0 17 23.8 0cd9414a_20240912_105033.data
210.0 10.0 17 24.003973684210532 0cd9414a_20240912_105057.data
230.0 10.0 17 24.003973684210532 0cd9414a_20240912_105122.data
250.0 10.0 17 24.003973684210532 0cd9414a_20240912_105145.data
270.0 10.0 17 23.6975 0cd9414a_20240912_105209.data
290.0 10.0 17 24.003973684210532 0cd9414a_20240912_105234.data
290.0 30.0 17 24.003973684210532 0cd9414a_20240912_105258.data
270.0 30.0 17 23.8 0cd9414a_20240912_105322.data
250.0 30.0 17 24.003973684210532 0cd9414a_20240912_105346.data
230.0 30.0 17 24.003973684210532 0cd9414a_20240912_105410.data
210.0 30.0 17 23.8 0cd9414a_20240912_105434.data
190.0 30.0 17 24.003973684210532 0cd9414a_20240912_105458.data
170.0 30.0 17 24.003973684210532 0cd9414a_20240912_105522.data
150.0 30.0 17 23.6975 0cd9414a_20240912_105546.data
130.0 30.0 17 23.902100000000004 0cd9414a_20240912_105610.data
110.0 30.0 17 24.003973684210532 0cd9414a_20240912_105634.data
90.0 30.0 17 24.003973684210532 0cd9414a_20240912_105658.data
70.0 30.0 17 23.8 0cd9414a_20240912_105722.data
50.0 30.0 17 23.902100000000004 0cd9414a_20240912_105746.data
30.0 30.0 17 24.003973684210532 0cd9414a_20240912_105810.data
10.0 30.0 17 23.8 0cd9414a_20240912_105834.data
10.0 50.0 17 24.003973684210532 0cd9414a_20240912_105858.data
30.0 50.0 17 24.003973684210532 0cd9414a_20240912_105922.data
50.0 50.0 17 23.902100000000004 0cd9414a_20240912_105946.data
70.0 50.0 17 23.902100000000004 0cd9414a_20240912_110010.data
90.0 50.0 17 24.003973684210532 0cd9414a_20240912_110034.data
110.0 50.0 17 24.003973684210532 0cd9414a_20240912_110058.data
130.0 50.0 17 23.902100000000004 0cd9414a_20240912_110122.data
150.0 50.0 17 23.6975 0cd9414a_20240912_110146.data
170.0 50.0 17 23.8 0cd9414a_20240912_110210.data
190.0 50.0 17 23.902100000000004 0cd9414a_20240912_110234.data
210.0 50.0 17 23.902100000000004 0cd9414a_20240912_110258.data
230.0 50.0 17 24.003973684210532 0cd9414a_20240912_110322.data
250.0 50.0 17 23.8 0cd9414a_20240912_110346.data
270.0 50.0 17 23.6975 0cd9414a_20240912_110410.data
290.0 50.0 17 24.003973684210532 0cd9414a_20240912_110434.data
290.0 70.0 17 24.003973684210532 0cd9414a_20240912_110458.data
270.0 70.0 17 24.003973684210532 0cd9414a_20240912_110522.data
250.0 70.0 17 24.003973684210532 0cd9414a_20240912_110546.data
230.0 70.0 17 24.003973684210532 0cd9414a_20240912_110610.data
210.0 70.0 17 23.6975 0cd9414a_20240912_110634.data
190.0 70.0 17 23.6975 0cd9414a_20240912_110658.data
170.0 70.0 17 23.902100000000004 0cd9414a_20240912_110722.data
150.0 70.0 17 23.902100000000004 0cd9414a_20240912_110746.data
130.0 70.0 17 23.902100000000004 0cd9414a_20240912_110810.data
110.0 70.0 17 23.902100000000004 0cd9414a_20240912_110834.data
90.0 70.0 17 23.902100000000004 0cd9414a_20240912_110858.data
70.0 70.0 17 23.902100000000004 0cd9414a_20240912_110922.data
50.0 70.0 17 23.902100000000004 0cd9414a_20240912_110946.data
30.0 70.0 17 23.902100000000004 0cd9414a_20240912_111010.data
10.0 70.0 17 23.902100000000004 0cd9414a_20240912_111034.data
10.0 90.0 17 23.902100000000004 0cd9414a_20240912_111058.data
30.0 90.0 17 23.902100000000004 0cd9414a_20240912_111122.data
50.0 90.0 17 23.902100000000004 0cd9414a_20240912_111146.data
70.0 90.0 17 23.902100000000004 0cd9414a_20240912_111210.data
90.0 90.0 17 23.902100000000004 0cd9414a_20240912_111234.data
110.0 90.0 17 24.003973684210532 0cd9414a_20240912_111258.data
130.0 90.0 17 24.003973684210532 0cd9414a_20240912_111322.data
150.0 90.0 17 24.003973684210532 0cd9414a_20240912_111346.data
170.0 90.0 17 23.902100000000004 0cd9414a_20240912_111410.data
190.0 90.0 17 23.902100000000004 0cd9414a_20240912_111434.data
210.0 90.0 17 23.902100000000004 0cd9414a_20240912_111458.data
230.0 90.0 17 24.003973684210532 0cd9414a_20240912_111522.data
250.0 90.0 17 23.902100000000004 0cd9414a_20240912_111546.data
270.0 90.0 17 24.003973684210532 0cd9414a_20240912_111610.data
290.0 90.0 17 23.594575 0cd9414a_20240912_111634.data
290.0 110.0 17 24.003973684210532 0cd9414a_20240912_111658.data
270.0 110.0 17 23.902100000000004 0cd9414a_20240912_111722.data
250.0 110.0 17 23.902100000000004 0cd9414a_20240912_111746.data
230.0 110.0 17 23.6975 0cd9414a_20240912_111810.data
210.0 110.0 17 23.902100000000004 0cd9414a_20240912_111834.data
190.0 110.0 17 23.902100000000004 0cd9414a_20240912_111858.data
170.0 110.0 17 23.902100000000004 0cd9414a_20240912_111922.data
150.0 110.0 17 24.003973684210532 0cd9414a_20240912_111946.data
130.0 110.0 17 23.902100000000004 0cd9414a_20240912_112010.data
110.0 110.0 17 23.8 0cd9414a_20240912_112034.data
90.0 110.0 17 23.8 0cd9414a_20240912_112058.data
70.0 110.0 17 23.594575 0cd9414a_20240912_112122.data
50.0 110.0 17 23.6975 0cd9414a_20240912_112146.data
30.0 110.0 17 23.8 0cd9414a_20240912_112210.data
10.0 110.0 17 23.902100000000004 0cd9414a_20240912_112234.data
10.0 130.0 17 23.8 0cd9414a_20240912_112258.data
30.0 130.0 17 23.902100000000004 0cd9414a_20240912_112323.data
50.0 130.0 17 23.6975 0cd9414a_20240912_112347.data
70.0 130.0 17 24.003973684210532 0cd9414a_20240912_112411.data
90.0 130.0 17 23.902100000000004 0cd9414a_20240912_112435.data
110.0 130.0 17 24.003973684210532 0cd9414a_20240912_112459.data
130.0 130.0 17 23.6975 0cd9414a_20240912_112523.data
150.0 130.0 17 24.003973684210532 0cd9414a_20240912_112547.data
170.0 130.0 17 23.902100000000004 0cd9414a_20240912_112611.data
190.0 130.0 17 23.902100000000004 0cd9414a_20240912_112635.data
210.0 130.0 17 23.8 0cd9414a_20240912_112659.data
230.0 130.0 17 24.003973684210532 0cd9414a_20240912_112723.data
250.0 130.0 17 23.902100000000004 0cd9414a_20240912_112747.data
270.0 130.0 17 23.902100000000004 0cd9414a_20240912_112811.data
290.0 130.0 17 23.902100000000004 0cd9414a_20240912_112835.data
290.0 150.0 17 23.902100000000004 0cd9414a_20240912_112859.data
270.0 150.0 17 23.49125 0cd9414a_20240912_112923.data
250.0 150.0 17 23.902100000000004 0cd9414a_20240912_112947.data
230.0 150.0 17 23.902100000000004 0cd9414a_20240912_113011.data
210.0 150.0 17 23.8 0cd9414a_20240912_113035.data
190.0 150.0 17 23.6975 0cd9414a_20240912_113059.data
170.0 150.0 17 23.8 0cd9414a_20240912_113123.data
150.0 150.0 17 23.8 0cd9414a_20240912_113147.data
130.0 150.0 17 23.49125 0cd9414a_20240912_113211.data
110.0 150.0 17 23.6975 0cd9414a_20240912_113235.data
90.0 150.0 17 23.594575 0cd9414a_20240912_113259.data
70.0 150.0 17 23.594575 0cd9414a_20240912_113323.data
50.0 150.0 17 23.594575 0cd9414a_20240912_113347.data
30.0 150.0 17 23.594575 0cd9414a_20240912_113411.data
10.0 150.0 17 23.6975 0cd9414a_20240912_113435.data
10.0 170.0 17 23.594575 0cd9414a_20240912_113459.data
30.0 170.0 17 23.6975 0cd9414a_20240912_113523.data
50.0 170.0 17 23.6975 0cd9414a_20240912_113547.data
70.0 170.0 17 23.594575 0cd9414a_20240912_113611.data
90.0 170.0 17 23.6975 0cd9414a_20240912_113635.data
110.0 170.0 17 23.594575 0cd9414a_20240912_113659.data
130.0 170.0 17 23.594575 0cd9414a_20240912_113723.data
150.0 170.0 17 23.594575 0cd9414a_20240912_113747.data
170.0 170.0 17 23.6975 0cd9414a_20240912_113811.data
190.0 170.0 17 23.594575 0cd9414a_20240912_113835.data
210.0 170.0 17 23.6975 0cd9414a_20240912_113859.data
230.0 170.0 17 23.6975 0cd9414a_20240912_113923.data
250.0 170.0 17 23.6975 0cd9414a_20240912_113947.data
270.0 170.0 17 23.6975 0cd9414a_20240912_114011.data
290.0 170.0 17 23.6975 0cd9414a_20240912_114035.data
290.0 190.0 17 23.594575 0cd9414a_20240912_114059.data
270.0 190.0 17 23.6975 0cd9414a_20240912_114123.data
250.0 190.0 17 23.594575 0cd9414a_20240912_114147.data
230.0 190.0 17 23.6975 0cd9414a_20240912_114211.data
210.0 190.0 17 23.594575 0cd9414a_20240912_114235.data
190.0 190.0 17 23.6975 0cd9414a_20240912_114259.data
170.0 190.0 17 23.6975 0cd9414a_20240912_114323.data
150.0 190.0 17 23.6975 0cd9414a_20240912_114347.data
130.0 190.0 17 23.6975 0cd9414a_20240912_114411.data
110.0 190.0 17 23.6975 0cd9414a_20240912_114435.data
90.0 190.0 17 23.594575 0cd9414a_20240912_114459.data
70.0 190.0 17 23.6975 0cd9414a_20240912_114523.data
50.0 190.0 17 23.594575 0cd9414a_20240912_114547.data
30.0 190.0 17 23.8 0cd9414a_20240912_114611.data
10.0 190.0 17 23.594575 0cd9414a_20240912_114635.data
10.0 210.0 17 23.594575 0cd9414a_20240912_114659.data
30.0 210.0 17 23.6975 0cd9414a_20240912_114723.data
50.0 210.0 17 23.902100000000004 0cd9414a_20240912_114747.data
70.0 210.0 17 23.6975 0cd9414a_20240912_114811.data
90.0 210.0 17 23.6975 0cd9414a_20240912_114835.data
110.0 210.0 17 23.6975 0cd9414a_20240912_114859.data
130.0 210.0 17 23.6975 0cd9414a_20240912_114923.data
150.0 210.0 17 23.594575 0cd9414a_20240912_114947.data
170.0 210.0 17 23.594575 0cd9414a_20240912_115011.data
190.0 210.0 17 23.594575 0cd9414a_20240912_115035.data
210.0 210.0 17 23.594575 0cd9414a_20240912_115059.data
230.0 210.0 17 23.6975 0cd9414a_20240912_115123.data
250.0 210.0 17 23.594575 0cd9414a_20240912_115147.data
270.0 210.0 17 23.594575 0cd9414a_20240912_115211.data
290.0 210.0 17 23.6975 0cd9414a_20240912_115235.data
290.0 230.0 17 23.594575 0cd9414a_20240912_115259.data
270.0 230.0 17 23.6975 0cd9414a_20240912_115323.data
250.0 230.0 17 23.594575 0cd9414a_20240912_115347.data
230.0 230.0 17 23.594575 0cd9414a_20240912_115412.data
210.0 230.0 17 23.594575 0cd9414a_20240912_115436.data
190.0 230.0 17 23.594575 0cd9414a_20240912_115500.data
170.0 230.0 17 23.594575 0cd9414a_20240912_115524.data
150.0 230.0 17 23.6975 0cd9414a_20240912_115548.data
130.0 230.0 17 23.594575 0cd9414a_20240912_115612.data
110.0 230.0 17 23.6975 0cd9414a_20240912_115636.data
90.0 230.0 17 23.594575 0cd9414a_20240912_115700.data
70.0 230.0 17 23.6975 0cd9414a_20240912_115724.data
50.0 230.0 17 23.6975 0cd9414a_20240912_115748.data
30.0 230.0 17 23.6975 0cd9414a_20240912_115812.data
10.0 230.0 17 23.6975 0cd9414a_20240912_115836.data
10.0 250.0 17 23.6975 0cd9414a_20240912_115900.data
30.0 250.0 17 23.6975 0cd9414a_20240912_115924.data
50.0 250.0 17 23.6975 0cd9414a_20240912_115948.data
70.0 250.0 17 23.594575 0cd9414a_20240912_120012.data
90.0 250.0 17 23.6975 0cd9414a_20240912_120036.data
110.0 250.0 17 23.594575 0cd9414a_20240912_120100.data
130.0 250.0 17 23.6975 0cd9414a_20240912_120124.data
150.0 250.0 17 23.594575 0cd9414a_20240912_120148.data
170.0 250.0 17 23.6975 0cd9414a_20240912_120212.data
190.0 250.0 17 23.6975 0cd9414a_20240912_120236.data
210.0 250.0 17 23.594575 0cd9414a_20240912_120300.data
230.0 250.0 17 23.594575 0cd9414a_20240912_120324.data
250.0 250.0 17 23.594575 0cd9414a_20240912_120348.data
270.0 250.0 17 23.6975 0cd9414a_20240912_120412.data
290.0 250.0 17 23.594575 0cd9414a_20240912_120436.data
290.0 270.0 17 23.6975 0cd9414a_20240912_120500.data
270.0 270.0 17 23.6975 0cd9414a_20240912_120524.data
250.0 270.0 17 23.49125 0cd9414a_20240912_120548.data
230.0 270.0 17 23.6975 0cd9414a_20240912_120612.data
210.0 270.0 17 23.6975 0cd9414a_20240912_120636.data
190.0 270.0 17 23.594575 0cd9414a_20240912_120700.data
170.0 270.0 17 23.594575 0cd9414a_20240912_120724.data
150.0 270.0 17 23.594575 0cd9414a_20240912_120748.data
130.0 270.0 17 23.594575 0cd9414a_20240912_120812.data
110.0 270.0 17 23.594575 0cd9414a_20240912_120836.data
90.0 270.0 17 23.594575 0cd9414a_20240912_120900.data
70.0 270.0 17 23.6975 0cd9414a_20240912_120924.data
50.0 270.0 17 -1 0cd9414a_20240912_120948.data
30.0 270.0 17 23.6975 0cd9414a_20240912_121012.data
10.0 270.0 17 23.594575 0cd9414a_20240912_121036.data
10.0 290.0 17 -1 0cd9414a_20240912_121100.data
30.0 290.0 17 23.6975 0cd9414a_20240912_121124.data
50.0 290.0 17 23.594575 0cd9414a_20240912_121148.data
70.0 290.0 17 -1 0cd9414a_20240912_121212.data
90.0 290.0 17 23.6975 0cd9414a_20240912_121236.data
110.0 290.0 17 23.6975 0cd9414a_20240912_121300.data
130.0 290.0 17 -1 0cd9414a_20240912_121324.data
150.0 290.0 17 23.594575 0cd9414a_20240912_121348.data
170.0 290.0 17 23.6975 0cd9414a_20240912_121412.data
190.0 290.0 17 -1 0cd9414a_20240912_121436.data
210.0 290.0 17 23.902100000000004 0cd9414a_20240912_121500.data
230.0 290.0 17 23.902100000000004 0cd9414a_20240912_121524.data
250.0 290.0 17 23.902100000000004 0cd9414a_20240912_121548.data
270.0 290.0 17 23.902100000000004 0cd9414a_20240912_121612.data
290.0 290.0 17 23.902100000000004 0cd9414a_20240912_121636.data
290.0 310.0 17 23.902100000000004 0cd9414a_20240912_121700.data
270.0 310.0 17 23.902100000000004 0cd9414a_20240912_121724.data
250.0 310.0 17 23.902100000000004 0cd9414a_20240912_121748.data
230.0 310.0 17 23.902100000000004 0cd9414a_20240912_121812.data
210.0 310.0 17 23.902100000000004 0cd9414a_20240912_121836.data
190.0 310.0 17 23.902100000000004 0cd9414a_20240912_121900.data
170.0 310.0 17 23.902100000000004 0cd9414a_20240912_121924.data
150.0 310.0 17 23.902100000000004 0cd9414a_20240912_121948.data
130.0 310.0 17 23.902100000000004 0cd9414a_20240912_122012.data
110.0 310.0 17 23.902100000000004 0cd9414a_20240912_122036.data
90.0 310.0 17 23.902100000000004 0cd9414a_20240912_122100.data
70.0 310.0 17 23.902100000000004 0cd9414a_20240912_122124.data
50.0 310.0 17 23.902100000000004 0cd9414a_20240912_122148.data
30.0 310.0 17 23.902100000000004 0cd9414a_20240912_122212.data
10.0 310.0 17 23.902100000000004 0cd9414a_20240912_122236.data
10.0 330.0 17 23.902100000000004 0cd9414a_20240912_122301.data
30.0 330.0 17 23.902100000000004 0cd9414a_20240912_122325.data
50.0 330.0 17 23.902100000000004 0cd9414a_20240912_122349.data
70.0 330.0 17 23.902100000000004 0cd9414a_20240912_122413.data
90.0 330.0 17 23.902100000000004 0cd9414a_20240912_122437.data
110.0 330.0 17 23.8 0cd9414a_20240912_122501.data
130.0 330.0 17 23.902100000000004 0cd9414a_20240912_122525.data
150.0 330.0 17 23.902100000000004 0cd9414a_20240912_122549.data
170.0 330.0 17 23.6975 0cd9414a_20240912_122613.data
190.0 330.0 17 24.003973684210532 0cd9414a_20240912_122637.data
210.0 330.0 17 23.902100000000004 0cd9414a_20240912_122701.data
230.0 330.0 17 23.902100000000004 0cd9414a_20240912_122725.data
250.0 330.0 17 23.902100000000004 0cd9414a_20240912_122749.data
270.0 330.0 17 23.902100000000004 0cd9414a_20240912_122813.data
290.0 330.0 17 23.902100000000004 0cd9414a_20240912_122837.data
10.0 350.0 17 23.902100000000004 0cd9414a_20240912_122954.data
30.0 350.0 17 23.902100000000004 0cd9414a_20240912_123018.data
50.0 350.0 17 23.902100000000004 0cd9414a_20240912_123042.data
70.0 350.0 17 23.902100000000004 0cd9414a_20240912_123106.data
90.0 350.0 17 23.902100000000004 0cd9414a_20240912_123130.data
110.0 350.0 17 23.902100000000004 0cd9414a_20240912_123154.data
130.0 350.0 17 23.902100000000004 0cd9414a_20240912_123218.data
150.0 350.0 17 23.8 0cd9414a_20240912_123242.data
170.0 350.0 17 23.902100000000004 0cd9414a_20240912_123306.data
190.0 350.0 17 23.902100000000004 0cd9414a_20240912_123330.data
210.0 350.0 17 23.902100000000004 0cd9414a_20240912_123354.data
230.0 350.0 17 23.902100000000004 0cd9414a_20240912_123418.data
250.0 350.0 17 23.902100000000004 0cd9414a_20240912_123442.data
270.0 350.0 17 23.902100000000004 0cd9414a_20240912_123506.data
290.0 350.0 17 23.902100000000004 0cd9414a_20240912_123530.data
290.0 370.0 17 23.902100000000004 0cd9414a_20240912_123554.data
270.0 370.0 17 23.902100000000004 0cd9414a_20240912_123618.data
250.0 370.0 17 23.902100000000004 0cd9414a_20240912_123642.data
230.0 370.0 17 23.902100000000004 0cd9414a_20240912_123706.data
210.0 370.0 17 23.902100000000004 0cd9414a_20240912_123730.data
190.0 370.0 17 23.902100000000004 0cd9414a_20240912_123754.data
170.0 370.0 17 24.003973684210532 0cd9414a_20240912_123818.data
150.0 370.0 17 23.8 0cd9414a_20240912_123842.data
130.0 370.0 17 23.902100000000004 0cd9414a_20240912_123906.data
110.0 370.0 17 24.1106052631579 0cd9414a_20240912_123930.data
90.0 370.0 17 23.902100000000004 0cd9414a_20240912_123954.data
70.0 370.0 17 23.902100000000004 0cd9414a_20240912_124018.data
50.0 370.0 17 23.902100000000004 0cd9414a_20240912_124042.data
30.0 370.0 17 23.902100000000004 0cd9414a_20240912_124106.data
10.0 370.0 17 23.902100000000004 0cd9414a_20240912_124130.data
10.0 390.0 17 23.902100000000004 0cd9414a_20240912_124154.data
30.0 390.0 17 23.902100000000004 0cd9414a_20240912_124219.data
50.0 390.0 17 23.902100000000004 0cd9414a_20240912_124243.data
70.0 390.0 17 23.902100000000004 0cd9414a_20240912_124307.data
90.0 390.0 17 24.1106052631579 0cd9414a_20240912_124331.data
110.0 390.0 17 23.902100000000004 0cd9414a_20240912_124355.data
130.0 390.0 17 23.8 0cd9414a_20240912_124419.data
150.0 390.0 17 23.902100000000004 0cd9414a_20240912_124443.data
170.0 390.0 17 23.902100000000004 0cd9414a_20240912_124507.data
190.0 390.0 17 23.902100000000004 0cd9414a_20240912_124531.data
210.0 390.0 17 23.902100000000004 0cd9414a_20240912_124555.data
230.0 390.0 17 23.902100000000004 0cd9414a_20240912_124619.data
250.0 390.0 17 23.902100000000004 0cd9414a_20240912_124643.data
270.0 390.0 17 23.902100000000004 0cd9414a_20240912_124707.data
290.0 390.0 17 23.902100000000004 0cd9414a_20240912_124731.data
290.0 410.0 17 23.902100000000004 0cd9414a_20240912_124755.data
270.0 410.0 17 23.902100000000004 0cd9414a_20240912_124819.data
250.0 410.0 17 23.902100000000004 0cd9414a_20240912_124843.data
230.0 410.0 17 23.8 0cd9414a_20240912_124907.data
210.0 410.0 17 23.8 0cd9414a_20240912_124931.data
190.0 410.0 17 23.6975 0cd9414a_20240912_124955.data
170.0 410.0 17 23.902100000000004 0cd9414a_20240912_125019.data
150.0 410.0 17 23.902100000000004 0cd9414a_20240912_125043.data
130.0 410.0 17 23.902100000000004 0cd9414a_20240912_125107.data
110.0 410.0 17 23.902100000000004 0cd9414a_20240912_125131.data
90.0 410.0 17 23.902100000000004 0cd9414a_20240912_125155.data
70.0 410.0 17 23.902100000000004 0cd9414a_20240912_125219.data
50.0 410.0 17 23.902100000000004 0cd9414a_20240912_125243.data
30.0 410.0 17 23.902100000000004 0cd9414a_20240912_125307.data
10.0 410.0 17 23.902100000000004 0cd9414a_20240912_125331.data
10.0 430.0 17 23.902100000000004 0cd9414a_20240912_125355.data
30.0 430.0 17 23.902100000000004 0cd9414a_20240912_125419.data
50.0 430.0 17 23.902100000000004 0cd9414a_20240912_125443.data
70.0 430.0 17 23.902100000000004 0cd9414a_20240912_125507.data
90.0 430.0 17 23.902100000000004 0cd9414a_20240912_125531.data
110.0 430.0 17 23.902100000000004 0cd9414a_20240912_125555.data
130.0 430.0 17 23.902100000000004 0cd9414a_20240912_125619.data
150.0 430.0 17 23.902100000000004 0cd9414a_20240912_125643.data
170.0 430.0 17 23.902100000000004 0cd9414a_20240912_125707.data
190.0 430.0 17 23.902100000000004 0cd9414a_20240912_125731.data
210.0 430.0 17 23.902100000000004 0cd9414a_20240912_125755.data
230.0 430.0 17 23.8 0cd9414a_20240912_125819.data
250.0 430.0 17 23.902100000000004 0cd9414a_20240912_125843.data
270.0 430.0 17 24.1106052631579 0cd9414a_20240912_125907.data
290.0 430.0 17 23.902100000000004 0cd9414a_20240912_125931.data
290.0 450.0 17 23.8 0cd9414a_20240912_125955.data
270.0 450.0 17 23.902100000000004 0cd9414a_20240912_130019.data
250.0 450.0 17 23.902100000000004 0cd9414a_20240912_130043.data
230.0 450.0 17 23.902100000000004 0cd9414a_20240912_130107.data
210.0 450.0 17 23.902100000000004 0cd9414a_20240912_130131.data
190.0 450.0 17 23.902100000000004 0cd9414a_20240912_130155.data
170.0 450.0 17 23.902100000000004 0cd9414a_20240912_130219.data
150.0 450.0 17 23.902100000000004 0cd9414a_20240912_130243.data
130.0 450.0 17 23.902100000000004 0cd9414a_20240912_130307.data
110.0 450.0 17 23.902100000000004 0cd9414a_20240912_130331.data
90.0 450.0 17 23.902100000000004 0cd9414a_20240912_130355.data
70.0 450.0 17 23.902100000000004 0cd9414a_20240912_130419.data
50.0 450.0 17 23.902100000000004 0cd9414a_20240912_130443.data
30.0 450.0 17 23.902100000000004 0cd9414a_20240912_130507.data
10.0 450.0 17 23.902100000000004 0cd9414a_20240912_130531.data
10.0 470.0 17 23.902100000000004 0cd9414a_20240912_130555.data
30.0 470.0 17 23.902100000000004 0cd9414a_20240912_130619.data
50.0 470.0 17 23.902100000000004 0cd9414a_20240912_130643.data
70.0 470.0 17 23.902100000000004 0cd9414a_20240912_130707.data
90.0 470.0 17 23.902100000000004 0cd9414a_20240912_130731.data
110.0 470.0 17 23.902100000000004 0cd9414a_20240912_130755.data
130.0 470.0 17 23.902100000000004 0cd9414a_20240912_130819.data
150.0 470.0 17 23.902100000000004 0cd9414a_20240912_130843.data
170.0 470.0 17 23.902100000000004 0cd9414a_20240912_130907.data
190.0 470.0 17 23.902100000000004 0cd9414a_20240912_130931.data
210.0 470.0 17 23.902100000000004 0cd9414a_20240912_130955.data
230.0 470.0 17 23.902100000000004 0cd9414a_20240912_131019.data
250.0 470.0 17 23.902100000000004 0cd9414a_20240912_131043.data
270.0 470.0 17 23.902100000000004 0cd9414a_20240912_131107.data
290.0 470.0 17 23.902100000000004 0cd9414a_20240912_131131.data
