-1 -1 -1 23.6975 0cd9414a_20240827_163719.data
10.0 10.0 17 23.3875 0cd9414a_20240827_163759.data
30.0 10.0 17 23.6975 0cd9414a_20240827_163823.data
50.0 10.0 17 23.594575 0cd9414a_20240827_163847.data
70.0 10.0 17 23.6975 0cd9414a_20240827_163911.data
90.0 10.0 17 23.6975 0cd9414a_20240827_163935.data
110.0 10.0 17 23.6975 0cd9414a_20240827_163959.data
130.0 10.0 17 23.594575 0cd9414a_20240827_164023.data
150.0 10.0 17 23.8 0cd9414a_20240827_164047.data
170.0 10.0 17 23.49125 0cd9414a_20240827_164111.data
190.0 10.0 17 23.6975 0cd9414a_20240827_164135.data
210.0 10.0 17 23.594575 0cd9414a_20240827_164159.data
230.0 10.0 17 23.6975 0cd9414a_20240827_164223.data
250.0 10.0 17 23.3875 0cd9414a_20240827_164247.data
270.0 10.0 17 23.6975 0cd9414a_20240827_164311.data
290.0 10.0 17 23.49125 0cd9414a_20240827_164335.data
290.0 30.0 17 23.6975 0cd9414a_20240827_164359.data
270.0 30.0 17 23.594575 0cd9414a_20240827_164423.data
250.0 30.0 17 23.6975 0cd9414a_20240827_164447.data
230.0 30.0 17 23.49125 0cd9414a_20240827_164511.data
210.0 30.0 17 23.8 0cd9414a_20240827_164535.data
190.0 30.0 17 23.3875 0cd9414a_20240827_164559.data
170.0 30.0 17 23.6975 0cd9414a_20240827_164623.data
150.0 30.0 17 23.8 0cd9414a_20240827_164647.data
130.0 30.0 17 23.6975 0cd9414a_20240827_164711.data
110.0 30.0 17 23.8 0cd9414a_20240827_164735.data
90.0 30.0 17 23.6975 0cd9414a_20240827_164759.data
70.0 30.0 17 23.8 0cd9414a_20240827_164823.data
50.0 30.0 17 23.6975 0cd9414a_20240827_164847.data
30.0 30.0 17 23.3875 0cd9414a_20240827_164911.data
10.0 30.0 17 23.8 0cd9414a_20240827_164935.data
10.0 50.0 17 23.8 0cd9414a_20240827_164959.data
30.0 50.0 17 23.6975 0cd9414a_20240827_165023.data
50.0 50.0 17 23.6975 0cd9414a_20240827_165047.data
70.0 50.0 17 23.594575 0cd9414a_20240827_165111.data
90.0 50.0 17 23.6975 0cd9414a_20240827_165135.data
110.0 50.0 17 23.3875 0cd9414a_20240827_165159.data
130.0 50.0 17 23.6975 0cd9414a_20240827_165223.data
150.0 50.0 17 23.49125 0cd9414a_20240827_165247.data
170.0 50.0 17 23.6975 0cd9414a_20240827_165311.data
190.0 50.0 17 23.594575 0cd9414a_20240827_165335.data
210.0 50.0 17 23.8 0cd9414a_20240827_165359.data
230.0 50.0 17 23.6975 0cd9414a_20240827_165423.data
250.0 50.0 17 23.6975 0cd9414a_20240827_165447.data
270.0 50.0 17 23.6975 0cd9414a_20240827_165511.data
290.0 50.0 17 23.6975 0cd9414a_20240827_165535.data
290.0 70.0 17 23.594575 0cd9414a_20240827_165559.data
270.0 70.0 17 23.6975 0cd9414a_20240827_165623.data
250.0 70.0 17 23.6975 0cd9414a_20240827_165647.data
230.0 70.0 17 23.8 0cd9414a_20240827_165711.data
210.0 70.0 17 23.6975 0cd9414a_20240827_165735.data
190.0 70.0 17 23.49125 0cd9414a_20240827_165759.data
170.0 70.0 17 23.3875 0cd9414a_20240827_165823.data
150.0 70.0 17 23.8 0cd9414a_20240827_165847.data
130.0 70.0 17 23.49125 0cd9414a_20240827_165911.data
110.0 70.0 17 23.6975 0cd9414a_20240827_165935.data
90.0 70.0 17 23.3875 0cd9414a_20240827_165959.data
70.0 70.0 17 23.6975 0cd9414a_20240827_170023.data
50.0 70.0 17 23.6975 0cd9414a_20240827_170047.data
30.0 70.0 17 23.8 0cd9414a_20240827_170111.data
10.0 70.0 17 23.6975 0cd9414a_20240827_170135.data
10.0 90.0 17 23.8 0cd9414a_20240827_170159.data
30.0 90.0 17 23.6975 0cd9414a_20240827_170223.data
50.0 90.0 17 23.3875 0cd9414a_20240827_170247.data
70.0 90.0 17 23.6975 0cd9414a_20240827_170311.data
90.0 90.0 17 23.49125 0cd9414a_20240827_170335.data
110.0 90.0 17 23.6975 0cd9414a_20240827_170359.data
130.0 90.0 17 23.3875 0cd9414a_20240827_170423.data
150.0 90.0 17 23.6975 0cd9414a_20240827_170447.data
170.0 90.0 17 23.49125 0cd9414a_20240827_170511.data
190.0 90.0 17 23.6975 0cd9414a_20240827_170535.data
210.0 90.0 17 23.6975 0cd9414a_20240827_170559.data
230.0 90.0 17 23.6975 0cd9414a_20240827_170624.data
250.0 90.0 17 23.6975 0cd9414a_20240827_170648.data
270.0 90.0 17 23.49125 0cd9414a_20240827_170712.data
290.0 90.0 17 23.6975 0cd9414a_20240827_170736.data
290.0 110.0 17 23.594575 0cd9414a_20240827_170800.data
270.0 110.0 17 23.6975 0cd9414a_20240827_170824.data
250.0 110.0 17 23.6975 0cd9414a_20240827_170848.data
230.0 110.0 17 23.49125 0cd9414a_20240827_170912.data
210.0 110.0 17 23.6975 0cd9414a_20240827_170936.data
190.0 110.0 17 23.594575 0cd9414a_20240827_171000.data
170.0 110.0 17 23.6975 0cd9414a_20240827_171024.data
150.0 110.0 17 23.49125 0cd9414a_20240827_171048.data
130.0 110.0 17 23.6975 0cd9414a_20240827_171112.data
110.0 110.0 17 23.6975 0cd9414a_20240827_171136.data
90.0 110.0 17 23.6975 0cd9414a_20240827_171200.data
70.0 110.0 17 23.6975 0cd9414a_20240827_171224.data
50.0 110.0 17 23.6975 0cd9414a_20240827_171248.data
30.0 110.0 17 23.49125 0cd9414a_20240827_171312.data
10.0 110.0 17 23.6975 0cd9414a_20240827_171336.data
10.0 130.0 17 23.49125 0cd9414a_20240827_171400.data
30.0 130.0 17 23.6975 0cd9414a_20240827_171424.data
50.0 130.0 17 23.49125 0cd9414a_20240827_171448.data
70.0 130.0 17 23.6975 0cd9414a_20240827_171512.data
90.0 130.0 17 23.594575 0cd9414a_20240827_171536.data
110.0 130.0 17 23.6975 0cd9414a_20240827_171600.data
130.0 130.0 17 23.8 0cd9414a_20240827_171624.data
150.0 130.0 17 23.6975 0cd9414a_20240827_171648.data
170.0 130.0 17 23.6975 0cd9414a_20240827_171712.data
190.0 130.0 17 23.49125 0cd9414a_20240827_171736.data
210.0 130.0 17 23.8 0cd9414a_20240827_171800.data
230.0 130.0 17 23.6975 0cd9414a_20240827_171824.data
250.0 130.0 17 23.6975 0cd9414a_20240827_171848.data
270.0 130.0 17 23.8 0cd9414a_20240827_171912.data
290.0 130.0 17 23.8 0cd9414a_20240827_171936.data
290.0 150.0 17 23.6975 0cd9414a_20240827_172000.data
270.0 150.0 17 23.49125 0cd9414a_20240827_172024.data
250.0 150.0 17 23.6975 0cd9414a_20240827_172048.data
230.0 150.0 17 23.49125 0cd9414a_20240827_172112.data
210.0 150.0 17 23.6975 0cd9414a_20240827_172136.data
190.0 150.0 17 23.6975 0cd9414a_20240827_172200.data
170.0 150.0 17 23.49125 0cd9414a_20240827_172224.data
150.0 150.0 17 23.6975 0cd9414a_20240827_172248.data
130.0 150.0 17 23.594575 0cd9414a_20240827_172312.data
110.0 150.0 17 23.6975 0cd9414a_20240827_172336.data
90.0 150.0 17 23.49125 0cd9414a_20240827_172400.data
70.0 150.0 17 23.6975 0cd9414a_20240827_172424.data
50.0 150.0 17 23.6975 0cd9414a_20240827_172448.data
30.0 150.0 17 23.6975 0cd9414a_20240827_172512.data
10.0 150.0 17 23.594575 0cd9414a_20240827_172536.data
10.0 170.0 17 23.6975 0cd9414a_20240827_172600.data
30.0 170.0 17 23.6975 0cd9414a_20240827_172624.data
50.0 170.0 17 23.594575 0cd9414a_20240827_172648.data
70.0 170.0 17 23.49125 0cd9414a_20240827_172712.data
90.0 170.0 17 23.49125 0cd9414a_20240827_172736.data
110.0 170.0 17 23.49125 0cd9414a_20240827_172800.data
130.0 170.0 17 23.3875 0cd9414a_20240827_172824.data
150.0 170.0 17 23.3875 0cd9414a_20240827_172848.data
170.0 170.0 17 23.3875 0cd9414a_20240827_172912.data
190.0 170.0 17 23.49125 0cd9414a_20240827_172936.data
210.0 170.0 17 23.49125 0cd9414a_20240827_173000.data
230.0 170.0 17 23.49125 0cd9414a_20240827_173024.data
250.0 170.0 17 23.3875 0cd9414a_20240827_173048.data
270.0 170.0 17 23.3875 0cd9414a_20240827_173112.data
290.0 170.0 17 23.3875 0cd9414a_20240827_173136.data
290.0 190.0 17 23.49125 0cd9414a_20240827_173200.data
270.0 190.0 17 23.3875 0cd9414a_20240827_173224.data
250.0 190.0 17 23.3875 0cd9414a_20240827_173248.data
230.0 190.0 17 23.283325 0cd9414a_20240827_173312.data
210.0 190.0 17 23.3875 0cd9414a_20240827_173336.data
190.0 190.0 17 23.49125 0cd9414a_20240827_173400.data
170.0 190.0 17 23.49125 0cd9414a_20240827_173424.data
150.0 190.0 17 23.49125 0cd9414a_20240827_173448.data
130.0 190.0 17 23.3875 0cd9414a_20240827_173512.data
110.0 190.0 17 23.49125 0cd9414a_20240827_173536.data
90.0 190.0 17 23.49125 0cd9414a_20240827_173600.data
70.0 190.0 17 23.49125 0cd9414a_20240827_173624.data
50.0 190.0 17 23.49125 0cd9414a_20240827_173648.data
30.0 190.0 17 23.49125 0cd9414a_20240827_173712.data
10.0 190.0 17 23.49125 0cd9414a_20240827_173737.data
10.0 210.0 17 23.49125 0cd9414a_20240827_173801.data
30.0 210.0 17 23.49125 0cd9414a_20240827_173825.data
50.0 210.0 17 23.49125 0cd9414a_20240827_173849.data
70.0 210.0 17 23.49125 0cd9414a_20240827_173913.data
90.0 210.0 17 23.49125 0cd9414a_20240827_173937.data
110.0 210.0 17 23.3875 0cd9414a_20240827_174001.data
130.0 210.0 17 23.49125 0cd9414a_20240827_174025.data
150.0 210.0 17 23.3875 0cd9414a_20240827_174049.data
170.0 210.0 17 23.49125 0cd9414a_20240827_174113.data
190.0 210.0 17 23.49125 0cd9414a_20240827_174137.data
210.0 210.0 17 23.49125 0cd9414a_20240827_174201.data
230.0 210.0 17 23.3875 0cd9414a_20240827_174225.data
250.0 210.0 17 23.3875 0cd9414a_20240827_174249.data
270.0 210.0 17 23.49125 0cd9414a_20240827_174313.data
290.0 210.0 17 23.49125 0cd9414a_20240827_174337.data
290.0 230.0 17 23.49125 0cd9414a_20240827_174401.data
270.0 230.0 17 23.49125 0cd9414a_20240827_174425.data
250.0 230.0 17 23.49125 0cd9414a_20240827_174449.data
230.0 230.0 17 23.49125 0cd9414a_20240827_174513.data
210.0 230.0 17 23.49125 0cd9414a_20240827_174537.data
190.0 230.0 17 23.49125 0cd9414a_20240827_174601.data
170.0 230.0 17 23.49125 0cd9414a_20240827_174625.data
150.0 230.0 17 23.3875 0cd9414a_20240827_174649.data
130.0 230.0 17 23.49125 0cd9414a_20240827_174713.data
110.0 230.0 17 23.49125 0cd9414a_20240827_174737.data
90.0 230.0 17 23.49125 0cd9414a_20240827_174801.data
70.0 230.0 17 23.49125 0cd9414a_20240827_174825.data
50.0 230.0 17 23.49125 0cd9414a_20240827_174849.data
30.0 230.0 17 23.49125 0cd9414a_20240827_174913.data
10.0 230.0 17 23.49125 0cd9414a_20240827_174937.data
10.0 250.0 17 23.3875 0cd9414a_20240827_175001.data
30.0 250.0 17 23.49125 0cd9414a_20240827_175025.data
50.0 250.0 17 23.49125 0cd9414a_20240827_175049.data
70.0 250.0 17 23.49125 0cd9414a_20240827_175113.data
90.0 250.0 17 23.3875 0cd9414a_20240827_175137.data
110.0 250.0 17 23.49125 0cd9414a_20240827_175201.data
130.0 250.0 17 23.49125 0cd9414a_20240827_175225.data
150.0 250.0 17 23.49125 0cd9414a_20240827_175249.data
170.0 250.0 17 23.3875 0cd9414a_20240827_175313.data
190.0 250.0 17 23.49125 0cd9414a_20240827_175337.data
210.0 250.0 17 23.49125 0cd9414a_20240827_175401.data
230.0 250.0 17 23.49125 0cd9414a_20240827_175425.data
250.0 250.0 17 23.3875 0cd9414a_20240827_175449.data
270.0 250.0 17 23.3875 0cd9414a_20240827_175513.data
290.0 250.0 17 23.3875 0cd9414a_20240827_175537.data
290.0 270.0 17 23.49125 0cd9414a_20240827_175601.data
270.0 270.0 17 23.49125 0cd9414a_20240827_175625.data
250.0 270.0 17 23.49125 0cd9414a_20240827_175649.data
230.0 270.0 17 23.49125 0cd9414a_20240827_175713.data
210.0 270.0 17 23.49125 0cd9414a_20240827_175737.data
190.0 270.0 17 23.49125 0cd9414a_20240827_175801.data
170.0 270.0 17 23.49125 0cd9414a_20240827_175825.data
150.0 270.0 17 23.49125 0cd9414a_20240827_175849.data
130.0 270.0 17 23.49125 0cd9414a_20240827_175913.data
110.0 270.0 17 23.3875 0cd9414a_20240827_175937.data
90.0 270.0 17 23.49125 0cd9414a_20240827_180001.data
70.0 270.0 17 23.49125 0cd9414a_20240827_180025.data
50.0 270.0 17 -1 0cd9414a_20240827_180049.data
30.0 270.0 17 23.49125 0cd9414a_20240827_180113.data
10.0 270.0 17 23.49125 0cd9414a_20240827_180137.data
10.0 290.0 17 -1 0cd9414a_20240827_180201.data
30.0 290.0 17 23.49125 0cd9414a_20240827_180225.data
50.0 290.0 17 23.49125 0cd9414a_20240827_180249.data
70.0 290.0 17 -1 0cd9414a_20240827_180313.data
90.0 290.0 17 23.49125 0cd9414a_20240827_180337.data
110.0 290.0 17 23.49125 0cd9414a_20240827_180401.data
130.0 290.0 17 -1 0cd9414a_20240827_180425.data
150.0 290.0 17 23.49125 0cd9414a_20240827_180449.data
170.0 290.0 17 23.49125 0cd9414a_20240827_180513.data
190.0 290.0 17 -1 0cd9414a_20240827_180537.data
210.0 290.0 17 23.902100000000004 0cd9414a_20240827_180601.data
230.0 290.0 17 23.902100000000004 0cd9414a_20240827_180625.data
250.0 290.0 17 23.902100000000004 0cd9414a_20240827_180649.data
270.0 290.0 17 23.902100000000004 0cd9414a_20240827_180713.data
290.0 290.0 17 23.902100000000004 0cd9414a_20240827_180738.data
290.0 310.0 17 23.902100000000004 0cd9414a_20240827_180801.data
270.0 310.0 17 23.902100000000004 0cd9414a_20240827_180826.data
250.0 310.0 17 23.902100000000004 0cd9414a_20240827_180850.data
230.0 310.0 17 23.902100000000004 0cd9414a_20240827_180914.data
210.0 310.0 17 23.902100000000004 0cd9414a_20240827_180938.data
190.0 310.0 17 23.902100000000004 0cd9414a_20240827_181002.data
170.0 310.0 17 23.902100000000004 0cd9414a_20240827_181026.data
150.0 310.0 17 23.902100000000004 0cd9414a_20240827_181050.data
130.0 310.0 17 23.902100000000004 0cd9414a_20240827_181114.data
110.0 310.0 17 23.902100000000004 0cd9414a_20240827_181138.data
90.0 310.0 17 23.902100000000004 0cd9414a_20240827_181202.data
70.0 310.0 17 24.003973684210532 0cd9414a_20240827_181226.data
50.0 310.0 17 23.902100000000004 0cd9414a_20240827_181250.data
30.0 310.0 17 24.003973684210532 0cd9414a_20240827_181314.data
10.0 310.0 17 23.902100000000004 0cd9414a_20240827_181338.data
10.0 330.0 17 23.902100000000004 0cd9414a_20240827_181402.data
30.0 330.0 17 23.902100000000004 0cd9414a_20240827_181426.data
50.0 330.0 17 24.003973684210532 0cd9414a_20240827_181450.data
70.0 330.0 17 23.902100000000004 0cd9414a_20240827_181514.data
90.0 330.0 17 23.902100000000004 0cd9414a_20240827_181538.data
110.0 330.0 17 23.902100000000004 0cd9414a_20240827_181602.data
130.0 330.0 17 23.902100000000004 0cd9414a_20240827_181626.data
150.0 330.0 17 23.902100000000004 0cd9414a_20240827_181650.data
170.0 330.0 17 23.902100000000004 0cd9414a_20240827_181714.data
190.0 330.0 17 23.902100000000004 0cd9414a_20240827_181738.data
210.0 330.0 17 23.902100000000004 0cd9414a_20240827_181802.data
230.0 330.0 17 23.902100000000004 0cd9414a_20240827_181826.data
250.0 330.0 17 23.902100000000004 0cd9414a_20240827_181850.data
270.0 330.0 17 23.902100000000004 0cd9414a_20240827_181914.data
290.0 330.0 17 24.1106052631579 0cd9414a_20240827_181938.data
10.0 350.0 17 24.003973684210532 0cd9414a_20240827_185332.data
30.0 350.0 17 23.902100000000004 0cd9414a_20240827_185356.data
50.0 350.0 17 23.8 0cd9414a_20240827_185420.data
70.0 350.0 17 23.902100000000004 0cd9414a_20240827_185444.data
90.0 350.0 17 23.902100000000004 0cd9414a_20240827_185508.data
110.0 350.0 17 23.902100000000004 0cd9414a_20240827_185532.data
130.0 350.0 17 23.902100000000004 0cd9414a_20240827_185556.data
150.0 350.0 17 23.902100000000004 0cd9414a_20240827_185620.data
170.0 350.0 17 23.902100000000004 0cd9414a_20240827_185644.data
190.0 350.0 17 23.902100000000004 0cd9414a_20240827_185708.data
210.0 350.0 17 23.902100000000004 0cd9414a_20240827_185732.data
230.0 350.0 17 23.902100000000004 0cd9414a_20240827_185756.data
250.0 350.0 17 23.902100000000004 0cd9414a_20240827_185820.data
270.0 350.0 17 24.003973684210532 0cd9414a_20240827_185844.data
290.0 350.0 17 24.1106052631579 0cd9414a_20240827_185909.data
290.0 370.0 17 23.902100000000004 0cd9414a_20240827_185933.data
270.0 370.0 17 23.902100000000004 0cd9414a_20240827_185957.data
250.0 370.0 17 23.902100000000004 0cd9414a_20240827_190021.data
230.0 370.0 17 23.902100000000004 0cd9414a_20240827_190045.data
210.0 370.0 17 23.902100000000004 0cd9414a_20240827_190109.data
190.0 370.0 17 24.003973684210532 0cd9414a_20240827_190133.data
170.0 370.0 17 23.902100000000004 0cd9414a_20240827_190157.data
150.0 370.0 17 23.902100000000004 0cd9414a_20240827_190221.data
130.0 370.0 17 23.902100000000004 0cd9414a_20240827_190245.data
110.0 370.0 17 23.902100000000004 0cd9414a_20240827_190309.data
90.0 370.0 17 23.902100000000004 0cd9414a_20240827_190333.data
70.0 370.0 17 23.902100000000004 0cd9414a_20240827_190357.data
50.0 370.0 17 23.902100000000004 0cd9414a_20240827_190421.data
30.0 370.0 17 23.902100000000004 0cd9414a_20240827_190445.data
10.0 370.0 17 23.902100000000004 0cd9414a_20240827_190509.data
10.0 390.0 17 23.902100000000004 0cd9414a_20240827_190533.data
30.0 390.0 17 23.902100000000004 0cd9414a_20240827_190557.data
50.0 390.0 17 23.902100000000004 0cd9414a_20240827_190621.data
70.0 390.0 17 23.902100000000004 0cd9414a_20240827_190645.data
90.0 390.0 17 23.902100000000004 0cd9414a_20240827_190709.data
110.0 390.0 17 23.902100000000004 0cd9414a_20240827_190733.data
130.0 390.0 17 24.003973684210532 0cd9414a_20240827_190757.data
150.0 390.0 17 24.003973684210532 0cd9414a_20240827_190821.data
170.0 390.0 17 23.902100000000004 0cd9414a_20240827_190845.data
190.0 390.0 17 23.902100000000004 0cd9414a_20240827_190909.data
210.0 390.0 17 23.902100000000004 0cd9414a_20240827_190933.data
230.0 390.0 17 23.902100000000004 0cd9414a_20240827_190957.data
250.0 390.0 17 23.902100000000004 0cd9414a_20240827_191021.data
270.0 390.0 17 23.902100000000004 0cd9414a_20240827_191045.data
290.0 390.0 17 23.902100000000004 0cd9414a_20240827_191109.data
290.0 410.0 17 23.902100000000004 0cd9414a_20240827_191133.data
270.0 410.0 17 23.902100000000004 0cd9414a_20240827_191157.data
250.0 410.0 17 24.003973684210532 0cd9414a_20240827_191221.data
230.0 410.0 17 23.8 0cd9414a_20240827_191245.data
210.0 410.0 17 23.902100000000004 0cd9414a_20240827_191309.data
190.0 410.0 17 23.902100000000004 0cd9414a_20240827_191333.data
170.0 410.0 17 23.8 0cd9414a_20240827_191357.data
150.0 410.0 17 24.1106052631579 0cd9414a_20240827_191421.data
130.0 410.0 17 23.902100000000004 0cd9414a_20240827_191445.data
110.0 410.0 17 23.902100000000004 0cd9414a_20240827_191509.data
90.0 410.0 17 24.003973684210532 0cd9414a_20240827_191533.data
70.0 410.0 17 23.902100000000004 0cd9414a_20240827_191557.data
50.0 410.0 17 23.902100000000004 0cd9414a_20240827_191621.data
30.0 410.0 17 23.902100000000004 0cd9414a_20240827_191645.data
10.0 410.0 17 23.902100000000004 0cd9414a_20240827_191709.data
10.0 430.0 17 23.902100000000004 0cd9414a_20240827_191733.data
30.0 430.0 17 23.902100000000004 0cd9414a_20240827_191757.data
50.0 430.0 17 23.902100000000004 0cd9414a_20240827_191821.data
70.0 430.0 17 23.902100000000004 0cd9414a_20240827_191845.data
90.0 430.0 17 23.902100000000004 0cd9414a_20240827_191909.data
110.0 430.0 17 23.902100000000004 0cd9414a_20240827_191933.data
130.0 430.0 17 23.902100000000004 0cd9414a_20240827_191957.data
150.0 430.0 17 23.902100000000004 0cd9414a_20240827_192021.data
170.0 430.0 17 23.902100000000004 0cd9414a_20240827_192045.data
190.0 430.0 17 24.003973684210532 0cd9414a_20240827_192109.data
210.0 430.0 17 24.003973684210532 0cd9414a_20240827_192133.data
230.0 430.0 17 23.902100000000004 0cd9414a_20240827_192157.data
250.0 430.0 17 23.902100000000004 0cd9414a_20240827_192221.data
270.0 430.0 17 23.902100000000004 0cd9414a_20240827_192245.data
290.0 430.0 17 24.003973684210532 0cd9414a_20240827_192309.data
290.0 450.0 17 24.003973684210532 0cd9414a_20240827_192333.data
270.0 450.0 17 24.003973684210532 0cd9414a_20240827_192357.data
250.0 450.0 17 23.902100000000004 0cd9414a_20240827_192421.data
230.0 450.0 17 23.902100000000004 0cd9414a_20240827_192445.data
210.0 450.0 17 23.902100000000004 0cd9414a_20240827_192509.data
190.0 450.0 17 23.902100000000004 0cd9414a_20240827_192533.data
170.0 450.0 17 23.902100000000004 0cd9414a_20240827_192557.data
150.0 450.0 17 23.902100000000004 0cd9414a_20240827_192621.data
130.0 450.0 17 23.902100000000004 0cd9414a_20240827_192645.data
110.0 450.0 17 23.902100000000004 0cd9414a_20240827_192709.data
90.0 450.0 17 23.902100000000004 0cd9414a_20240827_192733.data
70.0 450.0 17 23.902100000000004 0cd9414a_20240827_192757.data
50.0 450.0 17 24.003973684210532 0cd9414a_20240827_192821.data
30.0 450.0 17 23.902100000000004 0cd9414a_20240827_192845.data
10.0 450.0 17 23.902100000000004 0cd9414a_20240827_192909.data
10.0 470.0 17 24.003973684210532 0cd9414a_20240827_192933.data
30.0 470.0 17 23.902100000000004 0cd9414a_20240827_192957.data
50.0 470.0 17 23.902100000000004 0cd9414a_20240827_193021.data
70.0 470.0 17 23.902100000000004 0cd9414a_20240827_193046.data
90.0 470.0 17 23.902100000000004 0cd9414a_20240827_193110.data
110.0 470.0 17 24.003973684210532 0cd9414a_20240827_193134.data
130.0 470.0 17 24.003973684210532 0cd9414a_20240827_193158.data
150.0 470.0 17 24.1106052631579 0cd9414a_20240827_193222.data
170.0 470.0 17 23.902100000000004 0cd9414a_20240827_193246.data
190.0 470.0 17 23.902100000000004 0cd9414a_20240827_193310.data
210.0 470.0 17 23.902100000000004 0cd9414a_20240827_193334.data
230.0 470.0 17 23.902100000000004 0cd9414a_20240827_193358.data
250.0 470.0 17 24.003973684210532 0cd9414a_20240827_193422.data
270.0 470.0 17 23.902100000000004 0cd9414a_20240827_193446.data
290.0 470.0 17 24.003973684210532 0cd9414a_20240827_193510.data
