-1 -1 -1 23.8 0cd9414a_20240919_115704.data
10.0 10.0 17 23.8 0cd9414a_20240919_115743.data
30.0 10.0 17 23.8 0cd9414a_20240919_115807.data
50.0 10.0 17 23.902100000000004 0cd9414a_20240919_115831.data
70.0 10.0 17 23.8 0cd9414a_20240919_115855.data
90.0 10.0 17 23.8 0cd9414a_20240919_115919.data
110.0 10.0 17 23.902100000000004 0cd9414a_20240919_115943.data
130.0 10.0 17 23.8 0cd9414a_20240919_120007.data
150.0 10.0 17 23.902100000000004 0cd9414a_20240919_120031.data
170.0 10.0 17 23.902100000000004 0cd9414a_20240919_120055.data
190.0 10.0 17 23.8 0cd9414a_20240919_120119.data
210.0 10.0 17 23.6975 0cd9414a_20240919_120143.data
230.0 10.0 17 23.8 0cd9414a_20240919_120207.data
250.0 10.0 17 23.8 0cd9414a_20240919_120231.data
270.0 10.0 17 23.8 0cd9414a_20240919_120255.data
290.0 10.0 17 23.8 0cd9414a_20240919_120319.data
290.0 30.0 17 23.8 0cd9414a_20240919_120343.data
270.0 30.0 17 23.902100000000004 0cd9414a_20240919_120407.data
250.0 30.0 17 23.8 0cd9414a_20240919_120431.data
230.0 30.0 17 23.594575 0cd9414a_20240919_120455.data
210.0 30.0 17 23.8 0cd9414a_20240919_120519.data
190.0 30.0 17 23.8 0cd9414a_20240919_120543.data
170.0 30.0 17 23.8 0cd9414a_20240919_120607.data
150.0 30.0 17 23.8 0cd9414a_20240919_120631.data
130.0 30.0 17 23.594575 0cd9414a_20240919_120655.data
110.0 30.0 17 23.8 0cd9414a_20240919_120719.data
90.0 30.0 17 23.8 0cd9414a_20240919_120743.data
70.0 30.0 17 23.49125 0cd9414a_20240919_120807.data
50.0 30.0 17 23.3875 0cd9414a_20240919_120831.data
30.0 30.0 17 23.902100000000004 0cd9414a_20240919_120855.data
10.0 30.0 17 23.8 0cd9414a_20240919_120919.data
10.0 50.0 17 23.8 0cd9414a_20240919_120943.data
30.0 50.0 17 23.6975 0cd9414a_20240919_121007.data
50.0 50.0 17 23.8 0cd9414a_20240919_121031.data
70.0 50.0 17 23.8 0cd9414a_20240919_121055.data
90.0 50.0 17 23.8 0cd9414a_20240919_121119.data
110.0 50.0 17 23.594575 0cd9414a_20240919_121143.data
130.0 50.0 17 23.6975 0cd9414a_20240919_121207.data
150.0 50.0 17 23.8 0cd9414a_20240919_121232.data
170.0 50.0 17 23.8 0cd9414a_20240919_121256.data
190.0 50.0 17 23.8 0cd9414a_20240919_121320.data
210.0 50.0 17 23.594575 0cd9414a_20240919_121344.data
230.0 50.0 17 23.6975 0cd9414a_20240919_121408.data
250.0 50.0 17 23.8 0cd9414a_20240919_121432.data
270.0 50.0 17 23.8 0cd9414a_20240919_121456.data
290.0 50.0 17 23.8 0cd9414a_20240919_121520.data
290.0 70.0 17 23.8 0cd9414a_20240919_121544.data
270.0 70.0 17 23.3875 0cd9414a_20240919_121608.data
250.0 70.0 17 23.49125 0cd9414a_20240919_121632.data
230.0 70.0 17 23.6975 0cd9414a_20240919_121656.data
210.0 70.0 17 23.594575 0cd9414a_20240919_121720.data
190.0 70.0 17 23.8 0cd9414a_20240919_121744.data
170.0 70.0 17 23.8 0cd9414a_20240919_121808.data
150.0 70.0 17 23.8 0cd9414a_20240919_121832.data
130.0 70.0 17 23.8 0cd9414a_20240919_121856.data
110.0 70.0 17 23.8 0cd9414a_20240919_121920.data
90.0 70.0 17 23.8 0cd9414a_20240919_121944.data
70.0 70.0 17 23.6975 0cd9414a_20240919_122008.data
50.0 70.0 17 23.594575 0cd9414a_20240919_122032.data
30.0 70.0 17 23.49125 0cd9414a_20240919_122056.data
10.0 70.0 17 23.6975 0cd9414a_20240919_122120.data
10.0 90.0 17 23.8 0cd9414a_20240919_122144.data
30.0 90.0 17 23.8 0cd9414a_20240919_122208.data
50.0 90.0 17 23.8 0cd9414a_20240919_122232.data
70.0 90.0 17 23.6975 0cd9414a_20240919_122256.data
90.0 90.0 17 23.8 0cd9414a_20240919_122320.data
110.0 90.0 17 23.8 0cd9414a_20240919_122344.data
130.0 90.0 17 23.8 0cd9414a_20240919_122408.data
150.0 90.0 17 23.6975 0cd9414a_20240919_122432.data
170.0 90.0 17 23.8 0cd9414a_20240919_122456.data
190.0 90.0 17 23.8 0cd9414a_20240919_122520.data
210.0 90.0 17 23.8 0cd9414a_20240919_122544.data
230.0 90.0 17 23.8 0cd9414a_20240919_122608.data
250.0 90.0 17 23.8 0cd9414a_20240919_122632.data
270.0 90.0 17 23.8 0cd9414a_20240919_122656.data
290.0 90.0 17 23.594575 0cd9414a_20240919_122720.data
290.0 110.0 17 23.8 0cd9414a_20240919_122744.data
270.0 110.0 17 23.8 0cd9414a_20240919_122808.data
250.0 110.0 17 23.8 0cd9414a_20240919_122832.data
230.0 110.0 17 23.6975 0cd9414a_20240919_122856.data
210.0 110.0 17 23.6975 0cd9414a_20240919_122920.data
190.0 110.0 17 23.8 0cd9414a_20240919_122944.data
170.0 110.0 17 23.8 0cd9414a_20240919_123008.data
150.0 110.0 17 23.49125 0cd9414a_20240919_123032.data
130.0 110.0 17 23.594575 0cd9414a_20240919_123056.data
110.0 110.0 17 23.8 0cd9414a_20240919_123120.data
90.0 110.0 17 23.8 0cd9414a_20240919_123144.data
70.0 110.0 17 23.8 0cd9414a_20240919_123208.data
50.0 110.0 17 23.8 0cd9414a_20240919_123232.data
30.0 110.0 17 23.8 0cd9414a_20240919_123256.data
10.0 110.0 17 23.902100000000004 0cd9414a_20240919_123320.data
10.0 130.0 17 23.8 0cd9414a_20240919_123344.data
30.0 130.0 17 23.8 0cd9414a_20240919_123408.data
50.0 130.0 17 23.8 0cd9414a_20240919_123432.data
70.0 130.0 17 23.8 0cd9414a_20240919_123456.data
90.0 130.0 17 23.8 0cd9414a_20240919_123520.data
110.0 130.0 17 23.8 0cd9414a_20240919_123544.data
130.0 130.0 17 23.594575 0cd9414a_20240919_123608.data
150.0 130.0 17 23.49125 0cd9414a_20240919_123632.data
170.0 130.0 17 23.594575 0cd9414a_20240919_123656.data
190.0 130.0 17 23.6975 0cd9414a_20240919_123720.data
210.0 130.0 17 23.6975 0cd9414a_20240919_123744.data
230.0 130.0 17 23.6975 0cd9414a_20240919_123808.data
250.0 130.0 17 23.8 0cd9414a_20240919_123832.data
270.0 130.0 17 23.8 0cd9414a_20240919_123856.data
290.0 130.0 17 23.8 0cd9414a_20240919_123920.data
290.0 150.0 17 23.8 0cd9414a_20240919_123944.data
270.0 150.0 17 23.6975 0cd9414a_20240919_124008.data
250.0 150.0 17 23.8 0cd9414a_20240919_124032.data
230.0 150.0 17 23.8 0cd9414a_20240919_124056.data
210.0 150.0 17 23.8 0cd9414a_20240919_124120.data
190.0 150.0 17 23.8 0cd9414a_20240919_124144.data
170.0 150.0 17 23.8 0cd9414a_20240919_124208.data
150.0 150.0 17 23.594575 0cd9414a_20240919_124232.data
130.0 150.0 17 23.49125 0cd9414a_20240919_124256.data
110.0 150.0 17 23.6975 0cd9414a_20240919_124321.data
90.0 150.0 17 23.6975 0cd9414a_20240919_124345.data
70.0 150.0 17 23.594575 0cd9414a_20240919_124409.data
50.0 150.0 17 23.8 0cd9414a_20240919_124433.data
30.0 150.0 17 23.6975 0cd9414a_20240919_124457.data
10.0 150.0 17 23.49125 0cd9414a_20240919_124521.data
10.0 170.0 17 23.6975 0cd9414a_20240919_124545.data
30.0 170.0 17 23.8 0cd9414a_20240919_124609.data
50.0 170.0 17 23.8 0cd9414a_20240919_124633.data
70.0 170.0 17 23.8 0cd9414a_20240919_124657.data
90.0 170.0 17 23.8 0cd9414a_20240919_124721.data
110.0 170.0 17 23.8 0cd9414a_20240919_124745.data
130.0 170.0 17 23.594575 0cd9414a_20240919_124809.data
150.0 170.0 17 23.8 0cd9414a_20240919_124833.data
170.0 170.0 17 23.6975 0cd9414a_20240919_124857.data
190.0 170.0 17 23.8 0cd9414a_20240919_124921.data
210.0 170.0 17 23.8 0cd9414a_20240919_124945.data
230.0 170.0 17 23.8 0cd9414a_20240919_125009.data
250.0 170.0 17 23.8 0cd9414a_20240919_125033.data
270.0 170.0 17 23.8 0cd9414a_20240919_125057.data
290.0 170.0 17 23.594575 0cd9414a_20240919_125121.data
290.0 190.0 17 23.8 0cd9414a_20240919_125145.data
270.0 190.0 17 23.8 0cd9414a_20240919_125209.data
250.0 190.0 17 23.8 0cd9414a_20240919_125233.data
230.0 190.0 17 23.8 0cd9414a_20240919_125257.data
210.0 190.0 17 23.8 0cd9414a_20240919_125321.data
190.0 190.0 17 23.594575 0cd9414a_20240919_125345.data
170.0 190.0 17 23.49125 0cd9414a_20240919_125409.data
150.0 190.0 17 23.8 0cd9414a_20240919_125433.data
130.0 190.0 17 23.8 0cd9414a_20240919_125457.data
110.0 190.0 17 23.8 0cd9414a_20240919_125521.data
90.0 190.0 17 23.594575 0cd9414a_20240919_125545.data
70.0 190.0 17 23.594575 0cd9414a_20240919_125609.data
50.0 190.0 17 23.6975 0cd9414a_20240919_125633.data
30.0 190.0 17 23.8 0cd9414a_20240919_125657.data
10.0 190.0 17 23.8 0cd9414a_20240919_125721.data
10.0 210.0 17 23.8 0cd9414a_20240919_125745.data
30.0 210.0 17 23.594575 0cd9414a_20240919_125809.data
50.0 210.0 17 23.8 0cd9414a_20240919_125833.data
70.0 210.0 17 23.8 0cd9414a_20240919_125857.data
90.0 210.0 17 23.6975 0cd9414a_20240919_125921.data
110.0 210.0 17 23.8 0cd9414a_20240919_125945.data
130.0 210.0 17 23.6975 0cd9414a_20240919_130009.data
150.0 210.0 17 23.8 0cd9414a_20240919_130033.data
170.0 210.0 17 23.8 0cd9414a_20240919_130057.data
190.0 210.0 17 23.49125 0cd9414a_20240919_130121.data
210.0 210.0 17 23.8 0cd9414a_20240919_130145.data
230.0 210.0 17 23.8 0cd9414a_20240919_130209.data
250.0 210.0 17 23.8 0cd9414a_20240919_130233.data
270.0 210.0 17 23.6975 0cd9414a_20240919_130257.data
290.0 210.0 17 23.8 0cd9414a_20240919_130321.data
290.0 230.0 17 23.8 0cd9414a_20240919_130345.data
270.0 230.0 17 23.8 0cd9414a_20240919_130409.data
250.0 230.0 17 23.8 0cd9414a_20240919_130433.data
230.0 230.0 17 23.594575 0cd9414a_20240919_130457.data
210.0 230.0 17 23.8 0cd9414a_20240919_130521.data
190.0 230.0 17 23.3875 0cd9414a_20240919_130545.data
170.0 230.0 17 23.6975 0cd9414a_20240919_130609.data
150.0 230.0 17 23.3875 0cd9414a_20240919_130633.data
130.0 230.0 17 23.8 0cd9414a_20240919_130657.data
110.0 230.0 17 23.49125 0cd9414a_20240919_130721.data
90.0 230.0 17 23.594575 0cd9414a_20240919_130745.data
70.0 230.0 17 23.49125 0cd9414a_20240919_130809.data
50.0 230.0 17 23.49125 0cd9414a_20240919_130833.data
30.0 230.0 17 23.49125 0cd9414a_20240919_130857.data
10.0 230.0 17 23.49125 0cd9414a_20240919_130921.data
10.0 250.0 17 23.49125 0cd9414a_20240919_130945.data
30.0 250.0 17 23.49125 0cd9414a_20240919_131009.data
50.0 250.0 17 23.49125 0cd9414a_20240919_131033.data
70.0 250.0 17 23.49125 0cd9414a_20240919_131057.data
90.0 250.0 17 23.49125 0cd9414a_20240919_131121.data
110.0 250.0 17 23.49125 0cd9414a_20240919_131145.data
130.0 250.0 17 23.49125 0cd9414a_20240919_131209.data
150.0 250.0 17 23.49125 0cd9414a_20240919_131233.data
170.0 250.0 17 23.49125 0cd9414a_20240919_131257.data
190.0 250.0 17 23.49125 0cd9414a_20240919_131321.data
210.0 250.0 17 23.49125 0cd9414a_20240919_131346.data
230.0 250.0 17 23.594575 0cd9414a_20240919_131409.data
250.0 250.0 17 23.49125 0cd9414a_20240919_131434.data
270.0 250.0 17 23.49125 0cd9414a_20240919_131458.data
290.0 250.0 17 23.49125 0cd9414a_20240919_131522.data
290.0 270.0 17 23.49125 0cd9414a_20240919_131546.data
270.0 270.0 17 23.49125 0cd9414a_20240919_131610.data
250.0 270.0 17 23.6975 0cd9414a_20240919_131634.data
230.0 270.0 17 23.49125 0cd9414a_20240919_131658.data
210.0 270.0 17 23.49125 0cd9414a_20240919_131722.data
190.0 270.0 17 23.49125 0cd9414a_20240919_131746.data
170.0 270.0 17 23.49125 0cd9414a_20240919_131810.data
150.0 270.0 17 23.49125 0cd9414a_20240919_131834.data
130.0 270.0 17 23.49125 0cd9414a_20240919_131858.data
110.0 270.0 17 23.49125 0cd9414a_20240919_131922.data
90.0 270.0 17 23.594575 0cd9414a_20240919_131946.data
70.0 270.0 17 23.49125 0cd9414a_20240919_132010.data
50.0 270.0 17 -1 0cd9414a_20240919_132034.data
30.0 270.0 17 23.594575 0cd9414a_20240919_132058.data
10.0 270.0 17 23.49125 0cd9414a_20240919_132122.data
10.0 290.0 17 -1 0cd9414a_20240919_132146.data
30.0 290.0 17 23.49125 0cd9414a_20240919_132210.data
50.0 290.0 17 23.49125 0cd9414a_20240919_132234.data
70.0 290.0 17 -1 0cd9414a_20240919_132258.data
90.0 290.0 17 23.594575 0cd9414a_20240919_132322.data
110.0 290.0 17 23.49125 0cd9414a_20240919_132346.data
130.0 290.0 17 -1 0cd9414a_20240919_132410.data
150.0 290.0 17 23.594575 0cd9414a_20240919_132434.data
170.0 290.0 17 23.49125 0cd9414a_20240919_132458.data
190.0 290.0 17 -1 0cd9414a_20240919_132522.data
210.0 290.0 17 23.6975 0cd9414a_20240919_132546.data
230.0 290.0 17 23.6975 0cd9414a_20240919_132610.data
250.0 290.0 17 23.6975 0cd9414a_20240919_132634.data
270.0 290.0 17 23.6975 0cd9414a_20240919_132658.data
290.0 290.0 17 23.6975 0cd9414a_20240919_132722.data
290.0 310.0 17 23.8 0cd9414a_20240919_132746.data
270.0 310.0 17 23.6975 0cd9414a_20240919_132810.data
250.0 310.0 17 23.8 0cd9414a_20240919_132834.data
230.0 310.0 17 23.6975 0cd9414a_20240919_132858.data
210.0 310.0 17 23.594575 0cd9414a_20240919_132922.data
190.0 310.0 17 23.6975 0cd9414a_20240919_132946.data
170.0 310.0 17 23.6975 0cd9414a_20240919_133010.data
150.0 310.0 17 23.6975 0cd9414a_20240919_133034.data
130.0 310.0 17 23.6975 0cd9414a_20240919_133058.data
110.0 310.0 17 23.6975 0cd9414a_20240919_133122.data
90.0 310.0 17 23.6975 0cd9414a_20240919_133146.data
70.0 310.0 17 23.6975 0cd9414a_20240919_133210.data
50.0 310.0 17 23.902100000000004 0cd9414a_20240919_133234.data
30.0 310.0 17 23.8 0cd9414a_20240919_133258.data
10.0 310.0 17 23.594575 0cd9414a_20240919_133322.data
10.0 330.0 17 23.6975 0cd9414a_20240919_133346.data
30.0 330.0 17 23.6975 0cd9414a_20240919_133410.data
50.0 330.0 17 23.6975 0cd9414a_20240919_133434.data
70.0 330.0 17 23.6975 0cd9414a_20240919_133458.data
90.0 330.0 17 23.8 0cd9414a_20240919_133522.data
110.0 330.0 17 23.6975 0cd9414a_20240919_133546.data
130.0 330.0 17 23.6975 0cd9414a_20240919_133610.data
150.0 330.0 17 23.6975 0cd9414a_20240919_133634.data
170.0 330.0 17 23.6975 0cd9414a_20240919_133658.data
190.0 330.0 17 23.6975 0cd9414a_20240919_133722.data
210.0 330.0 17 23.6975 0cd9414a_20240919_133746.data
230.0 330.0 17 23.6975 0cd9414a_20240919_133810.data
250.0 330.0 17 23.6975 0cd9414a_20240919_133834.data
270.0 330.0 17 23.8 0cd9414a_20240919_133858.data
290.0 330.0 17 23.6975 0cd9414a_20240919_133922.data
10.0 350.0 17 23.594575 0cd9414a_20240919_134908.data
30.0 350.0 17 23.6975 0cd9414a_20240919_134932.data
50.0 350.0 17 23.6975 0cd9414a_20240919_134956.data
70.0 350.0 17 23.6975 0cd9414a_20240919_135020.data
90.0 350.0 17 23.6975 0cd9414a_20240919_135044.data
110.0 350.0 17 23.6975 0cd9414a_20240919_135108.data
130.0 350.0 17 23.6975 0cd9414a_20240919_135132.data
150.0 350.0 17 23.6975 0cd9414a_20240919_135156.data
170.0 350.0 17 24.003973684210532 0cd9414a_20240919_135220.data
190.0 350.0 17 23.8 0cd9414a_20240919_135244.data
210.0 350.0 17 23.594575 0cd9414a_20240919_135308.data
230.0 350.0 17 23.6975 0cd9414a_20240919_135332.data
250.0 350.0 17 23.6975 0cd9414a_20240919_135356.data
270.0 350.0 17 23.6975 0cd9414a_20240919_135420.data
290.0 350.0 17 23.6975 0cd9414a_20240919_135444.data
290.0 370.0 17 23.6975 0cd9414a_20240919_135508.data
270.0 370.0 17 23.6975 0cd9414a_20240919_135532.data
250.0 370.0 17 23.8 0cd9414a_20240919_135556.data
230.0 370.0 17 23.6975 0cd9414a_20240919_135620.data
210.0 370.0 17 23.8 0cd9414a_20240919_135644.data
190.0 370.0 17 23.6975 0cd9414a_20240919_135708.data
170.0 370.0 17 23.6975 0cd9414a_20240919_135732.data
150.0 370.0 17 23.6975 0cd9414a_20240919_135756.data
130.0 370.0 17 23.8 0cd9414a_20240919_135820.data
110.0 370.0 17 23.8 0cd9414a_20240919_135844.data
90.0 370.0 17 23.6975 0cd9414a_20240919_135908.data
70.0 370.0 17 23.6975 0cd9414a_20240919_135933.data
50.0 370.0 17 23.594575 0cd9414a_20240919_135957.data
30.0 370.0 17 23.6975 0cd9414a_20240919_140021.data
10.0 370.0 17 23.6975 0cd9414a_20240919_140045.data
10.0 390.0 17 23.6975 0cd9414a_20240919_140109.data
30.0 390.0 17 23.8 0cd9414a_20240919_140133.data
50.0 390.0 17 23.6975 0cd9414a_20240919_140157.data
70.0 390.0 17 23.6975 0cd9414a_20240919_140221.data
90.0 390.0 17 23.8 0cd9414a_20240919_140245.data
110.0 390.0 17 23.6975 0cd9414a_20240919_140309.data
130.0 390.0 17 23.8 0cd9414a_20240919_140333.data
150.0 390.0 17 23.6975 0cd9414a_20240919_140357.data
170.0 390.0 17 23.902100000000004 0cd9414a_20240919_140421.data
190.0 390.0 17 23.6975 0cd9414a_20240919_140445.data
210.0 390.0 17 23.6975 0cd9414a_20240919_140509.data
230.0 390.0 17 23.8 0cd9414a_20240919_140533.data
250.0 390.0 17 23.6975 0cd9414a_20240919_140557.data
270.0 390.0 17 23.6975 0cd9414a_20240919_140621.data
290.0 390.0 17 23.6975 0cd9414a_20240919_140645.data
290.0 410.0 17 23.8 0cd9414a_20240919_140709.data
270.0 410.0 17 23.6975 0cd9414a_20240919_140733.data
250.0 410.0 17 23.6975 0cd9414a_20240919_140757.data
230.0 410.0 17 23.6975 0cd9414a_20240919_140821.data
210.0 410.0 17 23.6975 0cd9414a_20240919_140845.data
190.0 410.0 17 23.6975 0cd9414a_20240919_140909.data
170.0 410.0 17 23.6975 0cd9414a_20240919_140933.data
150.0 410.0 17 23.8 0cd9414a_20240919_140957.data
130.0 410.0 17 23.6975 0cd9414a_20240919_141021.data
110.0 410.0 17 23.6975 0cd9414a_20240919_141045.data
90.0 410.0 17 23.6975 0cd9414a_20240919_141109.data
70.0 410.0 17 23.8 0cd9414a_20240919_141133.data
50.0 410.0 17 23.8 0cd9414a_20240919_141157.data
30.0 410.0 17 23.8 0cd9414a_20240919_141221.data
10.0 410.0 17 23.6975 0cd9414a_20240919_141245.data
10.0 430.0 17 23.6975 0cd9414a_20240919_141309.data
30.0 430.0 17 23.6975 0cd9414a_20240919_141333.data
50.0 430.0 17 23.8 0cd9414a_20240919_141357.data
70.0 430.0 17 23.902100000000004 0cd9414a_20240919_141421.data
90.0 430.0 17 23.594575 0cd9414a_20240919_141445.data
110.0 430.0 17 23.6975 0cd9414a_20240919_141509.data
130.0 430.0 17 23.8 0cd9414a_20240919_141533.data
150.0 430.0 17 23.6975 0cd9414a_20240919_141557.data
170.0 430.0 17 23.6975 0cd9414a_20240919_141621.data
190.0 430.0 17 23.6975 0cd9414a_20240919_141645.data
210.0 430.0 17 23.6975 0cd9414a_20240919_141709.data
230.0 430.0 17 23.6975 0cd9414a_20240919_141733.data
250.0 430.0 17 23.8 0cd9414a_20240919_141757.data
270.0 430.0 17 23.8 0cd9414a_20240919_141821.data
290.0 430.0 17 23.8 0cd9414a_20240919_141845.data
290.0 450.0 17 23.6975 0cd9414a_20240919_141909.data
270.0 450.0 17 23.8 0cd9414a_20240919_141933.data
250.0 450.0 17 23.8 0cd9414a_20240919_141957.data
230.0 450.0 17 23.6975 0cd9414a_20240919_142021.data
210.0 450.0 17 23.6975 0cd9414a_20240919_142045.data
190.0 450.0 17 23.8 0cd9414a_20240919_142109.data
170.0 450.0 17 23.6975 0cd9414a_20240919_142133.data
150.0 450.0 17 23.8 0cd9414a_20240919_142157.data
130.0 450.0 17 23.8 0cd9414a_20240919_142221.data
110.0 450.0 17 23.6975 0cd9414a_20240919_142245.data
90.0 450.0 17 23.8 0cd9414a_20240919_142309.data
70.0 450.0 17 23.6975 0cd9414a_20240919_142333.data
50.0 450.0 17 23.594575 0cd9414a_20240919_142357.data
30.0 450.0 17 23.6975 0cd9414a_20240919_142421.data
10.0 450.0 17 23.6975 0cd9414a_20240919_142445.data
10.0 470.0 17 23.6975 0cd9414a_20240919_142509.data
30.0 470.0 17 23.8 0cd9414a_20240919_142533.data
50.0 470.0 17 23.8 0cd9414a_20240919_142557.data
70.0 470.0 17 23.8 0cd9414a_20240919_142621.data
90.0 470.0 17 23.6975 0cd9414a_20240919_142645.data
110.0 470.0 17 23.6975 0cd9414a_20240919_142709.data
130.0 470.0 17 23.6975 0cd9414a_20240919_142733.data
150.0 470.0 17 23.6975 0cd9414a_20240919_142757.data
170.0 470.0 17 23.6975 0cd9414a_20240919_142821.data
190.0 470.0 17 23.8 0cd9414a_20240919_142845.data
210.0 470.0 17 23.6975 0cd9414a_20240919_142909.data
230.0 470.0 17 23.8 0cd9414a_20240919_142933.data
250.0 470.0 17 23.6975 0cd9414a_20240919_142957.data
270.0 470.0 17 23.6975 0cd9414a_20240919_143021.data
290.0 470.0 17 23.6975 0cd9414a_20240919_143046.data
