-1 -1 -1 25.537859030837005 0cd9414a_20240826_133822.data
10.0 10.0 17 25.537859030837005 0cd9414a_20240826_133901.data
30.0 10.0 17 25.537859030837005 0cd9414a_20240826_133925.data
50.0 10.0 17 25.537859030837005 0cd9414a_20240826_133949.data
70.0 10.0 17 25.537859030837005 0cd9414a_20240826_134013.data
90.0 10.0 17 25.537859030837005 0cd9414a_20240826_134037.data
110.0 10.0 17 25.419136563876656 0cd9414a_20240826_134101.data
130.0 10.0 17 25.537859030837005 0cd9414a_20240826_134125.data
150.0 10.0 17 25.419136563876656 0cd9414a_20240826_134149.data
170.0 10.0 17 25.537859030837005 0cd9414a_20240826_134213.data
190.0 10.0 17 25.537859030837005 0cd9414a_20240826_134237.data
210.0 10.0 17 25.537859030837005 0cd9414a_20240826_134301.data
230.0 10.0 17 25.537859030837005 0cd9414a_20240826_134325.data
250.0 10.0 17 25.419136563876656 0cd9414a_20240826_134349.data
270.0 10.0 17 25.537859030837005 0cd9414a_20240826_134413.data
290.0 10.0 17 25.419136563876656 0cd9414a_20240826_134437.data
290.0 30.0 17 25.537859030837005 0cd9414a_20240826_134501.data
270.0 30.0 17 25.537859030837005 0cd9414a_20240826_134525.data
250.0 30.0 17 25.537859030837005 0cd9414a_20240826_134549.data
230.0 30.0 17 25.419136563876656 0cd9414a_20240826_134613.data
210.0 30.0 17 25.537859030837005 0cd9414a_20240826_134637.data
190.0 30.0 17 25.537859030837005 0cd9414a_20240826_134701.data
170.0 30.0 17 25.537859030837005 0cd9414a_20240826_134725.data
150.0 30.0 17 25.419136563876656 0cd9414a_20240826_134749.data
130.0 30.0 17 25.419136563876656 0cd9414a_20240826_134813.data
110.0 30.0 17 25.537859030837005 0cd9414a_20240826_134837.data
90.0 30.0 17 25.537859030837005 0cd9414a_20240826_134901.data
70.0 30.0 17 25.419136563876656 0cd9414a_20240826_134925.data
50.0 30.0 17 25.419136563876656 0cd9414a_20240826_134949.data
30.0 30.0 17 25.419136563876656 0cd9414a_20240826_135013.data
10.0 30.0 17 25.537859030837005 0cd9414a_20240826_135037.data
10.0 50.0 17 25.537859030837005 0cd9414a_20240826_135101.data
30.0 50.0 17 25.419136563876656 0cd9414a_20240826_135125.data
50.0 50.0 17 25.537859030837005 0cd9414a_20240826_135149.data
70.0 50.0 17 25.419136563876656 0cd9414a_20240826_135213.data
90.0 50.0 17 25.419136563876656 0cd9414a_20240826_135237.data
110.0 50.0 17 25.419136563876656 0cd9414a_20240826_135301.data
130.0 50.0 17 25.419136563876656 0cd9414a_20240826_135325.data
150.0 50.0 17 25.419136563876656 0cd9414a_20240826_135349.data
170.0 50.0 17 25.419136563876656 0cd9414a_20240826_135413.data
190.0 50.0 17 25.419136563876656 0cd9414a_20240826_135437.data
210.0 50.0 17 25.537859030837005 0cd9414a_20240826_135501.data
230.0 50.0 17 25.537859030837005 0cd9414a_20240826_135526.data
250.0 50.0 17 25.419136563876656 0cd9414a_20240826_135549.data
270.0 50.0 17 25.419136563876656 0cd9414a_20240826_135614.data
290.0 50.0 17 25.419136563876656 0cd9414a_20240826_135638.data
290.0 70.0 17 25.419136563876656 0cd9414a_20240826_135702.data
270.0 70.0 17 25.537859030837005 0cd9414a_20240826_135726.data
250.0 70.0 17 25.537859030837005 0cd9414a_20240826_135750.data
230.0 70.0 17 25.419136563876656 0cd9414a_20240826_135814.data
210.0 70.0 17 25.419136563876656 0cd9414a_20240826_135838.data
190.0 70.0 17 25.419136563876656 0cd9414a_20240826_135902.data
170.0 70.0 17 25.537859030837005 0cd9414a_20240826_135926.data
150.0 70.0 17 25.419136563876656 0cd9414a_20240826_135950.data
130.0 70.0 17 25.419136563876656 0cd9414a_20240826_140014.data
110.0 70.0 17 25.419136563876656 0cd9414a_20240826_140038.data
90.0 70.0 17 25.419136563876656 0cd9414a_20240826_140102.data
70.0 70.0 17 25.419136563876656 0cd9414a_20240826_140126.data
50.0 70.0 17 25.656118942731283 0cd9414a_20240826_140150.data
30.0 70.0 17 25.419136563876656 0cd9414a_20240826_140214.data
10.0 70.0 17 25.419136563876656 0cd9414a_20240826_140238.data
10.0 90.0 17 25.419136563876656 0cd9414a_20240826_140302.data
30.0 90.0 17 25.537859030837005 0cd9414a_20240826_140326.data
50.0 90.0 17 25.419136563876656 0cd9414a_20240826_140350.data
70.0 90.0 17 25.419136563876656 0cd9414a_20240826_140414.data
90.0 90.0 17 25.537859030837005 0cd9414a_20240826_140438.data
110.0 90.0 17 25.419136563876656 0cd9414a_20240826_140502.data
130.0 90.0 17 25.419136563876656 0cd9414a_20240826_140526.data
150.0 90.0 17 25.419136563876656 0cd9414a_20240826_140550.data
170.0 90.0 17 25.419136563876656 0cd9414a_20240826_140614.data
190.0 90.0 17 25.419136563876656 0cd9414a_20240826_140638.data
210.0 90.0 17 25.537859030837005 0cd9414a_20240826_140702.data
230.0 90.0 17 25.419136563876656 0cd9414a_20240826_140726.data
250.0 90.0 17 25.419136563876656 0cd9414a_20240826_140750.data
270.0 90.0 17 25.299982378854633 0cd9414a_20240826_140814.data
290.0 90.0 17 25.419136563876656 0cd9414a_20240826_140838.data
290.0 110.0 17 25.419136563876656 0cd9414a_20240826_140902.data
270.0 110.0 17 25.537859030837005 0cd9414a_20240826_140926.data
250.0 110.0 17 25.419136563876656 0cd9414a_20240826_140950.data
230.0 110.0 17 25.773885462555068 0cd9414a_20240826_141014.data
210.0 110.0 17 25.773885462555068 0cd9414a_20240826_141038.data
190.0 110.0 17 25.773885462555068 0cd9414a_20240826_141102.data
170.0 110.0 17 25.773885462555068 0cd9414a_20240826_141126.data
150.0 110.0 17 25.773885462555068 0cd9414a_20240826_141150.data
130.0 110.0 17 25.773885462555068 0cd9414a_20240826_141214.data
110.0 110.0 17 25.773885462555068 0cd9414a_20240826_141238.data
90.0 110.0 17 25.773885462555068 0cd9414a_20240826_141302.data
70.0 110.0 17 25.537859030837005 0cd9414a_20240826_141326.data
50.0 110.0 17 25.773885462555068 0cd9414a_20240826_141350.data
30.0 110.0 17 25.537859030837005 0cd9414a_20240826_141414.data
10.0 110.0 17 25.773885462555068 0cd9414a_20240826_141438.data
10.0 130.0 17 25.419136563876656 0cd9414a_20240826_141502.data
30.0 130.0 17 25.773885462555068 0cd9414a_20240826_141526.data
50.0 130.0 17 25.419136563876656 0cd9414a_20240826_141550.data
70.0 130.0 17 25.773885462555068 0cd9414a_20240826_141614.data
90.0 130.0 17 25.656118942731283 0cd9414a_20240826_141638.data
110.0 130.0 17 25.773885462555068 0cd9414a_20240826_141702.data
130.0 130.0 17 25.773885462555068 0cd9414a_20240826_141726.data
150.0 130.0 17 25.656118942731283 0cd9414a_20240826_141750.data
170.0 130.0 17 25.773885462555068 0cd9414a_20240826_141814.data
190.0 130.0 17 25.419136563876656 0cd9414a_20240826_141838.data
210.0 130.0 17 25.656118942731283 0cd9414a_20240826_141902.data
230.0 130.0 17 25.537859030837005 0cd9414a_20240826_141926.data
250.0 130.0 17 25.773885462555068 0cd9414a_20240826_141950.data
270.0 130.0 17 25.537859030837005 0cd9414a_20240826_142014.data
290.0 130.0 17 25.773885462555068 0cd9414a_20240826_142038.data
290.0 150.0 17 25.537859030837005 0cd9414a_20240826_142102.data
270.0 150.0 17 25.773885462555068 0cd9414a_20240826_142126.data
250.0 150.0 17 25.537859030837005 0cd9414a_20240826_142150.data
230.0 150.0 17 25.773885462555068 0cd9414a_20240826_142214.data
210.0 150.0 17 25.299982378854633 0cd9414a_20240826_142238.data
190.0 150.0 17 25.773885462555068 0cd9414a_20240826_142302.data
170.0 150.0 17 25.656118942731283 0cd9414a_20240826_142326.data
150.0 150.0 17 25.419136563876656 0cd9414a_20240826_142350.data
130.0 150.0 17 25.773885462555068 0cd9414a_20240826_142414.data
110.0 150.0 17 25.537859030837005 0cd9414a_20240826_142438.data
90.0 150.0 17 25.773885462555068 0cd9414a_20240826_142502.data
70.0 150.0 17 25.537859030837005 0cd9414a_20240826_142526.data
50.0 150.0 17 25.773885462555068 0cd9414a_20240826_142550.data
30.0 150.0 17 25.419136563876656 0cd9414a_20240826_142614.data
10.0 150.0 17 25.773885462555068 0cd9414a_20240826_142638.data
10.0 170.0 17 25.537859030837005 0cd9414a_20240826_142702.data
30.0 170.0 17 25.656118942731283 0cd9414a_20240826_142726.data
50.0 170.0 17 25.419136563876656 0cd9414a_20240826_142750.data
70.0 170.0 17 25.656118942731283 0cd9414a_20240826_142814.data
90.0 170.0 17 25.656118942731283 0cd9414a_20240826_142838.data
110.0 170.0 17 25.656118942731283 0cd9414a_20240826_142903.data
130.0 170.0 17 25.656118942731283 0cd9414a_20240826_142927.data
150.0 170.0 17 25.773885462555068 0cd9414a_20240826_142951.data
170.0 170.0 17 25.773885462555068 0cd9414a_20240826_143015.data
190.0 170.0 17 25.656118942731283 0cd9414a_20240826_143039.data
210.0 170.0 17 25.656118942731283 0cd9414a_20240826_143103.data
230.0 170.0 17 25.419136563876656 0cd9414a_20240826_143127.data
250.0 170.0 17 25.773885462555068 0cd9414a_20240826_143151.data
270.0 170.0 17 25.537859030837005 0cd9414a_20240826_143215.data
290.0 170.0 17 25.773885462555068 0cd9414a_20240826_143239.data
290.0 190.0 17 25.537859030837005 0cd9414a_20240826_143303.data
270.0 190.0 17 25.773885462555068 0cd9414a_20240826_143327.data
250.0 190.0 17 25.419136563876656 0cd9414a_20240826_143351.data
230.0 190.0 17 25.773885462555068 0cd9414a_20240826_143415.data
210.0 190.0 17 25.419136563876656 0cd9414a_20240826_143439.data
190.0 190.0 17 25.656118942731283 0cd9414a_20240826_143503.data
170.0 190.0 17 25.537859030837005 0cd9414a_20240826_143527.data
150.0 190.0 17 25.656118942731283 0cd9414a_20240826_143551.data
130.0 190.0 17 25.656118942731283 0cd9414a_20240826_143615.data
110.0 190.0 17 25.773885462555068 0cd9414a_20240826_143639.data
90.0 190.0 17 25.773885462555068 0cd9414a_20240826_143703.data
70.0 190.0 17 25.656118942731283 0cd9414a_20240826_143727.data
50.0 190.0 17 25.773885462555068 0cd9414a_20240826_143751.data
30.0 190.0 17 25.537859030837005 0cd9414a_20240826_143815.data
10.0 190.0 17 25.656118942731283 0cd9414a_20240826_143839.data
10.0 210.0 17 25.419136563876656 0cd9414a_20240826_143903.data
30.0 210.0 17 25.656118942731283 0cd9414a_20240826_143927.data
50.0 210.0 17 25.537859030837005 0cd9414a_20240826_143951.data
70.0 210.0 17 25.656118942731283 0cd9414a_20240826_144015.data
90.0 210.0 17 25.656118942731283 0cd9414a_20240826_144039.data
110.0 210.0 17 25.656118942731283 0cd9414a_20240826_144103.data
130.0 210.0 17 25.419136563876656 0cd9414a_20240826_144127.data
150.0 210.0 17 25.656118942731283 0cd9414a_20240826_144151.data
170.0 210.0 17 25.419136563876656 0cd9414a_20240826_144215.data
190.0 210.0 17 25.537859030837005 0cd9414a_20240826_144239.data
210.0 210.0 17 25.299982378854633 0cd9414a_20240826_144303.data
230.0 210.0 17 25.656118942731283 0cd9414a_20240826_144327.data
250.0 210.0 17 25.419136563876656 0cd9414a_20240826_144351.data
270.0 210.0 17 25.656118942731283 0cd9414a_20240826_144415.data
290.0 210.0 17 25.419136563876656 0cd9414a_20240826_144439.data
290.0 230.0 17 25.656118942731283 0cd9414a_20240826_144503.data
270.0 230.0 17 25.537859030837005 0cd9414a_20240826_144527.data
250.0 230.0 17 25.656118942731283 0cd9414a_20240826_144551.data
230.0 230.0 17 25.419136563876656 0cd9414a_20240826_144615.data
210.0 230.0 17 25.773885462555068 0cd9414a_20240826_144639.data
190.0 230.0 17 25.773885462555068 0cd9414a_20240826_144703.data
170.0 230.0 17 25.419136563876656 0cd9414a_20240826_144727.data
150.0 230.0 17 25.773885462555068 0cd9414a_20240826_144751.data
130.0 230.0 17 25.419136563876656 0cd9414a_20240826_144815.data
110.0 230.0 17 25.773885462555068 0cd9414a_20240826_144839.data
90.0 230.0 17 25.419136563876656 0cd9414a_20240826_144903.data
70.0 230.0 17 25.656118942731283 0cd9414a_20240826_144927.data
50.0 230.0 17 25.537859030837005 0cd9414a_20240826_144951.data
30.0 230.0 17 25.656118942731283 0cd9414a_20240826_145015.data
10.0 230.0 17 25.419136563876656 0cd9414a_20240826_145039.data
10.0 250.0 17 25.656118942731283 0cd9414a_20240826_145103.data
30.0 250.0 17 25.537859030837005 0cd9414a_20240826_145127.data
50.0 250.0 17 25.656118942731283 0cd9414a_20240826_145151.data
70.0 250.0 17 25.419136563876656 0cd9414a_20240826_145215.data
90.0 250.0 17 25.773885462555068 0cd9414a_20240826_145239.data
110.0 250.0 17 25.656118942731283 0cd9414a_20240826_145303.data
130.0 250.0 17 25.773885462555068 0cd9414a_20240826_145327.data
150.0 250.0 17 25.537859030837005 0cd9414a_20240826_145351.data
170.0 250.0 17 25.537859030837005 0cd9414a_20240826_145415.data
190.0 250.0 17 25.537859030837005 0cd9414a_20240826_145439.data
210.0 250.0 17 25.773885462555068 0cd9414a_20240826_145503.data
230.0 250.0 17 25.537859030837005 0cd9414a_20240826_145527.data
250.0 250.0 17 25.656118942731283 0cd9414a_20240826_145551.data
270.0 250.0 17 25.656118942731283 0cd9414a_20240826_145615.data
290.0 250.0 17 25.656118942731283 0cd9414a_20240826_145639.data
290.0 270.0 17 25.656118942731283 0cd9414a_20240826_145703.data
270.0 270.0 17 25.773885462555068 0cd9414a_20240826_145727.data
250.0 270.0 17 25.773885462555068 0cd9414a_20240826_145751.data
230.0 270.0 17 25.773885462555068 0cd9414a_20240826_145815.data
210.0 270.0 17 25.656118942731283 0cd9414a_20240826_145839.data
190.0 270.0 17 25.299982378854633 0cd9414a_20240826_145903.data
170.0 270.0 17 25.656118942731283 0cd9414a_20240826_145927.data
150.0 270.0 17 25.419136563876656 0cd9414a_20240826_145951.data
130.0 270.0 17 25.773885462555068 0cd9414a_20240826_150015.data
110.0 270.0 17 25.419136563876656 0cd9414a_20240826_150040.data
90.0 270.0 17 25.656118942731283 0cd9414a_20240826_150104.data
70.0 270.0 17 25.419136563876656 0cd9414a_20240826_150128.data
50.0 270.0 17 25.656118942731283 0cd9414a_20240826_150152.data
30.0 270.0 17 25.656118942731283 0cd9414a_20240826_150216.data
10.0 270.0 17 25.773885462555068 0cd9414a_20240826_150240.data
10.0 290.0 17 25.773885462555068 0cd9414a_20240826_150304.data
30.0 290.0 17 25.656118942731283 0cd9414a_20240826_150328.data
50.0 290.0 17 25.656118942731283 0cd9414a_20240826_150352.data
70.0 290.0 17 25.419136563876656 0cd9414a_20240826_150416.data
90.0 290.0 17 25.656118942731283 0cd9414a_20240826_150440.data
110.0 290.0 17 25.656118942731283 0cd9414a_20240826_150504.data
130.0 290.0 17 25.656118942731283 0cd9414a_20240826_150528.data
150.0 290.0 17 25.419136563876656 0cd9414a_20240826_150552.data
170.0 290.0 17 25.656118942731283 0cd9414a_20240826_150616.data
190.0 290.0 17 25.419136563876656 0cd9414a_20240826_150640.data
210.0 290.0 17 25.656118942731283 0cd9414a_20240826_150704.data
230.0 290.0 17 25.656118942731283 0cd9414a_20240826_150728.data
250.0 290.0 17 25.419136563876656 0cd9414a_20240826_150752.data
270.0 290.0 17 25.656118942731283 0cd9414a_20240826_150816.data
290.0 290.0 17 25.537859030837005 0cd9414a_20240826_150840.data
290.0 310.0 17 25.656118942731283 0cd9414a_20240826_150904.data
270.0 310.0 17 25.537859030837005 0cd9414a_20240826_150928.data
250.0 310.0 17 25.656118942731283 0cd9414a_20240826_150952.data
230.0 310.0 17 25.773885462555068 0cd9414a_20240826_151016.data
210.0 310.0 17 25.656118942731283 0cd9414a_20240826_151040.data
190.0 310.0 17 25.537859030837005 0cd9414a_20240826_151104.data
170.0 310.0 17 -1 0cd9414a_20240826_151128.data
150.0 310.0 17 25.656118942731283 0cd9414a_20240826_151152.data
130.0 310.0 17 25.656118942731283 0cd9414a_20240826_151216.data
110.0 310.0 17 -1 0cd9414a_20240826_151240.data
90.0 310.0 17 25.419136563876656 0cd9414a_20240826_151304.data
70.0 310.0 17 25.656118942731283 0cd9414a_20240826_151328.data
50.0 310.0 17 25.537859030837005 0cd9414a_20240826_151352.data
30.0 310.0 17 25.773885462555068 0cd9414a_20240826_151416.data
10.0 310.0 17 25.537859030837005 0cd9414a_20240826_151440.data
10.0 330.0 17 25.773885462555068 0cd9414a_20240826_151504.data
30.0 330.0 17 -1 0cd9414a_20240826_151528.data
50.0 330.0 17 25.773885462555068 0cd9414a_20240826_151552.data
70.0 330.0 17 25.656118942731283 0cd9414a_20240826_151616.data
90.0 330.0 17 25.419136563876656 0cd9414a_20240826_151640.data
110.0 330.0 17 25.6568281938326 0cd9414a_20240826_151704.data
130.0 330.0 17 25.537859030837005 0cd9414a_20240826_151728.data
150.0 330.0 17 25.419136563876656 0cd9414a_20240826_151752.data
170.0 330.0 17 25.537859030837005 0cd9414a_20240826_151816.data
190.0 330.0 17 25.419136563876656 0cd9414a_20240826_151840.data
210.0 330.0 17 25.537859030837005 0cd9414a_20240826_151904.data
230.0 330.0 17 25.537859030837005 0cd9414a_20240826_151928.data
250.0 330.0 17 25.537859030837005 0cd9414a_20240826_151952.data
270.0 330.0 17 25.537859030837005 0cd9414a_20240826_152016.data
290.0 330.0 17 25.537859030837005 0cd9414a_20240826_152040.data
10.0 350.0 17 25.419136563876656 0cd9414a_20240826_165349.data
30.0 350.0 17 25.537859030837005 0cd9414a_20240826_165413.data
50.0 350.0 17 25.537859030837005 0cd9414a_20240826_165437.data
70.0 350.0 17 25.773885462555068 0cd9414a_20240826_165501.data
90.0 350.0 17 25.537859030837005 0cd9414a_20240826_165525.data
110.0 350.0 17 25.537859030837005 0cd9414a_20240826_165549.data
130.0 350.0 17 25.537859030837005 0cd9414a_20240826_165613.data
150.0 350.0 17 25.656118942731283 0cd9414a_20240826_165637.data
170.0 350.0 17 25.537859030837005 0cd9414a_20240826_165701.data
190.0 350.0 17 25.537859030837005 0cd9414a_20240826_165725.data
210.0 350.0 17 25.537859030837005 0cd9414a_20240826_165749.data
230.0 350.0 17 25.537859030837005 0cd9414a_20240826_165813.data
250.0 350.0 17 25.537859030837005 0cd9414a_20240826_165837.data
270.0 350.0 17 25.537859030837005 0cd9414a_20240826_165901.data
290.0 350.0 17 25.537859030837005 0cd9414a_20240826_165925.data
290.0 370.0 17 25.537859030837005 0cd9414a_20240826_165949.data
270.0 370.0 17 25.537859030837005 0cd9414a_20240826_170013.data
250.0 370.0 17 25.537859030837005 0cd9414a_20240826_170037.data
230.0 370.0 17 25.419136563876656 0cd9414a_20240826_170101.data
210.0 370.0 17 25.537859030837005 0cd9414a_20240826_170125.data
190.0 370.0 17 25.537859030837005 0cd9414a_20240826_170149.data
170.0 370.0 17 25.537859030837005 0cd9414a_20240826_170213.data
150.0 370.0 17 25.537859030837005 0cd9414a_20240826_170237.data
130.0 370.0 17 25.537859030837005 0cd9414a_20240826_170301.data
110.0 370.0 17 25.537859030837005 0cd9414a_20240826_170325.data
90.0 370.0 17 25.537859030837005 0cd9414a_20240826_170350.data
70.0 370.0 17 25.537859030837005 0cd9414a_20240826_170414.data
50.0 370.0 17 25.419136563876656 0cd9414a_20240826_170438.data
30.0 370.0 17 25.537859030837005 0cd9414a_20240826_170502.data
10.0 370.0 17 25.537859030837005 0cd9414a_20240826_170526.data
10.0 390.0 17 25.537859030837005 0cd9414a_20240826_170550.data
30.0 390.0 17 25.537859030837005 0cd9414a_20240826_170614.data
50.0 390.0 17 25.537859030837005 0cd9414a_20240826_170638.data
70.0 390.0 17 25.537859030837005 0cd9414a_20240826_170702.data
90.0 390.0 17 25.537859030837005 0cd9414a_20240826_170726.data
110.0 390.0 17 25.419136563876656 0cd9414a_20240826_170750.data
130.0 390.0 17 25.537859030837005 0cd9414a_20240826_170814.data
150.0 390.0 17 25.537859030837005 0cd9414a_20240826_170838.data
170.0 390.0 17 25.537859030837005 0cd9414a_20240826_170902.data
190.0 390.0 17 25.537859030837005 0cd9414a_20240826_170926.data
210.0 390.0 17 25.419136563876656 0cd9414a_20240826_170950.data
230.0 390.0 17 25.419136563876656 0cd9414a_20240826_171014.data
250.0 390.0 17 25.419136563876656 0cd9414a_20240826_171038.data
270.0 390.0 17 25.419136563876656 0cd9414a_20240826_171102.data
290.0 390.0 17 25.537859030837005 0cd9414a_20240826_171126.data
290.0 410.0 17 25.537859030837005 0cd9414a_20240826_171150.data
270.0 410.0 17 25.537859030837005 0cd9414a_20240826_171214.data
250.0 410.0 17 25.537859030837005 0cd9414a_20240826_171238.data
230.0 410.0 17 25.537859030837005 0cd9414a_20240826_171302.data
210.0 410.0 17 25.419136563876656 0cd9414a_20240826_171326.data
190.0 410.0 17 25.537859030837005 0cd9414a_20240826_171350.data
170.0 410.0 17 25.537859030837005 0cd9414a_20240826_171414.data
150.0 410.0 17 25.419136563876656 0cd9414a_20240826_171438.data
130.0 410.0 17 25.537859030837005 0cd9414a_20240826_171502.data
110.0 410.0 17 25.537859030837005 0cd9414a_20240826_171526.data
90.0 410.0 17 25.537859030837005 0cd9414a_20240826_171550.data
70.0 410.0 17 25.537859030837005 0cd9414a_20240826_171614.data
50.0 410.0 17 25.419136563876656 0cd9414a_20240826_171638.data
30.0 410.0 17 25.537859030837005 0cd9414a_20240826_171702.data
10.0 410.0 17 25.537859030837005 0cd9414a_20240826_171726.data
10.0 430.0 17 25.537859030837005 0cd9414a_20240826_171750.data
30.0 430.0 17 25.537859030837005 0cd9414a_20240826_171814.data
50.0 430.0 17 25.537859030837005 0cd9414a_20240826_171838.data
70.0 430.0 17 25.537859030837005 0cd9414a_20240826_171902.data
90.0 430.0 17 25.537859030837005 0cd9414a_20240826_171926.data
110.0 430.0 17 25.537859030837005 0cd9414a_20240826_171950.data
130.0 430.0 17 25.537859030837005 0cd9414a_20240826_172014.data
150.0 430.0 17 25.537859030837005 0cd9414a_20240826_172038.data
170.0 430.0 17 25.537859030837005 0cd9414a_20240826_172102.data
190.0 430.0 17 25.537859030837005 0cd9414a_20240826_172126.data
210.0 430.0 17 25.537859030837005 0cd9414a_20240826_172150.data
230.0 430.0 17 25.419136563876656 0cd9414a_20240826_172214.data
250.0 430.0 17 25.419136563876656 0cd9414a_20240826_172238.data
270.0 430.0 17 25.537859030837005 0cd9414a_20240826_172302.data
290.0 430.0 17 25.773885462555068 0cd9414a_20240826_172326.data
290.0 450.0 17 25.537859030837005 0cd9414a_20240826_172350.data
270.0 450.0 17 25.537859030837005 0cd9414a_20240826_172414.data
250.0 450.0 17 25.537859030837005 0cd9414a_20240826_172438.data
230.0 450.0 17 25.773885462555068 0cd9414a_20240826_172502.data
210.0 450.0 17 25.537859030837005 0cd9414a_20240826_172526.data
190.0 450.0 17 25.537859030837005 0cd9414a_20240826_172550.data
170.0 450.0 17 25.537859030837005 0cd9414a_20240826_172614.data
150.0 450.0 17 25.537859030837005 0cd9414a_20240826_172638.data
130.0 450.0 17 25.537859030837005 0cd9414a_20240826_172702.data
110.0 450.0 17 25.537859030837005 0cd9414a_20240826_172726.data
90.0 450.0 17 25.537859030837005 0cd9414a_20240826_172750.data
70.0 450.0 17 25.419136563876656 0cd9414a_20240826_172814.data
50.0 450.0 17 25.537859030837005 0cd9414a_20240826_172838.data
30.0 450.0 17 25.537859030837005 0cd9414a_20240826_172902.data
10.0 450.0 17 25.537859030837005 0cd9414a_20240826_172926.data
10.0 470.0 17 25.419136563876656 0cd9414a_20240826_172950.data
30.0 470.0 17 25.419136563876656 0cd9414a_20240826_173014.data
50.0 470.0 17 25.537859030837005 0cd9414a_20240826_173038.data
70.0 470.0 17 25.537859030837005 0cd9414a_20240826_173102.data
90.0 470.0 17 25.537859030837005 0cd9414a_20240826_173126.data
110.0 470.0 17 25.537859030837005 0cd9414a_20240826_173150.data
130.0 470.0 17 25.537859030837005 0cd9414a_20240826_173214.data
150.0 470.0 17 25.537859030837005 0cd9414a_20240826_173238.data
170.0 470.0 17 25.537859030837005 0cd9414a_20240826_173302.data
190.0 470.0 17 25.537859030837005 0cd9414a_20240826_173326.data
210.0 470.0 17 25.537859030837005 0cd9414a_20240826_173350.data
230.0 470.0 17 25.537859030837005 0cd9414a_20240826_173414.data
250.0 470.0 17 25.537859030837005 0cd9414a_20240826_173438.data
270.0 470.0 17 25.656118942731283 0cd9414a_20240826_173502.data
290.0 470.0 17 25.537859030837005 0cd9414a_20240826_173526.data
