-1 -1 -1 25.89125110132159 0cd9414a_20240828_211624.data
10.0 10.0 17 25.89125110132159 0cd9414a_20240828_211704.data
30.0 10.0 17 25.656118942731283 0cd9414a_20240828_211728.data
50.0 10.0 17 26.124563876651983 0cd9414a_20240828_211752.data
70.0 10.0 17 26.008123348017623 0cd9414a_20240828_211816.data
90.0 10.0 17 25.89125110132159 0cd9414a_20240828_211840.data
110.0 10.0 17 26.008123348017623 0cd9414a_20240828_211904.data
130.0 10.0 17 25.89125110132159 0cd9414a_20240828_211928.data
150.0 10.0 17 25.89125110132159 0cd9414a_20240828_211952.data
170.0 10.0 17 25.89125110132159 0cd9414a_20240828_212016.data
190.0 10.0 17 25.89125110132159 0cd9414a_20240828_212040.data
210.0 10.0 17 25.89125110132159 0cd9414a_20240828_212104.data
230.0 10.0 17 25.89125110132159 0cd9414a_20240828_212128.data
250.0 10.0 17 25.89125110132159 0cd9414a_20240828_212152.data
270.0 10.0 17 25.773885462555068 0cd9414a_20240828_212216.data
290.0 10.0 17 25.773885462555068 0cd9414a_20240828_212240.data
290.0 30.0 17 25.89125110132159 0cd9414a_20240828_212304.data
270.0 30.0 17 25.89125110132159 0cd9414a_20240828_212328.data
250.0 30.0 17 25.89125110132159 0cd9414a_20240828_212352.data
230.0 30.0 17 25.89125110132159 0cd9414a_20240828_212416.data
210.0 30.0 17 25.89125110132159 0cd9414a_20240828_212440.data
190.0 30.0 17 25.773885462555068 0cd9414a_20240828_212504.data
170.0 30.0 17 25.89125110132159 0cd9414a_20240828_212528.data
150.0 30.0 17 25.773885462555068 0cd9414a_20240828_212552.data
130.0 30.0 17 26.124563876651983 0cd9414a_20240828_212616.data
110.0 30.0 17 25.656118942731283 0cd9414a_20240828_212640.data
90.0 30.0 17 25.773885462555068 0cd9414a_20240828_212704.data
70.0 30.0 17 25.89125110132159 0cd9414a_20240828_212728.data
50.0 30.0 17 25.773885462555068 0cd9414a_20240828_212752.data
30.0 30.0 17 25.89125110132159 0cd9414a_20240828_212816.data
10.0 30.0 17 25.89125110132159 0cd9414a_20240828_212840.data
10.0 50.0 17 25.89125110132159 0cd9414a_20240828_212904.data
30.0 50.0 17 25.656118942731283 0cd9414a_20240828_212928.data
50.0 50.0 17 25.773885462555068 0cd9414a_20240828_212952.data
70.0 50.0 17 25.89125110132159 0cd9414a_20240828_213016.data
90.0 50.0 17 26.008123348017623 0cd9414a_20240828_213040.data
110.0 50.0 17 25.89125110132159 0cd9414a_20240828_213104.data
130.0 50.0 17 25.89125110132159 0cd9414a_20240828_213128.data
150.0 50.0 17 25.773885462555068 0cd9414a_20240828_213152.data
170.0 50.0 17 25.773885462555068 0cd9414a_20240828_213216.data
190.0 50.0 17 25.773885462555068 0cd9414a_20240828_213240.data
210.0 50.0 17 25.89125110132159 0cd9414a_20240828_213304.data
230.0 50.0 17 25.773885462555068 0cd9414a_20240828_213328.data
250.0 50.0 17 25.89125110132159 0cd9414a_20240828_213352.data
270.0 50.0 17 25.89125110132159 0cd9414a_20240828_213416.data
290.0 50.0 17 25.89125110132159 0cd9414a_20240828_213440.data
290.0 70.0 17 25.773885462555068 0cd9414a_20240828_213504.data
270.0 70.0 17 25.89125110132159 0cd9414a_20240828_213528.data
250.0 70.0 17 25.89125110132159 0cd9414a_20240828_213552.data
230.0 70.0 17 26.008123348017623 0cd9414a_20240828_213616.data
210.0 70.0 17 25.89125110132159 0cd9414a_20240828_213640.data
190.0 70.0 17 25.89125110132159 0cd9414a_20240828_213704.data
170.0 70.0 17 25.773885462555068 0cd9414a_20240828_213728.data
150.0 70.0 17 25.89125110132159 0cd9414a_20240828_213752.data
130.0 70.0 17 25.773885462555068 0cd9414a_20240828_213816.data
110.0 70.0 17 25.773885462555068 0cd9414a_20240828_213840.data
90.0 70.0 17 25.89125110132159 0cd9414a_20240828_213904.data
70.0 70.0 17 25.773885462555068 0cd9414a_20240828_213928.data
50.0 70.0 17 25.89125110132159 0cd9414a_20240828_213953.data
30.0 70.0 17 26.008123348017623 0cd9414a_20240828_214017.data
10.0 70.0 17 25.773885462555068 0cd9414a_20240828_214041.data
10.0 90.0 17 26.008123348017623 0cd9414a_20240828_214105.data
30.0 90.0 17 25.773885462555068 0cd9414a_20240828_214129.data
50.0 90.0 17 25.89125110132159 0cd9414a_20240828_214153.data
70.0 90.0 17 25.89125110132159 0cd9414a_20240828_214217.data
90.0 90.0 17 25.89125110132159 0cd9414a_20240828_214241.data
110.0 90.0 17 25.89125110132159 0cd9414a_20240828_214305.data
130.0 90.0 17 25.89125110132159 0cd9414a_20240828_214329.data
150.0 90.0 17 25.89125110132159 0cd9414a_20240828_214353.data
170.0 90.0 17 25.89125110132159 0cd9414a_20240828_214417.data
190.0 90.0 17 25.773885462555068 0cd9414a_20240828_214441.data
210.0 90.0 17 25.773885462555068 0cd9414a_20240828_214505.data
230.0 90.0 17 26.008123348017623 0cd9414a_20240828_214529.data
250.0 90.0 17 25.773885462555068 0cd9414a_20240828_214553.data
270.0 90.0 17 25.89125110132159 0cd9414a_20240828_214617.data
290.0 90.0 17 25.773885462555068 0cd9414a_20240828_214641.data
290.0 110.0 17 25.89125110132159 0cd9414a_20240828_214705.data
270.0 110.0 17 25.89125110132159 0cd9414a_20240828_214729.data
250.0 110.0 17 26.124563876651983 0cd9414a_20240828_214753.data
230.0 110.0 17 25.773885462555068 0cd9414a_20240828_214817.data
210.0 110.0 17 25.89125110132159 0cd9414a_20240828_214841.data
190.0 110.0 17 25.89125110132159 0cd9414a_20240828_214905.data
170.0 110.0 17 25.89125110132159 0cd9414a_20240828_214929.data
150.0 110.0 17 25.89125110132159 0cd9414a_20240828_214953.data
130.0 110.0 17 25.89125110132159 0cd9414a_20240828_215017.data
110.0 110.0 17 25.89125110132159 0cd9414a_20240828_215041.data
90.0 110.0 17 25.89125110132159 0cd9414a_20240828_215105.data
70.0 110.0 17 25.773885462555068 0cd9414a_20240828_215129.data
50.0 110.0 17 25.773885462555068 0cd9414a_20240828_215153.data
30.0 110.0 17 25.773885462555068 0cd9414a_20240828_215217.data
10.0 110.0 17 25.773885462555068 0cd9414a_20240828_215241.data
10.0 130.0 17 25.773885462555068 0cd9414a_20240828_215305.data
30.0 130.0 17 25.89125110132159 0cd9414a_20240828_215329.data
50.0 130.0 17 26.008123348017623 0cd9414a_20240828_215353.data
70.0 130.0 17 25.89125110132159 0cd9414a_20240828_215417.data
90.0 130.0 17 25.89125110132159 0cd9414a_20240828_215441.data
110.0 130.0 17 26.008123348017623 0cd9414a_20240828_215505.data
130.0 130.0 17 25.89125110132159 0cd9414a_20240828_215529.data
150.0 130.0 17 25.773885462555068 0cd9414a_20240828_215553.data
170.0 130.0 17 25.773885462555068 0cd9414a_20240828_215617.data
190.0 130.0 17 25.773885462555068 0cd9414a_20240828_215641.data
210.0 130.0 17 26.124563876651983 0cd9414a_20240828_215705.data
230.0 130.0 17 25.773885462555068 0cd9414a_20240828_215729.data
250.0 130.0 17 25.89125110132159 0cd9414a_20240828_215753.data
270.0 130.0 17 26.124563876651983 0cd9414a_20240828_215817.data
290.0 130.0 17 25.89125110132159 0cd9414a_20240828_215841.data
290.0 150.0 17 25.89125110132159 0cd9414a_20240828_215905.data
270.0 150.0 17 25.89125110132159 0cd9414a_20240828_215929.data
250.0 150.0 17 25.89125110132159 0cd9414a_20240828_215953.data
230.0 150.0 17 25.89125110132159 0cd9414a_20240828_220017.data
210.0 150.0 17 26.008123348017623 0cd9414a_20240828_220041.data
190.0 150.0 17 25.89125110132159 0cd9414a_20240828_220105.data
170.0 150.0 17 26.008123348017623 0cd9414a_20240828_220129.data
150.0 150.0 17 25.773885462555068 0cd9414a_20240828_220153.data
130.0 150.0 17 25.773885462555068 0cd9414a_20240828_220217.data
110.0 150.0 17 25.89125110132159 0cd9414a_20240828_220241.data
90.0 150.0 17 25.773885462555068 0cd9414a_20240828_220305.data
70.0 150.0 17 25.89125110132159 0cd9414a_20240828_220329.data
50.0 150.0 17 25.89125110132159 0cd9414a_20240828_220353.data
30.0 150.0 17 25.773885462555068 0cd9414a_20240828_220417.data
10.0 150.0 17 26.008123348017623 0cd9414a_20240828_220441.data
10.0 170.0 17 26.008123348017623 0cd9414a_20240828_220505.data
30.0 170.0 17 25.89125110132159 0cd9414a_20240828_220529.data
50.0 170.0 17 25.773885462555068 0cd9414a_20240828_220553.data
70.0 170.0 17 25.773885462555068 0cd9414a_20240828_220617.data
90.0 170.0 17 25.89125110132159 0cd9414a_20240828_220641.data
110.0 170.0 17 25.773885462555068 0cd9414a_20240828_220705.data
130.0 170.0 17 26.124563876651983 0cd9414a_20240828_220729.data
150.0 170.0 17 25.773885462555068 0cd9414a_20240828_220753.data
170.0 170.0 17 25.89125110132159 0cd9414a_20240828_220817.data
190.0 170.0 17 25.773885462555068 0cd9414a_20240828_220841.data
210.0 170.0 17 25.89125110132159 0cd9414a_20240828_220905.data
230.0 170.0 17 25.89125110132159 0cd9414a_20240828_220929.data
250.0 170.0 17 25.773885462555068 0cd9414a_20240828_220953.data
270.0 170.0 17 25.89125110132159 0cd9414a_20240828_221017.data
290.0 170.0 17 25.773885462555068 0cd9414a_20240828_221041.data
290.0 190.0 17 25.89125110132159 0cd9414a_20240828_221105.data
270.0 190.0 17 25.89125110132159 0cd9414a_20240828_221129.data
250.0 190.0 17 25.89125110132159 0cd9414a_20240828_221153.data
230.0 190.0 17 26.008123348017623 0cd9414a_20240828_221217.data
210.0 190.0 17 25.89125110132159 0cd9414a_20240828_221241.data
190.0 190.0 17 25.773885462555068 0cd9414a_20240828_221306.data
170.0 190.0 17 25.89125110132159 0cd9414a_20240828_221330.data
150.0 190.0 17 25.89125110132159 0cd9414a_20240828_221354.data
130.0 190.0 17 25.773885462555068 0cd9414a_20240828_221418.data
110.0 190.0 17 25.89125110132159 0cd9414a_20240828_221442.data
90.0 190.0 17 26.124563876651983 0cd9414a_20240828_221506.data
70.0 190.0 17 25.89125110132159 0cd9414a_20240828_221530.data
50.0 190.0 17 25.89125110132159 0cd9414a_20240828_221554.data
30.0 190.0 17 25.773885462555068 0cd9414a_20240828_221618.data
10.0 190.0 17 25.89125110132159 0cd9414a_20240828_221642.data
10.0 210.0 17 25.89125110132159 0cd9414a_20240828_221706.data
30.0 210.0 17 25.89125110132159 0cd9414a_20240828_221730.data
50.0 210.0 17 25.773885462555068 0cd9414a_20240828_221754.data
70.0 210.0 17 25.89125110132159 0cd9414a_20240828_221818.data
90.0 210.0 17 25.89125110132159 0cd9414a_20240828_221842.data
110.0 210.0 17 25.89125110132159 0cd9414a_20240828_221906.data
130.0 210.0 17 25.89125110132159 0cd9414a_20240828_221930.data
150.0 210.0 17 25.89125110132159 0cd9414a_20240828_221954.data
170.0 210.0 17 25.89125110132159 0cd9414a_20240828_222018.data
190.0 210.0 17 25.89125110132159 0cd9414a_20240828_222042.data
210.0 210.0 17 25.89125110132159 0cd9414a_20240828_222106.data
230.0 210.0 17 25.773885462555068 0cd9414a_20240828_222130.data
250.0 210.0 17 25.773885462555068 0cd9414a_20240828_222154.data
270.0 210.0 17 25.773885462555068 0cd9414a_20240828_222218.data
290.0 210.0 17 25.89125110132159 0cd9414a_20240828_222242.data
290.0 230.0 17 25.773885462555068 0cd9414a_20240828_222306.data
270.0 230.0 17 25.773885462555068 0cd9414a_20240828_222330.data
250.0 230.0 17 25.773885462555068 0cd9414a_20240828_222354.data
230.0 230.0 17 26.008123348017623 0cd9414a_20240828_222418.data
210.0 230.0 17 25.773885462555068 0cd9414a_20240828_222442.data
190.0 230.0 17 26.008123348017623 0cd9414a_20240828_222506.data
170.0 230.0 17 25.89125110132159 0cd9414a_20240828_222530.data
150.0 230.0 17 25.89125110132159 0cd9414a_20240828_222554.data
130.0 230.0 17 25.773885462555068 0cd9414a_20240828_222618.data
110.0 230.0 17 26.008123348017623 0cd9414a_20240828_222642.data
90.0 230.0 17 25.773885462555068 0cd9414a_20240828_222706.data
70.0 230.0 17 25.89125110132159 0cd9414a_20240828_222730.data
50.0 230.0 17 25.773885462555068 0cd9414a_20240828_222754.data
30.0 230.0 17 26.124563876651983 0cd9414a_20240828_222818.data
10.0 230.0 17 25.89125110132159 0cd9414a_20240828_222842.data
10.0 250.0 17 25.89125110132159 0cd9414a_20240828_222906.data
30.0 250.0 17 25.89125110132159 0cd9414a_20240828_222930.data
50.0 250.0 17 25.89125110132159 0cd9414a_20240828_222954.data
70.0 250.0 17 25.89125110132159 0cd9414a_20240828_223018.data
90.0 250.0 17 25.89125110132159 0cd9414a_20240828_223042.data
110.0 250.0 17 25.89125110132159 0cd9414a_20240828_223106.data
130.0 250.0 17 25.89125110132159 0cd9414a_20240828_223130.data
150.0 250.0 17 25.89125110132159 0cd9414a_20240828_223154.data
170.0 250.0 17 25.773885462555068 0cd9414a_20240828_223218.data
190.0 250.0 17 25.89125110132159 0cd9414a_20240828_223242.data
210.0 250.0 17 25.89125110132159 0cd9414a_20240828_223306.data
230.0 250.0 17 25.773885462555068 0cd9414a_20240828_223330.data
250.0 250.0 17 25.89125110132159 0cd9414a_20240828_223354.data
270.0 250.0 17 25.773885462555068 0cd9414a_20240828_223418.data
290.0 250.0 17 25.89125110132159 0cd9414a_20240828_223442.data
290.0 270.0 17 25.89125110132159 0cd9414a_20240828_223506.data
270.0 270.0 17 25.773885462555068 0cd9414a_20240828_223530.data
250.0 270.0 17 25.89125110132159 0cd9414a_20240828_223554.data
230.0 270.0 17 25.89125110132159 0cd9414a_20240828_223618.data
210.0 270.0 17 26.008123348017623 0cd9414a_20240828_223642.data
190.0 270.0 17 25.89125110132159 0cd9414a_20240828_223706.data
170.0 270.0 17 25.773885462555068 0cd9414a_20240828_223730.data
150.0 270.0 17 25.89125110132159 0cd9414a_20240828_223754.data
130.0 270.0 17 25.89125110132159 0cd9414a_20240828_223818.data
110.0 270.0 17 25.89125110132159 0cd9414a_20240828_223842.data
90.0 270.0 17 25.773885462555068 0cd9414a_20240828_223906.data
70.0 270.0 17 25.89125110132159 0cd9414a_20240828_223930.data
50.0 270.0 17 25.773885462555068 0cd9414a_20240828_223954.data
30.0 270.0 17 25.89125110132159 0cd9414a_20240828_224018.data
10.0 270.0 17 25.89125110132159 0cd9414a_20240828_224042.data
10.0 290.0 17 25.89125110132159 0cd9414a_20240828_224106.data
30.0 290.0 17 25.89125110132159 0cd9414a_20240828_224130.data
50.0 290.0 17 25.89125110132159 0cd9414a_20240828_224154.data
70.0 290.0 17 25.89125110132159 0cd9414a_20240828_224218.data
90.0 290.0 17 25.89125110132159 0cd9414a_20240828_224242.data
110.0 290.0 17 25.89125110132159 0cd9414a_20240828_224306.data
130.0 290.0 17 25.89125110132159 0cd9414a_20240828_224330.data
150.0 290.0 17 25.89125110132159 0cd9414a_20240828_224354.data
170.0 290.0 17 25.89125110132159 0cd9414a_20240828_224418.data
190.0 290.0 17 25.89125110132159 0cd9414a_20240828_224442.data
210.0 290.0 17 25.773885462555068 0cd9414a_20240828_224506.data
230.0 290.0 17 25.89125110132159 0cd9414a_20240828_224530.data
250.0 290.0 17 26.124563876651983 0cd9414a_20240828_224554.data
270.0 290.0 17 25.773885462555068 0cd9414a_20240828_224619.data
290.0 290.0 17 25.89125110132159 0cd9414a_20240828_224643.data
290.0 310.0 17 25.89125110132159 0cd9414a_20240828_224707.data
270.0 310.0 17 25.89125110132159 0cd9414a_20240828_224731.data
250.0 310.0 17 25.773885462555068 0cd9414a_20240828_224755.data
230.0 310.0 17 -1 0cd9414a_20240828_224819.data
210.0 310.0 17 25.89125110132159 0cd9414a_20240828_224843.data
190.0 310.0 17 25.89125110132159 0cd9414a_20240828_224907.data
170.0 310.0 17 -1 0cd9414a_20240828_224931.data
150.0 310.0 17 25.89125110132159 0cd9414a_20240828_224955.data
130.0 310.0 17 25.773885462555068 0cd9414a_20240828_225019.data
110.0 310.0 17 25.773885462555068 0cd9414a_20240828_225043.data
90.0 310.0 17 26.008123348017623 0cd9414a_20240828_225107.data
70.0 310.0 17 25.773885462555068 0cd9414a_20240828_225131.data
50.0 310.0 17 25.89125110132159 0cd9414a_20240828_225155.data
30.0 310.0 17 -1 0cd9414a_20240828_225219.data
10.0 310.0 17 25.89125110132159 0cd9414a_20240828_225243.data
10.0 330.0 17 25.89125110132159 0cd9414a_20240828_225307.data
30.0 330.0 17 25.773885462555068 0cd9414a_20240828_225331.data
50.0 330.0 17 25.894273127753305 0cd9414a_20240828_225355.data
70.0 330.0 17 25.89125110132159 0cd9414a_20240828_225419.data
90.0 330.0 17 26.008123348017623 0cd9414a_20240828_225443.data
110.0 330.0 17 25.89125110132159 0cd9414a_20240828_225507.data
130.0 330.0 17 26.008123348017623 0cd9414a_20240828_225531.data
150.0 330.0 17 26.008123348017623 0cd9414a_20240828_225555.data
170.0 330.0 17 26.008123348017623 0cd9414a_20240828_225619.data
190.0 330.0 17 25.89125110132159 0cd9414a_20240828_225643.data
210.0 330.0 17 26.008123348017623 0cd9414a_20240828_225707.data
230.0 330.0 17 26.008123348017623 0cd9414a_20240828_225731.data
250.0 330.0 17 25.89125110132159 0cd9414a_20240828_225755.data
270.0 330.0 17 26.008123348017623 0cd9414a_20240828_225819.data
290.0 330.0 17 26.008123348017623 0cd9414a_20240828_225843.data
10.0 350.0 17 26.008123348017623 0cd9414a_20240829_080314.data
30.0 350.0 17 26.008123348017623 0cd9414a_20240829_080338.data
50.0 350.0 17 26.008123348017623 0cd9414a_20240829_080402.data
70.0 350.0 17 26.008123348017623 0cd9414a_20240829_080426.data
90.0 350.0 17 26.008123348017623 0cd9414a_20240829_080450.data
110.0 350.0 17 26.008123348017623 0cd9414a_20240829_080514.data
130.0 350.0 17 25.89125110132159 0cd9414a_20240829_080538.data
150.0 350.0 17 26.008123348017623 0cd9414a_20240829_080602.data
170.0 350.0 17 26.008123348017623 0cd9414a_20240829_080626.data
190.0 350.0 17 26.008123348017623 0cd9414a_20240829_080650.data
210.0 350.0 17 26.008123348017623 0cd9414a_20240829_080714.data
230.0 350.0 17 26.008123348017623 0cd9414a_20240829_080738.data
250.0 350.0 17 26.008123348017623 0cd9414a_20240829_080802.data
270.0 350.0 17 26.008123348017623 0cd9414a_20240829_080826.data
290.0 350.0 17 26.008123348017623 0cd9414a_20240829_080850.data
290.0 370.0 17 26.008123348017623 0cd9414a_20240829_080914.data
270.0 370.0 17 26.008123348017623 0cd9414a_20240829_080938.data
250.0 370.0 17 26.008123348017623 0cd9414a_20240829_081002.data
230.0 370.0 17 26.008123348017623 0cd9414a_20240829_081026.data
210.0 370.0 17 26.008123348017623 0cd9414a_20240829_081050.data
190.0 370.0 17 26.008123348017623 0cd9414a_20240829_081114.data
170.0 370.0 17 26.008123348017623 0cd9414a_20240829_081138.data
150.0 370.0 17 26.008123348017623 0cd9414a_20240829_081202.data
130.0 370.0 17 25.89125110132159 0cd9414a_20240829_081226.data
110.0 370.0 17 26.008123348017623 0cd9414a_20240829_081250.data
90.0 370.0 17 26.008123348017623 0cd9414a_20240829_081314.data
70.0 370.0 17 26.008123348017623 0cd9414a_20240829_081338.data
50.0 370.0 17 26.008123348017623 0cd9414a_20240829_081402.data
30.0 370.0 17 26.008123348017623 0cd9414a_20240829_081426.data
10.0 370.0 17 25.89125110132159 0cd9414a_20240829_081450.data
10.0 390.0 17 26.008123348017623 0cd9414a_20240829_081514.data
30.0 390.0 17 26.008123348017623 0cd9414a_20240829_081539.data
50.0 390.0 17 26.008123348017623 0cd9414a_20240829_081603.data
70.0 390.0 17 26.008123348017623 0cd9414a_20240829_081627.data
90.0 390.0 17 26.008123348017623 0cd9414a_20240829_081651.data
110.0 390.0 17 26.008123348017623 0cd9414a_20240829_081715.data
130.0 390.0 17 26.008123348017623 0cd9414a_20240829_081739.data
150.0 390.0 17 26.008123348017623 0cd9414a_20240829_081803.data
170.0 390.0 17 26.008123348017623 0cd9414a_20240829_081827.data
190.0 390.0 17 26.008123348017623 0cd9414a_20240829_081851.data
210.0 390.0 17 26.008123348017623 0cd9414a_20240829_081915.data
230.0 390.0 17 26.008123348017623 0cd9414a_20240829_081939.data
250.0 390.0 17 26.008123348017623 0cd9414a_20240829_082003.data
270.0 390.0 17 26.008123348017623 0cd9414a_20240829_082027.data
290.0 390.0 17 26.008123348017623 0cd9414a_20240829_082051.data
290.0 410.0 17 26.008123348017623 0cd9414a_20240829_082115.data
270.0 410.0 17 26.008123348017623 0cd9414a_20240829_082139.data
250.0 410.0 17 26.008123348017623 0cd9414a_20240829_082203.data
230.0 410.0 17 26.008123348017623 0cd9414a_20240829_082227.data
210.0 410.0 17 25.89125110132159 0cd9414a_20240829_082251.data
190.0 410.0 17 25.89125110132159 0cd9414a_20240829_082315.data
170.0 410.0 17 26.008123348017623 0cd9414a_20240829_082339.data
150.0 410.0 17 26.008123348017623 0cd9414a_20240829_082403.data
130.0 410.0 17 26.008123348017623 0cd9414a_20240829_082427.data
110.0 410.0 17 26.008123348017623 0cd9414a_20240829_082451.data
90.0 410.0 17 26.008123348017623 0cd9414a_20240829_082515.data
70.0 410.0 17 26.008123348017623 0cd9414a_20240829_082539.data
50.0 410.0 17 26.008123348017623 0cd9414a_20240829_082603.data
30.0 410.0 17 25.89125110132159 0cd9414a_20240829_082627.data
10.0 410.0 17 26.008123348017623 0cd9414a_20240829_082651.data
10.0 430.0 17 26.008123348017623 0cd9414a_20240829_082715.data
30.0 430.0 17 26.008123348017623 0cd9414a_20240829_082739.data
50.0 430.0 17 25.89125110132159 0cd9414a_20240829_082803.data
70.0 430.0 17 26.008123348017623 0cd9414a_20240829_082827.data
90.0 430.0 17 26.008123348017623 0cd9414a_20240829_082851.data
110.0 430.0 17 26.008123348017623 0cd9414a_20240829_082915.data
130.0 430.0 17 26.008123348017623 0cd9414a_20240829_082939.data
150.0 430.0 17 26.008123348017623 0cd9414a_20240829_083003.data
170.0 430.0 17 26.008123348017623 0cd9414a_20240829_083027.data
190.0 430.0 17 25.89125110132159 0cd9414a_20240829_083051.data
210.0 430.0 17 26.008123348017623 0cd9414a_20240829_083115.data
230.0 430.0 17 26.008123348017623 0cd9414a_20240829_083139.data
250.0 430.0 17 26.008123348017623 0cd9414a_20240829_083203.data
270.0 430.0 17 26.008123348017623 0cd9414a_20240829_083227.data
290.0 430.0 17 25.89125110132159 0cd9414a_20240829_083251.data
290.0 450.0 17 25.89125110132159 0cd9414a_20240829_083315.data
270.0 450.0 17 25.89125110132159 0cd9414a_20240829_083339.data
250.0 450.0 17 25.89125110132159 0cd9414a_20240829_083403.data
230.0 450.0 17 26.008123348017623 0cd9414a_20240829_083427.data
210.0 450.0 17 25.89125110132159 0cd9414a_20240829_083451.data
190.0 450.0 17 26.008123348017623 0cd9414a_20240829_083515.data
170.0 450.0 17 26.008123348017623 0cd9414a_20240829_083539.data
150.0 450.0 17 26.008123348017623 0cd9414a_20240829_083603.data
130.0 450.0 17 26.008123348017623 0cd9414a_20240829_083627.data
110.0 450.0 17 25.89125110132159 0cd9414a_20240829_083651.data
90.0 450.0 17 26.008123348017623 0cd9414a_20240829_083715.data
70.0 450.0 17 26.008123348017623 0cd9414a_20240829_083739.data
50.0 450.0 17 26.008123348017623 0cd9414a_20240829_083803.data
30.0 450.0 17 26.008123348017623 0cd9414a_20240829_083827.data
10.0 450.0 17 26.008123348017623 0cd9414a_20240829_083851.data
10.0 470.0 17 26.008123348017623 0cd9414a_20240829_083915.data
30.0 470.0 17 26.008123348017623 0cd9414a_20240829_083939.data
50.0 470.0 17 25.89125110132159 0cd9414a_20240829_084003.data
70.0 470.0 17 26.008123348017623 0cd9414a_20240829_084027.data
90.0 470.0 17 26.008123348017623 0cd9414a_20240829_084051.data
110.0 470.0 17 25.89125110132159 0cd9414a_20240829_084115.data
130.0 470.0 17 26.008123348017623 0cd9414a_20240829_084139.data
150.0 470.0 17 26.008123348017623 0cd9414a_20240829_084203.data
170.0 470.0 17 26.008123348017623 0cd9414a_20240829_084227.data
190.0 470.0 17 25.89125110132159 0cd9414a_20240829_084251.data
210.0 470.0 17 25.89125110132159 0cd9414a_20240829_084315.data
230.0 470.0 17 26.008123348017623 0cd9414a_20240829_084339.data
250.0 470.0 17 26.008123348017623 0cd9414a_20240829_084403.data
270.0 470.0 17 26.008123348017623 0cd9414a_20240829_084427.data
290.0 470.0 17 25.89125110132159 0cd9414a_20240829_084451.data
