-1 -1 -1 26.008123348017623 0cd9414a_20240830_001700.data
10.0 10.0 17 26.240572687224667 0cd9414a_20240830_001739.data
30.0 10.0 17 26.124563876651983 0cd9414a_20240830_001803.data
50.0 10.0 17 26.356118942731285 0cd9414a_20240830_001827.data
70.0 10.0 17 26.240572687224667 0cd9414a_20240830_001852.data
90.0 10.0 17 26.124563876651983 0cd9414a_20240830_001916.data
110.0 10.0 17 26.471233480176213 0cd9414a_20240830_001940.data
130.0 10.0 17 26.124563876651983 0cd9414a_20240830_002004.data
150.0 10.0 17 26.124563876651983 0cd9414a_20240830_002028.data
170.0 10.0 17 26.356118942731285 0cd9414a_20240830_002052.data
190.0 10.0 17 26.356118942731285 0cd9414a_20240830_002116.data
210.0 10.0 17 26.356118942731285 0cd9414a_20240830_002140.data
230.0 10.0 17 26.124563876651983 0cd9414a_20240830_002204.data
250.0 10.0 17 26.356118942731285 0cd9414a_20240830_002228.data
270.0 10.0 17 26.356118942731285 0cd9414a_20240830_002252.data
290.0 10.0 17 26.124563876651983 0cd9414a_20240830_002316.data
290.0 30.0 17 26.124563876651983 0cd9414a_20240830_002340.data
270.0 30.0 17 26.240572687224667 0cd9414a_20240830_002404.data
250.0 30.0 17 26.240572687224667 0cd9414a_20240830_002428.data
230.0 30.0 17 26.356118942731285 0cd9414a_20240830_002452.data
210.0 30.0 17 26.471233480176213 0cd9414a_20240830_002516.data
190.0 30.0 17 26.471233480176213 0cd9414a_20240830_002540.data
170.0 30.0 17 26.356118942731285 0cd9414a_20240830_002604.data
150.0 30.0 17 26.356118942731285 0cd9414a_20240830_002628.data
130.0 30.0 17 26.356118942731285 0cd9414a_20240830_002652.data
110.0 30.0 17 26.124563876651983 0cd9414a_20240830_002716.data
90.0 30.0 17 26.124563876651983 0cd9414a_20240830_002740.data
70.0 30.0 17 26.008123348017623 0cd9414a_20240830_002804.data
50.0 30.0 17 26.124563876651983 0cd9414a_20240830_002828.data
30.0 30.0 17 26.124563876651983 0cd9414a_20240830_002852.data
10.0 30.0 17 26.240572687224667 0cd9414a_20240830_002916.data
10.0 50.0 17 26.356118942731285 0cd9414a_20240830_002940.data
30.0 50.0 17 26.240572687224667 0cd9414a_20240830_003004.data
50.0 50.0 17 26.356118942731285 0cd9414a_20240830_003028.data
70.0 50.0 17 26.356118942731285 0cd9414a_20240830_003052.data
90.0 50.0 17 26.240572687224667 0cd9414a_20240830_003116.data
110.0 50.0 17 26.356118942731285 0cd9414a_20240830_003140.data
130.0 50.0 17 26.356118942731285 0cd9414a_20240830_003204.data
150.0 50.0 17 26.356118942731285 0cd9414a_20240830_003228.data
170.0 50.0 17 26.356118942731285 0cd9414a_20240830_003252.data
190.0 50.0 17 26.356118942731285 0cd9414a_20240830_003316.data
210.0 50.0 17 26.356118942731285 0cd9414a_20240830_003340.data
230.0 50.0 17 26.356118942731285 0cd9414a_20240830_003404.data
250.0 50.0 17 26.356118942731285 0cd9414a_20240830_003428.data
270.0 50.0 17 26.471233480176213 0cd9414a_20240830_003452.data
290.0 50.0 17 26.008123348017623 0cd9414a_20240830_003516.data
290.0 70.0 17 26.008123348017623 0cd9414a_20240830_003540.data
270.0 70.0 17 26.240572687224667 0cd9414a_20240830_003604.data
250.0 70.0 17 26.124563876651983 0cd9414a_20240830_003628.data
230.0 70.0 17 26.240572687224667 0cd9414a_20240830_003652.data
210.0 70.0 17 26.124563876651983 0cd9414a_20240830_003716.data
190.0 70.0 17 26.124563876651983 0cd9414a_20240830_003740.data
170.0 70.0 17 26.356118942731285 0cd9414a_20240830_003804.data
150.0 70.0 17 26.356118942731285 0cd9414a_20240830_003828.data
130.0 70.0 17 26.240572687224667 0cd9414a_20240830_003852.data
110.0 70.0 17 26.008123348017623 0cd9414a_20240830_003916.data
90.0 70.0 17 26.124563876651983 0cd9414a_20240830_003940.data
70.0 70.0 17 26.124563876651983 0cd9414a_20240830_004004.data
50.0 70.0 17 26.240572687224667 0cd9414a_20240830_004028.data
30.0 70.0 17 26.240572687224667 0cd9414a_20240830_004052.data
10.0 70.0 17 26.356118942731285 0cd9414a_20240830_004116.data
10.0 90.0 17 26.356118942731285 0cd9414a_20240830_004140.data
30.0 90.0 17 26.356118942731285 0cd9414a_20240830_004204.data
50.0 90.0 17 26.356118942731285 0cd9414a_20240830_004228.data
70.0 90.0 17 26.356118942731285 0cd9414a_20240830_004252.data
90.0 90.0 17 26.356118942731285 0cd9414a_20240830_004316.data
110.0 90.0 17 26.356118942731285 0cd9414a_20240830_004340.data
130.0 90.0 17 26.356118942731285 0cd9414a_20240830_004404.data
150.0 90.0 17 26.356118942731285 0cd9414a_20240830_004428.data
170.0 90.0 17 26.008123348017623 0cd9414a_20240830_004452.data
190.0 90.0 17 26.240572687224667 0cd9414a_20240830_004516.data
210.0 90.0 17 26.124563876651983 0cd9414a_20240830_004540.data
230.0 90.0 17 26.356118942731285 0cd9414a_20240830_004604.data
250.0 90.0 17 26.356118942731285 0cd9414a_20240830_004628.data
270.0 90.0 17 26.356118942731285 0cd9414a_20240830_004652.data
290.0 90.0 17 26.356118942731285 0cd9414a_20240830_004716.data
290.0 110.0 17 26.356118942731285 0cd9414a_20240830_004740.data
270.0 110.0 17 26.356118942731285 0cd9414a_20240830_004804.data
250.0 110.0 17 26.008123348017623 0cd9414a_20240830_004828.data
230.0 110.0 17 26.240572687224667 0cd9414a_20240830_004852.data
210.0 110.0 17 26.356118942731285 0cd9414a_20240830_004916.data
190.0 110.0 17 26.008123348017623 0cd9414a_20240830_004940.data
170.0 110.0 17 26.008123348017623 0cd9414a_20240830_005004.data
150.0 110.0 17 26.124563876651983 0cd9414a_20240830_005028.data
130.0 110.0 17 26.240572687224667 0cd9414a_20240830_005052.data
110.0 110.0 17 26.240572687224667 0cd9414a_20240830_005117.data
90.0 110.0 17 26.471233480176213 0cd9414a_20240830_005141.data
70.0 110.0 17 26.356118942731285 0cd9414a_20240830_005205.data
50.0 110.0 17 26.356118942731285 0cd9414a_20240830_005229.data
30.0 110.0 17 26.008123348017623 0cd9414a_20240830_005253.data
10.0 110.0 17 26.008123348017623 0cd9414a_20240830_005317.data
10.0 130.0 17 26.356118942731285 0cd9414a_20240830_005341.data
30.0 130.0 17 26.356118942731285 0cd9414a_20240830_005405.data
50.0 130.0 17 26.240572687224667 0cd9414a_20240830_005429.data
70.0 130.0 17 26.356118942731285 0cd9414a_20240830_005453.data
90.0 130.0 17 26.008123348017623 0cd9414a_20240830_005517.data
110.0 130.0 17 26.008123348017623 0cd9414a_20240830_005541.data
130.0 130.0 17 26.240572687224667 0cd9414a_20240830_005605.data
150.0 130.0 17 26.008123348017623 0cd9414a_20240830_005629.data
170.0 130.0 17 26.240572687224667 0cd9414a_20240830_005653.data
190.0 130.0 17 26.356118942731285 0cd9414a_20240830_005717.data
210.0 130.0 17 26.240572687224667 0cd9414a_20240830_005741.data
230.0 130.0 17 26.240572687224667 0cd9414a_20240830_005805.data
250.0 130.0 17 26.356118942731285 0cd9414a_20240830_005829.data
270.0 130.0 17 26.240572687224667 0cd9414a_20240830_005853.data
290.0 130.0 17 26.356118942731285 0cd9414a_20240830_005917.data
290.0 150.0 17 26.008123348017623 0cd9414a_20240830_005941.data
270.0 150.0 17 26.124563876651983 0cd9414a_20240830_010005.data
250.0 150.0 17 26.240572687224667 0cd9414a_20240830_010029.data
230.0 150.0 17 26.124563876651983 0cd9414a_20240830_010053.data
210.0 150.0 17 26.356118942731285 0cd9414a_20240830_010117.data
190.0 150.0 17 26.240572687224667 0cd9414a_20240830_010141.data
170.0 150.0 17 26.356118942731285 0cd9414a_20240830_010205.data
150.0 150.0 17 26.008123348017623 0cd9414a_20240830_010229.data
130.0 150.0 17 26.124563876651983 0cd9414a_20240830_010253.data
110.0 150.0 17 25.773885462555068 0cd9414a_20240830_010317.data
90.0 150.0 17 26.356118942731285 0cd9414a_20240830_010341.data
70.0 150.0 17 26.356118942731285 0cd9414a_20240830_010405.data
50.0 150.0 17 25.89125110132159 0cd9414a_20240830_010429.data
30.0 150.0 17 25.89125110132159 0cd9414a_20240830_010453.data
10.0 150.0 17 26.240572687224667 0cd9414a_20240830_010517.data
10.0 170.0 17 26.356118942731285 0cd9414a_20240830_010541.data
30.0 170.0 17 26.008123348017623 0cd9414a_20240830_010605.data
50.0 170.0 17 26.240572687224667 0cd9414a_20240830_010629.data
70.0 170.0 17 26.356118942731285 0cd9414a_20240830_010653.data
90.0 170.0 17 26.124563876651983 0cd9414a_20240830_010717.data
110.0 170.0 17 26.124563876651983 0cd9414a_20240830_010741.data
130.0 170.0 17 26.356118942731285 0cd9414a_20240830_010805.data
150.0 170.0 17 26.356118942731285 0cd9414a_20240830_010829.data
170.0 170.0 17 26.008123348017623 0cd9414a_20240830_010853.data
190.0 170.0 17 26.240572687224667 0cd9414a_20240830_010917.data
210.0 170.0 17 26.356118942731285 0cd9414a_20240830_010941.data
230.0 170.0 17 26.356118942731285 0cd9414a_20240830_011005.data
250.0 170.0 17 26.008123348017623 0cd9414a_20240830_011029.data
270.0 170.0 17 26.240572687224667 0cd9414a_20240830_011053.data
290.0 170.0 17 26.356118942731285 0cd9414a_20240830_011117.data
290.0 190.0 17 26.124563876651983 0cd9414a_20240830_011141.data
270.0 190.0 17 26.356118942731285 0cd9414a_20240830_011205.data
250.0 190.0 17 26.240572687224667 0cd9414a_20240830_011229.data
230.0 190.0 17 26.124563876651983 0cd9414a_20240830_011253.data
210.0 190.0 17 26.356118942731285 0cd9414a_20240830_011317.data
190.0 190.0 17 26.356118942731285 0cd9414a_20240830_011341.data
170.0 190.0 17 26.008123348017623 0cd9414a_20240830_011405.data
150.0 190.0 17 26.008123348017623 0cd9414a_20240830_011429.data
130.0 190.0 17 26.356118942731285 0cd9414a_20240830_011453.data
110.0 190.0 17 26.008123348017623 0cd9414a_20240830_011517.data
90.0 190.0 17 26.240572687224667 0cd9414a_20240830_011541.data
70.0 190.0 17 26.356118942731285 0cd9414a_20240830_011605.data
50.0 190.0 17 26.240572687224667 0cd9414a_20240830_011629.data
30.0 190.0 17 26.356118942731285 0cd9414a_20240830_011653.data
10.0 190.0 17 26.356118942731285 0cd9414a_20240830_011717.data
10.0 210.0 17 26.240572687224667 0cd9414a_20240830_011741.data
30.0 210.0 17 26.008123348017623 0cd9414a_20240830_011805.data
50.0 210.0 17 26.356118942731285 0cd9414a_20240830_011829.data
70.0 210.0 17 26.356118942731285 0cd9414a_20240830_011853.data
90.0 210.0 17 26.356118942731285 0cd9414a_20240830_011917.data
110.0 210.0 17 26.124563876651983 0cd9414a_20240830_011941.data
130.0 210.0 17 26.124563876651983 0cd9414a_20240830_012005.data
150.0 210.0 17 26.356118942731285 0cd9414a_20240830_012029.data
170.0 210.0 17 26.008123348017623 0cd9414a_20240830_012053.data
190.0 210.0 17 26.356118942731285 0cd9414a_20240830_012117.data
210.0 210.0 17 26.356118942731285 0cd9414a_20240830_012141.data
230.0 210.0 17 26.124563876651983 0cd9414a_20240830_012205.data
250.0 210.0 17 26.240572687224667 0cd9414a_20240830_012229.data
270.0 210.0 17 26.008123348017623 0cd9414a_20240830_012253.data
290.0 210.0 17 26.240572687224667 0cd9414a_20240830_012317.data
290.0 230.0 17 26.356118942731285 0cd9414a_20240830_012341.data
270.0 230.0 17 26.240572687224667 0cd9414a_20240830_012405.data
250.0 230.0 17 26.356118942731285 0cd9414a_20240830_012429.data
230.0 230.0 17 26.124563876651983 0cd9414a_20240830_012453.data
210.0 230.0 17 26.240572687224667 0cd9414a_20240830_012517.data
190.0 230.0 17 26.240572687224667 0cd9414a_20240830_012542.data
170.0 230.0 17 26.240572687224667 0cd9414a_20240830_012606.data
150.0 230.0 17 26.240572687224667 0cd9414a_20240830_012630.data
130.0 230.0 17 26.356118942731285 0cd9414a_20240830_012654.data
110.0 230.0 17 26.356118942731285 0cd9414a_20240830_012718.data
90.0 230.0 17 26.124563876651983 0cd9414a_20240830_012742.data
70.0 230.0 17 26.356118942731285 0cd9414a_20240830_012806.data
50.0 230.0 17 26.124563876651983 0cd9414a_20240830_012830.data
30.0 230.0 17 26.356118942731285 0cd9414a_20240830_012854.data
10.0 230.0 17 26.008123348017623 0cd9414a_20240830_012918.data
10.0 250.0 17 26.240572687224667 0cd9414a_20240830_012942.data
30.0 250.0 17 26.008123348017623 0cd9414a_20240830_013006.data
50.0 250.0 17 26.356118942731285 0cd9414a_20240830_013030.data
70.0 250.0 17 26.008123348017623 0cd9414a_20240830_013054.data
90.0 250.0 17 26.356118942731285 0cd9414a_20240830_013118.data
110.0 250.0 17 26.356118942731285 0cd9414a_20240830_013142.data
130.0 250.0 17 26.240572687224667 0cd9414a_20240830_013206.data
150.0 250.0 17 26.356118942731285 0cd9414a_20240830_013230.data
170.0 250.0 17 26.356118942731285 0cd9414a_20240830_013254.data
190.0 250.0 17 26.356118942731285 0cd9414a_20240830_013318.data
210.0 250.0 17 26.008123348017623 0cd9414a_20240830_013342.data
230.0 250.0 17 26.356118942731285 0cd9414a_20240830_013406.data
250.0 250.0 17 26.356118942731285 0cd9414a_20240830_013430.data
270.0 250.0 17 26.240572687224667 0cd9414a_20240830_013454.data
290.0 250.0 17 26.240572687224667 0cd9414a_20240830_013518.data
290.0 270.0 17 26.124563876651983 0cd9414a_20240830_013542.data
270.0 270.0 17 26.356118942731285 0cd9414a_20240830_013606.data
250.0 270.0 17 26.008123348017623 0cd9414a_20240830_013630.data
230.0 270.0 17 26.356118942731285 0cd9414a_20240830_013654.data
210.0 270.0 17 26.356118942731285 0cd9414a_20240830_013718.data
190.0 270.0 17 26.356118942731285 0cd9414a_20240830_013742.data
170.0 270.0 17 26.356118942731285 0cd9414a_20240830_013806.data
150.0 270.0 17 26.356118942731285 0cd9414a_20240830_013830.data
130.0 270.0 17 26.356118942731285 0cd9414a_20240830_013854.data
110.0 270.0 17 26.124563876651983 0cd9414a_20240830_013918.data
90.0 270.0 17 26.124563876651983 0cd9414a_20240830_013942.data
70.0 270.0 17 26.124563876651983 0cd9414a_20240830_014006.data
50.0 270.0 17 26.008123348017623 0cd9414a_20240830_014030.data
30.0 270.0 17 26.008123348017623 0cd9414a_20240830_014054.data
10.0 270.0 17 26.124563876651983 0cd9414a_20240830_014118.data
10.0 290.0 17 26.008123348017623 0cd9414a_20240830_014142.data
30.0 290.0 17 26.008123348017623 0cd9414a_20240830_014206.data
50.0 290.0 17 26.008123348017623 0cd9414a_20240830_014230.data
70.0 290.0 17 26.008123348017623 0cd9414a_20240830_014254.data
90.0 290.0 17 26.008123348017623 0cd9414a_20240830_014318.data
110.0 290.0 17 26.008123348017623 0cd9414a_20240830_014342.data
130.0 290.0 17 26.240572687224667 0cd9414a_20240830_014406.data
150.0 290.0 17 26.008123348017623 0cd9414a_20240830_014430.data
170.0 290.0 17 26.008123348017623 0cd9414a_20240830_014454.data
190.0 290.0 17 26.008123348017623 0cd9414a_20240830_014518.data
210.0 290.0 17 26.124563876651983 0cd9414a_20240830_014542.data
230.0 290.0 17 26.008123348017623 0cd9414a_20240830_014606.data
250.0 290.0 17 26.008123348017623 0cd9414a_20240830_014630.data
270.0 290.0 17 26.008123348017623 0cd9414a_20240830_014654.data
290.0 290.0 17 26.124563876651983 0cd9414a_20240830_014718.data
290.0 310.0 17 26.008123348017623 0cd9414a_20240830_014742.data
270.0 310.0 17 26.008123348017623 0cd9414a_20240830_014806.data
250.0 310.0 17 26.008123348017623 0cd9414a_20240830_014830.data
230.0 310.0 17 26.008123348017623 0cd9414a_20240830_014854.data
210.0 310.0 17 -1 0cd9414a_20240830_014918.data
190.0 310.0 17 26.008123348017623 0cd9414a_20240830_014942.data
170.0 310.0 17 26.008123348017623 0cd9414a_20240830_015006.data
150.0 310.0 17 -1 0cd9414a_20240830_015030.data
130.0 310.0 17 26.008123348017623 0cd9414a_20240830_015054.data
110.0 310.0 17 26.008123348017623 0cd9414a_20240830_015118.data
90.0 310.0 17 26.008123348017623 0cd9414a_20240830_015142.data
70.0 310.0 17 26.124563876651983 0cd9414a_20240830_015206.data
50.0 310.0 17 26.008123348017623 0cd9414a_20240830_015230.data
30.0 310.0 17 26.008123348017623 0cd9414a_20240830_015254.data
10.0 310.0 17 -1 0cd9414a_20240830_015318.data
10.0 330.0 17 26.008123348017623 0cd9414a_20240830_015342.data
30.0 330.0 17 26.008123348017623 0cd9414a_20240830_015406.data
50.0 330.0 17 26.008123348017623 0cd9414a_20240830_015430.data
70.0 330.0 17 26.008370044052867 0cd9414a_20240830_015454.data
90.0 330.0 17 26.124563876651983 0cd9414a_20240830_015518.data
110.0 330.0 17 26.124563876651983 0cd9414a_20240830_015542.data
130.0 330.0 17 26.008123348017623 0cd9414a_20240830_015607.data
150.0 330.0 17 26.008123348017623 0cd9414a_20240830_015631.data
170.0 330.0 17 26.008123348017623 0cd9414a_20240830_015655.data
190.0 330.0 17 26.008123348017623 0cd9414a_20240830_015719.data
210.0 330.0 17 26.008123348017623 0cd9414a_20240830_015743.data
230.0 330.0 17 26.240572687224667 0cd9414a_20240830_015807.data
250.0 330.0 17 25.89125110132159 0cd9414a_20240830_015831.data
270.0 330.0 17 26.124563876651983 0cd9414a_20240830_015855.data
290.0 330.0 17 26.124563876651983 0cd9414a_20240830_015919.data
10.0 350.0 17 26.008123348017623 0cd9414a_20240830_093823.data
30.0 350.0 17 26.008123348017623 0cd9414a_20240830_093847.data
50.0 350.0 17 26.008123348017623 0cd9414a_20240830_093911.data
70.0 350.0 17 26.008123348017623 0cd9414a_20240830_093935.data
90.0 350.0 17 26.008123348017623 0cd9414a_20240830_093959.data
110.0 350.0 17 26.008123348017623 0cd9414a_20240830_094023.data
130.0 350.0 17 26.008123348017623 0cd9414a_20240830_094047.data
150.0 350.0 17 26.124563876651983 0cd9414a_20240830_094111.data
170.0 350.0 17 26.124563876651983 0cd9414a_20240830_094135.data
190.0 350.0 17 26.008123348017623 0cd9414a_20240830_094159.data
210.0 350.0 17 26.124563876651983 0cd9414a_20240830_094223.data
230.0 350.0 17 26.008123348017623 0cd9414a_20240830_094247.data
250.0 350.0 17 26.008123348017623 0cd9414a_20240830_094311.data
270.0 350.0 17 25.89125110132159 0cd9414a_20240830_094335.data
290.0 350.0 17 26.008123348017623 0cd9414a_20240830_094359.data
290.0 370.0 17 26.008123348017623 0cd9414a_20240830_094423.data
270.0 370.0 17 26.124563876651983 0cd9414a_20240830_094447.data
250.0 370.0 17 26.008123348017623 0cd9414a_20240830_094511.data
230.0 370.0 17 26.008123348017623 0cd9414a_20240830_094535.data
210.0 370.0 17 26.124563876651983 0cd9414a_20240830_094559.data
190.0 370.0 17 26.124563876651983 0cd9414a_20240830_094623.data
170.0 370.0 17 26.240572687224667 0cd9414a_20240830_094647.data
150.0 370.0 17 25.89125110132159 0cd9414a_20240830_094711.data
130.0 370.0 17 25.89125110132159 0cd9414a_20240830_094735.data
110.0 370.0 17 26.008123348017623 0cd9414a_20240830_094759.data
90.0 370.0 17 26.124563876651983 0cd9414a_20240830_094823.data
70.0 370.0 17 26.124563876651983 0cd9414a_20240830_094847.data
50.0 370.0 17 26.124563876651983 0cd9414a_20240830_094911.data
30.0 370.0 17 26.008123348017623 0cd9414a_20240830_094935.data
10.0 370.0 17 26.008123348017623 0cd9414a_20240830_094959.data
10.0 390.0 17 26.008123348017623 0cd9414a_20240830_095023.data
30.0 390.0 17 26.008123348017623 0cd9414a_20240830_095047.data
50.0 390.0 17 26.008123348017623 0cd9414a_20240830_095111.data
70.0 390.0 17 26.124563876651983 0cd9414a_20240830_095135.data
90.0 390.0 17 26.124563876651983 0cd9414a_20240830_095159.data
110.0 390.0 17 26.124563876651983 0cd9414a_20240830_095223.data
130.0 390.0 17 26.008123348017623 0cd9414a_20240830_095247.data
150.0 390.0 17 26.124563876651983 0cd9414a_20240830_095311.data
170.0 390.0 17 26.008123348017623 0cd9414a_20240830_095335.data
190.0 390.0 17 26.008123348017623 0cd9414a_20240830_095359.data
210.0 390.0 17 26.124563876651983 0cd9414a_20240830_095423.data
230.0 390.0 17 26.008123348017623 0cd9414a_20240830_095447.data
250.0 390.0 17 26.124563876651983 0cd9414a_20240830_095511.data
270.0 390.0 17 26.124563876651983 0cd9414a_20240830_095535.data
290.0 390.0 17 26.008123348017623 0cd9414a_20240830_095559.data
290.0 410.0 17 26.008123348017623 0cd9414a_20240830_095623.data
270.0 410.0 17 26.124563876651983 0cd9414a_20240830_095647.data
250.0 410.0 17 26.124563876651983 0cd9414a_20240830_095711.data
230.0 410.0 17 26.008123348017623 0cd9414a_20240830_095735.data
210.0 410.0 17 26.124563876651983 0cd9414a_20240830_095759.data
190.0 410.0 17 26.124563876651983 0cd9414a_20240830_095823.data
170.0 410.0 17 26.124563876651983 0cd9414a_20240830_095847.data
150.0 410.0 17 26.124563876651983 0cd9414a_20240830_095911.data
130.0 410.0 17 26.008123348017623 0cd9414a_20240830_095935.data
110.0 410.0 17 26.008123348017623 0cd9414a_20240830_095959.data
90.0 410.0 17 26.124563876651983 0cd9414a_20240830_100023.data
70.0 410.0 17 26.008123348017623 0cd9414a_20240830_100047.data
50.0 410.0 17 26.008123348017623 0cd9414a_20240830_100111.data
30.0 410.0 17 26.008123348017623 0cd9414a_20240830_100135.data
10.0 410.0 17 26.240572687224667 0cd9414a_20240830_100159.data
10.0 430.0 17 26.008123348017623 0cd9414a_20240830_100223.data
30.0 430.0 17 26.008123348017623 0cd9414a_20240830_100248.data
50.0 430.0 17 25.89125110132159 0cd9414a_20240830_100312.data
70.0 430.0 17 26.124563876651983 0cd9414a_20240830_100335.data
90.0 430.0 17 26.124563876651983 0cd9414a_20240830_100400.data
110.0 430.0 17 26.008123348017623 0cd9414a_20240830_100424.data
130.0 430.0 17 26.124563876651983 0cd9414a_20240830_100448.data
150.0 430.0 17 26.008123348017623 0cd9414a_20240830_100512.data
170.0 430.0 17 26.008123348017623 0cd9414a_20240830_100536.data
190.0 430.0 17 26.008123348017623 0cd9414a_20240830_100600.data
210.0 430.0 17 26.124563876651983 0cd9414a_20240830_100624.data
230.0 430.0 17 26.008123348017623 0cd9414a_20240830_100648.data
250.0 430.0 17 26.124563876651983 0cd9414a_20240830_100712.data
270.0 430.0 17 26.008123348017623 0cd9414a_20240830_100736.data
290.0 430.0 17 26.124563876651983 0cd9414a_20240830_100800.data
290.0 450.0 17 26.008123348017623 0cd9414a_20240830_100824.data
270.0 450.0 17 26.124563876651983 0cd9414a_20240830_100848.data
250.0 450.0 17 26.124563876651983 0cd9414a_20240830_100912.data
230.0 450.0 17 26.008123348017623 0cd9414a_20240830_100936.data
210.0 450.0 17 26.008123348017623 0cd9414a_20240830_101000.data
190.0 450.0 17 26.008123348017623 0cd9414a_20240830_101024.data
170.0 450.0 17 26.124563876651983 0cd9414a_20240830_101048.data
150.0 450.0 17 26.124563876651983 0cd9414a_20240830_101112.data
130.0 450.0 17 26.124563876651983 0cd9414a_20240830_101136.data
110.0 450.0 17 26.008123348017623 0cd9414a_20240830_101200.data
90.0 450.0 17 26.124563876651983 0cd9414a_20240830_101224.data
70.0 450.0 17 26.124563876651983 0cd9414a_20240830_101248.data
50.0 450.0 17 26.008123348017623 0cd9414a_20240830_101312.data
30.0 450.0 17 26.124563876651983 0cd9414a_20240830_101336.data
10.0 450.0 17 26.124563876651983 0cd9414a_20240830_101400.data
10.0 470.0 17 26.008123348017623 0cd9414a_20240830_101424.data
30.0 470.0 17 26.124563876651983 0cd9414a_20240830_101448.data
50.0 470.0 17 26.124563876651983 0cd9414a_20240830_101512.data
70.0 470.0 17 26.124563876651983 0cd9414a_20240830_101536.data
90.0 470.0 17 26.124563876651983 0cd9414a_20240830_101600.data
110.0 470.0 17 26.124563876651983 0cd9414a_20240830_101624.data
130.0 470.0 17 26.008123348017623 0cd9414a_20240830_101648.data
150.0 470.0 17 26.008123348017623 0cd9414a_20240830_101712.data
170.0 470.0 17 26.008123348017623 0cd9414a_20240830_101736.data
190.0 470.0 17 26.008123348017623 0cd9414a_20240830_101800.data
210.0 470.0 17 26.008123348017623 0cd9414a_20240830_101824.data
230.0 470.0 17 26.124563876651983 0cd9414a_20240830_101848.data
250.0 470.0 17 26.124563876651983 0cd9414a_20240830_101912.data
270.0 470.0 17 26.008123348017623 0cd9414a_20240830_101936.data
290.0 470.0 17 26.124563876651983 0cd9414a_20240830_102000.data
