-1 -1 -1 28.25503083700441 0cd9414a_20240812_131200.data
10.0 10.0 17 28.25503083700441 0cd9414a_20240812_131239.data
30.0 10.0 17 28.25503083700441 0cd9414a_20240812_131303.data
50.0 10.0 17 28.25503083700441 0cd9414a_20240812_131327.data
70.0 10.0 17 28.25503083700441 0cd9414a_20240812_131351.data
90.0 10.0 17 28.25503083700441 0cd9414a_20240812_131416.data
110.0 10.0 17 28.25503083700441 0cd9414a_20240812_131439.data
130.0 10.0 17 28.25503083700441 0cd9414a_20240812_131503.data
150.0 10.0 17 28.25503083700441 0cd9414a_20240812_131528.data
170.0 10.0 17 28.25503083700441 0cd9414a_20240812_131552.data
190.0 10.0 17 28.25503083700441 0cd9414a_20240812_131615.data
210.0 10.0 17 28.14663876651983 0cd9414a_20240812_131640.data
230.0 10.0 17 28.25503083700441 0cd9414a_20240812_131704.data
250.0 10.0 17 28.25503083700441 0cd9414a_20240812_131728.data
270.0 10.0 17 28.25503083700441 0cd9414a_20240812_131752.data
290.0 10.0 17 28.25503083700441 0cd9414a_20240812_131816.data
290.0 30.0 17 28.25503083700441 0cd9414a_20240812_131840.data
270.0 30.0 17 28.25503083700441 0cd9414a_20240812_131904.data
250.0 30.0 17 28.25503083700441 0cd9414a_20240812_131928.data
230.0 30.0 17 28.25503083700441 0cd9414a_20240812_131952.data
210.0 30.0 17 28.25503083700441 0cd9414a_20240812_132016.data
190.0 30.0 17 28.25503083700441 0cd9414a_20240812_132040.data
170.0 30.0 17 28.14663876651983 0cd9414a_20240812_132104.data
150.0 30.0 17 28.14663876651983 0cd9414a_20240812_132128.data
130.0 30.0 17 28.25503083700441 0cd9414a_20240812_132152.data
110.0 30.0 17 28.25503083700441 0cd9414a_20240812_132216.data
90.0 30.0 17 28.25503083700441 0cd9414a_20240812_132240.data
70.0 30.0 17 28.14663876651983 0cd9414a_20240812_132304.data
50.0 30.0 17 28.25503083700441 0cd9414a_20240812_132328.data
30.0 30.0 17 28.25503083700441 0cd9414a_20240812_132352.data
10.0 30.0 17 28.14663876651983 0cd9414a_20240812_132416.data
10.0 50.0 17 28.25503083700441 0cd9414a_20240812_132440.data
30.0 50.0 17 28.14663876651983 0cd9414a_20240812_132504.data
50.0 50.0 17 28.25503083700441 0cd9414a_20240812_132528.data
70.0 50.0 17 28.25503083700441 0cd9414a_20240812_132552.data
90.0 50.0 17 28.25503083700441 0cd9414a_20240812_132616.data
110.0 50.0 17 28.25503083700441 0cd9414a_20240812_132640.data
130.0 50.0 17 28.14663876651983 0cd9414a_20240812_132704.data
150.0 50.0 17 28.25503083700441 0cd9414a_20240812_132728.data
170.0 50.0 17 28.25503083700441 0cd9414a_20240812_132752.data
190.0 50.0 17 28.037845814977977 0cd9414a_20240812_132816.data
210.0 50.0 17 28.25503083700441 0cd9414a_20240812_132840.data
230.0 50.0 17 28.25503083700441 0cd9414a_20240812_132904.data
250.0 50.0 17 28.25503083700441 0cd9414a_20240812_132928.data
270.0 50.0 17 28.25503083700441 0cd9414a_20240812_132952.data
290.0 50.0 17 28.25503083700441 0cd9414a_20240812_133016.data
290.0 70.0 17 28.25503083700441 0cd9414a_20240812_133040.data
270.0 70.0 17 28.14663876651983 0cd9414a_20240812_133104.data
250.0 70.0 17 28.25503083700441 0cd9414a_20240812_133128.data
230.0 70.0 17 28.14663876651983 0cd9414a_20240812_133152.data
210.0 70.0 17 28.362991189427316 0cd9414a_20240812_133216.data
190.0 70.0 17 28.25503083700441 0cd9414a_20240812_133240.data
170.0 70.0 17 28.25503083700441 0cd9414a_20240812_133304.data
150.0 70.0 17 28.25503083700441 0cd9414a_20240812_133328.data
130.0 70.0 17 28.25503083700441 0cd9414a_20240812_133352.data
110.0 70.0 17 28.362991189427316 0cd9414a_20240812_133416.data
90.0 70.0 17 28.25503083700441 0cd9414a_20240812_133440.data
70.0 70.0 17 28.14663876651983 0cd9414a_20240812_133504.data
50.0 70.0 17 28.25503083700441 0cd9414a_20240812_133528.data
30.0 70.0 17 28.25503083700441 0cd9414a_20240812_133552.data
10.0 70.0 17 28.14663876651983 0cd9414a_20240812_133616.data
10.0 90.0 17 28.25503083700441 0cd9414a_20240812_133640.data
30.0 90.0 17 28.14663876651983 0cd9414a_20240812_133704.data
50.0 90.0 17 28.25503083700441 0cd9414a_20240812_133728.data
70.0 90.0 17 28.25503083700441 0cd9414a_20240812_133752.data
90.0 90.0 17 28.25503083700441 0cd9414a_20240812_133816.data
110.0 90.0 17 28.14663876651983 0cd9414a_20240812_133840.data
130.0 90.0 17 28.14663876651983 0cd9414a_20240812_133904.data
150.0 90.0 17 28.25503083700441 0cd9414a_20240812_133928.data
170.0 90.0 17 28.25503083700441 0cd9414a_20240812_133952.data
190.0 90.0 17 28.25503083700441 0cd9414a_20240812_134016.data
210.0 90.0 17 28.25503083700441 0cd9414a_20240812_134040.data
230.0 90.0 17 28.14663876651983 0cd9414a_20240812_134104.data
250.0 90.0 17 28.25503083700441 0cd9414a_20240812_134128.data
270.0 90.0 17 28.25503083700441 0cd9414a_20240812_134152.data
290.0 90.0 17 28.25503083700441 0cd9414a_20240812_134216.data
290.0 110.0 17 28.25503083700441 0cd9414a_20240812_134240.data
270.0 110.0 17 28.25503083700441 0cd9414a_20240812_134304.data
250.0 110.0 17 28.25503083700441 0cd9414a_20240812_134328.data
230.0 110.0 17 28.14663876651983 0cd9414a_20240812_134352.data
210.0 110.0 17 28.25503083700441 0cd9414a_20240812_134416.data
190.0 110.0 17 28.25503083700441 0cd9414a_20240812_134440.data
170.0 110.0 17 28.362991189427316 0cd9414a_20240812_134504.data
150.0 110.0 17 28.25503083700441 0cd9414a_20240812_134528.data
130.0 110.0 17 28.470581497797355 0cd9414a_20240812_134552.data
110.0 110.0 17 28.470581497797355 0cd9414a_20240812_134616.data
90.0 110.0 17 28.362991189427316 0cd9414a_20240812_134640.data
70.0 110.0 17 28.362991189427316 0cd9414a_20240812_134704.data
50.0 110.0 17 28.362991189427316 0cd9414a_20240812_134728.data
30.0 110.0 17 28.470581497797355 0cd9414a_20240812_134752.data
10.0 110.0 17 28.470581497797355 0cd9414a_20240812_134816.data
10.0 130.0 17 28.25503083700441 0cd9414a_20240812_134840.data
30.0 130.0 17 28.470581497797355 0cd9414a_20240812_134904.data
50.0 130.0 17 28.470581497797355 0cd9414a_20240812_134928.data
70.0 130.0 17 28.25503083700441 0cd9414a_20240812_134952.data
90.0 130.0 17 28.470581497797355 0cd9414a_20240812_135016.data
110.0 130.0 17 28.362991189427316 0cd9414a_20240812_135040.data
130.0 130.0 17 28.362991189427316 0cd9414a_20240812_135104.data
150.0 130.0 17 28.470581497797355 0cd9414a_20240812_135128.data
170.0 130.0 17 28.470581497797355 0cd9414a_20240812_135152.data
190.0 130.0 17 28.577770925110134 0cd9414a_20240812_135216.data
210.0 130.0 17 28.577770925110134 0cd9414a_20240812_135241.data
230.0 130.0 17 28.470581497797355 0cd9414a_20240812_135304.data
250.0 130.0 17 28.577770925110134 0cd9414a_20240812_135329.data
270.0 130.0 17 28.577770925110134 0cd9414a_20240812_135353.data
290.0 130.0 17 28.577770925110134 0cd9414a_20240812_135417.data
290.0 150.0 17 28.577770925110134 0cd9414a_20240812_135441.data
270.0 150.0 17 28.470581497797355 0cd9414a_20240812_135505.data
250.0 150.0 17 28.470581497797355 0cd9414a_20240812_135529.data
230.0 150.0 17 28.577770925110134 0cd9414a_20240812_135553.data
210.0 150.0 17 28.470581497797355 0cd9414a_20240812_135617.data
190.0 150.0 17 28.577770925110134 0cd9414a_20240812_135641.data
170.0 150.0 17 28.577770925110134 0cd9414a_20240812_135705.data
150.0 150.0 17 28.577770925110134 0cd9414a_20240812_135729.data
130.0 150.0 17 28.470581497797355 0cd9414a_20240812_135753.data
110.0 150.0 17 28.470581497797355 0cd9414a_20240812_135817.data
90.0 150.0 17 28.470581497797355 0cd9414a_20240812_135841.data
70.0 150.0 17 28.577770925110134 0cd9414a_20240812_135905.data
50.0 150.0 17 28.577770925110134 0cd9414a_20240812_135929.data
30.0 150.0 17 28.470581497797355 0cd9414a_20240812_135953.data
10.0 150.0 17 28.470581497797355 0cd9414a_20240812_140017.data
10.0 170.0 17 28.470581497797355 0cd9414a_20240812_140041.data
30.0 170.0 17 28.577770925110134 0cd9414a_20240812_140105.data
50.0 170.0 17 28.577770925110134 0cd9414a_20240812_140129.data
70.0 170.0 17 28.577770925110134 0cd9414a_20240812_140153.data
90.0 170.0 17 28.470581497797355 0cd9414a_20240812_140217.data
110.0 170.0 17 28.577770925110134 0cd9414a_20240812_140241.data
130.0 170.0 17 28.470581497797355 0cd9414a_20240812_140305.data
150.0 170.0 17 28.577770925110134 0cd9414a_20240812_140329.data
170.0 170.0 17 28.577770925110134 0cd9414a_20240812_140353.data
190.0 170.0 17 28.577770925110134 0cd9414a_20240812_140417.data
210.0 170.0 17 28.577770925110134 0cd9414a_20240812_140441.data
230.0 170.0 17 28.470581497797355 0cd9414a_20240812_140505.data
250.0 170.0 17 28.577770925110134 0cd9414a_20240812_140529.data
270.0 170.0 17 28.577770925110134 0cd9414a_20240812_140553.data
290.0 170.0 17 28.470581497797355 0cd9414a_20240812_140617.data
290.0 190.0 17 28.577770925110134 0cd9414a_20240812_140641.data
270.0 190.0 17 28.470581497797355 0cd9414a_20240812_140705.data
250.0 190.0 17 28.470581497797355 0cd9414a_20240812_140729.data
230.0 190.0 17 28.470581497797355 0cd9414a_20240812_140753.data
210.0 190.0 17 28.577770925110134 0cd9414a_20240812_140817.data
190.0 190.0 17 28.362991189427316 0cd9414a_20240812_140841.data
170.0 190.0 17 28.25503083700441 0cd9414a_20240812_140905.data
150.0 190.0 17 28.470581497797355 0cd9414a_20240812_140929.data
130.0 190.0 17 28.470581497797355 0cd9414a_20240812_140953.data
110.0 190.0 17 28.470581497797355 0cd9414a_20240812_141017.data
90.0 190.0 17 28.470581497797355 0cd9414a_20240812_141041.data
70.0 190.0 17 28.470581497797355 0cd9414a_20240812_141105.data
50.0 190.0 17 28.470581497797355 0cd9414a_20240812_141129.data
30.0 190.0 17 28.470581497797355 0cd9414a_20240812_141153.data
10.0 190.0 17 28.470581497797355 0cd9414a_20240812_141217.data
10.0 210.0 17 28.470581497797355 0cd9414a_20240812_141241.data
30.0 210.0 17 28.362991189427316 0cd9414a_20240812_141305.data
50.0 210.0 17 28.362991189427316 0cd9414a_20240812_141329.data
70.0 210.0 17 28.470581497797355 0cd9414a_20240812_141353.data
90.0 210.0 17 28.577770925110134 0cd9414a_20240812_141417.data
110.0 210.0 17 28.470581497797355 0cd9414a_20240812_141441.data
130.0 210.0 17 28.470581497797355 0cd9414a_20240812_141505.data
150.0 210.0 17 28.470581497797355 0cd9414a_20240812_141529.data
170.0 210.0 17 28.25503083700441 0cd9414a_20240812_141553.data
190.0 210.0 17 28.362991189427316 0cd9414a_20240812_141617.data
210.0 210.0 17 28.362991189427316 0cd9414a_20240812_141641.data
230.0 210.0 17 28.470581497797355 0cd9414a_20240812_141705.data
250.0 210.0 17 28.470581497797355 0cd9414a_20240812_141729.data
270.0 210.0 17 28.470581497797355 0cd9414a_20240812_141753.data
290.0 210.0 17 28.25503083700441 0cd9414a_20240812_141817.data
290.0 230.0 17 28.25503083700441 0cd9414a_20240812_141841.data
270.0 230.0 17 28.470581497797355 0cd9414a_20240812_141905.data
250.0 230.0 17 28.577770925110134 0cd9414a_20240812_141929.data
230.0 230.0 17 28.470581497797355 0cd9414a_20240812_141953.data
210.0 230.0 17 28.470581497797355 0cd9414a_20240812_142017.data
190.0 230.0 17 28.577770925110134 0cd9414a_20240812_142041.data
170.0 230.0 17 28.470581497797355 0cd9414a_20240812_142105.data
150.0 230.0 17 28.577770925110134 0cd9414a_20240812_142129.data
130.0 230.0 17 28.25503083700441 0cd9414a_20240812_142153.data
110.0 230.0 17 28.362991189427316 0cd9414a_20240812_142217.data
90.0 230.0 17 28.362991189427316 0cd9414a_20240812_142241.data
70.0 230.0 17 28.362991189427316 0cd9414a_20240812_142305.data
50.0 230.0 17 28.470581497797355 0cd9414a_20240812_142329.data
30.0 230.0 17 28.470581497797355 0cd9414a_20240812_142353.data
10.0 230.0 17 28.470581497797355 0cd9414a_20240812_142417.data
10.0 250.0 17 28.470581497797355 0cd9414a_20240812_142441.data
30.0 250.0 17 28.470581497797355 0cd9414a_20240812_142505.data
50.0 250.0 17 28.470581497797355 0cd9414a_20240812_142529.data
70.0 250.0 17 28.470581497797355 0cd9414a_20240812_142553.data
90.0 250.0 17 28.470581497797355 0cd9414a_20240812_142617.data
110.0 250.0 17 28.470581497797355 0cd9414a_20240812_142641.data
130.0 250.0 17 28.470581497797355 0cd9414a_20240812_142705.data
150.0 250.0 17 28.470581497797355 0cd9414a_20240812_142729.data
170.0 250.0 17 28.470581497797355 0cd9414a_20240812_142753.data
190.0 250.0 17 28.362991189427316 0cd9414a_20240812_142817.data
210.0 250.0 17 28.25503083700441 0cd9414a_20240812_142841.data
230.0 250.0 17 28.362991189427316 0cd9414a_20240812_142905.data
250.0 250.0 17 28.577770925110134 0cd9414a_20240812_142929.data
270.0 250.0 17 28.470581497797355 0cd9414a_20240812_142953.data
290.0 250.0 17 28.470581497797355 0cd9414a_20240812_143017.data
290.0 270.0 17 28.470581497797355 0cd9414a_20240812_143042.data
270.0 270.0 17 28.470581497797355 0cd9414a_20240812_143106.data
250.0 270.0 17 28.470581497797355 0cd9414a_20240812_143130.data
230.0 270.0 17 28.470581497797355 0cd9414a_20240812_143154.data
210.0 270.0 17 28.470581497797355 0cd9414a_20240812_143218.data
190.0 270.0 17 28.470581497797355 0cd9414a_20240812_143242.data
170.0 270.0 17 28.470581497797355 0cd9414a_20240812_143306.data
150.0 270.0 17 28.470581497797355 0cd9414a_20240812_143330.data
130.0 270.0 17 28.470581497797355 0cd9414a_20240812_143354.data
110.0 270.0 17 28.470581497797355 0cd9414a_20240812_143418.data
90.0 270.0 17 28.470581497797355 0cd9414a_20240812_143442.data
70.0 270.0 17 28.470581497797355 0cd9414a_20240812_143506.data
50.0 270.0 17 28.470581497797355 0cd9414a_20240812_143530.data
30.0 270.0 17 28.577770925110134 0cd9414a_20240812_143554.data
10.0 270.0 17 28.577770925110134 0cd9414a_20240812_143618.data
10.0 290.0 17 28.470581497797355 0cd9414a_20240812_143642.data
30.0 290.0 17 28.577770925110134 0cd9414a_20240812_143706.data
50.0 290.0 17 28.470581497797355 0cd9414a_20240812_143730.data
70.0 290.0 17 28.362991189427316 0cd9414a_20240812_143754.data
90.0 290.0 17 28.470581497797355 0cd9414a_20240812_143818.data
110.0 290.0 17 28.470581497797355 0cd9414a_20240812_143842.data
130.0 290.0 17 28.470581497797355 0cd9414a_20240812_143906.data
150.0 290.0 17 28.470581497797355 0cd9414a_20240812_143930.data
170.0 290.0 17 28.470581497797355 0cd9414a_20240812_143954.data
190.0 290.0 17 28.14663876651983 0cd9414a_20240812_144018.data
210.0 290.0 17 28.470581497797355 0cd9414a_20240812_144042.data
230.0 290.0 17 28.470581497797355 0cd9414a_20240812_144106.data
250.0 290.0 17 28.470581497797355 0cd9414a_20240812_144130.data
270.0 290.0 17 28.470581497797355 0cd9414a_20240812_144154.data
290.0 290.0 17 28.470581497797355 0cd9414a_20240812_144218.data
290.0 310.0 17 28.470581497797355 0cd9414a_20240812_144242.data
270.0 310.0 17 28.470581497797355 0cd9414a_20240812_144306.data
250.0 310.0 17 28.362991189427316 0cd9414a_20240812_144330.data
230.0 310.0 17 28.362991189427316 0cd9414a_20240812_144354.data
210.0 310.0 17 28.470581497797355 0cd9414a_20240812_144418.data
190.0 310.0 17 28.470581497797355 0cd9414a_20240812_144442.data
170.0 310.0 17 -1 0cd9414a_20240812_144506.data
150.0 310.0 17 28.470581497797355 0cd9414a_20240812_144530.data
130.0 310.0 17 28.470581497797355 0cd9414a_20240812_144554.data
110.0 310.0 17 -1 0cd9414a_20240812_144618.data
90.0 310.0 17 28.470581497797355 0cd9414a_20240812_144642.data
70.0 310.0 17 28.577770925110134 0cd9414a_20240812_144706.data
50.0 310.0 17 28.470581497797355 0cd9414a_20240812_144730.data
30.0 310.0 17 28.362991189427316 0cd9414a_20240812_144754.data
10.0 310.0 17 28.362991189427316 0cd9414a_20240812_144818.data
10.0 330.0 17 28.470581497797355 0cd9414a_20240812_144842.data
30.0 330.0 17 -1 0cd9414a_20240812_144906.data
50.0 330.0 17 28.577770925110134 0cd9414a_20240812_144930.data
70.0 330.0 17 28.470581497797355 0cd9414a_20240812_144954.data
90.0 330.0 17 28.470581497797355 0cd9414a_20240812_145018.data
110.0 330.0 17 28.25638766519824 0cd9414a_20240812_145042.data
130.0 330.0 17 28.25503083700441 0cd9414a_20240812_145106.data
150.0 330.0 17 28.25503083700441 0cd9414a_20240812_145130.data
170.0 330.0 17 28.25503083700441 0cd9414a_20240812_145154.data
190.0 330.0 17 28.25503083700441 0cd9414a_20240812_145218.data
210.0 330.0 17 28.25503083700441 0cd9414a_20240812_145242.data
230.0 330.0 17 28.25503083700441 0cd9414a_20240812_145306.data
250.0 330.0 17 28.25503083700441 0cd9414a_20240812_145330.data
270.0 330.0 17 28.25503083700441 0cd9414a_20240812_145354.data
290.0 330.0 17 28.25503083700441 0cd9414a_20240812_145418.data
10.0 350.0 17 28.25503083700441 0cd9414a_20240812_150102.data
30.0 350.0 17 28.25503083700441 0cd9414a_20240812_150126.data
50.0 350.0 17 28.25503083700441 0cd9414a_20240812_150150.data
70.0 350.0 17 28.25503083700441 0cd9414a_20240812_150214.data
90.0 350.0 17 28.25503083700441 0cd9414a_20240812_150238.data
110.0 350.0 17 28.25503083700441 0cd9414a_20240812_150302.data
130.0 350.0 17 28.25503083700441 0cd9414a_20240812_150326.data
150.0 350.0 17 28.25503083700441 0cd9414a_20240812_150350.data
170.0 350.0 17 28.25503083700441 0cd9414a_20240812_150414.data
190.0 350.0 17 28.25503083700441 0cd9414a_20240812_150438.data
210.0 350.0 17 28.25503083700441 0cd9414a_20240812_150502.data
230.0 350.0 17 28.25503083700441 0cd9414a_20240812_150526.data
250.0 350.0 17 28.25503083700441 0cd9414a_20240812_150550.data
270.0 350.0 17 28.25503083700441 0cd9414a_20240812_150614.data
290.0 350.0 17 28.25503083700441 0cd9414a_20240812_150638.data
290.0 370.0 17 28.25503083700441 0cd9414a_20240812_150702.data
270.0 370.0 17 28.25503083700441 0cd9414a_20240812_150726.data
250.0 370.0 17 28.25503083700441 0cd9414a_20240812_150750.data
230.0 370.0 17 28.25503083700441 0cd9414a_20240812_150814.data
210.0 370.0 17 28.25503083700441 0cd9414a_20240812_150838.data
190.0 370.0 17 28.25503083700441 0cd9414a_20240812_150902.data
170.0 370.0 17 28.25503083700441 0cd9414a_20240812_150926.data
150.0 370.0 17 28.25503083700441 0cd9414a_20240812_150950.data
130.0 370.0 17 28.25503083700441 0cd9414a_20240812_151014.data
110.0 370.0 17 28.25503083700441 0cd9414a_20240812_151038.data
90.0 370.0 17 28.25503083700441 0cd9414a_20240812_151102.data
70.0 370.0 17 28.25503083700441 0cd9414a_20240812_151126.data
50.0 370.0 17 28.25503083700441 0cd9414a_20240812_151150.data
30.0 370.0 17 28.25503083700441 0cd9414a_20240812_151214.data
10.0 370.0 17 28.25503083700441 0cd9414a_20240812_151238.data
10.0 390.0 17 28.25503083700441 0cd9414a_20240812_151302.data
30.0 390.0 17 28.25503083700441 0cd9414a_20240812_151326.data
50.0 390.0 17 28.25503083700441 0cd9414a_20240812_151350.data
70.0 390.0 17 28.25503083700441 0cd9414a_20240812_151414.data
90.0 390.0 17 28.25503083700441 0cd9414a_20240812_151439.data
110.0 390.0 17 28.25503083700441 0cd9414a_20240812_151503.data
130.0 390.0 17 28.25503083700441 0cd9414a_20240812_151527.data
150.0 390.0 17 28.25503083700441 0cd9414a_20240812_151551.data
170.0 390.0 17 28.25503083700441 0cd9414a_20240812_151615.data
190.0 390.0 17 28.25503083700441 0cd9414a_20240812_151639.data
210.0 390.0 17 28.25503083700441 0cd9414a_20240812_151703.data
230.0 390.0 17 28.25503083700441 0cd9414a_20240812_151727.data
250.0 390.0 17 28.25503083700441 0cd9414a_20240812_151751.data
270.0 390.0 17 28.25503083700441 0cd9414a_20240812_151815.data
290.0 390.0 17 28.25503083700441 0cd9414a_20240812_151839.data
290.0 410.0 17 28.25503083700441 0cd9414a_20240812_151903.data
270.0 410.0 17 28.25503083700441 0cd9414a_20240812_151927.data
250.0 410.0 17 28.25503083700441 0cd9414a_20240812_151951.data
230.0 410.0 17 28.25503083700441 0cd9414a_20240812_152015.data
210.0 410.0 17 28.25503083700441 0cd9414a_20240812_152039.data
190.0 410.0 17 28.25503083700441 0cd9414a_20240812_152103.data
170.0 410.0 17 28.25503083700441 0cd9414a_20240812_152127.data
150.0 410.0 17 28.25503083700441 0cd9414a_20240812_152151.data
130.0 410.0 17 28.25503083700441 0cd9414a_20240812_152215.data
110.0 410.0 17 28.25503083700441 0cd9414a_20240812_152239.data
90.0 410.0 17 28.25503083700441 0cd9414a_20240812_152303.data
70.0 410.0 17 28.25503083700441 0cd9414a_20240812_152327.data
50.0 410.0 17 28.25503083700441 0cd9414a_20240812_152351.data
30.0 410.0 17 28.25503083700441 0cd9414a_20240812_152415.data
10.0 410.0 17 28.25503083700441 0cd9414a_20240812_152439.data
10.0 430.0 17 28.25503083700441 0cd9414a_20240812_152503.data
30.0 430.0 17 28.25503083700441 0cd9414a_20240812_152527.data
50.0 430.0 17 28.25503083700441 0cd9414a_20240812_152551.data
70.0 430.0 17 28.25503083700441 0cd9414a_20240812_152615.data
90.0 430.0 17 28.25503083700441 0cd9414a_20240812_152639.data
110.0 430.0 17 28.25503083700441 0cd9414a_20240812_152703.data
130.0 430.0 17 28.25503083700441 0cd9414a_20240812_152727.data
150.0 430.0 17 28.25503083700441 0cd9414a_20240812_152751.data
170.0 430.0 17 28.25503083700441 0cd9414a_20240812_152815.data
190.0 430.0 17 28.25503083700441 0cd9414a_20240812_152839.data
210.0 430.0 17 28.25503083700441 0cd9414a_20240812_152903.data
230.0 430.0 17 28.362991189427316 0cd9414a_20240812_152927.data
250.0 430.0 17 28.25503083700441 0cd9414a_20240812_152951.data
270.0 430.0 17 28.25503083700441 0cd9414a_20240812_153015.data
290.0 430.0 17 28.25503083700441 0cd9414a_20240812_153039.data
290.0 450.0 17 28.25503083700441 0cd9414a_20240812_153103.data
270.0 450.0 17 28.25503083700441 0cd9414a_20240812_153127.data
250.0 450.0 17 28.25503083700441 0cd9414a_20240812_153151.data
230.0 450.0 17 28.25503083700441 0cd9414a_20240812_153215.data
210.0 450.0 17 28.25503083700441 0cd9414a_20240812_153239.data
190.0 450.0 17 28.25503083700441 0cd9414a_20240812_153303.data
170.0 450.0 17 28.25503083700441 0cd9414a_20240812_153327.data
150.0 450.0 17 28.25503083700441 0cd9414a_20240812_153351.data
130.0 450.0 17 28.25503083700441 0cd9414a_20240812_153415.data
110.0 450.0 17 28.25503083700441 0cd9414a_20240812_153439.data
90.0 450.0 17 28.25503083700441 0cd9414a_20240812_153503.data
70.0 450.0 17 28.25503083700441 0cd9414a_20240812_153527.data
50.0 450.0 17 28.25503083700441 0cd9414a_20240812_153551.data
30.0 450.0 17 28.25503083700441 0cd9414a_20240812_153615.data
10.0 450.0 17 28.25503083700441 0cd9414a_20240812_153639.data
10.0 470.0 17 28.25503083700441 0cd9414a_20240812_153703.data
30.0 470.0 17 28.25503083700441 0cd9414a_20240812_153727.data
50.0 470.0 17 28.25503083700441 0cd9414a_20240812_153751.data
70.0 470.0 17 28.25503083700441 0cd9414a_20240812_153815.data
90.0 470.0 17 28.25503083700441 0cd9414a_20240812_153839.data
110.0 470.0 17 28.25503083700441 0cd9414a_20240812_153903.data
130.0 470.0 17 28.25503083700441 0cd9414a_20240812_153927.data
150.0 470.0 17 28.25503083700441 0cd9414a_20240812_153951.data
170.0 470.0 17 28.25503083700441 0cd9414a_20240812_154015.data
190.0 470.0 17 28.25503083700441 0cd9414a_20240812_154039.data
210.0 470.0 17 28.362991189427316 0cd9414a_20240812_154103.data
230.0 470.0 17 28.362991189427316 0cd9414a_20240812_154127.data
250.0 470.0 17 28.25503083700441 0cd9414a_20240812_154151.data
270.0 470.0 17 28.25503083700441 0cd9414a_20240812_154215.data
290.0 470.0 17 28.25503083700441 0cd9414a_20240812_154239.data
