-1 -1 -1 28.470581497797355 0cd9414a_20240806_172100.data
10.0 10.0 17 28.470581497797355 0cd9414a_20240806_172139.data
30.0 10.0 17 28.362991189427316 0cd9414a_20240806_172203.data
50.0 10.0 17 28.470581497797355 0cd9414a_20240806_172227.data
70.0 10.0 17 28.470581497797355 0cd9414a_20240806_172251.data
90.0 10.0 17 28.362991189427316 0cd9414a_20240806_172315.data
110.0 10.0 17 28.470581497797355 0cd9414a_20240806_172339.data
130.0 10.0 17 28.470581497797355 0cd9414a_20240806_172403.data
150.0 10.0 17 28.470581497797355 0cd9414a_20240806_172427.data
170.0 10.0 17 28.470581497797355 0cd9414a_20240806_172451.data
190.0 10.0 17 28.362991189427316 0cd9414a_20240806_172515.data
210.0 10.0 17 28.470581497797355 0cd9414a_20240806_172539.data
230.0 10.0 17 28.470581497797355 0cd9414a_20240806_172603.data
250.0 10.0 17 28.362991189427316 0cd9414a_20240806_172627.data
270.0 10.0 17 28.470581497797355 0cd9414a_20240806_172651.data
290.0 10.0 17 28.470581497797355 0cd9414a_20240806_172715.data
290.0 30.0 17 28.362991189427316 0cd9414a_20240806_172740.data
270.0 30.0 17 28.362991189427316 0cd9414a_20240806_172804.data
250.0 30.0 17 28.470581497797355 0cd9414a_20240806_172828.data
230.0 30.0 17 28.362991189427316 0cd9414a_20240806_172852.data
210.0 30.0 17 28.470581497797355 0cd9414a_20240806_172916.data
190.0 30.0 17 28.470581497797355 0cd9414a_20240806_172940.data
170.0 30.0 17 28.362991189427316 0cd9414a_20240806_173004.data
150.0 30.0 17 28.362991189427316 0cd9414a_20240806_173028.data
130.0 30.0 17 28.362991189427316 0cd9414a_20240806_173052.data
110.0 30.0 17 28.470581497797355 0cd9414a_20240806_173116.data
90.0 30.0 17 28.362991189427316 0cd9414a_20240806_173140.data
70.0 30.0 17 28.470581497797355 0cd9414a_20240806_173204.data
50.0 30.0 17 28.470581497797355 0cd9414a_20240806_173228.data
30.0 30.0 17 28.470581497797355 0cd9414a_20240806_173252.data
10.0 30.0 17 28.362991189427316 0cd9414a_20240806_173316.data
10.0 50.0 17 28.362991189427316 0cd9414a_20240806_173340.data
30.0 50.0 17 28.362991189427316 0cd9414a_20240806_173404.data
50.0 50.0 17 28.362991189427316 0cd9414a_20240806_173428.data
70.0 50.0 17 28.362991189427316 0cd9414a_20240806_173452.data
90.0 50.0 17 28.362991189427316 0cd9414a_20240806_173516.data
110.0 50.0 17 28.470581497797355 0cd9414a_20240806_173540.data
130.0 50.0 17 28.470581497797355 0cd9414a_20240806_173604.data
150.0 50.0 17 28.470581497797355 0cd9414a_20240806_173628.data
170.0 50.0 17 28.470581497797355 0cd9414a_20240806_173652.data
190.0 50.0 17 28.362991189427316 0cd9414a_20240806_173716.data
210.0 50.0 17 28.362991189427316 0cd9414a_20240806_173740.data
230.0 50.0 17 28.362991189427316 0cd9414a_20240806_173804.data
250.0 50.0 17 28.362991189427316 0cd9414a_20240806_173828.data
270.0 50.0 17 28.362991189427316 0cd9414a_20240806_173852.data
290.0 50.0 17 28.470581497797355 0cd9414a_20240806_173916.data
290.0 70.0 17 28.362991189427316 0cd9414a_20240806_173940.data
270.0 70.0 17 28.362991189427316 0cd9414a_20240806_174004.data
250.0 70.0 17 28.362991189427316 0cd9414a_20240806_174028.data
230.0 70.0 17 28.362991189427316 0cd9414a_20240806_174052.data
210.0 70.0 17 28.362991189427316 0cd9414a_20240806_174116.data
190.0 70.0 17 28.362991189427316 0cd9414a_20240806_174140.data
170.0 70.0 17 28.362991189427316 0cd9414a_20240806_174204.data
150.0 70.0 17 28.470581497797355 0cd9414a_20240806_174228.data
130.0 70.0 17 28.362991189427316 0cd9414a_20240806_174252.data
110.0 70.0 17 28.362991189427316 0cd9414a_20240806_174316.data
90.0 70.0 17 28.362991189427316 0cd9414a_20240806_174340.data
70.0 70.0 17 28.362991189427316 0cd9414a_20240806_174404.data
50.0 70.0 17 28.362991189427316 0cd9414a_20240806_174428.data
30.0 70.0 17 28.362991189427316 0cd9414a_20240806_174452.data
10.0 70.0 17 28.470581497797355 0cd9414a_20240806_174516.data
10.0 90.0 17 28.362991189427316 0cd9414a_20240806_174540.data
30.0 90.0 17 28.362991189427316 0cd9414a_20240806_174604.data
50.0 90.0 17 28.362991189427316 0cd9414a_20240806_174628.data
70.0 90.0 17 28.362991189427316 0cd9414a_20240806_174652.data
90.0 90.0 17 28.362991189427316 0cd9414a_20240806_174716.data
110.0 90.0 17 28.362991189427316 0cd9414a_20240806_174740.data
130.0 90.0 17 28.362991189427316 0cd9414a_20240806_174804.data
150.0 90.0 17 28.362991189427316 0cd9414a_20240806_174828.data
170.0 90.0 17 28.362991189427316 0cd9414a_20240806_174852.data
190.0 90.0 17 28.362991189427316 0cd9414a_20240806_174916.data
210.0 90.0 17 28.362991189427316 0cd9414a_20240806_174940.data
230.0 90.0 17 28.362991189427316 0cd9414a_20240806_175004.data
250.0 90.0 17 28.362991189427316 0cd9414a_20240806_175028.data
270.0 90.0 17 28.362991189427316 0cd9414a_20240806_175052.data
290.0 90.0 17 28.362991189427316 0cd9414a_20240806_175116.data
290.0 110.0 17 28.470581497797355 0cd9414a_20240806_175140.data
270.0 110.0 17 28.362991189427316 0cd9414a_20240806_175204.data
250.0 110.0 17 28.470581497797355 0cd9414a_20240806_175228.data
230.0 110.0 17 28.470581497797355 0cd9414a_20240806_175252.data
210.0 110.0 17 28.362991189427316 0cd9414a_20240806_175316.data
190.0 110.0 17 28.362991189427316 0cd9414a_20240806_175340.data
170.0 110.0 17 28.470581497797355 0cd9414a_20240806_175404.data
150.0 110.0 17 28.470581497797355 0cd9414a_20240806_175428.data
130.0 110.0 17 28.470581497797355 0cd9414a_20240806_175452.data
110.0 110.0 17 28.362991189427316 0cd9414a_20240806_175516.data
90.0 110.0 17 28.470581497797355 0cd9414a_20240806_175540.data
70.0 110.0 17 28.470581497797355 0cd9414a_20240806_175604.data
50.0 110.0 17 28.362991189427316 0cd9414a_20240806_175628.data
30.0 110.0 17 28.362991189427316 0cd9414a_20240806_175652.data
10.0 110.0 17 28.362991189427316 0cd9414a_20240806_175716.data
10.0 130.0 17 28.362991189427316 0cd9414a_20240806_175740.data
30.0 130.0 17 28.362991189427316 0cd9414a_20240806_175804.data
50.0 130.0 17 28.362991189427316 0cd9414a_20240806_175828.data
70.0 130.0 17 28.362991189427316 0cd9414a_20240806_175852.data
90.0 130.0 17 28.362991189427316 0cd9414a_20240806_175916.data
110.0 130.0 17 28.362991189427316 0cd9414a_20240806_175940.data
130.0 130.0 17 28.577770925110134 0cd9414a_20240806_180004.data
150.0 130.0 17 28.362991189427316 0cd9414a_20240806_180028.data
170.0 130.0 17 28.362991189427316 0cd9414a_20240806_180052.data
190.0 130.0 17 28.470581497797355 0cd9414a_20240806_180116.data
210.0 130.0 17 28.362991189427316 0cd9414a_20240806_180140.data
230.0 130.0 17 28.470581497797355 0cd9414a_20240806_180204.data
250.0 130.0 17 28.362991189427316 0cd9414a_20240806_180228.data
270.0 130.0 17 28.362991189427316 0cd9414a_20240806_180252.data
290.0 130.0 17 28.362991189427316 0cd9414a_20240806_180317.data
290.0 150.0 17 28.362991189427316 0cd9414a_20240806_180341.data
270.0 150.0 17 28.362991189427316 0cd9414a_20240806_180405.data
250.0 150.0 17 28.362991189427316 0cd9414a_20240806_180429.data
230.0 150.0 17 28.362991189427316 0cd9414a_20240806_180453.data
210.0 150.0 17 28.362991189427316 0cd9414a_20240806_180517.data
190.0 150.0 17 28.362991189427316 0cd9414a_20240806_180541.data
170.0 150.0 17 28.362991189427316 0cd9414a_20240806_180605.data
150.0 150.0 17 28.362991189427316 0cd9414a_20240806_180629.data
130.0 150.0 17 28.362991189427316 0cd9414a_20240806_180653.data
110.0 150.0 17 28.362991189427316 0cd9414a_20240806_180717.data
90.0 150.0 17 28.362991189427316 0cd9414a_20240806_180741.data
70.0 150.0 17 28.470581497797355 0cd9414a_20240806_180805.data
50.0 150.0 17 28.362991189427316 0cd9414a_20240806_180829.data
30.0 150.0 17 28.362991189427316 0cd9414a_20240806_180853.data
10.0 150.0 17 28.362991189427316 0cd9414a_20240806_180917.data
10.0 170.0 17 28.362991189427316 0cd9414a_20240806_180941.data
30.0 170.0 17 28.362991189427316 0cd9414a_20240806_181005.data
50.0 170.0 17 28.362991189427316 0cd9414a_20240806_181029.data
70.0 170.0 17 28.577770925110134 0cd9414a_20240806_181053.data
90.0 170.0 17 28.362991189427316 0cd9414a_20240806_181117.data
110.0 170.0 17 28.362991189427316 0cd9414a_20240806_181141.data
130.0 170.0 17 28.362991189427316 0cd9414a_20240806_181205.data
150.0 170.0 17 28.577770925110134 0cd9414a_20240806_181229.data
170.0 170.0 17 28.362991189427316 0cd9414a_20240806_181253.data
190.0 170.0 17 28.362991189427316 0cd9414a_20240806_181317.data
210.0 170.0 17 28.362991189427316 0cd9414a_20240806_181341.data
230.0 170.0 17 28.362991189427316 0cd9414a_20240806_181405.data
250.0 170.0 17 28.362991189427316 0cd9414a_20240806_181429.data
270.0 170.0 17 28.362991189427316 0cd9414a_20240806_181453.data
290.0 170.0 17 28.362991189427316 0cd9414a_20240806_181517.data
290.0 190.0 17 28.362991189427316 0cd9414a_20240806_181541.data
270.0 190.0 17 28.362991189427316 0cd9414a_20240806_181605.data
250.0 190.0 17 28.362991189427316 0cd9414a_20240806_181629.data
230.0 190.0 17 28.362991189427316 0cd9414a_20240806_181653.data
210.0 190.0 17 28.470581497797355 0cd9414a_20240806_181717.data
190.0 190.0 17 28.362991189427316 0cd9414a_20240806_181741.data
170.0 190.0 17 28.362991189427316 0cd9414a_20240806_181805.data
150.0 190.0 17 28.362991189427316 0cd9414a_20240806_181829.data
130.0 190.0 17 28.470581497797355 0cd9414a_20240806_181853.data
110.0 190.0 17 28.362991189427316 0cd9414a_20240806_181917.data
90.0 190.0 17 28.362991189427316 0cd9414a_20240806_181941.data
70.0 190.0 17 28.470581497797355 0cd9414a_20240806_182005.data
50.0 190.0 17 28.362991189427316 0cd9414a_20240806_182029.data
30.0 190.0 17 28.362991189427316 0cd9414a_20240806_182053.data
10.0 190.0 17 28.362991189427316 0cd9414a_20240806_182117.data
10.0 210.0 17 28.362991189427316 0cd9414a_20240806_182141.data
30.0 210.0 17 28.362991189427316 0cd9414a_20240806_182205.data
50.0 210.0 17 28.470581497797355 0cd9414a_20240806_182229.data
70.0 210.0 17 28.362991189427316 0cd9414a_20240806_182253.data
90.0 210.0 17 28.362991189427316 0cd9414a_20240806_182317.data
110.0 210.0 17 28.362991189427316 0cd9414a_20240806_182341.data
130.0 210.0 17 28.362991189427316 0cd9414a_20240806_182405.data
150.0 210.0 17 28.362991189427316 0cd9414a_20240806_182429.data
170.0 210.0 17 28.362991189427316 0cd9414a_20240806_182453.data
190.0 210.0 17 28.362991189427316 0cd9414a_20240806_182517.data
210.0 210.0 17 28.362991189427316 0cd9414a_20240806_182541.data
230.0 210.0 17 28.362991189427316 0cd9414a_20240806_182605.data
250.0 210.0 17 28.362991189427316 0cd9414a_20240806_182629.data
270.0 210.0 17 28.362991189427316 0cd9414a_20240806_182653.data
290.0 210.0 17 28.362991189427316 0cd9414a_20240806_182717.data
290.0 230.0 17 28.362991189427316 0cd9414a_20240806_182741.data
270.0 230.0 17 28.362991189427316 0cd9414a_20240806_182805.data
250.0 230.0 17 28.362991189427316 0cd9414a_20240806_182829.data
230.0 230.0 17 28.470581497797355 0cd9414a_20240806_182853.data
210.0 230.0 17 28.25503083700441 0cd9414a_20240806_182917.data
190.0 230.0 17 28.362991189427316 0cd9414a_20240806_182941.data
170.0 230.0 17 28.470581497797355 0cd9414a_20240806_183005.data
150.0 230.0 17 28.362991189427316 0cd9414a_20240806_183029.data
130.0 230.0 17 28.362991189427316 0cd9414a_20240806_183053.data
110.0 230.0 17 28.362991189427316 0cd9414a_20240806_183117.data
90.0 230.0 17 28.362991189427316 0cd9414a_20240806_183141.data
70.0 230.0 17 28.470581497797355 0cd9414a_20240806_183205.data
50.0 230.0 17 28.470581497797355 0cd9414a_20240806_183229.data
30.0 230.0 17 28.362991189427316 0cd9414a_20240806_183253.data
10.0 230.0 17 28.470581497797355 0cd9414a_20240806_183317.data
10.0 250.0 17 28.362991189427316 0cd9414a_20240806_183341.data
30.0 250.0 17 28.362991189427316 0cd9414a_20240806_183405.data
50.0 250.0 17 28.362991189427316 0cd9414a_20240806_183429.data
70.0 250.0 17 28.470581497797355 0cd9414a_20240806_183453.data
90.0 250.0 17 28.362991189427316 0cd9414a_20240806_183517.data
110.0 250.0 17 28.362991189427316 0cd9414a_20240806_183541.data
130.0 250.0 17 28.470581497797355 0cd9414a_20240806_183605.data
150.0 250.0 17 28.362991189427316 0cd9414a_20240806_183629.data
170.0 250.0 17 28.362991189427316 0cd9414a_20240806_183653.data
190.0 250.0 17 28.362991189427316 0cd9414a_20240806_183717.data
210.0 250.0 17 28.470581497797355 0cd9414a_20240806_183741.data
230.0 250.0 17 28.362991189427316 0cd9414a_20240806_183806.data
250.0 250.0 17 28.362991189427316 0cd9414a_20240806_183830.data
270.0 250.0 17 28.362991189427316 0cd9414a_20240806_183854.data
290.0 250.0 17 28.362991189427316 0cd9414a_20240806_183918.data
290.0 270.0 17 28.362991189427316 0cd9414a_20240806_183942.data
270.0 270.0 17 28.470581497797355 0cd9414a_20240806_184006.data
250.0 270.0 17 28.362991189427316 0cd9414a_20240806_184030.data
230.0 270.0 17 28.470581497797355 0cd9414a_20240806_184054.data
210.0 270.0 17 28.362991189427316 0cd9414a_20240806_184118.data
190.0 270.0 17 28.470581497797355 0cd9414a_20240806_184142.data
170.0 270.0 17 28.362991189427316 0cd9414a_20240806_184206.data
150.0 270.0 17 28.362991189427316 0cd9414a_20240806_184230.data
130.0 270.0 17 28.362991189427316 0cd9414a_20240806_184254.data
110.0 270.0 17 28.362991189427316 0cd9414a_20240806_184318.data
90.0 270.0 17 28.362991189427316 0cd9414a_20240806_184342.data
70.0 270.0 17 28.362991189427316 0cd9414a_20240806_184406.data
50.0 270.0 17 28.362991189427316 0cd9414a_20240806_184430.data
30.0 270.0 17 28.362991189427316 0cd9414a_20240806_184454.data
10.0 270.0 17 28.362991189427316 0cd9414a_20240806_184518.data
10.0 290.0 17 28.362991189427316 0cd9414a_20240806_184542.data
30.0 290.0 17 28.362991189427316 0cd9414a_20240806_184606.data
50.0 290.0 17 28.362991189427316 0cd9414a_20240806_184630.data
70.0 290.0 17 28.362991189427316 0cd9414a_20240806_184654.data
90.0 290.0 17 28.362991189427316 0cd9414a_20240806_184718.data
110.0 290.0 17 28.362991189427316 0cd9414a_20240806_184742.data
130.0 290.0 17 28.362991189427316 0cd9414a_20240806_184806.data
150.0 290.0 17 28.362991189427316 0cd9414a_20240806_184830.data
170.0 290.0 17 28.362991189427316 0cd9414a_20240806_184854.data
190.0 290.0 17 28.470581497797355 0cd9414a_20240806_184918.data
210.0 290.0 17 28.362991189427316 0cd9414a_20240806_184942.data
230.0 290.0 17 28.362991189427316 0cd9414a_20240806_185006.data
250.0 290.0 17 28.25503083700441 0cd9414a_20240806_185030.data
270.0 290.0 17 28.362991189427316 0cd9414a_20240806_185054.data
290.0 290.0 17 28.362991189427316 0cd9414a_20240806_185118.data
290.0 310.0 17 28.362991189427316 0cd9414a_20240806_185142.data
270.0 310.0 17 28.470581497797355 0cd9414a_20240806_185206.data
250.0 310.0 17 28.362991189427316 0cd9414a_20240806_185230.data
230.0 310.0 17 28.362991189427316 0cd9414a_20240806_185254.data
210.0 310.0 17 28.362991189427316 0cd9414a_20240806_185318.data
190.0 310.0 17 -1 0cd9414a_20240806_185342.data
170.0 310.0 17 28.470581497797355 0cd9414a_20240806_185406.data
150.0 310.0 17 28.470581497797355 0cd9414a_20240806_185430.data
130.0 310.0 17 -1 0cd9414a_20240806_185454.data
110.0 310.0 17 28.470581497797355 0cd9414a_20240806_185518.data
90.0 310.0 17 28.362991189427316 0cd9414a_20240806_185542.data
70.0 310.0 17 28.470581497797355 0cd9414a_20240806_185606.data
50.0 310.0 17 28.470581497797355 0cd9414a_20240806_185630.data
30.0 310.0 17 28.362991189427316 0cd9414a_20240806_185654.data
10.0 310.0 17 28.470581497797355 0cd9414a_20240806_185718.data
10.0 330.0 17 -1 0cd9414a_20240806_185742.data
30.0 330.0 17 28.362991189427316 0cd9414a_20240806_185806.data
50.0 330.0 17 28.362991189427316 0cd9414a_20240806_185830.data
70.0 330.0 17 28.470581497797355 0cd9414a_20240806_185854.data
90.0 330.0 17 28.472246696035242 0cd9414a_20240806_185918.data
110.0 330.0 17 28.362991189427316 0cd9414a_20240806_185942.data
130.0 330.0 17 28.362991189427316 0cd9414a_20240806_190006.data
150.0 330.0 17 28.362991189427316 0cd9414a_20240806_190030.data
170.0 330.0 17 28.362991189427316 0cd9414a_20240806_190054.data
190.0 330.0 17 28.362991189427316 0cd9414a_20240806_190118.data
210.0 330.0 17 28.362991189427316 0cd9414a_20240806_190142.data
230.0 330.0 17 28.362991189427316 0cd9414a_20240806_190206.data
250.0 330.0 17 28.362991189427316 0cd9414a_20240806_190230.data
270.0 330.0 17 28.362991189427316 0cd9414a_20240806_190254.data
290.0 330.0 17 28.362991189427316 0cd9414a_20240806_190318.data
10.0 350.0 17 28.362991189427316 0cd9414a_20240807_080446.data
30.0 350.0 17 28.362991189427316 0cd9414a_20240807_080510.data
50.0 350.0 17 28.362991189427316 0cd9414a_20240807_080534.data
70.0 350.0 17 28.470581497797355 0cd9414a_20240807_080558.data
90.0 350.0 17 28.362991189427316 0cd9414a_20240807_080622.data
110.0 350.0 17 28.362991189427316 0cd9414a_20240807_080646.data
130.0 350.0 17 28.362991189427316 0cd9414a_20240807_080710.data
150.0 350.0 17 28.25503083700441 0cd9414a_20240807_080734.data
170.0 350.0 17 28.362991189427316 0cd9414a_20240807_080758.data
190.0 350.0 17 28.362991189427316 0cd9414a_20240807_080822.data
210.0 350.0 17 28.362991189427316 0cd9414a_20240807_080846.data
230.0 350.0 17 28.470581497797355 0cd9414a_20240807_080910.data
250.0 350.0 17 28.362991189427316 0cd9414a_20240807_080934.data
270.0 350.0 17 28.362991189427316 0cd9414a_20240807_080958.data
290.0 350.0 17 28.362991189427316 0cd9414a_20240807_081022.data
290.0 370.0 17 28.362991189427316 0cd9414a_20240807_081046.data
270.0 370.0 17 28.362991189427316 0cd9414a_20240807_081110.data
250.0 370.0 17 28.362991189427316 0cd9414a_20240807_081134.data
230.0 370.0 17 28.362991189427316 0cd9414a_20240807_081158.data
210.0 370.0 17 28.362991189427316 0cd9414a_20240807_081222.data
190.0 370.0 17 28.362991189427316 0cd9414a_20240807_081246.data
170.0 370.0 17 28.362991189427316 0cd9414a_20240807_081310.data
150.0 370.0 17 28.362991189427316 0cd9414a_20240807_081334.data
130.0 370.0 17 28.362991189427316 0cd9414a_20240807_081358.data
110.0 370.0 17 28.470581497797355 0cd9414a_20240807_081422.data
90.0 370.0 17 28.362991189427316 0cd9414a_20240807_081446.data
70.0 370.0 17 28.362991189427316 0cd9414a_20240807_081510.data
50.0 370.0 17 28.362991189427316 0cd9414a_20240807_081534.data
30.0 370.0 17 28.362991189427316 0cd9414a_20240807_081558.data
10.0 370.0 17 28.362991189427316 0cd9414a_20240807_081622.data
10.0 390.0 17 28.362991189427316 0cd9414a_20240807_081646.data
30.0 390.0 17 28.362991189427316 0cd9414a_20240807_081710.data
50.0 390.0 17 28.362991189427316 0cd9414a_20240807_081734.data
70.0 390.0 17 28.362991189427316 0cd9414a_20240807_081758.data
90.0 390.0 17 28.362991189427316 0cd9414a_20240807_081822.data
110.0 390.0 17 28.362991189427316 0cd9414a_20240807_081846.data
130.0 390.0 17 28.362991189427316 0cd9414a_20240807_081910.data
150.0 390.0 17 28.362991189427316 0cd9414a_20240807_081934.data
170.0 390.0 17 28.362991189427316 0cd9414a_20240807_081958.data
190.0 390.0 17 28.362991189427316 0cd9414a_20240807_082022.data
210.0 390.0 17 28.362991189427316 0cd9414a_20240807_082046.data
230.0 390.0 17 28.470581497797355 0cd9414a_20240807_082110.data
250.0 390.0 17 28.362991189427316 0cd9414a_20240807_082134.data
270.0 390.0 17 28.362991189427316 0cd9414a_20240807_082158.data
290.0 390.0 17 28.362991189427316 0cd9414a_20240807_082222.data
290.0 410.0 17 28.362991189427316 0cd9414a_20240807_082246.data
270.0 410.0 17 28.362991189427316 0cd9414a_20240807_082310.data
250.0 410.0 17 28.362991189427316 0cd9414a_20240807_082334.data
230.0 410.0 17 28.362991189427316 0cd9414a_20240807_082358.data
210.0 410.0 17 28.362991189427316 0cd9414a_20240807_082422.data
190.0 410.0 17 28.362991189427316 0cd9414a_20240807_082446.data
170.0 410.0 17 28.362991189427316 0cd9414a_20240807_082510.data
150.0 410.0 17 28.362991189427316 0cd9414a_20240807_082534.data
130.0 410.0 17 28.25503083700441 0cd9414a_20240807_082558.data
110.0 410.0 17 28.362991189427316 0cd9414a_20240807_082622.data
90.0 410.0 17 28.470581497797355 0cd9414a_20240807_082646.data
70.0 410.0 17 28.362991189427316 0cd9414a_20240807_082710.data
50.0 410.0 17 28.362991189427316 0cd9414a_20240807_082734.data
30.0 410.0 17 28.362991189427316 0cd9414a_20240807_082758.data
10.0 410.0 17 28.362991189427316 0cd9414a_20240807_082822.data
10.0 430.0 17 28.362991189427316 0cd9414a_20240807_082846.data
30.0 430.0 17 28.362991189427316 0cd9414a_20240807_082910.data
50.0 430.0 17 28.362991189427316 0cd9414a_20240807_082934.data
70.0 430.0 17 28.362991189427316 0cd9414a_20240807_082958.data
90.0 430.0 17 28.362991189427316 0cd9414a_20240807_083022.data
110.0 430.0 17 28.362991189427316 0cd9414a_20240807_083046.data
130.0 430.0 17 28.362991189427316 0cd9414a_20240807_083110.data
150.0 430.0 17 28.362991189427316 0cd9414a_20240807_083135.data
170.0 430.0 17 28.362991189427316 0cd9414a_20240807_083159.data
190.0 430.0 17 28.362991189427316 0cd9414a_20240807_083223.data
210.0 430.0 17 28.362991189427316 0cd9414a_20240807_083247.data
230.0 430.0 17 28.362991189427316 0cd9414a_20240807_083311.data
250.0 430.0 17 28.362991189427316 0cd9414a_20240807_083335.data
270.0 430.0 17 28.362991189427316 0cd9414a_20240807_083359.data
290.0 430.0 17 28.362991189427316 0cd9414a_20240807_083423.data
290.0 450.0 17 28.362991189427316 0cd9414a_20240807_083447.data
270.0 450.0 17 28.362991189427316 0cd9414a_20240807_083511.data
250.0 450.0 17 28.362991189427316 0cd9414a_20240807_083535.data
230.0 450.0 17 28.362991189427316 0cd9414a_20240807_083559.data
210.0 450.0 17 28.470581497797355 0cd9414a_20240807_083623.data
190.0 450.0 17 28.25503083700441 0cd9414a_20240807_083647.data
170.0 450.0 17 28.25503083700441 0cd9414a_20240807_083711.data
150.0 450.0 17 28.362991189427316 0cd9414a_20240807_083735.data
130.0 450.0 17 28.362991189427316 0cd9414a_20240807_083759.data
110.0 450.0 17 28.362991189427316 0cd9414a_20240807_083823.data
90.0 450.0 17 28.362991189427316 0cd9414a_20240807_083847.data
70.0 450.0 17 28.470581497797355 0cd9414a_20240807_083911.data
50.0 450.0 17 28.362991189427316 0cd9414a_20240807_083935.data
30.0 450.0 17 28.470581497797355 0cd9414a_20240807_083959.data
10.0 450.0 17 28.362991189427316 0cd9414a_20240807_084023.data
10.0 470.0 17 28.362991189427316 0cd9414a_20240807_084047.data
30.0 470.0 17 28.362991189427316 0cd9414a_20240807_084111.data
50.0 470.0 17 28.470581497797355 0cd9414a_20240807_084135.data
70.0 470.0 17 28.362991189427316 0cd9414a_20240807_084159.data
90.0 470.0 17 28.362991189427316 0cd9414a_20240807_084223.data
110.0 470.0 17 28.362991189427316 0cd9414a_20240807_084247.data
130.0 470.0 17 28.362991189427316 0cd9414a_20240807_084311.data
150.0 470.0 17 28.362991189427316 0cd9414a_20240807_084335.data
170.0 470.0 17 28.362991189427316 0cd9414a_20240807_084359.data
190.0 470.0 17 28.362991189427316 0cd9414a_20240807_084423.data
210.0 470.0 17 28.362991189427316 0cd9414a_20240807_084447.data
230.0 470.0 17 28.362991189427316 0cd9414a_20240807_084511.data
250.0 470.0 17 28.362991189427316 0cd9414a_20240807_084535.data
270.0 470.0 17 28.362991189427316 0cd9414a_20240807_084559.data
290.0 470.0 17 28.362991189427316 0cd9414a_20240807_084623.data
