-1 -1 -1 25.89125110132159 0cd9414a_20240823_144603.data
10.0 10.0 17 25.89125110132159 0cd9414a_20240823_144643.data
30.0 10.0 17 25.89125110132159 0cd9414a_20240823_144707.data
50.0 10.0 17 25.89125110132159 0cd9414a_20240823_144731.data
70.0 10.0 17 25.89125110132159 0cd9414a_20240823_144755.data
90.0 10.0 17 25.89125110132159 0cd9414a_20240823_144819.data
110.0 10.0 17 25.89125110132159 0cd9414a_20240823_144843.data
130.0 10.0 17 25.89125110132159 0cd9414a_20240823_144907.data
150.0 10.0 17 25.89125110132159 0cd9414a_20240823_144931.data
170.0 10.0 17 25.89125110132159 0cd9414a_20240823_144955.data
190.0 10.0 17 25.89125110132159 0cd9414a_20240823_145019.data
210.0 10.0 17 25.89125110132159 0cd9414a_20240823_145043.data
230.0 10.0 17 25.89125110132159 0cd9414a_20240823_145107.data
250.0 10.0 17 25.89125110132159 0cd9414a_20240823_145131.data
270.0 10.0 17 25.89125110132159 0cd9414a_20240823_145155.data
290.0 10.0 17 25.89125110132159 0cd9414a_20240823_145219.data
290.0 30.0 17 25.89125110132159 0cd9414a_20240823_145243.data
270.0 30.0 17 25.89125110132159 0cd9414a_20240823_145307.data
250.0 30.0 17 25.89125110132159 0cd9414a_20240823_145331.data
230.0 30.0 17 25.89125110132159 0cd9414a_20240823_145355.data
210.0 30.0 17 25.89125110132159 0cd9414a_20240823_145419.data
190.0 30.0 17 25.89125110132159 0cd9414a_20240823_145443.data
170.0 30.0 17 25.89125110132159 0cd9414a_20240823_145507.data
150.0 30.0 17 25.89125110132159 0cd9414a_20240823_145531.data
130.0 30.0 17 25.89125110132159 0cd9414a_20240823_145555.data
110.0 30.0 17 25.89125110132159 0cd9414a_20240823_145619.data
90.0 30.0 17 26.124563876651983 0cd9414a_20240823_145643.data
70.0 30.0 17 26.008123348017623 0cd9414a_20240823_145707.data
50.0 30.0 17 25.89125110132159 0cd9414a_20240823_145731.data
30.0 30.0 17 25.89125110132159 0cd9414a_20240823_145755.data
10.0 30.0 17 25.89125110132159 0cd9414a_20240823_145819.data
10.0 50.0 17 25.89125110132159 0cd9414a_20240823_145843.data
30.0 50.0 17 26.008123348017623 0cd9414a_20240823_145907.data
50.0 50.0 17 25.89125110132159 0cd9414a_20240823_145931.data
70.0 50.0 17 25.89125110132159 0cd9414a_20240823_145955.data
90.0 50.0 17 25.89125110132159 0cd9414a_20240823_150019.data
110.0 50.0 17 25.89125110132159 0cd9414a_20240823_150043.data
130.0 50.0 17 25.89125110132159 0cd9414a_20240823_150107.data
150.0 50.0 17 25.89125110132159 0cd9414a_20240823_150131.data
170.0 50.0 17 25.89125110132159 0cd9414a_20240823_150155.data
190.0 50.0 17 25.89125110132159 0cd9414a_20240823_150219.data
210.0 50.0 17 25.89125110132159 0cd9414a_20240823_150243.data
230.0 50.0 17 26.124563876651983 0cd9414a_20240823_150307.data
250.0 50.0 17 25.773885462555068 0cd9414a_20240823_150331.data
270.0 50.0 17 25.89125110132159 0cd9414a_20240823_150355.data
290.0 50.0 17 25.89125110132159 0cd9414a_20240823_150419.data
290.0 70.0 17 26.124563876651983 0cd9414a_20240823_150443.data
270.0 70.0 17 25.89125110132159 0cd9414a_20240823_150507.data
250.0 70.0 17 26.124563876651983 0cd9414a_20240823_150531.data
230.0 70.0 17 26.240572687224667 0cd9414a_20240823_150555.data
210.0 70.0 17 26.124563876651983 0cd9414a_20240823_150619.data
190.0 70.0 17 26.124563876651983 0cd9414a_20240823_150643.data
170.0 70.0 17 26.240572687224667 0cd9414a_20240823_150707.data
150.0 70.0 17 26.008123348017623 0cd9414a_20240823_150731.data
130.0 70.0 17 25.773885462555068 0cd9414a_20240823_150755.data
110.0 70.0 17 26.240572687224667 0cd9414a_20240823_150819.data
90.0 70.0 17 26.124563876651983 0cd9414a_20240823_150844.data
70.0 70.0 17 25.89125110132159 0cd9414a_20240823_150908.data
50.0 70.0 17 26.240572687224667 0cd9414a_20240823_150932.data
30.0 70.0 17 26.008123348017623 0cd9414a_20240823_150956.data
10.0 70.0 17 26.124563876651983 0cd9414a_20240823_151020.data
10.0 90.0 17 26.008123348017623 0cd9414a_20240823_151044.data
30.0 90.0 17 26.124563876651983 0cd9414a_20240823_151108.data
50.0 90.0 17 26.124563876651983 0cd9414a_20240823_151132.data
70.0 90.0 17 25.89125110132159 0cd9414a_20240823_151156.data
90.0 90.0 17 26.124563876651983 0cd9414a_20240823_151220.data
110.0 90.0 17 25.89125110132159 0cd9414a_20240823_151244.data
130.0 90.0 17 26.124563876651983 0cd9414a_20240823_151308.data
150.0 90.0 17 26.008123348017623 0cd9414a_20240823_151332.data
170.0 90.0 17 26.124563876651983 0cd9414a_20240823_151356.data
190.0 90.0 17 26.124563876651983 0cd9414a_20240823_151420.data
210.0 90.0 17 26.008123348017623 0cd9414a_20240823_151444.data
230.0 90.0 17 26.008123348017623 0cd9414a_20240823_151508.data
250.0 90.0 17 26.124563876651983 0cd9414a_20240823_151532.data
270.0 90.0 17 26.124563876651983 0cd9414a_20240823_151556.data
290.0 90.0 17 26.124563876651983 0cd9414a_20240823_151620.data
290.0 110.0 17 25.89125110132159 0cd9414a_20240823_151644.data
270.0 110.0 17 26.240572687224667 0cd9414a_20240823_151708.data
250.0 110.0 17 26.124563876651983 0cd9414a_20240823_151732.data
230.0 110.0 17 26.008123348017623 0cd9414a_20240823_151756.data
210.0 110.0 17 26.008123348017623 0cd9414a_20240823_151820.data
190.0 110.0 17 26.008123348017623 0cd9414a_20240823_151844.data
170.0 110.0 17 26.124563876651983 0cd9414a_20240823_151908.data
150.0 110.0 17 26.124563876651983 0cd9414a_20240823_151932.data
130.0 110.0 17 26.008123348017623 0cd9414a_20240823_151956.data
110.0 110.0 17 26.240572687224667 0cd9414a_20240823_152020.data
90.0 110.0 17 25.89125110132159 0cd9414a_20240823_152044.data
70.0 110.0 17 26.240572687224667 0cd9414a_20240823_152108.data
50.0 110.0 17 25.89125110132159 0cd9414a_20240823_152132.data
30.0 110.0 17 26.124563876651983 0cd9414a_20240823_152156.data
10.0 110.0 17 25.89125110132159 0cd9414a_20240823_152220.data
10.0 130.0 17 26.240572687224667 0cd9414a_20240823_152244.data
30.0 130.0 17 26.240572687224667 0cd9414a_20240823_152308.data
50.0 130.0 17 26.124563876651983 0cd9414a_20240823_152332.data
70.0 130.0 17 26.240572687224667 0cd9414a_20240823_152356.data
90.0 130.0 17 25.89125110132159 0cd9414a_20240823_152420.data
110.0 130.0 17 26.240572687224667 0cd9414a_20240823_152444.data
130.0 130.0 17 26.124563876651983 0cd9414a_20240823_152508.data
150.0 130.0 17 25.89125110132159 0cd9414a_20240823_152532.data
170.0 130.0 17 26.124563876651983 0cd9414a_20240823_152556.data
190.0 130.0 17 26.008123348017623 0cd9414a_20240823_152620.data
210.0 130.0 17 26.124563876651983 0cd9414a_20240823_152644.data
230.0 130.0 17 26.124563876651983 0cd9414a_20240823_152708.data
250.0 130.0 17 26.124563876651983 0cd9414a_20240823_152732.data
270.0 130.0 17 26.124563876651983 0cd9414a_20240823_152756.data
290.0 130.0 17 25.89125110132159 0cd9414a_20240823_152820.data
290.0 150.0 17 26.124563876651983 0cd9414a_20240823_152844.data
270.0 150.0 17 26.124563876651983 0cd9414a_20240823_152908.data
250.0 150.0 17 25.89125110132159 0cd9414a_20240823_152932.data
230.0 150.0 17 26.240572687224667 0cd9414a_20240823_152956.data
210.0 150.0 17 25.89125110132159 0cd9414a_20240823_153020.data
190.0 150.0 17 26.240572687224667 0cd9414a_20240823_153044.data
170.0 150.0 17 26.124563876651983 0cd9414a_20240823_153108.data
150.0 150.0 17 26.240572687224667 0cd9414a_20240823_153132.data
130.0 150.0 17 26.008123348017623 0cd9414a_20240823_153156.data
110.0 150.0 17 26.124563876651983 0cd9414a_20240823_153220.data
90.0 150.0 17 26.008123348017623 0cd9414a_20240823_153244.data
70.0 150.0 17 25.89125110132159 0cd9414a_20240823_153308.data
50.0 150.0 17 26.124563876651983 0cd9414a_20240823_153332.data
30.0 150.0 17 26.008123348017623 0cd9414a_20240823_153356.data
10.0 150.0 17 26.124563876651983 0cd9414a_20240823_153420.data
10.0 170.0 17 26.124563876651983 0cd9414a_20240823_153444.data
30.0 170.0 17 25.89125110132159 0cd9414a_20240823_153508.data
50.0 170.0 17 26.124563876651983 0cd9414a_20240823_153532.data
70.0 170.0 17 26.124563876651983 0cd9414a_20240823_153556.data
90.0 170.0 17 25.89125110132159 0cd9414a_20240823_153620.data
110.0 170.0 17 26.124563876651983 0cd9414a_20240823_153644.data
130.0 170.0 17 26.124563876651983 0cd9414a_20240823_153708.data
150.0 170.0 17 26.008123348017623 0cd9414a_20240823_153732.data
170.0 170.0 17 26.008123348017623 0cd9414a_20240823_153756.data
190.0 170.0 17 26.124563876651983 0cd9414a_20240823_153820.data
210.0 170.0 17 26.008123348017623 0cd9414a_20240823_153844.data
230.0 170.0 17 25.773885462555068 0cd9414a_20240823_153908.data
250.0 170.0 17 26.008123348017623 0cd9414a_20240823_153932.data
270.0 170.0 17 26.124563876651983 0cd9414a_20240823_153956.data
290.0 170.0 17 26.124563876651983 0cd9414a_20240823_154020.data
290.0 190.0 17 26.124563876651983 0cd9414a_20240823_154044.data
270.0 190.0 17 26.124563876651983 0cd9414a_20240823_154108.data
250.0 190.0 17 25.773885462555068 0cd9414a_20240823_154132.data
230.0 190.0 17 26.124563876651983 0cd9414a_20240823_154156.data
210.0 190.0 17 26.124563876651983 0cd9414a_20240823_154220.data
190.0 190.0 17 26.124563876651983 0cd9414a_20240823_154245.data
170.0 190.0 17 25.89125110132159 0cd9414a_20240823_154309.data
150.0 190.0 17 26.124563876651983 0cd9414a_20240823_154333.data
130.0 190.0 17 26.124563876651983 0cd9414a_20240823_154357.data
110.0 190.0 17 25.773885462555068 0cd9414a_20240823_154421.data
90.0 190.0 17 26.008123348017623 0cd9414a_20240823_154445.data
70.0 190.0 17 26.124563876651983 0cd9414a_20240823_154509.data
50.0 190.0 17 26.124563876651983 0cd9414a_20240823_154533.data
30.0 190.0 17 25.89125110132159 0cd9414a_20240823_154557.data
10.0 190.0 17 26.124563876651983 0cd9414a_20240823_154621.data
10.0 210.0 17 26.124563876651983 0cd9414a_20240823_154645.data
30.0 210.0 17 26.124563876651983 0cd9414a_20240823_154709.data
50.0 210.0 17 26.124563876651983 0cd9414a_20240823_154733.data
70.0 210.0 17 25.89125110132159 0cd9414a_20240823_154757.data
90.0 210.0 17 25.89125110132159 0cd9414a_20240823_154821.data
110.0 210.0 17 26.124563876651983 0cd9414a_20240823_154845.data
130.0 210.0 17 26.124563876651983 0cd9414a_20240823_154909.data
150.0 210.0 17 26.008123348017623 0cd9414a_20240823_154933.data
170.0 210.0 17 25.89125110132159 0cd9414a_20240823_154957.data
190.0 210.0 17 25.89125110132159 0cd9414a_20240823_155021.data
210.0 210.0 17 26.124563876651983 0cd9414a_20240823_155045.data
230.0 210.0 17 26.008123348017623 0cd9414a_20240823_155109.data
250.0 210.0 17 26.124563876651983 0cd9414a_20240823_155133.data
270.0 210.0 17 26.008123348017623 0cd9414a_20240823_155157.data
290.0 210.0 17 26.008123348017623 0cd9414a_20240823_155221.data
290.0 230.0 17 25.773885462555068 0cd9414a_20240823_155245.data
270.0 230.0 17 25.89125110132159 0cd9414a_20240823_155309.data
250.0 230.0 17 25.773885462555068 0cd9414a_20240823_155333.data
230.0 230.0 17 26.008123348017623 0cd9414a_20240823_155357.data
210.0 230.0 17 25.773885462555068 0cd9414a_20240823_155421.data
190.0 230.0 17 25.89125110132159 0cd9414a_20240823_155445.data
170.0 230.0 17 26.008123348017623 0cd9414a_20240823_155509.data
150.0 230.0 17 26.008123348017623 0cd9414a_20240823_155533.data
130.0 230.0 17 26.008123348017623 0cd9414a_20240823_155557.data
110.0 230.0 17 26.124563876651983 0cd9414a_20240823_155621.data
90.0 230.0 17 25.89125110132159 0cd9414a_20240823_155645.data
70.0 230.0 17 26.124563876651983 0cd9414a_20240823_155709.data
50.0 230.0 17 26.124563876651983 0cd9414a_20240823_155733.data
30.0 230.0 17 26.124563876651983 0cd9414a_20240823_155757.data
10.0 230.0 17 26.124563876651983 0cd9414a_20240823_155821.data
10.0 250.0 17 25.89125110132159 0cd9414a_20240823_155845.data
30.0 250.0 17 26.124563876651983 0cd9414a_20240823_155909.data
50.0 250.0 17 26.124563876651983 0cd9414a_20240823_155933.data
70.0 250.0 17 26.124563876651983 0cd9414a_20240823_155957.data
90.0 250.0 17 26.008123348017623 0cd9414a_20240823_160021.data
110.0 250.0 17 26.124563876651983 0cd9414a_20240823_160045.data
130.0 250.0 17 26.008123348017623 0cd9414a_20240823_160109.data
150.0 250.0 17 25.89125110132159 0cd9414a_20240823_160133.data
170.0 250.0 17 26.124563876651983 0cd9414a_20240823_160157.data
190.0 250.0 17 26.124563876651983 0cd9414a_20240823_160221.data
210.0 250.0 17 26.124563876651983 0cd9414a_20240823_160245.data
230.0 250.0 17 26.008123348017623 0cd9414a_20240823_160309.data
250.0 250.0 17 26.124563876651983 0cd9414a_20240823_160333.data
270.0 250.0 17 26.124563876651983 0cd9414a_20240823_160357.data
290.0 250.0 17 26.124563876651983 0cd9414a_20240823_160421.data
290.0 270.0 17 25.656118942731283 0cd9414a_20240823_160445.data
270.0 270.0 17 26.124563876651983 0cd9414a_20240823_160509.data
250.0 270.0 17 26.008123348017623 0cd9414a_20240823_160533.data
230.0 270.0 17 26.124563876651983 0cd9414a_20240823_160557.data
210.0 270.0 17 25.773885462555068 0cd9414a_20240823_160621.data
190.0 270.0 17 26.124563876651983 0cd9414a_20240823_160645.data
170.0 270.0 17 26.124563876651983 0cd9414a_20240823_160709.data
150.0 270.0 17 25.773885462555068 0cd9414a_20240823_160733.data
130.0 270.0 17 26.008123348017623 0cd9414a_20240823_160757.data
110.0 270.0 17 25.89125110132159 0cd9414a_20240823_160821.data
90.0 270.0 17 25.89125110132159 0cd9414a_20240823_160845.data
70.0 270.0 17 26.008123348017623 0cd9414a_20240823_160909.data
50.0 270.0 17 25.773885462555068 0cd9414a_20240823_160933.data
30.0 270.0 17 25.773885462555068 0cd9414a_20240823_160957.data
10.0 270.0 17 25.773885462555068 0cd9414a_20240823_161021.data
10.0 290.0 17 25.773885462555068 0cd9414a_20240823_161045.data
30.0 290.0 17 25.773885462555068 0cd9414a_20240823_161109.data
50.0 290.0 17 25.773885462555068 0cd9414a_20240823_161133.data
70.0 290.0 17 25.773885462555068 0cd9414a_20240823_161157.data
90.0 290.0 17 25.773885462555068 0cd9414a_20240823_161221.data
110.0 290.0 17 25.773885462555068 0cd9414a_20240823_161245.data
130.0 290.0 17 25.89125110132159 0cd9414a_20240823_161309.data
150.0 290.0 17 25.773885462555068 0cd9414a_20240823_161333.data
170.0 290.0 17 25.773885462555068 0cd9414a_20240823_161357.data
190.0 290.0 17 25.773885462555068 0cd9414a_20240823_161421.data
210.0 290.0 17 25.773885462555068 0cd9414a_20240823_161445.data
230.0 290.0 17 25.773885462555068 0cd9414a_20240823_161509.data
250.0 290.0 17 25.773885462555068 0cd9414a_20240823_161533.data
270.0 290.0 17 25.773885462555068 0cd9414a_20240823_161558.data
290.0 290.0 17 25.773885462555068 0cd9414a_20240823_161622.data
290.0 310.0 17 25.773885462555068 0cd9414a_20240823_161646.data
270.0 310.0 17 25.773885462555068 0cd9414a_20240823_161710.data
250.0 310.0 17 25.773885462555068 0cd9414a_20240823_161734.data
230.0 310.0 17 25.89125110132159 0cd9414a_20240823_161758.data
210.0 310.0 17 25.773885462555068 0cd9414a_20240823_161822.data
190.0 310.0 17 25.773885462555068 0cd9414a_20240823_161846.data
170.0 310.0 17 -1 0cd9414a_20240823_161910.data
150.0 310.0 17 25.773885462555068 0cd9414a_20240823_161934.data
130.0 310.0 17 26.008123348017623 0cd9414a_20240823_161958.data
110.0 310.0 17 -1 0cd9414a_20240823_162022.data
90.0 310.0 17 25.773885462555068 0cd9414a_20240823_162046.data
70.0 310.0 17 25.89125110132159 0cd9414a_20240823_162110.data
50.0 310.0 17 25.773885462555068 0cd9414a_20240823_162134.data
30.0 310.0 17 25.773885462555068 0cd9414a_20240823_162158.data
10.0 310.0 17 25.773885462555068 0cd9414a_20240823_162222.data
10.0 330.0 17 25.773885462555068 0cd9414a_20240823_162246.data
30.0 330.0 17 -1 0cd9414a_20240823_162310.data
50.0 330.0 17 25.773885462555068 0cd9414a_20240823_162334.data
70.0 330.0 17 25.773885462555068 0cd9414a_20240823_162358.data
90.0 330.0 17 25.773885462555068 0cd9414a_20240823_162422.data
110.0 330.0 17 25.77400881057269 0cd9414a_20240823_162446.data
130.0 330.0 17 25.773885462555068 0cd9414a_20240823_162510.data
150.0 330.0 17 25.773885462555068 0cd9414a_20240823_162534.data
170.0 330.0 17 25.89125110132159 0cd9414a_20240823_162558.data
190.0 330.0 17 25.773885462555068 0cd9414a_20240823_162622.data
210.0 330.0 17 25.773885462555068 0cd9414a_20240823_162646.data
230.0 330.0 17 25.89125110132159 0cd9414a_20240823_162710.data
250.0 330.0 17 25.773885462555068 0cd9414a_20240823_162734.data
270.0 330.0 17 25.773885462555068 0cd9414a_20240823_162758.data
290.0 330.0 17 25.773885462555068 0cd9414a_20240823_162822.data
10.0 350.0 17 25.773885462555068 0cd9414a_20240823_163002.data
30.0 350.0 17 25.773885462555068 0cd9414a_20240823_163026.data
50.0 350.0 17 25.773885462555068 0cd9414a_20240823_163050.data
70.0 350.0 17 25.773885462555068 0cd9414a_20240823_163114.data
90.0 350.0 17 25.773885462555068 0cd9414a_20240823_163138.data
110.0 350.0 17 25.773885462555068 0cd9414a_20240823_163202.data
130.0 350.0 17 25.773885462555068 0cd9414a_20240823_163226.data
150.0 350.0 17 25.89125110132159 0cd9414a_20240823_163250.data
170.0 350.0 17 25.89125110132159 0cd9414a_20240823_163314.data
190.0 350.0 17 25.89125110132159 0cd9414a_20240823_163338.data
210.0 350.0 17 25.773885462555068 0cd9414a_20240823_163402.data
230.0 350.0 17 25.773885462555068 0cd9414a_20240823_163426.data
250.0 350.0 17 25.773885462555068 0cd9414a_20240823_163450.data
270.0 350.0 17 25.773885462555068 0cd9414a_20240823_163514.data
290.0 350.0 17 25.773885462555068 0cd9414a_20240823_163538.data
290.0 370.0 17 25.773885462555068 0cd9414a_20240823_163602.data
270.0 370.0 17 25.89125110132159 0cd9414a_20240823_163626.data
250.0 370.0 17 25.773885462555068 0cd9414a_20240823_163650.data
230.0 370.0 17 25.773885462555068 0cd9414a_20240823_163714.data
210.0 370.0 17 25.773885462555068 0cd9414a_20240823_163738.data
190.0 370.0 17 25.773885462555068 0cd9414a_20240823_163802.data
170.0 370.0 17 25.773885462555068 0cd9414a_20240823_163826.data
150.0 370.0 17 26.008123348017623 0cd9414a_20240823_163850.data
130.0 370.0 17 25.773885462555068 0cd9414a_20240823_163914.data
110.0 370.0 17 25.656118942731283 0cd9414a_20240823_163938.data
90.0 370.0 17 25.773885462555068 0cd9414a_20240823_164002.data
70.0 370.0 17 25.89125110132159 0cd9414a_20240823_164026.data
50.0 370.0 17 25.773885462555068 0cd9414a_20240823_164051.data
30.0 370.0 17 25.89125110132159 0cd9414a_20240823_164115.data
10.0 370.0 17 25.773885462555068 0cd9414a_20240823_164139.data
10.0 390.0 17 25.773885462555068 0cd9414a_20240823_164203.data
30.0 390.0 17 25.89125110132159 0cd9414a_20240823_164227.data
50.0 390.0 17 25.773885462555068 0cd9414a_20240823_164251.data
70.0 390.0 17 25.773885462555068 0cd9414a_20240823_164315.data
90.0 390.0 17 25.773885462555068 0cd9414a_20240823_164339.data
110.0 390.0 17 25.773885462555068 0cd9414a_20240823_164403.data
130.0 390.0 17 25.773885462555068 0cd9414a_20240823_164427.data
150.0 390.0 17 25.773885462555068 0cd9414a_20240823_164451.data
170.0 390.0 17 25.773885462555068 0cd9414a_20240823_164515.data
190.0 390.0 17 25.773885462555068 0cd9414a_20240823_164539.data
210.0 390.0 17 25.773885462555068 0cd9414a_20240823_164603.data
230.0 390.0 17 25.773885462555068 0cd9414a_20240823_164627.data
250.0 390.0 17 25.773885462555068 0cd9414a_20240823_164651.data
270.0 390.0 17 25.773885462555068 0cd9414a_20240823_164715.data
290.0 390.0 17 25.89125110132159 0cd9414a_20240823_164739.data
290.0 410.0 17 25.773885462555068 0cd9414a_20240823_164803.data
270.0 410.0 17 25.773885462555068 0cd9414a_20240823_164827.data
250.0 410.0 17 25.773885462555068 0cd9414a_20240823_164851.data
230.0 410.0 17 25.773885462555068 0cd9414a_20240823_164915.data
210.0 410.0 17 25.773885462555068 0cd9414a_20240823_164939.data
190.0 410.0 17 25.773885462555068 0cd9414a_20240823_165003.data
170.0 410.0 17 25.773885462555068 0cd9414a_20240823_165027.data
150.0 410.0 17 25.773885462555068 0cd9414a_20240823_165051.data
130.0 410.0 17 25.773885462555068 0cd9414a_20240823_165115.data
110.0 410.0 17 25.773885462555068 0cd9414a_20240823_165139.data
90.0 410.0 17 25.89125110132159 0cd9414a_20240823_165203.data
70.0 410.0 17 25.773885462555068 0cd9414a_20240823_165227.data
50.0 410.0 17 25.89125110132159 0cd9414a_20240823_165251.data
30.0 410.0 17 25.773885462555068 0cd9414a_20240823_165315.data
10.0 410.0 17 25.773885462555068 0cd9414a_20240823_165339.data
10.0 430.0 17 26.008123348017623 0cd9414a_20240823_165403.data
30.0 430.0 17 25.89125110132159 0cd9414a_20240823_165427.data
50.0 430.0 17 25.89125110132159 0cd9414a_20240823_165451.data
70.0 430.0 17 25.773885462555068 0cd9414a_20240823_165515.data
90.0 430.0 17 25.656118942731283 0cd9414a_20240823_165539.data
110.0 430.0 17 25.773885462555068 0cd9414a_20240823_165603.data
130.0 430.0 17 26.008123348017623 0cd9414a_20240823_165627.data
150.0 430.0 17 25.89125110132159 0cd9414a_20240823_165651.data
170.0 430.0 17 25.773885462555068 0cd9414a_20240823_165715.data
190.0 430.0 17 25.89125110132159 0cd9414a_20240823_165739.data
210.0 430.0 17 25.773885462555068 0cd9414a_20240823_165803.data
230.0 430.0 17 25.773885462555068 0cd9414a_20240823_165827.data
250.0 430.0 17 25.89125110132159 0cd9414a_20240823_165851.data
270.0 430.0 17 25.89125110132159 0cd9414a_20240823_165915.data
290.0 430.0 17 25.773885462555068 0cd9414a_20240823_165939.data
290.0 450.0 17 25.773885462555068 0cd9414a_20240823_170003.data
270.0 450.0 17 25.773885462555068 0cd9414a_20240823_170027.data
250.0 450.0 17 26.008123348017623 0cd9414a_20240823_170051.data
230.0 450.0 17 25.773885462555068 0cd9414a_20240823_170115.data
210.0 450.0 17 25.773885462555068 0cd9414a_20240823_170139.data
190.0 450.0 17 25.773885462555068 0cd9414a_20240823_170203.data
170.0 450.0 17 25.773885462555068 0cd9414a_20240823_170227.data
150.0 450.0 17 25.773885462555068 0cd9414a_20240823_170251.data
130.0 450.0 17 25.89125110132159 0cd9414a_20240823_170315.data
110.0 450.0 17 25.89125110132159 0cd9414a_20240823_170339.data
90.0 450.0 17 25.773885462555068 0cd9414a_20240823_170403.data
70.0 450.0 17 25.773885462555068 0cd9414a_20240823_170427.data
50.0 450.0 17 25.89125110132159 0cd9414a_20240823_170451.data
30.0 450.0 17 25.89125110132159 0cd9414a_20240823_170515.data
10.0 450.0 17 25.773885462555068 0cd9414a_20240823_170539.data
10.0 470.0 17 25.773885462555068 0cd9414a_20240823_170603.data
30.0 470.0 17 25.89125110132159 0cd9414a_20240823_170627.data
50.0 470.0 17 25.773885462555068 0cd9414a_20240823_170651.data
70.0 470.0 17 25.773885462555068 0cd9414a_20240823_170715.data
90.0 470.0 17 25.773885462555068 0cd9414a_20240823_170739.data
110.0 470.0 17 25.773885462555068 0cd9414a_20240823_170803.data
130.0 470.0 17 25.773885462555068 0cd9414a_20240823_170827.data
150.0 470.0 17 25.773885462555068 0cd9414a_20240823_170851.data
170.0 470.0 17 25.89125110132159 0cd9414a_20240823_170915.data
190.0 470.0 17 25.773885462555068 0cd9414a_20240823_170939.data
210.0 470.0 17 25.773885462555068 0cd9414a_20240823_171003.data
230.0 470.0 17 25.773885462555068 0cd9414a_20240823_171027.data
250.0 470.0 17 26.008123348017623 0cd9414a_20240823_171051.data
270.0 470.0 17 25.773885462555068 0cd9414a_20240823_171115.data
290.0 470.0 17 25.773885462555068 0cd9414a_20240823_171139.data
