-1 -1 -1 27.81905726872247 0cd9414a_20240813_143113.data
10.0 10.0 17 27.81905726872247 0cd9414a_20240813_143153.data
30.0 10.0 17 27.81905726872247 0cd9414a_20240813_143217.data
50.0 10.0 17 27.81905726872247 0cd9414a_20240813_143241.data
70.0 10.0 17 27.81905726872247 0cd9414a_20240813_143305.data
90.0 10.0 17 27.81905726872247 0cd9414a_20240813_143329.data
110.0 10.0 17 27.81905726872247 0cd9414a_20240813_143353.data
130.0 10.0 17 27.81905726872247 0cd9414a_20240813_143417.data
150.0 10.0 17 27.81905726872247 0cd9414a_20240813_143441.data
170.0 10.0 17 27.81905726872247 0cd9414a_20240813_143505.data
190.0 10.0 17 27.81905726872247 0cd9414a_20240813_143529.data
210.0 10.0 17 27.81905726872247 0cd9414a_20240813_143553.data
230.0 10.0 17 27.81905726872247 0cd9414a_20240813_143617.data
250.0 10.0 17 27.81905726872247 0cd9414a_20240813_143641.data
270.0 10.0 17 27.81905726872247 0cd9414a_20240813_143705.data
290.0 10.0 17 27.81905726872247 0cd9414a_20240813_143729.data
290.0 30.0 17 27.81905726872247 0cd9414a_20240813_143753.data
270.0 30.0 17 27.81905726872247 0cd9414a_20240813_143817.data
250.0 30.0 17 27.81905726872247 0cd9414a_20240813_143841.data
230.0 30.0 17 27.81905726872247 0cd9414a_20240813_143905.data
210.0 30.0 17 27.81905726872247 0cd9414a_20240813_143929.data
190.0 30.0 17 27.81905726872247 0cd9414a_20240813_143953.data
170.0 30.0 17 27.81905726872247 0cd9414a_20240813_144017.data
150.0 30.0 17 27.81905726872247 0cd9414a_20240813_144041.data
130.0 30.0 17 28.037845814977977 0cd9414a_20240813_144105.data
110.0 30.0 17 28.037845814977977 0cd9414a_20240813_144129.data
90.0 30.0 17 28.037845814977977 0cd9414a_20240813_144153.data
70.0 30.0 17 28.037845814977977 0cd9414a_20240813_144217.data
50.0 30.0 17 28.037845814977977 0cd9414a_20240813_144241.data
30.0 30.0 17 27.81905726872247 0cd9414a_20240813_144305.data
10.0 30.0 17 28.037845814977977 0cd9414a_20240813_144329.data
10.0 50.0 17 28.037845814977977 0cd9414a_20240813_144353.data
30.0 50.0 17 27.928651982378856 0cd9414a_20240813_144417.data
50.0 50.0 17 28.14663876651983 0cd9414a_20240813_144441.data
70.0 50.0 17 28.037845814977977 0cd9414a_20240813_144505.data
90.0 50.0 17 28.037845814977977 0cd9414a_20240813_144529.data
110.0 50.0 17 28.037845814977977 0cd9414a_20240813_144553.data
130.0 50.0 17 28.037845814977977 0cd9414a_20240813_144617.data
150.0 50.0 17 28.037845814977977 0cd9414a_20240813_144641.data
170.0 50.0 17 28.14663876651983 0cd9414a_20240813_144705.data
190.0 50.0 17 28.037845814977977 0cd9414a_20240813_144729.data
210.0 50.0 17 28.037845814977977 0cd9414a_20240813_144753.data
230.0 50.0 17 27.928651982378856 0cd9414a_20240813_144817.data
250.0 50.0 17 27.81905726872247 0cd9414a_20240813_144841.data
270.0 50.0 17 27.81905726872247 0cd9414a_20240813_144905.data
290.0 50.0 17 27.709061674008815 0cd9414a_20240813_144929.data
290.0 70.0 17 27.81905726872247 0cd9414a_20240813_144953.data
270.0 70.0 17 27.928651982378856 0cd9414a_20240813_145017.data
250.0 70.0 17 28.037845814977977 0cd9414a_20240813_145041.data
230.0 70.0 17 28.037845814977977 0cd9414a_20240813_145105.data
210.0 70.0 17 28.037845814977977 0cd9414a_20240813_145129.data
190.0 70.0 17 28.14663876651983 0cd9414a_20240813_145153.data
170.0 70.0 17 28.037845814977977 0cd9414a_20240813_145217.data
150.0 70.0 17 28.037845814977977 0cd9414a_20240813_145241.data
130.0 70.0 17 28.037845814977977 0cd9414a_20240813_145305.data
110.0 70.0 17 27.928651982378856 0cd9414a_20240813_145329.data
90.0 70.0 17 28.037845814977977 0cd9414a_20240813_145353.data
70.0 70.0 17 28.037845814977977 0cd9414a_20240813_145417.data
50.0 70.0 17 27.928651982378856 0cd9414a_20240813_145441.data
30.0 70.0 17 28.037845814977977 0cd9414a_20240813_145505.data
10.0 70.0 17 28.037845814977977 0cd9414a_20240813_145529.data
10.0 90.0 17 28.037845814977977 0cd9414a_20240813_145553.data
30.0 90.0 17 27.81905726872247 0cd9414a_20240813_145617.data
50.0 90.0 17 27.81905726872247 0cd9414a_20240813_145641.data
70.0 90.0 17 27.81905726872247 0cd9414a_20240813_145705.data
90.0 90.0 17 27.709061674008815 0cd9414a_20240813_145729.data
110.0 90.0 17 28.037845814977977 0cd9414a_20240813_145754.data
130.0 90.0 17 28.037845814977977 0cd9414a_20240813_145817.data
150.0 90.0 17 28.037845814977977 0cd9414a_20240813_145842.data
170.0 90.0 17 28.037845814977977 0cd9414a_20240813_145906.data
190.0 90.0 17 28.037845814977977 0cd9414a_20240813_145930.data
210.0 90.0 17 28.037845814977977 0cd9414a_20240813_145954.data
230.0 90.0 17 28.037845814977977 0cd9414a_20240813_150018.data
250.0 90.0 17 27.928651982378856 0cd9414a_20240813_150042.data
270.0 90.0 17 27.81905726872247 0cd9414a_20240813_150106.data
290.0 90.0 17 28.037845814977977 0cd9414a_20240813_150130.data
290.0 110.0 17 28.037845814977977 0cd9414a_20240813_150154.data
270.0 110.0 17 28.037845814977977 0cd9414a_20240813_150218.data
250.0 110.0 17 27.81905726872247 0cd9414a_20240813_150242.data
230.0 110.0 17 28.037845814977977 0cd9414a_20240813_150306.data
210.0 110.0 17 28.037845814977977 0cd9414a_20240813_150330.data
190.0 110.0 17 28.037845814977977 0cd9414a_20240813_150354.data
170.0 110.0 17 28.037845814977977 0cd9414a_20240813_150418.data
150.0 110.0 17 28.037845814977977 0cd9414a_20240813_150442.data
130.0 110.0 17 27.928651982378856 0cd9414a_20240813_150506.data
110.0 110.0 17 28.037845814977977 0cd9414a_20240813_150530.data
90.0 110.0 17 27.928651982378856 0cd9414a_20240813_150554.data
70.0 110.0 17 27.81905726872247 0cd9414a_20240813_150618.data
50.0 110.0 17 27.81905726872247 0cd9414a_20240813_150642.data
30.0 110.0 17 27.928651982378856 0cd9414a_20240813_150706.data
10.0 110.0 17 28.037845814977977 0cd9414a_20240813_150730.data
10.0 130.0 17 28.037845814977977 0cd9414a_20240813_150754.data
30.0 130.0 17 28.037845814977977 0cd9414a_20240813_150818.data
50.0 130.0 17 28.037845814977977 0cd9414a_20240813_150842.data
70.0 130.0 17 27.81905726872247 0cd9414a_20240813_150906.data
90.0 130.0 17 27.81905726872247 0cd9414a_20240813_150930.data
110.0 130.0 17 27.928651982378856 0cd9414a_20240813_150954.data
130.0 130.0 17 28.037845814977977 0cd9414a_20240813_151018.data
150.0 130.0 17 28.037845814977977 0cd9414a_20240813_151042.data
170.0 130.0 17 27.81905726872247 0cd9414a_20240813_151106.data
190.0 130.0 17 28.037845814977977 0cd9414a_20240813_151130.data
210.0 130.0 17 28.037845814977977 0cd9414a_20240813_151154.data
230.0 130.0 17 28.037845814977977 0cd9414a_20240813_151218.data
250.0 130.0 17 28.037845814977977 0cd9414a_20240813_151242.data
270.0 130.0 17 27.928651982378856 0cd9414a_20240813_151306.data
290.0 130.0 17 27.928651982378856 0cd9414a_20240813_151330.data
290.0 150.0 17 28.037845814977977 0cd9414a_20240813_151354.data
270.0 150.0 17 28.037845814977977 0cd9414a_20240813_151418.data
250.0 150.0 17 28.037845814977977 0cd9414a_20240813_151442.data
230.0 150.0 17 28.037845814977977 0cd9414a_20240813_151506.data
210.0 150.0 17 27.81905726872247 0cd9414a_20240813_151530.data
190.0 150.0 17 27.928651982378856 0cd9414a_20240813_151554.data
170.0 150.0 17 27.928651982378856 0cd9414a_20240813_151618.data
150.0 150.0 17 28.037845814977977 0cd9414a_20240813_151642.data
130.0 150.0 17 28.037845814977977 0cd9414a_20240813_151706.data
110.0 150.0 17 28.037845814977977 0cd9414a_20240813_151730.data
90.0 150.0 17 28.037845814977977 0cd9414a_20240813_151754.data
70.0 150.0 17 28.037845814977977 0cd9414a_20240813_151818.data
50.0 150.0 17 28.037845814977977 0cd9414a_20240813_151842.data
30.0 150.0 17 27.709061674008815 0cd9414a_20240813_151906.data
10.0 150.0 17 27.81905726872247 0cd9414a_20240813_151930.data
10.0 170.0 17 28.037845814977977 0cd9414a_20240813_151954.data
30.0 170.0 17 28.037845814977977 0cd9414a_20240813_152018.data
50.0 170.0 17 28.037845814977977 0cd9414a_20240813_152042.data
70.0 170.0 17 28.037845814977977 0cd9414a_20240813_152106.data
90.0 170.0 17 28.037845814977977 0cd9414a_20240813_152130.data
110.0 170.0 17 27.709061674008815 0cd9414a_20240813_152154.data
130.0 170.0 17 27.81905726872247 0cd9414a_20240813_152218.data
150.0 170.0 17 28.037845814977977 0cd9414a_20240813_152242.data
170.0 170.0 17 28.037845814977977 0cd9414a_20240813_152306.data
190.0 170.0 17 28.037845814977977 0cd9414a_20240813_152330.data
210.0 170.0 17 27.928651982378856 0cd9414a_20240813_152354.data
230.0 170.0 17 27.928651982378856 0cd9414a_20240813_152418.data
250.0 170.0 17 28.037845814977977 0cd9414a_20240813_152442.data
270.0 170.0 17 27.928651982378856 0cd9414a_20240813_152506.data
290.0 170.0 17 27.81905726872247 0cd9414a_20240813_152530.data
290.0 190.0 17 27.928651982378856 0cd9414a_20240813_152554.data
270.0 190.0 17 27.81905726872247 0cd9414a_20240813_152618.data
250.0 190.0 17 27.928651982378856 0cd9414a_20240813_152642.data
230.0 190.0 17 27.928651982378856 0cd9414a_20240813_152706.data
210.0 190.0 17 27.928651982378856 0cd9414a_20240813_152730.data
190.0 190.0 17 27.928651982378856 0cd9414a_20240813_152754.data
170.0 190.0 17 28.037845814977977 0cd9414a_20240813_152818.data
150.0 190.0 17 27.928651982378856 0cd9414a_20240813_152842.data
130.0 190.0 17 27.81905726872247 0cd9414a_20240813_152906.data
110.0 190.0 17 27.81905726872247 0cd9414a_20240813_152930.data
90.0 190.0 17 27.928651982378856 0cd9414a_20240813_152954.data
70.0 190.0 17 27.81905726872247 0cd9414a_20240813_153018.data
50.0 190.0 17 27.81905726872247 0cd9414a_20240813_153042.data
30.0 190.0 17 27.928651982378856 0cd9414a_20240813_153106.data
10.0 190.0 17 27.928651982378856 0cd9414a_20240813_153130.data
10.0 210.0 17 28.037845814977977 0cd9414a_20240813_153154.data
30.0 210.0 17 27.709061674008815 0cd9414a_20240813_153218.data
50.0 210.0 17 27.928651982378856 0cd9414a_20240813_153242.data
70.0 210.0 17 27.928651982378856 0cd9414a_20240813_153306.data
90.0 210.0 17 27.81905726872247 0cd9414a_20240813_153330.data
110.0 210.0 17 27.928651982378856 0cd9414a_20240813_153354.data
130.0 210.0 17 28.037845814977977 0cd9414a_20240813_153419.data
150.0 210.0 17 27.928651982378856 0cd9414a_20240813_153442.data
170.0 210.0 17 27.928651982378856 0cd9414a_20240813_153507.data
190.0 210.0 17 27.928651982378856 0cd9414a_20240813_153531.data
210.0 210.0 17 27.928651982378856 0cd9414a_20240813_153555.data
230.0 210.0 17 27.928651982378856 0cd9414a_20240813_153619.data
250.0 210.0 17 27.709061674008815 0cd9414a_20240813_153643.data
270.0 210.0 17 27.81905726872247 0cd9414a_20240813_153707.data
290.0 210.0 17 27.928651982378856 0cd9414a_20240813_153731.data
290.0 230.0 17 28.037845814977977 0cd9414a_20240813_153755.data
270.0 230.0 17 28.037845814977977 0cd9414a_20240813_153819.data
250.0 230.0 17 28.037845814977977 0cd9414a_20240813_153843.data
230.0 230.0 17 27.928651982378856 0cd9414a_20240813_153907.data
210.0 230.0 17 27.928651982378856 0cd9414a_20240813_153931.data
190.0 230.0 17 27.81905726872247 0cd9414a_20240813_153955.data
170.0 230.0 17 27.81905726872247 0cd9414a_20240813_154019.data
150.0 230.0 17 28.037845814977977 0cd9414a_20240813_154043.data
130.0 230.0 17 27.928651982378856 0cd9414a_20240813_154107.data
110.0 230.0 17 27.928651982378856 0cd9414a_20240813_154131.data
90.0 230.0 17 28.037845814977977 0cd9414a_20240813_154155.data
70.0 230.0 17 27.928651982378856 0cd9414a_20240813_154219.data
50.0 230.0 17 27.928651982378856 0cd9414a_20240813_154243.data
30.0 230.0 17 27.598634361233486 0cd9414a_20240813_154307.data
10.0 230.0 17 27.928651982378856 0cd9414a_20240813_154331.data
10.0 250.0 17 27.928651982378856 0cd9414a_20240813_154355.data
30.0 250.0 17 27.928651982378856 0cd9414a_20240813_154419.data
50.0 250.0 17 27.928651982378856 0cd9414a_20240813_154443.data
70.0 250.0 17 27.928651982378856 0cd9414a_20240813_154507.data
90.0 250.0 17 28.037845814977977 0cd9414a_20240813_154531.data
110.0 250.0 17 27.928651982378856 0cd9414a_20240813_154555.data
130.0 250.0 17 27.928651982378856 0cd9414a_20240813_154619.data
150.0 250.0 17 27.928651982378856 0cd9414a_20240813_154643.data
170.0 250.0 17 27.928651982378856 0cd9414a_20240813_154707.data
190.0 250.0 17 27.928651982378856 0cd9414a_20240813_154731.data
210.0 250.0 17 27.928651982378856 0cd9414a_20240813_154755.data
230.0 250.0 17 28.037845814977977 0cd9414a_20240813_154819.data
250.0 250.0 17 27.928651982378856 0cd9414a_20240813_154843.data
270.0 250.0 17 27.928651982378856 0cd9414a_20240813_154907.data
290.0 250.0 17 27.928651982378856 0cd9414a_20240813_154931.data
290.0 270.0 17 27.928651982378856 0cd9414a_20240813_154955.data
270.0 270.0 17 28.037845814977977 0cd9414a_20240813_155019.data
250.0 270.0 17 27.81905726872247 0cd9414a_20240813_155043.data
230.0 270.0 17 27.928651982378856 0cd9414a_20240813_155107.data
210.0 270.0 17 27.928651982378856 0cd9414a_20240813_155131.data
190.0 270.0 17 27.928651982378856 0cd9414a_20240813_155155.data
170.0 270.0 17 27.81905726872247 0cd9414a_20240813_155219.data
150.0 270.0 17 27.928651982378856 0cd9414a_20240813_155243.data
130.0 270.0 17 27.928651982378856 0cd9414a_20240813_155307.data
110.0 270.0 17 27.928651982378856 0cd9414a_20240813_155331.data
90.0 270.0 17 28.037845814977977 0cd9414a_20240813_155355.data
70.0 270.0 17 27.81905726872247 0cd9414a_20240813_155419.data
50.0 270.0 17 28.037845814977977 0cd9414a_20240813_155443.data
30.0 270.0 17 27.928651982378856 0cd9414a_20240813_155507.data
10.0 270.0 17 28.037845814977977 0cd9414a_20240813_155531.data
10.0 290.0 17 27.81905726872247 0cd9414a_20240813_155555.data
30.0 290.0 17 27.928651982378856 0cd9414a_20240813_155619.data
50.0 290.0 17 28.037845814977977 0cd9414a_20240813_155643.data
70.0 290.0 17 27.928651982378856 0cd9414a_20240813_155707.data
90.0 290.0 17 27.81905726872247 0cd9414a_20240813_155731.data
110.0 290.0 17 27.928651982378856 0cd9414a_20240813_155755.data
130.0 290.0 17 28.037845814977977 0cd9414a_20240813_155819.data
150.0 290.0 17 28.037845814977977 0cd9414a_20240813_155843.data
170.0 290.0 17 27.81905726872247 0cd9414a_20240813_155907.data
190.0 290.0 17 27.928651982378856 0cd9414a_20240813_155931.data
210.0 290.0 17 27.928651982378856 0cd9414a_20240813_155955.data
230.0 290.0 17 27.81905726872247 0cd9414a_20240813_160019.data
250.0 290.0 17 27.81905726872247 0cd9414a_20240813_160043.data
270.0 290.0 17 27.81905726872247 0cd9414a_20240813_160107.data
290.0 290.0 17 27.81905726872247 0cd9414a_20240813_160131.data
290.0 310.0 17 27.81905726872247 0cd9414a_20240813_160155.data
270.0 310.0 17 27.81905726872247 0cd9414a_20240813_160219.data
250.0 310.0 17 27.81905726872247 0cd9414a_20240813_160243.data
230.0 310.0 17 27.709061674008815 0cd9414a_20240813_160307.data
210.0 310.0 17 27.928651982378856 0cd9414a_20240813_160331.data
190.0 310.0 17 -1 0cd9414a_20240813_160355.data
170.0 310.0 17 27.709061674008815 0cd9414a_20240813_160419.data
150.0 310.0 17 27.709061674008815 0cd9414a_20240813_160443.data
130.0 310.0 17 -1 0cd9414a_20240813_160507.data
110.0 310.0 17 27.709061674008815 0cd9414a_20240813_160531.data
90.0 310.0 17 27.709061674008815 0cd9414a_20240813_160555.data
70.0 310.0 17 27.709061674008815 0cd9414a_20240813_160619.data
50.0 310.0 17 27.709061674008815 0cd9414a_20240813_160643.data
30.0 310.0 17 27.709061674008815 0cd9414a_20240813_160707.data
10.0 310.0 17 27.709061674008815 0cd9414a_20240813_160731.data
10.0 330.0 17 -1 0cd9414a_20240813_160756.data
30.0 330.0 17 27.709061674008815 0cd9414a_20240813_160820.data
50.0 330.0 17 27.709061674008815 0cd9414a_20240813_160844.data
70.0 330.0 17 27.709061674008815 0cd9414a_20240813_160908.data
90.0 330.0 17 27.710572687224673 0cd9414a_20240813_160932.data
110.0 330.0 17 27.81905726872247 0cd9414a_20240813_160956.data
130.0 330.0 17 27.81905726872247 0cd9414a_20240813_161020.data
150.0 330.0 17 27.81905726872247 0cd9414a_20240813_161044.data
170.0 330.0 17 27.81905726872247 0cd9414a_20240813_161108.data
190.0 330.0 17 27.81905726872247 0cd9414a_20240813_161132.data
210.0 330.0 17 27.81905726872247 0cd9414a_20240813_161156.data
230.0 330.0 17 27.81905726872247 0cd9414a_20240813_161220.data
250.0 330.0 17 27.81905726872247 0cd9414a_20240813_161244.data
270.0 330.0 17 27.81905726872247 0cd9414a_20240813_161308.data
290.0 330.0 17 27.81905726872247 0cd9414a_20240813_161332.data
10.0 350.0 17 27.709061674008815 0cd9414a_20240813_161624.data
30.0 350.0 17 27.81905726872247 0cd9414a_20240813_161648.data
50.0 350.0 17 27.81905726872247 0cd9414a_20240813_161712.data
70.0 350.0 17 27.81905726872247 0cd9414a_20240813_161736.data
90.0 350.0 17 27.81905726872247 0cd9414a_20240813_161800.data
110.0 350.0 17 27.81905726872247 0cd9414a_20240813_161824.data
130.0 350.0 17 27.81905726872247 0cd9414a_20240813_161848.data
150.0 350.0 17 27.81905726872247 0cd9414a_20240813_161912.data
170.0 350.0 17 27.81905726872247 0cd9414a_20240813_161936.data
190.0 350.0 17 27.81905726872247 0cd9414a_20240813_162000.data
210.0 350.0 17 27.81905726872247 0cd9414a_20240813_162024.data
230.0 350.0 17 27.81905726872247 0cd9414a_20240813_162048.data
250.0 350.0 17 27.81905726872247 0cd9414a_20240813_162112.data
270.0 350.0 17 27.81905726872247 0cd9414a_20240813_162136.data
290.0 350.0 17 27.81905726872247 0cd9414a_20240813_162200.data
290.0 370.0 17 27.81905726872247 0cd9414a_20240813_162224.data
270.0 370.0 17 27.81905726872247 0cd9414a_20240813_162248.data
250.0 370.0 17 27.81905726872247 0cd9414a_20240813_162312.data
230.0 370.0 17 27.81905726872247 0cd9414a_20240813_162336.data
210.0 370.0 17 27.81905726872247 0cd9414a_20240813_162400.data
190.0 370.0 17 27.81905726872247 0cd9414a_20240813_162424.data
170.0 370.0 17 27.81905726872247 0cd9414a_20240813_162448.data
150.0 370.0 17 27.81905726872247 0cd9414a_20240813_162512.data
130.0 370.0 17 27.81905726872247 0cd9414a_20240813_162536.data
110.0 370.0 17 27.81905726872247 0cd9414a_20240813_162600.data
90.0 370.0 17 27.81905726872247 0cd9414a_20240813_162624.data
70.0 370.0 17 27.81905726872247 0cd9414a_20240813_162648.data
50.0 370.0 17 27.709061674008815 0cd9414a_20240813_162712.data
30.0 370.0 17 27.709061674008815 0cd9414a_20240813_162736.data
10.0 370.0 17 27.81905726872247 0cd9414a_20240813_162800.data
10.0 390.0 17 27.81905726872247 0cd9414a_20240813_162825.data
30.0 390.0 17 27.81905726872247 0cd9414a_20240813_162849.data
50.0 390.0 17 27.81905726872247 0cd9414a_20240813_162913.data
70.0 390.0 17 27.81905726872247 0cd9414a_20240813_162937.data
90.0 390.0 17 27.81905726872247 0cd9414a_20240813_163001.data
110.0 390.0 17 27.81905726872247 0cd9414a_20240813_163025.data
130.0 390.0 17 27.81905726872247 0cd9414a_20240813_163049.data
150.0 390.0 17 27.81905726872247 0cd9414a_20240813_163113.data
170.0 390.0 17 27.81905726872247 0cd9414a_20240813_163137.data
190.0 390.0 17 27.81905726872247 0cd9414a_20240813_163201.data
210.0 390.0 17 27.81905726872247 0cd9414a_20240813_163225.data
230.0 390.0 17 27.81905726872247 0cd9414a_20240813_163249.data
250.0 390.0 17 27.81905726872247 0cd9414a_20240813_163313.data
270.0 390.0 17 27.928651982378856 0cd9414a_20240813_163337.data
290.0 390.0 17 27.81905726872247 0cd9414a_20240813_163401.data
290.0 410.0 17 27.81905726872247 0cd9414a_20240813_163425.data
270.0 410.0 17 27.81905726872247 0cd9414a_20240813_163449.data
250.0 410.0 17 27.81905726872247 0cd9414a_20240813_163513.data
230.0 410.0 17 28.037845814977977 0cd9414a_20240813_163537.data
210.0 410.0 17 27.81905726872247 0cd9414a_20240813_163601.data
190.0 410.0 17 27.81905726872247 0cd9414a_20240813_163625.data
170.0 410.0 17 27.81905726872247 0cd9414a_20240813_163649.data
150.0 410.0 17 27.81905726872247 0cd9414a_20240813_163713.data
130.0 410.0 17 27.709061674008815 0cd9414a_20240813_163737.data
110.0 410.0 17 27.81905726872247 0cd9414a_20240813_163801.data
90.0 410.0 17 27.81905726872247 0cd9414a_20240813_163825.data
70.0 410.0 17 27.81905726872247 0cd9414a_20240813_163849.data
50.0 410.0 17 27.81905726872247 0cd9414a_20240813_163913.data
30.0 410.0 17 27.81905726872247 0cd9414a_20240813_163937.data
10.0 410.0 17 27.81905726872247 0cd9414a_20240813_164001.data
10.0 430.0 17 27.81905726872247 0cd9414a_20240813_164025.data
30.0 430.0 17 27.81905726872247 0cd9414a_20240813_164049.data
50.0 430.0 17 27.81905726872247 0cd9414a_20240813_164113.data
70.0 430.0 17 27.81905726872247 0cd9414a_20240813_164137.data
90.0 430.0 17 27.81905726872247 0cd9414a_20240813_164201.data
110.0 430.0 17 27.81905726872247 0cd9414a_20240813_164225.data
130.0 430.0 17 27.81905726872247 0cd9414a_20240813_164249.data
150.0 430.0 17 27.81905726872247 0cd9414a_20240813_164313.data
170.0 430.0 17 27.81905726872247 0cd9414a_20240813_164337.data
190.0 430.0 17 27.81905726872247 0cd9414a_20240813_164401.data
210.0 430.0 17 27.81905726872247 0cd9414a_20240813_164425.data
230.0 430.0 17 27.81905726872247 0cd9414a_20240813_164449.data
250.0 430.0 17 27.81905726872247 0cd9414a_20240813_164513.data
270.0 430.0 17 27.81905726872247 0cd9414a_20240813_164537.data
290.0 430.0 17 27.81905726872247 0cd9414a_20240813_164601.data
290.0 450.0 17 27.81905726872247 0cd9414a_20240813_164625.data
270.0 450.0 17 27.81905726872247 0cd9414a_20240813_164649.data
250.0 450.0 17 27.81905726872247 0cd9414a_20240813_164713.data
230.0 450.0 17 27.81905726872247 0cd9414a_20240813_164737.data
210.0 450.0 17 27.81905726872247 0cd9414a_20240813_164801.data
190.0 450.0 17 27.81905726872247 0cd9414a_20240813_164825.data
170.0 450.0 17 27.81905726872247 0cd9414a_20240813_164849.data
150.0 450.0 17 27.81905726872247 0cd9414a_20240813_164913.data
130.0 450.0 17 27.81905726872247 0cd9414a_20240813_164937.data
110.0 450.0 17 27.81905726872247 0cd9414a_20240813_165001.data
90.0 450.0 17 27.81905726872247 0cd9414a_20240813_165025.data
70.0 450.0 17 27.81905726872247 0cd9414a_20240813_165049.data
50.0 450.0 17 27.81905726872247 0cd9414a_20240813_165113.data
30.0 450.0 17 27.81905726872247 0cd9414a_20240813_165137.data
10.0 450.0 17 27.928651982378856 0cd9414a_20240813_165201.data
10.0 470.0 17 27.81905726872247 0cd9414a_20240813_165225.data
30.0 470.0 17 27.81905726872247 0cd9414a_20240813_165249.data
50.0 470.0 17 27.81905726872247 0cd9414a_20240813_165313.data
70.0 470.0 17 27.81905726872247 0cd9414a_20240813_165337.data
90.0 470.0 17 27.81905726872247 0cd9414a_20240813_165401.data
110.0 470.0 17 27.81905726872247 0cd9414a_20240813_165425.data
130.0 470.0 17 27.81905726872247 0cd9414a_20240813_165449.data
150.0 470.0 17 27.81905726872247 0cd9414a_20240813_165513.data
170.0 470.0 17 27.81905726872247 0cd9414a_20240813_165537.data
190.0 470.0 17 27.81905726872247 0cd9414a_20240813_165601.data
210.0 470.0 17 27.81905726872247 0cd9414a_20240813_165625.data
230.0 470.0 17 27.81905726872247 0cd9414a_20240813_165649.data
250.0 470.0 17 27.81905726872247 0cd9414a_20240813_165713.data
270.0 470.0 17 27.81905726872247 0cd9414a_20240813_165737.data
290.0 470.0 17 27.81905726872247 0cd9414a_20240813_165801.data
