-1 -1 -1 23.49125 0cd9414a_20240916_211025.data
10.0 10.0 17 23.49125 0cd9414a_20240916_211105.data
30.0 10.0 17 23.594575 0cd9414a_20240916_211129.data
50.0 10.0 17 23.283325 0cd9414a_20240916_211153.data
70.0 10.0 17 23.3875 0cd9414a_20240916_211217.data
90.0 10.0 17 23.594575 0cd9414a_20240916_211241.data
110.0 10.0 17 23.3875 0cd9414a_20240916_211305.data
130.0 10.0 17 23.3875 0cd9414a_20240916_211329.data
150.0 10.0 17 23.3875 0cd9414a_20240916_211353.data
170.0 10.0 17 23.3875 0cd9414a_20240916_211417.data
190.0 10.0 17 23.49125 0cd9414a_20240916_211441.data
210.0 10.0 17 23.49125 0cd9414a_20240916_211505.data
230.0 10.0 17 23.3875 0cd9414a_20240916_211529.data
250.0 10.0 17 23.3875 0cd9414a_20240916_211553.data
270.0 10.0 17 23.3875 0cd9414a_20240916_211617.data
290.0 10.0 17 23.3875 0cd9414a_20240916_211641.data
290.0 30.0 17 23.49125 0cd9414a_20240916_211705.data
270.0 30.0 17 23.3875 0cd9414a_20240916_211729.data
250.0 30.0 17 23.3875 0cd9414a_20240916_211753.data
230.0 30.0 17 23.49125 0cd9414a_20240916_211817.data
210.0 30.0 17 23.3875 0cd9414a_20240916_211841.data
190.0 30.0 17 23.3875 0cd9414a_20240916_211905.data
170.0 30.0 17 23.3875 0cd9414a_20240916_211929.data
150.0 30.0 17 23.3875 0cd9414a_20240916_211953.data
130.0 30.0 17 23.49125 0cd9414a_20240916_212017.data
110.0 30.0 17 23.3875 0cd9414a_20240916_212041.data
90.0 30.0 17 23.3875 0cd9414a_20240916_212105.data
70.0 30.0 17 23.3875 0cd9414a_20240916_212129.data
50.0 30.0 17 23.3875 0cd9414a_20240916_212153.data
30.0 30.0 17 23.49125 0cd9414a_20240916_212217.data
10.0 30.0 17 23.3875 0cd9414a_20240916_212241.data
10.0 50.0 17 23.3875 0cd9414a_20240916_212305.data
30.0 50.0 17 23.3875 0cd9414a_20240916_212329.data
50.0 50.0 17 23.3875 0cd9414a_20240916_212353.data
70.0 50.0 17 23.3875 0cd9414a_20240916_212417.data
90.0 50.0 17 23.3875 0cd9414a_20240916_212441.data
110.0 50.0 17 23.3875 0cd9414a_20240916_212505.data
130.0 50.0 17 23.49125 0cd9414a_20240916_212529.data
150.0 50.0 17 23.3875 0cd9414a_20240916_212553.data
170.0 50.0 17 23.3875 0cd9414a_20240916_212617.data
190.0 50.0 17 23.3875 0cd9414a_20240916_212641.data
210.0 50.0 17 23.3875 0cd9414a_20240916_212705.data
230.0 50.0 17 23.178749999999997 0cd9414a_20240916_212729.data
250.0 50.0 17 23.3875 0cd9414a_20240916_212753.data
270.0 50.0 17 23.3875 0cd9414a_20240916_212817.data
290.0 50.0 17 23.3875 0cd9414a_20240916_212841.data
290.0 70.0 17 23.3875 0cd9414a_20240916_212905.data
270.0 70.0 17 23.3875 0cd9414a_20240916_212929.data
250.0 70.0 17 23.3875 0cd9414a_20240916_212953.data
230.0 70.0 17 23.594575 0cd9414a_20240916_213017.data
210.0 70.0 17 23.283325 0cd9414a_20240916_213041.data
190.0 70.0 17 23.3875 0cd9414a_20240916_213105.data
170.0 70.0 17 23.283325 0cd9414a_20240916_213129.data
150.0 70.0 17 23.3875 0cd9414a_20240916_213153.data
130.0 70.0 17 23.3875 0cd9414a_20240916_213217.data
110.0 70.0 17 23.3875 0cd9414a_20240916_213241.data
90.0 70.0 17 23.283325 0cd9414a_20240916_213305.data
70.0 70.0 17 23.3875 0cd9414a_20240916_213329.data
50.0 70.0 17 23.3875 0cd9414a_20240916_213353.data
30.0 70.0 17 23.3875 0cd9414a_20240916_213418.data
10.0 70.0 17 23.3875 0cd9414a_20240916_213441.data
10.0 90.0 17 23.283325 0cd9414a_20240916_213506.data
30.0 90.0 17 23.3875 0cd9414a_20240916_213530.data
50.0 90.0 17 23.283325 0cd9414a_20240916_213554.data
70.0 90.0 17 23.283325 0cd9414a_20240916_213618.data
90.0 90.0 17 23.283325 0cd9414a_20240916_213642.data
110.0 90.0 17 23.3875 0cd9414a_20240916_213706.data
130.0 90.0 17 23.3875 0cd9414a_20240916_213730.data
150.0 90.0 17 23.3875 0cd9414a_20240916_213754.data
170.0 90.0 17 23.3875 0cd9414a_20240916_213818.data
190.0 90.0 17 23.3875 0cd9414a_20240916_213842.data
210.0 90.0 17 23.3875 0cd9414a_20240916_213906.data
230.0 90.0 17 23.3875 0cd9414a_20240916_213930.data
250.0 90.0 17 23.3875 0cd9414a_20240916_213954.data
270.0 90.0 17 23.3875 0cd9414a_20240916_214018.data
290.0 90.0 17 23.49125 0cd9414a_20240916_214042.data
290.0 110.0 17 23.3875 0cd9414a_20240916_214106.data
270.0 110.0 17 23.3875 0cd9414a_20240916_214130.data
250.0 110.0 17 23.3875 0cd9414a_20240916_214154.data
230.0 110.0 17 23.3875 0cd9414a_20240916_214218.data
210.0 110.0 17 23.3875 0cd9414a_20240916_214242.data
190.0 110.0 17 23.3875 0cd9414a_20240916_214306.data
170.0 110.0 17 23.3875 0cd9414a_20240916_214330.data
150.0 110.0 17 23.3875 0cd9414a_20240916_214354.data
130.0 110.0 17 23.3875 0cd9414a_20240916_214418.data
110.0 110.0 17 23.3875 0cd9414a_20240916_214442.data
90.0 110.0 17 23.3875 0cd9414a_20240916_214506.data
70.0 110.0 17 23.283325 0cd9414a_20240916_214530.data
50.0 110.0 17 23.3875 0cd9414a_20240916_214554.data
30.0 110.0 17 23.3875 0cd9414a_20240916_214618.data
10.0 110.0 17 23.49125 0cd9414a_20240916_214642.data
10.0 130.0 17 23.283325 0cd9414a_20240916_214706.data
30.0 130.0 17 23.3875 0cd9414a_20240916_214730.data
50.0 130.0 17 23.3875 0cd9414a_20240916_214754.data
70.0 130.0 17 23.3875 0cd9414a_20240916_214818.data
90.0 130.0 17 23.3875 0cd9414a_20240916_214842.data
110.0 130.0 17 23.3875 0cd9414a_20240916_214906.data
130.0 130.0 17 23.3875 0cd9414a_20240916_214930.data
150.0 130.0 17 23.3875 0cd9414a_20240916_214954.data
170.0 130.0 17 23.3875 0cd9414a_20240916_215018.data
190.0 130.0 17 23.3875 0cd9414a_20240916_215042.data
210.0 130.0 17 23.3875 0cd9414a_20240916_215106.data
230.0 130.0 17 23.3875 0cd9414a_20240916_215130.data
250.0 130.0 17 23.3875 0cd9414a_20240916_215154.data
270.0 130.0 17 23.3875 0cd9414a_20240916_215218.data
290.0 130.0 17 23.3875 0cd9414a_20240916_215242.data
290.0 150.0 17 23.3875 0cd9414a_20240916_215306.data
270.0 150.0 17 23.3875 0cd9414a_20240916_215330.data
250.0 150.0 17 23.3875 0cd9414a_20240916_215354.data
230.0 150.0 17 23.3875 0cd9414a_20240916_215418.data
210.0 150.0 17 23.3875 0cd9414a_20240916_215442.data
190.0 150.0 17 23.3875 0cd9414a_20240916_215506.data
170.0 150.0 17 23.3875 0cd9414a_20240916_215530.data
150.0 150.0 17 23.3875 0cd9414a_20240916_215554.data
130.0 150.0 17 23.3875 0cd9414a_20240916_215618.data
110.0 150.0 17 23.3875 0cd9414a_20240916_215642.data
90.0 150.0 17 23.3875 0cd9414a_20240916_215706.data
70.0 150.0 17 23.3875 0cd9414a_20240916_215730.data
50.0 150.0 17 23.283325 0cd9414a_20240916_215754.data
30.0 150.0 17 23.3875 0cd9414a_20240916_215818.data
10.0 150.0 17 23.49125 0cd9414a_20240916_215842.data
10.0 170.0 17 23.3875 0cd9414a_20240916_215906.data
30.0 170.0 17 23.3875 0cd9414a_20240916_215930.data
50.0 170.0 17 23.3875 0cd9414a_20240916_215954.data
70.0 170.0 17 23.3875 0cd9414a_20240916_220018.data
90.0 170.0 17 23.594575 0cd9414a_20240916_220042.data
110.0 170.0 17 23.49125 0cd9414a_20240916_220106.data
130.0 170.0 17 23.3875 0cd9414a_20240916_220130.data
150.0 170.0 17 23.49125 0cd9414a_20240916_220154.data
170.0 170.0 17 23.3875 0cd9414a_20240916_220218.data
190.0 170.0 17 23.3875 0cd9414a_20240916_220242.data
210.0 170.0 17 23.3875 0cd9414a_20240916_220306.data
230.0 170.0 17 23.3875 0cd9414a_20240916_220330.data
250.0 170.0 17 23.3875 0cd9414a_20240916_220355.data
270.0 170.0 17 23.3875 0cd9414a_20240916_220419.data
290.0 170.0 17 23.3875 0cd9414a_20240916_220443.data
290.0 190.0 17 23.3875 0cd9414a_20240916_220507.data
270.0 190.0 17 23.283325 0cd9414a_20240916_220531.data
250.0 190.0 17 23.49125 0cd9414a_20240916_220555.data
230.0 190.0 17 23.3875 0cd9414a_20240916_220619.data
210.0 190.0 17 23.49125 0cd9414a_20240916_220643.data
190.0 190.0 17 23.3875 0cd9414a_20240916_220707.data
170.0 190.0 17 23.3875 0cd9414a_20240916_220731.data
150.0 190.0 17 23.49125 0cd9414a_20240916_220755.data
130.0 190.0 17 23.3875 0cd9414a_20240916_220819.data
110.0 190.0 17 23.3875 0cd9414a_20240916_220843.data
90.0 190.0 17 23.3875 0cd9414a_20240916_220907.data
70.0 190.0 17 23.3875 0cd9414a_20240916_220931.data
50.0 190.0 17 23.3875 0cd9414a_20240916_220955.data
30.0 190.0 17 23.3875 0cd9414a_20240916_221019.data
10.0 190.0 17 23.3875 0cd9414a_20240916_221043.data
10.0 210.0 17 23.3875 0cd9414a_20240916_221107.data
30.0 210.0 17 23.3875 0cd9414a_20240916_221131.data
50.0 210.0 17 23.3875 0cd9414a_20240916_221155.data
70.0 210.0 17 23.3875 0cd9414a_20240916_221219.data
90.0 210.0 17 23.3875 0cd9414a_20240916_221243.data
110.0 210.0 17 23.3875 0cd9414a_20240916_221307.data
130.0 210.0 17 23.49125 0cd9414a_20240916_221331.data
150.0 210.0 17 23.3875 0cd9414a_20240916_221355.data
170.0 210.0 17 23.3875 0cd9414a_20240916_221419.data
190.0 210.0 17 23.3875 0cd9414a_20240916_221443.data
210.0 210.0 17 23.3875 0cd9414a_20240916_221507.data
230.0 210.0 17 23.3875 0cd9414a_20240916_221531.data
250.0 210.0 17 23.3875 0cd9414a_20240916_221555.data
270.0 210.0 17 23.3875 0cd9414a_20240916_221619.data
290.0 210.0 17 23.3875 0cd9414a_20240916_221643.data
290.0 230.0 17 23.3875 0cd9414a_20240916_221707.data
270.0 230.0 17 23.283325 0cd9414a_20240916_221731.data
250.0 230.0 17 23.283325 0cd9414a_20240916_221755.data
230.0 230.0 17 23.283325 0cd9414a_20240916_221819.data
210.0 230.0 17 23.594575 0cd9414a_20240916_221843.data
190.0 230.0 17 23.3875 0cd9414a_20240916_221907.data
170.0 230.0 17 23.3875 0cd9414a_20240916_221931.data
150.0 230.0 17 23.49125 0cd9414a_20240916_221955.data
130.0 230.0 17 23.283325 0cd9414a_20240916_222019.data
110.0 230.0 17 23.3875 0cd9414a_20240916_222043.data
90.0 230.0 17 23.3875 0cd9414a_20240916_222107.data
70.0 230.0 17 23.3875 0cd9414a_20240916_222131.data
50.0 230.0 17 23.3875 0cd9414a_20240916_222155.data
30.0 230.0 17 23.3875 0cd9414a_20240916_222219.data
10.0 230.0 17 23.3875 0cd9414a_20240916_222243.data
10.0 250.0 17 23.3875 0cd9414a_20240916_222307.data
30.0 250.0 17 23.3875 0cd9414a_20240916_222331.data
50.0 250.0 17 23.3875 0cd9414a_20240916_222355.data
70.0 250.0 17 23.3875 0cd9414a_20240916_222419.data
90.0 250.0 17 23.3875 0cd9414a_20240916_222443.data
110.0 250.0 17 23.283325 0cd9414a_20240916_222507.data
130.0 250.0 17 23.3875 0cd9414a_20240916_222531.data
150.0 250.0 17 23.594575 0cd9414a_20240916_222555.data
170.0 250.0 17 23.3875 0cd9414a_20240916_222619.data
190.0 250.0 17 23.49125 0cd9414a_20240916_222643.data
210.0 250.0 17 23.3875 0cd9414a_20240916_222707.data
230.0 250.0 17 23.49125 0cd9414a_20240916_222731.data
250.0 250.0 17 23.3875 0cd9414a_20240916_222755.data
270.0 250.0 17 23.3875 0cd9414a_20240916_222819.data
290.0 250.0 17 23.3875 0cd9414a_20240916_222843.data
290.0 270.0 17 23.3875 0cd9414a_20240916_222907.data
270.0 270.0 17 23.3875 0cd9414a_20240916_222931.data
250.0 270.0 17 23.3875 0cd9414a_20240916_222955.data
230.0 270.0 17 23.3875 0cd9414a_20240916_223019.data
210.0 270.0 17 23.3875 0cd9414a_20240916_223043.data
190.0 270.0 17 23.3875 0cd9414a_20240916_223107.data
170.0 270.0 17 23.3875 0cd9414a_20240916_223131.data
150.0 270.0 17 23.3875 0cd9414a_20240916_223155.data
130.0 270.0 17 23.3875 0cd9414a_20240916_223219.data
110.0 270.0 17 23.3875 0cd9414a_20240916_223243.data
90.0 270.0 17 23.3875 0cd9414a_20240916_223308.data
70.0 270.0 17 23.3875 0cd9414a_20240916_223332.data
50.0 270.0 17 -1 0cd9414a_20240916_223356.data
30.0 270.0 17 23.3875 0cd9414a_20240916_223420.data
10.0 270.0 17 23.3875 0cd9414a_20240916_223444.data
10.0 290.0 17 -1 0cd9414a_20240916_223508.data
30.0 290.0 17 23.3875 0cd9414a_20240916_223532.data
50.0 290.0 17 23.594575 0cd9414a_20240916_223556.data
70.0 290.0 17 -1 0cd9414a_20240916_223620.data
90.0 290.0 17 23.3875 0cd9414a_20240916_223644.data
110.0 290.0 17 23.3875 0cd9414a_20240916_223708.data
130.0 290.0 17 -1 0cd9414a_20240916_223732.data
150.0 290.0 17 23.3875 0cd9414a_20240916_223756.data
170.0 290.0 17 23.3875 0cd9414a_20240916_223820.data
190.0 290.0 17 -1 0cd9414a_20240916_223844.data
210.0 290.0 17 23.283325 0cd9414a_20240916_223908.data
230.0 290.0 17 23.283325 0cd9414a_20240916_223932.data
250.0 290.0 17 23.283325 0cd9414a_20240916_223956.data
270.0 290.0 17 23.283325 0cd9414a_20240916_224020.data
290.0 290.0 17 23.283325 0cd9414a_20240916_224044.data
290.0 310.0 17 23.283325 0cd9414a_20240916_224108.data
270.0 310.0 17 23.283325 0cd9414a_20240916_224132.data
250.0 310.0 17 23.283325 0cd9414a_20240916_224156.data
230.0 310.0 17 23.283325 0cd9414a_20240916_224220.data
210.0 310.0 17 23.283325 0cd9414a_20240916_224244.data
190.0 310.0 17 23.3875 0cd9414a_20240916_224308.data
170.0 310.0 17 23.283325 0cd9414a_20240916_224332.data
150.0 310.0 17 23.283325 0cd9414a_20240916_224356.data
130.0 310.0 17 23.283325 0cd9414a_20240916_224420.data
110.0 310.0 17 23.283325 0cd9414a_20240916_224444.data
90.0 310.0 17 23.283325 0cd9414a_20240916_224508.data
70.0 310.0 17 23.283325 0cd9414a_20240916_224532.data
50.0 310.0 17 23.283325 0cd9414a_20240916_224556.data
30.0 310.0 17 23.283325 0cd9414a_20240916_224620.data
10.0 310.0 17 23.3875 0cd9414a_20240916_224644.data
10.0 330.0 17 23.49125 0cd9414a_20240916_224708.data
30.0 330.0 17 23.283325 0cd9414a_20240916_224732.data
50.0 330.0 17 23.283325 0cd9414a_20240916_224756.data
70.0 330.0 17 23.283325 0cd9414a_20240916_224820.data
90.0 330.0 17 23.283325 0cd9414a_20240916_224844.data
110.0 330.0 17 23.178749999999997 0cd9414a_20240916_224908.data
130.0 330.0 17 23.283325 0cd9414a_20240916_224932.data
150.0 330.0 17 23.283325 0cd9414a_20240916_224956.data
170.0 330.0 17 23.283325 0cd9414a_20240916_225020.data
190.0 330.0 17 23.283325 0cd9414a_20240916_225044.data
210.0 330.0 17 23.49125 0cd9414a_20240916_225108.data
230.0 330.0 17 23.283325 0cd9414a_20240916_225132.data
250.0 330.0 17 23.283325 0cd9414a_20240916_225156.data
270.0 330.0 17 23.283325 0cd9414a_20240916_225220.data
290.0 330.0 17 23.283325 0cd9414a_20240916_225244.data
10.0 350.0 17 23.283325 0cd9414a_20240917_082018.data
30.0 350.0 17 23.283325 0cd9414a_20240917_082042.data
50.0 350.0 17 23.3875 0cd9414a_20240917_082106.data
70.0 350.0 17 23.3875 0cd9414a_20240917_082130.data
90.0 350.0 17 23.283325 0cd9414a_20240917_082154.data
110.0 350.0 17 23.283325 0cd9414a_20240917_082218.data
130.0 350.0 17 23.283325 0cd9414a_20240917_082242.data
150.0 350.0 17 23.283325 0cd9414a_20240917_082306.data
170.0 350.0 17 23.3875 0cd9414a_20240917_082330.data
190.0 350.0 17 23.283325 0cd9414a_20240917_082354.data
210.0 350.0 17 23.283325 0cd9414a_20240917_082418.data
230.0 350.0 17 23.283325 0cd9414a_20240917_082442.data
250.0 350.0 17 23.283325 0cd9414a_20240917_082506.data
270.0 350.0 17 23.49125 0cd9414a_20240917_082530.data
290.0 350.0 17 23.283325 0cd9414a_20240917_082554.data
290.0 370.0 17 23.283325 0cd9414a_20240917_082618.data
270.0 370.0 17 23.283325 0cd9414a_20240917_082642.data
250.0 370.0 17 23.283325 0cd9414a_20240917_082706.data
230.0 370.0 17 23.283325 0cd9414a_20240917_082730.data
210.0 370.0 17 23.178749999999997 0cd9414a_20240917_082754.data
190.0 370.0 17 23.283325 0cd9414a_20240917_082818.data
170.0 370.0 17 23.283325 0cd9414a_20240917_082842.data
150.0 370.0 17 23.49125 0cd9414a_20240917_082906.data
130.0 370.0 17 23.283325 0cd9414a_20240917_082930.data
110.0 370.0 17 23.49125 0cd9414a_20240917_082954.data
90.0 370.0 17 23.283325 0cd9414a_20240917_083018.data
70.0 370.0 17 23.283325 0cd9414a_20240917_083042.data
50.0 370.0 17 23.283325 0cd9414a_20240917_083106.data
30.0 370.0 17 23.178749999999997 0cd9414a_20240917_083130.data
10.0 370.0 17 23.49125 0cd9414a_20240917_083154.data
10.0 390.0 17 23.283325 0cd9414a_20240917_083218.data
30.0 390.0 17 23.283325 0cd9414a_20240917_083242.data
50.0 390.0 17 23.283325 0cd9414a_20240917_083306.data
70.0 390.0 17 23.283325 0cd9414a_20240917_083330.data
90.0 390.0 17 23.178749999999997 0cd9414a_20240917_083354.data
110.0 390.0 17 23.283325 0cd9414a_20240917_083418.data
130.0 390.0 17 23.283325 0cd9414a_20240917_083442.data
150.0 390.0 17 23.3875 0cd9414a_20240917_083506.data
170.0 390.0 17 23.283325 0cd9414a_20240917_083530.data
190.0 390.0 17 23.283325 0cd9414a_20240917_083554.data
210.0 390.0 17 23.283325 0cd9414a_20240917_083618.data
230.0 390.0 17 23.283325 0cd9414a_20240917_083642.data
250.0 390.0 17 23.49125 0cd9414a_20240917_083706.data
270.0 390.0 17 23.283325 0cd9414a_20240917_083730.data
290.0 390.0 17 23.283325 0cd9414a_20240917_083754.data
290.0 410.0 17 23.283325 0cd9414a_20240917_083818.data
270.0 410.0 17 23.283325 0cd9414a_20240917_083842.data
250.0 410.0 17 23.283325 0cd9414a_20240917_083906.data
230.0 410.0 17 23.283325 0cd9414a_20240917_083930.data
210.0 410.0 17 23.283325 0cd9414a_20240917_083954.data
190.0 410.0 17 23.283325 0cd9414a_20240917_084018.data
170.0 410.0 17 23.283325 0cd9414a_20240917_084042.data
150.0 410.0 17 23.283325 0cd9414a_20240917_084106.data
130.0 410.0 17 23.3875 0cd9414a_20240917_084130.data
110.0 410.0 17 23.283325 0cd9414a_20240917_084154.data
90.0 410.0 17 23.283325 0cd9414a_20240917_084218.data
70.0 410.0 17 23.283325 0cd9414a_20240917_084243.data
50.0 410.0 17 23.283325 0cd9414a_20240917_084307.data
30.0 410.0 17 23.283325 0cd9414a_20240917_084331.data
10.0 410.0 17 23.3875 0cd9414a_20240917_084355.data
10.0 430.0 17 23.283325 0cd9414a_20240917_084419.data
30.0 430.0 17 23.283325 0cd9414a_20240917_084443.data
50.0 430.0 17 23.283325 0cd9414a_20240917_084507.data
70.0 430.0 17 23.283325 0cd9414a_20240917_084531.data
90.0 430.0 17 23.283325 0cd9414a_20240917_084555.data
110.0 430.0 17 23.283325 0cd9414a_20240917_084619.data
130.0 430.0 17 23.178749999999997 0cd9414a_20240917_084643.data
150.0 430.0 17 23.283325 0cd9414a_20240917_084707.data
170.0 430.0 17 23.3875 0cd9414a_20240917_084731.data
190.0 430.0 17 23.283325 0cd9414a_20240917_084755.data
210.0 430.0 17 23.283325 0cd9414a_20240917_084819.data
230.0 430.0 17 23.283325 0cd9414a_20240917_084843.data
250.0 430.0 17 23.283325 0cd9414a_20240917_084907.data
270.0 430.0 17 23.3875 0cd9414a_20240917_084931.data
290.0 430.0 17 23.283325 0cd9414a_20240917_084955.data
290.0 450.0 17 23.283325 0cd9414a_20240917_085019.data
270.0 450.0 17 23.283325 0cd9414a_20240917_085043.data
250.0 450.0 17 23.283325 0cd9414a_20240917_085107.data
230.0 450.0 17 23.283325 0cd9414a_20240917_085131.data
210.0 450.0 17 23.283325 0cd9414a_20240917_085155.data
190.0 450.0 17 23.283325 0cd9414a_20240917_085219.data
170.0 450.0 17 23.283325 0cd9414a_20240917_085243.data
150.0 450.0 17 23.283325 0cd9414a_20240917_085307.data
130.0 450.0 17 23.283325 0cd9414a_20240917_085331.data
110.0 450.0 17 23.283325 0cd9414a_20240917_085355.data
90.0 450.0 17 23.283325 0cd9414a_20240917_085419.data
70.0 450.0 17 23.283325 0cd9414a_20240917_085443.data
50.0 450.0 17 23.283325 0cd9414a_20240917_085507.data
30.0 450.0 17 23.283325 0cd9414a_20240917_085531.data
10.0 450.0 17 23.283325 0cd9414a_20240917_085555.data
10.0 470.0 17 23.283325 0cd9414a_20240917_085619.data
30.0 470.0 17 23.3875 0cd9414a_20240917_085643.data
50.0 470.0 17 23.283325 0cd9414a_20240917_085707.data
70.0 470.0 17 23.283325 0cd9414a_20240917_085731.data
90.0 470.0 17 23.283325 0cd9414a_20240917_085755.data
110.0 470.0 17 23.283325 0cd9414a_20240917_085819.data
130.0 470.0 17 23.283325 0cd9414a_20240917_085843.data
150.0 470.0 17 23.283325 0cd9414a_20240917_085907.data
170.0 470.0 17 23.283325 0cd9414a_20240917_085931.data
190.0 470.0 17 23.283325 0cd9414a_20240917_085955.data
210.0 470.0 17 23.283325 0cd9414a_20240917_090019.data
230.0 470.0 17 23.283325 0cd9414a_20240917_090043.data
250.0 470.0 17 23.178749999999997 0cd9414a_20240917_090107.data
270.0 470.0 17 23.283325 0cd9414a_20240917_090131.data
290.0 470.0 17 23.283325 0cd9414a_20240917_090155.data
