-1 -1 -1 25.773885462555068 0cd9414a_20240823_120710.data
10.0 10.0 17 25.89125110132159 0cd9414a_20240823_120749.data
30.0 10.0 17 25.773885462555068 0cd9414a_20240823_120814.data
50.0 10.0 17 25.773885462555068 0cd9414a_20240823_120837.data
70.0 10.0 17 25.773885462555068 0cd9414a_20240823_120902.data
90.0 10.0 17 25.773885462555068 0cd9414a_20240823_120926.data
110.0 10.0 17 25.773885462555068 0cd9414a_20240823_120950.data
130.0 10.0 17 25.773885462555068 0cd9414a_20240823_121014.data
150.0 10.0 17 25.773885462555068 0cd9414a_20240823_121038.data
170.0 10.0 17 25.773885462555068 0cd9414a_20240823_121102.data
190.0 10.0 17 25.773885462555068 0cd9414a_20240823_121126.data
210.0 10.0 17 25.773885462555068 0cd9414a_20240823_121150.data
230.0 10.0 17 25.773885462555068 0cd9414a_20240823_121214.data
250.0 10.0 17 25.773885462555068 0cd9414a_20240823_121238.data
270.0 10.0 17 25.773885462555068 0cd9414a_20240823_121302.data
290.0 10.0 17 25.773885462555068 0cd9414a_20240823_121326.data
290.0 30.0 17 25.656118942731283 0cd9414a_20240823_121350.data
270.0 30.0 17 25.773885462555068 0cd9414a_20240823_121414.data
250.0 30.0 17 25.773885462555068 0cd9414a_20240823_121438.data
230.0 30.0 17 25.773885462555068 0cd9414a_20240823_121502.data
210.0 30.0 17 25.773885462555068 0cd9414a_20240823_121526.data
190.0 30.0 17 25.773885462555068 0cd9414a_20240823_121550.data
170.0 30.0 17 25.773885462555068 0cd9414a_20240823_121614.data
150.0 30.0 17 25.773885462555068 0cd9414a_20240823_121638.data
130.0 30.0 17 25.773885462555068 0cd9414a_20240823_121702.data
110.0 30.0 17 25.773885462555068 0cd9414a_20240823_121726.data
90.0 30.0 17 25.773885462555068 0cd9414a_20240823_121750.data
70.0 30.0 17 25.773885462555068 0cd9414a_20240823_121814.data
50.0 30.0 17 25.656118942731283 0cd9414a_20240823_121838.data
30.0 30.0 17 25.773885462555068 0cd9414a_20240823_121902.data
10.0 30.0 17 25.773885462555068 0cd9414a_20240823_121926.data
10.0 50.0 17 25.773885462555068 0cd9414a_20240823_121950.data
30.0 50.0 17 25.773885462555068 0cd9414a_20240823_122014.data
50.0 50.0 17 25.89125110132159 0cd9414a_20240823_122038.data
70.0 50.0 17 25.89125110132159 0cd9414a_20240823_122102.data
90.0 50.0 17 25.773885462555068 0cd9414a_20240823_122126.data
110.0 50.0 17 25.773885462555068 0cd9414a_20240823_122150.data
130.0 50.0 17 25.773885462555068 0cd9414a_20240823_122214.data
150.0 50.0 17 25.773885462555068 0cd9414a_20240823_122238.data
170.0 50.0 17 25.773885462555068 0cd9414a_20240823_122302.data
190.0 50.0 17 25.656118942731283 0cd9414a_20240823_122326.data
210.0 50.0 17 25.656118942731283 0cd9414a_20240823_122350.data
230.0 50.0 17 25.773885462555068 0cd9414a_20240823_122414.data
250.0 50.0 17 25.773885462555068 0cd9414a_20240823_122438.data
270.0 50.0 17 25.89125110132159 0cd9414a_20240823_122502.data
290.0 50.0 17 26.008123348017623 0cd9414a_20240823_122526.data
290.0 70.0 17 26.008123348017623 0cd9414a_20240823_122550.data
270.0 70.0 17 26.008123348017623 0cd9414a_20240823_122614.data
250.0 70.0 17 25.773885462555068 0cd9414a_20240823_122638.data
230.0 70.0 17 26.008123348017623 0cd9414a_20240823_122702.data
210.0 70.0 17 25.773885462555068 0cd9414a_20240823_122726.data
190.0 70.0 17 26.008123348017623 0cd9414a_20240823_122750.data
170.0 70.0 17 26.008123348017623 0cd9414a_20240823_122814.data
150.0 70.0 17 25.773885462555068 0cd9414a_20240823_122838.data
130.0 70.0 17 26.008123348017623 0cd9414a_20240823_122902.data
110.0 70.0 17 26.008123348017623 0cd9414a_20240823_122926.data
90.0 70.0 17 26.008123348017623 0cd9414a_20240823_122950.data
70.0 70.0 17 26.008123348017623 0cd9414a_20240823_123014.data
50.0 70.0 17 26.008123348017623 0cd9414a_20240823_123038.data
30.0 70.0 17 25.656118942731283 0cd9414a_20240823_123102.data
10.0 70.0 17 25.656118942731283 0cd9414a_20240823_123126.data
10.0 90.0 17 25.89125110132159 0cd9414a_20240823_123150.data
30.0 90.0 17 26.008123348017623 0cd9414a_20240823_123214.data
50.0 90.0 17 26.008123348017623 0cd9414a_20240823_123238.data
70.0 90.0 17 26.008123348017623 0cd9414a_20240823_123302.data
90.0 90.0 17 25.89125110132159 0cd9414a_20240823_123326.data
110.0 90.0 17 26.124563876651983 0cd9414a_20240823_123350.data
130.0 90.0 17 26.124563876651983 0cd9414a_20240823_123414.data
150.0 90.0 17 25.773885462555068 0cd9414a_20240823_123438.data
170.0 90.0 17 26.008123348017623 0cd9414a_20240823_123502.data
190.0 90.0 17 26.008123348017623 0cd9414a_20240823_123526.data
210.0 90.0 17 26.008123348017623 0cd9414a_20240823_123550.data
230.0 90.0 17 25.89125110132159 0cd9414a_20240823_123614.data
250.0 90.0 17 25.773885462555068 0cd9414a_20240823_123638.data
270.0 90.0 17 25.89125110132159 0cd9414a_20240823_123702.data
290.0 90.0 17 26.008123348017623 0cd9414a_20240823_123726.data
290.0 110.0 17 26.008123348017623 0cd9414a_20240823_123750.data
270.0 110.0 17 25.89125110132159 0cd9414a_20240823_123814.data
250.0 110.0 17 26.008123348017623 0cd9414a_20240823_123838.data
230.0 110.0 17 26.124563876651983 0cd9414a_20240823_123902.data
210.0 110.0 17 26.008123348017623 0cd9414a_20240823_123926.data
190.0 110.0 17 26.124563876651983 0cd9414a_20240823_123950.data
170.0 110.0 17 26.008123348017623 0cd9414a_20240823_124014.data
150.0 110.0 17 25.89125110132159 0cd9414a_20240823_124038.data
130.0 110.0 17 26.008123348017623 0cd9414a_20240823_124102.data
110.0 110.0 17 26.008123348017623 0cd9414a_20240823_124127.data
90.0 110.0 17 26.008123348017623 0cd9414a_20240823_124151.data
70.0 110.0 17 26.008123348017623 0cd9414a_20240823_124215.data
50.0 110.0 17 26.008123348017623 0cd9414a_20240823_124239.data
30.0 110.0 17 25.89125110132159 0cd9414a_20240823_124303.data
10.0 110.0 17 25.773885462555068 0cd9414a_20240823_124327.data
10.0 130.0 17 26.008123348017623 0cd9414a_20240823_124351.data
30.0 130.0 17 26.008123348017623 0cd9414a_20240823_124415.data
50.0 130.0 17 26.008123348017623 0cd9414a_20240823_124439.data
70.0 130.0 17 26.124563876651983 0cd9414a_20240823_124503.data
90.0 130.0 17 26.008123348017623 0cd9414a_20240823_124527.data
110.0 130.0 17 25.656118942731283 0cd9414a_20240823_124551.data
130.0 130.0 17 25.89125110132159 0cd9414a_20240823_124615.data
150.0 130.0 17 26.124563876651983 0cd9414a_20240823_124639.data
170.0 130.0 17 26.008123348017623 0cd9414a_20240823_124703.data
190.0 130.0 17 26.008123348017623 0cd9414a_20240823_124727.data
210.0 130.0 17 26.008123348017623 0cd9414a_20240823_124751.data
230.0 130.0 17 26.008123348017623 0cd9414a_20240823_124815.data
250.0 130.0 17 26.008123348017623 0cd9414a_20240823_124839.data
270.0 130.0 17 26.008123348017623 0cd9414a_20240823_124903.data
290.0 130.0 17 25.773885462555068 0cd9414a_20240823_124927.data
290.0 150.0 17 26.008123348017623 0cd9414a_20240823_124951.data
270.0 150.0 17 26.008123348017623 0cd9414a_20240823_125015.data
250.0 150.0 17 26.008123348017623 0cd9414a_20240823_125039.data
230.0 150.0 17 26.008123348017623 0cd9414a_20240823_125103.data
210.0 150.0 17 25.656118942731283 0cd9414a_20240823_125127.data
190.0 150.0 17 26.008123348017623 0cd9414a_20240823_125151.data
170.0 150.0 17 26.008123348017623 0cd9414a_20240823_125215.data
150.0 150.0 17 26.008123348017623 0cd9414a_20240823_125239.data
130.0 150.0 17 25.89125110132159 0cd9414a_20240823_125303.data
110.0 150.0 17 26.008123348017623 0cd9414a_20240823_125327.data
90.0 150.0 17 26.008123348017623 0cd9414a_20240823_125351.data
70.0 150.0 17 26.008123348017623 0cd9414a_20240823_125415.data
50.0 150.0 17 26.008123348017623 0cd9414a_20240823_125439.data
30.0 150.0 17 26.008123348017623 0cd9414a_20240823_125503.data
10.0 150.0 17 26.008123348017623 0cd9414a_20240823_125527.data
10.0 170.0 17 26.008123348017623 0cd9414a_20240823_125551.data
30.0 170.0 17 26.008123348017623 0cd9414a_20240823_125615.data
50.0 170.0 17 26.008123348017623 0cd9414a_20240823_125639.data
70.0 170.0 17 26.008123348017623 0cd9414a_20240823_125703.data
90.0 170.0 17 25.773885462555068 0cd9414a_20240823_125727.data
110.0 170.0 17 26.008123348017623 0cd9414a_20240823_125751.data
130.0 170.0 17 26.008123348017623 0cd9414a_20240823_125815.data
150.0 170.0 17 25.773885462555068 0cd9414a_20240823_125839.data
170.0 170.0 17 26.008123348017623 0cd9414a_20240823_125903.data
190.0 170.0 17 26.008123348017623 0cd9414a_20240823_125927.data
210.0 170.0 17 25.773885462555068 0cd9414a_20240823_125951.data
230.0 170.0 17 26.008123348017623 0cd9414a_20240823_130015.data
250.0 170.0 17 26.008123348017623 0cd9414a_20240823_130039.data
270.0 170.0 17 26.008123348017623 0cd9414a_20240823_130103.data
290.0 170.0 17 25.89125110132159 0cd9414a_20240823_130127.data
290.0 190.0 17 26.008123348017623 0cd9414a_20240823_130151.data
270.0 190.0 17 26.008123348017623 0cd9414a_20240823_130215.data
250.0 190.0 17 25.89125110132159 0cd9414a_20240823_130239.data
230.0 190.0 17 26.008123348017623 0cd9414a_20240823_130303.data
210.0 190.0 17 26.008123348017623 0cd9414a_20240823_130327.data
190.0 190.0 17 26.008123348017623 0cd9414a_20240823_130351.data
170.0 190.0 17 25.89125110132159 0cd9414a_20240823_130415.data
150.0 190.0 17 25.89125110132159 0cd9414a_20240823_130439.data
130.0 190.0 17 26.008123348017623 0cd9414a_20240823_130503.data
110.0 190.0 17 26.008123348017623 0cd9414a_20240823_130527.data
90.0 190.0 17 25.773885462555068 0cd9414a_20240823_130551.data
70.0 190.0 17 26.008123348017623 0cd9414a_20240823_130615.data
50.0 190.0 17 26.008123348017623 0cd9414a_20240823_130639.data
30.0 190.0 17 25.773885462555068 0cd9414a_20240823_130703.data
10.0 190.0 17 26.008123348017623 0cd9414a_20240823_130727.data
10.0 210.0 17 26.008123348017623 0cd9414a_20240823_130751.data
30.0 210.0 17 26.008123348017623 0cd9414a_20240823_130815.data
50.0 210.0 17 26.008123348017623 0cd9414a_20240823_130839.data
70.0 210.0 17 25.773885462555068 0cd9414a_20240823_130903.data
90.0 210.0 17 26.008123348017623 0cd9414a_20240823_130927.data
110.0 210.0 17 26.008123348017623 0cd9414a_20240823_130951.data
130.0 210.0 17 26.008123348017623 0cd9414a_20240823_131015.data
150.0 210.0 17 25.773885462555068 0cd9414a_20240823_131039.data
170.0 210.0 17 25.89125110132159 0cd9414a_20240823_131103.data
190.0 210.0 17 26.008123348017623 0cd9414a_20240823_131127.data
210.0 210.0 17 26.008123348017623 0cd9414a_20240823_131151.data
230.0 210.0 17 25.773885462555068 0cd9414a_20240823_131215.data
250.0 210.0 17 25.89125110132159 0cd9414a_20240823_131239.data
270.0 210.0 17 26.008123348017623 0cd9414a_20240823_131303.data
290.0 210.0 17 25.656118942731283 0cd9414a_20240823_131327.data
290.0 230.0 17 26.008123348017623 0cd9414a_20240823_131352.data
270.0 230.0 17 26.008123348017623 0cd9414a_20240823_131416.data
250.0 230.0 17 26.008123348017623 0cd9414a_20240823_131440.data
230.0 230.0 17 26.008123348017623 0cd9414a_20240823_131504.data
210.0 230.0 17 25.89125110132159 0cd9414a_20240823_131528.data
190.0 230.0 17 26.008123348017623 0cd9414a_20240823_131552.data
170.0 230.0 17 26.008123348017623 0cd9414a_20240823_131616.data
150.0 230.0 17 26.008123348017623 0cd9414a_20240823_131640.data
130.0 230.0 17 25.773885462555068 0cd9414a_20240823_131704.data
110.0 230.0 17 26.008123348017623 0cd9414a_20240823_131728.data
90.0 230.0 17 25.773885462555068 0cd9414a_20240823_131752.data
70.0 230.0 17 26.008123348017623 0cd9414a_20240823_131816.data
50.0 230.0 17 26.008123348017623 0cd9414a_20240823_131840.data
30.0 230.0 17 25.89125110132159 0cd9414a_20240823_131904.data
10.0 230.0 17 25.89125110132159 0cd9414a_20240823_131928.data
10.0 250.0 17 26.008123348017623 0cd9414a_20240823_131952.data
30.0 250.0 17 25.89125110132159 0cd9414a_20240823_132016.data
50.0 250.0 17 26.008123348017623 0cd9414a_20240823_132040.data
70.0 250.0 17 25.89125110132159 0cd9414a_20240823_132104.data
90.0 250.0 17 26.008123348017623 0cd9414a_20240823_132128.data
110.0 250.0 17 26.008123348017623 0cd9414a_20240823_132152.data
130.0 250.0 17 25.89125110132159 0cd9414a_20240823_132216.data
150.0 250.0 17 25.773885462555068 0cd9414a_20240823_132240.data
170.0 250.0 17 26.008123348017623 0cd9414a_20240823_132304.data
190.0 250.0 17 26.008123348017623 0cd9414a_20240823_132328.data
210.0 250.0 17 26.008123348017623 0cd9414a_20240823_132352.data
230.0 250.0 17 26.124563876651983 0cd9414a_20240823_132416.data
250.0 250.0 17 26.008123348017623 0cd9414a_20240823_132440.data
270.0 250.0 17 25.89125110132159 0cd9414a_20240823_132504.data
290.0 250.0 17 26.008123348017623 0cd9414a_20240823_132528.data
290.0 270.0 17 26.008123348017623 0cd9414a_20240823_132552.data
270.0 270.0 17 25.773885462555068 0cd9414a_20240823_132616.data
250.0 270.0 17 25.773885462555068 0cd9414a_20240823_132640.data
230.0 270.0 17 26.008123348017623 0cd9414a_20240823_132704.data
210.0 270.0 17 26.008123348017623 0cd9414a_20240823_132728.data
190.0 270.0 17 26.008123348017623 0cd9414a_20240823_132752.data
170.0 270.0 17 26.008123348017623 0cd9414a_20240823_132816.data
150.0 270.0 17 25.89125110132159 0cd9414a_20240823_132840.data
130.0 270.0 17 26.008123348017623 0cd9414a_20240823_132904.data
110.0 270.0 17 25.656118942731283 0cd9414a_20240823_132928.data
90.0 270.0 17 26.008123348017623 0cd9414a_20240823_132952.data
70.0 270.0 17 26.124563876651983 0cd9414a_20240823_133016.data
50.0 270.0 17 26.008123348017623 0cd9414a_20240823_133040.data
30.0 270.0 17 25.773885462555068 0cd9414a_20240823_133104.data
10.0 270.0 17 26.008123348017623 0cd9414a_20240823_133128.data
10.0 290.0 17 26.008123348017623 0cd9414a_20240823_133152.data
30.0 290.0 17 25.89125110132159 0cd9414a_20240823_133216.data
50.0 290.0 17 26.008123348017623 0cd9414a_20240823_133240.data
70.0 290.0 17 26.008123348017623 0cd9414a_20240823_133304.data
90.0 290.0 17 25.773885462555068 0cd9414a_20240823_133328.data
110.0 290.0 17 25.89125110132159 0cd9414a_20240823_133352.data
130.0 290.0 17 26.008123348017623 0cd9414a_20240823_133416.data
150.0 290.0 17 26.008123348017623 0cd9414a_20240823_133440.data
170.0 290.0 17 26.008123348017623 0cd9414a_20240823_133504.data
190.0 290.0 17 25.656118942731283 0cd9414a_20240823_133528.data
210.0 290.0 17 26.008123348017623 0cd9414a_20240823_133552.data
230.0 290.0 17 25.89125110132159 0cd9414a_20240823_133616.data
250.0 290.0 17 25.773885462555068 0cd9414a_20240823_133640.data
270.0 290.0 17 26.008123348017623 0cd9414a_20240823_133704.data
290.0 290.0 17 26.008123348017623 0cd9414a_20240823_133728.data
290.0 310.0 17 25.656118942731283 0cd9414a_20240823_133752.data
270.0 310.0 17 26.008123348017623 0cd9414a_20240823_133816.data
250.0 310.0 17 26.008123348017623 0cd9414a_20240823_133840.data
230.0 310.0 17 25.89125110132159 0cd9414a_20240823_133904.data
210.0 310.0 17 26.008123348017623 0cd9414a_20240823_133928.data
190.0 310.0 17 26.008123348017623 0cd9414a_20240823_133952.data
170.0 310.0 17 -1 0cd9414a_20240823_134016.data
150.0 310.0 17 26.008123348017623 0cd9414a_20240823_134040.data
130.0 310.0 17 26.008123348017623 0cd9414a_20240823_134104.data
110.0 310.0 17 -1 0cd9414a_20240823_134128.data
90.0 310.0 17 26.008123348017623 0cd9414a_20240823_134152.data
70.0 310.0 17 26.008123348017623 0cd9414a_20240823_134216.data
50.0 310.0 17 26.008123348017623 0cd9414a_20240823_134240.data
30.0 310.0 17 25.89125110132159 0cd9414a_20240823_134304.data
10.0 310.0 17 26.008123348017623 0cd9414a_20240823_134328.data
10.0 330.0 17 26.008123348017623 0cd9414a_20240823_134352.data
30.0 330.0 17 -1 0cd9414a_20240823_134416.data
50.0 330.0 17 26.008123348017623 0cd9414a_20240823_134440.data
70.0 330.0 17 26.124563876651983 0cd9414a_20240823_134505.data
90.0 330.0 17 26.008123348017623 0cd9414a_20240823_134529.data
110.0 330.0 17 25.77400881057269 0cd9414a_20240823_134553.data
130.0 330.0 17 25.773885462555068 0cd9414a_20240823_134617.data
150.0 330.0 17 25.656118942731283 0cd9414a_20240823_134641.data
170.0 330.0 17 25.773885462555068 0cd9414a_20240823_134705.data
190.0 330.0 17 25.773885462555068 0cd9414a_20240823_134729.data
210.0 330.0 17 25.773885462555068 0cd9414a_20240823_134753.data
230.0 330.0 17 25.773885462555068 0cd9414a_20240823_134817.data
250.0 330.0 17 25.773885462555068 0cd9414a_20240823_134841.data
270.0 330.0 17 25.656118942731283 0cd9414a_20240823_134905.data
290.0 330.0 17 25.773885462555068 0cd9414a_20240823_134929.data
10.0 350.0 17 25.773885462555068 0cd9414a_20240823_135512.data
30.0 350.0 17 25.773885462555068 0cd9414a_20240823_135536.data
50.0 350.0 17 25.773885462555068 0cd9414a_20240823_135600.data
70.0 350.0 17 25.773885462555068 0cd9414a_20240823_135624.data
90.0 350.0 17 25.773885462555068 0cd9414a_20240823_135648.data
110.0 350.0 17 25.773885462555068 0cd9414a_20240823_135712.data
130.0 350.0 17 25.773885462555068 0cd9414a_20240823_135736.data
150.0 350.0 17 25.656118942731283 0cd9414a_20240823_135800.data
170.0 350.0 17 25.773885462555068 0cd9414a_20240823_135824.data
190.0 350.0 17 25.656118942731283 0cd9414a_20240823_135848.data
210.0 350.0 17 25.89125110132159 0cd9414a_20240823_135912.data
230.0 350.0 17 25.656118942731283 0cd9414a_20240823_135936.data
250.0 350.0 17 25.773885462555068 0cd9414a_20240823_140000.data
270.0 350.0 17 25.656118942731283 0cd9414a_20240823_140024.data
290.0 350.0 17 25.773885462555068 0cd9414a_20240823_140048.data
290.0 370.0 17 25.773885462555068 0cd9414a_20240823_140112.data
270.0 370.0 17 25.773885462555068 0cd9414a_20240823_140136.data
250.0 370.0 17 25.656118942731283 0cd9414a_20240823_140200.data
230.0 370.0 17 25.773885462555068 0cd9414a_20240823_140224.data
210.0 370.0 17 25.656118942731283 0cd9414a_20240823_140248.data
190.0 370.0 17 25.89125110132159 0cd9414a_20240823_140312.data
170.0 370.0 17 25.656118942731283 0cd9414a_20240823_140337.data
150.0 370.0 17 25.773885462555068 0cd9414a_20240823_140401.data
130.0 370.0 17 25.773885462555068 0cd9414a_20240823_140425.data
110.0 370.0 17 25.656118942731283 0cd9414a_20240823_140449.data
90.0 370.0 17 25.773885462555068 0cd9414a_20240823_140513.data
70.0 370.0 17 25.656118942731283 0cd9414a_20240823_140537.data
50.0 370.0 17 25.773885462555068 0cd9414a_20240823_140601.data
30.0 370.0 17 25.773885462555068 0cd9414a_20240823_140625.data
10.0 370.0 17 25.773885462555068 0cd9414a_20240823_140649.data
10.0 390.0 17 25.773885462555068 0cd9414a_20240823_140713.data
30.0 390.0 17 25.773885462555068 0cd9414a_20240823_140737.data
50.0 390.0 17 25.773885462555068 0cd9414a_20240823_140801.data
70.0 390.0 17 25.773885462555068 0cd9414a_20240823_140825.data
90.0 390.0 17 25.773885462555068 0cd9414a_20240823_140849.data
110.0 390.0 17 25.773885462555068 0cd9414a_20240823_140913.data
130.0 390.0 17 25.773885462555068 0cd9414a_20240823_140937.data
150.0 390.0 17 25.773885462555068 0cd9414a_20240823_141001.data
170.0 390.0 17 25.89125110132159 0cd9414a_20240823_141025.data
190.0 390.0 17 25.656118942731283 0cd9414a_20240823_141049.data
210.0 390.0 17 25.773885462555068 0cd9414a_20240823_141113.data
230.0 390.0 17 25.773885462555068 0cd9414a_20240823_141137.data
250.0 390.0 17 25.773885462555068 0cd9414a_20240823_141201.data
270.0 390.0 17 25.773885462555068 0cd9414a_20240823_141225.data
290.0 390.0 17 25.773885462555068 0cd9414a_20240823_141249.data
290.0 410.0 17 25.773885462555068 0cd9414a_20240823_141313.data
270.0 410.0 17 25.773885462555068 0cd9414a_20240823_141337.data
250.0 410.0 17 25.773885462555068 0cd9414a_20240823_141401.data
230.0 410.0 17 25.773885462555068 0cd9414a_20240823_141425.data
210.0 410.0 17 25.773885462555068 0cd9414a_20240823_141449.data
190.0 410.0 17 26.008123348017623 0cd9414a_20240823_141513.data
170.0 410.0 17 25.773885462555068 0cd9414a_20240823_141537.data
150.0 410.0 17 25.773885462555068 0cd9414a_20240823_141601.data
130.0 410.0 17 25.656118942731283 0cd9414a_20240823_141625.data
110.0 410.0 17 25.773885462555068 0cd9414a_20240823_141649.data
90.0 410.0 17 25.773885462555068 0cd9414a_20240823_141713.data
70.0 410.0 17 25.656118942731283 0cd9414a_20240823_141737.data
50.0 410.0 17 25.773885462555068 0cd9414a_20240823_141801.data
30.0 410.0 17 25.773885462555068 0cd9414a_20240823_141825.data
10.0 410.0 17 25.773885462555068 0cd9414a_20240823_141849.data
10.0 430.0 17 25.656118942731283 0cd9414a_20240823_141913.data
30.0 430.0 17 25.773885462555068 0cd9414a_20240823_141937.data
50.0 430.0 17 25.773885462555068 0cd9414a_20240823_142001.data
70.0 430.0 17 25.773885462555068 0cd9414a_20240823_142025.data
90.0 430.0 17 25.773885462555068 0cd9414a_20240823_142049.data
110.0 430.0 17 25.773885462555068 0cd9414a_20240823_142113.data
130.0 430.0 17 25.773885462555068 0cd9414a_20240823_142137.data
150.0 430.0 17 25.773885462555068 0cd9414a_20240823_142201.data
170.0 430.0 17 25.773885462555068 0cd9414a_20240823_142225.data
190.0 430.0 17 25.773885462555068 0cd9414a_20240823_142249.data
210.0 430.0 17 25.773885462555068 0cd9414a_20240823_142313.data
230.0 430.0 17 25.656118942731283 0cd9414a_20240823_142337.data
250.0 430.0 17 25.773885462555068 0cd9414a_20240823_142401.data
270.0 430.0 17 25.773885462555068 0cd9414a_20240823_142425.data
290.0 430.0 17 25.773885462555068 0cd9414a_20240823_142449.data
290.0 450.0 17 25.773885462555068 0cd9414a_20240823_142513.data
270.0 450.0 17 25.773885462555068 0cd9414a_20240823_142537.data
250.0 450.0 17 25.773885462555068 0cd9414a_20240823_142601.data
230.0 450.0 17 25.773885462555068 0cd9414a_20240823_142625.data
210.0 450.0 17 25.773885462555068 0cd9414a_20240823_142649.data
190.0 450.0 17 25.773885462555068 0cd9414a_20240823_142713.data
170.0 450.0 17 25.773885462555068 0cd9414a_20240823_142737.data
150.0 450.0 17 25.773885462555068 0cd9414a_20240823_142801.data
130.0 450.0 17 25.773885462555068 0cd9414a_20240823_142825.data
110.0 450.0 17 25.773885462555068 0cd9414a_20240823_142849.data
90.0 450.0 17 25.773885462555068 0cd9414a_20240823_142913.data
70.0 450.0 17 25.773885462555068 0cd9414a_20240823_142937.data
50.0 450.0 17 25.773885462555068 0cd9414a_20240823_143001.data
30.0 450.0 17 25.773885462555068 0cd9414a_20240823_143025.data
10.0 450.0 17 25.773885462555068 0cd9414a_20240823_143049.data
10.0 470.0 17 25.773885462555068 0cd9414a_20240823_143113.data
30.0 470.0 17 25.656118942731283 0cd9414a_20240823_143137.data
50.0 470.0 17 25.773885462555068 0cd9414a_20240823_143201.data
70.0 470.0 17 25.773885462555068 0cd9414a_20240823_143225.data
90.0 470.0 17 25.773885462555068 0cd9414a_20240823_143249.data
110.0 470.0 17 25.773885462555068 0cd9414a_20240823_143313.data
130.0 470.0 17 25.89125110132159 0cd9414a_20240823_143337.data
150.0 470.0 17 25.773885462555068 0cd9414a_20240823_143401.data
170.0 470.0 17 26.008123348017623 0cd9414a_20240823_143425.data
190.0 470.0 17 25.773885462555068 0cd9414a_20240823_143449.data
210.0 470.0 17 25.773885462555068 0cd9414a_20240823_143513.data
230.0 470.0 17 26.008123348017623 0cd9414a_20240823_143537.data
250.0 470.0 17 25.773885462555068 0cd9414a_20240823_143601.data
270.0 470.0 17 25.773885462555068 0cd9414a_20240823_143625.data
290.0 470.0 17 25.537859030837005 0cd9414a_20240823_143650.data
