-1 -1 -1 25.180334801762115 0cd9414a_20240822_175457.data
10.0 10.0 17 25.180334801762115 0cd9414a_20240822_175536.data
30.0 10.0 17 25.180334801762115 0cd9414a_20240822_175600.data
50.0 10.0 17 25.180334801762115 0cd9414a_20240822_175624.data
70.0 10.0 17 25.180334801762115 0cd9414a_20240822_175648.data
90.0 10.0 17 25.180334801762115 0cd9414a_20240822_175712.data
110.0 10.0 17 25.180334801762115 0cd9414a_20240822_175736.data
130.0 10.0 17 25.180334801762115 0cd9414a_20240822_175800.data
150.0 10.0 17 25.180334801762115 0cd9414a_20240822_175824.data
170.0 10.0 17 25.180334801762115 0cd9414a_20240822_175848.data
190.0 10.0 17 25.180334801762115 0cd9414a_20240822_175912.data
210.0 10.0 17 25.180334801762115 0cd9414a_20240822_175936.data
230.0 10.0 17 25.180334801762115 0cd9414a_20240822_180000.data
250.0 10.0 17 25.180334801762115 0cd9414a_20240822_180024.data
270.0 10.0 17 25.180334801762115 0cd9414a_20240822_180048.data
290.0 10.0 17 25.180334801762115 0cd9414a_20240822_180112.data
290.0 30.0 17 25.180334801762115 0cd9414a_20240822_180136.data
270.0 30.0 17 25.180334801762115 0cd9414a_20240822_180200.data
250.0 30.0 17 25.180334801762115 0cd9414a_20240822_180224.data
230.0 30.0 17 25.180334801762115 0cd9414a_20240822_180248.data
210.0 30.0 17 25.180334801762115 0cd9414a_20240822_180312.data
190.0 30.0 17 25.180334801762115 0cd9414a_20240822_180336.data
170.0 30.0 17 25.180334801762115 0cd9414a_20240822_180400.data
150.0 30.0 17 25.299982378854633 0cd9414a_20240822_180424.data
130.0 30.0 17 25.299982378854633 0cd9414a_20240822_180448.data
110.0 30.0 17 25.06022466960353 0cd9414a_20240822_180512.data
90.0 30.0 17 25.299982378854633 0cd9414a_20240822_180536.data
70.0 30.0 17 25.06022466960353 0cd9414a_20240822_180600.data
50.0 30.0 17 25.180334801762115 0cd9414a_20240822_180624.data
30.0 30.0 17 25.180334801762115 0cd9414a_20240822_180648.data
10.0 30.0 17 25.06022466960353 0cd9414a_20240822_180712.data
10.0 50.0 17 25.180334801762115 0cd9414a_20240822_180736.data
30.0 50.0 17 25.419136563876656 0cd9414a_20240822_180800.data
50.0 50.0 17 25.06022466960353 0cd9414a_20240822_180824.data
70.0 50.0 17 25.180334801762115 0cd9414a_20240822_180848.data
90.0 50.0 17 25.180334801762115 0cd9414a_20240822_180912.data
110.0 50.0 17 25.180334801762115 0cd9414a_20240822_180936.data
130.0 50.0 17 25.180334801762115 0cd9414a_20240822_181000.data
150.0 50.0 17 25.299982378854633 0cd9414a_20240822_181024.data
170.0 50.0 17 25.06022466960353 0cd9414a_20240822_181048.data
190.0 50.0 17 25.180334801762115 0cd9414a_20240822_181112.data
210.0 50.0 17 25.180334801762115 0cd9414a_20240822_181136.data
230.0 50.0 17 25.180334801762115 0cd9414a_20240822_181200.data
250.0 50.0 17 25.180334801762115 0cd9414a_20240822_181224.data
270.0 50.0 17 25.180334801762115 0cd9414a_20240822_181248.data
290.0 50.0 17 25.419136563876656 0cd9414a_20240822_181312.data
290.0 70.0 17 25.06022466960353 0cd9414a_20240822_181336.data
270.0 70.0 17 25.180334801762115 0cd9414a_20240822_181400.data
250.0 70.0 17 25.180334801762115 0cd9414a_20240822_181424.data
230.0 70.0 17 25.180334801762115 0cd9414a_20240822_181448.data
210.0 70.0 17 25.180334801762115 0cd9414a_20240822_181512.data
190.0 70.0 17 25.299982378854633 0cd9414a_20240822_181536.data
170.0 70.0 17 25.180334801762115 0cd9414a_20240822_181600.data
150.0 70.0 17 25.06022466960353 0cd9414a_20240822_181624.data
130.0 70.0 17 25.180334801762115 0cd9414a_20240822_181648.data
110.0 70.0 17 25.299982378854633 0cd9414a_20240822_181712.data
90.0 70.0 17 25.06022466960353 0cd9414a_20240822_181736.data
70.0 70.0 17 25.299982378854633 0cd9414a_20240822_181800.data
50.0 70.0 17 25.06022466960353 0cd9414a_20240822_181825.data
30.0 70.0 17 25.180334801762115 0cd9414a_20240822_181849.data
10.0 70.0 17 25.419136563876656 0cd9414a_20240822_181913.data
10.0 90.0 17 25.537859030837005 0cd9414a_20240822_181937.data
30.0 90.0 17 25.419136563876656 0cd9414a_20240822_182001.data
50.0 90.0 17 25.299982378854633 0cd9414a_20240822_182025.data
70.0 90.0 17 25.06022466960353 0cd9414a_20240822_182049.data
90.0 90.0 17 25.419136563876656 0cd9414a_20240822_182113.data
110.0 90.0 17 25.537859030837005 0cd9414a_20240822_182137.data
130.0 90.0 17 25.419136563876656 0cd9414a_20240822_182201.data
150.0 90.0 17 25.537859030837005 0cd9414a_20240822_182225.data
170.0 90.0 17 25.419136563876656 0cd9414a_20240822_182249.data
190.0 90.0 17 25.419136563876656 0cd9414a_20240822_182313.data
210.0 90.0 17 25.299982378854633 0cd9414a_20240822_182337.data
230.0 90.0 17 25.419136563876656 0cd9414a_20240822_182401.data
250.0 90.0 17 25.419136563876656 0cd9414a_20240822_182425.data
270.0 90.0 17 24.948500000000003 0cd9414a_20240822_182449.data
290.0 90.0 17 25.299982378854633 0cd9414a_20240822_182513.data
290.0 110.0 17 25.180334801762115 0cd9414a_20240822_182537.data
270.0 110.0 17 25.537859030837005 0cd9414a_20240822_182601.data
250.0 110.0 17 25.419136563876656 0cd9414a_20240822_182625.data
230.0 110.0 17 25.419136563876656 0cd9414a_20240822_182649.data
210.0 110.0 17 25.419136563876656 0cd9414a_20240822_182713.data
190.0 110.0 17 25.419136563876656 0cd9414a_20240822_182737.data
170.0 110.0 17 25.419136563876656 0cd9414a_20240822_182801.data
150.0 110.0 17 25.419136563876656 0cd9414a_20240822_182825.data
130.0 110.0 17 25.419136563876656 0cd9414a_20240822_182849.data
110.0 110.0 17 25.419136563876656 0cd9414a_20240822_182913.data
90.0 110.0 17 25.299982378854633 0cd9414a_20240822_182937.data
70.0 110.0 17 25.537859030837005 0cd9414a_20240822_183001.data
50.0 110.0 17 25.537859030837005 0cd9414a_20240822_183025.data
30.0 110.0 17 25.537859030837005 0cd9414a_20240822_183049.data
10.0 110.0 17 25.537859030837005 0cd9414a_20240822_183113.data
10.0 130.0 17 25.299982378854633 0cd9414a_20240822_183137.data
30.0 130.0 17 25.537859030837005 0cd9414a_20240822_183201.data
50.0 130.0 17 25.419136563876656 0cd9414a_20240822_183225.data
70.0 130.0 17 25.299982378854633 0cd9414a_20240822_183249.data
90.0 130.0 17 25.537859030837005 0cd9414a_20240822_183313.data
110.0 130.0 17 25.537859030837005 0cd9414a_20240822_183337.data
130.0 130.0 17 25.180334801762115 0cd9414a_20240822_183401.data
150.0 130.0 17 25.419136563876656 0cd9414a_20240822_183425.data
170.0 130.0 17 25.537859030837005 0cd9414a_20240822_183449.data
190.0 130.0 17 25.537859030837005 0cd9414a_20240822_183513.data
210.0 130.0 17 25.180334801762115 0cd9414a_20240822_183537.data
230.0 130.0 17 25.537859030837005 0cd9414a_20240822_183601.data
250.0 130.0 17 25.537859030837005 0cd9414a_20240822_183625.data
270.0 130.0 17 25.419136563876656 0cd9414a_20240822_183649.data
290.0 130.0 17 25.419136563876656 0cd9414a_20240822_183713.data
290.0 150.0 17 25.419136563876656 0cd9414a_20240822_183737.data
270.0 150.0 17 25.299982378854633 0cd9414a_20240822_183801.data
250.0 150.0 17 25.419136563876656 0cd9414a_20240822_183825.data
230.0 150.0 17 25.537859030837005 0cd9414a_20240822_183849.data
210.0 150.0 17 25.419136563876656 0cd9414a_20240822_183913.data
190.0 150.0 17 25.537859030837005 0cd9414a_20240822_183937.data
170.0 150.0 17 25.537859030837005 0cd9414a_20240822_184001.data
150.0 150.0 17 25.419136563876656 0cd9414a_20240822_184025.data
130.0 150.0 17 25.537859030837005 0cd9414a_20240822_184049.data
110.0 150.0 17 25.180334801762115 0cd9414a_20240822_184113.data
90.0 150.0 17 25.299982378854633 0cd9414a_20240822_184137.data
70.0 150.0 17 25.419136563876656 0cd9414a_20240822_184201.data
50.0 150.0 17 25.299982378854633 0cd9414a_20240822_184225.data
30.0 150.0 17 25.299982378854633 0cd9414a_20240822_184249.data
10.0 150.0 17 25.419136563876656 0cd9414a_20240822_184313.data
10.0 170.0 17 25.419136563876656 0cd9414a_20240822_184337.data
30.0 170.0 17 25.419136563876656 0cd9414a_20240822_184401.data
50.0 170.0 17 25.537859030837005 0cd9414a_20240822_184425.data
70.0 170.0 17 25.419136563876656 0cd9414a_20240822_184449.data
90.0 170.0 17 25.419136563876656 0cd9414a_20240822_184513.data
110.0 170.0 17 25.419136563876656 0cd9414a_20240822_184537.data
130.0 170.0 17 25.419136563876656 0cd9414a_20240822_184601.data
150.0 170.0 17 25.419136563876656 0cd9414a_20240822_184625.data
170.0 170.0 17 25.419136563876656 0cd9414a_20240822_184649.data
190.0 170.0 17 25.299982378854633 0cd9414a_20240822_184713.data
210.0 170.0 17 25.180334801762115 0cd9414a_20240822_184737.data
230.0 170.0 17 25.299982378854633 0cd9414a_20240822_184801.data
250.0 170.0 17 25.299982378854633 0cd9414a_20240822_184825.data
270.0 170.0 17 25.419136563876656 0cd9414a_20240822_184849.data
290.0 170.0 17 25.419136563876656 0cd9414a_20240822_184913.data
290.0 190.0 17 25.419136563876656 0cd9414a_20240822_184937.data
270.0 190.0 17 25.537859030837005 0cd9414a_20240822_185001.data
250.0 190.0 17 25.419136563876656 0cd9414a_20240822_185025.data
230.0 190.0 17 25.419136563876656 0cd9414a_20240822_185049.data
210.0 190.0 17 25.419136563876656 0cd9414a_20240822_185114.data
190.0 190.0 17 25.537859030837005 0cd9414a_20240822_185137.data
170.0 190.0 17 25.537859030837005 0cd9414a_20240822_185202.data
150.0 190.0 17 25.537859030837005 0cd9414a_20240822_185226.data
130.0 190.0 17 25.419136563876656 0cd9414a_20240822_185250.data
110.0 190.0 17 25.419136563876656 0cd9414a_20240822_185314.data
90.0 190.0 17 25.299982378854633 0cd9414a_20240822_185338.data
70.0 190.0 17 25.419136563876656 0cd9414a_20240822_185402.data
50.0 190.0 17 25.299982378854633 0cd9414a_20240822_185426.data
30.0 190.0 17 25.299982378854633 0cd9414a_20240822_185450.data
10.0 190.0 17 25.537859030837005 0cd9414a_20240822_185514.data
10.0 210.0 17 25.180334801762115 0cd9414a_20240822_185538.data
30.0 210.0 17 25.419136563876656 0cd9414a_20240822_185602.data
50.0 210.0 17 25.419136563876656 0cd9414a_20240822_185626.data
70.0 210.0 17 25.419136563876656 0cd9414a_20240822_185650.data
90.0 210.0 17 25.419136563876656 0cd9414a_20240822_185714.data
110.0 210.0 17 25.537859030837005 0cd9414a_20240822_185738.data
130.0 210.0 17 25.419136563876656 0cd9414a_20240822_185802.data
150.0 210.0 17 25.537859030837005 0cd9414a_20240822_185826.data
170.0 210.0 17 25.419136563876656 0cd9414a_20240822_185850.data
190.0 210.0 17 25.299982378854633 0cd9414a_20240822_185914.data
210.0 210.0 17 25.180334801762115 0cd9414a_20240822_185938.data
230.0 210.0 17 25.180334801762115 0cd9414a_20240822_190002.data
250.0 210.0 17 25.299982378854633 0cd9414a_20240822_190026.data
270.0 210.0 17 25.180334801762115 0cd9414a_20240822_190050.data
290.0 210.0 17 25.299982378854633 0cd9414a_20240822_190114.data
290.0 230.0 17 25.299982378854633 0cd9414a_20240822_190138.data
270.0 230.0 17 25.419136563876656 0cd9414a_20240822_190202.data
250.0 230.0 17 25.419136563876656 0cd9414a_20240822_190226.data
230.0 230.0 17 25.419136563876656 0cd9414a_20240822_190250.data
210.0 230.0 17 25.537859030837005 0cd9414a_20240822_190314.data
190.0 230.0 17 25.419136563876656 0cd9414a_20240822_190338.data
170.0 230.0 17 25.537859030837005 0cd9414a_20240822_190402.data
150.0 230.0 17 25.419136563876656 0cd9414a_20240822_190426.data
130.0 230.0 17 25.419136563876656 0cd9414a_20240822_190450.data
110.0 230.0 17 25.419136563876656 0cd9414a_20240822_190514.data
90.0 230.0 17 25.537859030837005 0cd9414a_20240822_190538.data
70.0 230.0 17 25.180334801762115 0cd9414a_20240822_190602.data
50.0 230.0 17 25.419136563876656 0cd9414a_20240822_190626.data
30.0 230.0 17 25.419136563876656 0cd9414a_20240822_190650.data
10.0 230.0 17 25.299982378854633 0cd9414a_20240822_190714.data
10.0 250.0 17 25.537859030837005 0cd9414a_20240822_190738.data
30.0 250.0 17 25.419136563876656 0cd9414a_20240822_190802.data
50.0 250.0 17 25.299982378854633 0cd9414a_20240822_190826.data
70.0 250.0 17 25.419136563876656 0cd9414a_20240822_190850.data
90.0 250.0 17 25.419136563876656 0cd9414a_20240822_190914.data
110.0 250.0 17 25.537859030837005 0cd9414a_20240822_190938.data
130.0 250.0 17 25.537859030837005 0cd9414a_20240822_191002.data
150.0 250.0 17 25.299982378854633 0cd9414a_20240822_191026.data
170.0 250.0 17 25.299982378854633 0cd9414a_20240822_191050.data
190.0 250.0 17 25.537859030837005 0cd9414a_20240822_191114.data
210.0 250.0 17 25.419136563876656 0cd9414a_20240822_191138.data
230.0 250.0 17 25.419136563876656 0cd9414a_20240822_191202.data
250.0 250.0 17 25.299982378854633 0cd9414a_20240822_191226.data
270.0 250.0 17 25.419136563876656 0cd9414a_20240822_191250.data
290.0 250.0 17 25.537859030837005 0cd9414a_20240822_191314.data
290.0 270.0 17 25.537859030837005 0cd9414a_20240822_191338.data
270.0 270.0 17 25.537859030837005 0cd9414a_20240822_191402.data
250.0 270.0 17 25.537859030837005 0cd9414a_20240822_191426.data
230.0 270.0 17 25.419136563876656 0cd9414a_20240822_191450.data
210.0 270.0 17 25.299982378854633 0cd9414a_20240822_191514.data
190.0 270.0 17 25.537859030837005 0cd9414a_20240822_191538.data
170.0 270.0 17 25.419136563876656 0cd9414a_20240822_191602.data
150.0 270.0 17 25.419136563876656 0cd9414a_20240822_191626.data
130.0 270.0 17 25.419136563876656 0cd9414a_20240822_191650.data
110.0 270.0 17 25.419136563876656 0cd9414a_20240822_191714.data
90.0 270.0 17 25.537859030837005 0cd9414a_20240822_191738.data
70.0 270.0 17 25.537859030837005 0cd9414a_20240822_191802.data
50.0 270.0 17 25.299982378854633 0cd9414a_20240822_191826.data
30.0 270.0 17 25.419136563876656 0cd9414a_20240822_191850.data
10.0 270.0 17 25.419136563876656 0cd9414a_20240822_191914.data
10.0 290.0 17 25.537859030837005 0cd9414a_20240822_191938.data
30.0 290.0 17 25.419136563876656 0cd9414a_20240822_192002.data
50.0 290.0 17 25.419136563876656 0cd9414a_20240822_192026.data
70.0 290.0 17 25.180334801762115 0cd9414a_20240822_192050.data
90.0 290.0 17 25.419136563876656 0cd9414a_20240822_192114.data
110.0 290.0 17 25.419136563876656 0cd9414a_20240822_192138.data
130.0 290.0 17 25.299982378854633 0cd9414a_20240822_192202.data
150.0 290.0 17 25.419136563876656 0cd9414a_20240822_192226.data
170.0 290.0 17 25.537859030837005 0cd9414a_20240822_192250.data
190.0 290.0 17 25.419136563876656 0cd9414a_20240822_192314.data
210.0 290.0 17 25.419136563876656 0cd9414a_20240822_192338.data
230.0 290.0 17 25.419136563876656 0cd9414a_20240822_192402.data
250.0 290.0 17 25.419136563876656 0cd9414a_20240822_192427.data
270.0 290.0 17 25.419136563876656 0cd9414a_20240822_192451.data
290.0 290.0 17 25.299982378854633 0cd9414a_20240822_192515.data
290.0 310.0 17 25.537859030837005 0cd9414a_20240822_192539.data
270.0 310.0 17 25.180334801762115 0cd9414a_20240822_192603.data
250.0 310.0 17 25.537859030837005 0cd9414a_20240822_192627.data
230.0 310.0 17 25.419136563876656 0cd9414a_20240822_192651.data
210.0 310.0 17 25.419136563876656 0cd9414a_20240822_192715.data
190.0 310.0 17 25.06022466960353 0cd9414a_20240822_192739.data
170.0 310.0 17 -1 0cd9414a_20240822_192803.data
150.0 310.0 17 25.537859030837005 0cd9414a_20240822_192827.data
130.0 310.0 17 25.299982378854633 0cd9414a_20240822_192851.data
110.0 310.0 17 -1 0cd9414a_20240822_192915.data
90.0 310.0 17 25.419136563876656 0cd9414a_20240822_192939.data
70.0 310.0 17 25.299982378854633 0cd9414a_20240822_193003.data
50.0 310.0 17 25.419136563876656 0cd9414a_20240822_193027.data
30.0 310.0 17 25.419136563876656 0cd9414a_20240822_193051.data
10.0 310.0 17 25.299982378854633 0cd9414a_20240822_193115.data
10.0 330.0 17 25.299982378854633 0cd9414a_20240822_193139.data
30.0 330.0 17 -1 0cd9414a_20240822_193203.data
50.0 330.0 17 25.299982378854633 0cd9414a_20240822_193227.data
70.0 330.0 17 25.419136563876656 0cd9414a_20240822_193251.data
90.0 330.0 17 25.537859030837005 0cd9414a_20240822_193315.data
110.0 330.0 17 25.419383259911896 0cd9414a_20240822_193339.data
130.0 330.0 17 25.299982378854633 0cd9414a_20240822_193403.data
150.0 330.0 17 25.299982378854633 0cd9414a_20240822_193427.data
170.0 330.0 17 25.299982378854633 0cd9414a_20240822_193451.data
190.0 330.0 17 25.299982378854633 0cd9414a_20240822_193515.data
210.0 330.0 17 25.299982378854633 0cd9414a_20240822_193539.data
230.0 330.0 17 25.299982378854633 0cd9414a_20240822_193603.data
250.0 330.0 17 25.299982378854633 0cd9414a_20240822_193627.data
270.0 330.0 17 25.299982378854633 0cd9414a_20240822_193651.data
290.0 330.0 17 25.299982378854633 0cd9414a_20240822_193715.data
10.0 350.0 17 25.299982378854633 0cd9414a_20240822_193830.data
30.0 350.0 17 25.299982378854633 0cd9414a_20240822_193854.data
50.0 350.0 17 25.180334801762115 0cd9414a_20240822_193918.data
70.0 350.0 17 25.299982378854633 0cd9414a_20240822_193942.data
90.0 350.0 17 25.299982378854633 0cd9414a_20240822_194006.data
110.0 350.0 17 25.299982378854633 0cd9414a_20240822_194030.data
130.0 350.0 17 25.299982378854633 0cd9414a_20240822_194054.data
150.0 350.0 17 25.299982378854633 0cd9414a_20240822_194118.data
170.0 350.0 17 25.299982378854633 0cd9414a_20240822_194142.data
190.0 350.0 17 25.299982378854633 0cd9414a_20240822_194206.data
210.0 350.0 17 25.419136563876656 0cd9414a_20240822_194230.data
230.0 350.0 17 25.299982378854633 0cd9414a_20240822_194254.data
250.0 350.0 17 25.299982378854633 0cd9414a_20240822_194318.data
270.0 350.0 17 25.299982378854633 0cd9414a_20240822_194342.data
290.0 350.0 17 25.299982378854633 0cd9414a_20240822_194406.data
290.0 370.0 17 25.299982378854633 0cd9414a_20240822_194430.data
270.0 370.0 17 25.299982378854633 0cd9414a_20240822_194454.data
250.0 370.0 17 25.299982378854633 0cd9414a_20240822_194518.data
230.0 370.0 17 25.299982378854633 0cd9414a_20240822_194542.data
210.0 370.0 17 25.299982378854633 0cd9414a_20240822_194606.data
190.0 370.0 17 25.419136563876656 0cd9414a_20240822_194630.data
170.0 370.0 17 25.299982378854633 0cd9414a_20240822_194654.data
150.0 370.0 17 25.299982378854633 0cd9414a_20240822_194718.data
130.0 370.0 17 25.299982378854633 0cd9414a_20240822_194743.data
110.0 370.0 17 25.299982378854633 0cd9414a_20240822_194807.data
90.0 370.0 17 25.299982378854633 0cd9414a_20240822_194831.data
70.0 370.0 17 25.299982378854633 0cd9414a_20240822_194855.data
50.0 370.0 17 25.299982378854633 0cd9414a_20240822_194919.data
30.0 370.0 17 25.419136563876656 0cd9414a_20240822_194943.data
10.0 370.0 17 25.299982378854633 0cd9414a_20240822_195007.data
10.0 390.0 17 25.299982378854633 0cd9414a_20240822_195031.data
30.0 390.0 17 25.299982378854633 0cd9414a_20240822_195055.data
50.0 390.0 17 25.299982378854633 0cd9414a_20240822_195119.data
70.0 390.0 17 25.299982378854633 0cd9414a_20240822_195143.data
90.0 390.0 17 25.299982378854633 0cd9414a_20240822_195207.data
110.0 390.0 17 25.299982378854633 0cd9414a_20240822_195231.data
130.0 390.0 17 25.299982378854633 0cd9414a_20240822_195255.data
150.0 390.0 17 25.299982378854633 0cd9414a_20240822_195319.data
170.0 390.0 17 25.299982378854633 0cd9414a_20240822_195343.data
190.0 390.0 17 25.299982378854633 0cd9414a_20240822_195407.data
210.0 390.0 17 25.299982378854633 0cd9414a_20240822_195431.data
230.0 390.0 17 25.299982378854633 0cd9414a_20240822_195455.data
250.0 390.0 17 25.299982378854633 0cd9414a_20240822_195519.data
270.0 390.0 17 25.299982378854633 0cd9414a_20240822_195543.data
290.0 390.0 17 25.299982378854633 0cd9414a_20240822_195607.data
290.0 410.0 17 25.299982378854633 0cd9414a_20240822_195631.data
270.0 410.0 17 25.299982378854633 0cd9414a_20240822_195655.data
250.0 410.0 17 25.299982378854633 0cd9414a_20240822_195719.data
230.0 410.0 17 25.299982378854633 0cd9414a_20240822_195743.data
210.0 410.0 17 25.299982378854633 0cd9414a_20240822_195807.data
190.0 410.0 17 25.299982378854633 0cd9414a_20240822_195831.data
170.0 410.0 17 25.299982378854633 0cd9414a_20240822_195855.data
150.0 410.0 17 25.299982378854633 0cd9414a_20240822_195919.data
130.0 410.0 17 25.299982378854633 0cd9414a_20240822_195943.data
110.0 410.0 17 25.299982378854633 0cd9414a_20240822_200007.data
90.0 410.0 17 25.299982378854633 0cd9414a_20240822_200031.data
70.0 410.0 17 25.299982378854633 0cd9414a_20240822_200055.data
50.0 410.0 17 25.299982378854633 0cd9414a_20240822_200119.data
30.0 410.0 17 25.299982378854633 0cd9414a_20240822_200143.data
10.0 410.0 17 25.299982378854633 0cd9414a_20240822_200207.data
10.0 430.0 17 25.299982378854633 0cd9414a_20240822_200231.data
30.0 430.0 17 25.299982378854633 0cd9414a_20240822_200255.data
50.0 430.0 17 25.299982378854633 0cd9414a_20240822_200319.data
70.0 430.0 17 25.299982378854633 0cd9414a_20240822_200343.data
90.0 430.0 17 25.299982378854633 0cd9414a_20240822_200407.data
110.0 430.0 17 25.299982378854633 0cd9414a_20240822_200431.data
130.0 430.0 17 25.299982378854633 0cd9414a_20240822_200455.data
150.0 430.0 17 25.299982378854633 0cd9414a_20240822_200519.data
170.0 430.0 17 25.299982378854633 0cd9414a_20240822_200543.data
190.0 430.0 17 25.299982378854633 0cd9414a_20240822_200607.data
210.0 430.0 17 25.299982378854633 0cd9414a_20240822_200631.data
230.0 430.0 17 25.419136563876656 0cd9414a_20240822_200655.data
250.0 430.0 17 25.299982378854633 0cd9414a_20240822_200719.data
270.0 430.0 17 25.299982378854633 0cd9414a_20240822_200743.data
290.0 430.0 17 25.299982378854633 0cd9414a_20240822_200807.data
290.0 450.0 17 25.299982378854633 0cd9414a_20240822_200831.data
270.0 450.0 17 25.299982378854633 0cd9414a_20240822_200855.data
250.0 450.0 17 25.299982378854633 0cd9414a_20240822_200919.data
230.0 450.0 17 25.299982378854633 0cd9414a_20240822_200943.data
210.0 450.0 17 25.299982378854633 0cd9414a_20240822_201007.data
190.0 450.0 17 25.299982378854633 0cd9414a_20240822_201031.data
170.0 450.0 17 25.537859030837005 0cd9414a_20240822_201055.data
150.0 450.0 17 25.299982378854633 0cd9414a_20240822_201119.data
130.0 450.0 17 25.299982378854633 0cd9414a_20240822_201143.data
110.0 450.0 17 25.299982378854633 0cd9414a_20240822_201207.data
90.0 450.0 17 25.299982378854633 0cd9414a_20240822_201231.data
70.0 450.0 17 25.299982378854633 0cd9414a_20240822_201255.data
50.0 450.0 17 25.299982378854633 0cd9414a_20240822_201319.data
30.0 450.0 17 25.299982378854633 0cd9414a_20240822_201343.data
10.0 450.0 17 25.299982378854633 0cd9414a_20240822_201407.data
10.0 470.0 17 25.299982378854633 0cd9414a_20240822_201431.data
30.0 470.0 17 25.299982378854633 0cd9414a_20240822_201455.data
50.0 470.0 17 25.299982378854633 0cd9414a_20240822_201519.data
70.0 470.0 17 25.299982378854633 0cd9414a_20240822_201543.data
90.0 470.0 17 25.299982378854633 0cd9414a_20240822_201607.data
110.0 470.0 17 25.299982378854633 0cd9414a_20240822_201631.data
130.0 470.0 17 25.299982378854633 0cd9414a_20240822_201655.data
150.0 470.0 17 25.299982378854633 0cd9414a_20240822_201719.data
170.0 470.0 17 25.299982378854633 0cd9414a_20240822_201743.data
190.0 470.0 17 25.299982378854633 0cd9414a_20240822_201807.data
210.0 470.0 17 25.299982378854633 0cd9414a_20240822_201831.data
230.0 470.0 17 25.299982378854633 0cd9414a_20240822_201855.data
250.0 470.0 17 25.299982378854633 0cd9414a_20240822_201919.data
270.0 470.0 17 25.299982378854633 0cd9414a_20240822_201943.data
290.0 470.0 17 25.419136563876656 0cd9414a_20240822_202007.data
