-1 -1 -1 27.928651982378856 0cd9414a_20240806_142317.data
10.0 10.0 17 27.81905726872247 0cd9414a_20240806_142356.data
30.0 10.0 17 27.81905726872247 0cd9414a_20240806_142420.data
50.0 10.0 17 27.81905726872247 0cd9414a_20240806_142444.data
70.0 10.0 17 27.928651982378856 0cd9414a_20240806_142508.data
90.0 10.0 17 27.81905726872247 0cd9414a_20240806_142532.data
110.0 10.0 17 27.928651982378856 0cd9414a_20240806_142556.data
130.0 10.0 17 27.928651982378856 0cd9414a_20240806_142620.data
150.0 10.0 17 27.81905726872247 0cd9414a_20240806_142644.data
170.0 10.0 17 27.928651982378856 0cd9414a_20240806_142708.data
190.0 10.0 17 27.928651982378856 0cd9414a_20240806_142732.data
210.0 10.0 17 27.928651982378856 0cd9414a_20240806_142756.data
230.0 10.0 17 27.81905726872247 0cd9414a_20240806_142820.data
250.0 10.0 17 27.928651982378856 0cd9414a_20240806_142844.data
270.0 10.0 17 27.928651982378856 0cd9414a_20240806_142908.data
290.0 10.0 17 27.81905726872247 0cd9414a_20240806_142932.data
290.0 30.0 17 27.81905726872247 0cd9414a_20240806_142956.data
270.0 30.0 17 27.81905726872247 0cd9414a_20240806_143020.data
250.0 30.0 17 27.928651982378856 0cd9414a_20240806_143044.data
230.0 30.0 17 27.81905726872247 0cd9414a_20240806_143108.data
210.0 30.0 17 27.81905726872247 0cd9414a_20240806_143132.data
190.0 30.0 17 27.81905726872247 0cd9414a_20240806_143156.data
170.0 30.0 17 27.81905726872247 0cd9414a_20240806_143220.data
150.0 30.0 17 27.81905726872247 0cd9414a_20240806_143244.data
130.0 30.0 17 27.928651982378856 0cd9414a_20240806_143308.data
110.0 30.0 17 27.928651982378856 0cd9414a_20240806_143332.data
90.0 30.0 17 27.928651982378856 0cd9414a_20240806_143356.data
70.0 30.0 17 27.81905726872247 0cd9414a_20240806_143420.data
50.0 30.0 17 27.81905726872247 0cd9414a_20240806_143444.data
30.0 30.0 17 27.81905726872247 0cd9414a_20240806_143508.data
10.0 30.0 17 27.928651982378856 0cd9414a_20240806_143532.data
10.0 50.0 17 27.81905726872247 0cd9414a_20240806_143556.data
30.0 50.0 17 27.81905726872247 0cd9414a_20240806_143620.data
50.0 50.0 17 27.928651982378856 0cd9414a_20240806_143644.data
70.0 50.0 17 27.81905726872247 0cd9414a_20240806_143708.data
90.0 50.0 17 27.81905726872247 0cd9414a_20240806_143732.data
110.0 50.0 17 27.928651982378856 0cd9414a_20240806_143756.data
130.0 50.0 17 27.81905726872247 0cd9414a_20240806_143820.data
150.0 50.0 17 28.037845814977977 0cd9414a_20240806_143844.data
170.0 50.0 17 27.928651982378856 0cd9414a_20240806_143908.data
190.0 50.0 17 27.81905726872247 0cd9414a_20240806_143932.data
210.0 50.0 17 27.928651982378856 0cd9414a_20240806_143956.data
230.0 50.0 17 27.928651982378856 0cd9414a_20240806_144020.data
250.0 50.0 17 27.81905726872247 0cd9414a_20240806_144045.data
270.0 50.0 17 27.928651982378856 0cd9414a_20240806_144109.data
290.0 50.0 17 27.928651982378856 0cd9414a_20240806_144133.data
290.0 70.0 17 27.81905726872247 0cd9414a_20240806_144157.data
270.0 70.0 17 27.81905726872247 0cd9414a_20240806_144221.data
250.0 70.0 17 27.81905726872247 0cd9414a_20240806_144245.data
230.0 70.0 17 27.928651982378856 0cd9414a_20240806_144309.data
210.0 70.0 17 27.81905726872247 0cd9414a_20240806_144333.data
190.0 70.0 17 27.928651982378856 0cd9414a_20240806_144357.data
170.0 70.0 17 27.81905726872247 0cd9414a_20240806_144421.data
150.0 70.0 17 27.81905726872247 0cd9414a_20240806_144445.data
130.0 70.0 17 27.928651982378856 0cd9414a_20240806_144509.data
110.0 70.0 17 27.81905726872247 0cd9414a_20240806_144533.data
90.0 70.0 17 27.81905726872247 0cd9414a_20240806_144557.data
70.0 70.0 17 27.81905726872247 0cd9414a_20240806_144621.data
50.0 70.0 17 27.81905726872247 0cd9414a_20240806_144645.data
30.0 70.0 17 27.81905726872247 0cd9414a_20240806_144709.data
10.0 70.0 17 27.81905726872247 0cd9414a_20240806_144733.data
10.0 90.0 17 27.81905726872247 0cd9414a_20240806_144757.data
30.0 90.0 17 27.81905726872247 0cd9414a_20240806_144821.data
50.0 90.0 17 27.81905726872247 0cd9414a_20240806_144845.data
70.0 90.0 17 27.81905726872247 0cd9414a_20240806_144909.data
90.0 90.0 17 27.81905726872247 0cd9414a_20240806_144933.data
110.0 90.0 17 27.928651982378856 0cd9414a_20240806_144957.data
130.0 90.0 17 27.928651982378856 0cd9414a_20240806_145021.data
150.0 90.0 17 27.81905726872247 0cd9414a_20240806_145045.data
170.0 90.0 17 27.81905726872247 0cd9414a_20240806_145109.data
190.0 90.0 17 27.81905726872247 0cd9414a_20240806_145133.data
210.0 90.0 17 27.928651982378856 0cd9414a_20240806_145157.data
230.0 90.0 17 27.81905726872247 0cd9414a_20240806_145221.data
250.0 90.0 17 27.81905726872247 0cd9414a_20240806_145245.data
270.0 90.0 17 27.928651982378856 0cd9414a_20240806_145309.data
290.0 90.0 17 27.81905726872247 0cd9414a_20240806_145333.data
290.0 110.0 17 27.81905726872247 0cd9414a_20240806_145357.data
270.0 110.0 17 27.81905726872247 0cd9414a_20240806_145421.data
250.0 110.0 17 27.928651982378856 0cd9414a_20240806_145445.data
230.0 110.0 17 27.81905726872247 0cd9414a_20240806_145509.data
210.0 110.0 17 27.81905726872247 0cd9414a_20240806_145533.data
190.0 110.0 17 28.037845814977977 0cd9414a_20240806_145557.data
170.0 110.0 17 27.81905726872247 0cd9414a_20240806_145621.data
150.0 110.0 17 28.037845814977977 0cd9414a_20240806_145645.data
130.0 110.0 17 27.928651982378856 0cd9414a_20240806_145709.data
110.0 110.0 17 27.81905726872247 0cd9414a_20240806_145733.data
90.0 110.0 17 27.928651982378856 0cd9414a_20240806_145757.data
70.0 110.0 17 27.928651982378856 0cd9414a_20240806_145821.data
50.0 110.0 17 27.81905726872247 0cd9414a_20240806_145845.data
30.0 110.0 17 27.81905726872247 0cd9414a_20240806_145909.data
10.0 110.0 17 27.928651982378856 0cd9414a_20240806_145933.data
10.0 130.0 17 27.81905726872247 0cd9414a_20240806_145957.data
30.0 130.0 17 27.81905726872247 0cd9414a_20240806_150021.data
50.0 130.0 17 27.928651982378856 0cd9414a_20240806_150045.data
70.0 130.0 17 27.81905726872247 0cd9414a_20240806_150109.data
90.0 130.0 17 27.928651982378856 0cd9414a_20240806_150133.data
110.0 130.0 17 27.81905726872247 0cd9414a_20240806_150157.data
130.0 130.0 17 27.928651982378856 0cd9414a_20240806_150221.data
150.0 130.0 17 27.81905726872247 0cd9414a_20240806_150245.data
170.0 130.0 17 27.81905726872247 0cd9414a_20240806_150309.data
190.0 130.0 17 27.928651982378856 0cd9414a_20240806_150333.data
210.0 130.0 17 27.81905726872247 0cd9414a_20240806_150357.data
230.0 130.0 17 27.81905726872247 0cd9414a_20240806_150421.data
250.0 130.0 17 27.81905726872247 0cd9414a_20240806_150445.data
270.0 130.0 17 27.81905726872247 0cd9414a_20240806_150509.data
290.0 130.0 17 27.928651982378856 0cd9414a_20240806_150533.data
290.0 150.0 17 27.81905726872247 0cd9414a_20240806_150557.data
270.0 150.0 17 27.81905726872247 0cd9414a_20240806_150621.data
250.0 150.0 17 27.81905726872247 0cd9414a_20240806_150645.data
230.0 150.0 17 27.928651982378856 0cd9414a_20240806_150709.data
210.0 150.0 17 27.81905726872247 0cd9414a_20240806_150733.data
190.0 150.0 17 27.81905726872247 0cd9414a_20240806_150757.data
170.0 150.0 17 27.81905726872247 0cd9414a_20240806_150821.data
150.0 150.0 17 27.81905726872247 0cd9414a_20240806_150845.data
130.0 150.0 17 27.81905726872247 0cd9414a_20240806_150909.data
110.0 150.0 17 27.81905726872247 0cd9414a_20240806_150933.data
90.0 150.0 17 27.81905726872247 0cd9414a_20240806_150957.data
70.0 150.0 17 27.81905726872247 0cd9414a_20240806_151021.data
50.0 150.0 17 27.81905726872247 0cd9414a_20240806_151045.data
30.0 150.0 17 27.928651982378856 0cd9414a_20240806_151109.data
10.0 150.0 17 27.81905726872247 0cd9414a_20240806_151133.data
10.0 170.0 17 27.81905726872247 0cd9414a_20240806_151157.data
30.0 170.0 17 27.81905726872247 0cd9414a_20240806_151221.data
50.0 170.0 17 27.81905726872247 0cd9414a_20240806_151245.data
70.0 170.0 17 27.81905726872247 0cd9414a_20240806_151309.data
90.0 170.0 17 27.928651982378856 0cd9414a_20240806_151333.data
110.0 170.0 17 27.81905726872247 0cd9414a_20240806_151357.data
130.0 170.0 17 27.928651982378856 0cd9414a_20240806_151421.data
150.0 170.0 17 27.81905726872247 0cd9414a_20240806_151445.data
170.0 170.0 17 27.928651982378856 0cd9414a_20240806_151509.data
190.0 170.0 17 27.928651982378856 0cd9414a_20240806_151533.data
210.0 170.0 17 27.81905726872247 0cd9414a_20240806_151557.data
230.0 170.0 17 27.928651982378856 0cd9414a_20240806_151622.data
250.0 170.0 17 27.81905726872247 0cd9414a_20240806_151646.data
270.0 170.0 17 27.928651982378856 0cd9414a_20240806_151710.data
290.0 170.0 17 27.81905726872247 0cd9414a_20240806_151734.data
290.0 190.0 17 27.81905726872247 0cd9414a_20240806_151758.data
270.0 190.0 17 27.928651982378856 0cd9414a_20240806_151822.data
250.0 190.0 17 27.928651982378856 0cd9414a_20240806_151846.data
230.0 190.0 17 27.81905726872247 0cd9414a_20240806_151910.data
210.0 190.0 17 27.81905726872247 0cd9414a_20240806_151934.data
190.0 190.0 17 27.928651982378856 0cd9414a_20240806_151958.data
170.0 190.0 17 27.81905726872247 0cd9414a_20240806_152022.data
150.0 190.0 17 27.81905726872247 0cd9414a_20240806_152046.data
130.0 190.0 17 27.81905726872247 0cd9414a_20240806_152110.data
110.0 190.0 17 27.928651982378856 0cd9414a_20240806_152134.data
90.0 190.0 17 27.928651982378856 0cd9414a_20240806_152158.data
70.0 190.0 17 27.81905726872247 0cd9414a_20240806_152222.data
50.0 190.0 17 27.81905726872247 0cd9414a_20240806_152246.data
30.0 190.0 17 27.81905726872247 0cd9414a_20240806_152310.data
10.0 190.0 17 27.81905726872247 0cd9414a_20240806_152334.data
10.0 210.0 17 27.928651982378856 0cd9414a_20240806_152358.data
30.0 210.0 17 27.81905726872247 0cd9414a_20240806_152422.data
50.0 210.0 17 27.81905726872247 0cd9414a_20240806_152446.data
70.0 210.0 17 27.81905726872247 0cd9414a_20240806_152510.data
90.0 210.0 17 27.81905726872247 0cd9414a_20240806_152534.data
110.0 210.0 17 27.928651982378856 0cd9414a_20240806_152558.data
130.0 210.0 17 27.81905726872247 0cd9414a_20240806_152622.data
150.0 210.0 17 27.81905726872247 0cd9414a_20240806_152646.data
170.0 210.0 17 27.81905726872247 0cd9414a_20240806_152710.data
190.0 210.0 17 27.81905726872247 0cd9414a_20240806_152734.data
210.0 210.0 17 27.81905726872247 0cd9414a_20240806_152758.data
230.0 210.0 17 27.81905726872247 0cd9414a_20240806_152822.data
250.0 210.0 17 27.81905726872247 0cd9414a_20240806_152846.data
270.0 210.0 17 27.81905726872247 0cd9414a_20240806_152910.data
290.0 210.0 17 27.81905726872247 0cd9414a_20240806_152934.data
290.0 230.0 17 27.81905726872247 0cd9414a_20240806_152958.data
270.0 230.0 17 27.81905726872247 0cd9414a_20240806_153022.data
250.0 230.0 17 27.928651982378856 0cd9414a_20240806_153046.data
230.0 230.0 17 27.81905726872247 0cd9414a_20240806_153110.data
210.0 230.0 17 27.928651982378856 0cd9414a_20240806_153134.data
190.0 230.0 17 27.81905726872247 0cd9414a_20240806_153158.data
170.0 230.0 17 27.928651982378856 0cd9414a_20240806_153222.data
150.0 230.0 17 27.81905726872247 0cd9414a_20240806_153246.data
130.0 230.0 17 27.81905726872247 0cd9414a_20240806_153310.data
110.0 230.0 17 27.81905726872247 0cd9414a_20240806_153334.data
90.0 230.0 17 27.81905726872247 0cd9414a_20240806_153358.data
70.0 230.0 17 27.928651982378856 0cd9414a_20240806_153422.data
50.0 230.0 17 27.81905726872247 0cd9414a_20240806_153446.data
30.0 230.0 17 27.928651982378856 0cd9414a_20240806_153510.data
10.0 230.0 17 27.81905726872247 0cd9414a_20240806_153534.data
10.0 250.0 17 27.81905726872247 0cd9414a_20240806_153558.data
30.0 250.0 17 27.81905726872247 0cd9414a_20240806_153622.data
50.0 250.0 17 27.81905726872247 0cd9414a_20240806_153646.data
70.0 250.0 17 27.928651982378856 0cd9414a_20240806_153710.data
90.0 250.0 17 27.81905726872247 0cd9414a_20240806_153734.data
110.0 250.0 17 27.81905726872247 0cd9414a_20240806_153758.data
130.0 250.0 17 27.81905726872247 0cd9414a_20240806_153822.data
150.0 250.0 17 27.928651982378856 0cd9414a_20240806_153846.data
170.0 250.0 17 27.81905726872247 0cd9414a_20240806_153910.data
190.0 250.0 17 27.709061674008815 0cd9414a_20240806_153934.data
210.0 250.0 17 27.81905726872247 0cd9414a_20240806_153958.data
230.0 250.0 17 28.037845814977977 0cd9414a_20240806_154022.data
250.0 250.0 17 27.81905726872247 0cd9414a_20240806_154046.data
270.0 250.0 17 27.928651982378856 0cd9414a_20240806_154110.data
290.0 250.0 17 27.81905726872247 0cd9414a_20240806_154134.data
290.0 270.0 17 27.81905726872247 0cd9414a_20240806_154158.data
270.0 270.0 17 27.81905726872247 0cd9414a_20240806_154222.data
250.0 270.0 17 27.928651982378856 0cd9414a_20240806_154246.data
230.0 270.0 17 27.81905726872247 0cd9414a_20240806_154310.data
210.0 270.0 17 27.81905726872247 0cd9414a_20240806_154334.data
190.0 270.0 17 27.81905726872247 0cd9414a_20240806_154358.data
170.0 270.0 17 27.81905726872247 0cd9414a_20240806_154422.data
150.0 270.0 17 28.037845814977977 0cd9414a_20240806_154446.data
130.0 270.0 17 27.928651982378856 0cd9414a_20240806_154510.data
110.0 270.0 17 28.037845814977977 0cd9414a_20240806_154534.data
90.0 270.0 17 27.81905726872247 0cd9414a_20240806_154558.data
70.0 270.0 17 27.709061674008815 0cd9414a_20240806_154622.data
50.0 270.0 17 27.81905726872247 0cd9414a_20240806_154646.data
30.0 270.0 17 27.81905726872247 0cd9414a_20240806_154710.data
10.0 270.0 17 27.81905726872247 0cd9414a_20240806_154734.data
10.0 290.0 17 27.928651982378856 0cd9414a_20240806_154758.data
30.0 290.0 17 27.81905726872247 0cd9414a_20240806_154822.data
50.0 290.0 17 27.81905726872247 0cd9414a_20240806_154846.data
70.0 290.0 17 27.928651982378856 0cd9414a_20240806_154910.data
90.0 290.0 17 27.81905726872247 0cd9414a_20240806_154934.data
110.0 290.0 17 27.928651982378856 0cd9414a_20240806_154958.data
130.0 290.0 17 27.81905726872247 0cd9414a_20240806_155022.data
150.0 290.0 17 27.81905726872247 0cd9414a_20240806_155046.data
170.0 290.0 17 27.81905726872247 0cd9414a_20240806_155110.data
190.0 290.0 17 27.81905726872247 0cd9414a_20240806_155134.data
210.0 290.0 17 27.709061674008815 0cd9414a_20240806_155158.data
230.0 290.0 17 27.81905726872247 0cd9414a_20240806_155222.data
250.0 290.0 17 27.81905726872247 0cd9414a_20240806_155246.data
270.0 290.0 17 27.928651982378856 0cd9414a_20240806_155310.data
290.0 290.0 17 27.81905726872247 0cd9414a_20240806_155334.data
290.0 310.0 17 27.81905726872247 0cd9414a_20240806_155359.data
270.0 310.0 17 27.81905726872247 0cd9414a_20240806_155423.data
250.0 310.0 17 27.81905726872247 0cd9414a_20240806_155447.data
230.0 310.0 17 27.81905726872247 0cd9414a_20240806_155511.data
210.0 310.0 17 -1 0cd9414a_20240806_155535.data
190.0 310.0 17 27.81905726872247 0cd9414a_20240806_155559.data
170.0 310.0 17 27.81905726872247 0cd9414a_20240806_155623.data
150.0 310.0 17 -1 0cd9414a_20240806_155647.data
130.0 310.0 17 27.81905726872247 0cd9414a_20240806_155711.data
110.0 310.0 17 27.81905726872247 0cd9414a_20240806_155735.data
90.0 310.0 17 27.81905726872247 0cd9414a_20240806_155759.data
70.0 310.0 17 27.928651982378856 0cd9414a_20240806_155823.data
50.0 310.0 17 27.81905726872247 0cd9414a_20240806_155847.data
30.0 310.0 17 27.928651982378856 0cd9414a_20240806_155911.data
10.0 310.0 17 -1 0cd9414a_20240806_155935.data
10.0 330.0 17 27.81905726872247 0cd9414a_20240806_155959.data
30.0 330.0 17 27.928651982378856 0cd9414a_20240806_160023.data
50.0 330.0 17 27.81905726872247 0cd9414a_20240806_160047.data
70.0 330.0 17 27.8215859030837 0cd9414a_20240806_160111.data
90.0 330.0 17 28.14663876651983 0cd9414a_20240806_160135.data
110.0 330.0 17 28.25503083700441 0cd9414a_20240806_160159.data
130.0 330.0 17 28.14663876651983 0cd9414a_20240806_160223.data
150.0 330.0 17 28.14663876651983 0cd9414a_20240806_160247.data
170.0 330.0 17 28.14663876651983 0cd9414a_20240806_160311.data
190.0 330.0 17 28.14663876651983 0cd9414a_20240806_160335.data
210.0 330.0 17 28.14663876651983 0cd9414a_20240806_160359.data
230.0 330.0 17 28.14663876651983 0cd9414a_20240806_160423.data
250.0 330.0 17 28.14663876651983 0cd9414a_20240806_160447.data
270.0 330.0 17 28.25503083700441 0cd9414a_20240806_160511.data
290.0 330.0 17 28.14663876651983 0cd9414a_20240806_160535.data
10.0 350.0 17 28.14663876651983 0cd9414a_20240806_160759.data
30.0 350.0 17 28.14663876651983 0cd9414a_20240806_160823.data
50.0 350.0 17 28.14663876651983 0cd9414a_20240806_160847.data
70.0 350.0 17 28.14663876651983 0cd9414a_20240806_160911.data
90.0 350.0 17 28.14663876651983 0cd9414a_20240806_160935.data
110.0 350.0 17 28.25503083700441 0cd9414a_20240806_160959.data
130.0 350.0 17 28.25503083700441 0cd9414a_20240806_161023.data
150.0 350.0 17 28.14663876651983 0cd9414a_20240806_161047.data
170.0 350.0 17 28.14663876651983 0cd9414a_20240806_161111.data
190.0 350.0 17 28.14663876651983 0cd9414a_20240806_161135.data
210.0 350.0 17 28.14663876651983 0cd9414a_20240806_161159.data
230.0 350.0 17 28.25503083700441 0cd9414a_20240806_161223.data
250.0 350.0 17 28.14663876651983 0cd9414a_20240806_161247.data
270.0 350.0 17 28.14663876651983 0cd9414a_20240806_161311.data
290.0 350.0 17 28.14663876651983 0cd9414a_20240806_161335.data
290.0 370.0 17 28.25503083700441 0cd9414a_20240806_161359.data
270.0 370.0 17 28.14663876651983 0cd9414a_20240806_161423.data
250.0 370.0 17 28.25503083700441 0cd9414a_20240806_161447.data
230.0 370.0 17 28.14663876651983 0cd9414a_20240806_161511.data
210.0 370.0 17 28.14663876651983 0cd9414a_20240806_161535.data
190.0 370.0 17 28.14663876651983 0cd9414a_20240806_161559.data
170.0 370.0 17 28.14663876651983 0cd9414a_20240806_161623.data
150.0 370.0 17 28.14663876651983 0cd9414a_20240806_161647.data
130.0 370.0 17 28.14663876651983 0cd9414a_20240806_161711.data
110.0 370.0 17 28.14663876651983 0cd9414a_20240806_161735.data
90.0 370.0 17 28.25503083700441 0cd9414a_20240806_161759.data
70.0 370.0 17 28.037845814977977 0cd9414a_20240806_161823.data
50.0 370.0 17 28.14663876651983 0cd9414a_20240806_161847.data
30.0 370.0 17 28.14663876651983 0cd9414a_20240806_161911.data
10.0 370.0 17 28.14663876651983 0cd9414a_20240806_161935.data
10.0 390.0 17 28.14663876651983 0cd9414a_20240806_161959.data
30.0 390.0 17 28.14663876651983 0cd9414a_20240806_162023.data
50.0 390.0 17 28.14663876651983 0cd9414a_20240806_162047.data
70.0 390.0 17 28.14663876651983 0cd9414a_20240806_162111.data
90.0 390.0 17 28.14663876651983 0cd9414a_20240806_162135.data
110.0 390.0 17 28.14663876651983 0cd9414a_20240806_162159.data
130.0 390.0 17 28.14663876651983 0cd9414a_20240806_162223.data
150.0 390.0 17 28.14663876651983 0cd9414a_20240806_162247.data
170.0 390.0 17 28.14663876651983 0cd9414a_20240806_162311.data
190.0 390.0 17 28.14663876651983 0cd9414a_20240806_162335.data
210.0 390.0 17 28.14663876651983 0cd9414a_20240806_162359.data
230.0 390.0 17 28.14663876651983 0cd9414a_20240806_162423.data
250.0 390.0 17 28.14663876651983 0cd9414a_20240806_162447.data
270.0 390.0 17 28.14663876651983 0cd9414a_20240806_162511.data
290.0 390.0 17 28.14663876651983 0cd9414a_20240806_162535.data
290.0 410.0 17 28.14663876651983 0cd9414a_20240806_162559.data
270.0 410.0 17 28.25503083700441 0cd9414a_20240806_162623.data
250.0 410.0 17 28.14663876651983 0cd9414a_20240806_162647.data
230.0 410.0 17 28.037845814977977 0cd9414a_20240806_162711.data
210.0 410.0 17 28.14663876651983 0cd9414a_20240806_162735.data
190.0 410.0 17 28.25503083700441 0cd9414a_20240806_162759.data
170.0 410.0 17 28.25503083700441 0cd9414a_20240806_162823.data
150.0 410.0 17 28.037845814977977 0cd9414a_20240806_162847.data
130.0 410.0 17 28.14663876651983 0cd9414a_20240806_162911.data
110.0 410.0 17 28.14663876651983 0cd9414a_20240806_162935.data
90.0 410.0 17 28.14663876651983 0cd9414a_20240806_162959.data
70.0 410.0 17 28.14663876651983 0cd9414a_20240806_163023.data
50.0 410.0 17 28.25503083700441 0cd9414a_20240806_163047.data
30.0 410.0 17 28.14663876651983 0cd9414a_20240806_163111.data
10.0 410.0 17 28.14663876651983 0cd9414a_20240806_163135.data
10.0 430.0 17 28.14663876651983 0cd9414a_20240806_163159.data
30.0 430.0 17 28.14663876651983 0cd9414a_20240806_163223.data
50.0 430.0 17 28.14663876651983 0cd9414a_20240806_163247.data
70.0 430.0 17 28.14663876651983 0cd9414a_20240806_163311.data
90.0 430.0 17 28.14663876651983 0cd9414a_20240806_163335.data
110.0 430.0 17 28.14663876651983 0cd9414a_20240806_163359.data
130.0 430.0 17 28.14663876651983 0cd9414a_20240806_163423.data
150.0 430.0 17 28.14663876651983 0cd9414a_20240806_163447.data
170.0 430.0 17 28.14663876651983 0cd9414a_20240806_163511.data
190.0 430.0 17 28.14663876651983 0cd9414a_20240806_163535.data
210.0 430.0 17 28.25503083700441 0cd9414a_20240806_163600.data
230.0 430.0 17 28.14663876651983 0cd9414a_20240806_163624.data
250.0 430.0 17 28.25503083700441 0cd9414a_20240806_163648.data
270.0 430.0 17 28.14663876651983 0cd9414a_20240806_163712.data
290.0 430.0 17 28.14663876651983 0cd9414a_20240806_163736.data
290.0 450.0 17 28.14663876651983 0cd9414a_20240806_163800.data
270.0 450.0 17 28.14663876651983 0cd9414a_20240806_163824.data
250.0 450.0 17 28.25503083700441 0cd9414a_20240806_163848.data
230.0 450.0 17 28.14663876651983 0cd9414a_20240806_163912.data
210.0 450.0 17 28.14663876651983 0cd9414a_20240806_163936.data
190.0 450.0 17 28.14663876651983 0cd9414a_20240806_164000.data
170.0 450.0 17 28.14663876651983 0cd9414a_20240806_164024.data
150.0 450.0 17 28.14663876651983 0cd9414a_20240806_164048.data
130.0 450.0 17 28.14663876651983 0cd9414a_20240806_164112.data
110.0 450.0 17 28.14663876651983 0cd9414a_20240806_164136.data
90.0 450.0 17 28.14663876651983 0cd9414a_20240806_164200.data
70.0 450.0 17 28.25503083700441 0cd9414a_20240806_164224.data
50.0 450.0 17 28.14663876651983 0cd9414a_20240806_164248.data
30.0 450.0 17 28.14663876651983 0cd9414a_20240806_164312.data
10.0 450.0 17 28.14663876651983 0cd9414a_20240806_164336.data
10.0 470.0 17 28.14663876651983 0cd9414a_20240806_164400.data
30.0 470.0 17 28.14663876651983 0cd9414a_20240806_164424.data
50.0 470.0 17 28.14663876651983 0cd9414a_20240806_164448.data
70.0 470.0 17 28.14663876651983 0cd9414a_20240806_164512.data
90.0 470.0 17 28.14663876651983 0cd9414a_20240806_164536.data
110.0 470.0 17 28.14663876651983 0cd9414a_20240806_164600.data
130.0 470.0 17 28.25503083700441 0cd9414a_20240806_164600.data
150.0 470.0 17 28.14663876651983 0cd9414a_20240806_164600.data
170.0 470.0 17 28.14663876651983 0cd9414a_20240806_164600.data
190.0 470.0 17 28.14663876651983 0cd9414a_20240806_164600.data
210.0 470.0 17 28.25503083700441 0cd9414a_20240806_164600.data
230.0 470.0 17 28.14663876651983 0cd9414a_20240806_164600.data
250.0 470.0 17 28.14663876651983 0cd9414a_20240806_164600.data
270.0 470.0 17 28.25503083700441 0cd9414a_20240806_164600.data
290.0 470.0 17 28.14663876651983 0cd9414a_20240806_164600.data
