-1 -1 -1 25.89125110132159 0cd9414a_20240829_113009.data
10.0 10.0 17 26.008123348017623 0cd9414a_20240829_113048.data
30.0 10.0 17 26.008123348017623 0cd9414a_20240829_113112.data
50.0 10.0 17 26.008123348017623 0cd9414a_20240829_113136.data
70.0 10.0 17 26.008123348017623 0cd9414a_20240829_113200.data
90.0 10.0 17 26.008123348017623 0cd9414a_20240829_113224.data
110.0 10.0 17 26.008123348017623 0cd9414a_20240829_113248.data
130.0 10.0 17 26.008123348017623 0cd9414a_20240829_113312.data
150.0 10.0 17 26.124563876651983 0cd9414a_20240829_113336.data
170.0 10.0 17 26.008123348017623 0cd9414a_20240829_113400.data
190.0 10.0 17 26.008123348017623 0cd9414a_20240829_113424.data
210.0 10.0 17 26.008123348017623 0cd9414a_20240829_113449.data
230.0 10.0 17 26.008123348017623 0cd9414a_20240829_113512.data
250.0 10.0 17 26.008123348017623 0cd9414a_20240829_113536.data
270.0 10.0 17 26.008123348017623 0cd9414a_20240829_113600.data
290.0 10.0 17 26.008123348017623 0cd9414a_20240829_113624.data
290.0 30.0 17 26.008123348017623 0cd9414a_20240829_113648.data
270.0 30.0 17 26.008123348017623 0cd9414a_20240829_113713.data
250.0 30.0 17 25.89125110132159 0cd9414a_20240829_113737.data
230.0 30.0 17 25.89125110132159 0cd9414a_20240829_113801.data
210.0 30.0 17 26.124563876651983 0cd9414a_20240829_113825.data
190.0 30.0 17 26.008123348017623 0cd9414a_20240829_113849.data
170.0 30.0 17 26.008123348017623 0cd9414a_20240829_113913.data
150.0 30.0 17 26.008123348017623 0cd9414a_20240829_113937.data
130.0 30.0 17 26.008123348017623 0cd9414a_20240829_114001.data
110.0 30.0 17 25.89125110132159 0cd9414a_20240829_114025.data
90.0 30.0 17 26.008123348017623 0cd9414a_20240829_114049.data
70.0 30.0 17 25.89125110132159 0cd9414a_20240829_114113.data
50.0 30.0 17 26.008123348017623 0cd9414a_20240829_114137.data
30.0 30.0 17 26.008123348017623 0cd9414a_20240829_114201.data
10.0 30.0 17 26.008123348017623 0cd9414a_20240829_114225.data
10.0 50.0 17 26.008123348017623 0cd9414a_20240829_114249.data
30.0 50.0 17 26.008123348017623 0cd9414a_20240829_114313.data
50.0 50.0 17 25.89125110132159 0cd9414a_20240829_114337.data
70.0 50.0 17 26.356118942731285 0cd9414a_20240829_114401.data
90.0 50.0 17 26.124563876651983 0cd9414a_20240829_114425.data
110.0 50.0 17 26.240572687224667 0cd9414a_20240829_114449.data
130.0 50.0 17 26.008123348017623 0cd9414a_20240829_114513.data
150.0 50.0 17 26.008123348017623 0cd9414a_20240829_114537.data
170.0 50.0 17 26.124563876651983 0cd9414a_20240829_114601.data
190.0 50.0 17 26.124563876651983 0cd9414a_20240829_114625.data
210.0 50.0 17 26.240572687224667 0cd9414a_20240829_114649.data
230.0 50.0 17 25.89125110132159 0cd9414a_20240829_114713.data
250.0 50.0 17 26.240572687224667 0cd9414a_20240829_114737.data
270.0 50.0 17 26.008123348017623 0cd9414a_20240829_114801.data
290.0 50.0 17 26.008123348017623 0cd9414a_20240829_114825.data
290.0 70.0 17 25.89125110132159 0cd9414a_20240829_114849.data
270.0 70.0 17 26.240572687224667 0cd9414a_20240829_114913.data
250.0 70.0 17 26.240572687224667 0cd9414a_20240829_114937.data
230.0 70.0 17 26.008123348017623 0cd9414a_20240829_115001.data
210.0 70.0 17 26.008123348017623 0cd9414a_20240829_115025.data
190.0 70.0 17 26.240572687224667 0cd9414a_20240829_115049.data
170.0 70.0 17 26.240572687224667 0cd9414a_20240829_115113.data
150.0 70.0 17 26.240572687224667 0cd9414a_20240829_115137.data
130.0 70.0 17 26.008123348017623 0cd9414a_20240829_115201.data
110.0 70.0 17 26.124563876651983 0cd9414a_20240829_115225.data
90.0 70.0 17 26.008123348017623 0cd9414a_20240829_115249.data
70.0 70.0 17 26.240572687224667 0cd9414a_20240829_115313.data
50.0 70.0 17 26.240572687224667 0cd9414a_20240829_115337.data
30.0 70.0 17 26.124563876651983 0cd9414a_20240829_115401.data
10.0 70.0 17 25.773885462555068 0cd9414a_20240829_115425.data
10.0 90.0 17 26.240572687224667 0cd9414a_20240829_115449.data
30.0 90.0 17 26.240572687224667 0cd9414a_20240829_115513.data
50.0 90.0 17 25.89125110132159 0cd9414a_20240829_115537.data
70.0 90.0 17 26.124563876651983 0cd9414a_20240829_115601.data
90.0 90.0 17 26.240572687224667 0cd9414a_20240829_115625.data
110.0 90.0 17 26.124563876651983 0cd9414a_20240829_115649.data
130.0 90.0 17 26.240572687224667 0cd9414a_20240829_115713.data
150.0 90.0 17 26.240572687224667 0cd9414a_20240829_115737.data
170.0 90.0 17 26.240572687224667 0cd9414a_20240829_115801.data
190.0 90.0 17 26.240572687224667 0cd9414a_20240829_115825.data
210.0 90.0 17 25.89125110132159 0cd9414a_20240829_115849.data
230.0 90.0 17 26.008123348017623 0cd9414a_20240829_115913.data
250.0 90.0 17 26.008123348017623 0cd9414a_20240829_115937.data
270.0 90.0 17 26.008123348017623 0cd9414a_20240829_120001.data
290.0 90.0 17 26.124563876651983 0cd9414a_20240829_120025.data
290.0 110.0 17 26.240572687224667 0cd9414a_20240829_120049.data
270.0 110.0 17 26.008123348017623 0cd9414a_20240829_120113.data
250.0 110.0 17 26.240572687224667 0cd9414a_20240829_120137.data
230.0 110.0 17 26.240572687224667 0cd9414a_20240829_120201.data
210.0 110.0 17 26.240572687224667 0cd9414a_20240829_120225.data
190.0 110.0 17 26.240572687224667 0cd9414a_20240829_120249.data
170.0 110.0 17 26.124563876651983 0cd9414a_20240829_120313.data
150.0 110.0 17 26.008123348017623 0cd9414a_20240829_120337.data
130.0 110.0 17 26.124563876651983 0cd9414a_20240829_120401.data
110.0 110.0 17 26.240572687224667 0cd9414a_20240829_120425.data
90.0 110.0 17 26.240572687224667 0cd9414a_20240829_120449.data
70.0 110.0 17 26.240572687224667 0cd9414a_20240829_120513.data
50.0 110.0 17 26.124563876651983 0cd9414a_20240829_120537.data
30.0 110.0 17 26.124563876651983 0cd9414a_20240829_120601.data
10.0 110.0 17 26.124563876651983 0cd9414a_20240829_120625.data
10.0 130.0 17 26.240572687224667 0cd9414a_20240829_120649.data
30.0 130.0 17 26.240572687224667 0cd9414a_20240829_120713.data
50.0 130.0 17 26.008123348017623 0cd9414a_20240829_120737.data
70.0 130.0 17 26.240572687224667 0cd9414a_20240829_120801.data
90.0 130.0 17 26.240572687224667 0cd9414a_20240829_120825.data
110.0 130.0 17 26.240572687224667 0cd9414a_20240829_120849.data
130.0 130.0 17 26.124563876651983 0cd9414a_20240829_120913.data
150.0 130.0 17 25.89125110132159 0cd9414a_20240829_120937.data
170.0 130.0 17 26.008123348017623 0cd9414a_20240829_121001.data
190.0 130.0 17 26.008123348017623 0cd9414a_20240829_121025.data
210.0 130.0 17 26.240572687224667 0cd9414a_20240829_121049.data
230.0 130.0 17 26.240572687224667 0cd9414a_20240829_121113.data
250.0 130.0 17 25.89125110132159 0cd9414a_20240829_121138.data
270.0 130.0 17 26.124563876651983 0cd9414a_20240829_121202.data
290.0 130.0 17 26.124563876651983 0cd9414a_20240829_121226.data
290.0 150.0 17 26.240572687224667 0cd9414a_20240829_121250.data
270.0 150.0 17 26.008123348017623 0cd9414a_20240829_121314.data
250.0 150.0 17 26.240572687224667 0cd9414a_20240829_121338.data
230.0 150.0 17 26.124563876651983 0cd9414a_20240829_121402.data
210.0 150.0 17 26.240572687224667 0cd9414a_20240829_121426.data
190.0 150.0 17 26.240572687224667 0cd9414a_20240829_121450.data
170.0 150.0 17 26.124563876651983 0cd9414a_20240829_121514.data
150.0 150.0 17 26.240572687224667 0cd9414a_20240829_121538.data
130.0 150.0 17 26.240572687224667 0cd9414a_20240829_121602.data
110.0 150.0 17 26.008123348017623 0cd9414a_20240829_121626.data
90.0 150.0 17 25.89125110132159 0cd9414a_20240829_121650.data
70.0 150.0 17 26.008123348017623 0cd9414a_20240829_121714.data
50.0 150.0 17 25.89125110132159 0cd9414a_20240829_121738.data
30.0 150.0 17 26.008123348017623 0cd9414a_20240829_121802.data
10.0 150.0 17 26.240572687224667 0cd9414a_20240829_121826.data
10.0 170.0 17 25.89125110132159 0cd9414a_20240829_121850.data
30.0 170.0 17 26.008123348017623 0cd9414a_20240829_121914.data
50.0 170.0 17 26.240572687224667 0cd9414a_20240829_121938.data
70.0 170.0 17 26.124563876651983 0cd9414a_20240829_122002.data
90.0 170.0 17 26.124563876651983 0cd9414a_20240829_122026.data
110.0 170.0 17 25.89125110132159 0cd9414a_20240829_122050.data
130.0 170.0 17 26.008123348017623 0cd9414a_20240829_122114.data
150.0 170.0 17 25.89125110132159 0cd9414a_20240829_122138.data
170.0 170.0 17 26.240572687224667 0cd9414a_20240829_122202.data
190.0 170.0 17 26.124563876651983 0cd9414a_20240829_122226.data
210.0 170.0 17 26.124563876651983 0cd9414a_20240829_122250.data
230.0 170.0 17 25.89125110132159 0cd9414a_20240829_122314.data
250.0 170.0 17 26.008123348017623 0cd9414a_20240829_122338.data
270.0 170.0 17 26.240572687224667 0cd9414a_20240829_122402.data
290.0 170.0 17 26.124563876651983 0cd9414a_20240829_122426.data
290.0 190.0 17 26.124563876651983 0cd9414a_20240829_122450.data
270.0 190.0 17 26.008123348017623 0cd9414a_20240829_122514.data
250.0 190.0 17 26.124563876651983 0cd9414a_20240829_122538.data
230.0 190.0 17 26.008123348017623 0cd9414a_20240829_122602.data
210.0 190.0 17 26.008123348017623 0cd9414a_20240829_122626.data
190.0 190.0 17 26.240572687224667 0cd9414a_20240829_122650.data
170.0 190.0 17 26.124563876651983 0cd9414a_20240829_122714.data
150.0 190.0 17 26.124563876651983 0cd9414a_20240829_122738.data
130.0 190.0 17 25.89125110132159 0cd9414a_20240829_122802.data
110.0 190.0 17 26.124563876651983 0cd9414a_20240829_122826.data
90.0 190.0 17 26.008123348017623 0cd9414a_20240829_122850.data
70.0 190.0 17 26.240572687224667 0cd9414a_20240829_122914.data
50.0 190.0 17 26.124563876651983 0cd9414a_20240829_122938.data
30.0 190.0 17 25.89125110132159 0cd9414a_20240829_123002.data
10.0 190.0 17 26.124563876651983 0cd9414a_20240829_123026.data
10.0 210.0 17 26.124563876651983 0cd9414a_20240829_123050.data
30.0 210.0 17 26.240572687224667 0cd9414a_20240829_123114.data
50.0 210.0 17 26.008123348017623 0cd9414a_20240829_123138.data
70.0 210.0 17 26.124563876651983 0cd9414a_20240829_123202.data
90.0 210.0 17 26.124563876651983 0cd9414a_20240829_123226.data
110.0 210.0 17 25.89125110132159 0cd9414a_20240829_123250.data
130.0 210.0 17 26.124563876651983 0cd9414a_20240829_123314.data
150.0 210.0 17 26.124563876651983 0cd9414a_20240829_123338.data
170.0 210.0 17 26.124563876651983 0cd9414a_20240829_123402.data
190.0 210.0 17 25.89125110132159 0cd9414a_20240829_123426.data
210.0 210.0 17 26.124563876651983 0cd9414a_20240829_123450.data
230.0 210.0 17 25.89125110132159 0cd9414a_20240829_123514.data
250.0 210.0 17 26.240572687224667 0cd9414a_20240829_123538.data
270.0 210.0 17 26.124563876651983 0cd9414a_20240829_123602.data
290.0 210.0 17 26.008123348017623 0cd9414a_20240829_123626.data
290.0 230.0 17 26.124563876651983 0cd9414a_20240829_123650.data
270.0 230.0 17 26.124563876651983 0cd9414a_20240829_123714.data
250.0 230.0 17 25.89125110132159 0cd9414a_20240829_123738.data
230.0 230.0 17 26.124563876651983 0cd9414a_20240829_123802.data
210.0 230.0 17 26.124563876651983 0cd9414a_20240829_123826.data
190.0 230.0 17 25.89125110132159 0cd9414a_20240829_123850.data
170.0 230.0 17 26.124563876651983 0cd9414a_20240829_123914.data
150.0 230.0 17 26.124563876651983 0cd9414a_20240829_123938.data
130.0 230.0 17 25.89125110132159 0cd9414a_20240829_124002.data
110.0 230.0 17 25.89125110132159 0cd9414a_20240829_124026.data
90.0 230.0 17 26.124563876651983 0cd9414a_20240829_124050.data
70.0 230.0 17 26.240572687224667 0cd9414a_20240829_124114.data
50.0 230.0 17 25.89125110132159 0cd9414a_20240829_124138.data
30.0 230.0 17 26.124563876651983 0cd9414a_20240829_124202.data
10.0 230.0 17 26.240572687224667 0cd9414a_20240829_124226.data
10.0 250.0 17 25.773885462555068 0cd9414a_20240829_124250.data
30.0 250.0 17 26.240572687224667 0cd9414a_20240829_124314.data
50.0 250.0 17 26.240572687224667 0cd9414a_20240829_124338.data
70.0 250.0 17 26.124563876651983 0cd9414a_20240829_124402.data
90.0 250.0 17 26.124563876651983 0cd9414a_20240829_124427.data
110.0 250.0 17 26.124563876651983 0cd9414a_20240829_124451.data
130.0 250.0 17 25.89125110132159 0cd9414a_20240829_124515.data
150.0 250.0 17 26.124563876651983 0cd9414a_20240829_124539.data
170.0 250.0 17 25.89125110132159 0cd9414a_20240829_124603.data
190.0 250.0 17 26.124563876651983 0cd9414a_20240829_124627.data
210.0 250.0 17 26.124563876651983 0cd9414a_20240829_124651.data
230.0 250.0 17 26.008123348017623 0cd9414a_20240829_124715.data
250.0 250.0 17 26.240572687224667 0cd9414a_20240829_124739.data
270.0 250.0 17 25.89125110132159 0cd9414a_20240829_124803.data
290.0 250.0 17 25.89125110132159 0cd9414a_20240829_124827.data
290.0 270.0 17 26.240572687224667 0cd9414a_20240829_124851.data
270.0 270.0 17 25.89125110132159 0cd9414a_20240829_124915.data
250.0 270.0 17 26.124563876651983 0cd9414a_20240829_124939.data
230.0 270.0 17 26.124563876651983 0cd9414a_20240829_125003.data
210.0 270.0 17 26.008123348017623 0cd9414a_20240829_125027.data
190.0 270.0 17 26.240572687224667 0cd9414a_20240829_125051.data
170.0 270.0 17 25.89125110132159 0cd9414a_20240829_125115.data
150.0 270.0 17 26.124563876651983 0cd9414a_20240829_125139.data
130.0 270.0 17 26.240572687224667 0cd9414a_20240829_125203.data
110.0 270.0 17 26.008123348017623 0cd9414a_20240829_125227.data
90.0 270.0 17 26.124563876651983 0cd9414a_20240829_125251.data
70.0 270.0 17 25.89125110132159 0cd9414a_20240829_125315.data
50.0 270.0 17 26.124563876651983 0cd9414a_20240829_125339.data
30.0 270.0 17 25.89125110132159 0cd9414a_20240829_125403.data
10.0 270.0 17 26.124563876651983 0cd9414a_20240829_125427.data
10.0 290.0 17 26.124563876651983 0cd9414a_20240829_125451.data
30.0 290.0 17 26.124563876651983 0cd9414a_20240829_125515.data
50.0 290.0 17 26.124563876651983 0cd9414a_20240829_125539.data
70.0 290.0 17 25.89125110132159 0cd9414a_20240829_125603.data
90.0 290.0 17 26.240572687224667 0cd9414a_20240829_125627.data
110.0 290.0 17 25.89125110132159 0cd9414a_20240829_125651.data
130.0 290.0 17 26.124563876651983 0cd9414a_20240829_125715.data
150.0 290.0 17 25.89125110132159 0cd9414a_20240829_125739.data
170.0 290.0 17 26.240572687224667 0cd9414a_20240829_125803.data
190.0 290.0 17 25.89125110132159 0cd9414a_20240829_125827.data
210.0 290.0 17 26.124563876651983 0cd9414a_20240829_125851.data
230.0 290.0 17 26.124563876651983 0cd9414a_20240829_125915.data
250.0 290.0 17 26.124563876651983 0cd9414a_20240829_125939.data
270.0 290.0 17 26.124563876651983 0cd9414a_20240829_130003.data
290.0 290.0 17 26.124563876651983 0cd9414a_20240829_130027.data
290.0 310.0 17 26.008123348017623 0cd9414a_20240829_130051.data
270.0 310.0 17 26.240572687224667 0cd9414a_20240829_130115.data
250.0 310.0 17 26.008123348017623 0cd9414a_20240829_130139.data
230.0 310.0 17 26.008123348017623 0cd9414a_20240829_130203.data
210.0 310.0 17 26.008123348017623 0cd9414a_20240829_130227.data
190.0 310.0 17 26.240572687224667 0cd9414a_20240829_130251.data
170.0 310.0 17 -1 0cd9414a_20240829_130315.data
150.0 310.0 17 25.89125110132159 0cd9414a_20240829_130339.data
130.0 310.0 17 26.124563876651983 0cd9414a_20240829_130403.data
110.0 310.0 17 -1 0cd9414a_20240829_130427.data
90.0 310.0 17 26.124563876651983 0cd9414a_20240829_130451.data
70.0 310.0 17 26.008123348017623 0cd9414a_20240829_130515.data
50.0 310.0 17 26.124563876651983 0cd9414a_20240829_130539.data
30.0 310.0 17 26.008123348017623 0cd9414a_20240829_130603.data
10.0 310.0 17 26.240572687224667 0cd9414a_20240829_130627.data
10.0 330.0 17 26.124563876651983 0cd9414a_20240829_130651.data
30.0 330.0 17 -1 0cd9414a_20240829_130715.data
50.0 330.0 17 26.124563876651983 0cd9414a_20240829_130739.data
70.0 330.0 17 26.124563876651983 0cd9414a_20240829_130803.data
90.0 330.0 17 26.124563876651983 0cd9414a_20240829_130827.data
110.0 330.0 17 26.125550660792953 0cd9414a_20240829_130851.data
130.0 330.0 17 25.773885462555068 0cd9414a_20240829_130915.data
150.0 330.0 17 25.773885462555068 0cd9414a_20240829_130939.data
170.0 330.0 17 25.773885462555068 0cd9414a_20240829_131003.data
190.0 330.0 17 25.773885462555068 0cd9414a_20240829_131027.data
210.0 330.0 17 25.773885462555068 0cd9414a_20240829_131051.data
230.0 330.0 17 25.773885462555068 0cd9414a_20240829_131115.data
250.0 330.0 17 25.773885462555068 0cd9414a_20240829_131139.data
270.0 330.0 17 25.773885462555068 0cd9414a_20240829_131203.data
290.0 330.0 17 25.773885462555068 0cd9414a_20240829_131227.data
10.0 350.0 17 25.773885462555068 0cd9414a_20240829_150945.data
30.0 350.0 17 25.89125110132159 0cd9414a_20240829_151009.data
50.0 350.0 17 26.008123348017623 0cd9414a_20240829_151033.data
70.0 350.0 17 25.773885462555068 0cd9414a_20240829_151057.data
90.0 350.0 17 25.773885462555068 0cd9414a_20240829_151121.data
110.0 350.0 17 25.773885462555068 0cd9414a_20240829_151145.data
130.0 350.0 17 25.773885462555068 0cd9414a_20240829_151209.data
150.0 350.0 17 25.773885462555068 0cd9414a_20240829_151233.data
170.0 350.0 17 25.773885462555068 0cd9414a_20240829_151257.data
190.0 350.0 17 25.773885462555068 0cd9414a_20240829_151321.data
210.0 350.0 17 25.773885462555068 0cd9414a_20240829_151345.data
230.0 350.0 17 25.773885462555068 0cd9414a_20240829_151409.data
250.0 350.0 17 25.773885462555068 0cd9414a_20240829_151433.data
270.0 350.0 17 25.773885462555068 0cd9414a_20240829_151457.data
290.0 350.0 17 25.773885462555068 0cd9414a_20240829_151521.data
290.0 370.0 17 25.773885462555068 0cd9414a_20240829_151545.data
270.0 370.0 17 25.773885462555068 0cd9414a_20240829_151609.data
250.0 370.0 17 25.773885462555068 0cd9414a_20240829_151633.data
230.0 370.0 17 25.89125110132159 0cd9414a_20240829_151658.data
210.0 370.0 17 25.89125110132159 0cd9414a_20240829_151722.data
190.0 370.0 17 25.773885462555068 0cd9414a_20240829_151746.data
170.0 370.0 17 25.773885462555068 0cd9414a_20240829_151810.data
150.0 370.0 17 25.773885462555068 0cd9414a_20240829_151834.data
130.0 370.0 17 25.773885462555068 0cd9414a_20240829_151858.data
110.0 370.0 17 25.773885462555068 0cd9414a_20240829_151922.data
90.0 370.0 17 25.773885462555068 0cd9414a_20240829_151946.data
70.0 370.0 17 25.773885462555068 0cd9414a_20240829_152010.data
50.0 370.0 17 25.773885462555068 0cd9414a_20240829_152034.data
30.0 370.0 17 25.773885462555068 0cd9414a_20240829_152058.data
10.0 370.0 17 25.773885462555068 0cd9414a_20240829_152122.data
10.0 390.0 17 25.773885462555068 0cd9414a_20240829_152146.data
30.0 390.0 17 25.89125110132159 0cd9414a_20240829_152210.data
50.0 390.0 17 25.773885462555068 0cd9414a_20240829_152234.data
70.0 390.0 17 25.773885462555068 0cd9414a_20240829_152258.data
90.0 390.0 17 25.773885462555068 0cd9414a_20240829_152322.data
110.0 390.0 17 25.773885462555068 0cd9414a_20240829_152346.data
130.0 390.0 17 26.008123348017623 0cd9414a_20240829_152410.data
150.0 390.0 17 25.773885462555068 0cd9414a_20240829_152434.data
170.0 390.0 17 25.89125110132159 0cd9414a_20240829_152458.data
190.0 390.0 17 25.773885462555068 0cd9414a_20240829_152522.data
210.0 390.0 17 25.89125110132159 0cd9414a_20240829_152546.data
230.0 390.0 17 26.008123348017623 0cd9414a_20240829_152610.data
250.0 390.0 17 26.008123348017623 0cd9414a_20240829_152634.data
270.0 390.0 17 26.008123348017623 0cd9414a_20240829_152658.data
290.0 390.0 17 25.773885462555068 0cd9414a_20240829_152722.data
290.0 410.0 17 25.773885462555068 0cd9414a_20240829_152746.data
270.0 410.0 17 25.773885462555068 0cd9414a_20240829_152810.data
250.0 410.0 17 25.773885462555068 0cd9414a_20240829_152834.data
230.0 410.0 17 25.773885462555068 0cd9414a_20240829_152858.data
210.0 410.0 17 25.773885462555068 0cd9414a_20240829_152922.data
190.0 410.0 17 25.773885462555068 0cd9414a_20240829_152946.data
170.0 410.0 17 25.773885462555068 0cd9414a_20240829_153010.data
150.0 410.0 17 25.773885462555068 0cd9414a_20240829_153034.data
130.0 410.0 17 25.773885462555068 0cd9414a_20240829_153058.data
110.0 410.0 17 25.89125110132159 0cd9414a_20240829_153122.data
90.0 410.0 17 25.89125110132159 0cd9414a_20240829_153146.data
70.0 410.0 17 25.773885462555068 0cd9414a_20240829_153210.data
50.0 410.0 17 25.89125110132159 0cd9414a_20240829_153234.data
30.0 410.0 17 25.773885462555068 0cd9414a_20240829_153258.data
10.0 410.0 17 25.773885462555068 0cd9414a_20240829_153322.data
10.0 430.0 17 25.773885462555068 0cd9414a_20240829_153346.data
30.0 430.0 17 25.773885462555068 0cd9414a_20240829_153410.data
50.0 430.0 17 25.656118942731283 0cd9414a_20240829_153434.data
70.0 430.0 17 25.773885462555068 0cd9414a_20240829_153458.data
90.0 430.0 17 25.773885462555068 0cd9414a_20240829_153522.data
110.0 430.0 17 25.773885462555068 0cd9414a_20240829_153546.data
130.0 430.0 17 25.89125110132159 0cd9414a_20240829_153610.data
150.0 430.0 17 25.773885462555068 0cd9414a_20240829_153634.data
170.0 430.0 17 25.773885462555068 0cd9414a_20240829_153658.data
190.0 430.0 17 25.773885462555068 0cd9414a_20240829_153722.data
210.0 430.0 17 25.773885462555068 0cd9414a_20240829_153746.data
230.0 430.0 17 25.89125110132159 0cd9414a_20240829_153810.data
250.0 430.0 17 25.773885462555068 0cd9414a_20240829_153834.data
270.0 430.0 17 25.773885462555068 0cd9414a_20240829_153858.data
290.0 430.0 17 25.773885462555068 0cd9414a_20240829_153922.data
290.0 450.0 17 25.773885462555068 0cd9414a_20240829_153946.data
270.0 450.0 17 25.773885462555068 0cd9414a_20240829_154010.data
250.0 450.0 17 25.773885462555068 0cd9414a_20240829_154034.data
230.0 450.0 17 25.773885462555068 0cd9414a_20240829_154058.data
210.0 450.0 17 25.773885462555068 0cd9414a_20240829_154122.data
190.0 450.0 17 25.773885462555068 0cd9414a_20240829_154146.data
170.0 450.0 17 25.773885462555068 0cd9414a_20240829_154210.data
150.0 450.0 17 25.773885462555068 0cd9414a_20240829_154234.data
130.0 450.0 17 25.773885462555068 0cd9414a_20240829_154258.data
110.0 450.0 17 25.773885462555068 0cd9414a_20240829_154322.data
90.0 450.0 17 25.773885462555068 0cd9414a_20240829_154346.data
70.0 450.0 17 25.773885462555068 0cd9414a_20240829_154410.data
50.0 450.0 17 25.89125110132159 0cd9414a_20240829_154434.data
30.0 450.0 17 25.773885462555068 0cd9414a_20240829_154458.data
10.0 450.0 17 25.773885462555068 0cd9414a_20240829_154522.data
10.0 470.0 17 25.89125110132159 0cd9414a_20240829_154546.data
30.0 470.0 17 25.89125110132159 0cd9414a_20240829_154610.data
50.0 470.0 17 25.773885462555068 0cd9414a_20240829_154634.data
70.0 470.0 17 25.89125110132159 0cd9414a_20240829_154658.data
90.0 470.0 17 25.89125110132159 0cd9414a_20240829_154722.data
110.0 470.0 17 25.773885462555068 0cd9414a_20240829_154746.data
130.0 470.0 17 25.773885462555068 0cd9414a_20240829_154811.data
150.0 470.0 17 25.773885462555068 0cd9414a_20240829_154835.data
170.0 470.0 17 25.773885462555068 0cd9414a_20240829_154859.data
190.0 470.0 17 25.773885462555068 0cd9414a_20240829_154923.data
210.0 470.0 17 25.773885462555068 0cd9414a_20240829_154947.data
230.0 470.0 17 25.773885462555068 0cd9414a_20240829_155011.data
250.0 470.0 17 25.773885462555068 0cd9414a_20240829_155035.data
270.0 470.0 17 25.773885462555068 0cd9414a_20240829_155059.data
290.0 470.0 17 25.773885462555068 0cd9414a_20240829_155123.data
