-1 -1 -1 23.073725 0cd9414a_20240919_085604.data
10.0 10.0 17 23.178749999999997 0cd9414a_20240919_085644.data
30.0 10.0 17 23.073725 0cd9414a_20240919_085708.data
50.0 10.0 17 23.073725 0cd9414a_20240919_085732.data
70.0 10.0 17 23.073725 0cd9414a_20240919_085756.data
90.0 10.0 17 23.073725 0cd9414a_20240919_085820.data
110.0 10.0 17 22.969809523809523 0cd9414a_20240919_085844.data
130.0 10.0 17 23.178749999999997 0cd9414a_20240919_085908.data
150.0 10.0 17 23.073725 0cd9414a_20240919_085932.data
170.0 10.0 17 23.073725 0cd9414a_20240919_085956.data
190.0 10.0 17 23.073725 0cd9414a_20240919_090020.data
210.0 10.0 17 23.073725 0cd9414a_20240919_090044.data
230.0 10.0 17 22.868976190476186 0cd9414a_20240919_090108.data
250.0 10.0 17 23.073725 0cd9414a_20240919_090132.data
270.0 10.0 17 23.073725 0cd9414a_20240919_090156.data
290.0 10.0 17 23.073725 0cd9414a_20240919_090220.data
290.0 30.0 17 23.073725 0cd9414a_20240919_090244.data
270.0 30.0 17 22.767738095238098 0cd9414a_20240919_090308.data
250.0 30.0 17 23.073725 0cd9414a_20240919_090332.data
230.0 30.0 17 23.073725 0cd9414a_20240919_090356.data
210.0 30.0 17 23.073725 0cd9414a_20240919_090420.data
190.0 30.0 17 23.073725 0cd9414a_20240919_090444.data
170.0 30.0 17 23.073725 0cd9414a_20240919_090508.data
150.0 30.0 17 22.767738095238098 0cd9414a_20240919_090532.data
130.0 30.0 17 23.073725 0cd9414a_20240919_090556.data
110.0 30.0 17 23.073725 0cd9414a_20240919_090620.data
90.0 30.0 17 22.868976190476186 0cd9414a_20240919_090644.data
70.0 30.0 17 23.073725 0cd9414a_20240919_090708.data
50.0 30.0 17 23.073725 0cd9414a_20240919_090732.data
30.0 30.0 17 23.073725 0cd9414a_20240919_090756.data
10.0 30.0 17 22.868976190476186 0cd9414a_20240919_090820.data
10.0 50.0 17 23.073725 0cd9414a_20240919_090844.data
30.0 50.0 17 23.178749999999997 0cd9414a_20240919_090908.data
50.0 50.0 17 23.073725 0cd9414a_20240919_090932.data
70.0 50.0 17 22.868976190476186 0cd9414a_20240919_090956.data
90.0 50.0 17 23.073725 0cd9414a_20240919_091020.data
110.0 50.0 17 23.073725 0cd9414a_20240919_091044.data
130.0 50.0 17 23.073725 0cd9414a_20240919_091108.data
150.0 50.0 17 22.868976190476186 0cd9414a_20240919_091132.data
170.0 50.0 17 23.073725 0cd9414a_20240919_091156.data
190.0 50.0 17 23.178749999999997 0cd9414a_20240919_091220.data
210.0 50.0 17 23.073725 0cd9414a_20240919_091244.data
230.0 50.0 17 23.073725 0cd9414a_20240919_091308.data
250.0 50.0 17 23.073725 0cd9414a_20240919_091332.data
270.0 50.0 17 23.073725 0cd9414a_20240919_091356.data
290.0 50.0 17 23.178749999999997 0cd9414a_20240919_091420.data
290.0 70.0 17 23.178749999999997 0cd9414a_20240919_091444.data
270.0 70.0 17 23.073725 0cd9414a_20240919_091508.data
250.0 70.0 17 22.969809523809523 0cd9414a_20240919_091532.data
230.0 70.0 17 23.073725 0cd9414a_20240919_091556.data
210.0 70.0 17 23.073725 0cd9414a_20240919_091620.data
190.0 70.0 17 23.178749999999997 0cd9414a_20240919_091644.data
170.0 70.0 17 23.178749999999997 0cd9414a_20240919_091708.data
150.0 70.0 17 23.073725 0cd9414a_20240919_091732.data
130.0 70.0 17 23.073725 0cd9414a_20240919_091756.data
110.0 70.0 17 23.073725 0cd9414a_20240919_091820.data
90.0 70.0 17 23.073725 0cd9414a_20240919_091844.data
70.0 70.0 17 22.868976190476186 0cd9414a_20240919_091908.data
50.0 70.0 17 22.666095238095238 0cd9414a_20240919_091932.data
30.0 70.0 17 22.767738095238098 0cd9414a_20240919_091956.data
10.0 70.0 17 22.969809523809523 0cd9414a_20240919_092020.data
10.0 90.0 17 22.767738095238098 0cd9414a_20240919_092044.data
30.0 90.0 17 23.073725 0cd9414a_20240919_092108.data
50.0 90.0 17 22.767738095238098 0cd9414a_20240919_092133.data
70.0 90.0 17 22.969809523809523 0cd9414a_20240919_092157.data
90.0 90.0 17 23.073725 0cd9414a_20240919_092221.data
110.0 90.0 17 23.073725 0cd9414a_20240919_092245.data
130.0 90.0 17 23.073725 0cd9414a_20240919_092309.data
150.0 90.0 17 23.073725 0cd9414a_20240919_092333.data
170.0 90.0 17 23.073725 0cd9414a_20240919_092357.data
190.0 90.0 17 23.073725 0cd9414a_20240919_092421.data
210.0 90.0 17 22.969809523809523 0cd9414a_20240919_092445.data
230.0 90.0 17 23.073725 0cd9414a_20240919_092509.data
250.0 90.0 17 23.073725 0cd9414a_20240919_092533.data
270.0 90.0 17 23.073725 0cd9414a_20240919_092557.data
290.0 90.0 17 23.073725 0cd9414a_20240919_092621.data
290.0 110.0 17 23.073725 0cd9414a_20240919_092645.data
270.0 110.0 17 23.073725 0cd9414a_20240919_092709.data
250.0 110.0 17 23.073725 0cd9414a_20240919_092733.data
230.0 110.0 17 23.073725 0cd9414a_20240919_092757.data
210.0 110.0 17 23.073725 0cd9414a_20240919_092821.data
190.0 110.0 17 23.073725 0cd9414a_20240919_092845.data
170.0 110.0 17 22.969809523809523 0cd9414a_20240919_092909.data
150.0 110.0 17 23.073725 0cd9414a_20240919_092933.data
130.0 110.0 17 23.073725 0cd9414a_20240919_092957.data
110.0 110.0 17 23.073725 0cd9414a_20240919_093021.data
90.0 110.0 17 23.073725 0cd9414a_20240919_093045.data
70.0 110.0 17 23.073725 0cd9414a_20240919_093109.data
50.0 110.0 17 23.073725 0cd9414a_20240919_093133.data
30.0 110.0 17 22.969809523809523 0cd9414a_20240919_093157.data
10.0 110.0 17 23.073725 0cd9414a_20240919_093221.data
10.0 130.0 17 23.073725 0cd9414a_20240919_093245.data
30.0 130.0 17 23.073725 0cd9414a_20240919_093309.data
50.0 130.0 17 23.178749999999997 0cd9414a_20240919_093333.data
70.0 130.0 17 22.767738095238098 0cd9414a_20240919_093357.data
90.0 130.0 17 22.868976190476186 0cd9414a_20240919_093421.data
110.0 130.0 17 23.073725 0cd9414a_20240919_093445.data
130.0 130.0 17 23.178749999999997 0cd9414a_20240919_093509.data
150.0 130.0 17 23.073725 0cd9414a_20240919_093533.data
170.0 130.0 17 22.868976190476186 0cd9414a_20240919_093557.data
190.0 130.0 17 22.969809523809523 0cd9414a_20240919_093621.data
210.0 130.0 17 22.868976190476186 0cd9414a_20240919_093645.data
230.0 130.0 17 23.073725 0cd9414a_20240919_093709.data
250.0 130.0 17 23.073725 0cd9414a_20240919_093733.data
270.0 130.0 17 22.868976190476186 0cd9414a_20240919_093757.data
290.0 130.0 17 23.073725 0cd9414a_20240919_093821.data
290.0 150.0 17 23.073725 0cd9414a_20240919_093845.data
270.0 150.0 17 23.073725 0cd9414a_20240919_093909.data
250.0 150.0 17 22.969809523809523 0cd9414a_20240919_093933.data
230.0 150.0 17 22.969809523809523 0cd9414a_20240919_093957.data
210.0 150.0 17 22.767738095238098 0cd9414a_20240919_094021.data
190.0 150.0 17 23.178749999999997 0cd9414a_20240919_094045.data
170.0 150.0 17 23.073725 0cd9414a_20240919_094109.data
150.0 150.0 17 23.073725 0cd9414a_20240919_094133.data
130.0 150.0 17 23.073725 0cd9414a_20240919_094157.data
110.0 150.0 17 23.073725 0cd9414a_20240919_094221.data
90.0 150.0 17 23.073725 0cd9414a_20240919_094245.data
70.0 150.0 17 23.073725 0cd9414a_20240919_094309.data
50.0 150.0 17 23.073725 0cd9414a_20240919_094333.data
30.0 150.0 17 23.073725 0cd9414a_20240919_094357.data
10.0 150.0 17 23.073725 0cd9414a_20240919_094421.data
10.0 170.0 17 23.073725 0cd9414a_20240919_094445.data
30.0 170.0 17 23.073725 0cd9414a_20240919_094509.data
50.0 170.0 17 23.073725 0cd9414a_20240919_094533.data
70.0 170.0 17 23.073725 0cd9414a_20240919_094557.data
90.0 170.0 17 23.073725 0cd9414a_20240919_094621.data
110.0 170.0 17 23.073725 0cd9414a_20240919_094645.data
130.0 170.0 17 23.073725 0cd9414a_20240919_094709.data
150.0 170.0 17 22.969809523809523 0cd9414a_20240919_094733.data
170.0 170.0 17 22.868976190476186 0cd9414a_20240919_094757.data
190.0 170.0 17 23.073725 0cd9414a_20240919_094821.data
210.0 170.0 17 23.073725 0cd9414a_20240919_094845.data
230.0 170.0 17 23.073725 0cd9414a_20240919_094909.data
250.0 170.0 17 23.073725 0cd9414a_20240919_094933.data
270.0 170.0 17 23.073725 0cd9414a_20240919_094957.data
290.0 170.0 17 23.073725 0cd9414a_20240919_095021.data
290.0 190.0 17 23.073725 0cd9414a_20240919_095045.data
270.0 190.0 17 23.073725 0cd9414a_20240919_095109.data
250.0 190.0 17 22.969809523809523 0cd9414a_20240919_095134.data
230.0 190.0 17 22.767738095238098 0cd9414a_20240919_095158.data
210.0 190.0 17 22.868976190476186 0cd9414a_20240919_095222.data
190.0 190.0 17 22.969809523809523 0cd9414a_20240919_095246.data
170.0 190.0 17 22.969809523809523 0cd9414a_20240919_095310.data
150.0 190.0 17 23.073725 0cd9414a_20240919_095334.data
130.0 190.0 17 23.073725 0cd9414a_20240919_095358.data
110.0 190.0 17 23.073725 0cd9414a_20240919_095422.data
90.0 190.0 17 23.178749999999997 0cd9414a_20240919_095446.data
70.0 190.0 17 22.868976190476186 0cd9414a_20240919_095510.data
50.0 190.0 17 22.767738095238098 0cd9414a_20240919_095534.data
30.0 190.0 17 22.868976190476186 0cd9414a_20240919_095558.data
10.0 190.0 17 23.073725 0cd9414a_20240919_095622.data
10.0 210.0 17 23.073725 0cd9414a_20240919_095646.data
30.0 210.0 17 23.073725 0cd9414a_20240919_095710.data
50.0 210.0 17 23.073725 0cd9414a_20240919_095734.data
70.0 210.0 17 23.073725 0cd9414a_20240919_095758.data
90.0 210.0 17 22.969809523809523 0cd9414a_20240919_095822.data
110.0 210.0 17 22.868976190476186 0cd9414a_20240919_095846.data
130.0 210.0 17 22.767738095238098 0cd9414a_20240919_095910.data
150.0 210.0 17 23.073725 0cd9414a_20240919_095934.data
170.0 210.0 17 23.073725 0cd9414a_20240919_095958.data
190.0 210.0 17 23.178749999999997 0cd9414a_20240919_100022.data
210.0 210.0 17 23.178749999999997 0cd9414a_20240919_100046.data
230.0 210.0 17 23.073725 0cd9414a_20240919_100110.data
250.0 210.0 17 23.073725 0cd9414a_20240919_100134.data
270.0 210.0 17 23.073725 0cd9414a_20240919_100158.data
290.0 210.0 17 22.969809523809523 0cd9414a_20240919_100222.data
290.0 230.0 17 23.073725 0cd9414a_20240919_100246.data
270.0 230.0 17 22.767738095238098 0cd9414a_20240919_100310.data
250.0 230.0 17 23.073725 0cd9414a_20240919_100334.data
230.0 230.0 17 22.767738095238098 0cd9414a_20240919_100358.data
210.0 230.0 17 23.073725 0cd9414a_20240919_100422.data
190.0 230.0 17 22.868976190476186 0cd9414a_20240919_100446.data
170.0 230.0 17 23.178749999999997 0cd9414a_20240919_100510.data
150.0 230.0 17 22.868976190476186 0cd9414a_20240919_100534.data
130.0 230.0 17 22.868976190476186 0cd9414a_20240919_100558.data
110.0 230.0 17 23.073725 0cd9414a_20240919_100622.data
90.0 230.0 17 22.969809523809523 0cd9414a_20240919_100646.data
70.0 230.0 17 23.073725 0cd9414a_20240919_100710.data
50.0 230.0 17 23.073725 0cd9414a_20240919_100734.data
30.0 230.0 17 22.666095238095238 0cd9414a_20240919_100758.data
10.0 230.0 17 22.969809523809523 0cd9414a_20240919_100822.data
10.0 250.0 17 22.969809523809523 0cd9414a_20240919_100846.data
30.0 250.0 17 22.969809523809523 0cd9414a_20240919_100910.data
50.0 250.0 17 22.767738095238098 0cd9414a_20240919_100934.data
70.0 250.0 17 22.767738095238098 0cd9414a_20240919_100958.data
90.0 250.0 17 22.767738095238098 0cd9414a_20240919_101022.data
110.0 250.0 17 22.767738095238098 0cd9414a_20240919_101046.data
130.0 250.0 17 22.767738095238098 0cd9414a_20240919_101110.data
150.0 250.0 17 22.767738095238098 0cd9414a_20240919_101134.data
170.0 250.0 17 22.767738095238098 0cd9414a_20240919_101158.data
190.0 250.0 17 22.767738095238098 0cd9414a_20240919_101222.data
210.0 250.0 17 22.767738095238098 0cd9414a_20240919_101246.data
230.0 250.0 17 22.868976190476186 0cd9414a_20240919_101310.data
250.0 250.0 17 22.767738095238098 0cd9414a_20240919_101334.data
270.0 250.0 17 22.868976190476186 0cd9414a_20240919_101358.data
290.0 250.0 17 22.767738095238098 0cd9414a_20240919_101422.data
290.0 270.0 17 22.767738095238098 0cd9414a_20240919_101446.data
270.0 270.0 17 22.868976190476186 0cd9414a_20240919_101510.data
250.0 270.0 17 22.767738095238098 0cd9414a_20240919_101534.data
230.0 270.0 17 22.868976190476186 0cd9414a_20240919_101558.data
210.0 270.0 17 22.767738095238098 0cd9414a_20240919_101622.data
190.0 270.0 17 22.767738095238098 0cd9414a_20240919_101646.data
170.0 270.0 17 22.868976190476186 0cd9414a_20240919_101710.data
150.0 270.0 17 22.868976190476186 0cd9414a_20240919_101734.data
130.0 270.0 17 22.767738095238098 0cd9414a_20240919_101758.data
110.0 270.0 17 22.767738095238098 0cd9414a_20240919_101822.data
90.0 270.0 17 23.073725 0cd9414a_20240919_101846.data
70.0 270.0 17 22.969809523809523 0cd9414a_20240919_101910.data
50.0 270.0 17 -1 0cd9414a_20240919_101934.data
30.0 270.0 17 22.868976190476186 0cd9414a_20240919_101958.data
10.0 270.0 17 22.868976190476186 0cd9414a_20240919_102022.data
10.0 290.0 17 -1 0cd9414a_20240919_102046.data
30.0 290.0 17 22.767738095238098 0cd9414a_20240919_102111.data
50.0 290.0 17 22.868976190476186 0cd9414a_20240919_102135.data
70.0 290.0 17 -1 0cd9414a_20240919_102159.data
90.0 290.0 17 22.767738095238098 0cd9414a_20240919_102223.data
110.0 290.0 17 22.868976190476186 0cd9414a_20240919_102247.data
130.0 290.0 17 -1 0cd9414a_20240919_102311.data
150.0 290.0 17 22.767738095238098 0cd9414a_20240919_102335.data
170.0 290.0 17 22.767738095238098 0cd9414a_20240919_102359.data
190.0 290.0 17 -1 0cd9414a_20240919_102423.data
210.0 290.0 17 23.178749999999997 0cd9414a_20240919_102447.data
230.0 290.0 17 23.178749999999997 0cd9414a_20240919_102511.data
250.0 290.0 17 23.073725 0cd9414a_20240919_102535.data
270.0 290.0 17 23.178749999999997 0cd9414a_20240919_102559.data
290.0 290.0 17 23.178749999999997 0cd9414a_20240919_102623.data
290.0 310.0 17 23.178749999999997 0cd9414a_20240919_102647.data
270.0 310.0 17 23.178749999999997 0cd9414a_20240919_102711.data
250.0 310.0 17 23.178749999999997 0cd9414a_20240919_102735.data
230.0 310.0 17 23.178749999999997 0cd9414a_20240919_102759.data
210.0 310.0 17 23.178749999999997 0cd9414a_20240919_102823.data
190.0 310.0 17 23.178749999999997 0cd9414a_20240919_102847.data
170.0 310.0 17 23.178749999999997 0cd9414a_20240919_102911.data
150.0 310.0 17 23.178749999999997 0cd9414a_20240919_102935.data
130.0 310.0 17 23.3875 0cd9414a_20240919_102959.data
110.0 310.0 17 23.178749999999997 0cd9414a_20240919_103023.data
90.0 310.0 17 23.178749999999997 0cd9414a_20240919_103047.data
70.0 310.0 17 23.178749999999997 0cd9414a_20240919_103111.data
50.0 310.0 17 23.178749999999997 0cd9414a_20240919_103135.data
30.0 310.0 17 23.178749999999997 0cd9414a_20240919_103159.data
10.0 310.0 17 23.073725 0cd9414a_20240919_103223.data
10.0 330.0 17 23.178749999999997 0cd9414a_20240919_103247.data
30.0 330.0 17 23.178749999999997 0cd9414a_20240919_103311.data
50.0 330.0 17 23.178749999999997 0cd9414a_20240919_103335.data
70.0 330.0 17 23.178749999999997 0cd9414a_20240919_103359.data
90.0 330.0 17 23.178749999999997 0cd9414a_20240919_103423.data
110.0 330.0 17 23.178749999999997 0cd9414a_20240919_103447.data
130.0 330.0 17 23.178749999999997 0cd9414a_20240919_103511.data
150.0 330.0 17 23.178749999999997 0cd9414a_20240919_103535.data
170.0 330.0 17 23.178749999999997 0cd9414a_20240919_103559.data
190.0 330.0 17 23.178749999999997 0cd9414a_20240919_103623.data
210.0 330.0 17 23.178749999999997 0cd9414a_20240919_103647.data
230.0 330.0 17 23.178749999999997 0cd9414a_20240919_103711.data
250.0 330.0 17 23.178749999999997 0cd9414a_20240919_103735.data
270.0 330.0 17 23.178749999999997 0cd9414a_20240919_103759.data
290.0 330.0 17 23.178749999999997 0cd9414a_20240919_103823.data
10.0 350.0 17 23.178749999999997 0cd9414a_20240919_104300.data
30.0 350.0 17 23.3875 0cd9414a_20240919_104324.data
50.0 350.0 17 23.178749999999997 0cd9414a_20240919_104348.data
70.0 350.0 17 23.178749999999997 0cd9414a_20240919_104412.data
90.0 350.0 17 23.178749999999997 0cd9414a_20240919_104436.data
110.0 350.0 17 23.178749999999997 0cd9414a_20240919_104500.data
130.0 350.0 17 23.178749999999997 0cd9414a_20240919_104524.data
150.0 350.0 17 23.073725 0cd9414a_20240919_104548.data
170.0 350.0 17 23.178749999999997 0cd9414a_20240919_104612.data
190.0 350.0 17 23.178749999999997 0cd9414a_20240919_104636.data
210.0 350.0 17 23.178749999999997 0cd9414a_20240919_104700.data
230.0 350.0 17 23.178749999999997 0cd9414a_20240919_104725.data
250.0 350.0 17 23.178749999999997 0cd9414a_20240919_104749.data
270.0 350.0 17 23.178749999999997 0cd9414a_20240919_104813.data
290.0 350.0 17 23.178749999999997 0cd9414a_20240919_104837.data
290.0 370.0 17 23.178749999999997 0cd9414a_20240919_104901.data
270.0 370.0 17 23.073725 0cd9414a_20240919_104925.data
250.0 370.0 17 23.178749999999997 0cd9414a_20240919_104949.data
230.0 370.0 17 23.178749999999997 0cd9414a_20240919_105013.data
210.0 370.0 17 23.178749999999997 0cd9414a_20240919_105037.data
190.0 370.0 17 23.178749999999997 0cd9414a_20240919_105101.data
170.0 370.0 17 23.073725 0cd9414a_20240919_105125.data
150.0 370.0 17 23.178749999999997 0cd9414a_20240919_105149.data
130.0 370.0 17 23.073725 0cd9414a_20240919_105213.data
110.0 370.0 17 23.178749999999997 0cd9414a_20240919_105237.data
90.0 370.0 17 23.178749999999997 0cd9414a_20240919_105301.data
70.0 370.0 17 23.178749999999997 0cd9414a_20240919_105325.data
50.0 370.0 17 23.178749999999997 0cd9414a_20240919_105349.data
30.0 370.0 17 23.178749999999997 0cd9414a_20240919_105413.data
10.0 370.0 17 23.178749999999997 0cd9414a_20240919_105437.data
10.0 390.0 17 23.178749999999997 0cd9414a_20240919_105501.data
30.0 390.0 17 23.178749999999997 0cd9414a_20240919_105525.data
50.0 390.0 17 23.178749999999997 0cd9414a_20240919_105549.data
70.0 390.0 17 23.178749999999997 0cd9414a_20240919_105613.data
90.0 390.0 17 23.178749999999997 0cd9414a_20240919_105637.data
110.0 390.0 17 23.178749999999997 0cd9414a_20240919_105701.data
130.0 390.0 17 23.283325 0cd9414a_20240919_105725.data
150.0 390.0 17 23.178749999999997 0cd9414a_20240919_105749.data
170.0 390.0 17 23.178749999999997 0cd9414a_20240919_105813.data
190.0 390.0 17 23.178749999999997 0cd9414a_20240919_105837.data
210.0 390.0 17 23.178749999999997 0cd9414a_20240919_105901.data
230.0 390.0 17 23.178749999999997 0cd9414a_20240919_105925.data
250.0 390.0 17 23.283325 0cd9414a_20240919_105949.data
270.0 390.0 17 23.178749999999997 0cd9414a_20240919_110013.data
290.0 390.0 17 23.178749999999997 0cd9414a_20240919_110037.data
290.0 410.0 17 23.178749999999997 0cd9414a_20240919_110101.data
270.0 410.0 17 23.178749999999997 0cd9414a_20240919_110125.data
250.0 410.0 17 23.073725 0cd9414a_20240919_110149.data
230.0 410.0 17 23.073725 0cd9414a_20240919_110213.data
210.0 410.0 17 23.178749999999997 0cd9414a_20240919_110237.data
190.0 410.0 17 23.178749999999997 0cd9414a_20240919_110301.data
170.0 410.0 17 23.178749999999997 0cd9414a_20240919_110325.data
150.0 410.0 17 23.178749999999997 0cd9414a_20240919_110349.data
130.0 410.0 17 23.178749999999997 0cd9414a_20240919_110413.data
110.0 410.0 17 23.178749999999997 0cd9414a_20240919_110437.data
90.0 410.0 17 23.178749999999997 0cd9414a_20240919_110501.data
70.0 410.0 17 23.178749999999997 0cd9414a_20240919_110525.data
50.0 410.0 17 23.178749999999997 0cd9414a_20240919_110549.data
30.0 410.0 17 23.178749999999997 0cd9414a_20240919_110613.data
10.0 410.0 17 23.178749999999997 0cd9414a_20240919_110637.data
10.0 430.0 17 23.178749999999997 0cd9414a_20240919_110701.data
30.0 430.0 17 23.178749999999997 0cd9414a_20240919_110725.data
50.0 430.0 17 23.178749999999997 0cd9414a_20240919_110749.data
70.0 430.0 17 23.178749999999997 0cd9414a_20240919_110813.data
90.0 430.0 17 23.178749999999997 0cd9414a_20240919_110837.data
110.0 430.0 17 23.178749999999997 0cd9414a_20240919_110901.data
130.0 430.0 17 23.178749999999997 0cd9414a_20240919_110925.data
150.0 430.0 17 23.178749999999997 0cd9414a_20240919_110949.data
170.0 430.0 17 23.178749999999997 0cd9414a_20240919_111013.data
190.0 430.0 17 23.178749999999997 0cd9414a_20240919_111037.data
210.0 430.0 17 23.178749999999997 0cd9414a_20240919_111101.data
230.0 430.0 17 23.178749999999997 0cd9414a_20240919_111125.data
250.0 430.0 17 23.178749999999997 0cd9414a_20240919_111149.data
270.0 430.0 17 23.178749999999997 0cd9414a_20240919_111213.data
290.0 430.0 17 23.178749999999997 0cd9414a_20240919_111237.data
290.0 450.0 17 23.178749999999997 0cd9414a_20240919_111301.data
270.0 450.0 17 23.178749999999997 0cd9414a_20240919_111325.data
250.0 450.0 17 23.178749999999997 0cd9414a_20240919_111349.data
230.0 450.0 17 23.178749999999997 0cd9414a_20240919_111413.data
210.0 450.0 17 23.178749999999997 0cd9414a_20240919_111437.data
190.0 450.0 17 23.178749999999997 0cd9414a_20240919_111501.data
170.0 450.0 17 23.178749999999997 0cd9414a_20240919_111525.data
150.0 450.0 17 23.178749999999997 0cd9414a_20240919_111549.data
130.0 450.0 17 23.178749999999997 0cd9414a_20240919_111613.data
110.0 450.0 17 23.283325 0cd9414a_20240919_111637.data
90.0 450.0 17 23.178749999999997 0cd9414a_20240919_111701.data
70.0 450.0 17 23.178749999999997 0cd9414a_20240919_111725.data
50.0 450.0 17 23.178749999999997 0cd9414a_20240919_111749.data
30.0 450.0 17 23.178749999999997 0cd9414a_20240919_111813.data
10.0 450.0 17 23.178749999999997 0cd9414a_20240919_111837.data
10.0 470.0 17 23.178749999999997 0cd9414a_20240919_111902.data
30.0 470.0 17 23.178749999999997 0cd9414a_20240919_111926.data
50.0 470.0 17 23.178749999999997 0cd9414a_20240919_111950.data
70.0 470.0 17 23.178749999999997 0cd9414a_20240919_112014.data
90.0 470.0 17 23.178749999999997 0cd9414a_20240919_112038.data
110.0 470.0 17 23.178749999999997 0cd9414a_20240919_112102.data
130.0 470.0 17 23.178749999999997 0cd9414a_20240919_112126.data
150.0 470.0 17 23.178749999999997 0cd9414a_20240919_112150.data
170.0 470.0 17 23.178749999999997 0cd9414a_20240919_112214.data
190.0 470.0 17 23.178749999999997 0cd9414a_20240919_112238.data
210.0 470.0 17 23.178749999999997 0cd9414a_20240919_112302.data
230.0 470.0 17 23.178749999999997 0cd9414a_20240919_112326.data
250.0 470.0 17 23.178749999999997 0cd9414a_20240919_112350.data
270.0 470.0 17 23.178749999999997 0cd9414a_20240919_112414.data
290.0 470.0 17 23.178749999999997 0cd9414a_20240919_112438.data
