-1 -1 -1 -1 0cd9414a_20240814_164225.data
10.0 10.0 17 28.362991189427316 0cd9414a_20240814_164304.data
30.0 10.0 17 28.362991189427316 0cd9414a_20240814_164328.data
50.0 10.0 17 28.14663876651983 0cd9414a_20240814_164352.data
70.0 10.0 17 28.362991189427316 0cd9414a_20240814_164416.data
90.0 10.0 17 28.470581497797355 0cd9414a_20240814_164440.data
110.0 10.0 17 28.362991189427316 0cd9414a_20240814_164504.data
130.0 10.0 17 28.14663876651983 0cd9414a_20240814_164528.data
150.0 10.0 17 28.362991189427316 0cd9414a_20240814_164552.data
170.0 10.0 17 28.362991189427316 0cd9414a_20240814_164616.data
190.0 10.0 17 28.362991189427316 0cd9414a_20240814_164640.data
210.0 10.0 17 28.14663876651983 0cd9414a_20240814_164704.data
230.0 10.0 17 28.14663876651983 0cd9414a_20240814_164728.data
250.0 10.0 17 28.362991189427316 0cd9414a_20240814_164752.data
270.0 10.0 17 28.362991189427316 0cd9414a_20240814_164816.data
290.0 10.0 17 28.362991189427316 0cd9414a_20240814_164840.data
290.0 30.0 17 28.14663876651983 0cd9414a_20240814_164904.data
270.0 30.0 17 28.362991189427316 0cd9414a_20240814_164928.data
250.0 30.0 17 28.25503083700441 0cd9414a_20240814_164952.data
230.0 30.0 17 28.14663876651983 0cd9414a_20240814_165017.data
210.0 30.0 17 28.362991189427316 0cd9414a_20240814_165041.data
190.0 30.0 17 28.362991189427316 0cd9414a_20240814_165105.data
170.0 30.0 17 28.362991189427316 0cd9414a_20240814_165129.data
150.0 30.0 17 28.14663876651983 0cd9414a_20240814_165153.data
130.0 30.0 17 28.14663876651983 0cd9414a_20240814_165217.data
110.0 30.0 17 28.037845814977977 0cd9414a_20240814_165241.data
90.0 30.0 17 28.25503083700441 0cd9414a_20240814_165305.data
70.0 30.0 17 28.14663876651983 0cd9414a_20240814_165329.data
50.0 30.0 17 28.037845814977977 0cd9414a_20240814_165353.data
30.0 30.0 17 28.14663876651983 0cd9414a_20240814_165417.data
10.0 30.0 17 28.037845814977977 0cd9414a_20240814_165441.data
10.0 50.0 17 27.928651982378856 0cd9414a_20240814_165505.data
30.0 50.0 17 28.037845814977977 0cd9414a_20240814_165529.data
50.0 50.0 17 28.037845814977977 0cd9414a_20240814_165553.data
70.0 50.0 17 28.037845814977977 0cd9414a_20240814_165617.data
90.0 50.0 17 28.14663876651983 0cd9414a_20240814_165641.data
110.0 50.0 17 28.037845814977977 0cd9414a_20240814_165705.data
130.0 50.0 17 28.037845814977977 0cd9414a_20240814_165729.data
150.0 50.0 17 28.037845814977977 0cd9414a_20240814_165753.data
170.0 50.0 17 28.037845814977977 0cd9414a_20240814_165817.data
190.0 50.0 17 28.037845814977977 0cd9414a_20240814_165841.data
210.0 50.0 17 28.037845814977977 0cd9414a_20240814_165905.data
230.0 50.0 17 28.037845814977977 0cd9414a_20240814_165929.data
250.0 50.0 17 28.037845814977977 0cd9414a_20240814_165953.data
270.0 50.0 17 28.037845814977977 0cd9414a_20240814_170017.data
290.0 50.0 17 28.037845814977977 0cd9414a_20240814_170041.data
290.0 70.0 17 28.037845814977977 0cd9414a_20240814_170105.data
270.0 70.0 17 28.037845814977977 0cd9414a_20240814_170129.data
250.0 70.0 17 28.037845814977977 0cd9414a_20240814_170153.data
230.0 70.0 17 28.037845814977977 0cd9414a_20240814_170217.data
210.0 70.0 17 28.037845814977977 0cd9414a_20240814_170241.data
190.0 70.0 17 28.037845814977977 0cd9414a_20240814_170305.data
170.0 70.0 17 28.037845814977977 0cd9414a_20240814_170329.data
150.0 70.0 17 28.037845814977977 0cd9414a_20240814_170353.data
130.0 70.0 17 28.037845814977977 0cd9414a_20240814_170417.data
110.0 70.0 17 28.037845814977977 0cd9414a_20240814_170441.data
90.0 70.0 17 28.037845814977977 0cd9414a_20240814_170505.data
70.0 70.0 17 28.037845814977977 0cd9414a_20240814_170529.data
50.0 70.0 17 28.037845814977977 0cd9414a_20240814_170553.data
30.0 70.0 17 28.037845814977977 0cd9414a_20240814_170617.data
10.0 70.0 17 28.14663876651983 0cd9414a_20240814_170641.data
10.0 90.0 17 28.037845814977977 0cd9414a_20240814_170705.data
30.0 90.0 17 28.037845814977977 0cd9414a_20240814_170729.data
50.0 90.0 17 28.037845814977977 0cd9414a_20240814_170753.data
70.0 90.0 17 28.037845814977977 0cd9414a_20240814_170817.data
90.0 90.0 17 28.037845814977977 0cd9414a_20240814_170841.data
110.0 90.0 17 28.037845814977977 0cd9414a_20240814_170905.data
130.0 90.0 17 28.037845814977977 0cd9414a_20240814_170929.data
150.0 90.0 17 28.037845814977977 0cd9414a_20240814_170953.data
170.0 90.0 17 28.037845814977977 0cd9414a_20240814_171017.data
190.0 90.0 17 28.037845814977977 0cd9414a_20240814_171041.data
210.0 90.0 17 28.037845814977977 0cd9414a_20240814_171105.data
230.0 90.0 17 28.037845814977977 0cd9414a_20240814_171129.data
250.0 90.0 17 28.037845814977977 0cd9414a_20240814_171153.data
270.0 90.0 17 28.037845814977977 0cd9414a_20240814_171217.data
290.0 90.0 17 28.037845814977977 0cd9414a_20240814_171241.data
290.0 110.0 17 28.037845814977977 0cd9414a_20240814_171305.data
270.0 110.0 17 28.037845814977977 0cd9414a_20240814_171329.data
250.0 110.0 17 28.037845814977977 0cd9414a_20240814_171353.data
230.0 110.0 17 28.037845814977977 0cd9414a_20240814_171417.data
210.0 110.0 17 28.037845814977977 0cd9414a_20240814_171441.data
190.0 110.0 17 28.037845814977977 0cd9414a_20240814_171505.data
170.0 110.0 17 28.037845814977977 0cd9414a_20240814_171529.data
150.0 110.0 17 28.037845814977977 0cd9414a_20240814_171553.data
130.0 110.0 17 28.037845814977977 0cd9414a_20240814_171617.data
110.0 110.0 17 28.037845814977977 0cd9414a_20240814_171641.data
90.0 110.0 17 28.037845814977977 0cd9414a_20240814_171705.data
70.0 110.0 17 28.037845814977977 0cd9414a_20240814_171729.data
50.0 110.0 17 28.14663876651983 0cd9414a_20240814_171753.data
30.0 110.0 17 28.037845814977977 0cd9414a_20240814_171817.data
10.0 110.0 17 28.037845814977977 0cd9414a_20240814_171841.data
10.0 130.0 17 28.037845814977977 0cd9414a_20240814_171905.data
30.0 130.0 17 28.037845814977977 0cd9414a_20240814_171929.data
50.0 130.0 17 28.037845814977977 0cd9414a_20240814_171953.data
70.0 130.0 17 28.037845814977977 0cd9414a_20240814_172017.data
90.0 130.0 17 28.037845814977977 0cd9414a_20240814_172041.data
110.0 130.0 17 28.037845814977977 0cd9414a_20240814_172105.data
130.0 130.0 17 28.037845814977977 0cd9414a_20240814_172129.data
150.0 130.0 17 28.037845814977977 0cd9414a_20240814_172153.data
170.0 130.0 17 28.037845814977977 0cd9414a_20240814_172217.data
190.0 130.0 17 28.037845814977977 0cd9414a_20240814_172241.data
210.0 130.0 17 28.037845814977977 0cd9414a_20240814_172305.data
230.0 130.0 17 28.037845814977977 0cd9414a_20240814_172329.data
250.0 130.0 17 28.037845814977977 0cd9414a_20240814_172353.data
270.0 130.0 17 28.037845814977977 0cd9414a_20240814_172417.data
290.0 130.0 17 28.037845814977977 0cd9414a_20240814_172441.data
290.0 150.0 17 27.928651982378856 0cd9414a_20240814_172505.data
270.0 150.0 17 28.037845814977977 0cd9414a_20240814_172529.data
250.0 150.0 17 28.037845814977977 0cd9414a_20240814_172553.data
230.0 150.0 17 28.037845814977977 0cd9414a_20240814_172617.data
210.0 150.0 17 28.037845814977977 0cd9414a_20240814_172641.data
190.0 150.0 17 28.037845814977977 0cd9414a_20240814_172705.data
170.0 150.0 17 28.037845814977977 0cd9414a_20240814_172730.data
150.0 150.0 17 28.037845814977977 0cd9414a_20240814_172753.data
130.0 150.0 17 28.037845814977977 0cd9414a_20240814_172817.data
110.0 150.0 17 28.037845814977977 0cd9414a_20240814_172842.data
90.0 150.0 17 28.037845814977977 0cd9414a_20240814_172906.data
70.0 150.0 17 28.037845814977977 0cd9414a_20240814_172930.data
50.0 150.0 17 28.037845814977977 0cd9414a_20240814_172954.data
30.0 150.0 17 28.037845814977977 0cd9414a_20240814_173018.data
10.0 150.0 17 28.14663876651983 0cd9414a_20240814_173042.data
10.0 170.0 17 28.037845814977977 0cd9414a_20240814_173106.data
30.0 170.0 17 28.037845814977977 0cd9414a_20240814_173130.data
50.0 170.0 17 28.037845814977977 0cd9414a_20240814_173154.data
70.0 170.0 17 28.037845814977977 0cd9414a_20240814_173218.data
90.0 170.0 17 28.037845814977977 0cd9414a_20240814_173242.data
110.0 170.0 17 28.037845814977977 0cd9414a_20240814_173306.data
130.0 170.0 17 28.037845814977977 0cd9414a_20240814_173330.data
150.0 170.0 17 27.928651982378856 0cd9414a_20240814_173354.data
170.0 170.0 17 28.037845814977977 0cd9414a_20240814_173418.data
190.0 170.0 17 28.037845814977977 0cd9414a_20240814_173442.data
210.0 170.0 17 28.037845814977977 0cd9414a_20240814_173506.data
230.0 170.0 17 28.14663876651983 0cd9414a_20240814_173530.data
250.0 170.0 17 28.037845814977977 0cd9414a_20240814_173554.data
270.0 170.0 17 28.037845814977977 0cd9414a_20240814_173618.data
290.0 170.0 17 28.037845814977977 0cd9414a_20240814_173642.data
290.0 190.0 17 28.037845814977977 0cd9414a_20240814_173706.data
270.0 190.0 17 27.928651982378856 0cd9414a_20240814_173730.data
250.0 190.0 17 27.928651982378856 0cd9414a_20240814_173754.data
230.0 190.0 17 28.037845814977977 0cd9414a_20240814_173818.data
210.0 190.0 17 27.928651982378856 0cd9414a_20240814_173842.data
190.0 190.0 17 28.037845814977977 0cd9414a_20240814_173906.data
170.0 190.0 17 28.037845814977977 0cd9414a_20240814_173930.data
150.0 190.0 17 28.037845814977977 0cd9414a_20240814_173954.data
130.0 190.0 17 28.037845814977977 0cd9414a_20240814_174018.data
110.0 190.0 17 28.037845814977977 0cd9414a_20240814_174042.data
90.0 190.0 17 28.037845814977977 0cd9414a_20240814_174106.data
70.0 190.0 17 28.037845814977977 0cd9414a_20240814_174130.data
50.0 190.0 17 28.037845814977977 0cd9414a_20240814_174154.data
30.0 190.0 17 28.037845814977977 0cd9414a_20240814_174218.data
10.0 190.0 17 28.037845814977977 0cd9414a_20240814_174242.data
10.0 210.0 17 28.037845814977977 0cd9414a_20240814_174306.data
30.0 210.0 17 28.037845814977977 0cd9414a_20240814_174330.data
50.0 210.0 17 28.037845814977977 0cd9414a_20240814_174354.data
70.0 210.0 17 28.037845814977977 0cd9414a_20240814_174418.data
90.0 210.0 17 28.037845814977977 0cd9414a_20240814_174442.data
110.0 210.0 17 28.037845814977977 0cd9414a_20240814_174506.data
130.0 210.0 17 28.037845814977977 0cd9414a_20240814_174530.data
150.0 210.0 17 28.037845814977977 0cd9414a_20240814_174554.data
170.0 210.0 17 28.037845814977977 0cd9414a_20240814_174618.data
190.0 210.0 17 28.037845814977977 0cd9414a_20240814_174642.data
210.0 210.0 17 28.037845814977977 0cd9414a_20240814_174706.data
230.0 210.0 17 27.928651982378856 0cd9414a_20240814_174730.data
250.0 210.0 17 28.037845814977977 0cd9414a_20240814_174754.data
270.0 210.0 17 28.037845814977977 0cd9414a_20240814_174818.data
290.0 210.0 17 28.037845814977977 0cd9414a_20240814_174842.data
290.0 230.0 17 28.037845814977977 0cd9414a_20240814_174906.data
270.0 230.0 17 28.037845814977977 0cd9414a_20240814_174930.data
250.0 230.0 17 28.037845814977977 0cd9414a_20240814_174954.data
230.0 230.0 17 28.037845814977977 0cd9414a_20240814_175018.data
210.0 230.0 17 28.037845814977977 0cd9414a_20240814_175042.data
190.0 230.0 17 28.037845814977977 0cd9414a_20240814_175106.data
170.0 230.0 17 27.928651982378856 0cd9414a_20240814_175130.data
150.0 230.0 17 28.037845814977977 0cd9414a_20240814_175154.data
130.0 230.0 17 28.037845814977977 0cd9414a_20240814_175218.data
110.0 230.0 17 27.928651982378856 0cd9414a_20240814_175242.data
90.0 230.0 17 28.037845814977977 0cd9414a_20240814_175306.data
70.0 230.0 17 27.928651982378856 0cd9414a_20240814_175330.data
50.0 230.0 17 28.037845814977977 0cd9414a_20240814_175354.data
30.0 230.0 17 28.037845814977977 0cd9414a_20240814_175418.data
10.0 230.0 17 28.037845814977977 0cd9414a_20240814_175442.data
10.0 250.0 17 28.037845814977977 0cd9414a_20240814_175506.data
30.0 250.0 17 28.037845814977977 0cd9414a_20240814_175530.data
50.0 250.0 17 28.037845814977977 0cd9414a_20240814_175554.data
70.0 250.0 17 28.037845814977977 0cd9414a_20240814_175618.data
90.0 250.0 17 28.037845814977977 0cd9414a_20240814_175642.data
110.0 250.0 17 28.037845814977977 0cd9414a_20240814_175706.data
130.0 250.0 17 28.037845814977977 0cd9414a_20240814_175730.data
150.0 250.0 17 28.037845814977977 0cd9414a_20240814_175754.data
170.0 250.0 17 27.928651982378856 0cd9414a_20240814_175818.data
190.0 250.0 17 27.928651982378856 0cd9414a_20240814_175842.data
210.0 250.0 17 28.037845814977977 0cd9414a_20240814_175906.data
230.0 250.0 17 27.928651982378856 0cd9414a_20240814_175930.data
250.0 250.0 17 28.037845814977977 0cd9414a_20240814_175954.data
270.0 250.0 17 28.037845814977977 0cd9414a_20240814_180018.data
290.0 250.0 17 28.037845814977977 0cd9414a_20240814_180042.data
290.0 270.0 17 28.037845814977977 0cd9414a_20240814_180106.data
270.0 270.0 17 28.037845814977977 0cd9414a_20240814_180130.data
250.0 270.0 17 28.037845814977977 0cd9414a_20240814_180154.data
230.0 270.0 17 28.037845814977977 0cd9414a_20240814_180218.data
210.0 270.0 17 28.037845814977977 0cd9414a_20240814_180242.data
190.0 270.0 17 28.037845814977977 0cd9414a_20240814_180306.data
170.0 270.0 17 28.037845814977977 0cd9414a_20240814_180330.data
150.0 270.0 17 28.037845814977977 0cd9414a_20240814_180354.data
130.0 270.0 17 28.037845814977977 0cd9414a_20240814_180418.data
110.0 270.0 17 28.037845814977977 0cd9414a_20240814_180442.data
90.0 270.0 17 28.037845814977977 0cd9414a_20240814_180506.data
70.0 270.0 17 28.037845814977977 0cd9414a_20240814_180531.data
50.0 270.0 17 28.037845814977977 0cd9414a_20240814_180555.data
30.0 270.0 17 28.037845814977977 0cd9414a_20240814_180619.data
10.0 270.0 17 28.037845814977977 0cd9414a_20240814_180643.data
10.0 290.0 17 28.037845814977977 0cd9414a_20240814_180707.data
30.0 290.0 17 28.037845814977977 0cd9414a_20240814_180731.data
50.0 290.0 17 27.928651982378856 0cd9414a_20240814_180755.data
70.0 290.0 17 28.037845814977977 0cd9414a_20240814_180819.data
90.0 290.0 17 28.14663876651983 0cd9414a_20240814_180843.data
110.0 290.0 17 27.928651982378856 0cd9414a_20240814_180907.data
130.0 290.0 17 28.14663876651983 0cd9414a_20240814_180931.data
150.0 290.0 17 28.037845814977977 0cd9414a_20240814_180955.data
170.0 290.0 17 27.928651982378856 0cd9414a_20240814_181019.data
190.0 290.0 17 28.037845814977977 0cd9414a_20240814_181043.data
210.0 290.0 17 28.037845814977977 0cd9414a_20240814_181107.data
230.0 290.0 17 27.928651982378856 0cd9414a_20240814_181131.data
250.0 290.0 17 28.037845814977977 0cd9414a_20240814_181155.data
270.0 290.0 17 28.037845814977977 0cd9414a_20240814_181219.data
290.0 290.0 17 28.037845814977977 0cd9414a_20240814_181243.data
290.0 310.0 17 28.037845814977977 0cd9414a_20240814_181307.data
270.0 310.0 17 28.037845814977977 0cd9414a_20240814_181331.data
250.0 310.0 17 27.928651982378856 0cd9414a_20240814_181355.data
230.0 310.0 17 28.037845814977977 0cd9414a_20240814_181419.data
210.0 310.0 17 -1 0cd9414a_20240814_181443.data
190.0 310.0 17 28.037845814977977 0cd9414a_20240814_181507.data
170.0 310.0 17 27.928651982378856 0cd9414a_20240814_181531.data
150.0 310.0 17 -1 0cd9414a_20240814_181555.data
130.0 310.0 17 28.14663876651983 0cd9414a_20240814_181619.data
110.0 310.0 17 27.928651982378856 0cd9414a_20240814_181643.data
90.0 310.0 17 28.037845814977977 0cd9414a_20240814_181707.data
70.0 310.0 17 27.928651982378856 0cd9414a_20240814_181731.data
50.0 310.0 17 27.928651982378856 0cd9414a_20240814_181755.data
30.0 310.0 17 28.037845814977977 0cd9414a_20240814_181819.data
10.0 310.0 17 -1 0cd9414a_20240814_181843.data
10.0 330.0 17 28.037845814977977 0cd9414a_20240814_181907.data
30.0 330.0 17 28.037845814977977 0cd9414a_20240814_181931.data
50.0 330.0 17 27.928651982378856 0cd9414a_20240814_181955.data
70.0 330.0 17 28.040528634361237 0cd9414a_20240814_182019.data
90.0 330.0 17 28.037845814977977 0cd9414a_20240814_182043.data
110.0 330.0 17 28.037845814977977 0cd9414a_20240814_182107.data
130.0 330.0 17 28.037845814977977 0cd9414a_20240814_182131.data
150.0 330.0 17 28.037845814977977 0cd9414a_20240814_182155.data
170.0 330.0 17 28.037845814977977 0cd9414a_20240814_182219.data
190.0 330.0 17 28.037845814977977 0cd9414a_20240814_182243.data
210.0 330.0 17 28.037845814977977 0cd9414a_20240814_182307.data
230.0 330.0 17 27.928651982378856 0cd9414a_20240814_182331.data
250.0 330.0 17 28.037845814977977 0cd9414a_20240814_182355.data
270.0 330.0 17 27.928651982378856 0cd9414a_20240814_182419.data
290.0 330.0 17 27.928651982378856 0cd9414a_20240814_182443.data
10.0 350.0 17 28.037845814977977 0cd9414a_20240815_090414.data
30.0 350.0 17 28.037845814977977 0cd9414a_20240815_090438.data
50.0 350.0 17 28.037845814977977 0cd9414a_20240815_090502.data
70.0 350.0 17 28.037845814977977 0cd9414a_20240815_090526.data
90.0 350.0 17 28.037845814977977 0cd9414a_20240815_090550.data
110.0 350.0 17 28.037845814977977 0cd9414a_20240815_090614.data
130.0 350.0 17 27.928651982378856 0cd9414a_20240815_090638.data
150.0 350.0 17 28.037845814977977 0cd9414a_20240815_090702.data
170.0 350.0 17 28.037845814977977 0cd9414a_20240815_090726.data
190.0 350.0 17 28.037845814977977 0cd9414a_20240815_090750.data
210.0 350.0 17 28.037845814977977 0cd9414a_20240815_090814.data
230.0 350.0 17 28.037845814977977 0cd9414a_20240815_090838.data
250.0 350.0 17 28.037845814977977 0cd9414a_20240815_090902.data
270.0 350.0 17 28.037845814977977 0cd9414a_20240815_090926.data
290.0 350.0 17 28.037845814977977 0cd9414a_20240815_090950.data
290.0 370.0 17 28.037845814977977 0cd9414a_20240815_091014.data
270.0 370.0 17 28.037845814977977 0cd9414a_20240815_091038.data
250.0 370.0 17 28.037845814977977 0cd9414a_20240815_091102.data
230.0 370.0 17 28.037845814977977 0cd9414a_20240815_091126.data
210.0 370.0 17 28.037845814977977 0cd9414a_20240815_091150.data
190.0 370.0 17 28.037845814977977 0cd9414a_20240815_091214.data
170.0 370.0 17 27.928651982378856 0cd9414a_20240815_091238.data
150.0 370.0 17 28.14663876651983 0cd9414a_20240815_091302.data
130.0 370.0 17 28.037845814977977 0cd9414a_20240815_091326.data
110.0 370.0 17 28.037845814977977 0cd9414a_20240815_091350.data
90.0 370.0 17 27.81905726872247 0cd9414a_20240815_091414.data
70.0 370.0 17 27.928651982378856 0cd9414a_20240815_091438.data
50.0 370.0 17 28.037845814977977 0cd9414a_20240815_091502.data
30.0 370.0 17 28.037845814977977 0cd9414a_20240815_091526.data
10.0 370.0 17 28.037845814977977 0cd9414a_20240815_091550.data
10.0 390.0 17 28.037845814977977 0cd9414a_20240815_091614.data
30.0 390.0 17 28.037845814977977 0cd9414a_20240815_091638.data
50.0 390.0 17 27.928651982378856 0cd9414a_20240815_091702.data
70.0 390.0 17 28.037845814977977 0cd9414a_20240815_091726.data
90.0 390.0 17 28.037845814977977 0cd9414a_20240815_091750.data
110.0 390.0 17 28.037845814977977 0cd9414a_20240815_091814.data
130.0 390.0 17 28.037845814977977 0cd9414a_20240815_091838.data
150.0 390.0 17 27.928651982378856 0cd9414a_20240815_091902.data
170.0 390.0 17 28.037845814977977 0cd9414a_20240815_091926.data
190.0 390.0 17 28.037845814977977 0cd9414a_20240815_091950.data
210.0 390.0 17 28.037845814977977 0cd9414a_20240815_092014.data
230.0 390.0 17 28.037845814977977 0cd9414a_20240815_092038.data
250.0 390.0 17 28.037845814977977 0cd9414a_20240815_092102.data
270.0 390.0 17 27.928651982378856 0cd9414a_20240815_092126.data
290.0 390.0 17 28.037845814977977 0cd9414a_20240815_092150.data
290.0 410.0 17 28.037845814977977 0cd9414a_20240815_092214.data
270.0 410.0 17 28.037845814977977 0cd9414a_20240815_092238.data
250.0 410.0 17 28.037845814977977 0cd9414a_20240815_092302.data
230.0 410.0 17 28.037845814977977 0cd9414a_20240815_092326.data
210.0 410.0 17 28.037845814977977 0cd9414a_20240815_092350.data
190.0 410.0 17 28.037845814977977 0cd9414a_20240815_092414.data
170.0 410.0 17 28.037845814977977 0cd9414a_20240815_092438.data
150.0 410.0 17 28.037845814977977 0cd9414a_20240815_092502.data
130.0 410.0 17 28.037845814977977 0cd9414a_20240815_092526.data
110.0 410.0 17 28.037845814977977 0cd9414a_20240815_092550.data
90.0 410.0 17 28.037845814977977 0cd9414a_20240815_092615.data
70.0 410.0 17 28.037845814977977 0cd9414a_20240815_092639.data
50.0 410.0 17 28.037845814977977 0cd9414a_20240815_092702.data
30.0 410.0 17 28.037845814977977 0cd9414a_20240815_092727.data
10.0 410.0 17 27.928651982378856 0cd9414a_20240815_092751.data
10.0 430.0 17 28.037845814977977 0cd9414a_20240815_092815.data
30.0 430.0 17 28.037845814977977 0cd9414a_20240815_092839.data
50.0 430.0 17 28.037845814977977 0cd9414a_20240815_092903.data
70.0 430.0 17 27.928651982378856 0cd9414a_20240815_092927.data
90.0 430.0 17 28.037845814977977 0cd9414a_20240815_092951.data
110.0 430.0 17 28.037845814977977 0cd9414a_20240815_093015.data
130.0 430.0 17 28.037845814977977 0cd9414a_20240815_093039.data
150.0 430.0 17 28.037845814977977 0cd9414a_20240815_093103.data
170.0 430.0 17 28.037845814977977 0cd9414a_20240815_093127.data
190.0 430.0 17 28.037845814977977 0cd9414a_20240815_093151.data
210.0 430.0 17 28.037845814977977 0cd9414a_20240815_093215.data
230.0 430.0 17 28.037845814977977 0cd9414a_20240815_093239.data
250.0 430.0 17 28.037845814977977 0cd9414a_20240815_093303.data
270.0 430.0 17 28.037845814977977 0cd9414a_20240815_093327.data
290.0 430.0 17 28.037845814977977 0cd9414a_20240815_093351.data
290.0 450.0 17 28.037845814977977 0cd9414a_20240815_093415.data
270.0 450.0 17 28.037845814977977 0cd9414a_20240815_093439.data
250.0 450.0 17 28.037845814977977 0cd9414a_20240815_093503.data
230.0 450.0 17 28.037845814977977 0cd9414a_20240815_093527.data
210.0 450.0 17 27.928651982378856 0cd9414a_20240815_093551.data
190.0 450.0 17 28.037845814977977 0cd9414a_20240815_093615.data
170.0 450.0 17 27.928651982378856 0cd9414a_20240815_093639.data
150.0 450.0 17 28.037845814977977 0cd9414a_20240815_093703.data
130.0 450.0 17 28.037845814977977 0cd9414a_20240815_093727.data
110.0 450.0 17 27.928651982378856 0cd9414a_20240815_093751.data
90.0 450.0 17 28.037845814977977 0cd9414a_20240815_093815.data
70.0 450.0 17 28.037845814977977 0cd9414a_20240815_093839.data
50.0 450.0 17 28.037845814977977 0cd9414a_20240815_093903.data
30.0 450.0 17 28.037845814977977 0cd9414a_20240815_093927.data
10.0 450.0 17 28.037845814977977 0cd9414a_20240815_093951.data
10.0 470.0 17 28.037845814977977 0cd9414a_20240815_094015.data
30.0 470.0 17 28.037845814977977 0cd9414a_20240815_094039.data
50.0 470.0 17 28.14663876651983 0cd9414a_20240815_094103.data
70.0 470.0 17 28.037845814977977 0cd9414a_20240815_094127.data
90.0 470.0 17 28.037845814977977 0cd9414a_20240815_094151.data
110.0 470.0 17 27.928651982378856 0cd9414a_20240815_094215.data
130.0 470.0 17 27.928651982378856 0cd9414a_20240815_094239.data
150.0 470.0 17 27.928651982378856 0cd9414a_20240815_094303.data
170.0 470.0 17 28.037845814977977 0cd9414a_20240815_094327.data
190.0 470.0 17 28.037845814977977 0cd9414a_20240815_094351.data
210.0 470.0 17 28.037845814977977 0cd9414a_20240815_094415.data
230.0 470.0 17 28.037845814977977 0cd9414a_20240815_094439.data
250.0 470.0 17 28.037845814977977 0cd9414a_20240815_094503.data
270.0 470.0 17 28.037845814977977 0cd9414a_20240815_094527.data
290.0 470.0 17 28.037845814977977 0cd9414a_20240815_094551.data
