-1 -1 -1 26.124563876651983 0cd9414a_20240830_102644.data
10.0 10.0 17 26.356118942731285 0cd9414a_20240830_102723.data
30.0 10.0 17 26.124563876651983 0cd9414a_20240830_102747.data
50.0 10.0 17 26.471233480176213 0cd9414a_20240830_102811.data
70.0 10.0 17 26.356118942731285 0cd9414a_20240830_102835.data
90.0 10.0 17 26.471233480176213 0cd9414a_20240830_102859.data
110.0 10.0 17 26.124563876651983 0cd9414a_20240830_102923.data
130.0 10.0 17 26.240572687224667 0cd9414a_20240830_102947.data
150.0 10.0 17 26.356118942731285 0cd9414a_20240830_103011.data
170.0 10.0 17 26.471233480176213 0cd9414a_20240830_103035.data
190.0 10.0 17 26.356118942731285 0cd9414a_20240830_103059.data
210.0 10.0 17 26.124563876651983 0cd9414a_20240830_103123.data
230.0 10.0 17 26.240572687224667 0cd9414a_20240830_103147.data
250.0 10.0 17 26.240572687224667 0cd9414a_20240830_103211.data
270.0 10.0 17 26.356118942731285 0cd9414a_20240830_103235.data
290.0 10.0 17 26.240572687224667 0cd9414a_20240830_103259.data
290.0 30.0 17 26.124563876651983 0cd9414a_20240830_103323.data
270.0 30.0 17 26.124563876651983 0cd9414a_20240830_103347.data
250.0 30.0 17 26.240572687224667 0cd9414a_20240830_103411.data
230.0 30.0 17 26.471233480176213 0cd9414a_20240830_103435.data
210.0 30.0 17 26.471233480176213 0cd9414a_20240830_103500.data
190.0 30.0 17 26.471233480176213 0cd9414a_20240830_103524.data
170.0 30.0 17 26.356118942731285 0cd9414a_20240830_103548.data
150.0 30.0 17 26.471233480176213 0cd9414a_20240830_103612.data
130.0 30.0 17 26.124563876651983 0cd9414a_20240830_103636.data
110.0 30.0 17 26.240572687224667 0cd9414a_20240830_103700.data
90.0 30.0 17 26.356118942731285 0cd9414a_20240830_103724.data
70.0 30.0 17 26.124563876651983 0cd9414a_20240830_103748.data
50.0 30.0 17 26.240572687224667 0cd9414a_20240830_103812.data
30.0 30.0 17 26.471233480176213 0cd9414a_20240830_103836.data
10.0 30.0 17 26.356118942731285 0cd9414a_20240830_103900.data
10.0 50.0 17 26.356118942731285 0cd9414a_20240830_103924.data
30.0 50.0 17 26.356118942731285 0cd9414a_20240830_103948.data
50.0 50.0 17 26.124563876651983 0cd9414a_20240830_104012.data
70.0 50.0 17 26.124563876651983 0cd9414a_20240830_104036.data
90.0 50.0 17 26.240572687224667 0cd9414a_20240830_104100.data
110.0 50.0 17 26.124563876651983 0cd9414a_20240830_104124.data
130.0 50.0 17 26.240572687224667 0cd9414a_20240830_104148.data
150.0 50.0 17 26.356118942731285 0cd9414a_20240830_104212.data
170.0 50.0 17 26.356118942731285 0cd9414a_20240830_104236.data
190.0 50.0 17 26.356118942731285 0cd9414a_20240830_104300.data
210.0 50.0 17 26.124563876651983 0cd9414a_20240830_104324.data
230.0 50.0 17 26.471233480176213 0cd9414a_20240830_104348.data
250.0 50.0 17 26.356118942731285 0cd9414a_20240830_104412.data
270.0 50.0 17 26.356118942731285 0cd9414a_20240830_104436.data
290.0 50.0 17 26.356118942731285 0cd9414a_20240830_104500.data
290.0 70.0 17 26.471233480176213 0cd9414a_20240830_104524.data
270.0 70.0 17 26.356118942731285 0cd9414a_20240830_104548.data
250.0 70.0 17 26.124563876651983 0cd9414a_20240830_104612.data
230.0 70.0 17 26.356118942731285 0cd9414a_20240830_104636.data
210.0 70.0 17 26.356118942731285 0cd9414a_20240830_104700.data
190.0 70.0 17 26.356118942731285 0cd9414a_20240830_104724.data
170.0 70.0 17 26.240572687224667 0cd9414a_20240830_104748.data
150.0 70.0 17 26.240572687224667 0cd9414a_20240830_104812.data
130.0 70.0 17 26.240572687224667 0cd9414a_20240830_104836.data
110.0 70.0 17 26.008123348017623 0cd9414a_20240830_104900.data
90.0 70.0 17 26.124563876651983 0cd9414a_20240830_104924.data
70.0 70.0 17 26.356118942731285 0cd9414a_20240830_104948.data
50.0 70.0 17 26.356118942731285 0cd9414a_20240830_105012.data
30.0 70.0 17 26.124563876651983 0cd9414a_20240830_105036.data
10.0 70.0 17 26.240572687224667 0cd9414a_20240830_105100.data
10.0 90.0 17 26.356118942731285 0cd9414a_20240830_105124.data
30.0 90.0 17 26.356118942731285 0cd9414a_20240830_105148.data
50.0 90.0 17 26.356118942731285 0cd9414a_20240830_105212.data
70.0 90.0 17 26.008123348017623 0cd9414a_20240830_105236.data
90.0 90.0 17 26.124563876651983 0cd9414a_20240830_105300.data
110.0 90.0 17 26.356118942731285 0cd9414a_20240830_105324.data
130.0 90.0 17 26.356118942731285 0cd9414a_20240830_105348.data
150.0 90.0 17 26.124563876651983 0cd9414a_20240830_105412.data
170.0 90.0 17 26.356118942731285 0cd9414a_20240830_105436.data
190.0 90.0 17 26.356118942731285 0cd9414a_20240830_105500.data
210.0 90.0 17 26.356118942731285 0cd9414a_20240830_105524.data
230.0 90.0 17 26.008123348017623 0cd9414a_20240830_105548.data
250.0 90.0 17 26.356118942731285 0cd9414a_20240830_105612.data
270.0 90.0 17 26.356118942731285 0cd9414a_20240830_105636.data
290.0 90.0 17 26.240572687224667 0cd9414a_20240830_105700.data
290.0 110.0 17 26.356118942731285 0cd9414a_20240830_105724.data
270.0 110.0 17 26.240572687224667 0cd9414a_20240830_105748.data
250.0 110.0 17 26.356118942731285 0cd9414a_20240830_105812.data
230.0 110.0 17 26.240572687224667 0cd9414a_20240830_105836.data
210.0 110.0 17 26.124563876651983 0cd9414a_20240830_105900.data
190.0 110.0 17 26.240572687224667 0cd9414a_20240830_105924.data
170.0 110.0 17 26.356118942731285 0cd9414a_20240830_105948.data
150.0 110.0 17 26.008123348017623 0cd9414a_20240830_110012.data
130.0 110.0 17 26.240572687224667 0cd9414a_20240830_110036.data
110.0 110.0 17 26.008123348017623 0cd9414a_20240830_110100.data
90.0 110.0 17 26.124563876651983 0cd9414a_20240830_110124.data
70.0 110.0 17 26.240572687224667 0cd9414a_20240830_110148.data
50.0 110.0 17 26.240572687224667 0cd9414a_20240830_110212.data
30.0 110.0 17 26.124563876651983 0cd9414a_20240830_110236.data
10.0 110.0 17 26.240572687224667 0cd9414a_20240830_110300.data
10.0 130.0 17 25.89125110132159 0cd9414a_20240830_110324.data
30.0 130.0 17 26.356118942731285 0cd9414a_20240830_110348.data
50.0 130.0 17 26.240572687224667 0cd9414a_20240830_110412.data
70.0 130.0 17 26.356118942731285 0cd9414a_20240830_110436.data
90.0 130.0 17 26.008123348017623 0cd9414a_20240830_110500.data
110.0 130.0 17 26.240572687224667 0cd9414a_20240830_110524.data
130.0 130.0 17 26.356118942731285 0cd9414a_20240830_110548.data
150.0 130.0 17 26.240572687224667 0cd9414a_20240830_110612.data
170.0 130.0 17 26.356118942731285 0cd9414a_20240830_110636.data
190.0 130.0 17 26.008123348017623 0cd9414a_20240830_110700.data
210.0 130.0 17 26.356118942731285 0cd9414a_20240830_110724.data
230.0 130.0 17 26.356118942731285 0cd9414a_20240830_110749.data
250.0 130.0 17 26.240572687224667 0cd9414a_20240830_110813.data
270.0 130.0 17 26.356118942731285 0cd9414a_20240830_110837.data
290.0 130.0 17 26.356118942731285 0cd9414a_20240830_110901.data
290.0 150.0 17 26.356118942731285 0cd9414a_20240830_110925.data
270.0 150.0 17 26.240572687224667 0cd9414a_20240830_110949.data
250.0 150.0 17 26.356118942731285 0cd9414a_20240830_111013.data
230.0 150.0 17 26.124563876651983 0cd9414a_20240830_111037.data
210.0 150.0 17 26.356118942731285 0cd9414a_20240830_111101.data
190.0 150.0 17 26.008123348017623 0cd9414a_20240830_111125.data
170.0 150.0 17 26.356118942731285 0cd9414a_20240830_111149.data
150.0 150.0 17 26.008123348017623 0cd9414a_20240830_111213.data
130.0 150.0 17 26.240572687224667 0cd9414a_20240830_111237.data
110.0 150.0 17 26.240572687224667 0cd9414a_20240830_111301.data
90.0 150.0 17 26.356118942731285 0cd9414a_20240830_111325.data
70.0 150.0 17 26.240572687224667 0cd9414a_20240830_111349.data
50.0 150.0 17 26.356118942731285 0cd9414a_20240830_111413.data
30.0 150.0 17 26.124563876651983 0cd9414a_20240830_111437.data
10.0 150.0 17 26.356118942731285 0cd9414a_20240830_111501.data
10.0 170.0 17 26.356118942731285 0cd9414a_20240830_111525.data
30.0 170.0 17 26.356118942731285 0cd9414a_20240830_111549.data
50.0 170.0 17 26.008123348017623 0cd9414a_20240830_111613.data
70.0 170.0 17 26.008123348017623 0cd9414a_20240830_111637.data
90.0 170.0 17 26.356118942731285 0cd9414a_20240830_111701.data
110.0 170.0 17 26.124563876651983 0cd9414a_20240830_111725.data
130.0 170.0 17 26.240572687224667 0cd9414a_20240830_111749.data
150.0 170.0 17 26.240572687224667 0cd9414a_20240830_111813.data
170.0 170.0 17 26.356118942731285 0cd9414a_20240830_111837.data
190.0 170.0 17 26.240572687224667 0cd9414a_20240830_111901.data
210.0 170.0 17 26.124563876651983 0cd9414a_20240830_111925.data
230.0 170.0 17 26.240572687224667 0cd9414a_20240830_111949.data
250.0 170.0 17 26.008123348017623 0cd9414a_20240830_112013.data
270.0 170.0 17 26.356118942731285 0cd9414a_20240830_112037.data
290.0 170.0 17 26.240572687224667 0cd9414a_20240830_112101.data
290.0 190.0 17 26.356118942731285 0cd9414a_20240830_112125.data
270.0 190.0 17 26.356118942731285 0cd9414a_20240830_112149.data
250.0 190.0 17 26.008123348017623 0cd9414a_20240830_112213.data
230.0 190.0 17 26.356118942731285 0cd9414a_20240830_112237.data
210.0 190.0 17 26.124563876651983 0cd9414a_20240830_112301.data
190.0 190.0 17 26.240572687224667 0cd9414a_20240830_112325.data
170.0 190.0 17 26.008123348017623 0cd9414a_20240830_112349.data
150.0 190.0 17 26.240572687224667 0cd9414a_20240830_112413.data
130.0 190.0 17 25.773885462555068 0cd9414a_20240830_112437.data
110.0 190.0 17 26.240572687224667 0cd9414a_20240830_112501.data
90.0 190.0 17 26.008123348017623 0cd9414a_20240830_112525.data
70.0 190.0 17 26.124563876651983 0cd9414a_20240830_112549.data
50.0 190.0 17 26.124563876651983 0cd9414a_20240830_112613.data
30.0 190.0 17 26.008123348017623 0cd9414a_20240830_112637.data
10.0 190.0 17 26.008123348017623 0cd9414a_20240830_112701.data
10.0 210.0 17 26.124563876651983 0cd9414a_20240830_112725.data
30.0 210.0 17 26.008123348017623 0cd9414a_20240830_112749.data
50.0 210.0 17 26.008123348017623 0cd9414a_20240830_112813.data
70.0 210.0 17 26.008123348017623 0cd9414a_20240830_112837.data
90.0 210.0 17 26.008123348017623 0cd9414a_20240830_112901.data
110.0 210.0 17 26.124563876651983 0cd9414a_20240830_112925.data
130.0 210.0 17 26.008123348017623 0cd9414a_20240830_112949.data
150.0 210.0 17 26.008123348017623 0cd9414a_20240830_113013.data
170.0 210.0 17 26.008123348017623 0cd9414a_20240830_113037.data
190.0 210.0 17 25.89125110132159 0cd9414a_20240830_113101.data
210.0 210.0 17 26.008123348017623 0cd9414a_20240830_113125.data
230.0 210.0 17 26.008123348017623 0cd9414a_20240830_113149.data
250.0 210.0 17 26.008123348017623 0cd9414a_20240830_113213.data
270.0 210.0 17 26.008123348017623 0cd9414a_20240830_113237.data
290.0 210.0 17 26.008123348017623 0cd9414a_20240830_113301.data
290.0 230.0 17 26.008123348017623 0cd9414a_20240830_113325.data
270.0 230.0 17 26.008123348017623 0cd9414a_20240830_113349.data
250.0 230.0 17 26.124563876651983 0cd9414a_20240830_113413.data
230.0 230.0 17 26.008123348017623 0cd9414a_20240830_113437.data
210.0 230.0 17 26.008123348017623 0cd9414a_20240830_113501.data
190.0 230.0 17 26.008123348017623 0cd9414a_20240830_113525.data
170.0 230.0 17 26.008123348017623 0cd9414a_20240830_113549.data
150.0 230.0 17 26.008123348017623 0cd9414a_20240830_113613.data
130.0 230.0 17 26.124563876651983 0cd9414a_20240830_113637.data
110.0 230.0 17 26.008123348017623 0cd9414a_20240830_113701.data
90.0 230.0 17 26.124563876651983 0cd9414a_20240830_113725.data
70.0 230.0 17 26.008123348017623 0cd9414a_20240830_113749.data
50.0 230.0 17 25.89125110132159 0cd9414a_20240830_113813.data
30.0 230.0 17 26.008123348017623 0cd9414a_20240830_113837.data
10.0 230.0 17 26.008123348017623 0cd9414a_20240830_113901.data
10.0 250.0 17 26.240572687224667 0cd9414a_20240830_113925.data
30.0 250.0 17 26.008123348017623 0cd9414a_20240830_113949.data
50.0 250.0 17 26.008123348017623 0cd9414a_20240830_114013.data
70.0 250.0 17 26.008123348017623 0cd9414a_20240830_114037.data
90.0 250.0 17 26.008123348017623 0cd9414a_20240830_114102.data
110.0 250.0 17 26.008123348017623 0cd9414a_20240830_114126.data
130.0 250.0 17 26.008123348017623 0cd9414a_20240830_114150.data
150.0 250.0 17 26.008123348017623 0cd9414a_20240830_114214.data
170.0 250.0 17 26.008123348017623 0cd9414a_20240830_114238.data
190.0 250.0 17 26.008123348017623 0cd9414a_20240830_114302.data
210.0 250.0 17 26.008123348017623 0cd9414a_20240830_114326.data
230.0 250.0 17 26.008123348017623 0cd9414a_20240830_114350.data
250.0 250.0 17 26.008123348017623 0cd9414a_20240830_114414.data
270.0 250.0 17 26.008123348017623 0cd9414a_20240830_114438.data
290.0 250.0 17 26.008123348017623 0cd9414a_20240830_114502.data
290.0 270.0 17 26.008123348017623 0cd9414a_20240830_114526.data
270.0 270.0 17 26.008123348017623 0cd9414a_20240830_114550.data
250.0 270.0 17 26.008123348017623 0cd9414a_20240830_114614.data
230.0 270.0 17 26.008123348017623 0cd9414a_20240830_114638.data
210.0 270.0 17 26.008123348017623 0cd9414a_20240830_114702.data
190.0 270.0 17 26.008123348017623 0cd9414a_20240830_114726.data
170.0 270.0 17 26.008123348017623 0cd9414a_20240830_114750.data
150.0 270.0 17 26.008123348017623 0cd9414a_20240830_114814.data
130.0 270.0 17 26.008123348017623 0cd9414a_20240830_114838.data
110.0 270.0 17 26.008123348017623 0cd9414a_20240830_114902.data
90.0 270.0 17 26.008123348017623 0cd9414a_20240830_114926.data
70.0 270.0 17 26.008123348017623 0cd9414a_20240830_114950.data
50.0 270.0 17 26.008123348017623 0cd9414a_20240830_115014.data
30.0 270.0 17 26.008123348017623 0cd9414a_20240830_115038.data
10.0 270.0 17 26.008123348017623 0cd9414a_20240830_115102.data
10.0 290.0 17 26.008123348017623 0cd9414a_20240830_115126.data
30.0 290.0 17 26.008123348017623 0cd9414a_20240830_115150.data
50.0 290.0 17 26.008123348017623 0cd9414a_20240830_115214.data
70.0 290.0 17 26.008123348017623 0cd9414a_20240830_115238.data
90.0 290.0 17 26.124563876651983 0cd9414a_20240830_115302.data
110.0 290.0 17 26.008123348017623 0cd9414a_20240830_115326.data
130.0 290.0 17 26.008123348017623 0cd9414a_20240830_115350.data
150.0 290.0 17 26.240572687224667 0cd9414a_20240830_115414.data
170.0 290.0 17 26.008123348017623 0cd9414a_20240830_115438.data
190.0 290.0 17 26.008123348017623 0cd9414a_20240830_115502.data
210.0 290.0 17 26.008123348017623 0cd9414a_20240830_115526.data
230.0 290.0 17 25.89125110132159 0cd9414a_20240830_115550.data
250.0 290.0 17 26.008123348017623 0cd9414a_20240830_115614.data
270.0 290.0 17 26.008123348017623 0cd9414a_20240830_115638.data
290.0 290.0 17 26.008123348017623 0cd9414a_20240830_115702.data
290.0 310.0 17 26.124563876651983 0cd9414a_20240830_115726.data
270.0 310.0 17 26.008123348017623 0cd9414a_20240830_115750.data
250.0 310.0 17 25.89125110132159 0cd9414a_20240830_115814.data
230.0 310.0 17 26.008123348017623 0cd9414a_20240830_115838.data
210.0 310.0 17 26.008123348017623 0cd9414a_20240830_115902.data
190.0 310.0 17 26.008123348017623 0cd9414a_20240830_115926.data
170.0 310.0 17 -1 0cd9414a_20240830_115950.data
150.0 310.0 17 26.008123348017623 0cd9414a_20240830_120014.data
130.0 310.0 17 26.008123348017623 0cd9414a_20240830_120038.data
110.0 310.0 17 -1 0cd9414a_20240830_120102.data
90.0 310.0 17 26.008123348017623 0cd9414a_20240830_120126.data
70.0 310.0 17 26.008123348017623 0cd9414a_20240830_120150.data
50.0 310.0 17 26.008123348017623 0cd9414a_20240830_120214.data
30.0 310.0 17 26.008123348017623 0cd9414a_20240830_120238.data
10.0 310.0 17 26.124563876651983 0cd9414a_20240830_120302.data
10.0 330.0 17 26.008123348017623 0cd9414a_20240830_120326.data
30.0 330.0 17 -1 0cd9414a_20240830_120350.data
50.0 330.0 17 26.008123348017623 0cd9414a_20240830_120414.data
70.0 330.0 17 26.008123348017623 0cd9414a_20240830_120438.data
90.0 330.0 17 26.008123348017623 0cd9414a_20240830_120502.data
110.0 330.0 17 26.008370044052867 0cd9414a_20240830_120526.data
130.0 330.0 17 26.124563876651983 0cd9414a_20240830_120550.data
150.0 330.0 17 26.124563876651983 0cd9414a_20240830_120614.data
170.0 330.0 17 26.008123348017623 0cd9414a_20240830_120638.data
190.0 330.0 17 26.124563876651983 0cd9414a_20240830_120702.data
210.0 330.0 17 26.008123348017623 0cd9414a_20240830_120726.data
230.0 330.0 17 25.89125110132159 0cd9414a_20240830_120750.data
250.0 330.0 17 26.008123348017623 0cd9414a_20240830_120814.data
270.0 330.0 17 26.124563876651983 0cd9414a_20240830_120838.data
290.0 330.0 17 26.124563876651983 0cd9414a_20240830_120902.data
10.0 350.0 17 26.124563876651983 0cd9414a_20240830_122723.data
30.0 350.0 17 26.124563876651983 0cd9414a_20240830_122747.data
50.0 350.0 17 26.008123348017623 0cd9414a_20240830_122811.data
70.0 350.0 17 26.124563876651983 0cd9414a_20240830_122835.data
90.0 350.0 17 26.124563876651983 0cd9414a_20240830_122859.data
110.0 350.0 17 26.124563876651983 0cd9414a_20240830_122923.data
130.0 350.0 17 26.124563876651983 0cd9414a_20240830_122947.data
150.0 350.0 17 26.008123348017623 0cd9414a_20240830_123011.data
170.0 350.0 17 26.124563876651983 0cd9414a_20240830_123035.data
190.0 350.0 17 26.124563876651983 0cd9414a_20240830_123059.data
210.0 350.0 17 26.008123348017623 0cd9414a_20240830_123123.data
230.0 350.0 17 26.008123348017623 0cd9414a_20240830_123147.data
250.0 350.0 17 26.124563876651983 0cd9414a_20240830_123211.data
270.0 350.0 17 26.008123348017623 0cd9414a_20240830_123235.data
290.0 350.0 17 26.124563876651983 0cd9414a_20240830_123259.data
290.0 370.0 17 26.124563876651983 0cd9414a_20240830_123323.data
270.0 370.0 17 26.124563876651983 0cd9414a_20240830_123347.data
250.0 370.0 17 26.124563876651983 0cd9414a_20240830_123411.data
230.0 370.0 17 26.124563876651983 0cd9414a_20240830_123435.data
210.0 370.0 17 26.124563876651983 0cd9414a_20240830_123459.data
190.0 370.0 17 26.008123348017623 0cd9414a_20240830_123523.data
170.0 370.0 17 26.124563876651983 0cd9414a_20240830_123547.data
150.0 370.0 17 26.124563876651983 0cd9414a_20240830_123611.data
130.0 370.0 17 26.124563876651983 0cd9414a_20240830_123635.data
110.0 370.0 17 26.124563876651983 0cd9414a_20240830_123659.data
90.0 370.0 17 26.124563876651983 0cd9414a_20240830_123723.data
70.0 370.0 17 26.124563876651983 0cd9414a_20240830_123747.data
50.0 370.0 17 26.124563876651983 0cd9414a_20240830_123811.data
30.0 370.0 17 26.124563876651983 0cd9414a_20240830_123835.data
10.0 370.0 17 26.124563876651983 0cd9414a_20240830_123859.data
10.0 390.0 17 26.124563876651983 0cd9414a_20240830_123923.data
30.0 390.0 17 26.124563876651983 0cd9414a_20240830_123947.data
50.0 390.0 17 26.124563876651983 0cd9414a_20240830_124011.data
70.0 390.0 17 26.124563876651983 0cd9414a_20240830_124035.data
90.0 390.0 17 26.124563876651983 0cd9414a_20240830_124059.data
110.0 390.0 17 26.124563876651983 0cd9414a_20240830_124123.data
130.0 390.0 17 26.124563876651983 0cd9414a_20240830_124147.data
150.0 390.0 17 26.124563876651983 0cd9414a_20240830_124211.data
170.0 390.0 17 26.124563876651983 0cd9414a_20240830_124235.data
190.0 390.0 17 26.124563876651983 0cd9414a_20240830_124259.data
210.0 390.0 17 26.124563876651983 0cd9414a_20240830_124323.data
230.0 390.0 17 26.124563876651983 0cd9414a_20240830_124347.data
250.0 390.0 17 26.124563876651983 0cd9414a_20240830_124411.data
270.0 390.0 17 26.124563876651983 0cd9414a_20240830_124435.data
290.0 390.0 17 26.124563876651983 0cd9414a_20240830_124459.data
290.0 410.0 17 26.124563876651983 0cd9414a_20240830_124523.data
270.0 410.0 17 26.124563876651983 0cd9414a_20240830_124547.data
250.0 410.0 17 26.124563876651983 0cd9414a_20240830_124611.data
230.0 410.0 17 26.124563876651983 0cd9414a_20240830_124635.data
210.0 410.0 17 26.008123348017623 0cd9414a_20240830_124659.data
190.0 410.0 17 26.008123348017623 0cd9414a_20240830_124723.data
170.0 410.0 17 26.008123348017623 0cd9414a_20240830_124747.data
150.0 410.0 17 26.124563876651983 0cd9414a_20240830_124811.data
130.0 410.0 17 26.124563876651983 0cd9414a_20240830_124835.data
110.0 410.0 17 26.124563876651983 0cd9414a_20240830_124859.data
90.0 410.0 17 26.124563876651983 0cd9414a_20240830_124923.data
70.0 410.0 17 26.124563876651983 0cd9414a_20240830_124947.data
50.0 410.0 17 26.124563876651983 0cd9414a_20240830_125011.data
30.0 410.0 17 26.124563876651983 0cd9414a_20240830_125035.data
10.0 410.0 17 26.008123348017623 0cd9414a_20240830_125059.data
10.0 430.0 17 25.89125110132159 0cd9414a_20240830_125123.data
30.0 430.0 17 26.124563876651983 0cd9414a_20240830_125147.data
50.0 430.0 17 26.124563876651983 0cd9414a_20240830_125211.data
70.0 430.0 17 26.124563876651983 0cd9414a_20240830_125235.data
90.0 430.0 17 26.124563876651983 0cd9414a_20240830_125259.data
110.0 430.0 17 26.008123348017623 0cd9414a_20240830_125323.data
130.0 430.0 17 26.124563876651983 0cd9414a_20240830_125348.data
150.0 430.0 17 26.124563876651983 0cd9414a_20240830_125412.data
170.0 430.0 17 26.124563876651983 0cd9414a_20240830_125436.data
190.0 430.0 17 26.124563876651983 0cd9414a_20240830_125500.data
210.0 430.0 17 26.124563876651983 0cd9414a_20240830_125524.data
230.0 430.0 17 26.124563876651983 0cd9414a_20240830_125548.data
250.0 430.0 17 26.124563876651983 0cd9414a_20240830_125612.data
270.0 430.0 17 26.124563876651983 0cd9414a_20240830_125636.data
290.0 430.0 17 26.124563876651983 0cd9414a_20240830_125700.data
290.0 450.0 17 26.124563876651983 0cd9414a_20240830_125724.data
270.0 450.0 17 26.008123348017623 0cd9414a_20240830_125748.data
250.0 450.0 17 26.124563876651983 0cd9414a_20240830_125812.data
230.0 450.0 17 26.124563876651983 0cd9414a_20240830_125836.data
210.0 450.0 17 26.124563876651983 0cd9414a_20240830_125900.data
190.0 450.0 17 26.124563876651983 0cd9414a_20240830_125924.data
170.0 450.0 17 26.124563876651983 0cd9414a_20240830_125948.data
150.0 450.0 17 26.124563876651983 0cd9414a_20240830_130012.data
130.0 450.0 17 26.124563876651983 0cd9414a_20240830_130036.data
110.0 450.0 17 26.124563876651983 0cd9414a_20240830_130100.data
90.0 450.0 17 26.124563876651983 0cd9414a_20240830_130124.data
70.0 450.0 17 26.356118942731285 0cd9414a_20240830_130148.data
50.0 450.0 17 26.124563876651983 0cd9414a_20240830_130212.data
30.0 450.0 17 26.008123348017623 0cd9414a_20240830_130236.data
10.0 450.0 17 26.008123348017623 0cd9414a_20240830_130300.data
10.0 470.0 17 26.240572687224667 0cd9414a_20240830_130324.data
30.0 470.0 17 26.240572687224667 0cd9414a_20240830_130348.data
50.0 470.0 17 25.89125110132159 0cd9414a_20240830_130412.data
70.0 470.0 17 26.124563876651983 0cd9414a_20240830_130436.data
90.0 470.0 17 26.008123348017623 0cd9414a_20240830_130500.data
110.0 470.0 17 26.124563876651983 0cd9414a_20240830_130524.data
130.0 470.0 17 26.008123348017623 0cd9414a_20240830_130548.data
150.0 470.0 17 26.124563876651983 0cd9414a_20240830_130612.data
170.0 470.0 17 26.008123348017623 0cd9414a_20240830_130636.data
190.0 470.0 17 26.240572687224667 0cd9414a_20240830_130700.data
210.0 470.0 17 26.240572687224667 0cd9414a_20240830_130724.data
230.0 470.0 17 26.240572687224667 0cd9414a_20240830_130748.data
250.0 470.0 17 26.124563876651983 0cd9414a_20240830_130812.data
270.0 470.0 17 26.008123348017623 0cd9414a_20240830_130836.data
290.0 470.0 17 26.124563876651983 0cd9414a_20240830_130900.data
