-1 -1 -1 25.299982378854633 0cd9414a_20240821_233422.data
10.0 10.0 17 25.299982378854633 0cd9414a_20240821_233501.data
30.0 10.0 17 25.299982378854633 0cd9414a_20240821_233525.data
50.0 10.0 17 25.299982378854633 0cd9414a_20240821_233549.data
70.0 10.0 17 25.537859030837005 0cd9414a_20240821_233613.data
90.0 10.0 17 25.299982378854633 0cd9414a_20240821_233637.data
110.0 10.0 17 25.419136563876656 0cd9414a_20240821_233701.data
130.0 10.0 17 25.299982378854633 0cd9414a_20240821_233725.data
150.0 10.0 17 25.299982378854633 0cd9414a_20240821_233749.data
170.0 10.0 17 25.299982378854633 0cd9414a_20240821_233813.data
190.0 10.0 17 25.419136563876656 0cd9414a_20240821_233837.data
210.0 10.0 17 25.299982378854633 0cd9414a_20240821_233901.data
230.0 10.0 17 25.299982378854633 0cd9414a_20240821_233925.data
250.0 10.0 17 25.299982378854633 0cd9414a_20240821_233949.data
270.0 10.0 17 25.299982378854633 0cd9414a_20240821_234013.data
290.0 10.0 17 25.299982378854633 0cd9414a_20240821_234037.data
290.0 30.0 17 25.299982378854633 0cd9414a_20240821_234101.data
270.0 30.0 17 25.299982378854633 0cd9414a_20240821_234125.data
250.0 30.0 17 25.299982378854633 0cd9414a_20240821_234149.data
230.0 30.0 17 25.180334801762115 0cd9414a_20240821_234213.data
210.0 30.0 17 25.180334801762115 0cd9414a_20240821_234237.data
190.0 30.0 17 25.299982378854633 0cd9414a_20240821_234301.data
170.0 30.0 17 25.299982378854633 0cd9414a_20240821_234325.data
150.0 30.0 17 25.299982378854633 0cd9414a_20240821_234349.data
130.0 30.0 17 25.419136563876656 0cd9414a_20240821_234413.data
110.0 30.0 17 25.299982378854633 0cd9414a_20240821_234437.data
90.0 30.0 17 25.537859030837005 0cd9414a_20240821_234501.data
70.0 30.0 17 25.299982378854633 0cd9414a_20240821_234525.data
50.0 30.0 17 25.299982378854633 0cd9414a_20240821_234549.data
30.0 30.0 17 25.656118942731283 0cd9414a_20240821_234613.data
10.0 30.0 17 25.537859030837005 0cd9414a_20240821_234637.data
10.0 50.0 17 25.537859030837005 0cd9414a_20240821_234701.data
30.0 50.0 17 25.419136563876656 0cd9414a_20240821_234725.data
50.0 50.0 17 25.419136563876656 0cd9414a_20240821_234749.data
70.0 50.0 17 25.299982378854633 0cd9414a_20240821_234813.data
90.0 50.0 17 25.419136563876656 0cd9414a_20240821_234837.data
110.0 50.0 17 25.299982378854633 0cd9414a_20240821_234901.data
130.0 50.0 17 25.419136563876656 0cd9414a_20240821_234925.data
150.0 50.0 17 25.419136563876656 0cd9414a_20240821_234949.data
170.0 50.0 17 25.419136563876656 0cd9414a_20240821_235013.data
190.0 50.0 17 25.299982378854633 0cd9414a_20240821_235037.data
210.0 50.0 17 25.419136563876656 0cd9414a_20240821_235101.data
230.0 50.0 17 25.299982378854633 0cd9414a_20240821_235125.data
250.0 50.0 17 25.299982378854633 0cd9414a_20240821_235149.data
270.0 50.0 17 25.537859030837005 0cd9414a_20240821_235214.data
290.0 50.0 17 25.419136563876656 0cd9414a_20240821_235238.data
290.0 70.0 17 25.419136563876656 0cd9414a_20240821_235302.data
270.0 70.0 17 25.419136563876656 0cd9414a_20240821_235326.data
250.0 70.0 17 25.180334801762115 0cd9414a_20240821_235350.data
230.0 70.0 17 25.299982378854633 0cd9414a_20240821_235414.data
210.0 70.0 17 25.656118942731283 0cd9414a_20240821_235438.data
190.0 70.0 17 25.537859030837005 0cd9414a_20240821_235502.data
170.0 70.0 17 25.537859030837005 0cd9414a_20240821_235526.data
150.0 70.0 17 25.656118942731283 0cd9414a_20240821_235550.data
130.0 70.0 17 25.537859030837005 0cd9414a_20240821_235614.data
110.0 70.0 17 25.656118942731283 0cd9414a_20240821_235638.data
90.0 70.0 17 25.656118942731283 0cd9414a_20240821_235702.data
70.0 70.0 17 25.537859030837005 0cd9414a_20240821_235726.data
50.0 70.0 17 25.537859030837005 0cd9414a_20240821_235750.data
30.0 70.0 17 25.656118942731283 0cd9414a_20240821_235814.data
10.0 70.0 17 25.537859030837005 0cd9414a_20240821_235838.data
10.0 90.0 17 25.656118942731283 0cd9414a_20240821_235902.data
30.0 90.0 17 25.656118942731283 0cd9414a_20240821_235926.data
50.0 90.0 17 25.656118942731283 0cd9414a_20240821_235950.data
70.0 90.0 17 25.537859030837005 0cd9414a_20240822_000014.data
90.0 90.0 17 25.537859030837005 0cd9414a_20240822_000038.data
110.0 90.0 17 25.537859030837005 0cd9414a_20240822_000102.data
130.0 90.0 17 25.537859030837005 0cd9414a_20240822_000126.data
150.0 90.0 17 25.537859030837005 0cd9414a_20240822_000150.data
170.0 90.0 17 25.419136563876656 0cd9414a_20240822_000214.data
190.0 90.0 17 25.299982378854633 0cd9414a_20240822_000238.data
210.0 90.0 17 25.537859030837005 0cd9414a_20240822_000302.data
230.0 90.0 17 25.656118942731283 0cd9414a_20240822_000326.data
250.0 90.0 17 25.537859030837005 0cd9414a_20240822_000350.data
270.0 90.0 17 25.656118942731283 0cd9414a_20240822_000414.data
290.0 90.0 17 25.656118942731283 0cd9414a_20240822_000438.data
290.0 110.0 17 25.537859030837005 0cd9414a_20240822_000502.data
270.0 110.0 17 25.656118942731283 0cd9414a_20240822_000526.data
250.0 110.0 17 25.537859030837005 0cd9414a_20240822_000550.data
230.0 110.0 17 25.537859030837005 0cd9414a_20240822_000614.data
210.0 110.0 17 25.537859030837005 0cd9414a_20240822_000638.data
190.0 110.0 17 25.299982378854633 0cd9414a_20240822_000702.data
170.0 110.0 17 25.419136563876656 0cd9414a_20240822_000726.data
150.0 110.0 17 25.419136563876656 0cd9414a_20240822_000750.data
130.0 110.0 17 25.537859030837005 0cd9414a_20240822_000814.data
110.0 110.0 17 25.537859030837005 0cd9414a_20240822_000838.data
90.0 110.0 17 25.537859030837005 0cd9414a_20240822_000902.data
70.0 110.0 17 25.537859030837005 0cd9414a_20240822_000926.data
50.0 110.0 17 25.537859030837005 0cd9414a_20240822_000950.data
30.0 110.0 17 25.656118942731283 0cd9414a_20240822_001014.data
10.0 110.0 17 25.537859030837005 0cd9414a_20240822_001038.data
10.0 130.0 17 25.656118942731283 0cd9414a_20240822_001102.data
30.0 130.0 17 25.419136563876656 0cd9414a_20240822_001126.data
50.0 130.0 17 25.299982378854633 0cd9414a_20240822_001150.data
70.0 130.0 17 25.419136563876656 0cd9414a_20240822_001214.data
90.0 130.0 17 25.537859030837005 0cd9414a_20240822_001238.data
110.0 130.0 17 25.656118942731283 0cd9414a_20240822_001302.data
130.0 130.0 17 25.537859030837005 0cd9414a_20240822_001326.data
150.0 130.0 17 25.537859030837005 0cd9414a_20240822_001350.data
170.0 130.0 17 25.656118942731283 0cd9414a_20240822_001414.data
190.0 130.0 17 25.656118942731283 0cd9414a_20240822_001438.data
210.0 130.0 17 25.299982378854633 0cd9414a_20240822_001502.data
230.0 130.0 17 25.537859030837005 0cd9414a_20240822_001526.data
250.0 130.0 17 25.537859030837005 0cd9414a_20240822_001550.data
270.0 130.0 17 25.299982378854633 0cd9414a_20240822_001614.data
290.0 130.0 17 25.419136563876656 0cd9414a_20240822_001638.data
290.0 150.0 17 25.656118942731283 0cd9414a_20240822_001702.data
270.0 150.0 17 25.537859030837005 0cd9414a_20240822_001726.data
250.0 150.0 17 25.537859030837005 0cd9414a_20240822_001750.data
230.0 150.0 17 25.537859030837005 0cd9414a_20240822_001814.data
210.0 150.0 17 25.656118942731283 0cd9414a_20240822_001838.data
190.0 150.0 17 25.537859030837005 0cd9414a_20240822_001902.data
170.0 150.0 17 25.299982378854633 0cd9414a_20240822_001926.data
150.0 150.0 17 25.537859030837005 0cd9414a_20240822_001950.data
130.0 150.0 17 25.537859030837005 0cd9414a_20240822_002014.data
110.0 150.0 17 25.299982378854633 0cd9414a_20240822_002038.data
90.0 150.0 17 25.537859030837005 0cd9414a_20240822_002102.data
70.0 150.0 17 25.537859030837005 0cd9414a_20240822_002126.data
50.0 150.0 17 25.537859030837005 0cd9414a_20240822_002150.data
30.0 150.0 17 25.299982378854633 0cd9414a_20240822_002214.data
10.0 150.0 17 25.537859030837005 0cd9414a_20240822_002238.data
10.0 170.0 17 25.537859030837005 0cd9414a_20240822_002302.data
30.0 170.0 17 25.537859030837005 0cd9414a_20240822_002326.data
50.0 170.0 17 25.537859030837005 0cd9414a_20240822_002350.data
70.0 170.0 17 25.537859030837005 0cd9414a_20240822_002414.data
90.0 170.0 17 25.419136563876656 0cd9414a_20240822_002439.data
110.0 170.0 17 25.180334801762115 0cd9414a_20240822_002503.data
130.0 170.0 17 25.537859030837005 0cd9414a_20240822_002527.data
150.0 170.0 17 25.537859030837005 0cd9414a_20240822_002551.data
170.0 170.0 17 25.656118942731283 0cd9414a_20240822_002615.data
190.0 170.0 17 25.537859030837005 0cd9414a_20240822_002639.data
210.0 170.0 17 25.656118942731283 0cd9414a_20240822_002703.data
230.0 170.0 17 25.299982378854633 0cd9414a_20240822_002727.data
250.0 170.0 17 25.537859030837005 0cd9414a_20240822_002751.data
270.0 170.0 17 25.537859030837005 0cd9414a_20240822_002815.data
290.0 170.0 17 25.537859030837005 0cd9414a_20240822_002839.data
290.0 190.0 17 25.537859030837005 0cd9414a_20240822_002903.data
270.0 190.0 17 25.537859030837005 0cd9414a_20240822_002927.data
250.0 190.0 17 25.537859030837005 0cd9414a_20240822_002951.data
230.0 190.0 17 25.419136563876656 0cd9414a_20240822_003015.data
210.0 190.0 17 25.419136563876656 0cd9414a_20240822_003039.data
190.0 190.0 17 25.537859030837005 0cd9414a_20240822_003103.data
170.0 190.0 17 25.537859030837005 0cd9414a_20240822_003127.data
150.0 190.0 17 25.537859030837005 0cd9414a_20240822_003151.data
130.0 190.0 17 25.419136563876656 0cd9414a_20240822_003215.data
110.0 190.0 17 25.299982378854633 0cd9414a_20240822_003239.data
90.0 190.0 17 25.537859030837005 0cd9414a_20240822_003303.data
70.0 190.0 17 25.537859030837005 0cd9414a_20240822_003327.data
50.0 190.0 17 25.537859030837005 0cd9414a_20240822_003351.data
30.0 190.0 17 25.419136563876656 0cd9414a_20240822_003415.data
10.0 190.0 17 25.537859030837005 0cd9414a_20240822_003439.data
10.0 210.0 17 25.537859030837005 0cd9414a_20240822_003503.data
30.0 210.0 17 25.537859030837005 0cd9414a_20240822_003527.data
50.0 210.0 17 25.537859030837005 0cd9414a_20240822_003551.data
70.0 210.0 17 25.299982378854633 0cd9414a_20240822_003615.data
90.0 210.0 17 25.299982378854633 0cd9414a_20240822_003639.data
110.0 210.0 17 25.537859030837005 0cd9414a_20240822_003703.data
130.0 210.0 17 25.537859030837005 0cd9414a_20240822_003727.data
150.0 210.0 17 25.537859030837005 0cd9414a_20240822_003751.data
170.0 210.0 17 25.537859030837005 0cd9414a_20240822_003815.data
190.0 210.0 17 25.537859030837005 0cd9414a_20240822_003839.data
210.0 210.0 17 25.419136563876656 0cd9414a_20240822_003903.data
230.0 210.0 17 25.419136563876656 0cd9414a_20240822_003927.data
250.0 210.0 17 25.537859030837005 0cd9414a_20240822_003951.data
270.0 210.0 17 25.537859030837005 0cd9414a_20240822_004015.data
290.0 210.0 17 25.537859030837005 0cd9414a_20240822_004039.data
290.0 230.0 17 25.419136563876656 0cd9414a_20240822_004103.data
270.0 230.0 17 25.299982378854633 0cd9414a_20240822_004127.data
250.0 230.0 17 25.537859030837005 0cd9414a_20240822_004151.data
230.0 230.0 17 25.537859030837005 0cd9414a_20240822_004215.data
210.0 230.0 17 25.537859030837005 0cd9414a_20240822_004239.data
190.0 230.0 17 25.537859030837005 0cd9414a_20240822_004303.data
170.0 230.0 17 25.299982378854633 0cd9414a_20240822_004327.data
150.0 230.0 17 25.537859030837005 0cd9414a_20240822_004351.data
130.0 230.0 17 25.537859030837005 0cd9414a_20240822_004415.data
110.0 230.0 17 25.537859030837005 0cd9414a_20240822_004439.data
90.0 230.0 17 25.537859030837005 0cd9414a_20240822_004503.data
70.0 230.0 17 25.537859030837005 0cd9414a_20240822_004527.data
50.0 230.0 17 25.419136563876656 0cd9414a_20240822_004551.data
30.0 230.0 17 25.299982378854633 0cd9414a_20240822_004615.data
10.0 230.0 17 25.419136563876656 0cd9414a_20240822_004639.data
10.0 250.0 17 25.537859030837005 0cd9414a_20240822_004703.data
30.0 250.0 17 25.537859030837005 0cd9414a_20240822_004727.data
50.0 250.0 17 25.537859030837005 0cd9414a_20240822_004751.data
70.0 250.0 17 25.419136563876656 0cd9414a_20240822_004815.data
90.0 250.0 17 25.537859030837005 0cd9414a_20240822_004839.data
110.0 250.0 17 25.537859030837005 0cd9414a_20240822_004903.data
130.0 250.0 17 25.419136563876656 0cd9414a_20240822_004927.data
150.0 250.0 17 25.299982378854633 0cd9414a_20240822_004951.data
170.0 250.0 17 25.537859030837005 0cd9414a_20240822_005015.data
190.0 250.0 17 25.537859030837005 0cd9414a_20240822_005039.data
210.0 250.0 17 25.299982378854633 0cd9414a_20240822_005103.data
230.0 250.0 17 25.537859030837005 0cd9414a_20240822_005127.data
250.0 250.0 17 25.419136563876656 0cd9414a_20240822_005151.data
270.0 250.0 17 25.299982378854633 0cd9414a_20240822_005215.data
290.0 250.0 17 25.419136563876656 0cd9414a_20240822_005239.data
290.0 270.0 17 25.537859030837005 0cd9414a_20240822_005303.data
270.0 270.0 17 25.299982378854633 0cd9414a_20240822_005327.data
250.0 270.0 17 25.419136563876656 0cd9414a_20240822_005351.data
230.0 270.0 17 25.419136563876656 0cd9414a_20240822_005415.data
210.0 270.0 17 25.419136563876656 0cd9414a_20240822_005439.data
190.0 270.0 17 25.299982378854633 0cd9414a_20240822_005503.data
170.0 270.0 17 25.537859030837005 0cd9414a_20240822_005527.data
150.0 270.0 17 25.299982378854633 0cd9414a_20240822_005551.data
130.0 270.0 17 25.537859030837005 0cd9414a_20240822_005615.data
110.0 270.0 17 25.537859030837005 0cd9414a_20240822_005639.data
90.0 270.0 17 25.419136563876656 0cd9414a_20240822_005703.data
70.0 270.0 17 25.537859030837005 0cd9414a_20240822_005727.data
50.0 270.0 17 25.299982378854633 0cd9414a_20240822_005751.data
30.0 270.0 17 25.537859030837005 0cd9414a_20240822_005815.data
10.0 270.0 17 25.537859030837005 0cd9414a_20240822_005840.data
10.0 290.0 17 25.537859030837005 0cd9414a_20240822_005904.data
30.0 290.0 17 25.537859030837005 0cd9414a_20240822_005928.data
50.0 290.0 17 25.537859030837005 0cd9414a_20240822_005952.data
70.0 290.0 17 25.299982378854633 0cd9414a_20240822_010016.data
90.0 290.0 17 25.537859030837005 0cd9414a_20240822_010040.data
110.0 290.0 17 25.537859030837005 0cd9414a_20240822_010104.data
130.0 290.0 17 25.419136563876656 0cd9414a_20240822_010128.data
150.0 290.0 17 25.419136563876656 0cd9414a_20240822_010152.data
170.0 290.0 17 25.537859030837005 0cd9414a_20240822_010216.data
190.0 290.0 17 25.419136563876656 0cd9414a_20240822_010240.data
210.0 290.0 17 25.537859030837005 0cd9414a_20240822_010304.data
230.0 290.0 17 25.299982378854633 0cd9414a_20240822_010328.data
250.0 290.0 17 25.419136563876656 0cd9414a_20240822_010352.data
270.0 290.0 17 25.299982378854633 0cd9414a_20240822_010416.data
290.0 290.0 17 25.419136563876656 0cd9414a_20240822_010440.data
290.0 310.0 17 25.419136563876656 0cd9414a_20240822_010504.data
270.0 310.0 17 25.419136563876656 0cd9414a_20240822_010528.data
250.0 310.0 17 25.537859030837005 0cd9414a_20240822_010552.data
230.0 310.0 17 25.180334801762115 0cd9414a_20240822_010616.data
210.0 310.0 17 25.299982378854633 0cd9414a_20240822_010640.data
190.0 310.0 17 25.299982378854633 0cd9414a_20240822_010704.data
170.0 310.0 17 -1 0cd9414a_20240822_010728.data
150.0 310.0 17 25.180334801762115 0cd9414a_20240822_010752.data
130.0 310.0 17 25.299982378854633 0cd9414a_20240822_010816.data
110.0 310.0 17 -1 0cd9414a_20240822_010840.data
90.0 310.0 17 25.299982378854633 0cd9414a_20240822_010904.data
70.0 310.0 17 25.180334801762115 0cd9414a_20240822_010928.data
50.0 310.0 17 25.180334801762115 0cd9414a_20240822_010952.data
30.0 310.0 17 25.180334801762115 0cd9414a_20240822_011016.data
10.0 310.0 17 25.180334801762115 0cd9414a_20240822_011040.data
10.0 330.0 17 25.180334801762115 0cd9414a_20240822_011104.data
30.0 330.0 17 -1 0cd9414a_20240822_011128.data
50.0 330.0 17 25.180334801762115 0cd9414a_20240822_011152.data
70.0 330.0 17 25.180334801762115 0cd9414a_20240822_011216.data
90.0 330.0 17 25.299982378854633 0cd9414a_20240822_011240.data
110.0 330.0 17 25.18193832599119 0cd9414a_20240822_011304.data
130.0 330.0 17 25.06022466960353 0cd9414a_20240822_011328.data
150.0 330.0 17 25.06022466960353 0cd9414a_20240822_011352.data
170.0 330.0 17 25.06022466960353 0cd9414a_20240822_011416.data
190.0 330.0 17 25.180334801762115 0cd9414a_20240822_011440.data
210.0 330.0 17 25.06022466960353 0cd9414a_20240822_011504.data
230.0 330.0 17 25.06022466960353 0cd9414a_20240822_011528.data
250.0 330.0 17 25.06022466960353 0cd9414a_20240822_011552.data
270.0 330.0 17 25.06022466960353 0cd9414a_20240822_011616.data
290.0 330.0 17 25.06022466960353 0cd9414a_20240822_011640.data
10.0 350.0 17 25.299982378854633 0cd9414a_20240822_084722.data
30.0 350.0 17 25.06022466960353 0cd9414a_20240822_084746.data
50.0 350.0 17 25.06022466960353 0cd9414a_20240822_084810.data
70.0 350.0 17 25.180334801762115 0cd9414a_20240822_084834.data
90.0 350.0 17 25.06022466960353 0cd9414a_20240822_084858.data
110.0 350.0 17 25.299982378854633 0cd9414a_20240822_084922.data
130.0 350.0 17 25.299982378854633 0cd9414a_20240822_084946.data
150.0 350.0 17 25.06022466960353 0cd9414a_20240822_085010.data
170.0 350.0 17 25.180334801762115 0cd9414a_20240822_085034.data
190.0 350.0 17 25.06022466960353 0cd9414a_20240822_085058.data
210.0 350.0 17 25.06022466960353 0cd9414a_20240822_085122.data
230.0 350.0 17 25.06022466960353 0cd9414a_20240822_085146.data
250.0 350.0 17 25.180334801762115 0cd9414a_20240822_085210.data
270.0 350.0 17 25.06022466960353 0cd9414a_20240822_085234.data
290.0 350.0 17 25.06022466960353 0cd9414a_20240822_085258.data
290.0 370.0 17 25.06022466960353 0cd9414a_20240822_085322.data
270.0 370.0 17 25.06022466960353 0cd9414a_20240822_085346.data
250.0 370.0 17 25.180334801762115 0cd9414a_20240822_085410.data
230.0 370.0 17 25.06022466960353 0cd9414a_20240822_085434.data
210.0 370.0 17 25.06022466960353 0cd9414a_20240822_085458.data
190.0 370.0 17 25.06022466960353 0cd9414a_20240822_085522.data
170.0 370.0 17 25.06022466960353 0cd9414a_20240822_085546.data
150.0 370.0 17 25.06022466960353 0cd9414a_20240822_085610.data
130.0 370.0 17 25.06022466960353 0cd9414a_20240822_085634.data
110.0 370.0 17 25.06022466960353 0cd9414a_20240822_085658.data
90.0 370.0 17 25.06022466960353 0cd9414a_20240822_085722.data
70.0 370.0 17 25.180334801762115 0cd9414a_20240822_085746.data
50.0 370.0 17 25.06022466960353 0cd9414a_20240822_085810.data
30.0 370.0 17 25.06022466960353 0cd9414a_20240822_085834.data
10.0 370.0 17 25.06022466960353 0cd9414a_20240822_085858.data
10.0 390.0 17 25.180334801762115 0cd9414a_20240822_085922.data
30.0 390.0 17 25.06022466960353 0cd9414a_20240822_085946.data
50.0 390.0 17 25.06022466960353 0cd9414a_20240822_090010.data
70.0 390.0 17 25.06022466960353 0cd9414a_20240822_090034.data
90.0 390.0 17 25.180334801762115 0cd9414a_20240822_090058.data
110.0 390.0 17 25.06022466960353 0cd9414a_20240822_090122.data
130.0 390.0 17 25.180334801762115 0cd9414a_20240822_090146.data
150.0 390.0 17 25.06022466960353 0cd9414a_20240822_090210.data
170.0 390.0 17 25.06022466960353 0cd9414a_20240822_090234.data
190.0 390.0 17 25.06022466960353 0cd9414a_20240822_090258.data
210.0 390.0 17 25.180334801762115 0cd9414a_20240822_090322.data
230.0 390.0 17 24.948500000000003 0cd9414a_20240822_090346.data
250.0 390.0 17 25.06022466960353 0cd9414a_20240822_090410.data
270.0 390.0 17 25.180334801762115 0cd9414a_20240822_090434.data
290.0 390.0 17 25.06022466960353 0cd9414a_20240822_090458.data
290.0 410.0 17 25.299982378854633 0cd9414a_20240822_090522.data
270.0 410.0 17 25.180334801762115 0cd9414a_20240822_090546.data
250.0 410.0 17 25.06022466960353 0cd9414a_20240822_090610.data
230.0 410.0 17 25.06022466960353 0cd9414a_20240822_090634.data
210.0 410.0 17 25.180334801762115 0cd9414a_20240822_090658.data
190.0 410.0 17 25.06022466960353 0cd9414a_20240822_090722.data
170.0 410.0 17 25.06022466960353 0cd9414a_20240822_090746.data
150.0 410.0 17 25.06022466960353 0cd9414a_20240822_090810.data
130.0 410.0 17 25.180334801762115 0cd9414a_20240822_090834.data
110.0 410.0 17 25.180334801762115 0cd9414a_20240822_090858.data
90.0 410.0 17 25.06022466960353 0cd9414a_20240822_090922.data
70.0 410.0 17 25.180334801762115 0cd9414a_20240822_090946.data
50.0 410.0 17 25.06022466960353 0cd9414a_20240822_091010.data
30.0 410.0 17 25.06022466960353 0cd9414a_20240822_091034.data
10.0 410.0 17 25.180334801762115 0cd9414a_20240822_091058.data
10.0 430.0 17 25.180334801762115 0cd9414a_20240822_091122.data
30.0 430.0 17 25.06022466960353 0cd9414a_20240822_091146.data
50.0 430.0 17 25.06022466960353 0cd9414a_20240822_091210.data
70.0 430.0 17 25.06022466960353 0cd9414a_20240822_091234.data
90.0 430.0 17 25.299982378854633 0cd9414a_20240822_091258.data
110.0 430.0 17 25.06022466960353 0cd9414a_20240822_091322.data
130.0 430.0 17 25.180334801762115 0cd9414a_20240822_091346.data
150.0 430.0 17 25.06022466960353 0cd9414a_20240822_091411.data
170.0 430.0 17 25.06022466960353 0cd9414a_20240822_091435.data
190.0 430.0 17 25.06022466960353 0cd9414a_20240822_091459.data
210.0 430.0 17 25.06022466960353 0cd9414a_20240822_091523.data
230.0 430.0 17 25.180334801762115 0cd9414a_20240822_091547.data
250.0 430.0 17 25.06022466960353 0cd9414a_20240822_091611.data
270.0 430.0 17 25.06022466960353 0cd9414a_20240822_091635.data
290.0 430.0 17 25.180334801762115 0cd9414a_20240822_091659.data
290.0 450.0 17 25.06022466960353 0cd9414a_20240822_091723.data
270.0 450.0 17 25.06022466960353 0cd9414a_20240822_091747.data
250.0 450.0 17 25.06022466960353 0cd9414a_20240822_091811.data
230.0 450.0 17 25.06022466960353 0cd9414a_20240822_091835.data
210.0 450.0 17 25.06022466960353 0cd9414a_20240822_091859.data
190.0 450.0 17 25.180334801762115 0cd9414a_20240822_091923.data
170.0 450.0 17 25.06022466960353 0cd9414a_20240822_091947.data
150.0 450.0 17 25.06022466960353 0cd9414a_20240822_092011.data
130.0 450.0 17 25.06022466960353 0cd9414a_20240822_092035.data
110.0 450.0 17 25.06022466960353 0cd9414a_20240822_092059.data
90.0 450.0 17 25.06022466960353 0cd9414a_20240822_092123.data
70.0 450.0 17 25.06022466960353 0cd9414a_20240822_092147.data
50.0 450.0 17 25.06022466960353 0cd9414a_20240822_092211.data
30.0 450.0 17 25.06022466960353 0cd9414a_20240822_092235.data
10.0 450.0 17 25.180334801762115 0cd9414a_20240822_092259.data
10.0 470.0 17 25.180334801762115 0cd9414a_20240822_092323.data
30.0 470.0 17 25.06022466960353 0cd9414a_20240822_092347.data
50.0 470.0 17 25.06022466960353 0cd9414a_20240822_092411.data
70.0 470.0 17 25.180334801762115 0cd9414a_20240822_092435.data
90.0 470.0 17 25.06022466960353 0cd9414a_20240822_092459.data
110.0 470.0 17 25.180334801762115 0cd9414a_20240822_092523.data
130.0 470.0 17 25.06022466960353 0cd9414a_20240822_092547.data
150.0 470.0 17 25.06022466960353 0cd9414a_20240822_092611.data
170.0 470.0 17 25.06022466960353 0cd9414a_20240822_092635.data
190.0 470.0 17 25.06022466960353 0cd9414a_20240822_092659.data
210.0 470.0 17 25.06022466960353 0cd9414a_20240822_092723.data
230.0 470.0 17 25.06022466960353 0cd9414a_20240822_092747.data
250.0 470.0 17 25.180334801762115 0cd9414a_20240822_092811.data
270.0 470.0 17 25.180334801762115 0cd9414a_20240822_092835.data
290.0 470.0 17 25.180334801762115 0cd9414a_20240822_092859.data
-1 -1 -1 22.868976190476186 0cd9414a_20240822_093511.data
10.0 10.0 17 22.969809523809523 0cd9414a_20240822_093551.data
30.0 10.0 17 22.868976190476186 0cd9414a_20240822_093615.data
50.0 10.0 17 22.969809523809523 0cd9414a_20240822_093639.data
70.0 10.0 17 22.868976190476186 0cd9414a_20240822_093703.data
90.0 10.0 17 22.969809523809523 0cd9414a_20240822_093727.data
110.0 10.0 17 22.969809523809523 0cd9414a_20240822_093751.data
130.0 10.0 17 22.868976190476186 0cd9414a_20240822_093815.data
150.0 10.0 17 22.969809523809523 0cd9414a_20240822_093839.data
170.0 10.0 17 22.868976190476186 0cd9414a_20240822_093903.data
190.0 10.0 17 22.868976190476186 0cd9414a_20240822_093927.data
210.0 10.0 17 22.969809523809523 0cd9414a_20240822_093951.data
230.0 10.0 17 22.868976190476186 0cd9414a_20240822_094015.data
250.0 10.0 17 22.868976190476186 0cd9414a_20240822_094039.data
270.0 10.0 17 22.868976190476186 0cd9414a_20240822_094103.data
290.0 10.0 17 22.969809523809523 0cd9414a_20240822_094127.data
290.0 30.0 17 22.868976190476186 0cd9414a_20240822_094151.data
270.0 30.0 17 22.868976190476186 0cd9414a_20240822_094215.data
250.0 30.0 17 22.868976190476186 0cd9414a_20240822_094239.data
230.0 30.0 17 22.868976190476186 0cd9414a_20240822_094303.data
210.0 30.0 17 22.868976190476186 0cd9414a_20240822_094327.data
190.0 30.0 17 22.868976190476186 0cd9414a_20240822_094351.data
170.0 30.0 17 22.868976190476186 0cd9414a_20240822_094415.data
150.0 30.0 17 22.868976190476186 0cd9414a_20240822_094439.data
130.0 30.0 17 22.868976190476186 0cd9414a_20240822_094503.data
110.0 30.0 17 22.868976190476186 0cd9414a_20240822_094527.data
90.0 30.0 17 22.868976190476186 0cd9414a_20240822_094551.data
70.0 30.0 17 22.868976190476186 0cd9414a_20240822_094615.data
50.0 30.0 17 22.868976190476186 0cd9414a_20240822_094639.data
30.0 30.0 17 22.868976190476186 0cd9414a_20240822_094703.data
10.0 30.0 17 22.767738095238098 0cd9414a_20240822_094727.data
10.0 50.0 17 22.767738095238098 0cd9414a_20240822_094751.data
30.0 50.0 17 22.868976190476186 0cd9414a_20240822_094815.data
50.0 50.0 17 22.868976190476186 0cd9414a_20240822_094839.data
70.0 50.0 17 22.868976190476186 0cd9414a_20240822_094903.data
90.0 50.0 17 22.868976190476186 0cd9414a_20240822_094927.data
110.0 50.0 17 22.767738095238098 0cd9414a_20240822_094951.data
130.0 50.0 17 22.868976190476186 0cd9414a_20240822_095015.data
150.0 50.0 17 22.767738095238098 0cd9414a_20240822_095039.data
170.0 50.0 17 22.868976190476186 0cd9414a_20240822_095103.data
190.0 50.0 17 22.868976190476186 0cd9414a_20240822_095127.data
210.0 50.0 17 22.868976190476186 0cd9414a_20240822_095151.data
230.0 50.0 17 22.868976190476186 0cd9414a_20240822_095215.data
250.0 50.0 17 22.767738095238098 0cd9414a_20240822_095239.data
270.0 50.0 17 22.767738095238098 0cd9414a_20240822_095303.data
290.0 50.0 17 22.767738095238098 0cd9414a_20240822_095327.data
290.0 70.0 17 22.666095238095238 0cd9414a_20240822_095351.data
270.0 70.0 17 22.767738095238098 0cd9414a_20240822_095415.data
250.0 70.0 17 22.868976190476186 0cd9414a_20240822_095439.data
230.0 70.0 17 22.767738095238098 0cd9414a_20240822_095503.data
210.0 70.0 17 22.767738095238098 0cd9414a_20240822_095527.data
190.0 70.0 17 22.767738095238098 0cd9414a_20240822_095551.data
170.0 70.0 17 22.969809523809523 0cd9414a_20240822_095615.data
150.0 70.0 17 22.767738095238098 0cd9414a_20240822_095639.data
130.0 70.0 17 22.868976190476186 0cd9414a_20240822_095703.data
110.0 70.0 17 22.767738095238098 0cd9414a_20240822_095727.data
90.0 70.0 17 22.767738095238098 0cd9414a_20240822_095751.data
70.0 70.0 17 22.767738095238098 0cd9414a_20240822_095815.data
50.0 70.0 17 22.767738095238098 0cd9414a_20240822_095839.data
30.0 70.0 17 22.767738095238098 0cd9414a_20240822_095903.data
10.0 70.0 17 22.767738095238098 0cd9414a_20240822_095927.data
10.0 90.0 17 22.868976190476186 0cd9414a_20240822_095951.data
30.0 90.0 17 22.969809523809523 0cd9414a_20240822_100015.data
50.0 90.0 17 22.767738095238098 0cd9414a_20240822_100039.data
70.0 90.0 17 22.868976190476186 0cd9414a_20240822_100103.data
90.0 90.0 17 22.767738095238098 0cd9414a_20240822_100127.data
110.0 90.0 17 22.868976190476186 0cd9414a_20240822_100151.data
130.0 90.0 17 22.767738095238098 0cd9414a_20240822_100216.data
150.0 90.0 17 22.868976190476186 0cd9414a_20240822_100240.data
170.0 90.0 17 22.767738095238098 0cd9414a_20240822_100304.data
190.0 90.0 17 22.767738095238098 0cd9414a_20240822_100328.data
210.0 90.0 17 22.767738095238098 0cd9414a_20240822_100352.data
230.0 90.0 17 22.767738095238098 0cd9414a_20240822_100416.data
250.0 90.0 17 22.767738095238098 0cd9414a_20240822_100440.data
270.0 90.0 17 22.868976190476186 0cd9414a_20240822_100504.data
290.0 90.0 17 22.868976190476186 0cd9414a_20240822_100528.data
290.0 110.0 17 22.767738095238098 0cd9414a_20240822_100552.data
270.0 110.0 17 22.868976190476186 0cd9414a_20240822_100616.data
250.0 110.0 17 22.767738095238098 0cd9414a_20240822_100640.data
230.0 110.0 17 22.767738095238098 0cd9414a_20240822_100704.data
210.0 110.0 17 22.868976190476186 0cd9414a_20240822_100728.data
190.0 110.0 17 22.767738095238098 0cd9414a_20240822_100752.data
170.0 110.0 17 22.767738095238098 0cd9414a_20240822_100816.data
150.0 110.0 17 22.767738095238098 0cd9414a_20240822_100840.data
130.0 110.0 17 22.767738095238098 0cd9414a_20240822_100904.data
110.0 110.0 17 22.767738095238098 0cd9414a_20240822_100928.data
90.0 110.0 17 22.767738095238098 0cd9414a_20240822_100952.data
70.0 110.0 17 22.767738095238098 0cd9414a_20240822_101016.data
50.0 110.0 17 22.767738095238098 0cd9414a_20240822_101040.data
30.0 110.0 17 22.767738095238098 0cd9414a_20240822_101104.data
10.0 110.0 17 22.767738095238098 0cd9414a_20240822_101128.data
10.0 130.0 17 22.767738095238098 0cd9414a_20240822_101152.data
30.0 130.0 17 22.767738095238098 0cd9414a_20240822_101216.data
50.0 130.0 17 22.767738095238098 0cd9414a_20240822_101240.data
70.0 130.0 17 22.767738095238098 0cd9414a_20240822_101304.data
90.0 130.0 17 22.868976190476186 0cd9414a_20240822_101328.data
110.0 130.0 17 22.767738095238098 0cd9414a_20240822_101352.data
130.0 130.0 17 22.767738095238098 0cd9414a_20240822_101416.data
150.0 130.0 17 22.767738095238098 0cd9414a_20240822_101440.data
170.0 130.0 17 22.767738095238098 0cd9414a_20240822_101504.data
190.0 130.0 17 22.767738095238098 0cd9414a_20240822_101528.data
210.0 130.0 17 22.767738095238098 0cd9414a_20240822_101552.data
230.0 130.0 17 22.767738095238098 0cd9414a_20240822_101616.data
250.0 130.0 17 22.767738095238098 0cd9414a_20240822_101640.data
270.0 130.0 17 22.767738095238098 0cd9414a_20240822_101704.data
290.0 130.0 17 22.767738095238098 0cd9414a_20240822_101728.data
290.0 150.0 17 22.767738095238098 0cd9414a_20240822_101752.data
270.0 150.0 17 22.767738095238098 0cd9414a_20240822_101816.data
250.0 150.0 17 22.767738095238098 0cd9414a_20240822_101840.data
230.0 150.0 17 22.767738095238098 0cd9414a_20240822_101904.data
210.0 150.0 17 22.767738095238098 0cd9414a_20240822_101928.data
190.0 150.0 17 22.767738095238098 0cd9414a_20240822_101952.data
170.0 150.0 17 22.767738095238098 0cd9414a_20240822_102016.data
150.0 150.0 17 22.767738095238098 0cd9414a_20240822_102040.data
130.0 150.0 17 22.767738095238098 0cd9414a_20240822_102104.data
110.0 150.0 17 22.767738095238098 0cd9414a_20240822_102128.data
90.0 150.0 17 22.767738095238098 0cd9414a_20240822_102152.data
70.0 150.0 17 22.767738095238098 0cd9414a_20240822_102216.data
50.0 150.0 17 22.666095238095238 0cd9414a_20240822_102240.data
30.0 150.0 17 22.868976190476186 0cd9414a_20240822_102304.data
10.0 150.0 17 22.767738095238098 0cd9414a_20240822_102328.data
10.0 170.0 17 22.767738095238098 0cd9414a_20240822_102352.data
30.0 170.0 17 22.767738095238098 0cd9414a_20240822_102416.data
50.0 170.0 17 22.767738095238098 0cd9414a_20240822_102440.data
70.0 170.0 17 22.767738095238098 0cd9414a_20240822_102504.data
90.0 170.0 17 22.767738095238098 0cd9414a_20240822_102528.data
110.0 170.0 17 22.767738095238098 0cd9414a_20240822_102552.data
130.0 170.0 17 22.767738095238098 0cd9414a_20240822_102616.data
150.0 170.0 17 22.767738095238098 0cd9414a_20240822_102640.data
170.0 170.0 17 22.767738095238098 0cd9414a_20240822_102704.data
190.0 170.0 17 22.767738095238098 0cd9414a_20240822_102728.data
210.0 170.0 17 22.767738095238098 0cd9414a_20240822_102752.data
230.0 170.0 17 22.767738095238098 0cd9414a_20240822_102816.data
250.0 170.0 17 22.767738095238098 0cd9414a_20240822_102840.data
270.0 170.0 17 22.868976190476186 0cd9414a_20240822_102904.data
290.0 170.0 17 22.868976190476186 0cd9414a_20240822_102928.data
290.0 190.0 17 22.767738095238098 0cd9414a_20240822_102952.data
270.0 190.0 17 22.767738095238098 0cd9414a_20240822_103016.data
250.0 190.0 17 22.767738095238098 0cd9414a_20240822_103041.data
230.0 190.0 17 22.767738095238098 0cd9414a_20240822_103105.data
210.0 190.0 17 22.767738095238098 0cd9414a_20240822_103129.data
190.0 190.0 17 22.969809523809523 0cd9414a_20240822_103153.data
170.0 190.0 17 22.767738095238098 0cd9414a_20240822_103217.data
150.0 190.0 17 22.666095238095238 0cd9414a_20240822_103241.data
130.0 190.0 17 22.767738095238098 0cd9414a_20240822_103305.data
110.0 190.0 17 22.666095238095238 0cd9414a_20240822_103329.data
90.0 190.0 17 22.767738095238098 0cd9414a_20240822_103353.data
70.0 190.0 17 22.767738095238098 0cd9414a_20240822_103417.data
50.0 190.0 17 22.868976190476186 0cd9414a_20240822_103441.data
30.0 190.0 17 22.868976190476186 0cd9414a_20240822_103505.data
10.0 190.0 17 22.767738095238098 0cd9414a_20240822_103529.data
10.0 210.0 17 22.767738095238098 0cd9414a_20240822_103553.data
30.0 210.0 17 22.767738095238098 0cd9414a_20240822_103617.data
50.0 210.0 17 22.868976190476186 0cd9414a_20240822_103641.data
70.0 210.0 17 22.767738095238098 0cd9414a_20240822_103705.data
90.0 210.0 17 22.868976190476186 0cd9414a_20240822_103729.data
110.0 210.0 17 22.767738095238098 0cd9414a_20240822_103753.data
130.0 210.0 17 22.767738095238098 0cd9414a_20240822_103817.data
150.0 210.0 17 22.767738095238098 0cd9414a_20240822_103841.data
170.0 210.0 17 22.767738095238098 0cd9414a_20240822_103905.data
190.0 210.0 17 22.767738095238098 0cd9414a_20240822_103929.data
210.0 210.0 17 22.767738095238098 0cd9414a_20240822_103953.data
230.0 210.0 17 22.767738095238098 0cd9414a_20240822_104017.data
250.0 210.0 17 22.666095238095238 0cd9414a_20240822_104041.data
270.0 210.0 17 22.767738095238098 0cd9414a_20240822_104105.data
290.0 210.0 17 22.767738095238098 0cd9414a_20240822_104129.data
290.0 230.0 17 22.767738095238098 0cd9414a_20240822_104153.data
270.0 230.0 17 22.767738095238098 0cd9414a_20240822_104217.data
250.0 230.0 17 22.767738095238098 0cd9414a_20240822_104241.data
230.0 230.0 17 22.767738095238098 0cd9414a_20240822_104305.data
210.0 230.0 17 22.767738095238098 0cd9414a_20240822_104329.data
190.0 230.0 17 22.767738095238098 0cd9414a_20240822_104353.data
170.0 230.0 17 22.767738095238098 0cd9414a_20240822_104417.data
150.0 230.0 17 22.767738095238098 0cd9414a_20240822_104441.data
130.0 230.0 17 22.767738095238098 0cd9414a_20240822_104505.data
110.0 230.0 17 22.767738095238098 0cd9414a_20240822_104529.data
90.0 230.0 17 22.767738095238098 0cd9414a_20240822_104553.data
70.0 230.0 17 22.767738095238098 0cd9414a_20240822_104617.data
50.0 230.0 17 22.767738095238098 0cd9414a_20240822_104641.data
30.0 230.0 17 22.767738095238098 0cd9414a_20240822_104705.data
10.0 230.0 17 22.767738095238098 0cd9414a_20240822_104729.data
10.0 250.0 17 22.767738095238098 0cd9414a_20240822_104753.data
30.0 250.0 17 22.767738095238098 0cd9414a_20240822_104817.data
50.0 250.0 17 22.767738095238098 0cd9414a_20240822_104841.data
70.0 250.0 17 22.767738095238098 0cd9414a_20240822_104905.data
90.0 250.0 17 22.767738095238098 0cd9414a_20240822_104929.data
110.0 250.0 17 22.767738095238098 0cd9414a_20240822_104953.data
130.0 250.0 17 22.767738095238098 0cd9414a_20240822_105017.data
150.0 250.0 17 22.767738095238098 0cd9414a_20240822_105041.data
170.0 250.0 17 22.868976190476186 0cd9414a_20240822_105105.data
190.0 250.0 17 22.767738095238098 0cd9414a_20240822_105129.data
210.0 250.0 17 22.767738095238098 0cd9414a_20240822_105153.data
230.0 250.0 17 22.767738095238098 0cd9414a_20240822_105217.data
250.0 250.0 17 22.868976190476186 0cd9414a_20240822_105241.data
270.0 250.0 17 22.767738095238098 0cd9414a_20240822_105305.data
290.0 250.0 17 22.767738095238098 0cd9414a_20240822_105329.data
290.0 270.0 17 22.767738095238098 0cd9414a_20240822_105353.data
270.0 270.0 17 22.767738095238098 0cd9414a_20240822_105417.data
250.0 270.0 17 22.767738095238098 0cd9414a_20240822_105441.data
230.0 270.0 17 22.767738095238098 0cd9414a_20240822_105505.data
210.0 270.0 17 22.767738095238098 0cd9414a_20240822_105529.data
190.0 270.0 17 22.767738095238098 0cd9414a_20240822_105553.data
170.0 270.0 17 22.767738095238098 0cd9414a_20240822_105617.data
150.0 270.0 17 22.767738095238098 0cd9414a_20240822_105641.data
130.0 270.0 17 22.767738095238098 0cd9414a_20240822_105705.data
110.0 270.0 17 22.969809523809523 0cd9414a_20240822_105729.data
90.0 270.0 17 22.767738095238098 0cd9414a_20240822_105753.data
70.0 270.0 17 22.868976190476186 0cd9414a_20240822_105817.data
50.0 270.0 17 -1 0cd9414a_20240822_105841.data
30.0 270.0 17 22.969809523809523 0cd9414a_20240822_105905.data
10.0 270.0 17 22.868976190476186 0cd9414a_20240822_105929.data
10.0 290.0 17 -1 0cd9414a_20240822_105954.data
30.0 290.0 17 22.767738095238098 0cd9414a_20240822_110018.data
50.0 290.0 17 22.767738095238098 0cd9414a_20240822_110042.data
70.0 290.0 17 -1 0cd9414a_20240822_110106.data
90.0 290.0 17 22.767738095238098 0cd9414a_20240822_110130.data
110.0 290.0 17 22.868976190476186 0cd9414a_20240822_110154.data
130.0 290.0 17 -1 0cd9414a_20240822_110218.data
150.0 290.0 17 22.767738095238098 0cd9414a_20240822_110242.data
170.0 290.0 17 22.767738095238098 0cd9414a_20240822_110306.data
190.0 290.0 17 -1 0cd9414a_20240822_110330.data
210.0 290.0 17 22.666095238095238 0cd9414a_20240822_110354.data
230.0 290.0 17 22.666095238095238 0cd9414a_20240822_110418.data
250.0 290.0 17 22.666095238095238 0cd9414a_20240822_110442.data
270.0 290.0 17 22.56402380952381 0cd9414a_20240822_110506.data
290.0 290.0 17 22.56402380952381 0cd9414a_20240822_110530.data
290.0 310.0 17 22.666095238095238 0cd9414a_20240822_110554.data
270.0 310.0 17 22.666095238095238 0cd9414a_20240822_110618.data
250.0 310.0 17 22.666095238095238 0cd9414a_20240822_110642.data
230.0 310.0 17 22.56402380952381 0cd9414a_20240822_110706.data
210.0 310.0 17 22.46152380952381 0cd9414a_20240822_110730.data
190.0 310.0 17 22.666095238095238 0cd9414a_20240822_110754.data
170.0 310.0 17 22.868976190476186 0cd9414a_20240822_110818.data
150.0 310.0 17 22.666095238095238 0cd9414a_20240822_110842.data
130.0 310.0 17 22.666095238095238 0cd9414a_20240822_110906.data
110.0 310.0 17 22.666095238095238 0cd9414a_20240822_110930.data
90.0 310.0 17 22.666095238095238 0cd9414a_20240822_110954.data
70.0 310.0 17 22.666095238095238 0cd9414a_20240822_111018.data
50.0 310.0 17 22.666095238095238 0cd9414a_20240822_111042.data
30.0 310.0 17 22.666095238095238 0cd9414a_20240822_111106.data
10.0 310.0 17 22.666095238095238 0cd9414a_20240822_111130.data
10.0 330.0 17 22.666095238095238 0cd9414a_20240822_111154.data
30.0 330.0 17 22.666095238095238 0cd9414a_20240822_111218.data
50.0 330.0 17 22.666095238095238 0cd9414a_20240822_111242.data
70.0 330.0 17 22.666095238095238 0cd9414a_20240822_111306.data
90.0 330.0 17 22.56402380952381 0cd9414a_20240822_111330.data
110.0 330.0 17 22.666095238095238 0cd9414a_20240822_111354.data
130.0 330.0 17 22.56402380952381 0cd9414a_20240822_111418.data
150.0 330.0 17 22.666095238095238 0cd9414a_20240822_111442.data
170.0 330.0 17 22.666095238095238 0cd9414a_20240822_111506.data
190.0 330.0 17 22.666095238095238 0cd9414a_20240822_111530.data
210.0 330.0 17 22.666095238095238 0cd9414a_20240822_111554.data
230.0 330.0 17 22.56402380952381 0cd9414a_20240822_111618.data
250.0 330.0 17 22.666095238095238 0cd9414a_20240822_111642.data
270.0 330.0 17 22.666095238095238 0cd9414a_20240822_111706.data
290.0 330.0 17 22.666095238095238 0cd9414a_20240822_111730.data
10.0 350.0 17 22.666095238095238 0cd9414a_20240822_111953.data
30.0 350.0 17 22.666095238095238 0cd9414a_20240822_112017.data
50.0 350.0 17 22.666095238095238 0cd9414a_20240822_112041.data
70.0 350.0 17 22.666095238095238 0cd9414a_20240822_112105.data
90.0 350.0 17 22.56402380952381 0cd9414a_20240822_112129.data
110.0 350.0 17 22.666095238095238 0cd9414a_20240822_112154.data
130.0 350.0 17 22.666095238095238 0cd9414a_20240822_112218.data
150.0 350.0 17 22.666095238095238 0cd9414a_20240822_112242.data
170.0 350.0 17 22.666095238095238 0cd9414a_20240822_112306.data
190.0 350.0 17 22.666095238095238 0cd9414a_20240822_112330.data
210.0 350.0 17 22.666095238095238 0cd9414a_20240822_112354.data
230.0 350.0 17 22.666095238095238 0cd9414a_20240822_112418.data
250.0 350.0 17 22.666095238095238 0cd9414a_20240822_112442.data
270.0 350.0 17 22.868976190476186 0cd9414a_20240822_112506.data
290.0 350.0 17 22.666095238095238 0cd9414a_20240822_112530.data
290.0 370.0 17 22.666095238095238 0cd9414a_20240822_112554.data
270.0 370.0 17 22.56402380952381 0cd9414a_20240822_112618.data
250.0 370.0 17 22.666095238095238 0cd9414a_20240822_112642.data
230.0 370.0 17 22.666095238095238 0cd9414a_20240822_112706.data
210.0 370.0 17 22.666095238095238 0cd9414a_20240822_112730.data
190.0 370.0 17 22.666095238095238 0cd9414a_20240822_112754.data
170.0 370.0 17 22.666095238095238 0cd9414a_20240822_112818.data
150.0 370.0 17 22.666095238095238 0cd9414a_20240822_112842.data
130.0 370.0 17 22.666095238095238 0cd9414a_20240822_112906.data
110.0 370.0 17 22.666095238095238 0cd9414a_20240822_112930.data
90.0 370.0 17 22.666095238095238 0cd9414a_20240822_112954.data
70.0 370.0 17 22.666095238095238 0cd9414a_20240822_113018.data
50.0 370.0 17 22.666095238095238 0cd9414a_20240822_113042.data
30.0 370.0 17 22.666095238095238 0cd9414a_20240822_113106.data
10.0 370.0 17 22.666095238095238 0cd9414a_20240822_113130.data
10.0 390.0 17 22.56402380952381 0cd9414a_20240822_113154.data
30.0 390.0 17 22.666095238095238 0cd9414a_20240822_113218.data
50.0 390.0 17 22.666095238095238 0cd9414a_20240822_113242.data
70.0 390.0 17 22.666095238095238 0cd9414a_20240822_113306.data
90.0 390.0 17 22.666095238095238 0cd9414a_20240822_113330.data
110.0 390.0 17 22.666095238095238 0cd9414a_20240822_113354.data
130.0 390.0 17 22.666095238095238 0cd9414a_20240822_113418.data
150.0 390.0 17 22.666095238095238 0cd9414a_20240822_113442.data
170.0 390.0 17 22.666095238095238 0cd9414a_20240822_113506.data
190.0 390.0 17 22.666095238095238 0cd9414a_20240822_113530.data
210.0 390.0 17 22.666095238095238 0cd9414a_20240822_113554.data
230.0 390.0 17 22.666095238095238 0cd9414a_20240822_113618.data
250.0 390.0 17 22.666095238095238 0cd9414a_20240822_113642.data
270.0 390.0 17 22.56402380952381 0cd9414a_20240822_113706.data
290.0 390.0 17 22.666095238095238 0cd9414a_20240822_113730.data
290.0 410.0 17 22.666095238095238 0cd9414a_20240822_113754.data
270.0 410.0 17 22.666095238095238 0cd9414a_20240822_113818.data
250.0 410.0 17 22.666095238095238 0cd9414a_20240822_113842.data
230.0 410.0 17 22.666095238095238 0cd9414a_20240822_113906.data
210.0 410.0 17 22.666095238095238 0cd9414a_20240822_113930.data
190.0 410.0 17 22.666095238095238 0cd9414a_20240822_113954.data
170.0 410.0 17 22.666095238095238 0cd9414a_20240822_114018.data
150.0 410.0 17 22.56402380952381 0cd9414a_20240822_114042.data
130.0 410.0 17 22.868976190476186 0cd9414a_20240822_114106.data
110.0 410.0 17 22.666095238095238 0cd9414a_20240822_114130.data
90.0 410.0 17 22.666095238095238 0cd9414a_20240822_114154.data
70.0 410.0 17 22.666095238095238 0cd9414a_20240822_114218.data
50.0 410.0 17 22.868976190476186 0cd9414a_20240822_114242.data
30.0 410.0 17 22.666095238095238 0cd9414a_20240822_114306.data
10.0 410.0 17 22.56402380952381 0cd9414a_20240822_114330.data
10.0 430.0 17 22.666095238095238 0cd9414a_20240822_114354.data
30.0 430.0 17 22.666095238095238 0cd9414a_20240822_114418.data
50.0 430.0 17 22.666095238095238 0cd9414a_20240822_114442.data
70.0 430.0 17 22.666095238095238 0cd9414a_20240822_114506.data
90.0 430.0 17 22.666095238095238 0cd9414a_20240822_114530.data
110.0 430.0 17 22.666095238095238 0cd9414a_20240822_114554.data
130.0 430.0 17 22.666095238095238 0cd9414a_20240822_114618.data
150.0 430.0 17 22.666095238095238 0cd9414a_20240822_114642.data
170.0 430.0 17 22.666095238095238 0cd9414a_20240822_114706.data
190.0 430.0 17 22.666095238095238 0cd9414a_20240822_114730.data
210.0 430.0 17 22.666095238095238 0cd9414a_20240822_114754.data
230.0 430.0 17 22.666095238095238 0cd9414a_20240822_114818.data
250.0 430.0 17 22.666095238095238 0cd9414a_20240822_114842.data
270.0 430.0 17 22.56402380952381 0cd9414a_20240822_114906.data
290.0 430.0 17 22.666095238095238 0cd9414a_20240822_114930.data
290.0 450.0 17 22.666095238095238 0cd9414a_20240822_114954.data
270.0 450.0 17 22.56402380952381 0cd9414a_20240822_115018.data
250.0 450.0 17 22.666095238095238 0cd9414a_20240822_115042.data
230.0 450.0 17 22.666095238095238 0cd9414a_20240822_115106.data
210.0 450.0 17 22.56402380952381 0cd9414a_20240822_115131.data
190.0 450.0 17 22.666095238095238 0cd9414a_20240822_115155.data
170.0 450.0 17 22.666095238095238 0cd9414a_20240822_115219.data
150.0 450.0 17 22.56402380952381 0cd9414a_20240822_115243.data
130.0 450.0 17 22.666095238095238 0cd9414a_20240822_115307.data
110.0 450.0 17 22.868976190476186 0cd9414a_20240822_115331.data
90.0 450.0 17 22.767738095238098 0cd9414a_20240822_115358.data
