-1 -1 -1 25.537859030837005 0cd9414a_20240910_154234.data
10.0 10.0 17 25.537859030837005 0cd9414a_20240910_154313.data
30.0 10.0 17 25.419136563876656 0cd9414a_20240910_154337.data
50.0 10.0 17 25.537859030837005 0cd9414a_20240910_154401.data
70.0 10.0 17 25.537859030837005 0cd9414a_20240910_154425.data
90.0 10.0 17 25.419136563876656 0cd9414a_20240910_154449.data
110.0 10.0 17 25.06022466960353 0cd9414a_20240910_154513.data
130.0 10.0 17 25.299982378854633 0cd9414a_20240910_154537.data
150.0 10.0 17 25.537859030837005 0cd9414a_20240910_154601.data
170.0 10.0 17 25.299982378854633 0cd9414a_20240910_154625.data
190.0 10.0 17 25.299982378854633 0cd9414a_20240910_154649.data
210.0 10.0 17 25.299982378854633 0cd9414a_20240910_154713.data
230.0 10.0 17 25.299982378854633 0cd9414a_20240910_154737.data
250.0 10.0 17 25.180334801762115 0cd9414a_20240910_154801.data
270.0 10.0 17 25.299982378854633 0cd9414a_20240910_154825.data
290.0 10.0 17 25.419136563876656 0cd9414a_20240910_154849.data
290.0 30.0 17 25.299982378854633 0cd9414a_20240910_154913.data
270.0 30.0 17 25.419136563876656 0cd9414a_20240910_154937.data
250.0 30.0 17 25.06022466960353 0cd9414a_20240910_155001.data
230.0 30.0 17 25.299982378854633 0cd9414a_20240910_155025.data
210.0 30.0 17 25.299982378854633 0cd9414a_20240910_155049.data
190.0 30.0 17 25.299982378854633 0cd9414a_20240910_155113.data
170.0 30.0 17 25.419136563876656 0cd9414a_20240910_155137.data
150.0 30.0 17 25.419136563876656 0cd9414a_20240910_155201.data
130.0 30.0 17 25.299982378854633 0cd9414a_20240910_155225.data
110.0 30.0 17 25.419136563876656 0cd9414a_20240910_155249.data
90.0 30.0 17 25.419136563876656 0cd9414a_20240910_155313.data
70.0 30.0 17 25.537859030837005 0cd9414a_20240910_155337.data
50.0 30.0 17 25.537859030837005 0cd9414a_20240910_155401.data
30.0 30.0 17 25.419136563876656 0cd9414a_20240910_155425.data
10.0 30.0 17 25.299982378854633 0cd9414a_20240910_155449.data
10.0 50.0 17 25.419136563876656 0cd9414a_20240910_155513.data
30.0 50.0 17 25.180334801762115 0cd9414a_20240910_155537.data
50.0 50.0 17 25.299982378854633 0cd9414a_20240910_155601.data
70.0 50.0 17 25.299982378854633 0cd9414a_20240910_155625.data
90.0 50.0 17 25.419136563876656 0cd9414a_20240910_155649.data
110.0 50.0 17 25.419136563876656 0cd9414a_20240910_155713.data
130.0 50.0 17 25.419136563876656 0cd9414a_20240910_155738.data
150.0 50.0 17 25.299982378854633 0cd9414a_20240910_155802.data
170.0 50.0 17 25.180334801762115 0cd9414a_20240910_155826.data
190.0 50.0 17 25.537859030837005 0cd9414a_20240910_155850.data
210.0 50.0 17 25.419136563876656 0cd9414a_20240910_155914.data
230.0 50.0 17 25.299982378854633 0cd9414a_20240910_155938.data
250.0 50.0 17 25.299982378854633 0cd9414a_20240910_160002.data
270.0 50.0 17 25.419136563876656 0cd9414a_20240910_160026.data
290.0 50.0 17 25.419136563876656 0cd9414a_20240910_160050.data
290.0 70.0 17 25.537859030837005 0cd9414a_20240910_160114.data
270.0 70.0 17 25.419136563876656 0cd9414a_20240910_160138.data
250.0 70.0 17 25.299982378854633 0cd9414a_20240910_160202.data
230.0 70.0 17 25.299982378854633 0cd9414a_20240910_160226.data
210.0 70.0 17 25.419136563876656 0cd9414a_20240910_160250.data
190.0 70.0 17 25.06022466960353 0cd9414a_20240910_160314.data
170.0 70.0 17 25.419136563876656 0cd9414a_20240910_160338.data
150.0 70.0 17 25.419136563876656 0cd9414a_20240910_160402.data
130.0 70.0 17 25.299982378854633 0cd9414a_20240910_160426.data
110.0 70.0 17 25.419136563876656 0cd9414a_20240910_160450.data
90.0 70.0 17 25.419136563876656 0cd9414a_20240910_160514.data
70.0 70.0 17 25.180334801762115 0cd9414a_20240910_160538.data
50.0 70.0 17 25.419136563876656 0cd9414a_20240910_160602.data
30.0 70.0 17 25.419136563876656 0cd9414a_20240910_160626.data
10.0 70.0 17 25.299982378854633 0cd9414a_20240910_160650.data
10.0 90.0 17 25.299982378854633 0cd9414a_20240910_160714.data
30.0 90.0 17 25.419136563876656 0cd9414a_20240910_160738.data
50.0 90.0 17 25.06022466960353 0cd9414a_20240910_160802.data
70.0 90.0 17 25.419136563876656 0cd9414a_20240910_160826.data
90.0 90.0 17 25.419136563876656 0cd9414a_20240910_160850.data
110.0 90.0 17 25.419136563876656 0cd9414a_20240910_160915.data
130.0 90.0 17 25.180334801762115 0cd9414a_20240910_160940.data
