-1 -1 -1 27.487775330396477 0cd9414a_20240816_104602.data
10.0 10.0 17 27.487775330396477 0cd9414a_20240816_104642.data
30.0 10.0 17 27.487775330396477 0cd9414a_20240816_104706.data
50.0 10.0 17 27.487775330396477 0cd9414a_20240816_104730.data
70.0 10.0 17 27.37654625550661 0cd9414a_20240816_104754.data
90.0 10.0 17 27.37654625550661 0cd9414a_20240816_104818.data
110.0 10.0 17 27.487775330396477 0cd9414a_20240816_104842.data
130.0 10.0 17 27.487775330396477 0cd9414a_20240816_104906.data
150.0 10.0 17 27.598634361233486 0cd9414a_20240816_104930.data
170.0 10.0 17 27.487775330396477 0cd9414a_20240816_104954.data
190.0 10.0 17 27.487775330396477 0cd9414a_20240816_105018.data
210.0 10.0 17 27.598634361233486 0cd9414a_20240816_105042.data
230.0 10.0 17 27.487775330396477 0cd9414a_20240816_105106.data
250.0 10.0 17 27.37654625550661 0cd9414a_20240816_105130.data
270.0 10.0 17 27.487775330396477 0cd9414a_20240816_105154.data
290.0 10.0 17 27.37654625550661 0cd9414a_20240816_105218.data
290.0 30.0 17 27.487775330396477 0cd9414a_20240816_105242.data
270.0 30.0 17 27.487775330396477 0cd9414a_20240816_105306.data
250.0 30.0 17 27.487775330396477 0cd9414a_20240816_105330.data
230.0 30.0 17 27.37654625550661 0cd9414a_20240816_105354.data
210.0 30.0 17 27.487775330396477 0cd9414a_20240816_105418.data
190.0 30.0 17 27.487775330396477 0cd9414a_20240816_105442.data
170.0 30.0 17 27.37654625550661 0cd9414a_20240816_105506.data
150.0 30.0 17 27.37654625550661 0cd9414a_20240816_105530.data
130.0 30.0 17 27.37654625550661 0cd9414a_20240816_105554.data
110.0 30.0 17 27.37654625550661 0cd9414a_20240816_105618.data
90.0 30.0 17 27.37654625550661 0cd9414a_20240816_105642.data
70.0 30.0 17 27.487775330396477 0cd9414a_20240816_105706.data
50.0 30.0 17 27.487775330396477 0cd9414a_20240816_105730.data
30.0 30.0 17 27.37654625550661 0cd9414a_20240816_105754.data
10.0 30.0 17 27.37654625550661 0cd9414a_20240816_105818.data
10.0 50.0 17 27.487775330396477 0cd9414a_20240816_105842.data
30.0 50.0 17 27.487775330396477 0cd9414a_20240816_105906.data
50.0 50.0 17 27.487775330396477 0cd9414a_20240816_105930.data
70.0 50.0 17 27.37654625550661 0cd9414a_20240816_105954.data
90.0 50.0 17 27.487775330396477 0cd9414a_20240816_110018.data
110.0 50.0 17 27.487775330396477 0cd9414a_20240816_110042.data
130.0 50.0 17 27.487775330396477 0cd9414a_20240816_110106.data
150.0 50.0 17 27.37654625550661 0cd9414a_20240816_110234.data
