-1 -1 -1 24.845210526315793 0cd9414a_20240909_133113.data
10.0 10.0 17 24.741500000000002 0cd9414a_20240909_133152.data
30.0 10.0 17 24.948500000000003 0cd9414a_20240909_133216.data
50.0 10.0 17 24.741500000000002 0cd9414a_20240909_133240.data
70.0 10.0 17 24.741500000000002 0cd9414a_20240909_133304.data
90.0 10.0 17 24.948500000000003 0cd9414a_20240909_133328.data
110.0 10.0 17 24.948500000000003 0cd9414a_20240909_133352.data
130.0 10.0 17 24.845210526315793 0cd9414a_20240909_133416.data
150.0 10.0 17 24.948500000000003 0cd9414a_20240909_133440.data
170.0 10.0 17 24.845210526315793 0cd9414a_20240909_133504.data
190.0 10.0 17 24.741500000000002 0cd9414a_20240909_133528.data
210.0 10.0 17 24.948500000000003 0cd9414a_20240909_133552.data
230.0 10.0 17 24.948500000000003 0cd9414a_20240909_133616.data
250.0 10.0 17 24.741500000000002 0cd9414a_20240909_133640.data
270.0 10.0 17 24.845210526315793 0cd9414a_20240909_133705.data
290.0 10.0 17 24.845210526315793 0cd9414a_20240909_133728.data
290.0 30.0 17 24.845210526315793 0cd9414a_20240909_133752.data
270.0 30.0 17 24.637394736842104 0cd9414a_20240909_133816.data
250.0 30.0 17 24.637394736842104 0cd9414a_20240909_133841.data
230.0 30.0 17 24.845210526315793 0cd9414a_20240909_133905.data
210.0 30.0 17 24.845210526315793 0cd9414a_20240909_133929.data
190.0 30.0 17 24.948500000000003 0cd9414a_20240909_133953.data
170.0 30.0 17 24.741500000000002 0cd9414a_20240909_133953.data
