-1 -1 -1 23.8 0cd9414a_20240916_170545.data
10.0 10.0 17 23.8 0cd9414a_20240916_170624.data
30.0 10.0 17 23.902100000000004 0cd9414a_20240916_170648.data
50.0 10.0 17 23.8 0cd9414a_20240916_170712.data
70.0 10.0 17 24.003973684210532 0cd9414a_20240916_170736.data
90.0 10.0 17 23.8 0cd9414a_20240916_170800.data
110.0 10.0 17 23.8 0cd9414a_20240916_170824.data
130.0 10.0 17 24.003973684210532 0cd9414a_20240916_170848.data
150.0 10.0 17 24.003973684210532 0cd9414a_20240916_170912.data
170.0 10.0 17 23.6975 0cd9414a_20240916_170936.data
190.0 10.0 17 23.902100000000004 0cd9414a_20240916_171000.data
210.0 10.0 17 23.902100000000004 0cd9414a_20240916_171024.data
230.0 10.0 17 24.003973684210532 0cd9414a_20240916_171048.data
250.0 10.0 17 24.003973684210532 0cd9414a_20240916_171112.data
270.0 10.0 17 23.902100000000004 0cd9414a_20240916_171136.data
290.0 10.0 17 23.902100000000004 0cd9414a_20240916_171200.data
290.0 30.0 17 23.902100000000004 0cd9414a_20240916_171224.data
270.0 30.0 17 23.902100000000004 0cd9414a_20240916_171248.data
250.0 30.0 17 23.902100000000004 0cd9414a_20240916_171312.data
230.0 30.0 17 24.003973684210532 0cd9414a_20240916_171336.data
210.0 30.0 17 23.6975 0cd9414a_20240916_171400.data
190.0 30.0 17 23.8 0cd9414a_20240916_171424.data
170.0 30.0 17 24.003973684210532 0cd9414a_20240916_171448.data
150.0 30.0 17 24.003973684210532 0cd9414a_20240916_171512.data
130.0 30.0 17 23.902100000000004 0cd9414a_20240916_171536.data
110.0 30.0 17 23.902100000000004 0cd9414a_20240916_171600.data
90.0 30.0 17 23.6975 0cd9414a_20240916_171624.data
70.0 30.0 17 23.8 0cd9414a_20240916_171648.data
50.0 30.0 17 23.902100000000004 0cd9414a_20240916_171712.data
30.0 30.0 17 24.003973684210532 0cd9414a_20240916_171736.data
10.0 30.0 17 24.003973684210532 0cd9414a_20240916_171800.data
10.0 50.0 17 23.902100000000004 0cd9414a_20240916_171824.data
30.0 50.0 17 24.003973684210532 0cd9414a_20240916_171848.data
50.0 50.0 17 23.902100000000004 0cd9414a_20240916_171912.data
70.0 50.0 17 23.902100000000004 0cd9414a_20240916_171936.data
90.0 50.0 17 23.902100000000004 0cd9414a_20240916_172000.data
110.0 50.0 17 23.902100000000004 0cd9414a_20240916_172024.data
130.0 50.0 17 23.6975 0cd9414a_20240916_172048.data
150.0 50.0 17 23.6975 0cd9414a_20240916_172112.data
170.0 50.0 17 23.6975 0cd9414a_20240916_172136.data
190.0 50.0 17 23.902100000000004 0cd9414a_20240916_172200.data
210.0 50.0 17 23.902100000000004 0cd9414a_20240916_172225.data
230.0 50.0 17 23.902100000000004 0cd9414a_20240916_172249.data
250.0 50.0 17 23.902100000000004 0cd9414a_20240916_172313.data
270.0 50.0 17 23.8 0cd9414a_20240916_172337.data
290.0 50.0 17 23.6975 0cd9414a_20240916_172401.data
290.0 70.0 17 23.902100000000004 0cd9414a_20240916_172425.data
270.0 70.0 17 23.902100000000004 0cd9414a_20240916_172449.data
250.0 70.0 17 23.902100000000004 0cd9414a_20240916_172513.data
230.0 70.0 17 23.902100000000004 0cd9414a_20240916_172537.data
210.0 70.0 17 23.902100000000004 0cd9414a_20240916_172601.data
190.0 70.0 17 23.6975 0cd9414a_20240916_172625.data
170.0 70.0 17 23.902100000000004 0cd9414a_20240916_172649.data
150.0 70.0 17 23.902100000000004 0cd9414a_20240916_172713.data
130.0 70.0 17 23.902100000000004 0cd9414a_20240916_172737.data
110.0 70.0 17 23.8 0cd9414a_20240916_172801.data
90.0 70.0 17 23.902100000000004 0cd9414a_20240916_172825.data
70.0 70.0 17 24.003973684210532 0cd9414a_20240916_172849.data
50.0 70.0 17 23.6975 0cd9414a_20240916_172913.data
30.0 70.0 17 23.902100000000004 0cd9414a_20240916_172937.data
10.0 70.0 17 23.8 0cd9414a_20240916_173001.data
10.0 90.0 17 23.902100000000004 0cd9414a_20240916_173025.data
30.0 90.0 17 23.8 0cd9414a_20240916_173049.data
50.0 90.0 17 23.902100000000004 0cd9414a_20240916_173113.data
70.0 90.0 17 23.902100000000004 0cd9414a_20240916_173137.data
90.0 90.0 17 23.902100000000004 0cd9414a_20240916_173201.data
110.0 90.0 17 23.6975 0cd9414a_20240916_173225.data
130.0 90.0 17 23.6975 0cd9414a_20240916_173249.data
150.0 90.0 17 23.902100000000004 0cd9414a_20240916_173313.data
170.0 90.0 17 23.902100000000004 0cd9414a_20240916_173337.data
190.0 90.0 17 23.902100000000004 0cd9414a_20240916_173401.data
210.0 90.0 17 23.8 0cd9414a_20240916_173425.data
230.0 90.0 17 24.003973684210532 0cd9414a_20240916_173449.data
250.0 90.0 17 23.902100000000004 0cd9414a_20240916_173513.data
270.0 90.0 17 23.594575 0cd9414a_20240916_173537.data
290.0 90.0 17 23.902100000000004 0cd9414a_20240916_173601.data
290.0 110.0 17 23.902100000000004 0cd9414a_20240916_173625.data
270.0 110.0 17 23.902100000000004 0cd9414a_20240916_173649.data
250.0 110.0 17 23.902100000000004 0cd9414a_20240916_173713.data
230.0 110.0 17 23.902100000000004 0cd9414a_20240916_173737.data
210.0 110.0 17 23.6975 0cd9414a_20240916_173801.data
190.0 110.0 17 23.902100000000004 0cd9414a_20240916_173825.data
170.0 110.0 17 23.902100000000004 0cd9414a_20240916_173849.data
150.0 110.0 17 23.8 0cd9414a_20240916_173913.data
130.0 110.0 17 23.6975 0cd9414a_20240916_173937.data
110.0 110.0 17 23.8 0cd9414a_20240916_174001.data
90.0 110.0 17 23.6975 0cd9414a_20240916_174025.data
70.0 110.0 17 23.902100000000004 0cd9414a_20240916_174049.data
50.0 110.0 17 23.902100000000004 0cd9414a_20240916_174113.data
30.0 110.0 17 23.902100000000004 0cd9414a_20240916_174137.data
10.0 110.0 17 23.902100000000004 0cd9414a_20240916_174201.data
10.0 130.0 17 23.902100000000004 0cd9414a_20240916_174225.data
30.0 130.0 17 23.902100000000004 0cd9414a_20240916_174249.data
50.0 130.0 17 23.8 0cd9414a_20240916_174313.data
70.0 130.0 17 23.6975 0cd9414a_20240916_174337.data
90.0 130.0 17 23.6975 0cd9414a_20240916_174401.data
110.0 130.0 17 23.6975 0cd9414a_20240916_174425.data
130.0 130.0 17 23.6975 0cd9414a_20240916_174449.data
150.0 130.0 17 23.6975 0cd9414a_20240916_174513.data
170.0 130.0 17 23.902100000000004 0cd9414a_20240916_174537.data
190.0 130.0 17 23.49125 0cd9414a_20240916_174601.data
210.0 130.0 17 23.6975 0cd9414a_20240916_174625.data
230.0 130.0 17 23.902100000000004 0cd9414a_20240916_174649.data
250.0 130.0 17 23.6975 0cd9414a_20240916_174713.data
270.0 130.0 17 23.902100000000004 0cd9414a_20240916_174737.data
290.0 130.0 17 23.594575 0cd9414a_20240916_174801.data
290.0 150.0 17 23.8 0cd9414a_20240916_174825.data
270.0 150.0 17 23.8 0cd9414a_20240916_174849.data
250.0 150.0 17 23.8 0cd9414a_20240916_174913.data
230.0 150.0 17 23.594575 0cd9414a_20240916_174937.data
210.0 150.0 17 23.594575 0cd9414a_20240916_175001.data
190.0 150.0 17 23.594575 0cd9414a_20240916_175025.data
170.0 150.0 17 23.594575 0cd9414a_20240916_175049.data
150.0 150.0 17 23.594575 0cd9414a_20240916_175113.data
130.0 150.0 17 23.49125 0cd9414a_20240916_175137.data
110.0 150.0 17 23.594575 0cd9414a_20240916_175202.data
90.0 150.0 17 23.594575 0cd9414a_20240916_175226.data
70.0 150.0 17 23.594575 0cd9414a_20240916_175250.data
50.0 150.0 17 23.594575 0cd9414a_20240916_175314.data
30.0 150.0 17 23.6975 0cd9414a_20240916_175338.data
10.0 150.0 17 23.594575 0cd9414a_20240916_175402.data
10.0 170.0 17 23.594575 0cd9414a_20240916_175426.data
30.0 170.0 17 23.594575 0cd9414a_20240916_175450.data
50.0 170.0 17 23.594575 0cd9414a_20240916_175514.data
70.0 170.0 17 23.594575 0cd9414a_20240916_175538.data
90.0 170.0 17 23.594575 0cd9414a_20240916_175602.data
110.0 170.0 17 23.594575 0cd9414a_20240916_175626.data
130.0 170.0 17 23.594575 0cd9414a_20240916_175650.data
150.0 170.0 17 23.594575 0cd9414a_20240916_175714.data
170.0 170.0 17 23.594575 0cd9414a_20240916_175738.data
190.0 170.0 17 23.594575 0cd9414a_20240916_175802.data
210.0 170.0 17 23.6975 0cd9414a_20240916_175826.data
230.0 170.0 17 23.594575 0cd9414a_20240916_175850.data
250.0 170.0 17 23.594575 0cd9414a_20240916_175914.data
270.0 170.0 17 23.6975 0cd9414a_20240916_175938.data
290.0 170.0 17 23.594575 0cd9414a_20240916_180002.data
290.0 190.0 17 23.594575 0cd9414a_20240916_180026.data
270.0 190.0 17 23.594575 0cd9414a_20240916_180050.data
250.0 190.0 17 23.594575 0cd9414a_20240916_180114.data
230.0 190.0 17 23.49125 0cd9414a_20240916_180138.data
210.0 190.0 17 23.594575 0cd9414a_20240916_180202.data
190.0 190.0 17 23.594575 0cd9414a_20240916_180226.data
170.0 190.0 17 23.594575 0cd9414a_20240916_180250.data
150.0 190.0 17 23.594575 0cd9414a_20240916_180314.data
130.0 190.0 17 23.594575 0cd9414a_20240916_180338.data
110.0 190.0 17 23.594575 0cd9414a_20240916_180402.data
90.0 190.0 17 23.594575 0cd9414a_20240916_180426.data
70.0 190.0 17 23.594575 0cd9414a_20240916_180450.data
50.0 190.0 17 23.594575 0cd9414a_20240916_180514.data
30.0 190.0 17 23.594575 0cd9414a_20240916_180538.data
10.0 190.0 17 23.594575 0cd9414a_20240916_180602.data
10.0 210.0 17 23.594575 0cd9414a_20240916_180626.data
30.0 210.0 17 23.594575 0cd9414a_20240916_180650.data
50.0 210.0 17 23.594575 0cd9414a_20240916_180714.data
70.0 210.0 17 23.594575 0cd9414a_20240916_180738.data
90.0 210.0 17 23.594575 0cd9414a_20240916_180802.data
110.0 210.0 17 23.594575 0cd9414a_20240916_180826.data
130.0 210.0 17 23.594575 0cd9414a_20240916_180850.data
150.0 210.0 17 23.594575 0cd9414a_20240916_180914.data
170.0 210.0 17 23.594575 0cd9414a_20240916_180938.data
190.0 210.0 17 23.594575 0cd9414a_20240916_181002.data
210.0 210.0 17 23.594575 0cd9414a_20240916_181026.data
230.0 210.0 17 23.594575 0cd9414a_20240916_181050.data
250.0 210.0 17 23.594575 0cd9414a_20240916_181114.data
270.0 210.0 17 23.594575 0cd9414a_20240916_181138.data
290.0 210.0 17 23.594575 0cd9414a_20240916_181202.data
290.0 230.0 17 23.49125 0cd9414a_20240916_181226.data
270.0 230.0 17 23.6975 0cd9414a_20240916_181250.data
250.0 230.0 17 23.594575 0cd9414a_20240916_181314.data
230.0 230.0 17 23.6975 0cd9414a_20240916_181338.data
210.0 230.0 17 23.6975 0cd9414a_20240916_181402.data
190.0 230.0 17 23.594575 0cd9414a_20240916_181426.data
170.0 230.0 17 23.594575 0cd9414a_20240916_181450.data
150.0 230.0 17 23.594575 0cd9414a_20240916_181514.data
130.0 230.0 17 23.594575 0cd9414a_20240916_181538.data
110.0 230.0 17 23.594575 0cd9414a_20240916_181602.data
90.0 230.0 17 23.6975 0cd9414a_20240916_181626.data
70.0 230.0 17 23.6975 0cd9414a_20240916_181650.data
50.0 230.0 17 23.594575 0cd9414a_20240916_181714.data
30.0 230.0 17 23.8 0cd9414a_20240916_181738.data
10.0 230.0 17 23.594575 0cd9414a_20240916_181802.data
10.0 250.0 17 23.594575 0cd9414a_20240916_181826.data
30.0 250.0 17 23.594575 0cd9414a_20240916_181850.data
50.0 250.0 17 23.6975 0cd9414a_20240916_181914.data
70.0 250.0 17 23.594575 0cd9414a_20240916_181938.data
90.0 250.0 17 23.594575 0cd9414a_20240916_182002.data
110.0 250.0 17 23.594575 0cd9414a_20240916_182026.data
130.0 250.0 17 23.594575 0cd9414a_20240916_182050.data
150.0 250.0 17 23.594575 0cd9414a_20240916_182114.data
170.0 250.0 17 23.6975 0cd9414a_20240916_182138.data
190.0 250.0 17 23.6975 0cd9414a_20240916_182202.data
210.0 250.0 17 23.594575 0cd9414a_20240916_182227.data
230.0 250.0 17 23.594575 0cd9414a_20240916_182250.data
250.0 250.0 17 23.594575 0cd9414a_20240916_182315.data
270.0 250.0 17 23.594575 0cd9414a_20240916_182339.data
290.0 250.0 17 23.594575 0cd9414a_20240916_182403.data
290.0 270.0 17 23.6975 0cd9414a_20240916_182427.data
270.0 270.0 17 23.594575 0cd9414a_20240916_182451.data
250.0 270.0 17 23.594575 0cd9414a_20240916_182515.data
230.0 270.0 17 23.594575 0cd9414a_20240916_182539.data
210.0 270.0 17 23.594575 0cd9414a_20240916_182603.data
190.0 270.0 17 23.902100000000004 0cd9414a_20240916_182627.data
170.0 270.0 17 23.594575 0cd9414a_20240916_182651.data
150.0 270.0 17 23.594575 0cd9414a_20240916_182715.data
130.0 270.0 17 23.594575 0cd9414a_20240916_182739.data
110.0 270.0 17 23.594575 0cd9414a_20240916_182803.data
90.0 270.0 17 23.594575 0cd9414a_20240916_182827.data
70.0 270.0 17 -1 0cd9414a_20240916_182851.data
50.0 270.0 17 23.594575 0cd9414a_20240916_182915.data
30.0 270.0 17 23.594575 0cd9414a_20240916_182939.data
10.0 270.0 17 -1 0cd9414a_20240916_183003.data
10.0 290.0 17 23.6975 0cd9414a_20240916_183027.data
30.0 290.0 17 23.49125 0cd9414a_20240916_183051.data
50.0 290.0 17 -1 0cd9414a_20240916_183115.data
70.0 290.0 17 23.594575 0cd9414a_20240916_183139.data
90.0 290.0 17 23.594575 0cd9414a_20240916_183203.data
110.0 290.0 17 -1 0cd9414a_20240916_183227.data
130.0 290.0 17 23.594575 0cd9414a_20240916_183251.data
150.0 290.0 17 23.594575 0cd9414a_20240916_183315.data
170.0 290.0 17 -1 0cd9414a_20240916_183339.data
190.0 290.0 17 23.6975 0cd9414a_20240916_183403.data
210.0 290.0 17 23.6975 0cd9414a_20240916_183427.data
230.0 290.0 17 23.6975 0cd9414a_20240916_183451.data
250.0 290.0 17 23.8 0cd9414a_20240916_183515.data
270.0 290.0 17 23.6975 0cd9414a_20240916_183539.data
290.0 290.0 17 23.6975 0cd9414a_20240916_183603.data
290.0 310.0 17 23.6975 0cd9414a_20240916_183627.data
270.0 310.0 17 23.6975 0cd9414a_20240916_183651.data
250.0 310.0 17 23.6975 0cd9414a_20240916_183715.data
230.0 310.0 17 23.8 0cd9414a_20240916_183739.data
210.0 310.0 17 23.8 0cd9414a_20240916_183803.data
190.0 310.0 17 23.8 0cd9414a_20240916_183827.data
170.0 310.0 17 23.6975 0cd9414a_20240916_183851.data
150.0 310.0 17 23.6975 0cd9414a_20240916_183915.data
130.0 310.0 17 23.6975 0cd9414a_20240916_183939.data
110.0 310.0 17 23.8 0cd9414a_20240916_184003.data
90.0 310.0 17 23.6975 0cd9414a_20240916_184027.data
70.0 310.0 17 23.6975 0cd9414a_20240916_184051.data
50.0 310.0 17 23.6975 0cd9414a_20240916_184115.data
30.0 310.0 17 23.8 0cd9414a_20240916_184139.data
10.0 310.0 17 23.6975 0cd9414a_20240916_184203.data
10.0 330.0 17 23.6975 0cd9414a_20240916_184227.data
30.0 330.0 17 23.8 0cd9414a_20240916_184251.data
50.0 330.0 17 23.6975 0cd9414a_20240916_184315.data
70.0 330.0 17 23.6975 0cd9414a_20240916_184339.data
90.0 330.0 17 24.003973684210532 0cd9414a_20240916_184403.data
110.0 330.0 17 23.6975 0cd9414a_20240916_184427.data
130.0 330.0 17 23.6975 0cd9414a_20240916_184451.data
150.0 330.0 17 23.8 0cd9414a_20240916_184515.data
170.0 330.0 17 23.6975 0cd9414a_20240916_184539.data
190.0 330.0 17 23.6975 0cd9414a_20240916_184603.data
210.0 330.0 17 23.6975 0cd9414a_20240916_184627.data
230.0 330.0 17 23.8 0cd9414a_20240916_184651.data
250.0 330.0 17 23.8 0cd9414a_20240916_184715.data
270.0 330.0 17 23.6975 0cd9414a_20240916_184739.data
290.0 330.0 17 23.6975 0cd9414a_20240916_184803.data
10.0 350.0 17 23.6975 0cd9414a_20240916_200049.data
30.0 350.0 17 23.6975 0cd9414a_20240916_200113.data
50.0 350.0 17 23.6975 0cd9414a_20240916_200137.data
70.0 350.0 17 23.6975 0cd9414a_20240916_200201.data
90.0 350.0 17 23.6975 0cd9414a_20240916_200225.data
110.0 350.0 17 23.6975 0cd9414a_20240916_200249.data
130.0 350.0 17 23.6975 0cd9414a_20240916_200313.data
150.0 350.0 17 23.8 0cd9414a_20240916_200338.data
170.0 350.0 17 23.594575 0cd9414a_20240916_200402.data
190.0 350.0 17 23.8 0cd9414a_20240916_200426.data
210.0 350.0 17 23.6975 0cd9414a_20240916_200450.data
230.0 350.0 17 23.6975 0cd9414a_20240916_200514.data
250.0 350.0 17 23.6975 0cd9414a_20240916_200538.data
270.0 350.0 17 23.6975 0cd9414a_20240916_200602.data
290.0 350.0 17 23.8 0cd9414a_20240916_200626.data
290.0 370.0 17 23.8 0cd9414a_20240916_200650.data
270.0 370.0 17 23.6975 0cd9414a_20240916_200714.data
250.0 370.0 17 23.6975 0cd9414a_20240916_200738.data
230.0 370.0 17 23.8 0cd9414a_20240916_200802.data
210.0 370.0 17 23.6975 0cd9414a_20240916_200826.data
190.0 370.0 17 23.6975 0cd9414a_20240916_200850.data
170.0 370.0 17 23.6975 0cd9414a_20240916_200914.data
150.0 370.0 17 23.6975 0cd9414a_20240916_200938.data
130.0 370.0 17 23.6975 0cd9414a_20240916_201002.data
110.0 370.0 17 23.6975 0cd9414a_20240916_201026.data
90.0 370.0 17 23.6975 0cd9414a_20240916_201050.data
70.0 370.0 17 23.6975 0cd9414a_20240916_201114.data
50.0 370.0 17 23.6975 0cd9414a_20240916_201138.data
30.0 370.0 17 23.6975 0cd9414a_20240916_201202.data
10.0 370.0 17 23.6975 0cd9414a_20240916_201226.data
10.0 390.0 17 23.6975 0cd9414a_20240916_201250.data
30.0 390.0 17 23.6975 0cd9414a_20240916_201314.data
50.0 390.0 17 23.6975 0cd9414a_20240916_201338.data
70.0 390.0 17 23.8 0cd9414a_20240916_201402.data
90.0 390.0 17 23.6975 0cd9414a_20240916_201426.data
110.0 390.0 17 23.8 0cd9414a_20240916_201450.data
130.0 390.0 17 23.6975 0cd9414a_20240916_201514.data
150.0 390.0 17 23.8 0cd9414a_20240916_201538.data
170.0 390.0 17 23.6975 0cd9414a_20240916_201602.data
190.0 390.0 17 23.8 0cd9414a_20240916_201626.data
210.0 390.0 17 23.8 0cd9414a_20240916_201650.data
230.0 390.0 17 23.6975 0cd9414a_20240916_201714.data
250.0 390.0 17 23.6975 0cd9414a_20240916_201738.data
270.0 390.0 17 23.8 0cd9414a_20240916_201802.data
290.0 390.0 17 23.6975 0cd9414a_20240916_201826.data
290.0 410.0 17 23.6975 0cd9414a_20240916_201850.data
270.0 410.0 17 23.6975 0cd9414a_20240916_201914.data
250.0 410.0 17 23.6975 0cd9414a_20240916_201938.data
230.0 410.0 17 23.6975 0cd9414a_20240916_202002.data
210.0 410.0 17 23.902100000000004 0cd9414a_20240916_202026.data
190.0 410.0 17 23.6975 0cd9414a_20240916_202050.data
170.0 410.0 17 23.8 0cd9414a_20240916_202114.data
150.0 410.0 17 23.8 0cd9414a_20240916_202138.data
130.0 410.0 17 23.8 0cd9414a_20240916_202202.data
110.0 410.0 17 23.6975 0cd9414a_20240916_202226.data
90.0 410.0 17 23.6975 0cd9414a_20240916_202250.data
70.0 410.0 17 23.6975 0cd9414a_20240916_202314.data
50.0 410.0 17 23.6975 0cd9414a_20240916_202338.data
30.0 410.0 17 23.6975 0cd9414a_20240916_202402.data
10.0 410.0 17 23.6975 0cd9414a_20240916_202426.data
10.0 430.0 17 23.8 0cd9414a_20240916_202450.data
30.0 430.0 17 23.6975 0cd9414a_20240916_202514.data
50.0 430.0 17 23.6975 0cd9414a_20240916_202538.data
70.0 430.0 17 23.6975 0cd9414a_20240916_202602.data
90.0 430.0 17 23.8 0cd9414a_20240916_202626.data
110.0 430.0 17 23.6975 0cd9414a_20240916_202650.data
130.0 430.0 17 23.6975 0cd9414a_20240916_202714.data
150.0 430.0 17 23.6975 0cd9414a_20240916_202738.data
170.0 430.0 17 23.6975 0cd9414a_20240916_202802.data
190.0 430.0 17 23.8 0cd9414a_20240916_202826.data
210.0 430.0 17 23.6975 0cd9414a_20240916_202850.data
230.0 430.0 17 23.6975 0cd9414a_20240916_202914.data
250.0 430.0 17 23.6975 0cd9414a_20240916_202938.data
270.0 430.0 17 23.6975 0cd9414a_20240916_203002.data
290.0 430.0 17 23.6975 0cd9414a_20240916_203026.data
290.0 450.0 17 23.6975 0cd9414a_20240916_203050.data
270.0 450.0 17 23.6975 0cd9414a_20240916_203114.data
250.0 450.0 17 23.6975 0cd9414a_20240916_203138.data
230.0 450.0 17 23.6975 0cd9414a_20240916_203202.data
210.0 450.0 17 23.6975 0cd9414a_20240916_203226.data
190.0 450.0 17 23.8 0cd9414a_20240916_203250.data
170.0 450.0 17 23.8 0cd9414a_20240916_203315.data
150.0 450.0 17 23.6975 0cd9414a_20240916_203339.data
130.0 450.0 17 23.6975 0cd9414a_20240916_203403.data
110.0 450.0 17 23.6975 0cd9414a_20240916_203427.data
90.0 450.0 17 23.8 0cd9414a_20240916_203451.data
70.0 450.0 17 23.6975 0cd9414a_20240916_203515.data
50.0 450.0 17 23.902100000000004 0cd9414a_20240916_203539.data
30.0 450.0 17 23.8 0cd9414a_20240916_203603.data
10.0 450.0 17 23.8 0cd9414a_20240916_203627.data
10.0 470.0 17 23.6975 0cd9414a_20240916_203651.data
30.0 470.0 17 23.6975 0cd9414a_20240916_203715.data
50.0 470.0 17 23.6975 0cd9414a_20240916_203739.data
70.0 470.0 17 23.8 0cd9414a_20240916_203803.data
90.0 470.0 17 23.8 0cd9414a_20240916_203827.data
110.0 470.0 17 23.8 0cd9414a_20240916_203851.data
130.0 470.0 17 23.6975 0cd9414a_20240916_203915.data
150.0 470.0 17 23.8 0cd9414a_20240916_203939.data
170.0 470.0 17 23.6975 0cd9414a_20240916_204003.data
190.0 470.0 17 23.6975 0cd9414a_20240916_204027.data
210.0 470.0 17 23.6975 0cd9414a_20240916_204051.data
230.0 470.0 17 23.8 0cd9414a_20240916_204115.data
250.0 470.0 17 23.6975 0cd9414a_20240916_204139.data
270.0 470.0 17 23.8 0cd9414a_20240916_204203.data
290.0 470.0 17 23.6975 0cd9414a_20240916_204227.data
