-1 -1 -1 27.37654625550661 0cd9414a_20240809_144426.data
10.0 10.0 17 27.37654625550661 0cd9414a_20240809_144505.data
30.0 10.0 17 27.37654625550661 0cd9414a_20240809_144529.data
50.0 10.0 17 27.487775330396477 0cd9414a_20240809_144553.data
70.0 10.0 17 27.37654625550661 0cd9414a_20240809_144617.data
90.0 10.0 17 27.37654625550661 0cd9414a_20240809_144641.data
110.0 10.0 17 27.37654625550661 0cd9414a_20240809_144705.data
130.0 10.0 17 27.37654625550661 0cd9414a_20240809_144729.data
150.0 10.0 17 27.37654625550661 0cd9414a_20240809_144753.data
170.0 10.0 17 27.37654625550661 0cd9414a_20240809_144817.data
190.0 10.0 17 27.37654625550661 0cd9414a_20240809_144841.data
210.0 10.0 17 27.37654625550661 0cd9414a_20240809_144905.data
230.0 10.0 17 27.37654625550661 0cd9414a_20240809_144929.data
250.0 10.0 17 27.37654625550661 0cd9414a_20240809_144953.data
270.0 10.0 17 27.37654625550661 0cd9414a_20240809_145017.data
290.0 10.0 17 27.37654625550661 0cd9414a_20240809_145041.data
290.0 30.0 17 27.37654625550661 0cd9414a_20240809_145105.data
270.0 30.0 17 27.37654625550661 0cd9414a_20240809_145129.data
250.0 30.0 17 27.37654625550661 0cd9414a_20240809_145153.data
230.0 30.0 17 27.487775330396477 0cd9414a_20240809_145217.data
210.0 30.0 17 27.37654625550661 0cd9414a_20240809_145241.data
190.0 30.0 17 27.37654625550661 0cd9414a_20240809_145305.data
170.0 30.0 17 27.264854625550658 0cd9414a_20240809_145329.data
150.0 30.0 17 27.598634361233486 0cd9414a_20240809_145353.data
130.0 30.0 17 27.37654625550661 0cd9414a_20240809_145417.data
110.0 30.0 17 27.37654625550661 0cd9414a_20240809_145441.data
90.0 30.0 17 27.37654625550661 0cd9414a_20240809_145505.data
70.0 30.0 17 27.487775330396477 0cd9414a_20240809_145529.data
50.0 30.0 17 27.709061674008815 0cd9414a_20240809_145553.data
30.0 30.0 17 27.37654625550661 0cd9414a_20240809_145617.data
10.0 30.0 17 27.487775330396477 0cd9414a_20240809_145641.data
10.0 50.0 17 27.487775330396477 0cd9414a_20240809_145705.data
30.0 50.0 17 27.598634361233486 0cd9414a_20240809_145729.data
50.0 50.0 17 27.598634361233486 0cd9414a_20240809_145753.data
70.0 50.0 17 27.487775330396477 0cd9414a_20240809_145817.data
90.0 50.0 17 27.598634361233486 0cd9414a_20240809_145841.data
110.0 50.0 17 27.487775330396477 0cd9414a_20240809_145905.data
130.0 50.0 17 27.709061674008815 0cd9414a_20240809_145929.data
150.0 50.0 17 27.37654625550661 0cd9414a_20240809_145953.data
170.0 50.0 17 27.709061674008815 0cd9414a_20240809_150017.data
190.0 50.0 17 27.37654625550661 0cd9414a_20240809_150041.data
210.0 50.0 17 27.37654625550661 0cd9414a_20240809_150105.data
230.0 50.0 17 27.598634361233486 0cd9414a_20240809_150129.data
250.0 50.0 17 27.709061674008815 0cd9414a_20240809_150153.data
270.0 50.0 17 27.709061674008815 0cd9414a_20240809_150217.data
290.0 50.0 17 27.37654625550661 0cd9414a_20240809_150241.data
290.0 70.0 17 27.709061674008815 0cd9414a_20240809_150305.data
270.0 70.0 17 27.709061674008815 0cd9414a_20240809_150329.data
250.0 70.0 17 27.487775330396477 0cd9414a_20240809_150354.data
230.0 70.0 17 27.709061674008815 0cd9414a_20240809_150418.data
210.0 70.0 17 27.487775330396477 0cd9414a_20240809_150442.data
190.0 70.0 17 27.598634361233486 0cd9414a_20240809_150506.data
170.0 70.0 17 27.709061674008815 0cd9414a_20240809_150530.data
150.0 70.0 17 27.487775330396477 0cd9414a_20240809_150554.data
130.0 70.0 17 27.598634361233486 0cd9414a_20240809_150618.data
110.0 70.0 17 27.487775330396477 0cd9414a_20240809_150642.data
90.0 70.0 17 27.37654625550661 0cd9414a_20240809_150706.data
70.0 70.0 17 27.709061674008815 0cd9414a_20240809_150730.data
50.0 70.0 17 27.598634361233486 0cd9414a_20240809_150754.data
30.0 70.0 17 27.37654625550661 0cd9414a_20240809_150818.data
10.0 70.0 17 27.709061674008815 0cd9414a_20240809_150842.data
10.0 90.0 17 27.709061674008815 0cd9414a_20240809_150906.data
30.0 90.0 17 27.709061674008815 0cd9414a_20240809_150930.data
50.0 90.0 17 27.598634361233486 0cd9414a_20240809_150954.data
70.0 90.0 17 27.709061674008815 0cd9414a_20240809_151018.data
90.0 90.0 17 27.598634361233486 0cd9414a_20240809_151042.data
110.0 90.0 17 27.487775330396477 0cd9414a_20240809_151106.data
130.0 90.0 17 27.709061674008815 0cd9414a_20240809_151130.data
150.0 90.0 17 27.37654625550661 0cd9414a_20240809_151154.data
170.0 90.0 17 27.598634361233486 0cd9414a_20240809_151218.data
190.0 90.0 17 27.598634361233486 0cd9414a_20240809_151242.data
210.0 90.0 17 27.37654625550661 0cd9414a_20240809_151306.data
230.0 90.0 17 27.598634361233486 0cd9414a_20240809_151330.data
250.0 90.0 17 27.709061674008815 0cd9414a_20240809_151354.data
270.0 90.0 17 27.709061674008815 0cd9414a_20240809_151418.data
290.0 90.0 17 27.709061674008815 0cd9414a_20240809_151442.data
290.0 110.0 17 27.709061674008815 0cd9414a_20240809_151506.data
270.0 110.0 17 27.709061674008815 0cd9414a_20240809_151530.data
250.0 110.0 17 27.709061674008815 0cd9414a_20240809_151554.data
230.0 110.0 17 27.598634361233486 0cd9414a_20240809_151618.data
210.0 110.0 17 27.709061674008815 0cd9414a_20240809_151642.data
190.0 110.0 17 27.598634361233486 0cd9414a_20240809_151706.data
170.0 110.0 17 27.598634361233486 0cd9414a_20240809_151730.data
150.0 110.0 17 27.709061674008815 0cd9414a_20240809_151754.data
130.0 110.0 17 27.709061674008815 0cd9414a_20240809_151818.data
110.0 110.0 17 27.709061674008815 0cd9414a_20240809_151842.data
90.0 110.0 17 27.709061674008815 0cd9414a_20240809_151906.data
70.0 110.0 17 27.709061674008815 0cd9414a_20240809_151930.data
50.0 110.0 17 27.709061674008815 0cd9414a_20240809_151954.data
30.0 110.0 17 27.709061674008815 0cd9414a_20240809_152018.data
10.0 110.0 17 27.709061674008815 0cd9414a_20240809_152042.data
10.0 130.0 17 27.709061674008815 0cd9414a_20240809_152106.data
30.0 130.0 17 27.709061674008815 0cd9414a_20240809_152130.data
50.0 130.0 17 27.487775330396477 0cd9414a_20240809_152154.data
70.0 130.0 17 27.709061674008815 0cd9414a_20240809_152218.data
90.0 130.0 17 27.709061674008815 0cd9414a_20240809_152242.data
110.0 130.0 17 27.709061674008815 0cd9414a_20240809_152306.data
130.0 130.0 17 27.709061674008815 0cd9414a_20240809_152330.data
150.0 130.0 17 27.709061674008815 0cd9414a_20240809_152354.data
170.0 130.0 17 27.709061674008815 0cd9414a_20240809_152418.data
190.0 130.0 17 27.709061674008815 0cd9414a_20240809_152442.data
210.0 130.0 17 27.709061674008815 0cd9414a_20240809_152506.data
230.0 130.0 17 27.709061674008815 0cd9414a_20240809_152530.data
250.0 130.0 17 27.709061674008815 0cd9414a_20240809_152554.data
270.0 130.0 17 27.709061674008815 0cd9414a_20240809_152618.data
290.0 130.0 17 27.709061674008815 0cd9414a_20240809_152642.data
290.0 150.0 17 27.709061674008815 0cd9414a_20240809_152706.data
270.0 150.0 17 27.709061674008815 0cd9414a_20240809_152730.data
250.0 150.0 17 27.709061674008815 0cd9414a_20240809_152754.data
230.0 150.0 17 27.709061674008815 0cd9414a_20240809_152818.data
210.0 150.0 17 27.709061674008815 0cd9414a_20240809_152842.data
190.0 150.0 17 27.709061674008815 0cd9414a_20240809_152906.data
170.0 150.0 17 27.709061674008815 0cd9414a_20240809_152930.data
150.0 150.0 17 27.487775330396477 0cd9414a_20240809_152954.data
130.0 150.0 17 27.487775330396477 0cd9414a_20240809_153018.data
110.0 150.0 17 27.598634361233486 0cd9414a_20240809_153042.data
90.0 150.0 17 27.37654625550661 0cd9414a_20240809_153106.data
70.0 150.0 17 27.487775330396477 0cd9414a_20240809_153130.data
50.0 150.0 17 27.709061674008815 0cd9414a_20240809_153154.data
30.0 150.0 17 27.709061674008815 0cd9414a_20240809_153218.data
10.0 150.0 17 27.709061674008815 0cd9414a_20240809_153242.data
10.0 170.0 17 27.709061674008815 0cd9414a_20240809_153306.data
30.0 170.0 17 27.709061674008815 0cd9414a_20240809_153330.data
50.0 170.0 17 27.709061674008815 0cd9414a_20240809_153354.data
70.0 170.0 17 27.709061674008815 0cd9414a_20240809_153418.data
90.0 170.0 17 27.487775330396477 0cd9414a_20240809_153442.data
110.0 170.0 17 27.598634361233486 0cd9414a_20240809_153506.data
130.0 170.0 17 27.487775330396477 0cd9414a_20240809_153530.data
150.0 170.0 17 27.37654625550661 0cd9414a_20240809_153554.data
170.0 170.0 17 27.487775330396477 0cd9414a_20240809_153618.data
190.0 170.0 17 27.709061674008815 0cd9414a_20240809_153642.data
210.0 170.0 17 27.709061674008815 0cd9414a_20240809_153706.data
230.0 170.0 17 27.709061674008815 0cd9414a_20240809_153730.data
250.0 170.0 17 27.709061674008815 0cd9414a_20240809_153754.data
270.0 170.0 17 27.709061674008815 0cd9414a_20240809_153818.data
290.0 170.0 17 27.709061674008815 0cd9414a_20240809_153842.data
290.0 190.0 17 27.487775330396477 0cd9414a_20240809_153906.data
270.0 190.0 17 27.598634361233486 0cd9414a_20240809_153930.data
250.0 190.0 17 27.709061674008815 0cd9414a_20240809_153954.data
230.0 190.0 17 27.709061674008815 0cd9414a_20240809_154018.data
210.0 190.0 17 27.709061674008815 0cd9414a_20240809_154043.data
190.0 190.0 17 27.709061674008815 0cd9414a_20240809_154107.data
170.0 190.0 17 27.709061674008815 0cd9414a_20240809_154131.data
150.0 190.0 17 27.709061674008815 0cd9414a_20240809_154155.data
130.0 190.0 17 27.487775330396477 0cd9414a_20240809_154219.data
110.0 190.0 17 27.598634361233486 0cd9414a_20240809_154243.data
90.0 190.0 17 27.598634361233486 0cd9414a_20240809_154307.data
70.0 190.0 17 27.487775330396477 0cd9414a_20240809_154331.data
50.0 190.0 17 27.37654625550661 0cd9414a_20240809_154355.data
30.0 190.0 17 27.487775330396477 0cd9414a_20240809_154419.data
10.0 190.0 17 27.598634361233486 0cd9414a_20240809_154443.data
10.0 210.0 17 27.487775330396477 0cd9414a_20240809_154507.data
30.0 210.0 17 27.487775330396477 0cd9414a_20240809_154531.data
50.0 210.0 17 27.598634361233486 0cd9414a_20240809_154555.data
70.0 210.0 17 27.709061674008815 0cd9414a_20240809_154619.data
90.0 210.0 17 27.709061674008815 0cd9414a_20240809_154643.data
110.0 210.0 17 27.709061674008815 0cd9414a_20240809_154707.data
130.0 210.0 17 27.709061674008815 0cd9414a_20240809_154731.data
150.0 210.0 17 27.598634361233486 0cd9414a_20240809_154755.data
170.0 210.0 17 27.709061674008815 0cd9414a_20240809_154819.data
190.0 210.0 17 27.598634361233486 0cd9414a_20240809_154843.data
210.0 210.0 17 27.487775330396477 0cd9414a_20240809_154907.data
230.0 210.0 17 27.37654625550661 0cd9414a_20240809_154931.data
250.0 210.0 17 27.598634361233486 0cd9414a_20240809_154955.data
270.0 210.0 17 27.487775330396477 0cd9414a_20240809_155019.data
290.0 210.0 17 27.709061674008815 0cd9414a_20240809_155043.data
290.0 230.0 17 27.709061674008815 0cd9414a_20240809_155107.data
270.0 230.0 17 27.487775330396477 0cd9414a_20240809_155131.data
250.0 230.0 17 27.487775330396477 0cd9414a_20240809_155155.data
230.0 230.0 17 27.487775330396477 0cd9414a_20240809_155219.data
210.0 230.0 17 27.709061674008815 0cd9414a_20240809_155243.data
190.0 230.0 17 27.709061674008815 0cd9414a_20240809_155307.data
170.0 230.0 17 27.81905726872247 0cd9414a_20240809_155331.data
150.0 230.0 17 27.598634361233486 0cd9414a_20240809_155355.data
130.0 230.0 17 27.487775330396477 0cd9414a_20240809_155419.data
110.0 230.0 17 27.81905726872247 0cd9414a_20240809_155443.data
90.0 230.0 17 27.709061674008815 0cd9414a_20240809_155507.data
70.0 230.0 17 27.487775330396477 0cd9414a_20240809_155531.data
50.0 230.0 17 27.709061674008815 0cd9414a_20240809_155555.data
30.0 230.0 17 27.709061674008815 0cd9414a_20240809_155619.data
10.0 230.0 17 27.709061674008815 0cd9414a_20240809_155643.data
10.0 250.0 17 27.709061674008815 0cd9414a_20240809_155707.data
30.0 250.0 17 27.709061674008815 0cd9414a_20240809_155731.data
50.0 250.0 17 27.709061674008815 0cd9414a_20240809_155755.data
70.0 250.0 17 27.709061674008815 0cd9414a_20240809_155819.data
90.0 250.0 17 27.709061674008815 0cd9414a_20240809_155843.data
110.0 250.0 17 27.487775330396477 0cd9414a_20240809_155907.data
130.0 250.0 17 27.709061674008815 0cd9414a_20240809_155931.data
150.0 250.0 17 27.598634361233486 0cd9414a_20240809_155955.data
170.0 250.0 17 27.709061674008815 0cd9414a_20240809_160019.data
190.0 250.0 17 27.598634361233486 0cd9414a_20240809_160043.data
210.0 250.0 17 27.709061674008815 0cd9414a_20240809_160107.data
230.0 250.0 17 27.709061674008815 0cd9414a_20240809_160131.data
250.0 250.0 17 27.709061674008815 0cd9414a_20240809_160155.data
270.0 250.0 17 27.709061674008815 0cd9414a_20240809_160219.data
290.0 250.0 17 27.598634361233486 0cd9414a_20240809_160243.data
290.0 270.0 17 27.37654625550661 0cd9414a_20240809_160307.data
270.0 270.0 17 27.709061674008815 0cd9414a_20240809_160331.data
250.0 270.0 17 27.709061674008815 0cd9414a_20240809_160355.data
230.0 270.0 17 27.709061674008815 0cd9414a_20240809_160419.data
210.0 270.0 17 27.709061674008815 0cd9414a_20240809_160443.data
190.0 270.0 17 27.709061674008815 0cd9414a_20240809_160507.data
170.0 270.0 17 27.709061674008815 0cd9414a_20240809_160531.data
150.0 270.0 17 27.709061674008815 0cd9414a_20240809_160555.data
130.0 270.0 17 27.709061674008815 0cd9414a_20240809_160619.data
110.0 270.0 17 27.81905726872247 0cd9414a_20240809_160643.data
90.0 270.0 17 27.487775330396477 0cd9414a_20240809_160707.data
70.0 270.0 17 27.709061674008815 0cd9414a_20240809_160731.data
50.0 270.0 17 27.709061674008815 0cd9414a_20240809_160755.data
30.0 270.0 17 27.487775330396477 0cd9414a_20240809_160819.data
10.0 270.0 17 27.709061674008815 0cd9414a_20240809_160843.data
10.0 290.0 17 27.709061674008815 0cd9414a_20240809_160907.data
30.0 290.0 17 27.487775330396477 0cd9414a_20240809_160931.data
50.0 290.0 17 27.709061674008815 0cd9414a_20240809_160955.data
70.0 290.0 17 27.37654625550661 0cd9414a_20240809_161019.data
90.0 290.0 17 27.709061674008815 0cd9414a_20240809_161043.data
110.0 290.0 17 27.598634361233486 0cd9414a_20240809_161107.data
130.0 290.0 17 27.709061674008815 0cd9414a_20240809_161131.data
150.0 290.0 17 27.598634361233486 0cd9414a_20240809_161155.data
170.0 290.0 17 27.81905726872247 0cd9414a_20240809_161219.data
190.0 290.0 17 27.709061674008815 0cd9414a_20240809_161243.data
210.0 290.0 17 27.598634361233486 0cd9414a_20240809_161307.data
230.0 290.0 17 27.709061674008815 0cd9414a_20240809_161331.data
250.0 290.0 17 27.709061674008815 0cd9414a_20240809_161355.data
270.0 290.0 17 27.598634361233486 0cd9414a_20240809_161419.data
290.0 290.0 17 27.709061674008815 0cd9414a_20240809_161443.data
290.0 310.0 17 27.709061674008815 0cd9414a_20240809_161507.data
270.0 310.0 17 27.487775330396477 0cd9414a_20240809_161531.data
250.0 310.0 17 27.709061674008815 0cd9414a_20240809_161555.data
230.0 310.0 17 27.598634361233486 0cd9414a_20240809_161619.data
210.0 310.0 17 27.598634361233486 0cd9414a_20240809_161644.data
190.0 310.0 17 27.37654625550661 0cd9414a_20240809_161708.data
170.0 310.0 17 -1 0cd9414a_20240809_161732.data
150.0 310.0 17 27.37654625550661 0cd9414a_20240809_161756.data
130.0 310.0 17 27.487775330396477 0cd9414a_20240809_161820.data
110.0 310.0 17 -1 0cd9414a_20240809_161844.data
90.0 310.0 17 27.487775330396477 0cd9414a_20240809_161908.data
70.0 310.0 17 27.37654625550661 0cd9414a_20240809_161932.data
50.0 310.0 17 27.37654625550661 0cd9414a_20240809_161956.data
30.0 310.0 17 27.487775330396477 0cd9414a_20240809_162020.data
10.0 310.0 17 27.37654625550661 0cd9414a_20240809_162044.data
10.0 330.0 17 27.487775330396477 0cd9414a_20240809_162108.data
30.0 330.0 17 -1 0cd9414a_20240809_162132.data
50.0 330.0 17 27.37654625550661 0cd9414a_20240809_162156.data
70.0 330.0 17 27.487775330396477 0cd9414a_20240809_162220.data
90.0 330.0 17 27.487775330396477 0cd9414a_20240809_162244.data
110.0 330.0 17 27.488546255506613 0cd9414a_20240809_162308.data
130.0 330.0 17 27.81905726872247 0cd9414a_20240809_162332.data
150.0 330.0 17 27.81905726872247 0cd9414a_20240809_162356.data
170.0 330.0 17 27.81905726872247 0cd9414a_20240809_162420.data
190.0 330.0 17 27.81905726872247 0cd9414a_20240809_162444.data
210.0 330.0 17 27.81905726872247 0cd9414a_20240809_162508.data
230.0 330.0 17 27.81905726872247 0cd9414a_20240809_162532.data
250.0 330.0 17 27.81905726872247 0cd9414a_20240809_162556.data
270.0 330.0 17 27.81905726872247 0cd9414a_20240809_162620.data
290.0 330.0 17 27.81905726872247 0cd9414a_20240809_162644.data
10.0 350.0 17 27.81905726872247 0cd9414a_20240809_163549.data
30.0 350.0 17 27.81905726872247 0cd9414a_20240809_163613.data
50.0 350.0 17 27.709061674008815 0cd9414a_20240809_163637.data
70.0 350.0 17 27.81905726872247 0cd9414a_20240809_163701.data
90.0 350.0 17 27.81905726872247 0cd9414a_20240809_163725.data
110.0 350.0 17 27.81905726872247 0cd9414a_20240809_163749.data
130.0 350.0 17 27.81905726872247 0cd9414a_20240809_163813.data
150.0 350.0 17 27.81905726872247 0cd9414a_20240809_163837.data
170.0 350.0 17 27.81905726872247 0cd9414a_20240809_163901.data
190.0 350.0 17 27.81905726872247 0cd9414a_20240809_163925.data
210.0 350.0 17 27.81905726872247 0cd9414a_20240809_163949.data
230.0 350.0 17 27.709061674008815 0cd9414a_20240809_164013.data
250.0 350.0 17 27.709061674008815 0cd9414a_20240809_164037.data
270.0 350.0 17 27.81905726872247 0cd9414a_20240809_164101.data
290.0 350.0 17 27.81905726872247 0cd9414a_20240809_164125.data
290.0 370.0 17 27.81905726872247 0cd9414a_20240809_164149.data
270.0 370.0 17 27.81905726872247 0cd9414a_20240809_164213.data
250.0 370.0 17 27.81905726872247 0cd9414a_20240809_164237.data
230.0 370.0 17 27.81905726872247 0cd9414a_20240809_164301.data
210.0 370.0 17 27.81905726872247 0cd9414a_20240809_164325.data
190.0 370.0 17 27.81905726872247 0cd9414a_20240809_164349.data
170.0 370.0 17 27.81905726872247 0cd9414a_20240809_164413.data
150.0 370.0 17 27.709061674008815 0cd9414a_20240809_164437.data
130.0 370.0 17 27.81905726872247 0cd9414a_20240809_164501.data
110.0 370.0 17 27.81905726872247 0cd9414a_20240809_164525.data
90.0 370.0 17 27.81905726872247 0cd9414a_20240809_164549.data
70.0 370.0 17 27.81905726872247 0cd9414a_20240809_164613.data
50.0 370.0 17 27.81905726872247 0cd9414a_20240809_164637.data
30.0 370.0 17 27.81905726872247 0cd9414a_20240809_164701.data
10.0 370.0 17 27.81905726872247 0cd9414a_20240809_164725.data
10.0 390.0 17 27.81905726872247 0cd9414a_20240809_164749.data
30.0 390.0 17 27.81905726872247 0cd9414a_20240809_164813.data
50.0 390.0 17 27.709061674008815 0cd9414a_20240809_164837.data
70.0 390.0 17 27.81905726872247 0cd9414a_20240809_164901.data
90.0 390.0 17 27.598634361233486 0cd9414a_20240809_164925.data
110.0 390.0 17 27.81905726872247 0cd9414a_20240809_164949.data
130.0 390.0 17 27.81905726872247 0cd9414a_20240809_165013.data
150.0 390.0 17 27.81905726872247 0cd9414a_20240809_165037.data
170.0 390.0 17 27.81905726872247 0cd9414a_20240809_165101.data
190.0 390.0 17 27.709061674008815 0cd9414a_20240809_165125.data
210.0 390.0 17 27.81905726872247 0cd9414a_20240809_165149.data
230.0 390.0 17 27.81905726872247 0cd9414a_20240809_165213.data
250.0 390.0 17 27.81905726872247 0cd9414a_20240809_165237.data
270.0 390.0 17 27.81905726872247 0cd9414a_20240809_165301.data
290.0 390.0 17 27.81905726872247 0cd9414a_20240809_165326.data
290.0 410.0 17 27.81905726872247 0cd9414a_20240809_165349.data
270.0 410.0 17 27.81905726872247 0cd9414a_20240809_165414.data
250.0 410.0 17 27.81905726872247 0cd9414a_20240809_165438.data
230.0 410.0 17 27.81905726872247 0cd9414a_20240809_165502.data
210.0 410.0 17 27.709061674008815 0cd9414a_20240809_165526.data
190.0 410.0 17 27.81905726872247 0cd9414a_20240809_165550.data
170.0 410.0 17 27.81905726872247 0cd9414a_20240809_165614.data
150.0 410.0 17 27.81905726872247 0cd9414a_20240809_165638.data
130.0 410.0 17 27.81905726872247 0cd9414a_20240809_165702.data
110.0 410.0 17 27.81905726872247 0cd9414a_20240809_165726.data
90.0 410.0 17 27.81905726872247 0cd9414a_20240809_165750.data
70.0 410.0 17 27.81905726872247 0cd9414a_20240809_165814.data
50.0 410.0 17 27.709061674008815 0cd9414a_20240809_165838.data
30.0 410.0 17 27.81905726872247 0cd9414a_20240809_165902.data
10.0 410.0 17 27.81905726872247 0cd9414a_20240809_165926.data
10.0 430.0 17 27.81905726872247 0cd9414a_20240809_165950.data
30.0 430.0 17 27.928651982378856 0cd9414a_20240809_170014.data
50.0 430.0 17 27.81905726872247 0cd9414a_20240809_170038.data
70.0 430.0 17 27.709061674008815 0cd9414a_20240809_170102.data
90.0 430.0 17 27.81905726872247 0cd9414a_20240809_170126.data
110.0 430.0 17 27.81905726872247 0cd9414a_20240809_170150.data
130.0 430.0 17 27.81905726872247 0cd9414a_20240809_170214.data
150.0 430.0 17 27.81905726872247 0cd9414a_20240809_170238.data
170.0 430.0 17 27.81905726872247 0cd9414a_20240809_170302.data
190.0 430.0 17 27.81905726872247 0cd9414a_20240809_170326.data
210.0 430.0 17 27.81905726872247 0cd9414a_20240809_170350.data
230.0 430.0 17 27.81905726872247 0cd9414a_20240809_170414.data
250.0 430.0 17 27.709061674008815 0cd9414a_20240809_170438.data
270.0 430.0 17 27.81905726872247 0cd9414a_20240809_170502.data
290.0 430.0 17 27.81905726872247 0cd9414a_20240809_170526.data
290.0 450.0 17 27.81905726872247 0cd9414a_20240809_170550.data
270.0 450.0 17 27.81905726872247 0cd9414a_20240809_170614.data
250.0 450.0 17 27.81905726872247 0cd9414a_20240809_170638.data
230.0 450.0 17 27.81905726872247 0cd9414a_20240809_170702.data
210.0 450.0 17 27.81905726872247 0cd9414a_20240809_170726.data
190.0 450.0 17 27.81905726872247 0cd9414a_20240809_170750.data
170.0 450.0 17 27.81905726872247 0cd9414a_20240809_170814.data
150.0 450.0 17 27.81905726872247 0cd9414a_20240809_170838.data
130.0 450.0 17 27.81905726872247 0cd9414a_20240809_170902.data
110.0 450.0 17 27.709061674008815 0cd9414a_20240809_170926.data
90.0 450.0 17 27.81905726872247 0cd9414a_20240809_170950.data
70.0 450.0 17 27.81905726872247 0cd9414a_20240809_171014.data
50.0 450.0 17 27.81905726872247 0cd9414a_20240809_171038.data
30.0 450.0 17 27.709061674008815 0cd9414a_20240809_171102.data
10.0 450.0 17 27.81905726872247 0cd9414a_20240809_171126.data
10.0 470.0 17 27.81905726872247 0cd9414a_20240809_171150.data
30.0 470.0 17 27.81905726872247 0cd9414a_20240809_171214.data
50.0 470.0 17 27.81905726872247 0cd9414a_20240809_171238.data
70.0 470.0 17 27.81905726872247 0cd9414a_20240809_171302.data
90.0 470.0 17 27.81905726872247 0cd9414a_20240809_171326.data
110.0 470.0 17 27.81905726872247 0cd9414a_20240809_171350.data
130.0 470.0 17 27.709061674008815 0cd9414a_20240809_171414.data
150.0 470.0 17 27.709061674008815 0cd9414a_20240809_171438.data
170.0 470.0 17 27.81905726872247 0cd9414a_20240809_171502.data
190.0 470.0 17 27.81905726872247 0cd9414a_20240809_171526.data
210.0 470.0 17 27.81905726872247 0cd9414a_20240809_171550.data
230.0 470.0 17 27.81905726872247 0cd9414a_20240809_171614.data
250.0 470.0 17 27.81905726872247 0cd9414a_20240809_171638.data
270.0 470.0 17 27.81905726872247 0cd9414a_20240809_171702.data
290.0 470.0 17 27.709061674008815 0cd9414a_20240809_171726.data
