-1 -1 -1 25.299982378854633 0cd9414a_20240910_172135.data
10.0 10.0 17 25.419136563876656 0cd9414a_20240910_172214.data
30.0 10.0 17 25.419136563876656 0cd9414a_20240910_172238.data
50.0 10.0 17 25.419136563876656 0cd9414a_20240910_172302.data
70.0 10.0 17 25.180334801762115 0cd9414a_20240910_172326.data
90.0 10.0 17 25.537859030837005 0cd9414a_20240910_172350.data
110.0 10.0 17 25.180334801762115 0cd9414a_20240910_172414.data
130.0 10.0 17 25.299982378854633 0cd9414a_20240910_172438.data
150.0 10.0 17 25.419136563876656 0cd9414a_20240910_172502.data
170.0 10.0 17 25.419136563876656 0cd9414a_20240910_172526.data
190.0 10.0 17 25.180334801762115 0cd9414a_20240910_172550.data
210.0 10.0 17 25.299982378854633 0cd9414a_20240910_172614.data
230.0 10.0 17 25.419136563876656 0cd9414a_20240910_172638.data
250.0 10.0 17 25.299982378854633 0cd9414a_20240910_172702.data
270.0 10.0 17 25.180334801762115 0cd9414a_20240910_172726.data
290.0 10.0 17 25.419136563876656 0cd9414a_20240910_172750.data
290.0 30.0 17 25.419136563876656 0cd9414a_20240910_172814.data
270.0 30.0 17 25.419136563876656 0cd9414a_20240910_172838.data
250.0 30.0 17 25.06022466960353 0cd9414a_20240910_172902.data
230.0 30.0 17 25.419136563876656 0cd9414a_20240910_172926.data
210.0 30.0 17 25.299982378854633 0cd9414a_20240910_172950.data
190.0 30.0 17 25.419136563876656 0cd9414a_20240910_173014.data
170.0 30.0 17 25.419136563876656 0cd9414a_20240910_173038.data
150.0 30.0 17 25.419136563876656 0cd9414a_20240910_173102.data
130.0 30.0 17 25.537859030837005 0cd9414a_20240910_173126.data
110.0 30.0 17 25.419136563876656 0cd9414a_20240910_173150.data
90.0 30.0 17 25.299982378854633 0cd9414a_20240910_173214.data
70.0 30.0 17 25.419136563876656 0cd9414a_20240910_173238.data
50.0 30.0 17 25.180334801762115 0cd9414a_20240910_173302.data
30.0 30.0 17 25.419136563876656 0cd9414a_20240910_173326.data
10.0 30.0 17 25.419136563876656 0cd9414a_20240910_173350.data
10.0 50.0 17 25.06022466960353 0cd9414a_20240910_173414.data
30.0 50.0 17 25.419136563876656 0cd9414a_20240910_173438.data
50.0 50.0 17 25.299982378854633 0cd9414a_20240910_173502.data
70.0 50.0 17 25.180334801762115 0cd9414a_20240910_173526.data
90.0 50.0 17 25.180334801762115 0cd9414a_20240910_173550.data
110.0 50.0 17 25.419136563876656 0cd9414a_20240910_173614.data
130.0 50.0 17 25.180334801762115 0cd9414a_20240910_173638.data
150.0 50.0 17 25.299982378854633 0cd9414a_20240910_173702.data
170.0 50.0 17 25.06022466960353 0cd9414a_20240910_173726.data
190.0 50.0 17 25.299982378854633 0cd9414a_20240910_173750.data
210.0 50.0 17 25.537859030837005 0cd9414a_20240910_173814.data
230.0 50.0 17 25.180334801762115 0cd9414a_20240910_173838.data
250.0 50.0 17 25.419136563876656 0cd9414a_20240910_173902.data
270.0 50.0 17 25.06022466960353 0cd9414a_20240910_173926.data
290.0 50.0 17 25.419136563876656 0cd9414a_20240910_173950.data
290.0 70.0 17 25.299982378854633 0cd9414a_20240910_174014.data
270.0 70.0 17 25.419136563876656 0cd9414a_20240910_174038.data
250.0 70.0 17 25.419136563876656 0cd9414a_20240910_174102.data
230.0 70.0 17 25.419136563876656 0cd9414a_20240910_174126.data
210.0 70.0 17 25.419136563876656 0cd9414a_20240910_174150.data
190.0 70.0 17 25.299982378854633 0cd9414a_20240910_174214.data
170.0 70.0 17 25.299982378854633 0cd9414a_20240910_174238.data
150.0 70.0 17 25.06022466960353 0cd9414a_20240910_174303.data
130.0 70.0 17 25.419136563876656 0cd9414a_20240910_174327.data
110.0 70.0 17 25.180334801762115 0cd9414a_20240910_174351.data
90.0 70.0 17 25.299982378854633 0cd9414a_20240910_174415.data
70.0 70.0 17 25.419136563876656 0cd9414a_20240910_174439.data
50.0 70.0 17 25.299982378854633 0cd9414a_20240910_174503.data
30.0 70.0 17 25.299982378854633 0cd9414a_20240910_174527.data
10.0 70.0 17 25.180334801762115 0cd9414a_20240910_174551.data
10.0 90.0 17 25.299982378854633 0cd9414a_20240910_174615.data
30.0 90.0 17 25.299982378854633 0cd9414a_20240910_174639.data
50.0 90.0 17 25.419136563876656 0cd9414a_20240910_174703.data
70.0 90.0 17 25.419136563876656 0cd9414a_20240910_174727.data
90.0 90.0 17 25.299982378854633 0cd9414a_20240910_174751.data
110.0 90.0 17 25.299982378854633 0cd9414a_20240910_174815.data
130.0 90.0 17 25.537859030837005 0cd9414a_20240910_174839.data
150.0 90.0 17 25.299982378854633 0cd9414a_20240910_174903.data
170.0 90.0 17 25.537859030837005 0cd9414a_20240910_174927.data
190.0 90.0 17 25.299982378854633 0cd9414a_20240910_174951.data
210.0 90.0 17 25.419136563876656 0cd9414a_20240910_175015.data
230.0 90.0 17 25.299982378854633 0cd9414a_20240910_175039.data
250.0 90.0 17 25.537859030837005 0cd9414a_20240910_175103.data
270.0 90.0 17 25.419136563876656 0cd9414a_20240910_175127.data
290.0 90.0 17 25.299982378854633 0cd9414a_20240910_175151.data
290.0 110.0 17 25.180334801762115 0cd9414a_20240910_175215.data
270.0 110.0 17 25.299982378854633 0cd9414a_20240910_175239.data
250.0 110.0 17 25.299982378854633 0cd9414a_20240910_175303.data
230.0 110.0 17 25.180334801762115 0cd9414a_20240910_175327.data
210.0 110.0 17 25.299982378854633 0cd9414a_20240910_175351.data
190.0 110.0 17 25.06022466960353 0cd9414a_20240910_175415.data
170.0 110.0 17 25.419136563876656 0cd9414a_20240910_175439.data
150.0 110.0 17 25.419136563876656 0cd9414a_20240910_175503.data
130.0 110.0 17 25.299982378854633 0cd9414a_20240910_175527.data
110.0 110.0 17 25.299982378854633 0cd9414a_20240910_175551.data
90.0 110.0 17 25.180334801762115 0cd9414a_20240910_175615.data
70.0 110.0 17 25.537859030837005 0cd9414a_20240910_175639.data
50.0 110.0 17 25.06022466960353 0cd9414a_20240910_175703.data
30.0 110.0 17 25.06022466960353 0cd9414a_20240910_175727.data
10.0 110.0 17 25.419136563876656 0cd9414a_20240910_175751.data
10.0 130.0 17 25.419136563876656 0cd9414a_20240910_175815.data
30.0 130.0 17 25.299982378854633 0cd9414a_20240910_175839.data
50.0 130.0 17 25.06022466960353 0cd9414a_20240910_175903.data
70.0 130.0 17 25.06022466960353 0cd9414a_20240910_175927.data
90.0 130.0 17 25.180334801762115 0cd9414a_20240910_175951.data
110.0 130.0 17 25.299982378854633 0cd9414a_20240910_180015.data
130.0 130.0 17 25.180334801762115 0cd9414a_20240910_180039.data
150.0 130.0 17 25.180334801762115 0cd9414a_20240910_180103.data
170.0 130.0 17 25.299982378854633 0cd9414a_20240910_180127.data
190.0 130.0 17 25.299982378854633 0cd9414a_20240910_180151.data
210.0 130.0 17 25.299982378854633 0cd9414a_20240910_180215.data
230.0 130.0 17 25.419136563876656 0cd9414a_20240910_180239.data
250.0 130.0 17 25.419136563876656 0cd9414a_20240910_180303.data
270.0 130.0 17 25.06022466960353 0cd9414a_20240910_180327.data
290.0 130.0 17 25.299982378854633 0cd9414a_20240910_180351.data
290.0 150.0 17 25.419136563876656 0cd9414a_20240910_180415.data
270.0 150.0 17 25.299982378854633 0cd9414a_20240910_180439.data
250.0 150.0 17 25.299982378854633 0cd9414a_20240910_180503.data
230.0 150.0 17 25.299982378854633 0cd9414a_20240910_180527.data
210.0 150.0 17 25.180334801762115 0cd9414a_20240910_180551.data
190.0 150.0 17 25.299982378854633 0cd9414a_20240910_180615.data
170.0 150.0 17 25.06022466960353 0cd9414a_20240910_180639.data
150.0 150.0 17 25.419136563876656 0cd9414a_20240910_180703.data
130.0 150.0 17 25.299982378854633 0cd9414a_20240910_180727.data
110.0 150.0 17 25.180334801762115 0cd9414a_20240910_180751.data
90.0 150.0 17 25.180334801762115 0cd9414a_20240910_180815.data
70.0 150.0 17 25.299982378854633 0cd9414a_20240910_180839.data
50.0 150.0 17 25.419136563876656 0cd9414a_20240910_180903.data
30.0 150.0 17 25.299982378854633 0cd9414a_20240910_180927.data
10.0 150.0 17 25.419136563876656 0cd9414a_20240910_180951.data
10.0 170.0 17 25.299982378854633 0cd9414a_20240910_181015.data
30.0 170.0 17 25.299982378854633 0cd9414a_20240910_181039.data
50.0 170.0 17 25.299982378854633 0cd9414a_20240910_181103.data
70.0 170.0 17 25.419136563876656 0cd9414a_20240910_181127.data
90.0 170.0 17 25.419136563876656 0cd9414a_20240910_181151.data
110.0 170.0 17 25.419136563876656 0cd9414a_20240910_181215.data
130.0 170.0 17 25.419136563876656 0cd9414a_20240910_181239.data
150.0 170.0 17 25.299982378854633 0cd9414a_20240910_181303.data
170.0 170.0 17 25.299982378854633 0cd9414a_20240910_181327.data
190.0 170.0 17 25.06022466960353 0cd9414a_20240910_181351.data
210.0 170.0 17 25.180334801762115 0cd9414a_20240910_181415.data
230.0 170.0 17 25.299982378854633 0cd9414a_20240910_181440.data
250.0 170.0 17 25.419136563876656 0cd9414a_20240910_181503.data
270.0 170.0 17 25.180334801762115 0cd9414a_20240910_181527.data
290.0 170.0 17 25.299982378854633 0cd9414a_20240910_181552.data
290.0 190.0 17 25.06022466960353 0cd9414a_20240910_181616.data
270.0 190.0 17 25.419136563876656 0cd9414a_20240910_181640.data
250.0 190.0 17 25.419136563876656 0cd9414a_20240910_181704.data
230.0 190.0 17 25.419136563876656 0cd9414a_20240910_181728.data
210.0 190.0 17 25.180334801762115 0cd9414a_20240910_181752.data
190.0 190.0 17 25.299982378854633 0cd9414a_20240910_181816.data
170.0 190.0 17 25.537859030837005 0cd9414a_20240910_181840.data
150.0 190.0 17 25.180334801762115 0cd9414a_20240910_181904.data
130.0 190.0 17 25.299982378854633 0cd9414a_20240910_181928.data
110.0 190.0 17 25.180334801762115 0cd9414a_20240910_181952.data
90.0 190.0 17 25.419136563876656 0cd9414a_20240910_182016.data
70.0 190.0 17 25.180334801762115 0cd9414a_20240910_182040.data
50.0 190.0 17 25.06022466960353 0cd9414a_20240910_182104.data
30.0 190.0 17 25.180334801762115 0cd9414a_20240910_182128.data
10.0 190.0 17 25.419136563876656 0cd9414a_20240910_182152.data
10.0 210.0 17 25.299982378854633 0cd9414a_20240910_182216.data
30.0 210.0 17 25.419136563876656 0cd9414a_20240910_182240.data
50.0 210.0 17 25.180334801762115 0cd9414a_20240910_182304.data
70.0 210.0 17 25.299982378854633 0cd9414a_20240910_182328.data
90.0 210.0 17 25.419136563876656 0cd9414a_20240910_182352.data
110.0 210.0 17 25.180334801762115 0cd9414a_20240910_182416.data
130.0 210.0 17 25.419136563876656 0cd9414a_20240910_182440.data
150.0 210.0 17 25.419136563876656 0cd9414a_20240910_182504.data
170.0 210.0 17 25.180334801762115 0cd9414a_20240910_182528.data
190.0 210.0 17 25.299982378854633 0cd9414a_20240910_182552.data
210.0 210.0 17 25.180334801762115 0cd9414a_20240910_182616.data
230.0 210.0 17 25.06022466960353 0cd9414a_20240910_182640.data
250.0 210.0 17 25.06022466960353 0cd9414a_20240910_182704.data
270.0 210.0 17 25.419136563876656 0cd9414a_20240910_182728.data
290.0 210.0 17 25.537859030837005 0cd9414a_20240910_182752.data
290.0 230.0 17 25.299982378854633 0cd9414a_20240910_182816.data
270.0 230.0 17 25.419136563876656 0cd9414a_20240910_182840.data
250.0 230.0 17 25.06022466960353 0cd9414a_20240910_182904.data
230.0 230.0 17 25.299982378854633 0cd9414a_20240910_182928.data
210.0 230.0 17 25.419136563876656 0cd9414a_20240910_182952.data
190.0 230.0 17 25.419136563876656 0cd9414a_20240910_183016.data
170.0 230.0 17 25.299982378854633 0cd9414a_20240910_183040.data
150.0 230.0 17 25.419136563876656 0cd9414a_20240910_183104.data
130.0 230.0 17 25.299982378854633 0cd9414a_20240910_183128.data
110.0 230.0 17 25.299982378854633 0cd9414a_20240910_183152.data
90.0 230.0 17 25.299982378854633 0cd9414a_20240910_183216.data
70.0 230.0 17 25.06022466960353 0cd9414a_20240910_183240.data
50.0 230.0 17 25.419136563876656 0cd9414a_20240910_183304.data
30.0 230.0 17 25.419136563876656 0cd9414a_20240910_183328.data
10.0 230.0 17 25.419136563876656 0cd9414a_20240910_183352.data
10.0 250.0 17 25.180334801762115 0cd9414a_20240910_183416.data
30.0 250.0 17 25.419136563876656 0cd9414a_20240910_183440.data
50.0 250.0 17 25.537859030837005 0cd9414a_20240910_183504.data
70.0 250.0 17 25.299982378854633 0cd9414a_20240910_183528.data
90.0 250.0 17 25.180334801762115 0cd9414a_20240910_183552.data
110.0 250.0 17 25.180334801762115 0cd9414a_20240910_183616.data
130.0 250.0 17 25.299982378854633 0cd9414a_20240910_183640.data
150.0 250.0 17 25.419136563876656 0cd9414a_20240910_183704.data
170.0 250.0 17 25.06022466960353 0cd9414a_20240910_183728.data
190.0 250.0 17 25.419136563876656 0cd9414a_20240910_183752.data
210.0 250.0 17 25.180334801762115 0cd9414a_20240910_183816.data
230.0 250.0 17 25.299982378854633 0cd9414a_20240910_183840.data
250.0 250.0 17 25.180334801762115 0cd9414a_20240910_183904.data
270.0 250.0 17 25.299982378854633 0cd9414a_20240910_183928.data
290.0 250.0 17 25.419136563876656 0cd9414a_20240910_183952.data
290.0 270.0 17 25.299982378854633 0cd9414a_20240910_184016.data
270.0 270.0 17 25.419136563876656 0cd9414a_20240910_184040.data
250.0 270.0 17 25.299982378854633 0cd9414a_20240910_184104.data
230.0 270.0 17 25.180334801762115 0cd9414a_20240910_184128.data
210.0 270.0 17 25.419136563876656 0cd9414a_20240910_184152.data
190.0 270.0 17 25.419136563876656 0cd9414a_20240910_184216.data
170.0 270.0 17 25.180334801762115 0cd9414a_20240910_184240.data
150.0 270.0 17 25.419136563876656 0cd9414a_20240910_184304.data
130.0 270.0 17 25.180334801762115 0cd9414a_20240910_184328.data
110.0 270.0 17 25.299982378854633 0cd9414a_20240910_184352.data
90.0 270.0 17 25.419136563876656 0cd9414a_20240910_184416.data
70.0 270.0 17 25.180334801762115 0cd9414a_20240910_184440.data
50.0 270.0 17 25.419136563876656 0cd9414a_20240910_184504.data
30.0 270.0 17 25.299982378854633 0cd9414a_20240910_184528.data
10.0 270.0 17 25.06022466960353 0cd9414a_20240910_184552.data
10.0 290.0 17 25.419136563876656 0cd9414a_20240910_184616.data
30.0 290.0 17 25.419136563876656 0cd9414a_20240910_184641.data
50.0 290.0 17 25.299982378854633 0cd9414a_20240910_184704.data
70.0 290.0 17 25.419136563876656 0cd9414a_20240910_184728.data
90.0 290.0 17 25.299982378854633 0cd9414a_20240910_184753.data
110.0 290.0 17 25.06022466960353 0cd9414a_20240910_184817.data
130.0 290.0 17 25.06022466960353 0cd9414a_20240910_184841.data
150.0 290.0 17 25.419136563876656 0cd9414a_20240910_184905.data
170.0 290.0 17 25.299982378854633 0cd9414a_20240910_184905.data
190.0 290.0 17 25.180334801762115 0cd9414a_20240910_184905.data
210.0 290.0 17 25.06022466960353 0cd9414a_20240910_184905.data
230.0 290.0 17 25.537859030837005 0cd9414a_20240910_184905.data
250.0 290.0 17 25.419136563876656 0cd9414a_20240910_184905.data
270.0 290.0 17 25.419136563876656 0cd9414a_20240910_184905.data
290.0 290.0 17 25.299982378854633 0cd9414a_20240910_184905.data
290.0 310.0 17 25.180334801762115 0cd9414a_20240910_184905.data
270.0 310.0 17 25.299982378854633 0cd9414a_20240910_184905.data
250.0 310.0 17 25.180334801762115 0cd9414a_20240910_184905.data
230.0 310.0 17 25.299982378854633 0cd9414a_20240910_184905.data
210.0 310.0 17 25.419136563876656 0cd9414a_20240910_184905.data
190.0 310.0 17 25.299982378854633 0cd9414a_20240910_184905.data
170.0 310.0 17 -1 0cd9414a_20240910_184905.data
150.0 310.0 17 25.299982378854633 0cd9414a_20240910_184905.data
130.0 310.0 17 25.06022466960353 0cd9414a_20240910_184905.data
110.0 310.0 17 -1 0cd9414a_20240910_184905.data
90.0 310.0 17 25.299982378854633 0cd9414a_20240910_184905.data
70.0 310.0 17 25.419136563876656 0cd9414a_20240910_184905.data
50.0 310.0 17 25.180334801762115 0cd9414a_20240910_184905.data
30.0 310.0 17 25.299982378854633 0cd9414a_20240910_184905.data
10.0 310.0 17 25.419136563876656 0cd9414a_20240910_184905.data
10.0 330.0 17 25.180334801762115 0cd9414a_20240910_184905.data
30.0 330.0 17 -1 0cd9414a_20240910_184905.data
50.0 330.0 17 25.180334801762115 0cd9414a_20240910_184905.data
70.0 330.0 17 25.419136563876656 0cd9414a_20240910_184905.data
90.0 330.0 17 25.299982378854633 0cd9414a_20240910_184905.data
110.0 330.0 17 25.419383259911896 0cd9414a_20240910_184905.data
130.0 330.0 17 25.419136563876656 0cd9414a_20240910_184905.data
150.0 330.0 17 25.299982378854633 0cd9414a_20240910_184905.data
170.0 330.0 17 25.419136563876656 0cd9414a_20240910_184905.data
190.0 330.0 17 25.299982378854633 0cd9414a_20240910_184905.data
210.0 330.0 17 25.537859030837005 0cd9414a_20240910_184905.data
230.0 330.0 17 25.419136563876656 0cd9414a_20240910_184905.data
250.0 330.0 17 25.537859030837005 0cd9414a_20240910_184905.data
270.0 330.0 17 25.299982378854633 0cd9414a_20240910_184905.data
290.0 330.0 17 25.180334801762115 0cd9414a_20240910_184905.data
10.0 350.0 17 25.299982378854633 0cd9414a_20240910_184905.data
30.0 350.0 17 25.180334801762115 0cd9414a_20240910_184905.data
50.0 350.0 17 25.419136563876656 0cd9414a_20240910_184905.data
70.0 350.0 17 25.419136563876656 0cd9414a_20240910_184905.data
90.0 350.0 17 25.537859030837005 0cd9414a_20240910_184905.data
110.0 350.0 17 25.299982378854633 0cd9414a_20240910_184905.data
130.0 350.0 17 25.419136563876656 0cd9414a_20240910_184905.data
150.0 350.0 17 25.419136563876656 0cd9414a_20240910_184905.data
170.0 350.0 17 25.537859030837005 0cd9414a_20240910_184905.data
190.0 350.0 17 25.419136563876656 0cd9414a_20240910_184905.data
210.0 350.0 17 25.419136563876656 0cd9414a_20240910_184905.data
230.0 350.0 17 25.537859030837005 0cd9414a_20240910_184905.data
250.0 350.0 17 25.180334801762115 0cd9414a_20240910_184905.data
270.0 350.0 17 25.537859030837005 0cd9414a_20240910_184905.data
290.0 350.0 17 25.419136563876656 0cd9414a_20240910_184905.data
290.0 370.0 17 25.419136563876656 0cd9414a_20240910_184905.data
270.0 370.0 17 25.537859030837005 0cd9414a_20240910_184905.data
250.0 370.0 17 25.299982378854633 0cd9414a_20240910_184905.data
230.0 370.0 17 25.299982378854633 0cd9414a_20240910_184905.data
210.0 370.0 17 25.537859030837005 0cd9414a_20240910_184905.data
190.0 370.0 17 25.180334801762115 0cd9414a_20240910_184905.data
170.0 370.0 17 25.419136563876656 0cd9414a_20240910_184905.data
150.0 370.0 17 25.180334801762115 0cd9414a_20240910_184905.data
130.0 370.0 17 25.537859030837005 0cd9414a_20240910_184905.data
110.0 370.0 17 25.419136563876656 0cd9414a_20240910_184905.data
90.0 370.0 17 25.299982378854633 0cd9414a_20240910_184905.data
70.0 370.0 17 25.299982378854633 0cd9414a_20240910_184905.data
50.0 370.0 17 25.419136563876656 0cd9414a_20240910_184905.data
30.0 370.0 17 25.537859030837005 0cd9414a_20240910_184905.data
10.0 370.0 17 25.419136563876656 0cd9414a_20240910_184905.data
10.0 390.0 17 25.299982378854633 0cd9414a_20240910_184905.data
30.0 390.0 17 25.419136563876656 0cd9414a_20240910_184905.data
50.0 390.0 17 25.180334801762115 0cd9414a_20240910_184905.data
70.0 390.0 17 25.419136563876656 0cd9414a_20240910_184905.data
90.0 390.0 17 25.299982378854633 0cd9414a_20240910_184905.data
110.0 390.0 17 25.537859030837005 0cd9414a_20240910_184905.data
130.0 390.0 17 25.419136563876656 0cd9414a_20240910_184905.data
150.0 390.0 17 25.180334801762115 0cd9414a_20240910_184905.data
170.0 390.0 17 25.537859030837005 0cd9414a_20240910_184905.data
190.0 390.0 17 25.419136563876656 0cd9414a_20240910_184905.data
210.0 390.0 17 25.419136563876656 0cd9414a_20240910_184905.data
230.0 390.0 17 25.419136563876656 0cd9414a_20240910_184905.data
250.0 390.0 17 25.419136563876656 0cd9414a_20240910_184905.data
270.0 390.0 17 25.419136563876656 0cd9414a_20240910_184905.data
290.0 390.0 17 25.419136563876656 0cd9414a_20240910_184905.data
290.0 410.0 17 25.299982378854633 0cd9414a_20240910_184905.data
270.0 410.0 17 25.419136563876656 0cd9414a_20240910_184905.data
250.0 410.0 17 25.180334801762115 0cd9414a_20240910_184905.data
230.0 410.0 17 25.419136563876656 0cd9414a_20240910_184905.data
210.0 410.0 17 25.419136563876656 0cd9414a_20240910_184905.data
190.0 410.0 17 25.419136563876656 0cd9414a_20240910_184905.data
170.0 410.0 17 25.180334801762115 0cd9414a_20240910_184905.data
150.0 410.0 17 25.180334801762115 0cd9414a_20240910_184905.data
130.0 410.0 17 25.180334801762115 0cd9414a_20240910_184905.data
110.0 410.0 17 25.537859030837005 0cd9414a_20240910_184905.data
90.0 410.0 17 25.419136563876656 0cd9414a_20240910_184905.data
70.0 410.0 17 25.537859030837005 0cd9414a_20240910_184905.data
50.0 410.0 17 25.419136563876656 0cd9414a_20240910_184905.data
30.0 410.0 17 25.419136563876656 0cd9414a_20240910_184905.data
10.0 410.0 17 25.419136563876656 0cd9414a_20240910_184905.data
10.0 430.0 17 25.180334801762115 0cd9414a_20240910_184905.data
30.0 430.0 17 25.419136563876656 0cd9414a_20240910_184905.data
50.0 430.0 17 25.537859030837005 0cd9414a_20240910_184905.data
70.0 430.0 17 25.537859030837005 0cd9414a_20240910_184905.data
90.0 430.0 17 25.419136563876656 0cd9414a_20240910_184905.data
110.0 430.0 17 25.180334801762115 0cd9414a_20240910_184905.data
130.0 430.0 17 25.419136563876656 0cd9414a_20240910_184905.data
150.0 430.0 17 25.180334801762115 0cd9414a_20240910_184905.data
170.0 430.0 17 25.537859030837005 0cd9414a_20240910_184905.data
190.0 430.0 17 25.419136563876656 0cd9414a_20240910_184905.data
210.0 430.0 17 25.180334801762115 0cd9414a_20240910_184905.data
230.0 430.0 17 25.537859030837005 0cd9414a_20240910_184905.data
250.0 430.0 17 25.537859030837005 0cd9414a_20240910_184905.data
270.0 430.0 17 25.299982378854633 0cd9414a_20240910_184905.data
290.0 430.0 17 25.299982378854633 0cd9414a_20240910_184905.data
290.0 450.0 17 25.537859030837005 0cd9414a_20240910_184905.data
270.0 450.0 17 25.419136563876656 0cd9414a_20240910_184905.data
250.0 450.0 17 25.537859030837005 0cd9414a_20240910_184905.data
230.0 450.0 17 25.419136563876656 0cd9414a_20240910_184905.data
210.0 450.0 17 25.419136563876656 0cd9414a_20240910_184905.data
190.0 450.0 17 25.537859030837005 0cd9414a_20240910_184905.data
170.0 450.0 17 25.180334801762115 0cd9414a_20240910_184905.data
150.0 450.0 17 25.419136563876656 0cd9414a_20240910_184905.data
130.0 450.0 17 25.537859030837005 0cd9414a_20240910_184905.data
110.0 450.0 17 25.180334801762115 0cd9414a_20240910_184905.data
90.0 450.0 17 25.419136563876656 0cd9414a_20240910_184905.data
70.0 450.0 17 25.419136563876656 0cd9414a_20240910_184905.data
50.0 450.0 17 25.537859030837005 0cd9414a_20240910_184905.data
30.0 450.0 17 25.299982378854633 0cd9414a_20240910_184905.data
10.0 450.0 17 25.299982378854633 0cd9414a_20240910_184905.data
10.0 470.0 17 25.419136563876656 0cd9414a_20240910_184905.data
30.0 470.0 17 25.419136563876656 0cd9414a_20240910_184905.data
50.0 470.0 17 25.419136563876656 0cd9414a_20240910_184905.data
70.0 470.0 17 25.419136563876656 0cd9414a_20240910_184905.data
90.0 470.0 17 25.419136563876656 0cd9414a_20240910_184905.data
110.0 470.0 17 25.419136563876656 0cd9414a_20240910_184905.data
130.0 470.0 17 25.180334801762115 0cd9414a_20240910_184905.data
150.0 470.0 17 25.180334801762115 0cd9414a_20240910_184905.data
170.0 470.0 17 25.299982378854633 0cd9414a_20240910_184905.data
190.0 470.0 17 25.299982378854633 0cd9414a_20240910_184905.data
210.0 470.0 17 25.537859030837005 0cd9414a_20240910_184905.data
230.0 470.0 17 25.419136563876656 0cd9414a_20240910_184905.data
250.0 470.0 17 25.180334801762115 0cd9414a_20240910_184905.data
270.0 470.0 17 25.180334801762115 0cd9414a_20240910_184905.data
290.0 470.0 17 25.06022466960353 0cd9414a_20240910_184905.data
