-1 -1 -1 25.537859030837005 0cd9414a_20240821_205241.data
10.0 10.0 17 25.656118942731283 0cd9414a_20240821_205320.data
30.0 10.0 17 25.656118942731283 0cd9414a_20240821_205344.data
50.0 10.0 17 25.537859030837005 0cd9414a_20240821_205408.data
70.0 10.0 17 25.299982378854633 0cd9414a_20240821_205432.data
90.0 10.0 17 25.537859030837005 0cd9414a_20240821_205456.data
110.0 10.0 17 25.419136563876656 0cd9414a_20240821_205520.data
130.0 10.0 17 25.656118942731283 0cd9414a_20240821_205544.data
150.0 10.0 17 25.656118942731283 0cd9414a_20240821_205608.data
170.0 10.0 17 25.656118942731283 0cd9414a_20240821_205632.data
190.0 10.0 17 25.656118942731283 0cd9414a_20240821_205656.data
210.0 10.0 17 25.656118942731283 0cd9414a_20240821_205720.data
230.0 10.0 17 25.656118942731283 0cd9414a_20240821_205744.data
250.0 10.0 17 25.537859030837005 0cd9414a_20240821_205808.data
270.0 10.0 17 25.656118942731283 0cd9414a_20240821_205832.data
290.0 10.0 17 25.656118942731283 0cd9414a_20240821_205856.data
290.0 30.0 17 25.656118942731283 0cd9414a_20240821_205920.data
270.0 30.0 17 25.180334801762115 0cd9414a_20240821_205944.data
250.0 30.0 17 25.537859030837005 0cd9414a_20240821_210008.data
230.0 30.0 17 25.656118942731283 0cd9414a_20240821_210032.data
210.0 30.0 17 25.656118942731283 0cd9414a_20240821_210056.data
190.0 30.0 17 25.419136563876656 0cd9414a_20240821_210120.data
170.0 30.0 17 25.656118942731283 0cd9414a_20240821_210144.data
150.0 30.0 17 25.656118942731283 0cd9414a_20240821_210208.data
130.0 30.0 17 25.419136563876656 0cd9414a_20240821_210232.data
110.0 30.0 17 25.656118942731283 0cd9414a_20240821_210256.data
90.0 30.0 17 25.656118942731283 0cd9414a_20240821_210320.data
70.0 30.0 17 25.537859030837005 0cd9414a_20240821_210344.data
50.0 30.0 17 25.419136563876656 0cd9414a_20240821_210408.data
30.0 30.0 17 25.656118942731283 0cd9414a_20240821_210432.data
10.0 30.0 17 25.656118942731283 0cd9414a_20240821_210456.data
10.0 50.0 17 25.656118942731283 0cd9414a_20240821_210520.data
30.0 50.0 17 25.656118942731283 0cd9414a_20240821_210544.data
50.0 50.0 17 25.537859030837005 0cd9414a_20240821_210608.data
70.0 50.0 17 25.656118942731283 0cd9414a_20240821_210632.data
90.0 50.0 17 25.656118942731283 0cd9414a_20240821_210656.data
110.0 50.0 17 25.419136563876656 0cd9414a_20240821_210720.data
130.0 50.0 17 25.656118942731283 0cd9414a_20240821_210744.data
150.0 50.0 17 25.537859030837005 0cd9414a_20240821_210808.data
170.0 50.0 17 25.537859030837005 0cd9414a_20240821_210832.data
190.0 50.0 17 25.656118942731283 0cd9414a_20240821_210856.data
210.0 50.0 17 25.656118942731283 0cd9414a_20240821_210920.data
230.0 50.0 17 25.656118942731283 0cd9414a_20240821_210944.data
250.0 50.0 17 25.419136563876656 0cd9414a_20240821_211008.data
270.0 50.0 17 25.773885462555068 0cd9414a_20240821_211032.data
290.0 50.0 17 25.180334801762115 0cd9414a_20240821_211056.data
290.0 70.0 17 25.656118942731283 0cd9414a_20240821_211120.data
270.0 70.0 17 25.656118942731283 0cd9414a_20240821_211144.data
250.0 70.0 17 25.537859030837005 0cd9414a_20240821_211208.data
230.0 70.0 17 25.656118942731283 0cd9414a_20240821_211232.data
210.0 70.0 17 25.656118942731283 0cd9414a_20240821_211256.data
190.0 70.0 17 25.773885462555068 0cd9414a_20240821_211320.data
170.0 70.0 17 25.537859030837005 0cd9414a_20240821_211344.data
150.0 70.0 17 25.419136563876656 0cd9414a_20240821_211408.data
130.0 70.0 17 25.656118942731283 0cd9414a_20240821_211432.data
110.0 70.0 17 25.656118942731283 0cd9414a_20240821_211456.data
90.0 70.0 17 25.299982378854633 0cd9414a_20240821_211520.data
70.0 70.0 17 25.419136563876656 0cd9414a_20240821_211544.data
50.0 70.0 17 25.537859030837005 0cd9414a_20240821_211608.data
30.0 70.0 17 25.656118942731283 0cd9414a_20240821_211632.data
10.0 70.0 17 25.537859030837005 0cd9414a_20240821_211657.data
10.0 90.0 17 25.537859030837005 0cd9414a_20240821_211721.data
30.0 90.0 17 25.537859030837005 0cd9414a_20240821_211745.data
50.0 90.0 17 25.656118942731283 0cd9414a_20240821_211809.data
70.0 90.0 17 25.656118942731283 0cd9414a_20240821_211833.data
90.0 90.0 17 25.537859030837005 0cd9414a_20240821_211857.data
110.0 90.0 17 25.656118942731283 0cd9414a_20240821_211921.data
130.0 90.0 17 25.656118942731283 0cd9414a_20240821_211945.data
150.0 90.0 17 25.537859030837005 0cd9414a_20240821_212009.data
170.0 90.0 17 25.656118942731283 0cd9414a_20240821_212033.data
190.0 90.0 17 25.656118942731283 0cd9414a_20240821_212057.data
210.0 90.0 17 25.419136563876656 0cd9414a_20240821_212121.data
230.0 90.0 17 25.537859030837005 0cd9414a_20240821_212145.data
250.0 90.0 17 25.656118942731283 0cd9414a_20240821_212209.data
270.0 90.0 17 25.656118942731283 0cd9414a_20240821_212233.data
290.0 90.0 17 25.656118942731283 0cd9414a_20240821_212257.data
290.0 110.0 17 25.419136563876656 0cd9414a_20240821_212321.data
270.0 110.0 17 25.656118942731283 0cd9414a_20240821_212345.data
250.0 110.0 17 25.656118942731283 0cd9414a_20240821_212409.data
230.0 110.0 17 25.537859030837005 0cd9414a_20240821_212433.data
210.0 110.0 17 25.419136563876656 0cd9414a_20240821_212457.data
190.0 110.0 17 25.656118942731283 0cd9414a_20240821_212521.data
170.0 110.0 17 25.656118942731283 0cd9414a_20240821_212545.data
150.0 110.0 17 25.537859030837005 0cd9414a_20240821_212609.data
130.0 110.0 17 25.656118942731283 0cd9414a_20240821_212633.data
110.0 110.0 17 25.656118942731283 0cd9414a_20240821_212657.data
90.0 110.0 17 25.656118942731283 0cd9414a_20240821_212721.data
70.0 110.0 17 25.419136563876656 0cd9414a_20240821_212745.data
50.0 110.0 17 25.656118942731283 0cd9414a_20240821_212809.data
30.0 110.0 17 25.656118942731283 0cd9414a_20240821_212833.data
10.0 110.0 17 25.537859030837005 0cd9414a_20240821_212857.data
10.0 130.0 17 25.656118942731283 0cd9414a_20240821_212921.data
30.0 130.0 17 25.537859030837005 0cd9414a_20240821_212945.data
50.0 130.0 17 25.419136563876656 0cd9414a_20240821_213009.data
70.0 130.0 17 25.656118942731283 0cd9414a_20240821_213033.data
90.0 130.0 17 25.656118942731283 0cd9414a_20240821_213057.data
110.0 130.0 17 25.537859030837005 0cd9414a_20240821_213121.data
130.0 130.0 17 25.299982378854633 0cd9414a_20240821_213145.data
150.0 130.0 17 25.656118942731283 0cd9414a_20240821_213209.data
170.0 130.0 17 25.656118942731283 0cd9414a_20240821_213233.data
190.0 130.0 17 25.656118942731283 0cd9414a_20240821_213257.data
210.0 130.0 17 25.537859030837005 0cd9414a_20240821_213321.data
230.0 130.0 17 25.656118942731283 0cd9414a_20240821_213345.data
250.0 130.0 17 25.656118942731283 0cd9414a_20240821_213409.data
270.0 130.0 17 25.537859030837005 0cd9414a_20240821_213433.data
290.0 130.0 17 25.419136563876656 0cd9414a_20240821_213457.data
290.0 150.0 17 25.537859030837005 0cd9414a_20240821_213521.data
270.0 150.0 17 25.773885462555068 0cd9414a_20240821_213545.data
250.0 150.0 17 25.656118942731283 0cd9414a_20240821_213609.data
230.0 150.0 17 25.537859030837005 0cd9414a_20240821_213633.data
210.0 150.0 17 25.656118942731283 0cd9414a_20240821_213657.data
190.0 150.0 17 25.656118942731283 0cd9414a_20240821_213721.data
170.0 150.0 17 25.656118942731283 0cd9414a_20240821_213745.data
150.0 150.0 17 25.656118942731283 0cd9414a_20240821_213809.data
130.0 150.0 17 25.537859030837005 0cd9414a_20240821_213833.data
110.0 150.0 17 25.656118942731283 0cd9414a_20240821_213857.data
90.0 150.0 17 25.656118942731283 0cd9414a_20240821_213921.data
70.0 150.0 17 25.419136563876656 0cd9414a_20240821_213945.data
50.0 150.0 17 25.656118942731283 0cd9414a_20240821_214009.data
30.0 150.0 17 25.773885462555068 0cd9414a_20240821_214033.data
10.0 150.0 17 25.656118942731283 0cd9414a_20240821_214057.data
10.0 170.0 17 25.537859030837005 0cd9414a_20240821_214121.data
30.0 170.0 17 25.773885462555068 0cd9414a_20240821_214145.data
50.0 170.0 17 25.656118942731283 0cd9414a_20240821_214209.data
70.0 170.0 17 25.656118942731283 0cd9414a_20240821_214233.data
90.0 170.0 17 25.537859030837005 0cd9414a_20240821_214257.data
110.0 170.0 17 25.656118942731283 0cd9414a_20240821_214321.data
130.0 170.0 17 25.419136563876656 0cd9414a_20240821_214345.data
150.0 170.0 17 25.419136563876656 0cd9414a_20240821_214409.data
170.0 170.0 17 25.419136563876656 0cd9414a_20240821_214433.data
190.0 170.0 17 25.656118942731283 0cd9414a_20240821_214457.data
210.0 170.0 17 25.656118942731283 0cd9414a_20240821_214521.data
230.0 170.0 17 25.656118942731283 0cd9414a_20240821_214545.data
250.0 170.0 17 25.656118942731283 0cd9414a_20240821_214609.data
270.0 170.0 17 25.656118942731283 0cd9414a_20240821_214633.data
290.0 170.0 17 25.656118942731283 0cd9414a_20240821_214657.data
290.0 190.0 17 25.656118942731283 0cd9414a_20240821_214721.data
270.0 190.0 17 25.656118942731283 0cd9414a_20240821_214745.data
250.0 190.0 17 25.656118942731283 0cd9414a_20240821_214809.data
230.0 190.0 17 25.537859030837005 0cd9414a_20240821_214833.data
210.0 190.0 17 25.656118942731283 0cd9414a_20240821_214857.data
190.0 190.0 17 25.656118942731283 0cd9414a_20240821_214921.data
170.0 190.0 17 25.656118942731283 0cd9414a_20240821_214946.data
150.0 190.0 17 25.656118942731283 0cd9414a_20240821_215010.data
130.0 190.0 17 25.656118942731283 0cd9414a_20240821_215034.data
110.0 190.0 17 25.537859030837005 0cd9414a_20240821_215058.data
90.0 190.0 17 25.656118942731283 0cd9414a_20240821_215122.data
70.0 190.0 17 25.537859030837005 0cd9414a_20240821_215146.data
50.0 190.0 17 25.419136563876656 0cd9414a_20240821_215210.data
30.0 190.0 17 25.537859030837005 0cd9414a_20240821_215234.data
10.0 190.0 17 25.656118942731283 0cd9414a_20240821_215258.data
10.0 210.0 17 25.656118942731283 0cd9414a_20240821_215322.data
30.0 210.0 17 25.656118942731283 0cd9414a_20240821_215346.data
50.0 210.0 17 25.656118942731283 0cd9414a_20240821_215410.data
70.0 210.0 17 25.656118942731283 0cd9414a_20240821_215434.data
90.0 210.0 17 25.656118942731283 0cd9414a_20240821_215458.data
110.0 210.0 17 25.656118942731283 0cd9414a_20240821_215522.data
130.0 210.0 17 25.419136563876656 0cd9414a_20240821_215546.data
150.0 210.0 17 25.656118942731283 0cd9414a_20240821_215610.data
170.0 210.0 17 25.773885462555068 0cd9414a_20240821_215634.data
190.0 210.0 17 25.656118942731283 0cd9414a_20240821_215658.data
210.0 210.0 17 25.656118942731283 0cd9414a_20240821_215722.data
230.0 210.0 17 25.773885462555068 0cd9414a_20240821_215746.data
250.0 210.0 17 25.656118942731283 0cd9414a_20240821_215810.data
270.0 210.0 17 25.656118942731283 0cd9414a_20240821_215834.data
290.0 210.0 17 25.537859030837005 0cd9414a_20240821_215858.data
290.0 230.0 17 25.299982378854633 0cd9414a_20240821_215922.data
270.0 230.0 17 25.537859030837005 0cd9414a_20240821_215946.data
250.0 230.0 17 25.299982378854633 0cd9414a_20240821_220010.data
230.0 230.0 17 25.656118942731283 0cd9414a_20240821_220034.data
210.0 230.0 17 25.299982378854633 0cd9414a_20240821_220058.data
190.0 230.0 17 25.299982378854633 0cd9414a_20240821_220122.data
170.0 230.0 17 25.419136563876656 0cd9414a_20240821_220146.data
150.0 230.0 17 25.299982378854633 0cd9414a_20240821_220210.data
130.0 230.0 17 25.537859030837005 0cd9414a_20240821_220234.data
110.0 230.0 17 25.419136563876656 0cd9414a_20240821_220258.data
90.0 230.0 17 25.419136563876656 0cd9414a_20240821_220322.data
70.0 230.0 17 25.537859030837005 0cd9414a_20240821_220346.data
50.0 230.0 17 25.419136563876656 0cd9414a_20240821_220410.data
30.0 230.0 17 25.299982378854633 0cd9414a_20240821_220434.data
10.0 230.0 17 25.299982378854633 0cd9414a_20240821_220458.data
10.0 250.0 17 25.419136563876656 0cd9414a_20240821_220522.data
30.0 250.0 17 25.299982378854633 0cd9414a_20240821_220546.data
50.0 250.0 17 25.299982378854633 0cd9414a_20240821_220610.data
70.0 250.0 17 25.299982378854633 0cd9414a_20240821_220634.data
90.0 250.0 17 25.299982378854633 0cd9414a_20240821_220658.data
110.0 250.0 17 25.419136563876656 0cd9414a_20240821_220722.data
130.0 250.0 17 25.419136563876656 0cd9414a_20240821_220746.data
150.0 250.0 17 25.299982378854633 0cd9414a_20240821_220810.data
170.0 250.0 17 25.299982378854633 0cd9414a_20240821_220834.data
190.0 250.0 17 25.299982378854633 0cd9414a_20240821_220858.data
210.0 250.0 17 25.537859030837005 0cd9414a_20240821_220922.data
230.0 250.0 17 25.299982378854633 0cd9414a_20240821_220946.data
250.0 250.0 17 25.299982378854633 0cd9414a_20240821_221010.data
270.0 250.0 17 25.299982378854633 0cd9414a_20240821_221034.data
290.0 250.0 17 25.299982378854633 0cd9414a_20240821_221058.data
290.0 270.0 17 25.299982378854633 0cd9414a_20240821_221122.data
270.0 270.0 17 25.419136563876656 0cd9414a_20240821_221146.data
250.0 270.0 17 25.419136563876656 0cd9414a_20240821_221210.data
230.0 270.0 17 25.419136563876656 0cd9414a_20240821_221234.data
210.0 270.0 17 25.537859030837005 0cd9414a_20240821_221258.data
190.0 270.0 17 25.299982378854633 0cd9414a_20240821_221322.data
170.0 270.0 17 25.419136563876656 0cd9414a_20240821_221346.data
150.0 270.0 17 25.419136563876656 0cd9414a_20240821_221410.data
130.0 270.0 17 25.419136563876656 0cd9414a_20240821_221434.data
110.0 270.0 17 25.419136563876656 0cd9414a_20240821_221458.data
90.0 270.0 17 25.419136563876656 0cd9414a_20240821_221522.data
70.0 270.0 17 25.299982378854633 0cd9414a_20240821_221546.data
50.0 270.0 17 25.299982378854633 0cd9414a_20240821_221610.data
30.0 270.0 17 25.419136563876656 0cd9414a_20240821_221634.data
10.0 270.0 17 25.419136563876656 0cd9414a_20240821_221658.data
10.0 290.0 17 25.419136563876656 0cd9414a_20240821_221722.data
30.0 290.0 17 25.419136563876656 0cd9414a_20240821_221746.data
50.0 290.0 17 25.419136563876656 0cd9414a_20240821_221810.data
70.0 290.0 17 25.419136563876656 0cd9414a_20240821_221834.data
90.0 290.0 17 25.419136563876656 0cd9414a_20240821_221858.data
110.0 290.0 17 25.419136563876656 0cd9414a_20240821_221922.data
130.0 290.0 17 25.299982378854633 0cd9414a_20240821_221946.data
150.0 290.0 17 25.419136563876656 0cd9414a_20240821_222010.data
170.0 290.0 17 25.419136563876656 0cd9414a_20240821_222034.data
190.0 290.0 17 25.299982378854633 0cd9414a_20240821_222058.data
210.0 290.0 17 25.419136563876656 0cd9414a_20240821_222122.data
230.0 290.0 17 25.419136563876656 0cd9414a_20240821_222146.data
250.0 290.0 17 25.419136563876656 0cd9414a_20240821_222210.data
270.0 290.0 17 25.419136563876656 0cd9414a_20240821_222234.data
290.0 290.0 17 25.299982378854633 0cd9414a_20240821_222259.data
290.0 310.0 17 25.419136563876656 0cd9414a_20240821_222323.data
270.0 310.0 17 25.419136563876656 0cd9414a_20240821_222347.data
250.0 310.0 17 25.656118942731283 0cd9414a_20240821_222411.data
230.0 310.0 17 25.419136563876656 0cd9414a_20240821_222435.data
210.0 310.0 17 25.299982378854633 0cd9414a_20240821_222459.data
190.0 310.0 17 25.419136563876656 0cd9414a_20240821_222523.data
170.0 310.0 17 -1 0cd9414a_20240821_222547.data
150.0 310.0 17 25.419136563876656 0cd9414a_20240821_222611.data
130.0 310.0 17 25.419136563876656 0cd9414a_20240821_222635.data
110.0 310.0 17 -1 0cd9414a_20240821_222659.data
90.0 310.0 17 25.299982378854633 0cd9414a_20240821_222723.data
70.0 310.0 17 25.299982378854633 0cd9414a_20240821_222747.data
50.0 310.0 17 25.299982378854633 0cd9414a_20240821_222811.data
30.0 310.0 17 25.299982378854633 0cd9414a_20240821_222835.data
10.0 310.0 17 25.299982378854633 0cd9414a_20240821_222859.data
10.0 330.0 17 25.419136563876656 0cd9414a_20240821_222923.data
30.0 330.0 17 -1 0cd9414a_20240821_222947.data
50.0 330.0 17 25.299982378854633 0cd9414a_20240821_223011.data
70.0 330.0 17 25.419136563876656 0cd9414a_20240821_223035.data
90.0 330.0 17 25.299982378854633 0cd9414a_20240821_223059.data
110.0 330.0 17 25.30220264317181 0cd9414a_20240821_223123.data
130.0 330.0 17 25.537859030837005 0cd9414a_20240821_223147.data
150.0 330.0 17 25.419136563876656 0cd9414a_20240821_223211.data
170.0 330.0 17 25.419136563876656 0cd9414a_20240821_223235.data
190.0 330.0 17 25.537859030837005 0cd9414a_20240821_223259.data
210.0 330.0 17 25.537859030837005 0cd9414a_20240821_223323.data
230.0 330.0 17 25.419136563876656 0cd9414a_20240821_223347.data
250.0 330.0 17 25.537859030837005 0cd9414a_20240821_223411.data
270.0 330.0 17 25.537859030837005 0cd9414a_20240821_223435.data
290.0 330.0 17 25.537859030837005 0cd9414a_20240821_223459.data
10.0 350.0 17 25.537859030837005 0cd9414a_20240821_224254.data
30.0 350.0 17 25.537859030837005 0cd9414a_20240821_224318.data
50.0 350.0 17 25.773885462555068 0cd9414a_20240821_224342.data
70.0 350.0 17 25.537859030837005 0cd9414a_20240821_224406.data
90.0 350.0 17 25.656118942731283 0cd9414a_20240821_224430.data
110.0 350.0 17 25.537859030837005 0cd9414a_20240821_224454.data
130.0 350.0 17 25.299982378854633 0cd9414a_20240821_224518.data
150.0 350.0 17 25.419136563876656 0cd9414a_20240821_224542.data
170.0 350.0 17 25.773885462555068 0cd9414a_20240821_224606.data
190.0 350.0 17 25.537859030837005 0cd9414a_20240821_224630.data
210.0 350.0 17 25.537859030837005 0cd9414a_20240821_224654.data
230.0 350.0 17 25.537859030837005 0cd9414a_20240821_224718.data
250.0 350.0 17 25.537859030837005 0cd9414a_20240821_224742.data
270.0 350.0 17 25.537859030837005 0cd9414a_20240821_224806.data
290.0 350.0 17 25.537859030837005 0cd9414a_20240821_224830.data
290.0 370.0 17 25.419136563876656 0cd9414a_20240821_224854.data
270.0 370.0 17 25.537859030837005 0cd9414a_20240821_224918.data
250.0 370.0 17 25.419136563876656 0cd9414a_20240821_224942.data
230.0 370.0 17 25.537859030837005 0cd9414a_20240821_225006.data
210.0 370.0 17 25.537859030837005 0cd9414a_20240821_225030.data
190.0 370.0 17 25.419136563876656 0cd9414a_20240821_225054.data
170.0 370.0 17 25.537859030837005 0cd9414a_20240821_225118.data
150.0 370.0 17 25.537859030837005 0cd9414a_20240821_225142.data
130.0 370.0 17 25.537859030837005 0cd9414a_20240821_225206.data
110.0 370.0 17 25.537859030837005 0cd9414a_20240821_225230.data
90.0 370.0 17 25.537859030837005 0cd9414a_20240821_225254.data
70.0 370.0 17 25.537859030837005 0cd9414a_20240821_225318.data
50.0 370.0 17 25.537859030837005 0cd9414a_20240821_225342.data
30.0 370.0 17 25.537859030837005 0cd9414a_20240821_225406.data
10.0 370.0 17 25.537859030837005 0cd9414a_20240821_225430.data
10.0 390.0 17 25.656118942731283 0cd9414a_20240821_225454.data
30.0 390.0 17 25.773885462555068 0cd9414a_20240821_225518.data
50.0 390.0 17 25.537859030837005 0cd9414a_20240821_225542.data
70.0 390.0 17 25.537859030837005 0cd9414a_20240821_225606.data
90.0 390.0 17 25.537859030837005 0cd9414a_20240821_225630.data
110.0 390.0 17 25.537859030837005 0cd9414a_20240821_225654.data
130.0 390.0 17 25.537859030837005 0cd9414a_20240821_225718.data
150.0 390.0 17 25.537859030837005 0cd9414a_20240821_225742.data
170.0 390.0 17 25.537859030837005 0cd9414a_20240821_225806.data
190.0 390.0 17 25.537859030837005 0cd9414a_20240821_225830.data
210.0 390.0 17 25.537859030837005 0cd9414a_20240821_225854.data
230.0 390.0 17 25.537859030837005 0cd9414a_20240821_225918.data
250.0 390.0 17 25.419136563876656 0cd9414a_20240821_225942.data
270.0 390.0 17 25.537859030837005 0cd9414a_20240821_230006.data
290.0 390.0 17 25.537859030837005 0cd9414a_20240821_230030.data
290.0 410.0 17 25.419136563876656 0cd9414a_20240821_230054.data
270.0 410.0 17 25.537859030837005 0cd9414a_20240821_230118.data
250.0 410.0 17 25.537859030837005 0cd9414a_20240821_230142.data
230.0 410.0 17 25.537859030837005 0cd9414a_20240821_230206.data
210.0 410.0 17 25.419136563876656 0cd9414a_20240821_230230.data
190.0 410.0 17 25.537859030837005 0cd9414a_20240821_230254.data
170.0 410.0 17 25.537859030837005 0cd9414a_20240821_230318.data
150.0 410.0 17 25.656118942731283 0cd9414a_20240821_230342.data
130.0 410.0 17 25.537859030837005 0cd9414a_20240821_230406.data
110.0 410.0 17 25.537859030837005 0cd9414a_20240821_230430.data
90.0 410.0 17 25.419136563876656 0cd9414a_20240821_230454.data
70.0 410.0 17 25.773885462555068 0cd9414a_20240821_230518.data
50.0 410.0 17 25.656118942731283 0cd9414a_20240821_230542.data
30.0 410.0 17 25.537859030837005 0cd9414a_20240821_230606.data
10.0 410.0 17 25.537859030837005 0cd9414a_20240821_230631.data
10.0 430.0 17 25.537859030837005 0cd9414a_20240821_230655.data
30.0 430.0 17 25.537859030837005 0cd9414a_20240821_230719.data
50.0 430.0 17 25.537859030837005 0cd9414a_20240821_230743.data
70.0 430.0 17 25.537859030837005 0cd9414a_20240821_230807.data
90.0 430.0 17 25.537859030837005 0cd9414a_20240821_230831.data
110.0 430.0 17 25.537859030837005 0cd9414a_20240821_230855.data
130.0 430.0 17 25.537859030837005 0cd9414a_20240821_230919.data
150.0 430.0 17 25.537859030837005 0cd9414a_20240821_230943.data
170.0 430.0 17 25.537859030837005 0cd9414a_20240821_231007.data
190.0 430.0 17 25.537859030837005 0cd9414a_20240821_231031.data
210.0 430.0 17 25.537859030837005 0cd9414a_20240821_231055.data
230.0 430.0 17 25.537859030837005 0cd9414a_20240821_231119.data
250.0 430.0 17 25.537859030837005 0cd9414a_20240821_231143.data
270.0 430.0 17 25.537859030837005 0cd9414a_20240821_231207.data
290.0 430.0 17 25.537859030837005 0cd9414a_20240821_231231.data
290.0 450.0 17 25.537859030837005 0cd9414a_20240821_231255.data
270.0 450.0 17 25.419136563876656 0cd9414a_20240821_231319.data
250.0 450.0 17 25.419136563876656 0cd9414a_20240821_231343.data
230.0 450.0 17 25.537859030837005 0cd9414a_20240821_231407.data
210.0 450.0 17 25.537859030837005 0cd9414a_20240821_231431.data
190.0 450.0 17 25.537859030837005 0cd9414a_20240821_231455.data
170.0 450.0 17 25.537859030837005 0cd9414a_20240821_231519.data
150.0 450.0 17 25.537859030837005 0cd9414a_20240821_231543.data
130.0 450.0 17 25.537859030837005 0cd9414a_20240821_231607.data
110.0 450.0 17 25.537859030837005 0cd9414a_20240821_231631.data
90.0 450.0 17 25.537859030837005 0cd9414a_20240821_231655.data
70.0 450.0 17 25.537859030837005 0cd9414a_20240821_231719.data
50.0 450.0 17 25.537859030837005 0cd9414a_20240821_231743.data
30.0 450.0 17 25.419136563876656 0cd9414a_20240821_231807.data
10.0 450.0 17 25.773885462555068 0cd9414a_20240821_231831.data
10.0 470.0 17 25.537859030837005 0cd9414a_20240821_231855.data
30.0 470.0 17 25.537859030837005 0cd9414a_20240821_231919.data
50.0 470.0 17 25.419136563876656 0cd9414a_20240821_231943.data
70.0 470.0 17 25.537859030837005 0cd9414a_20240821_232007.data
90.0 470.0 17 25.537859030837005 0cd9414a_20240821_232031.data
110.0 470.0 17 25.537859030837005 0cd9414a_20240821_232055.data
130.0 470.0 17 25.537859030837005 0cd9414a_20240821_232119.data
150.0 470.0 17 25.537859030837005 0cd9414a_20240821_232143.data
170.0 470.0 17 25.537859030837005 0cd9414a_20240821_232207.data
190.0 470.0 17 25.537859030837005 0cd9414a_20240821_232231.data
210.0 470.0 17 25.537859030837005 0cd9414a_20240821_232255.data
230.0 470.0 17 25.537859030837005 0cd9414a_20240821_232319.data
250.0 470.0 17 25.537859030837005 0cd9414a_20240821_232343.data
270.0 470.0 17 25.537859030837005 0cd9414a_20240821_232407.data
290.0 470.0 17 25.419136563876656 0cd9414a_20240821_232431.data
