-1 -1 -1 24.637394736842104 0cd9414a_20240828_095716.data
10.0 10.0 17 24.845210526315793 0cd9414a_20240828_095755.data
30.0 10.0 17 24.637394736842104 0cd9414a_20240828_095819.data
50.0 10.0 17 24.845210526315793 0cd9414a_20240828_095843.data
70.0 10.0 17 24.637394736842104 0cd9414a_20240828_095907.data
90.0 10.0 17 24.845210526315793 0cd9414a_20240828_095931.data
110.0 10.0 17 24.741500000000002 0cd9414a_20240828_095955.data
130.0 10.0 17 24.845210526315793 0cd9414a_20240828_100019.data
150.0 10.0 17 24.637394736842104 0cd9414a_20240828_100043.data
170.0 10.0 17 24.845210526315793 0cd9414a_20240828_100107.data
190.0 10.0 17 24.637394736842104 0cd9414a_20240828_100131.data
210.0 10.0 17 24.845210526315793 0cd9414a_20240828_100155.data
230.0 10.0 17 24.532868421052633 0cd9414a_20240828_100219.data
250.0 10.0 17 24.845210526315793 0cd9414a_20240828_100243.data
270.0 10.0 17 24.741500000000002 0cd9414a_20240828_100307.data
290.0 10.0 17 24.845210526315793 0cd9414a_20240828_100331.data
290.0 30.0 17 24.637394736842104 0cd9414a_20240828_100355.data
270.0 30.0 17 24.741500000000002 0cd9414a_20240828_100419.data
250.0 30.0 17 24.637394736842104 0cd9414a_20240828_100443.data
230.0 30.0 17 24.845210526315793 0cd9414a_20240828_100507.data
210.0 30.0 17 24.532868421052633 0cd9414a_20240828_100531.data
190.0 30.0 17 24.845210526315793 0cd9414a_20240828_100555.data
170.0 30.0 17 24.427921052631582 0cd9414a_20240828_100619.data
150.0 30.0 17 24.845210526315793 0cd9414a_20240828_100643.data
130.0 30.0 17 24.532868421052633 0cd9414a_20240828_100707.data
110.0 30.0 17 24.741500000000002 0cd9414a_20240828_100731.data
90.0 30.0 17 24.741500000000002 0cd9414a_20240828_100755.data
70.0 30.0 17 24.845210526315793 0cd9414a_20240828_100819.data
50.0 30.0 17 24.741500000000002 0cd9414a_20240828_100843.data
30.0 30.0 17 24.637394736842104 0cd9414a_20240828_100907.data
10.0 30.0 17 24.845210526315793 0cd9414a_20240828_100931.data
10.0 50.0 17 24.532868421052633 0cd9414a_20240828_100955.data
30.0 50.0 17 24.845210526315793 0cd9414a_20240828_101020.data
50.0 50.0 17 24.637394736842104 0cd9414a_20240828_101044.data
70.0 50.0 17 24.845210526315793 0cd9414a_20240828_101108.data
90.0 50.0 17 24.741500000000002 0cd9414a_20240828_101132.data
110.0 50.0 17 24.741500000000002 0cd9414a_20240828_101156.data
130.0 50.0 17 24.532868421052633 0cd9414a_20240828_101220.data
150.0 50.0 17 24.741500000000002 0cd9414a_20240828_101244.data
170.0 50.0 17 24.637394736842104 0cd9414a_20240828_101308.data
190.0 50.0 17 24.845210526315793 0cd9414a_20240828_101332.data
210.0 50.0 17 24.637394736842104 0cd9414a_20240828_101356.data
230.0 50.0 17 24.845210526315793 0cd9414a_20240828_101420.data
250.0 50.0 17 24.637394736842104 0cd9414a_20240828_101444.data
270.0 50.0 17 24.845210526315793 0cd9414a_20240828_101508.data
290.0 50.0 17 24.845210526315793 0cd9414a_20240828_101532.data
290.0 70.0 17 24.845210526315793 0cd9414a_20240828_101556.data
270.0 70.0 17 24.637394736842104 0cd9414a_20240828_101620.data
250.0 70.0 17 24.845210526315793 0cd9414a_20240828_101644.data
230.0 70.0 17 24.845210526315793 0cd9414a_20240828_101708.data
210.0 70.0 17 24.532868421052633 0cd9414a_20240828_101732.data
190.0 70.0 17 24.741500000000002 0cd9414a_20240828_101756.data
170.0 70.0 17 24.845210526315793 0cd9414a_20240828_101820.data
150.0 70.0 17 24.741500000000002 0cd9414a_20240828_101844.data
130.0 70.0 17 24.637394736842104 0cd9414a_20240828_101908.data
110.0 70.0 17 24.637394736842104 0cd9414a_20240828_101932.data
90.0 70.0 17 24.741500000000002 0cd9414a_20240828_101956.data
