-1 -1 -1 27.15276211453745 0cd9414a_20240814_093608.data
10.0 10.0 17 27.15276211453745 0cd9414a_20240814_093648.data
30.0 10.0 17 27.15276211453745 0cd9414a_20240814_093712.data
50.0 10.0 17 27.15276211453745 0cd9414a_20240814_093736.data
70.0 10.0 17 27.04026872246696 0cd9414a_20240814_093800.data
90.0 10.0 17 27.15276211453745 0cd9414a_20240814_093824.data
110.0 10.0 17 27.04026872246696 0cd9414a_20240814_093848.data
130.0 10.0 17 27.15276211453745 0cd9414a_20240814_093912.data
150.0 10.0 17 27.15276211453745 0cd9414a_20240814_093936.data
170.0 10.0 17 27.15276211453745 0cd9414a_20240814_094000.data
190.0 10.0 17 27.04026872246696 0cd9414a_20240814_094024.data
210.0 10.0 17 27.15276211453745 0cd9414a_20240814_094048.data
230.0 10.0 17 27.04026872246696 0cd9414a_20240814_094112.data
250.0 10.0 17 27.04026872246696 0cd9414a_20240814_094136.data
270.0 10.0 17 27.15276211453745 0cd9414a_20240814_094200.data
290.0 10.0 17 27.264854625550658 0cd9414a_20240814_094224.data
290.0 30.0 17 27.04026872246696 0cd9414a_20240814_094248.data
270.0 30.0 17 27.15276211453745 0cd9414a_20240814_094312.data
250.0 30.0 17 27.04026872246696 0cd9414a_20240814_094336.data
230.0 30.0 17 27.15276211453745 0cd9414a_20240814_094400.data
210.0 30.0 17 27.04026872246696 0cd9414a_20240814_094424.data
190.0 30.0 17 27.15276211453745 0cd9414a_20240814_094448.data
170.0 30.0 17 27.04026872246696 0cd9414a_20240814_094512.data
150.0 30.0 17 26.9273127753304 0cd9414a_20240814_094536.data
130.0 30.0 17 27.04026872246696 0cd9414a_20240814_094600.data
110.0 30.0 17 27.04026872246696 0cd9414a_20240814_094624.data
90.0 30.0 17 27.37654625550661 0cd9414a_20240814_094648.data
70.0 30.0 17 27.37654625550661 0cd9414a_20240814_094712.data
50.0 30.0 17 27.37654625550661 0cd9414a_20240814_094736.data
30.0 30.0 17 27.37654625550661 0cd9414a_20240814_094800.data
10.0 30.0 17 27.264854625550658 0cd9414a_20240814_094824.data
10.0 50.0 17 27.264854625550658 0cd9414a_20240814_094848.data
30.0 50.0 17 27.264854625550658 0cd9414a_20240814_094912.data
50.0 50.0 17 27.37654625550661 0cd9414a_20240814_094936.data
70.0 50.0 17 27.37654625550661 0cd9414a_20240814_095000.data
90.0 50.0 17 27.37654625550661 0cd9414a_20240814_095024.data
110.0 50.0 17 27.15276211453745 0cd9414a_20240814_095048.data
130.0 50.0 17 27.264854625550658 0cd9414a_20240814_095112.data
150.0 50.0 17 27.37654625550661 0cd9414a_20240814_095136.data
170.0 50.0 17 27.37654625550661 0cd9414a_20240814_095200.data
190.0 50.0 17 27.37654625550661 0cd9414a_20240814_095224.data
210.0 50.0 17 27.37654625550661 0cd9414a_20240814_095248.data
230.0 50.0 17 27.264854625550658 0cd9414a_20240814_095312.data
250.0 50.0 17 27.37654625550661 0cd9414a_20240814_095336.data
270.0 50.0 17 27.15276211453745 0cd9414a_20240814_095400.data
290.0 50.0 17 27.37654625550661 0cd9414a_20240814_095424.data
290.0 70.0 17 27.04026872246696 0cd9414a_20240814_095448.data
270.0 70.0 17 27.15276211453745 0cd9414a_20240814_095512.data
250.0 70.0 17 27.37654625550661 0cd9414a_20240814_095536.data
230.0 70.0 17 27.37654625550661 0cd9414a_20240814_095600.data
210.0 70.0 17 27.37654625550661 0cd9414a_20240814_095624.data
190.0 70.0 17 27.264854625550658 0cd9414a_20240814_095648.data
170.0 70.0 17 27.15276211453745 0cd9414a_20240814_095712.data
150.0 70.0 17 27.15276211453745 0cd9414a_20240814_095736.data
130.0 70.0 17 27.264854625550658 0cd9414a_20240814_095800.data
110.0 70.0 17 27.264854625550658 0cd9414a_20240814_095824.data
90.0 70.0 17 27.264854625550658 0cd9414a_20240814_095848.data
70.0 70.0 17 27.37654625550661 0cd9414a_20240814_095912.data
50.0 70.0 17 27.37654625550661 0cd9414a_20240814_095936.data
30.0 70.0 17 27.04026872246696 0cd9414a_20240814_100000.data
10.0 70.0 17 27.37654625550661 0cd9414a_20240814_100024.data
10.0 90.0 17 27.37654625550661 0cd9414a_20240814_100048.data
30.0 90.0 17 27.264854625550658 0cd9414a_20240814_100113.data
50.0 90.0 17 27.37654625550661 0cd9414a_20240814_100137.data
70.0 90.0 17 27.37654625550661 0cd9414a_20240814_100201.data
90.0 90.0 17 27.37654625550661 0cd9414a_20240814_100225.data
110.0 90.0 17 27.15276211453745 0cd9414a_20240814_100249.data
130.0 90.0 17 27.37654625550661 0cd9414a_20240814_100313.data
150.0 90.0 17 27.37654625550661 0cd9414a_20240814_100337.data
170.0 90.0 17 27.15276211453745 0cd9414a_20240814_100401.data
190.0 90.0 17 27.37654625550661 0cd9414a_20240814_100425.data
210.0 90.0 17 27.37654625550661 0cd9414a_20240814_100449.data
230.0 90.0 17 27.37654625550661 0cd9414a_20240814_100513.data
250.0 90.0 17 27.15276211453745 0cd9414a_20240814_100537.data
270.0 90.0 17 27.37654625550661 0cd9414a_20240814_100601.data
290.0 90.0 17 27.37654625550661 0cd9414a_20240814_100625.data
290.0 110.0 17 27.15276211453745 0cd9414a_20240814_100649.data
270.0 110.0 17 27.37654625550661 0cd9414a_20240814_100713.data
250.0 110.0 17 27.37654625550661 0cd9414a_20240814_100737.data
230.0 110.0 17 27.37654625550661 0cd9414a_20240814_100801.data
210.0 110.0 17 27.15276211453745 0cd9414a_20240814_100825.data
190.0 110.0 17 27.37654625550661 0cd9414a_20240814_100849.data
170.0 110.0 17 27.37654625550661 0cd9414a_20240814_100913.data
150.0 110.0 17 27.04026872246696 0cd9414a_20240814_100937.data
130.0 110.0 17 27.15276211453745 0cd9414a_20240814_101001.data
110.0 110.0 17 27.37654625550661 0cd9414a_20240814_101025.data
90.0 110.0 17 27.37654625550661 0cd9414a_20240814_101049.data
70.0 110.0 17 27.15276211453745 0cd9414a_20240814_101113.data
50.0 110.0 17 27.37654625550661 0cd9414a_20240814_101137.data
30.0 110.0 17 27.37654625550661 0cd9414a_20240814_101201.data
10.0 110.0 17 27.37654625550661 0cd9414a_20240814_101225.data
10.0 130.0 17 27.15276211453745 0cd9414a_20240814_101249.data
30.0 130.0 17 27.264854625550658 0cd9414a_20240814_101313.data
50.0 130.0 17 27.37654625550661 0cd9414a_20240814_101337.data
70.0 130.0 17 27.15276211453745 0cd9414a_20240814_101401.data
90.0 130.0 17 27.37654625550661 0cd9414a_20240814_101425.data
110.0 130.0 17 27.37654625550661 0cd9414a_20240814_101449.data
130.0 130.0 17 27.37654625550661 0cd9414a_20240814_101513.data
150.0 130.0 17 27.264854625550658 0cd9414a_20240814_101537.data
170.0 130.0 17 27.264854625550658 0cd9414a_20240814_101601.data
190.0 130.0 17 27.37654625550661 0cd9414a_20240814_101625.data
210.0 130.0 17 27.15276211453745 0cd9414a_20240814_101649.data
230.0 130.0 17 27.37654625550661 0cd9414a_20240814_101713.data
250.0 130.0 17 27.37654625550661 0cd9414a_20240814_101737.data
270.0 130.0 17 27.37654625550661 0cd9414a_20240814_101801.data
290.0 130.0 17 27.264854625550658 0cd9414a_20240814_101825.data
290.0 150.0 17 27.15276211453745 0cd9414a_20240814_101849.data
270.0 150.0 17 27.264854625550658 0cd9414a_20240814_101913.data
250.0 150.0 17 27.37654625550661 0cd9414a_20240814_101937.data
230.0 150.0 17 27.37654625550661 0cd9414a_20240814_102001.data
210.0 150.0 17 27.04026872246696 0cd9414a_20240814_102025.data
190.0 150.0 17 27.15276211453745 0cd9414a_20240814_102049.data
170.0 150.0 17 27.04026872246696 0cd9414a_20240814_102113.data
150.0 150.0 17 27.37654625550661 0cd9414a_20240814_102137.data
130.0 150.0 17 27.37654625550661 0cd9414a_20240814_102201.data
110.0 150.0 17 27.15276211453745 0cd9414a_20240814_102225.data
90.0 150.0 17 27.37654625550661 0cd9414a_20240814_102249.data
70.0 150.0 17 27.37654625550661 0cd9414a_20240814_102313.data
50.0 150.0 17 27.264854625550658 0cd9414a_20240814_102337.data
30.0 150.0 17 27.37654625550661 0cd9414a_20240814_102401.data
10.0 150.0 17 27.37654625550661 0cd9414a_20240814_102425.data
10.0 170.0 17 27.264854625550658 0cd9414a_20240814_102449.data
30.0 170.0 17 27.37654625550661 0cd9414a_20240814_102513.data
50.0 170.0 17 27.37654625550661 0cd9414a_20240814_102537.data
70.0 170.0 17 27.15276211453745 0cd9414a_20240814_102601.data
90.0 170.0 17 27.37654625550661 0cd9414a_20240814_102625.data
110.0 170.0 17 27.15276211453745 0cd9414a_20240814_102649.data
130.0 170.0 17 27.37654625550661 0cd9414a_20240814_102713.data
150.0 170.0 17 27.264854625550658 0cd9414a_20240814_102737.data
170.0 170.0 17 27.264854625550658 0cd9414a_20240814_102801.data
190.0 170.0 17 27.15276211453745 0cd9414a_20240814_102825.data
210.0 170.0 17 27.264854625550658 0cd9414a_20240814_102849.data
230.0 170.0 17 27.264854625550658 0cd9414a_20240814_102913.data
250.0 170.0 17 27.264854625550658 0cd9414a_20240814_102937.data
270.0 170.0 17 27.264854625550658 0cd9414a_20240814_103001.data
290.0 170.0 17 27.15276211453745 0cd9414a_20240814_103025.data
290.0 190.0 17 27.264854625550658 0cd9414a_20240814_103049.data
270.0 190.0 17 27.15276211453745 0cd9414a_20240814_103113.data
250.0 190.0 17 27.37654625550661 0cd9414a_20240814_103137.data
230.0 190.0 17 27.15276211453745 0cd9414a_20240814_103201.data
210.0 190.0 17 27.04026872246696 0cd9414a_20240814_103225.data
190.0 190.0 17 27.37654625550661 0cd9414a_20240814_103249.data
170.0 190.0 17 27.264854625550658 0cd9414a_20240814_103313.data
150.0 190.0 17 27.264854625550658 0cd9414a_20240814_103337.data
130.0 190.0 17 27.264854625550658 0cd9414a_20240814_103401.data
110.0 190.0 17 27.37654625550661 0cd9414a_20240814_103425.data
90.0 190.0 17 27.37654625550661 0cd9414a_20240814_103449.data
70.0 190.0 17 27.37654625550661 0cd9414a_20240814_103513.data
50.0 190.0 17 27.37654625550661 0cd9414a_20240814_103537.data
30.0 190.0 17 27.37654625550661 0cd9414a_20240814_103601.data
10.0 190.0 17 27.15276211453745 0cd9414a_20240814_103625.data
10.0 210.0 17 27.15276211453745 0cd9414a_20240814_103649.data
30.0 210.0 17 27.15276211453745 0cd9414a_20240814_103713.data
50.0 210.0 17 27.15276211453745 0cd9414a_20240814_103738.data
70.0 210.0 17 27.15276211453745 0cd9414a_20240814_103802.data
90.0 210.0 17 27.37654625550661 0cd9414a_20240814_103826.data
110.0 210.0 17 27.264854625550658 0cd9414a_20240814_103850.data
130.0 210.0 17 27.264854625550658 0cd9414a_20240814_103914.data
150.0 210.0 17 27.37654625550661 0cd9414a_20240814_103938.data
170.0 210.0 17 27.04026872246696 0cd9414a_20240814_104002.data
190.0 210.0 17 27.264854625550658 0cd9414a_20240814_104026.data
210.0 210.0 17 27.264854625550658 0cd9414a_20240814_104050.data
230.0 210.0 17 27.04026872246696 0cd9414a_20240814_104114.data
250.0 210.0 17 27.264854625550658 0cd9414a_20240814_104138.data
270.0 210.0 17 27.37654625550661 0cd9414a_20240814_104202.data
290.0 210.0 17 27.37654625550661 0cd9414a_20240814_104226.data
290.0 230.0 17 27.37654625550661 0cd9414a_20240814_104250.data
270.0 230.0 17 27.264854625550658 0cd9414a_20240814_104314.data
250.0 230.0 17 27.37654625550661 0cd9414a_20240814_104338.data
230.0 230.0 17 27.264854625550658 0cd9414a_20240814_104402.data
210.0 230.0 17 27.37654625550661 0cd9414a_20240814_104426.data
190.0 230.0 17 27.37654625550661 0cd9414a_20240814_104450.data
170.0 230.0 17 27.264854625550658 0cd9414a_20240814_104514.data
150.0 230.0 17 27.264854625550658 0cd9414a_20240814_104538.data
130.0 230.0 17 27.264854625550658 0cd9414a_20240814_104602.data
110.0 230.0 17 27.264854625550658 0cd9414a_20240814_104626.data
90.0 230.0 17 27.37654625550661 0cd9414a_20240814_104650.data
70.0 230.0 17 27.37654625550661 0cd9414a_20240814_104714.data
50.0 230.0 17 27.15276211453745 0cd9414a_20240814_104738.data
30.0 230.0 17 27.15276211453745 0cd9414a_20240814_104802.data
10.0 230.0 17 27.15276211453745 0cd9414a_20240814_104826.data
10.0 250.0 17 27.264854625550658 0cd9414a_20240814_104850.data
30.0 250.0 17 27.37654625550661 0cd9414a_20240814_104914.data
50.0 250.0 17 27.15276211453745 0cd9414a_20240814_104938.data
70.0 250.0 17 27.264854625550658 0cd9414a_20240814_105002.data
90.0 250.0 17 27.37654625550661 0cd9414a_20240814_105026.data
110.0 250.0 17 27.15276211453745 0cd9414a_20240814_105050.data
130.0 250.0 17 27.15276211453745 0cd9414a_20240814_105114.data
150.0 250.0 17 27.264854625550658 0cd9414a_20240814_105138.data
170.0 250.0 17 27.04026872246696 0cd9414a_20240814_105202.data
190.0 250.0 17 27.264854625550658 0cd9414a_20240814_105226.data
210.0 250.0 17 27.37654625550661 0cd9414a_20240814_105250.data
230.0 250.0 17 27.264854625550658 0cd9414a_20240814_105314.data
250.0 250.0 17 27.37654625550661 0cd9414a_20240814_105338.data
270.0 250.0 17 27.37654625550661 0cd9414a_20240814_105402.data
290.0 250.0 17 27.264854625550658 0cd9414a_20240814_105426.data
290.0 270.0 17 27.37654625550661 0cd9414a_20240814_105450.data
270.0 270.0 17 27.15276211453745 0cd9414a_20240814_105514.data
250.0 270.0 17 27.264854625550658 0cd9414a_20240814_105538.data
230.0 270.0 17 27.37654625550661 0cd9414a_20240814_105602.data
210.0 270.0 17 27.15276211453745 0cd9414a_20240814_105626.data
190.0 270.0 17 27.37654625550661 0cd9414a_20240814_105650.data
170.0 270.0 17 27.04026872246696 0cd9414a_20240814_105714.data
150.0 270.0 17 27.15276211453745 0cd9414a_20240814_105738.data
130.0 270.0 17 27.264854625550658 0cd9414a_20240814_105802.data
110.0 270.0 17 27.04026872246696 0cd9414a_20240814_105826.data
90.0 270.0 17 27.04026872246696 0cd9414a_20240814_105850.data
70.0 270.0 17 27.04026872246696 0cd9414a_20240814_105914.data
50.0 270.0 17 27.04026872246696 0cd9414a_20240814_105938.data
30.0 270.0 17 27.04026872246696 0cd9414a_20240814_110002.data
10.0 270.0 17 27.04026872246696 0cd9414a_20240814_110026.data
10.0 290.0 17 27.04026872246696 0cd9414a_20240814_110050.data
30.0 290.0 17 27.04026872246696 0cd9414a_20240814_110114.data
50.0 290.0 17 27.04026872246696 0cd9414a_20240814_110138.data
70.0 290.0 17 27.04026872246696 0cd9414a_20240814_110202.data
90.0 290.0 17 27.15276211453745 0cd9414a_20240814_110226.data
110.0 290.0 17 27.04026872246696 0cd9414a_20240814_110250.data
130.0 290.0 17 27.04026872246696 0cd9414a_20240814_110314.data
150.0 290.0 17 27.04026872246696 0cd9414a_20240814_110338.data
170.0 290.0 17 27.04026872246696 0cd9414a_20240814_110402.data
190.0 290.0 17 27.04026872246696 0cd9414a_20240814_110426.data
210.0 290.0 17 27.04026872246696 0cd9414a_20240814_110450.data
230.0 290.0 17 27.04026872246696 0cd9414a_20240814_110514.data
250.0 290.0 17 27.04026872246696 0cd9414a_20240814_110538.data
270.0 290.0 17 27.04026872246696 0cd9414a_20240814_110602.data
290.0 290.0 17 27.04026872246696 0cd9414a_20240814_110626.data
290.0 310.0 17 27.04026872246696 0cd9414a_20240814_110650.data
270.0 310.0 17 27.04026872246696 0cd9414a_20240814_110714.data
250.0 310.0 17 26.9273127753304 0cd9414a_20240814_110738.data
230.0 310.0 17 27.04026872246696 0cd9414a_20240814_110802.data
210.0 310.0 17 27.04026872246696 0cd9414a_20240814_110826.data
190.0 310.0 17 27.04026872246696 0cd9414a_20240814_110850.data
170.0 310.0 17 -1 0cd9414a_20240814_110914.data
150.0 310.0 17 27.15276211453745 0cd9414a_20240814_110938.data
130.0 310.0 17 27.15276211453745 0cd9414a_20240814_111002.data
110.0 310.0 17 -1 0cd9414a_20240814_111026.data
90.0 310.0 17 27.04026872246696 0cd9414a_20240814_111050.data
70.0 310.0 17 27.04026872246696 0cd9414a_20240814_111115.data
50.0 310.0 17 27.04026872246696 0cd9414a_20240814_111139.data
30.0 310.0 17 27.04026872246696 0cd9414a_20240814_111203.data
10.0 310.0 17 27.04026872246696 0cd9414a_20240814_111227.data
10.0 330.0 17 27.04026872246696 0cd9414a_20240814_111251.data
30.0 330.0 17 -1 0cd9414a_20240814_111315.data
50.0 330.0 17 26.9273127753304 0cd9414a_20240814_111339.data
70.0 330.0 17 27.04026872246696 0cd9414a_20240814_111403.data
90.0 330.0 17 27.04026872246696 0cd9414a_20240814_111427.data
110.0 330.0 17 27.041409691629962 0cd9414a_20240814_111451.data
130.0 330.0 17 27.264854625550658 0cd9414a_20240814_111515.data
150.0 330.0 17 27.264854625550658 0cd9414a_20240814_111539.data
170.0 330.0 17 27.264854625550658 0cd9414a_20240814_111603.data
190.0 330.0 17 27.264854625550658 0cd9414a_20240814_111627.data
210.0 330.0 17 27.264854625550658 0cd9414a_20240814_111651.data
230.0 330.0 17 27.264854625550658 0cd9414a_20240814_111715.data
250.0 330.0 17 27.264854625550658 0cd9414a_20240814_111739.data
270.0 330.0 17 27.264854625550658 0cd9414a_20240814_111803.data
290.0 330.0 17 27.264854625550658 0cd9414a_20240814_111827.data
10.0 350.0 17 27.264854625550658 0cd9414a_20240814_115210.data
30.0 350.0 17 27.264854625550658 0cd9414a_20240814_115234.data
50.0 350.0 17 27.264854625550658 0cd9414a_20240814_115258.data
70.0 350.0 17 27.487775330396477 0cd9414a_20240814_115322.data
90.0 350.0 17 27.15276211453745 0cd9414a_20240814_115346.data
110.0 350.0 17 27.15276211453745 0cd9414a_20240814_115410.data
130.0 350.0 17 27.264854625550658 0cd9414a_20240814_115434.data
150.0 350.0 17 27.04026872246696 0cd9414a_20240814_115458.data
170.0 350.0 17 27.264854625550658 0cd9414a_20240814_115522.data
190.0 350.0 17 27.264854625550658 0cd9414a_20240814_115546.data
210.0 350.0 17 27.264854625550658 0cd9414a_20240814_115610.data
230.0 350.0 17 27.264854625550658 0cd9414a_20240814_115634.data
250.0 350.0 17 27.264854625550658 0cd9414a_20240814_115658.data
270.0 350.0 17 27.264854625550658 0cd9414a_20240814_115722.data
290.0 350.0 17 27.264854625550658 0cd9414a_20240814_115746.data
290.0 370.0 17 27.264854625550658 0cd9414a_20240814_115810.data
270.0 370.0 17 27.264854625550658 0cd9414a_20240814_115834.data
250.0 370.0 17 27.264854625550658 0cd9414a_20240814_115858.data
230.0 370.0 17 27.264854625550658 0cd9414a_20240814_115922.data
210.0 370.0 17 27.264854625550658 0cd9414a_20240814_115946.data
190.0 370.0 17 27.264854625550658 0cd9414a_20240814_120010.data
170.0 370.0 17 27.264854625550658 0cd9414a_20240814_120034.data
150.0 370.0 17 27.264854625550658 0cd9414a_20240814_120058.data
130.0 370.0 17 27.264854625550658 0cd9414a_20240814_120122.data
110.0 370.0 17 27.264854625550658 0cd9414a_20240814_120146.data
90.0 370.0 17 27.264854625550658 0cd9414a_20240814_120210.data
70.0 370.0 17 27.264854625550658 0cd9414a_20240814_120234.data
50.0 370.0 17 27.15276211453745 0cd9414a_20240814_120258.data
30.0 370.0 17 27.264854625550658 0cd9414a_20240814_120322.data
10.0 370.0 17 27.264854625550658 0cd9414a_20240814_120346.data
10.0 390.0 17 27.264854625550658 0cd9414a_20240814_120410.data
30.0 390.0 17 27.264854625550658 0cd9414a_20240814_120434.data
50.0 390.0 17 27.264854625550658 0cd9414a_20240814_120458.data
70.0 390.0 17 27.264854625550658 0cd9414a_20240814_120522.data
90.0 390.0 17 27.264854625550658 0cd9414a_20240814_120546.data
110.0 390.0 17 27.264854625550658 0cd9414a_20240814_120610.data
130.0 390.0 17 27.264854625550658 0cd9414a_20240814_120634.data
150.0 390.0 17 27.264854625550658 0cd9414a_20240814_120658.data
170.0 390.0 17 27.264854625550658 0cd9414a_20240814_120722.data
190.0 390.0 17 27.264854625550658 0cd9414a_20240814_120746.data
210.0 390.0 17 27.264854625550658 0cd9414a_20240814_120810.data
230.0 390.0 17 27.264854625550658 0cd9414a_20240814_120834.data
250.0 390.0 17 27.264854625550658 0cd9414a_20240814_120858.data
270.0 390.0 17 27.264854625550658 0cd9414a_20240814_120922.data
290.0 390.0 17 27.37654625550661 0cd9414a_20240814_120946.data
290.0 410.0 17 27.264854625550658 0cd9414a_20240814_121010.data
270.0 410.0 17 27.264854625550658 0cd9414a_20240814_121034.data
250.0 410.0 17 27.264854625550658 0cd9414a_20240814_121058.data
230.0 410.0 17 27.264854625550658 0cd9414a_20240814_121122.data
210.0 410.0 17 27.264854625550658 0cd9414a_20240814_121146.data
190.0 410.0 17 27.264854625550658 0cd9414a_20240814_121210.data
170.0 410.0 17 27.264854625550658 0cd9414a_20240814_121234.data
150.0 410.0 17 27.264854625550658 0cd9414a_20240814_121258.data
130.0 410.0 17 27.264854625550658 0cd9414a_20240814_121322.data
110.0 410.0 17 27.264854625550658 0cd9414a_20240814_121346.data
90.0 410.0 17 27.264854625550658 0cd9414a_20240814_121410.data
70.0 410.0 17 27.264854625550658 0cd9414a_20240814_121434.data
50.0 410.0 17 27.264854625550658 0cd9414a_20240814_121458.data
30.0 410.0 17 27.264854625550658 0cd9414a_20240814_121522.data
10.0 410.0 17 27.264854625550658 0cd9414a_20240814_121546.data
10.0 430.0 17 27.264854625550658 0cd9414a_20240814_121610.data
30.0 430.0 17 27.264854625550658 0cd9414a_20240814_121634.data
50.0 430.0 17 27.264854625550658 0cd9414a_20240814_121658.data
70.0 430.0 17 27.264854625550658 0cd9414a_20240814_121722.data
90.0 430.0 17 27.264854625550658 0cd9414a_20240814_121746.data
110.0 430.0 17 27.15276211453745 0cd9414a_20240814_121810.data
130.0 430.0 17 27.264854625550658 0cd9414a_20240814_121834.data
150.0 430.0 17 27.264854625550658 0cd9414a_20240814_121858.data
170.0 430.0 17 27.264854625550658 0cd9414a_20240814_121922.data
190.0 430.0 17 27.264854625550658 0cd9414a_20240814_121946.data
210.0 430.0 17 27.264854625550658 0cd9414a_20240814_122010.data
230.0 430.0 17 27.264854625550658 0cd9414a_20240814_122035.data
250.0 430.0 17 27.264854625550658 0cd9414a_20240814_122059.data
270.0 430.0 17 27.264854625550658 0cd9414a_20240814_122123.data
290.0 430.0 17 27.264854625550658 0cd9414a_20240814_122147.data
290.0 450.0 17 27.264854625550658 0cd9414a_20240814_122211.data
270.0 450.0 17 27.264854625550658 0cd9414a_20240814_122235.data
250.0 450.0 17 27.15276211453745 0cd9414a_20240814_122259.data
230.0 450.0 17 27.264854625550658 0cd9414a_20240814_122323.data
210.0 450.0 17 27.264854625550658 0cd9414a_20240814_122347.data
190.0 450.0 17 27.264854625550658 0cd9414a_20240814_122411.data
170.0 450.0 17 27.264854625550658 0cd9414a_20240814_122435.data
150.0 450.0 17 27.264854625550658 0cd9414a_20240814_122459.data
130.0 450.0 17 27.264854625550658 0cd9414a_20240814_122523.data
110.0 450.0 17 27.264854625550658 0cd9414a_20240814_122547.data
90.0 450.0 17 27.264854625550658 0cd9414a_20240814_122611.data
70.0 450.0 17 27.264854625550658 0cd9414a_20240814_122635.data
50.0 450.0 17 27.264854625550658 0cd9414a_20240814_122659.data
30.0 450.0 17 27.264854625550658 0cd9414a_20240814_122723.data
10.0 450.0 17 27.264854625550658 0cd9414a_20240814_122747.data
10.0 470.0 17 27.264854625550658 0cd9414a_20240814_122811.data
30.0 470.0 17 27.37654625550661 0cd9414a_20240814_122835.data
50.0 470.0 17 27.264854625550658 0cd9414a_20240814_122859.data
70.0 470.0 17 27.264854625550658 0cd9414a_20240814_122923.data
90.0 470.0 17 27.15276211453745 0cd9414a_20240814_122947.data
110.0 470.0 17 27.264854625550658 0cd9414a_20240814_123011.data
130.0 470.0 17 27.264854625550658 0cd9414a_20240814_123035.data
150.0 470.0 17 27.264854625550658 0cd9414a_20240814_123059.data
170.0 470.0 17 27.264854625550658 0cd9414a_20240814_123123.data
190.0 470.0 17 27.264854625550658 0cd9414a_20240814_123147.data
210.0 470.0 17 27.264854625550658 0cd9414a_20240814_123211.data
230.0 470.0 17 27.264854625550658 0cd9414a_20240814_123235.data
250.0 470.0 17 27.264854625550658 0cd9414a_20240814_123259.data
270.0 470.0 17 27.264854625550658 0cd9414a_20240814_123323.data
290.0 470.0 17 27.264854625550658 0cd9414a_20240814_123347.data
