-1 -1 -1 25.180334801762115 0cd9414a_20240821_170641.data
10.0 10.0 17 25.180334801762115 0cd9414a_20240821_170721.data
30.0 10.0 17 25.180334801762115 0cd9414a_20240821_170745.data
50.0 10.0 17 25.180334801762115 0cd9414a_20240821_170809.data
70.0 10.0 17 25.180334801762115 0cd9414a_20240821_170833.data
90.0 10.0 17 25.180334801762115 0cd9414a_20240821_170857.data
110.0 10.0 17 25.180334801762115 0cd9414a_20240821_170921.data
130.0 10.0 17 25.06022466960353 0cd9414a_20240821_170945.data
150.0 10.0 17 25.180334801762115 0cd9414a_20240821_171009.data
170.0 10.0 17 25.06022466960353 0cd9414a_20240821_171033.data
190.0 10.0 17 25.180334801762115 0cd9414a_20240821_171057.data
210.0 10.0 17 25.06022466960353 0cd9414a_20240821_171121.data
230.0 10.0 17 25.180334801762115 0cd9414a_20240821_171145.data
250.0 10.0 17 25.180334801762115 0cd9414a_20240821_171209.data
270.0 10.0 17 25.180334801762115 0cd9414a_20240821_171233.data
290.0 10.0 17 25.180334801762115 0cd9414a_20240821_171257.data
290.0 30.0 17 25.180334801762115 0cd9414a_20240821_171321.data
270.0 30.0 17 25.06022466960353 0cd9414a_20240821_171345.data
250.0 30.0 17 25.180334801762115 0cd9414a_20240821_171409.data
230.0 30.0 17 25.180334801762115 0cd9414a_20240821_171433.data
210.0 30.0 17 25.180334801762115 0cd9414a_20240821_171457.data
190.0 30.0 17 25.180334801762115 0cd9414a_20240821_171521.data
170.0 30.0 17 25.180334801762115 0cd9414a_20240821_171545.data
150.0 30.0 17 25.180334801762115 0cd9414a_20240821_171609.data
130.0 30.0 17 25.180334801762115 0cd9414a_20240821_171633.data
110.0 30.0 17 25.180334801762115 0cd9414a_20240821_171657.data
90.0 30.0 17 25.180334801762115 0cd9414a_20240821_171721.data
70.0 30.0 17 25.180334801762115 0cd9414a_20240821_171745.data
50.0 30.0 17 25.06022466960353 0cd9414a_20240821_171809.data
30.0 30.0 17 25.180334801762115 0cd9414a_20240821_171833.data
10.0 30.0 17 25.180334801762115 0cd9414a_20240821_171857.data
10.0 50.0 17 25.180334801762115 0cd9414a_20240821_171921.data
30.0 50.0 17 25.180334801762115 0cd9414a_20240821_171945.data
50.0 50.0 17 25.180334801762115 0cd9414a_20240821_172009.data
70.0 50.0 17 25.06022466960353 0cd9414a_20240821_172033.data
90.0 50.0 17 25.180334801762115 0cd9414a_20240821_172057.data
110.0 50.0 17 25.180334801762115 0cd9414a_20240821_172121.data
130.0 50.0 17 25.299982378854633 0cd9414a_20240821_172145.data
150.0 50.0 17 24.948500000000003 0cd9414a_20240821_172209.data
170.0 50.0 17 25.180334801762115 0cd9414a_20240821_172233.data
190.0 50.0 17 25.06022466960353 0cd9414a_20240821_172257.data
210.0 50.0 17 25.180334801762115 0cd9414a_20240821_172321.data
230.0 50.0 17 25.299982378854633 0cd9414a_20240821_172345.data
250.0 50.0 17 25.06022466960353 0cd9414a_20240821_172409.data
270.0 50.0 17 25.06022466960353 0cd9414a_20240821_172433.data
290.0 50.0 17 25.180334801762115 0cd9414a_20240821_172457.data
290.0 70.0 17 25.06022466960353 0cd9414a_20240821_172521.data
270.0 70.0 17 25.06022466960353 0cd9414a_20240821_172545.data
250.0 70.0 17 25.06022466960353 0cd9414a_20240821_172609.data
230.0 70.0 17 25.180334801762115 0cd9414a_20240821_172633.data
210.0 70.0 17 25.06022466960353 0cd9414a_20240821_172657.data
190.0 70.0 17 25.06022466960353 0cd9414a_20240821_172721.data
170.0 70.0 17 25.180334801762115 0cd9414a_20240821_172745.data
150.0 70.0 17 25.06022466960353 0cd9414a_20240821_172809.data
130.0 70.0 17 25.06022466960353 0cd9414a_20240821_172833.data
110.0 70.0 17 25.180334801762115 0cd9414a_20240821_172857.data
90.0 70.0 17 25.06022466960353 0cd9414a_20240821_172921.data
70.0 70.0 17 25.180334801762115 0cd9414a_20240821_172945.data
50.0 70.0 17 25.299982378854633 0cd9414a_20240821_173009.data
30.0 70.0 17 24.948500000000003 0cd9414a_20240821_173033.data
10.0 70.0 17 25.06022466960353 0cd9414a_20240821_173058.data
10.0 90.0 17 25.299982378854633 0cd9414a_20240821_173122.data
30.0 90.0 17 25.180334801762115 0cd9414a_20240821_173146.data
50.0 90.0 17 25.06022466960353 0cd9414a_20240821_173210.data
70.0 90.0 17 25.06022466960353 0cd9414a_20240821_173234.data
90.0 90.0 17 25.180334801762115 0cd9414a_20240821_173258.data
110.0 90.0 17 25.06022466960353 0cd9414a_20240821_173322.data
130.0 90.0 17 25.180334801762115 0cd9414a_20240821_173346.data
150.0 90.0 17 25.06022466960353 0cd9414a_20240821_173410.data
170.0 90.0 17 25.06022466960353 0cd9414a_20240821_173434.data
190.0 90.0 17 25.06022466960353 0cd9414a_20240821_173458.data
210.0 90.0 17 25.06022466960353 0cd9414a_20240821_173522.data
230.0 90.0 17 25.180334801762115 0cd9414a_20240821_173546.data
250.0 90.0 17 25.180334801762115 0cd9414a_20240821_173610.data
270.0 90.0 17 25.180334801762115 0cd9414a_20240821_173634.data
290.0 90.0 17 25.180334801762115 0cd9414a_20240821_173658.data
290.0 110.0 17 25.180334801762115 0cd9414a_20240821_173722.data
270.0 110.0 17 25.06022466960353 0cd9414a_20240821_173746.data
250.0 110.0 17 25.299982378854633 0cd9414a_20240821_173810.data
230.0 110.0 17 25.180334801762115 0cd9414a_20240821_173834.data
210.0 110.0 17 25.180334801762115 0cd9414a_20240821_173858.data
190.0 110.0 17 25.180334801762115 0cd9414a_20240821_173922.data
170.0 110.0 17 25.180334801762115 0cd9414a_20240821_173946.data
150.0 110.0 17 25.180334801762115 0cd9414a_20240821_174010.data
130.0 110.0 17 25.299982378854633 0cd9414a_20240821_174034.data
110.0 110.0 17 25.299982378854633 0cd9414a_20240821_174058.data
90.0 110.0 17 25.180334801762115 0cd9414a_20240821_174122.data
70.0 110.0 17 25.180334801762115 0cd9414a_20240821_174146.data
50.0 110.0 17 25.180334801762115 0cd9414a_20240821_174210.data
30.0 110.0 17 25.06022466960353 0cd9414a_20240821_174234.data
10.0 110.0 17 25.06022466960353 0cd9414a_20240821_174258.data
10.0 130.0 17 25.299982378854633 0cd9414a_20240821_174322.data
30.0 130.0 17 25.180334801762115 0cd9414a_20240821_174346.data
50.0 130.0 17 25.180334801762115 0cd9414a_20240821_174410.data
70.0 130.0 17 25.06022466960353 0cd9414a_20240821_174434.data
90.0 130.0 17 25.06022466960353 0cd9414a_20240821_174458.data
110.0 130.0 17 25.06022466960353 0cd9414a_20240821_174522.data
130.0 130.0 17 25.180334801762115 0cd9414a_20240821_174546.data
150.0 130.0 17 25.299982378854633 0cd9414a_20240821_174610.data
170.0 130.0 17 25.180334801762115 0cd9414a_20240821_174634.data
190.0 130.0 17 25.180334801762115 0cd9414a_20240821_174658.data
210.0 130.0 17 25.06022466960353 0cd9414a_20240821_174722.data
230.0 130.0 17 25.180334801762115 0cd9414a_20240821_174746.data
250.0 130.0 17 25.06022466960353 0cd9414a_20240821_174810.data
270.0 130.0 17 25.06022466960353 0cd9414a_20240821_174834.data
290.0 130.0 17 25.180334801762115 0cd9414a_20240821_174858.data
290.0 150.0 17 25.06022466960353 0cd9414a_20240821_174922.data
270.0 150.0 17 25.06022466960353 0cd9414a_20240821_174946.data
250.0 150.0 17 25.06022466960353 0cd9414a_20240821_175010.data
230.0 150.0 17 25.06022466960353 0cd9414a_20240821_175034.data
210.0 150.0 17 25.180334801762115 0cd9414a_20240821_175058.data
190.0 150.0 17 25.06022466960353 0cd9414a_20240821_175122.data
170.0 150.0 17 25.180334801762115 0cd9414a_20240821_175146.data
150.0 150.0 17 25.180334801762115 0cd9414a_20240821_175210.data
130.0 150.0 17 25.180334801762115 0cd9414a_20240821_175234.data
110.0 150.0 17 25.06022466960353 0cd9414a_20240821_175258.data
90.0 150.0 17 25.180334801762115 0cd9414a_20240821_175322.data
70.0 150.0 17 25.06022466960353 0cd9414a_20240821_175346.data
50.0 150.0 17 25.06022466960353 0cd9414a_20240821_175410.data
30.0 150.0 17 25.180334801762115 0cd9414a_20240821_175434.data
10.0 150.0 17 25.180334801762115 0cd9414a_20240821_175458.data
10.0 170.0 17 25.180334801762115 0cd9414a_20240821_175522.data
30.0 170.0 17 25.180334801762115 0cd9414a_20240821_175546.data
50.0 170.0 17 25.180334801762115 0cd9414a_20240821_175610.data
70.0 170.0 17 25.180334801762115 0cd9414a_20240821_175634.data
90.0 170.0 17 25.06022466960353 0cd9414a_20240821_175658.data
110.0 170.0 17 25.180334801762115 0cd9414a_20240821_175722.data
130.0 170.0 17 25.180334801762115 0cd9414a_20240821_175746.data
150.0 170.0 17 25.180334801762115 0cd9414a_20240821_175810.data
170.0 170.0 17 25.180334801762115 0cd9414a_20240821_175834.data
190.0 170.0 17 25.06022466960353 0cd9414a_20240821_175858.data
210.0 170.0 17 25.06022466960353 0cd9414a_20240821_175922.data
230.0 170.0 17 25.06022466960353 0cd9414a_20240821_175946.data
250.0 170.0 17 25.06022466960353 0cd9414a_20240821_180010.data
270.0 170.0 17 25.06022466960353 0cd9414a_20240821_180034.data
290.0 170.0 17 25.180334801762115 0cd9414a_20240821_180058.data
290.0 190.0 17 25.06022466960353 0cd9414a_20240821_180122.data
270.0 190.0 17 25.180334801762115 0cd9414a_20240821_180146.data
250.0 190.0 17 25.180334801762115 0cd9414a_20240821_180211.data
230.0 190.0 17 25.180334801762115 0cd9414a_20240821_180235.data
210.0 190.0 17 25.06022466960353 0cd9414a_20240821_180259.data
190.0 190.0 17 25.180334801762115 0cd9414a_20240821_180323.data
170.0 190.0 17 25.06022466960353 0cd9414a_20240821_180347.data
150.0 190.0 17 25.06022466960353 0cd9414a_20240821_180411.data
130.0 190.0 17 25.180334801762115 0cd9414a_20240821_180435.data
110.0 190.0 17 25.06022466960353 0cd9414a_20240821_180459.data
90.0 190.0 17 25.06022466960353 0cd9414a_20240821_180523.data
70.0 190.0 17 25.06022466960353 0cd9414a_20240821_180547.data
50.0 190.0 17 25.06022466960353 0cd9414a_20240821_180611.data
30.0 190.0 17 25.06022466960353 0cd9414a_20240821_180635.data
10.0 190.0 17 25.180334801762115 0cd9414a_20240821_180659.data
10.0 210.0 17 25.06022466960353 0cd9414a_20240821_180723.data
30.0 210.0 17 25.06022466960353 0cd9414a_20240821_180747.data
50.0 210.0 17 25.06022466960353 0cd9414a_20240821_180811.data
70.0 210.0 17 25.06022466960353 0cd9414a_20240821_180835.data
90.0 210.0 17 25.180334801762115 0cd9414a_20240821_180859.data
110.0 210.0 17 25.180334801762115 0cd9414a_20240821_180923.data
130.0 210.0 17 25.06022466960353 0cd9414a_20240821_180947.data
150.0 210.0 17 25.06022466960353 0cd9414a_20240821_181011.data
170.0 210.0 17 25.06022466960353 0cd9414a_20240821_181035.data
190.0 210.0 17 25.06022466960353 0cd9414a_20240821_181059.data
210.0 210.0 17 25.180334801762115 0cd9414a_20240821_181123.data
230.0 210.0 17 25.06022466960353 0cd9414a_20240821_181147.data
250.0 210.0 17 25.06022466960353 0cd9414a_20240821_181211.data
270.0 210.0 17 25.299982378854633 0cd9414a_20240821_181235.data
290.0 210.0 17 25.06022466960353 0cd9414a_20240821_181259.data
290.0 230.0 17 25.06022466960353 0cd9414a_20240821_181323.data
270.0 230.0 17 25.180334801762115 0cd9414a_20240821_181347.data
250.0 230.0 17 25.180334801762115 0cd9414a_20240821_181411.data
230.0 230.0 17 25.06022466960353 0cd9414a_20240821_181435.data
210.0 230.0 17 25.180334801762115 0cd9414a_20240821_181459.data
190.0 230.0 17 25.06022466960353 0cd9414a_20240821_181523.data
170.0 230.0 17 25.06022466960353 0cd9414a_20240821_181547.data
150.0 230.0 17 25.180334801762115 0cd9414a_20240821_181611.data
130.0 230.0 17 25.180334801762115 0cd9414a_20240821_181635.data
110.0 230.0 17 25.180334801762115 0cd9414a_20240821_181659.data
90.0 230.0 17 25.06022466960353 0cd9414a_20240821_181723.data
70.0 230.0 17 25.180334801762115 0cd9414a_20240821_181747.data
50.0 230.0 17 25.180334801762115 0cd9414a_20240821_181811.data
30.0 230.0 17 25.06022466960353 0cd9414a_20240821_181835.data
10.0 230.0 17 25.06022466960353 0cd9414a_20240821_181859.data
10.0 250.0 17 25.180334801762115 0cd9414a_20240821_181923.data
30.0 250.0 17 25.06022466960353 0cd9414a_20240821_181947.data
50.0 250.0 17 25.06022466960353 0cd9414a_20240821_182011.data
70.0 250.0 17 25.06022466960353 0cd9414a_20240821_182035.data
90.0 250.0 17 25.180334801762115 0cd9414a_20240821_182059.data
110.0 250.0 17 25.06022466960353 0cd9414a_20240821_182123.data
130.0 250.0 17 25.180334801762115 0cd9414a_20240821_182147.data
150.0 250.0 17 25.180334801762115 0cd9414a_20240821_182211.data
170.0 250.0 17 25.180334801762115 0cd9414a_20240821_182235.data
190.0 250.0 17 25.06022466960353 0cd9414a_20240821_182259.data
210.0 250.0 17 25.180334801762115 0cd9414a_20240821_182323.data
230.0 250.0 17 25.180334801762115 0cd9414a_20240821_182347.data
250.0 250.0 17 25.06022466960353 0cd9414a_20240821_182411.data
270.0 250.0 17 25.06022466960353 0cd9414a_20240821_182435.data
290.0 250.0 17 25.06022466960353 0cd9414a_20240821_182459.data
290.0 270.0 17 25.06022466960353 0cd9414a_20240821_182523.data
270.0 270.0 17 25.180334801762115 0cd9414a_20240821_182547.data
250.0 270.0 17 25.180334801762115 0cd9414a_20240821_182611.data
230.0 270.0 17 25.06022466960353 0cd9414a_20240821_182635.data
210.0 270.0 17 25.06022466960353 0cd9414a_20240821_182659.data
190.0 270.0 17 25.06022466960353 0cd9414a_20240821_182723.data
170.0 270.0 17 25.06022466960353 0cd9414a_20240821_182747.data
150.0 270.0 17 25.06022466960353 0cd9414a_20240821_182811.data
130.0 270.0 17 25.180334801762115 0cd9414a_20240821_182835.data
110.0 270.0 17 25.180334801762115 0cd9414a_20240821_182859.data
90.0 270.0 17 25.06022466960353 0cd9414a_20240821_182923.data
70.0 270.0 17 25.06022466960353 0cd9414a_20240821_182947.data
50.0 270.0 17 25.06022466960353 0cd9414a_20240821_183011.data
30.0 270.0 17 25.06022466960353 0cd9414a_20240821_183035.data
10.0 270.0 17 25.180334801762115 0cd9414a_20240821_183059.data
10.0 290.0 17 25.06022466960353 0cd9414a_20240821_183123.data
30.0 290.0 17 25.180334801762115 0cd9414a_20240821_183147.data
50.0 290.0 17 25.180334801762115 0cd9414a_20240821_183211.data
70.0 290.0 17 25.06022466960353 0cd9414a_20240821_183235.data
90.0 290.0 17 25.06022466960353 0cd9414a_20240821_183259.data
110.0 290.0 17 25.180334801762115 0cd9414a_20240821_183323.data
130.0 290.0 17 25.06022466960353 0cd9414a_20240821_183347.data
150.0 290.0 17 25.180334801762115 0cd9414a_20240821_183411.data
170.0 290.0 17 25.180334801762115 0cd9414a_20240821_183435.data
190.0 290.0 17 25.180334801762115 0cd9414a_20240821_183459.data
210.0 290.0 17 25.180334801762115 0cd9414a_20240821_183524.data
230.0 290.0 17 25.06022466960353 0cd9414a_20240821_183548.data
250.0 290.0 17 25.06022466960353 0cd9414a_20240821_183612.data
270.0 290.0 17 25.06022466960353 0cd9414a_20240821_183636.data
290.0 290.0 17 25.180334801762115 0cd9414a_20240821_183700.data
290.0 310.0 17 25.180334801762115 0cd9414a_20240821_183724.data
270.0 310.0 17 25.180334801762115 0cd9414a_20240821_183748.data
250.0 310.0 17 25.180334801762115 0cd9414a_20240821_183812.data
230.0 310.0 17 25.06022466960353 0cd9414a_20240821_183836.data
210.0 310.0 17 -1 0cd9414a_20240821_183900.data
190.0 310.0 17 25.06022466960353 0cd9414a_20240821_183924.data
170.0 310.0 17 25.180334801762115 0cd9414a_20240821_183948.data
150.0 310.0 17 -1 0cd9414a_20240821_184012.data
130.0 310.0 17 25.180334801762115 0cd9414a_20240821_184036.data
110.0 310.0 17 25.180334801762115 0cd9414a_20240821_184100.data
90.0 310.0 17 25.180334801762115 0cd9414a_20240821_184124.data
70.0 310.0 17 25.180334801762115 0cd9414a_20240821_184148.data
50.0 310.0 17 25.06022466960353 0cd9414a_20240821_184212.data
30.0 310.0 17 25.06022466960353 0cd9414a_20240821_184236.data
10.0 310.0 17 -1 0cd9414a_20240821_184300.data
10.0 330.0 17 25.180334801762115 0cd9414a_20240821_184324.data
30.0 330.0 17 25.180334801762115 0cd9414a_20240821_184348.data
50.0 330.0 17 25.180334801762115 0cd9414a_20240821_184412.data
70.0 330.0 17 25.061674008810574 0cd9414a_20240821_184436.data
90.0 330.0 17 25.180334801762115 0cd9414a_20240821_184500.data
110.0 330.0 17 25.180334801762115 0cd9414a_20240821_184524.data
130.0 330.0 17 25.180334801762115 0cd9414a_20240821_184548.data
150.0 330.0 17 25.180334801762115 0cd9414a_20240821_184612.data
170.0 330.0 17 25.180334801762115 0cd9414a_20240821_184636.data
190.0 330.0 17 25.180334801762115 0cd9414a_20240821_184700.data
210.0 330.0 17 25.180334801762115 0cd9414a_20240821_184724.data
230.0 330.0 17 25.180334801762115 0cd9414a_20240821_184748.data
250.0 330.0 17 25.180334801762115 0cd9414a_20240821_184812.data
270.0 330.0 17 25.180334801762115 0cd9414a_20240821_184836.data
290.0 330.0 17 25.180334801762115 0cd9414a_20240821_184900.data
10.0 350.0 17 25.180334801762115 0cd9414a_20240821_190713.data
30.0 350.0 17 25.180334801762115 0cd9414a_20240821_190737.data
50.0 350.0 17 25.06022466960353 0cd9414a_20240821_190801.data
70.0 350.0 17 25.180334801762115 0cd9414a_20240821_190825.data
90.0 350.0 17 25.180334801762115 0cd9414a_20240821_190849.data
110.0 350.0 17 25.180334801762115 0cd9414a_20240821_190913.data
130.0 350.0 17 25.180334801762115 0cd9414a_20240821_190937.data
150.0 350.0 17 25.419136563876656 0cd9414a_20240821_191001.data
170.0 350.0 17 25.180334801762115 0cd9414a_20240821_191025.data
190.0 350.0 17 25.180334801762115 0cd9414a_20240821_191049.data
210.0 350.0 17 25.180334801762115 0cd9414a_20240821_191113.data
230.0 350.0 17 25.180334801762115 0cd9414a_20240821_191137.data
250.0 350.0 17 25.299982378854633 0cd9414a_20240821_191201.data
270.0 350.0 17 25.180334801762115 0cd9414a_20240821_191225.data
290.0 350.0 17 25.180334801762115 0cd9414a_20240821_191249.data
290.0 370.0 17 25.180334801762115 0cd9414a_20240821_191313.data
270.0 370.0 17 25.180334801762115 0cd9414a_20240821_191337.data
250.0 370.0 17 25.180334801762115 0cd9414a_20240821_191401.data
230.0 370.0 17 25.06022466960353 0cd9414a_20240821_191425.data
210.0 370.0 17 25.180334801762115 0cd9414a_20240821_191449.data
190.0 370.0 17 25.180334801762115 0cd9414a_20240821_191513.data
170.0 370.0 17 25.180334801762115 0cd9414a_20240821_191537.data
150.0 370.0 17 25.180334801762115 0cd9414a_20240821_191601.data
130.0 370.0 17 25.180334801762115 0cd9414a_20240821_191625.data
110.0 370.0 17 25.180334801762115 0cd9414a_20240821_191649.data
90.0 370.0 17 25.180334801762115 0cd9414a_20240821_191713.data
70.0 370.0 17 25.180334801762115 0cd9414a_20240821_191737.data
50.0 370.0 17 25.180334801762115 0cd9414a_20240821_191801.data
30.0 370.0 17 25.180334801762115 0cd9414a_20240821_191825.data
10.0 370.0 17 25.180334801762115 0cd9414a_20240821_191849.data
10.0 390.0 17 25.180334801762115 0cd9414a_20240821_191913.data
30.0 390.0 17 25.180334801762115 0cd9414a_20240821_191937.data
50.0 390.0 17 25.180334801762115 0cd9414a_20240821_192001.data
70.0 390.0 17 25.180334801762115 0cd9414a_20240821_192025.data
90.0 390.0 17 25.180334801762115 0cd9414a_20240821_192049.data
110.0 390.0 17 25.180334801762115 0cd9414a_20240821_192113.data
130.0 390.0 17 25.180334801762115 0cd9414a_20240821_192137.data
150.0 390.0 17 25.180334801762115 0cd9414a_20240821_192202.data
170.0 390.0 17 25.180334801762115 0cd9414a_20240821_192226.data
190.0 390.0 17 25.06022466960353 0cd9414a_20240821_192250.data
210.0 390.0 17 25.180334801762115 0cd9414a_20240821_192314.data
230.0 390.0 17 25.299982378854633 0cd9414a_20240821_192338.data
250.0 390.0 17 25.180334801762115 0cd9414a_20240821_192402.data
270.0 390.0 17 25.180334801762115 0cd9414a_20240821_192426.data
290.0 390.0 17 25.180334801762115 0cd9414a_20240821_192450.data
290.0 410.0 17 25.180334801762115 0cd9414a_20240821_192514.data
270.0 410.0 17 25.180334801762115 0cd9414a_20240821_192538.data
250.0 410.0 17 25.180334801762115 0cd9414a_20240821_192602.data
230.0 410.0 17 25.180334801762115 0cd9414a_20240821_192626.data
210.0 410.0 17 25.299982378854633 0cd9414a_20240821_192650.data
190.0 410.0 17 25.180334801762115 0cd9414a_20240821_192714.data
170.0 410.0 17 25.180334801762115 0cd9414a_20240821_192738.data
150.0 410.0 17 25.180334801762115 0cd9414a_20240821_192802.data
130.0 410.0 17 25.180334801762115 0cd9414a_20240821_192826.data
110.0 410.0 17 25.180334801762115 0cd9414a_20240821_192850.data
90.0 410.0 17 25.180334801762115 0cd9414a_20240821_192914.data
70.0 410.0 17 25.180334801762115 0cd9414a_20240821_192938.data
50.0 410.0 17 25.180334801762115 0cd9414a_20240821_193002.data
30.0 410.0 17 25.180334801762115 0cd9414a_20240821_193026.data
10.0 410.0 17 25.180334801762115 0cd9414a_20240821_193050.data
10.0 430.0 17 25.06022466960353 0cd9414a_20240821_193114.data
30.0 430.0 17 25.180334801762115 0cd9414a_20240821_193138.data
50.0 430.0 17 25.180334801762115 0cd9414a_20240821_193202.data
70.0 430.0 17 25.180334801762115 0cd9414a_20240821_193226.data
90.0 430.0 17 25.180334801762115 0cd9414a_20240821_193250.data
110.0 430.0 17 25.180334801762115 0cd9414a_20240821_193314.data
130.0 430.0 17 25.180334801762115 0cd9414a_20240821_193338.data
150.0 430.0 17 25.180334801762115 0cd9414a_20240821_193402.data
170.0 430.0 17 25.180334801762115 0cd9414a_20240821_193426.data
190.0 430.0 17 25.180334801762115 0cd9414a_20240821_193450.data
210.0 430.0 17 25.180334801762115 0cd9414a_20240821_193514.data
230.0 430.0 17 25.299982378854633 0cd9414a_20240821_193538.data
250.0 430.0 17 25.299982378854633 0cd9414a_20240821_193602.data
270.0 430.0 17 25.180334801762115 0cd9414a_20240821_193626.data
290.0 430.0 17 25.180334801762115 0cd9414a_20240821_193650.data
290.0 450.0 17 25.180334801762115 0cd9414a_20240821_193714.data
270.0 450.0 17 25.299982378854633 0cd9414a_20240821_193738.data
250.0 450.0 17 25.419136563876656 0cd9414a_20240821_193802.data
230.0 450.0 17 25.419136563876656 0cd9414a_20240821_193826.data
210.0 450.0 17 25.180334801762115 0cd9414a_20240821_193850.data
190.0 450.0 17 25.180334801762115 0cd9414a_20240821_193914.data
170.0 450.0 17 25.180334801762115 0cd9414a_20240821_193938.data
150.0 450.0 17 25.06022466960353 0cd9414a_20240821_194002.data
130.0 450.0 17 25.180334801762115 0cd9414a_20240821_194026.data
110.0 450.0 17 25.180334801762115 0cd9414a_20240821_194050.data
90.0 450.0 17 25.180334801762115 0cd9414a_20240821_194114.data
70.0 450.0 17 25.180334801762115 0cd9414a_20240821_194138.data
50.0 450.0 17 25.180334801762115 0cd9414a_20240821_194202.data
30.0 450.0 17 25.180334801762115 0cd9414a_20240821_194226.data
10.0 450.0 17 25.180334801762115 0cd9414a_20240821_194250.data
10.0 470.0 17 25.180334801762115 0cd9414a_20240821_194314.data
30.0 470.0 17 25.180334801762115 0cd9414a_20240821_194338.data
50.0 470.0 17 25.180334801762115 0cd9414a_20240821_194402.data
70.0 470.0 17 25.180334801762115 0cd9414a_20240821_194426.data
90.0 470.0 17 25.180334801762115 0cd9414a_20240821_194450.data
110.0 470.0 17 25.180334801762115 0cd9414a_20240821_194514.data
130.0 470.0 17 25.180334801762115 0cd9414a_20240821_194538.data
150.0 470.0 17 25.180334801762115 0cd9414a_20240821_194602.data
170.0 470.0 17 25.180334801762115 0cd9414a_20240821_194626.data
190.0 470.0 17 25.180334801762115 0cd9414a_20240821_194650.data
210.0 470.0 17 25.299982378854633 0cd9414a_20240821_194714.data
230.0 470.0 17 25.299982378854633 0cd9414a_20240821_194738.data
250.0 470.0 17 25.06022466960353 0cd9414a_20240821_194802.data
270.0 470.0 17 25.180334801762115 0cd9414a_20240821_194826.data
290.0 470.0 17 25.180334801762115 0cd9414a_20240821_194850.data
