-1 -1 -1 23.3875 0cd9414a_20240920_165618.data
10.0 10.0 17 23.3875 0cd9414a_20240920_165657.data
30.0 10.0 17 23.3875 0cd9414a_20240920_165721.data
50.0 10.0 17 23.3875 0cd9414a_20240920_165745.data
70.0 10.0 17 23.3875 0cd9414a_20240920_165809.data
90.0 10.0 17 23.3875 0cd9414a_20240920_165833.data
110.0 10.0 17 23.3875 0cd9414a_20240920_165857.data
130.0 10.0 17 23.3875 0cd9414a_20240920_165921.data
150.0 10.0 17 23.3875 0cd9414a_20240920_165945.data
170.0 10.0 17 23.3875 0cd9414a_20240920_170009.data
190.0 10.0 17 23.3875 0cd9414a_20240920_170033.data
210.0 10.0 17 23.3875 0cd9414a_20240920_170057.data
230.0 10.0 17 23.3875 0cd9414a_20240920_170121.data
250.0 10.0 17 23.3875 0cd9414a_20240920_170145.data
270.0 10.0 17 23.3875 0cd9414a_20240920_170209.data
290.0 10.0 17 23.3875 0cd9414a_20240920_170233.data
290.0 30.0 17 23.3875 0cd9414a_20240920_170257.data
270.0 30.0 17 23.3875 0cd9414a_20240920_170321.data
250.0 30.0 17 23.3875 0cd9414a_20240920_170345.data
230.0 30.0 17 23.3875 0cd9414a_20240920_170409.data
210.0 30.0 17 23.283325 0cd9414a_20240920_170433.data
190.0 30.0 17 23.3875 0cd9414a_20240920_170457.data
170.0 30.0 17 23.3875 0cd9414a_20240920_170521.data
150.0 30.0 17 23.3875 0cd9414a_20240920_170545.data
130.0 30.0 17 23.3875 0cd9414a_20240920_170609.data
110.0 30.0 17 23.3875 0cd9414a_20240920_170633.data
90.0 30.0 17 23.3875 0cd9414a_20240920_170657.data
70.0 30.0 17 23.3875 0cd9414a_20240920_170721.data
50.0 30.0 17 23.3875 0cd9414a_20240920_170745.data
30.0 30.0 17 23.49125 0cd9414a_20240920_170809.data
10.0 30.0 17 23.3875 0cd9414a_20240920_170833.data
10.0 50.0 17 23.3875 0cd9414a_20240920_170857.data
30.0 50.0 17 23.3875 0cd9414a_20240920_170921.data
50.0 50.0 17 23.3875 0cd9414a_20240920_170945.data
70.0 50.0 17 23.3875 0cd9414a_20240920_171009.data
90.0 50.0 17 23.49125 0cd9414a_20240920_171033.data
110.0 50.0 17 23.3875 0cd9414a_20240920_171057.data
130.0 50.0 17 23.3875 0cd9414a_20240920_171121.data
150.0 50.0 17 23.49125 0cd9414a_20240920_171145.data
170.0 50.0 17 23.3875 0cd9414a_20240920_171209.data
190.0 50.0 17 23.3875 0cd9414a_20240920_171233.data
210.0 50.0 17 23.3875 0cd9414a_20240920_171257.data
230.0 50.0 17 23.3875 0cd9414a_20240920_171321.data
250.0 50.0 17 23.3875 0cd9414a_20240920_171345.data
270.0 50.0 17 23.3875 0cd9414a_20240920_171409.data
290.0 50.0 17 23.3875 0cd9414a_20240920_171433.data
290.0 70.0 17 23.3875 0cd9414a_20240920_171457.data
270.0 70.0 17 23.3875 0cd9414a_20240920_171521.data
250.0 70.0 17 23.3875 0cd9414a_20240920_171546.data
230.0 70.0 17 23.3875 0cd9414a_20240920_171610.data
210.0 70.0 17 23.49125 0cd9414a_20240920_171634.data
190.0 70.0 17 23.3875 0cd9414a_20240920_171658.data
170.0 70.0 17 23.3875 0cd9414a_20240920_171722.data
150.0 70.0 17 23.3875 0cd9414a_20240920_171746.data
130.0 70.0 17 23.3875 0cd9414a_20240920_171810.data
110.0 70.0 17 23.3875 0cd9414a_20240920_171834.data
90.0 70.0 17 23.3875 0cd9414a_20240920_171858.data
70.0 70.0 17 23.283325 0cd9414a_20240920_171922.data
50.0 70.0 17 23.3875 0cd9414a_20240920_171946.data
30.0 70.0 17 23.3875 0cd9414a_20240920_172010.data
10.0 70.0 17 23.3875 0cd9414a_20240920_172034.data
10.0 90.0 17 23.49125 0cd9414a_20240920_172058.data
30.0 90.0 17 23.3875 0cd9414a_20240920_172122.data
50.0 90.0 17 23.3875 0cd9414a_20240920_172146.data
70.0 90.0 17 23.3875 0cd9414a_20240920_172210.data
90.0 90.0 17 23.3875 0cd9414a_20240920_172234.data
110.0 90.0 17 23.3875 0cd9414a_20240920_172258.data
130.0 90.0 17 23.3875 0cd9414a_20240920_172322.data
150.0 90.0 17 23.3875 0cd9414a_20240920_172346.data
170.0 90.0 17 23.3875 0cd9414a_20240920_172410.data
190.0 90.0 17 23.3875 0cd9414a_20240920_172434.data
210.0 90.0 17 23.3875 0cd9414a_20240920_172458.data
230.0 90.0 17 23.3875 0cd9414a_20240920_172522.data
250.0 90.0 17 23.3875 0cd9414a_20240920_172546.data
270.0 90.0 17 23.49125 0cd9414a_20240920_172610.data
290.0 90.0 17 23.49125 0cd9414a_20240920_172634.data
290.0 110.0 17 23.3875 0cd9414a_20240920_172658.data
270.0 110.0 17 23.283325 0cd9414a_20240920_172722.data
250.0 110.0 17 23.283325 0cd9414a_20240920_172746.data
230.0 110.0 17 23.3875 0cd9414a_20240920_172810.data
210.0 110.0 17 23.3875 0cd9414a_20240920_172834.data
190.0 110.0 17 23.3875 0cd9414a_20240920_172858.data
170.0 110.0 17 23.3875 0cd9414a_20240920_172922.data
150.0 110.0 17 23.3875 0cd9414a_20240920_172946.data
130.0 110.0 17 23.3875 0cd9414a_20240920_173010.data
110.0 110.0 17 23.3875 0cd9414a_20240920_173034.data
90.0 110.0 17 23.3875 0cd9414a_20240920_173058.data
70.0 110.0 17 23.283325 0cd9414a_20240920_173122.data
50.0 110.0 17 23.3875 0cd9414a_20240920_173146.data
30.0 110.0 17 23.3875 0cd9414a_20240920_173210.data
10.0 110.0 17 23.3875 0cd9414a_20240920_173234.data
10.0 130.0 17 23.3875 0cd9414a_20240920_173258.data
30.0 130.0 17 23.594575 0cd9414a_20240920_173322.data
50.0 130.0 17 23.3875 0cd9414a_20240920_173346.data
70.0 130.0 17 23.49125 0cd9414a_20240920_173410.data
90.0 130.0 17 23.3875 0cd9414a_20240920_173434.data
110.0 130.0 17 23.283325 0cd9414a_20240920_173458.data
130.0 130.0 17 23.3875 0cd9414a_20240920_173522.data
150.0 130.0 17 23.3875 0cd9414a_20240920_173546.data
170.0 130.0 17 23.3875 0cd9414a_20240920_173610.data
190.0 130.0 17 23.3875 0cd9414a_20240920_173634.data
210.0 130.0 17 23.3875 0cd9414a_20240920_173658.data
230.0 130.0 17 23.3875 0cd9414a_20240920_173722.data
250.0 130.0 17 23.3875 0cd9414a_20240920_173746.data
270.0 130.0 17 23.3875 0cd9414a_20240920_173810.data
290.0 130.0 17 23.3875 0cd9414a_20240920_173834.data
290.0 150.0 17 23.49125 0cd9414a_20240920_173858.data
270.0 150.0 17 23.3875 0cd9414a_20240920_173922.data
250.0 150.0 17 23.3875 0cd9414a_20240920_173946.data
230.0 150.0 17 23.283325 0cd9414a_20240920_174010.data
210.0 150.0 17 23.3875 0cd9414a_20240920_174034.data
190.0 150.0 17 23.3875 0cd9414a_20240920_174058.data
170.0 150.0 17 23.3875 0cd9414a_20240920_174122.data
150.0 150.0 17 23.283325 0cd9414a_20240920_174146.data
130.0 150.0 17 23.3875 0cd9414a_20240920_174210.data
110.0 150.0 17 23.3875 0cd9414a_20240920_174234.data
90.0 150.0 17 23.3875 0cd9414a_20240920_174258.data
70.0 150.0 17 23.3875 0cd9414a_20240920_174322.data
50.0 150.0 17 23.3875 0cd9414a_20240920_174346.data
30.0 150.0 17 23.3875 0cd9414a_20240920_174410.data
10.0 150.0 17 23.594575 0cd9414a_20240920_174434.data
10.0 170.0 17 23.283325 0cd9414a_20240920_174458.data
30.0 170.0 17 23.3875 0cd9414a_20240920_174522.data
50.0 170.0 17 23.3875 0cd9414a_20240920_174546.data
70.0 170.0 17 23.3875 0cd9414a_20240920_174610.data
90.0 170.0 17 23.594575 0cd9414a_20240920_174635.data
110.0 170.0 17 23.3875 0cd9414a_20240920_174659.data
130.0 170.0 17 23.3875 0cd9414a_20240920_174724.data
150.0 170.0 17 23.3875 0cd9414a_20240920_174747.data
170.0 170.0 17 23.3875 0cd9414a_20240920_174811.data
190.0 170.0 17 23.3875 0cd9414a_20240920_174835.data
210.0 170.0 17 23.3875 0cd9414a_20240920_174859.data
230.0 170.0 17 23.49125 0cd9414a_20240920_174923.data
250.0 170.0 17 23.3875 0cd9414a_20240920_174947.data
270.0 170.0 17 23.3875 0cd9414a_20240920_175011.data
290.0 170.0 17 23.3875 0cd9414a_20240920_175035.data
290.0 190.0 17 23.3875 0cd9414a_20240920_175059.data
270.0 190.0 17 23.3875 0cd9414a_20240920_175123.data
250.0 190.0 17 23.3875 0cd9414a_20240920_175147.data
230.0 190.0 17 23.3875 0cd9414a_20240920_175211.data
210.0 190.0 17 23.3875 0cd9414a_20240920_175235.data
190.0 190.0 17 23.3875 0cd9414a_20240920_175259.data
170.0 190.0 17 23.3875 0cd9414a_20240920_175323.data
150.0 190.0 17 23.3875 0cd9414a_20240920_175347.data
130.0 190.0 17 23.3875 0cd9414a_20240920_175411.data
110.0 190.0 17 23.3875 0cd9414a_20240920_175435.data
90.0 190.0 17 23.3875 0cd9414a_20240920_175459.data
70.0 190.0 17 23.3875 0cd9414a_20240920_175523.data
50.0 190.0 17 23.3875 0cd9414a_20240920_175547.data
30.0 190.0 17 23.3875 0cd9414a_20240920_175611.data
10.0 190.0 17 23.49125 0cd9414a_20240920_175635.data
10.0 210.0 17 23.3875 0cd9414a_20240920_175659.data
30.0 210.0 17 23.3875 0cd9414a_20240920_175723.data
50.0 210.0 17 23.3875 0cd9414a_20240920_175747.data
70.0 210.0 17 23.49125 0cd9414a_20240920_175811.data
90.0 210.0 17 23.3875 0cd9414a_20240920_175835.data
110.0 210.0 17 23.49125 0cd9414a_20240920_175859.data
130.0 210.0 17 23.3875 0cd9414a_20240920_175923.data
150.0 210.0 17 23.3875 0cd9414a_20240920_175947.data
170.0 210.0 17 23.3875 0cd9414a_20240920_180011.data
190.0 210.0 17 23.3875 0cd9414a_20240920_180035.data
210.0 210.0 17 23.3875 0cd9414a_20240920_180059.data
230.0 210.0 17 23.3875 0cd9414a_20240920_180123.data
250.0 210.0 17 23.3875 0cd9414a_20240920_180147.data
270.0 210.0 17 23.3875 0cd9414a_20240920_180211.data
290.0 210.0 17 23.3875 0cd9414a_20240920_180235.data
290.0 230.0 17 23.3875 0cd9414a_20240920_180259.data
270.0 230.0 17 23.3875 0cd9414a_20240920_180323.data
250.0 230.0 17 23.3875 0cd9414a_20240920_180347.data
230.0 230.0 17 23.3875 0cd9414a_20240920_180411.data
210.0 230.0 17 23.283325 0cd9414a_20240920_180435.data
190.0 230.0 17 23.3875 0cd9414a_20240920_180459.data
170.0 230.0 17 23.3875 0cd9414a_20240920_180523.data
150.0 230.0 17 23.3875 0cd9414a_20240920_180547.data
130.0 230.0 17 23.3875 0cd9414a_20240920_180611.data
110.0 230.0 17 23.3875 0cd9414a_20240920_180635.data
90.0 230.0 17 23.3875 0cd9414a_20240920_180659.data
70.0 230.0 17 23.3875 0cd9414a_20240920_180723.data
50.0 230.0 17 23.3875 0cd9414a_20240920_180747.data
30.0 230.0 17 23.3875 0cd9414a_20240920_180811.data
10.0 230.0 17 23.49125 0cd9414a_20240920_180835.data
10.0 250.0 17 23.3875 0cd9414a_20240920_180859.data
30.0 250.0 17 23.3875 0cd9414a_20240920_180923.data
50.0 250.0 17 23.3875 0cd9414a_20240920_180947.data
70.0 250.0 17 23.49125 0cd9414a_20240920_181011.data
90.0 250.0 17 23.3875 0cd9414a_20240920_181035.data
110.0 250.0 17 23.3875 0cd9414a_20240920_181059.data
130.0 250.0 17 23.3875 0cd9414a_20240920_181123.data
150.0 250.0 17 23.3875 0cd9414a_20240920_181147.data
170.0 250.0 17 23.3875 0cd9414a_20240920_181211.data
190.0 250.0 17 23.3875 0cd9414a_20240920_181235.data
210.0 250.0 17 23.3875 0cd9414a_20240920_181259.data
230.0 250.0 17 23.3875 0cd9414a_20240920_181323.data
250.0 250.0 17 23.3875 0cd9414a_20240920_181347.data
270.0 250.0 17 23.49125 0cd9414a_20240920_181411.data
290.0 250.0 17 23.3875 0cd9414a_20240920_181435.data
290.0 270.0 17 23.3875 0cd9414a_20240920_181459.data
270.0 270.0 17 23.3875 0cd9414a_20240920_181523.data
250.0 270.0 17 23.3875 0cd9414a_20240920_181547.data
230.0 270.0 17 23.3875 0cd9414a_20240920_181612.data
210.0 270.0 17 23.3875 0cd9414a_20240920_181636.data
190.0 270.0 17 23.3875 0cd9414a_20240920_181700.data
170.0 270.0 17 23.3875 0cd9414a_20240920_181724.data
150.0 270.0 17 23.283325 0cd9414a_20240920_181748.data
130.0 270.0 17 23.283325 0cd9414a_20240920_181812.data
110.0 270.0 17 23.3875 0cd9414a_20240920_181836.data
90.0 270.0 17 23.3875 0cd9414a_20240920_181900.data
70.0 270.0 17 23.3875 0cd9414a_20240920_181924.data
50.0 270.0 17 -1 0cd9414a_20240920_181948.data
30.0 270.0 17 23.49125 0cd9414a_20240920_182012.data
10.0 270.0 17 23.49125 0cd9414a_20240920_182036.data
10.0 290.0 17 -1 0cd9414a_20240920_182100.data
30.0 290.0 17 23.3875 0cd9414a_20240920_182124.data
50.0 290.0 17 23.3875 0cd9414a_20240920_182148.data
70.0 290.0 17 -1 0cd9414a_20240920_182212.data
90.0 290.0 17 23.3875 0cd9414a_20240920_182236.data
110.0 290.0 17 23.3875 0cd9414a_20240920_182300.data
130.0 290.0 17 -1 0cd9414a_20240920_182324.data
150.0 290.0 17 23.283325 0cd9414a_20240920_182348.data
170.0 290.0 17 23.49125 0cd9414a_20240920_182412.data
190.0 290.0 17 -1 0cd9414a_20240920_182436.data
210.0 290.0 17 23.594575 0cd9414a_20240920_182500.data
230.0 290.0 17 23.594575 0cd9414a_20240920_182524.data
250.0 290.0 17 23.594575 0cd9414a_20240920_182548.data
270.0 290.0 17 23.49125 0cd9414a_20240920_182612.data
290.0 290.0 17 23.594575 0cd9414a_20240920_182636.data
290.0 310.0 17 23.594575 0cd9414a_20240920_182700.data
270.0 310.0 17 23.594575 0cd9414a_20240920_182724.data
250.0 310.0 17 23.594575 0cd9414a_20240920_182748.data
230.0 310.0 17 23.594575 0cd9414a_20240920_182812.data
210.0 310.0 17 23.594575 0cd9414a_20240920_182836.data
190.0 310.0 17 23.49125 0cd9414a_20240920_182900.data
170.0 310.0 17 23.49125 0cd9414a_20240920_182924.data
150.0 310.0 17 23.594575 0cd9414a_20240920_182948.data
130.0 310.0 17 23.49125 0cd9414a_20240920_183012.data
110.0 310.0 17 23.594575 0cd9414a_20240920_183036.data
90.0 310.0 17 23.49125 0cd9414a_20240920_183100.data
70.0 310.0 17 23.594575 0cd9414a_20240920_183124.data
50.0 310.0 17 23.594575 0cd9414a_20240920_183148.data
30.0 310.0 17 23.594575 0cd9414a_20240920_183212.data
10.0 310.0 17 23.594575 0cd9414a_20240920_183236.data
10.0 330.0 17 23.594575 0cd9414a_20240920_183300.data
30.0 330.0 17 23.49125 0cd9414a_20240920_183324.data
50.0 330.0 17 23.594575 0cd9414a_20240920_183348.data
70.0 330.0 17 23.594575 0cd9414a_20240920_183412.data
90.0 330.0 17 23.594575 0cd9414a_20240920_183436.data
110.0 330.0 17 23.594575 0cd9414a_20240920_183500.data
130.0 330.0 17 23.594575 0cd9414a_20240920_183524.data
150.0 330.0 17 23.49125 0cd9414a_20240920_183548.data
170.0 330.0 17 23.594575 0cd9414a_20240920_183612.data
190.0 330.0 17 23.594575 0cd9414a_20240920_183636.data
210.0 330.0 17 23.594575 0cd9414a_20240920_183700.data
230.0 330.0 17 23.594575 0cd9414a_20240920_183724.data
250.0 330.0 17 23.49125 0cd9414a_20240920_183748.data
270.0 330.0 17 23.49125 0cd9414a_20240920_183812.data
290.0 330.0 17 23.594575 0cd9414a_20240920_183836.data
10.0 350.0 17 23.594575 0cd9414a_20240923_085938.data
30.0 350.0 17 23.49125 0cd9414a_20240923_090002.data
50.0 350.0 17 23.49125 0cd9414a_20240923_090026.data
70.0 350.0 17 23.594575 0cd9414a_20240923_090050.data
90.0 350.0 17 23.49125 0cd9414a_20240923_090114.data
110.0 350.0 17 23.49125 0cd9414a_20240923_090138.data
130.0 350.0 17 23.594575 0cd9414a_20240923_090202.data
150.0 350.0 17 23.8 0cd9414a_20240923_090226.data
170.0 350.0 17 23.594575 0cd9414a_20240923_090250.data
190.0 350.0 17 23.49125 0cd9414a_20240923_090314.data
210.0 350.0 17 23.594575 0cd9414a_20240923_090339.data
230.0 350.0 17 23.49125 0cd9414a_20240923_090403.data
250.0 350.0 17 23.594575 0cd9414a_20240923_090427.data
270.0 350.0 17 23.594575 0cd9414a_20240923_090451.data
290.0 350.0 17 23.594575 0cd9414a_20240923_090515.data
290.0 370.0 17 23.49125 0cd9414a_20240923_090539.data
270.0 370.0 17 23.49125 0cd9414a_20240923_090603.data
250.0 370.0 17 23.49125 0cd9414a_20240923_090627.data
230.0 370.0 17 23.594575 0cd9414a_20240923_090651.data
210.0 370.0 17 23.594575 0cd9414a_20240923_090715.data
190.0 370.0 17 23.49125 0cd9414a_20240923_090739.data
170.0 370.0 17 23.594575 0cd9414a_20240923_090803.data
150.0 370.0 17 23.594575 0cd9414a_20240923_090827.data
130.0 370.0 17 23.594575 0cd9414a_20240923_090851.data
110.0 370.0 17 23.594575 0cd9414a_20240923_090915.data
90.0 370.0 17 23.594575 0cd9414a_20240923_090939.data
70.0 370.0 17 23.594575 0cd9414a_20240923_091003.data
50.0 370.0 17 23.594575 0cd9414a_20240923_091027.data
30.0 370.0 17 23.49125 0cd9414a_20240923_091051.data
10.0 370.0 17 23.594575 0cd9414a_20240923_091115.data
10.0 390.0 17 23.594575 0cd9414a_20240923_091139.data
30.0 390.0 17 23.594575 0cd9414a_20240923_091203.data
50.0 390.0 17 23.594575 0cd9414a_20240923_091227.data
70.0 390.0 17 23.594575 0cd9414a_20240923_091251.data
90.0 390.0 17 23.6975 0cd9414a_20240923_091315.data
110.0 390.0 17 23.594575 0cd9414a_20240923_091339.data
130.0 390.0 17 23.8 0cd9414a_20240923_091403.data
150.0 390.0 17 23.8 0cd9414a_20240923_091427.data
170.0 390.0 17 23.594575 0cd9414a_20240923_091451.data
190.0 390.0 17 23.594575 0cd9414a_20240923_091515.data
210.0 390.0 17 23.594575 0cd9414a_20240923_091539.data
230.0 390.0 17 23.49125 0cd9414a_20240923_091603.data
250.0 390.0 17 23.594575 0cd9414a_20240923_091627.data
270.0 390.0 17 23.594575 0cd9414a_20240923_091651.data
290.0 390.0 17 23.49125 0cd9414a_20240923_091715.data
290.0 410.0 17 23.594575 0cd9414a_20240923_091739.data
270.0 410.0 17 23.8 0cd9414a_20240923_091803.data
250.0 410.0 17 23.594575 0cd9414a_20240923_091827.data
230.0 410.0 17 23.594575 0cd9414a_20240923_091851.data
210.0 410.0 17 23.594575 0cd9414a_20240923_091915.data
190.0 410.0 17 23.49125 0cd9414a_20240923_091939.data
170.0 410.0 17 23.49125 0cd9414a_20240923_092003.data
150.0 410.0 17 23.594575 0cd9414a_20240923_092027.data
130.0 410.0 17 23.594575 0cd9414a_20240923_092051.data
110.0 410.0 17 23.594575 0cd9414a_20240923_092115.data
90.0 410.0 17 23.49125 0cd9414a_20240923_092139.data
70.0 410.0 17 23.49125 0cd9414a_20240923_092203.data
50.0 410.0 17 23.594575 0cd9414a_20240923_092227.data
30.0 410.0 17 23.594575 0cd9414a_20240923_092251.data
10.0 410.0 17 23.594575 0cd9414a_20240923_092315.data
10.0 430.0 17 23.594575 0cd9414a_20240923_092339.data
30.0 430.0 17 23.594575 0cd9414a_20240923_092403.data
50.0 430.0 17 23.49125 0cd9414a_20240923_092427.data
70.0 430.0 17 23.594575 0cd9414a_20240923_092451.data
90.0 430.0 17 23.594575 0cd9414a_20240923_092515.data
110.0 430.0 17 23.594575 0cd9414a_20240923_092539.data
130.0 430.0 17 23.594575 0cd9414a_20240923_092603.data
150.0 430.0 17 23.49125 0cd9414a_20240923_092627.data
170.0 430.0 17 23.594575 0cd9414a_20240923_092651.data
190.0 430.0 17 23.594575 0cd9414a_20240923_092715.data
210.0 430.0 17 23.594575 0cd9414a_20240923_092739.data
230.0 430.0 17 23.594575 0cd9414a_20240923_092803.data
250.0 430.0 17 23.594575 0cd9414a_20240923_092827.data
270.0 430.0 17 23.594575 0cd9414a_20240923_092851.data
290.0 430.0 17 23.8 0cd9414a_20240923_092915.data
290.0 450.0 17 23.594575 0cd9414a_20240923_092939.data
270.0 450.0 17 23.594575 0cd9414a_20240923_093003.data
250.0 450.0 17 23.49125 0cd9414a_20240923_093027.data
230.0 450.0 17 23.8 0cd9414a_20240923_093051.data
210.0 450.0 17 23.594575 0cd9414a_20240923_093116.data
190.0 450.0 17 23.594575 0cd9414a_20240923_093139.data
170.0 450.0 17 23.594575 0cd9414a_20240923_093203.data
150.0 450.0 17 23.594575 0cd9414a_20240923_093228.data
130.0 450.0 17 23.594575 0cd9414a_20240923_093252.data
110.0 450.0 17 23.594575 0cd9414a_20240923_093316.data
90.0 450.0 17 23.594575 0cd9414a_20240923_093340.data
70.0 450.0 17 23.594575 0cd9414a_20240923_093404.data
50.0 450.0 17 23.594575 0cd9414a_20240923_093428.data
30.0 450.0 17 23.594575 0cd9414a_20240923_093452.data
10.0 450.0 17 23.594575 0cd9414a_20240923_093516.data
10.0 470.0 17 23.49125 0cd9414a_20240923_093540.data
30.0 470.0 17 23.49125 0cd9414a_20240923_093604.data
50.0 470.0 17 23.594575 0cd9414a_20240923_093628.data
70.0 470.0 17 23.594575 0cd9414a_20240923_093652.data
90.0 470.0 17 23.594575 0cd9414a_20240923_093716.data
110.0 470.0 17 23.594575 0cd9414a_20240923_093740.data
130.0 470.0 17 23.594575 0cd9414a_20240923_093804.data
150.0 470.0 17 23.594575 0cd9414a_20240923_093828.data
170.0 470.0 17 23.594575 0cd9414a_20240923_093852.data
190.0 470.0 17 23.594575 0cd9414a_20240923_093916.data
210.0 470.0 17 23.49125 0cd9414a_20240923_093940.data
230.0 470.0 17 23.594575 0cd9414a_20240923_094004.data
250.0 470.0 17 23.49125 0cd9414a_20240923_094028.data
270.0 470.0 17 23.594575 0cd9414a_20240923_094052.data
290.0 470.0 17 23.594575 0cd9414a_20240923_094116.data
