-1 -1 -1 27.264854625550658 0cd9414a_20240813_085934.data
10.0 10.0 17 27.264854625550658 0cd9414a_20240813_090014.data
30.0 10.0 17 27.264854625550658 0cd9414a_20240813_090038.data
50.0 10.0 17 27.264854625550658 0cd9414a_20240813_090102.data
70.0 10.0 17 27.264854625550658 0cd9414a_20240813_090126.data
90.0 10.0 17 27.264854625550658 0cd9414a_20240813_090150.data
110.0 10.0 17 27.264854625550658 0cd9414a_20240813_090214.data
130.0 10.0 17 27.264854625550658 0cd9414a_20240813_090238.data
150.0 10.0 17 27.15276211453745 0cd9414a_20240813_090302.data
170.0 10.0 17 27.15276211453745 0cd9414a_20240813_090326.data
190.0 10.0 17 27.04026872246696 0cd9414a_20240813_090350.data
210.0 10.0 17 27.15276211453745 0cd9414a_20240813_090414.data
230.0 10.0 17 27.264854625550658 0cd9414a_20240813_090438.data
250.0 10.0 17 27.264854625550658 0cd9414a_20240813_090502.data
270.0 10.0 17 27.15276211453745 0cd9414a_20240813_090526.data
290.0 10.0 17 27.264854625550658 0cd9414a_20240813_090550.data
290.0 30.0 17 27.15276211453745 0cd9414a_20240813_090614.data
270.0 30.0 17 27.15276211453745 0cd9414a_20240813_090638.data
250.0 30.0 17 27.15276211453745 0cd9414a_20240813_090702.data
230.0 30.0 17 27.15276211453745 0cd9414a_20240813_090726.data
210.0 30.0 17 27.15276211453745 0cd9414a_20240813_090750.data
190.0 30.0 17 27.15276211453745 0cd9414a_20240813_090814.data
170.0 30.0 17 27.15276211453745 0cd9414a_20240813_090838.data
150.0 30.0 17 27.15276211453745 0cd9414a_20240813_090902.data
130.0 30.0 17 27.15276211453745 0cd9414a_20240813_090926.data
110.0 30.0 17 27.15276211453745 0cd9414a_20240813_090950.data
90.0 30.0 17 27.15276211453745 0cd9414a_20240813_091014.data
70.0 30.0 17 27.15276211453745 0cd9414a_20240813_091038.data
50.0 30.0 17 27.15276211453745 0cd9414a_20240813_091102.data
30.0 30.0 17 27.15276211453745 0cd9414a_20240813_091126.data
10.0 30.0 17 27.15276211453745 0cd9414a_20240813_091150.data
10.0 50.0 17 27.15276211453745 0cd9414a_20240813_091214.data
30.0 50.0 17 27.15276211453745 0cd9414a_20240813_091238.data
50.0 50.0 17 27.15276211453745 0cd9414a_20240813_091302.data
70.0 50.0 17 27.15276211453745 0cd9414a_20240813_091326.data
90.0 50.0 17 27.15276211453745 0cd9414a_20240813_091350.data
110.0 50.0 17 27.15276211453745 0cd9414a_20240813_091414.data
130.0 50.0 17 27.15276211453745 0cd9414a_20240813_091438.data
150.0 50.0 17 27.15276211453745 0cd9414a_20240813_091502.data
170.0 50.0 17 27.15276211453745 0cd9414a_20240813_091526.data
190.0 50.0 17 27.15276211453745 0cd9414a_20240813_091550.data
210.0 50.0 17 27.37654625550661 0cd9414a_20240813_091614.data
230.0 50.0 17 27.15276211453745 0cd9414a_20240813_091638.data
250.0 50.0 17 27.15276211453745 0cd9414a_20240813_091702.data
270.0 50.0 17 27.15276211453745 0cd9414a_20240813_091726.data
290.0 50.0 17 27.15276211453745 0cd9414a_20240813_091750.data
290.0 70.0 17 27.15276211453745 0cd9414a_20240813_091814.data
270.0 70.0 17 27.15276211453745 0cd9414a_20240813_091838.data
250.0 70.0 17 27.04026872246696 0cd9414a_20240813_091902.data
230.0 70.0 17 27.04026872246696 0cd9414a_20240813_091926.data
210.0 70.0 17 27.04026872246696 0cd9414a_20240813_091950.data
190.0 70.0 17 27.15276211453745 0cd9414a_20240813_092014.data
170.0 70.0 17 27.04026872246696 0cd9414a_20240813_092038.data
150.0 70.0 17 27.04026872246696 0cd9414a_20240813_092102.data
130.0 70.0 17 27.04026872246696 0cd9414a_20240813_092126.data
110.0 70.0 17 27.04026872246696 0cd9414a_20240813_092150.data
90.0 70.0 17 27.04026872246696 0cd9414a_20240813_092214.data
70.0 70.0 17 27.15276211453745 0cd9414a_20240813_092238.data
50.0 70.0 17 27.15276211453745 0cd9414a_20240813_092302.data
30.0 70.0 17 27.04026872246696 0cd9414a_20240813_092326.data
10.0 70.0 17 27.04026872246696 0cd9414a_20240813_092350.data
10.0 90.0 17 27.04026872246696 0cd9414a_20240813_092414.data
30.0 90.0 17 27.04026872246696 0cd9414a_20240813_092438.data
50.0 90.0 17 27.15276211453745 0cd9414a_20240813_092502.data
70.0 90.0 17 27.04026872246696 0cd9414a_20240813_092526.data
90.0 90.0 17 27.04026872246696 0cd9414a_20240813_092550.data
110.0 90.0 17 27.04026872246696 0cd9414a_20240813_092615.data
130.0 90.0 17 27.04026872246696 0cd9414a_20240813_092639.data
150.0 90.0 17 27.04026872246696 0cd9414a_20240813_092703.data
170.0 90.0 17 27.04026872246696 0cd9414a_20240813_092727.data
190.0 90.0 17 27.04026872246696 0cd9414a_20240813_092751.data
210.0 90.0 17 27.04026872246696 0cd9414a_20240813_092815.data
230.0 90.0 17 26.9273127753304 0cd9414a_20240813_092839.data
250.0 90.0 17 27.04026872246696 0cd9414a_20240813_092903.data
270.0 90.0 17 27.04026872246696 0cd9414a_20240813_092927.data
290.0 90.0 17 27.04026872246696 0cd9414a_20240813_092951.data
290.0 110.0 17 27.04026872246696 0cd9414a_20240813_093015.data
270.0 110.0 17 26.9273127753304 0cd9414a_20240813_093039.data
250.0 110.0 17 27.04026872246696 0cd9414a_20240813_093103.data
230.0 110.0 17 27.04026872246696 0cd9414a_20240813_093127.data
210.0 110.0 17 27.04026872246696 0cd9414a_20240813_093151.data
190.0 110.0 17 27.04026872246696 0cd9414a_20240813_093215.data
170.0 110.0 17 27.04026872246696 0cd9414a_20240813_093239.data
150.0 110.0 17 26.9273127753304 0cd9414a_20240813_093303.data
130.0 110.0 17 27.04026872246696 0cd9414a_20240813_093327.data
110.0 110.0 17 26.9273127753304 0cd9414a_20240813_093351.data
90.0 110.0 17 27.04026872246696 0cd9414a_20240813_093415.data
70.0 110.0 17 27.04026872246696 0cd9414a_20240813_093439.data
50.0 110.0 17 27.04026872246696 0cd9414a_20240813_093503.data
30.0 110.0 17 27.04026872246696 0cd9414a_20240813_093527.data
10.0 110.0 17 27.04026872246696 0cd9414a_20240813_093551.data
10.0 130.0 17 27.04026872246696 0cd9414a_20240813_093615.data
30.0 130.0 17 27.04026872246696 0cd9414a_20240813_093639.data
50.0 130.0 17 26.9273127753304 0cd9414a_20240813_093703.data
70.0 130.0 17 27.04026872246696 0cd9414a_20240813_093727.data
90.0 130.0 17 27.04026872246696 0cd9414a_20240813_093751.data
110.0 130.0 17 27.04026872246696 0cd9414a_20240813_093815.data
130.0 130.0 17 27.15276211453745 0cd9414a_20240813_093839.data
150.0 130.0 17 27.04026872246696 0cd9414a_20240813_093903.data
170.0 130.0 17 27.04026872246696 0cd9414a_20240813_093927.data
190.0 130.0 17 27.04026872246696 0cd9414a_20240813_093951.data
210.0 130.0 17 27.04026872246696 0cd9414a_20240813_094015.data
230.0 130.0 17 27.04026872246696 0cd9414a_20240813_094039.data
250.0 130.0 17 27.04026872246696 0cd9414a_20240813_094103.data
270.0 130.0 17 27.04026872246696 0cd9414a_20240813_094127.data
290.0 130.0 17 27.04026872246696 0cd9414a_20240813_094151.data
290.0 150.0 17 27.04026872246696 0cd9414a_20240813_094215.data
270.0 150.0 17 27.04026872246696 0cd9414a_20240813_094239.data
250.0 150.0 17 27.04026872246696 0cd9414a_20240813_094303.data
230.0 150.0 17 27.04026872246696 0cd9414a_20240813_094327.data
210.0 150.0 17 27.04026872246696 0cd9414a_20240813_094351.data
190.0 150.0 17 27.04026872246696 0cd9414a_20240813_094415.data
170.0 150.0 17 27.04026872246696 0cd9414a_20240813_094439.data
150.0 150.0 17 27.04026872246696 0cd9414a_20240813_094503.data
130.0 150.0 17 27.04026872246696 0cd9414a_20240813_094527.data
110.0 150.0 17 27.04026872246696 0cd9414a_20240813_094551.data
90.0 150.0 17 26.9273127753304 0cd9414a_20240813_094615.data
70.0 150.0 17 26.9273127753304 0cd9414a_20240813_094639.data
50.0 150.0 17 27.04026872246696 0cd9414a_20240813_094703.data
30.0 150.0 17 27.04026872246696 0cd9414a_20240813_094727.data
10.0 150.0 17 26.9273127753304 0cd9414a_20240813_094751.data
10.0 170.0 17 27.04026872246696 0cd9414a_20240813_094815.data
30.0 170.0 17 26.9273127753304 0cd9414a_20240813_094839.data
50.0 170.0 17 26.9273127753304 0cd9414a_20240813_094903.data
70.0 170.0 17 26.9273127753304 0cd9414a_20240813_094927.data
90.0 170.0 17 27.04026872246696 0cd9414a_20240813_094951.data
110.0 170.0 17 26.9273127753304 0cd9414a_20240813_095015.data
130.0 170.0 17 27.04026872246696 0cd9414a_20240813_095039.data
150.0 170.0 17 26.9273127753304 0cd9414a_20240813_095103.data
170.0 170.0 17 26.9273127753304 0cd9414a_20240813_095127.data
190.0 170.0 17 26.9273127753304 0cd9414a_20240813_095151.data
210.0 170.0 17 27.04026872246696 0cd9414a_20240813_095215.data
230.0 170.0 17 27.04026872246696 0cd9414a_20240813_095239.data
250.0 170.0 17 27.04026872246696 0cd9414a_20240813_095303.data
270.0 170.0 17 27.04026872246696 0cd9414a_20240813_095327.data
290.0 170.0 17 26.9273127753304 0cd9414a_20240813_095351.data
290.0 190.0 17 27.04026872246696 0cd9414a_20240813_095415.data
270.0 190.0 17 26.9273127753304 0cd9414a_20240813_095439.data
250.0 190.0 17 26.9273127753304 0cd9414a_20240813_095503.data
230.0 190.0 17 27.04026872246696 0cd9414a_20240813_095527.data
210.0 190.0 17 27.04026872246696 0cd9414a_20240813_095551.data
190.0 190.0 17 27.04026872246696 0cd9414a_20240813_095615.data
170.0 190.0 17 27.04026872246696 0cd9414a_20240813_095639.data
150.0 190.0 17 26.9273127753304 0cd9414a_20240813_095703.data
130.0 190.0 17 27.04026872246696 0cd9414a_20240813_095727.data
110.0 190.0 17 27.04026872246696 0cd9414a_20240813_095751.data
90.0 190.0 17 26.9273127753304 0cd9414a_20240813_095815.data
70.0 190.0 17 27.04026872246696 0cd9414a_20240813_095839.data
50.0 190.0 17 27.04026872246696 0cd9414a_20240813_095903.data
30.0 190.0 17 26.9273127753304 0cd9414a_20240813_095927.data
10.0 190.0 17 27.04026872246696 0cd9414a_20240813_095951.data
10.0 210.0 17 26.9273127753304 0cd9414a_20240813_100015.data
30.0 210.0 17 27.04026872246696 0cd9414a_20240813_100039.data
50.0 210.0 17 26.9273127753304 0cd9414a_20240813_100103.data
70.0 210.0 17 26.9273127753304 0cd9414a_20240813_100127.data
90.0 210.0 17 26.9273127753304 0cd9414a_20240813_100152.data
110.0 210.0 17 27.04026872246696 0cd9414a_20240813_100216.data
130.0 210.0 17 27.04026872246696 0cd9414a_20240813_100240.data
150.0 210.0 17 26.9273127753304 0cd9414a_20240813_100304.data
170.0 210.0 17 27.04026872246696 0cd9414a_20240813_100328.data
190.0 210.0 17 27.04026872246696 0cd9414a_20240813_100352.data
210.0 210.0 17 27.04026872246696 0cd9414a_20240813_100416.data
230.0 210.0 17 27.04026872246696 0cd9414a_20240813_100440.data
250.0 210.0 17 27.04026872246696 0cd9414a_20240813_100504.data
270.0 210.0 17 27.04026872246696 0cd9414a_20240813_100528.data
290.0 210.0 17 27.04026872246696 0cd9414a_20240813_100552.data
290.0 230.0 17 26.9273127753304 0cd9414a_20240813_100616.data
270.0 230.0 17 27.04026872246696 0cd9414a_20240813_100640.data
250.0 230.0 17 26.9273127753304 0cd9414a_20240813_100704.data
230.0 230.0 17 27.04026872246696 0cd9414a_20240813_100728.data
210.0 230.0 17 27.04026872246696 0cd9414a_20240813_100752.data
190.0 230.0 17 27.04026872246696 0cd9414a_20240813_100816.data
170.0 230.0 17 27.04026872246696 0cd9414a_20240813_100840.data
150.0 230.0 17 27.04026872246696 0cd9414a_20240813_100904.data
130.0 230.0 17 27.04026872246696 0cd9414a_20240813_100928.data
110.0 230.0 17 26.9273127753304 0cd9414a_20240813_100952.data
90.0 230.0 17 26.9273127753304 0cd9414a_20240813_101016.data
70.0 230.0 17 26.9273127753304 0cd9414a_20240813_101040.data
50.0 230.0 17 26.9273127753304 0cd9414a_20240813_101104.data
30.0 230.0 17 27.04026872246696 0cd9414a_20240813_101128.data
10.0 230.0 17 26.9273127753304 0cd9414a_20240813_101152.data
10.0 250.0 17 26.9273127753304 0cd9414a_20240813_101216.data
30.0 250.0 17 26.9273127753304 0cd9414a_20240813_101240.data
50.0 250.0 17 26.9273127753304 0cd9414a_20240813_101304.data
70.0 250.0 17 26.9273127753304 0cd9414a_20240813_101328.data
90.0 250.0 17 26.9273127753304 0cd9414a_20240813_101352.data
110.0 250.0 17 26.9273127753304 0cd9414a_20240813_101416.data
130.0 250.0 17 26.9273127753304 0cd9414a_20240813_101440.data
150.0 250.0 17 26.9273127753304 0cd9414a_20240813_101504.data
170.0 250.0 17 27.04026872246696 0cd9414a_20240813_101528.data
190.0 250.0 17 26.9273127753304 0cd9414a_20240813_101552.data
210.0 250.0 17 26.9273127753304 0cd9414a_20240813_101616.data
230.0 250.0 17 26.9273127753304 0cd9414a_20240813_101640.data
250.0 250.0 17 26.9273127753304 0cd9414a_20240813_101704.data
270.0 250.0 17 26.9273127753304 0cd9414a_20240813_101728.data
290.0 250.0 17 27.04026872246696 0cd9414a_20240813_101752.data
290.0 270.0 17 27.04026872246696 0cd9414a_20240813_101816.data
270.0 270.0 17 27.04026872246696 0cd9414a_20240813_101840.data
250.0 270.0 17 26.9273127753304 0cd9414a_20240813_101904.data
230.0 270.0 17 27.04026872246696 0cd9414a_20240813_101928.data
210.0 270.0 17 26.9273127753304 0cd9414a_20240813_101952.data
190.0 270.0 17 26.9273127753304 0cd9414a_20240813_102016.data
170.0 270.0 17 27.04026872246696 0cd9414a_20240813_102040.data
150.0 270.0 17 27.04026872246696 0cd9414a_20240813_102104.data
130.0 270.0 17 26.9273127753304 0cd9414a_20240813_102128.data
110.0 270.0 17 26.9273127753304 0cd9414a_20240813_102152.data
90.0 270.0 17 27.04026872246696 0cd9414a_20240813_102216.data
70.0 270.0 17 27.04026872246696 0cd9414a_20240813_102240.data
50.0 270.0 17 26.9273127753304 0cd9414a_20240813_102304.data
30.0 270.0 17 26.9273127753304 0cd9414a_20240813_102328.data
10.0 270.0 17 27.04026872246696 0cd9414a_20240813_102352.data
10.0 290.0 17 26.9273127753304 0cd9414a_20240813_102416.data
30.0 290.0 17 26.9273127753304 0cd9414a_20240813_102440.data
50.0 290.0 17 26.9273127753304 0cd9414a_20240813_102504.data
70.0 290.0 17 27.04026872246696 0cd9414a_20240813_102528.data
90.0 290.0 17 26.9273127753304 0cd9414a_20240813_102552.data
110.0 290.0 17 26.9273127753304 0cd9414a_20240813_102616.data
130.0 290.0 17 26.9273127753304 0cd9414a_20240813_102640.data
150.0 290.0 17 27.15276211453745 0cd9414a_20240813_102704.data
170.0 290.0 17 27.04026872246696 0cd9414a_20240813_102728.data
190.0 290.0 17 27.04026872246696 0cd9414a_20240813_102752.data
210.0 290.0 17 26.9273127753304 0cd9414a_20240813_102816.data
230.0 290.0 17 27.15276211453745 0cd9414a_20240813_102840.data
250.0 290.0 17 27.04026872246696 0cd9414a_20240813_102904.data
270.0 290.0 17 26.9273127753304 0cd9414a_20240813_102928.data
290.0 290.0 17 27.04026872246696 0cd9414a_20240813_102952.data
290.0 310.0 17 26.9273127753304 0cd9414a_20240813_103016.data
270.0 310.0 17 27.04026872246696 0cd9414a_20240813_103040.data
250.0 310.0 17 27.04026872246696 0cd9414a_20240813_103104.data
230.0 310.0 17 -1 0cd9414a_20240813_103128.data
210.0 310.0 17 26.9273127753304 0cd9414a_20240813_103152.data
190.0 310.0 17 26.9273127753304 0cd9414a_20240813_103216.data
170.0 310.0 17 -1 0cd9414a_20240813_103240.data
150.0 310.0 17 27.04026872246696 0cd9414a_20240813_103304.data
130.0 310.0 17 26.9273127753304 0cd9414a_20240813_103328.data
110.0 310.0 17 26.9273127753304 0cd9414a_20240813_103352.data
90.0 310.0 17 26.9273127753304 0cd9414a_20240813_103416.data
70.0 310.0 17 26.9273127753304 0cd9414a_20240813_103440.data
50.0 310.0 17 26.9273127753304 0cd9414a_20240813_103505.data
30.0 310.0 17 -1 0cd9414a_20240813_103529.data
10.0 310.0 17 26.9273127753304 0cd9414a_20240813_103553.data
10.0 330.0 17 26.9273127753304 0cd9414a_20240813_103617.data
30.0 330.0 17 26.9273127753304 0cd9414a_20240813_103641.data
50.0 330.0 17 27.041409691629962 0cd9414a_20240813_103705.data
70.0 330.0 17 27.04026872246696 0cd9414a_20240813_103729.data
90.0 330.0 17 27.04026872246696 0cd9414a_20240813_103753.data
110.0 330.0 17 27.04026872246696 0cd9414a_20240813_103817.data
130.0 330.0 17 27.04026872246696 0cd9414a_20240813_103841.data
150.0 330.0 17 27.04026872246696 0cd9414a_20240813_103905.data
170.0 330.0 17 27.04026872246696 0cd9414a_20240813_103929.data
190.0 330.0 17 27.04026872246696 0cd9414a_20240813_103953.data
210.0 330.0 17 27.04026872246696 0cd9414a_20240813_104017.data
230.0 330.0 17 27.15276211453745 0cd9414a_20240813_104041.data
250.0 330.0 17 27.04026872246696 0cd9414a_20240813_104105.data
270.0 330.0 17 27.04026872246696 0cd9414a_20240813_104129.data
290.0 330.0 17 27.04026872246696 0cd9414a_20240813_104153.data
10.0 350.0 17 27.15276211453745 0cd9414a_20240813_104658.data
30.0 350.0 17 27.04026872246696 0cd9414a_20240813_104722.data
50.0 350.0 17 27.04026872246696 0cd9414a_20240813_104746.data
70.0 350.0 17 27.04026872246696 0cd9414a_20240813_104810.data
90.0 350.0 17 27.15276211453745 0cd9414a_20240813_104834.data
110.0 350.0 17 27.15276211453745 0cd9414a_20240813_104858.data
130.0 350.0 17 27.04026872246696 0cd9414a_20240813_104922.data
150.0 350.0 17 27.04026872246696 0cd9414a_20240813_104946.data
170.0 350.0 17 27.15276211453745 0cd9414a_20240813_105010.data
190.0 350.0 17 27.04026872246696 0cd9414a_20240813_105034.data
210.0 350.0 17 27.04026872246696 0cd9414a_20240813_105058.data
230.0 350.0 17 27.04026872246696 0cd9414a_20240813_105122.data
250.0 350.0 17 27.04026872246696 0cd9414a_20240813_105146.data
270.0 350.0 17 27.04026872246696 0cd9414a_20240813_105210.data
290.0 350.0 17 27.04026872246696 0cd9414a_20240813_105234.data
290.0 370.0 17 27.15276211453745 0cd9414a_20240813_105258.data
270.0 370.0 17 27.04026872246696 0cd9414a_20240813_105322.data
250.0 370.0 17 27.04026872246696 0cd9414a_20240813_105346.data
230.0 370.0 17 27.04026872246696 0cd9414a_20240813_105410.data
210.0 370.0 17 27.15276211453745 0cd9414a_20240813_105434.data
190.0 370.0 17 27.04026872246696 0cd9414a_20240813_105458.data
170.0 370.0 17 27.04026872246696 0cd9414a_20240813_105522.data
150.0 370.0 17 27.04026872246696 0cd9414a_20240813_105546.data
130.0 370.0 17 27.15276211453745 0cd9414a_20240813_105610.data
110.0 370.0 17 27.04026872246696 0cd9414a_20240813_105634.data
90.0 370.0 17 27.04026872246696 0cd9414a_20240813_105658.data
70.0 370.0 17 27.04026872246696 0cd9414a_20240813_105722.data
50.0 370.0 17 27.04026872246696 0cd9414a_20240813_105746.data
30.0 370.0 17 27.04026872246696 0cd9414a_20240813_105810.data
10.0 370.0 17 27.04026872246696 0cd9414a_20240813_105834.data
10.0 390.0 17 27.04026872246696 0cd9414a_20240813_105858.data
30.0 390.0 17 27.04026872246696 0cd9414a_20240813_105922.data
50.0 390.0 17 27.04026872246696 0cd9414a_20240813_105946.data
70.0 390.0 17 27.04026872246696 0cd9414a_20240813_110010.data
90.0 390.0 17 27.04026872246696 0cd9414a_20240813_110034.data
110.0 390.0 17 27.04026872246696 0cd9414a_20240813_110058.data
130.0 390.0 17 27.04026872246696 0cd9414a_20240813_110122.data
150.0 390.0 17 27.04026872246696 0cd9414a_20240813_110146.data
170.0 390.0 17 27.15276211453745 0cd9414a_20240813_110210.data
190.0 390.0 17 27.15276211453745 0cd9414a_20240813_110234.data
210.0 390.0 17 27.15276211453745 0cd9414a_20240813_110258.data
230.0 390.0 17 27.04026872246696 0cd9414a_20240813_110322.data
250.0 390.0 17 27.04026872246696 0cd9414a_20240813_110346.data
270.0 390.0 17 27.04026872246696 0cd9414a_20240813_110410.data
290.0 390.0 17 27.04026872246696 0cd9414a_20240813_110434.data
290.0 410.0 17 27.04026872246696 0cd9414a_20240813_110458.data
270.0 410.0 17 27.15276211453745 0cd9414a_20240813_110522.data
250.0 410.0 17 27.04026872246696 0cd9414a_20240813_110546.data
230.0 410.0 17 27.04026872246696 0cd9414a_20240813_110611.data
210.0 410.0 17 27.04026872246696 0cd9414a_20240813_110635.data
190.0 410.0 17 27.04026872246696 0cd9414a_20240813_110659.data
170.0 410.0 17 27.04026872246696 0cd9414a_20240813_110723.data
150.0 410.0 17 27.04026872246696 0cd9414a_20240813_110747.data
130.0 410.0 17 27.04026872246696 0cd9414a_20240813_110811.data
110.0 410.0 17 27.04026872246696 0cd9414a_20240813_110835.data
90.0 410.0 17 27.04026872246696 0cd9414a_20240813_110859.data
70.0 410.0 17 27.04026872246696 0cd9414a_20240813_110923.data
50.0 410.0 17 27.04026872246696 0cd9414a_20240813_110947.data
30.0 410.0 17 27.04026872246696 0cd9414a_20240813_111011.data
10.0 410.0 17 27.15276211453745 0cd9414a_20240813_111035.data
10.0 430.0 17 27.15276211453745 0cd9414a_20240813_111059.data
30.0 430.0 17 27.04026872246696 0cd9414a_20240813_111123.data
50.0 430.0 17 27.04026872246696 0cd9414a_20240813_111147.data
70.0 430.0 17 27.04026872246696 0cd9414a_20240813_111211.data
90.0 430.0 17 27.04026872246696 0cd9414a_20240813_111235.data
110.0 430.0 17 27.04026872246696 0cd9414a_20240813_111259.data
130.0 430.0 17 27.04026872246696 0cd9414a_20240813_111323.data
150.0 430.0 17 27.15276211453745 0cd9414a_20240813_111347.data
170.0 430.0 17 27.04026872246696 0cd9414a_20240813_111411.data
190.0 430.0 17 27.04026872246696 0cd9414a_20240813_111435.data
210.0 430.0 17 27.04026872246696 0cd9414a_20240813_111459.data
230.0 430.0 17 27.04026872246696 0cd9414a_20240813_111523.data
250.0 430.0 17 27.15276211453745 0cd9414a_20240813_111547.data
270.0 430.0 17 27.04026872246696 0cd9414a_20240813_111611.data
290.0 430.0 17 27.04026872246696 0cd9414a_20240813_111635.data
290.0 450.0 17 27.04026872246696 0cd9414a_20240813_111659.data
270.0 450.0 17 27.04026872246696 0cd9414a_20240813_111723.data
250.0 450.0 17 27.15276211453745 0cd9414a_20240813_111747.data
230.0 450.0 17 27.15276211453745 0cd9414a_20240813_111811.data
210.0 450.0 17 27.15276211453745 0cd9414a_20240813_111835.data
190.0 450.0 17 27.15276211453745 0cd9414a_20240813_111859.data
170.0 450.0 17 27.04026872246696 0cd9414a_20240813_111923.data
150.0 450.0 17 27.04026872246696 0cd9414a_20240813_111947.data
130.0 450.0 17 27.04026872246696 0cd9414a_20240813_112011.data
110.0 450.0 17 27.04026872246696 0cd9414a_20240813_112035.data
90.0 450.0 17 27.04026872246696 0cd9414a_20240813_112059.data
70.0 450.0 17 27.04026872246696 0cd9414a_20240813_112123.data
50.0 450.0 17 27.04026872246696 0cd9414a_20240813_112147.data
30.0 450.0 17 27.04026872246696 0cd9414a_20240813_112211.data
10.0 450.0 17 27.15276211453745 0cd9414a_20240813_112235.data
10.0 470.0 17 27.15276211453745 0cd9414a_20240813_112259.data
30.0 470.0 17 27.04026872246696 0cd9414a_20240813_112323.data
50.0 470.0 17 27.04026872246696 0cd9414a_20240813_112347.data
70.0 470.0 17 27.04026872246696 0cd9414a_20240813_112411.data
90.0 470.0 17 27.15276211453745 0cd9414a_20240813_112435.data
110.0 470.0 17 27.15276211453745 0cd9414a_20240813_112459.data
130.0 470.0 17 27.15276211453745 0cd9414a_20240813_112523.data
150.0 470.0 17 27.04026872246696 0cd9414a_20240813_112547.data
170.0 470.0 17 27.04026872246696 0cd9414a_20240813_112611.data
190.0 470.0 17 27.04026872246696 0cd9414a_20240813_112635.data
210.0 470.0 17 27.04026872246696 0cd9414a_20240813_112659.data
230.0 470.0 17 27.04026872246696 0cd9414a_20240813_112723.data
250.0 470.0 17 27.04026872246696 0cd9414a_20240813_112747.data
270.0 470.0 17 27.04026872246696 0cd9414a_20240813_112811.data
290.0 470.0 17 27.04026872246696 0cd9414a_20240813_112835.data
