-1 -1 -1 26.700136563876654 0cd9414a_20240807_131415.data
10.0 10.0 17 26.700136563876654 0cd9414a_20240807_131454.data
30.0 10.0 17 26.700136563876654 0cd9414a_20240807_131518.data
50.0 10.0 17 26.700136563876654 0cd9414a_20240807_131542.data
70.0 10.0 17 26.585916299559475 0cd9414a_20240807_131606.data
90.0 10.0 17 26.700136563876654 0cd9414a_20240807_131630.data
110.0 10.0 17 26.700136563876654 0cd9414a_20240807_131654.data
130.0 10.0 17 26.700136563876654 0cd9414a_20240807_131718.data
150.0 10.0 17 26.700136563876654 0cd9414a_20240807_131742.data
170.0 10.0 17 26.700136563876654 0cd9414a_20240807_131806.data
190.0 10.0 17 26.700136563876654 0cd9414a_20240807_131830.data
210.0 10.0 17 26.585916299559475 0cd9414a_20240807_131854.data
230.0 10.0 17 26.700136563876654 0cd9414a_20240807_131918.data
250.0 10.0 17 26.700136563876654 0cd9414a_20240807_131942.data
270.0 10.0 17 26.700136563876654 0cd9414a_20240807_132006.data
290.0 10.0 17 26.700136563876654 0cd9414a_20240807_132030.data
290.0 30.0 17 26.700136563876654 0cd9414a_20240807_132054.data
270.0 30.0 17 26.700136563876654 0cd9414a_20240807_132118.data
250.0 30.0 17 26.700136563876654 0cd9414a_20240807_132142.data
230.0 30.0 17 26.700136563876654 0cd9414a_20240807_132206.data
210.0 30.0 17 26.700136563876654 0cd9414a_20240807_132230.data
190.0 30.0 17 26.700136563876654 0cd9414a_20240807_132254.data
170.0 30.0 17 26.700136563876654 0cd9414a_20240807_132318.data
150.0 30.0 17 26.471233480176213 0cd9414a_20240807_132342.data
130.0 30.0 17 26.700136563876654 0cd9414a_20240807_132406.data
110.0 30.0 17 26.700136563876654 0cd9414a_20240807_132430.data
90.0 30.0 17 26.585916299559475 0cd9414a_20240807_132454.data
70.0 30.0 17 26.585916299559475 0cd9414a_20240807_132518.data
50.0 30.0 17 26.81392511013216 0cd9414a_20240807_132542.data
30.0 30.0 17 26.700136563876654 0cd9414a_20240807_132606.data
10.0 30.0 17 26.700136563876654 0cd9414a_20240807_132630.data
10.0 50.0 17 26.700136563876654 0cd9414a_20240807_132654.data
30.0 50.0 17 26.700136563876654 0cd9414a_20240807_132718.data
50.0 50.0 17 26.700136563876654 0cd9414a_20240807_132742.data
70.0 50.0 17 26.585916299559475 0cd9414a_20240807_132806.data
90.0 50.0 17 26.585916299559475 0cd9414a_20240807_132830.data
110.0 50.0 17 26.700136563876654 0cd9414a_20240807_132855.data
130.0 50.0 17 26.700136563876654 0cd9414a_20240807_132919.data
150.0 50.0 17 26.700136563876654 0cd9414a_20240807_132943.data
170.0 50.0 17 26.700136563876654 0cd9414a_20240807_133007.data
190.0 50.0 17 26.585916299559475 0cd9414a_20240807_133031.data
210.0 50.0 17 26.700136563876654 0cd9414a_20240807_133055.data
230.0 50.0 17 26.700136563876654 0cd9414a_20240807_133119.data
250.0 50.0 17 26.700136563876654 0cd9414a_20240807_133143.data
270.0 50.0 17 26.700136563876654 0cd9414a_20240807_133207.data
290.0 50.0 17 26.700136563876654 0cd9414a_20240807_133231.data
290.0 70.0 17 26.700136563876654 0cd9414a_20240807_133255.data
270.0 70.0 17 26.700136563876654 0cd9414a_20240807_133319.data
250.0 70.0 17 26.585916299559475 0cd9414a_20240807_133343.data
230.0 70.0 17 26.585916299559475 0cd9414a_20240807_133407.data
210.0 70.0 17 26.700136563876654 0cd9414a_20240807_133431.data
190.0 70.0 17 26.585916299559475 0cd9414a_20240807_133455.data
170.0 70.0 17 26.700136563876654 0cd9414a_20240807_133519.data
150.0 70.0 17 26.585916299559475 0cd9414a_20240807_133543.data
130.0 70.0 17 26.81392511013216 0cd9414a_20240807_133607.data
110.0 70.0 17 26.700136563876654 0cd9414a_20240807_133631.data
90.0 70.0 17 26.700136563876654 0cd9414a_20240807_133655.data
70.0 70.0 17 26.700136563876654 0cd9414a_20240807_133719.data
50.0 70.0 17 26.700136563876654 0cd9414a_20240807_133743.data
30.0 70.0 17 26.585916299559475 0cd9414a_20240807_133807.data
10.0 70.0 17 26.585916299559475 0cd9414a_20240807_133831.data
10.0 90.0 17 26.700136563876654 0cd9414a_20240807_133855.data
30.0 90.0 17 26.81392511013216 0cd9414a_20240807_133919.data
50.0 90.0 17 26.9273127753304 0cd9414a_20240807_133943.data
70.0 90.0 17 26.700136563876654 0cd9414a_20240807_134007.data
90.0 90.0 17 26.81392511013216 0cd9414a_20240807_134031.data
110.0 90.0 17 26.9273127753304 0cd9414a_20240807_134055.data
130.0 90.0 17 26.9273127753304 0cd9414a_20240807_134119.data
150.0 90.0 17 26.9273127753304 0cd9414a_20240807_134143.data
170.0 90.0 17 26.81392511013216 0cd9414a_20240807_134207.data
190.0 90.0 17 26.9273127753304 0cd9414a_20240807_134231.data
210.0 90.0 17 26.9273127753304 0cd9414a_20240807_134255.data
230.0 90.0 17 26.585916299559475 0cd9414a_20240807_134319.data
250.0 90.0 17 26.81392511013216 0cd9414a_20240807_134343.data
270.0 90.0 17 26.700136563876654 0cd9414a_20240807_134407.data
290.0 90.0 17 26.9273127753304 0cd9414a_20240807_134431.data
290.0 110.0 17 26.700136563876654 0cd9414a_20240807_134455.data
270.0 110.0 17 26.471233480176213 0cd9414a_20240807_134519.data
250.0 110.0 17 26.81392511013216 0cd9414a_20240807_134543.data
230.0 110.0 17 26.700136563876654 0cd9414a_20240807_134607.data
210.0 110.0 17 26.585916299559475 0cd9414a_20240807_134631.data
190.0 110.0 17 26.81392511013216 0cd9414a_20240807_134655.data
170.0 110.0 17 26.81392511013216 0cd9414a_20240807_134719.data
150.0 110.0 17 26.81392511013216 0cd9414a_20240807_134743.data
130.0 110.0 17 26.585916299559475 0cd9414a_20240807_134807.data
110.0 110.0 17 26.700136563876654 0cd9414a_20240807_134831.data
90.0 110.0 17 26.9273127753304 0cd9414a_20240807_134855.data
70.0 110.0 17 26.9273127753304 0cd9414a_20240807_134919.data
50.0 110.0 17 26.9273127753304 0cd9414a_20240807_134943.data
30.0 110.0 17 26.9273127753304 0cd9414a_20240807_135007.data
10.0 110.0 17 26.81392511013216 0cd9414a_20240807_135031.data
10.0 130.0 17 26.9273127753304 0cd9414a_20240807_135055.data
30.0 130.0 17 26.9273127753304 0cd9414a_20240807_135119.data
50.0 130.0 17 26.9273127753304 0cd9414a_20240807_135143.data
70.0 130.0 17 26.9273127753304 0cd9414a_20240807_135207.data
90.0 130.0 17 26.9273127753304 0cd9414a_20240807_135231.data
110.0 130.0 17 26.9273127753304 0cd9414a_20240807_135255.data
130.0 130.0 17 26.9273127753304 0cd9414a_20240807_135319.data
150.0 130.0 17 26.9273127753304 0cd9414a_20240807_135343.data
170.0 130.0 17 26.9273127753304 0cd9414a_20240807_135407.data
190.0 130.0 17 26.9273127753304 0cd9414a_20240807_135431.data
210.0 130.0 17 26.81392511013216 0cd9414a_20240807_135455.data
230.0 130.0 17 26.81392511013216 0cd9414a_20240807_135519.data
250.0 130.0 17 26.9273127753304 0cd9414a_20240807_135543.data
270.0 130.0 17 26.9273127753304 0cd9414a_20240807_135607.data
290.0 130.0 17 26.9273127753304 0cd9414a_20240807_135631.data
290.0 150.0 17 26.9273127753304 0cd9414a_20240807_135655.data
270.0 150.0 17 26.9273127753304 0cd9414a_20240807_135719.data
250.0 150.0 17 26.9273127753304 0cd9414a_20240807_135743.data
230.0 150.0 17 26.9273127753304 0cd9414a_20240807_135807.data
210.0 150.0 17 26.9273127753304 0cd9414a_20240807_135831.data
190.0 150.0 17 26.9273127753304 0cd9414a_20240807_135855.data
170.0 150.0 17 26.9273127753304 0cd9414a_20240807_135919.data
150.0 150.0 17 26.585916299559475 0cd9414a_20240807_135943.data
130.0 150.0 17 26.700136563876654 0cd9414a_20240807_140007.data
110.0 150.0 17 26.585916299559475 0cd9414a_20240807_140031.data
90.0 150.0 17 26.700136563876654 0cd9414a_20240807_140055.data
70.0 150.0 17 26.585916299559475 0cd9414a_20240807_140119.data
50.0 150.0 17 26.700136563876654 0cd9414a_20240807_140143.data
30.0 150.0 17 26.585916299559475 0cd9414a_20240807_140207.data
10.0 150.0 17 26.700136563876654 0cd9414a_20240807_140231.data
10.0 170.0 17 26.81392511013216 0cd9414a_20240807_140255.data
30.0 170.0 17 26.9273127753304 0cd9414a_20240807_140319.data
50.0 170.0 17 26.9273127753304 0cd9414a_20240807_140343.data
70.0 170.0 17 26.9273127753304 0cd9414a_20240807_140408.data
90.0 170.0 17 26.81392511013216 0cd9414a_20240807_140432.data
110.0 170.0 17 26.81392511013216 0cd9414a_20240807_140456.data
130.0 170.0 17 26.81392511013216 0cd9414a_20240807_140520.data
150.0 170.0 17 26.9273127753304 0cd9414a_20240807_140544.data
170.0 170.0 17 26.9273127753304 0cd9414a_20240807_140608.data
190.0 170.0 17 26.9273127753304 0cd9414a_20240807_140632.data
210.0 170.0 17 26.585916299559475 0cd9414a_20240807_140656.data
230.0 170.0 17 26.9273127753304 0cd9414a_20240807_140720.data
250.0 170.0 17 26.9273127753304 0cd9414a_20240807_140744.data
270.0 170.0 17 26.585916299559475 0cd9414a_20240807_140808.data
290.0 170.0 17 26.700136563876654 0cd9414a_20240807_140832.data
290.0 190.0 17 26.81392511013216 0cd9414a_20240807_140856.data
270.0 190.0 17 26.700136563876654 0cd9414a_20240807_140920.data
250.0 190.0 17 26.700136563876654 0cd9414a_20240807_140944.data
230.0 190.0 17 26.700136563876654 0cd9414a_20240807_141008.data
210.0 190.0 17 26.700136563876654 0cd9414a_20240807_141032.data
190.0 190.0 17 26.700136563876654 0cd9414a_20240807_141056.data
170.0 190.0 17 26.9273127753304 0cd9414a_20240807_141120.data
150.0 190.0 17 26.9273127753304 0cd9414a_20240807_141144.data
130.0 190.0 17 26.81392511013216 0cd9414a_20240807_141208.data
110.0 190.0 17 26.9273127753304 0cd9414a_20240807_141232.data
90.0 190.0 17 26.9273127753304 0cd9414a_20240807_141256.data
70.0 190.0 17 26.9273127753304 0cd9414a_20240807_141320.data
50.0 190.0 17 26.9273127753304 0cd9414a_20240807_141344.data
30.0 190.0 17 26.81392511013216 0cd9414a_20240807_141408.data
10.0 190.0 17 26.9273127753304 0cd9414a_20240807_141432.data
10.0 210.0 17 27.04026872246696 0cd9414a_20240807_141456.data
30.0 210.0 17 26.81392511013216 0cd9414a_20240807_141520.data
50.0 210.0 17 26.9273127753304 0cd9414a_20240807_141544.data
70.0 210.0 17 26.9273127753304 0cd9414a_20240807_141608.data
90.0 210.0 17 26.700136563876654 0cd9414a_20240807_141632.data
110.0 210.0 17 26.9273127753304 0cd9414a_20240807_141656.data
130.0 210.0 17 26.9273127753304 0cd9414a_20240807_141720.data
150.0 210.0 17 26.700136563876654 0cd9414a_20240807_141744.data
170.0 210.0 17 26.81392511013216 0cd9414a_20240807_141808.data
190.0 210.0 17 26.81392511013216 0cd9414a_20240807_141832.data
210.0 210.0 17 26.700136563876654 0cd9414a_20240807_141856.data
230.0 210.0 17 26.9273127753304 0cd9414a_20240807_141920.data
250.0 210.0 17 26.9273127753304 0cd9414a_20240807_141944.data
270.0 210.0 17 26.9273127753304 0cd9414a_20240807_142008.data
290.0 210.0 17 26.700136563876654 0cd9414a_20240807_142032.data
290.0 230.0 17 26.9273127753304 0cd9414a_20240807_142056.data
270.0 230.0 17 26.9273127753304 0cd9414a_20240807_142120.data
250.0 230.0 17 26.9273127753304 0cd9414a_20240807_142144.data
230.0 230.0 17 26.9273127753304 0cd9414a_20240807_142208.data
210.0 230.0 17 26.9273127753304 0cd9414a_20240807_142232.data
190.0 230.0 17 26.9273127753304 0cd9414a_20240807_142256.data
170.0 230.0 17 26.81392511013216 0cd9414a_20240807_142320.data
150.0 230.0 17 26.585916299559475 0cd9414a_20240807_142344.data
130.0 230.0 17 26.9273127753304 0cd9414a_20240807_142408.data
110.0 230.0 17 26.9273127753304 0cd9414a_20240807_142432.data
90.0 230.0 17 26.9273127753304 0cd9414a_20240807_142456.data
70.0 230.0 17 26.700136563876654 0cd9414a_20240807_142520.data
50.0 230.0 17 26.700136563876654 0cd9414a_20240807_142544.data
30.0 230.0 17 26.9273127753304 0cd9414a_20240807_142608.data
10.0 230.0 17 26.81392511013216 0cd9414a_20240807_142632.data
10.0 250.0 17 26.700136563876654 0cd9414a_20240807_142656.data
30.0 250.0 17 26.9273127753304 0cd9414a_20240807_142720.data
50.0 250.0 17 26.9273127753304 0cd9414a_20240807_142744.data
70.0 250.0 17 26.9273127753304 0cd9414a_20240807_142808.data
90.0 250.0 17 26.9273127753304 0cd9414a_20240807_142832.data
110.0 250.0 17 26.9273127753304 0cd9414a_20240807_142856.data
130.0 250.0 17 26.9273127753304 0cd9414a_20240807_142920.data
150.0 250.0 17 26.9273127753304 0cd9414a_20240807_142944.data
170.0 250.0 17 26.9273127753304 0cd9414a_20240807_143008.data
190.0 250.0 17 26.9273127753304 0cd9414a_20240807_143032.data
210.0 250.0 17 26.9273127753304 0cd9414a_20240807_143056.data
230.0 250.0 17 26.9273127753304 0cd9414a_20240807_143120.data
250.0 250.0 17 26.9273127753304 0cd9414a_20240807_143144.data
270.0 250.0 17 26.9273127753304 0cd9414a_20240807_143208.data
290.0 250.0 17 26.9273127753304 0cd9414a_20240807_143232.data
290.0 270.0 17 26.9273127753304 0cd9414a_20240807_143256.data
270.0 270.0 17 26.81392511013216 0cd9414a_20240807_143320.data
250.0 270.0 17 26.9273127753304 0cd9414a_20240807_143344.data
230.0 270.0 17 26.700136563876654 0cd9414a_20240807_143408.data
210.0 270.0 17 26.700136563876654 0cd9414a_20240807_143432.data
190.0 270.0 17 26.81392511013216 0cd9414a_20240807_143456.data
170.0 270.0 17 26.700136563876654 0cd9414a_20240807_143520.data
150.0 270.0 17 26.700136563876654 0cd9414a_20240807_143544.data
130.0 270.0 17 26.9273127753304 0cd9414a_20240807_143608.data
110.0 270.0 17 26.9273127753304 0cd9414a_20240807_143632.data
90.0 270.0 17 26.9273127753304 0cd9414a_20240807_143656.data
70.0 270.0 17 26.9273127753304 0cd9414a_20240807_143720.data
50.0 270.0 17 26.81392511013216 0cd9414a_20240807_143745.data
30.0 270.0 17 26.9273127753304 0cd9414a_20240807_143809.data
10.0 270.0 17 26.9273127753304 0cd9414a_20240807_143833.data
10.0 290.0 17 26.9273127753304 0cd9414a_20240807_143857.data
30.0 290.0 17 27.04026872246696 0cd9414a_20240807_143921.data
50.0 290.0 17 26.9273127753304 0cd9414a_20240807_143945.data
70.0 290.0 17 26.81392511013216 0cd9414a_20240807_144009.data
90.0 290.0 17 26.9273127753304 0cd9414a_20240807_144033.data
110.0 290.0 17 26.9273127753304 0cd9414a_20240807_144057.data
130.0 290.0 17 26.9273127753304 0cd9414a_20240807_144121.data
150.0 290.0 17 26.9273127753304 0cd9414a_20240807_144145.data
170.0 290.0 17 26.9273127753304 0cd9414a_20240807_144209.data
190.0 290.0 17 26.9273127753304 0cd9414a_20240807_144233.data
210.0 290.0 17 26.700136563876654 0cd9414a_20240807_144257.data
230.0 290.0 17 26.9273127753304 0cd9414a_20240807_144321.data
250.0 290.0 17 26.9273127753304 0cd9414a_20240807_144345.data
270.0 290.0 17 26.81392511013216 0cd9414a_20240807_144409.data
290.0 290.0 17 26.9273127753304 0cd9414a_20240807_144433.data
290.0 310.0 17 26.9273127753304 0cd9414a_20240807_144457.data
270.0 310.0 17 26.81392511013216 0cd9414a_20240807_144521.data
250.0 310.0 17 26.700136563876654 0cd9414a_20240807_144545.data
230.0 310.0 17 26.81392511013216 0cd9414a_20240807_144609.data
210.0 310.0 17 26.585916299559475 0cd9414a_20240807_144633.data
190.0 310.0 17 26.9273127753304 0cd9414a_20240807_144657.data
170.0 310.0 17 -1 0cd9414a_20240807_144721.data
150.0 310.0 17 26.585916299559475 0cd9414a_20240807_144745.data
130.0 310.0 17 26.700136563876654 0cd9414a_20240807_144809.data
110.0 310.0 17 -1 0cd9414a_20240807_144833.data
90.0 310.0 17 26.9273127753304 0cd9414a_20240807_144857.data
70.0 310.0 17 26.9273127753304 0cd9414a_20240807_144921.data
50.0 310.0 17 26.9273127753304 0cd9414a_20240807_144945.data
30.0 310.0 17 26.9273127753304 0cd9414a_20240807_145009.data
10.0 310.0 17 26.9273127753304 0cd9414a_20240807_145033.data
10.0 330.0 17 26.700136563876654 0cd9414a_20240807_145057.data
30.0 330.0 17 -1 0cd9414a_20240807_145121.data
50.0 330.0 17 26.9273127753304 0cd9414a_20240807_145145.data
70.0 330.0 17 26.700136563876654 0cd9414a_20240807_145209.data
90.0 330.0 17 26.9273127753304 0cd9414a_20240807_145233.data
110.0 330.0 17 26.9273127753304 0cd9414a_20240807_145257.data
130.0 330.0 17 27.04026872246696 0cd9414a_20240807_145321.data
150.0 330.0 17 27.04026872246696 0cd9414a_20240807_145345.data
170.0 330.0 17 27.04026872246696 0cd9414a_20240807_145409.data
190.0 330.0 17 27.04026872246696 0cd9414a_20240807_145433.data
210.0 330.0 17 27.15276211453745 0cd9414a_20240807_145457.data
230.0 330.0 17 27.04026872246696 0cd9414a_20240807_145521.data
250.0 330.0 17 26.9273127753304 0cd9414a_20240807_145545.data
270.0 330.0 17 26.9273127753304 0cd9414a_20240807_145609.data
290.0 330.0 17 27.04026872246696 0cd9414a_20240807_145633.data
10.0 350.0 17 27.04026872246696 0cd9414a_20240807_151425.data
30.0 350.0 17 27.04026872246696 0cd9414a_20240807_151449.data
50.0 350.0 17 27.04026872246696 0cd9414a_20240807_151513.data
70.0 350.0 17 27.04026872246696 0cd9414a_20240807_151537.data
90.0 350.0 17 27.04026872246696 0cd9414a_20240807_151601.data
110.0 350.0 17 27.04026872246696 0cd9414a_20240807_151625.data
130.0 350.0 17 27.04026872246696 0cd9414a_20240807_151649.data
150.0 350.0 17 27.04026872246696 0cd9414a_20240807_151713.data
170.0 350.0 17 27.04026872246696 0cd9414a_20240807_151737.data
190.0 350.0 17 27.04026872246696 0cd9414a_20240807_151801.data
210.0 350.0 17 27.04026872246696 0cd9414a_20240807_151825.data
230.0 350.0 17 27.04026872246696 0cd9414a_20240807_151849.data
250.0 350.0 17 27.04026872246696 0cd9414a_20240807_151913.data
270.0 350.0 17 27.15276211453745 0cd9414a_20240807_151937.data
290.0 350.0 17 27.04026872246696 0cd9414a_20240807_152001.data
290.0 370.0 17 27.15276211453745 0cd9414a_20240807_152026.data
270.0 370.0 17 27.04026872246696 0cd9414a_20240807_152050.data
250.0 370.0 17 27.04026872246696 0cd9414a_20240807_152114.data
230.0 370.0 17 27.04026872246696 0cd9414a_20240807_152138.data
210.0 370.0 17 27.04026872246696 0cd9414a_20240807_152202.data
190.0 370.0 17 27.04026872246696 0cd9414a_20240807_152226.data
170.0 370.0 17 27.04026872246696 0cd9414a_20240807_152250.data
150.0 370.0 17 27.04026872246696 0cd9414a_20240807_152314.data
130.0 370.0 17 26.9273127753304 0cd9414a_20240807_152338.data
110.0 370.0 17 27.04026872246696 0cd9414a_20240807_152402.data
90.0 370.0 17 27.04026872246696 0cd9414a_20240807_152426.data
70.0 370.0 17 27.04026872246696 0cd9414a_20240807_152450.data
50.0 370.0 17 27.04026872246696 0cd9414a_20240807_152514.data
30.0 370.0 17 27.04026872246696 0cd9414a_20240807_152538.data
10.0 370.0 17 27.04026872246696 0cd9414a_20240807_152602.data
10.0 390.0 17 27.04026872246696 0cd9414a_20240807_152626.data
30.0 390.0 17 27.04026872246696 0cd9414a_20240807_152650.data
50.0 390.0 17 27.04026872246696 0cd9414a_20240807_152714.data
70.0 390.0 17 27.04026872246696 0cd9414a_20240807_152738.data
90.0 390.0 17 27.04026872246696 0cd9414a_20240807_152802.data
110.0 390.0 17 27.04026872246696 0cd9414a_20240807_152826.data
130.0 390.0 17 27.04026872246696 0cd9414a_20240807_152850.data
150.0 390.0 17 27.04026872246696 0cd9414a_20240807_152914.data
170.0 390.0 17 27.04026872246696 0cd9414a_20240807_152938.data
190.0 390.0 17 27.04026872246696 0cd9414a_20240807_153002.data
210.0 390.0 17 27.15276211453745 0cd9414a_20240807_153026.data
230.0 390.0 17 27.04026872246696 0cd9414a_20240807_153050.data
250.0 390.0 17 27.04026872246696 0cd9414a_20240807_153114.data
270.0 390.0 17 27.04026872246696 0cd9414a_20240807_153138.data
290.0 390.0 17 27.04026872246696 0cd9414a_20240807_153202.data
290.0 410.0 17 27.15276211453745 0cd9414a_20240807_153226.data
270.0 410.0 17 27.04026872246696 0cd9414a_20240807_153250.data
250.0 410.0 17 27.04026872246696 0cd9414a_20240807_153314.data
230.0 410.0 17 27.04026872246696 0cd9414a_20240807_153338.data
210.0 410.0 17 27.04026872246696 0cd9414a_20240807_153402.data
190.0 410.0 17 27.15276211453745 0cd9414a_20240807_153426.data
170.0 410.0 17 27.04026872246696 0cd9414a_20240807_153450.data
150.0 410.0 17 27.04026872246696 0cd9414a_20240807_153514.data
130.0 410.0 17 27.264854625550658 0cd9414a_20240807_153538.data
110.0 410.0 17 27.04026872246696 0cd9414a_20240807_153602.data
90.0 410.0 17 27.04026872246696 0cd9414a_20240807_153626.data
70.0 410.0 17 27.15276211453745 0cd9414a_20240807_153650.data
50.0 410.0 17 27.04026872246696 0cd9414a_20240807_153714.data
30.0 410.0 17 27.04026872246696 0cd9414a_20240807_153738.data
10.0 410.0 17 27.04026872246696 0cd9414a_20240807_153802.data
10.0 430.0 17 27.04026872246696 0cd9414a_20240807_153826.data
30.0 430.0 17 27.04026872246696 0cd9414a_20240807_153850.data
50.0 430.0 17 27.15276211453745 0cd9414a_20240807_153914.data
70.0 430.0 17 27.15276211453745 0cd9414a_20240807_153938.data
90.0 430.0 17 27.04026872246696 0cd9414a_20240807_154002.data
110.0 430.0 17 27.04026872246696 0cd9414a_20240807_154026.data
130.0 430.0 17 27.04026872246696 0cd9414a_20240807_154050.data
150.0 430.0 17 27.15276211453745 0cd9414a_20240807_154114.data
170.0 430.0 17 27.15276211453745 0cd9414a_20240807_154138.data
190.0 430.0 17 27.04026872246696 0cd9414a_20240807_154202.data
210.0 430.0 17 27.04026872246696 0cd9414a_20240807_154226.data
230.0 430.0 17 27.04026872246696 0cd9414a_20240807_154250.data
250.0 430.0 17 27.04026872246696 0cd9414a_20240807_154314.data
270.0 430.0 17 27.15276211453745 0cd9414a_20240807_154338.data
290.0 430.0 17 27.15276211453745 0cd9414a_20240807_154402.data
290.0 450.0 17 27.15276211453745 0cd9414a_20240807_154426.data
270.0 450.0 17 27.15276211453745 0cd9414a_20240807_154450.data
250.0 450.0 17 27.264854625550658 0cd9414a_20240807_154514.data
230.0 450.0 17 27.04026872246696 0cd9414a_20240807_154538.data
210.0 450.0 17 27.04026872246696 0cd9414a_20240807_154602.data
190.0 450.0 17 27.04026872246696 0cd9414a_20240807_154626.data
170.0 450.0 17 27.04026872246696 0cd9414a_20240807_154650.data
150.0 450.0 17 27.04026872246696 0cd9414a_20240807_154714.data
130.0 450.0 17 27.04026872246696 0cd9414a_20240807_154738.data
110.0 450.0 17 27.04026872246696 0cd9414a_20240807_154802.data
90.0 450.0 17 27.15276211453745 0cd9414a_20240807_154826.data
70.0 450.0 17 27.15276211453745 0cd9414a_20240807_154850.data
50.0 450.0 17 27.04026872246696 0cd9414a_20240807_154914.data
30.0 450.0 17 27.04026872246696 0cd9414a_20240807_154938.data
10.0 450.0 17 27.04026872246696 0cd9414a_20240807_155002.data
10.0 470.0 17 27.04026872246696 0cd9414a_20240807_155026.data
30.0 470.0 17 27.04026872246696 0cd9414a_20240807_155050.data
50.0 470.0 17 27.15276211453745 0cd9414a_20240807_155114.data
70.0 470.0 17 27.15276211453745 0cd9414a_20240807_155138.data
90.0 470.0 17 26.9273127753304 0cd9414a_20240807_155202.data
110.0 470.0 17 27.04026872246696 0cd9414a_20240807_155226.data
130.0 470.0 17 27.04026872246696 0cd9414a_20240807_155250.data
150.0 470.0 17 27.15276211453745 0cd9414a_20240807_155314.data
170.0 470.0 17 27.15276211453745 0cd9414a_20240807_155338.data
190.0 470.0 17 27.04026872246696 0cd9414a_20240807_155402.data
210.0 470.0 17 27.04026872246696 0cd9414a_20240807_155426.data
230.0 470.0 17 27.04026872246696 0cd9414a_20240807_155451.data
250.0 470.0 17 27.04026872246696 0cd9414a_20240807_155515.data
270.0 470.0 17 27.04026872246696 0cd9414a_20240807_155539.data
290.0 470.0 17 27.15276211453745 0cd9414a_20240807_155603.data
