-1 -1 -1 24.003973684210532 0cd9414a_20240918_153754.data
10.0 10.0 17 24.003973684210532 0cd9414a_20240918_153834.data
30.0 10.0 17 24.216789473684212 0cd9414a_20240918_153858.data
50.0 10.0 17 24.322552631578947 0cd9414a_20240918_153922.data
70.0 10.0 17 24.322552631578947 0cd9414a_20240918_153946.data
90.0 10.0 17 24.322552631578947 0cd9414a_20240918_154010.data
110.0 10.0 17 24.322552631578947 0cd9414a_20240918_154034.data
130.0 10.0 17 24.322552631578947 0cd9414a_20240918_154058.data
150.0 10.0 17 24.322552631578947 0cd9414a_20240918_154122.data
170.0 10.0 17 24.003973684210532 0cd9414a_20240918_154146.data
190.0 10.0 17 24.427921052631582 0cd9414a_20240918_154210.data
210.0 10.0 17 24.003973684210532 0cd9414a_20240918_154234.data
230.0 10.0 17 23.902100000000004 0cd9414a_20240918_154258.data
250.0 10.0 17 24.322552631578947 0cd9414a_20240918_154322.data
270.0 10.0 17 24.427921052631582 0cd9414a_20240918_154346.data
290.0 10.0 17 24.322552631578947 0cd9414a_20240918_154410.data
290.0 30.0 17 24.322552631578947 0cd9414a_20240918_154434.data
270.0 30.0 17 24.322552631578947 0cd9414a_20240918_154458.data
250.0 30.0 17 24.003973684210532 0cd9414a_20240918_154522.data
230.0 30.0 17 24.427921052631582 0cd9414a_20240918_154546.data
210.0 30.0 17 24.322552631578947 0cd9414a_20240918_154610.data
190.0 30.0 17 24.322552631578947 0cd9414a_20240918_154634.data
170.0 30.0 17 24.322552631578947 0cd9414a_20240918_154658.data
150.0 30.0 17 24.003973684210532 0cd9414a_20240918_154722.data
130.0 30.0 17 24.003973684210532 0cd9414a_20240918_154746.data
110.0 30.0 17 24.322552631578947 0cd9414a_20240918_154810.data
90.0 30.0 17 24.322552631578947 0cd9414a_20240918_154834.data
70.0 30.0 17 24.322552631578947 0cd9414a_20240918_154858.data
50.0 30.0 17 24.322552631578947 0cd9414a_20240918_154922.data
30.0 30.0 17 24.1106052631579 0cd9414a_20240918_154946.data
10.0 30.0 17 24.322552631578947 0cd9414a_20240918_155010.data
10.0 50.0 17 24.322552631578947 0cd9414a_20240918_155034.data
30.0 50.0 17 24.322552631578947 0cd9414a_20240918_155058.data
50.0 50.0 17 24.322552631578947 0cd9414a_20240918_155122.data
70.0 50.0 17 24.003973684210532 0cd9414a_20240918_155146.data
90.0 50.0 17 24.322552631578947 0cd9414a_20240918_155210.data
110.0 50.0 17 24.322552631578947 0cd9414a_20240918_155234.data
130.0 50.0 17 24.322552631578947 0cd9414a_20240918_155258.data
150.0 50.0 17 24.003973684210532 0cd9414a_20240918_155322.data
170.0 50.0 17 24.322552631578947 0cd9414a_20240918_155346.data
190.0 50.0 17 24.322552631578947 0cd9414a_20240918_155410.data
210.0 50.0 17 24.322552631578947 0cd9414a_20240918_155434.data
230.0 50.0 17 24.1106052631579 0cd9414a_20240918_155458.data
250.0 50.0 17 24.322552631578947 0cd9414a_20240918_155522.data
270.0 50.0 17 24.322552631578947 0cd9414a_20240918_155546.data
290.0 50.0 17 24.322552631578947 0cd9414a_20240918_155610.data
290.0 70.0 17 24.1106052631579 0cd9414a_20240918_155634.data
270.0 70.0 17 24.427921052631582 0cd9414a_20240918_155658.data
250.0 70.0 17 24.427921052631582 0cd9414a_20240918_155722.data
230.0 70.0 17 24.322552631578947 0cd9414a_20240918_155746.data
210.0 70.0 17 24.216789473684212 0cd9414a_20240918_155810.data
190.0 70.0 17 24.003973684210532 0cd9414a_20240918_155834.data
170.0 70.0 17 24.322552631578947 0cd9414a_20240918_155858.data
150.0 70.0 17 24.427921052631582 0cd9414a_20240918_155922.data
130.0 70.0 17 24.322552631578947 0cd9414a_20240918_155946.data
110.0 70.0 17 24.322552631578947 0cd9414a_20240918_160010.data
90.0 70.0 17 24.1106052631579 0cd9414a_20240918_160034.data
70.0 70.0 17 24.322552631578947 0cd9414a_20240918_160058.data
50.0 70.0 17 24.322552631578947 0cd9414a_20240918_160122.data
30.0 70.0 17 24.322552631578947 0cd9414a_20240918_160146.data
10.0 70.0 17 24.322552631578947 0cd9414a_20240918_160210.data
10.0 90.0 17 24.322552631578947 0cd9414a_20240918_160234.data
30.0 90.0 17 24.322552631578947 0cd9414a_20240918_160258.data
50.0 90.0 17 24.322552631578947 0cd9414a_20240918_160322.data
70.0 90.0 17 24.003973684210532 0cd9414a_20240918_160346.data
90.0 90.0 17 24.322552631578947 0cd9414a_20240918_160411.data
110.0 90.0 17 24.216789473684212 0cd9414a_20240918_160435.data
130.0 90.0 17 24.216789473684212 0cd9414a_20240918_160459.data
150.0 90.0 17 24.322552631578947 0cd9414a_20240918_160523.data
170.0 90.0 17 24.322552631578947 0cd9414a_20240918_160547.data
190.0 90.0 17 24.322552631578947 0cd9414a_20240918_160611.data
210.0 90.0 17 24.322552631578947 0cd9414a_20240918_160635.data
230.0 90.0 17 24.1106052631579 0cd9414a_20240918_160659.data
250.0 90.0 17 23.902100000000004 0cd9414a_20240918_160723.data
270.0 90.0 17 24.1106052631579 0cd9414a_20240918_160747.data
290.0 90.0 17 24.322552631578947 0cd9414a_20240918_160811.data
290.0 110.0 17 24.322552631578947 0cd9414a_20240918_160835.data
270.0 110.0 17 24.322552631578947 0cd9414a_20240918_160859.data
250.0 110.0 17 24.322552631578947 0cd9414a_20240918_160923.data
230.0 110.0 17 24.322552631578947 0cd9414a_20240918_160947.data
210.0 110.0 17 24.216789473684212 0cd9414a_20240918_161011.data
190.0 110.0 17 24.1106052631579 0cd9414a_20240918_161035.data
170.0 110.0 17 24.003973684210532 0cd9414a_20240918_161059.data
150.0 110.0 17 24.003973684210532 0cd9414a_20240918_161123.data
130.0 110.0 17 24.216789473684212 0cd9414a_20240918_161147.data
110.0 110.0 17 24.003973684210532 0cd9414a_20240918_161211.data
90.0 110.0 17 24.003973684210532 0cd9414a_20240918_161235.data
70.0 110.0 17 24.1106052631579 0cd9414a_20240918_161259.data
50.0 110.0 17 24.216789473684212 0cd9414a_20240918_161323.data
30.0 110.0 17 24.003973684210532 0cd9414a_20240918_161347.data
10.0 110.0 17 24.1106052631579 0cd9414a_20240918_161411.data
10.0 130.0 17 24.322552631578947 0cd9414a_20240918_161435.data
30.0 130.0 17 24.322552631578947 0cd9414a_20240918_161459.data
50.0 130.0 17 24.322552631578947 0cd9414a_20240918_161523.data
70.0 130.0 17 24.322552631578947 0cd9414a_20240918_161547.data
90.0 130.0 17 24.322552631578947 0cd9414a_20240918_161611.data
110.0 130.0 17 24.322552631578947 0cd9414a_20240918_161635.data
130.0 130.0 17 24.1106052631579 0cd9414a_20240918_161659.data
150.0 130.0 17 24.1106052631579 0cd9414a_20240918_161723.data
170.0 130.0 17 24.1106052631579 0cd9414a_20240918_161747.data
190.0 130.0 17 24.322552631578947 0cd9414a_20240918_161811.data
210.0 130.0 17 24.1106052631579 0cd9414a_20240918_161835.data
230.0 130.0 17 24.1106052631579 0cd9414a_20240918_161859.data
250.0 130.0 17 24.003973684210532 0cd9414a_20240918_161923.data
270.0 130.0 17 23.902100000000004 0cd9414a_20240918_161947.data
290.0 130.0 17 24.003973684210532 0cd9414a_20240918_162011.data
290.0 150.0 17 24.322552631578947 0cd9414a_20240918_162035.data
270.0 150.0 17 24.322552631578947 0cd9414a_20240918_162059.data
250.0 150.0 17 24.322552631578947 0cd9414a_20240918_162123.data
230.0 150.0 17 24.322552631578947 0cd9414a_20240918_162147.data
210.0 150.0 17 24.322552631578947 0cd9414a_20240918_162211.data
190.0 150.0 17 24.322552631578947 0cd9414a_20240918_162235.data
170.0 150.0 17 24.003973684210532 0cd9414a_20240918_162259.data
150.0 150.0 17 24.1106052631579 0cd9414a_20240918_162323.data
130.0 150.0 17 24.322552631578947 0cd9414a_20240918_162347.data
110.0 150.0 17 24.322552631578947 0cd9414a_20240918_162411.data
90.0 150.0 17 24.322552631578947 0cd9414a_20240918_162435.data
70.0 150.0 17 24.322552631578947 0cd9414a_20240918_162459.data
50.0 150.0 17 24.322552631578947 0cd9414a_20240918_162523.data
30.0 150.0 17 24.322552631578947 0cd9414a_20240918_162547.data
10.0 150.0 17 24.1106052631579 0cd9414a_20240918_162611.data
10.0 170.0 17 23.902100000000004 0cd9414a_20240918_162635.data
30.0 170.0 17 24.216789473684212 0cd9414a_20240918_162659.data
50.0 170.0 17 24.216789473684212 0cd9414a_20240918_162723.data
70.0 170.0 17 24.322552631578947 0cd9414a_20240918_162747.data
90.0 170.0 17 24.322552631578947 0cd9414a_20240918_162811.data
110.0 170.0 17 24.1106052631579 0cd9414a_20240918_162835.data
130.0 170.0 17 24.216789473684212 0cd9414a_20240918_162859.data
150.0 170.0 17 24.003973684210532 0cd9414a_20240918_162923.data
170.0 170.0 17 24.1106052631579 0cd9414a_20240918_162947.data
190.0 170.0 17 24.1106052631579 0cd9414a_20240918_163011.data
210.0 170.0 17 24.003973684210532 0cd9414a_20240918_163035.data
230.0 170.0 17 24.003973684210532 0cd9414a_20240918_163059.data
250.0 170.0 17 24.322552631578947 0cd9414a_20240918_163123.data
270.0 170.0 17 24.322552631578947 0cd9414a_20240918_163147.data
290.0 170.0 17 24.216789473684212 0cd9414a_20240918_163211.data
290.0 190.0 17 24.216789473684212 0cd9414a_20240918_163235.data
270.0 190.0 17 24.003973684210532 0cd9414a_20240918_163259.data
250.0 190.0 17 24.216789473684212 0cd9414a_20240918_163323.data
230.0 190.0 17 24.003973684210532 0cd9414a_20240918_163347.data
210.0 190.0 17 24.003973684210532 0cd9414a_20240918_163411.data
190.0 190.0 17 24.216789473684212 0cd9414a_20240918_163435.data
170.0 190.0 17 24.322552631578947 0cd9414a_20240918_163500.data
150.0 190.0 17 24.322552631578947 0cd9414a_20240918_163524.data
130.0 190.0 17 24.216789473684212 0cd9414a_20240918_163548.data
110.0 190.0 17 24.216789473684212 0cd9414a_20240918_163612.data
90.0 190.0 17 24.216789473684212 0cd9414a_20240918_163636.data
70.0 190.0 17 24.216789473684212 0cd9414a_20240918_163700.data
50.0 190.0 17 24.003973684210532 0cd9414a_20240918_163724.data
30.0 190.0 17 24.216789473684212 0cd9414a_20240918_163748.data
10.0 190.0 17 24.216789473684212 0cd9414a_20240918_163812.data
10.0 210.0 17 24.003973684210532 0cd9414a_20240918_163836.data
30.0 210.0 17 24.216789473684212 0cd9414a_20240918_163900.data
50.0 210.0 17 24.322552631578947 0cd9414a_20240918_163924.data
70.0 210.0 17 24.322552631578947 0cd9414a_20240918_163948.data
90.0 210.0 17 24.322552631578947 0cd9414a_20240918_164012.data
110.0 210.0 17 24.1106052631579 0cd9414a_20240918_164036.data
130.0 210.0 17 24.216789473684212 0cd9414a_20240918_164100.data
150.0 210.0 17 24.322552631578947 0cd9414a_20240918_164124.data
170.0 210.0 17 24.322552631578947 0cd9414a_20240918_164148.data
190.0 210.0 17 24.322552631578947 0cd9414a_20240918_164212.data
210.0 210.0 17 24.322552631578947 0cd9414a_20240918_164236.data
230.0 210.0 17 24.322552631578947 0cd9414a_20240918_164300.data
250.0 210.0 17 24.216789473684212 0cd9414a_20240918_164324.data
270.0 210.0 17 24.003973684210532 0cd9414a_20240918_164348.data
290.0 210.0 17 24.322552631578947 0cd9414a_20240918_164412.data
290.0 230.0 17 24.322552631578947 0cd9414a_20240918_164436.data
270.0 230.0 17 24.322552631578947 0cd9414a_20240918_164500.data
250.0 230.0 17 24.216789473684212 0cd9414a_20240918_164524.data
230.0 230.0 17 24.216789473684212 0cd9414a_20240918_164548.data
210.0 230.0 17 24.322552631578947 0cd9414a_20240918_164612.data
190.0 230.0 17 24.322552631578947 0cd9414a_20240918_164636.data
170.0 230.0 17 24.322552631578947 0cd9414a_20240918_164700.data
150.0 230.0 17 24.216789473684212 0cd9414a_20240918_164724.data
130.0 230.0 17 24.322552631578947 0cd9414a_20240918_164748.data
110.0 230.0 17 24.216789473684212 0cd9414a_20240918_164812.data
90.0 230.0 17 24.1106052631579 0cd9414a_20240918_164836.data
70.0 230.0 17 24.216789473684212 0cd9414a_20240918_164900.data
50.0 230.0 17 24.322552631578947 0cd9414a_20240918_164924.data
30.0 230.0 17 24.322552631578947 0cd9414a_20240918_164948.data
10.0 230.0 17 24.322552631578947 0cd9414a_20240918_165012.data
10.0 250.0 17 24.216789473684212 0cd9414a_20240918_165036.data
30.0 250.0 17 24.322552631578947 0cd9414a_20240918_165100.data
50.0 250.0 17 24.322552631578947 0cd9414a_20240918_165124.data
70.0 250.0 17 24.216789473684212 0cd9414a_20240918_165148.data
90.0 250.0 17 24.216789473684212 0cd9414a_20240918_165212.data
110.0 250.0 17 24.003973684210532 0cd9414a_20240918_165236.data
130.0 250.0 17 24.1106052631579 0cd9414a_20240918_165300.data
150.0 250.0 17 24.322552631578947 0cd9414a_20240918_165324.data
170.0 250.0 17 24.216789473684212 0cd9414a_20240918_165348.data
190.0 250.0 17 24.003973684210532 0cd9414a_20240918_165412.data
210.0 250.0 17 24.003973684210532 0cd9414a_20240918_165436.data
230.0 250.0 17 24.003973684210532 0cd9414a_20240918_165500.data
250.0 250.0 17 24.003973684210532 0cd9414a_20240918_165524.data
270.0 250.0 17 24.003973684210532 0cd9414a_20240918_165548.data
290.0 250.0 17 24.003973684210532 0cd9414a_20240918_165612.data
290.0 270.0 17 24.003973684210532 0cd9414a_20240918_165636.data
270.0 270.0 17 24.003973684210532 0cd9414a_20240918_165700.data
250.0 270.0 17 24.003973684210532 0cd9414a_20240918_165724.data
230.0 270.0 17 24.216789473684212 0cd9414a_20240918_165748.data
210.0 270.0 17 24.003973684210532 0cd9414a_20240918_165812.data
190.0 270.0 17 24.216789473684212 0cd9414a_20240918_165836.data
170.0 270.0 17 24.003973684210532 0cd9414a_20240918_165900.data
150.0 270.0 17 24.003973684210532 0cd9414a_20240918_165924.data
130.0 270.0 17 24.1106052631579 0cd9414a_20240918_165948.data
110.0 270.0 17 24.216789473684212 0cd9414a_20240918_170012.data
90.0 270.0 17 24.216789473684212 0cd9414a_20240918_170036.data
70.0 270.0 17 -1 0cd9414a_20240918_170100.data
50.0 270.0 17 24.003973684210532 0cd9414a_20240918_170124.data
30.0 270.0 17 24.216789473684212 0cd9414a_20240918_170148.data
10.0 270.0 17 -1 0cd9414a_20240918_170212.data
10.0 290.0 17 24.003973684210532 0cd9414a_20240918_170236.data
30.0 290.0 17 24.003973684210532 0cd9414a_20240918_170300.data
50.0 290.0 17 -1 0cd9414a_20240918_170324.data
70.0 290.0 17 24.003973684210532 0cd9414a_20240918_170349.data
90.0 290.0 17 24.003973684210532 0cd9414a_20240918_170413.data
110.0 290.0 17 -1 0cd9414a_20240918_170437.data
130.0 290.0 17 24.003973684210532 0cd9414a_20240918_170501.data
150.0 290.0 17 24.003973684210532 0cd9414a_20240918_170525.data
170.0 290.0 17 -1 0cd9414a_20240918_170549.data
190.0 290.0 17 24.1106052631579 0cd9414a_20240918_170613.data
210.0 290.0 17 24.003973684210532 0cd9414a_20240918_170637.data
230.0 290.0 17 24.1106052631579 0cd9414a_20240918_170701.data
250.0 290.0 17 24.003973684210532 0cd9414a_20240918_170725.data
270.0 290.0 17 24.003973684210532 0cd9414a_20240918_170749.data
290.0 290.0 17 24.1106052631579 0cd9414a_20240918_170813.data
290.0 310.0 17 24.1106052631579 0cd9414a_20240918_170837.data
270.0 310.0 17 24.003973684210532 0cd9414a_20240918_170901.data
250.0 310.0 17 24.1106052631579 0cd9414a_20240918_170925.data
230.0 310.0 17 24.1106052631579 0cd9414a_20240918_170949.data
210.0 310.0 17 24.003973684210532 0cd9414a_20240918_171013.data
190.0 310.0 17 24.1106052631579 0cd9414a_20240918_171037.data
170.0 310.0 17 24.1106052631579 0cd9414a_20240918_171101.data
150.0 310.0 17 24.003973684210532 0cd9414a_20240918_171125.data
130.0 310.0 17 24.1106052631579 0cd9414a_20240918_171149.data
110.0 310.0 17 24.003973684210532 0cd9414a_20240918_171213.data
90.0 310.0 17 24.216789473684212 0cd9414a_20240918_171237.data
70.0 310.0 17 24.003973684210532 0cd9414a_20240918_171301.data
50.0 310.0 17 24.1106052631579 0cd9414a_20240918_171325.data
30.0 310.0 17 24.003973684210532 0cd9414a_20240918_171349.data
10.0 310.0 17 24.1106052631579 0cd9414a_20240918_171413.data
10.0 330.0 17 24.1106052631579 0cd9414a_20240918_171437.data
30.0 330.0 17 24.003973684210532 0cd9414a_20240918_171501.data
50.0 330.0 17 24.1106052631579 0cd9414a_20240918_171525.data
70.0 330.0 17 24.1106052631579 0cd9414a_20240918_171549.data
90.0 330.0 17 24.003973684210532 0cd9414a_20240918_171613.data
110.0 330.0 17 24.003973684210532 0cd9414a_20240918_171637.data
130.0 330.0 17 24.003973684210532 0cd9414a_20240918_171701.data
150.0 330.0 17 24.1106052631579 0cd9414a_20240918_171725.data
170.0 330.0 17 24.1106052631579 0cd9414a_20240918_171749.data
190.0 330.0 17 24.1106052631579 0cd9414a_20240918_171813.data
210.0 330.0 17 24.1106052631579 0cd9414a_20240918_171837.data
230.0 330.0 17 24.003973684210532 0cd9414a_20240918_171901.data
250.0 330.0 17 24.1106052631579 0cd9414a_20240918_171925.data
270.0 330.0 17 24.003973684210532 0cd9414a_20240918_171949.data
290.0 330.0 17 24.003973684210532 0cd9414a_20240918_172013.data
10.0 350.0 17 24.1106052631579 0cd9414a_20240918_172145.data
30.0 350.0 17 24.003973684210532 0cd9414a_20240918_172209.data
50.0 350.0 17 24.003973684210532 0cd9414a_20240918_172233.data
70.0 350.0 17 24.1106052631579 0cd9414a_20240918_172257.data
90.0 350.0 17 24.003973684210532 0cd9414a_20240918_172321.data
110.0 350.0 17 24.1106052631579 0cd9414a_20240918_172345.data
130.0 350.0 17 24.1106052631579 0cd9414a_20240918_172409.data
150.0 350.0 17 24.003973684210532 0cd9414a_20240918_172433.data
170.0 350.0 17 24.1106052631579 0cd9414a_20240918_172457.data
190.0 350.0 17 24.1106052631579 0cd9414a_20240918_172521.data
210.0 350.0 17 24.1106052631579 0cd9414a_20240918_172545.data
230.0 350.0 17 24.1106052631579 0cd9414a_20240918_172609.data
250.0 350.0 17 24.1106052631579 0cd9414a_20240918_172633.data
270.0 350.0 17 24.1106052631579 0cd9414a_20240918_172657.data
290.0 350.0 17 24.1106052631579 0cd9414a_20240918_172721.data
290.0 370.0 17 24.1106052631579 0cd9414a_20240918_172745.data
270.0 370.0 17 24.003973684210532 0cd9414a_20240918_172809.data
250.0 370.0 17 24.1106052631579 0cd9414a_20240918_172833.data
230.0 370.0 17 24.1106052631579 0cd9414a_20240918_172858.data
210.0 370.0 17 24.1106052631579 0cd9414a_20240918_172922.data
190.0 370.0 17 24.1106052631579 0cd9414a_20240918_172946.data
170.0 370.0 17 24.003973684210532 0cd9414a_20240918_173010.data
150.0 370.0 17 24.1106052631579 0cd9414a_20240918_173034.data
130.0 370.0 17 24.1106052631579 0cd9414a_20240918_173058.data
110.0 370.0 17 24.1106052631579 0cd9414a_20240918_173122.data
90.0 370.0 17 24.1106052631579 0cd9414a_20240918_173146.data
70.0 370.0 17 24.1106052631579 0cd9414a_20240918_173210.data
50.0 370.0 17 24.1106052631579 0cd9414a_20240918_173234.data
30.0 370.0 17 24.1106052631579 0cd9414a_20240918_173258.data
10.0 370.0 17 24.1106052631579 0cd9414a_20240918_173322.data
10.0 390.0 17 24.1106052631579 0cd9414a_20240918_173346.data
30.0 390.0 17 24.1106052631579 0cd9414a_20240918_173410.data
50.0 390.0 17 24.003973684210532 0cd9414a_20240918_173434.data
70.0 390.0 17 24.1106052631579 0cd9414a_20240918_173458.data
90.0 390.0 17 24.003973684210532 0cd9414a_20240918_173522.data
110.0 390.0 17 24.003973684210532 0cd9414a_20240918_173546.data
130.0 390.0 17 24.1106052631579 0cd9414a_20240918_173610.data
150.0 390.0 17 24.1106052631579 0cd9414a_20240918_173634.data
170.0 390.0 17 24.1106052631579 0cd9414a_20240918_173658.data
190.0 390.0 17 24.003973684210532 0cd9414a_20240918_173722.data
210.0 390.0 17 24.1106052631579 0cd9414a_20240918_173746.data
230.0 390.0 17 24.1106052631579 0cd9414a_20240918_173810.data
250.0 390.0 17 24.1106052631579 0cd9414a_20240918_173834.data
270.0 390.0 17 24.1106052631579 0cd9414a_20240918_173858.data
290.0 390.0 17 24.1106052631579 0cd9414a_20240918_173922.data
290.0 410.0 17 24.1106052631579 0cd9414a_20240918_173946.data
270.0 410.0 17 24.1106052631579 0cd9414a_20240918_174010.data
250.0 410.0 17 24.1106052631579 0cd9414a_20240918_174034.data
230.0 410.0 17 24.1106052631579 0cd9414a_20240918_174058.data
210.0 410.0 17 24.1106052631579 0cd9414a_20240918_174122.data
190.0 410.0 17 24.1106052631579 0cd9414a_20240918_174146.data
170.0 410.0 17 24.322552631578947 0cd9414a_20240918_174210.data
150.0 410.0 17 24.1106052631579 0cd9414a_20240918_174234.data
130.0 410.0 17 24.1106052631579 0cd9414a_20240918_174258.data
110.0 410.0 17 24.1106052631579 0cd9414a_20240918_174322.data
90.0 410.0 17 24.003973684210532 0cd9414a_20240918_174346.data
70.0 410.0 17 24.1106052631579 0cd9414a_20240918_174410.data
50.0 410.0 17 24.003973684210532 0cd9414a_20240918_174434.data
30.0 410.0 17 24.1106052631579 0cd9414a_20240918_174458.data
10.0 410.0 17 24.1106052631579 0cd9414a_20240918_174522.data
10.0 430.0 17 24.1106052631579 0cd9414a_20240918_174546.data
30.0 430.0 17 24.1106052631579 0cd9414a_20240918_174610.data
50.0 430.0 17 24.1106052631579 0cd9414a_20240918_174634.data
70.0 430.0 17 24.003973684210532 0cd9414a_20240918_174658.data
90.0 430.0 17 24.1106052631579 0cd9414a_20240918_174722.data
110.0 430.0 17 24.1106052631579 0cd9414a_20240918_174746.data
130.0 430.0 17 24.1106052631579 0cd9414a_20240918_174810.data
150.0 430.0 17 24.1106052631579 0cd9414a_20240918_174834.data
170.0 430.0 17 24.1106052631579 0cd9414a_20240918_174858.data
190.0 430.0 17 24.1106052631579 0cd9414a_20240918_174922.data
210.0 430.0 17 24.003973684210532 0cd9414a_20240918_174946.data
230.0 430.0 17 24.003973684210532 0cd9414a_20240918_175010.data
250.0 430.0 17 24.1106052631579 0cd9414a_20240918_175034.data
270.0 430.0 17 24.1106052631579 0cd9414a_20240918_175058.data
290.0 430.0 17 24.1106052631579 0cd9414a_20240918_175122.data
290.0 450.0 17 24.1106052631579 0cd9414a_20240918_175146.data
270.0 450.0 17 24.1106052631579 0cd9414a_20240918_175210.data
250.0 450.0 17 24.1106052631579 0cd9414a_20240918_175234.data
230.0 450.0 17 24.1106052631579 0cd9414a_20240918_175258.data
210.0 450.0 17 24.003973684210532 0cd9414a_20240918_175322.data
190.0 450.0 17 24.003973684210532 0cd9414a_20240918_175346.data
170.0 450.0 17 24.003973684210532 0cd9414a_20240918_175410.data
150.0 450.0 17 24.1106052631579 0cd9414a_20240918_175434.data
130.0 450.0 17 24.1106052631579 0cd9414a_20240918_175458.data
110.0 450.0 17 24.1106052631579 0cd9414a_20240918_175522.data
90.0 450.0 17 24.003973684210532 0cd9414a_20240918_175546.data
70.0 450.0 17 24.1106052631579 0cd9414a_20240918_175610.data
50.0 450.0 17 24.1106052631579 0cd9414a_20240918_175634.data
30.0 450.0 17 24.1106052631579 0cd9414a_20240918_175658.data
10.0 450.0 17 24.1106052631579 0cd9414a_20240918_175722.data
10.0 470.0 17 24.1106052631579 0cd9414a_20240918_175746.data
30.0 470.0 17 24.1106052631579 0cd9414a_20240918_175810.data
50.0 470.0 17 24.1106052631579 0cd9414a_20240918_175834.data
70.0 470.0 17 24.1106052631579 0cd9414a_20240918_175859.data
90.0 470.0 17 24.1106052631579 0cd9414a_20240918_175923.data
110.0 470.0 17 24.1106052631579 0cd9414a_20240918_175947.data
130.0 470.0 17 24.1106052631579 0cd9414a_20240918_180011.data
150.0 470.0 17 24.216789473684212 0cd9414a_20240918_180035.data
170.0 470.0 17 24.1106052631579 0cd9414a_20240918_180059.data
190.0 470.0 17 24.1106052631579 0cd9414a_20240918_180123.data
210.0 470.0 17 24.003973684210532 0cd9414a_20240918_180147.data
230.0 470.0 17 24.1106052631579 0cd9414a_20240918_180211.data
250.0 470.0 17 24.1106052631579 0cd9414a_20240918_180235.data
270.0 470.0 17 24.1106052631579 0cd9414a_20240918_180259.data
290.0 470.0 17 24.1106052631579 0cd9414a_20240918_180323.data
