-1 -1 -1 23.073725 mpd_20250314_141022.data
10.0 10.0 17 22.969809523809523 mpd_20250314_141103.data
30.0 10.0 17 23.178749999999997 mpd_20250314_141128.data
50.0 10.0 17 23.178749999999997 mpd_20250314_141153.data
70.0 10.0 17 22.868976190476186 mpd_20250314_141218.data
90.0 10.0 17 23.283325 mpd_20250314_141243.data
110.0 10.0 17 22.868976190476186 mpd_20250314_141308.data
130.0 10.0 17 23.073725 mpd_20250314_141333.data
150.0 10.0 17 23.073725 mpd_20250314_141358.data
170.0 10.0 17 22.868976190476186 mpd_20250314_141423.data
190.0 10.0 17 23.073725 mpd_20250314_141448.data
210.0 10.0 17 23.178749999999997 mpd_20250314_141513.data
230.0 10.0 17 22.868976190476186 mpd_20250314_141538.data
250.0 10.0 17 23.073725 mpd_20250314_141603.data
270.0 10.0 17 22.868976190476186 mpd_20250314_141628.data
290.0 10.0 17 23.178749999999997 mpd_20250314_141653.data
290.0 30.0 17 23.178749999999997 mpd_20250314_141718.data
270.0 30.0 17 22.969809523809523 mpd_20250314_141743.data
250.0 30.0 17 23.073725 mpd_20250314_141808.data
230.0 30.0 17 23.073725 mpd_20250314_141833.data
210.0 30.0 17 22.868976190476186 mpd_20250314_141858.data
190.0 30.0 17 23.073725 mpd_20250314_141923.data
170.0 30.0 17 22.969809523809523 mpd_20250314_141948.data
150.0 30.0 17 23.178749999999997 mpd_20250314_142013.data
130.0 30.0 17 23.073725 mpd_20250314_142038.data
110.0 30.0 17 22.767738095238098 mpd_20250314_142103.data
90.0 30.0 17 23.073725 mpd_20250314_142128.data
70.0 30.0 17 23.178749999999997 mpd_20250314_142153.data
50.0 30.0 17 22.868976190476186 mpd_20250314_142218.data
30.0 30.0 17 23.073725 mpd_20250314_142243.data
10.0 30.0 17 22.969809523809523 mpd_20250314_142308.data
10.0 50.0 17 23.178749999999997 mpd_20250314_142333.data
30.0 50.0 17 23.178749999999997 mpd_20250314_142358.data
50.0 50.0 17 22.969809523809523 mpd_20250314_142423.data
70.0 50.0 17 23.178749999999997 mpd_20250314_142448.data
90.0 50.0 17 22.969809523809523 mpd_20250314_142513.data
110.0 50.0 17 23.073725 mpd_20250314_142538.data
130.0 50.0 17 23.073725 mpd_20250314_142603.data
150.0 50.0 17 22.767738095238098 mpd_20250314_142628.data
170.0 50.0 17 23.178749999999997 mpd_20250314_142653.data
190.0 50.0 17 23.178749999999997 mpd_20250314_142718.data
210.0 50.0 17 22.767738095238098 mpd_20250314_142743.data
230.0 50.0 17 23.073725 mpd_20250314_142808.data
250.0 50.0 17 22.969809523809523 mpd_20250314_142833.data
270.0 50.0 17 23.073725 mpd_20250314_142858.data
290.0 50.0 17 23.178749999999997 mpd_20250314_142923.data
290.0 70.0 17 22.969809523809523 mpd_20250314_142948.data
270.0 70.0 17 23.073725 mpd_20250314_143013.data
250.0 70.0 17 22.868976190476186 mpd_20250314_143038.data
230.0 70.0 17 22.868976190476186 mpd_20250314_143103.data
210.0 70.0 17 23.073725 mpd_20250314_143128.data
190.0 70.0 17 22.868976190476186 mpd_20250314_143153.data
170.0 70.0 17 23.073725 mpd_20250314_143218.data
150.0 70.0 17 22.868976190476186 mpd_20250314_143244.data
130.0 70.0 17 23.178749999999997 mpd_20250314_143309.data
110.0 70.0 17 23.073725 mpd_20250314_143334.data
90.0 70.0 17 23.073725 mpd_20250314_143359.data
70.0 70.0 17 23.073725 mpd_20250314_143424.data
50.0 70.0 17 22.767738095238098 mpd_20250314_143449.data
30.0 70.0 17 22.969809523809523 mpd_20250314_143514.data
10.0 70.0 17 23.073725 mpd_20250314_143539.data
10.0 90.0 17 22.868976190476186 mpd_20250314_143604.data
30.0 90.0 17 23.073725 mpd_20250314_143629.data
50.0 90.0 17 22.868976190476186 mpd_20250314_143654.data
70.0 90.0 17 23.073725 mpd_20250314_143719.data
90.0 90.0 17 23.073725 mpd_20250314_143744.data
110.0 90.0 17 23.178749999999997 mpd_20250314_143809.data
130.0 90.0 17 23.073725 mpd_20250314_143834.data
150.0 90.0 17 22.969809523809523 mpd_20250314_143859.data
170.0 90.0 17 23.073725 mpd_20250314_143924.data
190.0 90.0 17 23.073725 mpd_20250314_143949.data
210.0 90.0 17 23.073725 mpd_20250314_144014.data
230.0 90.0 17 23.178749999999997 mpd_20250314_144039.data
250.0 90.0 17 22.767738095238098 mpd_20250314_144104.data
270.0 90.0 17 23.178749999999997 mpd_20250314_144129.data
290.0 90.0 17 22.969809523809523 mpd_20250314_144154.data
290.0 110.0 17 23.073725 mpd_20250314_144219.data
270.0 110.0 17 23.073725 mpd_20250314_144244.data
250.0 110.0 17 23.073725 mpd_20250314_144309.data
230.0 110.0 17 23.178749999999997 mpd_20250314_144334.data
210.0 110.0 17 22.666095238095238 mpd_20250314_144359.data
190.0 110.0 17 23.073725 mpd_20250314_144424.data
170.0 110.0 17 23.073725 mpd_20250314_144449.data
150.0 110.0 17 22.868976190476186 mpd_20250314_144514.data
130.0 110.0 17 23.073725 mpd_20250314_144539.data
110.0 110.0 17 22.969809523809523 mpd_20250314_144604.data
90.0 110.0 17 23.178749999999997 mpd_20250314_144629.data
70.0 110.0 17 22.969809523809523 mpd_20250314_144654.data
50.0 110.0 17 22.969809523809523 mpd_20250314_144719.data
30.0 110.0 17 22.969809523809523 mpd_20250314_144744.data
10.0 110.0 17 23.073725 mpd_20250314_144809.data
10.0 130.0 17 22.868976190476186 mpd_20250314_144834.data
30.0 130.0 17 23.073725 mpd_20250314_144859.data
50.0 130.0 17 22.767738095238098 mpd_20250314_144924.data
70.0 130.0 17 22.969809523809523 mpd_20250314_144949.data
90.0 130.0 17 22.767738095238098 mpd_20250314_145014.data
110.0 130.0 17 23.073725 mpd_20250314_145039.data
130.0 130.0 17 22.969809523809523 mpd_20250314_145104.data
150.0 130.0 17 23.073725 mpd_20250314_145129.data
170.0 130.0 17 23.073725 mpd_20250314_145154.data
190.0 130.0 17 23.073725 mpd_20250314_145219.data
210.0 130.0 17 23.073725 mpd_20250314_145244.data
230.0 130.0 17 22.868976190476186 mpd_20250314_145310.data
250.0 130.0 17 23.073725 mpd_20250314_145334.data
270.0 130.0 17 23.073725 mpd_20250314_145400.data
290.0 130.0 17 23.073725 mpd_20250314_145425.data
290.0 150.0 17 23.073725 mpd_20250314_145450.data
270.0 150.0 17 23.073725 mpd_20250314_145515.data
250.0 150.0 17 23.073725 mpd_20250314_145540.data
230.0 150.0 17 22.767738095238098 mpd_20250314_145605.data
210.0 150.0 17 23.073725 mpd_20250314_145630.data
190.0 150.0 17 23.073725 mpd_20250314_145655.data
170.0 150.0 17 22.868976190476186 mpd_20250314_145720.data
150.0 150.0 17 23.073725 mpd_20250314_145745.data
130.0 150.0 17 22.868976190476186 mpd_20250314_145810.data
110.0 150.0 17 23.073725 mpd_20250314_145835.data
90.0 150.0 17 22.868976190476186 mpd_20250314_145900.data
70.0 150.0 17 23.073725 mpd_20250314_145925.data
50.0 150.0 17 22.767738095238098 mpd_20250314_145950.data
30.0 150.0 17 23.073725 mpd_20250314_150015.data
10.0 150.0 17 22.868976190476186 mpd_20250314_150040.data
10.0 170.0 17 22.868976190476186 mpd_20250314_150105.data
30.0 170.0 17 23.073725 mpd_20250314_150130.data
50.0 170.0 17 22.868976190476186 mpd_20250314_150155.data
70.0 170.0 17 23.073725 mpd_20250314_150220.data
90.0 170.0 17 23.073725 mpd_20250314_150245.data
110.0 170.0 17 23.178749999999997 mpd_20250314_150310.data
130.0 170.0 17 23.178749999999997 mpd_20250314_150335.data
150.0 170.0 17 23.178749999999997 mpd_20250314_150400.data
170.0 170.0 17 23.073725 mpd_20250314_150425.data
190.0 170.0 17 23.073725 mpd_20250314_150450.data
210.0 170.0 17 23.073725 mpd_20250314_150515.data
230.0 170.0 17 23.073725 mpd_20250314_150540.data
250.0 170.0 17 23.073725 mpd_20250314_150605.data
270.0 170.0 17 22.767738095238098 mpd_20250314_150630.data
290.0 170.0 17 23.073725 mpd_20250314_150655.data
290.0 190.0 17 23.073725 mpd_20250314_150720.data
270.0 190.0 17 22.868976190476186 mpd_20250314_150745.data
250.0 190.0 17 23.178749999999997 mpd_20250314_150810.data
230.0 190.0 17 23.073725 mpd_20250314_150835.data
210.0 190.0 17 23.073725 mpd_20250314_150900.data
190.0 190.0 17 22.969809523809523 mpd_20250314_150925.data
170.0 190.0 17 22.767738095238098 mpd_20250314_150950.data
150.0 190.0 17 23.073725 mpd_20250314_151015.data
130.0 190.0 17 22.969809523809523 mpd_20250314_151040.data
110.0 190.0 17 23.073725 mpd_20250314_151105.data
90.0 190.0 17 23.178749999999997 mpd_20250314_151130.data
70.0 190.0 17 23.073725 mpd_20250314_151155.data
50.0 190.0 17 23.073725 mpd_20250314_151220.data
30.0 190.0 17 23.178749999999997 mpd_20250314_151245.data
10.0 190.0 17 22.767738095238098 mpd_20250314_151310.data
10.0 210.0 17 23.073725 mpd_20250314_151335.data
30.0 210.0 17 23.178749999999997 mpd_20250314_151400.data
50.0 210.0 17 23.073725 mpd_20250314_151425.data
70.0 210.0 17 22.969809523809523 mpd_20250314_151450.data
90.0 210.0 17 23.073725 mpd_20250314_151516.data
110.0 210.0 17 23.178749999999997 mpd_20250314_151541.data
130.0 210.0 17 23.073725 mpd_20250314_151606.data
150.0 210.0 17 22.868976190476186 mpd_20250314_151631.data
170.0 210.0 17 23.178749999999997 mpd_20250314_151656.data
190.0 210.0 17 22.868976190476186 mpd_20250314_151721.data
210.0 210.0 17 23.073725 mpd_20250314_151746.data
230.0 210.0 17 22.767738095238098 mpd_20250314_151811.data
250.0 210.0 17 23.178749999999997 mpd_20250314_151836.data
270.0 210.0 17 22.767738095238098 mpd_20250314_151901.data
290.0 210.0 17 23.178749999999997 mpd_20250314_151926.data
290.0 230.0 17 22.767738095238098 mpd_20250314_151951.data
270.0 230.0 17 23.073725 mpd_20250314_152016.data
250.0 230.0 17 22.868976190476186 mpd_20250314_152041.data
230.0 230.0 17 22.767738095238098 mpd_20250314_152106.data
210.0 230.0 17 22.969809523809523 mpd_20250314_152131.data
190.0 230.0 17 22.969809523809523 mpd_20250314_152156.data
170.0 230.0 17 23.073725 mpd_20250314_152221.data
150.0 230.0 17 23.073725 mpd_20250314_152246.data
130.0 230.0 17 22.868976190476186 mpd_20250314_152311.data
110.0 230.0 17 22.767738095238098 mpd_20250314_152336.data
90.0 230.0 17 22.767738095238098 mpd_20250314_152401.data
70.0 230.0 17 22.868976190476186 mpd_20250314_152426.data
50.0 230.0 17 22.666095238095238 mpd_20250314_152451.data
30.0 230.0 17 22.767738095238098 mpd_20250314_152516.data
10.0 230.0 17 22.767738095238098 mpd_20250314_152541.data
10.0 250.0 17 22.868976190476186 mpd_20250314_152606.data
30.0 250.0 17 22.767738095238098 mpd_20250314_152631.data
50.0 250.0 17 22.868976190476186 mpd_20250314_152656.data
70.0 250.0 17 23.073725 mpd_20250314_152721.data
90.0 250.0 17 22.767738095238098 mpd_20250314_152746.data
110.0 250.0 17 22.767738095238098 mpd_20250314_152811.data
130.0 250.0 17 22.969809523809523 mpd_20250314_152836.data
150.0 250.0 17 22.767738095238098 mpd_20250314_152901.data
170.0 250.0 17 22.969809523809523 mpd_20250314_152926.data
190.0 250.0 17 22.767738095238098 mpd_20250314_152951.data
210.0 250.0 17 22.868976190476186 mpd_20250314_153016.data
230.0 250.0 17 22.868976190476186 mpd_20250314_153041.data
250.0 250.0 17 22.767738095238098 mpd_20250314_153106.data
270.0 250.0 17 22.767738095238098 mpd_20250314_153131.data
290.0 250.0 17 22.868976190476186 mpd_20250314_153156.data
290.0 270.0 17 22.868976190476186 mpd_20250314_153221.data
270.0 270.0 17 22.868976190476186 mpd_20250314_153246.data
250.0 270.0 17 22.868976190476186 mpd_20250314_153311.data
230.0 270.0 17 22.767738095238098 mpd_20250314_153336.data
210.0 270.0 17 22.767738095238098 mpd_20250314_153401.data
190.0 270.0 17 22.767738095238098 mpd_20250314_153426.data
170.0 270.0 17 22.868976190476186 mpd_20250314_153451.data
150.0 270.0 17 -1 mpd_20250314_153516.data
130.0 270.0 17 22.868976190476186 mpd_20250314_153541.data
110.0 270.0 17 22.767738095238098 mpd_20250314_153607.data
90.0 270.0 17 -1 mpd_20250314_153632.data
70.0 270.0 17 22.868976190476186 mpd_20250314_153657.data
50.0 270.0 17 22.868976190476186 mpd_20250314_153722.data
30.0 270.0 17 -1 mpd_20250314_153747.data
10.0 270.0 17 22.868976190476186 mpd_20250314_153812.data
10.0 290.0 17 22.868976190476186 mpd_20250314_153837.data
30.0 290.0 17 -1 mpd_20250314_153902.data
50.0 290.0 17 22.868976190476186 mpd_20250314_153927.data
70.0 290.0 17 22.868976190476186 mpd_20250314_153952.data
90.0 290.0 17 -1 mpd_20250314_154017.data
110.0 290.0 17 23.073725 mpd_20250314_154042.data
130.0 290.0 17 23.073725 mpd_20250314_154107.data
150.0 290.0 17 23.073725 mpd_20250314_154132.data
170.0 290.0 17 23.178749999999997 mpd_20250314_154157.data
190.0 290.0 17 23.073725 mpd_20250314_154222.data
210.0 290.0 17 23.073725 mpd_20250314_154247.data
230.0 290.0 17 23.073725 mpd_20250314_154312.data
250.0 290.0 17 23.073725 mpd_20250314_154337.data
270.0 290.0 17 23.073725 mpd_20250314_154402.data
290.0 290.0 17 22.969809523809523 mpd_20250314_154427.data
290.0 310.0 17 23.073725 mpd_20250314_154452.data
270.0 310.0 17 23.073725 mpd_20250314_154517.data
250.0 310.0 17 23.178749999999997 mpd_20250314_154542.data
230.0 310.0 17 23.073725 mpd_20250314_154607.data
210.0 310.0 17 23.073725 mpd_20250314_154632.data
190.0 310.0 17 23.073725 mpd_20250314_154657.data
170.0 310.0 17 23.073725 mpd_20250314_154722.data
150.0 310.0 17 23.073725 mpd_20250314_154747.data
130.0 310.0 17 23.073725 mpd_20250314_154812.data
110.0 310.0 17 23.073725 mpd_20250314_154837.data
90.0 310.0 17 23.073725 mpd_20250314_154902.data
70.0 310.0 17 23.073725 mpd_20250314_154927.data
50.0 310.0 17 23.073725 mpd_20250314_154952.data
30.0 310.0 17 23.073725 mpd_20250314_155017.data
10.0 310.0 17 22.969809523809523 mpd_20250314_155042.data
10.0 330.0 17 23.073725 mpd_20250314_155107.data
30.0 330.0 17 23.073725 mpd_20250314_155132.data
50.0 330.0 17 23.178749999999997 mpd_20250314_155157.data
70.0 330.0 17 23.073725 mpd_20250314_155222.data
90.0 330.0 17 23.073725 mpd_20250314_155247.data
110.0 330.0 17 23.073725 mpd_20250314_155312.data
130.0 330.0 17 23.073725 mpd_20250314_155337.data
150.0 330.0 17 23.073725 mpd_20250314_155402.data
170.0 330.0 17 23.073725 mpd_20250314_155427.data
190.0 330.0 17 23.178749999999997 mpd_20250314_155452.data
210.0 330.0 17 23.073725 mpd_20250314_155517.data
230.0 330.0 17 23.073725 mpd_20250314_155542.data
250.0 330.0 17 23.073725 mpd_20250314_155607.data
270.0 330.0 17 23.073725 mpd_20250314_155632.data
290.0 330.0 17 23.073725 mpd_20250314_155657.data
10.0 350.0 17 23.073725 mpd_20250314_160728.data
30.0 350.0 17 22.969809523809523 mpd_20250314_160753.data
50.0 350.0 17 23.073725 mpd_20250314_160818.data
70.0 350.0 17 23.073725 mpd_20250314_160843.data
90.0 350.0 17 23.073725 mpd_20250314_160908.data
110.0 350.0 17 23.073725 mpd_20250314_160933.data
130.0 350.0 17 23.073725 mpd_20250314_160958.data
150.0 350.0 17 23.073725 mpd_20250314_161023.data
170.0 350.0 17 23.073725 mpd_20250314_161048.data
190.0 350.0 17 22.969809523809523 mpd_20250314_161113.data
210.0 350.0 17 22.969809523809523 mpd_20250314_161138.data
230.0 350.0 17 23.073725 mpd_20250314_161203.data
250.0 350.0 17 23.073725 mpd_20250314_161228.data
270.0 350.0 17 23.073725 mpd_20250314_161253.data
290.0 350.0 17 23.073725 mpd_20250314_161318.data
290.0 370.0 17 23.073725 mpd_20250314_161343.data
270.0 370.0 17 23.073725 mpd_20250314_161408.data
250.0 370.0 17 23.178749999999997 mpd_20250314_161433.data
230.0 370.0 17 23.073725 mpd_20250314_161458.data
210.0 370.0 17 23.073725 mpd_20250314_161523.data
190.0 370.0 17 23.073725 mpd_20250314_161548.data
170.0 370.0 17 22.969809523809523 mpd_20250314_161613.data
150.0 370.0 17 22.969809523809523 mpd_20250314_161638.data
130.0 370.0 17 23.073725 mpd_20250314_161703.data
110.0 370.0 17 22.969809523809523 mpd_20250314_161728.data
90.0 370.0 17 23.073725 mpd_20250314_161753.data
70.0 370.0 17 23.073725 mpd_20250314_161818.data
50.0 370.0 17 23.073725 mpd_20250314_161843.data
30.0 370.0 17 23.073725 mpd_20250314_161908.data
10.0 370.0 17 23.073725 mpd_20250314_161933.data
10.0 390.0 17 23.178749999999997 mpd_20250314_161958.data
30.0 390.0 17 23.073725 mpd_20250314_162023.data
50.0 390.0 17 23.073725 mpd_20250314_162048.data
70.0 390.0 17 23.073725 mpd_20250314_162113.data
90.0 390.0 17 23.073725 mpd_20250314_162138.data
110.0 390.0 17 23.073725 mpd_20250314_162203.data
130.0 390.0 17 23.073725 mpd_20250314_162228.data
150.0 390.0 17 23.073725 mpd_20250314_162253.data
170.0 390.0 17 23.073725 mpd_20250314_162318.data
190.0 390.0 17 23.073725 mpd_20250314_162343.data
210.0 390.0 17 23.073725 mpd_20250314_162408.data
230.0 390.0 17 23.178749999999997 mpd_20250314_162433.data
250.0 390.0 17 23.073725 mpd_20250314_162458.data
270.0 390.0 17 23.073725 mpd_20250314_162523.data
290.0 390.0 17 23.073725 mpd_20250314_162548.data
290.0 410.0 17 23.073725 mpd_20250314_162614.data
270.0 410.0 17 23.073725 mpd_20250314_162639.data
250.0 410.0 17 23.073725 mpd_20250314_162704.data
230.0 410.0 17 23.073725 mpd_20250314_162729.data
210.0 410.0 17 23.073725 mpd_20250314_162754.data
190.0 410.0 17 23.073725 mpd_20250314_162819.data
170.0 410.0 17 23.073725 mpd_20250314_162844.data
150.0 410.0 17 23.073725 mpd_20250314_162909.data
130.0 410.0 17 23.073725 mpd_20250314_162934.data
110.0 410.0 17 23.073725 mpd_20250314_162959.data
90.0 410.0 17 23.073725 mpd_20250314_163024.data
70.0 410.0 17 23.073725 mpd_20250314_163049.data
50.0 410.0 17 23.073725 mpd_20250314_163114.data
30.0 410.0 17 23.073725 mpd_20250314_163139.data
10.0 410.0 17 23.073725 mpd_20250314_163204.data
10.0 430.0 17 23.073725 mpd_20250314_163229.data
30.0 430.0 17 23.073725 mpd_20250314_163254.data
50.0 430.0 17 23.073725 mpd_20250314_163319.data
70.0 430.0 17 23.073725 mpd_20250314_163344.data
90.0 430.0 17 23.073725 mpd_20250314_163409.data
110.0 430.0 17 23.073725 mpd_20250314_163434.data
130.0 430.0 17 22.969809523809523 mpd_20250314_163459.data
150.0 430.0 17 23.073725 mpd_20250314_163524.data
170.0 430.0 17 23.073725 mpd_20250314_163549.data
190.0 430.0 17 22.969809523809523 mpd_20250314_163614.data
210.0 430.0 17 23.073725 mpd_20250314_163639.data
230.0 430.0 17 23.178749999999997 mpd_20250314_163704.data
250.0 430.0 17 23.073725 mpd_20250314_163729.data
270.0 430.0 17 23.073725 mpd_20250314_163754.data
290.0 430.0 17 23.073725 mpd_20250314_163819.data
290.0 450.0 17 23.073725 mpd_20250314_163844.data
270.0 450.0 17 23.178749999999997 mpd_20250314_163909.data
250.0 450.0 17 23.073725 mpd_20250314_163934.data
230.0 450.0 17 23.178749999999997 mpd_20250314_163959.data
210.0 450.0 17 23.073725 mpd_20250314_164024.data
190.0 450.0 17 23.073725 mpd_20250314_164049.data
170.0 450.0 17 23.073725 mpd_20250314_164114.data
150.0 450.0 17 23.073725 mpd_20250314_164139.data
130.0 450.0 17 23.073725 mpd_20250314_164204.data
110.0 450.0 17 23.073725 mpd_20250314_164229.data
90.0 450.0 17 22.969809523809523 mpd_20250314_164254.data
70.0 450.0 17 23.073725 mpd_20250314_164319.data
50.0 450.0 17 23.073725 mpd_20250314_164344.data
30.0 450.0 17 23.073725 mpd_20250314_164409.data
10.0 450.0 17 23.073725 mpd_20250314_164434.data
10.0 470.0 17 23.283325 mpd_20250314_164459.data
30.0 470.0 17 23.073725 mpd_20250314_164524.data
50.0 470.0 17 23.073725 mpd_20250314_164549.data
70.0 470.0 17 23.073725 mpd_20250314_164614.data
90.0 470.0 17 23.073725 mpd_20250314_164639.data
110.0 470.0 17 23.073725 mpd_20250314_164704.data
130.0 470.0 17 23.073725 mpd_20250314_164729.data
150.0 470.0 17 23.073725 mpd_20250314_164754.data
170.0 470.0 17 23.178749999999997 mpd_20250314_164819.data
190.0 470.0 17 23.178749999999997 mpd_20250314_164844.data
210.0 470.0 17 23.073725 mpd_20250314_164910.data
230.0 470.0 17 23.073725 mpd_20250314_164935.data
250.0 470.0 17 23.073725 mpd_20250314_165000.data
270.0 470.0 17 23.073725 mpd_20250314_165025.data
290.0 470.0 17 23.178749999999997 mpd_20250314_165050.data
