-1 -1 -1 25.89125110132159 0cd9414a_20240829_085551.data
10.0 10.0 17 25.656118942731283 0cd9414a_20240829_085630.data
30.0 10.0 17 25.656118942731283 0cd9414a_20240829_085654.data
50.0 10.0 17 25.773885462555068 0cd9414a_20240829_085718.data
70.0 10.0 17 26.008123348017623 0cd9414a_20240829_085742.data
90.0 10.0 17 26.008123348017623 0cd9414a_20240829_085806.data
110.0 10.0 17 25.656118942731283 0cd9414a_20240829_085830.data
130.0 10.0 17 25.773885462555068 0cd9414a_20240829_085854.data
150.0 10.0 17 25.773885462555068 0cd9414a_20240829_085918.data
170.0 10.0 17 25.773885462555068 0cd9414a_20240829_085942.data
190.0 10.0 17 25.773885462555068 0cd9414a_20240829_090006.data
210.0 10.0 17 26.008123348017623 0cd9414a_20240829_090030.data
230.0 10.0 17 26.008123348017623 0cd9414a_20240829_090054.data
250.0 10.0 17 26.008123348017623 0cd9414a_20240829_090118.data
270.0 10.0 17 25.89125110132159 0cd9414a_20240829_090142.data
290.0 10.0 17 26.008123348017623 0cd9414a_20240829_090206.data
290.0 30.0 17 25.656118942731283 0cd9414a_20240829_090230.data
270.0 30.0 17 25.773885462555068 0cd9414a_20240829_090254.data
250.0 30.0 17 25.656118942731283 0cd9414a_20240829_090319.data
230.0 30.0 17 26.124563876651983 0cd9414a_20240829_090343.data
210.0 30.0 17 26.008123348017623 0cd9414a_20240829_090407.data
190.0 30.0 17 26.008123348017623 0cd9414a_20240829_090431.data
170.0 30.0 17 26.008123348017623 0cd9414a_20240829_090455.data
150.0 30.0 17 25.537859030837005 0cd9414a_20240829_090519.data
130.0 30.0 17 25.656118942731283 0cd9414a_20240829_090543.data
110.0 30.0 17 25.656118942731283 0cd9414a_20240829_090607.data
90.0 30.0 17 25.773885462555068 0cd9414a_20240829_090631.data
70.0 30.0 17 25.656118942731283 0cd9414a_20240829_090655.data
50.0 30.0 17 25.656118942731283 0cd9414a_20240829_090719.data
30.0 30.0 17 25.656118942731283 0cd9414a_20240829_090743.data
10.0 30.0 17 25.656118942731283 0cd9414a_20240829_090807.data
10.0 50.0 17 25.656118942731283 0cd9414a_20240829_090831.data
30.0 50.0 17 25.656118942731283 0cd9414a_20240829_090855.data
50.0 50.0 17 25.656118942731283 0cd9414a_20240829_090919.data
70.0 50.0 17 25.656118942731283 0cd9414a_20240829_090943.data
90.0 50.0 17 25.656118942731283 0cd9414a_20240829_091007.data
110.0 50.0 17 25.656118942731283 0cd9414a_20240829_091031.data
130.0 50.0 17 25.656118942731283 0cd9414a_20240829_091055.data
150.0 50.0 17 25.89125110132159 0cd9414a_20240829_091119.data
170.0 50.0 17 25.773885462555068 0cd9414a_20240829_091143.data
190.0 50.0 17 25.656118942731283 0cd9414a_20240829_091207.data
210.0 50.0 17 25.773885462555068 0cd9414a_20240829_091231.data
230.0 50.0 17 25.773885462555068 0cd9414a_20240829_091255.data
250.0 50.0 17 25.656118942731283 0cd9414a_20240829_091319.data
270.0 50.0 17 26.008123348017623 0cd9414a_20240829_091343.data
290.0 50.0 17 26.008123348017623 0cd9414a_20240829_091407.data
290.0 70.0 17 26.008123348017623 0cd9414a_20240829_091431.data
270.0 70.0 17 25.656118942731283 0cd9414a_20240829_091455.data
250.0 70.0 17 25.656118942731283 0cd9414a_20240829_091519.data
230.0 70.0 17 25.773885462555068 0cd9414a_20240829_091543.data
210.0 70.0 17 26.008123348017623 0cd9414a_20240829_091607.data
190.0 70.0 17 26.008123348017623 0cd9414a_20240829_091631.data
170.0 70.0 17 26.008123348017623 0cd9414a_20240829_091655.data
150.0 70.0 17 25.773885462555068 0cd9414a_20240829_091719.data
130.0 70.0 17 25.773885462555068 0cd9414a_20240829_091743.data
110.0 70.0 17 25.773885462555068 0cd9414a_20240829_091807.data
90.0 70.0 17 25.656118942731283 0cd9414a_20240829_091831.data
70.0 70.0 17 26.008123348017623 0cd9414a_20240829_091855.data
50.0 70.0 17 25.89125110132159 0cd9414a_20240829_091919.data
30.0 70.0 17 26.008123348017623 0cd9414a_20240829_091943.data
10.0 70.0 17 25.656118942731283 0cd9414a_20240829_092007.data
10.0 90.0 17 26.008123348017623 0cd9414a_20240829_092031.data
30.0 90.0 17 26.008123348017623 0cd9414a_20240829_092055.data
50.0 90.0 17 25.656118942731283 0cd9414a_20240829_092119.data
70.0 90.0 17 25.656118942731283 0cd9414a_20240829_092143.data
90.0 90.0 17 25.656118942731283 0cd9414a_20240829_092207.data
110.0 90.0 17 25.773885462555068 0cd9414a_20240829_092231.data
130.0 90.0 17 25.656118942731283 0cd9414a_20240829_092255.data
150.0 90.0 17 26.008123348017623 0cd9414a_20240829_092319.data
170.0 90.0 17 26.008123348017623 0cd9414a_20240829_092343.data
190.0 90.0 17 25.656118942731283 0cd9414a_20240829_092407.data
210.0 90.0 17 25.656118942731283 0cd9414a_20240829_092431.data
230.0 90.0 17 25.773885462555068 0cd9414a_20240829_092455.data
250.0 90.0 17 25.89125110132159 0cd9414a_20240829_092519.data
270.0 90.0 17 25.656118942731283 0cd9414a_20240829_092543.data
290.0 90.0 17 26.008123348017623 0cd9414a_20240829_092607.data
290.0 110.0 17 25.537859030837005 0cd9414a_20240829_092631.data
270.0 110.0 17 25.89125110132159 0cd9414a_20240829_092655.data
250.0 110.0 17 25.89125110132159 0cd9414a_20240829_092719.data
230.0 110.0 17 25.89125110132159 0cd9414a_20240829_092743.data
210.0 110.0 17 25.773885462555068 0cd9414a_20240829_092807.data
190.0 110.0 17 25.773885462555068 0cd9414a_20240829_092831.data
170.0 110.0 17 25.89125110132159 0cd9414a_20240829_092855.data
150.0 110.0 17 25.656118942731283 0cd9414a_20240829_092919.data
130.0 110.0 17 25.656118942731283 0cd9414a_20240829_092943.data
110.0 110.0 17 25.89125110132159 0cd9414a_20240829_093007.data
90.0 110.0 17 26.008123348017623 0cd9414a_20240829_093031.data
70.0 110.0 17 25.656118942731283 0cd9414a_20240829_093055.data
50.0 110.0 17 25.773885462555068 0cd9414a_20240829_093119.data
30.0 110.0 17 25.773885462555068 0cd9414a_20240829_093143.data
10.0 110.0 17 26.008123348017623 0cd9414a_20240829_093207.data
10.0 130.0 17 26.008123348017623 0cd9414a_20240829_093231.data
30.0 130.0 17 25.537859030837005 0cd9414a_20240829_093255.data
50.0 130.0 17 25.89125110132159 0cd9414a_20240829_093319.data
70.0 130.0 17 26.008123348017623 0cd9414a_20240829_093343.data
90.0 130.0 17 25.89125110132159 0cd9414a_20240829_093407.data
110.0 130.0 17 25.89125110132159 0cd9414a_20240829_093431.data
130.0 130.0 17 26.008123348017623 0cd9414a_20240829_093455.data
150.0 130.0 17 25.773885462555068 0cd9414a_20240829_093519.data
170.0 130.0 17 25.89125110132159 0cd9414a_20240829_093543.data
190.0 130.0 17 25.537859030837005 0cd9414a_20240829_093607.data
210.0 130.0 17 26.008123348017623 0cd9414a_20240829_093632.data
230.0 130.0 17 26.008123348017623 0cd9414a_20240829_093656.data
250.0 130.0 17 25.89125110132159 0cd9414a_20240829_093720.data
270.0 130.0 17 25.773885462555068 0cd9414a_20240829_093744.data
290.0 130.0 17 25.89125110132159 0cd9414a_20240829_093808.data
290.0 150.0 17 25.656118942731283 0cd9414a_20240829_093832.data
270.0 150.0 17 26.008123348017623 0cd9414a_20240829_093856.data
250.0 150.0 17 25.656118942731283 0cd9414a_20240829_093920.data
230.0 150.0 17 25.89125110132159 0cd9414a_20240829_093944.data
210.0 150.0 17 25.656118942731283 0cd9414a_20240829_094008.data
190.0 150.0 17 25.656118942731283 0cd9414a_20240829_094032.data
170.0 150.0 17 25.89125110132159 0cd9414a_20240829_094056.data
150.0 150.0 17 25.656118942731283 0cd9414a_20240829_094120.data
130.0 150.0 17 26.008123348017623 0cd9414a_20240829_094144.data
110.0 150.0 17 25.656118942731283 0cd9414a_20240829_094208.data
90.0 150.0 17 26.008123348017623 0cd9414a_20240829_094232.data
70.0 150.0 17 25.656118942731283 0cd9414a_20240829_094256.data
50.0 150.0 17 25.89125110132159 0cd9414a_20240829_094320.data
30.0 150.0 17 26.008123348017623 0cd9414a_20240829_094344.data
10.0 150.0 17 25.89125110132159 0cd9414a_20240829_094408.data
10.0 170.0 17 26.008123348017623 0cd9414a_20240829_094432.data
30.0 170.0 17 25.656118942731283 0cd9414a_20240829_094456.data
50.0 170.0 17 25.773885462555068 0cd9414a_20240829_094520.data
70.0 170.0 17 25.89125110132159 0cd9414a_20240829_094544.data
90.0 170.0 17 25.656118942731283 0cd9414a_20240829_094608.data
110.0 170.0 17 25.89125110132159 0cd9414a_20240829_094632.data
130.0 170.0 17 25.656118942731283 0cd9414a_20240829_094656.data
150.0 170.0 17 26.008123348017623 0cd9414a_20240829_094720.data
170.0 170.0 17 25.656118942731283 0cd9414a_20240829_094744.data
190.0 170.0 17 25.89125110132159 0cd9414a_20240829_094808.data
210.0 170.0 17 25.89125110132159 0cd9414a_20240829_094832.data
230.0 170.0 17 25.537859030837005 0cd9414a_20240829_094856.data
250.0 170.0 17 26.008123348017623 0cd9414a_20240829_094920.data
270.0 170.0 17 25.89125110132159 0cd9414a_20240829_094944.data
290.0 170.0 17 26.008123348017623 0cd9414a_20240829_095008.data
290.0 190.0 17 25.656118942731283 0cd9414a_20240829_095032.data
270.0 190.0 17 26.008123348017623 0cd9414a_20240829_095056.data
250.0 190.0 17 25.656118942731283 0cd9414a_20240829_095120.data
230.0 190.0 17 26.008123348017623 0cd9414a_20240829_095144.data
210.0 190.0 17 25.656118942731283 0cd9414a_20240829_095208.data
190.0 190.0 17 26.008123348017623 0cd9414a_20240829_095232.data
170.0 190.0 17 25.773885462555068 0cd9414a_20240829_095256.data
150.0 190.0 17 26.008123348017623 0cd9414a_20240829_095320.data
130.0 190.0 17 25.773885462555068 0cd9414a_20240829_095344.data
110.0 190.0 17 25.537859030837005 0cd9414a_20240829_095408.data
90.0 190.0 17 26.008123348017623 0cd9414a_20240829_095432.data
70.0 190.0 17 25.773885462555068 0cd9414a_20240829_095456.data
50.0 190.0 17 25.89125110132159 0cd9414a_20240829_095520.data
30.0 190.0 17 25.89125110132159 0cd9414a_20240829_095544.data
10.0 190.0 17 25.89125110132159 0cd9414a_20240829_095608.data
10.0 210.0 17 25.656118942731283 0cd9414a_20240829_095632.data
30.0 210.0 17 26.008123348017623 0cd9414a_20240829_095656.data
50.0 210.0 17 25.773885462555068 0cd9414a_20240829_095720.data
70.0 210.0 17 25.89125110132159 0cd9414a_20240829_095744.data
90.0 210.0 17 25.656118942731283 0cd9414a_20240829_095808.data
110.0 210.0 17 25.773885462555068 0cd9414a_20240829_095832.data
130.0 210.0 17 26.008123348017623 0cd9414a_20240829_095856.data
150.0 210.0 17 25.89125110132159 0cd9414a_20240829_095920.data
170.0 210.0 17 25.773885462555068 0cd9414a_20240829_095944.data
190.0 210.0 17 25.89125110132159 0cd9414a_20240829_100008.data
210.0 210.0 17 25.89125110132159 0cd9414a_20240829_100032.data
230.0 210.0 17 25.656118942731283 0cd9414a_20240829_100056.data
250.0 210.0 17 26.008123348017623 0cd9414a_20240829_100120.data
270.0 210.0 17 25.656118942731283 0cd9414a_20240829_100144.data
290.0 210.0 17 26.008123348017623 0cd9414a_20240829_100208.data
290.0 230.0 17 25.773885462555068 0cd9414a_20240829_100232.data
270.0 230.0 17 26.008123348017623 0cd9414a_20240829_100256.data
250.0 230.0 17 26.008123348017623 0cd9414a_20240829_100320.data
230.0 230.0 17 25.89125110132159 0cd9414a_20240829_100344.data
210.0 230.0 17 25.89125110132159 0cd9414a_20240829_100408.data
190.0 230.0 17 25.89125110132159 0cd9414a_20240829_100432.data
170.0 230.0 17 25.773885462555068 0cd9414a_20240829_100456.data
150.0 230.0 17 26.008123348017623 0cd9414a_20240829_100520.data
130.0 230.0 17 25.656118942731283 0cd9414a_20240829_100544.data
110.0 230.0 17 25.89125110132159 0cd9414a_20240829_100608.data
90.0 230.0 17 25.773885462555068 0cd9414a_20240829_100632.data
70.0 230.0 17 26.008123348017623 0cd9414a_20240829_100656.data
50.0 230.0 17 25.773885462555068 0cd9414a_20240829_100720.data
30.0 230.0 17 26.008123348017623 0cd9414a_20240829_100744.data
10.0 230.0 17 25.773885462555068 0cd9414a_20240829_100808.data
10.0 250.0 17 26.008123348017623 0cd9414a_20240829_100832.data
30.0 250.0 17 25.656118942731283 0cd9414a_20240829_100856.data
50.0 250.0 17 25.773885462555068 0cd9414a_20240829_100920.data
70.0 250.0 17 25.773885462555068 0cd9414a_20240829_100945.data
90.0 250.0 17 26.008123348017623 0cd9414a_20240829_101008.data
110.0 250.0 17 25.773885462555068 0cd9414a_20240829_101033.data
130.0 250.0 17 26.008123348017623 0cd9414a_20240829_101056.data
150.0 250.0 17 25.773885462555068 0cd9414a_20240829_101121.data
170.0 250.0 17 26.008123348017623 0cd9414a_20240829_101145.data
190.0 250.0 17 25.89125110132159 0cd9414a_20240829_101209.data
210.0 250.0 17 25.89125110132159 0cd9414a_20240829_101233.data
230.0 250.0 17 25.89125110132159 0cd9414a_20240829_101257.data
250.0 250.0 17 25.89125110132159 0cd9414a_20240829_101321.data
270.0 250.0 17 25.89125110132159 0cd9414a_20240829_101345.data
290.0 250.0 17 26.008123348017623 0cd9414a_20240829_101409.data
290.0 270.0 17 25.89125110132159 0cd9414a_20240829_101433.data
270.0 270.0 17 25.773885462555068 0cd9414a_20240829_101457.data
250.0 270.0 17 25.89125110132159 0cd9414a_20240829_101521.data
230.0 270.0 17 25.773885462555068 0cd9414a_20240829_101545.data
210.0 270.0 17 25.89125110132159 0cd9414a_20240829_101609.data
190.0 270.0 17 25.89125110132159 0cd9414a_20240829_101633.data
170.0 270.0 17 26.008123348017623 0cd9414a_20240829_101657.data
150.0 270.0 17 25.89125110132159 0cd9414a_20240829_101721.data
130.0 270.0 17 25.656118942731283 0cd9414a_20240829_101745.data
110.0 270.0 17 26.008123348017623 0cd9414a_20240829_101809.data
90.0 270.0 17 25.89125110132159 0cd9414a_20240829_101833.data
70.0 270.0 17 26.008123348017623 0cd9414a_20240829_101857.data
50.0 270.0 17 25.773885462555068 0cd9414a_20240829_101921.data
30.0 270.0 17 25.773885462555068 0cd9414a_20240829_101945.data
10.0 270.0 17 25.773885462555068 0cd9414a_20240829_102009.data
10.0 290.0 17 25.537859030837005 0cd9414a_20240829_102033.data
30.0 290.0 17 25.656118942731283 0cd9414a_20240829_102057.data
50.0 290.0 17 25.89125110132159 0cd9414a_20240829_102121.data
70.0 290.0 17 25.773885462555068 0cd9414a_20240829_102145.data
90.0 290.0 17 25.656118942731283 0cd9414a_20240829_102209.data
110.0 290.0 17 25.656118942731283 0cd9414a_20240829_102233.data
130.0 290.0 17 25.656118942731283 0cd9414a_20240829_102257.data
150.0 290.0 17 25.656118942731283 0cd9414a_20240829_102321.data
170.0 290.0 17 25.656118942731283 0cd9414a_20240829_102345.data
190.0 290.0 17 25.656118942731283 0cd9414a_20240829_102409.data
210.0 290.0 17 25.656118942731283 0cd9414a_20240829_102433.data
230.0 290.0 17 25.656118942731283 0cd9414a_20240829_102457.data
250.0 290.0 17 25.656118942731283 0cd9414a_20240829_102521.data
270.0 290.0 17 25.656118942731283 0cd9414a_20240829_102545.data
290.0 290.0 17 25.656118942731283 0cd9414a_20240829_102609.data
290.0 310.0 17 25.773885462555068 0cd9414a_20240829_102633.data
270.0 310.0 17 25.656118942731283 0cd9414a_20240829_102657.data
250.0 310.0 17 25.656118942731283 0cd9414a_20240829_102721.data
230.0 310.0 17 25.656118942731283 0cd9414a_20240829_102745.data
210.0 310.0 17 25.656118942731283 0cd9414a_20240829_102809.data
190.0 310.0 17 25.656118942731283 0cd9414a_20240829_102833.data
170.0 310.0 17 -1 0cd9414a_20240829_102857.data
150.0 310.0 17 25.656118942731283 0cd9414a_20240829_102921.data
130.0 310.0 17 25.656118942731283 0cd9414a_20240829_102945.data
110.0 310.0 17 -1 0cd9414a_20240829_103009.data
90.0 310.0 17 25.656118942731283 0cd9414a_20240829_103033.data
70.0 310.0 17 25.656118942731283 0cd9414a_20240829_103057.data
50.0 310.0 17 25.656118942731283 0cd9414a_20240829_103121.data
30.0 310.0 17 25.656118942731283 0cd9414a_20240829_103145.data
10.0 310.0 17 25.656118942731283 0cd9414a_20240829_103209.data
10.0 330.0 17 25.773885462555068 0cd9414a_20240829_103233.data
30.0 330.0 17 -1 0cd9414a_20240829_103257.data
50.0 330.0 17 25.656118942731283 0cd9414a_20240829_103321.data
70.0 330.0 17 25.656118942731283 0cd9414a_20240829_103345.data
90.0 330.0 17 25.656118942731283 0cd9414a_20240829_103409.data
110.0 330.0 17 25.6568281938326 0cd9414a_20240829_103433.data
130.0 330.0 17 25.773885462555068 0cd9414a_20240829_103457.data
150.0 330.0 17 25.773885462555068 0cd9414a_20240829_103521.data
170.0 330.0 17 25.773885462555068 0cd9414a_20240829_103545.data
190.0 330.0 17 25.773885462555068 0cd9414a_20240829_103609.data
210.0 330.0 17 25.773885462555068 0cd9414a_20240829_103633.data
230.0 330.0 17 25.773885462555068 0cd9414a_20240829_103657.data
250.0 330.0 17 25.773885462555068 0cd9414a_20240829_103721.data
270.0 330.0 17 25.773885462555068 0cd9414a_20240829_103745.data
290.0 330.0 17 25.773885462555068 0cd9414a_20240829_103809.data
10.0 350.0 17 25.773885462555068 0cd9414a_20240829_104123.data
30.0 350.0 17 25.773885462555068 0cd9414a_20240829_104147.data
50.0 350.0 17 25.773885462555068 0cd9414a_20240829_104211.data
70.0 350.0 17 25.773885462555068 0cd9414a_20240829_104235.data
90.0 350.0 17 25.773885462555068 0cd9414a_20240829_104259.data
110.0 350.0 17 25.89125110132159 0cd9414a_20240829_104323.data
130.0 350.0 17 25.773885462555068 0cd9414a_20240829_104347.data
150.0 350.0 17 25.773885462555068 0cd9414a_20240829_104411.data
170.0 350.0 17 25.773885462555068 0cd9414a_20240829_104435.data
190.0 350.0 17 25.656118942731283 0cd9414a_20240829_104459.data
210.0 350.0 17 25.773885462555068 0cd9414a_20240829_104523.data
230.0 350.0 17 25.773885462555068 0cd9414a_20240829_104547.data
250.0 350.0 17 25.773885462555068 0cd9414a_20240829_104611.data
270.0 350.0 17 25.773885462555068 0cd9414a_20240829_104635.data
290.0 350.0 17 26.008123348017623 0cd9414a_20240829_104659.data
290.0 370.0 17 25.773885462555068 0cd9414a_20240829_104723.data
270.0 370.0 17 25.773885462555068 0cd9414a_20240829_104747.data
250.0 370.0 17 26.008123348017623 0cd9414a_20240829_104811.data
230.0 370.0 17 26.008123348017623 0cd9414a_20240829_104835.data
210.0 370.0 17 25.656118942731283 0cd9414a_20240829_104859.data
190.0 370.0 17 26.008123348017623 0cd9414a_20240829_104923.data
170.0 370.0 17 25.89125110132159 0cd9414a_20240829_104947.data
150.0 370.0 17 26.008123348017623 0cd9414a_20240829_105011.data
130.0 370.0 17 25.773885462555068 0cd9414a_20240829_105035.data
110.0 370.0 17 26.008123348017623 0cd9414a_20240829_105059.data
90.0 370.0 17 25.773885462555068 0cd9414a_20240829_105123.data
70.0 370.0 17 26.008123348017623 0cd9414a_20240829_105147.data
50.0 370.0 17 25.773885462555068 0cd9414a_20240829_105211.data
30.0 370.0 17 25.773885462555068 0cd9414a_20240829_105235.data
10.0 370.0 17 25.773885462555068 0cd9414a_20240829_105259.data
10.0 390.0 17 25.773885462555068 0cd9414a_20240829_105323.data
30.0 390.0 17 25.773885462555068 0cd9414a_20240829_105347.data
50.0 390.0 17 25.656118942731283 0cd9414a_20240829_105411.data
70.0 390.0 17 25.773885462555068 0cd9414a_20240829_105435.data
90.0 390.0 17 25.773885462555068 0cd9414a_20240829_105459.data
110.0 390.0 17 25.773885462555068 0cd9414a_20240829_105523.data
130.0 390.0 17 25.773885462555068 0cd9414a_20240829_105547.data
150.0 390.0 17 25.773885462555068 0cd9414a_20240829_105611.data
170.0 390.0 17 25.773885462555068 0cd9414a_20240829_105635.data
190.0 390.0 17 25.773885462555068 0cd9414a_20240829_105659.data
210.0 390.0 17 25.773885462555068 0cd9414a_20240829_105723.data
230.0 390.0 17 25.773885462555068 0cd9414a_20240829_105747.data
250.0 390.0 17 25.773885462555068 0cd9414a_20240829_105811.data
270.0 390.0 17 25.773885462555068 0cd9414a_20240829_105835.data
290.0 390.0 17 25.773885462555068 0cd9414a_20240829_105859.data
290.0 410.0 17 25.773885462555068 0cd9414a_20240829_105923.data
270.0 410.0 17 25.773885462555068 0cd9414a_20240829_105947.data
250.0 410.0 17 25.773885462555068 0cd9414a_20240829_110011.data
230.0 410.0 17 25.773885462555068 0cd9414a_20240829_110035.data
210.0 410.0 17 25.89125110132159 0cd9414a_20240829_110059.data
190.0 410.0 17 25.773885462555068 0cd9414a_20240829_110123.data
170.0 410.0 17 25.773885462555068 0cd9414a_20240829_110147.data
150.0 410.0 17 25.773885462555068 0cd9414a_20240829_110211.data
130.0 410.0 17 25.773885462555068 0cd9414a_20240829_110235.data
110.0 410.0 17 25.773885462555068 0cd9414a_20240829_110259.data
90.0 410.0 17 25.773885462555068 0cd9414a_20240829_110323.data
70.0 410.0 17 25.773885462555068 0cd9414a_20240829_110347.data
50.0 410.0 17 25.773885462555068 0cd9414a_20240829_110411.data
30.0 410.0 17 25.773885462555068 0cd9414a_20240829_110435.data
10.0 410.0 17 26.008123348017623 0cd9414a_20240829_110459.data
10.0 430.0 17 25.773885462555068 0cd9414a_20240829_110523.data
30.0 430.0 17 25.773885462555068 0cd9414a_20240829_110547.data
50.0 430.0 17 25.773885462555068 0cd9414a_20240829_110611.data
70.0 430.0 17 25.773885462555068 0cd9414a_20240829_110635.data
90.0 430.0 17 25.773885462555068 0cd9414a_20240829_110659.data
110.0 430.0 17 25.773885462555068 0cd9414a_20240829_110724.data
130.0 430.0 17 25.773885462555068 0cd9414a_20240829_110747.data
150.0 430.0 17 25.773885462555068 0cd9414a_20240829_110812.data
170.0 430.0 17 25.773885462555068 0cd9414a_20240829_110836.data
190.0 430.0 17 25.773885462555068 0cd9414a_20240829_110900.data
210.0 430.0 17 25.773885462555068 0cd9414a_20240829_110924.data
230.0 430.0 17 25.773885462555068 0cd9414a_20240829_110948.data
250.0 430.0 17 25.89125110132159 0cd9414a_20240829_111012.data
270.0 430.0 17 25.773885462555068 0cd9414a_20240829_111036.data
290.0 430.0 17 25.773885462555068 0cd9414a_20240829_111100.data
290.0 450.0 17 25.773885462555068 0cd9414a_20240829_111124.data
270.0 450.0 17 26.008123348017623 0cd9414a_20240829_111148.data
250.0 450.0 17 25.773885462555068 0cd9414a_20240829_111212.data
230.0 450.0 17 25.773885462555068 0cd9414a_20240829_111236.data
210.0 450.0 17 25.773885462555068 0cd9414a_20240829_111300.data
190.0 450.0 17 25.773885462555068 0cd9414a_20240829_111324.data
170.0 450.0 17 25.773885462555068 0cd9414a_20240829_111348.data
150.0 450.0 17 25.773885462555068 0cd9414a_20240829_111412.data
130.0 450.0 17 25.773885462555068 0cd9414a_20240829_111436.data
110.0 450.0 17 25.773885462555068 0cd9414a_20240829_111500.data
90.0 450.0 17 25.773885462555068 0cd9414a_20240829_111524.data
70.0 450.0 17 25.773885462555068 0cd9414a_20240829_111548.data
50.0 450.0 17 25.773885462555068 0cd9414a_20240829_111612.data
30.0 450.0 17 25.773885462555068 0cd9414a_20240829_111636.data
10.0 450.0 17 25.773885462555068 0cd9414a_20240829_111700.data
10.0 470.0 17 25.773885462555068 0cd9414a_20240829_111724.data
30.0 470.0 17 25.773885462555068 0cd9414a_20240829_111748.data
50.0 470.0 17 25.773885462555068 0cd9414a_20240829_111812.data
70.0 470.0 17 25.773885462555068 0cd9414a_20240829_111836.data
90.0 470.0 17 25.89125110132159 0cd9414a_20240829_111900.data
110.0 470.0 17 25.89125110132159 0cd9414a_20240829_111924.data
130.0 470.0 17 25.773885462555068 0cd9414a_20240829_111948.data
150.0 470.0 17 25.773885462555068 0cd9414a_20240829_112012.data
170.0 470.0 17 26.008123348017623 0cd9414a_20240829_112036.data
190.0 470.0 17 25.773885462555068 0cd9414a_20240829_112100.data
210.0 470.0 17 25.773885462555068 0cd9414a_20240829_112124.data
230.0 470.0 17 25.773885462555068 0cd9414a_20240829_112148.data
250.0 470.0 17 25.89125110132159 0cd9414a_20240829_112212.data
270.0 470.0 17 25.773885462555068 0cd9414a_20240829_112236.data
290.0 470.0 17 25.773885462555068 0cd9414a_20240829_112300.data
