-1 -1 -1 27.264854625550658 0cd9414a_20240902_174843.data
10.0 10.0 17 27.15276211453745 0cd9414a_20240902_174922.data
30.0 10.0 17 27.264854625550658 0cd9414a_20240902_174946.data
50.0 10.0 17 27.264854625550658 0cd9414a_20240902_175010.data
70.0 10.0 17 27.264854625550658 0cd9414a_20240902_175034.data
90.0 10.0 17 27.37654625550661 0cd9414a_20240902_175058.data
110.0 10.0 17 27.04026872246696 0cd9414a_20240902_175122.data
130.0 10.0 17 27.04026872246696 0cd9414a_20240902_175146.data
150.0 10.0 17 26.81392511013216 0cd9414a_20240902_175210.data
170.0 10.0 17 27.264854625550658 0cd9414a_20240902_175234.data
190.0 10.0 17 27.264854625550658 0cd9414a_20240902_175258.data
210.0 10.0 17 27.264854625550658 0cd9414a_20240902_175322.data
230.0 10.0 17 27.264854625550658 0cd9414a_20240902_175346.data
250.0 10.0 17 27.04026872246696 0cd9414a_20240902_175410.data
270.0 10.0 17 26.9273127753304 0cd9414a_20240902_175434.data
290.0 10.0 17 27.04026872246696 0cd9414a_20240902_175458.data
290.0 30.0 17 26.81392511013216 0cd9414a_20240902_175522.data
270.0 30.0 17 27.264854625550658 0cd9414a_20240902_175546.data
250.0 30.0 17 27.264854625550658 0cd9414a_20240902_175610.data
230.0 30.0 17 27.264854625550658 0cd9414a_20240902_175634.data
210.0 30.0 17 27.264854625550658 0cd9414a_20240902_175658.data
190.0 30.0 17 27.264854625550658 0cd9414a_20240902_175722.data
170.0 30.0 17 27.15276211453745 0cd9414a_20240902_175746.data
150.0 30.0 17 26.9273127753304 0cd9414a_20240902_175810.data
130.0 30.0 17 27.04026872246696 0cd9414a_20240902_175834.data
110.0 30.0 17 26.9273127753304 0cd9414a_20240902_175858.data
90.0 30.0 17 27.04026872246696 0cd9414a_20240902_175922.data
70.0 30.0 17 27.264854625550658 0cd9414a_20240902_175946.data
50.0 30.0 17 27.264854625550658 0cd9414a_20240902_180011.data
30.0 30.0 17 27.264854625550658 0cd9414a_20240902_180034.data
10.0 30.0 17 27.15276211453745 0cd9414a_20240902_180058.data
10.0 50.0 17 27.264854625550658 0cd9414a_20240902_180122.data
30.0 50.0 17 27.264854625550658 0cd9414a_20240902_180146.data
50.0 50.0 17 27.264854625550658 0cd9414a_20240902_180210.data
70.0 50.0 17 27.264854625550658 0cd9414a_20240902_180234.data
90.0 50.0 17 26.9273127753304 0cd9414a_20240902_180258.data
110.0 50.0 17 27.04026872246696 0cd9414a_20240902_180323.data
130.0 50.0 17 27.04026872246696 0cd9414a_20240902_180346.data
150.0 50.0 17 27.264854625550658 0cd9414a_20240902_180411.data
170.0 50.0 17 27.264854625550658 0cd9414a_20240902_180434.data
190.0 50.0 17 27.264854625550658 0cd9414a_20240902_180458.data
210.0 50.0 17 26.9273127753304 0cd9414a_20240902_180522.data
230.0 50.0 17 27.04026872246696 0cd9414a_20240902_180547.data
250.0 50.0 17 27.04026872246696 0cd9414a_20240902_180611.data
270.0 50.0 17 27.264854625550658 0cd9414a_20240902_180635.data
290.0 50.0 17 27.264854625550658 0cd9414a_20240902_180659.data
290.0 70.0 17 27.264854625550658 0cd9414a_20240902_180723.data
270.0 70.0 17 27.264854625550658 0cd9414a_20240902_180747.data
250.0 70.0 17 27.264854625550658 0cd9414a_20240902_180811.data
230.0 70.0 17 26.9273127753304 0cd9414a_20240902_180835.data
210.0 70.0 17 27.264854625550658 0cd9414a_20240902_180859.data
190.0 70.0 17 27.264854625550658 0cd9414a_20240902_180923.data
170.0 70.0 17 26.9273127753304 0cd9414a_20240902_180947.data
150.0 70.0 17 27.04026872246696 0cd9414a_20240902_181011.data
130.0 70.0 17 27.04026872246696 0cd9414a_20240902_181035.data
110.0 70.0 17 27.264854625550658 0cd9414a_20240902_181059.data
90.0 70.0 17 27.264854625550658 0cd9414a_20240902_181123.data
70.0 70.0 17 26.9273127753304 0cd9414a_20240902_181147.data
50.0 70.0 17 26.9273127753304 0cd9414a_20240902_181211.data
30.0 70.0 17 27.04026872246696 0cd9414a_20240902_181235.data
10.0 70.0 17 27.264854625550658 0cd9414a_20240902_181259.data
10.0 90.0 17 27.264854625550658 0cd9414a_20240902_181323.data
30.0 90.0 17 27.264854625550658 0cd9414a_20240902_181347.data
50.0 90.0 17 27.15276211453745 0cd9414a_20240902_181411.data
70.0 90.0 17 27.264854625550658 0cd9414a_20240902_181435.data
90.0 90.0 17 27.04026872246696 0cd9414a_20240902_181459.data
110.0 90.0 17 27.04026872246696 0cd9414a_20240902_181523.data
130.0 90.0 17 27.15276211453745 0cd9414a_20240902_181547.data
150.0 90.0 17 27.264854625550658 0cd9414a_20240902_181611.data
170.0 90.0 17 26.9273127753304 0cd9414a_20240902_181635.data
190.0 90.0 17 27.15276211453745 0cd9414a_20240902_181659.data
210.0 90.0 17 27.15276211453745 0cd9414a_20240902_181723.data
230.0 90.0 17 26.9273127753304 0cd9414a_20240902_181747.data
250.0 90.0 17 27.15276211453745 0cd9414a_20240902_181811.data
270.0 90.0 17 27.264854625550658 0cd9414a_20240902_181835.data
290.0 90.0 17 27.264854625550658 0cd9414a_20240902_181859.data
290.0 110.0 17 26.9273127753304 0cd9414a_20240902_181923.data
270.0 110.0 17 27.264854625550658 0cd9414a_20240902_181947.data
250.0 110.0 17 27.15276211453745 0cd9414a_20240902_182011.data
230.0 110.0 17 27.15276211453745 0cd9414a_20240902_182035.data
210.0 110.0 17 27.264854625550658 0cd9414a_20240902_182059.data
190.0 110.0 17 26.9273127753304 0cd9414a_20240902_182123.data
170.0 110.0 17 26.9273127753304 0cd9414a_20240902_182147.data
150.0 110.0 17 27.15276211453745 0cd9414a_20240902_182211.data
130.0 110.0 17 27.264854625550658 0cd9414a_20240902_182235.data
110.0 110.0 17 27.15276211453745 0cd9414a_20240902_182259.data
90.0 110.0 17 26.9273127753304 0cd9414a_20240902_182323.data
70.0 110.0 17 27.15276211453745 0cd9414a_20240902_182347.data
50.0 110.0 17 27.15276211453745 0cd9414a_20240902_182411.data
30.0 110.0 17 26.9273127753304 0cd9414a_20240902_182435.data
10.0 110.0 17 27.15276211453745 0cd9414a_20240902_182459.data
10.0 130.0 17 27.15276211453745 0cd9414a_20240902_182523.data
30.0 130.0 17 27.264854625550658 0cd9414a_20240902_182547.data
50.0 130.0 17 26.9273127753304 0cd9414a_20240902_182611.data
70.0 130.0 17 27.04026872246696 0cd9414a_20240902_182635.data
90.0 130.0 17 27.264854625550658 0cd9414a_20240902_182659.data
110.0 130.0 17 27.264854625550658 0cd9414a_20240902_182723.data
130.0 130.0 17 26.9273127753304 0cd9414a_20240902_182747.data
150.0 130.0 17 27.264854625550658 0cd9414a_20240902_182811.data
170.0 130.0 17 27.264854625550658 0cd9414a_20240902_182835.data
190.0 130.0 17 26.9273127753304 0cd9414a_20240902_182859.data
210.0 130.0 17 26.81392511013216 0cd9414a_20240902_182923.data
230.0 130.0 17 27.264854625550658 0cd9414a_20240902_182947.data
250.0 130.0 17 27.264854625550658 0cd9414a_20240902_183011.data
270.0 130.0 17 26.9273127753304 0cd9414a_20240902_183035.data
290.0 130.0 17 27.04026872246696 0cd9414a_20240902_183059.data
290.0 150.0 17 26.9273127753304 0cd9414a_20240902_183123.data
270.0 150.0 17 27.15276211453745 0cd9414a_20240902_183147.data
250.0 150.0 17 27.15276211453745 0cd9414a_20240902_183211.data
230.0 150.0 17 26.9273127753304 0cd9414a_20240902_183235.data
210.0 150.0 17 26.9273127753304 0cd9414a_20240902_183259.data
190.0 150.0 17 27.15276211453745 0cd9414a_20240902_183323.data
170.0 150.0 17 27.15276211453745 0cd9414a_20240902_183347.data
150.0 150.0 17 27.264854625550658 0cd9414a_20240902_183411.data
130.0 150.0 17 26.9273127753304 0cd9414a_20240902_183435.data
110.0 150.0 17 27.04026872246696 0cd9414a_20240902_183459.data
90.0 150.0 17 27.15276211453745 0cd9414a_20240902_183523.data
70.0 150.0 17 27.15276211453745 0cd9414a_20240902_183547.data
50.0 150.0 17 27.264854625550658 0cd9414a_20240902_183611.data
30.0 150.0 17 27.15276211453745 0cd9414a_20240902_183635.data
10.0 150.0 17 26.9273127753304 0cd9414a_20240902_183659.data
10.0 170.0 17 26.81392511013216 0cd9414a_20240902_183724.data
30.0 170.0 17 27.04026872246696 0cd9414a_20240902_183747.data
50.0 170.0 17 27.15276211453745 0cd9414a_20240902_183811.data
70.0 170.0 17 26.9273127753304 0cd9414a_20240902_183835.data
90.0 170.0 17 27.15276211453745 0cd9414a_20240902_183900.data
110.0 170.0 17 27.04026872246696 0cd9414a_20240902_183923.data
130.0 170.0 17 27.264854625550658 0cd9414a_20240902_183948.data
150.0 170.0 17 27.04026872246696 0cd9414a_20240902_184012.data
170.0 170.0 17 27.15276211453745 0cd9414a_20240902_184036.data
190.0 170.0 17 26.9273127753304 0cd9414a_20240902_184100.data
210.0 170.0 17 27.04026872246696 0cd9414a_20240902_184124.data
230.0 170.0 17 27.264854625550658 0cd9414a_20240902_184148.data
250.0 170.0 17 27.264854625550658 0cd9414a_20240902_184212.data
270.0 170.0 17 27.15276211453745 0cd9414a_20240902_184236.data
290.0 170.0 17 27.04026872246696 0cd9414a_20240902_184300.data
290.0 190.0 17 27.15276211453745 0cd9414a_20240902_184324.data
270.0 190.0 17 27.04026872246696 0cd9414a_20240902_184348.data
250.0 190.0 17 27.15276211453745 0cd9414a_20240902_184412.data
230.0 190.0 17 27.264854625550658 0cd9414a_20240902_184436.data
210.0 190.0 17 27.04026872246696 0cd9414a_20240902_184500.data
190.0 190.0 17 26.9273127753304 0cd9414a_20240902_184524.data
170.0 190.0 17 27.15276211453745 0cd9414a_20240902_184548.data
150.0 190.0 17 27.264854625550658 0cd9414a_20240902_184612.data
130.0 190.0 17 27.264854625550658 0cd9414a_20240902_184636.data
110.0 190.0 17 26.9273127753304 0cd9414a_20240902_184700.data
90.0 190.0 17 27.04026872246696 0cd9414a_20240902_184724.data
70.0 190.0 17 27.264854625550658 0cd9414a_20240902_184748.data
50.0 190.0 17 27.04026872246696 0cd9414a_20240902_184812.data
30.0 190.0 17 27.15276211453745 0cd9414a_20240902_184836.data
10.0 190.0 17 26.9273127753304 0cd9414a_20240902_184900.data
10.0 210.0 17 27.04026872246696 0cd9414a_20240902_184924.data
30.0 210.0 17 26.9273127753304 0cd9414a_20240902_184948.data
50.0 210.0 17 27.264854625550658 0cd9414a_20240902_185012.data
70.0 210.0 17 27.264854625550658 0cd9414a_20240902_185036.data
90.0 210.0 17 26.9273127753304 0cd9414a_20240902_185100.data
110.0 210.0 17 26.9273127753304 0cd9414a_20240902_185124.data
130.0 210.0 17 27.15276211453745 0cd9414a_20240902_185148.data
150.0 210.0 17 27.264854625550658 0cd9414a_20240902_185212.data
170.0 210.0 17 27.15276211453745 0cd9414a_20240902_185236.data
190.0 210.0 17 26.9273127753304 0cd9414a_20240902_185300.data
210.0 210.0 17 27.04026872246696 0cd9414a_20240902_185324.data
230.0 210.0 17 27.15276211453745 0cd9414a_20240902_185348.data
250.0 210.0 17 27.264854625550658 0cd9414a_20240902_185412.data
270.0 210.0 17 27.04026872246696 0cd9414a_20240902_185436.data
290.0 210.0 17 27.04026872246696 0cd9414a_20240902_185500.data
290.0 230.0 17 27.15276211453745 0cd9414a_20240902_185524.data
270.0 230.0 17 27.15276211453745 0cd9414a_20240902_185548.data
250.0 230.0 17 27.04026872246696 0cd9414a_20240902_185612.data
230.0 230.0 17 27.04026872246696 0cd9414a_20240902_185636.data
210.0 230.0 17 27.15276211453745 0cd9414a_20240902_185700.data
190.0 230.0 17 26.9273127753304 0cd9414a_20240902_185724.data
170.0 230.0 17 27.04026872246696 0cd9414a_20240902_185748.data
150.0 230.0 17 27.15276211453745 0cd9414a_20240902_185812.data
130.0 230.0 17 26.9273127753304 0cd9414a_20240902_185836.data
110.0 230.0 17 27.04026872246696 0cd9414a_20240902_185900.data
90.0 230.0 17 26.9273127753304 0cd9414a_20240902_185924.data
70.0 230.0 17 27.15276211453745 0cd9414a_20240902_185948.data
50.0 230.0 17 27.264854625550658 0cd9414a_20240902_190012.data
30.0 230.0 17 27.15276211453745 0cd9414a_20240902_190036.data
10.0 230.0 17 27.264854625550658 0cd9414a_20240902_190100.data
10.0 250.0 17 26.9273127753304 0cd9414a_20240902_190124.data
30.0 250.0 17 27.264854625550658 0cd9414a_20240902_190148.data
50.0 250.0 17 27.15276211453745 0cd9414a_20240902_190212.data
70.0 250.0 17 27.15276211453745 0cd9414a_20240902_190236.data
90.0 250.0 17 26.9273127753304 0cd9414a_20240902_190300.data
110.0 250.0 17 27.04026872246696 0cd9414a_20240902_190324.data
130.0 250.0 17 27.15276211453745 0cd9414a_20240902_190348.data
150.0 250.0 17 27.15276211453745 0cd9414a_20240902_190412.data
170.0 250.0 17 27.15276211453745 0cd9414a_20240902_190436.data
190.0 250.0 17 27.04026872246696 0cd9414a_20240902_190500.data
210.0 250.0 17 27.04026872246696 0cd9414a_20240902_190524.data
230.0 250.0 17 27.264854625550658 0cd9414a_20240902_190548.data
250.0 250.0 17 27.264854625550658 0cd9414a_20240902_190612.data
270.0 250.0 17 26.9273127753304 0cd9414a_20240902_190636.data
290.0 250.0 17 27.04026872246696 0cd9414a_20240902_190700.data
290.0 270.0 17 26.9273127753304 0cd9414a_20240902_190724.data
270.0 270.0 17 27.15276211453745 0cd9414a_20240902_190748.data
250.0 270.0 17 26.9273127753304 0cd9414a_20240902_190812.data
230.0 270.0 17 27.264854625550658 0cd9414a_20240902_190836.data
210.0 270.0 17 27.04026872246696 0cd9414a_20240902_190900.data
190.0 270.0 17 27.15276211453745 0cd9414a_20240902_190924.data
170.0 270.0 17 27.15276211453745 0cd9414a_20240902_190948.data
150.0 270.0 17 26.9273127753304 0cd9414a_20240902_191012.data
130.0 270.0 17 27.15276211453745 0cd9414a_20240902_191036.data
110.0 270.0 17 26.9273127753304 0cd9414a_20240902_191100.data
90.0 270.0 17 26.9273127753304 0cd9414a_20240902_191124.data
70.0 270.0 17 27.15276211453745 0cd9414a_20240902_191148.data
50.0 270.0 17 27.15276211453745 0cd9414a_20240902_191212.data
30.0 270.0 17 27.264854625550658 0cd9414a_20240902_191236.data
10.0 270.0 17 26.9273127753304 0cd9414a_20240902_191300.data
10.0 290.0 17 27.04026872246696 0cd9414a_20240902_191324.data
30.0 290.0 17 27.264854625550658 0cd9414a_20240902_191348.data
50.0 290.0 17 27.15276211453745 0cd9414a_20240902_191413.data
70.0 290.0 17 27.15276211453745 0cd9414a_20240902_191437.data
90.0 290.0 17 26.81392511013216 0cd9414a_20240902_191501.data
110.0 290.0 17 27.04026872246696 0cd9414a_20240902_191524.data
130.0 290.0 17 27.15276211453745 0cd9414a_20240902_191549.data
150.0 290.0 17 27.15276211453745 0cd9414a_20240902_191613.data
170.0 290.0 17 27.15276211453745 0cd9414a_20240902_191637.data
190.0 290.0 17 26.9273127753304 0cd9414a_20240902_191701.data
210.0 290.0 17 27.04026872246696 0cd9414a_20240902_191725.data
230.0 290.0 17 27.15276211453745 0cd9414a_20240902_191749.data
250.0 290.0 17 27.15276211453745 0cd9414a_20240902_191813.data
270.0 290.0 17 27.15276211453745 0cd9414a_20240902_191837.data
290.0 290.0 17 26.9273127753304 0cd9414a_20240902_191901.data
290.0 310.0 17 27.04026872246696 0cd9414a_20240902_191925.data
270.0 310.0 17 27.15276211453745 0cd9414a_20240902_191949.data
250.0 310.0 17 27.15276211453745 0cd9414a_20240902_192013.data
230.0 310.0 17 26.9273127753304 0cd9414a_20240902_192037.data
210.0 310.0 17 27.04026872246696 0cd9414a_20240902_192101.data
190.0 310.0 17 27.264854625550658 0cd9414a_20240902_192125.data
170.0 310.0 17 -1 0cd9414a_20240902_192149.data
150.0 310.0 17 27.264854625550658 0cd9414a_20240902_192213.data
130.0 310.0 17 26.9273127753304 0cd9414a_20240902_192237.data
110.0 310.0 17 -1 0cd9414a_20240902_192301.data
90.0 310.0 17 27.15276211453745 0cd9414a_20240902_192325.data
70.0 310.0 17 27.04026872246696 0cd9414a_20240902_192349.data
50.0 310.0 17 26.9273127753304 0cd9414a_20240902_192413.data
30.0 310.0 17 27.264854625550658 0cd9414a_20240902_192437.data
10.0 310.0 17 27.264854625550658 0cd9414a_20240902_192501.data
10.0 330.0 17 26.9273127753304 0cd9414a_20240902_192525.data
30.0 330.0 17 -1 0cd9414a_20240902_192549.data
50.0 330.0 17 27.264854625550658 0cd9414a_20240902_192613.data
70.0 330.0 17 26.9273127753304 0cd9414a_20240902_192637.data
90.0 330.0 17 26.9273127753304 0cd9414a_20240902_192701.data
110.0 330.0 17 27.041409691629962 0cd9414a_20240902_192725.data
130.0 330.0 17 27.15276211453745 0cd9414a_20240902_192749.data
150.0 330.0 17 26.81392511013216 0cd9414a_20240902_192813.data
170.0 330.0 17 27.04026872246696 0cd9414a_20240902_192837.data
190.0 330.0 17 27.04026872246696 0cd9414a_20240902_192901.data
210.0 330.0 17 27.15276211453745 0cd9414a_20240902_192925.data
230.0 330.0 17 27.15276211453745 0cd9414a_20240902_192949.data
250.0 330.0 17 27.15276211453745 0cd9414a_20240902_193013.data
270.0 330.0 17 27.15276211453745 0cd9414a_20240902_193037.data
290.0 330.0 17 26.9273127753304 0cd9414a_20240902_193101.data
10.0 350.0 17 26.9273127753304 0cd9414a_20240903_080540.data
30.0 350.0 17 26.9273127753304 0cd9414a_20240903_080604.data
50.0 350.0 17 27.15276211453745 0cd9414a_20240903_080628.data
70.0 350.0 17 27.15276211453745 0cd9414a_20240903_080652.data
90.0 350.0 17 26.9273127753304 0cd9414a_20240903_080716.data
110.0 350.0 17 26.9273127753304 0cd9414a_20240903_080740.data
130.0 350.0 17 27.15276211453745 0cd9414a_20240903_080804.data
150.0 350.0 17 27.15276211453745 0cd9414a_20240903_080828.data
170.0 350.0 17 27.04026872246696 0cd9414a_20240903_080852.data
190.0 350.0 17 27.15276211453745 0cd9414a_20240903_080916.data
210.0 350.0 17 27.15276211453745 0cd9414a_20240903_080940.data
230.0 350.0 17 26.9273127753304 0cd9414a_20240903_081004.data
250.0 350.0 17 26.81392511013216 0cd9414a_20240903_081028.data
270.0 350.0 17 27.04026872246696 0cd9414a_20240903_081052.data
290.0 350.0 17 27.04026872246696 0cd9414a_20240903_081116.data
290.0 370.0 17 27.15276211453745 0cd9414a_20240903_081140.data
270.0 370.0 17 26.9273127753304 0cd9414a_20240903_081204.data
250.0 370.0 17 26.81392511013216 0cd9414a_20240903_081228.data
230.0 370.0 17 26.81392511013216 0cd9414a_20240903_081252.data
210.0 370.0 17 27.15276211453745 0cd9414a_20240903_081316.data
190.0 370.0 17 27.15276211453745 0cd9414a_20240903_081340.data
170.0 370.0 17 27.04026872246696 0cd9414a_20240903_081404.data
150.0 370.0 17 27.15276211453745 0cd9414a_20240903_081428.data
130.0 370.0 17 26.9273127753304 0cd9414a_20240903_081452.data
110.0 370.0 17 26.9273127753304 0cd9414a_20240903_081516.data
90.0 370.0 17 26.81392511013216 0cd9414a_20240903_081541.data
70.0 370.0 17 27.15276211453745 0cd9414a_20240903_081605.data
50.0 370.0 17 27.15276211453745 0cd9414a_20240903_081629.data
30.0 370.0 17 27.15276211453745 0cd9414a_20240903_081653.data
10.0 370.0 17 27.04026872246696 0cd9414a_20240903_081717.data
10.0 390.0 17 26.9273127753304 0cd9414a_20240903_081741.data
30.0 390.0 17 27.04026872246696 0cd9414a_20240903_081805.data
50.0 390.0 17 27.15276211453745 0cd9414a_20240903_081829.data
70.0 390.0 17 27.15276211453745 0cd9414a_20240903_081853.data
90.0 390.0 17 27.15276211453745 0cd9414a_20240903_081917.data
110.0 390.0 17 27.04026872246696 0cd9414a_20240903_081941.data
130.0 390.0 17 27.04026872246696 0cd9414a_20240903_082005.data
150.0 390.0 17 26.81392511013216 0cd9414a_20240903_082029.data
170.0 390.0 17 26.9273127753304 0cd9414a_20240903_082053.data
190.0 390.0 17 27.04026872246696 0cd9414a_20240903_082117.data
210.0 390.0 17 27.15276211453745 0cd9414a_20240903_082141.data
230.0 390.0 17 27.15276211453745 0cd9414a_20240903_082205.data
250.0 390.0 17 26.9273127753304 0cd9414a_20240903_082229.data
270.0 390.0 17 26.9273127753304 0cd9414a_20240903_082253.data
290.0 390.0 17 26.81392511013216 0cd9414a_20240903_082317.data
290.0 410.0 17 27.15276211453745 0cd9414a_20240903_082341.data
270.0 410.0 17 27.15276211453745 0cd9414a_20240903_082405.data
250.0 410.0 17 27.15276211453745 0cd9414a_20240903_082429.data
230.0 410.0 17 27.15276211453745 0cd9414a_20240903_082453.data
210.0 410.0 17 26.9273127753304 0cd9414a_20240903_082517.data
190.0 410.0 17 26.9273127753304 0cd9414a_20240903_082541.data
170.0 410.0 17 26.9273127753304 0cd9414a_20240903_082605.data
150.0 410.0 17 27.15276211453745 0cd9414a_20240903_082629.data
130.0 410.0 17 27.04026872246696 0cd9414a_20240903_082653.data
110.0 410.0 17 27.15276211453745 0cd9414a_20240903_082717.data
90.0 410.0 17 26.9273127753304 0cd9414a_20240903_082741.data
70.0 410.0 17 26.9273127753304 0cd9414a_20240903_082805.data
50.0 410.0 17 26.700136563876654 0cd9414a_20240903_082829.data
30.0 410.0 17 26.9273127753304 0cd9414a_20240903_082853.data
10.0 410.0 17 27.04026872246696 0cd9414a_20240903_082917.data
10.0 430.0 17 27.15276211453745 0cd9414a_20240903_082941.data
30.0 430.0 17 26.9273127753304 0cd9414a_20240903_083005.data
50.0 430.0 17 27.04026872246696 0cd9414a_20240903_083029.data
70.0 430.0 17 26.700136563876654 0cd9414a_20240903_083053.data
90.0 430.0 17 26.81392511013216 0cd9414a_20240903_083117.data
110.0 430.0 17 27.15276211453745 0cd9414a_20240903_083141.data
130.0 430.0 17 27.15276211453745 0cd9414a_20240903_083205.data
150.0 430.0 17 27.15276211453745 0cd9414a_20240903_083229.data
170.0 430.0 17 27.15276211453745 0cd9414a_20240903_083253.data
190.0 430.0 17 26.81392511013216 0cd9414a_20240903_083317.data
210.0 430.0 17 26.9273127753304 0cd9414a_20240903_083341.data
230.0 430.0 17 26.81392511013216 0cd9414a_20240903_083405.data
250.0 430.0 17 27.04026872246696 0cd9414a_20240903_083429.data
270.0 430.0 17 26.9273127753304 0cd9414a_20240903_083453.data
290.0 430.0 17 27.04026872246696 0cd9414a_20240903_083517.data
290.0 450.0 17 27.04026872246696 0cd9414a_20240903_083541.data
270.0 450.0 17 26.9273127753304 0cd9414a_20240903_083605.data
250.0 450.0 17 26.9273127753304 0cd9414a_20240903_083629.data
230.0 450.0 17 27.15276211453745 0cd9414a_20240903_083653.data
210.0 450.0 17 27.15276211453745 0cd9414a_20240903_083717.data
190.0 450.0 17 27.15276211453745 0cd9414a_20240903_083741.data
170.0 450.0 17 27.04026872246696 0cd9414a_20240903_083805.data
150.0 450.0 17 27.04026872246696 0cd9414a_20240903_083829.data
130.0 450.0 17 26.9273127753304 0cd9414a_20240903_083853.data
110.0 450.0 17 26.9273127753304 0cd9414a_20240903_083917.data
90.0 450.0 17 27.15276211453745 0cd9414a_20240903_083941.data
70.0 450.0 17 27.04026872246696 0cd9414a_20240903_084005.data
50.0 450.0 17 27.15276211453745 0cd9414a_20240903_084029.data
30.0 450.0 17 26.81392511013216 0cd9414a_20240903_084053.data
10.0 450.0 17 27.04026872246696 0cd9414a_20240903_084117.data
10.0 470.0 17 27.04026872246696 0cd9414a_20240903_084141.data
30.0 470.0 17 27.15276211453745 0cd9414a_20240903_084205.data
50.0 470.0 17 27.15276211453745 0cd9414a_20240903_084229.data
70.0 470.0 17 27.15276211453745 0cd9414a_20240903_084253.data
90.0 470.0 17 27.04026872246696 0cd9414a_20240903_084317.data
110.0 470.0 17 26.9273127753304 0cd9414a_20240903_084341.data
130.0 470.0 17 27.04026872246696 0cd9414a_20240903_084405.data
150.0 470.0 17 27.15276211453745 0cd9414a_20240903_084429.data
170.0 470.0 17 27.04026872246696 0cd9414a_20240903_084453.data
190.0 470.0 17 27.15276211453745 0cd9414a_20240903_084517.data
210.0 470.0 17 27.15276211453745 0cd9414a_20240903_084541.data
230.0 470.0 17 26.9273127753304 0cd9414a_20240903_084605.data
250.0 470.0 17 26.9273127753304 0cd9414a_20240903_084629.data
270.0 470.0 17 26.9273127753304 0cd9414a_20240903_084654.data
290.0 470.0 17 27.15276211453745 0cd9414a_20240903_084718.data
