-1 -1 -1 27.37654625550661 0cd9414a_20240815_133931.data
10.0 10.0 17 27.37654625550661 0cd9414a_20240815_134010.data
30.0 10.0 17 27.598634361233486 0cd9414a_20240815_134034.data
50.0 10.0 17 27.37654625550661 0cd9414a_20240815_134058.data
70.0 10.0 17 27.37654625550661 0cd9414a_20240815_134122.data
90.0 10.0 17 27.487775330396477 0cd9414a_20240815_134146.data
110.0 10.0 17 27.37654625550661 0cd9414a_20240815_134210.data
130.0 10.0 17 27.37654625550661 0cd9414a_20240815_134234.data
150.0 10.0 17 27.37654625550661 0cd9414a_20240815_134258.data
170.0 10.0 17 27.37654625550661 0cd9414a_20240815_134322.data
190.0 10.0 17 27.37654625550661 0cd9414a_20240815_134346.data
210.0 10.0 17 27.37654625550661 0cd9414a_20240815_134410.data
230.0 10.0 17 27.37654625550661 0cd9414a_20240815_134434.data
250.0 10.0 17 27.37654625550661 0cd9414a_20240815_134458.data
270.0 10.0 17 27.487775330396477 0cd9414a_20240815_134522.data
290.0 10.0 17 27.37654625550661 0cd9414a_20240815_134546.data
290.0 30.0 17 27.37654625550661 0cd9414a_20240815_134610.data
270.0 30.0 17 27.37654625550661 0cd9414a_20240815_134634.data
250.0 30.0 17 27.37654625550661 0cd9414a_20240815_134658.data
230.0 30.0 17 27.487775330396477 0cd9414a_20240815_134722.data
210.0 30.0 17 27.598634361233486 0cd9414a_20240815_134746.data
190.0 30.0 17 27.37654625550661 0cd9414a_20240815_134810.data
170.0 30.0 17 27.487775330396477 0cd9414a_20240815_134834.data
150.0 30.0 17 27.37654625550661 0cd9414a_20240815_134858.data
130.0 30.0 17 27.37654625550661 0cd9414a_20240815_134922.data
110.0 30.0 17 27.37654625550661 0cd9414a_20240815_134946.data
90.0 30.0 17 27.37654625550661 0cd9414a_20240815_135010.data
70.0 30.0 17 27.37654625550661 0cd9414a_20240815_135034.data
50.0 30.0 17 27.37654625550661 0cd9414a_20240815_135058.data
30.0 30.0 17 27.37654625550661 0cd9414a_20240815_135122.data
10.0 30.0 17 27.487775330396477 0cd9414a_20240815_135146.data
10.0 50.0 17 27.37654625550661 0cd9414a_20240815_135210.data
30.0 50.0 17 27.598634361233486 0cd9414a_20240815_135234.data
50.0 50.0 17 27.487775330396477 0cd9414a_20240815_135258.data
70.0 50.0 17 27.709061674008815 0cd9414a_20240815_135322.data
90.0 50.0 17 27.598634361233486 0cd9414a_20240815_135346.data
110.0 50.0 17 27.709061674008815 0cd9414a_20240815_135410.data
130.0 50.0 17 27.487775330396477 0cd9414a_20240815_135434.data
150.0 50.0 17 27.487775330396477 0cd9414a_20240815_135458.data
170.0 50.0 17 27.37654625550661 0cd9414a_20240815_135522.data
190.0 50.0 17 27.487775330396477 0cd9414a_20240815_135546.data
210.0 50.0 17 27.709061674008815 0cd9414a_20240815_135610.data
230.0 50.0 17 27.709061674008815 0cd9414a_20240815_135634.data
250.0 50.0 17 27.709061674008815 0cd9414a_20240815_135658.data
270.0 50.0 17 27.709061674008815 0cd9414a_20240815_135723.data
290.0 50.0 17 27.709061674008815 0cd9414a_20240815_135747.data
290.0 70.0 17 27.709061674008815 0cd9414a_20240815_135811.data
270.0 70.0 17 27.598634361233486 0cd9414a_20240815_135835.data
250.0 70.0 17 27.709061674008815 0cd9414a_20240815_135859.data
230.0 70.0 17 27.598634361233486 0cd9414a_20240815_135923.data
210.0 70.0 17 27.598634361233486 0cd9414a_20240815_135947.data
190.0 70.0 17 27.598634361233486 0cd9414a_20240815_140011.data
170.0 70.0 17 27.709061674008815 0cd9414a_20240815_140035.data
150.0 70.0 17 27.709061674008815 0cd9414a_20240815_140059.data
130.0 70.0 17 27.598634361233486 0cd9414a_20240815_140123.data
110.0 70.0 17 27.487775330396477 0cd9414a_20240815_140147.data
90.0 70.0 17 27.487775330396477 0cd9414a_20240815_140211.data
70.0 70.0 17 27.709061674008815 0cd9414a_20240815_140235.data
50.0 70.0 17 27.709061674008815 0cd9414a_20240815_140259.data
30.0 70.0 17 27.709061674008815 0cd9414a_20240815_140323.data
10.0 70.0 17 27.709061674008815 0cd9414a_20240815_140347.data
10.0 90.0 17 27.709061674008815 0cd9414a_20240815_140411.data
30.0 90.0 17 27.264854625550658 0cd9414a_20240815_140435.data
50.0 90.0 17 27.709061674008815 0cd9414a_20240815_140459.data
70.0 90.0 17 27.598634361233486 0cd9414a_20240815_140523.data
90.0 90.0 17 27.598634361233486 0cd9414a_20240815_140547.data
110.0 90.0 17 27.709061674008815 0cd9414a_20240815_140611.data
130.0 90.0 17 27.37654625550661 0cd9414a_20240815_140635.data
150.0 90.0 17 27.264854625550658 0cd9414a_20240815_140659.data
170.0 90.0 17 27.598634361233486 0cd9414a_20240815_140723.data
190.0 90.0 17 27.709061674008815 0cd9414a_20240815_140747.data
210.0 90.0 17 27.709061674008815 0cd9414a_20240815_140811.data
230.0 90.0 17 27.709061674008815 0cd9414a_20240815_140835.data
250.0 90.0 17 27.709061674008815 0cd9414a_20240815_140859.data
270.0 90.0 17 27.487775330396477 0cd9414a_20240815_140923.data
290.0 90.0 17 27.37654625550661 0cd9414a_20240815_140947.data
290.0 110.0 17 27.709061674008815 0cd9414a_20240815_141011.data
270.0 110.0 17 27.709061674008815 0cd9414a_20240815_141035.data
250.0 110.0 17 27.709061674008815 0cd9414a_20240815_141059.data
230.0 110.0 17 27.709061674008815 0cd9414a_20240815_141123.data
210.0 110.0 17 27.487775330396477 0cd9414a_20240815_141147.data
190.0 110.0 17 27.598634361233486 0cd9414a_20240815_141211.data
170.0 110.0 17 27.709061674008815 0cd9414a_20240815_141235.data
150.0 110.0 17 27.709061674008815 0cd9414a_20240815_141259.data
130.0 110.0 17 27.709061674008815 0cd9414a_20240815_141323.data
110.0 110.0 17 27.709061674008815 0cd9414a_20240815_141347.data
90.0 110.0 17 27.487775330396477 0cd9414a_20240815_141411.data
70.0 110.0 17 27.709061674008815 0cd9414a_20240815_141435.data
50.0 110.0 17 27.709061674008815 0cd9414a_20240815_141459.data
30.0 110.0 17 27.709061674008815 0cd9414a_20240815_141523.data
10.0 110.0 17 27.709061674008815 0cd9414a_20240815_141547.data
10.0 130.0 17 27.487775330396477 0cd9414a_20240815_141611.data
30.0 130.0 17 27.709061674008815 0cd9414a_20240815_141635.data
50.0 130.0 17 27.709061674008815 0cd9414a_20240815_141659.data
70.0 130.0 17 27.709061674008815 0cd9414a_20240815_141723.data
90.0 130.0 17 27.709061674008815 0cd9414a_20240815_141747.data
110.0 130.0 17 27.487775330396477 0cd9414a_20240815_141811.data
130.0 130.0 17 27.709061674008815 0cd9414a_20240815_141835.data
150.0 130.0 17 27.598634361233486 0cd9414a_20240815_141859.data
170.0 130.0 17 27.709061674008815 0cd9414a_20240815_141923.data
190.0 130.0 17 27.598634361233486 0cd9414a_20240815_141947.data
210.0 130.0 17 27.37654625550661 0cd9414a_20240815_142011.data
230.0 130.0 17 27.709061674008815 0cd9414a_20240815_142035.data
250.0 130.0 17 27.487775330396477 0cd9414a_20240815_142059.data
270.0 130.0 17 27.598634361233486 0cd9414a_20240815_142123.data
290.0 130.0 17 27.709061674008815 0cd9414a_20240815_142147.data
290.0 150.0 17 27.487775330396477 0cd9414a_20240815_142211.data
270.0 150.0 17 27.709061674008815 0cd9414a_20240815_142235.data
250.0 150.0 17 27.598634361233486 0cd9414a_20240815_142259.data
230.0 150.0 17 27.709061674008815 0cd9414a_20240815_142323.data
210.0 150.0 17 27.37654625550661 0cd9414a_20240815_142347.data
190.0 150.0 17 27.709061674008815 0cd9414a_20240815_142411.data
170.0 150.0 17 27.709061674008815 0cd9414a_20240815_142435.data
150.0 150.0 17 27.709061674008815 0cd9414a_20240815_142459.data
130.0 150.0 17 27.709061674008815 0cd9414a_20240815_142523.data
110.0 150.0 17 27.709061674008815 0cd9414a_20240815_142547.data
90.0 150.0 17 27.598634361233486 0cd9414a_20240815_142611.data
70.0 150.0 17 27.487775330396477 0cd9414a_20240815_142635.data
50.0 150.0 17 27.709061674008815 0cd9414a_20240815_142659.data
30.0 150.0 17 27.598634361233486 0cd9414a_20240815_142723.data
10.0 150.0 17 27.598634361233486 0cd9414a_20240815_142747.data
10.0 170.0 17 27.487775330396477 0cd9414a_20240815_142811.data
30.0 170.0 17 27.598634361233486 0cd9414a_20240815_142835.data
50.0 170.0 17 27.709061674008815 0cd9414a_20240815_142859.data
70.0 170.0 17 27.709061674008815 0cd9414a_20240815_142923.data
90.0 170.0 17 27.598634361233486 0cd9414a_20240815_142947.data
110.0 170.0 17 27.709061674008815 0cd9414a_20240815_143011.data
130.0 170.0 17 27.598634361233486 0cd9414a_20240815_143035.data
150.0 170.0 17 27.598634361233486 0cd9414a_20240815_143059.data
170.0 170.0 17 27.37654625550661 0cd9414a_20240815_143123.data
190.0 170.0 17 27.709061674008815 0cd9414a_20240815_143147.data
210.0 170.0 17 27.598634361233486 0cd9414a_20240815_143211.data
230.0 170.0 17 27.709061674008815 0cd9414a_20240815_143235.data
250.0 170.0 17 27.487775330396477 0cd9414a_20240815_143259.data
270.0 170.0 17 27.709061674008815 0cd9414a_20240815_143324.data
290.0 170.0 17 27.709061674008815 0cd9414a_20240815_143348.data
290.0 190.0 17 27.709061674008815 0cd9414a_20240815_143412.data
270.0 190.0 17 27.37654625550661 0cd9414a_20240815_143436.data
250.0 190.0 17 27.598634361233486 0cd9414a_20240815_143500.data
230.0 190.0 17 27.709061674008815 0cd9414a_20240815_143524.data
210.0 190.0 17 27.709061674008815 0cd9414a_20240815_143548.data
190.0 190.0 17 27.487775330396477 0cd9414a_20240815_143612.data
170.0 190.0 17 27.709061674008815 0cd9414a_20240815_143636.data
150.0 190.0 17 27.709061674008815 0cd9414a_20240815_143700.data
130.0 190.0 17 27.709061674008815 0cd9414a_20240815_143724.data
110.0 190.0 17 27.487775330396477 0cd9414a_20240815_143748.data
90.0 190.0 17 27.709061674008815 0cd9414a_20240815_143812.data
70.0 190.0 17 27.709061674008815 0cd9414a_20240815_143836.data
50.0 190.0 17 27.598634361233486 0cd9414a_20240815_143900.data
30.0 190.0 17 27.37654625550661 0cd9414a_20240815_143924.data
10.0 190.0 17 27.709061674008815 0cd9414a_20240815_143948.data
10.0 210.0 17 27.709061674008815 0cd9414a_20240815_144012.data
30.0 210.0 17 27.37654625550661 0cd9414a_20240815_144036.data
50.0 210.0 17 27.37654625550661 0cd9414a_20240815_144100.data
70.0 210.0 17 27.37654625550661 0cd9414a_20240815_144124.data
90.0 210.0 17 27.487775330396477 0cd9414a_20240815_144148.data
110.0 210.0 17 27.598634361233486 0cd9414a_20240815_144212.data
130.0 210.0 17 27.37654625550661 0cd9414a_20240815_144236.data
150.0 210.0 17 27.709061674008815 0cd9414a_20240815_144300.data
170.0 210.0 17 27.709061674008815 0cd9414a_20240815_144324.data
190.0 210.0 17 27.709061674008815 0cd9414a_20240815_144348.data
210.0 210.0 17 27.487775330396477 0cd9414a_20240815_144412.data
230.0 210.0 17 27.598634361233486 0cd9414a_20240815_144436.data
250.0 210.0 17 27.709061674008815 0cd9414a_20240815_144500.data
270.0 210.0 17 27.37654625550661 0cd9414a_20240815_144524.data
290.0 210.0 17 27.598634361233486 0cd9414a_20240815_144548.data
290.0 230.0 17 27.709061674008815 0cd9414a_20240815_144612.data
270.0 230.0 17 27.487775330396477 0cd9414a_20240815_144636.data
250.0 230.0 17 27.598634361233486 0cd9414a_20240815_144700.data
230.0 230.0 17 27.37654625550661 0cd9414a_20240815_144724.data
210.0 230.0 17 27.598634361233486 0cd9414a_20240815_144748.data
190.0 230.0 17 27.37654625550661 0cd9414a_20240815_144812.data
170.0 230.0 17 27.709061674008815 0cd9414a_20240815_144836.data
150.0 230.0 17 27.598634361233486 0cd9414a_20240815_144900.data
130.0 230.0 17 27.709061674008815 0cd9414a_20240815_144924.data
110.0 230.0 17 27.487775330396477 0cd9414a_20240815_144948.data
90.0 230.0 17 27.598634361233486 0cd9414a_20240815_145012.data
70.0 230.0 17 27.598634361233486 0cd9414a_20240815_145036.data
50.0 230.0 17 27.598634361233486 0cd9414a_20240815_145100.data
30.0 230.0 17 27.487775330396477 0cd9414a_20240815_145124.data
10.0 230.0 17 27.709061674008815 0cd9414a_20240815_145148.data
10.0 250.0 17 27.598634361233486 0cd9414a_20240815_145212.data
30.0 250.0 17 27.709061674008815 0cd9414a_20240815_145236.data
50.0 250.0 17 27.487775330396477 0cd9414a_20240815_145300.data
70.0 250.0 17 27.598634361233486 0cd9414a_20240815_145324.data
90.0 250.0 17 27.709061674008815 0cd9414a_20240815_145348.data
110.0 250.0 17 27.598634361233486 0cd9414a_20240815_145412.data
130.0 250.0 17 27.598634361233486 0cd9414a_20240815_145436.data
150.0 250.0 17 27.598634361233486 0cd9414a_20240815_145500.data
170.0 250.0 17 27.709061674008815 0cd9414a_20240815_145524.data
190.0 250.0 17 27.709061674008815 0cd9414a_20240815_145548.data
210.0 250.0 17 27.487775330396477 0cd9414a_20240815_145612.data
230.0 250.0 17 27.598634361233486 0cd9414a_20240815_145636.data
250.0 250.0 17 27.598634361233486 0cd9414a_20240815_145700.data
270.0 250.0 17 27.598634361233486 0cd9414a_20240815_145724.data
290.0 250.0 17 27.709061674008815 0cd9414a_20240815_145748.data
290.0 270.0 17 27.709061674008815 0cd9414a_20240815_145812.data
270.0 270.0 17 27.598634361233486 0cd9414a_20240815_145836.data
250.0 270.0 17 27.709061674008815 0cd9414a_20240815_145900.data
230.0 270.0 17 27.709061674008815 0cd9414a_20240815_145924.data
210.0 270.0 17 27.487775330396477 0cd9414a_20240815_145948.data
190.0 270.0 17 27.709061674008815 0cd9414a_20240815_150012.data
170.0 270.0 17 27.598634361233486 0cd9414a_20240815_150036.data
150.0 270.0 17 27.709061674008815 0cd9414a_20240815_150100.data
130.0 270.0 17 27.598634361233486 0cd9414a_20240815_150124.data
110.0 270.0 17 27.37654625550661 0cd9414a_20240815_150148.data
90.0 270.0 17 27.709061674008815 0cd9414a_20240815_150212.data
70.0 270.0 17 27.709061674008815 0cd9414a_20240815_150236.data
50.0 270.0 17 27.598634361233486 0cd9414a_20240815_150300.data
30.0 270.0 17 27.37654625550661 0cd9414a_20240815_150324.data
10.0 270.0 17 27.487775330396477 0cd9414a_20240815_150348.data
10.0 290.0 17 27.598634361233486 0cd9414a_20240815_150412.data
30.0 290.0 17 27.709061674008815 0cd9414a_20240815_150436.data
50.0 290.0 17 27.709061674008815 0cd9414a_20240815_150500.data
70.0 290.0 17 27.598634361233486 0cd9414a_20240815_150524.data
90.0 290.0 17 27.709061674008815 0cd9414a_20240815_150548.data
110.0 290.0 17 27.709061674008815 0cd9414a_20240815_150612.data
130.0 290.0 17 27.709061674008815 0cd9414a_20240815_150636.data
150.0 290.0 17 27.598634361233486 0cd9414a_20240815_150700.data
170.0 290.0 17 27.709061674008815 0cd9414a_20240815_150724.data
190.0 290.0 17 27.709061674008815 0cd9414a_20240815_150748.data
210.0 290.0 17 27.598634361233486 0cd9414a_20240815_150812.data
230.0 290.0 17 27.709061674008815 0cd9414a_20240815_150836.data
250.0 290.0 17 27.709061674008815 0cd9414a_20240815_150900.data
270.0 290.0 17 27.264854625550658 0cd9414a_20240815_150924.data
290.0 290.0 17 27.598634361233486 0cd9414a_20240815_150948.data
290.0 310.0 17 27.598634361233486 0cd9414a_20240815_151013.data
270.0 310.0 17 27.37654625550661 0cd9414a_20240815_151037.data
250.0 310.0 17 27.598634361233486 0cd9414a_20240815_151101.data
230.0 310.0 17 27.598634361233486 0cd9414a_20240815_151125.data
210.0 310.0 17 27.487775330396477 0cd9414a_20240815_151149.data
190.0 310.0 17 -1 0cd9414a_20240815_151213.data
170.0 310.0 17 27.709061674008815 0cd9414a_20240815_151237.data
150.0 310.0 17 27.487775330396477 0cd9414a_20240815_151301.data
130.0 310.0 17 -1 0cd9414a_20240815_151325.data
110.0 310.0 17 27.598634361233486 0cd9414a_20240815_151349.data
90.0 310.0 17 27.487775330396477 0cd9414a_20240815_151413.data
70.0 310.0 17 27.598634361233486 0cd9414a_20240815_151437.data
50.0 310.0 17 27.487775330396477 0cd9414a_20240815_151501.data
30.0 310.0 17 27.487775330396477 0cd9414a_20240815_151525.data
10.0 310.0 17 27.487775330396477 0cd9414a_20240815_151549.data
10.0 330.0 17 -1 0cd9414a_20240815_151613.data
30.0 330.0 17 27.37654625550661 0cd9414a_20240815_151637.data
50.0 330.0 17 27.37654625550661 0cd9414a_20240815_151701.data
70.0 330.0 17 27.37654625550661 0cd9414a_20240815_151725.data
90.0 330.0 17 27.37753303964758 0cd9414a_20240815_151749.data
110.0 330.0 17 27.37654625550661 0cd9414a_20240815_151813.data
130.0 330.0 17 27.487775330396477 0cd9414a_20240815_151837.data
150.0 330.0 17 27.487775330396477 0cd9414a_20240815_151901.data
170.0 330.0 17 27.487775330396477 0cd9414a_20240815_151925.data
190.0 330.0 17 27.487775330396477 0cd9414a_20240815_151949.data
210.0 330.0 17 27.37654625550661 0cd9414a_20240815_152013.data
230.0 330.0 17 27.37654625550661 0cd9414a_20240815_152037.data
250.0 330.0 17 27.487775330396477 0cd9414a_20240815_152101.data
270.0 330.0 17 27.37654625550661 0cd9414a_20240815_152125.data
290.0 330.0 17 27.487775330396477 0cd9414a_20240815_152149.data
10.0 350.0 17 27.487775330396477 0cd9414a_20240815_153252.data
30.0 350.0 17 27.37654625550661 0cd9414a_20240815_153316.data
50.0 350.0 17 27.487775330396477 0cd9414a_20240815_153340.data
70.0 350.0 17 27.37654625550661 0cd9414a_20240815_153404.data
90.0 350.0 17 27.37654625550661 0cd9414a_20240815_153428.data
110.0 350.0 17 27.487775330396477 0cd9414a_20240815_153452.data
130.0 350.0 17 27.37654625550661 0cd9414a_20240815_153516.data
150.0 350.0 17 27.37654625550661 0cd9414a_20240815_153540.data
170.0 350.0 17 27.37654625550661 0cd9414a_20240815_153604.data
190.0 350.0 17 27.487775330396477 0cd9414a_20240815_153628.data
210.0 350.0 17 27.37654625550661 0cd9414a_20240815_153652.data
230.0 350.0 17 27.37654625550661 0cd9414a_20240815_153716.data
250.0 350.0 17 27.37654625550661 0cd9414a_20240815_153740.data
270.0 350.0 17 27.37654625550661 0cd9414a_20240815_153804.data
290.0 350.0 17 27.37654625550661 0cd9414a_20240815_153828.data
290.0 370.0 17 27.487775330396477 0cd9414a_20240815_153852.data
270.0 370.0 17 27.487775330396477 0cd9414a_20240815_153916.data
250.0 370.0 17 27.37654625550661 0cd9414a_20240815_153940.data
230.0 370.0 17 27.487775330396477 0cd9414a_20240815_154004.data
210.0 370.0 17 27.487775330396477 0cd9414a_20240815_154028.data
190.0 370.0 17 27.37654625550661 0cd9414a_20240815_154052.data
170.0 370.0 17 27.487775330396477 0cd9414a_20240815_154116.data
150.0 370.0 17 27.37654625550661 0cd9414a_20240815_154140.data
130.0 370.0 17 27.487775330396477 0cd9414a_20240815_154204.data
110.0 370.0 17 27.487775330396477 0cd9414a_20240815_154228.data
90.0 370.0 17 27.37654625550661 0cd9414a_20240815_154252.data
70.0 370.0 17 27.487775330396477 0cd9414a_20240815_154316.data
50.0 370.0 17 27.487775330396477 0cd9414a_20240815_154340.data
30.0 370.0 17 27.487775330396477 0cd9414a_20240815_154404.data
10.0 370.0 17 27.487775330396477 0cd9414a_20240815_154428.data
10.0 390.0 17 27.487775330396477 0cd9414a_20240815_154452.data
30.0 390.0 17 27.37654625550661 0cd9414a_20240815_154516.data
50.0 390.0 17 27.487775330396477 0cd9414a_20240815_154540.data
70.0 390.0 17 27.37654625550661 0cd9414a_20240815_154604.data
90.0 390.0 17 27.487775330396477 0cd9414a_20240815_154628.data
110.0 390.0 17 27.37654625550661 0cd9414a_20240815_154652.data
130.0 390.0 17 27.487775330396477 0cd9414a_20240815_154716.data
150.0 390.0 17 27.37654625550661 0cd9414a_20240815_154740.data
170.0 390.0 17 27.37654625550661 0cd9414a_20240815_154804.data
190.0 390.0 17 27.487775330396477 0cd9414a_20240815_154828.data
210.0 390.0 17 27.487775330396477 0cd9414a_20240815_154852.data
230.0 390.0 17 27.37654625550661 0cd9414a_20240815_154916.data
250.0 390.0 17 27.37654625550661 0cd9414a_20240815_154940.data
270.0 390.0 17 27.487775330396477 0cd9414a_20240815_155004.data
290.0 390.0 17 27.487775330396477 0cd9414a_20240815_155029.data
290.0 410.0 17 27.37654625550661 0cd9414a_20240815_155053.data
270.0 410.0 17 27.487775330396477 0cd9414a_20240815_155117.data
250.0 410.0 17 27.487775330396477 0cd9414a_20240815_155141.data
230.0 410.0 17 27.487775330396477 0cd9414a_20240815_155205.data
210.0 410.0 17 27.487775330396477 0cd9414a_20240815_155229.data
190.0 410.0 17 27.37654625550661 0cd9414a_20240815_155253.data
170.0 410.0 17 27.37654625550661 0cd9414a_20240815_155317.data
150.0 410.0 17 27.37654625550661 0cd9414a_20240815_155341.data
130.0 410.0 17 27.487775330396477 0cd9414a_20240815_155405.data
110.0 410.0 17 27.37654625550661 0cd9414a_20240815_155429.data
90.0 410.0 17 27.37654625550661 0cd9414a_20240815_155453.data
70.0 410.0 17 27.487775330396477 0cd9414a_20240815_155517.data
50.0 410.0 17 27.37654625550661 0cd9414a_20240815_155541.data
30.0 410.0 17 27.487775330396477 0cd9414a_20240815_155605.data
10.0 410.0 17 27.487775330396477 0cd9414a_20240815_155629.data
10.0 430.0 17 27.487775330396477 0cd9414a_20240815_155653.data
30.0 430.0 17 27.37654625550661 0cd9414a_20240815_155717.data
50.0 430.0 17 27.37654625550661 0cd9414a_20240815_155741.data
70.0 430.0 17 27.487775330396477 0cd9414a_20240815_155805.data
90.0 430.0 17 27.487775330396477 0cd9414a_20240815_155829.data
110.0 430.0 17 27.37654625550661 0cd9414a_20240815_155853.data
130.0 430.0 17 27.37654625550661 0cd9414a_20240815_155917.data
150.0 430.0 17 27.37654625550661 0cd9414a_20240815_155941.data
170.0 430.0 17 27.37654625550661 0cd9414a_20240815_160005.data
190.0 430.0 17 27.487775330396477 0cd9414a_20240815_160029.data
210.0 430.0 17 27.487775330396477 0cd9414a_20240815_160053.data
230.0 430.0 17 27.37654625550661 0cd9414a_20240815_160117.data
250.0 430.0 17 27.37654625550661 0cd9414a_20240815_160141.data
270.0 430.0 17 27.487775330396477 0cd9414a_20240815_160205.data
290.0 430.0 17 27.487775330396477 0cd9414a_20240815_160229.data
290.0 450.0 17 27.37654625550661 0cd9414a_20240815_160253.data
270.0 450.0 17 27.37654625550661 0cd9414a_20240815_160317.data
250.0 450.0 17 27.487775330396477 0cd9414a_20240815_160341.data
230.0 450.0 17 27.487775330396477 0cd9414a_20240815_160405.data
210.0 450.0 17 27.487775330396477 0cd9414a_20240815_160429.data
190.0 450.0 17 27.37654625550661 0cd9414a_20240815_160453.data
170.0 450.0 17 27.37654625550661 0cd9414a_20240815_160517.data
150.0 450.0 17 27.487775330396477 0cd9414a_20240815_160541.data
130.0 450.0 17 27.487775330396477 0cd9414a_20240815_160605.data
110.0 450.0 17 27.487775330396477 0cd9414a_20240815_160629.data
90.0 450.0 17 27.37654625550661 0cd9414a_20240815_160653.data
70.0 450.0 17 27.37654625550661 0cd9414a_20240815_160717.data
50.0 450.0 17 27.598634361233486 0cd9414a_20240815_160741.data
30.0 450.0 17 27.598634361233486 0cd9414a_20240815_160805.data
10.0 450.0 17 27.37654625550661 0cd9414a_20240815_160829.data
10.0 470.0 17 27.487775330396477 0cd9414a_20240815_160853.data
30.0 470.0 17 27.487775330396477 0cd9414a_20240815_160917.data
50.0 470.0 17 27.487775330396477 0cd9414a_20240815_160941.data
70.0 470.0 17 27.37654625550661 0cd9414a_20240815_161005.data
90.0 470.0 17 27.487775330396477 0cd9414a_20240815_161029.data
110.0 470.0 17 27.487775330396477 0cd9414a_20240815_161053.data
130.0 470.0 17 27.487775330396477 0cd9414a_20240815_161117.data
150.0 470.0 17 27.487775330396477 0cd9414a_20240815_161141.data
170.0 470.0 17 27.37654625550661 0cd9414a_20240815_161205.data
190.0 470.0 17 27.37654625550661 0cd9414a_20240815_161229.data
210.0 470.0 17 27.487775330396477 0cd9414a_20240815_161253.data
230.0 470.0 17 27.487775330396477 0cd9414a_20240815_161317.data
250.0 470.0 17 27.487775330396477 0cd9414a_20240815_161341.data
270.0 470.0 17 27.37654625550661 0cd9414a_20240815_161405.data
290.0 470.0 17 27.37654625550661 0cd9414a_20240815_161429.data
