-1 -1 -1 24.948500000000003 0cd9414a_20240826_090436.data
2.5 2.5 17 24.845210526315793 0cd9414a_20240826_090515.data
7.5 2.5 17 24.845210526315793 0cd9414a_20240826_090539.data
12.5 2.5 17 24.948500000000003 0cd9414a_20240826_090603.data
17.5 2.5 17 24.845210526315793 0cd9414a_20240826_090627.data
22.5 2.5 17 24.845210526315793 0cd9414a_20240826_090651.data
27.5 2.5 17 24.845210526315793 0cd9414a_20240826_090715.data
32.5 2.5 17 24.845210526315793 0cd9414a_20240826_090739.data
37.5 2.5 17 24.845210526315793 0cd9414a_20240826_090803.data
42.5 2.5 17 24.845210526315793 0cd9414a_20240826_090827.data
47.5 2.5 17 24.845210526315793 0cd9414a_20240826_090851.data
52.5 2.5 17 24.845210526315793 0cd9414a_20240826_090915.data
57.5 2.5 17 24.845210526315793 0cd9414a_20240826_090939.data
62.5 2.5 17 24.845210526315793 0cd9414a_20240826_091003.data
67.5 2.5 17 24.845210526315793 0cd9414a_20240826_091027.data
72.5 2.5 17 24.845210526315793 0cd9414a_20240826_091051.data
77.5 2.5 17 24.845210526315793 0cd9414a_20240826_091115.data
82.5 2.5 17 24.845210526315793 0cd9414a_20240826_091139.data
87.5 2.5 17 24.845210526315793 0cd9414a_20240826_091203.data
92.5 2.5 17 24.845210526315793 0cd9414a_20240826_091227.data
97.5 2.5 17 24.845210526315793 0cd9414a_20240826_091251.data
102.5 2.5 17 24.845210526315793 0cd9414a_20240826_091315.data
107.5 2.5 17 24.845210526315793 0cd9414a_20240826_091339.data
112.5 2.5 17 24.741500000000002 0cd9414a_20240826_091403.data
117.5 2.5 17 24.845210526315793 0cd9414a_20240826_091427.data
122.5 2.5 17 24.845210526315793 0cd9414a_20240826_091452.data
127.5 2.5 17 24.741500000000002 0cd9414a_20240826_091516.data
132.5 2.5 17 24.845210526315793 0cd9414a_20240826_091540.data
137.5 2.5 17 24.741500000000002 0cd9414a_20240826_091604.data
142.5 2.5 17 24.741500000000002 0cd9414a_20240826_091628.data
147.5 2.5 17 24.741500000000002 0cd9414a_20240826_091652.data
152.5 2.5 17 24.741500000000002 0cd9414a_20240826_091716.data
157.5 2.5 17 24.741500000000002 0cd9414a_20240826_091740.data
162.5 2.5 17 24.741500000000002 0cd9414a_20240826_091804.data
167.5 2.5 17 24.741500000000002 0cd9414a_20240826_091828.data
172.5 2.5 17 24.741500000000002 0cd9414a_20240826_091852.data
177.5 2.5 17 24.741500000000002 0cd9414a_20240826_091916.data
182.5 2.5 17 24.637394736842104 0cd9414a_20240826_091940.data
187.5 2.5 17 24.637394736842104 0cd9414a_20240826_092004.data
192.5 2.5 17 24.741500000000002 0cd9414a_20240826_092028.data
197.5 2.5 17 24.741500000000002 0cd9414a_20240826_092052.data
202.5 2.5 17 24.741500000000002 0cd9414a_20240826_092116.data
207.5 2.5 17 24.741500000000002 0cd9414a_20240826_092140.data
212.5 2.5 17 24.637394736842104 0cd9414a_20240826_092204.data
217.5 2.5 17 24.741500000000002 0cd9414a_20240826_092228.data
222.5 2.5 17 24.741500000000002 0cd9414a_20240826_092252.data
227.5 2.5 17 24.637394736842104 0cd9414a_20240826_092316.data
232.5 2.5 17 24.637394736842104 0cd9414a_20240826_092340.data
237.5 2.5 17 24.637394736842104 0cd9414a_20240826_092404.data
242.5 2.5 17 24.637394736842104 0cd9414a_20240826_092428.data
247.5 2.5 17 24.845210526315793 0cd9414a_20240826_092452.data
252.5 2.5 17 24.637394736842104 0cd9414a_20240826_092516.data
257.5 2.5 17 24.637394736842104 0cd9414a_20240826_092540.data
262.5 2.5 17 24.637394736842104 0cd9414a_20240826_092604.data
267.5 2.5 17 24.637394736842104 0cd9414a_20240826_092628.data
272.5 2.5 17 24.637394736842104 0cd9414a_20240826_092652.data
277.5 2.5 17 24.637394736842104 0cd9414a_20240826_092716.data
282.5 2.5 17 24.637394736842104 0cd9414a_20240826_092740.data
287.5 2.5 17 24.637394736842104 0cd9414a_20240826_092804.data
292.5 2.5 17 24.637394736842104 0cd9414a_20240826_092828.data
297.5 2.5 17 24.637394736842104 0cd9414a_20240826_092852.data
297.5 7.5 17 24.741500000000002 0cd9414a_20240826_092916.data
292.5 7.5 17 24.637394736842104 0cd9414a_20240826_092940.data
287.5 7.5 17 24.637394736842104 0cd9414a_20240826_093004.data
282.5 7.5 17 24.637394736842104 0cd9414a_20240826_093028.data
277.5 7.5 17 24.637394736842104 0cd9414a_20240826_093052.data
272.5 7.5 17 24.637394736842104 0cd9414a_20240826_093116.data
267.5 7.5 17 24.637394736842104 0cd9414a_20240826_093140.data
262.5 7.5 17 24.637394736842104 0cd9414a_20240826_093204.data
257.5 7.5 17 24.637394736842104 0cd9414a_20240826_093228.data
252.5 7.5 17 24.637394736842104 0cd9414a_20240826_093252.data
247.5 7.5 17 24.637394736842104 0cd9414a_20240826_093316.data
242.5 7.5 17 24.637394736842104 0cd9414a_20240826_093340.data
237.5 7.5 17 24.532868421052633 0cd9414a_20240826_093404.data
232.5 7.5 17 24.532868421052633 0cd9414a_20240826_093428.data
227.5 7.5 17 24.637394736842104 0cd9414a_20240826_093452.data
222.5 7.5 17 24.637394736842104 0cd9414a_20240826_093516.data
217.5 7.5 17 24.637394736842104 0cd9414a_20240826_093540.data
212.5 7.5 17 24.637394736842104 0cd9414a_20240826_093604.data
207.5 7.5 17 24.637394736842104 0cd9414a_20240826_093628.data
202.5 7.5 17 24.637394736842104 0cd9414a_20240826_093652.data
197.5 7.5 17 24.637394736842104 0cd9414a_20240826_093716.data
192.5 7.5 17 24.741500000000002 0cd9414a_20240826_093740.data
187.5 7.5 17 24.637394736842104 0cd9414a_20240826_093804.data
182.5 7.5 17 24.637394736842104 0cd9414a_20240826_093828.data
177.5 7.5 17 24.637394736842104 0cd9414a_20240826_093852.data
172.5 7.5 17 24.637394736842104 0cd9414a_20240826_093916.data
167.5 7.5 17 24.637394736842104 0cd9414a_20240826_093940.data
162.5 7.5 17 24.637394736842104 0cd9414a_20240826_094004.data
157.5 7.5 17 24.637394736842104 0cd9414a_20240826_094028.data
152.5 7.5 17 24.637394736842104 0cd9414a_20240826_094052.data
147.5 7.5 17 24.637394736842104 0cd9414a_20240826_094116.data
142.5 7.5 17 24.637394736842104 0cd9414a_20240826_094140.data
137.5 7.5 17 24.637394736842104 0cd9414a_20240826_094204.data
132.5 7.5 17 24.637394736842104 0cd9414a_20240826_094228.data
127.5 7.5 17 24.637394736842104 0cd9414a_20240826_094252.data
122.5 7.5 17 24.637394736842104 0cd9414a_20240826_094316.data
117.5 7.5 17 24.637394736842104 0cd9414a_20240826_094340.data
112.5 7.5 17 24.637394736842104 0cd9414a_20240826_094404.data
107.5 7.5 17 24.637394736842104 0cd9414a_20240826_094428.data
102.5 7.5 17 24.637394736842104 0cd9414a_20240826_094452.data
97.5 7.5 17 24.637394736842104 0cd9414a_20240826_094516.data
92.5 7.5 17 24.637394736842104 0cd9414a_20240826_094540.data
87.5 7.5 17 24.532868421052633 0cd9414a_20240826_094605.data
82.5 7.5 17 24.637394736842104 0cd9414a_20240826_094629.data
77.5 7.5 17 24.532868421052633 0cd9414a_20240826_094653.data
72.5 7.5 17 24.637394736842104 0cd9414a_20240826_094717.data
67.5 7.5 17 24.637394736842104 0cd9414a_20240826_094741.data
62.5 7.5 17 24.637394736842104 0cd9414a_20240826_094805.data
57.5 7.5 17 24.532868421052633 0cd9414a_20240826_094829.data
52.5 7.5 17 24.637394736842104 0cd9414a_20240826_094853.data
47.5 7.5 17 24.637394736842104 0cd9414a_20240826_094917.data
42.5 7.5 17 24.741500000000002 0cd9414a_20240826_094941.data
37.5 7.5 17 24.532868421052633 0cd9414a_20240826_095005.data
32.5 7.5 17 24.532868421052633 0cd9414a_20240826_095029.data
27.5 7.5 17 24.532868421052633 0cd9414a_20240826_095053.data
22.5 7.5 17 24.532868421052633 0cd9414a_20240826_095117.data
17.5 7.5 17 24.532868421052633 0cd9414a_20240826_095141.data
12.5 7.5 17 24.532868421052633 0cd9414a_20240826_095205.data
7.5 7.5 17 24.532868421052633 0cd9414a_20240826_095229.data
2.5 7.5 17 24.637394736842104 0cd9414a_20240826_095253.data
2.5 12.5 17 24.532868421052633 0cd9414a_20240826_095317.data
7.5 12.5 17 24.532868421052633 0cd9414a_20240826_095341.data
12.5 12.5 17 24.637394736842104 0cd9414a_20240826_095405.data
17.5 12.5 17 24.637394736842104 0cd9414a_20240826_095429.data
22.5 12.5 17 24.532868421052633 0cd9414a_20240826_095453.data
27.5 12.5 17 24.532868421052633 0cd9414a_20240826_095517.data
32.5 12.5 17 24.637394736842104 0cd9414a_20240826_095541.data
37.5 12.5 17 24.532868421052633 0cd9414a_20240826_095605.data
42.5 12.5 17 24.637394736842104 0cd9414a_20240826_095629.data
47.5 12.5 17 24.637394736842104 0cd9414a_20240826_095653.data
52.5 12.5 17 24.637394736842104 0cd9414a_20240826_095717.data
57.5 12.5 17 24.637394736842104 0cd9414a_20240826_095741.data
62.5 12.5 17 24.637394736842104 0cd9414a_20240826_095805.data
67.5 12.5 17 24.637394736842104 0cd9414a_20240826_095829.data
72.5 12.5 17 24.637394736842104 0cd9414a_20240826_095853.data
77.5 12.5 17 24.532868421052633 0cd9414a_20240826_095917.data
82.5 12.5 17 24.637394736842104 0cd9414a_20240826_095941.data
87.5 12.5 17 24.532868421052633 0cd9414a_20240826_100005.data
92.5 12.5 17 24.532868421052633 0cd9414a_20240826_100029.data
97.5 12.5 17 24.532868421052633 0cd9414a_20240826_100053.data
102.5 12.5 17 24.637394736842104 0cd9414a_20240826_100117.data
107.5 12.5 17 24.532868421052633 0cd9414a_20240826_100141.data
112.5 12.5 17 24.637394736842104 0cd9414a_20240826_100205.data
117.5 12.5 17 24.637394736842104 0cd9414a_20240826_100229.data
122.5 12.5 17 24.532868421052633 0cd9414a_20240826_100253.data
127.5 12.5 17 24.637394736842104 0cd9414a_20240826_100317.data
132.5 12.5 17 24.637394736842104 0cd9414a_20240826_100341.data
137.5 12.5 17 24.637394736842104 0cd9414a_20240826_100405.data
142.5 12.5 17 24.532868421052633 0cd9414a_20240826_100429.data
147.5 12.5 17 24.637394736842104 0cd9414a_20240826_100453.data
152.5 12.5 17 24.637394736842104 0cd9414a_20240826_100517.data
157.5 12.5 17 24.637394736842104 0cd9414a_20240826_100541.data
162.5 12.5 17 24.637394736842104 0cd9414a_20240826_100605.data
167.5 12.5 17 24.637394736842104 0cd9414a_20240826_100629.data
172.5 12.5 17 24.637394736842104 0cd9414a_20240826_100653.data
177.5 12.5 17 24.637394736842104 0cd9414a_20240826_100717.data
182.5 12.5 17 24.532868421052633 0cd9414a_20240826_100741.data
187.5 12.5 17 24.532868421052633 0cd9414a_20240826_100805.data
192.5 12.5 17 24.637394736842104 0cd9414a_20240826_100829.data
197.5 12.5 17 24.637394736842104 0cd9414a_20240826_100853.data
202.5 12.5 17 24.532868421052633 0cd9414a_20240826_100917.data
207.5 12.5 17 24.637394736842104 0cd9414a_20240826_100941.data
212.5 12.5 17 24.637394736842104 0cd9414a_20240826_101005.data
217.5 12.5 17 24.637394736842104 0cd9414a_20240826_101029.data
222.5 12.5 17 24.532868421052633 0cd9414a_20240826_101053.data
227.5 12.5 17 24.637394736842104 0cd9414a_20240826_101117.data
232.5 12.5 17 24.532868421052633 0cd9414a_20240826_101141.data
237.5 12.5 17 24.741500000000002 0cd9414a_20240826_101205.data
242.5 12.5 17 24.532868421052633 0cd9414a_20240826_101229.data
247.5 12.5 17 24.532868421052633 0cd9414a_20240826_101253.data
252.5 12.5 17 24.741500000000002 0cd9414a_20240826_101317.data
257.5 12.5 17 24.532868421052633 0cd9414a_20240826_101341.data
262.5 12.5 17 24.532868421052633 0cd9414a_20240826_101405.data
267.5 12.5 17 24.741500000000002 0cd9414a_20240826_101429.data
272.5 12.5 17 24.532868421052633 0cd9414a_20240826_101453.data
277.5 12.5 17 24.532868421052633 0cd9414a_20240826_101517.data
282.5 12.5 17 24.532868421052633 0cd9414a_20240826_101541.data
287.5 12.5 17 24.532868421052633 0cd9414a_20240826_101605.data
292.5 12.5 17 24.532868421052633 0cd9414a_20240826_101629.data
297.5 12.5 17 24.532868421052633 0cd9414a_20240826_101653.data
297.5 17.5 17 24.427921052631582 0cd9414a_20240826_101717.data
292.5 17.5 17 24.532868421052633 0cd9414a_20240826_101741.data
287.5 17.5 17 24.637394736842104 0cd9414a_20240826_101805.data
282.5 17.5 17 24.637394736842104 0cd9414a_20240826_101829.data
277.5 17.5 17 24.637394736842104 0cd9414a_20240826_101854.data
272.5 17.5 17 24.637394736842104 0cd9414a_20240826_101918.data
267.5 17.5 17 24.532868421052633 0cd9414a_20240826_101942.data
262.5 17.5 17 24.637394736842104 0cd9414a_20240826_102006.data
257.5 17.5 17 24.637394736842104 0cd9414a_20240826_102030.data
252.5 17.5 17 24.637394736842104 0cd9414a_20240826_102054.data
247.5 17.5 17 24.637394736842104 0cd9414a_20240826_102118.data
242.5 17.5 17 24.637394736842104 0cd9414a_20240826_102142.data
237.5 17.5 17 24.637394736842104 0cd9414a_20240826_102206.data
232.5 17.5 17 24.637394736842104 0cd9414a_20240826_102230.data
227.5 17.5 17 24.637394736842104 0cd9414a_20240826_102254.data
222.5 17.5 17 24.532868421052633 0cd9414a_20240826_102318.data
217.5 17.5 17 24.532868421052633 0cd9414a_20240826_102342.data
212.5 17.5 17 24.637394736842104 0cd9414a_20240826_102406.data
207.5 17.5 17 24.637394736842104 0cd9414a_20240826_102430.data
202.5 17.5 17 24.637394736842104 0cd9414a_20240826_102454.data
197.5 17.5 17 24.532868421052633 0cd9414a_20240826_102518.data
192.5 17.5 17 24.532868421052633 0cd9414a_20240826_102542.data
187.5 17.5 17 24.532868421052633 0cd9414a_20240826_102606.data
182.5 17.5 17 -1 0cd9414a_20240826_102630.data
177.5 17.5 17 24.532868421052633 0cd9414a_20240826_102654.data
172.5 17.5 17 24.532868421052633 0cd9414a_20240826_102718.data
167.5 17.5 17 -1 0cd9414a_20240826_102742.data
162.5 17.5 17 24.532868421052633 0cd9414a_20240826_102806.data
157.5 17.5 17 24.637394736842104 0cd9414a_20240826_102830.data
152.5 17.5 17 -1 0cd9414a_20240826_102854.data
147.5 17.5 17 24.427921052631582 0cd9414a_20240826_102918.data
142.5 17.5 17 24.637394736842104 0cd9414a_20240826_102942.data
137.5 17.5 17 -1 0cd9414a_20240826_103006.data
132.5 17.5 17 24.532868421052633 0cd9414a_20240826_103030.data
127.5 17.5 17 24.532868421052633 0cd9414a_20240826_103054.data
122.5 17.5 17 -1 0cd9414a_20240826_103118.data
117.5 17.5 17 25.180334801762115 0cd9414a_20240826_103142.data
112.5 17.5 17 25.06022466960353 0cd9414a_20240826_103206.data
107.5 17.5 17 24.948500000000003 0cd9414a_20240826_103230.data
102.5 17.5 17 25.180334801762115 0cd9414a_20240826_103254.data
97.5 17.5 17 25.180334801762115 0cd9414a_20240826_103318.data
92.5 17.5 17 24.948500000000003 0cd9414a_20240826_103342.data
87.5 17.5 17 25.180334801762115 0cd9414a_20240826_103406.data
82.5 17.5 17 25.06022466960353 0cd9414a_20240826_103430.data
77.5 17.5 17 24.948500000000003 0cd9414a_20240826_103454.data
72.5 17.5 17 25.06022466960353 0cd9414a_20240826_103518.data
67.5 17.5 17 25.180334801762115 0cd9414a_20240826_103542.data
62.5 17.5 17 24.948500000000003 0cd9414a_20240826_103606.data
57.5 17.5 17 25.180334801762115 0cd9414a_20240826_103630.data
52.5 17.5 17 25.180334801762115 0cd9414a_20240826_103654.data
47.5 17.5 17 24.948500000000003 0cd9414a_20240826_103718.data
42.5 17.5 17 24.948500000000003 0cd9414a_20240826_103742.data
37.5 17.5 17 25.180334801762115 0cd9414a_20240826_103806.data
32.5 17.5 17 24.845210526315793 0cd9414a_20240826_103830.data
27.5 17.5 17 24.845210526315793 0cd9414a_20240826_103854.data
22.5 17.5 17 25.180334801762115 0cd9414a_20240826_103918.data
17.5 17.5 17 24.948500000000003 0cd9414a_20240826_103942.data
12.5 17.5 17 25.180334801762115 0cd9414a_20240826_104006.data
7.5 17.5 17 24.845210526315793 0cd9414a_20240826_104030.data
2.5 17.5 17 24.948500000000003 0cd9414a_20240826_104054.data
2.5 22.5 17 25.180334801762115 0cd9414a_20240826_104118.data
7.5 22.5 17 25.06022466960353 0cd9414a_20240826_104142.data
12.5 22.5 17 24.948500000000003 0cd9414a_20240826_104206.data
17.5 22.5 17 25.180334801762115 0cd9414a_20240826_104230.data
22.5 22.5 17 24.845210526315793 0cd9414a_20240826_104254.data
27.5 22.5 17 25.06022466960353 0cd9414a_20240826_104318.data
32.5 22.5 17 25.180334801762115 0cd9414a_20240826_104342.data
