-1 -1 -1 23.8 0cd9414a_20240923_170415.data
10.0 10.0 17 24.1106052631579 0cd9414a_20240923_170455.data
30.0 10.0 17 24.1106052631579 0cd9414a_20240923_170519.data
50.0 10.0 17 24.1106052631579 0cd9414a_20240923_170543.data
70.0 10.0 17 24.1106052631579 0cd9414a_20240923_170607.data
90.0 10.0 17 24.1106052631579 0cd9414a_20240923_170631.data
110.0 10.0 17 24.1106052631579 0cd9414a_20240923_170655.data
130.0 10.0 17 23.902100000000004 0cd9414a_20240923_170719.data
150.0 10.0 17 24.1106052631579 0cd9414a_20240923_170743.data
170.0 10.0 17 24.1106052631579 0cd9414a_20240923_170807.data
190.0 10.0 17 24.003973684210532 0cd9414a_20240923_170831.data
210.0 10.0 17 24.1106052631579 0cd9414a_20240923_170855.data
230.0 10.0 17 24.1106052631579 0cd9414a_20240923_170919.data
250.0 10.0 17 24.1106052631579 0cd9414a_20240923_170943.data
270.0 10.0 17 24.216789473684212 0cd9414a_20240923_171007.data
290.0 10.0 17 24.003973684210532 0cd9414a_20240923_171031.data
290.0 30.0 17 24.1106052631579 0cd9414a_20240923_171055.data
270.0 30.0 17 24.1106052631579 0cd9414a_20240923_171119.data
250.0 30.0 17 24.1106052631579 0cd9414a_20240923_171143.data
230.0 30.0 17 24.003973684210532 0cd9414a_20240923_171207.data
210.0 30.0 17 24.1106052631579 0cd9414a_20240923_171231.data
190.0 30.0 17 24.1106052631579 0cd9414a_20240923_171255.data
170.0 30.0 17 23.902100000000004 0cd9414a_20240923_171319.data
150.0 30.0 17 24.216789473684212 0cd9414a_20240923_171343.data
130.0 30.0 17 24.1106052631579 0cd9414a_20240923_171407.data
110.0 30.0 17 24.1106052631579 0cd9414a_20240923_171431.data
90.0 30.0 17 24.216789473684212 0cd9414a_20240923_171455.data
70.0 30.0 17 24.216789473684212 0cd9414a_20240923_171519.data
50.0 30.0 17 23.902100000000004 0cd9414a_20240923_171543.data
30.0 30.0 17 24.1106052631579 0cd9414a_20240923_171607.data
10.0 30.0 17 24.1106052631579 0cd9414a_20240923_171631.data
10.0 50.0 17 24.1106052631579 0cd9414a_20240923_171655.data
30.0 50.0 17 23.902100000000004 0cd9414a_20240923_171719.data
50.0 50.0 17 24.1106052631579 0cd9414a_20240923_171743.data
70.0 50.0 17 24.1106052631579 0cd9414a_20240923_171807.data
90.0 50.0 17 24.216789473684212 0cd9414a_20240923_171831.data
110.0 50.0 17 23.8 0cd9414a_20240923_171855.data
130.0 50.0 17 24.1106052631579 0cd9414a_20240923_171919.data
150.0 50.0 17 23.8 0cd9414a_20240923_171943.data
170.0 50.0 17 23.902100000000004 0cd9414a_20240923_172007.data
190.0 50.0 17 24.003973684210532 0cd9414a_20240923_172031.data
210.0 50.0 17 24.1106052631579 0cd9414a_20240923_172055.data
230.0 50.0 17 24.1106052631579 0cd9414a_20240923_172119.data
250.0 50.0 17 24.1106052631579 0cd9414a_20240923_172143.data
270.0 50.0 17 24.1106052631579 0cd9414a_20240923_172207.data
290.0 50.0 17 24.1106052631579 0cd9414a_20240923_172231.data
290.0 70.0 17 24.1106052631579 0cd9414a_20240923_172255.data
270.0 70.0 17 24.1106052631579 0cd9414a_20240923_172319.data
250.0 70.0 17 24.003973684210532 0cd9414a_20240923_172343.data
230.0 70.0 17 23.902100000000004 0cd9414a_20240923_172407.data
210.0 70.0 17 24.1106052631579 0cd9414a_20240923_172431.data
190.0 70.0 17 23.902100000000004 0cd9414a_20240923_172455.data
170.0 70.0 17 23.902100000000004 0cd9414a_20240923_172519.data
150.0 70.0 17 23.8 0cd9414a_20240923_172543.data
130.0 70.0 17 24.1106052631579 0cd9414a_20240923_172608.data
110.0 70.0 17 24.1106052631579 0cd9414a_20240923_172632.data
90.0 70.0 17 24.1106052631579 0cd9414a_20240923_172656.data
70.0 70.0 17 24.1106052631579 0cd9414a_20240923_172720.data
50.0 70.0 17 24.1106052631579 0cd9414a_20240923_172744.data
30.0 70.0 17 24.1106052631579 0cd9414a_20240923_172808.data
10.0 70.0 17 24.1106052631579 0cd9414a_20240923_172832.data
10.0 90.0 17 24.003973684210532 0cd9414a_20240923_172856.data
30.0 90.0 17 23.8 0cd9414a_20240923_172920.data
50.0 90.0 17 24.1106052631579 0cd9414a_20240923_172944.data
70.0 90.0 17 23.8 0cd9414a_20240923_173008.data
90.0 90.0 17 24.1106052631579 0cd9414a_20240923_173032.data
110.0 90.0 17 24.1106052631579 0cd9414a_20240923_173056.data
130.0 90.0 17 24.1106052631579 0cd9414a_20240923_173120.data
150.0 90.0 17 24.003973684210532 0cd9414a_20240923_173144.data
170.0 90.0 17 24.1106052631579 0cd9414a_20240923_173208.data
190.0 90.0 17 23.8 0cd9414a_20240923_173232.data
210.0 90.0 17 24.003973684210532 0cd9414a_20240923_173256.data
230.0 90.0 17 24.003973684210532 0cd9414a_20240923_173320.data
250.0 90.0 17 23.902100000000004 0cd9414a_20240923_173344.data
270.0 90.0 17 23.8 0cd9414a_20240923_173408.data
290.0 90.0 17 23.8 0cd9414a_20240923_173432.data
290.0 110.0 17 23.8 0cd9414a_20240923_173456.data
270.0 110.0 17 23.8 0cd9414a_20240923_173520.data
250.0 110.0 17 23.8 0cd9414a_20240923_173544.data
230.0 110.0 17 23.6975 0cd9414a_20240923_173608.data
210.0 110.0 17 23.8 0cd9414a_20240923_173632.data
190.0 110.0 17 23.8 0cd9414a_20240923_173656.data
170.0 110.0 17 23.8 0cd9414a_20240923_173720.data
150.0 110.0 17 23.902100000000004 0cd9414a_20240923_173744.data
130.0 110.0 17 23.8 0cd9414a_20240923_173808.data
110.0 110.0 17 23.8 0cd9414a_20240923_173832.data
90.0 110.0 17 23.8 0cd9414a_20240923_173856.data
70.0 110.0 17 23.8 0cd9414a_20240923_173920.data
50.0 110.0 17 23.8 0cd9414a_20240923_173944.data
30.0 110.0 17 23.8 0cd9414a_20240923_174008.data
10.0 110.0 17 24.1106052631579 0cd9414a_20240923_174032.data
10.0 130.0 17 23.902100000000004 0cd9414a_20240923_174056.data
30.0 130.0 17 23.8 0cd9414a_20240923_174120.data
50.0 130.0 17 23.902100000000004 0cd9414a_20240923_174144.data
70.0 130.0 17 23.902100000000004 0cd9414a_20240923_174208.data
90.0 130.0 17 23.8 0cd9414a_20240923_174232.data
110.0 130.0 17 23.902100000000004 0cd9414a_20240923_174256.data
130.0 130.0 17 23.8 0cd9414a_20240923_174320.data
150.0 130.0 17 23.902100000000004 0cd9414a_20240923_174344.data
170.0 130.0 17 23.902100000000004 0cd9414a_20240923_174408.data
190.0 130.0 17 23.902100000000004 0cd9414a_20240923_174432.data
210.0 130.0 17 23.8 0cd9414a_20240923_174456.data
230.0 130.0 17 23.8 0cd9414a_20240923_174520.data
250.0 130.0 17 23.6975 0cd9414a_20240923_174544.data
270.0 130.0 17 23.902100000000004 0cd9414a_20240923_174608.data
290.0 130.0 17 23.902100000000004 0cd9414a_20240923_174632.data
290.0 150.0 17 23.902100000000004 0cd9414a_20240923_174656.data
270.0 150.0 17 23.6975 0cd9414a_20240923_174720.data
250.0 150.0 17 23.8 0cd9414a_20240923_174744.data
230.0 150.0 17 23.8 0cd9414a_20240923_174808.data
210.0 150.0 17 23.902100000000004 0cd9414a_20240923_174832.data
190.0 150.0 17 23.8 0cd9414a_20240923_174856.data
170.0 150.0 17 23.8 0cd9414a_20240923_174920.data
150.0 150.0 17 23.8 0cd9414a_20240923_174944.data
130.0 150.0 17 23.8 0cd9414a_20240923_175008.data
110.0 150.0 17 23.8 0cd9414a_20240923_175032.data
90.0 150.0 17 23.902100000000004 0cd9414a_20240923_175056.data
70.0 150.0 17 23.8 0cd9414a_20240923_175120.data
50.0 150.0 17 23.8 0cd9414a_20240923_175144.data
30.0 150.0 17 23.902100000000004 0cd9414a_20240923_175208.data
10.0 150.0 17 23.8 0cd9414a_20240923_175232.data
10.0 170.0 17 23.8 0cd9414a_20240923_175256.data
30.0 170.0 17 23.8 0cd9414a_20240923_175320.data
50.0 170.0 17 23.8 0cd9414a_20240923_175344.data
70.0 170.0 17 23.902100000000004 0cd9414a_20240923_175408.data
90.0 170.0 17 23.8 0cd9414a_20240923_175432.data
110.0 170.0 17 23.8 0cd9414a_20240923_175456.data
130.0 170.0 17 23.8 0cd9414a_20240923_175520.data
150.0 170.0 17 23.8 0cd9414a_20240923_175544.data
170.0 170.0 17 23.8 0cd9414a_20240923_175608.data
190.0 170.0 17 23.8 0cd9414a_20240923_175632.data
210.0 170.0 17 23.8 0cd9414a_20240923_175656.data
230.0 170.0 17 23.8 0cd9414a_20240923_175720.data
250.0 170.0 17 23.8 0cd9414a_20240923_175744.data
270.0 170.0 17 23.8 0cd9414a_20240923_175809.data
290.0 170.0 17 23.8 0cd9414a_20240923_175833.data
290.0 190.0 17 23.902100000000004 0cd9414a_20240923_175857.data
270.0 190.0 17 23.8 0cd9414a_20240923_175921.data
250.0 190.0 17 23.8 0cd9414a_20240923_175945.data
230.0 190.0 17 23.8 0cd9414a_20240923_180009.data
210.0 190.0 17 23.8 0cd9414a_20240923_180033.data
190.0 190.0 17 23.8 0cd9414a_20240923_180057.data
170.0 190.0 17 23.902100000000004 0cd9414a_20240923_180121.data
150.0 190.0 17 23.8 0cd9414a_20240923_180145.data
130.0 190.0 17 23.8 0cd9414a_20240923_180209.data
110.0 190.0 17 23.8 0cd9414a_20240923_180233.data
90.0 190.0 17 23.8 0cd9414a_20240923_180257.data
70.0 190.0 17 23.8 0cd9414a_20240923_180321.data
50.0 190.0 17 23.8 0cd9414a_20240923_180345.data
30.0 190.0 17 23.8 0cd9414a_20240923_180409.data
10.0 190.0 17 23.8 0cd9414a_20240923_180433.data
10.0 210.0 17 23.8 0cd9414a_20240923_180457.data
30.0 210.0 17 23.8 0cd9414a_20240923_180521.data
50.0 210.0 17 24.003973684210532 0cd9414a_20240923_180545.data
70.0 210.0 17 23.902100000000004 0cd9414a_20240923_180609.data
90.0 210.0 17 24.003973684210532 0cd9414a_20240923_180633.data
110.0 210.0 17 23.8 0cd9414a_20240923_180657.data
130.0 210.0 17 24.003973684210532 0cd9414a_20240923_180721.data
150.0 210.0 17 23.902100000000004 0cd9414a_20240923_180745.data
170.0 210.0 17 23.8 0cd9414a_20240923_180809.data
190.0 210.0 17 24.003973684210532 0cd9414a_20240923_180833.data
210.0 210.0 17 23.6975 0cd9414a_20240923_180857.data
230.0 210.0 17 23.8 0cd9414a_20240923_180921.data
250.0 210.0 17 23.8 0cd9414a_20240923_180945.data
270.0 210.0 17 23.8 0cd9414a_20240923_181009.data
290.0 210.0 17 23.8 0cd9414a_20240923_181033.data
290.0 230.0 17 23.902100000000004 0cd9414a_20240923_181057.data
270.0 230.0 17 23.8 0cd9414a_20240923_181121.data
250.0 230.0 17 23.8 0cd9414a_20240923_181145.data
230.0 230.0 17 23.8 0cd9414a_20240923_181209.data
210.0 230.0 17 23.8 0cd9414a_20240923_181233.data
190.0 230.0 17 23.8 0cd9414a_20240923_181257.data
170.0 230.0 17 23.8 0cd9414a_20240923_181321.data
150.0 230.0 17 23.8 0cd9414a_20240923_181345.data
130.0 230.0 17 23.8 0cd9414a_20240923_181409.data
110.0 230.0 17 23.8 0cd9414a_20240923_181433.data
90.0 230.0 17 23.8 0cd9414a_20240923_181457.data
70.0 230.0 17 23.8 0cd9414a_20240923_181521.data
50.0 230.0 17 23.902100000000004 0cd9414a_20240923_181545.data
30.0 230.0 17 24.003973684210532 0cd9414a_20240923_181609.data
10.0 230.0 17 23.8 0cd9414a_20240923_181633.data
10.0 250.0 17 24.003973684210532 0cd9414a_20240923_181657.data
30.0 250.0 17 23.8 0cd9414a_20240923_181721.data
50.0 250.0 17 23.8 0cd9414a_20240923_181745.data
70.0 250.0 17 24.003973684210532 0cd9414a_20240923_181809.data
90.0 250.0 17 23.6975 0cd9414a_20240923_181833.data
110.0 250.0 17 23.6975 0cd9414a_20240923_181857.data
130.0 250.0 17 24.003973684210532 0cd9414a_20240923_181921.data
150.0 250.0 17 23.8 0cd9414a_20240923_181945.data
170.0 250.0 17 23.8 0cd9414a_20240923_182009.data
190.0 250.0 17 23.8 0cd9414a_20240923_182033.data
210.0 250.0 17 23.8 0cd9414a_20240923_182057.data
230.0 250.0 17 23.6975 0cd9414a_20240923_182121.data
250.0 250.0 17 23.8 0cd9414a_20240923_182145.data
270.0 250.0 17 23.8 0cd9414a_20240923_182209.data
290.0 250.0 17 23.902100000000004 0cd9414a_20240923_182233.data
290.0 270.0 17 23.8 0cd9414a_20240923_182257.data
270.0 270.0 17 23.8 0cd9414a_20240923_182321.data
250.0 270.0 17 23.8 0cd9414a_20240923_182345.data
230.0 270.0 17 23.902100000000004 0cd9414a_20240923_182409.data
210.0 270.0 17 23.8 0cd9414a_20240923_182433.data
190.0 270.0 17 23.902100000000004 0cd9414a_20240923_182457.data
170.0 270.0 17 23.902100000000004 0cd9414a_20240923_182521.data
150.0 270.0 17 23.8 0cd9414a_20240923_182545.data
130.0 270.0 17 23.8 0cd9414a_20240923_182609.data
110.0 270.0 17 23.902100000000004 0cd9414a_20240923_182634.data
90.0 270.0 17 -1 0cd9414a_20240923_182658.data
70.0 270.0 17 23.902100000000004 0cd9414a_20240923_182722.data
50.0 270.0 17 23.8 0cd9414a_20240923_182746.data
30.0 270.0 17 -1 0cd9414a_20240923_182810.data
10.0 270.0 17 23.8 0cd9414a_20240923_182834.data
10.0 290.0 17 23.902100000000004 0cd9414a_20240923_182858.data
30.0 290.0 17 -1 0cd9414a_20240923_182922.data
50.0 290.0 17 23.8 0cd9414a_20240923_182946.data
70.0 290.0 17 23.902100000000004 0cd9414a_20240923_183010.data
90.0 290.0 17 -1 0cd9414a_20240923_183034.data
110.0 290.0 17 23.8 0cd9414a_20240923_183058.data
130.0 290.0 17 23.8 0cd9414a_20240923_183122.data
150.0 290.0 17 -1 0cd9414a_20240923_183146.data
170.0 290.0 17 23.902100000000004 0cd9414a_20240923_183210.data
190.0 290.0 17 23.902100000000004 0cd9414a_20240923_183234.data
210.0 290.0 17 23.902100000000004 0cd9414a_20240923_183258.data
230.0 290.0 17 23.902100000000004 0cd9414a_20240923_183322.data
250.0 290.0 17 23.902100000000004 0cd9414a_20240923_183346.data
270.0 290.0 17 23.902100000000004 0cd9414a_20240923_183410.data
290.0 290.0 17 23.8 0cd9414a_20240923_183434.data
290.0 310.0 17 23.902100000000004 0cd9414a_20240923_183458.data
270.0 310.0 17 23.902100000000004 0cd9414a_20240923_183522.data
250.0 310.0 17 23.902100000000004 0cd9414a_20240923_183546.data
230.0 310.0 17 23.902100000000004 0cd9414a_20240923_183610.data
210.0 310.0 17 23.902100000000004 0cd9414a_20240923_183634.data
190.0 310.0 17 23.902100000000004 0cd9414a_20240923_183658.data
170.0 310.0 17 23.902100000000004 0cd9414a_20240923_183722.data
150.0 310.0 17 23.902100000000004 0cd9414a_20240923_183746.data
130.0 310.0 17 23.8 0cd9414a_20240923_183810.data
110.0 310.0 17 23.902100000000004 0cd9414a_20240923_183834.data
90.0 310.0 17 23.8 0cd9414a_20240923_183858.data
70.0 310.0 17 23.902100000000004 0cd9414a_20240923_183922.data
50.0 310.0 17 23.8 0cd9414a_20240923_183946.data
30.0 310.0 17 23.902100000000004 0cd9414a_20240923_184010.data
10.0 310.0 17 23.902100000000004 0cd9414a_20240923_184034.data
10.0 330.0 17 23.902100000000004 0cd9414a_20240923_184058.data
30.0 330.0 17 23.902100000000004 0cd9414a_20240923_184122.data
50.0 330.0 17 23.902100000000004 0cd9414a_20240923_184146.data
70.0 330.0 17 24.1106052631579 0cd9414a_20240923_184210.data
90.0 330.0 17 23.902100000000004 0cd9414a_20240923_184234.data
110.0 330.0 17 23.902100000000004 0cd9414a_20240923_184258.data
130.0 330.0 17 23.902100000000004 0cd9414a_20240923_184322.data
150.0 330.0 17 23.902100000000004 0cd9414a_20240923_184346.data
170.0 330.0 17 23.902100000000004 0cd9414a_20240923_184410.data
190.0 330.0 17 23.902100000000004 0cd9414a_20240923_184434.data
210.0 330.0 17 23.902100000000004 0cd9414a_20240923_184458.data
230.0 330.0 17 23.902100000000004 0cd9414a_20240923_184522.data
250.0 330.0 17 23.902100000000004 0cd9414a_20240923_184546.data
270.0 330.0 17 23.902100000000004 0cd9414a_20240923_184610.data
290.0 330.0 17 23.902100000000004 0cd9414a_20240923_184634.data
10.0 350.0 17 23.902100000000004 0cd9414a_20240923_185246.data
30.0 350.0 17 23.902100000000004 0cd9414a_20240923_185310.data
50.0 350.0 17 23.902100000000004 0cd9414a_20240923_185334.data
70.0 350.0 17 23.902100000000004 0cd9414a_20240923_185358.data
90.0 350.0 17 23.902100000000004 0cd9414a_20240923_185422.data
110.0 350.0 17 23.902100000000004 0cd9414a_20240923_185446.data
130.0 350.0 17 24.1106052631579 0cd9414a_20240923_185510.data
150.0 350.0 17 23.902100000000004 0cd9414a_20240923_185534.data
170.0 350.0 17 24.1106052631579 0cd9414a_20240923_185558.data
190.0 350.0 17 23.902100000000004 0cd9414a_20240923_185622.data
210.0 350.0 17 23.902100000000004 0cd9414a_20240923_185646.data
230.0 350.0 17 23.902100000000004 0cd9414a_20240923_185710.data
250.0 350.0 17 23.8 0cd9414a_20240923_185734.data
270.0 350.0 17 23.902100000000004 0cd9414a_20240923_185758.data
290.0 350.0 17 23.902100000000004 0cd9414a_20240923_185822.data
290.0 370.0 17 23.902100000000004 0cd9414a_20240923_185846.data
270.0 370.0 17 23.902100000000004 0cd9414a_20240923_185910.data
250.0 370.0 17 23.902100000000004 0cd9414a_20240923_185934.data
230.0 370.0 17 23.902100000000004 0cd9414a_20240923_185958.data
210.0 370.0 17 24.003973684210532 0cd9414a_20240923_190022.data
190.0 370.0 17 23.902100000000004 0cd9414a_20240923_190046.data
170.0 370.0 17 23.902100000000004 0cd9414a_20240923_190110.data
150.0 370.0 17 23.902100000000004 0cd9414a_20240923_190134.data
130.0 370.0 17 23.902100000000004 0cd9414a_20240923_190158.data
110.0 370.0 17 23.902100000000004 0cd9414a_20240923_190222.data
90.0 370.0 17 23.902100000000004 0cd9414a_20240923_190246.data
70.0 370.0 17 23.902100000000004 0cd9414a_20240923_190310.data
50.0 370.0 17 23.902100000000004 0cd9414a_20240923_190334.data
30.0 370.0 17 24.1106052631579 0cd9414a_20240923_190358.data
10.0 370.0 17 23.8 0cd9414a_20240923_190422.data
10.0 390.0 17 23.8 0cd9414a_20240923_190446.data
30.0 390.0 17 23.8 0cd9414a_20240923_190510.data
50.0 390.0 17 23.902100000000004 0cd9414a_20240923_190534.data
70.0 390.0 17 23.8 0cd9414a_20240923_190558.data
90.0 390.0 17 23.902100000000004 0cd9414a_20240923_190622.data
110.0 390.0 17 23.902100000000004 0cd9414a_20240923_190646.data
130.0 390.0 17 23.902100000000004 0cd9414a_20240923_190710.data
150.0 390.0 17 23.902100000000004 0cd9414a_20240923_190734.data
170.0 390.0 17 23.902100000000004 0cd9414a_20240923_190758.data
190.0 390.0 17 23.902100000000004 0cd9414a_20240923_190822.data
210.0 390.0 17 23.902100000000004 0cd9414a_20240923_190846.data
230.0 390.0 17 23.902100000000004 0cd9414a_20240923_190910.data
250.0 390.0 17 23.902100000000004 0cd9414a_20240923_190934.data
270.0 390.0 17 23.902100000000004 0cd9414a_20240923_190958.data
290.0 390.0 17 23.902100000000004 0cd9414a_20240923_191022.data
290.0 410.0 17 24.1106052631579 0cd9414a_20240923_191046.data
270.0 410.0 17 23.902100000000004 0cd9414a_20240923_191110.data
250.0 410.0 17 23.902100000000004 0cd9414a_20240923_191134.data
230.0 410.0 17 23.8 0cd9414a_20240923_191158.data
210.0 410.0 17 23.902100000000004 0cd9414a_20240923_191222.data
190.0 410.0 17 23.902100000000004 0cd9414a_20240923_191246.data
170.0 410.0 17 23.902100000000004 0cd9414a_20240923_191310.data
150.0 410.0 17 23.902100000000004 0cd9414a_20240923_191334.data
130.0 410.0 17 23.8 0cd9414a_20240923_191358.data
110.0 410.0 17 23.902100000000004 0cd9414a_20240923_191422.data
90.0 410.0 17 23.902100000000004 0cd9414a_20240923_191447.data
70.0 410.0 17 23.902100000000004 0cd9414a_20240923_191511.data
50.0 410.0 17 23.8 0cd9414a_20240923_191535.data
30.0 410.0 17 23.902100000000004 0cd9414a_20240923_191559.data
10.0 410.0 17 23.902100000000004 0cd9414a_20240923_191623.data
10.0 430.0 17 23.902100000000004 0cd9414a_20240923_191647.data
30.0 430.0 17 23.902100000000004 0cd9414a_20240923_191711.data
50.0 430.0 17 23.902100000000004 0cd9414a_20240923_191735.data
70.0 430.0 17 23.902100000000004 0cd9414a_20240923_191759.data
90.0 430.0 17 23.902100000000004 0cd9414a_20240923_191823.data
110.0 430.0 17 23.902100000000004 0cd9414a_20240923_191847.data
130.0 430.0 17 23.902100000000004 0cd9414a_20240923_191911.data
150.0 430.0 17 23.902100000000004 0cd9414a_20240923_191935.data
170.0 430.0 17 23.902100000000004 0cd9414a_20240923_191959.data
190.0 430.0 17 23.8 0cd9414a_20240923_192023.data
210.0 430.0 17 23.902100000000004 0cd9414a_20240923_192047.data
230.0 430.0 17 23.902100000000004 0cd9414a_20240923_192111.data
250.0 430.0 17 23.902100000000004 0cd9414a_20240923_192135.data
270.0 430.0 17 23.902100000000004 0cd9414a_20240923_192159.data
290.0 430.0 17 23.902100000000004 0cd9414a_20240923_192223.data
290.0 450.0 17 23.902100000000004 0cd9414a_20240923_192247.data
270.0 450.0 17 23.902100000000004 0cd9414a_20240923_192311.data
250.0 450.0 17 23.902100000000004 0cd9414a_20240923_192335.data
230.0 450.0 17 23.902100000000004 0cd9414a_20240923_192359.data
210.0 450.0 17 23.902100000000004 0cd9414a_20240923_192423.data
190.0 450.0 17 23.902100000000004 0cd9414a_20240923_192447.data
170.0 450.0 17 24.003973684210532 0cd9414a_20240923_192511.data
150.0 450.0 17 23.902100000000004 0cd9414a_20240923_192535.data
130.0 450.0 17 23.902100000000004 0cd9414a_20240923_192559.data
110.0 450.0 17 23.8 0cd9414a_20240923_192623.data
90.0 450.0 17 24.1106052631579 0cd9414a_20240923_192647.data
70.0 450.0 17 23.902100000000004 0cd9414a_20240923_192711.data
50.0 450.0 17 23.902100000000004 0cd9414a_20240923_192735.data
30.0 450.0 17 23.902100000000004 0cd9414a_20240923_192759.data
10.0 450.0 17 23.902100000000004 0cd9414a_20240923_192823.data
10.0 470.0 17 23.902100000000004 0cd9414a_20240923_192847.data
30.0 470.0 17 23.902100000000004 0cd9414a_20240923_192911.data
50.0 470.0 17 23.902100000000004 0cd9414a_20240923_192935.data
70.0 470.0 17 23.902100000000004 0cd9414a_20240923_192959.data
90.0 470.0 17 23.902100000000004 0cd9414a_20240923_193023.data
110.0 470.0 17 23.902100000000004 0cd9414a_20240923_193047.data
130.0 470.0 17 24.003973684210532 0cd9414a_20240923_193111.data
150.0 470.0 17 23.902100000000004 0cd9414a_20240923_193135.data
170.0 470.0 17 23.902100000000004 0cd9414a_20240923_193159.data
190.0 470.0 17 23.902100000000004 0cd9414a_20240923_193223.data
210.0 470.0 17 23.902100000000004 0cd9414a_20240923_193247.data
230.0 470.0 17 23.902100000000004 0cd9414a_20240923_193311.data
250.0 470.0 17 23.902100000000004 0cd9414a_20240923_193335.data
270.0 470.0 17 23.902100000000004 0cd9414a_20240923_193359.data
290.0 470.0 17 23.902100000000004 0cd9414a_20240923_193423.data
