-1 -1 -1 24.637394736842104 0cd9414a_20240919_172829.data
10.0 10.0 17 24.637394736842104 0cd9414a_20240919_172909.data
30.0 10.0 17 24.322552631578947 0cd9414a_20240919_172933.data
50.0 10.0 17 24.532868421052633 0cd9414a_20240919_172957.data
70.0 10.0 17 24.532868421052633 0cd9414a_20240919_173021.data
90.0 10.0 17 24.637394736842104 0cd9414a_20240919_173045.data
110.0 10.0 17 24.322552631578947 0cd9414a_20240919_173109.data
130.0 10.0 17 24.637394736842104 0cd9414a_20240919_173133.data
150.0 10.0 17 24.532868421052633 0cd9414a_20240919_173157.data
170.0 10.0 17 24.427921052631582 0cd9414a_20240919_173221.data
190.0 10.0 17 24.532868421052633 0cd9414a_20240919_173245.data
210.0 10.0 17 24.637394736842104 0cd9414a_20240919_173309.data
230.0 10.0 17 24.322552631578947 0cd9414a_20240919_173333.data
250.0 10.0 17 24.532868421052633 0cd9414a_20240919_173357.data
270.0 10.0 17 24.637394736842104 0cd9414a_20240919_173421.data
290.0 10.0 17 24.637394736842104 0cd9414a_20240919_173445.data
290.0 30.0 17 24.322552631578947 0cd9414a_20240919_173509.data
270.0 30.0 17 24.637394736842104 0cd9414a_20240919_173533.data
250.0 30.0 17 24.322552631578947 0cd9414a_20240919_173557.data
230.0 30.0 17 24.532868421052633 0cd9414a_20240919_173621.data
210.0 30.0 17 24.637394736842104 0cd9414a_20240919_173645.data
190.0 30.0 17 24.427921052631582 0cd9414a_20240919_173709.data
170.0 30.0 17 24.532868421052633 0cd9414a_20240919_173733.data
150.0 30.0 17 24.637394736842104 0cd9414a_20240919_173757.data
130.0 30.0 17 24.322552631578947 0cd9414a_20240919_173821.data
110.0 30.0 17 24.532868421052633 0cd9414a_20240919_173845.data
90.0 30.0 17 24.637394736842104 0cd9414a_20240919_173909.data
70.0 30.0 17 24.532868421052633 0cd9414a_20240919_173933.data
50.0 30.0 17 24.637394736842104 0cd9414a_20240919_173957.data
30.0 30.0 17 24.637394736842104 0cd9414a_20240919_174021.data
10.0 30.0 17 24.322552631578947 0cd9414a_20240919_174045.data
10.0 50.0 17 24.532868421052633 0cd9414a_20240919_174109.data
30.0 50.0 17 24.322552631578947 0cd9414a_20240919_174133.data
50.0 50.0 17 24.637394736842104 0cd9414a_20240919_174157.data
70.0 50.0 17 24.637394736842104 0cd9414a_20240919_174221.data
90.0 50.0 17 24.532868421052633 0cd9414a_20240919_174245.data
110.0 50.0 17 24.532868421052633 0cd9414a_20240919_174309.data
130.0 50.0 17 24.637394736842104 0cd9414a_20240919_174333.data
150.0 50.0 17 24.532868421052633 0cd9414a_20240919_174357.data
170.0 50.0 17 24.216789473684212 0cd9414a_20240919_174421.data
190.0 50.0 17 24.532868421052633 0cd9414a_20240919_174445.data
210.0 50.0 17 24.532868421052633 0cd9414a_20240919_174509.data
230.0 50.0 17 24.427921052631582 0cd9414a_20240919_174533.data
250.0 50.0 17 24.322552631578947 0cd9414a_20240919_174557.data
270.0 50.0 17 24.637394736842104 0cd9414a_20240919_174621.data
290.0 50.0 17 24.532868421052633 0cd9414a_20240919_174645.data
290.0 70.0 17 24.216789473684212 0cd9414a_20240919_174709.data
270.0 70.0 17 24.532868421052633 0cd9414a_20240919_174733.data
250.0 70.0 17 24.637394736842104 0cd9414a_20240919_174757.data
230.0 70.0 17 24.322552631578947 0cd9414a_20240919_174821.data
210.0 70.0 17 24.532868421052633 0cd9414a_20240919_174845.data
190.0 70.0 17 24.532868421052633 0cd9414a_20240919_174909.data
170.0 70.0 17 24.216789473684212 0cd9414a_20240919_174933.data
150.0 70.0 17 24.427921052631582 0cd9414a_20240919_174957.data
130.0 70.0 17 24.532868421052633 0cd9414a_20240919_175021.data
110.0 70.0 17 24.532868421052633 0cd9414a_20240919_175045.data
90.0 70.0 17 24.637394736842104 0cd9414a_20240919_175109.data
70.0 70.0 17 24.532868421052633 0cd9414a_20240919_175133.data
50.0 70.0 17 24.637394736842104 0cd9414a_20240919_175157.data
30.0 70.0 17 24.216789473684212 0cd9414a_20240919_175221.data
10.0 70.0 17 24.532868421052633 0cd9414a_20240919_175245.data
10.0 90.0 17 24.532868421052633 0cd9414a_20240919_175309.data
30.0 90.0 17 24.532868421052633 0cd9414a_20240919_175333.data
50.0 90.0 17 24.322552631578947 0cd9414a_20240919_175357.data
70.0 90.0 17 24.532868421052633 0cd9414a_20240919_175421.data
90.0 90.0 17 24.532868421052633 0cd9414a_20240919_175445.data
110.0 90.0 17 24.532868421052633 0cd9414a_20240919_175509.data
130.0 90.0 17 24.532868421052633 0cd9414a_20240919_175533.data
150.0 90.0 17 24.532868421052633 0cd9414a_20240919_175558.data
170.0 90.0 17 24.216789473684212 0cd9414a_20240919_175621.data
190.0 90.0 17 24.322552631578947 0cd9414a_20240919_175645.data
210.0 90.0 17 24.532868421052633 0cd9414a_20240919_175710.data
230.0 90.0 17 24.532868421052633 0cd9414a_20240919_175734.data
250.0 90.0 17 24.427921052631582 0cd9414a_20240919_175758.data
270.0 90.0 17 24.427921052631582 0cd9414a_20240919_175822.data
290.0 90.0 17 24.532868421052633 0cd9414a_20240919_175846.data
290.0 110.0 17 24.637394736842104 0cd9414a_20240919_175910.data
270.0 110.0 17 24.532868421052633 0cd9414a_20240919_175934.data
250.0 110.0 17 24.532868421052633 0cd9414a_20240919_175958.data
230.0 110.0 17 24.322552631578947 0cd9414a_20240919_180022.data
210.0 110.0 17 24.532868421052633 0cd9414a_20240919_180046.data
190.0 110.0 17 24.532868421052633 0cd9414a_20240919_180110.data
170.0 110.0 17 24.322552631578947 0cd9414a_20240919_180134.data
150.0 110.0 17 24.322552631578947 0cd9414a_20240919_180158.data
130.0 110.0 17 24.322552631578947 0cd9414a_20240919_180222.data
110.0 110.0 17 24.322552631578947 0cd9414a_20240919_180246.data
90.0 110.0 17 24.322552631578947 0cd9414a_20240919_180310.data
70.0 110.0 17 24.427921052631582 0cd9414a_20240919_180334.data
50.0 110.0 17 24.427921052631582 0cd9414a_20240919_180358.data
30.0 110.0 17 24.322552631578947 0cd9414a_20240919_180422.data
10.0 110.0 17 24.532868421052633 0cd9414a_20240919_180446.data
10.0 130.0 17 24.532868421052633 0cd9414a_20240919_180510.data
30.0 130.0 17 24.532868421052633 0cd9414a_20240919_180534.data
50.0 130.0 17 24.532868421052633 0cd9414a_20240919_180558.data
70.0 130.0 17 24.532868421052633 0cd9414a_20240919_180622.data
90.0 130.0 17 24.532868421052633 0cd9414a_20240919_180646.data
110.0 130.0 17 24.532868421052633 0cd9414a_20240919_180710.data
130.0 130.0 17 24.532868421052633 0cd9414a_20240919_180734.data
150.0 130.0 17 24.427921052631582 0cd9414a_20240919_180758.data
170.0 130.0 17 24.532868421052633 0cd9414a_20240919_180822.data
190.0 130.0 17 24.532868421052633 0cd9414a_20240919_180846.data
210.0 130.0 17 24.532868421052633 0cd9414a_20240919_180910.data
230.0 130.0 17 24.322552631578947 0cd9414a_20240919_180934.data
250.0 130.0 17 24.427921052631582 0cd9414a_20240919_180958.data
270.0 130.0 17 24.427921052631582 0cd9414a_20240919_181022.data
290.0 130.0 17 24.216789473684212 0cd9414a_20240919_181046.data
290.0 150.0 17 24.532868421052633 0cd9414a_20240919_181110.data
270.0 150.0 17 24.532868421052633 0cd9414a_20240919_181134.data
250.0 150.0 17 24.427921052631582 0cd9414a_20240919_181158.data
230.0 150.0 17 24.427921052631582 0cd9414a_20240919_181222.data
210.0 150.0 17 24.532868421052633 0cd9414a_20240919_181246.data
190.0 150.0 17 24.532868421052633 0cd9414a_20240919_181310.data
170.0 150.0 17 24.532868421052633 0cd9414a_20240919_181334.data
150.0 150.0 17 24.532868421052633 0cd9414a_20240919_181358.data
130.0 150.0 17 24.532868421052633 0cd9414a_20240919_181422.data
110.0 150.0 17 24.532868421052633 0cd9414a_20240919_181446.data
90.0 150.0 17 24.532868421052633 0cd9414a_20240919_181510.data
70.0 150.0 17 24.532868421052633 0cd9414a_20240919_181534.data
50.0 150.0 17 24.427921052631582 0cd9414a_20240919_181558.data
30.0 150.0 17 24.532868421052633 0cd9414a_20240919_181622.data
10.0 150.0 17 24.532868421052633 0cd9414a_20240919_181646.data
10.0 170.0 17 24.532868421052633 0cd9414a_20240919_181710.data
30.0 170.0 17 24.427921052631582 0cd9414a_20240919_181734.data
50.0 170.0 17 24.532868421052633 0cd9414a_20240919_181758.data
70.0 170.0 17 24.427921052631582 0cd9414a_20240919_181822.data
90.0 170.0 17 24.427921052631582 0cd9414a_20240919_181846.data
110.0 170.0 17 24.322552631578947 0cd9414a_20240919_181910.data
130.0 170.0 17 24.1106052631579 0cd9414a_20240919_181934.data
150.0 170.0 17 24.216789473684212 0cd9414a_20240919_181958.data
170.0 170.0 17 24.216789473684212 0cd9414a_20240919_182022.data
190.0 170.0 17 24.322552631578947 0cd9414a_20240919_182046.data
210.0 170.0 17 24.216789473684212 0cd9414a_20240919_182110.data
230.0 170.0 17 24.532868421052633 0cd9414a_20240919_182134.data
250.0 170.0 17 24.532868421052633 0cd9414a_20240919_182158.data
270.0 170.0 17 24.532868421052633 0cd9414a_20240919_182222.data
290.0 170.0 17 24.322552631578947 0cd9414a_20240919_182246.data
290.0 190.0 17 24.532868421052633 0cd9414a_20240919_182310.data
270.0 190.0 17 24.427921052631582 0cd9414a_20240919_182334.data
250.0 190.0 17 24.427921052631582 0cd9414a_20240919_182358.data
230.0 190.0 17 24.532868421052633 0cd9414a_20240919_182422.data
210.0 190.0 17 24.322552631578947 0cd9414a_20240919_182446.data
190.0 190.0 17 24.427921052631582 0cd9414a_20240919_182510.data
170.0 190.0 17 24.532868421052633 0cd9414a_20240919_182534.data
150.0 190.0 17 24.532868421052633 0cd9414a_20240919_182558.data
130.0 190.0 17 24.532868421052633 0cd9414a_20240919_182622.data
110.0 190.0 17 24.532868421052633 0cd9414a_20240919_182646.data
90.0 190.0 17 24.532868421052633 0cd9414a_20240919_182710.data
70.0 190.0 17 24.532868421052633 0cd9414a_20240919_182734.data
50.0 190.0 17 24.322552631578947 0cd9414a_20240919_182759.data
30.0 190.0 17 24.427921052631582 0cd9414a_20240919_182823.data
10.0 190.0 17 24.1106052631579 0cd9414a_20240919_182847.data
10.0 210.0 17 24.532868421052633 0cd9414a_20240919_182911.data
30.0 210.0 17 24.216789473684212 0cd9414a_20240919_182935.data
50.0 210.0 17 24.532868421052633 0cd9414a_20240919_182959.data
70.0 210.0 17 24.427921052631582 0cd9414a_20240919_183023.data
90.0 210.0 17 24.216789473684212 0cd9414a_20240919_183047.data
110.0 210.0 17 24.532868421052633 0cd9414a_20240919_183111.data
130.0 210.0 17 24.532868421052633 0cd9414a_20240919_183135.data
150.0 210.0 17 24.427921052631582 0cd9414a_20240919_183159.data
170.0 210.0 17 24.532868421052633 0cd9414a_20240919_183223.data
190.0 210.0 17 24.532868421052633 0cd9414a_20240919_183247.data
210.0 210.0 17 24.322552631578947 0cd9414a_20240919_183311.data
230.0 210.0 17 24.427921052631582 0cd9414a_20240919_183335.data
250.0 210.0 17 24.427921052631582 0cd9414a_20240919_183359.data
270.0 210.0 17 24.427921052631582 0cd9414a_20240919_183423.data
290.0 210.0 17 24.532868421052633 0cd9414a_20240919_183447.data
290.0 230.0 17 24.322552631578947 0cd9414a_20240919_183511.data
270.0 230.0 17 24.532868421052633 0cd9414a_20240919_183535.data
250.0 230.0 17 24.216789473684212 0cd9414a_20240919_183559.data
230.0 230.0 17 24.216789473684212 0cd9414a_20240919_183623.data
210.0 230.0 17 24.427921052631582 0cd9414a_20240919_183647.data
190.0 230.0 17 24.427921052631582 0cd9414a_20240919_183711.data
170.0 230.0 17 24.216789473684212 0cd9414a_20240919_183735.data
150.0 230.0 17 24.216789473684212 0cd9414a_20240919_183759.data
130.0 230.0 17 24.216789473684212 0cd9414a_20240919_183823.data
110.0 230.0 17 24.216789473684212 0cd9414a_20240919_183847.data
90.0 230.0 17 24.216789473684212 0cd9414a_20240919_183911.data
70.0 230.0 17 24.216789473684212 0cd9414a_20240919_183935.data
50.0 230.0 17 24.1106052631579 0cd9414a_20240919_183959.data
30.0 230.0 17 24.216789473684212 0cd9414a_20240919_184023.data
10.0 230.0 17 24.216789473684212 0cd9414a_20240919_184047.data
10.0 250.0 17 24.216789473684212 0cd9414a_20240919_184111.data
30.0 250.0 17 24.216789473684212 0cd9414a_20240919_184135.data
50.0 250.0 17 24.216789473684212 0cd9414a_20240919_184159.data
70.0 250.0 17 24.216789473684212 0cd9414a_20240919_184223.data
90.0 250.0 17 24.216789473684212 0cd9414a_20240919_184247.data
110.0 250.0 17 24.216789473684212 0cd9414a_20240919_184311.data
130.0 250.0 17 24.216789473684212 0cd9414a_20240919_184335.data
150.0 250.0 17 24.216789473684212 0cd9414a_20240919_184359.data
170.0 250.0 17 24.216789473684212 0cd9414a_20240919_184423.data
190.0 250.0 17 24.216789473684212 0cd9414a_20240919_184447.data
210.0 250.0 17 24.216789473684212 0cd9414a_20240919_184511.data
230.0 250.0 17 24.216789473684212 0cd9414a_20240919_184535.data
250.0 250.0 17 24.216789473684212 0cd9414a_20240919_184559.data
270.0 250.0 17 24.216789473684212 0cd9414a_20240919_184623.data
290.0 250.0 17 24.216789473684212 0cd9414a_20240919_184647.data
290.0 270.0 17 24.216789473684212 0cd9414a_20240919_184711.data
270.0 270.0 17 24.322552631578947 0cd9414a_20240919_184735.data
250.0 270.0 17 24.216789473684212 0cd9414a_20240919_184759.data
230.0 270.0 17 24.216789473684212 0cd9414a_20240919_184823.data
210.0 270.0 17 24.216789473684212 0cd9414a_20240919_184847.data
190.0 270.0 17 24.216789473684212 0cd9414a_20240919_184911.data
170.0 270.0 17 24.216789473684212 0cd9414a_20240919_184935.data
150.0 270.0 17 24.1106052631579 0cd9414a_20240919_184959.data
130.0 270.0 17 24.216789473684212 0cd9414a_20240919_185023.data
110.0 270.0 17 24.216789473684212 0cd9414a_20240919_185047.data
90.0 270.0 17 24.216789473684212 0cd9414a_20240919_185111.data
70.0 270.0 17 24.216789473684212 0cd9414a_20240919_185135.data
50.0 270.0 17 -1 0cd9414a_20240919_185159.data
30.0 270.0 17 24.216789473684212 0cd9414a_20240919_185223.data
10.0 270.0 17 24.216789473684212 0cd9414a_20240919_185247.data
10.0 290.0 17 -1 0cd9414a_20240919_185311.data
30.0 290.0 17 24.216789473684212 0cd9414a_20240919_185335.data
50.0 290.0 17 24.216789473684212 0cd9414a_20240919_185359.data
70.0 290.0 17 -1 0cd9414a_20240919_185423.data
90.0 290.0 17 24.216789473684212 0cd9414a_20240919_185447.data
110.0 290.0 17 24.216789473684212 0cd9414a_20240919_185511.data
130.0 290.0 17 -1 0cd9414a_20240919_185535.data
150.0 290.0 17 24.216789473684212 0cd9414a_20240919_185559.data
170.0 290.0 17 24.216789473684212 0cd9414a_20240919_185624.data
190.0 290.0 17 -1 0cd9414a_20240919_185648.data
210.0 290.0 17 24.1106052631579 0cd9414a_20240919_185712.data
230.0 290.0 17 24.1106052631579 0cd9414a_20240919_185736.data
250.0 290.0 17 24.1106052631579 0cd9414a_20240919_185800.data
270.0 290.0 17 24.1106052631579 0cd9414a_20240919_185824.data
290.0 290.0 17 24.1106052631579 0cd9414a_20240919_185848.data
290.0 310.0 17 24.1106052631579 0cd9414a_20240919_185912.data
270.0 310.0 17 24.1106052631579 0cd9414a_20240919_185936.data
250.0 310.0 17 24.1106052631579 0cd9414a_20240919_190000.data
230.0 310.0 17 24.1106052631579 0cd9414a_20240919_190024.data
210.0 310.0 17 24.1106052631579 0cd9414a_20240919_190048.data
190.0 310.0 17 24.1106052631579 0cd9414a_20240919_190112.data
170.0 310.0 17 24.1106052631579 0cd9414a_20240919_190136.data
150.0 310.0 17 24.1106052631579 0cd9414a_20240919_190200.data
130.0 310.0 17 24.1106052631579 0cd9414a_20240919_190224.data
110.0 310.0 17 24.1106052631579 0cd9414a_20240919_190248.data
90.0 310.0 17 24.1106052631579 0cd9414a_20240919_190312.data
70.0 310.0 17 24.1106052631579 0cd9414a_20240919_190336.data
50.0 310.0 17 24.1106052631579 0cd9414a_20240919_190400.data
30.0 310.0 17 24.1106052631579 0cd9414a_20240919_190424.data
10.0 310.0 17 24.1106052631579 0cd9414a_20240919_190448.data
10.0 330.0 17 24.1106052631579 0cd9414a_20240919_190512.data
30.0 330.0 17 24.1106052631579 0cd9414a_20240919_190536.data
50.0 330.0 17 24.1106052631579 0cd9414a_20240919_190600.data
70.0 330.0 17 24.1106052631579 0cd9414a_20240919_190624.data
90.0 330.0 17 24.003973684210532 0cd9414a_20240919_190648.data
110.0 330.0 17 24.1106052631579 0cd9414a_20240919_190712.data
130.0 330.0 17 24.1106052631579 0cd9414a_20240919_190736.data
150.0 330.0 17 24.1106052631579 0cd9414a_20240919_190800.data
170.0 330.0 17 24.1106052631579 0cd9414a_20240919_190824.data
190.0 330.0 17 24.1106052631579 0cd9414a_20240919_190848.data
210.0 330.0 17 24.1106052631579 0cd9414a_20240919_190912.data
230.0 330.0 17 24.1106052631579 0cd9414a_20240919_190936.data
250.0 330.0 17 24.1106052631579 0cd9414a_20240919_191000.data
270.0 330.0 17 24.1106052631579 0cd9414a_20240919_191024.data
290.0 330.0 17 24.1106052631579 0cd9414a_20240919_191048.data
10.0 350.0 17 24.216789473684212 0cd9414a_20240920_083131.data
30.0 350.0 17 24.1106052631579 0cd9414a_20240920_083155.data
50.0 350.0 17 24.1106052631579 0cd9414a_20240920_083219.data
70.0 350.0 17 24.003973684210532 0cd9414a_20240920_083243.data
90.0 350.0 17 24.1106052631579 0cd9414a_20240920_083307.data
110.0 350.0 17 24.1106052631579 0cd9414a_20240920_083331.data
130.0 350.0 17 24.1106052631579 0cd9414a_20240920_083355.data
150.0 350.0 17 24.1106052631579 0cd9414a_20240920_083419.data
170.0 350.0 17 24.1106052631579 0cd9414a_20240920_083443.data
190.0 350.0 17 24.1106052631579 0cd9414a_20240920_083507.data
210.0 350.0 17 24.1106052631579 0cd9414a_20240920_083531.data
230.0 350.0 17 24.1106052631579 0cd9414a_20240920_083555.data
250.0 350.0 17 24.1106052631579 0cd9414a_20240920_083619.data
270.0 350.0 17 24.1106052631579 0cd9414a_20240920_083643.data
290.0 350.0 17 24.1106052631579 0cd9414a_20240920_083707.data
290.0 370.0 17 24.1106052631579 0cd9414a_20240920_083731.data
270.0 370.0 17 24.1106052631579 0cd9414a_20240920_083755.data
250.0 370.0 17 24.003973684210532 0cd9414a_20240920_083819.data
230.0 370.0 17 24.1106052631579 0cd9414a_20240920_083843.data
210.0 370.0 17 24.1106052631579 0cd9414a_20240920_083907.data
190.0 370.0 17 24.1106052631579 0cd9414a_20240920_083931.data
170.0 370.0 17 24.1106052631579 0cd9414a_20240920_083955.data
150.0 370.0 17 24.1106052631579 0cd9414a_20240920_084019.data
130.0 370.0 17 24.003973684210532 0cd9414a_20240920_084043.data
110.0 370.0 17 24.322552631578947 0cd9414a_20240920_084107.data
90.0 370.0 17 24.003973684210532 0cd9414a_20240920_084131.data
70.0 370.0 17 24.1106052631579 0cd9414a_20240920_084155.data
50.0 370.0 17 24.1106052631579 0cd9414a_20240920_084219.data
30.0 370.0 17 24.1106052631579 0cd9414a_20240920_084243.data
10.0 370.0 17 24.003973684210532 0cd9414a_20240920_084307.data
10.0 390.0 17 24.1106052631579 0cd9414a_20240920_084331.data
30.0 390.0 17 24.1106052631579 0cd9414a_20240920_084355.data
50.0 390.0 17 24.1106052631579 0cd9414a_20240920_084419.data
70.0 390.0 17 24.1106052631579 0cd9414a_20240920_084443.data
90.0 390.0 17 24.322552631578947 0cd9414a_20240920_084507.data
110.0 390.0 17 24.1106052631579 0cd9414a_20240920_084531.data
130.0 390.0 17 24.1106052631579 0cd9414a_20240920_084555.data
150.0 390.0 17 24.1106052631579 0cd9414a_20240920_084620.data
170.0 390.0 17 24.1106052631579 0cd9414a_20240920_084644.data
190.0 390.0 17 24.1106052631579 0cd9414a_20240920_084708.data
210.0 390.0 17 24.216789473684212 0cd9414a_20240920_084732.data
230.0 390.0 17 24.1106052631579 0cd9414a_20240920_084756.data
250.0 390.0 17 24.003973684210532 0cd9414a_20240920_084820.data
270.0 390.0 17 24.1106052631579 0cd9414a_20240920_084844.data
290.0 390.0 17 24.1106052631579 0cd9414a_20240920_084908.data
290.0 410.0 17 24.1106052631579 0cd9414a_20240920_084932.data
270.0 410.0 17 24.1106052631579 0cd9414a_20240920_084956.data
250.0 410.0 17 24.1106052631579 0cd9414a_20240920_085020.data
230.0 410.0 17 24.1106052631579 0cd9414a_20240920_085044.data
210.0 410.0 17 24.1106052631579 0cd9414a_20240920_085108.data
190.0 410.0 17 24.1106052631579 0cd9414a_20240920_085132.data
170.0 410.0 17 24.1106052631579 0cd9414a_20240920_085156.data
150.0 410.0 17 24.1106052631579 0cd9414a_20240920_085220.data
130.0 410.0 17 24.1106052631579 0cd9414a_20240920_085244.data
110.0 410.0 17 24.1106052631579 0cd9414a_20240920_085308.data
90.0 410.0 17 24.1106052631579 0cd9414a_20240920_085332.data
70.0 410.0 17 24.1106052631579 0cd9414a_20240920_085356.data
50.0 410.0 17 24.1106052631579 0cd9414a_20240920_085420.data
30.0 410.0 17 24.1106052631579 0cd9414a_20240920_085444.data
10.0 410.0 17 24.1106052631579 0cd9414a_20240920_085508.data
10.0 430.0 17 24.1106052631579 0cd9414a_20240920_085532.data
30.0 430.0 17 24.1106052631579 0cd9414a_20240920_085556.data
50.0 430.0 17 24.1106052631579 0cd9414a_20240920_085620.data
70.0 430.0 17 24.1106052631579 0cd9414a_20240920_085644.data
90.0 430.0 17 24.1106052631579 0cd9414a_20240920_085708.data
110.0 430.0 17 24.1106052631579 0cd9414a_20240920_085732.data
130.0 430.0 17 24.1106052631579 0cd9414a_20240920_085756.data
150.0 430.0 17 24.1106052631579 0cd9414a_20240920_085820.data
170.0 430.0 17 24.216789473684212 0cd9414a_20240920_085844.data
190.0 430.0 17 24.1106052631579 0cd9414a_20240920_085908.data
210.0 430.0 17 24.003973684210532 0cd9414a_20240920_085932.data
230.0 430.0 17 24.1106052631579 0cd9414a_20240920_085956.data
250.0 430.0 17 24.1106052631579 0cd9414a_20240920_090020.data
270.0 430.0 17 24.1106052631579 0cd9414a_20240920_090044.data
290.0 430.0 17 24.322552631578947 0cd9414a_20240920_090108.data
290.0 450.0 17 24.1106052631579 0cd9414a_20240920_090132.data
270.0 450.0 17 24.1106052631579 0cd9414a_20240920_090156.data
250.0 450.0 17 24.1106052631579 0cd9414a_20240920_090220.data
230.0 450.0 17 24.322552631578947 0cd9414a_20240920_090244.data
210.0 450.0 17 24.1106052631579 0cd9414a_20240920_090308.data
190.0 450.0 17 24.1106052631579 0cd9414a_20240920_090332.data
170.0 450.0 17 24.1106052631579 0cd9414a_20240920_090356.data
150.0 450.0 17 24.1106052631579 0cd9414a_20240920_090420.data
130.0 450.0 17 24.1106052631579 0cd9414a_20240920_090444.data
110.0 450.0 17 24.1106052631579 0cd9414a_20240920_090508.data
90.0 450.0 17 24.1106052631579 0cd9414a_20240920_090532.data
70.0 450.0 17 24.1106052631579 0cd9414a_20240920_090556.data
50.0 450.0 17 24.1106052631579 0cd9414a_20240920_090620.data
30.0 450.0 17 24.1106052631579 0cd9414a_20240920_090644.data
10.0 450.0 17 24.1106052631579 0cd9414a_20240920_090708.data
10.0 470.0 17 24.1106052631579 0cd9414a_20240920_090732.data
30.0 470.0 17 24.1106052631579 0cd9414a_20240920_090756.data
50.0 470.0 17 24.1106052631579 0cd9414a_20240920_090820.data
70.0 470.0 17 24.1106052631579 0cd9414a_20240920_090844.data
90.0 470.0 17 24.1106052631579 0cd9414a_20240920_090908.data
110.0 470.0 17 24.1106052631579 0cd9414a_20240920_090932.data
130.0 470.0 17 24.216789473684212 0cd9414a_20240920_090956.data
150.0 470.0 17 24.1106052631579 0cd9414a_20240920_091020.data
170.0 470.0 17 24.1106052631579 0cd9414a_20240920_091044.data
190.0 470.0 17 24.1106052631579 0cd9414a_20240920_091108.data
210.0 470.0 17 24.1106052631579 0cd9414a_20240920_091132.data
230.0 470.0 17 24.1106052631579 0cd9414a_20240920_091156.data
250.0 470.0 17 24.1106052631579 0cd9414a_20240920_091220.data
270.0 470.0 17 24.1106052631579 0cd9414a_20240920_091244.data
290.0 470.0 17 24.1106052631579 0cd9414a_20240920_091308.data
