-1 -1 -1 27.487775330396477 0cd9414a_20240816_085417.data
10.0 10.0 17 27.709061674008815 0cd9414a_20240816_085456.data
30.0 10.0 17 27.709061674008815 0cd9414a_20240816_085520.data
50.0 10.0 17 27.709061674008815 0cd9414a_20240816_085544.data
70.0 10.0 17 27.709061674008815 0cd9414a_20240816_085608.data
90.0 10.0 17 27.709061674008815 0cd9414a_20240816_085632.data
110.0 10.0 17 27.81905726872247 0cd9414a_20240816_085656.data
130.0 10.0 17 27.709061674008815 0cd9414a_20240816_085720.data
150.0 10.0 17 27.487775330396477 0cd9414a_20240816_085744.data
170.0 10.0 17 27.487775330396477 0cd9414a_20240816_085808.data
190.0 10.0 17 27.487775330396477 0cd9414a_20240816_085832.data
210.0 10.0 17 27.709061674008815 0cd9414a_20240816_085856.data
230.0 10.0 17 27.709061674008815 0cd9414a_20240816_085920.data
250.0 10.0 17 27.709061674008815 0cd9414a_20240816_085944.data
270.0 10.0 17 27.709061674008815 0cd9414a_20240816_090008.data
290.0 10.0 17 27.709061674008815 0cd9414a_20240816_090032.data
290.0 30.0 17 27.487775330396477 0cd9414a_20240816_090056.data
270.0 30.0 17 27.709061674008815 0cd9414a_20240816_090120.data
250.0 30.0 17 27.709061674008815 0cd9414a_20240816_090144.data
230.0 30.0 17 27.37654625550661 0cd9414a_20240816_090208.data
210.0 30.0 17 27.598634361233486 0cd9414a_20240816_090232.data
190.0 30.0 17 27.709061674008815 0cd9414a_20240816_090256.data
170.0 30.0 17 27.598634361233486 0cd9414a_20240816_090320.data
150.0 30.0 17 27.598634361233486 0cd9414a_20240816_090344.data
130.0 30.0 17 27.598634361233486 0cd9414a_20240816_090408.data
110.0 30.0 17 27.709061674008815 0cd9414a_20240816_090432.data
90.0 30.0 17 27.709061674008815 0cd9414a_20240816_090456.data
70.0 30.0 17 27.598634361233486 0cd9414a_20240816_090520.data
50.0 30.0 17 27.487775330396477 0cd9414a_20240816_090544.data
30.0 30.0 17 27.487775330396477 0cd9414a_20240816_090608.data
10.0 30.0 17 27.598634361233486 0cd9414a_20240816_090632.data
10.0 50.0 17 27.598634361233486 0cd9414a_20240816_090656.data
30.0 50.0 17 27.487775330396477 0cd9414a_20240816_090720.data
50.0 50.0 17 27.709061674008815 0cd9414a_20240816_090744.data
70.0 50.0 17 27.598634361233486 0cd9414a_20240816_090808.data
90.0 50.0 17 27.709061674008815 0cd9414a_20240816_090832.data
110.0 50.0 17 27.709061674008815 0cd9414a_20240816_090856.data
130.0 50.0 17 27.487775330396477 0cd9414a_20240816_090920.data
150.0 50.0 17 27.487775330396477 0cd9414a_20240816_090944.data
170.0 50.0 17 27.487775330396477 0cd9414a_20240816_091009.data
190.0 50.0 17 27.709061674008815 0cd9414a_20240816_091033.data
210.0 50.0 17 27.598634361233486 0cd9414a_20240816_091057.data
230.0 50.0 17 27.598634361233486 0cd9414a_20240816_091121.data
250.0 50.0 17 27.709061674008815 0cd9414a_20240816_091145.data
270.0 50.0 17 27.709061674008815 0cd9414a_20240816_091209.data
290.0 50.0 17 27.487775330396477 0cd9414a_20240816_091233.data
290.0 70.0 17 27.598634361233486 0cd9414a_20240816_091257.data
270.0 70.0 17 27.598634361233486 0cd9414a_20240816_091321.data
250.0 70.0 17 27.709061674008815 0cd9414a_20240816_091345.data
230.0 70.0 17 27.709061674008815 0cd9414a_20240816_091409.data
210.0 70.0 17 27.709061674008815 0cd9414a_20240816_091433.data
190.0 70.0 17 27.598634361233486 0cd9414a_20240816_091457.data
170.0 70.0 17 27.709061674008815 0cd9414a_20240816_091521.data
150.0 70.0 17 27.487775330396477 0cd9414a_20240816_091545.data
130.0 70.0 17 27.598634361233486 0cd9414a_20240816_091609.data
110.0 70.0 17 27.709061674008815 0cd9414a_20240816_091633.data
90.0 70.0 17 27.487775330396477 0cd9414a_20240816_091657.data
70.0 70.0 17 27.598634361233486 0cd9414a_20240816_091721.data
50.0 70.0 17 27.709061674008815 0cd9414a_20240816_091745.data
30.0 70.0 17 27.487775330396477 0cd9414a_20240816_091809.data
10.0 70.0 17 27.598634361233486 0cd9414a_20240816_091833.data
10.0 90.0 17 27.709061674008815 0cd9414a_20240816_091857.data
30.0 90.0 17 27.709061674008815 0cd9414a_20240816_091921.data
50.0 90.0 17 27.709061674008815 0cd9414a_20240816_091945.data
70.0 90.0 17 27.598634361233486 0cd9414a_20240816_092009.data
90.0 90.0 17 27.487775330396477 0cd9414a_20240816_092033.data
110.0 90.0 17 27.598634361233486 0cd9414a_20240816_092057.data
130.0 90.0 17 27.598634361233486 0cd9414a_20240816_092121.data
150.0 90.0 17 27.598634361233486 0cd9414a_20240816_092145.data
170.0 90.0 17 27.709061674008815 0cd9414a_20240816_092209.data
190.0 90.0 17 27.598634361233486 0cd9414a_20240816_092233.data
210.0 90.0 17 27.598634361233486 0cd9414a_20240816_092257.data
230.0 90.0 17 27.598634361233486 0cd9414a_20240816_092321.data
250.0 90.0 17 27.709061674008815 0cd9414a_20240816_092345.data
270.0 90.0 17 27.487775330396477 0cd9414a_20240816_092409.data
290.0 90.0 17 27.264854625550658 0cd9414a_20240816_092433.data
290.0 110.0 17 27.709061674008815 0cd9414a_20240816_092457.data
270.0 110.0 17 27.37654625550661 0cd9414a_20240816_092521.data
250.0 110.0 17 27.598634361233486 0cd9414a_20240816_092545.data
230.0 110.0 17 27.709061674008815 0cd9414a_20240816_092609.data
210.0 110.0 17 27.709061674008815 0cd9414a_20240816_092633.data
190.0 110.0 17 27.487775330396477 0cd9414a_20240816_092657.data
170.0 110.0 17 27.709061674008815 0cd9414a_20240816_092721.data
150.0 110.0 17 27.709061674008815 0cd9414a_20240816_092745.data
130.0 110.0 17 27.709061674008815 0cd9414a_20240816_092809.data
110.0 110.0 17 27.598634361233486 0cd9414a_20240816_092833.data
90.0 110.0 17 27.709061674008815 0cd9414a_20240816_092857.data
70.0 110.0 17 27.709061674008815 0cd9414a_20240816_092921.data
50.0 110.0 17 27.598634361233486 0cd9414a_20240816_092945.data
30.0 110.0 17 27.487775330396477 0cd9414a_20240816_093009.data
10.0 110.0 17 27.709061674008815 0cd9414a_20240816_093033.data
10.0 130.0 17 27.487775330396477 0cd9414a_20240816_093057.data
30.0 130.0 17 27.487775330396477 0cd9414a_20240816_093121.data
50.0 130.0 17 27.598634361233486 0cd9414a_20240816_093145.data
70.0 130.0 17 27.598634361233486 0cd9414a_20240816_093209.data
90.0 130.0 17 27.487775330396477 0cd9414a_20240816_093233.data
110.0 130.0 17 27.598634361233486 0cd9414a_20240816_093257.data
130.0 130.0 17 27.598634361233486 0cd9414a_20240816_093321.data
150.0 130.0 17 27.709061674008815 0cd9414a_20240816_093345.data
170.0 130.0 17 27.37654625550661 0cd9414a_20240816_093409.data
190.0 130.0 17 27.709061674008815 0cd9414a_20240816_093433.data
210.0 130.0 17 27.487775330396477 0cd9414a_20240816_093457.data
230.0 130.0 17 27.37654625550661 0cd9414a_20240816_093521.data
250.0 130.0 17 27.37654625550661 0cd9414a_20240816_093545.data
270.0 130.0 17 27.487775330396477 0cd9414a_20240816_093609.data
290.0 130.0 17 27.37654625550661 0cd9414a_20240816_093633.data
290.0 150.0 17 27.37654625550661 0cd9414a_20240816_093657.data
270.0 150.0 17 27.37654625550661 0cd9414a_20240816_093721.data
250.0 150.0 17 27.37654625550661 0cd9414a_20240816_093745.data
230.0 150.0 17 27.37654625550661 0cd9414a_20240816_093809.data
210.0 150.0 17 27.37654625550661 0cd9414a_20240816_093833.data
190.0 150.0 17 27.37654625550661 0cd9414a_20240816_093857.data
170.0 150.0 17 27.37654625550661 0cd9414a_20240816_093921.data
150.0 150.0 17 27.37654625550661 0cd9414a_20240816_094051.data
