-1 -1 -1 26.008123348017623 0cd9414a_20240829_205428.data
10.0 10.0 17 26.124563876651983 0cd9414a_20240829_205508.data
30.0 10.0 17 26.240572687224667 0cd9414a_20240829_205532.data
50.0 10.0 17 25.89125110132159 0cd9414a_20240829_205556.data
70.0 10.0 17 26.008123348017623 0cd9414a_20240829_205620.data
90.0 10.0 17 26.240572687224667 0cd9414a_20240829_205644.data
110.0 10.0 17 26.124563876651983 0cd9414a_20240829_205708.data
130.0 10.0 17 25.89125110132159 0cd9414a_20240829_205732.data
150.0 10.0 17 26.008123348017623 0cd9414a_20240829_205756.data
170.0 10.0 17 26.124563876651983 0cd9414a_20240829_205820.data
190.0 10.0 17 26.240572687224667 0cd9414a_20240829_205844.data
210.0 10.0 17 26.124563876651983 0cd9414a_20240829_205908.data
230.0 10.0 17 25.773885462555068 0cd9414a_20240829_205932.data
250.0 10.0 17 26.008123348017623 0cd9414a_20240829_205956.data
270.0 10.0 17 26.124563876651983 0cd9414a_20240829_210020.data
290.0 10.0 17 26.124563876651983 0cd9414a_20240829_210044.data
290.0 30.0 17 26.240572687224667 0cd9414a_20240829_210108.data
270.0 30.0 17 26.240572687224667 0cd9414a_20240829_210132.data
250.0 30.0 17 25.89125110132159 0cd9414a_20240829_210156.data
230.0 30.0 17 25.89125110132159 0cd9414a_20240829_210220.data
210.0 30.0 17 25.89125110132159 0cd9414a_20240829_210244.data
190.0 30.0 17 26.008123348017623 0cd9414a_20240829_210308.data
170.0 30.0 17 25.773885462555068 0cd9414a_20240829_210332.data
150.0 30.0 17 25.773885462555068 0cd9414a_20240829_210356.data
130.0 30.0 17 25.773885462555068 0cd9414a_20240829_210420.data
110.0 30.0 17 25.89125110132159 0cd9414a_20240829_210444.data
90.0 30.0 17 25.89125110132159 0cd9414a_20240829_210508.data
70.0 30.0 17 26.124563876651983 0cd9414a_20240829_210532.data
50.0 30.0 17 26.240572687224667 0cd9414a_20240829_210556.data
30.0 30.0 17 26.240572687224667 0cd9414a_20240829_210620.data
10.0 30.0 17 26.240572687224667 0cd9414a_20240829_210644.data
10.0 50.0 17 26.124563876651983 0cd9414a_20240829_210708.data
30.0 50.0 17 26.124563876651983 0cd9414a_20240829_210732.data
50.0 50.0 17 26.124563876651983 0cd9414a_20240829_210756.data
70.0 50.0 17 26.124563876651983 0cd9414a_20240829_210820.data
90.0 50.0 17 26.124563876651983 0cd9414a_20240829_210844.data
110.0 50.0 17 26.124563876651983 0cd9414a_20240829_210908.data
130.0 50.0 17 26.124563876651983 0cd9414a_20240829_210932.data
150.0 50.0 17 25.89125110132159 0cd9414a_20240829_210956.data
170.0 50.0 17 25.89125110132159 0cd9414a_20240829_211020.data
190.0 50.0 17 25.89125110132159 0cd9414a_20240829_211044.data
210.0 50.0 17 25.89125110132159 0cd9414a_20240829_211108.data
230.0 50.0 17 25.89125110132159 0cd9414a_20240829_211132.data
250.0 50.0 17 26.124563876651983 0cd9414a_20240829_211156.data
270.0 50.0 17 26.124563876651983 0cd9414a_20240829_211220.data
290.0 50.0 17 26.124563876651983 0cd9414a_20240829_211244.data
290.0 70.0 17 26.124563876651983 0cd9414a_20240829_211308.data
270.0 70.0 17 26.124563876651983 0cd9414a_20240829_211332.data
250.0 70.0 17 26.240572687224667 0cd9414a_20240829_211356.data
230.0 70.0 17 26.124563876651983 0cd9414a_20240829_211420.data
210.0 70.0 17 26.124563876651983 0cd9414a_20240829_211444.data
190.0 70.0 17 26.124563876651983 0cd9414a_20240829_211508.data
170.0 70.0 17 26.008123348017623 0cd9414a_20240829_211532.data
150.0 70.0 17 25.773885462555068 0cd9414a_20240829_211556.data
130.0 70.0 17 25.89125110132159 0cd9414a_20240829_211620.data
110.0 70.0 17 26.240572687224667 0cd9414a_20240829_211644.data
90.0 70.0 17 26.124563876651983 0cd9414a_20240829_211708.data
70.0 70.0 17 26.124563876651983 0cd9414a_20240829_211732.data
50.0 70.0 17 26.124563876651983 0cd9414a_20240829_211756.data
30.0 70.0 17 26.124563876651983 0cd9414a_20240829_211820.data
10.0 70.0 17 25.773885462555068 0cd9414a_20240829_211844.data
10.0 90.0 17 26.008123348017623 0cd9414a_20240829_211908.data
30.0 90.0 17 26.008123348017623 0cd9414a_20240829_211932.data
50.0 90.0 17 26.008123348017623 0cd9414a_20240829_211956.data
70.0 90.0 17 26.124563876651983 0cd9414a_20240829_212020.data
90.0 90.0 17 26.124563876651983 0cd9414a_20240829_212044.data
110.0 90.0 17 26.124563876651983 0cd9414a_20240829_212108.data
130.0 90.0 17 26.124563876651983 0cd9414a_20240829_212132.data
150.0 90.0 17 26.240572687224667 0cd9414a_20240829_212156.data
170.0 90.0 17 26.124563876651983 0cd9414a_20240829_212220.data
190.0 90.0 17 26.008123348017623 0cd9414a_20240829_212244.data
210.0 90.0 17 26.124563876651983 0cd9414a_20240829_212309.data
230.0 90.0 17 25.89125110132159 0cd9414a_20240829_212333.data
250.0 90.0 17 25.89125110132159 0cd9414a_20240829_212357.data
270.0 90.0 17 26.008123348017623 0cd9414a_20240829_212421.data
290.0 90.0 17 26.124563876651983 0cd9414a_20240829_212445.data
290.0 110.0 17 26.240572687224667 0cd9414a_20240829_212509.data
270.0 110.0 17 26.124563876651983 0cd9414a_20240829_212533.data
250.0 110.0 17 25.773885462555068 0cd9414a_20240829_212557.data
230.0 110.0 17 25.773885462555068 0cd9414a_20240829_212621.data
210.0 110.0 17 25.89125110132159 0cd9414a_20240829_212645.data
190.0 110.0 17 25.89125110132159 0cd9414a_20240829_212709.data
170.0 110.0 17 26.008123348017623 0cd9414a_20240829_212733.data
150.0 110.0 17 26.008123348017623 0cd9414a_20240829_212757.data
130.0 110.0 17 25.89125110132159 0cd9414a_20240829_212821.data
110.0 110.0 17 25.89125110132159 0cd9414a_20240829_212845.data
90.0 110.0 17 26.124563876651983 0cd9414a_20240829_212909.data
70.0 110.0 17 26.124563876651983 0cd9414a_20240829_212933.data
50.0 110.0 17 26.008123348017623 0cd9414a_20240829_212957.data
30.0 110.0 17 26.008123348017623 0cd9414a_20240829_213021.data
10.0 110.0 17 25.89125110132159 0cd9414a_20240829_213045.data
10.0 130.0 17 25.89125110132159 0cd9414a_20240829_213109.data
30.0 130.0 17 26.008123348017623 0cd9414a_20240829_213133.data
50.0 130.0 17 25.89125110132159 0cd9414a_20240829_213157.data
70.0 130.0 17 26.124563876651983 0cd9414a_20240829_213221.data
90.0 130.0 17 26.240572687224667 0cd9414a_20240829_213245.data
110.0 130.0 17 26.240572687224667 0cd9414a_20240829_213309.data
130.0 130.0 17 26.124563876651983 0cd9414a_20240829_213333.data
150.0 130.0 17 26.124563876651983 0cd9414a_20240829_213357.data
170.0 130.0 17 25.89125110132159 0cd9414a_20240829_213421.data
190.0 130.0 17 26.124563876651983 0cd9414a_20240829_213445.data
210.0 130.0 17 26.124563876651983 0cd9414a_20240829_213509.data
230.0 130.0 17 26.008123348017623 0cd9414a_20240829_213533.data
250.0 130.0 17 26.008123348017623 0cd9414a_20240829_213557.data
270.0 130.0 17 25.89125110132159 0cd9414a_20240829_213621.data
290.0 130.0 17 25.773885462555068 0cd9414a_20240829_213645.data
290.0 150.0 17 26.124563876651983 0cd9414a_20240829_213709.data
270.0 150.0 17 25.89125110132159 0cd9414a_20240829_213733.data
250.0 150.0 17 26.008123348017623 0cd9414a_20240829_213757.data
230.0 150.0 17 26.124563876651983 0cd9414a_20240829_213821.data
210.0 150.0 17 26.124563876651983 0cd9414a_20240829_213845.data
190.0 150.0 17 26.124563876651983 0cd9414a_20240829_213909.data
170.0 150.0 17 26.124563876651983 0cd9414a_20240829_213933.data
150.0 150.0 17 26.124563876651983 0cd9414a_20240829_213957.data
130.0 150.0 17 25.89125110132159 0cd9414a_20240829_214021.data
110.0 150.0 17 25.89125110132159 0cd9414a_20240829_214045.data
90.0 150.0 17 26.124563876651983 0cd9414a_20240829_214109.data
70.0 150.0 17 26.240572687224667 0cd9414a_20240829_214133.data
50.0 150.0 17 25.773885462555068 0cd9414a_20240829_214157.data
30.0 150.0 17 25.89125110132159 0cd9414a_20240829_214221.data
10.0 150.0 17 26.240572687224667 0cd9414a_20240829_214245.data
10.0 170.0 17 26.008123348017623 0cd9414a_20240829_214309.data
30.0 170.0 17 26.124563876651983 0cd9414a_20240829_214333.data
50.0 170.0 17 26.124563876651983 0cd9414a_20240829_214357.data
70.0 170.0 17 25.773885462555068 0cd9414a_20240829_214421.data
90.0 170.0 17 25.89125110132159 0cd9414a_20240829_214445.data
110.0 170.0 17 26.124563876651983 0cd9414a_20240829_214509.data
130.0 170.0 17 25.89125110132159 0cd9414a_20240829_214533.data
150.0 170.0 17 26.240572687224667 0cd9414a_20240829_214557.data
170.0 170.0 17 26.124563876651983 0cd9414a_20240829_214621.data
190.0 170.0 17 26.240572687224667 0cd9414a_20240829_214645.data
210.0 170.0 17 25.773885462555068 0cd9414a_20240829_214709.data
230.0 170.0 17 26.008123348017623 0cd9414a_20240829_214733.data
250.0 170.0 17 26.124563876651983 0cd9414a_20240829_214757.data
270.0 170.0 17 25.89125110132159 0cd9414a_20240829_214821.data
290.0 170.0 17 26.124563876651983 0cd9414a_20240829_214845.data
290.0 190.0 17 26.124563876651983 0cd9414a_20240829_214909.data
270.0 190.0 17 25.89125110132159 0cd9414a_20240829_214933.data
250.0 190.0 17 26.124563876651983 0cd9414a_20240829_214957.data
230.0 190.0 17 26.008123348017623 0cd9414a_20240829_215021.data
210.0 190.0 17 26.124563876651983 0cd9414a_20240829_215045.data
190.0 190.0 17 25.89125110132159 0cd9414a_20240829_215109.data
170.0 190.0 17 26.124563876651983 0cd9414a_20240829_215133.data
150.0 190.0 17 26.124563876651983 0cd9414a_20240829_215157.data
130.0 190.0 17 26.008123348017623 0cd9414a_20240829_215221.data
110.0 190.0 17 26.008123348017623 0cd9414a_20240829_215245.data
90.0 190.0 17 25.773885462555068 0cd9414a_20240829_215309.data
70.0 190.0 17 26.124563876651983 0cd9414a_20240829_215333.data
50.0 190.0 17 25.89125110132159 0cd9414a_20240829_215357.data
30.0 190.0 17 26.240572687224667 0cd9414a_20240829_215421.data
10.0 190.0 17 26.124563876651983 0cd9414a_20240829_215445.data
10.0 210.0 17 26.124563876651983 0cd9414a_20240829_215509.data
30.0 210.0 17 25.89125110132159 0cd9414a_20240829_215533.data
50.0 210.0 17 26.240572687224667 0cd9414a_20240829_215557.data
70.0 210.0 17 26.008123348017623 0cd9414a_20240829_215621.data
90.0 210.0 17 26.124563876651983 0cd9414a_20240829_215645.data
110.0 210.0 17 26.240572687224667 0cd9414a_20240829_215709.data
130.0 210.0 17 26.124563876651983 0cd9414a_20240829_215734.data
150.0 210.0 17 26.124563876651983 0cd9414a_20240829_215758.data
170.0 210.0 17 26.124563876651983 0cd9414a_20240829_215822.data
190.0 210.0 17 26.124563876651983 0cd9414a_20240829_215846.data
210.0 210.0 17 26.124563876651983 0cd9414a_20240829_215910.data
230.0 210.0 17 26.124563876651983 0cd9414a_20240829_215934.data
250.0 210.0 17 26.124563876651983 0cd9414a_20240829_215958.data
270.0 210.0 17 26.124563876651983 0cd9414a_20240829_220022.data
290.0 210.0 17 26.124563876651983 0cd9414a_20240829_220046.data
290.0 230.0 17 26.240572687224667 0cd9414a_20240829_220110.data
270.0 230.0 17 26.124563876651983 0cd9414a_20240829_220134.data
250.0 230.0 17 26.124563876651983 0cd9414a_20240829_220158.data
230.0 230.0 17 26.124563876651983 0cd9414a_20240829_220222.data
210.0 230.0 17 26.240572687224667 0cd9414a_20240829_220246.data
190.0 230.0 17 26.124563876651983 0cd9414a_20240829_220310.data
170.0 230.0 17 26.008123348017623 0cd9414a_20240829_220334.data
150.0 230.0 17 26.124563876651983 0cd9414a_20240829_220358.data
130.0 230.0 17 25.89125110132159 0cd9414a_20240829_220422.data
110.0 230.0 17 26.124563876651983 0cd9414a_20240829_220446.data
90.0 230.0 17 26.008123348017623 0cd9414a_20240829_220510.data
70.0 230.0 17 26.124563876651983 0cd9414a_20240829_220534.data
50.0 230.0 17 26.008123348017623 0cd9414a_20240829_220558.data
30.0 230.0 17 26.008123348017623 0cd9414a_20240829_220622.data
10.0 230.0 17 25.89125110132159 0cd9414a_20240829_220646.data
10.0 250.0 17 26.008123348017623 0cd9414a_20240829_220710.data
30.0 250.0 17 25.773885462555068 0cd9414a_20240829_220734.data
50.0 250.0 17 26.124563876651983 0cd9414a_20240829_220758.data
70.0 250.0 17 26.008123348017623 0cd9414a_20240829_220822.data
90.0 250.0 17 26.124563876651983 0cd9414a_20240829_220846.data
110.0 250.0 17 26.124563876651983 0cd9414a_20240829_220910.data
130.0 250.0 17 26.240572687224667 0cd9414a_20240829_220934.data
150.0 250.0 17 26.124563876651983 0cd9414a_20240829_220958.data
170.0 250.0 17 25.773885462555068 0cd9414a_20240829_221022.data
190.0 250.0 17 26.008123348017623 0cd9414a_20240829_221046.data
210.0 250.0 17 25.89125110132159 0cd9414a_20240829_221110.data
230.0 250.0 17 26.008123348017623 0cd9414a_20240829_221134.data
250.0 250.0 17 25.89125110132159 0cd9414a_20240829_221158.data
270.0 250.0 17 26.124563876651983 0cd9414a_20240829_221222.data
290.0 250.0 17 25.773885462555068 0cd9414a_20240829_221246.data
290.0 270.0 17 26.124563876651983 0cd9414a_20240829_221310.data
270.0 270.0 17 26.124563876651983 0cd9414a_20240829_221334.data
250.0 270.0 17 26.008123348017623 0cd9414a_20240829_221358.data
230.0 270.0 17 26.124563876651983 0cd9414a_20240829_221422.data
210.0 270.0 17 25.773885462555068 0cd9414a_20240829_221446.data
190.0 270.0 17 26.124563876651983 0cd9414a_20240829_221510.data
170.0 270.0 17 25.89125110132159 0cd9414a_20240829_221534.data
150.0 270.0 17 26.124563876651983 0cd9414a_20240829_221558.data
130.0 270.0 17 26.124563876651983 0cd9414a_20240829_221622.data
110.0 270.0 17 26.124563876651983 0cd9414a_20240829_221646.data
90.0 270.0 17 25.773885462555068 0cd9414a_20240829_221710.data
70.0 270.0 17 26.008123348017623 0cd9414a_20240829_221734.data
50.0 270.0 17 26.008123348017623 0cd9414a_20240829_221758.data
30.0 270.0 17 26.008123348017623 0cd9414a_20240829_221822.data
10.0 270.0 17 26.124563876651983 0cd9414a_20240829_221846.data
10.0 290.0 17 26.008123348017623 0cd9414a_20240829_221910.data
30.0 290.0 17 25.89125110132159 0cd9414a_20240829_221934.data
50.0 290.0 17 25.89125110132159 0cd9414a_20240829_221958.data
70.0 290.0 17 25.89125110132159 0cd9414a_20240829_222022.data
90.0 290.0 17 25.89125110132159 0cd9414a_20240829_222046.data
110.0 290.0 17 25.89125110132159 0cd9414a_20240829_222110.data
130.0 290.0 17 25.773885462555068 0cd9414a_20240829_222134.data
150.0 290.0 17 25.773885462555068 0cd9414a_20240829_222158.data
170.0 290.0 17 25.773885462555068 0cd9414a_20240829_222222.data
190.0 290.0 17 25.773885462555068 0cd9414a_20240829_222246.data
210.0 290.0 17 25.89125110132159 0cd9414a_20240829_222310.data
230.0 290.0 17 25.773885462555068 0cd9414a_20240829_222334.data
250.0 290.0 17 25.89125110132159 0cd9414a_20240829_222358.data
270.0 290.0 17 25.773885462555068 0cd9414a_20240829_222422.data
290.0 290.0 17 25.773885462555068 0cd9414a_20240829_222446.data
290.0 310.0 17 25.89125110132159 0cd9414a_20240829_222510.data
270.0 310.0 17 25.89125110132159 0cd9414a_20240829_222534.data
250.0 310.0 17 25.89125110132159 0cd9414a_20240829_222558.data
230.0 310.0 17 25.89125110132159 0cd9414a_20240829_222622.data
210.0 310.0 17 25.773885462555068 0cd9414a_20240829_222646.data
190.0 310.0 17 -1 0cd9414a_20240829_222710.data
170.0 310.0 17 25.89125110132159 0cd9414a_20240829_222735.data
150.0 310.0 17 25.773885462555068 0cd9414a_20240829_222759.data
130.0 310.0 17 -1 0cd9414a_20240829_222823.data
110.0 310.0 17 25.89125110132159 0cd9414a_20240829_222847.data
90.0 310.0 17 25.89125110132159 0cd9414a_20240829_222911.data
70.0 310.0 17 25.89125110132159 0cd9414a_20240829_222935.data
50.0 310.0 17 25.89125110132159 0cd9414a_20240829_222959.data
30.0 310.0 17 25.89125110132159 0cd9414a_20240829_223023.data
10.0 310.0 17 25.89125110132159 0cd9414a_20240829_223047.data
10.0 330.0 17 -1 0cd9414a_20240829_223111.data
30.0 330.0 17 25.89125110132159 0cd9414a_20240829_223135.data
50.0 330.0 17 25.89125110132159 0cd9414a_20240829_223159.data
70.0 330.0 17 25.89125110132159 0cd9414a_20240829_223223.data
90.0 330.0 17 25.894273127753305 0cd9414a_20240829_223247.data
110.0 330.0 17 26.008123348017623 0cd9414a_20240829_223311.data
130.0 330.0 17 26.008123348017623 0cd9414a_20240829_223335.data
150.0 330.0 17 26.008123348017623 0cd9414a_20240829_223359.data
170.0 330.0 17 26.008123348017623 0cd9414a_20240829_223423.data
190.0 330.0 17 26.008123348017623 0cd9414a_20240829_223447.data
210.0 330.0 17 26.008123348017623 0cd9414a_20240829_223511.data
230.0 330.0 17 26.008123348017623 0cd9414a_20240829_223535.data
250.0 330.0 17 26.008123348017623 0cd9414a_20240829_223559.data
270.0 330.0 17 26.008123348017623 0cd9414a_20240829_223623.data
290.0 330.0 17 26.124563876651983 0cd9414a_20240829_223647.data
10.0 350.0 17 26.008123348017623 0cd9414a_20240829_231738.data
30.0 350.0 17 26.008123348017623 0cd9414a_20240829_231802.data
50.0 350.0 17 26.008123348017623 0cd9414a_20240829_231826.data
70.0 350.0 17 26.008123348017623 0cd9414a_20240829_231850.data
90.0 350.0 17 26.008123348017623 0cd9414a_20240829_231914.data
110.0 350.0 17 26.008123348017623 0cd9414a_20240829_231938.data
130.0 350.0 17 26.008123348017623 0cd9414a_20240829_232002.data
150.0 350.0 17 26.008123348017623 0cd9414a_20240829_232026.data
170.0 350.0 17 26.008123348017623 0cd9414a_20240829_232050.data
190.0 350.0 17 26.008123348017623 0cd9414a_20240829_232114.data
210.0 350.0 17 26.008123348017623 0cd9414a_20240829_232138.data
230.0 350.0 17 26.008123348017623 0cd9414a_20240829_232202.data
250.0 350.0 17 26.008123348017623 0cd9414a_20240829_232226.data
270.0 350.0 17 26.008123348017623 0cd9414a_20240829_232250.data
290.0 350.0 17 26.008123348017623 0cd9414a_20240829_232314.data
290.0 370.0 17 26.008123348017623 0cd9414a_20240829_232338.data
270.0 370.0 17 26.008123348017623 0cd9414a_20240829_232402.data
250.0 370.0 17 26.008123348017623 0cd9414a_20240829_232426.data
230.0 370.0 17 26.008123348017623 0cd9414a_20240829_232450.data
210.0 370.0 17 26.008123348017623 0cd9414a_20240829_232514.data
190.0 370.0 17 26.008123348017623 0cd9414a_20240829_232538.data
170.0 370.0 17 26.240572687224667 0cd9414a_20240829_232602.data
150.0 370.0 17 26.008123348017623 0cd9414a_20240829_232626.data
130.0 370.0 17 26.240572687224667 0cd9414a_20240829_232650.data
110.0 370.0 17 25.89125110132159 0cd9414a_20240829_232714.data
90.0 370.0 17 26.008123348017623 0cd9414a_20240829_232738.data
70.0 370.0 17 26.008123348017623 0cd9414a_20240829_232802.data
50.0 370.0 17 26.008123348017623 0cd9414a_20240829_232827.data
30.0 370.0 17 26.008123348017623 0cd9414a_20240829_232851.data
10.0 370.0 17 26.008123348017623 0cd9414a_20240829_232915.data
10.0 390.0 17 26.008123348017623 0cd9414a_20240829_232939.data
30.0 390.0 17 26.008123348017623 0cd9414a_20240829_233003.data
50.0 390.0 17 26.008123348017623 0cd9414a_20240829_233027.data
70.0 390.0 17 26.008123348017623 0cd9414a_20240829_233051.data
90.0 390.0 17 26.008123348017623 0cd9414a_20240829_233115.data
110.0 390.0 17 26.008123348017623 0cd9414a_20240829_233139.data
130.0 390.0 17 26.008123348017623 0cd9414a_20240829_233203.data
150.0 390.0 17 26.008123348017623 0cd9414a_20240829_233227.data
170.0 390.0 17 26.008123348017623 0cd9414a_20240829_233251.data
190.0 390.0 17 26.008123348017623 0cd9414a_20240829_233315.data
210.0 390.0 17 26.008123348017623 0cd9414a_20240829_233339.data
230.0 390.0 17 26.008123348017623 0cd9414a_20240829_233403.data
250.0 390.0 17 26.008123348017623 0cd9414a_20240829_233427.data
270.0 390.0 17 26.008123348017623 0cd9414a_20240829_233451.data
290.0 390.0 17 26.008123348017623 0cd9414a_20240829_233515.data
290.0 410.0 17 26.008123348017623 0cd9414a_20240829_233539.data
270.0 410.0 17 26.008123348017623 0cd9414a_20240829_233603.data
250.0 410.0 17 26.008123348017623 0cd9414a_20240829_233627.data
230.0 410.0 17 26.008123348017623 0cd9414a_20240829_233651.data
210.0 410.0 17 26.008123348017623 0cd9414a_20240829_233715.data
190.0 410.0 17 26.008123348017623 0cd9414a_20240829_233739.data
170.0 410.0 17 26.008123348017623 0cd9414a_20240829_233803.data
150.0 410.0 17 26.008123348017623 0cd9414a_20240829_233827.data
130.0 410.0 17 26.008123348017623 0cd9414a_20240829_233851.data
110.0 410.0 17 26.008123348017623 0cd9414a_20240829_233915.data
90.0 410.0 17 26.008123348017623 0cd9414a_20240829_233939.data
70.0 410.0 17 26.008123348017623 0cd9414a_20240829_234003.data
50.0 410.0 17 26.124563876651983 0cd9414a_20240829_234027.data
30.0 410.0 17 26.008123348017623 0cd9414a_20240829_234051.data
10.0 410.0 17 26.008123348017623 0cd9414a_20240829_234115.data
10.0 430.0 17 26.124563876651983 0cd9414a_20240829_234139.data
30.0 430.0 17 26.008123348017623 0cd9414a_20240829_234203.data
50.0 430.0 17 26.008123348017623 0cd9414a_20240829_234227.data
70.0 430.0 17 26.008123348017623 0cd9414a_20240829_234251.data
90.0 430.0 17 26.008123348017623 0cd9414a_20240829_234315.data
110.0 430.0 17 26.008123348017623 0cd9414a_20240829_234339.data
130.0 430.0 17 26.008123348017623 0cd9414a_20240829_234403.data
150.0 430.0 17 26.008123348017623 0cd9414a_20240829_234427.data
170.0 430.0 17 26.008123348017623 0cd9414a_20240829_234451.data
190.0 430.0 17 26.008123348017623 0cd9414a_20240829_234515.data
210.0 430.0 17 26.008123348017623 0cd9414a_20240829_234539.data
230.0 430.0 17 26.008123348017623 0cd9414a_20240829_234603.data
250.0 430.0 17 26.008123348017623 0cd9414a_20240829_234627.data
270.0 430.0 17 26.124563876651983 0cd9414a_20240829_234651.data
290.0 430.0 17 26.008123348017623 0cd9414a_20240829_234715.data
290.0 450.0 17 26.008123348017623 0cd9414a_20240829_234739.data
270.0 450.0 17 26.008123348017623 0cd9414a_20240829_234803.data
250.0 450.0 17 26.008123348017623 0cd9414a_20240829_234827.data
230.0 450.0 17 26.008123348017623 0cd9414a_20240829_234851.data
210.0 450.0 17 26.008123348017623 0cd9414a_20240829_234915.data
190.0 450.0 17 26.124563876651983 0cd9414a_20240829_234939.data
170.0 450.0 17 26.008123348017623 0cd9414a_20240829_235003.data
150.0 450.0 17 26.008123348017623 0cd9414a_20240829_235027.data
130.0 450.0 17 26.008123348017623 0cd9414a_20240829_235051.data
110.0 450.0 17 26.008123348017623 0cd9414a_20240829_235115.data
90.0 450.0 17 26.008123348017623 0cd9414a_20240829_235139.data
70.0 450.0 17 26.008123348017623 0cd9414a_20240829_235203.data
50.0 450.0 17 26.008123348017623 0cd9414a_20240829_235227.data
30.0 450.0 17 26.008123348017623 0cd9414a_20240829_235251.data
10.0 450.0 17 26.008123348017623 0cd9414a_20240829_235315.data
10.0 470.0 17 26.008123348017623 0cd9414a_20240829_235339.data
30.0 470.0 17 26.124563876651983 0cd9414a_20240829_235403.data
50.0 470.0 17 26.240572687224667 0cd9414a_20240829_235427.data
70.0 470.0 17 26.008123348017623 0cd9414a_20240829_235451.data
90.0 470.0 17 26.008123348017623 0cd9414a_20240829_235515.data
110.0 470.0 17 26.008123348017623 0cd9414a_20240829_235539.data
130.0 470.0 17 26.008123348017623 0cd9414a_20240829_235603.data
150.0 470.0 17 26.008123348017623 0cd9414a_20240829_235627.data
170.0 470.0 17 26.008123348017623 0cd9414a_20240829_235651.data
190.0 470.0 17 26.008123348017623 0cd9414a_20240829_235715.data
210.0 470.0 17 26.008123348017623 0cd9414a_20240829_235739.data
230.0 470.0 17 26.008123348017623 0cd9414a_20240829_235803.data
250.0 470.0 17 26.008123348017623 0cd9414a_20240829_235827.data
270.0 470.0 17 26.124563876651983 0cd9414a_20240829_235851.data
290.0 470.0 17 26.008123348017623 0cd9414a_20240829_235915.data
