-1 -1 -1 24.637394736842104 0cd9414a_20240828_102344.data
10.0 10.0 17 24.637394736842104 0cd9414a_20240828_102424.data
30.0 10.0 17 24.637394736842104 0cd9414a_20240828_102448.data
50.0 10.0 17 24.637394736842104 0cd9414a_20240828_102512.data
70.0 10.0 17 24.637394736842104 0cd9414a_20240828_102536.data
90.0 10.0 17 24.637394736842104 0cd9414a_20240828_102600.data
110.0 10.0 17 24.637394736842104 0cd9414a_20240828_102624.data
130.0 10.0 17 24.637394736842104 0cd9414a_20240828_102648.data
150.0 10.0 17 24.637394736842104 0cd9414a_20240828_102712.data
170.0 10.0 17 24.532868421052633 0cd9414a_20240828_102736.data
190.0 10.0 17 24.637394736842104 0cd9414a_20240828_102800.data
210.0 10.0 17 24.637394736842104 0cd9414a_20240828_102824.data
230.0 10.0 17 24.845210526315793 0cd9414a_20240828_102848.data
250.0 10.0 17 24.637394736842104 0cd9414a_20240828_102912.data
270.0 10.0 17 24.637394736842104 0cd9414a_20240828_102936.data
290.0 10.0 17 24.637394736842104 0cd9414a_20240828_103000.data
290.0 30.0 17 24.637394736842104 0cd9414a_20240828_103024.data
270.0 30.0 17 24.637394736842104 0cd9414a_20240828_103048.data
250.0 30.0 17 24.637394736842104 0cd9414a_20240828_103112.data
230.0 30.0 17 24.637394736842104 0cd9414a_20240828_103136.data
210.0 30.0 17 24.637394736842104 0cd9414a_20240828_103200.data
190.0 30.0 17 24.637394736842104 0cd9414a_20240828_103224.data
170.0 30.0 17 24.637394736842104 0cd9414a_20240828_103248.data
150.0 30.0 17 24.637394736842104 0cd9414a_20240828_103312.data
130.0 30.0 17 24.637394736842104 0cd9414a_20240828_103336.data
110.0 30.0 17 24.637394736842104 0cd9414a_20240828_103400.data
90.0 30.0 17 24.637394736842104 0cd9414a_20240828_103424.data
70.0 30.0 17 24.637394736842104 0cd9414a_20240828_103448.data
50.0 30.0 17 24.637394736842104 0cd9414a_20240828_103512.data
30.0 30.0 17 24.637394736842104 0cd9414a_20240828_103536.data
10.0 30.0 17 24.637394736842104 0cd9414a_20240828_103600.data
10.0 50.0 17 24.741500000000002 0cd9414a_20240828_103624.data
30.0 50.0 17 24.637394736842104 0cd9414a_20240828_103648.data
50.0 50.0 17 24.637394736842104 0cd9414a_20240828_103712.data
70.0 50.0 17 24.637394736842104 0cd9414a_20240828_103736.data
90.0 50.0 17 24.637394736842104 0cd9414a_20240828_103800.data
110.0 50.0 17 24.532868421052633 0cd9414a_20240828_103824.data
130.0 50.0 17 24.637394736842104 0cd9414a_20240828_103848.data
150.0 50.0 17 24.637394736842104 0cd9414a_20240828_103912.data
170.0 50.0 17 24.637394736842104 0cd9414a_20240828_103936.data
190.0 50.0 17 24.637394736842104 0cd9414a_20240828_104000.data
210.0 50.0 17 24.741500000000002 0cd9414a_20240828_104024.data
230.0 50.0 17 24.637394736842104 0cd9414a_20240828_104048.data
250.0 50.0 17 24.637394736842104 0cd9414a_20240828_104112.data
270.0 50.0 17 24.637394736842104 0cd9414a_20240828_104136.data
290.0 50.0 17 24.637394736842104 0cd9414a_20240828_104200.data
290.0 70.0 17 24.637394736842104 0cd9414a_20240828_104224.data
270.0 70.0 17 24.637394736842104 0cd9414a_20240828_104248.data
250.0 70.0 17 24.637394736842104 0cd9414a_20240828_104312.data
230.0 70.0 17 24.637394736842104 0cd9414a_20240828_104336.data
210.0 70.0 17 24.637394736842104 0cd9414a_20240828_104400.data
190.0 70.0 17 24.637394736842104 0cd9414a_20240828_104424.data
170.0 70.0 17 24.637394736842104 0cd9414a_20240828_104448.data
150.0 70.0 17 24.637394736842104 0cd9414a_20240828_104512.data
130.0 70.0 17 24.637394736842104 0cd9414a_20240828_104536.data
110.0 70.0 17 24.637394736842104 0cd9414a_20240828_104600.data
90.0 70.0 17 24.637394736842104 0cd9414a_20240828_104624.data
70.0 70.0 17 24.637394736842104 0cd9414a_20240828_104648.data
50.0 70.0 17 24.637394736842104 0cd9414a_20240828_104712.data
30.0 70.0 17 24.637394736842104 0cd9414a_20240828_104736.data
10.0 70.0 17 24.637394736842104 0cd9414a_20240828_104800.data
10.0 90.0 17 24.637394736842104 0cd9414a_20240828_104824.data
30.0 90.0 17 24.532868421052633 0cd9414a_20240828_104848.data
50.0 90.0 17 24.532868421052633 0cd9414a_20240828_104912.data
70.0 90.0 17 24.637394736842104 0cd9414a_20240828_104936.data
90.0 90.0 17 24.637394736842104 0cd9414a_20240828_105000.data
110.0 90.0 17 24.637394736842104 0cd9414a_20240828_105024.data
130.0 90.0 17 24.637394736842104 0cd9414a_20240828_105048.data
150.0 90.0 17 24.637394736842104 0cd9414a_20240828_105112.data
170.0 90.0 17 24.637394736842104 0cd9414a_20240828_105136.data
190.0 90.0 17 24.637394736842104 0cd9414a_20240828_105201.data
210.0 90.0 17 24.532868421052633 0cd9414a_20240828_105225.data
230.0 90.0 17 24.532868421052633 0cd9414a_20240828_105249.data
250.0 90.0 17 24.845210526315793 0cd9414a_20240828_105313.data
270.0 90.0 17 24.532868421052633 0cd9414a_20240828_105337.data
290.0 90.0 17 24.637394736842104 0cd9414a_20240828_105401.data
290.0 110.0 17 24.637394736842104 0cd9414a_20240828_105425.data
270.0 110.0 17 24.637394736842104 0cd9414a_20240828_105449.data
250.0 110.0 17 24.637394736842104 0cd9414a_20240828_105513.data
230.0 110.0 17 24.637394736842104 0cd9414a_20240828_105537.data
210.0 110.0 17 24.637394736842104 0cd9414a_20240828_105601.data
190.0 110.0 17 24.637394736842104 0cd9414a_20240828_105625.data
170.0 110.0 17 24.532868421052633 0cd9414a_20240828_105649.data
150.0 110.0 17 24.637394736842104 0cd9414a_20240828_105713.data
130.0 110.0 17 24.637394736842104 0cd9414a_20240828_105737.data
110.0 110.0 17 24.637394736842104 0cd9414a_20240828_105801.data
90.0 110.0 17 24.637394736842104 0cd9414a_20240828_105825.data
70.0 110.0 17 24.637394736842104 0cd9414a_20240828_105849.data
50.0 110.0 17 24.637394736842104 0cd9414a_20240828_105913.data
30.0 110.0 17 24.637394736842104 0cd9414a_20240828_105937.data
10.0 110.0 17 24.637394736842104 0cd9414a_20240828_110001.data
10.0 130.0 17 24.845210526315793 0cd9414a_20240828_110025.data
30.0 130.0 17 24.637394736842104 0cd9414a_20240828_110049.data
50.0 130.0 17 24.637394736842104 0cd9414a_20240828_110113.data
70.0 130.0 17 24.637394736842104 0cd9414a_20240828_110137.data
90.0 130.0 17 24.637394736842104 0cd9414a_20240828_110201.data
110.0 130.0 17 24.532868421052633 0cd9414a_20240828_110225.data
130.0 130.0 17 24.637394736842104 0cd9414a_20240828_110249.data
150.0 130.0 17 24.532868421052633 0cd9414a_20240828_110313.data
170.0 130.0 17 24.637394736842104 0cd9414a_20240828_110337.data
190.0 130.0 17 24.532868421052633 0cd9414a_20240828_110401.data
210.0 130.0 17 24.637394736842104 0cd9414a_20240828_110425.data
230.0 130.0 17 24.532868421052633 0cd9414a_20240828_110449.data
250.0 130.0 17 24.637394736842104 0cd9414a_20240828_110513.data
270.0 130.0 17 24.532868421052633 0cd9414a_20240828_110537.data
290.0 130.0 17 24.637394736842104 0cd9414a_20240828_110601.data
290.0 150.0 17 24.532868421052633 0cd9414a_20240828_110625.data
270.0 150.0 17 24.637394736842104 0cd9414a_20240828_110649.data
250.0 150.0 17 24.532868421052633 0cd9414a_20240828_110713.data
230.0 150.0 17 24.532868421052633 0cd9414a_20240828_110737.data
210.0 150.0 17 24.637394736842104 0cd9414a_20240828_110801.data
190.0 150.0 17 24.637394736842104 0cd9414a_20240828_110825.data
170.0 150.0 17 24.845210526315793 0cd9414a_20240828_110849.data
150.0 150.0 17 24.532868421052633 0cd9414a_20240828_110913.data
130.0 150.0 17 24.637394736842104 0cd9414a_20240828_110937.data
110.0 150.0 17 24.532868421052633 0cd9414a_20240828_111001.data
90.0 150.0 17 24.532868421052633 0cd9414a_20240828_111025.data
70.0 150.0 17 24.637394736842104 0cd9414a_20240828_111049.data
50.0 150.0 17 24.637394736842104 0cd9414a_20240828_111113.data
30.0 150.0 17 24.845210526315793 0cd9414a_20240828_111137.data
10.0 150.0 17 24.637394736842104 0cd9414a_20240828_111201.data
10.0 170.0 17 24.637394736842104 0cd9414a_20240828_111225.data
30.0 170.0 17 24.845210526315793 0cd9414a_20240828_111249.data
50.0 170.0 17 24.637394736842104 0cd9414a_20240828_111313.data
70.0 170.0 17 24.637394736842104 0cd9414a_20240828_111337.data
90.0 170.0 17 24.637394736842104 0cd9414a_20240828_111401.data
110.0 170.0 17 24.637394736842104 0cd9414a_20240828_111425.data
130.0 170.0 17 24.637394736842104 0cd9414a_20240828_111449.data
150.0 170.0 17 24.637394736842104 0cd9414a_20240828_111513.data
170.0 170.0 17 24.637394736842104 0cd9414a_20240828_111537.data
190.0 170.0 17 24.637394736842104 0cd9414a_20240828_111601.data
210.0 170.0 17 24.637394736842104 0cd9414a_20240828_111625.data
230.0 170.0 17 24.637394736842104 0cd9414a_20240828_111649.data
250.0 170.0 17 24.637394736842104 0cd9414a_20240828_111713.data
270.0 170.0 17 24.637394736842104 0cd9414a_20240828_111737.data
290.0 170.0 17 24.637394736842104 0cd9414a_20240828_111801.data
290.0 190.0 17 24.637394736842104 0cd9414a_20240828_111825.data
270.0 190.0 17 24.637394736842104 0cd9414a_20240828_111849.data
250.0 190.0 17 24.637394736842104 0cd9414a_20240828_111913.data
230.0 190.0 17 24.637394736842104 0cd9414a_20240828_111937.data
210.0 190.0 17 24.637394736842104 0cd9414a_20240828_112001.data
190.0 190.0 17 24.637394736842104 0cd9414a_20240828_112025.data
170.0 190.0 17 24.637394736842104 0cd9414a_20240828_112049.data
150.0 190.0 17 24.637394736842104 0cd9414a_20240828_112113.data
130.0 190.0 17 24.532868421052633 0cd9414a_20240828_112137.data
110.0 190.0 17 24.637394736842104 0cd9414a_20240828_112201.data
90.0 190.0 17 24.637394736842104 0cd9414a_20240828_112225.data
70.0 190.0 17 24.637394736842104 0cd9414a_20240828_112249.data
50.0 190.0 17 24.637394736842104 0cd9414a_20240828_112313.data
30.0 190.0 17 24.637394736842104 0cd9414a_20240828_112338.data
10.0 190.0 17 24.637394736842104 0cd9414a_20240828_112402.data
10.0 210.0 17 24.637394736842104 0cd9414a_20240828_112426.data
30.0 210.0 17 24.637394736842104 0cd9414a_20240828_112450.data
50.0 210.0 17 24.637394736842104 0cd9414a_20240828_112514.data
70.0 210.0 17 24.532868421052633 0cd9414a_20240828_112538.data
90.0 210.0 17 24.637394736842104 0cd9414a_20240828_112602.data
110.0 210.0 17 24.637394736842104 0cd9414a_20240828_112626.data
130.0 210.0 17 24.637394736842104 0cd9414a_20240828_112650.data
150.0 210.0 17 24.637394736842104 0cd9414a_20240828_112714.data
170.0 210.0 17 24.637394736842104 0cd9414a_20240828_112738.data
190.0 210.0 17 24.637394736842104 0cd9414a_20240828_112802.data
210.0 210.0 17 24.637394736842104 0cd9414a_20240828_112826.data
230.0 210.0 17 24.637394736842104 0cd9414a_20240828_112850.data
250.0 210.0 17 24.637394736842104 0cd9414a_20240828_112914.data
270.0 210.0 17 24.637394736842104 0cd9414a_20240828_112938.data
290.0 210.0 17 24.637394736842104 0cd9414a_20240828_113002.data
290.0 230.0 17 24.637394736842104 0cd9414a_20240828_113026.data
270.0 230.0 17 24.637394736842104 0cd9414a_20240828_113050.data
250.0 230.0 17 24.637394736842104 0cd9414a_20240828_113114.data
230.0 230.0 17 24.637394736842104 0cd9414a_20240828_113138.data
210.0 230.0 17 24.741500000000002 0cd9414a_20240828_113202.data
190.0 230.0 17 24.637394736842104 0cd9414a_20240828_113226.data
170.0 230.0 17 24.637394736842104 0cd9414a_20240828_113250.data
150.0 230.0 17 24.637394736842104 0cd9414a_20240828_113314.data
130.0 230.0 17 24.637394736842104 0cd9414a_20240828_113338.data
110.0 230.0 17 24.637394736842104 0cd9414a_20240828_113402.data
90.0 230.0 17 24.532868421052633 0cd9414a_20240828_113426.data
70.0 230.0 17 24.637394736842104 0cd9414a_20240828_113450.data
50.0 230.0 17 24.637394736842104 0cd9414a_20240828_113514.data
30.0 230.0 17 24.637394736842104 0cd9414a_20240828_113538.data
10.0 230.0 17 24.845210526315793 0cd9414a_20240828_113602.data
10.0 250.0 17 24.637394736842104 0cd9414a_20240828_113626.data
30.0 250.0 17 24.637394736842104 0cd9414a_20240828_113650.data
50.0 250.0 17 24.637394736842104 0cd9414a_20240828_113714.data
70.0 250.0 17 24.637394736842104 0cd9414a_20240828_113738.data
90.0 250.0 17 24.637394736842104 0cd9414a_20240828_113802.data
110.0 250.0 17 24.637394736842104 0cd9414a_20240828_113826.data
130.0 250.0 17 24.637394736842104 0cd9414a_20240828_113850.data
150.0 250.0 17 24.637394736842104 0cd9414a_20240828_113914.data
170.0 250.0 17 24.637394736842104 0cd9414a_20240828_113938.data
190.0 250.0 17 24.637394736842104 0cd9414a_20240828_114002.data
210.0 250.0 17 24.637394736842104 0cd9414a_20240828_114026.data
230.0 250.0 17 24.637394736842104 0cd9414a_20240828_114050.data
250.0 250.0 17 24.637394736842104 0cd9414a_20240828_114114.data
270.0 250.0 17 24.637394736842104 0cd9414a_20240828_114138.data
290.0 250.0 17 24.637394736842104 0cd9414a_20240828_114202.data
290.0 270.0 17 24.637394736842104 0cd9414a_20240828_114226.data
270.0 270.0 17 24.637394736842104 0cd9414a_20240828_114250.data
250.0 270.0 17 24.637394736842104 0cd9414a_20240828_114314.data
230.0 270.0 17 24.637394736842104 0cd9414a_20240828_114338.data
210.0 270.0 17 24.637394736842104 0cd9414a_20240828_114402.data
190.0 270.0 17 24.637394736842104 0cd9414a_20240828_114426.data
170.0 270.0 17 24.637394736842104 0cd9414a_20240828_114450.data
150.0 270.0 17 24.637394736842104 0cd9414a_20240828_114514.data
130.0 270.0 17 24.637394736842104 0cd9414a_20240828_114538.data
110.0 270.0 17 24.637394736842104 0cd9414a_20240828_114602.data
90.0 270.0 17 24.637394736842104 0cd9414a_20240828_114626.data
70.0 270.0 17 24.637394736842104 0cd9414a_20240828_114650.data
50.0 270.0 17 -1 0cd9414a_20240828_114714.data
30.0 270.0 17 24.637394736842104 0cd9414a_20240828_114738.data
10.0 270.0 17 24.637394736842104 0cd9414a_20240828_114802.data
10.0 290.0 17 -1 0cd9414a_20240828_114826.data
30.0 290.0 17 24.637394736842104 0cd9414a_20240828_114850.data
50.0 290.0 17 24.637394736842104 0cd9414a_20240828_114914.data
70.0 290.0 17 -1 0cd9414a_20240828_114938.data
90.0 290.0 17 24.741500000000002 0cd9414a_20240828_115002.data
110.0 290.0 17 24.637394736842104 0cd9414a_20240828_115026.data
130.0 290.0 17 -1 0cd9414a_20240828_115050.data
150.0 290.0 17 24.637394736842104 0cd9414a_20240828_115114.data
170.0 290.0 17 24.637394736842104 0cd9414a_20240828_115139.data
190.0 290.0 17 -1 0cd9414a_20240828_115202.data
210.0 290.0 17 24.845210526315793 0cd9414a_20240828_115227.data
230.0 290.0 17 24.741500000000002 0cd9414a_20240828_115251.data
250.0 290.0 17 24.741500000000002 0cd9414a_20240828_115315.data
270.0 290.0 17 24.741500000000002 0cd9414a_20240828_115339.data
290.0 290.0 17 24.741500000000002 0cd9414a_20240828_115403.data
290.0 310.0 17 24.741500000000002 0cd9414a_20240828_115427.data
270.0 310.0 17 24.845210526315793 0cd9414a_20240828_115451.data
250.0 310.0 17 24.741500000000002 0cd9414a_20240828_115515.data
230.0 310.0 17 24.741500000000002 0cd9414a_20240828_115539.data
210.0 310.0 17 24.845210526315793 0cd9414a_20240828_115603.data
190.0 310.0 17 24.741500000000002 0cd9414a_20240828_115627.data
170.0 310.0 17 24.845210526315793 0cd9414a_20240828_115651.data
150.0 310.0 17 24.845210526315793 0cd9414a_20240828_115715.data
130.0 310.0 17 24.741500000000002 0cd9414a_20240828_115739.data
110.0 310.0 17 24.845210526315793 0cd9414a_20240828_115803.data
90.0 310.0 17 24.845210526315793 0cd9414a_20240828_115827.data
70.0 310.0 17 24.845210526315793 0cd9414a_20240828_115851.data
50.0 310.0 17 24.741500000000002 0cd9414a_20240828_115915.data
30.0 310.0 17 24.845210526315793 0cd9414a_20240828_115939.data
10.0 310.0 17 24.741500000000002 0cd9414a_20240828_120003.data
10.0 330.0 17 24.741500000000002 0cd9414a_20240828_120027.data
30.0 330.0 17 24.845210526315793 0cd9414a_20240828_120051.data
50.0 330.0 17 24.845210526315793 0cd9414a_20240828_120115.data
70.0 330.0 17 24.741500000000002 0cd9414a_20240828_120139.data
90.0 330.0 17 24.845210526315793 0cd9414a_20240828_120203.data
110.0 330.0 17 24.741500000000002 0cd9414a_20240828_120227.data
130.0 330.0 17 24.741500000000002 0cd9414a_20240828_120251.data
150.0 330.0 17 24.845210526315793 0cd9414a_20240828_120315.data
170.0 330.0 17 24.637394736842104 0cd9414a_20240828_120339.data
190.0 330.0 17 24.741500000000002 0cd9414a_20240828_120403.data
210.0 330.0 17 24.741500000000002 0cd9414a_20240828_120427.data
230.0 330.0 17 24.845210526315793 0cd9414a_20240828_120451.data
250.0 330.0 17 24.845210526315793 0cd9414a_20240828_120515.data
270.0 330.0 17 24.741500000000002 0cd9414a_20240828_120539.data
290.0 330.0 17 24.845210526315793 0cd9414a_20240828_120603.data
10.0 350.0 17 24.741500000000002 0cd9414a_20240828_120825.data
30.0 350.0 17 24.845210526315793 0cd9414a_20240828_120849.data
50.0 350.0 17 24.741500000000002 0cd9414a_20240828_120913.data
70.0 350.0 17 24.845210526315793 0cd9414a_20240828_120937.data
90.0 350.0 17 24.741500000000002 0cd9414a_20240828_121001.data
110.0 350.0 17 24.845210526315793 0cd9414a_20240828_121025.data
130.0 350.0 17 24.741500000000002 0cd9414a_20240828_121049.data
150.0 350.0 17 24.845210526315793 0cd9414a_20240828_121113.data
170.0 350.0 17 24.845210526315793 0cd9414a_20240828_121137.data
190.0 350.0 17 24.845210526315793 0cd9414a_20240828_121201.data
210.0 350.0 17 24.741500000000002 0cd9414a_20240828_121225.data
230.0 350.0 17 24.845210526315793 0cd9414a_20240828_121249.data
250.0 350.0 17 24.845210526315793 0cd9414a_20240828_121313.data
270.0 350.0 17 24.845210526315793 0cd9414a_20240828_121337.data
290.0 350.0 17 24.948500000000003 0cd9414a_20240828_121401.data
290.0 370.0 17 24.741500000000002 0cd9414a_20240828_121425.data
270.0 370.0 17 24.741500000000002 0cd9414a_20240828_121449.data
250.0 370.0 17 24.845210526315793 0cd9414a_20240828_121513.data
230.0 370.0 17 24.741500000000002 0cd9414a_20240828_121537.data
210.0 370.0 17 24.741500000000002 0cd9414a_20240828_121601.data
190.0 370.0 17 24.845210526315793 0cd9414a_20240828_121625.data
170.0 370.0 17 24.741500000000002 0cd9414a_20240828_121649.data
150.0 370.0 17 24.845210526315793 0cd9414a_20240828_121713.data
130.0 370.0 17 24.741500000000002 0cd9414a_20240828_121737.data
110.0 370.0 17 24.845210526315793 0cd9414a_20240828_121801.data
90.0 370.0 17 24.845210526315793 0cd9414a_20240828_121825.data
70.0 370.0 17 24.845210526315793 0cd9414a_20240828_121849.data
50.0 370.0 17 24.741500000000002 0cd9414a_20240828_121913.data
30.0 370.0 17 24.741500000000002 0cd9414a_20240828_121937.data
10.0 370.0 17 24.741500000000002 0cd9414a_20240828_122001.data
10.0 390.0 17 24.845210526315793 0cd9414a_20240828_122025.data
30.0 390.0 17 25.06022466960353 0cd9414a_20240828_122049.data
50.0 390.0 17 24.845210526315793 0cd9414a_20240828_122113.data
70.0 390.0 17 24.845210526315793 0cd9414a_20240828_122137.data
90.0 390.0 17 24.741500000000002 0cd9414a_20240828_122201.data
110.0 390.0 17 24.845210526315793 0cd9414a_20240828_122225.data
130.0 390.0 17 24.845210526315793 0cd9414a_20240828_122249.data
150.0 390.0 17 24.845210526315793 0cd9414a_20240828_122313.data
170.0 390.0 17 24.845210526315793 0cd9414a_20240828_122337.data
190.0 390.0 17 24.741500000000002 0cd9414a_20240828_122401.data
210.0 390.0 17 24.845210526315793 0cd9414a_20240828_122425.data
230.0 390.0 17 24.741500000000002 0cd9414a_20240828_122449.data
250.0 390.0 17 24.741500000000002 0cd9414a_20240828_122513.data
270.0 390.0 17 24.741500000000002 0cd9414a_20240828_122537.data
290.0 390.0 17 24.845210526315793 0cd9414a_20240828_122601.data
290.0 410.0 17 24.741500000000002 0cd9414a_20240828_122625.data
270.0 410.0 17 24.741500000000002 0cd9414a_20240828_122649.data
250.0 410.0 17 24.845210526315793 0cd9414a_20240828_122713.data
230.0 410.0 17 24.845210526315793 0cd9414a_20240828_122737.data
210.0 410.0 17 24.741500000000002 0cd9414a_20240828_122801.data
190.0 410.0 17 24.845210526315793 0cd9414a_20240828_122825.data
170.0 410.0 17 24.741500000000002 0cd9414a_20240828_122849.data
150.0 410.0 17 24.741500000000002 0cd9414a_20240828_122913.data
130.0 410.0 17 24.741500000000002 0cd9414a_20240828_122937.data
110.0 410.0 17 24.741500000000002 0cd9414a_20240828_123001.data
90.0 410.0 17 24.845210526315793 0cd9414a_20240828_123025.data
70.0 410.0 17 24.845210526315793 0cd9414a_20240828_123049.data
50.0 410.0 17 24.741500000000002 0cd9414a_20240828_123113.data
30.0 410.0 17 24.845210526315793 0cd9414a_20240828_123137.data
10.0 410.0 17 24.845210526315793 0cd9414a_20240828_123201.data
10.0 430.0 17 24.741500000000002 0cd9414a_20240828_123225.data
30.0 430.0 17 24.845210526315793 0cd9414a_20240828_123249.data
50.0 430.0 17 24.845210526315793 0cd9414a_20240828_123313.data
70.0 430.0 17 24.741500000000002 0cd9414a_20240828_123337.data
90.0 430.0 17 24.741500000000002 0cd9414a_20240828_123401.data
110.0 430.0 17 24.845210526315793 0cd9414a_20240828_123425.data
130.0 430.0 17 24.741500000000002 0cd9414a_20240828_123449.data
150.0 430.0 17 24.741500000000002 0cd9414a_20240828_123513.data
170.0 430.0 17 24.845210526315793 0cd9414a_20240828_123537.data
190.0 430.0 17 24.845210526315793 0cd9414a_20240828_123601.data
210.0 430.0 17 24.845210526315793 0cd9414a_20240828_123625.data
230.0 430.0 17 24.845210526315793 0cd9414a_20240828_123649.data
250.0 430.0 17 24.741500000000002 0cd9414a_20240828_123713.data
270.0 430.0 17 24.845210526315793 0cd9414a_20240828_123737.data
290.0 430.0 17 24.845210526315793 0cd9414a_20240828_123801.data
290.0 450.0 17 24.845210526315793 0cd9414a_20240828_123825.data
270.0 450.0 17 24.741500000000002 0cd9414a_20240828_123849.data
250.0 450.0 17 24.845210526315793 0cd9414a_20240828_123913.data
230.0 450.0 17 24.845210526315793 0cd9414a_20240828_123937.data
210.0 450.0 17 24.845210526315793 0cd9414a_20240828_124001.data
190.0 450.0 17 24.845210526315793 0cd9414a_20240828_124026.data
170.0 450.0 17 24.845210526315793 0cd9414a_20240828_124050.data
150.0 450.0 17 24.741500000000002 0cd9414a_20240828_124114.data
130.0 450.0 17 24.741500000000002 0cd9414a_20240828_124138.data
110.0 450.0 17 24.845210526315793 0cd9414a_20240828_124202.data
90.0 450.0 17 24.845210526315793 0cd9414a_20240828_124226.data
70.0 450.0 17 24.845210526315793 0cd9414a_20240828_124250.data
50.0 450.0 17 24.741500000000002 0cd9414a_20240828_124314.data
30.0 450.0 17 24.845210526315793 0cd9414a_20240828_124338.data
10.0 450.0 17 24.845210526315793 0cd9414a_20240828_124402.data
10.0 470.0 17 24.845210526315793 0cd9414a_20240828_124426.data
30.0 470.0 17 24.741500000000002 0cd9414a_20240828_124450.data
50.0 470.0 17 24.741500000000002 0cd9414a_20240828_124514.data
70.0 470.0 17 24.741500000000002 0cd9414a_20240828_124538.data
90.0 470.0 17 24.845210526315793 0cd9414a_20240828_124602.data
110.0 470.0 17 24.845210526315793 0cd9414a_20240828_124626.data
130.0 470.0 17 24.845210526315793 0cd9414a_20240828_124650.data
150.0 470.0 17 24.845210526315793 0cd9414a_20240828_124714.data
170.0 470.0 17 24.845210526315793 0cd9414a_20240828_124738.data
190.0 470.0 17 24.845210526315793 0cd9414a_20240828_124802.data
210.0 470.0 17 24.845210526315793 0cd9414a_20240828_124826.data
230.0 470.0 17 24.845210526315793 0cd9414a_20240828_124850.data
250.0 470.0 17 24.845210526315793 0cd9414a_20240828_124914.data
270.0 470.0 17 24.845210526315793 0cd9414a_20240828_124938.data
290.0 470.0 17 24.741500000000002 0cd9414a_20240828_125002.data
