-1 -1 -1 25.656118942731283 0cd9414a_20240819_150130.data
10.0 10.0 17 25.656118942731283 0cd9414a_20240819_150209.data
30.0 10.0 17 25.656118942731283 0cd9414a_20240819_150233.data
50.0 10.0 17 25.656118942731283 0cd9414a_20240819_150257.data
70.0 10.0 17 25.537859030837005 0cd9414a_20240819_150322.data
90.0 10.0 17 25.656118942731283 0cd9414a_20240819_150346.data
110.0 10.0 17 25.656118942731283 0cd9414a_20240819_150410.data
130.0 10.0 17 25.656118942731283 0cd9414a_20240819_150434.data
150.0 10.0 17 25.656118942731283 0cd9414a_20240819_150458.data
170.0 10.0 17 25.656118942731283 0cd9414a_20240819_150522.data
190.0 10.0 17 25.656118942731283 0cd9414a_20240819_150546.data
210.0 10.0 17 25.656118942731283 0cd9414a_20240819_150610.data
230.0 10.0 17 25.656118942731283 0cd9414a_20240819_150634.data
250.0 10.0 17 25.656118942731283 0cd9414a_20240819_150658.data
270.0 10.0 17 25.656118942731283 0cd9414a_20240819_150722.data
290.0 10.0 17 25.537859030837005 0cd9414a_20240819_150746.data
290.0 30.0 17 25.656118942731283 0cd9414a_20240819_150810.data
270.0 30.0 17 25.656118942731283 0cd9414a_20240819_150834.data
250.0 30.0 17 25.656118942731283 0cd9414a_20240819_150858.data
230.0 30.0 17 25.656118942731283 0cd9414a_20240819_150922.data
210.0 30.0 17 25.656118942731283 0cd9414a_20240819_150946.data
190.0 30.0 17 25.537859030837005 0cd9414a_20240819_151010.data
170.0 30.0 17 25.89125110132159 0cd9414a_20240819_151034.data
150.0 30.0 17 25.656118942731283 0cd9414a_20240819_151058.data
130.0 30.0 17 25.89125110132159 0cd9414a_20240819_151122.data
110.0 30.0 17 25.89125110132159 0cd9414a_20240819_151146.data
90.0 30.0 17 25.89125110132159 0cd9414a_20240819_151210.data
70.0 30.0 17 25.656118942731283 0cd9414a_20240819_151234.data
50.0 30.0 17 25.89125110132159 0cd9414a_20240819_151258.data
30.0 30.0 17 25.89125110132159 0cd9414a_20240819_151322.data
10.0 30.0 17 25.773885462555068 0cd9414a_20240819_151346.data
10.0 50.0 17 25.89125110132159 0cd9414a_20240819_151410.data
30.0 50.0 17 25.773885462555068 0cd9414a_20240819_151434.data
50.0 50.0 17 25.89125110132159 0cd9414a_20240819_151458.data
70.0 50.0 17 25.89125110132159 0cd9414a_20240819_151522.data
90.0 50.0 17 25.773885462555068 0cd9414a_20240819_151546.data
110.0 50.0 17 25.537859030837005 0cd9414a_20240819_151610.data
130.0 50.0 17 25.89125110132159 0cd9414a_20240819_151634.data
150.0 50.0 17 25.89125110132159 0cd9414a_20240819_151658.data
170.0 50.0 17 25.773885462555068 0cd9414a_20240819_151722.data
190.0 50.0 17 26.008123348017623 0cd9414a_20240819_151746.data
210.0 50.0 17 26.008123348017623 0cd9414a_20240819_151810.data
230.0 50.0 17 26.008123348017623 0cd9414a_20240819_151834.data
250.0 50.0 17 25.773885462555068 0cd9414a_20240819_151858.data
270.0 50.0 17 25.89125110132159 0cd9414a_20240819_151922.data
290.0 50.0 17 26.008123348017623 0cd9414a_20240819_151946.data
290.0 70.0 17 25.89125110132159 0cd9414a_20240819_152010.data
270.0 70.0 17 25.89125110132159 0cd9414a_20240819_152034.data
250.0 70.0 17 26.008123348017623 0cd9414a_20240819_152058.data
230.0 70.0 17 25.89125110132159 0cd9414a_20240819_152122.data
210.0 70.0 17 25.89125110132159 0cd9414a_20240819_152146.data
190.0 70.0 17 25.89125110132159 0cd9414a_20240819_152210.data
170.0 70.0 17 26.008123348017623 0cd9414a_20240819_152234.data
150.0 70.0 17 25.89125110132159 0cd9414a_20240819_152258.data
130.0 70.0 17 25.89125110132159 0cd9414a_20240819_152322.data
110.0 70.0 17 25.89125110132159 0cd9414a_20240819_152346.data
90.0 70.0 17 25.773885462555068 0cd9414a_20240819_152410.data
70.0 70.0 17 25.89125110132159 0cd9414a_20240819_152434.data
50.0 70.0 17 25.89125110132159 0cd9414a_20240819_152458.data
30.0 70.0 17 25.773885462555068 0cd9414a_20240819_152522.data
10.0 70.0 17 25.656118942731283 0cd9414a_20240819_152546.data
10.0 90.0 17 25.89125110132159 0cd9414a_20240819_152610.data
30.0 90.0 17 25.89125110132159 0cd9414a_20240819_152634.data
50.0 90.0 17 25.89125110132159 0cd9414a_20240819_152658.data
70.0 90.0 17 25.89125110132159 0cd9414a_20240819_152722.data
90.0 90.0 17 25.89125110132159 0cd9414a_20240819_152746.data
110.0 90.0 17 25.656118942731283 0cd9414a_20240819_152810.data
130.0 90.0 17 25.773885462555068 0cd9414a_20240819_152834.data
150.0 90.0 17 25.89125110132159 0cd9414a_20240819_152858.data
170.0 90.0 17 25.656118942731283 0cd9414a_20240819_152922.data
190.0 90.0 17 25.89125110132159 0cd9414a_20240819_152946.data
210.0 90.0 17 25.89125110132159 0cd9414a_20240819_153010.data
230.0 90.0 17 25.89125110132159 0cd9414a_20240819_153034.data
250.0 90.0 17 25.773885462555068 0cd9414a_20240819_153058.data
270.0 90.0 17 25.89125110132159 0cd9414a_20240819_153122.data
290.0 90.0 17 25.773885462555068 0cd9414a_20240819_153146.data
290.0 110.0 17 25.89125110132159 0cd9414a_20240819_153210.data
270.0 110.0 17 26.008123348017623 0cd9414a_20240819_153234.data
250.0 110.0 17 25.89125110132159 0cd9414a_20240819_153258.data
230.0 110.0 17 25.89125110132159 0cd9414a_20240819_153322.data
210.0 110.0 17 25.773885462555068 0cd9414a_20240819_153346.data
190.0 110.0 17 25.89125110132159 0cd9414a_20240819_153410.data
170.0 110.0 17 25.89125110132159 0cd9414a_20240819_153434.data
150.0 110.0 17 25.773885462555068 0cd9414a_20240819_153458.data
130.0 110.0 17 25.773885462555068 0cd9414a_20240819_153522.data
110.0 110.0 17 25.773885462555068 0cd9414a_20240819_153546.data
90.0 110.0 17 25.773885462555068 0cd9414a_20240819_153610.data
70.0 110.0 17 25.89125110132159 0cd9414a_20240819_153634.data
50.0 110.0 17 25.89125110132159 0cd9414a_20240819_153658.data
30.0 110.0 17 25.89125110132159 0cd9414a_20240819_153723.data
10.0 110.0 17 25.89125110132159 0cd9414a_20240819_153747.data
10.0 130.0 17 25.89125110132159 0cd9414a_20240819_153811.data
30.0 130.0 17 25.89125110132159 0cd9414a_20240819_153835.data
50.0 130.0 17 25.773885462555068 0cd9414a_20240819_153859.data
70.0 130.0 17 25.89125110132159 0cd9414a_20240819_153923.data
90.0 130.0 17 25.89125110132159 0cd9414a_20240819_153947.data
110.0 130.0 17 25.89125110132159 0cd9414a_20240819_154011.data
130.0 130.0 17 25.89125110132159 0cd9414a_20240819_154035.data
150.0 130.0 17 25.89125110132159 0cd9414a_20240819_154059.data
170.0 130.0 17 25.89125110132159 0cd9414a_20240819_154123.data
190.0 130.0 17 25.773885462555068 0cd9414a_20240819_154147.data
210.0 130.0 17 25.89125110132159 0cd9414a_20240819_154211.data
230.0 130.0 17 25.89125110132159 0cd9414a_20240819_154235.data
250.0 130.0 17 25.89125110132159 0cd9414a_20240819_154259.data
270.0 130.0 17 25.656118942731283 0cd9414a_20240819_154323.data
290.0 130.0 17 25.773885462555068 0cd9414a_20240819_154347.data
290.0 150.0 17 25.773885462555068 0cd9414a_20240819_154411.data
270.0 150.0 17 25.89125110132159 0cd9414a_20240819_154435.data
250.0 150.0 17 25.773885462555068 0cd9414a_20240819_154459.data
230.0 150.0 17 25.89125110132159 0cd9414a_20240819_154523.data
210.0 150.0 17 25.89125110132159 0cd9414a_20240819_154547.data
190.0 150.0 17 26.008123348017623 0cd9414a_20240819_154611.data
170.0 150.0 17 25.89125110132159 0cd9414a_20240819_154635.data
150.0 150.0 17 25.89125110132159 0cd9414a_20240819_154659.data
130.0 150.0 17 25.89125110132159 0cd9414a_20240819_154723.data
110.0 150.0 17 25.89125110132159 0cd9414a_20240819_154747.data
90.0 150.0 17 25.656118942731283 0cd9414a_20240819_154811.data
70.0 150.0 17 25.656118942731283 0cd9414a_20240819_154835.data
50.0 150.0 17 25.656118942731283 0cd9414a_20240819_154859.data
30.0 150.0 17 25.537859030837005 0cd9414a_20240819_154923.data
10.0 150.0 17 25.773885462555068 0cd9414a_20240819_154947.data
10.0 170.0 17 25.89125110132159 0cd9414a_20240819_155011.data
30.0 170.0 17 25.89125110132159 0cd9414a_20240819_155035.data
50.0 170.0 17 25.89125110132159 0cd9414a_20240819_155059.data
70.0 170.0 17 25.89125110132159 0cd9414a_20240819_155123.data
90.0 170.0 17 25.89125110132159 0cd9414a_20240819_155147.data
110.0 170.0 17 25.89125110132159 0cd9414a_20240819_155211.data
130.0 170.0 17 25.89125110132159 0cd9414a_20240819_155235.data
150.0 170.0 17 25.89125110132159 0cd9414a_20240819_155259.data
170.0 170.0 17 25.89125110132159 0cd9414a_20240819_155323.data
190.0 170.0 17 25.537859030837005 0cd9414a_20240819_155347.data
210.0 170.0 17 25.89125110132159 0cd9414a_20240819_155411.data
230.0 170.0 17 25.773885462555068 0cd9414a_20240819_155435.data
250.0 170.0 17 25.773885462555068 0cd9414a_20240819_155459.data
270.0 170.0 17 25.656118942731283 0cd9414a_20240819_155523.data
290.0 170.0 17 25.89125110132159 0cd9414a_20240819_155547.data
290.0 190.0 17 25.89125110132159 0cd9414a_20240819_155611.data
270.0 190.0 17 25.89125110132159 0cd9414a_20240819_155635.data
250.0 190.0 17 25.656118942731283 0cd9414a_20240819_155659.data
230.0 190.0 17 25.89125110132159 0cd9414a_20240819_155723.data
210.0 190.0 17 25.89125110132159 0cd9414a_20240819_155747.data
190.0 190.0 17 25.773885462555068 0cd9414a_20240819_155811.data
170.0 190.0 17 25.89125110132159 0cd9414a_20240819_155835.data
150.0 190.0 17 25.89125110132159 0cd9414a_20240819_155859.data
130.0 190.0 17 25.656118942731283 0cd9414a_20240819_155923.data
110.0 190.0 17 25.89125110132159 0cd9414a_20240819_155947.data
90.0 190.0 17 25.89125110132159 0cd9414a_20240819_160011.data
70.0 190.0 17 25.656118942731283 0cd9414a_20240819_160035.data
50.0 190.0 17 25.656118942731283 0cd9414a_20240819_160059.data
30.0 190.0 17 25.656118942731283 0cd9414a_20240819_160123.data
10.0 190.0 17 25.773885462555068 0cd9414a_20240819_160147.data
10.0 210.0 17 25.773885462555068 0cd9414a_20240819_160211.data
30.0 210.0 17 25.773885462555068 0cd9414a_20240819_160235.data
50.0 210.0 17 25.89125110132159 0cd9414a_20240819_160259.data
70.0 210.0 17 25.773885462555068 0cd9414a_20240819_160323.data
90.0 210.0 17 25.89125110132159 0cd9414a_20240819_160347.data
110.0 210.0 17 25.419136563876656 0cd9414a_20240819_160411.data
130.0 210.0 17 25.773885462555068 0cd9414a_20240819_160435.data
150.0 210.0 17 25.89125110132159 0cd9414a_20240819_160459.data
170.0 210.0 17 25.656118942731283 0cd9414a_20240819_160523.data
190.0 210.0 17 25.89125110132159 0cd9414a_20240819_160547.data
210.0 210.0 17 25.89125110132159 0cd9414a_20240819_160611.data
230.0 210.0 17 25.89125110132159 0cd9414a_20240819_160635.data
250.0 210.0 17 25.773885462555068 0cd9414a_20240819_160659.data
270.0 210.0 17 25.89125110132159 0cd9414a_20240819_160723.data
290.0 210.0 17 25.89125110132159 0cd9414a_20240819_160747.data
290.0 230.0 17 25.89125110132159 0cd9414a_20240819_160811.data
270.0 230.0 17 25.89125110132159 0cd9414a_20240819_160835.data
250.0 230.0 17 25.89125110132159 0cd9414a_20240819_160859.data
230.0 230.0 17 25.656118942731283 0cd9414a_20240819_160923.data
210.0 230.0 17 25.656118942731283 0cd9414a_20240819_160947.data
190.0 230.0 17 25.773885462555068 0cd9414a_20240819_161011.data
170.0 230.0 17 25.89125110132159 0cd9414a_20240819_161035.data
150.0 230.0 17 25.656118942731283 0cd9414a_20240819_161059.data
130.0 230.0 17 25.773885462555068 0cd9414a_20240819_161123.data
110.0 230.0 17 25.89125110132159 0cd9414a_20240819_161147.data
90.0 230.0 17 25.537859030837005 0cd9414a_20240819_161211.data
70.0 230.0 17 25.89125110132159 0cd9414a_20240819_161235.data
50.0 230.0 17 25.773885462555068 0cd9414a_20240819_161300.data
30.0 230.0 17 25.89125110132159 0cd9414a_20240819_161324.data
10.0 230.0 17 25.89125110132159 0cd9414a_20240819_161348.data
10.0 250.0 17 25.656118942731283 0cd9414a_20240819_161412.data
30.0 250.0 17 25.773885462555068 0cd9414a_20240819_161436.data
50.0 250.0 17 25.773885462555068 0cd9414a_20240819_161500.data
70.0 250.0 17 25.773885462555068 0cd9414a_20240819_161524.data
90.0 250.0 17 25.89125110132159 0cd9414a_20240819_161548.data
110.0 250.0 17 25.773885462555068 0cd9414a_20240819_161612.data
130.0 250.0 17 25.773885462555068 0cd9414a_20240819_161636.data
150.0 250.0 17 25.773885462555068 0cd9414a_20240819_161700.data
170.0 250.0 17 25.89125110132159 0cd9414a_20240819_161724.data
190.0 250.0 17 25.773885462555068 0cd9414a_20240819_161748.data
210.0 250.0 17 25.89125110132159 0cd9414a_20240819_161812.data
230.0 250.0 17 25.89125110132159 0cd9414a_20240819_161836.data
250.0 250.0 17 25.656118942731283 0cd9414a_20240819_161900.data
270.0 250.0 17 25.89125110132159 0cd9414a_20240819_161924.data
290.0 250.0 17 25.89125110132159 0cd9414a_20240819_161948.data
290.0 270.0 17 25.773885462555068 0cd9414a_20240819_162012.data
270.0 270.0 17 25.89125110132159 0cd9414a_20240819_162036.data
250.0 270.0 17 25.89125110132159 0cd9414a_20240819_162100.data
230.0 270.0 17 25.773885462555068 0cd9414a_20240819_162124.data
210.0 270.0 17 25.773885462555068 0cd9414a_20240819_162148.data
190.0 270.0 17 25.656118942731283 0cd9414a_20240819_162212.data
170.0 270.0 17 25.773885462555068 0cd9414a_20240819_162236.data
150.0 270.0 17 25.773885462555068 0cd9414a_20240819_162300.data
130.0 270.0 17 25.89125110132159 0cd9414a_20240819_162324.data
110.0 270.0 17 25.773885462555068 0cd9414a_20240819_162348.data
90.0 270.0 17 25.89125110132159 0cd9414a_20240819_162412.data
70.0 270.0 17 25.89125110132159 0cd9414a_20240819_162436.data
50.0 270.0 17 25.537859030837005 0cd9414a_20240819_162500.data
30.0 270.0 17 25.773885462555068 0cd9414a_20240819_162524.data
10.0 270.0 17 25.773885462555068 0cd9414a_20240819_162548.data
10.0 290.0 17 25.773885462555068 0cd9414a_20240819_162612.data
30.0 290.0 17 25.773885462555068 0cd9414a_20240819_162636.data
50.0 290.0 17 25.656118942731283 0cd9414a_20240819_162700.data
70.0 290.0 17 25.773885462555068 0cd9414a_20240819_162724.data
90.0 290.0 17 25.89125110132159 0cd9414a_20240819_162748.data
110.0 290.0 17 25.656118942731283 0cd9414a_20240819_162812.data
130.0 290.0 17 25.89125110132159 0cd9414a_20240819_162836.data
150.0 290.0 17 25.89125110132159 0cd9414a_20240819_162900.data
170.0 290.0 17 25.537859030837005 0cd9414a_20240819_162924.data
190.0 290.0 17 25.537859030837005 0cd9414a_20240819_162948.data
210.0 290.0 17 25.656118942731283 0cd9414a_20240819_163012.data
230.0 290.0 17 25.773885462555068 0cd9414a_20240819_163036.data
250.0 290.0 17 25.773885462555068 0cd9414a_20240819_163100.data
270.0 290.0 17 25.537859030837005 0cd9414a_20240819_163124.data
290.0 290.0 17 25.537859030837005 0cd9414a_20240819_163148.data
290.0 310.0 17 25.537859030837005 0cd9414a_20240819_163212.data
270.0 310.0 17 25.537859030837005 0cd9414a_20240819_163236.data
250.0 310.0 17 25.537859030837005 0cd9414a_20240819_163300.data
230.0 310.0 17 25.537859030837005 0cd9414a_20240819_163324.data
210.0 310.0 17 25.537859030837005 0cd9414a_20240819_163348.data
190.0 310.0 17 25.537859030837005 0cd9414a_20240819_163412.data
170.0 310.0 17 -1 0cd9414a_20240819_163436.data
150.0 310.0 17 25.537859030837005 0cd9414a_20240819_163500.data
130.0 310.0 17 25.537859030837005 0cd9414a_20240819_163524.data
110.0 310.0 17 -1 0cd9414a_20240819_163548.data
90.0 310.0 17 25.537859030837005 0cd9414a_20240819_163612.data
70.0 310.0 17 25.537859030837005 0cd9414a_20240819_163636.data
50.0 310.0 17 25.537859030837005 0cd9414a_20240819_163700.data
30.0 310.0 17 25.537859030837005 0cd9414a_20240819_163724.data
10.0 310.0 17 25.537859030837005 0cd9414a_20240819_163748.data
10.0 330.0 17 25.537859030837005 0cd9414a_20240819_163812.data
30.0 330.0 17 -1 0cd9414a_20240819_163836.data
50.0 330.0 17 25.537859030837005 0cd9414a_20240819_163900.data
70.0 330.0 17 25.537859030837005 0cd9414a_20240819_163924.data
90.0 330.0 17 25.537859030837005 0cd9414a_20240819_163948.data
110.0 330.0 17 25.539647577092516 0cd9414a_20240819_164012.data
130.0 330.0 17 25.656118942731283 0cd9414a_20240819_164036.data
150.0 330.0 17 25.656118942731283 0cd9414a_20240819_164100.data
170.0 330.0 17 25.656118942731283 0cd9414a_20240819_164124.data
190.0 330.0 17 25.656118942731283 0cd9414a_20240819_164148.data
210.0 330.0 17 25.656118942731283 0cd9414a_20240819_164213.data
230.0 330.0 17 25.656118942731283 0cd9414a_20240819_164237.data
250.0 330.0 17 25.656118942731283 0cd9414a_20240819_164301.data
270.0 330.0 17 25.656118942731283 0cd9414a_20240819_164325.data
290.0 330.0 17 25.656118942731283 0cd9414a_20240819_164349.data
10.0 350.0 17 25.656118942731283 0cd9414a_20240819_164856.data
30.0 350.0 17 25.656118942731283 0cd9414a_20240819_164920.data
50.0 350.0 17 25.656118942731283 0cd9414a_20240819_164944.data
70.0 350.0 17 25.656118942731283 0cd9414a_20240819_165008.data
90.0 350.0 17 25.656118942731283 0cd9414a_20240819_165032.data
110.0 350.0 17 25.656118942731283 0cd9414a_20240819_165056.data
130.0 350.0 17 25.656118942731283 0cd9414a_20240819_165120.data
150.0 350.0 17 25.656118942731283 0cd9414a_20240819_165144.data
170.0 350.0 17 25.773885462555068 0cd9414a_20240819_165208.data
190.0 350.0 17 25.656118942731283 0cd9414a_20240819_165232.data
210.0 350.0 17 25.656118942731283 0cd9414a_20240819_165256.data
230.0 350.0 17 25.656118942731283 0cd9414a_20240819_165320.data
250.0 350.0 17 25.537859030837005 0cd9414a_20240819_165344.data
270.0 350.0 17 25.656118942731283 0cd9414a_20240819_165408.data
290.0 350.0 17 25.656118942731283 0cd9414a_20240819_165432.data
290.0 370.0 17 25.656118942731283 0cd9414a_20240819_165456.data
270.0 370.0 17 25.89125110132159 0cd9414a_20240819_165520.data
250.0 370.0 17 25.89125110132159 0cd9414a_20240819_165544.data
230.0 370.0 17 25.773885462555068 0cd9414a_20240819_165609.data
210.0 370.0 17 25.89125110132159 0cd9414a_20240819_165633.data
190.0 370.0 17 25.89125110132159 0cd9414a_20240819_165657.data
170.0 370.0 17 25.656118942731283 0cd9414a_20240819_165721.data
150.0 370.0 17 25.656118942731283 0cd9414a_20240819_165745.data
130.0 370.0 17 25.656118942731283 0cd9414a_20240819_165809.data
110.0 370.0 17 25.656118942731283 0cd9414a_20240819_165833.data
90.0 370.0 17 25.656118942731283 0cd9414a_20240819_165857.data
70.0 370.0 17 25.656118942731283 0cd9414a_20240819_165921.data
50.0 370.0 17 25.656118942731283 0cd9414a_20240819_165945.data
30.0 370.0 17 25.656118942731283 0cd9414a_20240819_170009.data
10.0 370.0 17 25.656118942731283 0cd9414a_20240819_170033.data
10.0 390.0 17 25.656118942731283 0cd9414a_20240819_170057.data
30.0 390.0 17 25.656118942731283 0cd9414a_20240819_170121.data
50.0 390.0 17 25.656118942731283 0cd9414a_20240819_170145.data
70.0 390.0 17 25.656118942731283 0cd9414a_20240819_170209.data
90.0 390.0 17 25.656118942731283 0cd9414a_20240819_170233.data
110.0 390.0 17 25.656118942731283 0cd9414a_20240819_170257.data
130.0 390.0 17 25.656118942731283 0cd9414a_20240819_170321.data
150.0 390.0 17 25.537859030837005 0cd9414a_20240819_170345.data
170.0 390.0 17 25.656118942731283 0cd9414a_20240819_170409.data
190.0 390.0 17 25.656118942731283 0cd9414a_20240819_170433.data
210.0 390.0 17 25.656118942731283 0cd9414a_20240819_170457.data
230.0 390.0 17 25.656118942731283 0cd9414a_20240819_170521.data
250.0 390.0 17 25.656118942731283 0cd9414a_20240819_170545.data
270.0 390.0 17 25.656118942731283 0cd9414a_20240819_170609.data
290.0 390.0 17 25.656118942731283 0cd9414a_20240819_170633.data
290.0 410.0 17 25.656118942731283 0cd9414a_20240819_170657.data
270.0 410.0 17 25.656118942731283 0cd9414a_20240819_170721.data
250.0 410.0 17 25.656118942731283 0cd9414a_20240819_170745.data
230.0 410.0 17 25.656118942731283 0cd9414a_20240819_170809.data
210.0 410.0 17 25.656118942731283 0cd9414a_20240819_170833.data
190.0 410.0 17 25.656118942731283 0cd9414a_20240819_170857.data
170.0 410.0 17 25.773885462555068 0cd9414a_20240819_170921.data
150.0 410.0 17 25.656118942731283 0cd9414a_20240819_170945.data
130.0 410.0 17 25.656118942731283 0cd9414a_20240819_171009.data
110.0 410.0 17 25.656118942731283 0cd9414a_20240819_171033.data
90.0 410.0 17 25.656118942731283 0cd9414a_20240819_171057.data
70.0 410.0 17 25.656118942731283 0cd9414a_20240819_171121.data
50.0 410.0 17 25.656118942731283 0cd9414a_20240819_171145.data
30.0 410.0 17 25.656118942731283 0cd9414a_20240819_171209.data
10.0 410.0 17 25.656118942731283 0cd9414a_20240819_171233.data
10.0 430.0 17 25.656118942731283 0cd9414a_20240819_171257.data
30.0 430.0 17 25.656118942731283 0cd9414a_20240819_171321.data
50.0 430.0 17 25.773885462555068 0cd9414a_20240819_171345.data
70.0 430.0 17 25.656118942731283 0cd9414a_20240819_171409.data
90.0 430.0 17 25.656118942731283 0cd9414a_20240819_171433.data
110.0 430.0 17 25.656118942731283 0cd9414a_20240819_171457.data
130.0 430.0 17 25.89125110132159 0cd9414a_20240819_171521.data
150.0 430.0 17 25.656118942731283 0cd9414a_20240819_171545.data
170.0 430.0 17 25.656118942731283 0cd9414a_20240819_171609.data
190.0 430.0 17 25.656118942731283 0cd9414a_20240819_171633.data
210.0 430.0 17 25.656118942731283 0cd9414a_20240819_171657.data
230.0 430.0 17 25.773885462555068 0cd9414a_20240819_171721.data
250.0 430.0 17 25.656118942731283 0cd9414a_20240819_171745.data
270.0 430.0 17 25.656118942731283 0cd9414a_20240819_171809.data
290.0 430.0 17 25.656118942731283 0cd9414a_20240819_171833.data
290.0 450.0 17 25.656118942731283 0cd9414a_20240819_171857.data
270.0 450.0 17 25.537859030837005 0cd9414a_20240819_171921.data
250.0 450.0 17 25.656118942731283 0cd9414a_20240819_171945.data
230.0 450.0 17 25.656118942731283 0cd9414a_20240819_172009.data
210.0 450.0 17 25.656118942731283 0cd9414a_20240819_172033.data
190.0 450.0 17 25.656118942731283 0cd9414a_20240819_172057.data
170.0 450.0 17 25.656118942731283 0cd9414a_20240819_172121.data
150.0 450.0 17 25.656118942731283 0cd9414a_20240819_172145.data
130.0 450.0 17 25.656118942731283 0cd9414a_20240819_172209.data
110.0 450.0 17 25.656118942731283 0cd9414a_20240819_172233.data
90.0 450.0 17 25.656118942731283 0cd9414a_20240819_172257.data
70.0 450.0 17 25.656118942731283 0cd9414a_20240819_172321.data
50.0 450.0 17 25.656118942731283 0cd9414a_20240819_172345.data
30.0 450.0 17 25.773885462555068 0cd9414a_20240819_172409.data
10.0 450.0 17 25.773885462555068 0cd9414a_20240819_172433.data
10.0 470.0 17 25.656118942731283 0cd9414a_20240819_172457.data
30.0 470.0 17 25.89125110132159 0cd9414a_20240819_172521.data
50.0 470.0 17 25.537859030837005 0cd9414a_20240819_172545.data
70.0 470.0 17 25.656118942731283 0cd9414a_20240819_172609.data
90.0 470.0 17 25.89125110132159 0cd9414a_20240819_172633.data
110.0 470.0 17 25.656118942731283 0cd9414a_20240819_172657.data
130.0 470.0 17 25.773885462555068 0cd9414a_20240819_172721.data
150.0 470.0 17 25.656118942731283 0cd9414a_20240819_172745.data
170.0 470.0 17 25.773885462555068 0cd9414a_20240819_172809.data
190.0 470.0 17 25.656118942731283 0cd9414a_20240819_172833.data
210.0 470.0 17 25.656118942731283 0cd9414a_20240819_172857.data
230.0 470.0 17 25.656118942731283 0cd9414a_20240819_172921.data
250.0 470.0 17 25.656118942731283 0cd9414a_20240819_172946.data
270.0 470.0 17 25.773885462555068 0cd9414a_20240819_173010.data
290.0 470.0 17 25.656118942731283 0cd9414a_20240819_173034.data
