-1 -1 -1 24.216789473684212 0cd9414a_20240822_144907.data
10.0 10.0 17 24.216789473684212 0cd9414a_20240822_144946.data
30.0 10.0 17 24.216789473684212 0cd9414a_20240822_145010.data
50.0 10.0 17 24.216789473684212 0cd9414a_20240822_145034.data
70.0 10.0 17 24.216789473684212 0cd9414a_20240822_145058.data
90.0 10.0 17 24.216789473684212 0cd9414a_20240822_145122.data
110.0 10.0 17 24.216789473684212 0cd9414a_20240822_145146.data
130.0 10.0 17 24.216789473684212 0cd9414a_20240822_145210.data
150.0 10.0 17 24.216789473684212 0cd9414a_20240822_145234.data
170.0 10.0 17 24.216789473684212 0cd9414a_20240822_145258.data
190.0 10.0 17 24.322552631578947 0cd9414a_20240822_145322.data
210.0 10.0 17 24.216789473684212 0cd9414a_20240822_145346.data
230.0 10.0 17 24.216789473684212 0cd9414a_20240822_145410.data
250.0 10.0 17 24.216789473684212 0cd9414a_20240822_145434.data
270.0 10.0 17 24.1106052631579 0cd9414a_20240822_145458.data
290.0 10.0 17 24.216789473684212 0cd9414a_20240822_145522.data
290.0 30.0 17 24.322552631578947 0cd9414a_20240822_145546.data
270.0 30.0 17 24.216789473684212 0cd9414a_20240822_145610.data
250.0 30.0 17 24.216789473684212 0cd9414a_20240822_145634.data
230.0 30.0 17 24.216789473684212 0cd9414a_20240822_145658.data
210.0 30.0 17 24.216789473684212 0cd9414a_20240822_145722.data
190.0 30.0 17 24.216789473684212 0cd9414a_20240822_145746.data
170.0 30.0 17 24.216789473684212 0cd9414a_20240822_145810.data
150.0 30.0 17 24.216789473684212 0cd9414a_20240822_145834.data
130.0 30.0 17 24.216789473684212 0cd9414a_20240822_145858.data
110.0 30.0 17 24.322552631578947 0cd9414a_20240822_145922.data
90.0 30.0 17 24.216789473684212 0cd9414a_20240822_145946.data
70.0 30.0 17 24.216789473684212 0cd9414a_20240822_150010.data
50.0 30.0 17 24.532868421052633 0cd9414a_20240822_150034.data
30.0 30.0 17 24.427921052631582 0cd9414a_20240822_150058.data
10.0 30.0 17 24.532868421052633 0cd9414a_20240822_150122.data
10.0 50.0 17 24.427921052631582 0cd9414a_20240822_150146.data
30.0 50.0 17 24.322552631578947 0cd9414a_20240822_150210.data
50.0 50.0 17 24.532868421052633 0cd9414a_20240822_150234.data
70.0 50.0 17 24.003973684210532 0cd9414a_20240822_150258.data
90.0 50.0 17 24.532868421052633 0cd9414a_20240822_150322.data
110.0 50.0 17 24.532868421052633 0cd9414a_20240822_150346.data
130.0 50.0 17 24.427921052631582 0cd9414a_20240822_150411.data
150.0 50.0 17 24.322552631578947 0cd9414a_20240822_150435.data
170.0 50.0 17 24.322552631578947 0cd9414a_20240822_150459.data
190.0 50.0 17 24.216789473684212 0cd9414a_20240822_150523.data
210.0 50.0 17 24.216789473684212 0cd9414a_20240822_150547.data
230.0 50.0 17 24.322552631578947 0cd9414a_20240822_150611.data
250.0 50.0 17 24.322552631578947 0cd9414a_20240822_150635.data
270.0 50.0 17 24.216789473684212 0cd9414a_20240822_150659.data
290.0 50.0 17 24.322552631578947 0cd9414a_20240822_150723.data
290.0 70.0 17 24.216789473684212 0cd9414a_20240822_150747.data
270.0 70.0 17 24.216789473684212 0cd9414a_20240822_150811.data
250.0 70.0 17 24.322552631578947 0cd9414a_20240822_150835.data
230.0 70.0 17 24.322552631578947 0cd9414a_20240822_150859.data
210.0 70.0 17 24.532868421052633 0cd9414a_20240822_150923.data
190.0 70.0 17 24.532868421052633 0cd9414a_20240822_150947.data
170.0 70.0 17 24.532868421052633 0cd9414a_20240822_151011.data
150.0 70.0 17 24.532868421052633 0cd9414a_20240822_151035.data
130.0 70.0 17 24.532868421052633 0cd9414a_20240822_151059.data
110.0 70.0 17 24.532868421052633 0cd9414a_20240822_151123.data
90.0 70.0 17 24.532868421052633 0cd9414a_20240822_151147.data
70.0 70.0 17 24.532868421052633 0cd9414a_20240822_151211.data
50.0 70.0 17 24.532868421052633 0cd9414a_20240822_151235.data
30.0 70.0 17 24.532868421052633 0cd9414a_20240822_151259.data
10.0 70.0 17 24.322552631578947 0cd9414a_20240822_151323.data
10.0 90.0 17 24.427921052631582 0cd9414a_20240822_151347.data
30.0 90.0 17 24.532868421052633 0cd9414a_20240822_151411.data
50.0 90.0 17 24.427921052631582 0cd9414a_20240822_151435.data
70.0 90.0 17 24.532868421052633 0cd9414a_20240822_151459.data
90.0 90.0 17 24.532868421052633 0cd9414a_20240822_151523.data
110.0 90.0 17 24.532868421052633 0cd9414a_20240822_151547.data
130.0 90.0 17 24.216789473684212 0cd9414a_20240822_151611.data
150.0 90.0 17 24.532868421052633 0cd9414a_20240822_151635.data
170.0 90.0 17 24.532868421052633 0cd9414a_20240822_151659.data
190.0 90.0 17 24.532868421052633 0cd9414a_20240822_151723.data
210.0 90.0 17 24.532868421052633 0cd9414a_20240822_151747.data
230.0 90.0 17 24.532868421052633 0cd9414a_20240822_151811.data
250.0 90.0 17 24.532868421052633 0cd9414a_20240822_151835.data
270.0 90.0 17 24.532868421052633 0cd9414a_20240822_151859.data
290.0 90.0 17 24.322552631578947 0cd9414a_20240822_151923.data
290.0 110.0 17 24.532868421052633 0cd9414a_20240822_151947.data
270.0 110.0 17 24.532868421052633 0cd9414a_20240822_152011.data
250.0 110.0 17 24.532868421052633 0cd9414a_20240822_152035.data
230.0 110.0 17 24.427921052631582 0cd9414a_20240822_152059.data
210.0 110.0 17 24.532868421052633 0cd9414a_20240822_152123.data
190.0 110.0 17 24.427921052631582 0cd9414a_20240822_152147.data
170.0 110.0 17 24.322552631578947 0cd9414a_20240822_152211.data
150.0 110.0 17 24.427921052631582 0cd9414a_20240822_152235.data
130.0 110.0 17 24.532868421052633 0cd9414a_20240822_152259.data
110.0 110.0 17 24.532868421052633 0cd9414a_20240822_152323.data
90.0 110.0 17 24.427921052631582 0cd9414a_20240822_152347.data
70.0 110.0 17 24.427921052631582 0cd9414a_20240822_152411.data
50.0 110.0 17 24.532868421052633 0cd9414a_20240822_152435.data
30.0 110.0 17 24.532868421052633 0cd9414a_20240822_152459.data
10.0 110.0 17 24.532868421052633 0cd9414a_20240822_152523.data
10.0 130.0 17 24.427921052631582 0cd9414a_20240822_152547.data
30.0 130.0 17 24.322552631578947 0cd9414a_20240822_152611.data
50.0 130.0 17 24.216789473684212 0cd9414a_20240822_152635.data
70.0 130.0 17 24.427921052631582 0cd9414a_20240822_152659.data
90.0 130.0 17 24.532868421052633 0cd9414a_20240822_152723.data
110.0 130.0 17 24.532868421052633 0cd9414a_20240822_152747.data
130.0 130.0 17 24.532868421052633 0cd9414a_20240822_152811.data
150.0 130.0 17 24.322552631578947 0cd9414a_20240822_152835.data
170.0 130.0 17 24.322552631578947 0cd9414a_20240822_152859.data
190.0 130.0 17 24.532868421052633 0cd9414a_20240822_152923.data
210.0 130.0 17 24.532868421052633 0cd9414a_20240822_152947.data
230.0 130.0 17 24.532868421052633 0cd9414a_20240822_153011.data
250.0 130.0 17 24.532868421052633 0cd9414a_20240822_153035.data
270.0 130.0 17 24.216789473684212 0cd9414a_20240822_153059.data
290.0 130.0 17 24.322552631578947 0cd9414a_20240822_153123.data
290.0 150.0 17 24.532868421052633 0cd9414a_20240822_153147.data
270.0 150.0 17 24.532868421052633 0cd9414a_20240822_153211.data
250.0 150.0 17 24.427921052631582 0cd9414a_20240822_153235.data
230.0 150.0 17 24.532868421052633 0cd9414a_20240822_153259.data
210.0 150.0 17 24.532868421052633 0cd9414a_20240822_153323.data
190.0 150.0 17 24.532868421052633 0cd9414a_20240822_153347.data
170.0 150.0 17 24.322552631578947 0cd9414a_20240822_153411.data
150.0 150.0 17 24.427921052631582 0cd9414a_20240822_153435.data
130.0 150.0 17 24.532868421052633 0cd9414a_20240822_153459.data
110.0 150.0 17 24.322552631578947 0cd9414a_20240822_153523.data
90.0 150.0 17 24.532868421052633 0cd9414a_20240822_153547.data
70.0 150.0 17 24.427921052631582 0cd9414a_20240822_153611.data
50.0 150.0 17 24.322552631578947 0cd9414a_20240822_153635.data
30.0 150.0 17 24.427921052631582 0cd9414a_20240822_153700.data
10.0 150.0 17 24.532868421052633 0cd9414a_20240822_153724.data
10.0 170.0 17 24.532868421052633 0cd9414a_20240822_153748.data
30.0 170.0 17 24.532868421052633 0cd9414a_20240822_153812.data
50.0 170.0 17 24.216789473684212 0cd9414a_20240822_153836.data
70.0 170.0 17 24.427921052631582 0cd9414a_20240822_153900.data
90.0 170.0 17 24.427921052631582 0cd9414a_20240822_153924.data
110.0 170.0 17 24.532868421052633 0cd9414a_20240822_153948.data
130.0 170.0 17 24.322552631578947 0cd9414a_20240822_154012.data
150.0 170.0 17 24.532868421052633 0cd9414a_20240822_154036.data
170.0 170.0 17 24.427921052631582 0cd9414a_20240822_154100.data
190.0 170.0 17 24.532868421052633 0cd9414a_20240822_154124.data
210.0 170.0 17 24.322552631578947 0cd9414a_20240822_154148.data
230.0 170.0 17 24.216789473684212 0cd9414a_20240822_154212.data
250.0 170.0 17 24.427921052631582 0cd9414a_20240822_154236.data
270.0 170.0 17 24.532868421052633 0cd9414a_20240822_154300.data
290.0 170.0 17 24.427921052631582 0cd9414a_20240822_154324.data
290.0 190.0 17 24.427921052631582 0cd9414a_20240822_154348.data
270.0 190.0 17 24.427921052631582 0cd9414a_20240822_154412.data
250.0 190.0 17 24.322552631578947 0cd9414a_20240822_154436.data
230.0 190.0 17 24.427921052631582 0cd9414a_20240822_154500.data
210.0 190.0 17 24.427921052631582 0cd9414a_20240822_154524.data
190.0 190.0 17 24.427921052631582 0cd9414a_20240822_154548.data
170.0 190.0 17 24.427921052631582 0cd9414a_20240822_154612.data
150.0 190.0 17 24.532868421052633 0cd9414a_20240822_154636.data
130.0 190.0 17 24.427921052631582 0cd9414a_20240822_154700.data
110.0 190.0 17 24.532868421052633 0cd9414a_20240822_154724.data
90.0 190.0 17 24.532868421052633 0cd9414a_20240822_154748.data
70.0 190.0 17 24.532868421052633 0cd9414a_20240822_154812.data
50.0 190.0 17 24.532868421052633 0cd9414a_20240822_154836.data
30.0 190.0 17 24.216789473684212 0cd9414a_20240822_154900.data
10.0 190.0 17 24.427921052631582 0cd9414a_20240822_154924.data
10.0 210.0 17 24.322552631578947 0cd9414a_20240822_154948.data
30.0 210.0 17 24.532868421052633 0cd9414a_20240822_155012.data
50.0 210.0 17 24.322552631578947 0cd9414a_20240822_155036.data
70.0 210.0 17 24.532868421052633 0cd9414a_20240822_155100.data
90.0 210.0 17 24.322552631578947 0cd9414a_20240822_155124.data
110.0 210.0 17 24.532868421052633 0cd9414a_20240822_155148.data
130.0 210.0 17 24.532868421052633 0cd9414a_20240822_155212.data
150.0 210.0 17 24.532868421052633 0cd9414a_20240822_155236.data
170.0 210.0 17 24.216789473684212 0cd9414a_20240822_155300.data
190.0 210.0 17 24.532868421052633 0cd9414a_20240822_155324.data
210.0 210.0 17 24.532868421052633 0cd9414a_20240822_155348.data
230.0 210.0 17 24.532868421052633 0cd9414a_20240822_155412.data
250.0 210.0 17 24.532868421052633 0cd9414a_20240822_155436.data
270.0 210.0 17 24.532868421052633 0cd9414a_20240822_155500.data
290.0 210.0 17 24.532868421052633 0cd9414a_20240822_155524.data
290.0 230.0 17 24.427921052631582 0cd9414a_20240822_155548.data
270.0 230.0 17 24.532868421052633 0cd9414a_20240822_155612.data
250.0 230.0 17 24.532868421052633 0cd9414a_20240822_155636.data
230.0 230.0 17 24.532868421052633 0cd9414a_20240822_155700.data
210.0 230.0 17 24.532868421052633 0cd9414a_20240822_155724.data
190.0 230.0 17 24.532868421052633 0cd9414a_20240822_155748.data
170.0 230.0 17 24.532868421052633 0cd9414a_20240822_155812.data
150.0 230.0 17 24.532868421052633 0cd9414a_20240822_155836.data
130.0 230.0 17 24.532868421052633 0cd9414a_20240822_155900.data
110.0 230.0 17 24.532868421052633 0cd9414a_20240822_155924.data
90.0 230.0 17 24.427921052631582 0cd9414a_20240822_155948.data
70.0 230.0 17 24.427921052631582 0cd9414a_20240822_160012.data
50.0 230.0 17 24.532868421052633 0cd9414a_20240822_160036.data
30.0 230.0 17 24.427921052631582 0cd9414a_20240822_160100.data
10.0 230.0 17 24.532868421052633 0cd9414a_20240822_160124.data
10.0 250.0 17 24.427921052631582 0cd9414a_20240822_160148.data
30.0 250.0 17 24.322552631578947 0cd9414a_20240822_160212.data
50.0 250.0 17 24.532868421052633 0cd9414a_20240822_160236.data
70.0 250.0 17 24.532868421052633 0cd9414a_20240822_160300.data
90.0 250.0 17 24.532868421052633 0cd9414a_20240822_160324.data
110.0 250.0 17 24.322552631578947 0cd9414a_20240822_160348.data
130.0 250.0 17 24.427921052631582 0cd9414a_20240822_160412.data
150.0 250.0 17 24.532868421052633 0cd9414a_20240822_160436.data
170.0 250.0 17 24.532868421052633 0cd9414a_20240822_160500.data
190.0 250.0 17 24.427921052631582 0cd9414a_20240822_160524.data
210.0 250.0 17 24.427921052631582 0cd9414a_20240822_160548.data
230.0 250.0 17 24.427921052631582 0cd9414a_20240822_160612.data
250.0 250.0 17 24.427921052631582 0cd9414a_20240822_160636.data
270.0 250.0 17 24.322552631578947 0cd9414a_20240822_160700.data
290.0 250.0 17 24.427921052631582 0cd9414a_20240822_160724.data
290.0 270.0 17 24.427921052631582 0cd9414a_20240822_160748.data
270.0 270.0 17 24.532868421052633 0cd9414a_20240822_160812.data
250.0 270.0 17 24.532868421052633 0cd9414a_20240822_160836.data
230.0 270.0 17 24.532868421052633 0cd9414a_20240822_160900.data
210.0 270.0 17 24.532868421052633 0cd9414a_20240822_160924.data
190.0 270.0 17 24.532868421052633 0cd9414a_20240822_160948.data
170.0 270.0 17 24.322552631578947 0cd9414a_20240822_161013.data
150.0 270.0 17 24.427921052631582 0cd9414a_20240822_161037.data
130.0 270.0 17 24.532868421052633 0cd9414a_20240822_161101.data
110.0 270.0 17 24.532868421052633 0cd9414a_20240822_161125.data
90.0 270.0 17 24.427921052631582 0cd9414a_20240822_161149.data
70.0 270.0 17 24.532868421052633 0cd9414a_20240822_161213.data
50.0 270.0 17 -1 0cd9414a_20240822_161237.data
30.0 270.0 17 24.427921052631582 0cd9414a_20240822_161301.data
10.0 270.0 17 24.532868421052633 0cd9414a_20240822_161325.data
10.0 290.0 17 -1 0cd9414a_20240822_161349.data
30.0 290.0 17 24.532868421052633 0cd9414a_20240822_161413.data
50.0 290.0 17 24.532868421052633 0cd9414a_20240822_161437.data
70.0 290.0 17 -1 0cd9414a_20240822_161501.data
90.0 290.0 17 24.532868421052633 0cd9414a_20240822_161525.data
110.0 290.0 17 24.532868421052633 0cd9414a_20240822_161549.data
130.0 290.0 17 -1 0cd9414a_20240822_161613.data
150.0 290.0 17 24.216789473684212 0cd9414a_20240822_161637.data
170.0 290.0 17 24.532868421052633 0cd9414a_20240822_161701.data
190.0 290.0 17 -1 0cd9414a_20240822_161725.data
210.0 290.0 17 24.741500000000002 0cd9414a_20240822_161749.data
230.0 290.0 17 24.637394736842104 0cd9414a_20240822_161813.data
250.0 290.0 17 24.637394736842104 0cd9414a_20240822_161837.data
270.0 290.0 17 24.637394736842104 0cd9414a_20240822_161901.data
290.0 290.0 17 24.637394736842104 0cd9414a_20240822_161925.data
290.0 310.0 17 24.741500000000002 0cd9414a_20240822_161949.data
270.0 310.0 17 24.637394736842104 0cd9414a_20240822_162013.data
250.0 310.0 17 24.637394736842104 0cd9414a_20240822_162037.data
230.0 310.0 17 24.637394736842104 0cd9414a_20240822_162101.data
210.0 310.0 17 24.741500000000002 0cd9414a_20240822_162125.data
190.0 310.0 17 24.637394736842104 0cd9414a_20240822_162149.data
170.0 310.0 17 24.637394736842104 0cd9414a_20240822_162213.data
150.0 310.0 17 24.637394736842104 0cd9414a_20240822_162237.data
130.0 310.0 17 24.637394736842104 0cd9414a_20240822_162301.data
110.0 310.0 17 24.637394736842104 0cd9414a_20240822_162325.data
90.0 310.0 17 24.637394736842104 0cd9414a_20240822_162349.data
70.0 310.0 17 24.637394736842104 0cd9414a_20240822_162413.data
50.0 310.0 17 24.741500000000002 0cd9414a_20240822_162437.data
30.0 310.0 17 24.741500000000002 0cd9414a_20240822_162501.data
10.0 310.0 17 24.741500000000002 0cd9414a_20240822_162525.data
10.0 330.0 17 24.637394736842104 0cd9414a_20240822_162549.data
30.0 330.0 17 24.637394736842104 0cd9414a_20240822_162613.data
50.0 330.0 17 24.741500000000002 0cd9414a_20240822_162637.data
70.0 330.0 17 24.637394736842104 0cd9414a_20240822_162701.data
90.0 330.0 17 24.741500000000002 0cd9414a_20240822_162725.data
110.0 330.0 17 24.532868421052633 0cd9414a_20240822_162749.data
130.0 330.0 17 24.741500000000002 0cd9414a_20240822_162813.data
150.0 330.0 17 24.637394736842104 0cd9414a_20240822_162837.data
170.0 330.0 17 24.637394736842104 0cd9414a_20240822_162901.data
190.0 330.0 17 24.637394736842104 0cd9414a_20240822_162925.data
210.0 330.0 17 24.637394736842104 0cd9414a_20240822_162949.data
230.0 330.0 17 24.741500000000002 0cd9414a_20240822_163013.data
250.0 330.0 17 24.741500000000002 0cd9414a_20240822_163037.data
270.0 330.0 17 24.637394736842104 0cd9414a_20240822_163101.data
290.0 330.0 17 24.637394736842104 0cd9414a_20240822_163125.data
10.0 350.0 17 24.741500000000002 0cd9414a_20240822_163904.data
30.0 350.0 17 24.741500000000002 0cd9414a_20240822_163928.data
50.0 350.0 17 24.741500000000002 0cd9414a_20240822_163952.data
70.0 350.0 17 24.637394736842104 0cd9414a_20240822_164016.data
90.0 350.0 17 24.637394736842104 0cd9414a_20240822_164040.data
110.0 350.0 17 24.637394736842104 0cd9414a_20240822_164104.data
130.0 350.0 17 24.637394736842104 0cd9414a_20240822_164128.data
150.0 350.0 17 24.741500000000002 0cd9414a_20240822_164152.data
170.0 350.0 17 24.741500000000002 0cd9414a_20240822_164216.data
190.0 350.0 17 24.637394736842104 0cd9414a_20240822_164240.data
210.0 350.0 17 24.637394736842104 0cd9414a_20240822_164304.data
230.0 350.0 17 24.637394736842104 0cd9414a_20240822_164328.data
250.0 350.0 17 24.637394736842104 0cd9414a_20240822_164352.data
270.0 350.0 17 24.637394736842104 0cd9414a_20240822_164416.data
290.0 350.0 17 24.741500000000002 0cd9414a_20240822_164440.data
290.0 370.0 17 24.741500000000002 0cd9414a_20240822_164504.data
270.0 370.0 17 24.637394736842104 0cd9414a_20240822_164528.data
250.0 370.0 17 24.637394736842104 0cd9414a_20240822_164552.data
230.0 370.0 17 24.637394736842104 0cd9414a_20240822_164616.data
210.0 370.0 17 24.637394736842104 0cd9414a_20240822_164640.data
190.0 370.0 17 24.637394736842104 0cd9414a_20240822_164704.data
170.0 370.0 17 24.637394736842104 0cd9414a_20240822_164728.data
150.0 370.0 17 24.741500000000002 0cd9414a_20240822_164752.data
130.0 370.0 17 24.637394736842104 0cd9414a_20240822_164816.data
110.0 370.0 17 24.741500000000002 0cd9414a_20240822_164840.data
90.0 370.0 17 24.637394736842104 0cd9414a_20240822_164904.data
70.0 370.0 17 24.637394736842104 0cd9414a_20240822_164928.data
50.0 370.0 17 24.637394736842104 0cd9414a_20240822_164952.data
30.0 370.0 17 24.637394736842104 0cd9414a_20240822_165016.data
10.0 370.0 17 24.637394736842104 0cd9414a_20240822_165040.data
10.0 390.0 17 24.637394736842104 0cd9414a_20240822_165104.data
30.0 390.0 17 24.637394736842104 0cd9414a_20240822_165128.data
50.0 390.0 17 24.637394736842104 0cd9414a_20240822_165152.data
70.0 390.0 17 24.637394736842104 0cd9414a_20240822_165216.data
90.0 390.0 17 24.637394736842104 0cd9414a_20240822_165240.data
110.0 390.0 17 24.637394736842104 0cd9414a_20240822_165304.data
130.0 390.0 17 24.637394736842104 0cd9414a_20240822_165328.data
150.0 390.0 17 24.637394736842104 0cd9414a_20240822_165352.data
170.0 390.0 17 24.637394736842104 0cd9414a_20240822_165417.data
190.0 390.0 17 24.741500000000002 0cd9414a_20240822_165441.data
210.0 390.0 17 24.741500000000002 0cd9414a_20240822_165505.data
230.0 390.0 17 24.741500000000002 0cd9414a_20240822_165529.data
250.0 390.0 17 24.637394736842104 0cd9414a_20240822_165553.data
270.0 390.0 17 24.741500000000002 0cd9414a_20240822_165617.data
290.0 390.0 17 24.637394736842104 0cd9414a_20240822_165641.data
290.0 410.0 17 24.741500000000002 0cd9414a_20240822_165705.data
270.0 410.0 17 24.637394736842104 0cd9414a_20240822_165729.data
250.0 410.0 17 24.741500000000002 0cd9414a_20240822_165753.data
230.0 410.0 17 24.637394736842104 0cd9414a_20240822_165817.data
210.0 410.0 17 24.637394736842104 0cd9414a_20240822_165841.data
190.0 410.0 17 24.948500000000003 0cd9414a_20240822_165905.data
170.0 410.0 17 24.741500000000002 0cd9414a_20240822_165929.data
150.0 410.0 17 24.637394736842104 0cd9414a_20240822_165953.data
130.0 410.0 17 24.741500000000002 0cd9414a_20240822_170017.data
110.0 410.0 17 24.637394736842104 0cd9414a_20240822_170041.data
90.0 410.0 17 24.637394736842104 0cd9414a_20240822_170105.data
70.0 410.0 17 24.637394736842104 0cd9414a_20240822_170129.data
50.0 410.0 17 24.845210526315793 0cd9414a_20240822_170153.data
30.0 410.0 17 24.637394736842104 0cd9414a_20240822_170217.data
10.0 410.0 17 24.637394736842104 0cd9414a_20240822_170241.data
10.0 430.0 17 24.637394736842104 0cd9414a_20240822_170305.data
30.0 430.0 17 24.637394736842104 0cd9414a_20240822_170329.data
50.0 430.0 17 24.741500000000002 0cd9414a_20240822_170353.data
70.0 430.0 17 24.637394736842104 0cd9414a_20240822_170417.data
90.0 430.0 17 24.741500000000002 0cd9414a_20240822_170441.data
110.0 430.0 17 24.741500000000002 0cd9414a_20240822_170505.data
130.0 430.0 17 24.741500000000002 0cd9414a_20240822_170529.data
150.0 430.0 17 24.637394736842104 0cd9414a_20240822_170553.data
170.0 430.0 17 24.637394736842104 0cd9414a_20240822_170617.data
190.0 430.0 17 24.637394736842104 0cd9414a_20240822_170641.data
210.0 430.0 17 24.637394736842104 0cd9414a_20240822_170705.data
230.0 430.0 17 24.741500000000002 0cd9414a_20240822_170729.data
250.0 430.0 17 24.741500000000002 0cd9414a_20240822_170753.data
270.0 430.0 17 24.637394736842104 0cd9414a_20240822_170817.data
290.0 430.0 17 24.637394736842104 0cd9414a_20240822_170841.data
290.0 450.0 17 24.741500000000002 0cd9414a_20240822_170905.data
270.0 450.0 17 24.637394736842104 0cd9414a_20240822_170929.data
250.0 450.0 17 24.741500000000002 0cd9414a_20240822_170953.data
230.0 450.0 17 24.637394736842104 0cd9414a_20240822_171017.data
210.0 450.0 17 24.741500000000002 0cd9414a_20240822_171041.data
190.0 450.0 17 24.741500000000002 0cd9414a_20240822_171105.data
170.0 450.0 17 24.637394736842104 0cd9414a_20240822_171129.data
150.0 450.0 17 24.637394736842104 0cd9414a_20240822_171153.data
130.0 450.0 17 24.741500000000002 0cd9414a_20240822_171217.data
110.0 450.0 17 24.948500000000003 0cd9414a_20240822_171241.data
90.0 450.0 17 24.741500000000002 0cd9414a_20240822_171305.data
70.0 450.0 17 24.637394736842104 0cd9414a_20240822_171329.data
50.0 450.0 17 24.637394736842104 0cd9414a_20240822_171353.data
30.0 450.0 17 24.741500000000002 0cd9414a_20240822_171417.data
10.0 450.0 17 24.741500000000002 0cd9414a_20240822_171441.data
10.0 470.0 17 24.741500000000002 0cd9414a_20240822_171505.data
30.0 470.0 17 24.741500000000002 0cd9414a_20240822_171529.data
50.0 470.0 17 24.637394736842104 0cd9414a_20240822_171553.data
70.0 470.0 17 24.741500000000002 0cd9414a_20240822_171617.data
90.0 470.0 17 24.637394736842104 0cd9414a_20240822_171641.data
110.0 470.0 17 24.741500000000002 0cd9414a_20240822_171705.data
130.0 470.0 17 24.741500000000002 0cd9414a_20240822_171729.data
150.0 470.0 17 24.741500000000002 0cd9414a_20240822_171753.data
170.0 470.0 17 24.741500000000002 0cd9414a_20240822_171817.data
190.0 470.0 17 24.741500000000002 0cd9414a_20240822_171841.data
210.0 470.0 17 24.637394736842104 0cd9414a_20240822_171905.data
230.0 470.0 17 24.741500000000002 0cd9414a_20240822_171929.data
250.0 470.0 17 24.637394736842104 0cd9414a_20240822_171953.data
270.0 470.0 17 24.741500000000002 0cd9414a_20240822_172017.data
290.0 470.0 17 24.741500000000002 0cd9414a_20240822_172041.data
