-1 -1 -1 25.89125110132159 0cd9414a_20240807_093313.data
10.0 10.0 17 25.89125110132159 0cd9414a_20240807_093353.data
30.0 10.0 17 25.89125110132159 0cd9414a_20240807_093417.data
50.0 10.0 17 25.89125110132159 0cd9414a_20240807_093441.data
70.0 10.0 17 25.89125110132159 0cd9414a_20240807_093505.data
90.0 10.0 17 25.89125110132159 0cd9414a_20240807_093529.data
110.0 10.0 17 25.89125110132159 0cd9414a_20240807_093553.data
130.0 10.0 17 25.89125110132159 0cd9414a_20240807_093617.data
150.0 10.0 17 25.89125110132159 0cd9414a_20240807_093641.data
170.0 10.0 17 25.89125110132159 0cd9414a_20240807_093705.data
190.0 10.0 17 25.89125110132159 0cd9414a_20240807_093729.data
210.0 10.0 17 25.89125110132159 0cd9414a_20240807_093753.data
230.0 10.0 17 25.89125110132159 0cd9414a_20240807_093817.data
250.0 10.0 17 25.89125110132159 0cd9414a_20240807_093841.data
270.0 10.0 17 25.89125110132159 0cd9414a_20240807_093905.data
290.0 10.0 17 25.89125110132159 0cd9414a_20240807_093929.data
290.0 30.0 17 25.89125110132159 0cd9414a_20240807_093953.data
270.0 30.0 17 25.89125110132159 0cd9414a_20240807_094017.data
250.0 30.0 17 25.89125110132159 0cd9414a_20240807_094041.data
230.0 30.0 17 25.89125110132159 0cd9414a_20240807_094105.data
210.0 30.0 17 25.89125110132159 0cd9414a_20240807_094129.data
190.0 30.0 17 25.89125110132159 0cd9414a_20240807_094153.data
170.0 30.0 17 25.89125110132159 0cd9414a_20240807_094217.data
150.0 30.0 17 25.89125110132159 0cd9414a_20240807_094241.data
130.0 30.0 17 25.89125110132159 0cd9414a_20240807_094305.data
110.0 30.0 17 25.89125110132159 0cd9414a_20240807_094329.data
90.0 30.0 17 25.89125110132159 0cd9414a_20240807_094353.data
70.0 30.0 17 25.89125110132159 0cd9414a_20240807_094417.data
50.0 30.0 17 25.89125110132159 0cd9414a_20240807_094441.data
30.0 30.0 17 25.89125110132159 0cd9414a_20240807_094505.data
10.0 30.0 17 25.89125110132159 0cd9414a_20240807_094529.data
10.0 50.0 17 25.89125110132159 0cd9414a_20240807_094553.data
30.0 50.0 17 25.89125110132159 0cd9414a_20240807_094617.data
50.0 50.0 17 25.89125110132159 0cd9414a_20240807_094641.data
70.0 50.0 17 25.89125110132159 0cd9414a_20240807_094705.data
90.0 50.0 17 25.773885462555068 0cd9414a_20240807_094729.data
110.0 50.0 17 25.89125110132159 0cd9414a_20240807_094753.data
130.0 50.0 17 25.89125110132159 0cd9414a_20240807_094817.data
150.0 50.0 17 25.89125110132159 0cd9414a_20240807_094841.data
170.0 50.0 17 25.89125110132159 0cd9414a_20240807_094905.data
190.0 50.0 17 25.89125110132159 0cd9414a_20240807_094929.data
210.0 50.0 17 25.89125110132159 0cd9414a_20240807_094953.data
230.0 50.0 17 25.773885462555068 0cd9414a_20240807_095017.data
250.0 50.0 17 25.89125110132159 0cd9414a_20240807_095041.data
270.0 50.0 17 25.89125110132159 0cd9414a_20240807_095105.data
290.0 50.0 17 25.89125110132159 0cd9414a_20240807_095129.data
290.0 70.0 17 25.89125110132159 0cd9414a_20240807_095153.data
270.0 70.0 17 25.89125110132159 0cd9414a_20240807_095217.data
250.0 70.0 17 25.89125110132159 0cd9414a_20240807_095241.data
230.0 70.0 17 25.89125110132159 0cd9414a_20240807_095305.data
210.0 70.0 17 26.008123348017623 0cd9414a_20240807_095329.data
190.0 70.0 17 25.89125110132159 0cd9414a_20240807_095353.data
170.0 70.0 17 25.89125110132159 0cd9414a_20240807_095417.data
150.0 70.0 17 25.89125110132159 0cd9414a_20240807_095441.data
130.0 70.0 17 25.773885462555068 0cd9414a_20240807_095505.data
110.0 70.0 17 25.89125110132159 0cd9414a_20240807_095529.data
90.0 70.0 17 25.89125110132159 0cd9414a_20240807_095554.data
70.0 70.0 17 25.89125110132159 0cd9414a_20240807_095618.data
50.0 70.0 17 25.89125110132159 0cd9414a_20240807_095642.data
30.0 70.0 17 25.89125110132159 0cd9414a_20240807_095706.data
10.0 70.0 17 25.89125110132159 0cd9414a_20240807_095730.data
10.0 90.0 17 25.89125110132159 0cd9414a_20240807_095754.data
30.0 90.0 17 25.89125110132159 0cd9414a_20240807_095818.data
50.0 90.0 17 25.89125110132159 0cd9414a_20240807_095842.data
70.0 90.0 17 25.89125110132159 0cd9414a_20240807_095906.data
90.0 90.0 17 25.773885462555068 0cd9414a_20240807_095930.data
110.0 90.0 17 25.89125110132159 0cd9414a_20240807_095954.data
130.0 90.0 17 25.89125110132159 0cd9414a_20240807_100018.data
150.0 90.0 17 25.89125110132159 0cd9414a_20240807_100042.data
170.0 90.0 17 25.89125110132159 0cd9414a_20240807_100106.data
190.0 90.0 17 25.89125110132159 0cd9414a_20240807_100130.data
210.0 90.0 17 25.89125110132159 0cd9414a_20240807_100154.data
230.0 90.0 17 25.89125110132159 0cd9414a_20240807_100218.data
250.0 90.0 17 25.89125110132159 0cd9414a_20240807_100242.data
270.0 90.0 17 25.89125110132159 0cd9414a_20240807_100306.data
290.0 90.0 17 25.89125110132159 0cd9414a_20240807_100330.data
290.0 110.0 17 25.89125110132159 0cd9414a_20240807_100354.data
270.0 110.0 17 25.89125110132159 0cd9414a_20240807_100418.data
250.0 110.0 17 25.89125110132159 0cd9414a_20240807_100442.data
230.0 110.0 17 25.89125110132159 0cd9414a_20240807_100506.data
210.0 110.0 17 25.89125110132159 0cd9414a_20240807_100530.data
190.0 110.0 17 25.89125110132159 0cd9414a_20240807_100554.data
170.0 110.0 17 25.89125110132159 0cd9414a_20240807_100618.data
150.0 110.0 17 25.89125110132159 0cd9414a_20240807_100642.data
130.0 110.0 17 26.124563876651983 0cd9414a_20240807_100706.data
110.0 110.0 17 26.008123348017623 0cd9414a_20240807_100730.data
90.0 110.0 17 25.89125110132159 0cd9414a_20240807_100754.data
70.0 110.0 17 25.89125110132159 0cd9414a_20240807_100818.data
50.0 110.0 17 25.773885462555068 0cd9414a_20240807_100842.data
30.0 110.0 17 25.89125110132159 0cd9414a_20240807_100906.data
10.0 110.0 17 25.89125110132159 0cd9414a_20240807_100930.data
10.0 130.0 17 25.89125110132159 0cd9414a_20240807_100954.data
30.0 130.0 17 25.773885462555068 0cd9414a_20240807_101018.data
50.0 130.0 17 25.89125110132159 0cd9414a_20240807_101042.data
70.0 130.0 17 25.773885462555068 0cd9414a_20240807_101106.data
90.0 130.0 17 25.89125110132159 0cd9414a_20240807_101130.data
110.0 130.0 17 25.89125110132159 0cd9414a_20240807_101154.data
130.0 130.0 17 25.89125110132159 0cd9414a_20240807_101218.data
150.0 130.0 17 25.89125110132159 0cd9414a_20240807_101242.data
170.0 130.0 17 25.773885462555068 0cd9414a_20240807_101306.data
190.0 130.0 17 25.773885462555068 0cd9414a_20240807_101330.data
210.0 130.0 17 25.89125110132159 0cd9414a_20240807_101354.data
230.0 130.0 17 25.89125110132159 0cd9414a_20240807_101418.data
250.0 130.0 17 25.89125110132159 0cd9414a_20240807_101442.data
270.0 130.0 17 25.89125110132159 0cd9414a_20240807_101506.data
290.0 130.0 17 25.89125110132159 0cd9414a_20240807_101530.data
290.0 150.0 17 25.89125110132159 0cd9414a_20240807_101554.data
270.0 150.0 17 25.773885462555068 0cd9414a_20240807_101618.data
250.0 150.0 17 25.89125110132159 0cd9414a_20240807_101642.data
230.0 150.0 17 25.773885462555068 0cd9414a_20240807_101706.data
210.0 150.0 17 25.89125110132159 0cd9414a_20240807_101730.data
190.0 150.0 17 25.89125110132159 0cd9414a_20240807_101754.data
170.0 150.0 17 25.89125110132159 0cd9414a_20240807_101818.data
150.0 150.0 17 25.89125110132159 0cd9414a_20240807_101842.data
130.0 150.0 17 25.89125110132159 0cd9414a_20240807_101906.data
110.0 150.0 17 25.89125110132159 0cd9414a_20240807_101930.data
90.0 150.0 17 25.89125110132159 0cd9414a_20240807_101954.data
70.0 150.0 17 25.89125110132159 0cd9414a_20240807_102018.data
50.0 150.0 17 25.89125110132159 0cd9414a_20240807_102042.data
30.0 150.0 17 25.89125110132159 0cd9414a_20240807_102106.data
10.0 150.0 17 26.008123348017623 0cd9414a_20240807_102130.data
10.0 170.0 17 25.89125110132159 0cd9414a_20240807_102154.data
30.0 170.0 17 25.89125110132159 0cd9414a_20240807_102218.data
50.0 170.0 17 25.89125110132159 0cd9414a_20240807_102242.data
70.0 170.0 17 25.773885462555068 0cd9414a_20240807_102306.data
90.0 170.0 17 25.773885462555068 0cd9414a_20240807_102330.data
110.0 170.0 17 25.773885462555068 0cd9414a_20240807_102354.data
130.0 170.0 17 25.89125110132159 0cd9414a_20240807_102418.data
150.0 170.0 17 25.773885462555068 0cd9414a_20240807_102442.data
170.0 170.0 17 25.89125110132159 0cd9414a_20240807_102506.data
190.0 170.0 17 26.008123348017623 0cd9414a_20240807_102530.data
210.0 170.0 17 26.124563876651983 0cd9414a_20240807_102554.data
230.0 170.0 17 26.124563876651983 0cd9414a_20240807_102618.data
250.0 170.0 17 25.773885462555068 0cd9414a_20240807_102642.data
270.0 170.0 17 25.89125110132159 0cd9414a_20240807_102706.data
290.0 170.0 17 25.89125110132159 0cd9414a_20240807_102730.data
290.0 190.0 17 25.773885462555068 0cd9414a_20240807_102754.data
270.0 190.0 17 25.89125110132159 0cd9414a_20240807_102818.data
250.0 190.0 17 25.773885462555068 0cd9414a_20240807_102843.data
230.0 190.0 17 25.89125110132159 0cd9414a_20240807_102907.data
210.0 190.0 17 25.89125110132159 0cd9414a_20240807_102931.data
190.0 190.0 17 25.89125110132159 0cd9414a_20240807_102955.data
170.0 190.0 17 25.89125110132159 0cd9414a_20240807_103019.data
150.0 190.0 17 25.89125110132159 0cd9414a_20240807_103043.data
130.0 190.0 17 25.89125110132159 0cd9414a_20240807_103107.data
110.0 190.0 17 25.89125110132159 0cd9414a_20240807_103131.data
90.0 190.0 17 25.89125110132159 0cd9414a_20240807_103155.data
70.0 190.0 17 25.89125110132159 0cd9414a_20240807_103219.data
50.0 190.0 17 25.89125110132159 0cd9414a_20240807_103243.data
30.0 190.0 17 25.89125110132159 0cd9414a_20240807_103307.data
10.0 190.0 17 25.89125110132159 0cd9414a_20240807_103331.data
10.0 210.0 17 25.89125110132159 0cd9414a_20240807_103355.data
30.0 210.0 17 25.89125110132159 0cd9414a_20240807_103419.data
50.0 210.0 17 25.773885462555068 0cd9414a_20240807_103443.data
70.0 210.0 17 25.773885462555068 0cd9414a_20240807_103507.data
90.0 210.0 17 25.89125110132159 0cd9414a_20240807_103531.data
110.0 210.0 17 25.89125110132159 0cd9414a_20240807_103555.data
130.0 210.0 17 25.89125110132159 0cd9414a_20240807_103619.data
150.0 210.0 17 25.89125110132159 0cd9414a_20240807_103643.data
170.0 210.0 17 25.89125110132159 0cd9414a_20240807_103707.data
190.0 210.0 17 25.89125110132159 0cd9414a_20240807_103731.data
210.0 210.0 17 25.89125110132159 0cd9414a_20240807_103755.data
230.0 210.0 17 25.89125110132159 0cd9414a_20240807_103819.data
250.0 210.0 17 25.89125110132159 0cd9414a_20240807_103843.data
270.0 210.0 17 25.89125110132159 0cd9414a_20240807_103907.data
290.0 210.0 17 25.89125110132159 0cd9414a_20240807_103931.data
290.0 230.0 17 25.89125110132159 0cd9414a_20240807_103955.data
270.0 230.0 17 25.89125110132159 0cd9414a_20240807_104019.data
250.0 230.0 17 25.89125110132159 0cd9414a_20240807_104043.data
230.0 230.0 17 25.89125110132159 0cd9414a_20240807_104107.data
210.0 230.0 17 25.773885462555068 0cd9414a_20240807_104131.data
190.0 230.0 17 25.89125110132159 0cd9414a_20240807_104155.data
170.0 230.0 17 25.89125110132159 0cd9414a_20240807_104219.data
150.0 230.0 17 25.89125110132159 0cd9414a_20240807_104243.data
130.0 230.0 17 25.89125110132159 0cd9414a_20240807_104307.data
110.0 230.0 17 25.89125110132159 0cd9414a_20240807_104331.data
90.0 230.0 17 26.008123348017623 0cd9414a_20240807_104355.data
70.0 230.0 17 25.89125110132159 0cd9414a_20240807_104419.data
50.0 230.0 17 25.89125110132159 0cd9414a_20240807_104443.data
30.0 230.0 17 25.89125110132159 0cd9414a_20240807_104507.data
10.0 230.0 17 25.89125110132159 0cd9414a_20240807_104531.data
10.0 250.0 17 25.89125110132159 0cd9414a_20240807_104555.data
30.0 250.0 17 25.89125110132159 0cd9414a_20240807_104619.data
50.0 250.0 17 25.89125110132159 0cd9414a_20240807_104643.data
70.0 250.0 17 25.773885462555068 0cd9414a_20240807_104707.data
90.0 250.0 17 26.008123348017623 0cd9414a_20240807_104731.data
110.0 250.0 17 25.89125110132159 0cd9414a_20240807_104755.data
130.0 250.0 17 25.773885462555068 0cd9414a_20240807_104819.data
150.0 250.0 17 25.89125110132159 0cd9414a_20240807_104843.data
170.0 250.0 17 25.89125110132159 0cd9414a_20240807_104907.data
190.0 250.0 17 25.89125110132159 0cd9414a_20240807_104931.data
210.0 250.0 17 25.89125110132159 0cd9414a_20240807_104955.data
230.0 250.0 17 25.89125110132159 0cd9414a_20240807_105019.data
250.0 250.0 17 25.89125110132159 0cd9414a_20240807_105043.data
270.0 250.0 17 25.89125110132159 0cd9414a_20240807_105107.data
290.0 250.0 17 25.89125110132159 0cd9414a_20240807_105131.data
290.0 270.0 17 25.89125110132159 0cd9414a_20240807_105155.data
270.0 270.0 17 25.89125110132159 0cd9414a_20240807_105219.data
250.0 270.0 17 25.89125110132159 0cd9414a_20240807_105243.data
230.0 270.0 17 25.773885462555068 0cd9414a_20240807_105307.data
210.0 270.0 17 25.89125110132159 0cd9414a_20240807_105331.data
190.0 270.0 17 25.89125110132159 0cd9414a_20240807_105355.data
170.0 270.0 17 25.89125110132159 0cd9414a_20240807_105419.data
150.0 270.0 17 25.89125110132159 0cd9414a_20240807_105443.data
130.0 270.0 17 25.89125110132159 0cd9414a_20240807_105507.data
110.0 270.0 17 25.89125110132159 0cd9414a_20240807_105531.data
90.0 270.0 17 25.89125110132159 0cd9414a_20240807_105555.data
70.0 270.0 17 25.773885462555068 0cd9414a_20240807_105619.data
50.0 270.0 17 25.89125110132159 0cd9414a_20240807_105643.data
30.0 270.0 17 25.89125110132159 0cd9414a_20240807_105707.data
10.0 270.0 17 25.89125110132159 0cd9414a_20240807_105731.data
10.0 290.0 17 25.89125110132159 0cd9414a_20240807_105755.data
30.0 290.0 17 25.89125110132159 0cd9414a_20240807_105819.data
50.0 290.0 17 25.773885462555068 0cd9414a_20240807_105843.data
70.0 290.0 17 25.89125110132159 0cd9414a_20240807_105907.data
90.0 290.0 17 25.89125110132159 0cd9414a_20240807_105931.data
110.0 290.0 17 25.89125110132159 0cd9414a_20240807_105955.data
130.0 290.0 17 25.89125110132159 0cd9414a_20240807_110020.data
150.0 290.0 17 25.89125110132159 0cd9414a_20240807_110044.data
170.0 290.0 17 25.89125110132159 0cd9414a_20240807_110108.data
190.0 290.0 17 25.89125110132159 0cd9414a_20240807_110132.data
210.0 290.0 17 25.89125110132159 0cd9414a_20240807_110156.data
230.0 290.0 17 25.89125110132159 0cd9414a_20240807_110220.data
250.0 290.0 17 25.89125110132159 0cd9414a_20240807_110244.data
270.0 290.0 17 25.89125110132159 0cd9414a_20240807_110308.data
290.0 290.0 17 25.89125110132159 0cd9414a_20240807_110332.data
290.0 310.0 17 25.89125110132159 0cd9414a_20240807_110356.data
270.0 310.0 17 -1 0cd9414a_20240807_110420.data
250.0 310.0 17 26.008123348017623 0cd9414a_20240807_110444.data
230.0 310.0 17 25.89125110132159 0cd9414a_20240807_110508.data
210.0 310.0 17 -1 0cd9414a_20240807_110532.data
190.0 310.0 17 25.89125110132159 0cd9414a_20240807_110556.data
170.0 310.0 17 25.89125110132159 0cd9414a_20240807_110620.data
150.0 310.0 17 25.89125110132159 0cd9414a_20240807_110644.data
130.0 310.0 17 25.89125110132159 0cd9414a_20240807_110708.data
110.0 310.0 17 25.89125110132159 0cd9414a_20240807_110732.data
90.0 310.0 17 25.89125110132159 0cd9414a_20240807_110756.data
70.0 310.0 17 -1 0cd9414a_20240807_110820.data
50.0 310.0 17 25.89125110132159 0cd9414a_20240807_110844.data
30.0 310.0 17 25.89125110132159 0cd9414a_20240807_110908.data
10.0 310.0 17 25.89125110132159 0cd9414a_20240807_110932.data
10.0 330.0 17 25.894273127753305 0cd9414a_20240807_110956.data
30.0 330.0 17 26.124563876651983 0cd9414a_20240807_111020.data
50.0 330.0 17 26.240572687224667 0cd9414a_20240807_111044.data
70.0 330.0 17 26.240572687224667 0cd9414a_20240807_111108.data
90.0 330.0 17 26.240572687224667 0cd9414a_20240807_111132.data
110.0 330.0 17 26.240572687224667 0cd9414a_20240807_111156.data
130.0 330.0 17 26.240572687224667 0cd9414a_20240807_111220.data
150.0 330.0 17 26.240572687224667 0cd9414a_20240807_111244.data
170.0 330.0 17 26.240572687224667 0cd9414a_20240807_111308.data
190.0 330.0 17 26.240572687224667 0cd9414a_20240807_111332.data
210.0 330.0 17 26.240572687224667 0cd9414a_20240807_111356.data
230.0 330.0 17 26.240572687224667 0cd9414a_20240807_111420.data
250.0 330.0 17 26.240572687224667 0cd9414a_20240807_111444.data
270.0 330.0 17 26.356118942731285 0cd9414a_20240807_111508.data
290.0 330.0 17 26.240572687224667 0cd9414a_20240807_111532.data
10.0 350.0 17 26.240572687224667 0cd9414a_20240807_111847.data
30.0 350.0 17 26.240572687224667 0cd9414a_20240807_111911.data
50.0 350.0 17 26.240572687224667 0cd9414a_20240807_111935.data
70.0 350.0 17 26.240572687224667 0cd9414a_20240807_111959.data
90.0 350.0 17 26.356118942731285 0cd9414a_20240807_112023.data
110.0 350.0 17 26.240572687224667 0cd9414a_20240807_112047.data
130.0 350.0 17 26.240572687224667 0cd9414a_20240807_112111.data
150.0 350.0 17 26.240572687224667 0cd9414a_20240807_112135.data
170.0 350.0 17 26.240572687224667 0cd9414a_20240807_112159.data
190.0 350.0 17 26.240572687224667 0cd9414a_20240807_112223.data
210.0 350.0 17 26.240572687224667 0cd9414a_20240807_112247.data
230.0 350.0 17 26.240572687224667 0cd9414a_20240807_112311.data
250.0 350.0 17 26.240572687224667 0cd9414a_20240807_112335.data
270.0 350.0 17 26.240572687224667 0cd9414a_20240807_112359.data
290.0 350.0 17 26.240572687224667 0cd9414a_20240807_112423.data
290.0 370.0 17 26.124563876651983 0cd9414a_20240807_112447.data
270.0 370.0 17 26.008123348017623 0cd9414a_20240807_112511.data
250.0 370.0 17 26.240572687224667 0cd9414a_20240807_112535.data
230.0 370.0 17 26.240572687224667 0cd9414a_20240807_112559.data
210.0 370.0 17 26.240572687224667 0cd9414a_20240807_112623.data
190.0 370.0 17 26.240572687224667 0cd9414a_20240807_112647.data
170.0 370.0 17 26.240572687224667 0cd9414a_20240807_112711.data
150.0 370.0 17 26.240572687224667 0cd9414a_20240807_112735.data
130.0 370.0 17 26.240572687224667 0cd9414a_20240807_112759.data
110.0 370.0 17 26.124563876651983 0cd9414a_20240807_112823.data
90.0 370.0 17 26.240572687224667 0cd9414a_20240807_112847.data
70.0 370.0 17 26.240572687224667 0cd9414a_20240807_112911.data
50.0 370.0 17 26.240572687224667 0cd9414a_20240807_112935.data
30.0 370.0 17 26.240572687224667 0cd9414a_20240807_112959.data
10.0 370.0 17 26.240572687224667 0cd9414a_20240807_113023.data
10.0 390.0 17 26.240572687224667 0cd9414a_20240807_113047.data
30.0 390.0 17 26.240572687224667 0cd9414a_20240807_113111.data
50.0 390.0 17 26.240572687224667 0cd9414a_20240807_113135.data
70.0 390.0 17 26.240572687224667 0cd9414a_20240807_113159.data
90.0 390.0 17 26.240572687224667 0cd9414a_20240807_113223.data
110.0 390.0 17 26.240572687224667 0cd9414a_20240807_113247.data
130.0 390.0 17 26.124563876651983 0cd9414a_20240807_113311.data
150.0 390.0 17 26.240572687224667 0cd9414a_20240807_113335.data
170.0 390.0 17 26.124563876651983 0cd9414a_20240807_113359.data
190.0 390.0 17 26.240572687224667 0cd9414a_20240807_113423.data
210.0 390.0 17 26.240572687224667 0cd9414a_20240807_113447.data
230.0 390.0 17 26.240572687224667 0cd9414a_20240807_113512.data
250.0 390.0 17 26.240572687224667 0cd9414a_20240807_113535.data
270.0 390.0 17 26.240572687224667 0cd9414a_20240807_113600.data
290.0 390.0 17 26.240572687224667 0cd9414a_20240807_113624.data
290.0 410.0 17 26.240572687224667 0cd9414a_20240807_113648.data
270.0 410.0 17 26.356118942731285 0cd9414a_20240807_113712.data
250.0 410.0 17 26.240572687224667 0cd9414a_20240807_113736.data
230.0 410.0 17 26.240572687224667 0cd9414a_20240807_113800.data
210.0 410.0 17 26.240572687224667 0cd9414a_20240807_113824.data
190.0 410.0 17 26.356118942731285 0cd9414a_20240807_113848.data
170.0 410.0 17 26.240572687224667 0cd9414a_20240807_113912.data
150.0 410.0 17 26.240572687224667 0cd9414a_20240807_113936.data
130.0 410.0 17 26.240572687224667 0cd9414a_20240807_114000.data
110.0 410.0 17 26.240572687224667 0cd9414a_20240807_114024.data
90.0 410.0 17 26.240572687224667 0cd9414a_20240807_114048.data
70.0 410.0 17 26.240572687224667 0cd9414a_20240807_114112.data
50.0 410.0 17 26.240572687224667 0cd9414a_20240807_114136.data
30.0 410.0 17 26.240572687224667 0cd9414a_20240807_114200.data
10.0 410.0 17 26.240572687224667 0cd9414a_20240807_114224.data
10.0 430.0 17 26.240572687224667 0cd9414a_20240807_114248.data
30.0 430.0 17 26.240572687224667 0cd9414a_20240807_114312.data
50.0 430.0 17 26.240572687224667 0cd9414a_20240807_114336.data
70.0 430.0 17 26.240572687224667 0cd9414a_20240807_114400.data
90.0 430.0 17 26.240572687224667 0cd9414a_20240807_114424.data
110.0 430.0 17 26.240572687224667 0cd9414a_20240807_114448.data
130.0 430.0 17 26.471233480176213 0cd9414a_20240807_114512.data
150.0 430.0 17 26.471233480176213 0cd9414a_20240807_114536.data
170.0 430.0 17 26.124563876651983 0cd9414a_20240807_114600.data
190.0 430.0 17 26.240572687224667 0cd9414a_20240807_114624.data
210.0 430.0 17 26.240572687224667 0cd9414a_20240807_114648.data
230.0 430.0 17 26.240572687224667 0cd9414a_20240807_114712.data
250.0 430.0 17 26.240572687224667 0cd9414a_20240807_114736.data
270.0 430.0 17 26.240572687224667 0cd9414a_20240807_114800.data
290.0 430.0 17 26.240572687224667 0cd9414a_20240807_114824.data
290.0 450.0 17 26.240572687224667 0cd9414a_20240807_114848.data
270.0 450.0 17 26.240572687224667 0cd9414a_20240807_114912.data
250.0 450.0 17 26.240572687224667 0cd9414a_20240807_114936.data
230.0 450.0 17 26.240572687224667 0cd9414a_20240807_115000.data
210.0 450.0 17 26.240572687224667 0cd9414a_20240807_115024.data
190.0 450.0 17 26.240572687224667 0cd9414a_20240807_115048.data
170.0 450.0 17 26.240572687224667 0cd9414a_20240807_115112.data
150.0 450.0 17 26.240572687224667 0cd9414a_20240807_115136.data
130.0 450.0 17 26.240572687224667 0cd9414a_20240807_115200.data
110.0 450.0 17 26.240572687224667 0cd9414a_20240807_115224.data
90.0 450.0 17 26.356118942731285 0cd9414a_20240807_115248.data
70.0 450.0 17 26.240572687224667 0cd9414a_20240807_115312.data
50.0 450.0 17 26.240572687224667 0cd9414a_20240807_115336.data
30.0 450.0 17 26.240572687224667 0cd9414a_20240807_115400.data
10.0 450.0 17 26.240572687224667 0cd9414a_20240807_115424.data
10.0 470.0 17 26.240572687224667 0cd9414a_20240807_115448.data
30.0 470.0 17 26.240572687224667 0cd9414a_20240807_115512.data
50.0 470.0 17 26.240572687224667 0cd9414a_20240807_115536.data
70.0 470.0 17 26.240572687224667 0cd9414a_20240807_115600.data
90.0 470.0 17 26.240572687224667 0cd9414a_20240807_115624.data
110.0 470.0 17 26.124563876651983 0cd9414a_20240807_115648.data
130.0 470.0 17 26.240572687224667 0cd9414a_20240807_115712.data
150.0 470.0 17 26.240572687224667 0cd9414a_20240807_115736.data
170.0 470.0 17 26.240572687224667 0cd9414a_20240807_115800.data
190.0 470.0 17 26.240572687224667 0cd9414a_20240807_115824.data
210.0 470.0 17 26.240572687224667 0cd9414a_20240807_115848.data
230.0 470.0 17 26.240572687224667 0cd9414a_20240807_115912.data
250.0 470.0 17 26.240572687224667 0cd9414a_20240807_115936.data
270.0 470.0 17 26.240572687224667 0cd9414a_20240807_120000.data
290.0 470.0 17 26.240572687224667 0cd9414a_20240807_120024.data
