-1 -1 -1 22.969809523809523 0cd9414a_20240917_092749.data
10.0 10.0 17 22.666095238095238 0cd9414a_20240917_092828.data
30.0 10.0 17 22.666095238095238 0cd9414a_20240917_092852.data
50.0 10.0 17 22.969809523809523 0cd9414a_20240917_092916.data
70.0 10.0 17 22.969809523809523 0cd9414a_20240917_092940.data
90.0 10.0 17 22.969809523809523 0cd9414a_20240917_093004.data
110.0 10.0 17 22.969809523809523 0cd9414a_20240917_093028.data
130.0 10.0 17 22.969809523809523 0cd9414a_20240917_093052.data
150.0 10.0 17 22.767738095238098 0cd9414a_20240917_093116.data
170.0 10.0 17 22.969809523809523 0cd9414a_20240917_093140.data
190.0 10.0 17 22.969809523809523 0cd9414a_20240917_093204.data
210.0 10.0 17 22.666095238095238 0cd9414a_20240917_093228.data
230.0 10.0 17 22.767738095238098 0cd9414a_20240917_093252.data
250.0 10.0 17 23.073725 0cd9414a_20240917_093316.data
270.0 10.0 17 22.969809523809523 0cd9414a_20240917_093340.data
290.0 10.0 17 22.969809523809523 0cd9414a_20240917_093404.data
290.0 30.0 17 22.969809523809523 0cd9414a_20240917_093428.data
270.0 30.0 17 22.666095238095238 0cd9414a_20240917_093452.data
250.0 30.0 17 22.868976190476186 0cd9414a_20240917_093516.data
230.0 30.0 17 22.969809523809523 0cd9414a_20240917_093540.data
210.0 30.0 17 22.868976190476186 0cd9414a_20240917_093604.data
190.0 30.0 17 22.767738095238098 0cd9414a_20240917_093628.data
170.0 30.0 17 22.666095238095238 0cd9414a_20240917_093652.data
150.0 30.0 17 22.666095238095238 0cd9414a_20240917_093716.data
130.0 30.0 17 22.969809523809523 0cd9414a_20240917_093740.data
110.0 30.0 17 22.868976190476186 0cd9414a_20240917_093804.data
90.0 30.0 17 22.969809523809523 0cd9414a_20240917_093828.data
70.0 30.0 17 22.767738095238098 0cd9414a_20240917_093852.data
50.0 30.0 17 22.767738095238098 0cd9414a_20240917_093916.data
30.0 30.0 17 22.868976190476186 0cd9414a_20240917_093940.data
10.0 30.0 17 22.868976190476186 0cd9414a_20240917_094004.data
10.0 50.0 17 22.666095238095238 0cd9414a_20240917_094028.data
30.0 50.0 17 22.767738095238098 0cd9414a_20240917_094052.data
50.0 50.0 17 22.969809523809523 0cd9414a_20240917_094116.data
70.0 50.0 17 22.868976190476186 0cd9414a_20240917_094140.data
90.0 50.0 17 22.868976190476186 0cd9414a_20240917_094204.data
110.0 50.0 17 22.868976190476186 0cd9414a_20240917_094228.data
130.0 50.0 17 22.868976190476186 0cd9414a_20240917_094252.data
150.0 50.0 17 22.767738095238098 0cd9414a_20240917_094316.data
170.0 50.0 17 22.767738095238098 0cd9414a_20240917_094340.data
190.0 50.0 17 22.969809523809523 0cd9414a_20240917_094405.data
210.0 50.0 17 22.969809523809523 0cd9414a_20240917_094429.data
230.0 50.0 17 22.969809523809523 0cd9414a_20240917_094453.data
250.0 50.0 17 22.868976190476186 0cd9414a_20240917_094517.data
270.0 50.0 17 22.969809523809523 0cd9414a_20240917_094541.data
290.0 50.0 17 22.666095238095238 0cd9414a_20240917_094605.data
290.0 70.0 17 22.969809523809523 0cd9414a_20240917_094629.data
270.0 70.0 17 22.969809523809523 0cd9414a_20240917_094653.data
250.0 70.0 17 22.969809523809523 0cd9414a_20240917_094717.data
230.0 70.0 17 22.666095238095238 0cd9414a_20240917_094741.data
210.0 70.0 17 22.868976190476186 0cd9414a_20240917_094805.data
190.0 70.0 17 22.969809523809523 0cd9414a_20240917_094829.data
170.0 70.0 17 22.868976190476186 0cd9414a_20240917_094853.data
150.0 70.0 17 22.969809523809523 0cd9414a_20240917_094917.data
130.0 70.0 17 22.868976190476186 0cd9414a_20240917_094941.data
110.0 70.0 17 22.969809523809523 0cd9414a_20240917_095005.data
90.0 70.0 17 22.969809523809523 0cd9414a_20240917_095029.data
70.0 70.0 17 22.969809523809523 0cd9414a_20240917_095053.data
50.0 70.0 17 22.767738095238098 0cd9414a_20240917_095117.data
30.0 70.0 17 22.868976190476186 0cd9414a_20240917_095141.data
10.0 70.0 17 22.868976190476186 0cd9414a_20240917_095205.data
10.0 90.0 17 22.969809523809523 0cd9414a_20240917_095229.data
30.0 90.0 17 22.767738095238098 0cd9414a_20240917_095253.data
50.0 90.0 17 22.868976190476186 0cd9414a_20240917_095317.data
70.0 90.0 17 22.969809523809523 0cd9414a_20240917_095341.data
90.0 90.0 17 22.868976190476186 0cd9414a_20240917_095405.data
110.0 90.0 17 22.666095238095238 0cd9414a_20240917_095429.data
130.0 90.0 17 22.969809523809523 0cd9414a_20240917_095453.data
150.0 90.0 17 22.969809523809523 0cd9414a_20240917_095517.data
170.0 90.0 17 22.868976190476186 0cd9414a_20240917_095541.data
190.0 90.0 17 22.767738095238098 0cd9414a_20240917_095605.data
210.0 90.0 17 22.969809523809523 0cd9414a_20240917_095629.data
230.0 90.0 17 22.969809523809523 0cd9414a_20240917_095653.data
250.0 90.0 17 22.666095238095238 0cd9414a_20240917_095717.data
270.0 90.0 17 22.767738095238098 0cd9414a_20240917_095741.data
290.0 90.0 17 22.767738095238098 0cd9414a_20240917_095805.data
290.0 110.0 17 22.868976190476186 0cd9414a_20240917_095829.data
270.0 110.0 17 22.666095238095238 0cd9414a_20240917_095853.data
250.0 110.0 17 22.868976190476186 0cd9414a_20240917_095917.data
230.0 110.0 17 22.666095238095238 0cd9414a_20240917_095941.data
210.0 110.0 17 22.969809523809523 0cd9414a_20240917_100005.data
190.0 110.0 17 22.767738095238098 0cd9414a_20240917_100029.data
170.0 110.0 17 22.868976190476186 0cd9414a_20240917_100053.data
150.0 110.0 17 22.767738095238098 0cd9414a_20240917_100117.data
130.0 110.0 17 22.868976190476186 0cd9414a_20240917_100141.data
110.0 110.0 17 22.969809523809523 0cd9414a_20240917_100205.data
90.0 110.0 17 22.868976190476186 0cd9414a_20240917_100229.data
70.0 110.0 17 22.868976190476186 0cd9414a_20240917_100253.data
50.0 110.0 17 22.868976190476186 0cd9414a_20240917_100317.data
30.0 110.0 17 22.767738095238098 0cd9414a_20240917_100341.data
10.0 110.0 17 22.969809523809523 0cd9414a_20240917_100405.data
10.0 130.0 17 22.868976190476186 0cd9414a_20240917_100429.data
30.0 130.0 17 22.767738095238098 0cd9414a_20240917_100453.data
50.0 130.0 17 22.666095238095238 0cd9414a_20240917_100517.data
70.0 130.0 17 22.767738095238098 0cd9414a_20240917_100541.data
90.0 130.0 17 22.666095238095238 0cd9414a_20240917_100605.data
110.0 130.0 17 22.56402380952381 0cd9414a_20240917_100629.data
130.0 130.0 17 22.56402380952381 0cd9414a_20240917_100653.data
150.0 130.0 17 22.666095238095238 0cd9414a_20240917_100717.data
170.0 130.0 17 22.666095238095238 0cd9414a_20240917_100741.data
190.0 130.0 17 22.666095238095238 0cd9414a_20240917_100805.data
210.0 130.0 17 22.666095238095238 0cd9414a_20240917_100829.data
230.0 130.0 17 22.56402380952381 0cd9414a_20240917_100853.data
250.0 130.0 17 22.666095238095238 0cd9414a_20240917_100917.data
270.0 130.0 17 22.666095238095238 0cd9414a_20240917_100941.data
290.0 130.0 17 22.666095238095238 0cd9414a_20240917_101005.data
290.0 150.0 17 22.56402380952381 0cd9414a_20240917_101029.data
270.0 150.0 17 22.56402380952381 0cd9414a_20240917_101053.data
250.0 150.0 17 22.666095238095238 0cd9414a_20240917_101117.data
230.0 150.0 17 22.666095238095238 0cd9414a_20240917_101141.data
210.0 150.0 17 22.666095238095238 0cd9414a_20240917_101205.data
190.0 150.0 17 22.666095238095238 0cd9414a_20240917_101229.data
170.0 150.0 17 22.666095238095238 0cd9414a_20240917_101254.data
150.0 150.0 17 22.666095238095238 0cd9414a_20240917_101317.data
130.0 150.0 17 22.666095238095238 0cd9414a_20240917_101342.data
110.0 150.0 17 22.666095238095238 0cd9414a_20240917_101406.data
90.0 150.0 17 22.666095238095238 0cd9414a_20240917_101430.data
70.0 150.0 17 22.666095238095238 0cd9414a_20240917_101454.data
50.0 150.0 17 22.666095238095238 0cd9414a_20240917_101518.data
30.0 150.0 17 22.666095238095238 0cd9414a_20240917_101542.data
10.0 150.0 17 22.666095238095238 0cd9414a_20240917_101606.data
10.0 170.0 17 22.666095238095238 0cd9414a_20240917_101630.data
30.0 170.0 17 22.666095238095238 0cd9414a_20240917_101654.data
50.0 170.0 17 22.666095238095238 0cd9414a_20240917_101718.data
70.0 170.0 17 22.666095238095238 0cd9414a_20240917_101742.data
90.0 170.0 17 22.666095238095238 0cd9414a_20240917_101806.data
110.0 170.0 17 22.666095238095238 0cd9414a_20240917_101830.data
130.0 170.0 17 22.868976190476186 0cd9414a_20240917_101854.data
150.0 170.0 17 22.666095238095238 0cd9414a_20240917_101918.data
170.0 170.0 17 22.666095238095238 0cd9414a_20240917_101942.data
190.0 170.0 17 22.666095238095238 0cd9414a_20240917_102006.data
210.0 170.0 17 22.666095238095238 0cd9414a_20240917_102030.data
230.0 170.0 17 22.666095238095238 0cd9414a_20240917_102054.data
250.0 170.0 17 22.666095238095238 0cd9414a_20240917_102118.data
270.0 170.0 17 22.767738095238098 0cd9414a_20240917_102142.data
290.0 170.0 17 22.666095238095238 0cd9414a_20240917_102206.data
290.0 190.0 17 22.666095238095238 0cd9414a_20240917_102230.data
270.0 190.0 17 22.666095238095238 0cd9414a_20240917_102254.data
250.0 190.0 17 22.666095238095238 0cd9414a_20240917_102318.data
230.0 190.0 17 22.56402380952381 0cd9414a_20240917_102342.data
210.0 190.0 17 22.666095238095238 0cd9414a_20240917_102406.data
190.0 190.0 17 22.666095238095238 0cd9414a_20240917_102430.data
170.0 190.0 17 22.666095238095238 0cd9414a_20240917_102454.data
150.0 190.0 17 22.666095238095238 0cd9414a_20240917_102518.data
130.0 190.0 17 22.666095238095238 0cd9414a_20240917_102542.data
110.0 190.0 17 22.666095238095238 0cd9414a_20240917_102606.data
90.0 190.0 17 22.666095238095238 0cd9414a_20240917_102630.data
70.0 190.0 17 22.56402380952381 0cd9414a_20240917_102654.data
50.0 190.0 17 22.868976190476186 0cd9414a_20240917_102718.data
30.0 190.0 17 22.666095238095238 0cd9414a_20240917_102742.data
10.0 190.0 17 22.666095238095238 0cd9414a_20240917_102806.data
10.0 210.0 17 22.666095238095238 0cd9414a_20240917_102830.data
30.0 210.0 17 22.666095238095238 0cd9414a_20240917_102854.data
50.0 210.0 17 22.666095238095238 0cd9414a_20240917_102918.data
70.0 210.0 17 22.666095238095238 0cd9414a_20240917_102942.data
90.0 210.0 17 22.666095238095238 0cd9414a_20240917_103006.data
110.0 210.0 17 22.666095238095238 0cd9414a_20240917_103030.data
130.0 210.0 17 22.666095238095238 0cd9414a_20240917_103054.data
150.0 210.0 17 22.767738095238098 0cd9414a_20240917_103118.data
170.0 210.0 17 22.56402380952381 0cd9414a_20240917_103142.data
190.0 210.0 17 22.666095238095238 0cd9414a_20240917_103206.data
210.0 210.0 17 22.666095238095238 0cd9414a_20240917_103230.data
230.0 210.0 17 22.666095238095238 0cd9414a_20240917_103254.data
250.0 210.0 17 22.767738095238098 0cd9414a_20240917_103318.data
270.0 210.0 17 22.666095238095238 0cd9414a_20240917_103342.data
290.0 210.0 17 22.666095238095238 0cd9414a_20240917_103406.data
290.0 230.0 17 22.666095238095238 0cd9414a_20240917_103430.data
270.0 230.0 17 22.666095238095238 0cd9414a_20240917_103454.data
250.0 230.0 17 22.56402380952381 0cd9414a_20240917_103518.data
230.0 230.0 17 22.666095238095238 0cd9414a_20240917_103542.data
210.0 230.0 17 22.666095238095238 0cd9414a_20240917_103606.data
190.0 230.0 17 22.666095238095238 0cd9414a_20240917_103630.data
170.0 230.0 17 22.666095238095238 0cd9414a_20240917_103654.data
150.0 230.0 17 22.767738095238098 0cd9414a_20240917_103718.data
130.0 230.0 17 22.666095238095238 0cd9414a_20240917_103742.data
110.0 230.0 17 22.666095238095238 0cd9414a_20240917_103806.data
90.0 230.0 17 22.666095238095238 0cd9414a_20240917_103830.data
70.0 230.0 17 22.666095238095238 0cd9414a_20240917_103854.data
50.0 230.0 17 22.666095238095238 0cd9414a_20240917_103918.data
30.0 230.0 17 22.666095238095238 0cd9414a_20240917_103942.data
10.0 230.0 17 22.666095238095238 0cd9414a_20240917_104006.data
10.0 250.0 17 22.666095238095238 0cd9414a_20240917_104030.data
30.0 250.0 17 22.666095238095238 0cd9414a_20240917_104054.data
50.0 250.0 17 22.666095238095238 0cd9414a_20240917_104118.data
70.0 250.0 17 22.666095238095238 0cd9414a_20240917_104142.data
90.0 250.0 17 22.666095238095238 0cd9414a_20240917_104206.data
110.0 250.0 17 22.666095238095238 0cd9414a_20240917_104231.data
130.0 250.0 17 22.666095238095238 0cd9414a_20240917_104255.data
150.0 250.0 17 22.666095238095238 0cd9414a_20240917_104319.data
170.0 250.0 17 22.666095238095238 0cd9414a_20240917_104343.data
190.0 250.0 17 22.666095238095238 0cd9414a_20240917_104407.data
210.0 250.0 17 22.666095238095238 0cd9414a_20240917_104431.data
230.0 250.0 17 22.666095238095238 0cd9414a_20240917_104455.data
250.0 250.0 17 22.767738095238098 0cd9414a_20240917_104519.data
270.0 250.0 17 22.767738095238098 0cd9414a_20240917_104543.data
290.0 250.0 17 22.666095238095238 0cd9414a_20240917_104607.data
290.0 270.0 17 22.666095238095238 0cd9414a_20240917_104631.data
270.0 270.0 17 22.666095238095238 0cd9414a_20240917_104655.data
250.0 270.0 17 22.666095238095238 0cd9414a_20240917_104719.data
230.0 270.0 17 22.666095238095238 0cd9414a_20240917_104743.data
210.0 270.0 17 22.666095238095238 0cd9414a_20240917_104807.data
190.0 270.0 17 22.56402380952381 0cd9414a_20240917_104831.data
170.0 270.0 17 22.666095238095238 0cd9414a_20240917_104855.data
150.0 270.0 17 22.666095238095238 0cd9414a_20240917_104919.data
130.0 270.0 17 22.56402380952381 0cd9414a_20240917_104943.data
110.0 270.0 17 22.666095238095238 0cd9414a_20240917_105007.data
90.0 270.0 17 22.666095238095238 0cd9414a_20240917_105031.data
70.0 270.0 17 -1 0cd9414a_20240917_105055.data
50.0 270.0 17 22.666095238095238 0cd9414a_20240917_105119.data
30.0 270.0 17 22.666095238095238 0cd9414a_20240917_105143.data
10.0 270.0 17 -1 0cd9414a_20240917_105207.data
10.0 290.0 17 22.666095238095238 0cd9414a_20240917_105231.data
30.0 290.0 17 22.767738095238098 0cd9414a_20240917_105255.data
50.0 290.0 17 -1 0cd9414a_20240917_105319.data
70.0 290.0 17 22.666095238095238 0cd9414a_20240917_105343.data
90.0 290.0 17 22.666095238095238 0cd9414a_20240917_105407.data
110.0 290.0 17 -1 0cd9414a_20240917_105431.data
130.0 290.0 17 22.666095238095238 0cd9414a_20240917_105455.data
150.0 290.0 17 22.666095238095238 0cd9414a_20240917_105519.data
170.0 290.0 17 -1 0cd9414a_20240917_105543.data
190.0 290.0 17 22.767738095238098 0cd9414a_20240917_105607.data
210.0 290.0 17 22.767738095238098 0cd9414a_20240917_105631.data
230.0 290.0 17 22.767738095238098 0cd9414a_20240917_105655.data
250.0 290.0 17 22.767738095238098 0cd9414a_20240917_105719.data
270.0 290.0 17 22.767738095238098 0cd9414a_20240917_105743.data
290.0 290.0 17 22.767738095238098 0cd9414a_20240917_105807.data
290.0 310.0 17 22.767738095238098 0cd9414a_20240917_105831.data
270.0 310.0 17 22.767738095238098 0cd9414a_20240917_105855.data
250.0 310.0 17 22.767738095238098 0cd9414a_20240917_105919.data
230.0 310.0 17 22.767738095238098 0cd9414a_20240917_105943.data
210.0 310.0 17 22.767738095238098 0cd9414a_20240917_110007.data
190.0 310.0 17 22.767738095238098 0cd9414a_20240917_110031.data
170.0 310.0 17 22.767738095238098 0cd9414a_20240917_110055.data
150.0 310.0 17 22.666095238095238 0cd9414a_20240917_110119.data
130.0 310.0 17 22.767738095238098 0cd9414a_20240917_110143.data
110.0 310.0 17 22.767738095238098 0cd9414a_20240917_110207.data
90.0 310.0 17 22.767738095238098 0cd9414a_20240917_110231.data
70.0 310.0 17 22.767738095238098 0cd9414a_20240917_110255.data
50.0 310.0 17 22.767738095238098 0cd9414a_20240917_110319.data
30.0 310.0 17 22.767738095238098 0cd9414a_20240917_110343.data
10.0 310.0 17 22.666095238095238 0cd9414a_20240917_110407.data
10.0 330.0 17 22.767738095238098 0cd9414a_20240917_110431.data
30.0 330.0 17 22.767738095238098 0cd9414a_20240917_110455.data
50.0 330.0 17 22.767738095238098 0cd9414a_20240917_110519.data
70.0 330.0 17 22.767738095238098 0cd9414a_20240917_110543.data
90.0 330.0 17 22.767738095238098 0cd9414a_20240917_110607.data
110.0 330.0 17 22.666095238095238 0cd9414a_20240917_110631.data
130.0 330.0 17 22.767738095238098 0cd9414a_20240917_110655.data
150.0 330.0 17 22.767738095238098 0cd9414a_20240917_110719.data
170.0 330.0 17 22.666095238095238 0cd9414a_20240917_110743.data
190.0 330.0 17 22.767738095238098 0cd9414a_20240917_110807.data
210.0 330.0 17 22.767738095238098 0cd9414a_20240917_110831.data
230.0 330.0 17 22.767738095238098 0cd9414a_20240917_110855.data
250.0 330.0 17 22.767738095238098 0cd9414a_20240917_110919.data
270.0 330.0 17 22.767738095238098 0cd9414a_20240917_110944.data
290.0 330.0 17 22.767738095238098 0cd9414a_20240917_111008.data
10.0 350.0 17 22.767738095238098 0cd9414a_20240917_111239.data
30.0 350.0 17 22.767738095238098 0cd9414a_20240917_111303.data
50.0 350.0 17 22.767738095238098 0cd9414a_20240917_111327.data
70.0 350.0 17 22.767738095238098 0cd9414a_20240917_111351.data
90.0 350.0 17 22.767738095238098 0cd9414a_20240917_111415.data
110.0 350.0 17 22.767738095238098 0cd9414a_20240917_111439.data
130.0 350.0 17 22.767738095238098 0cd9414a_20240917_111503.data
150.0 350.0 17 22.666095238095238 0cd9414a_20240917_111527.data
170.0 350.0 17 22.767738095238098 0cd9414a_20240917_111551.data
190.0 350.0 17 22.767738095238098 0cd9414a_20240917_111615.data
210.0 350.0 17 22.767738095238098 0cd9414a_20240917_111639.data
230.0 350.0 17 22.767738095238098 0cd9414a_20240917_111703.data
250.0 350.0 17 22.767738095238098 0cd9414a_20240917_111727.data
270.0 350.0 17 22.767738095238098 0cd9414a_20240917_111751.data
290.0 350.0 17 22.767738095238098 0cd9414a_20240917_111815.data
290.0 370.0 17 22.767738095238098 0cd9414a_20240917_111840.data
270.0 370.0 17 22.767738095238098 0cd9414a_20240917_111903.data
250.0 370.0 17 22.666095238095238 0cd9414a_20240917_111927.data
230.0 370.0 17 22.767738095238098 0cd9414a_20240917_111952.data
210.0 370.0 17 22.767738095238098 0cd9414a_20240917_112016.data
190.0 370.0 17 22.767738095238098 0cd9414a_20240917_112040.data
170.0 370.0 17 22.767738095238098 0cd9414a_20240917_112104.data
150.0 370.0 17 22.666095238095238 0cd9414a_20240917_112128.data
130.0 370.0 17 22.767738095238098 0cd9414a_20240917_112152.data
110.0 370.0 17 22.767738095238098 0cd9414a_20240917_112216.data
90.0 370.0 17 22.767738095238098 0cd9414a_20240917_112240.data
70.0 370.0 17 22.767738095238098 0cd9414a_20240917_112304.data
50.0 370.0 17 22.767738095238098 0cd9414a_20240917_112328.data
30.0 370.0 17 22.767738095238098 0cd9414a_20240917_112352.data
10.0 370.0 17 22.767738095238098 0cd9414a_20240917_112416.data
10.0 390.0 17 22.767738095238098 0cd9414a_20240917_112440.data
30.0 390.0 17 22.767738095238098 0cd9414a_20240917_112504.data
50.0 390.0 17 22.767738095238098 0cd9414a_20240917_112528.data
70.0 390.0 17 22.767738095238098 0cd9414a_20240917_112552.data
90.0 390.0 17 22.767738095238098 0cd9414a_20240917_112616.data
110.0 390.0 17 22.767738095238098 0cd9414a_20240917_112640.data
130.0 390.0 17 22.969809523809523 0cd9414a_20240917_112704.data
150.0 390.0 17 22.767738095238098 0cd9414a_20240917_112728.data
170.0 390.0 17 22.666095238095238 0cd9414a_20240917_112752.data
190.0 390.0 17 22.666095238095238 0cd9414a_20240917_112816.data
210.0 390.0 17 22.767738095238098 0cd9414a_20240917_112840.data
230.0 390.0 17 22.767738095238098 0cd9414a_20240917_112904.data
250.0 390.0 17 22.666095238095238 0cd9414a_20240917_112928.data
270.0 390.0 17 22.666095238095238 0cd9414a_20240917_112952.data
290.0 390.0 17 22.767738095238098 0cd9414a_20240917_113016.data
290.0 410.0 17 22.969809523809523 0cd9414a_20240917_113040.data
270.0 410.0 17 22.767738095238098 0cd9414a_20240917_113104.data
250.0 410.0 17 22.969809523809523 0cd9414a_20240917_113128.data
230.0 410.0 17 22.767738095238098 0cd9414a_20240917_113152.data
210.0 410.0 17 22.767738095238098 0cd9414a_20240917_113216.data
190.0 410.0 17 22.666095238095238 0cd9414a_20240917_113240.data
170.0 410.0 17 22.767738095238098 0cd9414a_20240917_113304.data
150.0 410.0 17 22.767738095238098 0cd9414a_20240917_113328.data
130.0 410.0 17 22.767738095238098 0cd9414a_20240917_113352.data
110.0 410.0 17 22.767738095238098 0cd9414a_20240917_113416.data
90.0 410.0 17 22.767738095238098 0cd9414a_20240917_113440.data
70.0 410.0 17 22.767738095238098 0cd9414a_20240917_113504.data
50.0 410.0 17 22.666095238095238 0cd9414a_20240917_113528.data
30.0 410.0 17 22.767738095238098 0cd9414a_20240917_113552.data
10.0 410.0 17 22.767738095238098 0cd9414a_20240917_113616.data
10.0 430.0 17 22.666095238095238 0cd9414a_20240917_113640.data
30.0 430.0 17 22.767738095238098 0cd9414a_20240917_113704.data
50.0 430.0 17 22.767738095238098 0cd9414a_20240917_113728.data
70.0 430.0 17 22.767738095238098 0cd9414a_20240917_113752.data
90.0 430.0 17 22.767738095238098 0cd9414a_20240917_113816.data
110.0 430.0 17 22.666095238095238 0cd9414a_20240917_113840.data
130.0 430.0 17 22.767738095238098 0cd9414a_20240917_113904.data
150.0 430.0 17 22.666095238095238 0cd9414a_20240917_113928.data
170.0 430.0 17 22.767738095238098 0cd9414a_20240917_113952.data
190.0 430.0 17 22.767738095238098 0cd9414a_20240917_114016.data
210.0 430.0 17 22.767738095238098 0cd9414a_20240917_114040.data
230.0 430.0 17 22.767738095238098 0cd9414a_20240917_114104.data
250.0 430.0 17 22.767738095238098 0cd9414a_20240917_114128.data
270.0 430.0 17 22.767738095238098 0cd9414a_20240917_114152.data
290.0 430.0 17 22.767738095238098 0cd9414a_20240917_114216.data
290.0 450.0 17 22.767738095238098 0cd9414a_20240917_114240.data
270.0 450.0 17 22.666095238095238 0cd9414a_20240917_114304.data
250.0 450.0 17 22.767738095238098 0cd9414a_20240917_114328.data
230.0 450.0 17 22.767738095238098 0cd9414a_20240917_114352.data
210.0 450.0 17 22.767738095238098 0cd9414a_20240917_114416.data
190.0 450.0 17 22.767738095238098 0cd9414a_20240917_114440.data
170.0 450.0 17 22.767738095238098 0cd9414a_20240917_114504.data
150.0 450.0 17 22.767738095238098 0cd9414a_20240917_114528.data
130.0 450.0 17 22.767738095238098 0cd9414a_20240917_114552.data
110.0 450.0 17 22.767738095238098 0cd9414a_20240917_114616.data
90.0 450.0 17 22.767738095238098 0cd9414a_20240917_114640.data
70.0 450.0 17 22.767738095238098 0cd9414a_20240917_114704.data
50.0 450.0 17 22.767738095238098 0cd9414a_20240917_114728.data
30.0 450.0 17 22.767738095238098 0cd9414a_20240917_114752.data
10.0 450.0 17 22.767738095238098 0cd9414a_20240917_114816.data
10.0 470.0 17 22.666095238095238 0cd9414a_20240917_114841.data
30.0 470.0 17 22.666095238095238 0cd9414a_20240917_114905.data
50.0 470.0 17 22.767738095238098 0cd9414a_20240917_114929.data
70.0 470.0 17 22.666095238095238 0cd9414a_20240917_114953.data
90.0 470.0 17 22.767738095238098 0cd9414a_20240917_115017.data
110.0 470.0 17 22.767738095238098 0cd9414a_20240917_115041.data
130.0 470.0 17 22.767738095238098 0cd9414a_20240917_115105.data
150.0 470.0 17 22.767738095238098 0cd9414a_20240917_115129.data
170.0 470.0 17 22.767738095238098 0cd9414a_20240917_115153.data
190.0 470.0 17 22.767738095238098 0cd9414a_20240917_115217.data
210.0 470.0 17 22.767738095238098 0cd9414a_20240917_115241.data
230.0 470.0 17 22.767738095238098 0cd9414a_20240917_115305.data
250.0 470.0 17 22.767738095238098 0cd9414a_20240917_115329.data
270.0 470.0 17 22.767738095238098 0cd9414a_20240917_115353.data
290.0 470.0 17 22.767738095238098 0cd9414a_20240917_115417.data
