-1 -1 -1 22.46152380952381 0cd9414a_20240923_094938.data
10.0 10.0 17 22.46152380952381 0cd9414a_20240923_095018.data
30.0 10.0 17 22.35861904761905 0cd9414a_20240923_095042.data
50.0 10.0 17 22.35861904761905 0cd9414a_20240923_095106.data
70.0 10.0 17 22.15152380952381 0cd9414a_20240923_095130.data
90.0 10.0 17 22.255285714285712 0cd9414a_20240923_095154.data
110.0 10.0 17 22.255285714285712 0cd9414a_20240923_095218.data
130.0 10.0 17 22.46152380952381 0cd9414a_20240923_095242.data
150.0 10.0 17 22.35861904761905 0cd9414a_20240923_095306.data
170.0 10.0 17 22.46152380952381 0cd9414a_20240923_095330.data
190.0 10.0 17 22.15152380952381 0cd9414a_20240923_095354.data
210.0 10.0 17 22.35861904761905 0cd9414a_20240923_095418.data
230.0 10.0 17 22.35861904761905 0cd9414a_20240923_095442.data
250.0 10.0 17 22.15152380952381 0cd9414a_20240923_095506.data
270.0 10.0 17 22.46152380952381 0cd9414a_20240923_095530.data
290.0 10.0 17 22.46152380952381 0cd9414a_20240923_095554.data
290.0 30.0 17 22.46152380952381 0cd9414a_20240923_095618.data
270.0 30.0 17 22.46152380952381 0cd9414a_20240923_095642.data
250.0 30.0 17 22.255285714285712 0cd9414a_20240923_095706.data
230.0 30.0 17 22.35861904761905 0cd9414a_20240923_095730.data
210.0 30.0 17 22.35861904761905 0cd9414a_20240923_095754.data
190.0 30.0 17 22.15152380952381 0cd9414a_20240923_095818.data
170.0 30.0 17 22.255285714285712 0cd9414a_20240923_095842.data
150.0 30.0 17 22.46152380952381 0cd9414a_20240923_095906.data
130.0 30.0 17 22.35861904761905 0cd9414a_20240923_095930.data
110.0 30.0 17 21.845022727272724 0cd9414a_20240923_095954.data
90.0 30.0 17 22.35861904761905 0cd9414a_20240923_100018.data
70.0 30.0 17 22.255285714285712 0cd9414a_20240923_100042.data
50.0 30.0 17 22.35861904761905 0cd9414a_20240923_100106.data
30.0 30.0 17 22.35861904761905 0cd9414a_20240923_100130.data
10.0 30.0 17 22.46152380952381 0cd9414a_20240923_100154.data
10.0 50.0 17 22.255285714285712 0cd9414a_20240923_100218.data
30.0 50.0 17 22.04733333333333 0cd9414a_20240923_100242.data
50.0 50.0 17 22.255285714285712 0cd9414a_20240923_100306.data
70.0 50.0 17 22.04733333333333 0cd9414a_20240923_100330.data
90.0 50.0 17 22.255285714285712 0cd9414a_20240923_100354.data
110.0 50.0 17 22.46152380952381 0cd9414a_20240923_100418.data
130.0 50.0 17 22.46152380952381 0cd9414a_20240923_100442.data
150.0 50.0 17 22.255285714285712 0cd9414a_20240923_100506.data
170.0 50.0 17 22.35861904761905 0cd9414a_20240923_100530.data
190.0 50.0 17 22.35861904761905 0cd9414a_20240923_100554.data
210.0 50.0 17 22.35861904761905 0cd9414a_20240923_100618.data
230.0 50.0 17 22.35861904761905 0cd9414a_20240923_100642.data
250.0 50.0 17 22.15152380952381 0cd9414a_20240923_100706.data
270.0 50.0 17 22.15152380952381 0cd9414a_20240923_100730.data
290.0 50.0 17 22.46152380952381 0cd9414a_20240923_100754.data
290.0 70.0 17 22.15152380952381 0cd9414a_20240923_100818.data
270.0 70.0 17 22.15152380952381 0cd9414a_20240923_100842.data
250.0 70.0 17 22.15152380952381 0cd9414a_20240923_100906.data
230.0 70.0 17 22.35861904761905 0cd9414a_20240923_100930.data
210.0 70.0 17 22.35861904761905 0cd9414a_20240923_100954.data
190.0 70.0 17 22.35861904761905 0cd9414a_20240923_101018.data
170.0 70.0 17 22.15152380952381 0cd9414a_20240923_101042.data
150.0 70.0 17 22.35861904761905 0cd9414a_20240923_101106.data
130.0 70.0 17 22.35861904761905 0cd9414a_20240923_101130.data
110.0 70.0 17 22.04733333333333 0cd9414a_20240923_101155.data
90.0 70.0 17 22.15152380952381 0cd9414a_20240923_101219.data
70.0 70.0 17 22.35861904761905 0cd9414a_20240923_101243.data
50.0 70.0 17 22.15152380952381 0cd9414a_20240923_101307.data
30.0 70.0 17 22.35861904761905 0cd9414a_20240923_101331.data
10.0 70.0 17 22.46152380952381 0cd9414a_20240923_101355.data
10.0 90.0 17 22.35861904761905 0cd9414a_20240923_101419.data
30.0 90.0 17 22.04733333333333 0cd9414a_20240923_101443.data
50.0 90.0 17 22.35861904761905 0cd9414a_20240923_101507.data
70.0 90.0 17 22.46152380952381 0cd9414a_20240923_101531.data
90.0 90.0 17 22.35861904761905 0cd9414a_20240923_101555.data
110.0 90.0 17 22.46152380952381 0cd9414a_20240923_101619.data
130.0 90.0 17 22.15152380952381 0cd9414a_20240923_101643.data
150.0 90.0 17 22.46152380952381 0cd9414a_20240923_101707.data
170.0 90.0 17 22.35861904761905 0cd9414a_20240923_101731.data
190.0 90.0 17 22.35861904761905 0cd9414a_20240923_101755.data
210.0 90.0 17 22.35861904761905 0cd9414a_20240923_101819.data
230.0 90.0 17 22.15152380952381 0cd9414a_20240923_101843.data
250.0 90.0 17 22.15152380952381 0cd9414a_20240923_101907.data
270.0 90.0 17 22.255285714285712 0cd9414a_20240923_101931.data
290.0 90.0 17 22.35861904761905 0cd9414a_20240923_101955.data
290.0 110.0 17 22.35861904761905 0cd9414a_20240923_102019.data
270.0 110.0 17 22.15152380952381 0cd9414a_20240923_102043.data
250.0 110.0 17 22.04733333333333 0cd9414a_20240923_102107.data
230.0 110.0 17 22.15152380952381 0cd9414a_20240923_102131.data
210.0 110.0 17 21.945295454545455 0cd9414a_20240923_102155.data
190.0 110.0 17 22.15152380952381 0cd9414a_20240923_102219.data
170.0 110.0 17 22.15152380952381 0cd9414a_20240923_102243.data
150.0 110.0 17 22.15152380952381 0cd9414a_20240923_102307.data
130.0 110.0 17 21.945295454545455 0cd9414a_20240923_102331.data
110.0 110.0 17 22.04733333333333 0cd9414a_20240923_102355.data
90.0 110.0 17 22.15152380952381 0cd9414a_20240923_102419.data
70.0 110.0 17 22.15152380952381 0cd9414a_20240923_102443.data
50.0 110.0 17 22.15152380952381 0cd9414a_20240923_102507.data
30.0 110.0 17 22.04733333333333 0cd9414a_20240923_102531.data
10.0 110.0 17 22.15152380952381 0cd9414a_20240923_102555.data
10.0 130.0 17 22.04733333333333 0cd9414a_20240923_102619.data
30.0 130.0 17 22.04733333333333 0cd9414a_20240923_102643.data
50.0 130.0 17 22.04733333333333 0cd9414a_20240923_102707.data
70.0 130.0 17 22.15152380952381 0cd9414a_20240923_102731.data
90.0 130.0 17 22.15152380952381 0cd9414a_20240923_102755.data
110.0 130.0 17 22.04733333333333 0cd9414a_20240923_102819.data
130.0 130.0 17 22.04733333333333 0cd9414a_20240923_102843.data
150.0 130.0 17 22.04733333333333 0cd9414a_20240923_102907.data
170.0 130.0 17 22.04733333333333 0cd9414a_20240923_102931.data
190.0 130.0 17 22.255285714285712 0cd9414a_20240923_102955.data
210.0 130.0 17 22.04733333333333 0cd9414a_20240923_103019.data
230.0 130.0 17 22.15152380952381 0cd9414a_20240923_103043.data
250.0 130.0 17 22.15152380952381 0cd9414a_20240923_103107.data
270.0 130.0 17 22.15152380952381 0cd9414a_20240923_103131.data
290.0 130.0 17 22.04733333333333 0cd9414a_20240923_103155.data
290.0 150.0 17 22.15152380952381 0cd9414a_20240923_103219.data
270.0 150.0 17 22.04733333333333 0cd9414a_20240923_103243.data
250.0 150.0 17 22.04733333333333 0cd9414a_20240923_103307.data
230.0 150.0 17 22.04733333333333 0cd9414a_20240923_103331.data
210.0 150.0 17 22.15152380952381 0cd9414a_20240923_103355.data
190.0 150.0 17 22.04733333333333 0cd9414a_20240923_103419.data
170.0 150.0 17 22.04733333333333 0cd9414a_20240923_103443.data
150.0 150.0 17 22.04733333333333 0cd9414a_20240923_103507.data
130.0 150.0 17 22.15152380952381 0cd9414a_20240923_103531.data
110.0 150.0 17 22.15152380952381 0cd9414a_20240923_103555.data
90.0 150.0 17 22.15152380952381 0cd9414a_20240923_103619.data
70.0 150.0 17 22.15152380952381 0cd9414a_20240923_103643.data
50.0 150.0 17 22.04733333333333 0cd9414a_20240923_103707.data
30.0 150.0 17 22.15152380952381 0cd9414a_20240923_103731.data
10.0 150.0 17 22.15152380952381 0cd9414a_20240923_103755.data
10.0 170.0 17 22.15152380952381 0cd9414a_20240923_103819.data
30.0 170.0 17 22.15152380952381 0cd9414a_20240923_103843.data
50.0 170.0 17 22.04733333333333 0cd9414a_20240923_103907.data
70.0 170.0 17 22.04733333333333 0cd9414a_20240923_103931.data
90.0 170.0 17 22.15152380952381 0cd9414a_20240923_103955.data
110.0 170.0 17 22.15152380952381 0cd9414a_20240923_104019.data
130.0 170.0 17 22.15152380952381 0cd9414a_20240923_104044.data
150.0 170.0 17 22.15152380952381 0cd9414a_20240923_104108.data
170.0 170.0 17 22.15152380952381 0cd9414a_20240923_104132.data
190.0 170.0 17 22.04733333333333 0cd9414a_20240923_104156.data
210.0 170.0 17 22.15152380952381 0cd9414a_20240923_104220.data
230.0 170.0 17 22.15152380952381 0cd9414a_20240923_104244.data
250.0 170.0 17 22.15152380952381 0cd9414a_20240923_104308.data
270.0 170.0 17 22.04733333333333 0cd9414a_20240923_104332.data
290.0 170.0 17 22.15152380952381 0cd9414a_20240923_104356.data
290.0 190.0 17 22.255285714285712 0cd9414a_20240923_104420.data
270.0 190.0 17 22.04733333333333 0cd9414a_20240923_104444.data
250.0 190.0 17 22.04733333333333 0cd9414a_20240923_104508.data
230.0 190.0 17 22.15152380952381 0cd9414a_20240923_104532.data
210.0 190.0 17 22.255285714285712 0cd9414a_20240923_104556.data
190.0 190.0 17 22.04733333333333 0cd9414a_20240923_104620.data
170.0 190.0 17 22.35861904761905 0cd9414a_20240923_104644.data
150.0 190.0 17 22.255285714285712 0cd9414a_20240923_104708.data
130.0 190.0 17 22.15152380952381 0cd9414a_20240923_104732.data
110.0 190.0 17 22.04733333333333 0cd9414a_20240923_104756.data
90.0 190.0 17 22.04733333333333 0cd9414a_20240923_104820.data
70.0 190.0 17 22.15152380952381 0cd9414a_20240923_104844.data
50.0 190.0 17 22.04733333333333 0cd9414a_20240923_104908.data
30.0 190.0 17 22.04733333333333 0cd9414a_20240923_104932.data
10.0 190.0 17 22.04733333333333 0cd9414a_20240923_104956.data
10.0 210.0 17 22.04733333333333 0cd9414a_20240923_105020.data
30.0 210.0 17 22.04733333333333 0cd9414a_20240923_105044.data
50.0 210.0 17 22.04733333333333 0cd9414a_20240923_105108.data
70.0 210.0 17 22.04733333333333 0cd9414a_20240923_105132.data
90.0 210.0 17 22.04733333333333 0cd9414a_20240923_105156.data
110.0 210.0 17 22.04733333333333 0cd9414a_20240923_105220.data
130.0 210.0 17 22.15152380952381 0cd9414a_20240923_105244.data
150.0 210.0 17 22.04733333333333 0cd9414a_20240923_105308.data
170.0 210.0 17 22.15152380952381 0cd9414a_20240923_105332.data
190.0 210.0 17 22.15152380952381 0cd9414a_20240923_105356.data
210.0 210.0 17 22.04733333333333 0cd9414a_20240923_105420.data
230.0 210.0 17 22.15152380952381 0cd9414a_20240923_105444.data
250.0 210.0 17 22.04733333333333 0cd9414a_20240923_105508.data
270.0 210.0 17 22.04733333333333 0cd9414a_20240923_105532.data
290.0 210.0 17 22.15152380952381 0cd9414a_20240923_105556.data
290.0 230.0 17 22.04733333333333 0cd9414a_20240923_105620.data
270.0 230.0 17 22.15152380952381 0cd9414a_20240923_105644.data
250.0 230.0 17 22.15152380952381 0cd9414a_20240923_105708.data
230.0 230.0 17 22.15152380952381 0cd9414a_20240923_105732.data
210.0 230.0 17 22.04733333333333 0cd9414a_20240923_105756.data
190.0 230.0 17 22.15152380952381 0cd9414a_20240923_105820.data
170.0 230.0 17 22.04733333333333 0cd9414a_20240923_105844.data
150.0 230.0 17 22.04733333333333 0cd9414a_20240923_105908.data
130.0 230.0 17 22.255285714285712 0cd9414a_20240923_105932.data
110.0 230.0 17 22.15152380952381 0cd9414a_20240923_105956.data
90.0 230.0 17 22.15152380952381 0cd9414a_20240923_110020.data
70.0 230.0 17 22.04733333333333 0cd9414a_20240923_110044.data
50.0 230.0 17 22.15152380952381 0cd9414a_20240923_110108.data
30.0 230.0 17 22.15152380952381 0cd9414a_20240923_110132.data
10.0 230.0 17 22.04733333333333 0cd9414a_20240923_110156.data
10.0 250.0 17 22.15152380952381 0cd9414a_20240923_110220.data
30.0 250.0 17 21.945295454545455 0cd9414a_20240923_110244.data
50.0 250.0 17 22.04733333333333 0cd9414a_20240923_110308.data
70.0 250.0 17 22.04733333333333 0cd9414a_20240923_110332.data
90.0 250.0 17 22.04733333333333 0cd9414a_20240923_110356.data
110.0 250.0 17 22.04733333333333 0cd9414a_20240923_110420.data
130.0 250.0 17 22.255285714285712 0cd9414a_20240923_110444.data
150.0 250.0 17 22.35861904761905 0cd9414a_20240923_110508.data
170.0 250.0 17 22.255285714285712 0cd9414a_20240923_110532.data
190.0 250.0 17 22.04733333333333 0cd9414a_20240923_110556.data
210.0 250.0 17 22.15152380952381 0cd9414a_20240923_110620.data
230.0 250.0 17 22.15152380952381 0cd9414a_20240923_110644.data
250.0 250.0 17 22.04733333333333 0cd9414a_20240923_110708.data
270.0 250.0 17 22.15152380952381 0cd9414a_20240923_110732.data
290.0 250.0 17 22.15152380952381 0cd9414a_20240923_110756.data
290.0 270.0 17 22.15152380952381 0cd9414a_20240923_110820.data
270.0 270.0 17 22.15152380952381 0cd9414a_20240923_110845.data
250.0 270.0 17 22.15152380952381 0cd9414a_20240923_110908.data
230.0 270.0 17 22.04733333333333 0cd9414a_20240923_110933.data
210.0 270.0 17 21.945295454545455 0cd9414a_20240923_110957.data
190.0 270.0 17 22.15152380952381 0cd9414a_20240923_111021.data
170.0 270.0 17 22.04733333333333 0cd9414a_20240923_111045.data
150.0 270.0 17 22.04733333333333 0cd9414a_20240923_111109.data
130.0 270.0 17 22.15152380952381 0cd9414a_20240923_111133.data
110.0 270.0 17 22.04733333333333 0cd9414a_20240923_111157.data
90.0 270.0 17 22.04733333333333 0cd9414a_20240923_111221.data
70.0 270.0 17 22.15152380952381 0cd9414a_20240923_111245.data
50.0 270.0 17 -1 0cd9414a_20240923_111309.data
30.0 270.0 17 22.04733333333333 0cd9414a_20240923_111333.data
10.0 270.0 17 22.04733333333333 0cd9414a_20240923_111357.data
10.0 290.0 17 -1 0cd9414a_20240923_111421.data
30.0 290.0 17 22.04733333333333 0cd9414a_20240923_111445.data
50.0 290.0 17 22.04733333333333 0cd9414a_20240923_111509.data
70.0 290.0 17 -1 0cd9414a_20240923_111533.data
90.0 290.0 17 22.35861904761905 0cd9414a_20240923_111557.data
110.0 290.0 17 22.15152380952381 0cd9414a_20240923_111621.data
130.0 290.0 17 -1 0cd9414a_20240923_111645.data
150.0 290.0 17 22.04733333333333 0cd9414a_20240923_111709.data
170.0 290.0 17 22.15152380952381 0cd9414a_20240923_111733.data
190.0 290.0 17 -1 0cd9414a_20240923_111757.data
210.0 290.0 17 22.35861904761905 0cd9414a_20240923_111821.data
230.0 290.0 17 22.35861904761905 0cd9414a_20240923_111845.data
250.0 290.0 17 22.35861904761905 0cd9414a_20240923_111909.data
270.0 290.0 17 22.35861904761905 0cd9414a_20240923_111933.data
290.0 290.0 17 22.46152380952381 0cd9414a_20240923_111957.data
290.0 310.0 17 22.35861904761905 0cd9414a_20240923_112021.data
270.0 310.0 17 22.35861904761905 0cd9414a_20240923_112045.data
250.0 310.0 17 22.35861904761905 0cd9414a_20240923_112109.data
230.0 310.0 17 22.35861904761905 0cd9414a_20240923_112133.data
210.0 310.0 17 22.35861904761905 0cd9414a_20240923_112157.data
190.0 310.0 17 22.35861904761905 0cd9414a_20240923_112221.data
170.0 310.0 17 22.46152380952381 0cd9414a_20240923_112245.data
150.0 310.0 17 22.35861904761905 0cd9414a_20240923_112309.data
130.0 310.0 17 22.35861904761905 0cd9414a_20240923_112333.data
110.0 310.0 17 22.46152380952381 0cd9414a_20240923_112357.data
90.0 310.0 17 22.35861904761905 0cd9414a_20240923_112421.data
70.0 310.0 17 22.35861904761905 0cd9414a_20240923_112445.data
50.0 310.0 17 22.35861904761905 0cd9414a_20240923_112509.data
30.0 310.0 17 22.35861904761905 0cd9414a_20240923_112533.data
10.0 310.0 17 22.35861904761905 0cd9414a_20240923_112557.data
10.0 330.0 17 22.35861904761905 0cd9414a_20240923_112621.data
30.0 330.0 17 22.35861904761905 0cd9414a_20240923_112645.data
50.0 330.0 17 22.46152380952381 0cd9414a_20240923_112709.data
70.0 330.0 17 22.35861904761905 0cd9414a_20240923_112733.data
90.0 330.0 17 22.35861904761905 0cd9414a_20240923_112757.data
110.0 330.0 17 22.35861904761905 0cd9414a_20240923_112821.data
130.0 330.0 17 22.46152380952381 0cd9414a_20240923_112845.data
150.0 330.0 17 22.35861904761905 0cd9414a_20240923_112909.data
170.0 330.0 17 22.46152380952381 0cd9414a_20240923_112933.data
190.0 330.0 17 22.35861904761905 0cd9414a_20240923_112957.data
210.0 330.0 17 22.35861904761905 0cd9414a_20240923_113021.data
230.0 330.0 17 22.46152380952381 0cd9414a_20240923_113045.data
250.0 330.0 17 22.46152380952381 0cd9414a_20240923_113109.data
270.0 330.0 17 22.35861904761905 0cd9414a_20240923_113133.data
290.0 330.0 17 22.35861904761905 0cd9414a_20240923_113157.data
10.0 350.0 17 22.35861904761905 0cd9414a_20240923_130922.data
30.0 350.0 17 22.35861904761905 0cd9414a_20240923_130946.data
50.0 350.0 17 22.35861904761905 0cd9414a_20240923_131010.data
70.0 350.0 17 22.46152380952381 0cd9414a_20240923_131034.data
90.0 350.0 17 22.35861904761905 0cd9414a_20240923_131058.data
110.0 350.0 17 22.35861904761905 0cd9414a_20240923_131122.data
130.0 350.0 17 22.35861904761905 0cd9414a_20240923_131146.data
150.0 350.0 17 22.46152380952381 0cd9414a_20240923_131210.data
170.0 350.0 17 22.46152380952381 0cd9414a_20240923_131234.data
190.0 350.0 17 22.35861904761905 0cd9414a_20240923_131258.data
210.0 350.0 17 22.35861904761905 0cd9414a_20240923_131322.data
230.0 350.0 17 22.35861904761905 0cd9414a_20240923_131346.data
250.0 350.0 17 22.46152380952381 0cd9414a_20240923_131410.data
270.0 350.0 17 22.35861904761905 0cd9414a_20240923_131434.data
290.0 350.0 17 22.46152380952381 0cd9414a_20240923_131458.data
290.0 370.0 17 22.35861904761905 0cd9414a_20240923_131522.data
270.0 370.0 17 22.46152380952381 0cd9414a_20240923_131546.data
250.0 370.0 17 22.35861904761905 0cd9414a_20240923_131610.data
230.0 370.0 17 22.35861904761905 0cd9414a_20240923_131634.data
210.0 370.0 17 22.46152380952381 0cd9414a_20240923_131658.data
190.0 370.0 17 22.46152380952381 0cd9414a_20240923_131722.data
170.0 370.0 17 22.35861904761905 0cd9414a_20240923_131746.data
150.0 370.0 17 22.46152380952381 0cd9414a_20240923_131810.data
130.0 370.0 17 22.35861904761905 0cd9414a_20240923_131834.data
110.0 370.0 17 22.35861904761905 0cd9414a_20240923_131858.data
90.0 370.0 17 22.46152380952381 0cd9414a_20240923_131922.data
70.0 370.0 17 22.35861904761905 0cd9414a_20240923_131946.data
50.0 370.0 17 22.35861904761905 0cd9414a_20240923_132010.data
30.0 370.0 17 22.35861904761905 0cd9414a_20240923_132034.data
10.0 370.0 17 22.35861904761905 0cd9414a_20240923_132058.data
10.0 390.0 17 22.46152380952381 0cd9414a_20240923_132122.data
30.0 390.0 17 22.35861904761905 0cd9414a_20240923_132146.data
50.0 390.0 17 22.35861904761905 0cd9414a_20240923_132210.data
70.0 390.0 17 22.35861904761905 0cd9414a_20240923_132234.data
90.0 390.0 17 22.46152380952381 0cd9414a_20240923_132258.data
110.0 390.0 17 22.35861904761905 0cd9414a_20240923_132322.data
130.0 390.0 17 22.46152380952381 0cd9414a_20240923_132346.data
150.0 390.0 17 22.35861904761905 0cd9414a_20240923_132410.data
170.0 390.0 17 22.35861904761905 0cd9414a_20240923_132434.data
190.0 390.0 17 22.35861904761905 0cd9414a_20240923_132458.data
210.0 390.0 17 22.35861904761905 0cd9414a_20240923_132522.data
230.0 390.0 17 22.46152380952381 0cd9414a_20240923_132546.data
250.0 390.0 17 22.35861904761905 0cd9414a_20240923_132610.data
270.0 390.0 17 22.35861904761905 0cd9414a_20240923_132634.data
290.0 390.0 17 22.35861904761905 0cd9414a_20240923_132658.data
290.0 410.0 17 22.46152380952381 0cd9414a_20240923_132722.data
270.0 410.0 17 22.35861904761905 0cd9414a_20240923_132746.data
250.0 410.0 17 22.35861904761905 0cd9414a_20240923_132810.data
230.0 410.0 17 22.35861904761905 0cd9414a_20240923_132834.data
210.0 410.0 17 22.35861904761905 0cd9414a_20240923_132858.data
190.0 410.0 17 22.46152380952381 0cd9414a_20240923_132922.data
170.0 410.0 17 22.46152380952381 0cd9414a_20240923_132946.data
150.0 410.0 17 22.46152380952381 0cd9414a_20240923_133010.data
130.0 410.0 17 22.35861904761905 0cd9414a_20240923_133034.data
110.0 410.0 17 22.46152380952381 0cd9414a_20240923_133058.data
90.0 410.0 17 22.35861904761905 0cd9414a_20240923_133122.data
70.0 410.0 17 22.35861904761905 0cd9414a_20240923_133146.data
50.0 410.0 17 22.35861904761905 0cd9414a_20240923_133210.data
30.0 410.0 17 22.46152380952381 0cd9414a_20240923_133234.data
10.0 410.0 17 22.35861904761905 0cd9414a_20240923_133258.data
10.0 430.0 17 22.35861904761905 0cd9414a_20240923_133323.data
30.0 430.0 17 22.255285714285712 0cd9414a_20240923_133347.data
50.0 430.0 17 22.666095238095238 0cd9414a_20240923_133411.data
70.0 430.0 17 22.35861904761905 0cd9414a_20240923_133435.data
90.0 430.0 17 22.35861904761905 0cd9414a_20240923_133459.data
110.0 430.0 17 22.35861904761905 0cd9414a_20240923_133523.data
130.0 430.0 17 22.56402380952381 0cd9414a_20240923_133547.data
150.0 430.0 17 22.46152380952381 0cd9414a_20240923_133611.data
170.0 430.0 17 22.35861904761905 0cd9414a_20240923_133635.data
190.0 430.0 17 22.46152380952381 0cd9414a_20240923_133659.data
210.0 430.0 17 22.56402380952381 0cd9414a_20240923_133723.data
230.0 430.0 17 22.35861904761905 0cd9414a_20240923_133747.data
250.0 430.0 17 22.35861904761905 0cd9414a_20240923_133811.data
270.0 430.0 17 22.46152380952381 0cd9414a_20240923_133835.data
290.0 430.0 17 22.35861904761905 0cd9414a_20240923_133859.data
290.0 450.0 17 22.35861904761905 0cd9414a_20240923_133923.data
270.0 450.0 17 22.35861904761905 0cd9414a_20240923_133947.data
250.0 450.0 17 22.46152380952381 0cd9414a_20240923_134011.data
230.0 450.0 17 22.46152380952381 0cd9414a_20240923_134035.data
210.0 450.0 17 22.46152380952381 0cd9414a_20240923_134059.data
190.0 450.0 17 22.35861904761905 0cd9414a_20240923_134123.data
170.0 450.0 17 22.46152380952381 0cd9414a_20240923_134147.data
150.0 450.0 17 22.35861904761905 0cd9414a_20240923_134211.data
130.0 450.0 17 22.46152380952381 0cd9414a_20240923_134235.data
110.0 450.0 17 22.46152380952381 0cd9414a_20240923_134259.data
90.0 450.0 17 22.35861904761905 0cd9414a_20240923_134323.data
70.0 450.0 17 22.46152380952381 0cd9414a_20240923_134347.data
50.0 450.0 17 22.35861904761905 0cd9414a_20240923_134411.data
30.0 450.0 17 22.46152380952381 0cd9414a_20240923_134435.data
10.0 450.0 17 22.46152380952381 0cd9414a_20240923_134459.data
10.0 470.0 17 22.46152380952381 0cd9414a_20240923_134523.data
30.0 470.0 17 22.46152380952381 0cd9414a_20240923_134547.data
50.0 470.0 17 22.35861904761905 0cd9414a_20240923_134611.data
70.0 470.0 17 22.35861904761905 0cd9414a_20240923_134635.data
90.0 470.0 17 22.35861904761905 0cd9414a_20240923_134659.data
110.0 470.0 17 22.46152380952381 0cd9414a_20240923_134723.data
130.0 470.0 17 22.35861904761905 0cd9414a_20240923_134747.data
150.0 470.0 17 22.46152380952381 0cd9414a_20240923_134811.data
170.0 470.0 17 22.46152380952381 0cd9414a_20240923_134835.data
190.0 470.0 17 22.35861904761905 0cd9414a_20240923_134859.data
210.0 470.0 17 22.46152380952381 0cd9414a_20240923_134923.data
230.0 470.0 17 22.46152380952381 0cd9414a_20240923_134947.data
250.0 470.0 17 22.46152380952381 0cd9414a_20240923_135011.data
270.0 470.0 17 22.56402380952381 0cd9414a_20240923_135035.data
290.0 470.0 17 22.35861904761905 0cd9414a_20240923_135059.data
