-1 -1 -1 27.487775330396477 0cd9414a_20240816_112251.data
10.0 10.0 17 27.487775330396477 0cd9414a_20240816_112330.data
30.0 10.0 17 27.487775330396477 0cd9414a_20240816_112354.data
50.0 10.0 17 27.598634361233486 0cd9414a_20240816_112418.data
70.0 10.0 17 27.487775330396477 0cd9414a_20240816_112442.data
90.0 10.0 17 27.487775330396477 0cd9414a_20240816_112506.data
110.0 10.0 17 27.487775330396477 0cd9414a_20240816_112530.data
130.0 10.0 17 27.598634361233486 0cd9414a_20240816_112554.data
150.0 10.0 17 27.487775330396477 0cd9414a_20240816_112618.data
170.0 10.0 17 27.37654625550661 0cd9414a_20240816_112642.data
190.0 10.0 17 27.487775330396477 0cd9414a_20240816_112706.data
210.0 10.0 17 27.487775330396477 0cd9414a_20240816_112730.data
230.0 10.0 17 27.487775330396477 0cd9414a_20240816_112754.data
250.0 10.0 17 27.487775330396477 0cd9414a_20240816_112818.data
270.0 10.0 17 27.487775330396477 0cd9414a_20240816_112842.data
290.0 10.0 17 27.487775330396477 0cd9414a_20240816_112906.data
290.0 30.0 17 27.487775330396477 0cd9414a_20240816_112930.data
270.0 30.0 17 27.487775330396477 0cd9414a_20240816_112954.data
250.0 30.0 17 27.487775330396477 0cd9414a_20240816_113018.data
230.0 30.0 17 27.487775330396477 0cd9414a_20240816_113042.data
210.0 30.0 17 27.487775330396477 0cd9414a_20240816_113106.data
190.0 30.0 17 27.487775330396477 0cd9414a_20240816_113130.data
170.0 30.0 17 27.598634361233486 0cd9414a_20240816_113154.data
150.0 30.0 17 27.487775330396477 0cd9414a_20240816_113218.data
130.0 30.0 17 27.487775330396477 0cd9414a_20240816_113242.data
110.0 30.0 17 27.487775330396477 0cd9414a_20240816_113306.data
90.0 30.0 17 27.487775330396477 0cd9414a_20240816_113330.data
70.0 30.0 17 27.487775330396477 0cd9414a_20240816_113355.data
50.0 30.0 17 27.487775330396477 0cd9414a_20240816_113419.data
30.0 30.0 17 27.487775330396477 0cd9414a_20240816_113443.data
10.0 30.0 17 27.487775330396477 0cd9414a_20240816_113507.data
10.0 50.0 17 27.487775330396477 0cd9414a_20240816_113531.data
30.0 50.0 17 27.487775330396477 0cd9414a_20240816_113555.data
50.0 50.0 17 27.487775330396477 0cd9414a_20240816_113619.data
70.0 50.0 17 27.487775330396477 0cd9414a_20240816_113643.data
90.0 50.0 17 27.487775330396477 0cd9414a_20240816_113707.data
110.0 50.0 17 27.487775330396477 0cd9414a_20240816_113731.data
130.0 50.0 17 27.598634361233486 0cd9414a_20240816_113755.data
150.0 50.0 17 27.598634361233486 0cd9414a_20240816_113819.data
170.0 50.0 17 27.487775330396477 0cd9414a_20240816_113843.data
190.0 50.0 17 27.487775330396477 0cd9414a_20240816_113907.data
210.0 50.0 17 27.487775330396477 0cd9414a_20240816_113931.data
230.0 50.0 17 27.487775330396477 0cd9414a_20240816_113955.data
250.0 50.0 17 27.487775330396477 0cd9414a_20240816_114019.data
270.0 50.0 17 27.487775330396477 0cd9414a_20240816_114043.data
290.0 50.0 17 27.487775330396477 0cd9414a_20240816_114107.data
290.0 70.0 17 27.487775330396477 0cd9414a_20240816_114131.data
270.0 70.0 17 27.487775330396477 0cd9414a_20240816_114155.data
250.0 70.0 17 27.487775330396477 0cd9414a_20240816_114219.data
230.0 70.0 17 27.487775330396477 0cd9414a_20240816_114243.data
210.0 70.0 17 27.487775330396477 0cd9414a_20240816_114307.data
190.0 70.0 17 27.598634361233486 0cd9414a_20240816_114331.data
170.0 70.0 17 27.37654625550661 0cd9414a_20240816_114355.data
150.0 70.0 17 27.37654625550661 0cd9414a_20240816_114419.data
130.0 70.0 17 27.487775330396477 0cd9414a_20240816_114443.data
110.0 70.0 17 27.487775330396477 0cd9414a_20240816_114507.data
90.0 70.0 17 27.487775330396477 0cd9414a_20240816_114531.data
70.0 70.0 17 27.487775330396477 0cd9414a_20240816_114555.data
50.0 70.0 17 27.487775330396477 0cd9414a_20240816_114619.data
30.0 70.0 17 27.487775330396477 0cd9414a_20240816_114643.data
10.0 70.0 17 27.487775330396477 0cd9414a_20240816_114707.data
10.0 90.0 17 27.487775330396477 0cd9414a_20240816_114731.data
30.0 90.0 17 27.487775330396477 0cd9414a_20240816_114755.data
50.0 90.0 17 27.487775330396477 0cd9414a_20240816_114819.data
70.0 90.0 17 27.598634361233486 0cd9414a_20240816_114843.data
90.0 90.0 17 27.487775330396477 0cd9414a_20240816_114907.data
110.0 90.0 17 27.487775330396477 0cd9414a_20240816_114931.data
130.0 90.0 17 27.487775330396477 0cd9414a_20240816_114955.data
150.0 90.0 17 27.487775330396477 0cd9414a_20240816_115019.data
170.0 90.0 17 27.487775330396477 0cd9414a_20240816_115043.data
190.0 90.0 17 27.709061674008815 0cd9414a_20240816_115107.data
210.0 90.0 17 27.487775330396477 0cd9414a_20240816_115131.data
230.0 90.0 17 27.487775330396477 0cd9414a_20240816_115155.data
250.0 90.0 17 27.598634361233486 0cd9414a_20240816_115219.data
270.0 90.0 17 27.487775330396477 0cd9414a_20240816_115243.data
290.0 90.0 17 27.264854625550658 0cd9414a_20240816_115307.data
290.0 110.0 17 27.487775330396477 0cd9414a_20240816_115331.data
270.0 110.0 17 27.487775330396477 0cd9414a_20240816_115355.data
250.0 110.0 17 27.487775330396477 0cd9414a_20240816_115419.data
230.0 110.0 17 27.487775330396477 0cd9414a_20240816_115443.data
210.0 110.0 17 27.487775330396477 0cd9414a_20240816_115507.data
190.0 110.0 17 27.37654625550661 0cd9414a_20240816_115531.data
170.0 110.0 17 27.487775330396477 0cd9414a_20240816_115555.data
150.0 110.0 17 27.487775330396477 0cd9414a_20240816_115619.data
130.0 110.0 17 27.487775330396477 0cd9414a_20240816_115643.data
110.0 110.0 17 27.487775330396477 0cd9414a_20240816_115707.data
90.0 110.0 17 27.487775330396477 0cd9414a_20240816_115731.data
70.0 110.0 17 27.487775330396477 0cd9414a_20240816_115755.data
50.0 110.0 17 27.487775330396477 0cd9414a_20240816_115819.data
30.0 110.0 17 27.487775330396477 0cd9414a_20240816_115843.data
10.0 110.0 17 27.598634361233486 0cd9414a_20240816_115907.data
10.0 130.0 17 27.487775330396477 0cd9414a_20240816_115931.data
30.0 130.0 17 27.598634361233486 0cd9414a_20240816_115955.data
50.0 130.0 17 27.487775330396477 0cd9414a_20240816_120019.data
70.0 130.0 17 27.487775330396477 0cd9414a_20240816_120043.data
90.0 130.0 17 27.487775330396477 0cd9414a_20240816_120107.data
110.0 130.0 17 27.487775330396477 0cd9414a_20240816_120131.data
130.0 130.0 17 27.487775330396477 0cd9414a_20240816_120155.data
150.0 130.0 17 27.487775330396477 0cd9414a_20240816_120219.data
170.0 130.0 17 27.487775330396477 0cd9414a_20240816_120243.data
190.0 130.0 17 27.487775330396477 0cd9414a_20240816_120307.data
210.0 130.0 17 27.487775330396477 0cd9414a_20240816_120331.data
230.0 130.0 17 27.598634361233486 0cd9414a_20240816_120355.data
250.0 130.0 17 27.709061674008815 0cd9414a_20240816_120419.data
270.0 130.0 17 27.598634361233486 0cd9414a_20240816_120443.data
290.0 130.0 17 27.37654625550661 0cd9414a_20240816_120507.data
290.0 150.0 17 27.37654625550661 0cd9414a_20240816_120531.data
270.0 150.0 17 27.487775330396477 0cd9414a_20240816_120555.data
250.0 150.0 17 27.487775330396477 0cd9414a_20240816_120619.data
230.0 150.0 17 27.487775330396477 0cd9414a_20240816_120643.data
210.0 150.0 17 27.487775330396477 0cd9414a_20240816_120707.data
190.0 150.0 17 27.487775330396477 0cd9414a_20240816_120731.data
170.0 150.0 17 27.487775330396477 0cd9414a_20240816_120755.data
150.0 150.0 17 27.487775330396477 0cd9414a_20240816_120819.data
130.0 150.0 17 27.487775330396477 0cd9414a_20240816_120843.data
110.0 150.0 17 27.487775330396477 0cd9414a_20240816_120907.data
90.0 150.0 17 27.598634361233486 0cd9414a_20240816_120931.data
70.0 150.0 17 27.487775330396477 0cd9414a_20240816_120955.data
50.0 150.0 17 27.487775330396477 0cd9414a_20240816_121019.data
30.0 150.0 17 27.487775330396477 0cd9414a_20240816_121043.data
10.0 150.0 17 27.487775330396477 0cd9414a_20240816_121107.data
10.0 170.0 17 27.598634361233486 0cd9414a_20240816_121131.data
30.0 170.0 17 27.487775330396477 0cd9414a_20240816_121155.data
50.0 170.0 17 27.487775330396477 0cd9414a_20240816_121219.data
70.0 170.0 17 27.37654625550661 0cd9414a_20240816_121244.data
90.0 170.0 17 27.487775330396477 0cd9414a_20240816_121308.data
110.0 170.0 17 27.487775330396477 0cd9414a_20240816_121332.data
130.0 170.0 17 27.487775330396477 0cd9414a_20240816_121356.data
150.0 170.0 17 27.487775330396477 0cd9414a_20240816_121420.data
170.0 170.0 17 27.487775330396477 0cd9414a_20240816_121444.data
190.0 170.0 17 27.487775330396477 0cd9414a_20240816_121508.data
210.0 170.0 17 27.487775330396477 0cd9414a_20240816_121532.data
230.0 170.0 17 27.487775330396477 0cd9414a_20240816_121556.data
250.0 170.0 17 27.487775330396477 0cd9414a_20240816_121620.data
270.0 170.0 17 27.598634361233486 0cd9414a_20240816_121644.data
290.0 170.0 17 27.487775330396477 0cd9414a_20240816_121708.data
290.0 190.0 17 27.37654625550661 0cd9414a_20240816_121732.data
270.0 190.0 17 27.487775330396477 0cd9414a_20240816_121756.data
250.0 190.0 17 27.487775330396477 0cd9414a_20240816_121820.data
230.0 190.0 17 27.487775330396477 0cd9414a_20240816_121844.data
210.0 190.0 17 27.487775330396477 0cd9414a_20240816_121908.data
190.0 190.0 17 27.598634361233486 0cd9414a_20240816_121932.data
170.0 190.0 17 27.487775330396477 0cd9414a_20240816_121956.data
150.0 190.0 17 27.487775330396477 0cd9414a_20240816_122020.data
130.0 190.0 17 27.598634361233486 0cd9414a_20240816_122044.data
110.0 190.0 17 27.487775330396477 0cd9414a_20240816_122108.data
90.0 190.0 17 27.487775330396477 0cd9414a_20240816_122132.data
70.0 190.0 17 27.487775330396477 0cd9414a_20240816_122156.data
50.0 190.0 17 27.487775330396477 0cd9414a_20240816_122220.data
30.0 190.0 17 27.598634361233486 0cd9414a_20240816_122244.data
10.0 190.0 17 27.487775330396477 0cd9414a_20240816_122308.data
10.0 210.0 17 27.487775330396477 0cd9414a_20240816_122332.data
30.0 210.0 17 27.487775330396477 0cd9414a_20240816_122356.data
50.0 210.0 17 27.487775330396477 0cd9414a_20240816_122420.data
70.0 210.0 17 27.598634361233486 0cd9414a_20240816_122444.data
90.0 210.0 17 27.598634361233486 0cd9414a_20240816_122508.data
110.0 210.0 17 27.487775330396477 0cd9414a_20240816_122532.data
130.0 210.0 17 27.487775330396477 0cd9414a_20240816_122556.data
150.0 210.0 17 27.598634361233486 0cd9414a_20240816_122620.data
170.0 210.0 17 27.487775330396477 0cd9414a_20240816_122644.data
190.0 210.0 17 27.598634361233486 0cd9414a_20240816_122708.data
210.0 210.0 17 27.487775330396477 0cd9414a_20240816_122732.data
230.0 210.0 17 27.487775330396477 0cd9414a_20240816_122756.data
250.0 210.0 17 27.598634361233486 0cd9414a_20240816_122820.data
270.0 210.0 17 27.487775330396477 0cd9414a_20240816_122844.data
290.0 210.0 17 27.487775330396477 0cd9414a_20240816_122908.data
290.0 230.0 17 27.487775330396477 0cd9414a_20240816_122932.data
270.0 230.0 17 27.487775330396477 0cd9414a_20240816_122956.data
250.0 230.0 17 27.487775330396477 0cd9414a_20240816_123020.data
230.0 230.0 17 27.487775330396477 0cd9414a_20240816_123044.data
210.0 230.0 17 27.598634361233486 0cd9414a_20240816_123108.data
190.0 230.0 17 27.598634361233486 0cd9414a_20240816_123132.data
170.0 230.0 17 27.487775330396477 0cd9414a_20240816_123156.data
150.0 230.0 17 27.487775330396477 0cd9414a_20240816_123220.data
130.0 230.0 17 27.598634361233486 0cd9414a_20240816_123244.data
110.0 230.0 17 27.487775330396477 0cd9414a_20240816_123308.data
90.0 230.0 17 27.487775330396477 0cd9414a_20240816_123332.data
70.0 230.0 17 27.487775330396477 0cd9414a_20240816_123356.data
50.0 230.0 17 27.487775330396477 0cd9414a_20240816_123420.data
30.0 230.0 17 27.487775330396477 0cd9414a_20240816_123444.data
10.0 230.0 17 27.487775330396477 0cd9414a_20240816_123508.data
10.0 250.0 17 27.487775330396477 0cd9414a_20240816_123532.data
30.0 250.0 17 27.598634361233486 0cd9414a_20240816_123556.data
50.0 250.0 17 27.487775330396477 0cd9414a_20240816_123620.data
70.0 250.0 17 27.487775330396477 0cd9414a_20240816_123644.data
90.0 250.0 17 27.487775330396477 0cd9414a_20240816_123708.data
110.0 250.0 17 27.598634361233486 0cd9414a_20240816_123732.data
130.0 250.0 17 27.598634361233486 0cd9414a_20240816_123756.data
150.0 250.0 17 27.487775330396477 0cd9414a_20240816_123820.data
170.0 250.0 17 27.487775330396477 0cd9414a_20240816_123844.data
190.0 250.0 17 27.598634361233486 0cd9414a_20240816_123908.data
210.0 250.0 17 27.598634361233486 0cd9414a_20240816_123932.data
230.0 250.0 17 27.598634361233486 0cd9414a_20240816_123956.data
250.0 250.0 17 27.487775330396477 0cd9414a_20240816_124020.data
270.0 250.0 17 27.487775330396477 0cd9414a_20240816_124044.data
290.0 250.0 17 27.487775330396477 0cd9414a_20240816_124108.data
290.0 270.0 17 27.487775330396477 0cd9414a_20240816_124132.data
270.0 270.0 17 27.487775330396477 0cd9414a_20240816_124156.data
250.0 270.0 17 27.487775330396477 0cd9414a_20240816_124220.data
230.0 270.0 17 27.487775330396477 0cd9414a_20240816_124244.data
210.0 270.0 17 27.598634361233486 0cd9414a_20240816_124308.data
190.0 270.0 17 27.598634361233486 0cd9414a_20240816_124332.data
170.0 270.0 17 27.598634361233486 0cd9414a_20240816_124356.data
150.0 270.0 17 27.487775330396477 0cd9414a_20240816_124420.data
130.0 270.0 17 27.487775330396477 0cd9414a_20240816_124444.data
110.0 270.0 17 27.598634361233486 0cd9414a_20240816_124508.data
90.0 270.0 17 27.487775330396477 0cd9414a_20240816_124532.data
70.0 270.0 17 27.487775330396477 0cd9414a_20240816_124556.data
50.0 270.0 17 27.598634361233486 0cd9414a_20240816_124620.data
30.0 270.0 17 27.487775330396477 0cd9414a_20240816_124644.data
10.0 270.0 17 27.487775330396477 0cd9414a_20240816_124708.data
10.0 290.0 17 27.487775330396477 0cd9414a_20240816_124732.data
30.0 290.0 17 27.487775330396477 0cd9414a_20240816_124756.data
50.0 290.0 17 27.598634361233486 0cd9414a_20240816_124820.data
70.0 290.0 17 27.487775330396477 0cd9414a_20240816_124844.data
90.0 290.0 17 27.487775330396477 0cd9414a_20240816_124909.data
110.0 290.0 17 27.487775330396477 0cd9414a_20240816_124933.data
130.0 290.0 17 27.487775330396477 0cd9414a_20240816_124957.data
150.0 290.0 17 27.487775330396477 0cd9414a_20240816_125021.data
170.0 290.0 17 27.598634361233486 0cd9414a_20240816_125045.data
190.0 290.0 17 27.487775330396477 0cd9414a_20240816_125109.data
210.0 290.0 17 27.487775330396477 0cd9414a_20240816_125133.data
230.0 290.0 17 27.487775330396477 0cd9414a_20240816_125157.data
250.0 290.0 17 27.487775330396477 0cd9414a_20240816_125221.data
270.0 290.0 17 27.598634361233486 0cd9414a_20240816_125245.data
290.0 290.0 17 27.487775330396477 0cd9414a_20240816_125309.data
290.0 310.0 17 27.487775330396477 0cd9414a_20240816_125333.data
270.0 310.0 17 27.487775330396477 0cd9414a_20240816_125357.data
250.0 310.0 17 27.487775330396477 0cd9414a_20240816_125421.data
230.0 310.0 17 27.598634361233486 0cd9414a_20240816_125445.data
210.0 310.0 17 27.598634361233486 0cd9414a_20240816_125509.data
190.0 310.0 17 -1 0cd9414a_20240816_125533.data
170.0 310.0 17 27.487775330396477 0cd9414a_20240816_125557.data
150.0 310.0 17 27.487775330396477 0cd9414a_20240816_125621.data
130.0 310.0 17 -1 0cd9414a_20240816_125645.data
110.0 310.0 17 27.487775330396477 0cd9414a_20240816_125709.data
90.0 310.0 17 27.598634361233486 0cd9414a_20240816_125733.data
70.0 310.0 17 27.598634361233486 0cd9414a_20240816_125757.data
50.0 310.0 17 27.487775330396477 0cd9414a_20240816_125821.data
30.0 310.0 17 27.487775330396477 0cd9414a_20240816_125845.data
10.0 310.0 17 27.487775330396477 0cd9414a_20240816_125909.data
10.0 330.0 17 -1 0cd9414a_20240816_125933.data
30.0 330.0 17 27.487775330396477 0cd9414a_20240816_125957.data
50.0 330.0 17 27.487775330396477 0cd9414a_20240816_130021.data
70.0 330.0 17 27.487775330396477 0cd9414a_20240816_130045.data
90.0 330.0 17 27.488546255506613 0cd9414a_20240816_130109.data
110.0 330.0 17 27.709061674008815 0cd9414a_20240816_130133.data
130.0 330.0 17 27.598634361233486 0cd9414a_20240816_130157.data
150.0 330.0 17 27.709061674008815 0cd9414a_20240816_130221.data
170.0 330.0 17 27.598634361233486 0cd9414a_20240816_130245.data
190.0 330.0 17 27.598634361233486 0cd9414a_20240816_130309.data
210.0 330.0 17 27.709061674008815 0cd9414a_20240816_130333.data
230.0 330.0 17 27.709061674008815 0cd9414a_20240816_130357.data
250.0 330.0 17 27.598634361233486 0cd9414a_20240816_130421.data
270.0 330.0 17 27.598634361233486 0cd9414a_20240816_130445.data
290.0 330.0 17 27.598634361233486 0cd9414a_20240816_130509.data
10.0 350.0 17 27.598634361233486 0cd9414a_20240816_132608.data
30.0 350.0 17 27.709061674008815 0cd9414a_20240816_132632.data
50.0 350.0 17 27.598634361233486 0cd9414a_20240816_132656.data
70.0 350.0 17 27.598634361233486 0cd9414a_20240816_132720.data
90.0 350.0 17 27.709061674008815 0cd9414a_20240816_132744.data
110.0 350.0 17 27.709061674008815 0cd9414a_20240816_132808.data
130.0 350.0 17 27.709061674008815 0cd9414a_20240816_132832.data
150.0 350.0 17 27.598634361233486 0cd9414a_20240816_132856.data
170.0 350.0 17 27.598634361233486 0cd9414a_20240816_132920.data
190.0 350.0 17 27.598634361233486 0cd9414a_20240816_132944.data
210.0 350.0 17 27.709061674008815 0cd9414a_20240816_133008.data
230.0 350.0 17 27.598634361233486 0cd9414a_20240816_133032.data
250.0 350.0 17 27.709061674008815 0cd9414a_20240816_133056.data
270.0 350.0 17 27.709061674008815 0cd9414a_20240816_133120.data
290.0 350.0 17 27.709061674008815 0cd9414a_20240816_133144.data
290.0 370.0 17 27.709061674008815 0cd9414a_20240816_133208.data
270.0 370.0 17 27.709061674008815 0cd9414a_20240816_133232.data
250.0 370.0 17 27.709061674008815 0cd9414a_20240816_133256.data
230.0 370.0 17 27.598634361233486 0cd9414a_20240816_133320.data
210.0 370.0 17 27.709061674008815 0cd9414a_20240816_133344.data
190.0 370.0 17 27.709061674008815 0cd9414a_20240816_133408.data
170.0 370.0 17 27.598634361233486 0cd9414a_20240816_133432.data
150.0 370.0 17 27.598634361233486 0cd9414a_20240816_133456.data
130.0 370.0 17 27.598634361233486 0cd9414a_20240816_133520.data
110.0 370.0 17 27.598634361233486 0cd9414a_20240816_133544.data
90.0 370.0 17 27.709061674008815 0cd9414a_20240816_133608.data
70.0 370.0 17 27.709061674008815 0cd9414a_20240816_133632.data
50.0 370.0 17 27.709061674008815 0cd9414a_20240816_133656.data
30.0 370.0 17 27.709061674008815 0cd9414a_20240816_133720.data
10.0 370.0 17 27.598634361233486 0cd9414a_20240816_133744.data
10.0 390.0 17 27.598634361233486 0cd9414a_20240816_133808.data
30.0 390.0 17 27.598634361233486 0cd9414a_20240816_133832.data
50.0 390.0 17 27.709061674008815 0cd9414a_20240816_133856.data
70.0 390.0 17 27.709061674008815 0cd9414a_20240816_133920.data
90.0 390.0 17 27.709061674008815 0cd9414a_20240816_133944.data
110.0 390.0 17 27.709061674008815 0cd9414a_20240816_134008.data
130.0 390.0 17 27.598634361233486 0cd9414a_20240816_134032.data
150.0 390.0 17 27.598634361233486 0cd9414a_20240816_134056.data
170.0 390.0 17 27.709061674008815 0cd9414a_20240816_134120.data
190.0 390.0 17 27.487775330396477 0cd9414a_20240816_134144.data
210.0 390.0 17 27.709061674008815 0cd9414a_20240816_134208.data
230.0 390.0 17 27.598634361233486 0cd9414a_20240816_134232.data
250.0 390.0 17 27.598634361233486 0cd9414a_20240816_134256.data
270.0 390.0 17 27.598634361233486 0cd9414a_20240816_134320.data
290.0 390.0 17 27.709061674008815 0cd9414a_20240816_134344.data
290.0 410.0 17 27.598634361233486 0cd9414a_20240816_134408.data
270.0 410.0 17 27.709061674008815 0cd9414a_20240816_134432.data
250.0 410.0 17 27.598634361233486 0cd9414a_20240816_134456.data
230.0 410.0 17 27.709061674008815 0cd9414a_20240816_134520.data
210.0 410.0 17 27.709061674008815 0cd9414a_20240816_134544.data
190.0 410.0 17 27.709061674008815 0cd9414a_20240816_134608.data
170.0 410.0 17 27.598634361233486 0cd9414a_20240816_134632.data
150.0 410.0 17 27.709061674008815 0cd9414a_20240816_134656.data
130.0 410.0 17 27.709061674008815 0cd9414a_20240816_134720.data
110.0 410.0 17 27.598634361233486 0cd9414a_20240816_134744.data
90.0 410.0 17 27.709061674008815 0cd9414a_20240816_134808.data
70.0 410.0 17 27.709061674008815 0cd9414a_20240816_134832.data
50.0 410.0 17 27.598634361233486 0cd9414a_20240816_134856.data
30.0 410.0 17 27.598634361233486 0cd9414a_20240816_134920.data
10.0 410.0 17 27.709061674008815 0cd9414a_20240816_134944.data
10.0 430.0 17 27.598634361233486 0cd9414a_20240816_135008.data
30.0 430.0 17 27.598634361233486 0cd9414a_20240816_135032.data
50.0 430.0 17 27.598634361233486 0cd9414a_20240816_135056.data
70.0 430.0 17 27.709061674008815 0cd9414a_20240816_135121.data
90.0 430.0 17 27.81905726872247 0cd9414a_20240816_135145.data
110.0 430.0 17 27.709061674008815 0cd9414a_20240816_135209.data
130.0 430.0 17 27.598634361233486 0cd9414a_20240816_135233.data
150.0 430.0 17 27.81905726872247 0cd9414a_20240816_135257.data
170.0 430.0 17 27.598634361233486 0cd9414a_20240816_135321.data
190.0 430.0 17 27.709061674008815 0cd9414a_20240816_135345.data
210.0 430.0 17 27.709061674008815 0cd9414a_20240816_135409.data
230.0 430.0 17 27.709061674008815 0cd9414a_20240816_135433.data
250.0 430.0 17 27.598634361233486 0cd9414a_20240816_135457.data
270.0 430.0 17 27.598634361233486 0cd9414a_20240816_135521.data
290.0 430.0 17 27.598634361233486 0cd9414a_20240816_135545.data
290.0 450.0 17 27.709061674008815 0cd9414a_20240816_135609.data
270.0 450.0 17 27.598634361233486 0cd9414a_20240816_135633.data
250.0 450.0 17 27.598634361233486 0cd9414a_20240816_135657.data
230.0 450.0 17 27.709061674008815 0cd9414a_20240816_135721.data
210.0 450.0 17 27.709061674008815 0cd9414a_20240816_135745.data
190.0 450.0 17 27.709061674008815 0cd9414a_20240816_135809.data
170.0 450.0 17 27.598634361233486 0cd9414a_20240816_135833.data
150.0 450.0 17 27.598634361233486 0cd9414a_20240816_135857.data
130.0 450.0 17 27.709061674008815 0cd9414a_20240816_135921.data
110.0 450.0 17 27.709061674008815 0cd9414a_20240816_135945.data
90.0 450.0 17 27.709061674008815 0cd9414a_20240816_140009.data
70.0 450.0 17 27.709061674008815 0cd9414a_20240816_140033.data
50.0 450.0 17 27.598634361233486 0cd9414a_20240816_140057.data
30.0 450.0 17 27.598634361233486 0cd9414a_20240816_140121.data
10.0 450.0 17 27.709061674008815 0cd9414a_20240816_140145.data
10.0 470.0 17 27.598634361233486 0cd9414a_20240816_140209.data
30.0 470.0 17 27.709061674008815 0cd9414a_20240816_140233.data
50.0 470.0 17 27.598634361233486 0cd9414a_20240816_140257.data
70.0 470.0 17 27.709061674008815 0cd9414a_20240816_140321.data
90.0 470.0 17 27.598634361233486 0cd9414a_20240816_140345.data
110.0 470.0 17 27.598634361233486 0cd9414a_20240816_140409.data
130.0 470.0 17 27.709061674008815 0cd9414a_20240816_140433.data
150.0 470.0 17 27.709061674008815 0cd9414a_20240816_140457.data
170.0 470.0 17 27.709061674008815 0cd9414a_20240816_140521.data
190.0 470.0 17 27.709061674008815 0cd9414a_20240816_140545.data
210.0 470.0 17 27.709061674008815 0cd9414a_20240816_140609.data
230.0 470.0 17 27.709061674008815 0cd9414a_20240816_140633.data
250.0 470.0 17 27.709061674008815 0cd9414a_20240816_140657.data
270.0 470.0 17 27.709061674008815 0cd9414a_20240816_140721.data
290.0 470.0 17 27.598634361233486 0cd9414a_20240816_140745.data
