-1 -1 -1 22.255285714285712 0cd9414a_20240827_135928.data
10.0 10.0 17 22.255285714285712 0cd9414a_20240827_140007.data
30.0 10.0 17 22.255285714285712 0cd9414a_20240827_140031.data
50.0 10.0 17 22.46152380952381 0cd9414a_20240827_140055.data
70.0 10.0 17 22.35861904761905 0cd9414a_20240827_140119.data
90.0 10.0 17 22.255285714285712 0cd9414a_20240827_140143.data
110.0 10.0 17 22.255285714285712 0cd9414a_20240827_140207.data
130.0 10.0 17 22.255285714285712 0cd9414a_20240827_140231.data
150.0 10.0 17 22.255285714285712 0cd9414a_20240827_140256.data
170.0 10.0 17 22.255285714285712 0cd9414a_20240827_140319.data
190.0 10.0 17 22.35861904761905 0cd9414a_20240827_140343.data
210.0 10.0 17 22.35861904761905 0cd9414a_20240827_140408.data
230.0 10.0 17 22.255285714285712 0cd9414a_20240827_140431.data
250.0 10.0 17 22.255285714285712 0cd9414a_20240827_140455.data
270.0 10.0 17 22.255285714285712 0cd9414a_20240827_140520.data
290.0 10.0 17 22.255285714285712 0cd9414a_20240827_140544.data
290.0 30.0 17 22.255285714285712 0cd9414a_20240827_140608.data
270.0 30.0 17 22.255285714285712 0cd9414a_20240827_140632.data
250.0 30.0 17 22.255285714285712 0cd9414a_20240827_140656.data
230.0 30.0 17 22.255285714285712 0cd9414a_20240827_140720.data
210.0 30.0 17 22.255285714285712 0cd9414a_20240827_140744.data
190.0 30.0 17 22.255285714285712 0cd9414a_20240827_140808.data
170.0 30.0 17 22.35861904761905 0cd9414a_20240827_140832.data
150.0 30.0 17 22.255285714285712 0cd9414a_20240827_140856.data
130.0 30.0 17 22.255285714285712 0cd9414a_20240827_140920.data
110.0 30.0 17 22.255285714285712 0cd9414a_20240827_140944.data
90.0 30.0 17 22.255285714285712 0cd9414a_20240827_141008.data
70.0 30.0 17 22.255285714285712 0cd9414a_20240827_141032.data
50.0 30.0 17 22.255285714285712 0cd9414a_20240827_141056.data
30.0 30.0 17 22.255285714285712 0cd9414a_20240827_141120.data
10.0 30.0 17 22.255285714285712 0cd9414a_20240827_141144.data
10.0 50.0 17 22.255285714285712 0cd9414a_20240827_141208.data
30.0 50.0 17 22.35861904761905 0cd9414a_20240827_141232.data
50.0 50.0 17 22.255285714285712 0cd9414a_20240827_141256.data
70.0 50.0 17 22.255285714285712 0cd9414a_20240827_141320.data
90.0 50.0 17 22.255285714285712 0cd9414a_20240827_141344.data
110.0 50.0 17 22.35861904761905 0cd9414a_20240827_141408.data
130.0 50.0 17 22.255285714285712 0cd9414a_20240827_141432.data
150.0 50.0 17 22.255285714285712 0cd9414a_20240827_141456.data
170.0 50.0 17 22.35861904761905 0cd9414a_20240827_141520.data
190.0 50.0 17 22.255285714285712 0cd9414a_20240827_141544.data
210.0 50.0 17 22.255285714285712 0cd9414a_20240827_141608.data
230.0 50.0 17 22.255285714285712 0cd9414a_20240827_141632.data
250.0 50.0 17 22.255285714285712 0cd9414a_20240827_141656.data
270.0 50.0 17 22.255285714285712 0cd9414a_20240827_141720.data
290.0 50.0 17 22.255285714285712 0cd9414a_20240827_141744.data
290.0 70.0 17 22.15152380952381 0cd9414a_20240827_141808.data
270.0 70.0 17 22.15152380952381 0cd9414a_20240827_141832.data
250.0 70.0 17 22.255285714285712 0cd9414a_20240827_141856.data
230.0 70.0 17 22.35861904761905 0cd9414a_20240827_141920.data
210.0 70.0 17 22.255285714285712 0cd9414a_20240827_141944.data
190.0 70.0 17 22.255285714285712 0cd9414a_20240827_142008.data
170.0 70.0 17 22.255285714285712 0cd9414a_20240827_142032.data
150.0 70.0 17 22.255285714285712 0cd9414a_20240827_142056.data
130.0 70.0 17 22.255285714285712 0cd9414a_20240827_142120.data
110.0 70.0 17 22.255285714285712 0cd9414a_20240827_142144.data
90.0 70.0 17 22.255285714285712 0cd9414a_20240827_142208.data
70.0 70.0 17 22.255285714285712 0cd9414a_20240827_142232.data
50.0 70.0 17 22.15152380952381 0cd9414a_20240827_142256.data
30.0 70.0 17 22.255285714285712 0cd9414a_20240827_142320.data
10.0 70.0 17 22.255285714285712 0cd9414a_20240827_142344.data
10.0 90.0 17 22.255285714285712 0cd9414a_20240827_142408.data
30.0 90.0 17 22.255285714285712 0cd9414a_20240827_142432.data
50.0 90.0 17 22.255285714285712 0cd9414a_20240827_142456.data
70.0 90.0 17 22.255285714285712 0cd9414a_20240827_142520.data
90.0 90.0 17 22.255285714285712 0cd9414a_20240827_142544.data
110.0 90.0 17 22.255285714285712 0cd9414a_20240827_142608.data
130.0 90.0 17 22.255285714285712 0cd9414a_20240827_142632.data
150.0 90.0 17 22.255285714285712 0cd9414a_20240827_142656.data
170.0 90.0 17 22.255285714285712 0cd9414a_20240827_142720.data
190.0 90.0 17 22.255285714285712 0cd9414a_20240827_142744.data
210.0 90.0 17 22.255285714285712 0cd9414a_20240827_142808.data
230.0 90.0 17 22.255285714285712 0cd9414a_20240827_142832.data
250.0 90.0 17 22.255285714285712 0cd9414a_20240827_142856.data
270.0 90.0 17 22.255285714285712 0cd9414a_20240827_142920.data
290.0 90.0 17 22.255285714285712 0cd9414a_20240827_142944.data
290.0 110.0 17 22.255285714285712 0cd9414a_20240827_143008.data
270.0 110.0 17 22.255285714285712 0cd9414a_20240827_143032.data
250.0 110.0 17 22.46152380952381 0cd9414a_20240827_143056.data
230.0 110.0 17 22.15152380952381 0cd9414a_20240827_143120.data
210.0 110.0 17 22.35861904761905 0cd9414a_20240827_143144.data
190.0 110.0 17 22.56402380952381 0cd9414a_20240827_143208.data
170.0 110.0 17 22.35861904761905 0cd9414a_20240827_143232.data
150.0 110.0 17 22.56402380952381 0cd9414a_20240827_143256.data
130.0 110.0 17 22.15152380952381 0cd9414a_20240827_143320.data
110.0 110.0 17 22.46152380952381 0cd9414a_20240827_143344.data
90.0 110.0 17 22.255285714285712 0cd9414a_20240827_143408.data
70.0 110.0 17 22.35861904761905 0cd9414a_20240827_143432.data
50.0 110.0 17 22.255285714285712 0cd9414a_20240827_143457.data
30.0 110.0 17 22.46152380952381 0cd9414a_20240827_143521.data
10.0 110.0 17 22.255285714285712 0cd9414a_20240827_143545.data
10.0 130.0 17 22.56402380952381 0cd9414a_20240827_143609.data
30.0 130.0 17 22.35861904761905 0cd9414a_20240827_143633.data
50.0 130.0 17 22.56402380952381 0cd9414a_20240827_143657.data
70.0 130.0 17 22.255285714285712 0cd9414a_20240827_143721.data
90.0 130.0 17 22.56402380952381 0cd9414a_20240827_143745.data
110.0 130.0 17 22.255285714285712 0cd9414a_20240827_143809.data
130.0 130.0 17 22.35861904761905 0cd9414a_20240827_143833.data
150.0 130.0 17 22.15152380952381 0cd9414a_20240827_143857.data
170.0 130.0 17 22.46152380952381 0cd9414a_20240827_143921.data
190.0 130.0 17 22.35861904761905 0cd9414a_20240827_143945.data
210.0 130.0 17 22.56402380952381 0cd9414a_20240827_144009.data
230.0 130.0 17 22.35861904761905 0cd9414a_20240827_144033.data
250.0 130.0 17 22.56402380952381 0cd9414a_20240827_144057.data
270.0 130.0 17 22.35861904761905 0cd9414a_20240827_144121.data
290.0 130.0 17 22.46152380952381 0cd9414a_20240827_144145.data
290.0 150.0 17 22.15152380952381 0cd9414a_20240827_144209.data
270.0 150.0 17 22.56402380952381 0cd9414a_20240827_144233.data
250.0 150.0 17 22.15152380952381 0cd9414a_20240827_144257.data
230.0 150.0 17 22.56402380952381 0cd9414a_20240827_144321.data
210.0 150.0 17 22.35861904761905 0cd9414a_20240827_144345.data
190.0 150.0 17 22.56402380952381 0cd9414a_20240827_144409.data
170.0 150.0 17 22.255285714285712 0cd9414a_20240827_144433.data
150.0 150.0 17 22.46152380952381 0cd9414a_20240827_144457.data
130.0 150.0 17 22.56402380952381 0cd9414a_20240827_144521.data
110.0 150.0 17 22.56402380952381 0cd9414a_20240827_144545.data
90.0 150.0 17 22.46152380952381 0cd9414a_20240827_144609.data
70.0 150.0 17 22.46152380952381 0cd9414a_20240827_144633.data
50.0 150.0 17 22.46152380952381 0cd9414a_20240827_144657.data
30.0 150.0 17 22.35861904761905 0cd9414a_20240827_144721.data
10.0 150.0 17 22.56402380952381 0cd9414a_20240827_144745.data
10.0 170.0 17 22.255285714285712 0cd9414a_20240827_144809.data
30.0 170.0 17 22.56402380952381 0cd9414a_20240827_144833.data
50.0 170.0 17 22.255285714285712 0cd9414a_20240827_144857.data
70.0 170.0 17 22.56402380952381 0cd9414a_20240827_144921.data
90.0 170.0 17 22.56402380952381 0cd9414a_20240827_144945.data
110.0 170.0 17 22.56402380952381 0cd9414a_20240827_145009.data
130.0 170.0 17 22.35861904761905 0cd9414a_20240827_145033.data
150.0 170.0 17 22.46152380952381 0cd9414a_20240827_145057.data
170.0 170.0 17 22.255285714285712 0cd9414a_20240827_145121.data
190.0 170.0 17 22.56402380952381 0cd9414a_20240827_145145.data
210.0 170.0 17 22.255285714285712 0cd9414a_20240827_145209.data
230.0 170.0 17 22.56402380952381 0cd9414a_20240827_145233.data
250.0 170.0 17 22.255285714285712 0cd9414a_20240827_145257.data
270.0 170.0 17 22.56402380952381 0cd9414a_20240827_145321.data
290.0 170.0 17 22.35861904761905 0cd9414a_20240827_145345.data
290.0 190.0 17 22.46152380952381 0cd9414a_20240827_145409.data
270.0 190.0 17 22.255285714285712 0cd9414a_20240827_145433.data
250.0 190.0 17 22.35861904761905 0cd9414a_20240827_145457.data
230.0 190.0 17 22.04733333333333 0cd9414a_20240827_145521.data
210.0 190.0 17 22.35861904761905 0cd9414a_20240827_145545.data
190.0 190.0 17 22.15152380952381 0cd9414a_20240827_145609.data
170.0 190.0 17 22.46152380952381 0cd9414a_20240827_145633.data
150.0 190.0 17 22.35861904761905 0cd9414a_20240827_145657.data
130.0 190.0 17 22.56402380952381 0cd9414a_20240827_145721.data
110.0 190.0 17 22.255285714285712 0cd9414a_20240827_145745.data
90.0 190.0 17 22.56402380952381 0cd9414a_20240827_145809.data
70.0 190.0 17 22.255285714285712 0cd9414a_20240827_145833.data
50.0 190.0 17 22.46152380952381 0cd9414a_20240827_145857.data
30.0 190.0 17 22.35861904761905 0cd9414a_20240827_145921.data
10.0 190.0 17 22.56402380952381 0cd9414a_20240827_145945.data
10.0 210.0 17 22.35861904761905 0cd9414a_20240827_150009.data
30.0 210.0 17 22.46152380952381 0cd9414a_20240827_150033.data
50.0 210.0 17 22.46152380952381 0cd9414a_20240827_150057.data
70.0 210.0 17 22.46152380952381 0cd9414a_20240827_150121.data
90.0 210.0 17 22.46152380952381 0cd9414a_20240827_150145.data
110.0 210.0 17 22.56402380952381 0cd9414a_20240827_150209.data
130.0 210.0 17 22.46152380952381 0cd9414a_20240827_150233.data
150.0 210.0 17 22.56402380952381 0cd9414a_20240827_150257.data
170.0 210.0 17 22.56402380952381 0cd9414a_20240827_150321.data
190.0 210.0 17 22.255285714285712 0cd9414a_20240827_150345.data
210.0 210.0 17 22.56402380952381 0cd9414a_20240827_150409.data
230.0 210.0 17 22.56402380952381 0cd9414a_20240827_150433.data
250.0 210.0 17 22.15152380952381 0cd9414a_20240827_150458.data
270.0 210.0 17 22.46152380952381 0cd9414a_20240827_150522.data
290.0 210.0 17 22.15152380952381 0cd9414a_20240827_150546.data
290.0 230.0 17 22.46152380952381 0cd9414a_20240827_150610.data
270.0 230.0 17 22.15152380952381 0cd9414a_20240827_150634.data
250.0 230.0 17 22.56402380952381 0cd9414a_20240827_150658.data
230.0 230.0 17 22.255285714285712 0cd9414a_20240827_150722.data
210.0 230.0 17 22.56402380952381 0cd9414a_20240827_150746.data
190.0 230.0 17 22.255285714285712 0cd9414a_20240827_150810.data
170.0 230.0 17 22.56402380952381 0cd9414a_20240827_150834.data
150.0 230.0 17 22.35861904761905 0cd9414a_20240827_150858.data
130.0 230.0 17 22.56402380952381 0cd9414a_20240827_150922.data
110.0 230.0 17 22.255285714285712 0cd9414a_20240827_150946.data
90.0 230.0 17 22.56402380952381 0cd9414a_20240827_151010.data
70.0 230.0 17 22.35861904761905 0cd9414a_20240827_151034.data
50.0 230.0 17 22.46152380952381 0cd9414a_20240827_151058.data
30.0 230.0 17 22.255285714285712 0cd9414a_20240827_151122.data
10.0 230.0 17 22.46152380952381 0cd9414a_20240827_151146.data
10.0 250.0 17 22.56402380952381 0cd9414a_20240827_151210.data
30.0 250.0 17 22.46152380952381 0cd9414a_20240827_151234.data
50.0 250.0 17 22.46152380952381 0cd9414a_20240827_151258.data
70.0 250.0 17 22.255285714285712 0cd9414a_20240827_151322.data
90.0 250.0 17 22.56402380952381 0cd9414a_20240827_151346.data
110.0 250.0 17 22.255285714285712 0cd9414a_20240827_151410.data
130.0 250.0 17 22.35861904761905 0cd9414a_20240827_151434.data
150.0 250.0 17 22.255285714285712 0cd9414a_20240827_151458.data
170.0 250.0 17 22.56402380952381 0cd9414a_20240827_151522.data
190.0 250.0 17 22.56402380952381 0cd9414a_20240827_151546.data
210.0 250.0 17 22.46152380952381 0cd9414a_20240827_151610.data
230.0 250.0 17 22.46152380952381 0cd9414a_20240827_151634.data
250.0 250.0 17 22.56402380952381 0cd9414a_20240827_151658.data
270.0 250.0 17 22.46152380952381 0cd9414a_20240827_151722.data
290.0 250.0 17 22.255285714285712 0cd9414a_20240827_151746.data
290.0 270.0 17 22.46152380952381 0cd9414a_20240827_151810.data
270.0 270.0 17 22.35861904761905 0cd9414a_20240827_151834.data
250.0 270.0 17 22.46152380952381 0cd9414a_20240827_151858.data
230.0 270.0 17 22.255285714285712 0cd9414a_20240827_151922.data
210.0 270.0 17 22.35861904761905 0cd9414a_20240827_151946.data
190.0 270.0 17 22.15152380952381 0cd9414a_20240827_152010.data
170.0 270.0 17 22.56402380952381 0cd9414a_20240827_152034.data
150.0 270.0 17 22.46152380952381 0cd9414a_20240827_152058.data
130.0 270.0 17 22.255285714285712 0cd9414a_20240827_152122.data
110.0 270.0 17 22.35861904761905 0cd9414a_20240827_152146.data
90.0 270.0 17 22.255285714285712 0cd9414a_20240827_152210.data
70.0 270.0 17 22.46152380952381 0cd9414a_20240827_152234.data
50.0 270.0 17 -1 0cd9414a_20240827_152258.data
30.0 270.0 17 22.255285714285712 0cd9414a_20240827_152322.data
10.0 270.0 17 22.46152380952381 0cd9414a_20240827_152346.data
10.0 290.0 17 -1 0cd9414a_20240827_152410.data
30.0 290.0 17 22.56402380952381 0cd9414a_20240827_152434.data
50.0 290.0 17 22.46152380952381 0cd9414a_20240827_152458.data
70.0 290.0 17 -1 0cd9414a_20240827_152522.data
90.0 290.0 17 22.46152380952381 0cd9414a_20240827_152546.data
110.0 290.0 17 22.255285714285712 0cd9414a_20240827_152610.data
130.0 290.0 17 -1 0cd9414a_20240827_152634.data
150.0 290.0 17 22.15152380952381 0cd9414a_20240827_152658.data
170.0 290.0 17 22.46152380952381 0cd9414a_20240827_152722.data
190.0 290.0 17 -1 0cd9414a_20240827_152746.data
210.0 290.0 17 22.969809523809523 0cd9414a_20240827_152810.data
230.0 290.0 17 22.767738095238098 0cd9414a_20240827_152834.data
250.0 290.0 17 22.767738095238098 0cd9414a_20240827_152858.data
270.0 290.0 17 22.767738095238098 0cd9414a_20240827_152922.data
290.0 290.0 17 22.767738095238098 0cd9414a_20240827_152946.data
290.0 310.0 17 22.767738095238098 0cd9414a_20240827_153010.data
270.0 310.0 17 22.767738095238098 0cd9414a_20240827_153034.data
250.0 310.0 17 22.767738095238098 0cd9414a_20240827_153058.data
230.0 310.0 17 22.767738095238098 0cd9414a_20240827_153122.data
210.0 310.0 17 22.767738095238098 0cd9414a_20240827_153146.data
190.0 310.0 17 22.767738095238098 0cd9414a_20240827_153210.data
170.0 310.0 17 22.969809523809523 0cd9414a_20240827_153235.data
150.0 310.0 17 22.969809523809523 0cd9414a_20240827_153259.data
130.0 310.0 17 22.666095238095238 0cd9414a_20240827_153323.data
110.0 310.0 17 22.767738095238098 0cd9414a_20240827_153347.data
90.0 310.0 17 22.767738095238098 0cd9414a_20240827_153411.data
70.0 310.0 17 22.767738095238098 0cd9414a_20240827_153435.data
50.0 310.0 17 22.767738095238098 0cd9414a_20240827_153459.data
30.0 310.0 17 22.767738095238098 0cd9414a_20240827_153523.data
10.0 310.0 17 22.666095238095238 0cd9414a_20240827_153547.data
10.0 330.0 17 22.767738095238098 0cd9414a_20240827_153611.data
30.0 330.0 17 22.767738095238098 0cd9414a_20240827_153635.data
50.0 330.0 17 22.767738095238098 0cd9414a_20240827_153659.data
70.0 330.0 17 22.767738095238098 0cd9414a_20240827_153723.data
90.0 330.0 17 22.767738095238098 0cd9414a_20240827_153747.data
110.0 330.0 17 22.767738095238098 0cd9414a_20240827_153811.data
130.0 330.0 17 22.767738095238098 0cd9414a_20240827_153835.data
150.0 330.0 17 22.767738095238098 0cd9414a_20240827_153859.data
170.0 330.0 17 22.767738095238098 0cd9414a_20240827_153923.data
190.0 330.0 17 22.767738095238098 0cd9414a_20240827_153947.data
210.0 330.0 17 22.767738095238098 0cd9414a_20240827_154011.data
230.0 330.0 17 22.767738095238098 0cd9414a_20240827_154035.data
250.0 330.0 17 22.666095238095238 0cd9414a_20240827_154059.data
270.0 330.0 17 22.767738095238098 0cd9414a_20240827_154123.data
290.0 330.0 17 22.767738095238098 0cd9414a_20240827_154147.data
10.0 350.0 17 22.767738095238098 0cd9414a_20240827_154303.data
30.0 350.0 17 22.767738095238098 0cd9414a_20240827_154327.data
50.0 350.0 17 22.767738095238098 0cd9414a_20240827_154351.data
70.0 350.0 17 22.767738095238098 0cd9414a_20240827_154415.data
90.0 350.0 17 22.767738095238098 0cd9414a_20240827_154439.data
110.0 350.0 17 22.767738095238098 0cd9414a_20240827_154503.data
130.0 350.0 17 22.767738095238098 0cd9414a_20240827_154527.data
150.0 350.0 17 22.767738095238098 0cd9414a_20240827_154551.data
170.0 350.0 17 22.767738095238098 0cd9414a_20240827_154615.data
190.0 350.0 17 22.969809523809523 0cd9414a_20240827_154639.data
210.0 350.0 17 22.767738095238098 0cd9414a_20240827_154703.data
230.0 350.0 17 22.969809523809523 0cd9414a_20240827_154727.data
250.0 350.0 17 22.767738095238098 0cd9414a_20240827_154751.data
270.0 350.0 17 22.767738095238098 0cd9414a_20240827_154815.data
290.0 350.0 17 22.767738095238098 0cd9414a_20240827_154839.data
290.0 370.0 17 22.767738095238098 0cd9414a_20240827_154903.data
270.0 370.0 17 22.666095238095238 0cd9414a_20240827_154927.data
250.0 370.0 17 22.767738095238098 0cd9414a_20240827_154951.data
230.0 370.0 17 22.767738095238098 0cd9414a_20240827_155015.data
210.0 370.0 17 22.767738095238098 0cd9414a_20240827_155039.data
190.0 370.0 17 22.767738095238098 0cd9414a_20240827_155103.data
170.0 370.0 17 22.767738095238098 0cd9414a_20240827_155127.data
150.0 370.0 17 22.767738095238098 0cd9414a_20240827_155151.data
130.0 370.0 17 22.767738095238098 0cd9414a_20240827_155215.data
110.0 370.0 17 22.767738095238098 0cd9414a_20240827_155239.data
90.0 370.0 17 22.767738095238098 0cd9414a_20240827_155303.data
70.0 370.0 17 22.767738095238098 0cd9414a_20240827_155327.data
50.0 370.0 17 22.767738095238098 0cd9414a_20240827_155351.data
30.0 370.0 17 22.767738095238098 0cd9414a_20240827_155415.data
10.0 370.0 17 22.767738095238098 0cd9414a_20240827_155439.data
10.0 390.0 17 22.767738095238098 0cd9414a_20240827_155503.data
30.0 390.0 17 22.767738095238098 0cd9414a_20240827_155527.data
50.0 390.0 17 22.767738095238098 0cd9414a_20240827_155551.data
70.0 390.0 17 22.767738095238098 0cd9414a_20240827_155615.data
90.0 390.0 17 22.767738095238098 0cd9414a_20240827_155639.data
110.0 390.0 17 22.767738095238098 0cd9414a_20240827_155703.data
130.0 390.0 17 22.767738095238098 0cd9414a_20240827_155727.data
150.0 390.0 17 22.767738095238098 0cd9414a_20240827_155751.data
170.0 390.0 17 22.868976190476186 0cd9414a_20240827_155815.data
190.0 390.0 17 22.767738095238098 0cd9414a_20240827_155839.data
210.0 390.0 17 22.767738095238098 0cd9414a_20240827_155903.data
230.0 390.0 17 22.767738095238098 0cd9414a_20240827_155927.data
250.0 390.0 17 22.767738095238098 0cd9414a_20240827_155951.data
270.0 390.0 17 22.767738095238098 0cd9414a_20240827_160015.data
290.0 390.0 17 22.767738095238098 0cd9414a_20240827_160039.data
290.0 410.0 17 22.767738095238098 0cd9414a_20240827_160103.data
270.0 410.0 17 22.767738095238098 0cd9414a_20240827_160127.data
250.0 410.0 17 22.767738095238098 0cd9414a_20240827_160151.data
230.0 410.0 17 22.868976190476186 0cd9414a_20240827_160215.data
210.0 410.0 17 22.767738095238098 0cd9414a_20240827_160239.data
190.0 410.0 17 22.767738095238098 0cd9414a_20240827_160303.data
170.0 410.0 17 22.969809523809523 0cd9414a_20240827_160327.data
150.0 410.0 17 22.969809523809523 0cd9414a_20240827_160351.data
130.0 410.0 17 22.767738095238098 0cd9414a_20240827_160415.data
110.0 410.0 17 22.767738095238098 0cd9414a_20240827_160440.data
90.0 410.0 17 22.767738095238098 0cd9414a_20240827_160503.data
70.0 410.0 17 22.767738095238098 0cd9414a_20240827_160528.data
50.0 410.0 17 22.767738095238098 0cd9414a_20240827_160552.data
30.0 410.0 17 22.767738095238098 0cd9414a_20240827_160616.data
10.0 410.0 17 22.767738095238098 0cd9414a_20240827_160640.data
10.0 430.0 17 22.767738095238098 0cd9414a_20240827_160704.data
30.0 430.0 17 22.767738095238098 0cd9414a_20240827_160728.data
50.0 430.0 17 22.767738095238098 0cd9414a_20240827_160752.data
70.0 430.0 17 22.767738095238098 0cd9414a_20240827_160816.data
90.0 430.0 17 22.767738095238098 0cd9414a_20240827_160840.data
110.0 430.0 17 22.767738095238098 0cd9414a_20240827_160904.data
130.0 430.0 17 22.767738095238098 0cd9414a_20240827_160928.data
150.0 430.0 17 22.767738095238098 0cd9414a_20240827_160952.data
170.0 430.0 17 22.767738095238098 0cd9414a_20240827_161016.data
190.0 430.0 17 22.767738095238098 0cd9414a_20240827_161040.data
210.0 430.0 17 22.767738095238098 0cd9414a_20240827_161104.data
230.0 430.0 17 22.767738095238098 0cd9414a_20240827_161128.data
250.0 430.0 17 22.767738095238098 0cd9414a_20240827_161152.data
270.0 430.0 17 22.767738095238098 0cd9414a_20240827_161216.data
290.0 430.0 17 22.868976190476186 0cd9414a_20240827_161240.data
290.0 450.0 17 22.767738095238098 0cd9414a_20240827_161304.data
270.0 450.0 17 22.767738095238098 0cd9414a_20240827_161328.data
250.0 450.0 17 22.767738095238098 0cd9414a_20240827_161352.data
230.0 450.0 17 22.767738095238098 0cd9414a_20240827_161416.data
210.0 450.0 17 22.767738095238098 0cd9414a_20240827_161440.data
190.0 450.0 17 22.767738095238098 0cd9414a_20240827_161504.data
170.0 450.0 17 22.767738095238098 0cd9414a_20240827_161528.data
150.0 450.0 17 22.767738095238098 0cd9414a_20240827_161552.data
130.0 450.0 17 22.767738095238098 0cd9414a_20240827_161616.data
110.0 450.0 17 22.767738095238098 0cd9414a_20240827_161640.data
90.0 450.0 17 22.767738095238098 0cd9414a_20240827_161704.data
70.0 450.0 17 22.868976190476186 0cd9414a_20240827_161728.data
50.0 450.0 17 22.767738095238098 0cd9414a_20240827_161752.data
30.0 450.0 17 22.767738095238098 0cd9414a_20240827_161816.data
10.0 450.0 17 22.767738095238098 0cd9414a_20240827_161840.data
10.0 470.0 17 22.767738095238098 0cd9414a_20240827_161904.data
30.0 470.0 17 22.767738095238098 0cd9414a_20240827_161928.data
50.0 470.0 17 23.073725 0cd9414a_20240827_161952.data
70.0 470.0 17 22.767738095238098 0cd9414a_20240827_162016.data
90.0 470.0 17 22.767738095238098 0cd9414a_20240827_162040.data
110.0 470.0 17 22.767738095238098 0cd9414a_20240827_162104.data
130.0 470.0 17 22.767738095238098 0cd9414a_20240827_162128.data
150.0 470.0 17 22.767738095238098 0cd9414a_20240827_162152.data
170.0 470.0 17 22.767738095238098 0cd9414a_20240827_162216.data
190.0 470.0 17 22.767738095238098 0cd9414a_20240827_162240.data
210.0 470.0 17 22.767738095238098 0cd9414a_20240827_162304.data
230.0 470.0 17 22.767738095238098 0cd9414a_20240827_162328.data
250.0 470.0 17 22.767738095238098 0cd9414a_20240827_162352.data
270.0 470.0 17 22.767738095238098 0cd9414a_20240827_162416.data
290.0 470.0 17 22.767738095238098 0cd9414a_20240827_162440.data
