-1 -1 -1 24.322552631578947 0cd9414a_20240911_113109.data
10.0 10.0 17 24.322552631578947 0cd9414a_20240911_113148.data
30.0 10.0 17 24.216789473684212 0cd9414a_20240911_113212.data
50.0 10.0 17 24.216789473684212 0cd9414a_20240911_113236.data
70.0 10.0 17 24.216789473684212 0cd9414a_20240911_113300.data
90.0 10.0 17 24.427921052631582 0cd9414a_20240911_113324.data
110.0 10.0 17 24.216789473684212 0cd9414a_20240911_113348.data
130.0 10.0 17 24.322552631578947 0cd9414a_20240911_113412.data
150.0 10.0 17 24.322552631578947 0cd9414a_20240911_113436.data
170.0 10.0 17 24.322552631578947 0cd9414a_20240911_113500.data
190.0 10.0 17 24.322552631578947 0cd9414a_20240911_113524.data
210.0 10.0 17 24.216789473684212 0cd9414a_20240911_113548.data
230.0 10.0 17 24.216789473684212 0cd9414a_20240911_113613.data
250.0 10.0 17 24.322552631578947 0cd9414a_20240911_113637.data
270.0 10.0 17 24.216789473684212 0cd9414a_20240911_113701.data
290.0 10.0 17 24.322552631578947 0cd9414a_20240911_113725.data
290.0 30.0 17 24.216789473684212 0cd9414a_20240911_113749.data
270.0 30.0 17 24.216789473684212 0cd9414a_20240911_113813.data
250.0 30.0 17 24.322552631578947 0cd9414a_20240911_113837.data
230.0 30.0 17 24.216789473684212 0cd9414a_20240911_113901.data
210.0 30.0 17 24.216789473684212 0cd9414a_20240911_113925.data
190.0 30.0 17 24.216789473684212 0cd9414a_20240911_113949.data
170.0 30.0 17 24.322552631578947 0cd9414a_20240911_114013.data
150.0 30.0 17 24.322552631578947 0cd9414a_20240911_114037.data
130.0 30.0 17 24.216789473684212 0cd9414a_20240911_114101.data
110.0 30.0 17 24.427921052631582 0cd9414a_20240911_114125.data
90.0 30.0 17 24.427921052631582 0cd9414a_20240911_114149.data
70.0 30.0 17 24.216789473684212 0cd9414a_20240911_114213.data
50.0 30.0 17 24.216789473684212 0cd9414a_20240911_114237.data
30.0 30.0 17 24.216789473684212 0cd9414a_20240911_114301.data
10.0 30.0 17 24.322552631578947 0cd9414a_20240911_114325.data
10.0 50.0 17 24.216789473684212 0cd9414a_20240911_114349.data
30.0 50.0 17 24.322552631578947 0cd9414a_20240911_114413.data
50.0 50.0 17 24.216789473684212 0cd9414a_20240911_114437.data
70.0 50.0 17 24.322552631578947 0cd9414a_20240911_114501.data
90.0 50.0 17 24.216789473684212 0cd9414a_20240911_114525.data
110.0 50.0 17 24.216789473684212 0cd9414a_20240911_114549.data
130.0 50.0 17 24.322552631578947 0cd9414a_20240911_114613.data
150.0 50.0 17 24.216789473684212 0cd9414a_20240911_114637.data
170.0 50.0 17 24.216789473684212 0cd9414a_20240911_114701.data
190.0 50.0 17 24.1106052631579 0cd9414a_20240911_114725.data
210.0 50.0 17 24.322552631578947 0cd9414a_20240911_114749.data
230.0 50.0 17 24.322552631578947 0cd9414a_20240911_114813.data
250.0 50.0 17 24.322552631578947 0cd9414a_20240911_114837.data
270.0 50.0 17 24.216789473684212 0cd9414a_20240911_114901.data
290.0 50.0 17 24.322552631578947 0cd9414a_20240911_114925.data
290.0 70.0 17 24.216789473684212 0cd9414a_20240911_114949.data
270.0 70.0 17 24.216789473684212 0cd9414a_20240911_115013.data
250.0 70.0 17 24.216789473684212 0cd9414a_20240911_115037.data
230.0 70.0 17 24.216789473684212 0cd9414a_20240911_115101.data
210.0 70.0 17 24.322552631578947 0cd9414a_20240911_115125.data
190.0 70.0 17 24.322552631578947 0cd9414a_20240911_115149.data
170.0 70.0 17 24.216789473684212 0cd9414a_20240911_115213.data
150.0 70.0 17 24.322552631578947 0cd9414a_20240911_115237.data
130.0 70.0 17 24.427921052631582 0cd9414a_20240911_115301.data
110.0 70.0 17 24.216789473684212 0cd9414a_20240911_115325.data
90.0 70.0 17 24.216789473684212 0cd9414a_20240911_115349.data
70.0 70.0 17 24.216789473684212 0cd9414a_20240911_115413.data
50.0 70.0 17 24.427921052631582 0cd9414a_20240911_115437.data
30.0 70.0 17 24.322552631578947 0cd9414a_20240911_115501.data
10.0 70.0 17 24.322552631578947 0cd9414a_20240911_115525.data
10.0 90.0 17 24.1106052631579 0cd9414a_20240911_115549.data
30.0 90.0 17 24.322552631578947 0cd9414a_20240911_115613.data
50.0 90.0 17 24.216789473684212 0cd9414a_20240911_115637.data
70.0 90.0 17 24.216789473684212 0cd9414a_20240911_115701.data
90.0 90.0 17 24.216789473684212 0cd9414a_20240911_115725.data
110.0 90.0 17 24.322552631578947 0cd9414a_20240911_115749.data
130.0 90.0 17 24.322552631578947 0cd9414a_20240911_115813.data
150.0 90.0 17 24.322552631578947 0cd9414a_20240911_115837.data
170.0 90.0 17 24.322552631578947 0cd9414a_20240911_115901.data
190.0 90.0 17 24.216789473684212 0cd9414a_20240911_115925.data
210.0 90.0 17 24.216789473684212 0cd9414a_20240911_115949.data
230.0 90.0 17 24.427921052631582 0cd9414a_20240911_120013.data
250.0 90.0 17 24.216789473684212 0cd9414a_20240911_120037.data
270.0 90.0 17 24.1106052631579 0cd9414a_20240911_120101.data
290.0 90.0 17 24.427921052631582 0cd9414a_20240911_120125.data
290.0 110.0 17 24.427921052631582 0cd9414a_20240911_120149.data
270.0 110.0 17 24.1106052631579 0cd9414a_20240911_120213.data
250.0 110.0 17 24.322552631578947 0cd9414a_20240911_120237.data
230.0 110.0 17 24.322552631578947 0cd9414a_20240911_120301.data
210.0 110.0 17 24.322552631578947 0cd9414a_20240911_120325.data
190.0 110.0 17 24.216789473684212 0cd9414a_20240911_120349.data
170.0 110.0 17 24.322552631578947 0cd9414a_20240911_120413.data
150.0 110.0 17 24.216789473684212 0cd9414a_20240911_120437.data
130.0 110.0 17 24.216789473684212 0cd9414a_20240911_120501.data
110.0 110.0 17 24.216789473684212 0cd9414a_20240911_120525.data
90.0 110.0 17 24.216789473684212 0cd9414a_20240911_120549.data
70.0 110.0 17 24.216789473684212 0cd9414a_20240911_120613.data
50.0 110.0 17 24.216789473684212 0cd9414a_20240911_120637.data
30.0 110.0 17 24.216789473684212 0cd9414a_20240911_120701.data
10.0 110.0 17 24.216789473684212 0cd9414a_20240911_120725.data
10.0 130.0 17 24.216789473684212 0cd9414a_20240911_120749.data
30.0 130.0 17 24.427921052631582 0cd9414a_20240911_120814.data
50.0 130.0 17 24.427921052631582 0cd9414a_20240911_120838.data
70.0 130.0 17 24.427921052631582 0cd9414a_20240911_120902.data
90.0 130.0 17 24.216789473684212 0cd9414a_20240911_120926.data
110.0 130.0 17 24.532868421052633 0cd9414a_20240911_120950.data
130.0 130.0 17 24.216789473684212 0cd9414a_20240911_121014.data
150.0 130.0 17 24.322552631578947 0cd9414a_20240911_121038.data
170.0 130.0 17 24.216789473684212 0cd9414a_20240911_121102.data
190.0 130.0 17 24.216789473684212 0cd9414a_20240911_121126.data
210.0 130.0 17 24.216789473684212 0cd9414a_20240911_121150.data
230.0 130.0 17 24.216789473684212 0cd9414a_20240911_121214.data
250.0 130.0 17 24.532868421052633 0cd9414a_20240911_121238.data
270.0 130.0 17 24.322552631578947 0cd9414a_20240911_121302.data
290.0 130.0 17 24.322552631578947 0cd9414a_20240911_121326.data
290.0 150.0 17 24.216789473684212 0cd9414a_20240911_121350.data
270.0 150.0 17 24.216789473684212 0cd9414a_20240911_121414.data
250.0 150.0 17 24.216789473684212 0cd9414a_20240911_121438.data
230.0 150.0 17 24.322552631578947 0cd9414a_20240911_121502.data
210.0 150.0 17 24.322552631578947 0cd9414a_20240911_121526.data
190.0 150.0 17 24.322552631578947 0cd9414a_20240911_121550.data
170.0 150.0 17 24.216789473684212 0cd9414a_20240911_121614.data
150.0 150.0 17 24.216789473684212 0cd9414a_20240911_121638.data
130.0 150.0 17 24.322552631578947 0cd9414a_20240911_121702.data
110.0 150.0 17 24.216789473684212 0cd9414a_20240911_121726.data
90.0 150.0 17 24.322552631578947 0cd9414a_20240911_121750.data
70.0 150.0 17 24.322552631578947 0cd9414a_20240911_121814.data
50.0 150.0 17 24.322552631578947 0cd9414a_20240911_121838.data
30.0 150.0 17 24.427921052631582 0cd9414a_20240911_121902.data
10.0 150.0 17 24.1106052631579 0cd9414a_20240911_121926.data
10.0 170.0 17 24.322552631578947 0cd9414a_20240911_121950.data
30.0 170.0 17 24.322552631578947 0cd9414a_20240911_122014.data
50.0 170.0 17 24.322552631578947 0cd9414a_20240911_122038.data
70.0 170.0 17 24.322552631578947 0cd9414a_20240911_122102.data
90.0 170.0 17 24.216789473684212 0cd9414a_20240911_122126.data
110.0 170.0 17 24.322552631578947 0cd9414a_20240911_122150.data
130.0 170.0 17 24.216789473684212 0cd9414a_20240911_122214.data
150.0 170.0 17 24.322552631578947 0cd9414a_20240911_122238.data
170.0 170.0 17 24.216789473684212 0cd9414a_20240911_122302.data
190.0 170.0 17 24.216789473684212 0cd9414a_20240911_122326.data
210.0 170.0 17 24.216789473684212 0cd9414a_20240911_122350.data
230.0 170.0 17 24.216789473684212 0cd9414a_20240911_122414.data
250.0 170.0 17 24.216789473684212 0cd9414a_20240911_122438.data
270.0 170.0 17 24.216789473684212 0cd9414a_20240911_122502.data
290.0 170.0 17 24.322552631578947 0cd9414a_20240911_122526.data
290.0 190.0 17 24.216789473684212 0cd9414a_20240911_122550.data
270.0 190.0 17 24.322552631578947 0cd9414a_20240911_122614.data
250.0 190.0 17 24.216789473684212 0cd9414a_20240911_122638.data
230.0 190.0 17 24.216789473684212 0cd9414a_20240911_122702.data
210.0 190.0 17 24.216789473684212 0cd9414a_20240911_122726.data
190.0 190.0 17 24.216789473684212 0cd9414a_20240911_122750.data
170.0 190.0 17 24.216789473684212 0cd9414a_20240911_122814.data
150.0 190.0 17 24.322552631578947 0cd9414a_20240911_122838.data
130.0 190.0 17 24.322552631578947 0cd9414a_20240911_122902.data
110.0 190.0 17 24.322552631578947 0cd9414a_20240911_122926.data
90.0 190.0 17 24.322552631578947 0cd9414a_20240911_122950.data
70.0 190.0 17 24.216789473684212 0cd9414a_20240911_123014.data
50.0 190.0 17 24.322552631578947 0cd9414a_20240911_123038.data
30.0 190.0 17 24.216789473684212 0cd9414a_20240911_123102.data
10.0 190.0 17 24.216789473684212 0cd9414a_20240911_123126.data
10.0 210.0 17 24.216789473684212 0cd9414a_20240911_123150.data
30.0 210.0 17 24.216789473684212 0cd9414a_20240911_123214.data
50.0 210.0 17 24.322552631578947 0cd9414a_20240911_123238.data
70.0 210.0 17 24.322552631578947 0cd9414a_20240911_123302.data
90.0 210.0 17 24.322552631578947 0cd9414a_20240911_123326.data
110.0 210.0 17 24.216789473684212 0cd9414a_20240911_123350.data
130.0 210.0 17 24.216789473684212 0cd9414a_20240911_123414.data
150.0 210.0 17 24.322552631578947 0cd9414a_20240911_123438.data
170.0 210.0 17 24.216789473684212 0cd9414a_20240911_123502.data
190.0 210.0 17 24.322552631578947 0cd9414a_20240911_123526.data
210.0 210.0 17 24.216789473684212 0cd9414a_20240911_123550.data
230.0 210.0 17 24.322552631578947 0cd9414a_20240911_123614.data
250.0 210.0 17 24.532868421052633 0cd9414a_20240911_123638.data
270.0 210.0 17 24.216789473684212 0cd9414a_20240911_123702.data
290.0 210.0 17 24.216789473684212 0cd9414a_20240911_123726.data
290.0 230.0 17 24.216789473684212 0cd9414a_20240911_123750.data
270.0 230.0 17 24.216789473684212 0cd9414a_20240911_123814.data
250.0 230.0 17 24.322552631578947 0cd9414a_20240911_123838.data
230.0 230.0 17 24.216789473684212 0cd9414a_20240911_123902.data
210.0 230.0 17 24.322552631578947 0cd9414a_20240911_123927.data
190.0 230.0 17 24.216789473684212 0cd9414a_20240911_123951.data
170.0 230.0 17 24.216789473684212 0cd9414a_20240911_124015.data
150.0 230.0 17 24.322552631578947 0cd9414a_20240911_124039.data
130.0 230.0 17 24.322552631578947 0cd9414a_20240911_124103.data
110.0 230.0 17 24.322552631578947 0cd9414a_20240911_124127.data
90.0 230.0 17 24.216789473684212 0cd9414a_20240911_124151.data
70.0 230.0 17 24.322552631578947 0cd9414a_20240911_124215.data
50.0 230.0 17 24.322552631578947 0cd9414a_20240911_124239.data
30.0 230.0 17 24.216789473684212 0cd9414a_20240911_124303.data
10.0 230.0 17 24.216789473684212 0cd9414a_20240911_124327.data
10.0 250.0 17 24.216789473684212 0cd9414a_20240911_124351.data
30.0 250.0 17 24.216789473684212 0cd9414a_20240911_124415.data
50.0 250.0 17 24.216789473684212 0cd9414a_20240911_124439.data
70.0 250.0 17 24.322552631578947 0cd9414a_20240911_124503.data
90.0 250.0 17 24.216789473684212 0cd9414a_20240911_124527.data
110.0 250.0 17 24.216789473684212 0cd9414a_20240911_124551.data
130.0 250.0 17 24.216789473684212 0cd9414a_20240911_124615.data
150.0 250.0 17 24.322552631578947 0cd9414a_20240911_124639.data
170.0 250.0 17 24.322552631578947 0cd9414a_20240911_124703.data
190.0 250.0 17 24.322552631578947 0cd9414a_20240911_124727.data
210.0 250.0 17 24.216789473684212 0cd9414a_20240911_124751.data
230.0 250.0 17 24.216789473684212 0cd9414a_20240911_124815.data
250.0 250.0 17 24.427921052631582 0cd9414a_20240911_124839.data
270.0 250.0 17 24.216789473684212 0cd9414a_20240911_124903.data
290.0 250.0 17 24.216789473684212 0cd9414a_20240911_124927.data
290.0 270.0 17 24.322552631578947 0cd9414a_20240911_124951.data
270.0 270.0 17 24.216789473684212 0cd9414a_20240911_125015.data
250.0 270.0 17 24.322552631578947 0cd9414a_20240911_125039.data
230.0 270.0 17 24.322552631578947 0cd9414a_20240911_125103.data
210.0 270.0 17 24.322552631578947 0cd9414a_20240911_125127.data
190.0 270.0 17 24.216789473684212 0cd9414a_20240911_125151.data
170.0 270.0 17 24.216789473684212 0cd9414a_20240911_125215.data
150.0 270.0 17 24.322552631578947 0cd9414a_20240911_125239.data
130.0 270.0 17 24.322552631578947 0cd9414a_20240911_125303.data
110.0 270.0 17 24.322552631578947 0cd9414a_20240911_125327.data
90.0 270.0 17 24.216789473684212 0cd9414a_20240911_125351.data
70.0 270.0 17 24.322552631578947 0cd9414a_20240911_125415.data
50.0 270.0 17 -1 0cd9414a_20240911_125439.data
30.0 270.0 17 24.322552631578947 0cd9414a_20240911_125503.data
10.0 270.0 17 24.216789473684212 0cd9414a_20240911_125527.data
10.0 290.0 17 -1 0cd9414a_20240911_125551.data
30.0 290.0 17 24.216789473684212 0cd9414a_20240911_125615.data
50.0 290.0 17 24.322552631578947 0cd9414a_20240911_125639.data
70.0 290.0 17 -1 0cd9414a_20240911_125703.data
90.0 290.0 17 24.322552631578947 0cd9414a_20240911_125727.data
110.0 290.0 17 24.322552631578947 0cd9414a_20240911_125751.data
130.0 290.0 17 -1 0cd9414a_20240911_125815.data
150.0 290.0 17 24.322552631578947 0cd9414a_20240911_125839.data
170.0 290.0 17 24.216789473684212 0cd9414a_20240911_125903.data
190.0 290.0 17 -1 0cd9414a_20240911_125927.data
210.0 290.0 17 24.427921052631582 0cd9414a_20240911_125951.data
230.0 290.0 17 24.427921052631582 0cd9414a_20240911_130015.data
250.0 290.0 17 24.322552631578947 0cd9414a_20240911_130039.data
270.0 290.0 17 24.427921052631582 0cd9414a_20240911_130103.data
290.0 290.0 17 24.427921052631582 0cd9414a_20240911_130127.data
290.0 310.0 17 24.427921052631582 0cd9414a_20240911_130151.data
270.0 310.0 17 24.427921052631582 0cd9414a_20240911_130215.data
250.0 310.0 17 24.427921052631582 0cd9414a_20240911_130239.data
230.0 310.0 17 24.427921052631582 0cd9414a_20240911_130303.data
210.0 310.0 17 24.322552631578947 0cd9414a_20240911_130327.data
190.0 310.0 17 24.427921052631582 0cd9414a_20240911_130351.data
170.0 310.0 17 24.427921052631582 0cd9414a_20240911_130415.data
150.0 310.0 17 24.427921052631582 0cd9414a_20240911_130439.data
130.0 310.0 17 24.427921052631582 0cd9414a_20240911_130503.data
110.0 310.0 17 24.427921052631582 0cd9414a_20240911_130527.data
90.0 310.0 17 24.427921052631582 0cd9414a_20240911_130551.data
70.0 310.0 17 24.427921052631582 0cd9414a_20240911_130615.data
50.0 310.0 17 24.427921052631582 0cd9414a_20240911_130639.data
30.0 310.0 17 24.427921052631582 0cd9414a_20240911_130703.data
10.0 310.0 17 24.427921052631582 0cd9414a_20240911_130728.data
10.0 330.0 17 24.427921052631582 0cd9414a_20240911_130752.data
30.0 330.0 17 24.427921052631582 0cd9414a_20240911_130816.data
50.0 330.0 17 24.427921052631582 0cd9414a_20240911_130840.data
70.0 330.0 17 24.427921052631582 0cd9414a_20240911_130904.data
90.0 330.0 17 24.427921052631582 0cd9414a_20240911_130928.data
110.0 330.0 17 24.427921052631582 0cd9414a_20240911_130952.data
130.0 330.0 17 24.322552631578947 0cd9414a_20240911_131016.data
150.0 330.0 17 24.427921052631582 0cd9414a_20240911_131040.data
170.0 330.0 17 24.427921052631582 0cd9414a_20240911_131104.data
190.0 330.0 17 24.427921052631582 0cd9414a_20240911_131128.data
210.0 330.0 17 24.427921052631582 0cd9414a_20240911_131152.data
230.0 330.0 17 24.427921052631582 0cd9414a_20240911_131216.data
250.0 330.0 17 24.427921052631582 0cd9414a_20240911_131240.data
270.0 330.0 17 24.427921052631582 0cd9414a_20240911_131304.data
290.0 330.0 17 24.427921052631582 0cd9414a_20240911_131328.data
10.0 350.0 17 24.427921052631582 0cd9414a_20240911_132230.data
30.0 350.0 17 24.427921052631582 0cd9414a_20240911_132254.data
50.0 350.0 17 24.427921052631582 0cd9414a_20240911_132318.data
70.0 350.0 17 24.427921052631582 0cd9414a_20240911_132342.data
90.0 350.0 17 24.427921052631582 0cd9414a_20240911_132406.data
110.0 350.0 17 24.427921052631582 0cd9414a_20240911_132430.data
130.0 350.0 17 24.427921052631582 0cd9414a_20240911_132454.data
150.0 350.0 17 24.427921052631582 0cd9414a_20240911_132518.data
170.0 350.0 17 24.427921052631582 0cd9414a_20240911_132542.data
190.0 350.0 17 24.427921052631582 0cd9414a_20240911_132606.data
210.0 350.0 17 24.427921052631582 0cd9414a_20240911_132630.data
230.0 350.0 17 24.322552631578947 0cd9414a_20240911_132654.data
250.0 350.0 17 24.427921052631582 0cd9414a_20240911_132718.data
270.0 350.0 17 24.427921052631582 0cd9414a_20240911_132742.data
290.0 350.0 17 24.427921052631582 0cd9414a_20240911_132806.data
290.0 370.0 17 24.427921052631582 0cd9414a_20240911_132830.data
270.0 370.0 17 24.322552631578947 0cd9414a_20240911_132854.data
250.0 370.0 17 24.427921052631582 0cd9414a_20240911_132918.data
230.0 370.0 17 24.427921052631582 0cd9414a_20240911_132942.data
210.0 370.0 17 24.427921052631582 0cd9414a_20240911_133006.data
190.0 370.0 17 24.427921052631582 0cd9414a_20240911_133030.data
170.0 370.0 17 24.427921052631582 0cd9414a_20240911_133054.data
150.0 370.0 17 24.427921052631582 0cd9414a_20240911_133118.data
130.0 370.0 17 24.427921052631582 0cd9414a_20240911_133142.data
110.0 370.0 17 24.427921052631582 0cd9414a_20240911_133206.data
90.0 370.0 17 24.427921052631582 0cd9414a_20240911_133230.data
70.0 370.0 17 24.427921052631582 0cd9414a_20240911_133254.data
50.0 370.0 17 24.427921052631582 0cd9414a_20240911_133318.data
30.0 370.0 17 24.427921052631582 0cd9414a_20240911_133342.data
10.0 370.0 17 24.427921052631582 0cd9414a_20240911_133406.data
10.0 390.0 17 24.322552631578947 0cd9414a_20240911_133430.data
30.0 390.0 17 24.532868421052633 0cd9414a_20240911_133454.data
50.0 390.0 17 24.427921052631582 0cd9414a_20240911_133518.data
70.0 390.0 17 24.427921052631582 0cd9414a_20240911_133542.data
90.0 390.0 17 24.427921052631582 0cd9414a_20240911_133606.data
110.0 390.0 17 24.427921052631582 0cd9414a_20240911_133630.data
130.0 390.0 17 24.322552631578947 0cd9414a_20240911_133654.data
150.0 390.0 17 24.427921052631582 0cd9414a_20240911_133718.data
170.0 390.0 17 24.427921052631582 0cd9414a_20240911_133742.data
190.0 390.0 17 24.427921052631582 0cd9414a_20240911_133806.data
210.0 390.0 17 24.427921052631582 0cd9414a_20240911_133830.data
230.0 390.0 17 24.427921052631582 0cd9414a_20240911_133854.data
250.0 390.0 17 24.427921052631582 0cd9414a_20240911_133918.data
270.0 390.0 17 24.322552631578947 0cd9414a_20240911_133942.data
290.0 390.0 17 24.427921052631582 0cd9414a_20240911_134006.data
290.0 410.0 17 24.427921052631582 0cd9414a_20240911_134030.data
270.0 410.0 17 24.427921052631582 0cd9414a_20240911_134054.data
250.0 410.0 17 24.427921052631582 0cd9414a_20240911_134118.data
230.0 410.0 17 24.427921052631582 0cd9414a_20240911_134142.data
210.0 410.0 17 24.427921052631582 0cd9414a_20240911_134206.data
190.0 410.0 17 24.427921052631582 0cd9414a_20240911_134230.data
170.0 410.0 17 24.427921052631582 0cd9414a_20240911_134254.data
150.0 410.0 17 24.427921052631582 0cd9414a_20240911_134318.data
130.0 410.0 17 24.427921052631582 0cd9414a_20240911_134342.data
110.0 410.0 17 24.427921052631582 0cd9414a_20240911_134406.data
90.0 410.0 17 24.427921052631582 0cd9414a_20240911_134430.data
70.0 410.0 17 24.427921052631582 0cd9414a_20240911_134454.data
50.0 410.0 17 24.427921052631582 0cd9414a_20240911_134518.data
30.0 410.0 17 24.427921052631582 0cd9414a_20240911_134542.data
10.0 410.0 17 24.427921052631582 0cd9414a_20240911_134606.data
10.0 430.0 17 24.637394736842104 0cd9414a_20240911_134630.data
30.0 430.0 17 24.322552631578947 0cd9414a_20240911_134655.data
50.0 430.0 17 24.427921052631582 0cd9414a_20240911_134718.data
70.0 430.0 17 24.427921052631582 0cd9414a_20240911_134743.data
90.0 430.0 17 24.427921052631582 0cd9414a_20240911_134807.data
110.0 430.0 17 24.427921052631582 0cd9414a_20240911_134831.data
130.0 430.0 17 24.532868421052633 0cd9414a_20240911_134855.data
150.0 430.0 17 24.427921052631582 0cd9414a_20240911_134919.data
170.0 430.0 17 24.427921052631582 0cd9414a_20240911_134943.data
190.0 430.0 17 24.322552631578947 0cd9414a_20240911_135007.data
210.0 430.0 17 24.427921052631582 0cd9414a_20240911_135031.data
230.0 430.0 17 24.427921052631582 0cd9414a_20240911_135055.data
250.0 430.0 17 24.427921052631582 0cd9414a_20240911_135119.data
270.0 430.0 17 24.427921052631582 0cd9414a_20240911_135143.data
290.0 430.0 17 24.427921052631582 0cd9414a_20240911_135207.data
290.0 450.0 17 24.427921052631582 0cd9414a_20240911_135231.data
270.0 450.0 17 24.427921052631582 0cd9414a_20240911_135255.data
250.0 450.0 17 24.427921052631582 0cd9414a_20240911_135319.data
230.0 450.0 17 24.427921052631582 0cd9414a_20240911_135343.data
210.0 450.0 17 24.427921052631582 0cd9414a_20240911_135407.data
190.0 450.0 17 24.427921052631582 0cd9414a_20240911_135431.data
170.0 450.0 17 24.427921052631582 0cd9414a_20240911_135455.data
150.0 450.0 17 24.427921052631582 0cd9414a_20240911_135519.data
130.0 450.0 17 24.427921052631582 0cd9414a_20240911_135543.data
110.0 450.0 17 24.427921052631582 0cd9414a_20240911_135607.data
90.0 450.0 17 24.427921052631582 0cd9414a_20240911_135631.data
70.0 450.0 17 24.427921052631582 0cd9414a_20240911_135655.data
50.0 450.0 17 24.427921052631582 0cd9414a_20240911_135719.data
30.0 450.0 17 24.427921052631582 0cd9414a_20240911_135743.data
10.0 450.0 17 24.532868421052633 0cd9414a_20240911_135807.data
10.0 470.0 17 24.427921052631582 0cd9414a_20240911_135831.data
30.0 470.0 17 24.427921052631582 0cd9414a_20240911_135855.data
50.0 470.0 17 24.427921052631582 0cd9414a_20240911_135919.data
70.0 470.0 17 24.427921052631582 0cd9414a_20240911_135943.data
90.0 470.0 17 24.427921052631582 0cd9414a_20240911_140007.data
110.0 470.0 17 24.427921052631582 0cd9414a_20240911_140031.data
130.0 470.0 17 24.427921052631582 0cd9414a_20240911_140055.data
150.0 470.0 17 24.427921052631582 0cd9414a_20240911_140119.data
170.0 470.0 17 24.427921052631582 0cd9414a_20240911_140143.data
190.0 470.0 17 24.427921052631582 0cd9414a_20240911_140207.data
210.0 470.0 17 24.532868421052633 0cd9414a_20240911_140231.data
230.0 470.0 17 24.427921052631582 0cd9414a_20240911_140255.data
250.0 470.0 17 24.427921052631582 0cd9414a_20240911_140319.data
270.0 470.0 17 24.427921052631582 0cd9414a_20240911_140343.data
290.0 470.0 17 24.532868421052633 0cd9414a_20240911_140407.data
