-1 -1 -1 26.240572687224667 0cd9414a_20240903_183040.data
10.0 10.0 17 26.356118942731285 0cd9414a_20240903_183120.data
30.0 10.0 17 26.356118942731285 0cd9414a_20240903_183144.data
50.0 10.0 17 26.240572687224667 0cd9414a_20240903_183208.data
70.0 10.0 17 26.356118942731285 0cd9414a_20240903_183232.data
90.0 10.0 17 26.356118942731285 0cd9414a_20240903_183256.data
110.0 10.0 17 26.124563876651983 0cd9414a_20240903_183320.data
130.0 10.0 17 26.356118942731285 0cd9414a_20240903_183344.data
150.0 10.0 17 26.471233480176213 0cd9414a_20240903_183408.data
170.0 10.0 17 26.356118942731285 0cd9414a_20240903_183432.data
190.0 10.0 17 26.240572687224667 0cd9414a_20240903_183456.data
210.0 10.0 17 26.124563876651983 0cd9414a_20240903_183520.data
230.0 10.0 17 26.471233480176213 0cd9414a_20240903_183544.data
250.0 10.0 17 26.356118942731285 0cd9414a_20240903_183608.data
270.0 10.0 17 26.356118942731285 0cd9414a_20240903_183632.data
290.0 10.0 17 26.356118942731285 0cd9414a_20240903_183656.data
290.0 30.0 17 26.471233480176213 0cd9414a_20240903_183720.data
270.0 30.0 17 26.124563876651983 0cd9414a_20240903_183744.data
250.0 30.0 17 26.124563876651983 0cd9414a_20240903_183808.data
230.0 30.0 17 26.471233480176213 0cd9414a_20240903_183832.data
210.0 30.0 17 26.124563876651983 0cd9414a_20240903_183856.data
190.0 30.0 17 26.356118942731285 0cd9414a_20240903_183920.data
170.0 30.0 17 26.240572687224667 0cd9414a_20240903_183944.data
150.0 30.0 17 26.471233480176213 0cd9414a_20240903_184008.data
130.0 30.0 17 26.356118942731285 0cd9414a_20240903_184032.data
110.0 30.0 17 26.008123348017623 0cd9414a_20240903_184056.data
90.0 30.0 17 26.356118942731285 0cd9414a_20240903_184120.data
70.0 30.0 17 26.356118942731285 0cd9414a_20240903_184144.data
50.0 30.0 17 26.471233480176213 0cd9414a_20240903_184208.data
30.0 30.0 17 26.471233480176213 0cd9414a_20240903_184232.data
10.0 30.0 17 26.356118942731285 0cd9414a_20240903_184256.data
10.0 50.0 17 26.356118942731285 0cd9414a_20240903_184320.data
30.0 50.0 17 26.471233480176213 0cd9414a_20240903_184344.data
50.0 50.0 17 26.471233480176213 0cd9414a_20240903_184408.data
70.0 50.0 17 26.356118942731285 0cd9414a_20240903_184432.data
90.0 50.0 17 26.008123348017623 0cd9414a_20240903_184456.data
110.0 50.0 17 26.471233480176213 0cd9414a_20240903_184520.data
130.0 50.0 17 26.356118942731285 0cd9414a_20240903_184544.data
150.0 50.0 17 26.124563876651983 0cd9414a_20240903_184608.data
170.0 50.0 17 26.008123348017623 0cd9414a_20240903_184632.data
190.0 50.0 17 26.356118942731285 0cd9414a_20240903_184656.data
210.0 50.0 17 26.471233480176213 0cd9414a_20240903_184720.data
230.0 50.0 17 26.356118942731285 0cd9414a_20240903_184744.data
250.0 50.0 17 26.124563876651983 0cd9414a_20240903_184808.data
270.0 50.0 17 26.356118942731285 0cd9414a_20240903_184832.data
290.0 50.0 17 26.124563876651983 0cd9414a_20240903_184856.data
290.0 70.0 17 26.471233480176213 0cd9414a_20240903_184920.data
270.0 70.0 17 26.356118942731285 0cd9414a_20240903_184944.data
250.0 70.0 17 26.124563876651983 0cd9414a_20240903_185008.data
230.0 70.0 17 26.124563876651983 0cd9414a_20240903_185032.data
210.0 70.0 17 26.356118942731285 0cd9414a_20240903_185056.data
190.0 70.0 17 26.240572687224667 0cd9414a_20240903_185120.data
170.0 70.0 17 26.356118942731285 0cd9414a_20240903_185144.data
150.0 70.0 17 26.356118942731285 0cd9414a_20240903_185208.data
130.0 70.0 17 26.124563876651983 0cd9414a_20240903_185232.data
110.0 70.0 17 26.356118942731285 0cd9414a_20240903_185256.data
90.0 70.0 17 26.356118942731285 0cd9414a_20240903_185320.data
70.0 70.0 17 26.124563876651983 0cd9414a_20240903_185344.data
50.0 70.0 17 26.356118942731285 0cd9414a_20240903_185408.data
30.0 70.0 17 26.356118942731285 0cd9414a_20240903_185432.data
10.0 70.0 17 26.240572687224667 0cd9414a_20240903_185456.data
10.0 90.0 17 26.240572687224667 0cd9414a_20240903_185520.data
30.0 90.0 17 26.240572687224667 0cd9414a_20240903_185544.data
50.0 90.0 17 26.240572687224667 0cd9414a_20240903_185608.data
70.0 90.0 17 26.356118942731285 0cd9414a_20240903_185632.data
90.0 90.0 17 26.356118942731285 0cd9414a_20240903_185656.data
110.0 90.0 17 26.356118942731285 0cd9414a_20240903_185720.data
130.0 90.0 17 26.124563876651983 0cd9414a_20240903_185744.data
150.0 90.0 17 26.356118942731285 0cd9414a_20240903_185808.data
170.0 90.0 17 26.356118942731285 0cd9414a_20240903_185832.data
190.0 90.0 17 26.124563876651983 0cd9414a_20240903_185856.data
210.0 90.0 17 26.240572687224667 0cd9414a_20240903_185920.data
230.0 90.0 17 26.356118942731285 0cd9414a_20240903_185944.data
250.0 90.0 17 26.356118942731285 0cd9414a_20240903_190008.data
270.0 90.0 17 26.240572687224667 0cd9414a_20240903_190032.data
290.0 90.0 17 26.356118942731285 0cd9414a_20240903_190056.data
290.0 110.0 17 26.356118942731285 0cd9414a_20240903_190120.data
270.0 110.0 17 26.471233480176213 0cd9414a_20240903_190144.data
250.0 110.0 17 26.124563876651983 0cd9414a_20240903_190208.data
230.0 110.0 17 26.240572687224667 0cd9414a_20240903_190232.data
210.0 110.0 17 26.356118942731285 0cd9414a_20240903_190256.data
190.0 110.0 17 26.356118942731285 0cd9414a_20240903_190320.data
170.0 110.0 17 26.240572687224667 0cd9414a_20240903_190344.data
150.0 110.0 17 26.356118942731285 0cd9414a_20240903_190408.data
130.0 110.0 17 26.356118942731285 0cd9414a_20240903_190432.data
110.0 110.0 17 26.124563876651983 0cd9414a_20240903_190457.data
90.0 110.0 17 26.356118942731285 0cd9414a_20240903_190521.data
70.0 110.0 17 26.356118942731285 0cd9414a_20240903_190545.data
50.0 110.0 17 26.124563876651983 0cd9414a_20240903_190609.data
30.0 110.0 17 26.356118942731285 0cd9414a_20240903_190633.data
10.0 110.0 17 26.471233480176213 0cd9414a_20240903_190657.data
10.0 130.0 17 26.124563876651983 0cd9414a_20240903_190721.data
30.0 130.0 17 26.356118942731285 0cd9414a_20240903_190745.data
50.0 130.0 17 26.124563876651983 0cd9414a_20240903_190809.data
70.0 130.0 17 26.124563876651983 0cd9414a_20240903_190833.data
90.0 130.0 17 26.240572687224667 0cd9414a_20240903_190857.data
110.0 130.0 17 26.124563876651983 0cd9414a_20240903_190921.data
130.0 130.0 17 26.240572687224667 0cd9414a_20240903_190945.data
150.0 130.0 17 26.124563876651983 0cd9414a_20240903_191009.data
170.0 130.0 17 26.356118942731285 0cd9414a_20240903_191033.data
190.0 130.0 17 26.356118942731285 0cd9414a_20240903_191057.data
210.0 130.0 17 26.356118942731285 0cd9414a_20240903_191121.data
230.0 130.0 17 26.124563876651983 0cd9414a_20240903_191145.data
250.0 130.0 17 26.356118942731285 0cd9414a_20240903_191209.data
270.0 130.0 17 26.356118942731285 0cd9414a_20240903_191233.data
290.0 130.0 17 26.240572687224667 0cd9414a_20240903_191257.data
290.0 150.0 17 26.471233480176213 0cd9414a_20240903_191321.data
270.0 150.0 17 26.356118942731285 0cd9414a_20240903_191345.data
250.0 150.0 17 26.356118942731285 0cd9414a_20240903_191409.data
230.0 150.0 17 26.356118942731285 0cd9414a_20240903_191433.data
210.0 150.0 17 26.356118942731285 0cd9414a_20240903_191457.data
190.0 150.0 17 26.240572687224667 0cd9414a_20240903_191521.data
170.0 150.0 17 26.356118942731285 0cd9414a_20240903_191545.data
150.0 150.0 17 26.356118942731285 0cd9414a_20240903_191609.data
130.0 150.0 17 26.356118942731285 0cd9414a_20240903_191633.data
110.0 150.0 17 26.356118942731285 0cd9414a_20240903_191657.data
90.0 150.0 17 26.356118942731285 0cd9414a_20240903_191721.data
70.0 150.0 17 26.356118942731285 0cd9414a_20240903_191745.data
50.0 150.0 17 26.356118942731285 0cd9414a_20240903_191809.data
30.0 150.0 17 26.356118942731285 0cd9414a_20240903_191833.data
10.0 150.0 17 26.008123348017623 0cd9414a_20240903_191857.data
10.0 170.0 17 26.471233480176213 0cd9414a_20240903_191921.data
30.0 170.0 17 26.124563876651983 0cd9414a_20240903_191945.data
50.0 170.0 17 26.356118942731285 0cd9414a_20240903_192009.data
70.0 170.0 17 26.356118942731285 0cd9414a_20240903_192033.data
90.0 170.0 17 26.356118942731285 0cd9414a_20240903_192057.data
110.0 170.0 17 26.240572687224667 0cd9414a_20240903_192121.data
130.0 170.0 17 26.124563876651983 0cd9414a_20240903_192145.data
150.0 170.0 17 26.124563876651983 0cd9414a_20240903_192209.data
170.0 170.0 17 26.356118942731285 0cd9414a_20240903_192233.data
190.0 170.0 17 26.124563876651983 0cd9414a_20240903_192257.data
210.0 170.0 17 26.124563876651983 0cd9414a_20240903_192321.data
230.0 170.0 17 26.124563876651983 0cd9414a_20240903_192345.data
250.0 170.0 17 26.356118942731285 0cd9414a_20240903_192409.data
270.0 170.0 17 26.240572687224667 0cd9414a_20240903_192433.data
290.0 170.0 17 26.356118942731285 0cd9414a_20240903_192457.data
290.0 190.0 17 26.124563876651983 0cd9414a_20240903_192521.data
270.0 190.0 17 26.356118942731285 0cd9414a_20240903_192545.data
250.0 190.0 17 26.356118942731285 0cd9414a_20240903_192609.data
230.0 190.0 17 26.240572687224667 0cd9414a_20240903_192633.data
210.0 190.0 17 26.240572687224667 0cd9414a_20240903_192657.data
190.0 190.0 17 26.356118942731285 0cd9414a_20240903_192721.data
170.0 190.0 17 26.356118942731285 0cd9414a_20240903_192745.data
150.0 190.0 17 26.124563876651983 0cd9414a_20240903_192809.data
130.0 190.0 17 26.356118942731285 0cd9414a_20240903_192833.data
110.0 190.0 17 26.356118942731285 0cd9414a_20240903_192857.data
90.0 190.0 17 26.008123348017623 0cd9414a_20240903_192921.data
70.0 190.0 17 26.240572687224667 0cd9414a_20240903_192945.data
50.0 190.0 17 26.471233480176213 0cd9414a_20240903_193009.data
30.0 190.0 17 26.356118942731285 0cd9414a_20240903_193033.data
10.0 190.0 17 26.356118942731285 0cd9414a_20240903_193057.data
10.0 210.0 17 26.356118942731285 0cd9414a_20240903_193121.data
30.0 210.0 17 26.356118942731285 0cd9414a_20240903_193145.data
50.0 210.0 17 26.124563876651983 0cd9414a_20240903_193209.data
70.0 210.0 17 26.356118942731285 0cd9414a_20240903_193233.data
90.0 210.0 17 26.240572687224667 0cd9414a_20240903_193257.data
110.0 210.0 17 26.356118942731285 0cd9414a_20240903_193321.data
130.0 210.0 17 26.356118942731285 0cd9414a_20240903_193345.data
150.0 210.0 17 26.124563876651983 0cd9414a_20240903_193409.data
170.0 210.0 17 26.240572687224667 0cd9414a_20240903_193433.data
190.0 210.0 17 26.008123348017623 0cd9414a_20240903_193457.data
210.0 210.0 17 26.356118942731285 0cd9414a_20240903_193521.data
230.0 210.0 17 26.471233480176213 0cd9414a_20240903_193545.data
250.0 210.0 17 26.240572687224667 0cd9414a_20240903_193609.data
270.0 210.0 17 26.124563876651983 0cd9414a_20240903_193633.data
290.0 210.0 17 26.356118942731285 0cd9414a_20240903_193657.data
290.0 230.0 17 26.356118942731285 0cd9414a_20240903_193721.data
270.0 230.0 17 26.356118942731285 0cd9414a_20240903_193745.data
250.0 230.0 17 26.356118942731285 0cd9414a_20240903_193809.data
230.0 230.0 17 26.124563876651983 0cd9414a_20240903_193834.data
210.0 230.0 17 26.356118942731285 0cd9414a_20240903_193858.data
190.0 230.0 17 26.240572687224667 0cd9414a_20240903_193922.data
170.0 230.0 17 26.124563876651983 0cd9414a_20240903_193946.data
150.0 230.0 17 26.240572687224667 0cd9414a_20240903_194010.data
130.0 230.0 17 26.471233480176213 0cd9414a_20240903_194034.data
110.0 230.0 17 26.124563876651983 0cd9414a_20240903_194058.data
90.0 230.0 17 26.356118942731285 0cd9414a_20240903_194122.data
70.0 230.0 17 26.240572687224667 0cd9414a_20240903_194146.data
50.0 230.0 17 26.471233480176213 0cd9414a_20240903_194210.data
30.0 230.0 17 26.240572687224667 0cd9414a_20240903_194234.data
10.0 230.0 17 26.356118942731285 0cd9414a_20240903_194258.data
10.0 250.0 17 26.240572687224667 0cd9414a_20240903_194322.data
30.0 250.0 17 26.356118942731285 0cd9414a_20240903_194346.data
50.0 250.0 17 26.471233480176213 0cd9414a_20240903_194410.data
70.0 250.0 17 26.471233480176213 0cd9414a_20240903_194434.data
90.0 250.0 17 26.356118942731285 0cd9414a_20240903_194458.data
110.0 250.0 17 26.356118942731285 0cd9414a_20240903_194522.data
130.0 250.0 17 26.356118942731285 0cd9414a_20240903_194546.data
150.0 250.0 17 26.471233480176213 0cd9414a_20240903_194610.data
170.0 250.0 17 26.356118942731285 0cd9414a_20240903_194634.data
190.0 250.0 17 26.240572687224667 0cd9414a_20240903_194658.data
210.0 250.0 17 26.240572687224667 0cd9414a_20240903_194722.data
230.0 250.0 17 26.240572687224667 0cd9414a_20240903_194746.data
250.0 250.0 17 26.356118942731285 0cd9414a_20240903_194810.data
270.0 250.0 17 26.124563876651983 0cd9414a_20240903_194834.data
290.0 250.0 17 26.124563876651983 0cd9414a_20240903_194858.data
290.0 270.0 17 26.356118942731285 0cd9414a_20240903_194922.data
270.0 270.0 17 26.124563876651983 0cd9414a_20240903_194946.data
250.0 270.0 17 26.356118942731285 0cd9414a_20240903_195010.data
230.0 270.0 17 26.008123348017623 0cd9414a_20240903_195034.data
210.0 270.0 17 26.008123348017623 0cd9414a_20240903_195058.data
190.0 270.0 17 26.124563876651983 0cd9414a_20240903_195122.data
170.0 270.0 17 26.124563876651983 0cd9414a_20240903_195146.data
150.0 270.0 17 26.124563876651983 0cd9414a_20240903_195210.data
130.0 270.0 17 26.124563876651983 0cd9414a_20240903_195234.data
110.0 270.0 17 26.124563876651983 0cd9414a_20240903_195258.data
90.0 270.0 17 26.124563876651983 0cd9414a_20240903_195322.data
70.0 270.0 17 26.124563876651983 0cd9414a_20240903_195346.data
50.0 270.0 17 26.124563876651983 0cd9414a_20240903_195410.data
30.0 270.0 17 26.124563876651983 0cd9414a_20240903_195434.data
10.0 270.0 17 26.124563876651983 0cd9414a_20240903_195458.data
10.0 290.0 17 26.008123348017623 0cd9414a_20240903_195522.data
30.0 290.0 17 26.124563876651983 0cd9414a_20240903_195546.data
50.0 290.0 17 26.124563876651983 0cd9414a_20240903_195610.data
70.0 290.0 17 26.124563876651983 0cd9414a_20240903_195634.data
90.0 290.0 17 26.008123348017623 0cd9414a_20240903_195658.data
110.0 290.0 17 26.008123348017623 0cd9414a_20240903_195722.data
130.0 290.0 17 26.124563876651983 0cd9414a_20240903_195746.data
150.0 290.0 17 26.124563876651983 0cd9414a_20240903_195810.data
170.0 290.0 17 26.124563876651983 0cd9414a_20240903_195834.data
190.0 290.0 17 26.124563876651983 0cd9414a_20240903_195858.data
210.0 290.0 17 26.124563876651983 0cd9414a_20240903_195922.data
230.0 290.0 17 26.124563876651983 0cd9414a_20240903_195946.data
250.0 290.0 17 26.008123348017623 0cd9414a_20240903_200010.data
270.0 290.0 17 26.124563876651983 0cd9414a_20240903_200034.data
290.0 290.0 17 26.124563876651983 0cd9414a_20240903_200058.data
290.0 310.0 17 26.124563876651983 0cd9414a_20240903_200122.data
270.0 310.0 17 26.124563876651983 0cd9414a_20240903_200146.data
250.0 310.0 17 26.124563876651983 0cd9414a_20240903_200210.data
230.0 310.0 17 26.124563876651983 0cd9414a_20240903_200234.data
210.0 310.0 17 26.356118942731285 0cd9414a_20240903_200258.data
190.0 310.0 17 26.124563876651983 0cd9414a_20240903_200322.data
170.0 310.0 17 -1 0cd9414a_20240903_200346.data
150.0 310.0 17 26.124563876651983 0cd9414a_20240903_200410.data
130.0 310.0 17 26.124563876651983 0cd9414a_20240903_200434.data
110.0 310.0 17 -1 0cd9414a_20240903_200458.data
90.0 310.0 17 26.124563876651983 0cd9414a_20240903_200522.data
70.0 310.0 17 26.124563876651983 0cd9414a_20240903_200546.data
50.0 310.0 17 26.124563876651983 0cd9414a_20240903_200610.data
30.0 310.0 17 26.124563876651983 0cd9414a_20240903_200634.data
10.0 310.0 17 26.124563876651983 0cd9414a_20240903_200658.data
10.0 330.0 17 26.124563876651983 0cd9414a_20240903_200722.data
30.0 330.0 17 -1 0cd9414a_20240903_200746.data
50.0 330.0 17 26.124563876651983 0cd9414a_20240903_200810.data
70.0 330.0 17 26.124563876651983 0cd9414a_20240903_200834.data
90.0 330.0 17 26.124563876651983 0cd9414a_20240903_200858.data
110.0 330.0 17 26.125550660792953 0cd9414a_20240903_200922.data
130.0 330.0 17 26.240572687224667 0cd9414a_20240903_200946.data
150.0 330.0 17 26.124563876651983 0cd9414a_20240903_201011.data
170.0 330.0 17 26.240572687224667 0cd9414a_20240903_201035.data
190.0 330.0 17 26.240572687224667 0cd9414a_20240903_201059.data
210.0 330.0 17 26.124563876651983 0cd9414a_20240903_201123.data
230.0 330.0 17 26.124563876651983 0cd9414a_20240903_201147.data
250.0 330.0 17 26.240572687224667 0cd9414a_20240903_201211.data
270.0 330.0 17 26.240572687224667 0cd9414a_20240903_201235.data
290.0 330.0 17 26.124563876651983 0cd9414a_20240903_201259.data
10.0 350.0 17 26.124563876651983 0cd9414a_20240904_084501.data
30.0 350.0 17 26.124563876651983 0cd9414a_20240904_084525.data
50.0 350.0 17 26.471233480176213 0cd9414a_20240904_084549.data
70.0 350.0 17 26.240572687224667 0cd9414a_20240904_084613.data
90.0 350.0 17 26.240572687224667 0cd9414a_20240904_084637.data
110.0 350.0 17 26.240572687224667 0cd9414a_20240904_084701.data
130.0 350.0 17 26.356118942731285 0cd9414a_20240904_084725.data
150.0 350.0 17 26.240572687224667 0cd9414a_20240904_084749.data
170.0 350.0 17 26.240572687224667 0cd9414a_20240904_084813.data
190.0 350.0 17 26.240572687224667 0cd9414a_20240904_084837.data
210.0 350.0 17 26.240572687224667 0cd9414a_20240904_084901.data
230.0 350.0 17 26.240572687224667 0cd9414a_20240904_084925.data
250.0 350.0 17 26.240572687224667 0cd9414a_20240904_084949.data
270.0 350.0 17 26.124563876651983 0cd9414a_20240904_085013.data
290.0 350.0 17 26.240572687224667 0cd9414a_20240904_085037.data
290.0 370.0 17 26.124563876651983 0cd9414a_20240904_085101.data
270.0 370.0 17 26.240572687224667 0cd9414a_20240904_085125.data
250.0 370.0 17 26.240572687224667 0cd9414a_20240904_085149.data
230.0 370.0 17 26.240572687224667 0cd9414a_20240904_085213.data
210.0 370.0 17 26.240572687224667 0cd9414a_20240904_085237.data
190.0 370.0 17 26.240572687224667 0cd9414a_20240904_085301.data
170.0 370.0 17 26.240572687224667 0cd9414a_20240904_085325.data
150.0 370.0 17 26.124563876651983 0cd9414a_20240904_085349.data
130.0 370.0 17 26.124563876651983 0cd9414a_20240904_085413.data
110.0 370.0 17 26.240572687224667 0cd9414a_20240904_085437.data
90.0 370.0 17 26.240572687224667 0cd9414a_20240904_085502.data
70.0 370.0 17 26.240572687224667 0cd9414a_20240904_085526.data
50.0 370.0 17 26.240572687224667 0cd9414a_20240904_085549.data
30.0 370.0 17 26.240572687224667 0cd9414a_20240904_085614.data
10.0 370.0 17 26.240572687224667 0cd9414a_20240904_085638.data
10.0 390.0 17 26.240572687224667 0cd9414a_20240904_085702.data
30.0 390.0 17 26.124563876651983 0cd9414a_20240904_085726.data
50.0 390.0 17 26.240572687224667 0cd9414a_20240904_085750.data
70.0 390.0 17 26.124563876651983 0cd9414a_20240904_085814.data
90.0 390.0 17 26.240572687224667 0cd9414a_20240904_085838.data
110.0 390.0 17 26.124563876651983 0cd9414a_20240904_085902.data
130.0 390.0 17 26.240572687224667 0cd9414a_20240904_085926.data
150.0 390.0 17 26.240572687224667 0cd9414a_20240904_085950.data
170.0 390.0 17 26.240572687224667 0cd9414a_20240904_090014.data
190.0 390.0 17 26.240572687224667 0cd9414a_20240904_090038.data
210.0 390.0 17 26.240572687224667 0cd9414a_20240904_090102.data
230.0 390.0 17 26.240572687224667 0cd9414a_20240904_090126.data
250.0 390.0 17 26.240572687224667 0cd9414a_20240904_090150.data
270.0 390.0 17 26.240572687224667 0cd9414a_20240904_090214.data
290.0 390.0 17 26.240572687224667 0cd9414a_20240904_090238.data
290.0 410.0 17 26.240572687224667 0cd9414a_20240904_090302.data
270.0 410.0 17 26.240572687224667 0cd9414a_20240904_090326.data
250.0 410.0 17 26.240572687224667 0cd9414a_20240904_090350.data
230.0 410.0 17 26.008123348017623 0cd9414a_20240904_090414.data
210.0 410.0 17 26.240572687224667 0cd9414a_20240904_090438.data
190.0 410.0 17 26.240572687224667 0cd9414a_20240904_090502.data
170.0 410.0 17 26.240572687224667 0cd9414a_20240904_090526.data
150.0 410.0 17 26.240572687224667 0cd9414a_20240904_090550.data
130.0 410.0 17 26.240572687224667 0cd9414a_20240904_090614.data
110.0 410.0 17 26.240572687224667 0cd9414a_20240904_090638.data
90.0 410.0 17 26.240572687224667 0cd9414a_20240904_090702.data
70.0 410.0 17 26.240572687224667 0cd9414a_20240904_090726.data
50.0 410.0 17 26.240572687224667 0cd9414a_20240904_090750.data
30.0 410.0 17 26.124563876651983 0cd9414a_20240904_090814.data
10.0 410.0 17 26.240572687224667 0cd9414a_20240904_090838.data
10.0 430.0 17 26.240572687224667 0cd9414a_20240904_090902.data
30.0 430.0 17 26.240572687224667 0cd9414a_20240904_090926.data
50.0 430.0 17 26.240572687224667 0cd9414a_20240904_090950.data
70.0 430.0 17 26.240572687224667 0cd9414a_20240904_091014.data
90.0 430.0 17 26.240572687224667 0cd9414a_20240904_091038.data
110.0 430.0 17 26.240572687224667 0cd9414a_20240904_091102.data
130.0 430.0 17 26.240572687224667 0cd9414a_20240904_091126.data
150.0 430.0 17 26.240572687224667 0cd9414a_20240904_091150.data
170.0 430.0 17 26.240572687224667 0cd9414a_20240904_091214.data
190.0 430.0 17 26.240572687224667 0cd9414a_20240904_091238.data
210.0 430.0 17 26.240572687224667 0cd9414a_20240904_091302.data
230.0 430.0 17 26.240572687224667 0cd9414a_20240904_091326.data
250.0 430.0 17 26.240572687224667 0cd9414a_20240904_091350.data
270.0 430.0 17 26.240572687224667 0cd9414a_20240904_091414.data
290.0 430.0 17 26.471233480176213 0cd9414a_20240904_091438.data
290.0 450.0 17 26.240572687224667 0cd9414a_20240904_091502.data
270.0 450.0 17 26.240572687224667 0cd9414a_20240904_091526.data
250.0 450.0 17 26.240572687224667 0cd9414a_20240904_091550.data
230.0 450.0 17 26.471233480176213 0cd9414a_20240904_091614.data
210.0 450.0 17 26.356118942731285 0cd9414a_20240904_091638.data
190.0 450.0 17 26.471233480176213 0cd9414a_20240904_091702.data
170.0 450.0 17 26.240572687224667 0cd9414a_20240904_091726.data
150.0 450.0 17 26.124563876651983 0cd9414a_20240904_091750.data
130.0 450.0 17 26.240572687224667 0cd9414a_20240904_091814.data
110.0 450.0 17 26.124563876651983 0cd9414a_20240904_091838.data
90.0 450.0 17 26.356118942731285 0cd9414a_20240904_091902.data
70.0 450.0 17 26.124563876651983 0cd9414a_20240904_091926.data
50.0 450.0 17 26.240572687224667 0cd9414a_20240904_091950.data
30.0 450.0 17 26.240572687224667 0cd9414a_20240904_092014.data
10.0 450.0 17 26.240572687224667 0cd9414a_20240904_092038.data
10.0 470.0 17 26.124563876651983 0cd9414a_20240904_092102.data
30.0 470.0 17 26.240572687224667 0cd9414a_20240904_092126.data
50.0 470.0 17 26.240572687224667 0cd9414a_20240904_092150.data
70.0 470.0 17 26.240572687224667 0cd9414a_20240904_092214.data
90.0 470.0 17 26.240572687224667 0cd9414a_20240904_092238.data
110.0 470.0 17 26.240572687224667 0cd9414a_20240904_092302.data
130.0 470.0 17 26.124563876651983 0cd9414a_20240904_092326.data
150.0 470.0 17 26.240572687224667 0cd9414a_20240904_092350.data
170.0 470.0 17 26.240572687224667 0cd9414a_20240904_092414.data
190.0 470.0 17 26.240572687224667 0cd9414a_20240904_092438.data
210.0 470.0 17 26.240572687224667 0cd9414a_20240904_092502.data
230.0 470.0 17 26.240572687224667 0cd9414a_20240904_092526.data
250.0 470.0 17 26.240572687224667 0cd9414a_20240904_092550.data
270.0 470.0 17 26.240572687224667 0cd9414a_20240904_092614.data
290.0 470.0 17 26.240572687224667 0cd9414a_20240904_092638.data
