-1 -1 -1 23.8 0cd913fa_20240704_101007.data
10.0 10.0 17 23.8 0cd913fa_20240704_101044.data
30.0 10.0 17 23.6975 0cd913fa_20240704_101108.data
50.0 10.0 17 23.6975 0cd913fa_20240704_101132.data
70.0 10.0 17 23.8 0cd913fa_20240704_101156.data
90.0 10.0 17 23.8 0cd913fa_20240704_101220.data
110.0 10.0 17 23.6975 0cd913fa_20240704_101244.data
130.0 10.0 17 23.6975 0cd913fa_20240704_101308.data
150.0 10.0 17 23.594575 0cd913fa_20240704_101332.data
170.0 10.0 17 23.6975 0cd913fa_20240704_101356.data
190.0 10.0 17 23.8 0cd913fa_20240704_101420.data
210.0 10.0 17 23.8 0cd913fa_20240704_101445.data
230.0 10.0 17 23.6975 0cd913fa_20240704_101509.data
250.0 10.0 17 23.6975 0cd913fa_20240704_101533.data
270.0 10.0 17 23.6975 0cd913fa_20240704_101557.data
290.0 10.0 17 23.6975 0cd913fa_20240704_101621.data
290.0 30.0 17 23.8 0cd913fa_20240704_101645.data
270.0 30.0 17 23.8 0cd913fa_20240704_101709.data
250.0 30.0 17 23.8 0cd913fa_20240704_101733.data
230.0 30.0 17 23.8 0cd913fa_20240704_101757.data
210.0 30.0 17 23.6975 0cd913fa_20240704_101821.data
190.0 30.0 17 23.8 0cd913fa_20240704_101845.data
170.0 30.0 17 23.6975 0cd913fa_20240704_101909.data
150.0 30.0 17 23.6975 0cd913fa_20240704_101933.data
130.0 30.0 17 23.8 0cd913fa_20240704_101957.data
110.0 30.0 17 23.6975 0cd913fa_20240704_102021.data
90.0 30.0 17 23.8 0cd913fa_20240704_102045.data
70.0 30.0 17 23.8 0cd913fa_20240704_102109.data
50.0 30.0 17 23.6975 0cd913fa_20240704_102133.data
30.0 30.0 17 23.6975 0cd913fa_20240704_102157.data
10.0 30.0 17 23.6975 0cd913fa_20240704_102221.data
10.0 50.0 17 23.6975 0cd913fa_20240704_102245.data
30.0 50.0 17 23.6975 0cd913fa_20240704_102309.data
50.0 50.0 17 23.6975 0cd913fa_20240704_102333.data
70.0 50.0 17 23.6975 0cd913fa_20240704_102357.data
90.0 50.0 17 23.6975 0cd913fa_20240704_102421.data
110.0 50.0 17 23.6975 0cd913fa_20240704_102445.data
130.0 50.0 17 23.6975 0cd913fa_20240704_102509.data
150.0 50.0 17 23.8 0cd913fa_20240704_102533.data
170.0 50.0 17 23.6975 0cd913fa_20240704_102557.data
190.0 50.0 17 23.6975 0cd913fa_20240704_102621.data
210.0 50.0 17 23.6975 0cd913fa_20240704_102645.data
230.0 50.0 17 23.8 0cd913fa_20240704_102709.data
250.0 50.0 17 23.594575 0cd913fa_20240704_102733.data
270.0 50.0 17 23.6975 0cd913fa_20240704_102757.data
290.0 50.0 17 23.8 0cd913fa_20240704_102821.data
290.0 70.0 17 23.6975 0cd913fa_20240704_102845.data
270.0 70.0 17 23.6975 0cd913fa_20240704_102909.data
250.0 70.0 17 23.8 0cd913fa_20240704_102933.data
230.0 70.0 17 23.6975 0cd913fa_20240704_102957.data
210.0 70.0 17 23.902100000000004 0cd913fa_20240704_103021.data
190.0 70.0 17 23.594575 0cd913fa_20240704_103045.data
170.0 70.0 17 23.6975 0cd913fa_20240704_103109.data
150.0 70.0 17 23.6975 0cd913fa_20240704_103133.data
130.0 70.0 17 23.6975 0cd913fa_20240704_103157.data
110.0 70.0 17 23.6975 0cd913fa_20240704_103221.data
90.0 70.0 17 23.6975 0cd913fa_20240704_103245.data
70.0 70.0 17 23.6975 0cd913fa_20240704_103309.data
50.0 70.0 17 23.6975 0cd913fa_20240704_103333.data
30.0 70.0 17 23.6975 0cd913fa_20240704_103357.data
10.0 70.0 17 23.6975 0cd913fa_20240704_103421.data
10.0 90.0 17 23.8 0cd913fa_20240704_103445.data
30.0 90.0 17 23.8 0cd913fa_20240704_103509.data
50.0 90.0 17 23.8 0cd913fa_20240704_103533.data
70.0 90.0 17 23.6975 0cd913fa_20240704_103557.data
90.0 90.0 17 23.6975 0cd913fa_20240704_103621.data
110.0 90.0 17 23.8 0cd913fa_20240704_103645.data
130.0 90.0 17 23.8 0cd913fa_20240704_103709.data
150.0 90.0 17 23.8 0cd913fa_20240704_103733.data
170.0 90.0 17 23.6975 0cd913fa_20240704_103757.data
190.0 90.0 17 23.6975 0cd913fa_20240704_103821.data
210.0 90.0 17 23.8 0cd913fa_20240704_103845.data
230.0 90.0 17 23.6975 0cd913fa_20240704_103909.data
250.0 90.0 17 23.6975 0cd913fa_20240704_103933.data
270.0 90.0 17 23.8 0cd913fa_20240704_103957.data
290.0 90.0 17 23.6975 0cd913fa_20240704_104021.data
290.0 110.0 17 23.8 0cd913fa_20240704_104045.data
270.0 110.0 17 23.6975 0cd913fa_20240704_104109.data
250.0 110.0 17 23.6975 0cd913fa_20240704_104133.data
230.0 110.0 17 23.8 0cd913fa_20240704_104157.data
210.0 110.0 17 23.6975 0cd913fa_20240704_104221.data
190.0 110.0 17 23.6975 0cd913fa_20240704_104245.data
170.0 110.0 17 23.49125 0cd913fa_20240704_104309.data
150.0 110.0 17 23.8 0cd913fa_20240704_104333.data
130.0 110.0 17 23.6975 0cd913fa_20240704_104357.data
110.0 110.0 17 23.8 0cd913fa_20240704_104421.data
90.0 110.0 17 23.6975 0cd913fa_20240704_104445.data
70.0 110.0 17 23.594575 0cd913fa_20240704_104509.data
50.0 110.0 17 23.6975 0cd913fa_20240704_104533.data
30.0 110.0 17 23.8 0cd913fa_20240704_104557.data
10.0 110.0 17 23.6975 0cd913fa_20240704_104622.data
10.0 130.0 17 23.6975 0cd913fa_20240704_104646.data
30.0 130.0 17 23.8 0cd913fa_20240704_104709.data
50.0 130.0 17 23.6975 0cd913fa_20240704_104734.data
70.0 130.0 17 23.6975 0cd913fa_20240704_104758.data
90.0 130.0 17 23.594575 0cd913fa_20240704_104822.data
110.0 130.0 17 23.902100000000004 0cd913fa_20240704_104846.data
130.0 130.0 17 23.8 0cd913fa_20240704_104910.data
150.0 130.0 17 23.8 0cd913fa_20240704_104934.data
170.0 130.0 17 23.6975 0cd913fa_20240704_104958.data
190.0 130.0 17 23.6975 0cd913fa_20240704_105022.data
210.0 130.0 17 23.6975 0cd913fa_20240704_105046.data
230.0 130.0 17 23.6975 0cd913fa_20240704_105110.data
250.0 130.0 17 23.6975 0cd913fa_20240704_105134.data
270.0 130.0 17 23.8 0cd913fa_20240704_105158.data
290.0 130.0 17 23.6975 0cd913fa_20240704_105222.data
290.0 150.0 17 23.6975 0cd913fa_20240704_105246.data
270.0 150.0 17 23.8 0cd913fa_20240704_105310.data
250.0 150.0 17 23.6975 0cd913fa_20240704_105334.data
230.0 150.0 17 23.6975 0cd913fa_20240704_105358.data
210.0 150.0 17 23.6975 0cd913fa_20240704_105422.data
190.0 150.0 17 23.8 0cd913fa_20240704_105446.data
170.0 150.0 17 23.8 0cd913fa_20240704_105510.data
150.0 150.0 17 23.8 0cd913fa_20240704_105534.data
130.0 150.0 17 23.8 0cd913fa_20240704_105558.data
110.0 150.0 17 23.8 0cd913fa_20240704_105622.data
90.0 150.0 17 23.8 0cd913fa_20240704_105646.data
70.0 150.0 17 23.902100000000004 0cd913fa_20240704_105710.data
50.0 150.0 17 23.8 0cd913fa_20240704_105734.data
30.0 150.0 17 23.6975 0cd913fa_20240704_105758.data
10.0 150.0 17 23.49125 0cd913fa_20240704_105822.data
10.0 170.0 17 23.6975 0cd913fa_20240704_105846.data
30.0 170.0 17 23.8 0cd913fa_20240704_105910.data
50.0 170.0 17 23.8 0cd913fa_20240704_105934.data
70.0 170.0 17 23.8 0cd913fa_20240704_105958.data
90.0 170.0 17 23.6975 0cd913fa_20240704_110022.data
110.0 170.0 17 23.6975 0cd913fa_20240704_110046.data
130.0 170.0 17 23.6975 0cd913fa_20240704_110110.data
150.0 170.0 17 23.8 0cd913fa_20240704_110134.data
170.0 170.0 17 23.6975 0cd913fa_20240704_110158.data
190.0 170.0 17 23.8 0cd913fa_20240704_110222.data
210.0 170.0 17 23.6975 0cd913fa_20240704_110246.data
230.0 170.0 17 23.8 0cd913fa_20240704_110310.data
250.0 170.0 17 23.8 0cd913fa_20240704_110334.data
270.0 170.0 17 23.8 0cd913fa_20240704_110358.data
290.0 170.0 17 23.6975 0cd913fa_20240704_110422.data
290.0 190.0 17 23.8 0cd913fa_20240704_110446.data
270.0 190.0 17 23.8 0cd913fa_20240704_110510.data
250.0 190.0 17 23.8 0cd913fa_20240704_110534.data
230.0 190.0 17 23.8 0cd913fa_20240704_110558.data
210.0 190.0 17 23.8 0cd913fa_20240704_110622.data
190.0 190.0 17 23.8 0cd913fa_20240704_110646.data
170.0 190.0 17 23.6975 0cd913fa_20240704_110710.data
150.0 190.0 17 23.902100000000004 0cd913fa_20240704_110734.data
130.0 190.0 17 23.8 0cd913fa_20240704_110758.data
110.0 190.0 17 23.8 0cd913fa_20240704_110822.data
90.0 190.0 17 23.8 0cd913fa_20240704_110846.data
70.0 190.0 17 23.8 0cd913fa_20240704_110910.data
50.0 190.0 17 23.8 0cd913fa_20240704_110934.data
30.0 190.0 17 23.6975 0cd913fa_20240704_110958.data
10.0 190.0 17 23.8 0cd913fa_20240704_111022.data
10.0 210.0 17 23.6975 0cd913fa_20240704_111046.data
30.0 210.0 17 23.8 0cd913fa_20240704_111110.data
50.0 210.0 17 23.8 0cd913fa_20240704_111134.data
70.0 210.0 17 23.6975 0cd913fa_20240704_111158.data
90.0 210.0 17 23.6975 0cd913fa_20240704_111222.data
110.0 210.0 17 23.6975 0cd913fa_20240704_111246.data
130.0 210.0 17 23.902100000000004 0cd913fa_20240704_111310.data
150.0 210.0 17 23.8 0cd913fa_20240704_111334.data
170.0 210.0 17 23.902100000000004 0cd913fa_20240704_111358.data
190.0 210.0 17 23.8 0cd913fa_20240704_111422.data
210.0 210.0 17 23.8 0cd913fa_20240704_111446.data
230.0 210.0 17 23.8 0cd913fa_20240704_111510.data
250.0 210.0 17 24.003973684210532 0cd913fa_20240704_111534.data
270.0 210.0 17 23.6975 0cd913fa_20240704_111558.data
290.0 210.0 17 23.8 0cd913fa_20240704_111622.data
290.0 230.0 17 23.8 0cd913fa_20240704_111646.data
270.0 230.0 17 23.8 0cd913fa_20240704_111710.data
250.0 230.0 17 23.8 0cd913fa_20240704_111734.data
230.0 230.0 17 23.8 0cd913fa_20240704_111758.data
210.0 230.0 17 23.902100000000004 0cd913fa_20240704_111822.data
190.0 230.0 17 23.594575 0cd913fa_20240704_111846.data
170.0 230.0 17 23.8 0cd913fa_20240704_111910.data
150.0 230.0 17 23.8 0cd913fa_20240704_111934.data
130.0 230.0 17 23.8 0cd913fa_20240704_111958.data
110.0 230.0 17 23.8 0cd913fa_20240704_112022.data
90.0 230.0 17 23.8 0cd913fa_20240704_112047.data
70.0 230.0 17 23.6975 0cd913fa_20240704_112111.data
50.0 230.0 17 23.6975 0cd913fa_20240704_112135.data
30.0 230.0 17 23.8 0cd913fa_20240704_112159.data
10.0 230.0 17 23.902100000000004 0cd913fa_20240704_112223.data
10.0 250.0 17 23.6975 0cd913fa_20240704_112247.data
30.0 250.0 17 23.8 0cd913fa_20240704_112311.data
50.0 250.0 17 23.902100000000004 0cd913fa_20240704_112335.data
70.0 250.0 17 23.902100000000004 0cd913fa_20240704_112359.data
90.0 250.0 17 23.6975 0cd913fa_20240704_112423.data
110.0 250.0 17 23.8 0cd913fa_20240704_112447.data
130.0 250.0 17 23.8 0cd913fa_20240704_112511.data
150.0 250.0 17 23.8 0cd913fa_20240704_112535.data
170.0 250.0 17 23.8 0cd913fa_20240704_112559.data
190.0 250.0 17 23.8 0cd913fa_20240704_112623.data
210.0 250.0 17 23.6975 0cd913fa_20240704_112647.data
230.0 250.0 17 23.8 0cd913fa_20240704_112711.data
250.0 250.0 17 23.8 0cd913fa_20240704_112735.data
270.0 250.0 17 23.8 0cd913fa_20240704_112759.data
290.0 250.0 17 23.8 0cd913fa_20240704_112823.data
290.0 270.0 17 23.8 0cd913fa_20240704_112847.data
270.0 270.0 17 23.902100000000004 0cd913fa_20240704_112911.data
250.0 270.0 17 23.8 0cd913fa_20240704_112935.data
230.0 270.0 17 23.8 0cd913fa_20240704_112959.data
210.0 270.0 17 23.8 0cd913fa_20240704_113023.data
190.0 270.0 17 23.8 0cd913fa_20240704_113047.data
170.0 270.0 17 23.8 0cd913fa_20240704_113111.data
150.0 270.0 17 23.6975 0cd913fa_20240704_113135.data
130.0 270.0 17 23.8 0cd913fa_20240704_113159.data
110.0 270.0 17 23.8 0cd913fa_20240704_113223.data
90.0 270.0 17 23.902100000000004 0cd913fa_20240704_113247.data
70.0 270.0 17 -1 0cd913fa_20240704_113311.data
50.0 270.0 17 23.8 0cd913fa_20240704_113335.data
30.0 270.0 17 23.902100000000004 0cd913fa_20240704_113359.data
10.0 270.0 17 -1 0cd913fa_20240704_113423.data
10.0 290.0 17 23.8 0cd913fa_20240704_113447.data
30.0 290.0 17 23.8 0cd913fa_20240704_113511.data
50.0 290.0 17 -1 0cd913fa_20240704_113535.data
70.0 290.0 17 24.1106052631579 0cd913fa_20240704_113559.data
90.0 290.0 17 24.1106052631579 0cd913fa_20240704_113623.data
110.0 290.0 17 -1 0cd913fa_20240704_113647.data
130.0 290.0 17 23.8 0cd913fa_20240704_113711.data
150.0 290.0 17 23.902100000000004 0cd913fa_20240704_113735.data
170.0 290.0 17 -1 0cd913fa_20240704_113759.data
190.0 290.0 17 24.427921052631582 0cd913fa_20240704_113823.data
210.0 290.0 17 24.427921052631582 0cd913fa_20240704_113847.data
230.0 290.0 17 24.845210526315793 0cd913fa_20240704_113911.data
250.0 290.0 17 24.532868421052633 0cd913fa_20240704_113935.data
270.0 290.0 17 24.427921052631582 0cd913fa_20240704_113959.data
290.0 290.0 17 24.741500000000002 0cd913fa_20240704_114023.data
290.0 310.0 17 24.427921052631582 0cd913fa_20240704_114047.data
270.0 310.0 17 24.427921052631582 0cd913fa_20240704_114111.data
250.0 310.0 17 24.637394736842104 0cd913fa_20240704_114135.data
230.0 310.0 17 24.427921052631582 0cd913fa_20240704_114159.data
210.0 310.0 17 24.427921052631582 0cd913fa_20240704_114223.data
190.0 310.0 17 24.637394736842104 0cd913fa_20240704_114247.data
170.0 310.0 17 24.322552631578947 0cd913fa_20240704_114311.data
150.0 310.0 17 24.427921052631582 0cd913fa_20240704_114335.data
130.0 310.0 17 24.637394736842104 0cd913fa_20240704_114359.data
110.0 310.0 17 24.216789473684212 0cd913fa_20240704_114423.data
90.0 310.0 17 24.427921052631582 0cd913fa_20240704_114447.data
70.0 310.0 17 24.845210526315793 0cd913fa_20240704_114511.data
50.0 310.0 17 24.322552631578947 0cd913fa_20240704_114535.data
30.0 310.0 17 24.637394736842104 0cd913fa_20240704_114559.data
10.0 310.0 17 24.741500000000002 0cd913fa_20240704_114623.data
10.0 330.0 17 24.637394736842104 0cd913fa_20240704_114647.data
30.0 330.0 17 24.322552631578947 0cd913fa_20240704_114711.data
50.0 330.0 17 24.741500000000002 0cd913fa_20240704_114735.data
70.0 330.0 17 24.532868421052633 0cd913fa_20240704_114759.data
90.0 330.0 17 24.427921052631582 0cd913fa_20240704_114823.data
110.0 330.0 17 24.741500000000002 0cd913fa_20240704_114847.data
130.0 330.0 17 24.322552631578947 0cd913fa_20240704_114911.data
150.0 330.0 17 24.741500000000002 0cd913fa_20240704_114935.data
170.0 330.0 17 24.532868421052633 0cd913fa_20240704_114959.data
190.0 330.0 17 24.322552631578947 0cd913fa_20240704_115023.data
210.0 330.0 17 24.741500000000002 0cd913fa_20240704_115048.data
230.0 330.0 17 24.216789473684212 0cd913fa_20240704_115112.data
250.0 330.0 17 24.741500000000002 0cd913fa_20240704_115136.data
270.0 330.0 17 24.741500000000002 0cd913fa_20240704_115200.data
290.0 330.0 17 24.532868421052633 0cd913fa_20240704_115224.data
10.0 350.0 17 24.427921052631582 0cd913fa_20240704_122227.data
30.0 350.0 17 24.741500000000002 0cd913fa_20240704_122251.data
50.0 350.0 17 24.427921052631582 0cd913fa_20240704_122315.data
70.0 350.0 17 24.322552631578947 0cd913fa_20240704_122339.data
90.0 350.0 17 24.741500000000002 0cd913fa_20240704_122403.data
110.0 350.0 17 24.322552631578947 0cd913fa_20240704_122427.data
130.0 350.0 17 24.427921052631582 0cd913fa_20240704_122451.data
150.0 350.0 17 24.845210526315793 0cd913fa_20240704_122515.data
170.0 350.0 17 24.532868421052633 0cd913fa_20240704_122539.data
190.0 350.0 17 24.322552631578947 0cd913fa_20240704_122603.data
210.0 350.0 17 24.845210526315793 0cd913fa_20240704_122627.data
230.0 350.0 17 24.322552631578947 0cd913fa_20240704_122651.data
250.0 350.0 17 24.427921052631582 0cd913fa_20240704_122715.data
270.0 350.0 17 24.845210526315793 0cd913fa_20240704_122739.data
290.0 350.0 17 24.427921052631582 0cd913fa_20240704_122803.data
290.0 370.0 17 24.427921052631582 0cd913fa_20240704_122827.data
270.0 370.0 17 24.845210526315793 0cd913fa_20240704_122851.data
250.0 370.0 17 24.532868421052633 0cd913fa_20240704_122915.data
230.0 370.0 17 24.322552631578947 0cd913fa_20240704_122939.data
210.0 370.0 17 24.741500000000002 0cd913fa_20240704_123003.data
190.0 370.0 17 24.322552631578947 0cd913fa_20240704_123027.data
170.0 370.0 17 24.741500000000002 0cd913fa_20240704_123051.data
150.0 370.0 17 24.322552631578947 0cd913fa_20240704_123115.data
130.0 370.0 17 24.427921052631582 0cd913fa_20240704_123139.data
110.0 370.0 17 24.741500000000002 0cd913fa_20240704_123203.data
90.0 370.0 17 24.322552631578947 0cd913fa_20240704_123227.data
70.0 370.0 17 24.322552631578947 0cd913fa_20240704_123251.data
50.0 370.0 17 24.741500000000002 0cd913fa_20240704_123315.data
30.0 370.0 17 24.427921052631582 0cd913fa_20240704_123339.data
10.0 370.0 17 24.322552631578947 0cd913fa_20240704_123403.data
10.0 390.0 17 24.741500000000002 0cd913fa_20240704_123427.data
30.0 390.0 17 24.532868421052633 0cd913fa_20240704_123451.data
50.0 390.0 17 24.427921052631582 0cd913fa_20240704_123515.data
70.0 390.0 17 24.427921052631582 0cd913fa_20240704_123539.data
90.0 390.0 17 24.322552631578947 0cd913fa_20240704_123604.data
110.0 390.0 17 24.741500000000002 0cd913fa_20240704_123628.data
130.0 390.0 17 24.845210526315793 0cd913fa_20240704_123652.data
150.0 390.0 17 24.322552631578947 0cd913fa_20240704_123716.data
170.0 390.0 17 24.322552631578947 0cd913fa_20240704_123740.data
190.0 390.0 17 24.845210526315793 0cd913fa_20240704_123804.data
210.0 390.0 17 24.322552631578947 0cd913fa_20240704_123828.data
230.0 390.0 17 24.427921052631582 0cd913fa_20240704_123852.data
250.0 390.0 17 24.637394736842104 0cd913fa_20240704_123916.data
270.0 390.0 17 24.427921052631582 0cd913fa_20240704_123940.data
290.0 390.0 17 24.427921052631582 0cd913fa_20240704_124004.data
290.0 410.0 17 24.741500000000002 0cd913fa_20240704_124028.data
270.0 410.0 17 24.532868421052633 0cd913fa_20240704_124052.data
250.0 410.0 17 24.322552631578947 0cd913fa_20240704_124116.data
230.0 410.0 17 24.741500000000002 0cd913fa_20240704_124140.data
210.0 410.0 17 24.322552631578947 0cd913fa_20240704_124204.data
190.0 410.0 17 24.322552631578947 0cd913fa_20240704_124228.data
170.0 410.0 17 24.845210526315793 0cd913fa_20240704_124252.data
150.0 410.0 17 24.532868421052633 0cd913fa_20240704_124316.data
130.0 410.0 17 24.427921052631582 0cd913fa_20240704_124340.data
110.0 410.0 17 24.741500000000002 0cd913fa_20240704_124404.data
90.0 410.0 17 24.427921052631582 0cd913fa_20240704_124428.data
70.0 410.0 17 24.322552631578947 0cd913fa_20240704_124452.data
50.0 410.0 17 24.637394736842104 0cd913fa_20240704_124516.data
30.0 410.0 17 24.322552631578947 0cd913fa_20240704_124540.data
10.0 410.0 17 24.216789473684212 0cd913fa_20240704_124604.data
10.0 430.0 17 24.741500000000002 0cd913fa_20240704_124628.data
30.0 430.0 17 24.216789473684212 0cd913fa_20240704_124652.data
50.0 430.0 17 24.532868421052633 0cd913fa_20240704_124716.data
70.0 430.0 17 24.741500000000002 0cd913fa_20240704_124740.data
90.0 430.0 17 24.322552631578947 0cd913fa_20240704_124804.data
110.0 430.0 17 24.427921052631582 0cd913fa_20240704_124828.data
130.0 430.0 17 24.322552631578947 0cd913fa_20240704_124852.data
150.0 430.0 17 24.637394736842104 0cd913fa_20240704_124916.data
170.0 430.0 17 24.532868421052633 0cd913fa_20240704_124940.data
190.0 430.0 17 24.322552631578947 0cd913fa_20240704_125004.data
210.0 430.0 17 24.845210526315793 0cd913fa_20240704_125028.data
230.0 430.0 17 24.427921052631582 0cd913fa_20240704_125052.data
250.0 430.0 17 24.322552631578947 0cd913fa_20240704_125116.data
270.0 430.0 17 24.741500000000002 0cd913fa_20240704_125140.data
290.0 430.0 17 24.322552631578947 0cd913fa_20240704_125204.data
290.0 450.0 17 24.532868421052633 0cd913fa_20240704_125228.data
270.0 450.0 17 24.322552631578947 0cd913fa_20240704_125252.data
250.0 450.0 17 24.741500000000002 0cd913fa_20240704_125316.data
230.0 450.0 17 24.322552631578947 0cd913fa_20240704_125340.data
210.0 450.0 17 24.322552631578947 0cd913fa_20240704_125404.data
190.0 450.0 17 24.845210526315793 0cd913fa_20240704_125428.data
170.0 450.0 17 24.845210526315793 0cd913fa_20240704_125452.data
150.0 450.0 17 24.427921052631582 0cd913fa_20240704_125516.data
130.0 450.0 17 24.322552631578947 0cd913fa_20240704_125540.data
110.0 450.0 17 24.322552631578947 0cd913fa_20240704_125604.data
90.0 450.0 17 24.845210526315793 0cd913fa_20240704_125628.data
70.0 450.0 17 24.532868421052633 0cd913fa_20240704_125652.data
50.0 450.0 17 24.322552631578947 0cd913fa_20240704_125716.data
30.0 450.0 17 24.637394736842104 0cd913fa_20240704_125740.data
10.0 450.0 17 24.427921052631582 0cd913fa_20240704_125804.data
10.0 470.0 17 24.322552631578947 0cd913fa_20240704_125828.data
30.0 470.0 17 24.427921052631582 0cd913fa_20240704_125852.data
50.0 470.0 17 24.427921052631582 0cd913fa_20240704_125916.data
70.0 470.0 17 24.427921052631582 0cd913fa_20240704_125940.data
90.0 470.0 17 24.427921052631582 0cd913fa_20240704_130004.data
110.0 470.0 17 24.322552631578947 0cd913fa_20240704_130028.data
130.0 470.0 17 24.532868421052633 0cd913fa_20240704_130052.data
150.0 470.0 17 24.427921052631582 0cd913fa_20240704_130116.data
170.0 470.0 17 24.322552631578947 0cd913fa_20240704_130140.data
190.0 470.0 17 24.427921052631582 0cd913fa_20240704_130204.data
210.0 470.0 17 24.322552631578947 0cd913fa_20240704_130228.data
230.0 470.0 17 24.322552631578947 0cd913fa_20240704_130252.data
250.0 470.0 17 24.322552631578947 0cd913fa_20240704_130316.data
270.0 470.0 17 24.427921052631582 0cd913fa_20240704_130340.data
290.0 470.0 17 24.322552631578947 0cd913fa_20240704_130404.data
