-1 -1 -1 21.131181818181815 0cd9414a_20240906_115459.data
10.0 10.0 17 21.234454545454547 0cd9414a_20240906_115539.data
30.0 10.0 17 21.131181818181815 0cd9414a_20240906_115603.data
50.0 10.0 17 21.337272727272726 0cd9414a_20240906_115627.data
70.0 10.0 17 21.337272727272726 0cd9414a_20240906_115651.data
90.0 10.0 17 21.027477272727275 0cd9414a_20240906_115715.data
110.0 10.0 17 21.131181818181815 0cd9414a_20240906_115739.data
130.0 10.0 17 21.131181818181815 0cd9414a_20240906_115803.data
150.0 10.0 17 21.439681818181818 0cd9414a_20240906_115827.data
170.0 10.0 17 21.439681818181818 0cd9414a_20240906_115851.data
190.0 10.0 17 21.234454545454547 0cd9414a_20240906_115915.data
210.0 10.0 17 21.337272727272726 0cd9414a_20240906_115939.data
230.0 10.0 17 21.337272727272726 0cd9414a_20240906_120003.data
250.0 10.0 17 21.337272727272726 0cd9414a_20240906_120027.data
270.0 10.0 17 21.337272727272726 0cd9414a_20240906_120051.data
290.0 10.0 17 21.337272727272726 0cd9414a_20240906_120115.data
290.0 30.0 17 21.131181818181815 0cd9414a_20240906_120139.data
270.0 30.0 17 21.337272727272726 0cd9414a_20240906_120203.data
250.0 30.0 17 21.337272727272726 0cd9414a_20240906_120227.data
230.0 30.0 17 21.234454545454547 0cd9414a_20240906_120251.data
210.0 30.0 17 21.337272727272726 0cd9414a_20240906_120315.data
190.0 30.0 17 21.027477272727275 0cd9414a_20240906_120339.data
170.0 30.0 17 21.337272727272726 0cd9414a_20240906_120403.data
150.0 30.0 17 21.337272727272726 0cd9414a_20240906_120427.data
130.0 30.0 17 21.027477272727275 0cd9414a_20240906_120451.data
110.0 30.0 17 21.337272727272726 0cd9414a_20240906_120515.data
90.0 30.0 17 21.027477272727275 0cd9414a_20240906_120539.data
70.0 30.0 17 21.337272727272726 0cd9414a_20240906_120603.data
50.0 30.0 17 21.027477272727275 0cd9414a_20240906_120627.data
30.0 30.0 17 21.337272727272726 0cd9414a_20240906_120651.data
10.0 30.0 17 21.337272727272726 0cd9414a_20240906_120715.data
10.0 50.0 17 21.131181818181815 0cd9414a_20240906_120739.data
30.0 50.0 17 21.337272727272726 0cd9414a_20240906_120803.data
50.0 50.0 17 21.234454545454547 0cd9414a_20240906_120827.data
70.0 50.0 17 21.439681818181818 0cd9414a_20240906_120851.data
90.0 50.0 17 21.131181818181815 0cd9414a_20240906_120915.data
110.0 50.0 17 21.131181818181815 0cd9414a_20240906_120939.data
130.0 50.0 17 21.027477272727275 0cd9414a_20240906_121003.data
150.0 50.0 17 21.337272727272726 0cd9414a_20240906_121027.data
170.0 50.0 17 21.234454545454547 0cd9414a_20240906_121051.data
190.0 50.0 17 21.131181818181815 0cd9414a_20240906_121115.data
210.0 50.0 17 20.925044444444445 0cd9414a_20240906_121139.data
230.0 50.0 17 21.027477272727275 0cd9414a_20240906_121203.data
250.0 50.0 17 21.027477272727275 0cd9414a_20240906_121227.data
270.0 50.0 17 21.027477272727275 0cd9414a_20240906_121251.data
290.0 50.0 17 21.027477272727275 0cd9414a_20240906_121315.data
290.0 70.0 17 21.027477272727275 0cd9414a_20240906_121339.data
270.0 70.0 17 21.027477272727275 0cd9414a_20240906_121403.data
250.0 70.0 17 21.131181818181815 0cd9414a_20240906_121427.data
230.0 70.0 17 21.234454545454547 0cd9414a_20240906_121451.data
210.0 70.0 17 21.027477272727275 0cd9414a_20240906_121515.data
190.0 70.0 17 21.027477272727275 0cd9414a_20240906_121539.data
170.0 70.0 17 20.925044444444445 0cd9414a_20240906_121604.data
150.0 70.0 17 20.925044444444445 0cd9414a_20240906_121628.data
130.0 70.0 17 21.027477272727275 0cd9414a_20240906_121652.data
110.0 70.0 17 21.027477272727275 0cd9414a_20240906_121716.data
90.0 70.0 17 21.234454545454547 0cd9414a_20240906_121740.data
70.0 70.0 17 21.027477272727275 0cd9414a_20240906_121804.data
50.0 70.0 17 21.027477272727275 0cd9414a_20240906_121828.data
30.0 70.0 17 21.027477272727275 0cd9414a_20240906_121852.data
10.0 70.0 17 20.925044444444445 0cd9414a_20240906_121916.data
10.0 90.0 17 20.925044444444445 0cd9414a_20240906_121940.data
30.0 90.0 17 21.027477272727275 0cd9414a_20240906_122004.data
50.0 90.0 17 21.027477272727275 0cd9414a_20240906_122028.data
70.0 90.0 17 21.027477272727275 0cd9414a_20240906_122052.data
90.0 90.0 17 21.131181818181815 0cd9414a_20240906_122116.data
110.0 90.0 17 21.027477272727275 0cd9414a_20240906_122140.data
130.0 90.0 17 21.027477272727275 0cd9414a_20240906_122204.data
150.0 90.0 17 21.027477272727275 0cd9414a_20240906_122228.data
170.0 90.0 17 21.027477272727275 0cd9414a_20240906_122252.data
190.0 90.0 17 21.027477272727275 0cd9414a_20240906_122316.data
210.0 90.0 17 21.027477272727275 0cd9414a_20240906_122340.data
230.0 90.0 17 21.027477272727275 0cd9414a_20240906_122404.data
250.0 90.0 17 21.027477272727275 0cd9414a_20240906_122428.data
270.0 90.0 17 21.027477272727275 0cd9414a_20240906_122452.data
290.0 90.0 17 21.131181818181815 0cd9414a_20240906_122516.data
290.0 110.0 17 21.027477272727275 0cd9414a_20240906_122540.data
270.0 110.0 17 21.027477272727275 0cd9414a_20240906_122604.data
250.0 110.0 17 20.925044444444445 0cd9414a_20240906_122628.data
230.0 110.0 17 21.234454545454547 0cd9414a_20240906_122652.data
210.0 110.0 17 21.027477272727275 0cd9414a_20240906_122716.data
190.0 110.0 17 21.027477272727275 0cd9414a_20240906_122740.data
170.0 110.0 17 21.027477272727275 0cd9414a_20240906_122804.data
150.0 110.0 17 21.027477272727275 0cd9414a_20240906_122828.data
130.0 110.0 17 20.925044444444445 0cd9414a_20240906_122852.data
110.0 110.0 17 21.027477272727275 0cd9414a_20240906_122916.data
90.0 110.0 17 20.925044444444445 0cd9414a_20240906_122940.data
70.0 110.0 17 21.027477272727275 0cd9414a_20240906_123004.data
50.0 110.0 17 21.131181818181815 0cd9414a_20240906_123028.data
30.0 110.0 17 21.027477272727275 0cd9414a_20240906_123052.data
10.0 110.0 17 21.027477272727275 0cd9414a_20240906_123116.data
10.0 130.0 17 21.027477272727275 0cd9414a_20240906_123140.data
30.0 130.0 17 20.925044444444445 0cd9414a_20240906_123204.data
50.0 130.0 17 21.027477272727275 0cd9414a_20240906_123228.data
70.0 130.0 17 21.027477272727275 0cd9414a_20240906_123252.data
90.0 130.0 17 20.925044444444445 0cd9414a_20240906_123316.data
110.0 130.0 17 20.925044444444445 0cd9414a_20240906_123340.data
130.0 130.0 17 21.027477272727275 0cd9414a_20240906_123404.data
150.0 130.0 17 20.82277777777778 0cd9414a_20240906_123428.data
170.0 130.0 17 21.027477272727275 0cd9414a_20240906_123452.data
190.0 130.0 17 20.925044444444445 0cd9414a_20240906_123516.data
210.0 130.0 17 21.027477272727275 0cd9414a_20240906_123540.data
230.0 130.0 17 20.925044444444445 0cd9414a_20240906_123604.data
250.0 130.0 17 21.027477272727275 0cd9414a_20240906_123628.data
270.0 130.0 17 20.925044444444445 0cd9414a_20240906_123652.data
290.0 130.0 17 21.027477272727275 0cd9414a_20240906_123716.data
290.0 150.0 17 20.925044444444445 0cd9414a_20240906_123740.data
270.0 150.0 17 20.925044444444445 0cd9414a_20240906_123804.data
250.0 150.0 17 20.925044444444445 0cd9414a_20240906_123828.data
230.0 150.0 17 21.027477272727275 0cd9414a_20240906_123852.data
210.0 150.0 17 21.027477272727275 0cd9414a_20240906_123916.data
190.0 150.0 17 21.027477272727275 0cd9414a_20240906_123940.data
170.0 150.0 17 21.131181818181815 0cd9414a_20240906_124004.data
150.0 150.0 17 21.027477272727275 0cd9414a_20240906_124028.data
130.0 150.0 17 20.925044444444445 0cd9414a_20240906_124052.data
110.0 150.0 17 20.925044444444445 0cd9414a_20240906_124116.data
90.0 150.0 17 21.234454545454547 0cd9414a_20240906_124140.data
70.0 150.0 17 21.027477272727275 0cd9414a_20240906_124204.data
50.0 150.0 17 21.234454545454547 0cd9414a_20240906_124228.data
30.0 150.0 17 20.925044444444445 0cd9414a_20240906_124252.data
10.0 150.0 17 20.925044444444445 0cd9414a_20240906_124316.data
10.0 170.0 17 21.027477272727275 0cd9414a_20240906_124341.data
30.0 170.0 17 21.027477272727275 0cd9414a_20240906_124405.data
50.0 170.0 17 21.027477272727275 0cd9414a_20240906_124429.data
70.0 170.0 17 21.027477272727275 0cd9414a_20240906_124453.data
90.0 170.0 17 21.027477272727275 0cd9414a_20240906_124517.data
110.0 170.0 17 20.925044444444445 0cd9414a_20240906_124541.data
130.0 170.0 17 21.027477272727275 0cd9414a_20240906_124605.data
150.0 170.0 17 21.027477272727275 0cd9414a_20240906_124629.data
170.0 170.0 17 21.027477272727275 0cd9414a_20240906_124653.data
190.0 170.0 17 20.925044444444445 0cd9414a_20240906_124717.data
210.0 170.0 17 20.925044444444445 0cd9414a_20240906_124741.data
230.0 170.0 17 21.027477272727275 0cd9414a_20240906_124805.data
250.0 170.0 17 20.925044444444445 0cd9414a_20240906_124829.data
270.0 170.0 17 20.925044444444445 0cd9414a_20240906_124853.data
290.0 170.0 17 21.027477272727275 0cd9414a_20240906_124917.data
290.0 190.0 17 21.027477272727275 0cd9414a_20240906_124941.data
270.0 190.0 17 21.027477272727275 0cd9414a_20240906_125005.data
250.0 190.0 17 21.027477272727275 0cd9414a_20240906_125029.data
230.0 190.0 17 21.027477272727275 0cd9414a_20240906_125053.data
210.0 190.0 17 21.027477272727275 0cd9414a_20240906_125117.data
190.0 190.0 17 21.027477272727275 0cd9414a_20240906_125141.data
170.0 190.0 17 21.027477272727275 0cd9414a_20240906_125205.data
150.0 190.0 17 20.925044444444445 0cd9414a_20240906_125229.data
130.0 190.0 17 21.027477272727275 0cd9414a_20240906_125253.data
110.0 190.0 17 21.027477272727275 0cd9414a_20240906_125317.data
90.0 190.0 17 21.027477272727275 0cd9414a_20240906_125341.data
70.0 190.0 17 20.925044444444445 0cd9414a_20240906_125405.data
50.0 190.0 17 20.925044444444445 0cd9414a_20240906_125429.data
30.0 190.0 17 20.925044444444445 0cd9414a_20240906_125453.data
10.0 190.0 17 21.027477272727275 0cd9414a_20240906_125517.data
10.0 210.0 17 21.027477272727275 0cd9414a_20240906_125541.data
30.0 210.0 17 21.027477272727275 0cd9414a_20240906_125605.data
50.0 210.0 17 21.027477272727275 0cd9414a_20240906_125629.data
70.0 210.0 17 21.027477272727275 0cd9414a_20240906_125653.data
90.0 210.0 17 20.925044444444445 0cd9414a_20240906_125717.data
110.0 210.0 17 20.925044444444445 0cd9414a_20240906_125741.data
130.0 210.0 17 20.925044444444445 0cd9414a_20240906_125805.data
150.0 210.0 17 21.027477272727275 0cd9414a_20240906_125829.data
170.0 210.0 17 21.027477272727275 0cd9414a_20240906_125853.data
190.0 210.0 17 21.027477272727275 0cd9414a_20240906_125917.data
210.0 210.0 17 20.925044444444445 0cd9414a_20240906_125941.data
230.0 210.0 17 20.925044444444445 0cd9414a_20240906_130005.data
250.0 210.0 17 20.925044444444445 0cd9414a_20240906_130029.data
270.0 210.0 17 20.925044444444445 0cd9414a_20240906_130053.data
290.0 210.0 17 20.925044444444445 0cd9414a_20240906_130117.data
290.0 230.0 17 20.82277777777778 0cd9414a_20240906_130141.data
270.0 230.0 17 21.027477272727275 0cd9414a_20240906_130205.data
250.0 230.0 17 20.925044444444445 0cd9414a_20240906_130229.data
230.0 230.0 17 21.027477272727275 0cd9414a_20240906_130253.data
210.0 230.0 17 21.027477272727275 0cd9414a_20240906_130317.data
190.0 230.0 17 21.027477272727275 0cd9414a_20240906_130341.data
170.0 230.0 17 21.027477272727275 0cd9414a_20240906_130405.data
150.0 230.0 17 21.027477272727275 0cd9414a_20240906_130429.data
130.0 230.0 17 21.027477272727275 0cd9414a_20240906_130453.data
110.0 230.0 17 20.925044444444445 0cd9414a_20240906_130517.data
90.0 230.0 17 20.925044444444445 0cd9414a_20240906_130541.data
70.0 230.0 17 20.925044444444445 0cd9414a_20240906_130605.data
50.0 230.0 17 20.925044444444445 0cd9414a_20240906_130629.data
30.0 230.0 17 20.925044444444445 0cd9414a_20240906_130653.data
10.0 230.0 17 20.925044444444445 0cd9414a_20240906_130717.data
10.0 250.0 17 20.925044444444445 0cd9414a_20240906_130741.data
30.0 250.0 17 21.027477272727275 0cd9414a_20240906_130805.data
50.0 250.0 17 21.027477272727275 0cd9414a_20240906_130829.data
70.0 250.0 17 21.027477272727275 0cd9414a_20240906_130853.data
90.0 250.0 17 21.027477272727275 0cd9414a_20240906_130917.data
110.0 250.0 17 20.925044444444445 0cd9414a_20240906_130941.data
130.0 250.0 17 21.027477272727275 0cd9414a_20240906_131005.data
150.0 250.0 17 20.82277777777778 0cd9414a_20240906_131029.data
170.0 250.0 17 21.027477272727275 0cd9414a_20240906_131053.data
190.0 250.0 17 21.027477272727275 0cd9414a_20240906_131117.data
210.0 250.0 17 21.027477272727275 0cd9414a_20240906_131141.data
230.0 250.0 17 21.027477272727275 0cd9414a_20240906_131206.data
250.0 250.0 17 20.925044444444445 0cd9414a_20240906_131230.data
270.0 250.0 17 20.925044444444445 0cd9414a_20240906_131254.data
290.0 250.0 17 20.925044444444445 0cd9414a_20240906_131318.data
290.0 270.0 17 20.925044444444445 0cd9414a_20240906_131342.data
270.0 270.0 17 21.027477272727275 0cd9414a_20240906_131406.data
250.0 270.0 17 21.027477272727275 0cd9414a_20240906_131430.data
230.0 270.0 17 20.925044444444445 0cd9414a_20240906_131454.data
210.0 270.0 17 21.027477272727275 0cd9414a_20240906_131518.data
190.0 270.0 17 21.027477272727275 0cd9414a_20240906_131542.data
170.0 270.0 17 20.925044444444445 0cd9414a_20240906_131606.data
150.0 270.0 17 20.925044444444445 0cd9414a_20240906_131630.data
130.0 270.0 17 21.027477272727275 0cd9414a_20240906_131654.data
110.0 270.0 17 21.027477272727275 0cd9414a_20240906_131718.data
90.0 270.0 17 21.027477272727275 0cd9414a_20240906_131742.data
70.0 270.0 17 -1 0cd9414a_20240906_131806.data
50.0 270.0 17 20.925044444444445 0cd9414a_20240906_131830.data
30.0 270.0 17 21.027477272727275 0cd9414a_20240906_131854.data
10.0 270.0 17 -1 0cd9414a_20240906_131918.data
10.0 290.0 17 21.027477272727275 0cd9414a_20240906_131942.data
30.0 290.0 17 20.925044444444445 0cd9414a_20240906_132006.data
50.0 290.0 17 -1 0cd9414a_20240906_132030.data
70.0 290.0 17 20.925044444444445 0cd9414a_20240906_132054.data
90.0 290.0 17 21.027477272727275 0cd9414a_20240906_132118.data
110.0 290.0 17 -1 0cd9414a_20240906_132142.data
130.0 290.0 17 20.925044444444445 0cd9414a_20240906_132206.data
150.0 290.0 17 21.027477272727275 0cd9414a_20240906_132230.data
170.0 290.0 17 -1 0cd9414a_20240906_132254.data
190.0 290.0 17 21.64318181818182 0cd9414a_20240906_132318.data
210.0 290.0 17 21.845022727272724 0cd9414a_20240906_132342.data
230.0 290.0 17 21.64318181818182 0cd9414a_20240906_132406.data
250.0 290.0 17 21.74431818181818 0cd9414a_20240906_132430.data
270.0 290.0 17 21.74431818181818 0cd9414a_20240906_132454.data
290.0 290.0 17 21.74431818181818 0cd9414a_20240906_132518.data
290.0 310.0 17 21.64318181818182 0cd9414a_20240906_132542.data
270.0 310.0 17 21.74431818181818 0cd9414a_20240906_132606.data
250.0 310.0 17 21.74431818181818 0cd9414a_20240906_132630.data
230.0 310.0 17 21.64318181818182 0cd9414a_20240906_132654.data
210.0 310.0 17 21.64318181818182 0cd9414a_20240906_132718.data
190.0 310.0 17 21.74431818181818 0cd9414a_20240906_132742.data
170.0 310.0 17 21.74431818181818 0cd9414a_20240906_132806.data
150.0 310.0 17 21.64318181818182 0cd9414a_20240906_132830.data
130.0 310.0 17 21.64318181818182 0cd9414a_20240906_132854.data
110.0 310.0 17 21.74431818181818 0cd9414a_20240906_132918.data
90.0 310.0 17 21.74431818181818 0cd9414a_20240906_132942.data
70.0 310.0 17 21.64318181818182 0cd9414a_20240906_133006.data
50.0 310.0 17 21.74431818181818 0cd9414a_20240906_133030.data
30.0 310.0 17 21.64318181818182 0cd9414a_20240906_133054.data
10.0 310.0 17 21.64318181818182 0cd9414a_20240906_133118.data
10.0 330.0 17 21.74431818181818 0cd9414a_20240906_133142.data
30.0 330.0 17 21.74431818181818 0cd9414a_20240906_133206.data
50.0 330.0 17 21.845022727272724 0cd9414a_20240906_133230.data
70.0 330.0 17 21.74431818181818 0cd9414a_20240906_133254.data
90.0 330.0 17 21.74431818181818 0cd9414a_20240906_133318.data
110.0 330.0 17 21.74431818181818 0cd9414a_20240906_133342.data
130.0 330.0 17 21.64318181818182 0cd9414a_20240906_133406.data
150.0 330.0 17 21.74431818181818 0cd9414a_20240906_133430.data
170.0 330.0 17 21.74431818181818 0cd9414a_20240906_133454.data
190.0 330.0 17 21.74431818181818 0cd9414a_20240906_133518.data
210.0 330.0 17 21.74431818181818 0cd9414a_20240906_133542.data
230.0 330.0 17 21.74431818181818 0cd9414a_20240906_133606.data
250.0 330.0 17 21.74431818181818 0cd9414a_20240906_133630.data
270.0 330.0 17 21.74431818181818 0cd9414a_20240906_133654.data
290.0 330.0 17 21.74431818181818 0cd9414a_20240906_133718.data
10.0 350.0 17 21.64318181818182 0cd9414a_20240906_134057.data
30.0 350.0 17 21.74431818181818 0cd9414a_20240906_134121.data
50.0 350.0 17 21.74431818181818 0cd9414a_20240906_134145.data
70.0 350.0 17 21.74431818181818 0cd9414a_20240906_134209.data
90.0 350.0 17 21.74431818181818 0cd9414a_20240906_134233.data
110.0 350.0 17 21.74431818181818 0cd9414a_20240906_134257.data
130.0 350.0 17 21.64318181818182 0cd9414a_20240906_134321.data
150.0 350.0 17 21.64318181818182 0cd9414a_20240906_134345.data
170.0 350.0 17 21.74431818181818 0cd9414a_20240906_134409.data
190.0 350.0 17 21.74431818181818 0cd9414a_20240906_134433.data
210.0 350.0 17 21.74431818181818 0cd9414a_20240906_134457.data
230.0 350.0 17 21.74431818181818 0cd9414a_20240906_134521.data
250.0 350.0 17 21.74431818181818 0cd9414a_20240906_134545.data
270.0 350.0 17 21.74431818181818 0cd9414a_20240906_134609.data
290.0 350.0 17 21.74431818181818 0cd9414a_20240906_134633.data
290.0 370.0 17 21.74431818181818 0cd9414a_20240906_134657.data
270.0 370.0 17 21.74431818181818 0cd9414a_20240906_134721.data
250.0 370.0 17 21.74431818181818 0cd9414a_20240906_134745.data
230.0 370.0 17 21.74431818181818 0cd9414a_20240906_134809.data
210.0 370.0 17 21.74431818181818 0cd9414a_20240906_134833.data
190.0 370.0 17 21.64318181818182 0cd9414a_20240906_134857.data
170.0 370.0 17 21.74431818181818 0cd9414a_20240906_134921.data
150.0 370.0 17 21.74431818181818 0cd9414a_20240906_134945.data
130.0 370.0 17 21.74431818181818 0cd9414a_20240906_135009.data
110.0 370.0 17 21.64318181818182 0cd9414a_20240906_135033.data
90.0 370.0 17 21.74431818181818 0cd9414a_20240906_135057.data
70.0 370.0 17 21.74431818181818 0cd9414a_20240906_135121.data
50.0 370.0 17 21.64318181818182 0cd9414a_20240906_135145.data
30.0 370.0 17 21.74431818181818 0cd9414a_20240906_135209.data
10.0 370.0 17 21.945295454545455 0cd9414a_20240906_135233.data
10.0 390.0 17 21.74431818181818 0cd9414a_20240906_135257.data
30.0 390.0 17 21.74431818181818 0cd9414a_20240906_135321.data
50.0 390.0 17 21.74431818181818 0cd9414a_20240906_135345.data
70.0 390.0 17 21.74431818181818 0cd9414a_20240906_135409.data
90.0 390.0 17 21.74431818181818 0cd9414a_20240906_135433.data
110.0 390.0 17 21.74431818181818 0cd9414a_20240906_135457.data
130.0 390.0 17 21.74431818181818 0cd9414a_20240906_135521.data
150.0 390.0 17 21.74431818181818 0cd9414a_20240906_135545.data
170.0 390.0 17 21.74431818181818 0cd9414a_20240906_135609.data
190.0 390.0 17 21.74431818181818 0cd9414a_20240906_135633.data
210.0 390.0 17 21.74431818181818 0cd9414a_20240906_135657.data
230.0 390.0 17 21.74431818181818 0cd9414a_20240906_135721.data
250.0 390.0 17 21.74431818181818 0cd9414a_20240906_135745.data
270.0 390.0 17 21.74431818181818 0cd9414a_20240906_135809.data
290.0 390.0 17 21.74431818181818 0cd9414a_20240906_135833.data
290.0 410.0 17 21.74431818181818 0cd9414a_20240906_135857.data
270.0 410.0 17 21.74431818181818 0cd9414a_20240906_135921.data
250.0 410.0 17 21.74431818181818 0cd9414a_20240906_135945.data
230.0 410.0 17 21.74431818181818 0cd9414a_20240906_140009.data
210.0 410.0 17 21.74431818181818 0cd9414a_20240906_140033.data
190.0 410.0 17 21.74431818181818 0cd9414a_20240906_140057.data
170.0 410.0 17 21.74431818181818 0cd9414a_20240906_140121.data
150.0 410.0 17 21.74431818181818 0cd9414a_20240906_140145.data
130.0 410.0 17 21.74431818181818 0cd9414a_20240906_140209.data
110.0 410.0 17 21.74431818181818 0cd9414a_20240906_140233.data
90.0 410.0 17 21.74431818181818 0cd9414a_20240906_140257.data
70.0 410.0 17 21.74431818181818 0cd9414a_20240906_140321.data
50.0 410.0 17 21.74431818181818 0cd9414a_20240906_140345.data
30.0 410.0 17 21.74431818181818 0cd9414a_20240906_140409.data
10.0 410.0 17 21.74431818181818 0cd9414a_20240906_140433.data
10.0 430.0 17 21.74431818181818 0cd9414a_20240906_140457.data
30.0 430.0 17 21.74431818181818 0cd9414a_20240906_140521.data
50.0 430.0 17 21.945295454545455 0cd9414a_20240906_140545.data
70.0 430.0 17 21.845022727272724 0cd9414a_20240906_140609.data
90.0 430.0 17 21.74431818181818 0cd9414a_20240906_140633.data
110.0 430.0 17 21.74431818181818 0cd9414a_20240906_140657.data
130.0 430.0 17 21.74431818181818 0cd9414a_20240906_140721.data
150.0 430.0 17 21.74431818181818 0cd9414a_20240906_140745.data
170.0 430.0 17 21.64318181818182 0cd9414a_20240906_140809.data
190.0 430.0 17 21.74431818181818 0cd9414a_20240906_140833.data
210.0 430.0 17 21.74431818181818 0cd9414a_20240906_140858.data
230.0 430.0 17 21.74431818181818 0cd9414a_20240906_140922.data
250.0 430.0 17 21.74431818181818 0cd9414a_20240906_140946.data
270.0 430.0 17 21.74431818181818 0cd9414a_20240906_141010.data
290.0 430.0 17 21.74431818181818 0cd9414a_20240906_141034.data
290.0 450.0 17 21.74431818181818 0cd9414a_20240906_141058.data
270.0 450.0 17 21.74431818181818 0cd9414a_20240906_141122.data
250.0 450.0 17 21.74431818181818 0cd9414a_20240906_141146.data
230.0 450.0 17 21.74431818181818 0cd9414a_20240906_141210.data
210.0 450.0 17 21.74431818181818 0cd9414a_20240906_141234.data
190.0 450.0 17 21.74431818181818 0cd9414a_20240906_141258.data
170.0 450.0 17 21.74431818181818 0cd9414a_20240906_141322.data
150.0 450.0 17 21.74431818181818 0cd9414a_20240906_141346.data
130.0 450.0 17 21.74431818181818 0cd9414a_20240906_141410.data
110.0 450.0 17 21.74431818181818 0cd9414a_20240906_141434.data
90.0 450.0 17 21.74431818181818 0cd9414a_20240906_141458.data
70.0 450.0 17 21.74431818181818 0cd9414a_20240906_141522.data
50.0 450.0 17 21.74431818181818 0cd9414a_20240906_141546.data
30.0 450.0 17 21.74431818181818 0cd9414a_20240906_141610.data
10.0 450.0 17 21.74431818181818 0cd9414a_20240906_141634.data
10.0 470.0 17 21.74431818181818 0cd9414a_20240906_141658.data
30.0 470.0 17 21.74431818181818 0cd9414a_20240906_141722.data
50.0 470.0 17 21.74431818181818 0cd9414a_20240906_141746.data
70.0 470.0 17 21.74431818181818 0cd9414a_20240906_141810.data
90.0 470.0 17 21.74431818181818 0cd9414a_20240906_141834.data
110.0 470.0 17 21.74431818181818 0cd9414a_20240906_141858.data
130.0 470.0 17 21.74431818181818 0cd9414a_20240906_141922.data
150.0 470.0 17 21.74431818181818 0cd9414a_20240906_141946.data
170.0 470.0 17 21.74431818181818 0cd9414a_20240906_142010.data
190.0 470.0 17 21.74431818181818 0cd9414a_20240906_142034.data
210.0 470.0 17 21.74431818181818 0cd9414a_20240906_142058.data
230.0 470.0 17 21.74431818181818 0cd9414a_20240906_142122.data
250.0 470.0 17 21.74431818181818 0cd9414a_20240906_142146.data
270.0 470.0 17 21.845022727272724 0cd9414a_20240906_142210.data
290.0 470.0 17 21.74431818181818 0cd9414a_20240906_142234.data
