-1 -1 -1 24.948500000000003 0cd9414a_20240908_214659.data
10.0 10.0 17 25.180334801762115 0cd9414a_20240908_214738.data
30.0 10.0 17 24.948500000000003 0cd9414a_20240908_214802.data
50.0 10.0 17 25.180334801762115 0cd9414a_20240908_214826.data
70.0 10.0 17 25.299982378854633 0cd9414a_20240908_214850.data
90.0 10.0 17 25.06022466960353 0cd9414a_20240908_214914.data
110.0 10.0 17 25.299982378854633 0cd9414a_20240908_214938.data
130.0 10.0 17 25.06022466960353 0cd9414a_20240908_215002.data
150.0 10.0 17 25.299982378854633 0cd9414a_20240908_215026.data
170.0 10.0 17 25.299982378854633 0cd9414a_20240908_215050.data
190.0 10.0 17 25.180334801762115 0cd9414a_20240908_215114.data
210.0 10.0 17 25.299982378854633 0cd9414a_20240908_215138.data
230.0 10.0 17 25.299982378854633 0cd9414a_20240908_215202.data
250.0 10.0 17 24.948500000000003 0cd9414a_20240908_215226.data
270.0 10.0 17 25.299982378854633 0cd9414a_20240908_215250.data
290.0 10.0 17 25.06022466960353 0cd9414a_20240908_215314.data
290.0 30.0 17 24.845210526315793 0cd9414a_20240908_215338.data
270.0 30.0 17 25.180334801762115 0cd9414a_20240908_215402.data
250.0 30.0 17 24.948500000000003 0cd9414a_20240908_215426.data
230.0 30.0 17 25.180334801762115 0cd9414a_20240908_215450.data
210.0 30.0 17 25.299982378854633 0cd9414a_20240908_215514.data
190.0 30.0 17 24.845210526315793 0cd9414a_20240908_215538.data
170.0 30.0 17 25.299982378854633 0cd9414a_20240908_215602.data
150.0 30.0 17 25.06022466960353 0cd9414a_20240908_215626.data
130.0 30.0 17 25.299982378854633 0cd9414a_20240908_215650.data
110.0 30.0 17 24.948500000000003 0cd9414a_20240908_215714.data
90.0 30.0 17 25.180334801762115 0cd9414a_20240908_215738.data
70.0 30.0 17 24.948500000000003 0cd9414a_20240908_215802.data
50.0 30.0 17 25.299982378854633 0cd9414a_20240908_215826.data
30.0 30.0 17 25.180334801762115 0cd9414a_20240908_215850.data
10.0 30.0 17 25.180334801762115 0cd9414a_20240908_215914.data
10.0 50.0 17 25.299982378854633 0cd9414a_20240908_215938.data
30.0 50.0 17 25.180334801762115 0cd9414a_20240908_220002.data
50.0 50.0 17 25.180334801762115 0cd9414a_20240908_220026.data
70.0 50.0 17 25.299982378854633 0cd9414a_20240908_220050.data
90.0 50.0 17 25.299982378854633 0cd9414a_20240908_220114.data
110.0 50.0 17 25.180334801762115 0cd9414a_20240908_220138.data
130.0 50.0 17 24.948500000000003 0cd9414a_20240908_220202.data
150.0 50.0 17 25.180334801762115 0cd9414a_20240908_220226.data
170.0 50.0 17 24.948500000000003 0cd9414a_20240908_220250.data
190.0 50.0 17 25.180334801762115 0cd9414a_20240908_220314.data
210.0 50.0 17 24.948500000000003 0cd9414a_20240908_220338.data
230.0 50.0 17 24.948500000000003 0cd9414a_20240908_220402.data
250.0 50.0 17 25.06022466960353 0cd9414a_20240908_220426.data
270.0 50.0 17 25.06022466960353 0cd9414a_20240908_220450.data
290.0 50.0 17 25.180334801762115 0cd9414a_20240908_220514.data
290.0 70.0 17 25.180334801762115 0cd9414a_20240908_220538.data
270.0 70.0 17 24.948500000000003 0cd9414a_20240908_220602.data
250.0 70.0 17 25.299982378854633 0cd9414a_20240908_220626.data
230.0 70.0 17 25.180334801762115 0cd9414a_20240908_220650.data
210.0 70.0 17 25.06022466960353 0cd9414a_20240908_220715.data
190.0 70.0 17 24.948500000000003 0cd9414a_20240908_220739.data
170.0 70.0 17 25.180334801762115 0cd9414a_20240908_220803.data
150.0 70.0 17 24.948500000000003 0cd9414a_20240908_220827.data
130.0 70.0 17 24.948500000000003 0cd9414a_20240908_220851.data
110.0 70.0 17 24.948500000000003 0cd9414a_20240908_220915.data
90.0 70.0 17 24.948500000000003 0cd9414a_20240908_220939.data
70.0 70.0 17 24.948500000000003 0cd9414a_20240908_221003.data
50.0 70.0 17 24.845210526315793 0cd9414a_20240908_221027.data
30.0 70.0 17 25.06022466960353 0cd9414a_20240908_221051.data
10.0 70.0 17 24.948500000000003 0cd9414a_20240908_221115.data
10.0 90.0 17 25.180334801762115 0cd9414a_20240908_221139.data
30.0 90.0 17 24.948500000000003 0cd9414a_20240908_221203.data
50.0 90.0 17 24.845210526315793 0cd9414a_20240908_221227.data
70.0 90.0 17 24.948500000000003 0cd9414a_20240908_221251.data
90.0 90.0 17 24.948500000000003 0cd9414a_20240908_221315.data
110.0 90.0 17 24.948500000000003 0cd9414a_20240908_221339.data
130.0 90.0 17 24.948500000000003 0cd9414a_20240908_221403.data
150.0 90.0 17 25.06022466960353 0cd9414a_20240908_221427.data
170.0 90.0 17 24.845210526315793 0cd9414a_20240908_221451.data
190.0 90.0 17 24.845210526315793 0cd9414a_20240908_221515.data
210.0 90.0 17 24.948500000000003 0cd9414a_20240908_221539.data
230.0 90.0 17 24.948500000000003 0cd9414a_20240908_221603.data
250.0 90.0 17 24.948500000000003 0cd9414a_20240908_221627.data
270.0 90.0 17 24.948500000000003 0cd9414a_20240908_221651.data
290.0 90.0 17 24.948500000000003 0cd9414a_20240908_221715.data
290.0 110.0 17 24.948500000000003 0cd9414a_20240908_221739.data
270.0 110.0 17 24.845210526315793 0cd9414a_20240908_221803.data
250.0 110.0 17 24.948500000000003 0cd9414a_20240908_221827.data
230.0 110.0 17 24.948500000000003 0cd9414a_20240908_221851.data
210.0 110.0 17 24.948500000000003 0cd9414a_20240908_221915.data
190.0 110.0 17 24.948500000000003 0cd9414a_20240908_221939.data
170.0 110.0 17 24.741500000000002 0cd9414a_20240908_222003.data
150.0 110.0 17 24.948500000000003 0cd9414a_20240908_222027.data
130.0 110.0 17 24.948500000000003 0cd9414a_20240908_222051.data
110.0 110.0 17 24.948500000000003 0cd9414a_20240908_222115.data
90.0 110.0 17 24.948500000000003 0cd9414a_20240908_222139.data
70.0 110.0 17 24.948500000000003 0cd9414a_20240908_222203.data
50.0 110.0 17 24.948500000000003 0cd9414a_20240908_222227.data
30.0 110.0 17 24.948500000000003 0cd9414a_20240908_222251.data
10.0 110.0 17 24.948500000000003 0cd9414a_20240908_222315.data
10.0 130.0 17 24.948500000000003 0cd9414a_20240908_222339.data
30.0 130.0 17 24.948500000000003 0cd9414a_20240908_222403.data
50.0 130.0 17 24.948500000000003 0cd9414a_20240908_222427.data
70.0 130.0 17 24.845210526315793 0cd9414a_20240908_222451.data
90.0 130.0 17 24.948500000000003 0cd9414a_20240908_222515.data
110.0 130.0 17 24.948500000000003 0cd9414a_20240908_222539.data
130.0 130.0 17 24.948500000000003 0cd9414a_20240908_222603.data
150.0 130.0 17 24.948500000000003 0cd9414a_20240908_222627.data
170.0 130.0 17 24.948500000000003 0cd9414a_20240908_222651.data
190.0 130.0 17 24.948500000000003 0cd9414a_20240908_222715.data
210.0 130.0 17 24.845210526315793 0cd9414a_20240908_222739.data
230.0 130.0 17 24.948500000000003 0cd9414a_20240908_222803.data
250.0 130.0 17 24.948500000000003 0cd9414a_20240908_222827.data
270.0 130.0 17 24.948500000000003 0cd9414a_20240908_222851.data
290.0 130.0 17 24.948500000000003 0cd9414a_20240908_222915.data
290.0 150.0 17 24.948500000000003 0cd9414a_20240908_222939.data
270.0 150.0 17 24.948500000000003 0cd9414a_20240908_223003.data
250.0 150.0 17 24.948500000000003 0cd9414a_20240908_223027.data
230.0 150.0 17 24.948500000000003 0cd9414a_20240908_223051.data
210.0 150.0 17 24.948500000000003 0cd9414a_20240908_223115.data
190.0 150.0 17 24.948500000000003 0cd9414a_20240908_223139.data
170.0 150.0 17 24.948500000000003 0cd9414a_20240908_223203.data
150.0 150.0 17 24.948500000000003 0cd9414a_20240908_223227.data
130.0 150.0 17 24.948500000000003 0cd9414a_20240908_223251.data
110.0 150.0 17 24.948500000000003 0cd9414a_20240908_223315.data
90.0 150.0 17 24.948500000000003 0cd9414a_20240908_223339.data
70.0 150.0 17 24.948500000000003 0cd9414a_20240908_223403.data
50.0 150.0 17 24.948500000000003 0cd9414a_20240908_223427.data
30.0 150.0 17 24.948500000000003 0cd9414a_20240908_223451.data
10.0 150.0 17 24.948500000000003 0cd9414a_20240908_223515.data
10.0 170.0 17 24.948500000000003 0cd9414a_20240908_223539.data
30.0 170.0 17 24.948500000000003 0cd9414a_20240908_223603.data
50.0 170.0 17 24.845210526315793 0cd9414a_20240908_223627.data
70.0 170.0 17 24.948500000000003 0cd9414a_20240908_223651.data
90.0 170.0 17 24.948500000000003 0cd9414a_20240908_223715.data
110.0 170.0 17 24.845210526315793 0cd9414a_20240908_223739.data
130.0 170.0 17 24.948500000000003 0cd9414a_20240908_223803.data
150.0 170.0 17 24.948500000000003 0cd9414a_20240908_223827.data
170.0 170.0 17 24.948500000000003 0cd9414a_20240908_223851.data
190.0 170.0 17 24.948500000000003 0cd9414a_20240908_223915.data
210.0 170.0 17 24.948500000000003 0cd9414a_20240908_223939.data
230.0 170.0 17 24.948500000000003 0cd9414a_20240908_224004.data
250.0 170.0 17 24.948500000000003 0cd9414a_20240908_224028.data
270.0 170.0 17 25.180334801762115 0cd9414a_20240908_224052.data
290.0 170.0 17 24.948500000000003 0cd9414a_20240908_224116.data
290.0 190.0 17 24.948500000000003 0cd9414a_20240908_224140.data
270.0 190.0 17 24.948500000000003 0cd9414a_20240908_224204.data
250.0 190.0 17 25.180334801762115 0cd9414a_20240908_224228.data
230.0 190.0 17 24.948500000000003 0cd9414a_20240908_224252.data
210.0 190.0 17 24.948500000000003 0cd9414a_20240908_224316.data
190.0 190.0 17 24.948500000000003 0cd9414a_20240908_224340.data
170.0 190.0 17 24.948500000000003 0cd9414a_20240908_224404.data
150.0 190.0 17 24.948500000000003 0cd9414a_20240908_224428.data
130.0 190.0 17 24.948500000000003 0cd9414a_20240908_224452.data
110.0 190.0 17 25.06022466960353 0cd9414a_20240908_224516.data
90.0 190.0 17 24.948500000000003 0cd9414a_20240908_224540.data
70.0 190.0 17 24.948500000000003 0cd9414a_20240908_224604.data
50.0 190.0 17 24.948500000000003 0cd9414a_20240908_224628.data
30.0 190.0 17 24.845210526315793 0cd9414a_20240908_224652.data
10.0 190.0 17 24.948500000000003 0cd9414a_20240908_224716.data
10.0 210.0 17 24.948500000000003 0cd9414a_20240908_224740.data
30.0 210.0 17 24.948500000000003 0cd9414a_20240908_224804.data
50.0 210.0 17 24.948500000000003 0cd9414a_20240908_224828.data
70.0 210.0 17 24.948500000000003 0cd9414a_20240908_224852.data
90.0 210.0 17 24.948500000000003 0cd9414a_20240908_224916.data
110.0 210.0 17 24.948500000000003 0cd9414a_20240908_224940.data
130.0 210.0 17 24.948500000000003 0cd9414a_20240908_225004.data
150.0 210.0 17 24.948500000000003 0cd9414a_20240908_225028.data
170.0 210.0 17 24.948500000000003 0cd9414a_20240908_225052.data
190.0 210.0 17 24.948500000000003 0cd9414a_20240908_225116.data
210.0 210.0 17 24.948500000000003 0cd9414a_20240908_225140.data
230.0 210.0 17 24.948500000000003 0cd9414a_20240908_225204.data
250.0 210.0 17 24.948500000000003 0cd9414a_20240908_225228.data
270.0 210.0 17 24.948500000000003 0cd9414a_20240908_225252.data
290.0 210.0 17 24.948500000000003 0cd9414a_20240908_225316.data
290.0 230.0 17 24.948500000000003 0cd9414a_20240908_225340.data
270.0 230.0 17 25.180334801762115 0cd9414a_20240908_225404.data
250.0 230.0 17 24.948500000000003 0cd9414a_20240908_225428.data
230.0 230.0 17 24.948500000000003 0cd9414a_20240908_225452.data
210.0 230.0 17 24.948500000000003 0cd9414a_20240908_225516.data
190.0 230.0 17 24.948500000000003 0cd9414a_20240908_225540.data
170.0 230.0 17 24.948500000000003 0cd9414a_20240908_225604.data
150.0 230.0 17 24.948500000000003 0cd9414a_20240908_225628.data
130.0 230.0 17 24.948500000000003 0cd9414a_20240908_225652.data
110.0 230.0 17 24.948500000000003 0cd9414a_20240908_225716.data
90.0 230.0 17 24.948500000000003 0cd9414a_20240908_225740.data
70.0 230.0 17 24.948500000000003 0cd9414a_20240908_225804.data
50.0 230.0 17 24.948500000000003 0cd9414a_20240908_225828.data
30.0 230.0 17 24.948500000000003 0cd9414a_20240908_225852.data
10.0 230.0 17 24.948500000000003 0cd9414a_20240908_225916.data
10.0 250.0 17 24.948500000000003 0cd9414a_20240908_225940.data
30.0 250.0 17 24.948500000000003 0cd9414a_20240908_230004.data
50.0 250.0 17 24.948500000000003 0cd9414a_20240908_230028.data
70.0 250.0 17 24.948500000000003 0cd9414a_20240908_230052.data
90.0 250.0 17 24.948500000000003 0cd9414a_20240908_230116.data
110.0 250.0 17 25.180334801762115 0cd9414a_20240908_230140.data
130.0 250.0 17 24.948500000000003 0cd9414a_20240908_230204.data
150.0 250.0 17 24.948500000000003 0cd9414a_20240908_230228.data
170.0 250.0 17 24.845210526315793 0cd9414a_20240908_230252.data
190.0 250.0 17 24.948500000000003 0cd9414a_20240908_230316.data
210.0 250.0 17 24.948500000000003 0cd9414a_20240908_230340.data
230.0 250.0 17 24.948500000000003 0cd9414a_20240908_230404.data
250.0 250.0 17 24.948500000000003 0cd9414a_20240908_230428.data
270.0 250.0 17 24.948500000000003 0cd9414a_20240908_230452.data
290.0 250.0 17 25.06022466960353 0cd9414a_20240908_230516.data
290.0 270.0 17 24.948500000000003 0cd9414a_20240908_230540.data
270.0 270.0 17 24.948500000000003 0cd9414a_20240908_230604.data
250.0 270.0 17 24.948500000000003 0cd9414a_20240908_230628.data
230.0 270.0 17 24.948500000000003 0cd9414a_20240908_230652.data
210.0 270.0 17 24.948500000000003 0cd9414a_20240908_230716.data
190.0 270.0 17 24.948500000000003 0cd9414a_20240908_230740.data
170.0 270.0 17 24.948500000000003 0cd9414a_20240908_230804.data
150.0 270.0 17 24.948500000000003 0cd9414a_20240908_230828.data
130.0 270.0 17 24.948500000000003 0cd9414a_20240908_230852.data
110.0 270.0 17 24.948500000000003 0cd9414a_20240908_230916.data
90.0 270.0 17 24.948500000000003 0cd9414a_20240908_230940.data
70.0 270.0 17 24.948500000000003 0cd9414a_20240908_231004.data
50.0 270.0 17 24.948500000000003 0cd9414a_20240908_231028.data
30.0 270.0 17 25.06022466960353 0cd9414a_20240908_231053.data
10.0 270.0 17 24.948500000000003 0cd9414a_20240908_231117.data
10.0 290.0 17 25.06022466960353 0cd9414a_20240908_231141.data
30.0 290.0 17 24.948500000000003 0cd9414a_20240908_231205.data
50.0 290.0 17 25.180334801762115 0cd9414a_20240908_231229.data
70.0 290.0 17 24.948500000000003 0cd9414a_20240908_231253.data
90.0 290.0 17 24.948500000000003 0cd9414a_20240908_231317.data
110.0 290.0 17 25.06022466960353 0cd9414a_20240908_231341.data
130.0 290.0 17 24.948500000000003 0cd9414a_20240908_231405.data
150.0 290.0 17 24.948500000000003 0cd9414a_20240908_231429.data
170.0 290.0 17 24.948500000000003 0cd9414a_20240908_231453.data
190.0 290.0 17 24.948500000000003 0cd9414a_20240908_231517.data
210.0 290.0 17 24.948500000000003 0cd9414a_20240908_231541.data
230.0 290.0 17 24.948500000000003 0cd9414a_20240908_231605.data
250.0 290.0 17 24.948500000000003 0cd9414a_20240908_231629.data
270.0 290.0 17 24.948500000000003 0cd9414a_20240908_231653.data
290.0 290.0 17 -1 0cd9414a_20240908_231717.data
290.0 310.0 17 24.948500000000003 0cd9414a_20240908_231741.data
270.0 310.0 17 24.948500000000003 0cd9414a_20240908_231805.data
250.0 310.0 17 25.06022466960353 0cd9414a_20240908_231829.data
230.0 310.0 17 24.948500000000003 0cd9414a_20240908_231853.data
210.0 310.0 17 24.948500000000003 0cd9414a_20240908_231917.data
190.0 310.0 17 24.948500000000003 0cd9414a_20240908_231941.data
170.0 310.0 17 24.948500000000003 0cd9414a_20240908_232005.data
150.0 310.0 17 24.948500000000003 0cd9414a_20240908_232029.data
130.0 310.0 17 24.948500000000003 0cd9414a_20240908_232053.data
110.0 310.0 17 24.948500000000003 0cd9414a_20240908_232117.data
90.0 310.0 17 24.948500000000003 0cd9414a_20240908_232141.data
70.0 310.0 17 24.948500000000003 0cd9414a_20240908_232205.data
50.0 310.0 17 24.948500000000003 0cd9414a_20240908_232229.data
30.0 310.0 17 24.948500000000003 0cd9414a_20240908_232253.data
10.0 310.0 17 24.948500000000003 0cd9414a_20240908_232317.data
10.0 330.0 17 24.948500000000003 0cd9414a_20240908_232341.data
30.0 330.0 17 24.948500000000003 0cd9414a_20240908_232405.data
50.0 330.0 17 24.948500000000003 0cd9414a_20240908_232429.data
70.0 330.0 17 25.06022466960353 0cd9414a_20240908_232453.data
90.0 330.0 17 24.948500000000003 0cd9414a_20240908_232517.data
110.0 330.0 17 24.948500000000003 0cd9414a_20240908_232541.data
130.0 330.0 17 24.948500000000003 0cd9414a_20240908_232605.data
150.0 330.0 17 24.948500000000003 0cd9414a_20240908_232629.data
170.0 330.0 17 24.948500000000003 0cd9414a_20240908_232653.data
190.0 330.0 17 24.948500000000003 0cd9414a_20240908_232717.data
210.0 330.0 17 24.948500000000003 0cd9414a_20240908_232741.data
230.0 330.0 17 24.948500000000003 0cd9414a_20240908_232805.data
250.0 330.0 17 25.06022466960353 0cd9414a_20240908_232829.data
270.0 330.0 17 24.948500000000003 0cd9414a_20240908_232853.data
290.0 330.0 17 25.06022466960353 0cd9414a_20240908_232917.data
10.0 350.0 17 25.06022466960353 0cd9414a_20240909_094111.data
30.0 350.0 17 24.948500000000003 0cd9414a_20240909_094135.data
50.0 350.0 17 24.948500000000003 0cd9414a_20240909_094159.data
70.0 350.0 17 25.06022466960353 0cd9414a_20240909_094223.data
90.0 350.0 17 24.948500000000003 0cd9414a_20240909_094247.data
110.0 350.0 17 25.06022466960353 0cd9414a_20240909_094311.data
130.0 350.0 17 24.948500000000003 0cd9414a_20240909_094335.data
150.0 350.0 17 25.06022466960353 0cd9414a_20240909_094359.data
170.0 350.0 17 25.06022466960353 0cd9414a_20240909_094423.data
190.0 350.0 17 24.948500000000003 0cd9414a_20240909_094447.data
210.0 350.0 17 24.948500000000003 0cd9414a_20240909_094511.data
230.0 350.0 17 25.06022466960353 0cd9414a_20240909_094535.data
250.0 350.0 17 25.06022466960353 0cd9414a_20240909_094559.data
270.0 350.0 17 25.06022466960353 0cd9414a_20240909_094624.data
290.0 350.0 17 25.06022466960353 0cd9414a_20240909_094648.data
290.0 370.0 17 24.948500000000003 0cd9414a_20240909_094712.data
270.0 370.0 17 25.06022466960353 0cd9414a_20240909_094736.data
250.0 370.0 17 24.948500000000003 0cd9414a_20240909_094800.data
230.0 370.0 17 25.06022466960353 0cd9414a_20240909_094824.data
210.0 370.0 17 25.06022466960353 0cd9414a_20240909_094848.data
190.0 370.0 17 24.948500000000003 0cd9414a_20240909_094912.data
170.0 370.0 17 25.06022466960353 0cd9414a_20240909_094936.data
150.0 370.0 17 24.948500000000003 0cd9414a_20240909_095000.data
130.0 370.0 17 24.948500000000003 0cd9414a_20240909_095024.data
110.0 370.0 17 24.948500000000003 0cd9414a_20240909_095048.data
90.0 370.0 17 24.948500000000003 0cd9414a_20240909_095112.data
70.0 370.0 17 24.948500000000003 0cd9414a_20240909_095136.data
50.0 370.0 17 25.180334801762115 0cd9414a_20240909_095200.data
30.0 370.0 17 25.06022466960353 0cd9414a_20240909_095224.data
10.0 370.0 17 24.948500000000003 0cd9414a_20240909_095248.data
10.0 390.0 17 24.845210526315793 0cd9414a_20240909_095312.data
30.0 390.0 17 24.948500000000003 0cd9414a_20240909_095336.data
50.0 390.0 17 25.180334801762115 0cd9414a_20240909_095400.data
70.0 390.0 17 24.845210526315793 0cd9414a_20240909_095424.data
90.0 390.0 17 24.948500000000003 0cd9414a_20240909_095448.data
110.0 390.0 17 24.948500000000003 0cd9414a_20240909_095512.data
130.0 390.0 17 25.06022466960353 0cd9414a_20240909_095536.data
150.0 390.0 17 24.948500000000003 0cd9414a_20240909_095600.data
170.0 390.0 17 24.948500000000003 0cd9414a_20240909_095624.data
190.0 390.0 17 24.948500000000003 0cd9414a_20240909_095648.data
210.0 390.0 17 25.06022466960353 0cd9414a_20240909_095712.data
230.0 390.0 17 25.06022466960353 0cd9414a_20240909_095736.data
250.0 390.0 17 25.06022466960353 0cd9414a_20240909_095800.data
270.0 390.0 17 25.06022466960353 0cd9414a_20240909_095824.data
290.0 390.0 17 25.06022466960353 0cd9414a_20240909_095848.data
290.0 410.0 17 25.06022466960353 0cd9414a_20240909_095912.data
270.0 410.0 17 24.948500000000003 0cd9414a_20240909_095936.data
250.0 410.0 17 24.948500000000003 0cd9414a_20240909_100000.data
230.0 410.0 17 24.948500000000003 0cd9414a_20240909_100024.data
210.0 410.0 17 24.948500000000003 0cd9414a_20240909_100048.data
190.0 410.0 17 25.06022466960353 0cd9414a_20240909_100112.data
170.0 410.0 17 25.06022466960353 0cd9414a_20240909_100136.data
150.0 410.0 17 24.948500000000003 0cd9414a_20240909_100200.data
130.0 410.0 17 24.948500000000003 0cd9414a_20240909_100224.data
110.0 410.0 17 25.06022466960353 0cd9414a_20240909_100248.data
90.0 410.0 17 24.845210526315793 0cd9414a_20240909_100312.data
70.0 410.0 17 25.06022466960353 0cd9414a_20240909_100336.data
50.0 410.0 17 24.948500000000003 0cd9414a_20240909_100400.data
30.0 410.0 17 24.948500000000003 0cd9414a_20240909_100424.data
10.0 410.0 17 24.948500000000003 0cd9414a_20240909_100448.data
10.0 430.0 17 25.06022466960353 0cd9414a_20240909_100512.data
30.0 430.0 17 24.948500000000003 0cd9414a_20240909_100536.data
50.0 430.0 17 24.948500000000003 0cd9414a_20240909_100600.data
70.0 430.0 17 24.948500000000003 0cd9414a_20240909_100624.data
90.0 430.0 17 24.948500000000003 0cd9414a_20240909_100648.data
110.0 430.0 17 24.948500000000003 0cd9414a_20240909_100712.data
130.0 430.0 17 25.06022466960353 0cd9414a_20240909_100736.data
150.0 430.0 17 24.948500000000003 0cd9414a_20240909_100800.data
170.0 430.0 17 25.180334801762115 0cd9414a_20240909_100824.data
190.0 430.0 17 25.180334801762115 0cd9414a_20240909_100848.data
210.0 430.0 17 24.948500000000003 0cd9414a_20240909_100912.data
230.0 430.0 17 24.948500000000003 0cd9414a_20240909_100936.data
250.0 430.0 17 24.845210526315793 0cd9414a_20240909_101000.data
270.0 430.0 17 25.06022466960353 0cd9414a_20240909_101024.data
290.0 430.0 17 24.948500000000003 0cd9414a_20240909_101048.data
290.0 450.0 17 25.06022466960353 0cd9414a_20240909_101112.data
270.0 450.0 17 24.948500000000003 0cd9414a_20240909_101136.data
250.0 450.0 17 25.06022466960353 0cd9414a_20240909_101200.data
230.0 450.0 17 24.948500000000003 0cd9414a_20240909_101224.data
210.0 450.0 17 24.948500000000003 0cd9414a_20240909_101248.data
190.0 450.0 17 25.06022466960353 0cd9414a_20240909_101312.data
170.0 450.0 17 25.06022466960353 0cd9414a_20240909_101336.data
150.0 450.0 17 24.948500000000003 0cd9414a_20240909_101400.data
130.0 450.0 17 24.948500000000003 0cd9414a_20240909_101424.data
110.0 450.0 17 24.948500000000003 0cd9414a_20240909_101448.data
90.0 450.0 17 25.06022466960353 0cd9414a_20240909_101512.data
70.0 450.0 17 25.06022466960353 0cd9414a_20240909_101536.data
50.0 450.0 17 24.948500000000003 0cd9414a_20240909_101600.data
30.0 450.0 17 24.948500000000003 0cd9414a_20240909_101624.data
10.0 450.0 17 25.06022466960353 0cd9414a_20240909_101648.data
10.0 470.0 17 25.06022466960353 0cd9414a_20240909_101712.data
30.0 470.0 17 24.948500000000003 0cd9414a_20240909_101736.data
50.0 470.0 17 24.948500000000003 0cd9414a_20240909_101800.data
70.0 470.0 17 25.06022466960353 0cd9414a_20240909_101825.data
90.0 470.0 17 24.948500000000003 0cd9414a_20240909_101849.data
110.0 470.0 17 24.948500000000003 0cd9414a_20240909_101913.data
130.0 470.0 17 24.948500000000003 0cd9414a_20240909_101937.data
150.0 470.0 17 25.06022466960353 0cd9414a_20240909_102001.data
170.0 470.0 17 25.06022466960353 0cd9414a_20240909_102025.data
190.0 470.0 17 24.948500000000003 0cd9414a_20240909_102049.data
210.0 470.0 17 25.06022466960353 0cd9414a_20240909_102113.data
230.0 470.0 17 25.06022466960353 0cd9414a_20240909_102137.data
250.0 470.0 17 24.948500000000003 0cd9414a_20240909_102201.data
270.0 470.0 17 25.06022466960353 0cd9414a_20240909_102225.data
290.0 470.0 17 25.06022466960353 0cd9414a_20240909_102249.data
