-1 -1 -1 25.06022466960353 0cd9414a_20240908_174336.data
10.0 10.0 17 24.948500000000003 0cd9414a_20240908_174415.data
30.0 10.0 17 25.299982378854633 0cd9414a_20240908_174439.data
50.0 10.0 17 25.180334801762115 0cd9414a_20240908_174503.data
70.0 10.0 17 25.299982378854633 0cd9414a_20240908_174527.data
90.0 10.0 17 25.180334801762115 0cd9414a_20240908_174551.data
110.0 10.0 17 25.06022466960353 0cd9414a_20240908_174615.data
130.0 10.0 17 25.06022466960353 0cd9414a_20240908_174639.data
150.0 10.0 17 25.06022466960353 0cd9414a_20240908_174703.data
170.0 10.0 17 25.180334801762115 0cd9414a_20240908_174727.data
190.0 10.0 17 24.948500000000003 0cd9414a_20240908_174751.data
210.0 10.0 17 25.06022466960353 0cd9414a_20240908_174815.data
230.0 10.0 17 25.180334801762115 0cd9414a_20240908_174839.data
250.0 10.0 17 25.299982378854633 0cd9414a_20240908_174903.data
270.0 10.0 17 25.299982378854633 0cd9414a_20240908_174927.data
290.0 10.0 17 24.948500000000003 0cd9414a_20240908_174951.data
290.0 30.0 17 24.948500000000003 0cd9414a_20240908_175015.data
270.0 30.0 17 24.948500000000003 0cd9414a_20240908_175039.data
250.0 30.0 17 24.948500000000003 0cd9414a_20240908_175103.data
230.0 30.0 17 24.845210526315793 0cd9414a_20240908_175127.data
210.0 30.0 17 25.180334801762115 0cd9414a_20240908_175151.data
190.0 30.0 17 25.180334801762115 0cd9414a_20240908_175215.data
170.0 30.0 17 25.180334801762115 0cd9414a_20240908_175239.data
150.0 30.0 17 25.299982378854633 0cd9414a_20240908_175303.data
130.0 30.0 17 25.299982378854633 0cd9414a_20240908_175327.data
110.0 30.0 17 25.180334801762115 0cd9414a_20240908_175351.data
90.0 30.0 17 25.180334801762115 0cd9414a_20240908_175415.data
70.0 30.0 17 25.299982378854633 0cd9414a_20240908_175439.data
50.0 30.0 17 25.299982378854633 0cd9414a_20240908_175503.data
30.0 30.0 17 25.299982378854633 0cd9414a_20240908_175527.data
10.0 30.0 17 25.180334801762115 0cd9414a_20240908_175551.data
10.0 50.0 17 25.299982378854633 0cd9414a_20240908_175615.data
30.0 50.0 17 25.180334801762115 0cd9414a_20240908_175639.data
50.0 50.0 17 25.299982378854633 0cd9414a_20240908_175703.data
70.0 50.0 17 25.299982378854633 0cd9414a_20240908_175727.data
90.0 50.0 17 25.299982378854633 0cd9414a_20240908_175752.data
110.0 50.0 17 25.299982378854633 0cd9414a_20240908_175815.data
130.0 50.0 17 24.948500000000003 0cd9414a_20240908_175839.data
150.0 50.0 17 24.948500000000003 0cd9414a_20240908_175904.data
170.0 50.0 17 24.948500000000003 0cd9414a_20240908_175927.data
190.0 50.0 17 24.948500000000003 0cd9414a_20240908_175951.data
210.0 50.0 17 25.180334801762115 0cd9414a_20240908_180016.data
230.0 50.0 17 24.845210526315793 0cd9414a_20240908_180040.data
250.0 50.0 17 25.06022466960353 0cd9414a_20240908_180104.data
270.0 50.0 17 25.06022466960353 0cd9414a_20240908_180128.data
290.0 50.0 17 25.299982378854633 0cd9414a_20240908_180152.data
290.0 70.0 17 25.180334801762115 0cd9414a_20240908_180216.data
270.0 70.0 17 25.299982378854633 0cd9414a_20240908_180240.data
250.0 70.0 17 25.06022466960353 0cd9414a_20240908_180304.data
230.0 70.0 17 24.948500000000003 0cd9414a_20240908_180328.data
210.0 70.0 17 24.948500000000003 0cd9414a_20240908_180352.data
190.0 70.0 17 25.06022466960353 0cd9414a_20240908_180416.data
170.0 70.0 17 25.06022466960353 0cd9414a_20240908_180440.data
150.0 70.0 17 24.948500000000003 0cd9414a_20240908_180504.data
130.0 70.0 17 25.180334801762115 0cd9414a_20240908_180528.data
110.0 70.0 17 25.299982378854633 0cd9414a_20240908_180552.data
90.0 70.0 17 25.299982378854633 0cd9414a_20240908_180616.data
70.0 70.0 17 25.299982378854633 0cd9414a_20240908_180640.data
50.0 70.0 17 25.180334801762115 0cd9414a_20240908_180704.data
30.0 70.0 17 24.948500000000003 0cd9414a_20240908_180728.data
10.0 70.0 17 25.180334801762115 0cd9414a_20240908_180752.data
10.0 90.0 17 25.180334801762115 0cd9414a_20240908_180816.data
30.0 90.0 17 25.180334801762115 0cd9414a_20240908_180840.data
50.0 90.0 17 25.06022466960353 0cd9414a_20240908_180904.data
70.0 90.0 17 24.948500000000003 0cd9414a_20240908_180928.data
90.0 90.0 17 24.948500000000003 0cd9414a_20240908_180952.data
110.0 90.0 17 24.948500000000003 0cd9414a_20240908_181016.data
130.0 90.0 17 24.948500000000003 0cd9414a_20240908_181040.data
150.0 90.0 17 25.180334801762115 0cd9414a_20240908_181104.data
170.0 90.0 17 25.06022466960353 0cd9414a_20240908_181128.data
190.0 90.0 17 25.180334801762115 0cd9414a_20240908_181152.data
210.0 90.0 17 25.06022466960353 0cd9414a_20240908_181216.data
230.0 90.0 17 24.948500000000003 0cd9414a_20240908_181240.data
250.0 90.0 17 24.845210526315793 0cd9414a_20240908_181304.data
270.0 90.0 17 24.948500000000003 0cd9414a_20240908_181328.data
290.0 90.0 17 25.180334801762115 0cd9414a_20240908_181352.data
290.0 110.0 17 25.180334801762115 0cd9414a_20240908_181416.data
270.0 110.0 17 25.180334801762115 0cd9414a_20240908_181440.data
250.0 110.0 17 24.948500000000003 0cd9414a_20240908_181504.data
230.0 110.0 17 25.180334801762115 0cd9414a_20240908_181528.data
210.0 110.0 17 25.180334801762115 0cd9414a_20240908_181552.data
190.0 110.0 17 24.948500000000003 0cd9414a_20240908_181616.data
170.0 110.0 17 25.06022466960353 0cd9414a_20240908_181640.data
150.0 110.0 17 25.180334801762115 0cd9414a_20240908_181704.data
130.0 110.0 17 25.180334801762115 0cd9414a_20240908_181728.data
110.0 110.0 17 25.180334801762115 0cd9414a_20240908_181752.data
90.0 110.0 17 25.06022466960353 0cd9414a_20240908_181816.data
70.0 110.0 17 24.948500000000003 0cd9414a_20240908_181840.data
50.0 110.0 17 25.06022466960353 0cd9414a_20240908_181904.data
30.0 110.0 17 25.06022466960353 0cd9414a_20240908_181928.data
10.0 110.0 17 25.299982378854633 0cd9414a_20240908_181952.data
10.0 130.0 17 25.180334801762115 0cd9414a_20240908_182016.data
30.0 130.0 17 24.948500000000003 0cd9414a_20240908_182040.data
50.0 130.0 17 24.948500000000003 0cd9414a_20240908_182104.data
70.0 130.0 17 24.948500000000003 0cd9414a_20240908_182128.data
90.0 130.0 17 24.948500000000003 0cd9414a_20240908_182152.data
110.0 130.0 17 25.180334801762115 0cd9414a_20240908_182216.data
130.0 130.0 17 25.180334801762115 0cd9414a_20240908_182240.data
150.0 130.0 17 25.299982378854633 0cd9414a_20240908_182304.data
170.0 130.0 17 24.948500000000003 0cd9414a_20240908_182328.data
190.0 130.0 17 24.948500000000003 0cd9414a_20240908_182352.data
210.0 130.0 17 25.06022466960353 0cd9414a_20240908_182416.data
230.0 130.0 17 25.180334801762115 0cd9414a_20240908_182440.data
250.0 130.0 17 25.180334801762115 0cd9414a_20240908_182504.data
270.0 130.0 17 25.299982378854633 0cd9414a_20240908_182528.data
290.0 130.0 17 24.948500000000003 0cd9414a_20240908_182552.data
290.0 150.0 17 25.180334801762115 0cd9414a_20240908_182616.data
270.0 150.0 17 25.180334801762115 0cd9414a_20240908_182640.data
250.0 150.0 17 24.948500000000003 0cd9414a_20240908_182704.data
230.0 150.0 17 24.948500000000003 0cd9414a_20240908_182728.data
210.0 150.0 17 25.180334801762115 0cd9414a_20240908_182752.data
190.0 150.0 17 25.180334801762115 0cd9414a_20240908_182816.data
170.0 150.0 17 25.06022466960353 0cd9414a_20240908_182840.data
150.0 150.0 17 25.06022466960353 0cd9414a_20240908_182904.data
130.0 150.0 17 25.180334801762115 0cd9414a_20240908_182928.data
110.0 150.0 17 25.299982378854633 0cd9414a_20240908_182952.data
90.0 150.0 17 25.180334801762115 0cd9414a_20240908_183016.data
70.0 150.0 17 24.948500000000003 0cd9414a_20240908_183040.data
50.0 150.0 17 24.948500000000003 0cd9414a_20240908_183104.data
30.0 150.0 17 25.180334801762115 0cd9414a_20240908_183128.data
10.0 150.0 17 25.299982378854633 0cd9414a_20240908_183152.data
10.0 170.0 17 25.180334801762115 0cd9414a_20240908_183216.data
30.0 170.0 17 25.180334801762115 0cd9414a_20240908_183240.data
50.0 170.0 17 24.845210526315793 0cd9414a_20240908_183304.data
70.0 170.0 17 25.06022466960353 0cd9414a_20240908_183329.data
90.0 170.0 17 25.180334801762115 0cd9414a_20240908_183353.data
110.0 170.0 17 25.180334801762115 0cd9414a_20240908_183417.data
130.0 170.0 17 25.180334801762115 0cd9414a_20240908_183441.data
150.0 170.0 17 25.180334801762115 0cd9414a_20240908_183505.data
170.0 170.0 17 25.06022466960353 0cd9414a_20240908_183529.data
190.0 170.0 17 24.948500000000003 0cd9414a_20240908_183553.data
210.0 170.0 17 25.299982378854633 0cd9414a_20240908_183617.data
230.0 170.0 17 25.299982378854633 0cd9414a_20240908_183641.data
250.0 170.0 17 25.299982378854633 0cd9414a_20240908_183705.data
270.0 170.0 17 24.948500000000003 0cd9414a_20240908_183729.data
290.0 170.0 17 25.06022466960353 0cd9414a_20240908_183753.data
290.0 190.0 17 25.06022466960353 0cd9414a_20240908_183817.data
270.0 190.0 17 25.299982378854633 0cd9414a_20240908_183841.data
250.0 190.0 17 25.299982378854633 0cd9414a_20240908_183905.data
230.0 190.0 17 25.06022466960353 0cd9414a_20240908_183929.data
210.0 190.0 17 25.180334801762115 0cd9414a_20240908_183953.data
190.0 190.0 17 25.299982378854633 0cd9414a_20240908_184017.data
170.0 190.0 17 25.299982378854633 0cd9414a_20240908_184041.data
150.0 190.0 17 24.948500000000003 0cd9414a_20240908_184105.data
130.0 190.0 17 24.948500000000003 0cd9414a_20240908_184129.data
110.0 190.0 17 25.06022466960353 0cd9414a_20240908_184153.data
90.0 190.0 17 25.180334801762115 0cd9414a_20240908_184217.data
70.0 190.0 17 25.299982378854633 0cd9414a_20240908_184241.data
50.0 190.0 17 24.845210526315793 0cd9414a_20240908_184305.data
30.0 190.0 17 25.06022466960353 0cd9414a_20240908_184329.data
10.0 190.0 17 24.948500000000003 0cd9414a_20240908_184353.data
10.0 210.0 17 25.180334801762115 0cd9414a_20240908_184417.data
30.0 210.0 17 25.180334801762115 0cd9414a_20240908_184441.data
50.0 210.0 17 25.06022466960353 0cd9414a_20240908_184505.data
70.0 210.0 17 25.299982378854633 0cd9414a_20240908_184529.data
90.0 210.0 17 24.948500000000003 0cd9414a_20240908_184553.data
110.0 210.0 17 24.948500000000003 0cd9414a_20240908_184617.data
130.0 210.0 17 25.06022466960353 0cd9414a_20240908_184641.data
150.0 210.0 17 25.180334801762115 0cd9414a_20240908_184705.data
170.0 210.0 17 25.180334801762115 0cd9414a_20240908_184729.data
190.0 210.0 17 25.299982378854633 0cd9414a_20240908_184753.data
210.0 210.0 17 24.948500000000003 0cd9414a_20240908_184817.data
230.0 210.0 17 25.06022466960353 0cd9414a_20240908_184841.data
250.0 210.0 17 25.06022466960353 0cd9414a_20240908_184905.data
270.0 210.0 17 25.299982378854633 0cd9414a_20240908_184929.data
290.0 210.0 17 25.180334801762115 0cd9414a_20240908_184953.data
290.0 230.0 17 24.948500000000003 0cd9414a_20240908_185017.data
270.0 230.0 17 25.180334801762115 0cd9414a_20240908_185041.data
250.0 230.0 17 25.180334801762115 0cd9414a_20240908_185105.data
230.0 230.0 17 25.180334801762115 0cd9414a_20240908_185129.data
210.0 230.0 17 25.06022466960353 0cd9414a_20240908_185153.data
190.0 230.0 17 25.06022466960353 0cd9414a_20240908_185217.data
170.0 230.0 17 25.180334801762115 0cd9414a_20240908_185241.data
150.0 230.0 17 24.845210526315793 0cd9414a_20240908_185305.data
130.0 230.0 17 25.180334801762115 0cd9414a_20240908_185329.data
110.0 230.0 17 24.845210526315793 0cd9414a_20240908_185353.data
90.0 230.0 17 24.948500000000003 0cd9414a_20240908_185417.data
70.0 230.0 17 25.180334801762115 0cd9414a_20240908_185441.data
50.0 230.0 17 25.180334801762115 0cd9414a_20240908_185505.data
30.0 230.0 17 25.180334801762115 0cd9414a_20240908_185529.data
10.0 230.0 17 24.845210526315793 0cd9414a_20240908_185553.data
10.0 250.0 17 24.948500000000003 0cd9414a_20240908_185617.data
30.0 250.0 17 25.299982378854633 0cd9414a_20240908_185641.data
50.0 250.0 17 25.180334801762115 0cd9414a_20240908_185705.data
70.0 250.0 17 25.180334801762115 0cd9414a_20240908_185729.data
90.0 250.0 17 24.948500000000003 0cd9414a_20240908_185753.data
110.0 250.0 17 24.948500000000003 0cd9414a_20240908_185817.data
130.0 250.0 17 25.06022466960353 0cd9414a_20240908_185841.data
150.0 250.0 17 25.180334801762115 0cd9414a_20240908_185905.data
170.0 250.0 17 25.299982378854633 0cd9414a_20240908_185929.data
190.0 250.0 17 25.299982378854633 0cd9414a_20240908_185953.data
210.0 250.0 17 24.948500000000003 0cd9414a_20240908_190017.data
230.0 250.0 17 25.06022466960353 0cd9414a_20240908_190041.data
250.0 250.0 17 25.06022466960353 0cd9414a_20240908_190105.data
270.0 250.0 17 25.180334801762115 0cd9414a_20240908_190129.data
290.0 250.0 17 25.180334801762115 0cd9414a_20240908_190153.data
290.0 270.0 17 25.299982378854633 0cd9414a_20240908_190217.data
270.0 270.0 17 24.948500000000003 0cd9414a_20240908_190241.data
250.0 270.0 17 25.06022466960353 0cd9414a_20240908_190305.data
230.0 270.0 17 24.948500000000003 0cd9414a_20240908_190329.data
210.0 270.0 17 25.180334801762115 0cd9414a_20240908_190354.data
190.0 270.0 17 25.180334801762115 0cd9414a_20240908_190417.data
170.0 270.0 17 25.299982378854633 0cd9414a_20240908_190442.data
150.0 270.0 17 24.948500000000003 0cd9414a_20240908_190506.data
130.0 270.0 17 24.948500000000003 0cd9414a_20240908_190530.data
110.0 270.0 17 25.299982378854633 0cd9414a_20240908_190554.data
90.0 270.0 17 25.180334801762115 0cd9414a_20240908_190618.data
70.0 270.0 17 24.948500000000003 0cd9414a_20240908_190642.data
50.0 270.0 17 25.06022466960353 0cd9414a_20240908_190706.data
30.0 270.0 17 25.180334801762115 0cd9414a_20240908_190730.data
10.0 270.0 17 25.180334801762115 0cd9414a_20240908_190754.data
10.0 290.0 17 24.948500000000003 0cd9414a_20240908_190818.data
30.0 290.0 17 25.180334801762115 0cd9414a_20240908_190842.data
50.0 290.0 17 25.180334801762115 0cd9414a_20240908_190906.data
70.0 290.0 17 25.180334801762115 0cd9414a_20240908_190930.data
90.0 290.0 17 24.845210526315793 0cd9414a_20240908_190954.data
110.0 290.0 17 24.948500000000003 0cd9414a_20240908_191018.data
130.0 290.0 17 25.180334801762115 0cd9414a_20240908_191042.data
150.0 290.0 17 25.299982378854633 0cd9414a_20240908_191106.data
170.0 290.0 17 25.180334801762115 0cd9414a_20240908_191130.data
190.0 290.0 17 24.948500000000003 0cd9414a_20240908_191154.data
210.0 290.0 17 24.948500000000003 0cd9414a_20240908_191218.data
230.0 290.0 17 25.180334801762115 0cd9414a_20240908_191242.data
250.0 290.0 17 25.299982378854633 0cd9414a_20240908_191306.data
270.0 290.0 17 25.180334801762115 0cd9414a_20240908_191330.data
290.0 290.0 17 25.180334801762115 0cd9414a_20240908_191354.data
290.0 310.0 17 25.180334801762115 0cd9414a_20240908_191418.data
270.0 310.0 17 24.948500000000003 0cd9414a_20240908_191442.data
250.0 310.0 17 25.180334801762115 0cd9414a_20240908_191506.data
230.0 310.0 17 25.180334801762115 0cd9414a_20240908_191530.data
210.0 310.0 17 -1 0cd9414a_20240908_191554.data
190.0 310.0 17 25.180334801762115 0cd9414a_20240908_191618.data
170.0 310.0 17 24.948500000000003 0cd9414a_20240908_191642.data
150.0 310.0 17 24.845210526315793 0cd9414a_20240908_191706.data
130.0 310.0 17 25.180334801762115 0cd9414a_20240908_191730.data
110.0 310.0 17 25.180334801762115 0cd9414a_20240908_191754.data
90.0 310.0 17 25.299982378854633 0cd9414a_20240908_191818.data
70.0 310.0 17 -1 0cd9414a_20240908_191842.data
50.0 310.0 17 25.06022466960353 0cd9414a_20240908_191906.data
30.0 310.0 17 25.06022466960353 0cd9414a_20240908_191930.data
10.0 310.0 17 25.06022466960353 0cd9414a_20240908_191954.data
10.0 330.0 17 25.06022466960353 0cd9414a_20240908_192018.data
30.0 330.0 17 25.06022466960353 0cd9414a_20240908_192042.data
50.0 330.0 17 25.06022466960353 0cd9414a_20240908_192106.data
70.0 330.0 17 25.06022466960353 0cd9414a_20240908_192130.data
90.0 330.0 17 25.06022466960353 0cd9414a_20240908_192154.data
110.0 330.0 17 25.06022466960353 0cd9414a_20240908_192218.data
130.0 330.0 17 25.06022466960353 0cd9414a_20240908_192242.data
150.0 330.0 17 25.06022466960353 0cd9414a_20240908_192306.data
170.0 330.0 17 25.06022466960353 0cd9414a_20240908_192330.data
190.0 330.0 17 25.06022466960353 0cd9414a_20240908_192354.data
210.0 330.0 17 25.06022466960353 0cd9414a_20240908_192418.data
230.0 330.0 17 25.06022466960353 0cd9414a_20240908_192442.data
250.0 330.0 17 25.06022466960353 0cd9414a_20240908_192506.data
270.0 330.0 17 25.06022466960353 0cd9414a_20240908_192530.data
290.0 330.0 17 25.06022466960353 0cd9414a_20240908_192554.data
10.0 350.0 17 25.06022466960353 0cd9414a_20240908_200536.data
30.0 350.0 17 25.06022466960353 0cd9414a_20240908_200600.data
50.0 350.0 17 25.06022466960353 0cd9414a_20240908_200624.data
70.0 350.0 17 25.06022466960353 0cd9414a_20240908_200648.data
90.0 350.0 17 25.06022466960353 0cd9414a_20240908_200712.data
110.0 350.0 17 25.06022466960353 0cd9414a_20240908_200736.data
130.0 350.0 17 25.06022466960353 0cd9414a_20240908_200800.data
150.0 350.0 17 25.06022466960353 0cd9414a_20240908_200824.data
170.0 350.0 17 25.06022466960353 0cd9414a_20240908_200848.data
190.0 350.0 17 25.06022466960353 0cd9414a_20240908_200912.data
210.0 350.0 17 25.06022466960353 0cd9414a_20240908_200936.data
230.0 350.0 17 25.06022466960353 0cd9414a_20240908_201000.data
250.0 350.0 17 25.06022466960353 0cd9414a_20240908_201024.data
270.0 350.0 17 25.06022466960353 0cd9414a_20240908_201048.data
290.0 350.0 17 25.06022466960353 0cd9414a_20240908_201112.data
290.0 370.0 17 25.180334801762115 0cd9414a_20240908_201136.data
270.0 370.0 17 25.299982378854633 0cd9414a_20240908_201200.data
250.0 370.0 17 24.948500000000003 0cd9414a_20240908_201224.data
230.0 370.0 17 25.180334801762115 0cd9414a_20240908_201248.data
210.0 370.0 17 24.948500000000003 0cd9414a_20240908_201312.data
190.0 370.0 17 25.06022466960353 0cd9414a_20240908_201336.data
170.0 370.0 17 25.06022466960353 0cd9414a_20240908_201400.data
150.0 370.0 17 25.06022466960353 0cd9414a_20240908_201424.data
130.0 370.0 17 25.299982378854633 0cd9414a_20240908_201449.data
110.0 370.0 17 25.06022466960353 0cd9414a_20240908_201513.data
90.0 370.0 17 24.948500000000003 0cd9414a_20240908_201537.data
70.0 370.0 17 25.06022466960353 0cd9414a_20240908_201601.data
50.0 370.0 17 25.06022466960353 0cd9414a_20240908_201625.data
30.0 370.0 17 25.06022466960353 0cd9414a_20240908_201649.data
10.0 370.0 17 25.06022466960353 0cd9414a_20240908_201713.data
10.0 390.0 17 25.06022466960353 0cd9414a_20240908_201737.data
30.0 390.0 17 25.06022466960353 0cd9414a_20240908_201801.data
50.0 390.0 17 25.06022466960353 0cd9414a_20240908_201825.data
70.0 390.0 17 25.06022466960353 0cd9414a_20240908_201849.data
90.0 390.0 17 25.06022466960353 0cd9414a_20240908_201913.data
110.0 390.0 17 25.06022466960353 0cd9414a_20240908_201937.data
130.0 390.0 17 25.06022466960353 0cd9414a_20240908_202001.data
150.0 390.0 17 25.06022466960353 0cd9414a_20240908_202025.data
170.0 390.0 17 25.06022466960353 0cd9414a_20240908_202049.data
190.0 390.0 17 25.06022466960353 0cd9414a_20240908_202113.data
210.0 390.0 17 25.06022466960353 0cd9414a_20240908_202137.data
230.0 390.0 17 25.06022466960353 0cd9414a_20240908_202201.data
250.0 390.0 17 25.06022466960353 0cd9414a_20240908_202225.data
270.0 390.0 17 25.06022466960353 0cd9414a_20240908_202249.data
290.0 390.0 17 25.06022466960353 0cd9414a_20240908_202313.data
290.0 410.0 17 25.06022466960353 0cd9414a_20240908_202337.data
270.0 410.0 17 25.06022466960353 0cd9414a_20240908_202401.data
250.0 410.0 17 25.06022466960353 0cd9414a_20240908_202425.data
230.0 410.0 17 25.06022466960353 0cd9414a_20240908_202449.data
210.0 410.0 17 25.06022466960353 0cd9414a_20240908_202513.data
190.0 410.0 17 25.06022466960353 0cd9414a_20240908_202537.data
170.0 410.0 17 25.06022466960353 0cd9414a_20240908_202601.data
150.0 410.0 17 25.180334801762115 0cd9414a_20240908_202625.data
130.0 410.0 17 25.299982378854633 0cd9414a_20240908_202649.data
110.0 410.0 17 25.180334801762115 0cd9414a_20240908_202713.data
90.0 410.0 17 25.06022466960353 0cd9414a_20240908_202737.data
70.0 410.0 17 24.948500000000003 0cd9414a_20240908_202801.data
50.0 410.0 17 25.299982378854633 0cd9414a_20240908_202825.data
30.0 410.0 17 25.299982378854633 0cd9414a_20240908_202849.data
10.0 410.0 17 25.299982378854633 0cd9414a_20240908_202913.data
10.0 430.0 17 25.06022466960353 0cd9414a_20240908_202937.data
30.0 430.0 17 25.06022466960353 0cd9414a_20240908_203001.data
50.0 430.0 17 25.06022466960353 0cd9414a_20240908_203025.data
70.0 430.0 17 24.948500000000003 0cd9414a_20240908_203049.data
90.0 430.0 17 25.299982378854633 0cd9414a_20240908_203113.data
110.0 430.0 17 25.06022466960353 0cd9414a_20240908_203137.data
130.0 430.0 17 25.06022466960353 0cd9414a_20240908_203201.data
150.0 430.0 17 25.06022466960353 0cd9414a_20240908_203225.data
170.0 430.0 17 24.845210526315793 0cd9414a_20240908_203249.data
190.0 430.0 17 25.06022466960353 0cd9414a_20240908_203313.data
210.0 430.0 17 25.06022466960353 0cd9414a_20240908_203337.data
230.0 430.0 17 25.299982378854633 0cd9414a_20240908_203401.data
250.0 430.0 17 25.299982378854633 0cd9414a_20240908_203425.data
270.0 430.0 17 25.06022466960353 0cd9414a_20240908_203449.data
290.0 430.0 17 25.06022466960353 0cd9414a_20240908_203513.data
290.0 450.0 17 25.06022466960353 0cd9414a_20240908_203537.data
270.0 450.0 17 24.948500000000003 0cd9414a_20240908_203601.data
250.0 450.0 17 25.06022466960353 0cd9414a_20240908_203625.data
230.0 450.0 17 25.06022466960353 0cd9414a_20240908_203649.data
210.0 450.0 17 25.06022466960353 0cd9414a_20240908_203713.data
190.0 450.0 17 25.06022466960353 0cd9414a_20240908_203737.data
170.0 450.0 17 25.06022466960353 0cd9414a_20240908_203801.data
150.0 450.0 17 25.06022466960353 0cd9414a_20240908_203825.data
130.0 450.0 17 25.06022466960353 0cd9414a_20240908_203849.data
110.0 450.0 17 25.06022466960353 0cd9414a_20240908_203913.data
90.0 450.0 17 25.06022466960353 0cd9414a_20240908_203937.data
70.0 450.0 17 25.06022466960353 0cd9414a_20240908_204001.data
50.0 450.0 17 25.06022466960353 0cd9414a_20240908_204025.data
30.0 450.0 17 25.06022466960353 0cd9414a_20240908_204049.data
10.0 450.0 17 25.06022466960353 0cd9414a_20240908_204113.data
10.0 470.0 17 25.06022466960353 0cd9414a_20240908_204137.data
30.0 470.0 17 25.06022466960353 0cd9414a_20240908_204201.data
50.0 470.0 17 25.06022466960353 0cd9414a_20240908_204225.data
70.0 470.0 17 25.06022466960353 0cd9414a_20240908_204249.data
90.0 470.0 17 25.06022466960353 0cd9414a_20240908_204313.data
110.0 470.0 17 25.06022466960353 0cd9414a_20240908_204337.data
130.0 470.0 17 25.06022466960353 0cd9414a_20240908_204401.data
150.0 470.0 17 25.06022466960353 0cd9414a_20240908_204425.data
170.0 470.0 17 25.06022466960353 0cd9414a_20240908_204449.data
190.0 470.0 17 25.06022466960353 0cd9414a_20240908_204513.data
210.0 470.0 17 25.06022466960353 0cd9414a_20240908_204537.data
230.0 470.0 17 25.06022466960353 0cd9414a_20240908_204601.data
250.0 470.0 17 25.06022466960353 0cd9414a_20240908_204625.data
270.0 470.0 17 25.06022466960353 0cd9414a_20240908_204649.data
290.0 470.0 17 25.299982378854633 0cd9414a_20240908_204714.data
