-1 -1 -1 23.178749999999997 mpd_20250402_132147.data
10.0 10.0 17 23.283325 mpd_20250402_132227.data
30.0 10.0 17 23.073725 mpd_20250402_132252.data
50.0 10.0 17 23.178749999999997 mpd_20250402_132317.data
70.0 10.0 17 23.073725 mpd_20250402_132342.data
90.0 10.0 17 23.073725 mpd_20250402_132407.data
110.0 10.0 17 23.073725 mpd_20250402_132432.data
130.0 10.0 17 23.073725 mpd_20250402_132457.data
150.0 10.0 17 23.073725 mpd_20250402_132522.data
170.0 10.0 17 23.073725 mpd_20250402_132547.data
190.0 10.0 17 23.178749999999997 mpd_20250402_132612.data
210.0 10.0 17 23.178749999999997 mpd_20250402_132637.data
230.0 10.0 17 23.073725 mpd_20250402_132702.data
250.0 10.0 17 23.178749999999997 mpd_20250402_132727.data
270.0 10.0 17 23.073725 mpd_20250402_132752.data
290.0 10.0 17 23.073725 mpd_20250402_132817.data
290.0 30.0 17 23.073725 mpd_20250402_132842.data
270.0 30.0 17 23.178749999999997 mpd_20250402_132907.data
250.0 30.0 17 23.073725 mpd_20250402_132932.data
230.0 30.0 17 23.073725 mpd_20250402_132957.data
210.0 30.0 17 23.073725 mpd_20250402_133022.data
190.0 30.0 17 23.073725 mpd_20250402_133047.data
170.0 30.0 17 23.073725 mpd_20250402_133112.data
150.0 30.0 17 23.073725 mpd_20250402_133137.data
130.0 30.0 17 23.073725 mpd_20250402_133202.data
110.0 30.0 17 23.073725 mpd_20250402_133227.data
90.0 30.0 17 23.073725 mpd_20250402_133252.data
70.0 30.0 17 23.073725 mpd_20250402_133317.data
50.0 30.0 17 23.073725 mpd_20250402_133342.data
30.0 30.0 17 23.073725 mpd_20250402_133407.data
10.0 30.0 17 23.178749999999997 mpd_20250402_133432.data
10.0 50.0 17 23.073725 mpd_20250402_133457.data
30.0 50.0 17 23.073725 mpd_20250402_133522.data
50.0 50.0 17 23.073725 mpd_20250402_133547.data
70.0 50.0 17 23.073725 mpd_20250402_133612.data
90.0 50.0 17 23.073725 mpd_20250402_133638.data
110.0 50.0 17 23.178749999999997 mpd_20250402_133703.data
130.0 50.0 17 23.178749999999997 mpd_20250402_133728.data
150.0 50.0 17 23.178749999999997 mpd_20250402_133753.data
170.0 50.0 17 23.073725 mpd_20250402_133818.data
190.0 50.0 17 23.073725 mpd_20250402_133843.data
210.0 50.0 17 23.073725 mpd_20250402_133908.data
230.0 50.0 17 23.073725 mpd_20250402_133933.data
250.0 50.0 17 23.073725 mpd_20250402_133958.data
270.0 50.0 17 23.178749999999997 mpd_20250402_134023.data
290.0 50.0 17 23.073725 mpd_20250402_134048.data
290.0 70.0 17 23.178749999999997 mpd_20250402_134113.data
270.0 70.0 17 23.073725 mpd_20250402_134138.data
250.0 70.0 17 23.073725 mpd_20250402_134203.data
230.0 70.0 17 23.178749999999997 mpd_20250402_134228.data
210.0 70.0 17 23.178749999999997 mpd_20250402_134253.data
190.0 70.0 17 23.178749999999997 mpd_20250402_134318.data
170.0 70.0 17 23.073725 mpd_20250402_134343.data
150.0 70.0 17 23.073725 mpd_20250402_134408.data
130.0 70.0 17 23.073725 mpd_20250402_134433.data
110.0 70.0 17 23.178749999999997 mpd_20250402_134458.data
90.0 70.0 17 23.073725 mpd_20250402_134523.data
70.0 70.0 17 23.178749999999997 mpd_20250402_134548.data
50.0 70.0 17 23.073725 mpd_20250402_134613.data
30.0 70.0 17 23.073725 mpd_20250402_134638.data
10.0 70.0 17 23.178749999999997 mpd_20250402_134703.data
10.0 90.0 17 23.178749999999997 mpd_20250402_134728.data
30.0 90.0 17 23.073725 mpd_20250402_134753.data
50.0 90.0 17 23.178749999999997 mpd_20250402_134818.data
70.0 90.0 17 23.178749999999997 mpd_20250402_134843.data
90.0 90.0 17 23.073725 mpd_20250402_134908.data
110.0 90.0 17 23.073725 mpd_20250402_134933.data
130.0 90.0 17 23.073725 mpd_20250402_134958.data
150.0 90.0 17 23.073725 mpd_20250402_135023.data
170.0 90.0 17 23.178749999999997 mpd_20250402_135048.data
190.0 90.0 17 23.073725 mpd_20250402_135113.data
210.0 90.0 17 23.178749999999997 mpd_20250402_135138.data
230.0 90.0 17 23.073725 mpd_20250402_135203.data
250.0 90.0 17 23.178749999999997 mpd_20250402_135228.data
270.0 90.0 17 23.073725 mpd_20250402_135253.data
290.0 90.0 17 23.073725 mpd_20250402_135318.data
290.0 110.0 17 23.073725 mpd_20250402_135343.data
270.0 110.0 17 23.073725 mpd_20250402_135408.data
250.0 110.0 17 23.073725 mpd_20250402_135433.data
230.0 110.0 17 22.969809523809523 mpd_20250402_135458.data
210.0 110.0 17 23.073725 mpd_20250402_135523.data
190.0 110.0 17 23.073725 mpd_20250402_135548.data
170.0 110.0 17 23.073725 mpd_20250402_135613.data
150.0 110.0 17 23.283325 mpd_20250402_135638.data
130.0 110.0 17 23.178749999999997 mpd_20250402_135703.data
110.0 110.0 17 23.178749999999997 mpd_20250402_135728.data
90.0 110.0 17 23.178749999999997 mpd_20250402_135753.data
70.0 110.0 17 23.178749999999997 mpd_20250402_135819.data
50.0 110.0 17 23.073725 mpd_20250402_135843.data
30.0 110.0 17 23.178749999999997 mpd_20250402_135909.data
10.0 110.0 17 23.178749999999997 mpd_20250402_135934.data
10.0 130.0 17 23.178749999999997 mpd_20250402_135959.data
30.0 130.0 17 23.178749999999997 mpd_20250402_140024.data
50.0 130.0 17 23.178749999999997 mpd_20250402_140049.data
70.0 130.0 17 23.178749999999997 mpd_20250402_140114.data
90.0 130.0 17 23.073725 mpd_20250402_140139.data
110.0 130.0 17 23.073725 mpd_20250402_140204.data
130.0 130.0 17 23.073725 mpd_20250402_140229.data
150.0 130.0 17 23.178749999999997 mpd_20250402_140254.data
170.0 130.0 17 23.178749999999997 mpd_20250402_140319.data
190.0 130.0 17 23.178749999999997 mpd_20250402_140344.data
210.0 130.0 17 23.073725 mpd_20250402_140409.data
230.0 130.0 17 23.178749999999997 mpd_20250402_140434.data
250.0 130.0 17 23.178749999999997 mpd_20250402_140459.data
270.0 130.0 17 23.178749999999997 mpd_20250402_140524.data
290.0 130.0 17 23.283325 mpd_20250402_140549.data
290.0 150.0 17 23.178749999999997 mpd_20250402_140614.data
270.0 150.0 17 23.073725 mpd_20250402_140639.data
250.0 150.0 17 23.178749999999997 mpd_20250402_140704.data
230.0 150.0 17 23.073725 mpd_20250402_140729.data
210.0 150.0 17 23.178749999999997 mpd_20250402_140754.data
190.0 150.0 17 23.178749999999997 mpd_20250402_140819.data
170.0 150.0 17 23.178749999999997 mpd_20250402_140844.data
150.0 150.0 17 23.283325 mpd_20250402_140909.data
130.0 150.0 17 23.178749999999997 mpd_20250402_140934.data
110.0 150.0 17 23.178749999999997 mpd_20250402_140959.data
90.0 150.0 17 23.178749999999997 mpd_20250402_141024.data
70.0 150.0 17 23.073725 mpd_20250402_141049.data
50.0 150.0 17 23.178749999999997 mpd_20250402_141114.data
30.0 150.0 17 23.073725 mpd_20250402_141139.data
10.0 150.0 17 23.178749999999997 mpd_20250402_141204.data
10.0 170.0 17 23.073725 mpd_20250402_141229.data
30.0 170.0 17 23.073725 mpd_20250402_141254.data
50.0 170.0 17 23.073725 mpd_20250402_141319.data
70.0 170.0 17 23.178749999999997 mpd_20250402_141344.data
90.0 170.0 17 23.178749999999997 mpd_20250402_141409.data
110.0 170.0 17 23.178749999999997 mpd_20250402_141434.data
130.0 170.0 17 23.178749999999997 mpd_20250402_141459.data
150.0 170.0 17 23.073725 mpd_20250402_141524.data
170.0 170.0 17 23.178749999999997 mpd_20250402_141549.data
190.0 170.0 17 23.178749999999997 mpd_20250402_141614.data
210.0 170.0 17 23.178749999999997 mpd_20250402_141639.data
230.0 170.0 17 23.178749999999997 mpd_20250402_141704.data
250.0 170.0 17 23.178749999999997 mpd_20250402_141729.data
270.0 170.0 17 23.178749999999997 mpd_20250402_141754.data
290.0 170.0 17 23.178749999999997 mpd_20250402_141819.data
290.0 190.0 17 23.073725 mpd_20250402_141844.data
270.0 190.0 17 23.178749999999997 mpd_20250402_141909.data
250.0 190.0 17 23.073725 mpd_20250402_141934.data
230.0 190.0 17 23.178749999999997 mpd_20250402_141959.data
210.0 190.0 17 23.178749999999997 mpd_20250402_142025.data
190.0 190.0 17 23.178749999999997 mpd_20250402_142050.data
170.0 190.0 17 23.073725 mpd_20250402_142115.data
150.0 190.0 17 23.073725 mpd_20250402_142140.data
130.0 190.0 17 23.178749999999997 mpd_20250402_142205.data
110.0 190.0 17 23.178749999999997 mpd_20250402_142230.data
90.0 190.0 17 23.178749999999997 mpd_20250402_142255.data
70.0 190.0 17 23.178749999999997 mpd_20250402_142320.data
50.0 190.0 17 23.178749999999997 mpd_20250402_142345.data
30.0 190.0 17 23.073725 mpd_20250402_142410.data
10.0 190.0 17 23.178749999999997 mpd_20250402_142435.data
10.0 210.0 17 23.178749999999997 mpd_20250402_142500.data
30.0 210.0 17 23.178749999999997 mpd_20250402_142525.data
50.0 210.0 17 23.178749999999997 mpd_20250402_142550.data
70.0 210.0 17 23.178749999999997 mpd_20250402_142615.data
90.0 210.0 17 23.178749999999997 mpd_20250402_142640.data
110.0 210.0 17 23.178749999999997 mpd_20250402_142705.data
130.0 210.0 17 23.178749999999997 mpd_20250402_142730.data
150.0 210.0 17 23.178749999999997 mpd_20250402_142755.data
170.0 210.0 17 23.073725 mpd_20250402_142820.data
190.0 210.0 17 23.178749999999997 mpd_20250402_142845.data
210.0 210.0 17 23.178749999999997 mpd_20250402_142910.data
230.0 210.0 17 23.178749999999997 mpd_20250402_142935.data
250.0 210.0 17 23.178749999999997 mpd_20250402_143000.data
270.0 210.0 17 23.178749999999997 mpd_20250402_143025.data
290.0 210.0 17 23.178749999999997 mpd_20250402_143050.data
290.0 230.0 17 23.178749999999997 mpd_20250402_143115.data
270.0 230.0 17 23.178749999999997 mpd_20250402_143140.data
250.0 230.0 17 23.178749999999997 mpd_20250402_143205.data
230.0 230.0 17 23.178749999999997 mpd_20250402_143230.data
210.0 230.0 17 23.073725 mpd_20250402_143255.data
190.0 230.0 17 23.178749999999997 mpd_20250402_143320.data
170.0 230.0 17 23.178749999999997 mpd_20250402_143345.data
150.0 230.0 17 23.283325 mpd_20250402_143410.data
130.0 230.0 17 23.178749999999997 mpd_20250402_143435.data
110.0 230.0 17 23.178749999999997 mpd_20250402_143500.data
90.0 230.0 17 23.178749999999997 mpd_20250402_143525.data
70.0 230.0 17 23.178749999999997 mpd_20250402_143550.data
50.0 230.0 17 23.178749999999997 mpd_20250402_143615.data
30.0 230.0 17 23.178749999999997 mpd_20250402_143640.data
10.0 230.0 17 23.178749999999997 mpd_20250402_143705.data
10.0 250.0 17 23.178749999999997 mpd_20250402_143730.data
30.0 250.0 17 23.073725 mpd_20250402_143755.data
50.0 250.0 17 23.178749999999997 mpd_20250402_143820.data
70.0 250.0 17 23.178749999999997 mpd_20250402_143845.data
90.0 250.0 17 23.178749999999997 mpd_20250402_143910.data
110.0 250.0 17 23.178749999999997 mpd_20250402_143935.data
130.0 250.0 17 23.178749999999997 mpd_20250402_144000.data
150.0 250.0 17 23.178749999999997 mpd_20250402_144025.data
170.0 250.0 17 23.178749999999997 mpd_20250402_144050.data
190.0 250.0 17 23.283325 mpd_20250402_144115.data
210.0 250.0 17 23.178749999999997 mpd_20250402_144140.data
230.0 250.0 17 23.178749999999997 mpd_20250402_144206.data
250.0 250.0 17 23.178749999999997 mpd_20250402_144231.data
270.0 250.0 17 23.178749999999997 mpd_20250402_144256.data
290.0 250.0 17 23.178749999999997 mpd_20250402_144321.data
290.0 270.0 17 23.178749999999997 mpd_20250402_144346.data
270.0 270.0 17 23.283325 mpd_20250402_144411.data
250.0 270.0 17 23.178749999999997 mpd_20250402_144436.data
230.0 270.0 17 23.3875 mpd_20250402_144501.data
210.0 270.0 17 23.073725 mpd_20250402_144526.data
190.0 270.0 17 23.073725 mpd_20250402_144551.data
170.0 270.0 17 23.283325 mpd_20250402_144616.data
150.0 270.0 17 23.178749999999997 mpd_20250402_144641.data
130.0 270.0 17 23.283325 mpd_20250402_144706.data
110.0 270.0 17 23.178749999999997 mpd_20250402_144731.data
90.0 270.0 17 23.178749999999997 mpd_20250402_144756.data
70.0 270.0 17 -1 mpd_20250402_144821.data
50.0 270.0 17 23.283325 mpd_20250402_144846.data
30.0 270.0 17 23.178749999999997 mpd_20250402_144911.data
10.0 270.0 17 -1 mpd_20250402_144936.data
10.0 290.0 17 23.073725 mpd_20250402_145001.data
30.0 290.0 17 23.178749999999997 mpd_20250402_145026.data
50.0 290.0 17 -1 mpd_20250402_145051.data
70.0 290.0 17 23.283325 mpd_20250402_145116.data
90.0 290.0 17 23.283325 mpd_20250402_145141.data
110.0 290.0 17 -1 mpd_20250402_145206.data
130.0 290.0 17 23.178749999999997 mpd_20250402_145231.data
150.0 290.0 17 23.283325 mpd_20250402_145256.data
170.0 290.0 17 -1 mpd_20250402_145321.data
190.0 290.0 17 23.283325 mpd_20250402_145346.data
210.0 290.0 17 23.283325 mpd_20250402_145411.data
230.0 290.0 17 23.3875 mpd_20250402_145436.data
250.0 290.0 17 23.283325 mpd_20250402_145501.data
270.0 290.0 17 23.3875 mpd_20250402_145526.data
290.0 290.0 17 23.283325 mpd_20250402_145551.data
290.0 310.0 17 23.3875 mpd_20250402_145616.data
270.0 310.0 17 23.3875 mpd_20250402_145641.data
250.0 310.0 17 23.3875 mpd_20250402_145706.data
230.0 310.0 17 23.49125 mpd_20250402_145731.data
210.0 310.0 17 23.3875 mpd_20250402_145756.data
190.0 310.0 17 23.594575 mpd_20250402_145821.data
170.0 310.0 17 23.3875 mpd_20250402_145846.data
150.0 310.0 17 23.283325 mpd_20250402_145911.data
130.0 310.0 17 23.3875 mpd_20250402_145936.data
110.0 310.0 17 23.3875 mpd_20250402_150001.data
90.0 310.0 17 23.3875 mpd_20250402_150026.data
70.0 310.0 17 23.3875 mpd_20250402_150051.data
50.0 310.0 17 23.3875 mpd_20250402_150116.data
30.0 310.0 17 23.3875 mpd_20250402_150141.data
10.0 310.0 17 23.3875 mpd_20250402_150206.data
10.0 330.0 17 23.3875 mpd_20250402_150231.data
30.0 330.0 17 23.3875 mpd_20250402_150256.data
50.0 330.0 17 23.3875 mpd_20250402_150321.data
70.0 330.0 17 23.3875 mpd_20250402_150347.data
90.0 330.0 17 23.283325 mpd_20250402_150411.data
110.0 330.0 17 23.3875 mpd_20250402_150437.data
130.0 330.0 17 23.283325 mpd_20250402_150502.data
150.0 330.0 17 23.283325 mpd_20250402_150527.data
170.0 330.0 17 23.49125 mpd_20250402_150552.data
190.0 330.0 17 23.283325 mpd_20250402_150617.data
210.0 330.0 17 23.3875 mpd_20250402_150642.data
230.0 330.0 17 23.3875 mpd_20250402_150707.data
250.0 330.0 17 23.3875 mpd_20250402_150732.data
270.0 330.0 17 23.3875 mpd_20250402_150757.data
290.0 330.0 17 23.3875 mpd_20250402_150822.data
10.0 350.0 17 23.3875 mpd_20250403_070232.data
30.0 350.0 17 23.283325 mpd_20250403_070257.data
50.0 350.0 17 23.3875 mpd_20250403_070322.data
70.0 350.0 17 23.3875 mpd_20250403_070347.data
90.0 350.0 17 23.3875 mpd_20250403_070412.data
110.0 350.0 17 23.3875 mpd_20250403_070437.data
130.0 350.0 17 23.3875 mpd_20250403_070502.data
150.0 350.0 17 23.283325 mpd_20250403_070527.data
170.0 350.0 17 23.3875 mpd_20250403_070552.data
190.0 350.0 17 23.283325 mpd_20250403_070617.data
210.0 350.0 17 23.3875 mpd_20250403_070642.data
230.0 350.0 17 23.178749999999997 mpd_20250403_070707.data
250.0 350.0 17 23.3875 mpd_20250403_070732.data
270.0 350.0 17 23.594575 mpd_20250403_070757.data
290.0 350.0 17 23.3875 mpd_20250403_070822.data
290.0 370.0 17 23.3875 mpd_20250403_070847.data
270.0 370.0 17 23.283325 mpd_20250403_070912.data
250.0 370.0 17 23.283325 mpd_20250403_070937.data
230.0 370.0 17 23.283325 mpd_20250403_071002.data
210.0 370.0 17 23.3875 mpd_20250403_071027.data
190.0 370.0 17 23.3875 mpd_20250403_071052.data
170.0 370.0 17 23.3875 mpd_20250403_071117.data
150.0 370.0 17 23.3875 mpd_20250403_071142.data
130.0 370.0 17 23.178749999999997 mpd_20250403_071207.data
110.0 370.0 17 23.283325 mpd_20250403_071232.data
90.0 370.0 17 23.3875 mpd_20250403_071257.data
70.0 370.0 17 23.3875 mpd_20250403_071322.data
50.0 370.0 17 23.3875 mpd_20250403_071347.data
30.0 370.0 17 23.283325 mpd_20250403_071412.data
10.0 370.0 17 23.3875 mpd_20250403_071437.data
10.0 390.0 17 23.3875 mpd_20250403_071502.data
30.0 390.0 17 23.3875 mpd_20250403_071527.data
50.0 390.0 17 23.3875 mpd_20250403_071552.data
70.0 390.0 17 23.283325 mpd_20250403_071617.data
90.0 390.0 17 23.3875 mpd_20250403_071642.data
110.0 390.0 17 23.283325 mpd_20250403_071707.data
130.0 390.0 17 23.3875 mpd_20250403_071732.data
150.0 390.0 17 23.3875 mpd_20250403_071757.data
170.0 390.0 17 23.3875 mpd_20250403_071822.data
190.0 390.0 17 23.3875 mpd_20250403_071847.data
210.0 390.0 17 23.283325 mpd_20250403_071912.data
230.0 390.0 17 23.3875 mpd_20250403_071937.data
250.0 390.0 17 23.3875 mpd_20250403_072002.data
270.0 390.0 17 23.3875 mpd_20250403_072027.data
290.0 390.0 17 23.283325 mpd_20250403_072052.data
290.0 410.0 17 23.283325 mpd_20250403_072117.data
270.0 410.0 17 23.3875 mpd_20250403_072143.data
250.0 410.0 17 23.3875 mpd_20250403_072208.data
230.0 410.0 17 23.3875 mpd_20250403_072233.data
210.0 410.0 17 23.3875 mpd_20250403_072258.data
190.0 410.0 17 23.3875 mpd_20250403_072323.data
170.0 410.0 17 23.49125 mpd_20250403_072348.data
150.0 410.0 17 23.283325 mpd_20250403_072413.data
130.0 410.0 17 23.3875 mpd_20250403_072438.data
110.0 410.0 17 23.178749999999997 mpd_20250403_072503.data
90.0 410.0 17 23.3875 mpd_20250403_072528.data
70.0 410.0 17 23.283325 mpd_20250403_072553.data
50.0 410.0 17 23.3875 mpd_20250403_072618.data
30.0 410.0 17 23.283325 mpd_20250403_072643.data
10.0 410.0 17 23.3875 mpd_20250403_072708.data
10.0 430.0 17 23.3875 mpd_20250403_072733.data
30.0 430.0 17 23.3875 mpd_20250403_072758.data
50.0 430.0 17 23.3875 mpd_20250403_072823.data
70.0 430.0 17 23.283325 mpd_20250403_072848.data
90.0 430.0 17 23.3875 mpd_20250403_072913.data
110.0 430.0 17 23.283325 mpd_20250403_072938.data
130.0 430.0 17 23.283325 mpd_20250403_073003.data
150.0 430.0 17 23.3875 mpd_20250403_073028.data
170.0 430.0 17 23.3875 mpd_20250403_073053.data
190.0 430.0 17 23.3875 mpd_20250403_073118.data
210.0 430.0 17 23.3875 mpd_20250403_073143.data
230.0 430.0 17 23.283325 mpd_20250403_073208.data
250.0 430.0 17 23.3875 mpd_20250403_073233.data
270.0 430.0 17 23.3875 mpd_20250403_073258.data
290.0 430.0 17 23.3875 mpd_20250403_073323.data
290.0 450.0 17 23.3875 mpd_20250403_073348.data
270.0 450.0 17 23.283325 mpd_20250403_073413.data
250.0 450.0 17 23.3875 mpd_20250403_073438.data
230.0 450.0 17 23.3875 mpd_20250403_073503.data
210.0 450.0 17 23.3875 mpd_20250403_073528.data
190.0 450.0 17 23.3875 mpd_20250403_073553.data
170.0 450.0 17 23.3875 mpd_20250403_073618.data
150.0 450.0 17 23.283325 mpd_20250403_073643.data
130.0 450.0 17 23.283325 mpd_20250403_073708.data
110.0 450.0 17 23.3875 mpd_20250403_073733.data
90.0 450.0 17 23.3875 mpd_20250403_073758.data
70.0 450.0 17 23.283325 mpd_20250403_073823.data
50.0 450.0 17 23.3875 mpd_20250403_073848.data
30.0 450.0 17 23.3875 mpd_20250403_073913.data
10.0 450.0 17 23.3875 mpd_20250403_073938.data
10.0 470.0 17 23.3875 mpd_20250403_074003.data
30.0 470.0 17 23.3875 mpd_20250403_074028.data
50.0 470.0 17 23.283325 mpd_20250403_074053.data
70.0 470.0 17 23.283325 mpd_20250403_074118.data
90.0 470.0 17 23.3875 mpd_20250403_074143.data
110.0 470.0 17 23.3875 mpd_20250403_074208.data
130.0 470.0 17 23.3875 mpd_20250403_074233.data
150.0 470.0 17 23.3875 mpd_20250403_074258.data
170.0 470.0 17 23.3875 mpd_20250403_074324.data
190.0 470.0 17 23.283325 mpd_20250403_074349.data
210.0 470.0 17 23.3875 mpd_20250403_074414.data
230.0 470.0 17 23.3875 mpd_20250403_074439.data
250.0 470.0 17 23.3875 mpd_20250403_074504.data
270.0 470.0 17 23.283325 mpd_20250403_074529.data
290.0 470.0 17 23.3875 mpd_20250403_074554.data
