18.0 18.0 4 22.35861904761905 0cd913fa_20240221_122915.data
54.0 18.0 4 22.56402380952381 0cd913fa_20240221_122934.data
90.0 18.0 4 22.56402380952381 0cd913fa_20240221_122953.data
126.0 18.0 4 22.35861904761905 0cd913fa_20240221_123013.data
162.0 18.0 4 22.35861904761905 0cd913fa_20240221_123032.data
198.0 18.0 4 22.35861904761905 0cd913fa_20240221_123051.data
234.0 18.0 4 22.56402380952381 0cd913fa_20240221_123110.data
270.0 18.0 4 22.35861904761905 0cd913fa_20240221_123129.data
270.0 54.0 4 22.255285714285712 0cd913fa_20240221_123148.data
234.0 54.0 4 22.35861904761905 0cd913fa_20240221_123207.data
198.0 54.0 4 22.46152380952381 0cd913fa_20240221_123226.data
162.0 54.0 4 22.46152380952381 0cd913fa_20240221_123245.data
126.0 54.0 4 22.56402380952381 0cd913fa_20240221_123304.data
90.0 54.0 4 22.35861904761905 0cd913fa_20240221_123323.data
54.0 54.0 4 22.56402380952381 0cd913fa_20240221_123342.data
18.0 54.0 4 22.255285714285712 0cd913fa_20240221_123401.data
18.0 90.0 4 22.35861904761905 0cd913fa_20240221_123420.data
54.0 90.0 4 22.46152380952381 0cd913fa_20240221_123439.data
90.0 90.0 4 22.56402380952381 0cd913fa_20240221_123459.data
126.0 90.0 4 22.46152380952381 0cd913fa_20240221_123518.data
162.0 90.0 4 22.46152380952381 0cd913fa_20240221_123537.data
198.0 90.0 4 22.35861904761905 0cd913fa_20240221_123556.data
234.0 90.0 4 22.56402380952381 0cd913fa_20240221_123615.data
270.0 90.0 4 22.255285714285712 0cd913fa_20240221_123634.data
270.0 126.0 4 22.35861904761905 0cd913fa_20240221_123653.data
234.0 126.0 4 22.46152380952381 0cd913fa_20240221_123712.data
198.0 126.0 4 22.46152380952381 0cd913fa_20240221_123731.data
162.0 126.0 4 22.46152380952381 0cd913fa_20240221_123750.data
126.0 126.0 4 22.56402380952381 0cd913fa_20240221_123809.data
90.0 126.0 4 22.35861904761905 0cd913fa_20240221_123828.data
54.0 126.0 4 22.46152380952381 0cd913fa_20240221_123847.data
18.0 126.0 4 22.35861904761905 0cd913fa_20240221_123906.data
18.0 162.0 4 22.46152380952381 0cd913fa_20240221_123925.data
54.0 162.0 4 22.46152380952381 0cd913fa_20240221_123945.data
90.0 162.0 4 22.255285714285712 0cd913fa_20240221_124004.data
126.0 162.0 4 22.35861904761905 0cd913fa_20240221_124023.data
162.0 162.0 4 22.35861904761905 0cd913fa_20240221_124042.data
198.0 162.0 4 22.255285714285712 0cd913fa_20240221_124101.data
234.0 162.0 4 22.666095238095238 0cd913fa_20240221_124120.data
270.0 162.0 4 22.255285714285712 0cd913fa_20240221_124139.data
270.0 198.0 4 22.35861904761905 0cd913fa_20240221_124158.data
234.0 198.0 4 22.666095238095238 0cd913fa_20240221_124217.data
198.0 198.0 4 22.46152380952381 0cd913fa_20240221_124236.data
162.0 198.0 4 22.56402380952381 0cd913fa_20240221_124255.data
126.0 198.0 4 22.56402380952381 0cd913fa_20240221_124314.data
90.0 198.0 4 22.46152380952381 0cd913fa_20240221_124333.data
54.0 198.0 4 22.46152380952381 0cd913fa_20240221_124352.data
18.0 198.0 4 22.46152380952381 0cd913fa_20240221_124411.data
18.0 234.0 4 22.35861904761905 0cd913fa_20240221_124430.data
54.0 234.0 4 22.255285714285712 0cd913fa_20240221_124450.data
90.0 234.0 4 22.255285714285712 0cd913fa_20240221_124509.data
126.0 234.0 4 22.255285714285712 0cd913fa_20240221_124528.data
162.0 234.0 4 22.46152380952381 0cd913fa_20240221_124547.data
198.0 234.0 4 22.46152380952381 0cd913fa_20240221_124606.data
234.0 234.0 4 22.46152380952381 0cd913fa_20240221_124625.data
270.0 234.0 4 22.35861904761905 0cd913fa_20240221_124644.data
270.0 270.0 4 22.46152380952381 0cd913fa_20240221_124703.data
234.0 270.0 4 22.255285714285712 0cd913fa_20240221_124722.data
198.0 270.0 4 22.35861904761905 0cd913fa_20240221_124741.data
162.0 270.0 4 22.56402380952381 0cd913fa_20240221_124800.data
126.0 270.0 4 22.35861904761905 0cd913fa_20240221_124819.data
90.0 270.0 4 22.35861904761905 0cd913fa_20240221_124838.data
54.0 270.0 4 22.56402380952381 0cd913fa_20240221_124857.data
18.0 270.0 4 22.56402380952381 0cd913fa_20240221_124916.data
18.0 306.0 4 22.15152380952381 0cd913fa_20240221_124935.data
54.0 306.0 4 22.255285714285712 0cd913fa_20240221_124955.data
90.0 306.0 4 22.46152380952381 0cd913fa_20240221_125014.data
126.0 306.0 4 22.35861904761905 0cd913fa_20240221_125033.data
162.0 306.0 4 22.255285714285712 0cd913fa_20240221_125052.data
198.0 306.0 4 22.35861904761905 0cd913fa_20240221_125111.data
234.0 306.0 4 22.56402380952381 0cd913fa_20240221_125130.data
270.0 306.0 4 22.35861904761905 0cd913fa_20240221_125149.data
270.0 342.0 4 22.46152380952381 0cd913fa_20240221_125208.data
234.0 342.0 4 22.35861904761905 0cd913fa_20240221_125227.data
198.0 342.0 4 22.56402380952381 0cd913fa_20240221_125246.data
162.0 342.0 4 22.666095238095238 0cd913fa_20240221_125305.data
126.0 342.0 4 22.35861904761905 0cd913fa_20240221_125324.data
90.0 342.0 4 22.46152380952381 0cd913fa_20240221_125343.data
54.0 342.0 4 22.255285714285712 0cd913fa_20240221_125402.data
18.0 342.0 4 22.35861904761905 0cd913fa_20240221_125421.data
