-1 -1 -1 22.35861904761905 mpd_20250408_075628.data
10.0 10.0 17 22.35861904761905 mpd_20250408_075708.data
30.0 10.0 17 22.46152380952381 mpd_20250408_075733.data
50.0 10.0 17 22.255285714285712 mpd_20250408_075758.data
70.0 10.0 17 22.35861904761905 mpd_20250408_075823.data
90.0 10.0 17 22.35861904761905 mpd_20250408_075848.data
110.0 10.0 17 22.35861904761905 mpd_20250408_075913.data
130.0 10.0 17 22.35861904761905 mpd_20250408_075938.data
150.0 10.0 17 22.35861904761905 mpd_20250408_080003.data
170.0 10.0 17 22.35861904761905 mpd_20250408_080028.data
190.0 10.0 17 22.255285714285712 mpd_20250408_080053.data
210.0 10.0 17 22.35861904761905 mpd_20250408_080118.data
230.0 10.0 17 22.35861904761905 mpd_20250408_080143.data
250.0 10.0 17 22.35861904761905 mpd_20250408_080208.data
270.0 10.0 17 22.255285714285712 mpd_20250408_080234.data
290.0 10.0 17 22.35861904761905 mpd_20250408_080259.data
290.0 30.0 17 22.255285714285712 mpd_20250408_080324.data
270.0 30.0 17 22.35861904761905 mpd_20250408_080349.data
250.0 30.0 17 22.35861904761905 mpd_20250408_080413.data
230.0 30.0 17 22.46152380952381 mpd_20250408_080438.data
210.0 30.0 17 22.35861904761905 mpd_20250408_080504.data
190.0 30.0 17 22.35861904761905 mpd_20250408_080529.data
170.0 30.0 17 22.35861904761905 mpd_20250408_080554.data
150.0 30.0 17 22.35861904761905 mpd_20250408_080619.data
130.0 30.0 17 22.35861904761905 mpd_20250408_080644.data
110.0 30.0 17 22.255285714285712 mpd_20250408_080709.data
90.0 30.0 17 22.35861904761905 mpd_20250408_080734.data
70.0 30.0 17 22.46152380952381 mpd_20250408_080759.data
50.0 30.0 17 22.35861904761905 mpd_20250408_080824.data
30.0 30.0 17 22.35861904761905 mpd_20250408_080849.data
10.0 30.0 17 22.255285714285712 mpd_20250408_080914.data
10.0 50.0 17 22.35861904761905 mpd_20250408_080939.data
30.0 50.0 17 22.35861904761905 mpd_20250408_081004.data
50.0 50.0 17 22.35861904761905 mpd_20250408_081029.data
70.0 50.0 17 22.255285714285712 mpd_20250408_081054.data
90.0 50.0 17 22.35861904761905 mpd_20250408_081119.data
110.0 50.0 17 22.35861904761905 mpd_20250408_081144.data
130.0 50.0 17 22.35861904761905 mpd_20250408_081209.data
150.0 50.0 17 22.255285714285712 mpd_20250408_081234.data
170.0 50.0 17 22.35861904761905 mpd_20250408_081259.data
190.0 50.0 17 22.46152380952381 mpd_20250408_081324.data
210.0 50.0 17 22.35861904761905 mpd_20250408_081349.data
230.0 50.0 17 22.35861904761905 mpd_20250408_081414.data
250.0 50.0 17 22.35861904761905 mpd_20250408_081439.data
270.0 50.0 17 22.35861904761905 mpd_20250408_081504.data
290.0 50.0 17 22.46152380952381 mpd_20250408_081529.data
290.0 70.0 17 22.255285714285712 mpd_20250408_081554.data
270.0 70.0 17 22.35861904761905 mpd_20250408_081619.data
250.0 70.0 17 22.35861904761905 mpd_20250408_081644.data
230.0 70.0 17 22.255285714285712 mpd_20250408_081709.data
210.0 70.0 17 22.35861904761905 mpd_20250408_081734.data
190.0 70.0 17 22.35861904761905 mpd_20250408_081759.data
170.0 70.0 17 22.35861904761905 mpd_20250408_081824.data
150.0 70.0 17 22.35861904761905 mpd_20250408_081849.data
130.0 70.0 17 22.46152380952381 mpd_20250408_081914.data
110.0 70.0 17 22.35861904761905 mpd_20250408_081939.data
90.0 70.0 17 22.46152380952381 mpd_20250408_082004.data
70.0 70.0 17 22.46152380952381 mpd_20250408_082029.data
50.0 70.0 17 22.46152380952381 mpd_20250408_082054.data
30.0 70.0 17 22.35861904761905 mpd_20250408_082119.data
10.0 70.0 17 22.46152380952381 mpd_20250408_082144.data
10.0 90.0 17 22.46152380952381 mpd_20250408_082209.data
30.0 90.0 17 22.35861904761905 mpd_20250408_082234.data
50.0 90.0 17 22.46152380952381 mpd_20250408_082259.data
70.0 90.0 17 22.46152380952381 mpd_20250408_082324.data
90.0 90.0 17 22.46152380952381 mpd_20250408_082349.data
110.0 90.0 17 22.35861904761905 mpd_20250408_082414.data
130.0 90.0 17 22.35861904761905 mpd_20250408_082439.data
150.0 90.0 17 22.35861904761905 mpd_20250408_082504.data
170.0 90.0 17 22.35861904761905 mpd_20250408_082529.data
190.0 90.0 17 22.35861904761905 mpd_20250408_082554.data
210.0 90.0 17 22.35861904761905 mpd_20250408_082620.data
230.0 90.0 17 22.255285714285712 mpd_20250408_082645.data
250.0 90.0 17 22.255285714285712 mpd_20250408_082710.data
270.0 90.0 17 22.35861904761905 mpd_20250408_082735.data
290.0 90.0 17 22.46152380952381 mpd_20250408_082800.data
290.0 110.0 17 22.255285714285712 mpd_20250408_082825.data
270.0 110.0 17 22.46152380952381 mpd_20250408_082850.data
250.0 110.0 17 22.35861904761905 mpd_20250408_082915.data
230.0 110.0 17 22.35861904761905 mpd_20250408_082940.data
210.0 110.0 17 22.35861904761905 mpd_20250408_083005.data
190.0 110.0 17 22.35861904761905 mpd_20250408_083030.data
170.0 110.0 17 22.666095238095238 mpd_20250408_083055.data
150.0 110.0 17 22.56402380952381 mpd_20250408_083120.data
130.0 110.0 17 22.767738095238098 mpd_20250408_083145.data
110.0 110.0 17 22.666095238095238 mpd_20250408_083210.data
90.0 110.0 17 22.56402380952381 mpd_20250408_083235.data
70.0 110.0 17 22.767738095238098 mpd_20250408_083300.data
50.0 110.0 17 22.46152380952381 mpd_20250408_083325.data
30.0 110.0 17 22.767738095238098 mpd_20250408_083350.data
10.0 110.0 17 22.666095238095238 mpd_20250408_083415.data
10.0 130.0 17 22.767738095238098 mpd_20250408_083440.data
30.0 130.0 17 22.666095238095238 mpd_20250408_083505.data
50.0 130.0 17 22.666095238095238 mpd_20250408_083530.data
70.0 130.0 17 22.767738095238098 mpd_20250408_083555.data
90.0 130.0 17 22.56402380952381 mpd_20250408_083620.data
110.0 130.0 17 22.767738095238098 mpd_20250408_083645.data
130.0 130.0 17 22.35861904761905 mpd_20250408_083710.data
150.0 130.0 17 22.767738095238098 mpd_20250408_083735.data
170.0 130.0 17 22.868976190476186 mpd_20250408_083800.data
190.0 130.0 17 22.767738095238098 mpd_20250408_083825.data
210.0 130.0 17 22.767738095238098 mpd_20250408_083850.data
230.0 130.0 17 22.666095238095238 mpd_20250408_083915.data
250.0 130.0 17 22.767738095238098 mpd_20250408_083940.data
270.0 130.0 17 22.767738095238098 mpd_20250408_084005.data
290.0 130.0 17 22.46152380952381 mpd_20250408_084030.data
290.0 150.0 17 22.767738095238098 mpd_20250408_084055.data
270.0 150.0 17 22.46152380952381 mpd_20250408_084120.data
250.0 150.0 17 22.767738095238098 mpd_20250408_084145.data
230.0 150.0 17 22.56402380952381 mpd_20250408_084210.data
210.0 150.0 17 22.868976190476186 mpd_20250408_084235.data
190.0 150.0 17 22.767738095238098 mpd_20250408_084300.data
170.0 150.0 17 22.35861904761905 mpd_20250408_084325.data
150.0 150.0 17 22.767738095238098 mpd_20250408_084350.data
130.0 150.0 17 22.56402380952381 mpd_20250408_084415.data
110.0 150.0 17 22.767738095238098 mpd_20250408_084440.data
90.0 150.0 17 22.767738095238098 mpd_20250408_084505.data
70.0 150.0 17 22.56402380952381 mpd_20250408_084530.data
50.0 150.0 17 22.767738095238098 mpd_20250408_084555.data
30.0 150.0 17 22.868976190476186 mpd_20250408_084620.data
10.0 150.0 17 22.56402380952381 mpd_20250408_084645.data
10.0 170.0 17 22.767738095238098 mpd_20250408_084710.data
30.0 170.0 17 22.46152380952381 mpd_20250408_084735.data
50.0 170.0 17 22.767738095238098 mpd_20250408_084800.data
70.0 170.0 17 22.56402380952381 mpd_20250408_084826.data
90.0 170.0 17 22.767738095238098 mpd_20250408_084851.data
110.0 170.0 17 22.767738095238098 mpd_20250408_084916.data
130.0 170.0 17 22.767738095238098 mpd_20250408_084941.data
150.0 170.0 17 22.767738095238098 mpd_20250408_085006.data
170.0 170.0 17 22.46152380952381 mpd_20250408_085031.data
190.0 170.0 17 22.767738095238098 mpd_20250408_085056.data
210.0 170.0 17 22.35861904761905 mpd_20250408_085121.data
230.0 170.0 17 22.767738095238098 mpd_20250408_085146.data
250.0 170.0 17 22.767738095238098 mpd_20250408_085211.data
270.0 170.0 17 22.56402380952381 mpd_20250408_085236.data
290.0 170.0 17 22.767738095238098 mpd_20250408_085301.data
290.0 190.0 17 22.666095238095238 mpd_20250408_085326.data
270.0 190.0 17 22.767738095238098 mpd_20250408_085351.data
250.0 190.0 17 22.868976190476186 mpd_20250408_085416.data
230.0 190.0 17 22.767738095238098 mpd_20250408_085441.data
210.0 190.0 17 22.767738095238098 mpd_20250408_085506.data
190.0 190.0 17 22.56402380952381 mpd_20250408_085531.data
170.0 190.0 17 22.767738095238098 mpd_20250408_085556.data
150.0 190.0 17 22.56402380952381 mpd_20250408_085621.data
130.0 190.0 17 22.767738095238098 mpd_20250408_085646.data
110.0 190.0 17 22.666095238095238 mpd_20250408_085711.data
90.0 190.0 17 22.56402380952381 mpd_20250408_085736.data
70.0 190.0 17 22.666095238095238 mpd_20250408_085801.data
50.0 190.0 17 22.56402380952381 mpd_20250408_085826.data
30.0 190.0 17 22.767738095238098 mpd_20250408_085851.data
10.0 190.0 17 22.56402380952381 mpd_20250408_085916.data
10.0 210.0 17 22.767738095238098 mpd_20250408_085941.data
30.0 210.0 17 22.868976190476186 mpd_20250408_090006.data
50.0 210.0 17 22.767738095238098 mpd_20250408_090031.data
70.0 210.0 17 22.56402380952381 mpd_20250408_090056.data
90.0 210.0 17 22.767738095238098 mpd_20250408_090121.data
110.0 210.0 17 22.46152380952381 mpd_20250408_090146.data
130.0 210.0 17 22.767738095238098 mpd_20250408_090211.data
150.0 210.0 17 22.56402380952381 mpd_20250408_090236.data
170.0 210.0 17 22.666095238095238 mpd_20250408_090301.data
190.0 210.0 17 22.767738095238098 mpd_20250408_090326.data
210.0 210.0 17 22.767738095238098 mpd_20250408_090351.data
230.0 210.0 17 22.767738095238098 mpd_20250408_090416.data
250.0 210.0 17 22.56402380952381 mpd_20250408_090441.data
270.0 210.0 17 22.868976190476186 mpd_20250408_090506.data
290.0 210.0 17 22.46152380952381 mpd_20250408_090531.data
290.0 230.0 17 22.767738095238098 mpd_20250408_090556.data
270.0 230.0 17 22.46152380952381 mpd_20250408_090621.data
250.0 230.0 17 22.666095238095238 mpd_20250408_090646.data
230.0 230.0 17 22.46152380952381 mpd_20250408_090711.data
210.0 230.0 17 22.767738095238098 mpd_20250408_090736.data
190.0 230.0 17 22.666095238095238 mpd_20250408_090801.data
170.0 230.0 17 22.767738095238098 mpd_20250408_090827.data
150.0 230.0 17 22.868976190476186 mpd_20250408_090852.data
130.0 230.0 17 22.767738095238098 mpd_20250408_090917.data
110.0 230.0 17 22.868976190476186 mpd_20250408_090942.data
90.0 230.0 17 22.46152380952381 mpd_20250408_091007.data
70.0 230.0 17 22.767738095238098 mpd_20250408_091032.data
50.0 230.0 17 22.767738095238098 mpd_20250408_091057.data
30.0 230.0 17 22.666095238095238 mpd_20250408_091122.data
10.0 230.0 17 22.767738095238098 mpd_20250408_091147.data
10.0 250.0 17 22.868976190476186 mpd_20250408_091212.data
30.0 250.0 17 22.868976190476186 mpd_20250408_091237.data
50.0 250.0 17 22.767738095238098 mpd_20250408_091302.data
70.0 250.0 17 22.767738095238098 mpd_20250408_091327.data
90.0 250.0 17 22.767738095238098 mpd_20250408_091352.data
110.0 250.0 17 22.666095238095238 mpd_20250408_091417.data
130.0 250.0 17 22.767738095238098 mpd_20250408_091442.data
150.0 250.0 17 22.56402380952381 mpd_20250408_091507.data
170.0 250.0 17 22.767738095238098 mpd_20250408_091532.data
190.0 250.0 17 22.767738095238098 mpd_20250408_091557.data
210.0 250.0 17 22.56402380952381 mpd_20250408_091622.data
230.0 250.0 17 22.767738095238098 mpd_20250408_091647.data
250.0 250.0 17 22.767738095238098 mpd_20250408_091712.data
270.0 250.0 17 22.56402380952381 mpd_20250408_091737.data
290.0 250.0 17 22.767738095238098 mpd_20250408_091802.data
290.0 270.0 17 22.46152380952381 mpd_20250408_091827.data
270.0 270.0 17 22.767738095238098 mpd_20250408_091852.data
250.0 270.0 17 22.35861904761905 mpd_20250408_091917.data
230.0 270.0 17 22.767738095238098 mpd_20250408_091942.data
210.0 270.0 17 22.46152380952381 mpd_20250408_092007.data
190.0 270.0 17 22.767738095238098 mpd_20250408_092032.data
170.0 270.0 17 22.666095238095238 mpd_20250408_092057.data
150.0 270.0 17 22.767738095238098 mpd_20250408_092122.data
130.0 270.0 17 22.666095238095238 mpd_20250408_092147.data
110.0 270.0 17 -1 mpd_20250408_092212.data
90.0 270.0 17 22.56402380952381 mpd_20250408_092237.data
70.0 270.0 17 22.868976190476186 mpd_20250408_092302.data
50.0 270.0 17 -1 mpd_20250408_092327.data
30.0 270.0 17 22.868976190476186 mpd_20250408_092352.data
10.0 270.0 17 22.56402380952381 mpd_20250408_092417.data
10.0 290.0 17 -1 mpd_20250408_092442.data
30.0 290.0 17 22.56402380952381 mpd_20250408_092507.data
50.0 290.0 17 22.767738095238098 mpd_20250408_092532.data
70.0 290.0 17 -1 mpd_20250408_092557.data
90.0 290.0 17 22.767738095238098 mpd_20250408_092622.data
110.0 290.0 17 22.666095238095238 mpd_20250408_092647.data
130.0 290.0 17 -1 mpd_20250408_092712.data
150.0 290.0 17 22.868976190476186 mpd_20250408_092737.data
170.0 290.0 17 22.868976190476186 mpd_20250408_092802.data
190.0 290.0 17 22.868976190476186 mpd_20250408_092827.data
210.0 290.0 17 22.868976190476186 mpd_20250408_092852.data
230.0 290.0 17 22.868976190476186 mpd_20250408_092917.data
250.0 290.0 17 22.969809523809523 mpd_20250408_092943.data
270.0 290.0 17 22.868976190476186 mpd_20250408_093008.data
290.0 290.0 17 22.969809523809523 mpd_20250408_093033.data
290.0 310.0 17 22.868976190476186 mpd_20250408_093058.data
270.0 310.0 17 22.868976190476186 mpd_20250408_093123.data
250.0 310.0 17 22.868976190476186 mpd_20250408_093148.data
230.0 310.0 17 22.868976190476186 mpd_20250408_093213.data
210.0 310.0 17 22.767738095238098 mpd_20250408_093238.data
190.0 310.0 17 22.868976190476186 mpd_20250408_093303.data
170.0 310.0 17 22.868976190476186 mpd_20250408_093328.data
150.0 310.0 17 22.969809523809523 mpd_20250408_093353.data
130.0 310.0 17 22.969809523809523 mpd_20250408_093418.data
110.0 310.0 17 22.868976190476186 mpd_20250408_093443.data
90.0 310.0 17 22.868976190476186 mpd_20250408_093508.data
70.0 310.0 17 22.969809523809523 mpd_20250408_093533.data
50.0 310.0 17 22.868976190476186 mpd_20250408_093558.data
30.0 310.0 17 22.868976190476186 mpd_20250408_093623.data
10.0 310.0 17 22.868976190476186 mpd_20250408_093648.data
10.0 330.0 17 22.969809523809523 mpd_20250408_093713.data
30.0 330.0 17 22.868976190476186 mpd_20250408_093738.data
50.0 330.0 17 22.868976190476186 mpd_20250408_093803.data
70.0 330.0 17 22.868976190476186 mpd_20250408_093828.data
90.0 330.0 17 22.969809523809523 mpd_20250408_093853.data
110.0 330.0 17 22.868976190476186 mpd_20250408_093918.data
130.0 330.0 17 22.868976190476186 mpd_20250408_093943.data
150.0 330.0 17 22.868976190476186 mpd_20250408_094008.data
170.0 330.0 17 22.868976190476186 mpd_20250408_094033.data
190.0 330.0 17 22.767738095238098 mpd_20250408_094058.data
210.0 330.0 17 22.868976190476186 mpd_20250408_094123.data
230.0 330.0 17 22.868976190476186 mpd_20250408_094148.data
250.0 330.0 17 22.868976190476186 mpd_20250408_094213.data
270.0 330.0 17 22.969809523809523 mpd_20250408_094238.data
290.0 330.0 17 22.969809523809523 mpd_20250408_094303.data
10.0 350.0 17 22.868976190476186 mpd_20250408_110910.data
30.0 350.0 17 22.868976190476186 mpd_20250408_110935.data
50.0 350.0 17 22.868976190476186 mpd_20250408_111000.data
70.0 350.0 17 22.868976190476186 mpd_20250408_111025.data
90.0 350.0 17 22.969809523809523 mpd_20250408_111050.data
110.0 350.0 17 22.969809523809523 mpd_20250408_111115.data
130.0 350.0 17 22.868976190476186 mpd_20250408_111140.data
150.0 350.0 17 22.868976190476186 mpd_20250408_111205.data
170.0 350.0 17 22.868976190476186 mpd_20250408_111230.data
190.0 350.0 17 22.868976190476186 mpd_20250408_111255.data
210.0 350.0 17 22.969809523809523 mpd_20250408_111320.data
230.0 350.0 17 22.969809523809523 mpd_20250408_111345.data
250.0 350.0 17 23.178749999999997 mpd_20250408_111410.data
270.0 350.0 17 22.868976190476186 mpd_20250408_111435.data
290.0 350.0 17 22.868976190476186 mpd_20250408_111500.data
290.0 370.0 17 22.868976190476186 mpd_20250408_111525.data
270.0 370.0 17 22.969809523809523 mpd_20250408_111550.data
250.0 370.0 17 22.767738095238098 mpd_20250408_111615.data
230.0 370.0 17 22.969809523809523 mpd_20250408_111640.data
210.0 370.0 17 22.767738095238098 mpd_20250408_111705.data
190.0 370.0 17 22.868976190476186 mpd_20250408_111730.data
170.0 370.0 17 22.868976190476186 mpd_20250408_111755.data
150.0 370.0 17 22.767738095238098 mpd_20250408_111820.data
130.0 370.0 17 22.969809523809523 mpd_20250408_111845.data
110.0 370.0 17 22.868976190476186 mpd_20250408_111910.data
90.0 370.0 17 22.868976190476186 mpd_20250408_111935.data
70.0 370.0 17 22.868976190476186 mpd_20250408_112000.data
50.0 370.0 17 22.868976190476186 mpd_20250408_112025.data
30.0 370.0 17 22.868976190476186 mpd_20250408_112050.data
10.0 370.0 17 22.868976190476186 mpd_20250408_112116.data
10.0 390.0 17 22.868976190476186 mpd_20250408_112141.data
30.0 390.0 17 22.868976190476186 mpd_20250408_112206.data
50.0 390.0 17 22.969809523809523 mpd_20250408_112231.data
70.0 390.0 17 22.868976190476186 mpd_20250408_112256.data
90.0 390.0 17 22.969809523809523 mpd_20250408_112321.data
110.0 390.0 17 22.969809523809523 mpd_20250408_112346.data
130.0 390.0 17 22.969809523809523 mpd_20250408_112411.data
150.0 390.0 17 22.868976190476186 mpd_20250408_112436.data
170.0 390.0 17 22.969809523809523 mpd_20250408_112501.data
190.0 390.0 17 22.868976190476186 mpd_20250408_112526.data
210.0 390.0 17 22.868976190476186 mpd_20250408_112551.data
230.0 390.0 17 22.969809523809523 mpd_20250408_112616.data
250.0 390.0 17 22.969809523809523 mpd_20250408_112641.data
270.0 390.0 17 22.969809523809523 mpd_20250408_112706.data
290.0 390.0 17 22.868976190476186 mpd_20250408_112731.data
290.0 410.0 17 22.868976190476186 mpd_20250408_112756.data
270.0 410.0 17 22.868976190476186 mpd_20250408_112821.data
250.0 410.0 17 22.868976190476186 mpd_20250408_112846.data
230.0 410.0 17 22.868976190476186 mpd_20250408_112911.data
210.0 410.0 17 22.969809523809523 mpd_20250408_112936.data
190.0 410.0 17 22.868976190476186 mpd_20250408_113001.data
170.0 410.0 17 22.868976190476186 mpd_20250408_113026.data
150.0 410.0 17 22.868976190476186 mpd_20250408_113051.data
130.0 410.0 17 22.767738095238098 mpd_20250408_113116.data
110.0 410.0 17 22.868976190476186 mpd_20250408_113141.data
90.0 410.0 17 22.969809523809523 mpd_20250408_113206.data
70.0 410.0 17 22.767738095238098 mpd_20250408_113231.data
50.0 410.0 17 22.969809523809523 mpd_20250408_113256.data
30.0 410.0 17 22.868976190476186 mpd_20250408_113321.data
10.0 410.0 17 22.868976190476186 mpd_20250408_113346.data
10.0 430.0 17 22.969809523809523 mpd_20250408_113411.data
30.0 430.0 17 22.868976190476186 mpd_20250408_113436.data
50.0 430.0 17 22.868976190476186 mpd_20250408_113501.data
70.0 430.0 17 22.969809523809523 mpd_20250408_113526.data
90.0 430.0 17 22.868976190476186 mpd_20250408_113551.data
110.0 430.0 17 22.969809523809523 mpd_20250408_113616.data
130.0 430.0 17 22.868976190476186 mpd_20250408_113641.data
150.0 430.0 17 22.969809523809523 mpd_20250408_113706.data
170.0 430.0 17 22.969809523809523 mpd_20250408_113731.data
190.0 430.0 17 22.969809523809523 mpd_20250408_113756.data
210.0 430.0 17 22.868976190476186 mpd_20250408_113821.data
230.0 430.0 17 22.868976190476186 mpd_20250408_113846.data
250.0 430.0 17 22.868976190476186 mpd_20250408_113911.data
270.0 430.0 17 22.868976190476186 mpd_20250408_113936.data
290.0 430.0 17 22.868976190476186 mpd_20250408_114001.data
290.0 450.0 17 22.868976190476186 mpd_20250408_114026.data
270.0 450.0 17 22.868976190476186 mpd_20250408_114051.data
250.0 450.0 17 22.868976190476186 mpd_20250408_114116.data
230.0 450.0 17 22.868976190476186 mpd_20250408_114141.data
210.0 450.0 17 22.868976190476186 mpd_20250408_114206.data
190.0 450.0 17 22.868976190476186 mpd_20250408_114231.data
170.0 450.0 17 22.868976190476186 mpd_20250408_114257.data
150.0 450.0 17 22.868976190476186 mpd_20250408_114322.data
130.0 450.0 17 22.767738095238098 mpd_20250408_114347.data
110.0 450.0 17 22.868976190476186 mpd_20250408_114412.data
90.0 450.0 17 22.868976190476186 mpd_20250408_114437.data
70.0 450.0 17 22.868976190476186 mpd_20250408_114502.data
50.0 450.0 17 22.969809523809523 mpd_20250408_114527.data
30.0 450.0 17 22.868976190476186 mpd_20250408_114552.data
10.0 450.0 17 22.969809523809523 mpd_20250408_114617.data
10.0 470.0 17 22.969809523809523 mpd_20250408_114642.data
30.0 470.0 17 22.868976190476186 mpd_20250408_114707.data
50.0 470.0 17 22.868976190476186 mpd_20250408_114732.data
70.0 470.0 17 22.868976190476186 mpd_20250408_114757.data
90.0 470.0 17 22.868976190476186 mpd_20250408_114822.data
110.0 470.0 17 22.868976190476186 mpd_20250408_114847.data
130.0 470.0 17 22.868976190476186 mpd_20250408_114912.data
150.0 470.0 17 22.868976190476186 mpd_20250408_114937.data
170.0 470.0 17 22.969809523809523 mpd_20250408_115002.data
190.0 470.0 17 22.868976190476186 mpd_20250408_115027.data
210.0 470.0 17 22.868976190476186 mpd_20250408_115052.data
230.0 470.0 17 22.868976190476186 mpd_20250408_115117.data
250.0 470.0 17 22.868976190476186 mpd_20250408_115142.data
270.0 470.0 17 22.969809523809523 mpd_20250408_115207.data
290.0 470.0 17 22.868976190476186 mpd_20250408_115232.data
