18.0 18.0 7 22.46152380952381 0cd913fa_20240221_161620.data
54.0 18.0 7 22.46152380952381 0cd913fa_20240221_161639.data
90.0 18.0 7 22.46152380952381 0cd913fa_20240221_161658.data
126.0 18.0 7 22.46152380952381 0cd913fa_20240221_161717.data
162.0 18.0 7 22.46152380952381 0cd913fa_20240221_161736.data
198.0 18.0 7 22.46152380952381 0cd913fa_20240221_161755.data
234.0 18.0 7 22.46152380952381 0cd913fa_20240221_161814.data
270.0 18.0 7 22.35861904761905 0cd913fa_20240221_161833.data
270.0 54.0 7 22.35861904761905 0cd913fa_20240221_161852.data
234.0 54.0 7 22.46152380952381 0cd913fa_20240221_161911.data
198.0 54.0 7 22.46152380952381 0cd913fa_20240221_161930.data
162.0 54.0 7 22.46152380952381 0cd913fa_20240221_161949.data
126.0 54.0 7 22.46152380952381 0cd913fa_20240221_162008.data
90.0 54.0 7 22.46152380952381 0cd913fa_20240221_162027.data
54.0 54.0 7 22.35861904761905 0cd913fa_20240221_162046.data
18.0 54.0 7 22.46152380952381 0cd913fa_20240221_162106.data
18.0 90.0 7 22.46152380952381 0cd913fa_20240221_162125.data
54.0 90.0 7 22.35861904761905 0cd913fa_20240221_162144.data
90.0 90.0 7 22.46152380952381 0cd913fa_20240221_162203.data
126.0 90.0 7 22.46152380952381 0cd913fa_20240221_162222.data
162.0 90.0 7 22.46152380952381 0cd913fa_20240221_162241.data
198.0 90.0 7 22.46152380952381 0cd913fa_20240221_162300.data
234.0 90.0 7 22.46152380952381 0cd913fa_20240221_162319.data
270.0 90.0 7 22.46152380952381 0cd913fa_20240221_162338.data
270.0 126.0 7 22.35861904761905 0cd913fa_20240221_162357.data
234.0 126.0 7 22.35861904761905 0cd913fa_20240221_162416.data
198.0 126.0 7 22.46152380952381 0cd913fa_20240221_162435.data
162.0 126.0 7 22.46152380952381 0cd913fa_20240221_162454.data
126.0 126.0 7 22.46152380952381 0cd913fa_20240221_162513.data
90.0 126.0 7 22.46152380952381 0cd913fa_20240221_162532.data
54.0 126.0 7 22.56402380952381 0cd913fa_20240221_162551.data
18.0 126.0 7 22.46152380952381 0cd913fa_20240221_162611.data
18.0 162.0 7 22.56402380952381 0cd913fa_20240221_162630.data
54.0 162.0 7 22.46152380952381 0cd913fa_20240221_162649.data
90.0 162.0 7 22.56402380952381 0cd913fa_20240221_162708.data
126.0 162.0 7 22.46152380952381 0cd913fa_20240221_162727.data
162.0 162.0 7 22.46152380952381 0cd913fa_20240221_162746.data
198.0 162.0 7 22.35861904761905 0cd913fa_20240221_162805.data
234.0 162.0 7 22.35861904761905 0cd913fa_20240221_162824.data
270.0 162.0 7 22.35861904761905 0cd913fa_20240221_162843.data
270.0 198.0 7 22.46152380952381 0cd913fa_20240221_162902.data
234.0 198.0 7 22.46152380952381 0cd913fa_20240221_162921.data
198.0 198.0 7 22.46152380952381 0cd913fa_20240221_162940.data
162.0 198.0 7 22.56402380952381 0cd913fa_20240221_162959.data
126.0 198.0 7 22.56402380952381 0cd913fa_20240221_163018.data
90.0 198.0 7 22.46152380952381 0cd913fa_20240221_163037.data
54.0 198.0 7 22.46152380952381 0cd913fa_20240221_163056.data
18.0 198.0 7 22.46152380952381 0cd913fa_20240221_163116.data
18.0 234.0 7 22.56402380952381 0cd913fa_20240221_163135.data
54.0 234.0 7 22.46152380952381 0cd913fa_20240221_163154.data
90.0 234.0 7 22.56402380952381 0cd913fa_20240221_163213.data
126.0 234.0 7 22.46152380952381 0cd913fa_20240221_163232.data
162.0 234.0 7 22.46152380952381 0cd913fa_20240221_163251.data
198.0 234.0 7 22.46152380952381 0cd913fa_20240221_163310.data
234.0 234.0 7 22.46152380952381 0cd913fa_20240221_163329.data
270.0 234.0 7 22.46152380952381 0cd913fa_20240221_163348.data
270.0 270.0 7 22.56402380952381 0cd913fa_20240221_163407.data
234.0 270.0 7 22.46152380952381 0cd913fa_20240221_163426.data
198.0 270.0 7 22.46152380952381 0cd913fa_20240221_163445.data
162.0 270.0 7 22.46152380952381 0cd913fa_20240221_163504.data
126.0 270.0 7 22.56402380952381 0cd913fa_20240221_163523.data
90.0 270.0 7 22.46152380952381 0cd913fa_20240221_163542.data
54.0 270.0 7 22.46152380952381 0cd913fa_20240221_163602.data
18.0 270.0 7 22.46152380952381 0cd913fa_20240221_163621.data
18.0 306.0 7 22.46152380952381 0cd913fa_20240221_163640.data
54.0 306.0 7 22.46152380952381 0cd913fa_20240221_163659.data
90.0 306.0 7 22.46152380952381 0cd913fa_20240221_163718.data
126.0 306.0 7 22.56402380952381 0cd913fa_20240221_163737.data
162.0 306.0 7 22.35861904761905 0cd913fa_20240221_163756.data
198.0 306.0 7 22.56402380952381 0cd913fa_20240221_163815.data
234.0 306.0 7 22.46152380952381 0cd913fa_20240221_163834.data
270.0 306.0 7 22.56402380952381 0cd913fa_20240221_163853.data
270.0 342.0 7 22.46152380952381 0cd913fa_20240221_163912.data
234.0 342.0 7 22.56402380952381 0cd913fa_20240221_163931.data
198.0 342.0 7 22.666095238095238 0cd913fa_20240221_163950.data
162.0 342.0 7 22.56402380952381 0cd913fa_20240221_164009.data
126.0 342.0 7 22.56402380952381 0cd913fa_20240221_164028.data
90.0 342.0 7 22.56402380952381 0cd913fa_20240221_164048.data
54.0 342.0 7 22.56402380952381 0cd913fa_20240221_164107.data
18.0 342.0 7 22.56402380952381 0cd913fa_20240221_164126.data
