-1 -1 -1 23.178749999999997 mpd_20250326_110912.data
10.0 10.0 17 23.073725 mpd_20250326_110952.data
30.0 10.0 17 23.073725 mpd_20250326_111018.data
50.0 10.0 17 23.178749999999997 mpd_20250326_111043.data
70.0 10.0 17 23.178749999999997 mpd_20250326_111108.data
90.0 10.0 17 23.073725 mpd_20250326_111133.data
110.0 10.0 17 23.073725 mpd_20250326_111158.data
130.0 10.0 17 23.073725 mpd_20250326_111223.data
150.0 10.0 17 23.178749999999997 mpd_20250326_111248.data
170.0 10.0 17 23.073725 mpd_20250326_111313.data
190.0 10.0 17 23.073725 mpd_20250326_111338.data
210.0 10.0 17 23.073725 mpd_20250326_111403.data
230.0 10.0 17 23.073725 mpd_20250326_111428.data
250.0 10.0 17 23.178749999999997 mpd_20250326_111453.data
270.0 10.0 17 23.178749999999997 mpd_20250326_111518.data
290.0 10.0 17 23.178749999999997 mpd_20250326_111543.data
290.0 30.0 17 23.073725 mpd_20250326_111608.data
270.0 30.0 17 23.178749999999997 mpd_20250326_111633.data
250.0 30.0 17 23.178749999999997 mpd_20250326_111658.data
230.0 30.0 17 23.073725 mpd_20250326_111723.data
210.0 30.0 17 23.073725 mpd_20250326_111748.data
190.0 30.0 17 23.283325 mpd_20250326_111813.data
170.0 30.0 17 23.073725 mpd_20250326_111838.data
150.0 30.0 17 23.178749999999997 mpd_20250326_111903.data
130.0 30.0 17 23.178749999999997 mpd_20250326_111928.data
110.0 30.0 17 23.073725 mpd_20250326_111953.data
90.0 30.0 17 23.073725 mpd_20250326_112018.data
70.0 30.0 17 23.178749999999997 mpd_20250326_112043.data
50.0 30.0 17 23.073725 mpd_20250326_112108.data
30.0 30.0 17 23.178749999999997 mpd_20250326_112133.data
10.0 30.0 17 23.178749999999997 mpd_20250326_112158.data
10.0 50.0 17 23.073725 mpd_20250326_112223.data
30.0 50.0 17 23.178749999999997 mpd_20250326_112248.data
50.0 50.0 17 23.178749999999997 mpd_20250326_112313.data
70.0 50.0 17 23.178749999999997 mpd_20250326_112338.data
90.0 50.0 17 23.178749999999997 mpd_20250326_112403.data
110.0 50.0 17 23.073725 mpd_20250326_112428.data
130.0 50.0 17 23.073725 mpd_20250326_112453.data
150.0 50.0 17 23.178749999999997 mpd_20250326_112518.data
170.0 50.0 17 23.178749999999997 mpd_20250326_112543.data
190.0 50.0 17 23.178749999999997 mpd_20250326_112608.data
210.0 50.0 17 23.178749999999997 mpd_20250326_112633.data
230.0 50.0 17 23.283325 mpd_20250326_112658.data
250.0 50.0 17 23.178749999999997 mpd_20250326_112723.data
270.0 50.0 17 23.073725 mpd_20250326_112748.data
290.0 50.0 17 23.178749999999997 mpd_20250326_112813.data
290.0 70.0 17 23.178749999999997 mpd_20250326_112838.data
270.0 70.0 17 23.178749999999997 mpd_20250326_112903.data
250.0 70.0 17 23.178749999999997 mpd_20250326_112928.data
230.0 70.0 17 23.178749999999997 mpd_20250326_112953.data
210.0 70.0 17 23.073725 mpd_20250326_113018.data
190.0 70.0 17 23.178749999999997 mpd_20250326_113043.data
170.0 70.0 17 23.178749999999997 mpd_20250326_113108.data
150.0 70.0 17 23.178749999999997 mpd_20250326_113133.data
130.0 70.0 17 23.073725 mpd_20250326_113159.data
110.0 70.0 17 23.178749999999997 mpd_20250326_113224.data
90.0 70.0 17 23.073725 mpd_20250326_113249.data
70.0 70.0 17 23.178749999999997 mpd_20250326_113314.data
50.0 70.0 17 23.178749999999997 mpd_20250326_113339.data
30.0 70.0 17 23.178749999999997 mpd_20250326_113404.data
10.0 70.0 17 23.073725 mpd_20250326_113429.data
10.0 90.0 17 23.178749999999997 mpd_20250326_113454.data
30.0 90.0 17 23.178749999999997 mpd_20250326_113519.data
50.0 90.0 17 23.178749999999997 mpd_20250326_113544.data
70.0 90.0 17 23.178749999999997 mpd_20250326_113609.data
90.0 90.0 17 23.073725 mpd_20250326_113634.data
110.0 90.0 17 23.073725 mpd_20250326_113659.data
130.0 90.0 17 23.178749999999997 mpd_20250326_113724.data
150.0 90.0 17 23.073725 mpd_20250326_113749.data
170.0 90.0 17 23.073725 mpd_20250326_113814.data
190.0 90.0 17 23.178749999999997 mpd_20250326_113839.data
210.0 90.0 17 23.178749999999997 mpd_20250326_113904.data
230.0 90.0 17 23.178749999999997 mpd_20250326_113929.data
250.0 90.0 17 23.073725 mpd_20250326_113954.data
270.0 90.0 17 23.178749999999997 mpd_20250326_114019.data
290.0 90.0 17 23.178749999999997 mpd_20250326_114044.data
290.0 110.0 17 23.283325 mpd_20250326_114109.data
270.0 110.0 17 23.283325 mpd_20250326_114134.data
250.0 110.0 17 23.178749999999997 mpd_20250326_114159.data
230.0 110.0 17 23.178749999999997 mpd_20250326_114224.data
210.0 110.0 17 23.073725 mpd_20250326_114249.data
190.0 110.0 17 23.178749999999997 mpd_20250326_114314.data
170.0 110.0 17 23.178749999999997 mpd_20250326_114339.data
150.0 110.0 17 23.178749999999997 mpd_20250326_114404.data
130.0 110.0 17 23.178749999999997 mpd_20250326_114429.data
110.0 110.0 17 23.178749999999997 mpd_20250326_114454.data
90.0 110.0 17 23.178749999999997 mpd_20250326_114519.data
70.0 110.0 17 23.178749999999997 mpd_20250326_114544.data
50.0 110.0 17 23.178749999999997 mpd_20250326_114609.data
30.0 110.0 17 23.073725 mpd_20250326_114634.data
10.0 110.0 17 23.178749999999997 mpd_20250326_114659.data
10.0 130.0 17 23.178749999999997 mpd_20250326_114724.data
30.0 130.0 17 23.178749999999997 mpd_20250326_114749.data
50.0 130.0 17 23.178749999999997 mpd_20250326_114814.data
70.0 130.0 17 23.178749999999997 mpd_20250326_114839.data
90.0 130.0 17 23.178749999999997 mpd_20250326_114904.data
110.0 130.0 17 23.178749999999997 mpd_20250326_114929.data
130.0 130.0 17 23.073725 mpd_20250326_114954.data
150.0 130.0 17 23.178749999999997 mpd_20250326_115019.data
170.0 130.0 17 23.073725 mpd_20250326_115044.data
190.0 130.0 17 23.178749999999997 mpd_20250326_115109.data
210.0 130.0 17 23.073725 mpd_20250326_115134.data
230.0 130.0 17 23.178749999999997 mpd_20250326_115159.data
250.0 130.0 17 23.073725 mpd_20250326_115224.data
270.0 130.0 17 23.178749999999997 mpd_20250326_115249.data
290.0 130.0 17 23.178749999999997 mpd_20250326_115314.data
290.0 150.0 17 23.178749999999997 mpd_20250326_115340.data
270.0 150.0 17 23.178749999999997 mpd_20250326_115405.data
250.0 150.0 17 23.178749999999997 mpd_20250326_115430.data
230.0 150.0 17 23.073725 mpd_20250326_115455.data
210.0 150.0 17 23.178749999999997 mpd_20250326_115520.data
190.0 150.0 17 23.178749999999997 mpd_20250326_115545.data
170.0 150.0 17 23.178749999999997 mpd_20250326_115610.data
150.0 150.0 17 23.178749999999997 mpd_20250326_115635.data
130.0 150.0 17 23.283325 mpd_20250326_115700.data
110.0 150.0 17 23.178749999999997 mpd_20250326_115725.data
90.0 150.0 17 23.178749999999997 mpd_20250326_115750.data
70.0 150.0 17 23.178749999999997 mpd_20250326_115815.data
50.0 150.0 17 23.178749999999997 mpd_20250326_115840.data
30.0 150.0 17 23.178749999999997 mpd_20250326_115905.data
10.0 150.0 17 23.178749999999997 mpd_20250326_115930.data
10.0 170.0 17 23.178749999999997 mpd_20250326_115955.data
30.0 170.0 17 23.178749999999997 mpd_20250326_120020.data
50.0 170.0 17 23.178749999999997 mpd_20250326_120045.data
70.0 170.0 17 23.178749999999997 mpd_20250326_120110.data
90.0 170.0 17 23.178749999999997 mpd_20250326_120135.data
110.0 170.0 17 23.178749999999997 mpd_20250326_120200.data
130.0 170.0 17 23.073725 mpd_20250326_120225.data
150.0 170.0 17 23.178749999999997 mpd_20250326_120250.data
170.0 170.0 17 23.178749999999997 mpd_20250326_120315.data
190.0 170.0 17 23.178749999999997 mpd_20250326_120340.data
210.0 170.0 17 23.178749999999997 mpd_20250326_120405.data
230.0 170.0 17 23.283325 mpd_20250326_120430.data
250.0 170.0 17 23.178749999999997 mpd_20250326_120455.data
270.0 170.0 17 23.178749999999997 mpd_20250326_120520.data
290.0 170.0 17 23.178749999999997 mpd_20250326_120545.data
290.0 190.0 17 23.178749999999997 mpd_20250326_120610.data
270.0 190.0 17 23.178749999999997 mpd_20250326_120635.data
250.0 190.0 17 23.178749999999997 mpd_20250326_120700.data
230.0 190.0 17 23.178749999999997 mpd_20250326_120725.data
210.0 190.0 17 23.178749999999997 mpd_20250326_120750.data
190.0 190.0 17 23.178749999999997 mpd_20250326_120815.data
170.0 190.0 17 23.178749999999997 mpd_20250326_120840.data
150.0 190.0 17 23.283325 mpd_20250326_120905.data
130.0 190.0 17 23.178749999999997 mpd_20250326_120930.data
110.0 190.0 17 23.178749999999997 mpd_20250326_120955.data
90.0 190.0 17 23.073725 mpd_20250326_121020.data
70.0 190.0 17 23.178749999999997 mpd_20250326_121045.data
50.0 190.0 17 23.178749999999997 mpd_20250326_121110.data
30.0 190.0 17 23.283325 mpd_20250326_121135.data
10.0 190.0 17 23.283325 mpd_20250326_121200.data
10.0 210.0 17 23.178749999999997 mpd_20250326_121225.data
30.0 210.0 17 23.178749999999997 mpd_20250326_121250.data
50.0 210.0 17 23.178749999999997 mpd_20250326_121315.data
70.0 210.0 17 23.283325 mpd_20250326_121340.data
90.0 210.0 17 23.283325 mpd_20250326_121405.data
110.0 210.0 17 23.178749999999997 mpd_20250326_121431.data
130.0 210.0 17 23.178749999999997 mpd_20250326_121456.data
150.0 210.0 17 23.178749999999997 mpd_20250326_121521.data
170.0 210.0 17 23.283325 mpd_20250326_121546.data
190.0 210.0 17 23.178749999999997 mpd_20250326_121611.data
210.0 210.0 17 23.178749999999997 mpd_20250326_121636.data
230.0 210.0 17 23.178749999999997 mpd_20250326_121701.data
250.0 210.0 17 23.178749999999997 mpd_20250326_121726.data
270.0 210.0 17 23.178749999999997 mpd_20250326_121751.data
290.0 210.0 17 23.178749999999997 mpd_20250326_121816.data
290.0 230.0 17 23.283325 mpd_20250326_121841.data
270.0 230.0 17 23.178749999999997 mpd_20250326_121906.data
250.0 230.0 17 23.283325 mpd_20250326_121931.data
230.0 230.0 17 23.283325 mpd_20250326_121956.data
210.0 230.0 17 23.178749999999997 mpd_20250326_122021.data
190.0 230.0 17 23.283325 mpd_20250326_122046.data
170.0 230.0 17 23.283325 mpd_20250326_122111.data
150.0 230.0 17 23.178749999999997 mpd_20250326_122136.data
130.0 230.0 17 23.178749999999997 mpd_20250326_122201.data
110.0 230.0 17 23.178749999999997 mpd_20250326_122226.data
90.0 230.0 17 23.283325 mpd_20250326_122251.data
70.0 230.0 17 23.283325 mpd_20250326_122316.data
50.0 230.0 17 23.178749999999997 mpd_20250326_122341.data
30.0 230.0 17 23.178749999999997 mpd_20250326_122406.data
10.0 230.0 17 23.178749999999997 mpd_20250326_122431.data
10.0 250.0 17 23.073725 mpd_20250326_122456.data
30.0 250.0 17 23.073725 mpd_20250326_122521.data
50.0 250.0 17 23.3875 mpd_20250326_122546.data
70.0 250.0 17 23.178749999999997 mpd_20250326_122611.data
90.0 250.0 17 23.283325 mpd_20250326_122636.data
110.0 250.0 17 23.178749999999997 mpd_20250326_122701.data
130.0 250.0 17 23.178749999999997 mpd_20250326_122726.data
150.0 250.0 17 23.178749999999997 mpd_20250326_122751.data
170.0 250.0 17 23.178749999999997 mpd_20250326_122816.data
190.0 250.0 17 23.178749999999997 mpd_20250326_122841.data
210.0 250.0 17 23.073725 mpd_20250326_122906.data
230.0 250.0 17 23.178749999999997 mpd_20250326_122931.data
250.0 250.0 17 23.178749999999997 mpd_20250326_122956.data
270.0 250.0 17 23.178749999999997 mpd_20250326_123021.data
290.0 250.0 17 23.073725 mpd_20250326_123046.data
290.0 270.0 17 23.178749999999997 mpd_20250326_123111.data
270.0 270.0 17 23.283325 mpd_20250326_123136.data
250.0 270.0 17 23.178749999999997 mpd_20250326_123201.data
230.0 270.0 17 23.178749999999997 mpd_20250326_123226.data
210.0 270.0 17 23.178749999999997 mpd_20250326_123251.data
190.0 270.0 17 23.178749999999997 mpd_20250326_123316.data
170.0 270.0 17 23.178749999999997 mpd_20250326_123341.data
150.0 270.0 17 23.178749999999997 mpd_20250326_123406.data
130.0 270.0 17 23.178749999999997 mpd_20250326_123431.data
110.0 270.0 17 23.283325 mpd_20250326_123456.data
90.0 270.0 17 23.178749999999997 mpd_20250326_123522.data
70.0 270.0 17 -1 mpd_20250326_123547.data
50.0 270.0 17 23.178749999999997 mpd_20250326_123612.data
30.0 270.0 17 23.073725 mpd_20250326_123637.data
10.0 270.0 17 -1 mpd_20250326_123702.data
10.0 290.0 17 23.283325 mpd_20250326_123727.data
30.0 290.0 17 23.283325 mpd_20250326_123752.data
50.0 290.0 17 -1 mpd_20250326_123817.data
70.0 290.0 17 23.178749999999997 mpd_20250326_123842.data
90.0 290.0 17 23.178749999999997 mpd_20250326_123907.data
110.0 290.0 17 -1 mpd_20250326_123932.data
130.0 290.0 17 23.178749999999997 mpd_20250326_123957.data
150.0 290.0 17 23.49125 mpd_20250326_124022.data
170.0 290.0 17 -1 mpd_20250326_124047.data
190.0 290.0 17 23.178749999999997 mpd_20250326_124112.data
210.0 290.0 17 23.283325 mpd_20250326_124137.data
230.0 290.0 17 23.3875 mpd_20250326_124202.data
250.0 290.0 17 23.3875 mpd_20250326_124227.data
270.0 290.0 17 23.3875 mpd_20250326_124252.data
290.0 290.0 17 23.283325 mpd_20250326_124317.data
290.0 310.0 17 23.283325 mpd_20250326_124342.data
270.0 310.0 17 23.283325 mpd_20250326_124407.data
250.0 310.0 17 23.283325 mpd_20250326_124432.data
230.0 310.0 17 23.283325 mpd_20250326_124457.data
210.0 310.0 17 23.283325 mpd_20250326_124522.data
190.0 310.0 17 23.283325 mpd_20250326_124547.data
170.0 310.0 17 23.283325 mpd_20250326_124612.data
150.0 310.0 17 23.283325 mpd_20250326_124637.data
130.0 310.0 17 23.283325 mpd_20250326_124702.data
110.0 310.0 17 23.283325 mpd_20250326_124727.data
90.0 310.0 17 23.283325 mpd_20250326_124752.data
70.0 310.0 17 23.283325 mpd_20250326_124817.data
50.0 310.0 17 23.283325 mpd_20250326_124842.data
30.0 310.0 17 23.283325 mpd_20250326_124907.data
10.0 310.0 17 23.283325 mpd_20250326_124932.data
10.0 330.0 17 23.283325 mpd_20250326_124957.data
30.0 330.0 17 23.283325 mpd_20250326_125022.data
50.0 330.0 17 23.283325 mpd_20250326_125047.data
70.0 330.0 17 23.283325 mpd_20250326_125112.data
90.0 330.0 17 23.3875 mpd_20250326_125137.data
110.0 330.0 17 23.283325 mpd_20250326_125202.data
130.0 330.0 17 23.283325 mpd_20250326_125227.data
150.0 330.0 17 23.283325 mpd_20250326_125252.data
170.0 330.0 17 23.283325 mpd_20250326_125317.data
190.0 330.0 17 23.178749999999997 mpd_20250326_125342.data
210.0 330.0 17 23.283325 mpd_20250326_125407.data
230.0 330.0 17 23.283325 mpd_20250326_125432.data
250.0 330.0 17 23.283325 mpd_20250326_125457.data
270.0 330.0 17 23.283325 mpd_20250326_125522.data
290.0 330.0 17 23.283325 mpd_20250326_125547.data
10.0 350.0 17 23.283325 mpd_20250326_132801.data
30.0 350.0 17 23.283325 mpd_20250326_132826.data
50.0 350.0 17 23.283325 mpd_20250326_132851.data
70.0 350.0 17 23.283325 mpd_20250326_132916.data
90.0 350.0 17 23.178749999999997 mpd_20250326_132941.data
110.0 350.0 17 23.283325 mpd_20250326_133006.data
130.0 350.0 17 23.178749999999997 mpd_20250326_133031.data
150.0 350.0 17 23.283325 mpd_20250326_133056.data
170.0 350.0 17 23.283325 mpd_20250326_133121.data
190.0 350.0 17 23.283325 mpd_20250326_133146.data
210.0 350.0 17 23.283325 mpd_20250326_133211.data
230.0 350.0 17 23.3875 mpd_20250326_133236.data
250.0 350.0 17 23.283325 mpd_20250326_133301.data
270.0 350.0 17 23.49125 mpd_20250326_133326.data
290.0 350.0 17 23.283325 mpd_20250326_133351.data
290.0 370.0 17 23.283325 mpd_20250326_133416.data
270.0 370.0 17 23.178749999999997 mpd_20250326_133441.data
250.0 370.0 17 23.283325 mpd_20250326_133506.data
230.0 370.0 17 23.283325 mpd_20250326_133531.data
210.0 370.0 17 23.283325 mpd_20250326_133556.data
190.0 370.0 17 23.283325 mpd_20250326_133621.data
170.0 370.0 17 23.283325 mpd_20250326_133646.data
150.0 370.0 17 23.283325 mpd_20250326_133711.data
130.0 370.0 17 23.283325 mpd_20250326_133737.data
110.0 370.0 17 23.283325 mpd_20250326_133802.data
90.0 370.0 17 23.49125 mpd_20250326_133827.data
70.0 370.0 17 23.283325 mpd_20250326_133852.data
50.0 370.0 17 23.3875 mpd_20250326_133917.data
30.0 370.0 17 23.283325 mpd_20250326_133942.data
10.0 370.0 17 23.283325 mpd_20250326_134007.data
10.0 390.0 17 23.283325 mpd_20250326_134032.data
30.0 390.0 17 23.283325 mpd_20250326_134057.data
50.0 390.0 17 23.283325 mpd_20250326_134122.data
70.0 390.0 17 23.283325 mpd_20250326_134147.data
90.0 390.0 17 23.283325 mpd_20250326_134212.data
110.0 390.0 17 23.283325 mpd_20250326_134237.data
130.0 390.0 17 23.283325 mpd_20250326_134302.data
150.0 390.0 17 23.3875 mpd_20250326_134327.data
170.0 390.0 17 23.283325 mpd_20250326_134352.data
190.0 390.0 17 23.3875 mpd_20250326_134417.data
210.0 390.0 17 23.283325 mpd_20250326_134442.data
230.0 390.0 17 23.283325 mpd_20250326_134507.data
250.0 390.0 17 23.283325 mpd_20250326_134532.data
270.0 390.0 17 23.283325 mpd_20250326_134557.data
290.0 390.0 17 23.283325 mpd_20250326_134622.data
290.0 410.0 17 23.283325 mpd_20250326_134647.data
270.0 410.0 17 23.178749999999997 mpd_20250326_134712.data
250.0 410.0 17 23.178749999999997 mpd_20250326_134737.data
230.0 410.0 17 23.283325 mpd_20250326_134802.data
210.0 410.0 17 23.283325 mpd_20250326_134827.data
190.0 410.0 17 23.283325 mpd_20250326_134852.data
170.0 410.0 17 23.283325 mpd_20250326_134917.data
150.0 410.0 17 23.283325 mpd_20250326_134942.data
130.0 410.0 17 23.283325 mpd_20250326_135007.data
110.0 410.0 17 23.283325 mpd_20250326_135032.data
90.0 410.0 17 23.283325 mpd_20250326_135057.data
70.0 410.0 17 23.283325 mpd_20250326_135122.data
50.0 410.0 17 23.178749999999997 mpd_20250326_135147.data
30.0 410.0 17 23.178749999999997 mpd_20250326_135212.data
10.0 410.0 17 23.283325 mpd_20250326_135237.data
10.0 430.0 17 23.283325 mpd_20250326_135302.data
30.0 430.0 17 23.283325 mpd_20250326_135327.data
50.0 430.0 17 23.283325 mpd_20250326_135352.data
70.0 430.0 17 23.283325 mpd_20250326_135417.data
90.0 430.0 17 23.283325 mpd_20250326_135442.data
110.0 430.0 17 23.3875 mpd_20250326_135507.data
130.0 430.0 17 23.283325 mpd_20250326_135532.data
150.0 430.0 17 23.283325 mpd_20250326_135557.data
170.0 430.0 17 23.283325 mpd_20250326_135622.data
190.0 430.0 17 23.283325 mpd_20250326_135647.data
210.0 430.0 17 23.283325 mpd_20250326_135712.data
230.0 430.0 17 23.283325 mpd_20250326_135737.data
250.0 430.0 17 23.283325 mpd_20250326_135803.data
270.0 430.0 17 23.283325 mpd_20250326_135828.data
290.0 430.0 17 23.3875 mpd_20250326_135853.data
290.0 450.0 17 23.3875 mpd_20250326_135918.data
270.0 450.0 17 23.283325 mpd_20250326_135943.data
250.0 450.0 17 23.283325 mpd_20250326_140008.data
230.0 450.0 17 23.283325 mpd_20250326_140033.data
210.0 450.0 17 23.283325 mpd_20250326_140058.data
190.0 450.0 17 23.3875 mpd_20250326_140123.data
170.0 450.0 17 23.283325 mpd_20250326_140148.data
150.0 450.0 17 23.283325 mpd_20250326_140213.data
130.0 450.0 17 23.283325 mpd_20250326_140238.data
110.0 450.0 17 23.283325 mpd_20250326_140303.data
90.0 450.0 17 23.3875 mpd_20250326_140328.data
70.0 450.0 17 23.283325 mpd_20250326_140353.data
50.0 450.0 17 23.283325 mpd_20250326_140418.data
30.0 450.0 17 23.283325 mpd_20250326_140443.data
10.0 450.0 17 23.283325 mpd_20250326_140508.data
10.0 470.0 17 23.283325 mpd_20250326_140533.data
30.0 470.0 17 23.283325 mpd_20250326_140558.data
50.0 470.0 17 23.283325 mpd_20250326_140623.data
70.0 470.0 17 23.49125 mpd_20250326_140648.data
90.0 470.0 17 23.49125 mpd_20250326_140713.data
110.0 470.0 17 23.283325 mpd_20250326_140738.data
130.0 470.0 17 23.283325 mpd_20250326_140803.data
150.0 470.0 17 23.178749999999997 mpd_20250326_140828.data
170.0 470.0 17 23.283325 mpd_20250326_140853.data
190.0 470.0 17 23.3875 mpd_20250326_140918.data
210.0 470.0 17 23.178749999999997 mpd_20250326_140943.data
230.0 470.0 17 23.283325 mpd_20250326_141008.data
250.0 470.0 17 23.283325 mpd_20250326_141033.data
270.0 470.0 17 23.283325 mpd_20250326_141058.data
290.0 470.0 17 23.3875 mpd_20250326_141123.data
