18.0 18.0 20 22.666095238095238 0cd913fa_20240220_101304.data
54.0 18.0 20 22.666095238095238 0cd913fa_20240220_101323.data
90.0 18.0 20 22.666095238095238 0cd913fa_20240220_101342.data
126.0 18.0 20 22.56402380952381 0cd913fa_20240220_101401.data
162.0 18.0 20 22.666095238095238 0cd913fa_20240220_101420.data
198.0 18.0 20 22.666095238095238 0cd913fa_20240220_101439.data
234.0 18.0 20 22.666095238095238 0cd913fa_20240220_101458.data
270.0 18.0 20 22.56402380952381 0cd913fa_20240220_101517.data
270.0 54.0 20 22.767738095238098 0cd913fa_20240220_101536.data
234.0 54.0 20 22.767738095238098 0cd913fa_20240220_101555.data
198.0 54.0 20 22.666095238095238 0cd913fa_20240220_101614.data
162.0 54.0 20 22.666095238095238 0cd913fa_20240220_101634.data
126.0 54.0 20 22.666095238095238 0cd913fa_20240220_101653.data
90.0 54.0 20 22.56402380952381 0cd913fa_20240220_101712.data
54.0 54.0 20 22.666095238095238 0cd913fa_20240220_101731.data
18.0 54.0 20 22.666095238095238 0cd913fa_20240220_101750.data
18.0 90.0 20 22.666095238095238 0cd913fa_20240220_101809.data
54.0 90.0 20 22.666095238095238 0cd913fa_20240220_101828.data
90.0 90.0 20 22.666095238095238 0cd913fa_20240220_101847.data
126.0 90.0 20 22.666095238095238 0cd913fa_20240220_101906.data
162.0 90.0 20 22.666095238095238 0cd913fa_20240220_101925.data
198.0 90.0 20 22.767738095238098 0cd913fa_20240220_101944.data
234.0 90.0 20 22.666095238095238 0cd913fa_20240220_102003.data
270.0 90.0 20 22.666095238095238 0cd913fa_20240220_102022.data
270.0 126.0 20 22.666095238095238 0cd913fa_20240220_102041.data
234.0 126.0 20 22.666095238095238 0cd913fa_20240220_102100.data
198.0 126.0 20 22.666095238095238 0cd913fa_20240220_102119.data
162.0 126.0 20 22.666095238095238 0cd913fa_20240220_102138.data
126.0 126.0 20 22.666095238095238 0cd913fa_20240220_102158.data
90.0 126.0 20 22.666095238095238 0cd913fa_20240220_102217.data
54.0 126.0 20 22.666095238095238 0cd913fa_20240220_102236.data
18.0 126.0 20 22.767738095238098 0cd913fa_20240220_102255.data
18.0 162.0 20 22.666095238095238 0cd913fa_20240220_102314.data
54.0 162.0 20 22.666095238095238 0cd913fa_20240220_102333.data
90.0 162.0 20 22.767738095238098 0cd913fa_20240220_102352.data
126.0 162.0 20 22.666095238095238 0cd913fa_20240220_102411.data
162.0 162.0 20 22.666095238095238 0cd913fa_20240220_102430.data
198.0 162.0 20 22.56402380952381 0cd913fa_20240220_102449.data
234.0 162.0 20 22.767738095238098 0cd913fa_20240220_102508.data
270.0 162.0 20 22.56402380952381 0cd913fa_20240220_102527.data
270.0 198.0 20 22.767738095238098 0cd913fa_20240220_102546.data
234.0 198.0 20 22.666095238095238 0cd913fa_20240220_102605.data
198.0 198.0 20 22.666095238095238 0cd913fa_20240220_102624.data
162.0 198.0 20 22.767738095238098 0cd913fa_20240220_102644.data
126.0 198.0 20 22.666095238095238 0cd913fa_20240220_102703.data
90.0 198.0 20 22.666095238095238 0cd913fa_20240220_102722.data
54.0 198.0 20 22.868976190476186 0cd913fa_20240220_102741.data
18.0 198.0 20 22.969809523809523 0cd913fa_20240220_102800.data
18.0 234.0 20 22.969809523809523 0cd913fa_20240220_102819.data
54.0 234.0 20 22.767738095238098 0cd913fa_20240220_102838.data
90.0 234.0 20 22.666095238095238 0cd913fa_20240220_102857.data
126.0 234.0 20 22.666095238095238 0cd913fa_20240220_102916.data
162.0 234.0 20 22.666095238095238 0cd913fa_20240220_102935.data
198.0 234.0 20 22.767738095238098 0cd913fa_20240220_102954.data
234.0 234.0 20 22.666095238095238 0cd913fa_20240220_103013.data
270.0 234.0 20 22.666095238095238 0cd913fa_20240220_103032.data
270.0 270.0 20 22.767738095238098 0cd913fa_20240220_103051.data
234.0 270.0 20 22.666095238095238 0cd913fa_20240220_103110.data
198.0 270.0 20 22.767738095238098 0cd913fa_20240220_103129.data
162.0 270.0 20 22.666095238095238 0cd913fa_20240220_103148.data
126.0 270.0 20 22.56402380952381 0cd913fa_20240220_103208.data
90.0 270.0 20 22.767738095238098 0cd913fa_20240220_103227.data
54.0 270.0 20 22.868976190476186 0cd913fa_20240220_103246.data
18.0 270.0 20 22.767738095238098 0cd913fa_20240220_103305.data
18.0 306.0 20 22.666095238095238 0cd913fa_20240220_103324.data
54.0 306.0 20 22.56402380952381 0cd913fa_20240220_103343.data
90.0 306.0 20 22.666095238095238 0cd913fa_20240220_103402.data
126.0 306.0 20 22.767738095238098 0cd913fa_20240220_103421.data
162.0 306.0 20 22.666095238095238 0cd913fa_20240220_103440.data
198.0 306.0 20 22.767738095238098 0cd913fa_20240220_103459.data
234.0 306.0 20 22.666095238095238 0cd913fa_20240220_103518.data
270.0 306.0 20 22.767738095238098 0cd913fa_20240220_103537.data
270.0 342.0 20 22.767738095238098 0cd913fa_20240220_103556.data
234.0 342.0 20 22.767738095238098 0cd913fa_20240220_103615.data
198.0 342.0 20 22.767738095238098 0cd913fa_20240220_103634.data
162.0 342.0 20 22.767738095238098 0cd913fa_20240220_103653.data
126.0 342.0 20 22.767738095238098 0cd913fa_20240220_103712.data
90.0 342.0 20 22.666095238095238 0cd913fa_20240220_103732.data
54.0 342.0 20 22.767738095238098 0cd913fa_20240220_103751.data
18.0 342.0 20 22.767738095238098 0cd913fa_20240220_103810.data
