-1 -1 -1 23.6975 mpd_20250325_142141.data
10.0 10.0 17 23.902100000000004 mpd_20250325_142221.data
30.0 10.0 17 23.8 mpd_20250325_142246.data
50.0 10.0 17 23.6975 mpd_20250325_142311.data
70.0 10.0 17 23.49125 mpd_20250325_142336.data
90.0 10.0 17 23.6975 mpd_20250325_142401.data
110.0 10.0 17 23.49125 mpd_20250325_142426.data
130.0 10.0 17 23.6975 mpd_20250325_142451.data
150.0 10.0 17 23.49125 mpd_20250325_142516.data
170.0 10.0 17 23.8 mpd_20250325_142541.data
190.0 10.0 17 23.8 mpd_20250325_142606.data
210.0 10.0 17 23.49125 mpd_20250325_142631.data
230.0 10.0 17 23.8 mpd_20250325_142656.data
250.0 10.0 17 23.594575 mpd_20250325_142721.data
270.0 10.0 17 23.6975 mpd_20250325_142746.data
290.0 10.0 17 23.3875 mpd_20250325_142811.data
290.0 30.0 17 23.594575 mpd_20250325_142836.data
270.0 30.0 17 23.6975 mpd_20250325_142902.data
250.0 30.0 17 23.594575 mpd_20250325_142927.data
230.0 30.0 17 23.6975 mpd_20250325_142952.data
210.0 30.0 17 23.283325 mpd_20250325_143017.data
190.0 30.0 17 23.8 mpd_20250325_143042.data
170.0 30.0 17 23.6975 mpd_20250325_143107.data
150.0 30.0 17 23.8 mpd_20250325_143132.data
130.0 30.0 17 23.49125 mpd_20250325_143157.data
110.0 30.0 17 23.6975 mpd_20250325_143222.data
90.0 30.0 17 23.49125 mpd_20250325_143247.data
70.0 30.0 17 23.8 mpd_20250325_143312.data
50.0 30.0 17 23.6975 mpd_20250325_143337.data
30.0 30.0 17 23.8 mpd_20250325_143402.data
10.0 30.0 17 23.6975 mpd_20250325_143427.data
10.0 50.0 17 23.594575 mpd_20250325_143452.data
30.0 50.0 17 23.6975 mpd_20250325_143517.data
50.0 50.0 17 23.49125 mpd_20250325_143542.data
70.0 50.0 17 23.8 mpd_20250325_143607.data
90.0 50.0 17 23.8 mpd_20250325_143632.data
110.0 50.0 17 23.8 mpd_20250325_143657.data
130.0 50.0 17 23.6975 mpd_20250325_143722.data
150.0 50.0 17 23.6975 mpd_20250325_143747.data
170.0 50.0 17 23.8 mpd_20250325_143812.data
190.0 50.0 17 23.6975 mpd_20250325_143837.data
210.0 50.0 17 23.8 mpd_20250325_143902.data
230.0 50.0 17 23.6975 mpd_20250325_143927.data
250.0 50.0 17 23.6975 mpd_20250325_143952.data
270.0 50.0 17 23.594575 mpd_20250325_144017.data
290.0 50.0 17 23.8 mpd_20250325_144042.data
290.0 70.0 17 23.594575 mpd_20250325_144107.data
270.0 70.0 17 23.6975 mpd_20250325_144132.data
250.0 70.0 17 23.49125 mpd_20250325_144157.data
230.0 70.0 17 23.49125 mpd_20250325_144222.data
210.0 70.0 17 23.6975 mpd_20250325_144247.data
190.0 70.0 17 23.594575 mpd_20250325_144312.data
170.0 70.0 17 23.594575 mpd_20250325_144337.data
150.0 70.0 17 23.594575 mpd_20250325_144402.data
130.0 70.0 17 23.3875 mpd_20250325_144427.data
110.0 70.0 17 23.49125 mpd_20250325_144452.data
90.0 70.0 17 23.49125 mpd_20250325_144517.data
70.0 70.0 17 23.3875 mpd_20250325_144542.data
50.0 70.0 17 23.49125 mpd_20250325_144607.data
30.0 70.0 17 23.3875 mpd_20250325_144632.data
10.0 70.0 17 23.3875 mpd_20250325_144657.data
10.0 90.0 17 23.49125 mpd_20250325_144722.data
30.0 90.0 17 23.3875 mpd_20250325_144747.data
50.0 90.0 17 23.49125 mpd_20250325_144812.data
70.0 90.0 17 23.3875 mpd_20250325_144837.data
90.0 90.0 17 23.3875 mpd_20250325_144902.data
110.0 90.0 17 23.49125 mpd_20250325_144927.data
130.0 90.0 17 23.49125 mpd_20250325_144952.data
150.0 90.0 17 23.49125 mpd_20250325_145017.data
170.0 90.0 17 23.49125 mpd_20250325_145043.data
190.0 90.0 17 23.49125 mpd_20250325_145108.data
210.0 90.0 17 23.283325 mpd_20250325_145133.data
230.0 90.0 17 23.49125 mpd_20250325_145158.data
250.0 90.0 17 23.49125 mpd_20250325_145223.data
270.0 90.0 17 23.49125 mpd_20250325_145248.data
290.0 90.0 17 23.3875 mpd_20250325_145313.data
290.0 110.0 17 23.3875 mpd_20250325_145338.data
270.0 110.0 17 23.3875 mpd_20250325_145403.data
250.0 110.0 17 23.49125 mpd_20250325_145428.data
230.0 110.0 17 23.49125 mpd_20250325_145453.data
210.0 110.0 17 23.49125 mpd_20250325_145518.data
190.0 110.0 17 23.49125 mpd_20250325_145543.data
170.0 110.0 17 23.3875 mpd_20250325_145608.data
150.0 110.0 17 23.49125 mpd_20250325_145633.data
130.0 110.0 17 23.49125 mpd_20250325_145658.data
110.0 110.0 17 23.594575 mpd_20250325_145723.data
90.0 110.0 17 23.49125 mpd_20250325_145748.data
70.0 110.0 17 23.3875 mpd_20250325_145813.data
50.0 110.0 17 23.49125 mpd_20250325_145838.data
30.0 110.0 17 23.49125 mpd_20250325_145903.data
10.0 110.0 17 23.3875 mpd_20250325_145928.data
10.0 130.0 17 23.49125 mpd_20250325_145953.data
30.0 130.0 17 23.49125 mpd_20250325_150018.data
50.0 130.0 17 23.49125 mpd_20250325_150043.data
70.0 130.0 17 23.49125 mpd_20250325_150108.data
90.0 130.0 17 23.594575 mpd_20250325_150133.data
110.0 130.0 17 23.49125 mpd_20250325_150158.data
130.0 130.0 17 23.49125 mpd_20250325_150223.data
150.0 130.0 17 23.3875 mpd_20250325_150248.data
170.0 130.0 17 23.49125 mpd_20250325_150313.data
190.0 130.0 17 23.49125 mpd_20250325_150338.data
210.0 130.0 17 23.49125 mpd_20250325_150403.data
230.0 130.0 17 23.49125 mpd_20250325_150428.data
250.0 130.0 17 23.3875 mpd_20250325_150453.data
270.0 130.0 17 23.49125 mpd_20250325_150518.data
290.0 130.0 17 23.49125 mpd_20250325_150543.data
290.0 150.0 17 23.49125 mpd_20250325_150608.data
270.0 150.0 17 23.3875 mpd_20250325_150633.data
250.0 150.0 17 23.49125 mpd_20250325_150658.data
230.0 150.0 17 23.49125 mpd_20250325_150723.data
210.0 150.0 17 23.49125 mpd_20250325_150748.data
190.0 150.0 17 23.3875 mpd_20250325_150813.data
170.0 150.0 17 23.49125 mpd_20250325_150838.data
150.0 150.0 17 23.49125 mpd_20250325_150903.data
130.0 150.0 17 23.49125 mpd_20250325_150928.data
110.0 150.0 17 23.594575 mpd_20250325_150953.data
90.0 150.0 17 23.3875 mpd_20250325_151018.data
70.0 150.0 17 23.49125 mpd_20250325_151043.data
50.0 150.0 17 23.49125 mpd_20250325_151108.data
30.0 150.0 17 23.594575 mpd_20250325_151133.data
10.0 150.0 17 23.49125 mpd_20250325_151158.data
10.0 170.0 17 23.3875 mpd_20250325_151224.data
30.0 170.0 17 23.49125 mpd_20250325_151249.data
50.0 170.0 17 23.49125 mpd_20250325_151314.data
70.0 170.0 17 23.49125 mpd_20250325_151339.data
90.0 170.0 17 23.3875 mpd_20250325_151404.data
110.0 170.0 17 23.49125 mpd_20250325_151429.data
130.0 170.0 17 23.3875 mpd_20250325_151454.data
150.0 170.0 17 23.49125 mpd_20250325_151519.data
170.0 170.0 17 23.49125 mpd_20250325_151544.data
190.0 170.0 17 23.594575 mpd_20250325_151609.data
210.0 170.0 17 23.49125 mpd_20250325_151634.data
230.0 170.0 17 23.49125 mpd_20250325_151659.data
250.0 170.0 17 23.49125 mpd_20250325_151724.data
270.0 170.0 17 23.594575 mpd_20250325_151749.data
290.0 170.0 17 23.49125 mpd_20250325_151814.data
290.0 190.0 17 23.49125 mpd_20250325_151839.data
270.0 190.0 17 23.49125 mpd_20250325_151904.data
250.0 190.0 17 23.49125 mpd_20250325_151929.data
230.0 190.0 17 23.49125 mpd_20250325_151954.data
210.0 190.0 17 23.49125 mpd_20250325_152019.data
190.0 190.0 17 23.49125 mpd_20250325_152044.data
170.0 190.0 17 23.49125 mpd_20250325_152109.data
150.0 190.0 17 23.49125 mpd_20250325_152134.data
130.0 190.0 17 23.594575 mpd_20250325_152159.data
110.0 190.0 17 23.49125 mpd_20250325_152224.data
90.0 190.0 17 23.49125 mpd_20250325_152249.data
70.0 190.0 17 23.49125 mpd_20250325_152314.data
50.0 190.0 17 23.49125 mpd_20250325_152339.data
30.0 190.0 17 23.49125 mpd_20250325_152404.data
10.0 190.0 17 23.49125 mpd_20250325_152429.data
10.0 210.0 17 23.49125 mpd_20250325_152454.data
30.0 210.0 17 23.49125 mpd_20250325_152519.data
50.0 210.0 17 23.49125 mpd_20250325_152544.data
70.0 210.0 17 23.49125 mpd_20250325_152609.data
90.0 210.0 17 23.594575 mpd_20250325_152634.data
110.0 210.0 17 23.49125 mpd_20250325_152659.data
130.0 210.0 17 23.49125 mpd_20250325_152724.data
150.0 210.0 17 23.3875 mpd_20250325_152749.data
170.0 210.0 17 23.594575 mpd_20250325_152814.data
190.0 210.0 17 23.49125 mpd_20250325_152839.data
210.0 210.0 17 23.49125 mpd_20250325_152904.data
230.0 210.0 17 23.49125 mpd_20250325_152929.data
250.0 210.0 17 23.49125 mpd_20250325_152954.data
270.0 210.0 17 23.49125 mpd_20250325_153019.data
290.0 210.0 17 23.49125 mpd_20250325_153044.data
290.0 230.0 17 23.49125 mpd_20250325_153109.data
270.0 230.0 17 23.6975 mpd_20250325_153134.data
250.0 230.0 17 23.49125 mpd_20250325_153159.data
230.0 230.0 17 23.3875 mpd_20250325_153224.data
210.0 230.0 17 23.49125 mpd_20250325_153249.data
190.0 230.0 17 23.3875 mpd_20250325_153314.data
170.0 230.0 17 23.49125 mpd_20250325_153340.data
150.0 230.0 17 23.49125 mpd_20250325_153405.data
130.0 230.0 17 23.49125 mpd_20250325_153430.data
110.0 230.0 17 23.49125 mpd_20250325_153455.data
90.0 230.0 17 23.594575 mpd_20250325_153520.data
70.0 230.0 17 23.49125 mpd_20250325_153545.data
50.0 230.0 17 23.49125 mpd_20250325_153610.data
30.0 230.0 17 23.49125 mpd_20250325_153635.data
10.0 230.0 17 23.49125 mpd_20250325_153700.data
10.0 250.0 17 23.594575 mpd_20250325_153725.data
30.0 250.0 17 23.49125 mpd_20250325_153750.data
50.0 250.0 17 23.49125 mpd_20250325_153815.data
70.0 250.0 17 23.49125 mpd_20250325_153840.data
90.0 250.0 17 23.49125 mpd_20250325_153905.data
110.0 250.0 17 23.594575 mpd_20250325_153930.data
130.0 250.0 17 23.49125 mpd_20250325_153955.data
150.0 250.0 17 23.49125 mpd_20250325_154020.data
170.0 250.0 17 23.49125 mpd_20250325_154045.data
190.0 250.0 17 23.49125 mpd_20250325_154110.data
210.0 250.0 17 23.49125 mpd_20250325_154135.data
230.0 250.0 17 23.594575 mpd_20250325_154200.data
250.0 250.0 17 23.49125 mpd_20250325_154225.data
270.0 250.0 17 23.3875 mpd_20250325_154250.data
290.0 250.0 17 23.49125 mpd_20250325_154315.data
290.0 270.0 17 23.49125 mpd_20250325_154340.data
270.0 270.0 17 23.49125 mpd_20250325_154405.data
250.0 270.0 17 23.594575 mpd_20250325_154430.data
230.0 270.0 17 23.49125 mpd_20250325_154455.data
210.0 270.0 17 23.49125 mpd_20250325_154520.data
190.0 270.0 17 23.49125 mpd_20250325_154545.data
170.0 270.0 17 23.49125 mpd_20250325_154610.data
150.0 270.0 17 23.594575 mpd_20250325_154635.data
130.0 270.0 17 23.49125 mpd_20250325_154700.data
110.0 270.0 17 23.594575 mpd_20250325_154725.data
90.0 270.0 17 23.49125 mpd_20250325_154750.data
70.0 270.0 17 -1 mpd_20250325_154815.data
50.0 270.0 17 23.49125 mpd_20250325_154840.data
30.0 270.0 17 23.594575 mpd_20250325_154905.data
10.0 270.0 17 -1 mpd_20250325_154930.data
10.0 290.0 17 23.49125 mpd_20250325_154955.data
30.0 290.0 17 23.3875 mpd_20250325_155020.data
50.0 290.0 17 -1 mpd_20250325_155045.data
70.0 290.0 17 23.49125 mpd_20250325_155110.data
90.0 290.0 17 23.594575 mpd_20250325_155135.data
110.0 290.0 17 -1 mpd_20250325_155200.data
130.0 290.0 17 23.3875 mpd_20250325_155225.data
150.0 290.0 17 23.49125 mpd_20250325_155250.data
170.0 290.0 17 -1 mpd_20250325_155315.data
190.0 290.0 17 23.594575 mpd_20250325_155340.data
210.0 290.0 17 23.594575 mpd_20250325_155405.data
230.0 290.0 17 23.594575 mpd_20250325_155430.data
250.0 290.0 17 23.594575 mpd_20250325_155455.data
270.0 290.0 17 23.594575 mpd_20250325_155521.data
290.0 290.0 17 23.594575 mpd_20250325_155546.data
290.0 310.0 17 23.594575 mpd_20250325_155611.data
270.0 310.0 17 23.594575 mpd_20250325_155636.data
250.0 310.0 17 23.49125 mpd_20250325_155701.data
230.0 310.0 17 23.49125 mpd_20250325_155726.data
210.0 310.0 17 23.594575 mpd_20250325_155751.data
190.0 310.0 17 23.6975 mpd_20250325_155816.data
170.0 310.0 17 23.594575 mpd_20250325_155841.data
150.0 310.0 17 23.594575 mpd_20250325_155906.data
130.0 310.0 17 23.594575 mpd_20250325_155931.data
110.0 310.0 17 23.594575 mpd_20250325_155956.data
90.0 310.0 17 23.594575 mpd_20250325_160021.data
70.0 310.0 17 23.6975 mpd_20250325_160046.data
50.0 310.0 17 23.6975 mpd_20250325_160111.data
30.0 310.0 17 23.49125 mpd_20250325_160136.data
10.0 310.0 17 23.594575 mpd_20250325_160201.data
10.0 330.0 17 23.594575 mpd_20250325_160226.data
30.0 330.0 17 23.6975 mpd_20250325_160251.data
50.0 330.0 17 23.594575 mpd_20250325_160316.data
70.0 330.0 17 23.594575 mpd_20250325_160341.data
90.0 330.0 17 23.594575 mpd_20250325_160406.data
110.0 330.0 17 23.594575 mpd_20250325_160431.data
130.0 330.0 17 23.594575 mpd_20250325_160456.data
150.0 330.0 17 23.594575 mpd_20250325_160521.data
170.0 330.0 17 23.49125 mpd_20250325_160546.data
190.0 330.0 17 23.594575 mpd_20250325_160611.data
210.0 330.0 17 23.594575 mpd_20250325_160636.data
230.0 330.0 17 23.6975 mpd_20250325_160701.data
250.0 330.0 17 23.594575 mpd_20250325_160726.data
270.0 330.0 17 23.594575 mpd_20250325_160751.data
290.0 330.0 17 23.594575 mpd_20250325_160816.data
10.0 350.0 17 23.594575 mpd_20250326_100757.data
30.0 350.0 17 23.594575 mpd_20250326_100822.data
50.0 350.0 17 23.6975 mpd_20250326_100847.data
70.0 350.0 17 23.594575 mpd_20250326_100912.data
90.0 350.0 17 23.594575 mpd_20250326_100937.data
110.0 350.0 17 23.594575 mpd_20250326_101002.data
130.0 350.0 17 23.594575 mpd_20250326_101027.data
150.0 350.0 17 23.6975 mpd_20250326_101052.data
170.0 350.0 17 23.594575 mpd_20250326_101117.data
190.0 350.0 17 23.594575 mpd_20250326_101142.data
210.0 350.0 17 23.594575 mpd_20250326_101207.data
230.0 350.0 17 23.594575 mpd_20250326_101232.data
250.0 350.0 17 23.594575 mpd_20250326_101258.data
270.0 350.0 17 23.6975 mpd_20250326_101323.data
290.0 350.0 17 23.594575 mpd_20250326_101348.data
290.0 370.0 17 23.594575 mpd_20250326_101413.data
270.0 370.0 17 23.6975 mpd_20250326_101438.data
250.0 370.0 17 23.594575 mpd_20250326_101503.data
230.0 370.0 17 23.594575 mpd_20250326_101528.data
210.0 370.0 17 23.594575 mpd_20250326_101553.data
190.0 370.0 17 23.6975 mpd_20250326_101618.data
170.0 370.0 17 23.594575 mpd_20250326_101643.data
150.0 370.0 17 23.594575 mpd_20250326_101708.data
130.0 370.0 17 23.594575 mpd_20250326_101733.data
110.0 370.0 17 23.594575 mpd_20250326_101758.data
90.0 370.0 17 23.594575 mpd_20250326_101823.data
70.0 370.0 17 23.6975 mpd_20250326_101848.data
50.0 370.0 17 23.594575 mpd_20250326_101913.data
30.0 370.0 17 23.594575 mpd_20250326_101938.data
10.0 370.0 17 23.594575 mpd_20250326_102003.data
10.0 390.0 17 23.594575 mpd_20250326_102028.data
30.0 390.0 17 23.49125 mpd_20250326_102053.data
50.0 390.0 17 23.594575 mpd_20250326_102118.data
70.0 390.0 17 23.594575 mpd_20250326_102143.data
90.0 390.0 17 23.6975 mpd_20250326_102208.data
110.0 390.0 17 23.594575 mpd_20250326_102233.data
130.0 390.0 17 23.594575 mpd_20250326_102258.data
150.0 390.0 17 23.594575 mpd_20250326_102323.data
170.0 390.0 17 23.594575 mpd_20250326_102348.data
190.0 390.0 17 23.594575 mpd_20250326_102413.data
210.0 390.0 17 23.594575 mpd_20250326_102438.data
230.0 390.0 17 23.594575 mpd_20250326_102503.data
250.0 390.0 17 23.49125 mpd_20250326_102528.data
270.0 390.0 17 23.594575 mpd_20250326_102553.data
290.0 390.0 17 23.594575 mpd_20250326_102618.data
290.0 410.0 17 23.594575 mpd_20250326_102643.data
270.0 410.0 17 23.594575 mpd_20250326_102708.data
250.0 410.0 17 23.594575 mpd_20250326_102733.data
230.0 410.0 17 23.6975 mpd_20250326_102758.data
210.0 410.0 17 23.594575 mpd_20250326_102823.data
190.0 410.0 17 23.594575 mpd_20250326_102848.data
170.0 410.0 17 23.594575 mpd_20250326_102913.data
150.0 410.0 17 23.594575 mpd_20250326_102938.data
130.0 410.0 17 23.594575 mpd_20250326_103003.data
110.0 410.0 17 23.594575 mpd_20250326_103028.data
90.0 410.0 17 23.594575 mpd_20250326_103053.data
70.0 410.0 17 23.594575 mpd_20250326_103118.data
50.0 410.0 17 23.6975 mpd_20250326_103143.data
30.0 410.0 17 23.594575 mpd_20250326_103208.data
10.0 410.0 17 23.594575 mpd_20250326_103233.data
10.0 430.0 17 23.594575 mpd_20250326_103258.data
30.0 430.0 17 23.594575 mpd_20250326_103323.data
50.0 430.0 17 23.594575 mpd_20250326_103348.data
70.0 430.0 17 23.594575 mpd_20250326_103413.data
90.0 430.0 17 23.594575 mpd_20250326_103438.data
110.0 430.0 17 23.594575 mpd_20250326_103503.data
130.0 430.0 17 23.6975 mpd_20250326_103529.data
150.0 430.0 17 23.6975 mpd_20250326_103554.data
170.0 430.0 17 23.594575 mpd_20250326_103619.data
190.0 430.0 17 23.594575 mpd_20250326_103644.data
210.0 430.0 17 23.6975 mpd_20250326_103709.data
230.0 430.0 17 23.6975 mpd_20250326_103734.data
250.0 430.0 17 23.594575 mpd_20250326_103759.data
270.0 430.0 17 23.594575 mpd_20250326_103824.data
290.0 430.0 17 23.594575 mpd_20250326_103849.data
290.0 450.0 17 23.594575 mpd_20250326_103914.data
270.0 450.0 17 23.594575 mpd_20250326_103939.data
250.0 450.0 17 23.6975 mpd_20250326_104004.data
230.0 450.0 17 23.594575 mpd_20250326_104029.data
210.0 450.0 17 23.8 mpd_20250326_104054.data
190.0 450.0 17 23.594575 mpd_20250326_104119.data
170.0 450.0 17 23.594575 mpd_20250326_104144.data
150.0 450.0 17 23.594575 mpd_20250326_104209.data
130.0 450.0 17 23.594575 mpd_20250326_104234.data
110.0 450.0 17 23.49125 mpd_20250326_104259.data
90.0 450.0 17 23.594575 mpd_20250326_104324.data
70.0 450.0 17 23.594575 mpd_20250326_104349.data
50.0 450.0 17 23.6975 mpd_20250326_104414.data
30.0 450.0 17 23.594575 mpd_20250326_104439.data
10.0 450.0 17 23.594575 mpd_20250326_104504.data
10.0 470.0 17 23.594575 mpd_20250326_104529.data
30.0 470.0 17 23.594575 mpd_20250326_104554.data
50.0 470.0 17 23.594575 mpd_20250326_104619.data
70.0 470.0 17 23.594575 mpd_20250326_104644.data
90.0 470.0 17 23.6975 mpd_20250326_104709.data
110.0 470.0 17 23.594575 mpd_20250326_104734.data
130.0 470.0 17 23.6975 mpd_20250326_104759.data
150.0 470.0 17 23.594575 mpd_20250326_104824.data
170.0 470.0 17 23.594575 mpd_20250326_104849.data
190.0 470.0 17 23.594575 mpd_20250326_104914.data
210.0 470.0 17 23.594575 mpd_20250326_104939.data
230.0 470.0 17 23.6975 mpd_20250326_105004.data
250.0 470.0 17 23.594575 mpd_20250326_105029.data
270.0 470.0 17 23.594575 mpd_20250326_105054.data
290.0 470.0 17 23.594575 mpd_20250326_105119.data
