-1 -1 -1 22.969809523809523 mpd_20250407_122632.data
10.0 10.0 17 22.969809523809523 mpd_20250407_122713.data
30.0 10.0 17 22.868976190476186 mpd_20250407_122738.data
50.0 10.0 17 22.868976190476186 mpd_20250407_122803.data
70.0 10.0 17 22.969809523809523 mpd_20250407_122828.data
90.0 10.0 17 22.969809523809523 mpd_20250407_122853.data
110.0 10.0 17 22.969809523809523 mpd_20250407_122918.data
130.0 10.0 17 22.868976190476186 mpd_20250407_122943.data
150.0 10.0 17 22.868976190476186 mpd_20250407_123008.data
170.0 10.0 17 23.283325 mpd_20250407_123033.data
190.0 10.0 17 22.969809523809523 mpd_20250407_123058.data
210.0 10.0 17 22.868976190476186 mpd_20250407_123123.data
230.0 10.0 17 22.969809523809523 mpd_20250407_123148.data
250.0 10.0 17 22.868976190476186 mpd_20250407_123213.data
270.0 10.0 17 22.969809523809523 mpd_20250407_123238.data
290.0 10.0 17 22.969809523809523 mpd_20250407_123303.data
290.0 30.0 17 22.969809523809523 mpd_20250407_123328.data
270.0 30.0 17 22.969809523809523 mpd_20250407_123353.data
250.0 30.0 17 22.969809523809523 mpd_20250407_123418.data
230.0 30.0 17 22.969809523809523 mpd_20250407_123443.data
210.0 30.0 17 23.073725 mpd_20250407_123508.data
190.0 30.0 17 22.969809523809523 mpd_20250407_123533.data
170.0 30.0 17 22.969809523809523 mpd_20250407_123558.data
150.0 30.0 17 22.969809523809523 mpd_20250407_123623.data
130.0 30.0 17 22.969809523809523 mpd_20250407_123648.data
110.0 30.0 17 23.073725 mpd_20250407_123713.data
90.0 30.0 17 22.969809523809523 mpd_20250407_123738.data
70.0 30.0 17 22.969809523809523 mpd_20250407_123803.data
50.0 30.0 17 22.868976190476186 mpd_20250407_123828.data
30.0 30.0 17 22.969809523809523 mpd_20250407_123853.data
10.0 30.0 17 22.969809523809523 mpd_20250407_123918.data
10.0 50.0 17 22.969809523809523 mpd_20250407_123943.data
30.0 50.0 17 22.969809523809523 mpd_20250407_124008.data
50.0 50.0 17 22.868976190476186 mpd_20250407_124033.data
70.0 50.0 17 22.969809523809523 mpd_20250407_124058.data
90.0 50.0 17 22.969809523809523 mpd_20250407_124123.data
110.0 50.0 17 22.969809523809523 mpd_20250407_124148.data
130.0 50.0 17 22.969809523809523 mpd_20250407_124213.data
150.0 50.0 17 22.969809523809523 mpd_20250407_124238.data
170.0 50.0 17 22.969809523809523 mpd_20250407_124303.data
190.0 50.0 17 22.969809523809523 mpd_20250407_124328.data
210.0 50.0 17 22.969809523809523 mpd_20250407_124353.data
230.0 50.0 17 22.969809523809523 mpd_20250407_124418.data
250.0 50.0 17 22.969809523809523 mpd_20250407_124443.data
270.0 50.0 17 22.868976190476186 mpd_20250407_124508.data
290.0 50.0 17 22.868976190476186 mpd_20250407_124533.data
290.0 70.0 17 22.868976190476186 mpd_20250407_124558.data
270.0 70.0 17 22.868976190476186 mpd_20250407_124623.data
250.0 70.0 17 22.969809523809523 mpd_20250407_124648.data
230.0 70.0 17 22.969809523809523 mpd_20250407_124713.data
210.0 70.0 17 22.868976190476186 mpd_20250407_124738.data
190.0 70.0 17 22.969809523809523 mpd_20250407_124803.data
170.0 70.0 17 22.969809523809523 mpd_20250407_124829.data
150.0 70.0 17 22.969809523809523 mpd_20250407_124854.data
130.0 70.0 17 22.868976190476186 mpd_20250407_124919.data
110.0 70.0 17 22.969809523809523 mpd_20250407_124944.data
90.0 70.0 17 22.969809523809523 mpd_20250407_125009.data
70.0 70.0 17 23.073725 mpd_20250407_125034.data
50.0 70.0 17 22.969809523809523 mpd_20250407_125059.data
30.0 70.0 17 22.969809523809523 mpd_20250407_125124.data
10.0 70.0 17 22.969809523809523 mpd_20250407_125149.data
10.0 90.0 17 22.969809523809523 mpd_20250407_125214.data
30.0 90.0 17 22.969809523809523 mpd_20250407_125239.data
50.0 90.0 17 22.969809523809523 mpd_20250407_125304.data
70.0 90.0 17 22.969809523809523 mpd_20250407_125329.data
90.0 90.0 17 22.969809523809523 mpd_20250407_125354.data
110.0 90.0 17 23.073725 mpd_20250407_125419.data
130.0 90.0 17 23.073725 mpd_20250407_125444.data
150.0 90.0 17 22.969809523809523 mpd_20250407_125509.data
170.0 90.0 17 22.868976190476186 mpd_20250407_125534.data
190.0 90.0 17 23.073725 mpd_20250407_125559.data
210.0 90.0 17 23.073725 mpd_20250407_125624.data
230.0 90.0 17 22.969809523809523 mpd_20250407_125649.data
250.0 90.0 17 22.969809523809523 mpd_20250407_125714.data
270.0 90.0 17 22.969809523809523 mpd_20250407_125739.data
290.0 90.0 17 22.969809523809523 mpd_20250407_125804.data
290.0 110.0 17 23.073725 mpd_20250407_125829.data
270.0 110.0 17 22.969809523809523 mpd_20250407_125854.data
250.0 110.0 17 22.969809523809523 mpd_20250407_125919.data
230.0 110.0 17 22.868976190476186 mpd_20250407_125944.data
210.0 110.0 17 22.969809523809523 mpd_20250407_130009.data
190.0 110.0 17 22.969809523809523 mpd_20250407_130034.data
170.0 110.0 17 22.969809523809523 mpd_20250407_130059.data
150.0 110.0 17 22.969809523809523 mpd_20250407_130124.data
130.0 110.0 17 22.969809523809523 mpd_20250407_130149.data
110.0 110.0 17 22.969809523809523 mpd_20250407_130214.data
90.0 110.0 17 22.969809523809523 mpd_20250407_130239.data
70.0 110.0 17 22.969809523809523 mpd_20250407_130304.data
50.0 110.0 17 22.969809523809523 mpd_20250407_130329.data
30.0 110.0 17 22.969809523809523 mpd_20250407_130354.data
10.0 110.0 17 23.283325 mpd_20250407_130419.data
10.0 130.0 17 22.969809523809523 mpd_20250407_130444.data
30.0 130.0 17 22.969809523809523 mpd_20250407_130509.data
50.0 130.0 17 22.969809523809523 mpd_20250407_130534.data
70.0 130.0 17 22.969809523809523 mpd_20250407_130559.data
90.0 130.0 17 22.969809523809523 mpd_20250407_130624.data
110.0 130.0 17 23.178749999999997 mpd_20250407_130649.data
130.0 130.0 17 23.073725 mpd_20250407_130714.data
150.0 130.0 17 22.969809523809523 mpd_20250407_130739.data
170.0 130.0 17 23.073725 mpd_20250407_130804.data
190.0 130.0 17 22.969809523809523 mpd_20250407_130829.data
210.0 130.0 17 23.073725 mpd_20250407_130854.data
230.0 130.0 17 22.969809523809523 mpd_20250407_130919.data
250.0 130.0 17 23.073725 mpd_20250407_130944.data
270.0 130.0 17 22.969809523809523 mpd_20250407_131009.data
290.0 130.0 17 22.969809523809523 mpd_20250407_131035.data
290.0 150.0 17 23.073725 mpd_20250407_131100.data
270.0 150.0 17 23.073725 mpd_20250407_131125.data
250.0 150.0 17 23.073725 mpd_20250407_131150.data
230.0 150.0 17 22.969809523809523 mpd_20250407_131215.data
210.0 150.0 17 22.969809523809523 mpd_20250407_131240.data
190.0 150.0 17 22.969809523809523 mpd_20250407_131305.data
170.0 150.0 17 23.073725 mpd_20250407_131330.data
150.0 150.0 17 22.969809523809523 mpd_20250407_131355.data
130.0 150.0 17 22.969809523809523 mpd_20250407_131420.data
110.0 150.0 17 22.969809523809523 mpd_20250407_131445.data
90.0 150.0 17 22.969809523809523 mpd_20250407_131510.data
70.0 150.0 17 22.969809523809523 mpd_20250407_131535.data
50.0 150.0 17 22.969809523809523 mpd_20250407_131600.data
30.0 150.0 17 22.969809523809523 mpd_20250407_131625.data
10.0 150.0 17 22.969809523809523 mpd_20250407_131650.data
10.0 170.0 17 22.969809523809523 mpd_20250407_131715.data
30.0 170.0 17 22.969809523809523 mpd_20250407_131740.data
50.0 170.0 17 22.969809523809523 mpd_20250407_131805.data
70.0 170.0 17 22.868976190476186 mpd_20250407_131830.data
90.0 170.0 17 22.969809523809523 mpd_20250407_131855.data
110.0 170.0 17 23.073725 mpd_20250407_131920.data
130.0 170.0 17 23.073725 mpd_20250407_131945.data
150.0 170.0 17 22.969809523809523 mpd_20250407_132010.data
170.0 170.0 17 23.073725 mpd_20250407_132035.data
190.0 170.0 17 22.969809523809523 mpd_20250407_132100.data
210.0 170.0 17 22.868976190476186 mpd_20250407_132125.data
230.0 170.0 17 23.073725 mpd_20250407_132150.data
250.0 170.0 17 23.073725 mpd_20250407_132215.data
270.0 170.0 17 22.969809523809523 mpd_20250407_132240.data
290.0 170.0 17 23.073725 mpd_20250407_132305.data
290.0 190.0 17 22.969809523809523 mpd_20250407_132330.data
270.0 190.0 17 23.073725 mpd_20250407_132355.data
250.0 190.0 17 23.073725 mpd_20250407_132420.data
230.0 190.0 17 23.073725 mpd_20250407_132445.data
210.0 190.0 17 23.073725 mpd_20250407_132510.data
190.0 190.0 17 22.969809523809523 mpd_20250407_132535.data
170.0 190.0 17 22.969809523809523 mpd_20250407_132600.data
150.0 190.0 17 22.969809523809523 mpd_20250407_132625.data
130.0 190.0 17 23.073725 mpd_20250407_132650.data
110.0 190.0 17 22.969809523809523 mpd_20250407_132715.data
90.0 190.0 17 22.969809523809523 mpd_20250407_132740.data
70.0 190.0 17 23.073725 mpd_20250407_132805.data
50.0 190.0 17 23.073725 mpd_20250407_132830.data
30.0 190.0 17 22.969809523809523 mpd_20250407_132855.data
10.0 190.0 17 23.073725 mpd_20250407_132920.data
10.0 210.0 17 22.969809523809523 mpd_20250407_132945.data
30.0 210.0 17 22.969809523809523 mpd_20250407_133010.data
50.0 210.0 17 22.969809523809523 mpd_20250407_133035.data
70.0 210.0 17 22.969809523809523 mpd_20250407_133100.data
90.0 210.0 17 23.283325 mpd_20250407_133126.data
110.0 210.0 17 22.969809523809523 mpd_20250407_133151.data
130.0 210.0 17 22.969809523809523 mpd_20250407_133216.data
150.0 210.0 17 23.073725 mpd_20250407_133241.data
170.0 210.0 17 23.073725 mpd_20250407_133306.data
190.0 210.0 17 22.969809523809523 mpd_20250407_133331.data
210.0 210.0 17 23.073725 mpd_20250407_133356.data
230.0 210.0 17 23.073725 mpd_20250407_133421.data
250.0 210.0 17 22.969809523809523 mpd_20250407_133446.data
270.0 210.0 17 23.073725 mpd_20250407_133511.data
290.0 210.0 17 23.073725 mpd_20250407_133536.data
290.0 230.0 17 23.073725 mpd_20250407_133601.data
270.0 230.0 17 22.969809523809523 mpd_20250407_133626.data
250.0 230.0 17 22.969809523809523 mpd_20250407_133651.data
230.0 230.0 17 22.969809523809523 mpd_20250407_133716.data
210.0 230.0 17 23.073725 mpd_20250407_133741.data
190.0 230.0 17 23.073725 mpd_20250407_133806.data
170.0 230.0 17 23.073725 mpd_20250407_133831.data
150.0 230.0 17 23.178749999999997 mpd_20250407_133856.data
130.0 230.0 17 23.073725 mpd_20250407_133921.data
110.0 230.0 17 22.969809523809523 mpd_20250407_133946.data
90.0 230.0 17 23.073725 mpd_20250407_134011.data
70.0 230.0 17 22.969809523809523 mpd_20250407_134036.data
50.0 230.0 17 22.969809523809523 mpd_20250407_134101.data
30.0 230.0 17 23.073725 mpd_20250407_134126.data
10.0 230.0 17 22.969809523809523 mpd_20250407_134151.data
10.0 250.0 17 23.073725 mpd_20250407_134216.data
30.0 250.0 17 22.969809523809523 mpd_20250407_134241.data
50.0 250.0 17 22.969809523809523 mpd_20250407_134306.data
70.0 250.0 17 23.073725 mpd_20250407_134331.data
90.0 250.0 17 23.073725 mpd_20250407_134356.data
110.0 250.0 17 23.073725 mpd_20250407_134421.data
130.0 250.0 17 23.073725 mpd_20250407_134446.data
150.0 250.0 17 22.969809523809523 mpd_20250407_134511.data
170.0 250.0 17 22.969809523809523 mpd_20250407_134536.data
190.0 250.0 17 23.073725 mpd_20250407_134601.data
210.0 250.0 17 23.073725 mpd_20250407_134626.data
230.0 250.0 17 22.969809523809523 mpd_20250407_134651.data
250.0 250.0 17 22.969809523809523 mpd_20250407_134716.data
270.0 250.0 17 23.073725 mpd_20250407_134741.data
290.0 250.0 17 23.073725 mpd_20250407_134806.data
290.0 270.0 17 22.969809523809523 mpd_20250407_134831.data
270.0 270.0 17 23.073725 mpd_20250407_134856.data
250.0 270.0 17 23.073725 mpd_20250407_134921.data
230.0 270.0 17 23.073725 mpd_20250407_134946.data
210.0 270.0 17 23.073725 mpd_20250407_135011.data
190.0 270.0 17 23.073725 mpd_20250407_135036.data
170.0 270.0 17 22.969809523809523 mpd_20250407_135101.data
150.0 270.0 17 22.969809523809523 mpd_20250407_135126.data
130.0 270.0 17 23.073725 mpd_20250407_135151.data
110.0 270.0 17 23.073725 mpd_20250407_135216.data
90.0 270.0 17 22.969809523809523 mpd_20250407_135242.data
70.0 270.0 17 -1 mpd_20250407_135307.data
50.0 270.0 17 23.073725 mpd_20250407_135332.data
30.0 270.0 17 23.073725 mpd_20250407_135357.data
10.0 270.0 17 -1 mpd_20250407_135422.data
10.0 290.0 17 22.969809523809523 mpd_20250407_135447.data
30.0 290.0 17 22.969809523809523 mpd_20250407_135512.data
50.0 290.0 17 -1 mpd_20250407_135537.data
70.0 290.0 17 23.073725 mpd_20250407_135602.data
90.0 290.0 17 23.073725 mpd_20250407_135627.data
110.0 290.0 17 -1 mpd_20250407_135652.data
130.0 290.0 17 23.073725 mpd_20250407_135717.data
150.0 290.0 17 22.969809523809523 mpd_20250407_135742.data
170.0 290.0 17 -1 mpd_20250407_135807.data
190.0 290.0 17 23.178749999999997 mpd_20250407_135832.data
210.0 290.0 17 23.073725 mpd_20250407_135857.data
230.0 290.0 17 23.178749999999997 mpd_20250407_135922.data
250.0 290.0 17 23.283325 mpd_20250407_135947.data
270.0 290.0 17 23.178749999999997 mpd_20250407_140012.data
290.0 290.0 17 23.178749999999997 mpd_20250407_140037.data
290.0 310.0 17 23.178749999999997 mpd_20250407_140102.data
270.0 310.0 17 23.178749999999997 mpd_20250407_140127.data
250.0 310.0 17 23.073725 mpd_20250407_140152.data
230.0 310.0 17 23.178749999999997 mpd_20250407_140217.data
210.0 310.0 17 23.178749999999997 mpd_20250407_140242.data
190.0 310.0 17 23.178749999999997 mpd_20250407_140307.data
170.0 310.0 17 23.073725 mpd_20250407_140332.data
150.0 310.0 17 23.178749999999997 mpd_20250407_140357.data
130.0 310.0 17 23.178749999999997 mpd_20250407_140422.data
110.0 310.0 17 23.178749999999997 mpd_20250407_140447.data
90.0 310.0 17 23.283325 mpd_20250407_140512.data
70.0 310.0 17 23.178749999999997 mpd_20250407_140537.data
50.0 310.0 17 23.178749999999997 mpd_20250407_140602.data
30.0 310.0 17 23.178749999999997 mpd_20250407_140627.data
10.0 310.0 17 23.283325 mpd_20250407_140652.data
10.0 330.0 17 23.283325 mpd_20250407_140717.data
30.0 330.0 17 23.178749999999997 mpd_20250407_140742.data
50.0 330.0 17 23.283325 mpd_20250407_140807.data
70.0 330.0 17 23.3875 mpd_20250407_140832.data
90.0 330.0 17 23.178749999999997 mpd_20250407_140857.data
110.0 330.0 17 23.178749999999997 mpd_20250407_140922.data
130.0 330.0 17 23.178749999999997 mpd_20250407_140947.data
150.0 330.0 17 23.178749999999997 mpd_20250407_141012.data
170.0 330.0 17 23.178749999999997 mpd_20250407_141037.data
190.0 330.0 17 23.178749999999997 mpd_20250407_141102.data
210.0 330.0 17 23.178749999999997 mpd_20250407_141127.data
230.0 330.0 17 23.178749999999997 mpd_20250407_141152.data
250.0 330.0 17 23.178749999999997 mpd_20250407_141217.data
270.0 330.0 17 23.178749999999997 mpd_20250407_141243.data
290.0 330.0 17 23.178749999999997 mpd_20250407_141308.data
10.0 350.0 17 23.3875 mpd_20250408_064314.data
30.0 350.0 17 23.178749999999997 mpd_20250408_064339.data
50.0 350.0 17 23.178749999999997 mpd_20250408_064404.data
70.0 350.0 17 23.178749999999997 mpd_20250408_064429.data
90.0 350.0 17 23.178749999999997 mpd_20250408_064454.data
110.0 350.0 17 23.073725 mpd_20250408_064519.data
130.0 350.0 17 23.178749999999997 mpd_20250408_064544.data
150.0 350.0 17 23.178749999999997 mpd_20250408_064609.data
170.0 350.0 17 23.178749999999997 mpd_20250408_064634.data
190.0 350.0 17 23.283325 mpd_20250408_064659.data
210.0 350.0 17 23.178749999999997 mpd_20250408_064724.data
230.0 350.0 17 23.178749999999997 mpd_20250408_064749.data
250.0 350.0 17 23.283325 mpd_20250408_064814.data
270.0 350.0 17 23.178749999999997 mpd_20250408_064839.data
290.0 350.0 17 23.178749999999997 mpd_20250408_064904.data
290.0 370.0 17 23.178749999999997 mpd_20250408_064929.data
270.0 370.0 17 23.178749999999997 mpd_20250408_064954.data
250.0 370.0 17 23.178749999999997 mpd_20250408_065019.data
230.0 370.0 17 23.178749999999997 mpd_20250408_065044.data
210.0 370.0 17 23.178749999999997 mpd_20250408_065109.data
190.0 370.0 17 23.283325 mpd_20250408_065134.data
170.0 370.0 17 23.178749999999997 mpd_20250408_065200.data
150.0 370.0 17 23.178749999999997 mpd_20250408_065225.data
130.0 370.0 17 23.073725 mpd_20250408_065250.data
110.0 370.0 17 23.178749999999997 mpd_20250408_065315.data
90.0 370.0 17 23.283325 mpd_20250408_065340.data
70.0 370.0 17 23.178749999999997 mpd_20250408_065405.data
50.0 370.0 17 23.178749999999997 mpd_20250408_065430.data
30.0 370.0 17 23.178749999999997 mpd_20250408_065455.data
10.0 370.0 17 23.283325 mpd_20250408_065520.data
10.0 390.0 17 23.178749999999997 mpd_20250408_065545.data
30.0 390.0 17 23.178749999999997 mpd_20250408_065610.data
50.0 390.0 17 23.178749999999997 mpd_20250408_065635.data
70.0 390.0 17 23.178749999999997 mpd_20250408_065700.data
90.0 390.0 17 23.178749999999997 mpd_20250408_065725.data
110.0 390.0 17 23.178749999999997 mpd_20250408_065750.data
130.0 390.0 17 23.178749999999997 mpd_20250408_065815.data
150.0 390.0 17 23.178749999999997 mpd_20250408_065840.data
170.0 390.0 17 23.073725 mpd_20250408_065905.data
190.0 390.0 17 23.283325 mpd_20250408_065930.data
210.0 390.0 17 23.178749999999997 mpd_20250408_065955.data
230.0 390.0 17 23.178749999999997 mpd_20250408_070020.data
250.0 390.0 17 23.283325 mpd_20250408_070045.data
270.0 390.0 17 23.178749999999997 mpd_20250408_070110.data
290.0 390.0 17 23.178749999999997 mpd_20250408_070135.data
290.0 410.0 17 23.178749999999997 mpd_20250408_070200.data
270.0 410.0 17 23.178749999999997 mpd_20250408_070225.data
250.0 410.0 17 23.178749999999997 mpd_20250408_070250.data
230.0 410.0 17 23.073725 mpd_20250408_070315.data
210.0 410.0 17 23.283325 mpd_20250408_070340.data
190.0 410.0 17 23.3875 mpd_20250408_070405.data
170.0 410.0 17 23.283325 mpd_20250408_070430.data
150.0 410.0 17 23.178749999999997 mpd_20250408_070455.data
130.0 410.0 17 23.178749999999997 mpd_20250408_070520.data
110.0 410.0 17 23.178749999999997 mpd_20250408_070545.data
90.0 410.0 17 23.178749999999997 mpd_20250408_070610.data
70.0 410.0 17 23.178749999999997 mpd_20250408_070635.data
50.0 410.0 17 23.178749999999997 mpd_20250408_070700.data
30.0 410.0 17 23.178749999999997 mpd_20250408_070725.data
10.0 410.0 17 23.283325 mpd_20250408_070750.data
10.0 430.0 17 23.283325 mpd_20250408_070815.data
30.0 430.0 17 23.178749999999997 mpd_20250408_070840.data
50.0 430.0 17 23.178749999999997 mpd_20250408_070905.data
70.0 430.0 17 23.178749999999997 mpd_20250408_070930.data
90.0 430.0 17 23.178749999999997 mpd_20250408_070955.data
110.0 430.0 17 23.178749999999997 mpd_20250408_071020.data
130.0 430.0 17 23.178749999999997 mpd_20250408_071045.data
150.0 430.0 17 23.178749999999997 mpd_20250408_071110.data
170.0 430.0 17 23.178749999999997 mpd_20250408_071135.data
190.0 430.0 17 23.178749999999997 mpd_20250408_071200.data
210.0 430.0 17 23.178749999999997 mpd_20250408_071225.data
230.0 430.0 17 23.283325 mpd_20250408_071251.data
250.0 430.0 17 23.178749999999997 mpd_20250408_071316.data
270.0 430.0 17 23.283325 mpd_20250408_071341.data
290.0 430.0 17 23.178749999999997 mpd_20250408_071406.data
290.0 450.0 17 23.283325 mpd_20250408_071431.data
270.0 450.0 17 23.178749999999997 mpd_20250408_071456.data
250.0 450.0 17 23.178749999999997 mpd_20250408_071521.data
230.0 450.0 17 23.283325 mpd_20250408_071546.data
210.0 450.0 17 23.178749999999997 mpd_20250408_071611.data
190.0 450.0 17 23.178749999999997 mpd_20250408_071636.data
170.0 450.0 17 23.178749999999997 mpd_20250408_071701.data
150.0 450.0 17 23.178749999999997 mpd_20250408_071726.data
130.0 450.0 17 23.283325 mpd_20250408_071751.data
110.0 450.0 17 23.283325 mpd_20250408_071816.data
90.0 450.0 17 23.073725 mpd_20250408_071841.data
70.0 450.0 17 23.178749999999997 mpd_20250408_071906.data
50.0 450.0 17 23.178749999999997 mpd_20250408_071931.data
30.0 450.0 17 23.178749999999997 mpd_20250408_071956.data
10.0 450.0 17 23.178749999999997 mpd_20250408_072021.data
10.0 470.0 17 23.283325 mpd_20250408_072046.data
30.0 470.0 17 23.178749999999997 mpd_20250408_072111.data
50.0 470.0 17 23.178749999999997 mpd_20250408_072136.data
70.0 470.0 17 23.178749999999997 mpd_20250408_072201.data
90.0 470.0 17 23.178749999999997 mpd_20250408_072226.data
110.0 470.0 17 23.178749999999997 mpd_20250408_072251.data
130.0 470.0 17 23.178749999999997 mpd_20250408_072316.data
150.0 470.0 17 23.178749999999997 mpd_20250408_072341.data
170.0 470.0 17 23.178749999999997 mpd_20250408_072406.data
190.0 470.0 17 23.178749999999997 mpd_20250408_072431.data
210.0 470.0 17 23.073725 mpd_20250408_072456.data
230.0 470.0 17 23.178749999999997 mpd_20250408_072521.data
250.0 470.0 17 23.178749999999997 mpd_20250408_072546.data
270.0 470.0 17 23.283325 mpd_20250408_072611.data
290.0 470.0 17 23.283325 mpd_20250408_072636.data
