-1 -1 -1 25.299982378854633 0cd913fa_20240626_143551.data
34.400000000000006 34.4 17 25.299982378854633 0cd913fa_20240626_143628.data
103.19999999999999 34.4 17 25.299982378854633 0cd913fa_20240626_143652.data
172.0 34.4 17 25.299982378854633 0cd913fa_20240626_143716.data
240.8 34.4 17 25.299982378854633 0cd913fa_20240626_143740.data
240.8 103.19999999999999 17 25.299982378854633 0cd913fa_20240626_143804.data
172.0 103.19999999999999 17 25.419136563876656 0cd913fa_20240626_143828.data
103.19999999999999 103.19999999999999 17 25.299982378854633 0cd913fa_20240626_143852.data
34.39999999999999 103.19999999999999 17 25.299982378854633 0cd913fa_20240626_143916.data
34.39999999999999 172.0 17 25.299982378854633 0cd913fa_20240626_143940.data
103.19999999999999 172.0 17 25.299982378854633 0cd913fa_20240626_144004.data
172.0 172.0 17 25.419136563876656 0cd913fa_20240626_144028.data
240.8 172.0 17 25.299982378854633 0cd913fa_20240626_144052.data
240.8 240.8 17 25.419136563876656 0cd913fa_20240626_144116.data
172.0 240.8 17 25.419136563876656 0cd913fa_20240626_144140.data
103.19999999999999 240.8 17 25.419136563876656 0cd913fa_20240626_144204.data
34.39999999999999 240.8 17 25.419136563876656 0cd913fa_20240626_144228.data
34.39999999999999 309.6 17 25.299982378854633 0cd913fa_20240626_144252.data
103.19999999999999 309.6 17 25.419136563876656 0cd913fa_20240626_144316.data
172.0 309.6 17 25.299982378854633 0cd913fa_20240626_144340.data
240.8 309.6 17 25.419136563876656 0cd913fa_20240626_144404.data
34.400000000000006 362.40000000000003 17 25.419136563876656 0cd913fa_20240626_144524.data
103.19999999999999 362.40000000000003 17 25.299982378854633 0cd913fa_20240626_144548.data
172.0 362.40000000000003 17 25.419136563876656 0cd913fa_20240626_144612.data
240.8 362.40000000000003 17 25.180334801762115 0cd913fa_20240626_144636.data
240.8 431.20000000000005 17 25.419136563876656 0cd913fa_20240626_144700.data
172.0 431.20000000000005 17 25.299982378854633 0cd913fa_20240626_144724.data
103.19999999999999 431.20000000000005 17 25.419136563876656 0cd913fa_20240626_144748.data
34.39999999999999 431.20000000000005 17 25.299982378854633 0cd913fa_20240626_144812.data
