1 0 0 25.773885462555068 0cd9414a_20240903_144042.data
2 0 0 25.773885462555068 0cd9414a_20240903_144057.data
3 0 0 25.773885462555068 0cd9414a_20240903_144112.data
4 0 0 25.773885462555068 0cd9414a_20240903_144127.data
5 0 0 25.773885462555068 0cd9414a_20240903_144142.data
6 0 0 25.773885462555068 0cd9414a_20240903_144158.data
7 0 0 25.773885462555068 0cd9414a_20240903_144213.data
8 0 0 25.773885462555068 0cd9414a_20240903_144228.data
9 0 0 25.656118942731283 0cd9414a_20240903_144243.data
10 0 0 25.773885462555068 0cd9414a_20240903_144258.data
11 0 0 25.89125110132159 0cd9414a_20240903_144313.data
12 0 0 25.89125110132159 0cd9414a_20240903_144328.data
13 0 0 25.773885462555068 0cd9414a_20240903_144343.data
14 0 0 25.773885462555068 0cd9414a_20240903_144358.data
15 0 0 25.89125110132159 0cd9414a_20240903_144413.data
16 0 0 25.773885462555068 0cd9414a_20240903_144428.data
17 0 0 25.89125110132159 0cd9414a_20240903_144443.data
18 0 0 25.773885462555068 0cd9414a_20240903_144458.data
19 0 0 25.773885462555068 0cd9414a_20240903_144513.data
20 0 0 25.773885462555068 0cd9414a_20240903_144528.data
21 0 0 25.773885462555068 0cd9414a_20240903_144543.data
22 0 0 25.773885462555068 0cd9414a_20240903_144558.data
23 0 0 25.773885462555068 0cd9414a_20240903_144613.data
24 0 0 25.89125110132159 0cd9414a_20240903_144629.data
25 0 0 25.773885462555068 0cd9414a_20240903_144644.data
26 0 0 25.773885462555068 0cd9414a_20240903_144659.data
27 0 0 25.773885462555068 0cd9414a_20240903_144714.data
28 0 0 25.773885462555068 0cd9414a_20240903_144729.data
29 0 0 25.773885462555068 0cd9414a_20240903_144744.data
30 0 0 25.773885462555068 0cd9414a_20240903_144759.data
31 0 0 25.773885462555068 0cd9414a_20240903_144814.data
32 0 0 25.773885462555068 0cd9414a_20240903_144829.data
33 0 0 26.008123348017623 0cd9414a_20240903_144844.data
34 0 0 25.773885462555068 0cd9414a_20240903_144859.data
35 0 0 25.773885462555068 0cd9414a_20240903_144914.data
36 0 0 25.773885462555068 0cd9414a_20240903_144929.data
37 0 0 25.773885462555068 0cd9414a_20240903_144944.data
38 0 0 25.773885462555068 0cd9414a_20240903_144959.data
39 0 0 25.773885462555068 0cd9414a_20240903_145014.data
40 0 0 26.008123348017623 0cd9414a_20240903_145029.data
41 0 0 25.773885462555068 0cd9414a_20240903_145044.data
42 0 0 25.773885462555068 0cd9414a_20240903_145100.data
43 0 0 25.773885462555068 0cd9414a_20240903_145115.data
44 0 0 25.773885462555068 0cd9414a_20240903_145130.data
45 0 0 25.773885462555068 0cd9414a_20240903_145145.data
46 0 0 25.773885462555068 0cd9414a_20240903_145200.data
47 0 0 25.773885462555068 0cd9414a_20240903_145215.data
48 0 0 25.773885462555068 0cd9414a_20240903_145230.data
49 0 0 25.773885462555068 0cd9414a_20240903_145245.data
50 0 0 25.773885462555068 0cd9414a_20240903_145300.data
51 0 0 25.773885462555068 0cd9414a_20240903_145315.data
52 0 0 25.773885462555068 0cd9414a_20240903_145330.data
53 0 0 25.773885462555068 0cd9414a_20240903_145345.data
54 0 0 25.773885462555068 0cd9414a_20240903_145400.data
55 0 0 25.773885462555068 0cd9414a_20240903_145415.data
56 0 0 25.773885462555068 0cd9414a_20240903_145430.data
57 0 0 25.773885462555068 0cd9414a_20240903_145445.data
58 0 0 25.773885462555068 0cd9414a_20240903_145500.data
59 0 0 25.773885462555068 0cd9414a_20240903_145516.data
60 0 0 25.773885462555068 0cd9414a_20240903_145531.data
61 0 0 25.773885462555068 0cd9414a_20240903_145546.data
62 0 0 25.773885462555068 0cd9414a_20240903_145601.data
63 0 0 25.773885462555068 0cd9414a_20240903_145616.data
64 0 0 25.89125110132159 0cd9414a_20240903_145631.data
65 0 0 25.89125110132159 0cd9414a_20240903_145646.data
66 0 0 25.89125110132159 0cd9414a_20240903_145701.data
67 0 0 25.773885462555068 0cd9414a_20240903_145716.data
68 0 0 25.89125110132159 0cd9414a_20240903_145731.data
69 0 0 25.89125110132159 0cd9414a_20240903_145746.data
70 0 0 25.773885462555068 0cd9414a_20240903_145801.data
71 0 0 25.89125110132159 0cd9414a_20240903_145816.data
72 0 0 25.773885462555068 0cd9414a_20240903_145831.data
73 0 0 25.89125110132159 0cd9414a_20240903_145846.data
74 0 0 25.773885462555068 0cd9414a_20240903_145901.data
75 0 0 25.773885462555068 0cd9414a_20240903_145916.data
76 0 0 25.773885462555068 0cd9414a_20240903_145931.data
77 0 0 25.773885462555068 0cd9414a_20240903_145946.data
78 0 0 25.773885462555068 0cd9414a_20240903_150002.data
79 0 0 25.773885462555068 0cd9414a_20240903_150017.data
80 0 0 25.773885462555068 0cd9414a_20240903_150032.data
81 0 0 26.008123348017623 0cd9414a_20240903_150047.data
82 0 0 25.773885462555068 0cd9414a_20240903_150102.data
83 0 0 25.773885462555068 0cd9414a_20240903_150117.data
84 0 0 25.773885462555068 0cd9414a_20240903_150132.data
85 0 0 25.89125110132159 0cd9414a_20240903_150147.data
86 0 0 26.008123348017623 0cd9414a_20240903_150202.data
87 0 0 25.773885462555068 0cd9414a_20240903_150217.data
88 0 0 25.773885462555068 0cd9414a_20240903_150232.data
89 0 0 25.773885462555068 0cd9414a_20240903_150247.data
90 0 0 25.773885462555068 0cd9414a_20240903_150302.data
91 0 0 25.773885462555068 0cd9414a_20240903_150317.data
92 0 0 25.773885462555068 0cd9414a_20240903_150332.data
93 0 0 25.656118942731283 0cd9414a_20240903_150347.data
94 0 0 25.773885462555068 0cd9414a_20240903_150402.data
95 0 0 25.89125110132159 0cd9414a_20240903_150417.data
96 0 0 25.89125110132159 0cd9414a_20240903_150433.data
97 0 0 25.773885462555068 0cd9414a_20240903_150448.data
98 0 0 25.773885462555068 0cd9414a_20240903_150503.data
99 0 0 25.773885462555068 0cd9414a_20240903_150518.data
100 0 0 25.89125110132159 0cd9414a_20240903_150533.data
101 0 0 25.773885462555068 0cd9414a_20240903_150548.data
102 0 0 25.656118942731283 0cd9414a_20240903_150603.data
103 0 0 25.89125110132159 0cd9414a_20240903_150618.data
104 0 0 26.008123348017623 0cd9414a_20240903_150633.data
105 0 0 25.773885462555068 0cd9414a_20240903_150648.data
106 0 0 25.773885462555068 0cd9414a_20240903_150703.data
107 0 0 25.89125110132159 0cd9414a_20240903_150718.data
108 0 0 25.773885462555068 0cd9414a_20240903_150733.data
109 0 0 25.773885462555068 0cd9414a_20240903_150748.data
110 0 0 26.008123348017623 0cd9414a_20240903_150803.data
111 0 0 25.89125110132159 0cd9414a_20240903_150818.data
112 0 0 25.773885462555068 0cd9414a_20240903_150833.data
113 0 0 25.89125110132159 0cd9414a_20240903_150848.data
114 0 0 25.773885462555068 0cd9414a_20240903_150904.data
115 0 0 25.89125110132159 0cd9414a_20240903_150919.data
116 0 0 25.773885462555068 0cd9414a_20240903_150934.data
117 0 0 25.656118942731283 0cd9414a_20240903_150949.data
118 0 0 25.89125110132159 0cd9414a_20240903_151004.data
119 0 0 25.773885462555068 0cd9414a_20240903_151019.data
120 0 0 25.773885462555068 0cd9414a_20240903_151034.data
121 0 0 25.89125110132159 0cd9414a_20240903_151049.data
122 0 0 25.773885462555068 0cd9414a_20240903_151104.data
123 0 0 25.773885462555068 0cd9414a_20240903_151119.data
124 0 0 25.89125110132159 0cd9414a_20240903_151134.data
125 0 0 25.773885462555068 0cd9414a_20240903_151149.data
126 0 0 25.656118942731283 0cd9414a_20240903_151204.data
127 0 0 25.773885462555068 0cd9414a_20240903_151219.data
128 0 0 25.773885462555068 0cd9414a_20240903_151234.data
129 0 0 25.773885462555068 0cd9414a_20240903_151249.data
130 0 0 25.89125110132159 0cd9414a_20240903_151304.data
131 0 0 26.008123348017623 0cd9414a_20240903_151320.data
132 0 0 25.773885462555068 0cd9414a_20240903_151335.data
133 0 0 25.89125110132159 0cd9414a_20240903_151350.data
134 0 0 25.773885462555068 0cd9414a_20240903_151405.data
135 0 0 25.773885462555068 0cd9414a_20240903_151420.data
136 0 0 26.008123348017623 0cd9414a_20240903_151435.data
137 0 0 25.656118942731283 0cd9414a_20240903_151450.data
138 0 0 25.773885462555068 0cd9414a_20240903_151505.data
139 0 0 25.773885462555068 0cd9414a_20240903_151520.data
140 0 0 25.773885462555068 0cd9414a_20240903_151535.data
141 0 0 25.773885462555068 0cd9414a_20240903_151550.data
142 0 0 25.773885462555068 0cd9414a_20240903_151605.data
143 0 0 25.89125110132159 0cd9414a_20240903_151620.data
144 0 0 25.773885462555068 0cd9414a_20240903_151635.data
145 0 0 25.773885462555068 0cd9414a_20240903_151650.data
146 0 0 25.773885462555068 0cd9414a_20240903_151705.data
147 0 0 25.89125110132159 0cd9414a_20240903_151720.data
148 0 0 25.773885462555068 0cd9414a_20240903_151735.data
149 0 0 25.773885462555068 0cd9414a_20240903_151751.data
150 0 0 25.773885462555068 0cd9414a_20240903_151806.data
151 0 0 25.773885462555068 0cd9414a_20240903_151821.data
152 0 0 25.773885462555068 0cd9414a_20240903_151836.data
153 0 0 25.773885462555068 0cd9414a_20240903_151851.data
154 0 0 25.773885462555068 0cd9414a_20240903_151906.data
155 0 0 25.773885462555068 0cd9414a_20240903_151921.data
156 0 0 25.773885462555068 0cd9414a_20240903_151936.data
157 0 0 25.773885462555068 0cd9414a_20240903_151951.data
158 0 0 25.773885462555068 0cd9414a_20240903_152006.data
159 0 0 25.773885462555068 0cd9414a_20240903_152021.data
160 0 0 25.773885462555068 0cd9414a_20240903_152036.data
161 0 0 25.773885462555068 0cd9414a_20240903_152051.data
162 0 0 25.773885462555068 0cd9414a_20240903_152106.data
163 0 0 25.656118942731283 0cd9414a_20240903_152121.data
164 0 0 25.773885462555068 0cd9414a_20240903_152136.data
165 0 0 25.773885462555068 0cd9414a_20240903_152151.data
166 0 0 25.773885462555068 0cd9414a_20240903_152206.data
167 0 0 25.773885462555068 0cd9414a_20240903_152222.data
168 0 0 25.773885462555068 0cd9414a_20240903_152237.data
169 0 0 25.773885462555068 0cd9414a_20240903_152252.data
170 0 0 25.773885462555068 0cd9414a_20240903_152307.data
171 0 0 25.773885462555068 0cd9414a_20240903_152322.data
172 0 0 25.773885462555068 0cd9414a_20240903_152337.data
173 0 0 25.773885462555068 0cd9414a_20240903_152352.data
174 0 0 25.773885462555068 0cd9414a_20240903_152407.data
175 0 0 25.773885462555068 0cd9414a_20240903_152422.data
176 0 0 25.773885462555068 0cd9414a_20240903_152437.data
177 0 0 25.773885462555068 0cd9414a_20240903_152452.data
178 0 0 25.773885462555068 0cd9414a_20240903_152507.data
179 0 0 25.773885462555068 0cd9414a_20240903_152522.data
180 0 0 25.773885462555068 0cd9414a_20240903_152537.data
181 0 0 25.773885462555068 0cd9414a_20240903_152552.data
182 0 0 25.773885462555068 0cd9414a_20240903_152607.data
183 0 0 26.008123348017623 0cd9414a_20240903_152622.data
184 0 0 25.89125110132159 0cd9414a_20240903_152637.data
185 0 0 25.89125110132159 0cd9414a_20240903_152653.data
186 0 0 25.773885462555068 0cd9414a_20240903_152708.data
187 0 0 25.773885462555068 0cd9414a_20240903_152723.data
188 0 0 25.89125110132159 0cd9414a_20240903_152738.data
189 0 0 25.773885462555068 0cd9414a_20240903_152753.data
190 0 0 25.773885462555068 0cd9414a_20240903_152808.data
191 0 0 25.773885462555068 0cd9414a_20240903_152823.data
192 0 0 25.773885462555068 0cd9414a_20240903_152838.data
193 0 0 25.773885462555068 0cd9414a_20240903_152853.data
194 0 0 25.773885462555068 0cd9414a_20240903_152908.data
195 0 0 25.773885462555068 0cd9414a_20240903_152923.data
196 0 0 25.773885462555068 0cd9414a_20240903_152938.data
197 0 0 25.89125110132159 0cd9414a_20240903_152953.data
198 0 0 25.773885462555068 0cd9414a_20240903_153008.data
199 0 0 25.773885462555068 0cd9414a_20240903_153023.data
200 0 0 25.773885462555068 0cd9414a_20240903_153038.data
