51 0 0 26.356118942731285 0cd9414a_20240904_141622.data
52 0 0 26.356118942731285 0cd9414a_20240904_141652.data
53 0 0 26.356118942731285 0cd9414a_20240904_141721.data
54 0 0 26.356118942731285 0cd9414a_20240904_141750.data
55 0 0 26.471233480176213 0cd9414a_20240904_141819.data
56 0 0 26.356118942731285 0cd9414a_20240904_141849.data
57 0 0 26.471233480176213 0cd9414a_20240904_141918.data
58 0 0 26.356118942731285 0cd9414a_20240904_141947.data
59 0 0 26.356118942731285 0cd9414a_20240904_142017.data
60 0 0 26.471233480176213 0cd9414a_20240904_142046.data
61 0 0 26.356118942731285 0cd9414a_20240904_142115.data
62 0 0 26.356118942731285 0cd9414a_20240904_142144.data
63 0 0 26.356118942731285 0cd9414a_20240904_142214.data
64 0 0 26.471233480176213 0cd9414a_20240904_142243.data
65 0 0 26.356118942731285 0cd9414a_20240904_142312.data
66 0 0 26.356118942731285 0cd9414a_20240904_142341.data
67 0 0 26.356118942731285 0cd9414a_20240904_142411.data
68 0 0 26.356118942731285 0cd9414a_20240904_142440.data
69 0 0 26.585916299559475 0cd9414a_20240904_142509.data
70 0 0 26.356118942731285 0cd9414a_20240904_142538.data
71 0 0 26.356118942731285 0cd9414a_20240904_142608.data
72 0 0 26.356118942731285 0cd9414a_20240904_142637.data
73 0 0 26.356118942731285 0cd9414a_20240904_142706.data
74 0 0 26.356118942731285 0cd9414a_20240904_142735.data
75 0 0 26.356118942731285 0cd9414a_20240904_142804.data
76 0 0 26.471233480176213 0cd9414a_20240904_142834.data
77 0 0 26.700136563876654 0cd9414a_20240904_142903.data
78 0 0 26.356118942731285 0cd9414a_20240904_142932.data
79 0 0 26.700136563876654 0cd9414a_20240904_143001.data
80 0 0 26.700136563876654 0cd9414a_20240904_143031.data
81 0 0 26.356118942731285 0cd9414a_20240904_143100.data
82 0 0 26.700136563876654 0cd9414a_20240904_143129.data
83 0 0 26.471233480176213 0cd9414a_20240904_143158.data
84 0 0 26.471233480176213 0cd9414a_20240904_143228.data
85 0 0 26.585916299559475 0cd9414a_20240904_143257.data
86 0 0 26.585916299559475 0cd9414a_20240904_143326.data
87 0 0 26.356118942731285 0cd9414a_20240904_143355.data
88 0 0 26.700136563876654 0cd9414a_20240904_143425.data
89 0 0 26.471233480176213 0cd9414a_20240904_143454.data
90 0 0 26.700136563876654 0cd9414a_20240904_143523.data
91 0 0 26.356118942731285 0cd9414a_20240904_143552.data
92 0 0 26.700136563876654 0cd9414a_20240904_143621.data
93 0 0 26.471233480176213 0cd9414a_20240904_143651.data
94 0 0 26.700136563876654 0cd9414a_20240904_143720.data
95 0 0 26.356118942731285 0cd9414a_20240904_143749.data
96 0 0 26.700136563876654 0cd9414a_20240904_143818.data
97 0 0 26.471233480176213 0cd9414a_20240904_143848.data
98 0 0 26.471233480176213 0cd9414a_20240904_143917.data
99 0 0 26.356118942731285 0cd9414a_20240904_143946.data
100 0 0 26.700136563876654 0cd9414a_20240904_144015.data
101 0 0 26.700136563876654 0cd9414a_20240904_144045.data
102 0 0 26.356118942731285 0cd9414a_20240904_144114.data
103 0 0 26.700136563876654 0cd9414a_20240904_144143.data
104 0 0 26.700136563876654 0cd9414a_20240904_144212.data
105 0 0 26.585916299559475 0cd9414a_20240904_144242.data
106 0 0 26.700136563876654 0cd9414a_20240904_144311.data
107 0 0 26.471233480176213 0cd9414a_20240904_144340.data
108 0 0 26.700136563876654 0cd9414a_20240904_144409.data
109 0 0 26.700136563876654 0cd9414a_20240904_144439.data
110 0 0 26.471233480176213 0cd9414a_20240904_144508.data
111 0 0 26.700136563876654 0cd9414a_20240904_144537.data
112 0 0 26.700136563876654 0cd9414a_20240904_144606.data
113 0 0 26.356118942731285 0cd9414a_20240904_144636.data
114 0 0 26.700136563876654 0cd9414a_20240904_144705.data
115 0 0 26.700136563876654 0cd9414a_20240904_144734.data
116 0 0 26.356118942731285 0cd9414a_20240904_144803.data
117 0 0 26.700136563876654 0cd9414a_20240904_144833.data
118 0 0 26.700136563876654 0cd9414a_20240904_144902.data
119 0 0 26.585916299559475 0cd9414a_20240904_144931.data
120 0 0 26.700136563876654 0cd9414a_20240904_145000.data
121 0 0 26.700136563876654 0cd9414a_20240904_145030.data
122 0 0 26.585916299559475 0cd9414a_20240904_145059.data
123 0 0 26.700136563876654 0cd9414a_20240904_145128.data
124 0 0 26.585916299559475 0cd9414a_20240904_145157.data
125 0 0 26.585916299559475 0cd9414a_20240904_145227.data
126 0 0 26.700136563876654 0cd9414a_20240904_145256.data
127 0 0 26.700136563876654 0cd9414a_20240904_145325.data
128 0 0 26.585916299559475 0cd9414a_20240904_145354.data
129 0 0 26.700136563876654 0cd9414a_20240904_145423.data
130 0 0 26.700136563876654 0cd9414a_20240904_145453.data
131 0 0 26.700136563876654 0cd9414a_20240904_145522.data
132 0 0 26.700136563876654 0cd9414a_20240904_145551.data
133 0 0 26.81392511013216 0cd9414a_20240904_145620.data
134 0 0 26.700136563876654 0cd9414a_20240904_145650.data
135 0 0 26.471233480176213 0cd9414a_20240904_145719.data
136 0 0 26.700136563876654 0cd9414a_20240904_145748.data
137 0 0 26.471233480176213 0cd9414a_20240904_145817.data
138 0 0 26.700136563876654 0cd9414a_20240904_145847.data
139 0 0 26.700136563876654 0cd9414a_20240904_145916.data
140 0 0 26.356118942731285 0cd9414a_20240904_145945.data
141 0 0 26.700136563876654 0cd9414a_20240904_150014.data
142 0 0 26.700136563876654 0cd9414a_20240904_150044.data
143 0 0 26.471233480176213 0cd9414a_20240904_150113.data
144 0 0 26.585916299559475 0cd9414a_20240904_150142.data
145 0 0 26.700136563876654 0cd9414a_20240904_150211.data
146 0 0 26.356118942731285 0cd9414a_20240904_150241.data
147 0 0 26.700136563876654 0cd9414a_20240904_150310.data
148 0 0 26.585916299559475 0cd9414a_20240904_150339.data
149 0 0 26.356118942731285 0cd9414a_20240904_150408.data
150 0 0 26.700136563876654 0cd9414a_20240904_150438.data
151 0 0 26.700136563876654 0cd9414a_20240904_150507.data
152 0 0 26.585916299559475 0cd9414a_20240904_150536.data
153 0 0 26.700136563876654 0cd9414a_20240904_150605.data
154 0 0 26.585916299559475 0cd9414a_20240904_150635.data
155 0 0 26.471233480176213 0cd9414a_20240904_150704.data
156 0 0 26.700136563876654 0cd9414a_20240904_150733.data
157 0 0 26.700136563876654 0cd9414a_20240904_150802.data
158 0 0 26.471233480176213 0cd9414a_20240904_150832.data
159 0 0 26.700136563876654 0cd9414a_20240904_150901.data
160 0 0 26.700136563876654 0cd9414a_20240904_150930.data
161 0 0 26.471233480176213 0cd9414a_20240904_150959.data
162 0 0 26.700136563876654 0cd9414a_20240904_151029.data
163 0 0 26.471233480176213 0cd9414a_20240904_151058.data
164 0 0 26.700136563876654 0cd9414a_20240904_151127.data
165 0 0 26.700136563876654 0cd9414a_20240904_151156.data
166 0 0 26.471233480176213 0cd9414a_20240904_151226.data
167 0 0 26.700136563876654 0cd9414a_20240904_151255.data
168 0 0 26.356118942731285 0cd9414a_20240904_151324.data
169 0 0 26.700136563876654 0cd9414a_20240904_151353.data
170 0 0 26.700136563876654 0cd9414a_20240904_151422.data
171 0 0 26.471233480176213 0cd9414a_20240904_151452.data
172 0 0 26.700136563876654 0cd9414a_20240904_151521.data
173 0 0 26.700136563876654 0cd9414a_20240904_151550.data
174 0 0 26.471233480176213 0cd9414a_20240904_151619.data
175 0 0 26.585916299559475 0cd9414a_20240904_151649.data
176 0 0 26.700136563876654 0cd9414a_20240904_151718.data
177 0 0 26.585916299559475 0cd9414a_20240904_151747.data
178 0 0 26.700136563876654 0cd9414a_20240904_151816.data
179 0 0 26.471233480176213 0cd9414a_20240904_151846.data
180 0 0 26.585916299559475 0cd9414a_20240904_151915.data
181 0 0 26.700136563876654 0cd9414a_20240904_151944.data
182 0 0 26.471233480176213 0cd9414a_20240904_152013.data
183 0 0 26.700136563876654 0cd9414a_20240904_152043.data
184 0 0 26.700136563876654 0cd9414a_20240904_152112.data
185 0 0 26.356118942731285 0cd9414a_20240904_152141.data
186 0 0 26.700136563876654 0cd9414a_20240904_152210.data
187 0 0 26.700136563876654 0cd9414a_20240904_152240.data
188 0 0 26.471233480176213 0cd9414a_20240904_152309.data
189 0 0 26.700136563876654 0cd9414a_20240904_152338.data
190 0 0 26.585916299559475 0cd9414a_20240904_152407.data
191 0 0 26.585916299559475 0cd9414a_20240904_152437.data
192 0 0 26.700136563876654 0cd9414a_20240904_152506.data
193 0 0 26.585916299559475 0cd9414a_20240904_152535.data
194 0 0 26.700136563876654 0cd9414a_20240904_152604.data
195 0 0 26.700136563876654 0cd9414a_20240904_152633.data
196 0 0 26.356118942731285 0cd9414a_20240904_152703.data
197 0 0 26.700136563876654 0cd9414a_20240904_152732.data
198 0 0 26.471233480176213 0cd9414a_20240904_152801.data
199 0 0 26.471233480176213 0cd9414a_20240904_152830.data
200 0 0 26.700136563876654 0cd9414a_20240904_152900.data
201 0 0 26.471233480176213 0cd9414a_20240904_152929.data
202 0 0 26.471233480176213 0cd9414a_20240904_152958.data
203 0 0 26.700136563876654 0cd9414a_20240904_153027.data
204 0 0 26.700136563876654 0cd9414a_20240904_153057.data
205 0 0 26.356118942731285 0cd9414a_20240904_153126.data
206 0 0 26.356118942731285 0cd9414a_20240904_153155.data
207 0 0 26.585916299559475 0cd9414a_20240904_153224.data
208 0 0 26.471233480176213 0cd9414a_20240904_153254.data
209 0 0 26.471233480176213 0cd9414a_20240904_153323.data
210 0 0 26.471233480176213 0cd9414a_20240904_153352.data
211 0 0 26.471233480176213 0cd9414a_20240904_153421.data
212 0 0 26.356118942731285 0cd9414a_20240904_153451.data
213 0 0 26.356118942731285 0cd9414a_20240904_153520.data
214 0 0 26.356118942731285 0cd9414a_20240904_153549.data
215 0 0 26.471233480176213 0cd9414a_20240904_153618.data
216 0 0 26.356118942731285 0cd9414a_20240904_153648.data
217 0 0 26.471233480176213 0cd9414a_20240904_153717.data
218 0 0 26.356118942731285 0cd9414a_20240904_153746.data
219 0 0 26.471233480176213 0cd9414a_20240904_153815.data
220 0 0 26.471233480176213 0cd9414a_20240904_153845.data
221 0 0 26.471233480176213 0cd9414a_20240904_153914.data
222 0 0 26.356118942731285 0cd9414a_20240904_153943.data
223 0 0 26.471233480176213 0cd9414a_20240904_154012.data
224 0 0 26.471233480176213 0cd9414a_20240904_154042.data
225 0 0 26.356118942731285 0cd9414a_20240904_154111.data
226 0 0 26.356118942731285 0cd9414a_20240904_154140.data
227 0 0 26.356118942731285 0cd9414a_20240904_154209.data
228 0 0 26.356118942731285 0cd9414a_20240904_154238.data
229 0 0 26.356118942731285 0cd9414a_20240904_154308.data
230 0 0 26.471233480176213 0cd9414a_20240904_154337.data
231 0 0 26.356118942731285 0cd9414a_20240904_154406.data
232 0 0 26.356118942731285 0cd9414a_20240904_154435.data
233 0 0 26.471233480176213 0cd9414a_20240904_154505.data
234 0 0 26.471233480176213 0cd9414a_20240904_154534.data
235 0 0 26.700136563876654 0cd9414a_20240904_154603.data
236 0 0 26.471233480176213 0cd9414a_20240904_154632.data
237 0 0 26.356118942731285 0cd9414a_20240904_154702.data
238 0 0 26.471233480176213 0cd9414a_20240904_154731.data
239 0 0 26.471233480176213 0cd9414a_20240904_154800.data
240 0 0 26.471233480176213 0cd9414a_20240904_154829.data
241 0 0 26.356118942731285 0cd9414a_20240904_154859.data
242 0 0 26.356118942731285 0cd9414a_20240904_154928.data
243 0 0 26.471233480176213 0cd9414a_20240904_154957.data
244 0 0 26.356118942731285 0cd9414a_20240904_155026.data
245 0 0 26.471233480176213 0cd9414a_20240904_155056.data
246 0 0 26.471233480176213 0cd9414a_20240904_155125.data
247 0 0 26.471233480176213 0cd9414a_20240904_155154.data
248 0 0 26.471233480176213 0cd9414a_20240904_155223.data
249 0 0 26.471233480176213 0cd9414a_20240904_155253.data
250 0 0 26.471233480176213 0cd9414a_20240904_155322.data
251 0 0 26.356118942731285 0cd9414a_20240904_155351.data
252 0 0 26.471233480176213 0cd9414a_20240904_155420.data
253 0 0 26.471233480176213 0cd9414a_20240904_155450.data
254 0 0 26.471233480176213 0cd9414a_20240904_155519.data
255 0 0 26.471233480176213 0cd9414a_20240904_155548.data
