-1 -1 -1 25.89125110132159 0cd913fa_20240626_163542.data
30.0 30.0 17 25.89125110132159 0cd913fa_20240626_163619.data
90.0 30.0 17 25.773885462555068 0cd913fa_20240626_163643.data
150.0 30.0 17 25.89125110132159 0cd913fa_20240626_163707.data
210.0 30.0 17 25.89125110132159 0cd913fa_20240626_163731.data
270.0 30.0 17 25.89125110132159 0cd913fa_20240626_163755.data
270.0 90.0 17 25.656118942731283 0cd913fa_20240626_163819.data
210.0 90.0 17 25.773885462555068 0cd913fa_20240626_163843.data
150.0 90.0 17 26.008123348017623 0cd913fa_20240626_163907.data
90.0 90.0 17 25.89125110132159 0cd913fa_20240626_163931.data
30.0 90.0 17 25.656118942731283 0cd913fa_20240626_163955.data
30.0 150.0 17 26.124563876651983 0cd913fa_20240626_164019.data
90.0 150.0 17 25.89125110132159 0cd913fa_20240626_164043.data
150.0 150.0 17 25.89125110132159 0cd913fa_20240626_164107.data
210.0 150.0 17 25.89125110132159 0cd913fa_20240626_164131.data
270.0 150.0 17 26.008123348017623 0cd913fa_20240626_164155.data
270.0 210.0 17 25.89125110132159 0cd913fa_20240626_164219.data
210.0 210.0 17 25.89125110132159 0cd913fa_20240626_164243.data
150.0 210.0 17 25.89125110132159 0cd913fa_20240626_164307.data
90.0 210.0 17 26.008123348017623 0cd913fa_20240626_164331.data
30.0 210.0 17 25.773885462555068 0cd913fa_20240626_164355.data
30.0 270.0 17 25.89125110132159 0cd913fa_20240626_164420.data
90.0 270.0 17 25.773885462555068 0cd913fa_20240626_164444.data
150.0 270.0 17 26.008123348017623 0cd913fa_20240626_164508.data
210.0 270.0 17 26.008123348017623 0cd913fa_20240626_164532.data
270.0 270.0 17 25.773885462555068 0cd913fa_20240626_164556.data
270.0 330.0 17 26.008123348017623 0cd913fa_20240626_164620.data
210.0 330.0 17 26.008123348017623 0cd913fa_20240626_164644.data
150.0 330.0 17 25.89125110132159 0cd913fa_20240626_164708.data
90.0 330.0 17 25.89125110132159 0cd913fa_20240626_164732.data
30.0 330.0 17 25.89125110132159 0cd913fa_20240626_164756.data
30.0 314.0 17 25.89125110132159 0cd913fa_20240626_165328.data
90.0 314.0 17 25.773885462555068 0cd913fa_20240626_165352.data
150.0 314.0 17 26.008123348017623 0cd913fa_20240626_165416.data
210.0 314.0 17 26.008123348017623 0cd913fa_20240626_165440.data
270.0 314.0 17 26.008123348017623 0cd913fa_20240626_165504.data
270.0 374.0 17 25.89125110132159 0cd913fa_20240626_165528.data
210.0 374.0 17 25.89125110132159 0cd913fa_20240626_165552.data
150.0 374.0 17 25.656118942731283 0cd913fa_20240626_165616.data
90.0 374.0 17 25.89125110132159 0cd913fa_20240626_165640.data
30.0 374.0 17 25.89125110132159 0cd913fa_20240626_165704.data
30.0 434.0 17 25.89125110132159 0cd913fa_20240626_165728.data
90.0 434.0 17 25.773885462555068 0cd913fa_20240626_165752.data
150.0 434.0 17 26.008123348017623 0cd913fa_20240626_165816.data
210.0 434.0 17 25.89125110132159 0cd913fa_20240626_165840.data
270.0 434.0 17 26.124563876651983 0cd913fa_20240626_165904.data
