-1 -1 -1 25.180334801762115 0cd913fa_20240702_102405.data
7.5 7.5 17 25.299982378854633 0cd913fa_20240702_102442.data
22.5 7.5 17 25.299982378854633 0cd913fa_20240702_102506.data
37.5 7.5 17 25.299982378854633 0cd913fa_20240702_102530.data
52.5 7.5 17 25.180334801762115 0cd913fa_20240702_102554.data
67.5 7.5 17 25.180334801762115 0cd913fa_20240702_102618.data
82.5 7.5 17 25.299982378854633 0cd913fa_20240702_102642.data
97.5 7.5 17 25.180334801762115 0cd913fa_20240702_102706.data
112.5 7.5 17 25.299982378854633 0cd913fa_20240702_102730.data
127.5 7.5 17 25.299982378854633 0cd913fa_20240702_102754.data
142.5 7.5 17 25.299982378854633 0cd913fa_20240702_102818.data
157.5 7.5 17 25.299982378854633 0cd913fa_20240702_102842.data
172.5 7.5 17 25.299982378854633 0cd913fa_20240702_102906.data
187.5 7.5 17 25.299982378854633 0cd913fa_20240702_102930.data
202.5 7.5 17 25.299982378854633 0cd913fa_20240702_102954.data
217.5 7.5 17 25.180334801762115 0cd913fa_20240702_103018.data
232.5 7.5 17 25.180334801762115 0cd913fa_20240702_103042.data
247.5 7.5 17 25.299982378854633 0cd913fa_20240702_103106.data
262.5 7.5 17 25.180334801762115 0cd913fa_20240702_103130.data
277.5 7.5 17 25.180334801762115 0cd913fa_20240702_103154.data
292.5 7.5 17 25.180334801762115 0cd913fa_20240702_103218.data
292.5 22.5 17 25.299982378854633 0cd913fa_20240702_103242.data
277.5 22.5 17 25.180334801762115 0cd913fa_20240702_103306.data
262.5 22.5 17 25.299982378854633 0cd913fa_20240702_103330.data
247.5 22.5 17 25.180334801762115 0cd913fa_20240702_103354.data
232.5 22.5 17 25.299982378854633 0cd913fa_20240702_103418.data
217.5 22.5 17 25.299982378854633 0cd913fa_20240702_103442.data
202.5 22.5 17 25.180334801762115 0cd913fa_20240702_103506.data
187.5 22.5 17 25.299982378854633 0cd913fa_20240702_103531.data
172.5 22.5 17 25.299982378854633 0cd913fa_20240702_103554.data
157.5 22.5 17 25.299982378854633 0cd913fa_20240702_103619.data
142.5 22.5 17 25.06022466960353 0cd913fa_20240702_103643.data
127.5 22.5 17 25.299982378854633 0cd913fa_20240702_103707.data
112.5 22.5 17 25.299982378854633 0cd913fa_20240702_103731.data
97.5 22.5 17 25.299982378854633 0cd913fa_20240702_103755.data
82.5 22.5 17 25.299982378854633 0cd913fa_20240702_103819.data
67.5 22.5 17 25.299982378854633 0cd913fa_20240702_103843.data
52.5 22.5 17 25.299982378854633 0cd913fa_20240702_103907.data
37.5 22.5 17 25.299982378854633 0cd913fa_20240702_103931.data
22.5 22.5 17 25.299982378854633 0cd913fa_20240702_103955.data
7.5 22.5 17 25.180334801762115 0cd913fa_20240702_104019.data
7.5 37.5 17 25.180334801762115 0cd913fa_20240702_104043.data
22.5 37.5 17 25.299982378854633 0cd913fa_20240702_104107.data
37.5 37.5 17 25.299982378854633 0cd913fa_20240702_104131.data
52.5 37.5 17 25.180334801762115 0cd913fa_20240702_104155.data
67.5 37.5 17 25.180334801762115 0cd913fa_20240702_104219.data
82.5 37.5 17 25.299982378854633 0cd913fa_20240702_104243.data
97.5 37.5 17 25.299982378854633 0cd913fa_20240702_104307.data
112.5 37.5 17 25.299982378854633 0cd913fa_20240702_104331.data
127.5 37.5 17 25.299982378854633 0cd913fa_20240702_104355.data
142.5 37.5 17 25.299982378854633 0cd913fa_20240702_104419.data
157.5 37.5 17 25.299982378854633 0cd913fa_20240702_104443.data
172.5 37.5 17 25.299982378854633 0cd913fa_20240702_104507.data
187.5 37.5 17 25.299982378854633 0cd913fa_20240702_104531.data
202.5 37.5 17 25.299982378854633 0cd913fa_20240702_104555.data
217.5 37.5 17 25.180334801762115 0cd913fa_20240702_104619.data
232.5 37.5 17 25.180334801762115 0cd913fa_20240702_104643.data
247.5 37.5 17 25.180334801762115 0cd913fa_20240702_104707.data
262.5 37.5 17 25.299982378854633 0cd913fa_20240702_104731.data
277.5 37.5 17 25.299982378854633 0cd913fa_20240702_104755.data
292.5 37.5 17 25.299982378854633 0cd913fa_20240702_104819.data
292.5 52.5 17 25.06022466960353 0cd913fa_20240702_104843.data
277.5 52.5 17 25.06022466960353 0cd913fa_20240702_104907.data
262.5 52.5 17 25.180334801762115 0cd913fa_20240702_104931.data
247.5 52.5 17 25.180334801762115 0cd913fa_20240702_104955.data
232.5 52.5 17 25.180334801762115 0cd913fa_20240702_105019.data
217.5 52.5 17 25.299982378854633 0cd913fa_20240702_105043.data
202.5 52.5 17 25.299982378854633 0cd913fa_20240702_105107.data
187.5 52.5 17 25.180334801762115 0cd913fa_20240702_105131.data
172.5 52.5 17 25.180334801762115 0cd913fa_20240702_105155.data
157.5 52.5 17 25.180334801762115 0cd913fa_20240702_105219.data
142.5 52.5 17 25.180334801762115 0cd913fa_20240702_105243.data
127.5 52.5 17 25.299982378854633 0cd913fa_20240702_105307.data
112.5 52.5 17 25.180334801762115 0cd913fa_20240702_105331.data
97.5 52.5 17 25.180334801762115 0cd913fa_20240702_105355.data
82.5 52.5 17 25.180334801762115 0cd913fa_20240702_105419.data
67.5 52.5 17 25.299982378854633 0cd913fa_20240702_105443.data
52.5 52.5 17 25.299982378854633 0cd913fa_20240702_105507.data
37.5 52.5 17 25.180334801762115 0cd913fa_20240702_105531.data
22.5 52.5 17 25.299982378854633 0cd913fa_20240702_105555.data
7.5 52.5 17 25.180334801762115 0cd913fa_20240702_105619.data
7.5 67.5 17 25.299982378854633 0cd913fa_20240702_105643.data
22.5 67.5 17 25.299982378854633 0cd913fa_20240702_105707.data
37.5 67.5 17 25.299982378854633 0cd913fa_20240702_105731.data
52.5 67.5 17 25.299982378854633 0cd913fa_20240702_105755.data
67.5 67.5 17 25.299982378854633 0cd913fa_20240702_105819.data
82.5 67.5 17 25.180334801762115 0cd913fa_20240702_105843.data
97.5 67.5 17 25.180334801762115 0cd913fa_20240702_105907.data
112.5 67.5 17 25.299982378854633 0cd913fa_20240702_105931.data
127.5 67.5 17 25.299982378854633 0cd913fa_20240702_105955.data
142.5 67.5 17 25.06022466960353 0cd913fa_20240702_110019.data
157.5 67.5 17 25.180334801762115 0cd913fa_20240702_110043.data
172.5 67.5 17 25.299982378854633 0cd913fa_20240702_110107.data
187.5 67.5 17 25.180334801762115 0cd913fa_20240702_110131.data
202.5 67.5 17 25.180334801762115 0cd913fa_20240702_110155.data
217.5 67.5 17 25.180334801762115 0cd913fa_20240702_110219.data
232.5 67.5 17 25.299982378854633 0cd913fa_20240702_110243.data
247.5 67.5 17 25.299982378854633 0cd913fa_20240702_110307.data
262.5 67.5 17 25.299982378854633 0cd913fa_20240702_110331.data
277.5 67.5 17 25.299982378854633 0cd913fa_20240702_110355.data
292.5 67.5 17 25.299982378854633 0cd913fa_20240702_110419.data
292.5 82.5 17 25.180334801762115 0cd913fa_20240702_110443.data
277.5 82.5 17 25.180334801762115 0cd913fa_20240702_110507.data
262.5 82.5 17 25.180334801762115 0cd913fa_20240702_110531.data
247.5 82.5 17 25.537859030837005 0cd913fa_20240702_110555.data
232.5 82.5 17 25.299982378854633 0cd913fa_20240702_110619.data
217.5 82.5 17 25.180334801762115 0cd913fa_20240702_110643.data
202.5 82.5 17 25.299982378854633 0cd913fa_20240702_110707.data
187.5 82.5 17 25.180334801762115 0cd913fa_20240702_110731.data
172.5 82.5 17 25.180334801762115 0cd913fa_20240702_110755.data
157.5 82.5 17 25.299982378854633 0cd913fa_20240702_110819.data
142.5 82.5 17 25.180334801762115 0cd913fa_20240702_110843.data
127.5 82.5 17 25.180334801762115 0cd913fa_20240702_110907.data
112.5 82.5 17 25.180334801762115 0cd913fa_20240702_110931.data
97.5 82.5 17 25.299982378854633 0cd913fa_20240702_110955.data
82.5 82.5 17 25.180334801762115 0cd913fa_20240702_111020.data
67.5 82.5 17 25.180334801762115 0cd913fa_20240702_111044.data
52.5 82.5 17 25.180334801762115 0cd913fa_20240702_111107.data
37.5 82.5 17 25.299982378854633 0cd913fa_20240702_111132.data
22.5 82.5 17 25.180334801762115 0cd913fa_20240702_111156.data
7.5 82.5 17 25.180334801762115 0cd913fa_20240702_111220.data
7.5 97.5 17 25.299982378854633 0cd913fa_20240702_111244.data
22.5 97.5 17 25.06022466960353 0cd913fa_20240702_111308.data
37.5 97.5 17 25.299982378854633 0cd913fa_20240702_111332.data
52.5 97.5 17 25.180334801762115 0cd913fa_20240702_111356.data
67.5 97.5 17 25.180334801762115 0cd913fa_20240702_111420.data
82.5 97.5 17 25.180334801762115 0cd913fa_20240702_111444.data
97.5 97.5 17 25.299982378854633 0cd913fa_20240702_111508.data
112.5 97.5 17 25.299982378854633 0cd913fa_20240702_111532.data
127.5 97.5 17 25.299982378854633 0cd913fa_20240702_111556.data
142.5 97.5 17 25.180334801762115 0cd913fa_20240702_111620.data
157.5 97.5 17 25.299982378854633 0cd913fa_20240702_111644.data
172.5 97.5 17 25.299982378854633 0cd913fa_20240702_111708.data
187.5 97.5 17 25.180334801762115 0cd913fa_20240702_111732.data
202.5 97.5 17 25.180334801762115 0cd913fa_20240702_111756.data
217.5 97.5 17 25.180334801762115 0cd913fa_20240702_111820.data
232.5 97.5 17 25.299982378854633 0cd913fa_20240702_111844.data
247.5 97.5 17 25.299982378854633 0cd913fa_20240702_111908.data
262.5 97.5 17 25.180334801762115 0cd913fa_20240702_111932.data
277.5 97.5 17 25.299982378854633 0cd913fa_20240702_111956.data
292.5 97.5 17 25.299982378854633 0cd913fa_20240702_112020.data
292.5 112.5 17 25.299982378854633 0cd913fa_20240702_112044.data
277.5 112.5 17 25.06022466960353 0cd913fa_20240702_112108.data
262.5 112.5 17 25.180334801762115 0cd913fa_20240702_112132.data
247.5 112.5 17 25.180334801762115 0cd913fa_20240702_112156.data
232.5 112.5 17 25.180334801762115 0cd913fa_20240702_112220.data
217.5 112.5 17 25.299982378854633 0cd913fa_20240702_112244.data
202.5 112.5 17 25.180334801762115 0cd913fa_20240702_112308.data
187.5 112.5 17 25.299982378854633 0cd913fa_20240702_112332.data
172.5 112.5 17 25.299982378854633 0cd913fa_20240702_112356.data
157.5 112.5 17 25.180334801762115 0cd913fa_20240702_112420.data
142.5 112.5 17 25.180334801762115 0cd913fa_20240702_112444.data
127.5 112.5 17 25.180334801762115 0cd913fa_20240702_112508.data
112.5 112.5 17 25.180334801762115 0cd913fa_20240702_112532.data
97.5 112.5 17 25.06022466960353 0cd913fa_20240702_112556.data
82.5 112.5 17 25.180334801762115 0cd913fa_20240702_112620.data
67.5 112.5 17 25.299982378854633 0cd913fa_20240702_112644.data
52.5 112.5 17 25.299982378854633 0cd913fa_20240702_112708.data
37.5 112.5 17 25.180334801762115 0cd913fa_20240702_112732.data
22.5 112.5 17 25.180334801762115 0cd913fa_20240702_112756.data
7.5 112.5 17 25.180334801762115 0cd913fa_20240702_112820.data
7.5 127.5 17 25.299982378854633 0cd913fa_20240702_112844.data
22.5 127.5 17 25.299982378854633 0cd913fa_20240702_112908.data
37.5 127.5 17 25.180334801762115 0cd913fa_20240702_112932.data
52.5 127.5 17 25.299982378854633 0cd913fa_20240702_112956.data
67.5 127.5 17 25.180334801762115 0cd913fa_20240702_113020.data
82.5 127.5 17 25.299982378854633 0cd913fa_20240702_113044.data
97.5 127.5 17 25.299982378854633 0cd913fa_20240702_113108.data
112.5 127.5 17 25.180334801762115 0cd913fa_20240702_113132.data
127.5 127.5 17 25.180334801762115 0cd913fa_20240702_113156.data
142.5 127.5 17 25.180334801762115 0cd913fa_20240702_113220.data
157.5 127.5 17 25.180334801762115 0cd913fa_20240702_113244.data
172.5 127.5 17 25.299982378854633 0cd913fa_20240702_113308.data
187.5 127.5 17 25.180334801762115 0cd913fa_20240702_113332.data
202.5 127.5 17 25.299982378854633 0cd913fa_20240702_113356.data
217.5 127.5 17 25.180334801762115 0cd913fa_20240702_113420.data
232.5 127.5 17 25.180334801762115 0cd913fa_20240702_113444.data
247.5 127.5 17 25.180334801762115 0cd913fa_20240702_113508.data
262.5 127.5 17 25.299982378854633 0cd913fa_20240702_113532.data
277.5 127.5 17 25.299982378854633 0cd913fa_20240702_113556.data
292.5 127.5 17 25.299982378854633 0cd913fa_20240702_113620.data
292.5 142.5 17 25.299982378854633 0cd913fa_20240702_113644.data
277.5 142.5 17 25.180334801762115 0cd913fa_20240702_113708.data
262.5 142.5 17 25.180334801762115 0cd913fa_20240702_113732.data
247.5 142.5 17 25.180334801762115 0cd913fa_20240702_113756.data
232.5 142.5 17 25.180334801762115 0cd913fa_20240702_113820.data
217.5 142.5 17 25.180334801762115 0cd913fa_20240702_113844.data
202.5 142.5 17 25.537859030837005 0cd913fa_20240702_113908.data
187.5 142.5 17 25.299982378854633 0cd913fa_20240702_113932.data
172.5 142.5 17 25.180334801762115 0cd913fa_20240702_113956.data
157.5 142.5 17 25.180334801762115 0cd913fa_20240702_114020.data
142.5 142.5 17 25.656118942731283 0cd913fa_20240702_114044.data
127.5 142.5 17 25.656118942731283 0cd913fa_20240702_114108.data
112.5 142.5 17 25.656118942731283 0cd913fa_20240702_114132.data
97.5 142.5 17 25.656118942731283 0cd913fa_20240702_114156.data
82.5 142.5 17 25.299982378854633 0cd913fa_20240702_114220.data
67.5 142.5 17 25.180334801762115 0cd913fa_20240702_114244.data
52.5 142.5 17 25.419136563876656 0cd913fa_20240702_114308.data
37.5 142.5 17 25.180334801762115 0cd913fa_20240702_114333.data
22.5 142.5 17 25.537859030837005 0cd913fa_20240702_114356.data
7.5 142.5 17 25.299982378854633 0cd913fa_20240702_114420.data
7.5 157.5 17 25.419136563876656 0cd913fa_20240702_114445.data
22.5 157.5 17 25.180334801762115 0cd913fa_20240702_114509.data
37.5 157.5 17 25.180334801762115 0cd913fa_20240702_114533.data
52.5 157.5 17 25.537859030837005 0cd913fa_20240702_114557.data
67.5 157.5 17 25.656118942731283 0cd913fa_20240702_114621.data
82.5 157.5 17 25.299982378854633 0cd913fa_20240702_114645.data
97.5 157.5 17 25.419136563876656 0cd913fa_20240702_114709.data
112.5 157.5 17 25.180334801762115 0cd913fa_20240702_114733.data
127.5 157.5 17 25.180334801762115 0cd913fa_20240702_114757.data
142.5 157.5 17 25.180334801762115 0cd913fa_20240702_114821.data
157.5 157.5 17 25.656118942731283 0cd913fa_20240702_114845.data
172.5 157.5 17 25.656118942731283 0cd913fa_20240702_114909.data
187.5 157.5 17 25.180334801762115 0cd913fa_20240702_114933.data
202.5 157.5 17 25.180334801762115 0cd913fa_20240702_114957.data
217.5 157.5 17 25.180334801762115 0cd913fa_20240702_115021.data
232.5 157.5 17 25.180334801762115 0cd913fa_20240702_115045.data
247.5 157.5 17 25.656118942731283 0cd913fa_20240702_115109.data
262.5 157.5 17 25.656118942731283 0cd913fa_20240702_115133.data
277.5 157.5 17 25.299982378854633 0cd913fa_20240702_115157.data
292.5 157.5 17 25.180334801762115 0cd913fa_20240702_115221.data
292.5 172.5 17 25.180334801762115 0cd913fa_20240702_115245.data
277.5 172.5 17 25.419136563876656 0cd913fa_20240702_115309.data
262.5 172.5 17 25.656118942731283 0cd913fa_20240702_115333.data
247.5 172.5 17 25.773885462555068 0cd913fa_20240702_115357.data
232.5 172.5 17 25.773885462555068 0cd913fa_20240702_115421.data
217.5 172.5 17 25.656118942731283 0cd913fa_20240702_115445.data
202.5 172.5 17 25.299982378854633 0cd913fa_20240702_115509.data
187.5 172.5 17 25.299982378854633 0cd913fa_20240702_115533.data
172.5 172.5 17 25.419136563876656 0cd913fa_20240702_115557.data
157.5 172.5 17 -1 0cd913fa_20240702_115621.data
142.5 172.5 17 25.656118942731283 0cd913fa_20240702_115645.data
127.5 172.5 17 25.656118942731283 0cd913fa_20240702_115709.data
112.5 172.5 17 -1 0cd913fa_20240702_115733.data
97.5 172.5 17 25.656118942731283 0cd913fa_20240702_115757.data
82.5 172.5 17 25.299982378854633 0cd913fa_20240702_115821.data
67.5 172.5 17 25.180334801762115 0cd913fa_20240702_115845.data
52.5 172.5 17 25.299982378854633 0cd913fa_20240702_115909.data
37.5 172.5 17 25.180334801762115 0cd913fa_20240702_115933.data
22.5 172.5 17 25.773885462555068 0cd913fa_20240702_115957.data
7.5 172.5 17 -1 0cd913fa_20240702_120021.data
7.5 187.5 17 25.180334801762115 0cd913fa_20240702_120045.data
22.5 187.5 17 25.299982378854633 0cd913fa_20240702_120109.data
37.5 187.5 17 25.180334801762115 0cd913fa_20240702_120133.data
52.5 187.5 17 25.6568281938326 0cd913fa_20240702_120157.data
67.5 187.5 17 25.537859030837005 0cd913fa_20240702_120221.data
82.5 187.5 17 25.537859030837005 0cd913fa_20240702_120245.data
97.5 187.5 17 25.89125110132159 0cd913fa_20240702_120309.data
112.5 187.5 17 25.656118942731283 0cd913fa_20240702_120333.data
127.5 187.5 17 25.537859030837005 0cd913fa_20240702_120357.data
142.5 187.5 17 25.656118942731283 0cd913fa_20240702_120421.data
157.5 187.5 17 25.89125110132159 0cd913fa_20240702_120445.data
172.5 187.5 17 25.89125110132159 0cd913fa_20240702_120509.data
187.5 187.5 17 25.537859030837005 0cd913fa_20240702_120533.data
202.5 187.5 17 25.656118942731283 0cd913fa_20240702_120557.data
217.5 187.5 17 25.656118942731283 0cd913fa_20240702_120621.data
232.5 187.5 17 25.89125110132159 0cd913fa_20240702_120645.data
247.5 187.5 17 25.419136563876656 0cd913fa_20240702_120709.data
262.5 187.5 17 25.537859030837005 0cd913fa_20240702_120733.data
277.5 187.5 17 25.537859030837005 0cd913fa_20240702_120757.data
292.5 187.5 17 25.656118942731283 0cd913fa_20240702_120821.data
292.5 202.5 17 25.89125110132159 0cd913fa_20240702_120845.data
277.5 202.5 17 25.773885462555068 0cd913fa_20240702_120909.data
262.5 202.5 17 25.419136563876656 0cd913fa_20240702_120933.data
247.5 202.5 17 25.537859030837005 0cd913fa_20240702_120957.data
232.5 202.5 17 25.537859030837005 0cd913fa_20240702_121021.data
217.5 202.5 17 25.773885462555068 0cd913fa_20240702_121045.data
202.5 202.5 17 25.419136563876656 0cd913fa_20240702_121109.data
187.5 202.5 17 25.773885462555068 0cd913fa_20240702_121133.data
172.5 202.5 17 25.773885462555068 0cd913fa_20240702_121157.data
157.5 202.5 17 25.537859030837005 0cd913fa_20240702_121221.data
142.5 202.5 17 25.537859030837005 0cd913fa_20240702_121245.data
127.5 202.5 17 25.537859030837005 0cd913fa_20240702_121309.data
112.5 202.5 17 25.537859030837005 0cd913fa_20240702_121333.data
97.5 202.5 17 25.773885462555068 0cd913fa_20240702_121357.data
82.5 202.5 17 25.537859030837005 0cd913fa_20240702_121421.data
67.5 202.5 17 25.537859030837005 0cd913fa_20240702_121445.data
52.5 202.5 17 25.89125110132159 0cd913fa_20240702_121509.data
37.5 202.5 17 25.89125110132159 0cd913fa_20240702_121533.data
22.5 202.5 17 25.419136563876656 0cd913fa_20240702_121557.data
7.5 202.5 17 25.656118942731283 0cd913fa_20240702_121622.data
7.5 217.5 17 25.537859030837005 0cd913fa_20240702_121646.data
22.5 217.5 17 25.773885462555068 0cd913fa_20240702_121710.data
37.5 217.5 17 25.419136563876656 0cd913fa_20240702_121734.data
52.5 217.5 17 25.537859030837005 0cd913fa_20240702_121758.data
67.5 217.5 17 25.656118942731283 0cd913fa_20240702_121822.data
82.5 217.5 17 25.89125110132159 0cd913fa_20240702_121846.data
97.5 217.5 17 25.89125110132159 0cd913fa_20240702_121910.data
112.5 217.5 17 25.656118942731283 0cd913fa_20240702_121934.data
127.5 217.5 17 25.537859030837005 0cd913fa_20240702_121958.data
142.5 217.5 17 25.419136563876656 0cd913fa_20240702_122022.data
157.5 217.5 17 25.656118942731283 0cd913fa_20240702_122046.data
172.5 217.5 17 25.419136563876656 0cd913fa_20240702_122110.data
187.5 217.5 17 25.89125110132159 0cd913fa_20240702_122134.data
202.5 217.5 17 25.299982378854633 0cd913fa_20240702_122158.data
217.5 217.5 17 25.419136563876656 0cd913fa_20240702_122222.data
232.5 217.5 17 25.537859030837005 0cd913fa_20240702_122246.data
247.5 217.5 17 26.008123348017623 0cd913fa_20240702_122310.data
262.5 217.5 17 26.008123348017623 0cd913fa_20240702_122334.data
277.5 217.5 17 25.89125110132159 0cd913fa_20240702_122358.data
292.5 217.5 17 25.537859030837005 0cd913fa_20240702_122422.data
292.5 232.5 17 25.419136563876656 0cd913fa_20240702_122446.data
277.5 232.5 17 25.537859030837005 0cd913fa_20240702_122510.data
262.5 232.5 17 26.008123348017623 0cd913fa_20240702_122534.data
247.5 232.5 17 25.89125110132159 0cd913fa_20240702_122558.data
232.5 232.5 17 25.537859030837005 0cd913fa_20240702_122622.data
217.5 232.5 17 25.537859030837005 0cd913fa_20240702_122646.data
202.5 232.5 17 25.656118942731283 0cd913fa_20240702_122710.data
187.5 232.5 17 25.89125110132159 0cd913fa_20240702_122734.data
172.5 232.5 17 26.008123348017623 0cd913fa_20240702_122758.data
157.5 232.5 17 25.656118942731283 0cd913fa_20240702_122822.data
142.5 232.5 17 25.537859030837005 0cd913fa_20240702_122846.data
127.5 232.5 17 25.537859030837005 0cd913fa_20240702_122910.data
112.5 232.5 17 25.89125110132159 0cd913fa_20240702_122934.data
97.5 232.5 17 25.89125110132159 0cd913fa_20240702_122958.data
82.5 232.5 17 25.656118942731283 0cd913fa_20240702_123022.data
67.5 232.5 17 25.419136563876656 0cd913fa_20240702_123046.data
52.5 232.5 17 25.656118942731283 0cd913fa_20240702_123110.data
37.5 232.5 17 25.89125110132159 0cd913fa_20240702_123134.data
22.5 232.5 17 25.89125110132159 0cd913fa_20240702_123158.data
7.5 232.5 17 25.773885462555068 0cd913fa_20240702_123222.data
7.5 247.5 17 25.419136563876656 0cd913fa_20240702_123246.data
22.5 247.5 17 25.656118942731283 0cd913fa_20240702_123310.data
37.5 247.5 17 25.89125110132159 0cd913fa_20240702_123334.data
52.5 247.5 17 25.537859030837005 0cd913fa_20240702_123358.data
67.5 247.5 17 25.537859030837005 0cd913fa_20240702_123422.data
82.5 247.5 17 25.656118942731283 0cd913fa_20240702_123446.data
97.5 247.5 17 25.537859030837005 0cd913fa_20240702_123510.data
112.5 247.5 17 25.89125110132159 0cd913fa_20240702_123534.data
127.5 247.5 17 25.89125110132159 0cd913fa_20240702_123558.data
142.5 247.5 17 25.656118942731283 0cd913fa_20240702_123622.data
157.5 247.5 17 25.656118942731283 0cd913fa_20240702_123646.data
172.5 247.5 17 25.656118942731283 0cd913fa_20240702_123710.data
187.5 247.5 17 25.89125110132159 0cd913fa_20240702_123734.data
202.5 247.5 17 25.537859030837005 0cd913fa_20240702_123758.data
217.5 247.5 17 25.656118942731283 0cd913fa_20240702_123822.data
232.5 247.5 17 25.773885462555068 0cd913fa_20240702_123846.data
247.5 247.5 17 25.89125110132159 0cd913fa_20240702_123910.data
262.5 247.5 17 25.89125110132159 0cd913fa_20240702_123934.data
277.5 247.5 17 25.419136563876656 0cd913fa_20240702_123958.data
292.5 247.5 17 25.656118942731283 0cd913fa_20240702_124022.data
292.5 262.5 17 25.773885462555068 0cd913fa_20240702_124046.data
277.5 262.5 17 26.008123348017623 0cd913fa_20240702_124110.data
262.5 262.5 17 25.656118942731283 0cd913fa_20240702_124134.data
247.5 262.5 17 25.419136563876656 0cd913fa_20240702_124158.data
232.5 262.5 17 25.656118942731283 0cd913fa_20240702_124222.data
217.5 262.5 17 25.537859030837005 0cd913fa_20240702_124246.data
202.5 262.5 17 25.89125110132159 0cd913fa_20240702_124310.data
187.5 262.5 17 25.89125110132159 0cd913fa_20240702_124334.data
172.5 262.5 17 25.656118942731283 0cd913fa_20240702_124358.data
157.5 262.5 17 25.537859030837005 0cd913fa_20240702_124422.data
142.5 262.5 17 25.656118942731283 0cd913fa_20240702_124446.data
127.5 262.5 17 25.89125110132159 0cd913fa_20240702_124510.data
112.5 262.5 17 25.419136563876656 0cd913fa_20240702_124534.data
97.5 262.5 17 25.537859030837005 0cd913fa_20240702_124558.data
82.5 262.5 17 25.656118942731283 0cd913fa_20240702_124622.data
67.5 262.5 17 25.773885462555068 0cd913fa_20240702_124646.data
52.5 262.5 17 25.89125110132159 0cd913fa_20240702_124710.data
37.5 262.5 17 25.89125110132159 0cd913fa_20240702_124734.data
22.5 262.5 17 25.419136563876656 0cd913fa_20240702_124758.data
7.5 262.5 17 25.537859030837005 0cd913fa_20240702_124822.data
7.5 277.5 17 25.656118942731283 0cd913fa_20240702_124846.data
22.5 277.5 17 25.89125110132159 0cd913fa_20240702_124910.data
37.5 277.5 17 25.89125110132159 0cd913fa_20240702_124934.data
52.5 277.5 17 25.656118942731283 0cd913fa_20240702_124958.data
67.5 277.5 17 25.656118942731283 0cd913fa_20240702_125022.data
82.5 277.5 17 25.537859030837005 0cd913fa_20240702_125046.data
97.5 277.5 17 25.89125110132159 0cd913fa_20240702_125110.data
112.5 277.5 17 25.89125110132159 0cd913fa_20240702_125134.data
127.5 277.5 17 25.537859030837005 0cd913fa_20240702_125159.data
142.5 277.5 17 25.537859030837005 0cd913fa_20240702_125223.data
157.5 277.5 17 25.656118942731283 0cd913fa_20240702_125247.data
172.5 277.5 17 25.89125110132159 0cd913fa_20240702_125311.data
187.5 277.5 17 25.419136563876656 0cd913fa_20240702_125335.data
202.5 277.5 17 25.656118942731283 0cd913fa_20240702_125359.data
217.5 277.5 17 25.537859030837005 0cd913fa_20240702_125423.data
232.5 277.5 17 25.537859030837005 0cd913fa_20240702_125447.data
247.5 277.5 17 25.89125110132159 0cd913fa_20240702_125511.data
262.5 277.5 17 25.419136563876656 0cd913fa_20240702_125535.data
277.5 277.5 17 25.537859030837005 0cd913fa_20240702_125559.data
292.5 277.5 17 25.773885462555068 0cd913fa_20240702_125623.data
292.5 292.5 17 25.656118942731283 0cd913fa_20240702_125647.data
277.5 292.5 17 25.89125110132159 0cd913fa_20240702_125711.data
262.5 292.5 17 25.537859030837005 0cd913fa_20240702_125735.data
247.5 292.5 17 25.537859030837005 0cd913fa_20240702_125759.data
232.5 292.5 17 25.656118942731283 0cd913fa_20240702_125823.data
217.5 292.5 17 25.773885462555068 0cd913fa_20240702_125847.data
202.5 292.5 17 25.89125110132159 0cd913fa_20240702_125911.data
187.5 292.5 17 25.419136563876656 0cd913fa_20240702_125935.data
172.5 292.5 17 25.419136563876656 0cd913fa_20240702_125959.data
157.5 292.5 17 25.656118942731283 0cd913fa_20240702_130023.data
142.5 292.5 17 25.89125110132159 0cd913fa_20240702_130047.data
127.5 292.5 17 25.537859030837005 0cd913fa_20240702_130111.data
112.5 292.5 17 25.419136563876656 0cd913fa_20240702_130135.data
97.5 292.5 17 25.656118942731283 0cd913fa_20240702_130159.data
82.5 292.5 17 26.008123348017623 0cd913fa_20240702_130223.data
67.5 292.5 17 25.773885462555068 0cd913fa_20240702_130247.data
52.5 292.5 17 25.656118942731283 0cd913fa_20240702_130311.data
37.5 292.5 17 25.537859030837005 0cd913fa_20240702_130335.data
22.5 292.5 17 25.537859030837005 0cd913fa_20240702_130359.data
7.5 292.5 17 25.89125110132159 0cd913fa_20240702_130423.data
7.5 307.5 17 25.89125110132159 0cd913fa_20240702_130447.data
22.5 307.5 17 25.656118942731283 0cd913fa_20240702_130511.data
37.5 307.5 17 25.656118942731283 0cd913fa_20240702_130535.data
52.5 307.5 17 25.537859030837005 0cd913fa_20240702_130559.data
67.5 307.5 17 25.89125110132159 0cd913fa_20240702_130623.data
82.5 307.5 17 25.537859030837005 0cd913fa_20240702_130647.data
97.5 307.5 17 25.656118942731283 0cd913fa_20240702_130711.data
112.5 307.5 17 25.537859030837005 0cd913fa_20240702_130735.data
127.5 307.5 17 25.773885462555068 0cd913fa_20240702_130759.data
142.5 307.5 17 25.537859030837005 0cd913fa_20240702_130823.data
157.5 307.5 17 25.537859030837005 0cd913fa_20240702_130847.data
172.5 307.5 17 25.773885462555068 0cd913fa_20240702_130911.data
187.5 307.5 17 25.89125110132159 0cd913fa_20240702_130935.data
202.5 307.5 17 25.773885462555068 0cd913fa_20240702_130959.data
217.5 307.5 17 25.537859030837005 0cd913fa_20240702_131023.data
232.5 307.5 17 25.656118942731283 0cd913fa_20240702_131047.data
247.5 307.5 17 25.773885462555068 0cd913fa_20240702_131111.data
262.5 307.5 17 25.89125110132159 0cd913fa_20240702_131135.data
277.5 307.5 17 25.537859030837005 0cd913fa_20240702_131159.data
292.5 307.5 17 25.656118942731283 0cd913fa_20240702_131223.data
292.5 322.5 17 25.773885462555068 0cd913fa_20240702_131247.data
277.5 322.5 17 25.537859030837005 0cd913fa_20240702_131311.data
262.5 322.5 17 25.89125110132159 0cd913fa_20240702_131335.data
247.5 322.5 17 25.537859030837005 0cd913fa_20240702_131359.data
232.5 322.5 17 25.656118942731283 0cd913fa_20240702_131423.data
217.5 322.5 17 25.656118942731283 0cd913fa_20240702_131447.data
202.5 322.5 17 25.773885462555068 0cd913fa_20240702_131511.data
187.5 322.5 17 25.299982378854633 0cd913fa_20240702_131535.data
172.5 322.5 17 25.537859030837005 0cd913fa_20240702_131559.data
157.5 322.5 17 25.773885462555068 0cd913fa_20240702_131623.data
142.5 322.5 17 25.89125110132159 0cd913fa_20240702_131647.data
127.5 322.5 17 25.656118942731283 0cd913fa_20240702_131711.data
112.5 322.5 17 25.419136563876656 0cd913fa_20240702_131735.data
97.5 322.5 17 25.537859030837005 0cd913fa_20240702_131759.data
82.5 322.5 17 25.656118942731283 0cd913fa_20240702_131823.data
67.5 322.5 17 26.008123348017623 0cd913fa_20240702_131847.data
52.5 322.5 17 25.89125110132159 0cd913fa_20240702_131911.data
37.5 322.5 17 25.656118942731283 0cd913fa_20240702_131935.data
22.5 322.5 17 25.537859030837005 0cd913fa_20240702_131959.data
7.5 322.5 17 25.656118942731283 0cd913fa_20240702_132023.data
7.5 337.5 17 25.89125110132159 0cd913fa_20240702_132047.data
22.5 337.5 17 25.773885462555068 0cd913fa_20240702_132111.data
37.5 337.5 17 25.537859030837005 0cd913fa_20240702_132135.data
52.5 337.5 17 25.656118942731283 0cd913fa_20240702_132159.data
67.5 337.5 17 25.89125110132159 0cd913fa_20240702_132223.data
82.5 337.5 17 25.89125110132159 0cd913fa_20240702_132247.data
97.5 337.5 17 25.419136563876656 0cd913fa_20240702_132311.data
112.5 337.5 17 25.537859030837005 0cd913fa_20240702_132335.data
127.5 337.5 17 25.537859030837005 0cd913fa_20240702_132359.data
142.5 337.5 17 25.89125110132159 0cd913fa_20240702_132423.data
157.5 337.5 17 25.537859030837005 0cd913fa_20240702_132447.data
172.5 337.5 17 25.656118942731283 0cd913fa_20240702_132511.data
187.5 337.5 17 25.656118942731283 0cd913fa_20240702_132536.data
202.5 337.5 17 25.89125110132159 0cd913fa_20240702_132600.data
217.5 337.5 17 25.537859030837005 0cd913fa_20240702_132624.data
232.5 337.5 17 25.537859030837005 0cd913fa_20240702_132648.data
247.5 337.5 17 25.537859030837005 0cd913fa_20240702_132712.data
262.5 337.5 17 25.89125110132159 0cd913fa_20240702_132736.data
277.5 337.5 17 25.537859030837005 0cd913fa_20240702_132800.data
292.5 337.5 17 25.537859030837005 0cd913fa_20240702_132824.data
7.5 352.5 17 25.537859030837005 0cd913fa_20240702_142610.data
22.5 352.5 17 25.89125110132159 0cd913fa_20240702_142634.data
37.5 352.5 17 26.008123348017623 0cd913fa_20240702_142658.data
52.5 352.5 17 25.537859030837005 0cd913fa_20240702_142722.data
67.5 352.5 17 25.537859030837005 0cd913fa_20240702_142746.data
82.5 352.5 17 25.89125110132159 0cd913fa_20240702_142810.data
97.5 352.5 17 25.537859030837005 0cd913fa_20240702_142834.data
112.5 352.5 17 25.656118942731283 0cd913fa_20240702_142858.data
127.5 352.5 17 -1 0cd913fa_20240702_142922.data
142.5 352.5 17 25.773885462555068 0cd913fa_20240702_142946.data
157.5 352.5 17 25.537859030837005 0cd913fa_20240702_143010.data
172.5 352.5 17 25.537859030837005 0cd913fa_20240702_143034.data
187.5 352.5 17 25.773885462555068 0cd913fa_20240702_143058.data
202.5 352.5 17 25.89125110132159 0cd913fa_20240702_143122.data
217.5 352.5 17 25.537859030837005 0cd913fa_20240702_143146.data
232.5 352.5 17 -1 0cd913fa_20240702_143210.data
247.5 352.5 17 25.419136563876656 0cd913fa_20240702_143234.data
262.5 352.5 17 25.419136563876656 0cd913fa_20240702_143258.data
277.5 352.5 17 25.419136563876656 0cd913fa_20240702_143322.data
292.5 352.5 17 25.299982378854633 0cd913fa_20240702_143346.data
292.5 367.5 17 25.419136563876656 0cd913fa_20240702_143410.data
277.5 367.5 17 25.419136563876656 0cd913fa_20240702_143434.data
262.5 367.5 17 25.299982378854633 0cd913fa_20240702_143458.data
247.5 367.5 17 25.537859030837005 0cd913fa_20240702_143522.data
232.5 367.5 17 25.419136563876656 0cd913fa_20240702_143546.data
217.5 367.5 17 25.299982378854633 0cd913fa_20240702_143610.data
202.5 367.5 17 25.419136563876656 0cd913fa_20240702_143634.data
187.5 367.5 17 25.537859030837005 0cd913fa_20240702_143658.data
172.5 367.5 17 25.419136563876656 0cd913fa_20240702_143722.data
157.5 367.5 17 25.419136563876656 0cd913fa_20240702_143746.data
142.5 367.5 17 25.419136563876656 0cd913fa_20240702_143810.data
127.5 367.5 17 25.419136563876656 0cd913fa_20240702_143834.data
112.5 367.5 17 25.419136563876656 0cd913fa_20240702_143858.data
97.5 367.5 17 25.419136563876656 0cd913fa_20240702_143922.data
82.5 367.5 17 25.419136563876656 0cd913fa_20240702_143946.data
67.5 367.5 17 25.419136563876656 0cd913fa_20240702_144010.data
52.5 367.5 17 25.419136563876656 0cd913fa_20240702_144034.data
37.5 367.5 17 25.419136563876656 0cd913fa_20240702_144058.data
22.5 367.5 17 25.419136563876656 0cd913fa_20240702_144122.data
7.5 367.5 17 25.299982378854633 0cd913fa_20240702_144146.data
7.5 382.5 17 25.419136563876656 0cd913fa_20240702_144210.data
22.5 382.5 17 25.419136563876656 0cd913fa_20240702_144234.data
37.5 382.5 17 25.419136563876656 0cd913fa_20240702_144258.data
52.5 382.5 17 25.537859030837005 0cd913fa_20240702_144322.data
67.5 382.5 17 25.299982378854633 0cd913fa_20240702_144346.data
82.5 382.5 17 25.419136563876656 0cd913fa_20240702_144410.data
97.5 382.5 17 25.419136563876656 0cd913fa_20240702_144434.data
112.5 382.5 17 25.419136563876656 0cd913fa_20240702_144458.data
127.5 382.5 17 25.419136563876656 0cd913fa_20240702_144522.data
142.5 382.5 17 25.180334801762115 0cd913fa_20240702_144546.data
157.5 382.5 17 25.419136563876656 0cd913fa_20240702_144611.data
172.5 382.5 17 25.419136563876656 0cd913fa_20240702_144635.data
187.5 382.5 17 25.299982378854633 0cd913fa_20240702_144659.data
202.5 382.5 17 25.299982378854633 0cd913fa_20240702_144723.data
217.5 382.5 17 25.419136563876656 0cd913fa_20240702_144747.data
232.5 382.5 17 25.419136563876656 0cd913fa_20240702_144811.data
247.5 382.5 17 25.419136563876656 0cd913fa_20240702_144835.data
262.5 382.5 17 25.299982378854633 0cd913fa_20240702_144859.data
277.5 382.5 17 25.180334801762115 0cd913fa_20240702_144923.data
292.5 382.5 17 25.419136563876656 0cd913fa_20240702_144947.data
292.5 397.5 17 25.419136563876656 0cd913fa_20240702_145011.data
277.5 397.5 17 25.419136563876656 0cd913fa_20240702_145035.data
262.5 397.5 17 25.419136563876656 0cd913fa_20240702_145059.data
247.5 397.5 17 25.419136563876656 0cd913fa_20240702_145123.data
232.5 397.5 17 25.537859030837005 0cd913fa_20240702_145147.data
217.5 397.5 17 25.299982378854633 0cd913fa_20240702_145211.data
202.5 397.5 17 25.299982378854633 0cd913fa_20240702_145235.data
187.5 397.5 17 25.419136563876656 0cd913fa_20240702_145259.data
172.5 397.5 17 25.299982378854633 0cd913fa_20240702_145323.data
157.5 397.5 17 25.299982378854633 0cd913fa_20240702_145347.data
142.5 397.5 17 25.419136563876656 0cd913fa_20240702_145411.data
127.5 397.5 17 25.419136563876656 0cd913fa_20240702_145435.data
112.5 397.5 17 25.419136563876656 0cd913fa_20240702_145459.data
97.5 397.5 17 25.299982378854633 0cd913fa_20240702_145523.data
82.5 397.5 17 25.419136563876656 0cd913fa_20240702_145547.data
67.5 397.5 17 25.773885462555068 0cd913fa_20240702_145611.data
52.5 397.5 17 25.419136563876656 0cd913fa_20240702_145635.data
37.5 397.5 17 25.419136563876656 0cd913fa_20240702_145659.data
22.5 397.5 17 25.537859030837005 0cd913fa_20240702_145723.data
7.5 397.5 17 25.299982378854633 0cd913fa_20240702_145747.data
7.5 412.5 17 25.537859030837005 0cd913fa_20240702_145811.data
22.5 412.5 17 25.299982378854633 0cd913fa_20240702_145835.data
37.5 412.5 17 25.419136563876656 0cd913fa_20240702_145859.data
52.5 412.5 17 25.419136563876656 0cd913fa_20240702_145923.data
67.5 412.5 17 25.419136563876656 0cd913fa_20240702_145947.data
82.5 412.5 17 25.537859030837005 0cd913fa_20240702_150011.data
97.5 412.5 17 25.299982378854633 0cd913fa_20240702_150035.data
112.5 412.5 17 25.419136563876656 0cd913fa_20240702_150059.data
127.5 412.5 17 25.537859030837005 0cd913fa_20240702_150123.data
142.5 412.5 17 25.419136563876656 0cd913fa_20240702_150147.data
157.5 412.5 17 25.419136563876656 0cd913fa_20240702_150211.data
172.5 412.5 17 25.419136563876656 0cd913fa_20240702_150235.data
187.5 412.5 17 25.419136563876656 0cd913fa_20240702_150259.data
202.5 412.5 17 25.419136563876656 0cd913fa_20240702_150323.data
217.5 412.5 17 25.299982378854633 0cd913fa_20240702_150347.data
232.5 412.5 17 25.537859030837005 0cd913fa_20240702_150411.data
247.5 412.5 17 25.419136563876656 0cd913fa_20240702_150435.data
262.5 412.5 17 25.419136563876656 0cd913fa_20240702_150459.data
277.5 412.5 17 25.299982378854633 0cd913fa_20240702_150523.data
292.5 412.5 17 25.299982378854633 0cd913fa_20240702_150547.data
292.5 427.5 17 25.419136563876656 0cd913fa_20240702_150611.data
277.5 427.5 17 25.419136563876656 0cd913fa_20240702_150635.data
262.5 427.5 17 25.419136563876656 0cd913fa_20240702_150659.data
247.5 427.5 17 25.537859030837005 0cd913fa_20240702_150723.data
232.5 427.5 17 25.419136563876656 0cd913fa_20240702_150747.data
217.5 427.5 17 25.299982378854633 0cd913fa_20240702_150811.data
202.5 427.5 17 25.299982378854633 0cd913fa_20240702_150835.data
187.5 427.5 17 25.419136563876656 0cd913fa_20240702_150859.data
172.5 427.5 17 25.419136563876656 0cd913fa_20240702_150923.data
157.5 427.5 17 25.419136563876656 0cd913fa_20240702_150947.data
142.5 427.5 17 25.419136563876656 0cd913fa_20240702_151011.data
127.5 427.5 17 25.419136563876656 0cd913fa_20240702_151035.data
112.5 427.5 17 25.299982378854633 0cd913fa_20240702_151059.data
97.5 427.5 17 25.299982378854633 0cd913fa_20240702_151123.data
82.5 427.5 17 25.419136563876656 0cd913fa_20240702_151147.data
67.5 427.5 17 25.419136563876656 0cd913fa_20240702_151211.data
52.5 427.5 17 25.419136563876656 0cd913fa_20240702_151235.data
37.5 427.5 17 25.419136563876656 0cd913fa_20240702_151259.data
22.5 427.5 17 25.419136563876656 0cd913fa_20240702_151323.data
7.5 427.5 17 25.299982378854633 0cd913fa_20240702_151347.data
7.5 442.5 17 25.419136563876656 0cd913fa_20240702_151411.data
22.5 442.5 17 25.419136563876656 0cd913fa_20240702_151435.data
37.5 442.5 17 25.299982378854633 0cd913fa_20240702_151459.data
52.5 442.5 17 25.299982378854633 0cd913fa_20240702_151523.data
67.5 442.5 17 25.419136563876656 0cd913fa_20240702_151547.data
82.5 442.5 17 25.419136563876656 0cd913fa_20240702_151611.data
97.5 442.5 17 25.537859030837005 0cd913fa_20240702_151635.data
112.5 442.5 17 25.299982378854633 0cd913fa_20240702_151659.data
127.5 442.5 17 25.299982378854633 0cd913fa_20240702_151723.data
142.5 442.5 17 25.299982378854633 0cd913fa_20240702_151747.data
157.5 442.5 17 25.537859030837005 0cd913fa_20240702_151811.data
172.5 442.5 17 25.299982378854633 0cd913fa_20240702_151835.data
187.5 442.5 17 25.299982378854633 0cd913fa_20240702_151859.data
202.5 442.5 17 25.419136563876656 0cd913fa_20240702_151923.data
217.5 442.5 17 25.299982378854633 0cd913fa_20240702_151948.data
232.5 442.5 17 25.299982378854633 0cd913fa_20240702_152011.data
247.5 442.5 17 25.419136563876656 0cd913fa_20240702_152036.data
262.5 442.5 17 25.419136563876656 0cd913fa_20240702_152100.data
277.5 442.5 17 25.299982378854633 0cd913fa_20240702_152124.data
292.5 442.5 17 25.419136563876656 0cd913fa_20240702_152148.data
292.5 457.5 17 25.419136563876656 0cd913fa_20240702_152212.data
277.5 457.5 17 25.419136563876656 0cd913fa_20240702_152236.data
262.5 457.5 17 25.419136563876656 0cd913fa_20240702_152300.data
247.5 457.5 17 25.419136563876656 0cd913fa_20240702_152324.data
232.5 457.5 17 25.419136563876656 0cd913fa_20240702_152348.data
217.5 457.5 17 25.419136563876656 0cd913fa_20240702_152412.data
202.5 457.5 17 25.419136563876656 0cd913fa_20240702_152436.data
187.5 457.5 17 25.419136563876656 0cd913fa_20240702_152500.data
172.5 457.5 17 25.419136563876656 0cd913fa_20240702_152524.data
157.5 457.5 17 25.419136563876656 0cd913fa_20240702_152548.data
142.5 457.5 17 25.419136563876656 0cd913fa_20240702_152612.data
127.5 457.5 17 25.419136563876656 0cd913fa_20240702_152636.data
112.5 457.5 17 25.299982378854633 0cd913fa_20240702_152700.data
97.5 457.5 17 25.299982378854633 0cd913fa_20240702_152724.data
82.5 457.5 17 25.419136563876656 0cd913fa_20240702_152748.data
67.5 457.5 17 25.419136563876656 0cd913fa_20240702_152812.data
52.5 457.5 17 25.299982378854633 0cd913fa_20240702_152836.data
37.5 457.5 17 25.419136563876656 0cd913fa_20240702_152900.data
22.5 457.5 17 25.419136563876656 0cd913fa_20240702_152924.data
7.5 457.5 17 25.419136563876656 0cd913fa_20240702_152948.data
7.5 472.5 17 25.419136563876656 0cd913fa_20240702_153012.data
22.5 472.5 17 25.419136563876656 0cd913fa_20240702_153036.data
37.5 472.5 17 25.419136563876656 0cd913fa_20240702_153100.data
52.5 472.5 17 25.419136563876656 0cd913fa_20240702_153124.data
67.5 472.5 17 25.299982378854633 0cd913fa_20240702_153148.data
82.5 472.5 17 25.419136563876656 0cd913fa_20240702_153212.data
97.5 472.5 17 25.419136563876656 0cd913fa_20240702_153236.data
112.5 472.5 17 25.419136563876656 0cd913fa_20240702_153300.data
127.5 472.5 17 25.299982378854633 0cd913fa_20240702_153324.data
142.5 472.5 17 25.419136563876656 0cd913fa_20240702_153348.data
157.5 472.5 17 25.419136563876656 0cd913fa_20240702_153412.data
172.5 472.5 17 25.419136563876656 0cd913fa_20240702_153436.data
187.5 472.5 17 25.419136563876656 0cd913fa_20240702_153500.data
202.5 472.5 17 25.419136563876656 0cd913fa_20240702_153524.data
217.5 472.5 17 25.419136563876656 0cd913fa_20240702_153548.data
232.5 472.5 17 25.419136563876656 0cd913fa_20240702_153612.data
247.5 472.5 17 25.419136563876656 0cd913fa_20240702_153636.data
262.5 472.5 17 25.419136563876656 0cd913fa_20240702_153700.data
277.5 472.5 17 25.419136563876656 0cd913fa_20240702_153724.data
292.5 472.5 17 25.419136563876656 0cd913fa_20240702_153748.data
