-51 -17 -1 25.06022466960353 0cd913fa_20240626_140735.data
34.400000000000006 34.4 17 24.948500000000003 0cd913fa_20240626_140812.data
103.19999999999999 34.4 17 24.948500000000003 0cd913fa_20240626_140836.data
172.0 34.4 17 25.06022466960353 0cd913fa_20240626_140900.data
240.8 34.4 17 24.948500000000003 0cd913fa_20240626_140924.data
240.8 103.19999999999999 17 24.948500000000003 0cd913fa_20240626_140948.data
172.0 103.19999999999999 17 24.948500000000003 0cd913fa_20240626_141012.data
103.19999999999999 103.19999999999999 17 24.948500000000003 0cd913fa_20240626_141036.data
34.39999999999999 103.19999999999999 17 25.06022466960353 0cd913fa_20240626_141100.data
34.39999999999999 172.0 17 25.06022466960353 0cd913fa_20240626_141124.data
103.19999999999999 172.0 17 24.948500000000003 0cd913fa_20240626_141148.data
172.0 172.0 17 24.948500000000003 0cd913fa_20240626_141212.data
240.8 172.0 17 25.06022466960353 0cd913fa_20240626_141236.data
240.8 240.8 17 24.948500000000003 0cd913fa_20240626_141300.data
172.0 240.8 17 25.180334801762115 0cd913fa_20240626_141324.data
103.19999999999999 240.8 17 24.948500000000003 0cd913fa_20240626_141348.data
34.39999999999999 240.8 17 24.948500000000003 0cd913fa_20240626_141412.data
34.39999999999999 309.6 17 25.06022466960353 0cd913fa_20240626_141436.data
103.19999999999999 309.6 17 25.06022466960353 0cd913fa_20240626_141500.data
172.0 309.6 17 24.948500000000003 0cd913fa_20240626_141524.data
240.8 309.6 17 24.948500000000003 0cd913fa_20240626_141549.data
240.8 378.40000000000003 17 25.06022466960353 0cd913fa_20240626_141613.data
172.0 378.40000000000003 17 25.06022466960353 0cd913fa_20240626_141636.data
103.19999999999999 378.40000000000003 17 25.06022466960353 0cd913fa_20240626_141701.data
34.39999999999999 378.40000000000003 17 25.06022466960353 0cd913fa_20240626_141725.data
34.400000000000006 431.20000000000005 17 24.948500000000003 0cd913fa_20240626_141909.data
103.19999999999999 431.20000000000005 17 25.06022466960353 0cd913fa_20240626_141933.data
172.0 431.20000000000005 17 24.948500000000003 0cd913fa_20240626_141957.data
240.8 431.20000000000005 17 25.180334801762115 0cd913fa_20240626_142021.data
240.8 500.0 17 25.06022466960353 0cd913fa_20240626_142045.data
172.0 500.0 17 25.06022466960353 0cd913fa_20240626_142109.data
103.19999999999999 500.0 17 25.180334801762115 0cd913fa_20240626_142133.data
34.39999999999999 500.0 17 25.06022466960353 0cd913fa_20240626_142157.data
