-29 0 0 22.35861904761905 0cd913fa_20240216_155948.data
-28 0 0 22.255285714285712 0cd913fa_20240216_160003.data
-27 0 0 22.255285714285712 0cd913fa_20240216_160018.data
-26 0 0 22.255285714285712 0cd913fa_20240216_160033.data
-25 0 0 22.255285714285712 0cd913fa_20240216_160048.data
-24 0 0 22.255285714285712 0cd913fa_20240216_160103.data
-23 0 0 22.255285714285712 0cd913fa_20240216_160118.data
-22 0 0 22.255285714285712 0cd913fa_20240216_160133.data
-21 0 0 22.255285714285712 0cd913fa_20240216_160148.data
-20 0 0 22.255285714285712 0cd913fa_20240216_160203.data
-19 0 0 22.255285714285712 0cd913fa_20240216_160218.data
-18 0 0 22.255285714285712 0cd913fa_20240216_160233.data
-17 0 0 22.255285714285712 0cd913fa_20240216_160248.data
-16 0 0 22.255285714285712 0cd913fa_20240216_160303.data
-15 0 0 22.255285714285712 0cd913fa_20240216_160318.data
-14 0 0 22.255285714285712 0cd913fa_20240216_160333.data
-13 0 0 22.255285714285712 0cd913fa_20240216_160348.data
-12 0 0 22.255285714285712 0cd913fa_20240216_160404.data
-11 0 0 22.255285714285712 0cd913fa_20240216_160419.data
-10 0 0 22.255285714285712 0cd913fa_20240216_160434.data
-9 0 0 22.255285714285712 0cd913fa_20240216_160449.data
-8 0 0 22.255285714285712 0cd913fa_20240216_160504.data
-7 0 0 22.255285714285712 0cd913fa_20240216_160519.data
-6 0 0 22.255285714285712 0cd913fa_20240216_160534.data
-5 0 0 22.255285714285712 0cd913fa_20240216_160549.data
-4 0 0 22.255285714285712 0cd913fa_20240216_160604.data
-3 0 0 22.255285714285712 0cd913fa_20240216_160619.data
-2 0 0 22.255285714285712 0cd913fa_20240216_160634.data
-1 0 0 22.255285714285712 0cd913fa_20240216_160649.data
0 0 0 22.255285714285712 0cd913fa_20240216_160704.data
1 0 0 22.255285714285712 0cd913fa_20240216_160719.data
2 0 0 22.255285714285712 0cd913fa_20240216_160734.data
3 0 0 22.255285714285712 0cd913fa_20240216_160749.data
4 0 0 22.255285714285712 0cd913fa_20240216_160805.data
5 0 0 22.255285714285712 0cd913fa_20240216_160820.data
6 0 0 22.255285714285712 0cd913fa_20240216_160835.data
7 0 0 22.255285714285712 0cd913fa_20240216_160850.data
8 0 0 22.255285714285712 0cd913fa_20240216_160905.data
9 0 0 22.255285714285712 0cd913fa_20240216_160920.data
10 0 0 22.255285714285712 0cd913fa_20240216_160935.data
11 0 0 22.255285714285712 0cd913fa_20240216_160950.data
12 0 0 22.255285714285712 0cd913fa_20240216_161005.data
13 0 0 22.255285714285712 0cd913fa_20240216_161020.data
14 0 0 22.255285714285712 0cd913fa_20240216_161035.data
15 0 0 22.255285714285712 0cd913fa_20240216_161050.data
16 0 0 22.255285714285712 0cd913fa_20240216_161105.data
17 0 0 22.255285714285712 0cd913fa_20240216_161120.data
18 0 0 22.255285714285712 0cd913fa_20240216_161135.data
19 0 0 22.255285714285712 0cd913fa_20240216_161150.data
20 0 0 22.255285714285712 0cd913fa_20240216_161205.data
21 0 0 22.255285714285712 0cd913fa_20240216_161220.data
22 0 0 22.255285714285712 0cd913fa_20240216_161236.data
23 0 0 22.255285714285712 0cd913fa_20240216_161251.data
24 0 0 22.255285714285712 0cd913fa_20240216_161306.data
25 0 0 22.255285714285712 0cd913fa_20240216_161321.data
26 0 0 22.255285714285712 0cd913fa_20240216_161336.data
27 0 0 22.255285714285712 0cd913fa_20240216_161351.data
28 0 0 22.255285714285712 0cd913fa_20240216_161406.data
29 0 0 22.255285714285712 0cd913fa_20240216_161421.data
30 0 0 22.255285714285712 0cd913fa_20240216_161436.data
31 0 0 22.255285714285712 0cd913fa_20240216_161451.data
32 0 0 22.255285714285712 0cd913fa_20240216_161506.data
33 0 0 22.255285714285712 0cd913fa_20240216_161521.data
34 0 0 22.255285714285712 0cd913fa_20240216_161536.data
35 0 0 22.35861904761905 0cd913fa_20240216_161551.data
36 0 0 22.255285714285712 0cd913fa_20240216_161606.data
37 0 0 22.255285714285712 0cd913fa_20240216_161621.data
38 0 0 22.255285714285712 0cd913fa_20240216_161636.data
39 0 0 22.255285714285712 0cd913fa_20240216_161652.data
40 0 0 22.255285714285712 0cd913fa_20240216_161707.data
41 0 0 22.255285714285712 0cd913fa_20240216_161722.data
42 0 0 22.255285714285712 0cd913fa_20240216_161737.data
43 0 0 22.255285714285712 0cd913fa_20240216_161752.data
44 0 0 22.255285714285712 0cd913fa_20240216_161807.data
45 0 0 22.255285714285712 0cd913fa_20240216_161822.data
46 0 0 22.255285714285712 0cd913fa_20240216_161837.data
47 0 0 22.255285714285712 0cd913fa_20240216_161852.data
48 0 0 22.255285714285712 0cd913fa_20240216_161907.data
49 0 0 22.255285714285712 0cd913fa_20240216_161922.data
50 0 0 22.255285714285712 0cd913fa_20240216_161937.data
51 0 0 22.255285714285712 0cd913fa_20240216_161952.data
52 0 0 22.255285714285712 0cd913fa_20240216_162007.data
53 0 0 22.255285714285712 0cd913fa_20240216_162022.data
54 0 0 22.255285714285712 0cd913fa_20240216_162037.data
55 0 0 22.255285714285712 0cd913fa_20240216_162052.data
56 0 0 22.255285714285712 0cd913fa_20240216_162108.data
57 0 0 22.255285714285712 0cd913fa_20240216_162123.data
58 0 0 22.255285714285712 0cd913fa_20240216_162138.data
59 0 0 22.255285714285712 0cd913fa_20240216_162153.data
60 0 0 22.255285714285712 0cd913fa_20240216_162208.data
61 0 0 22.255285714285712 0cd913fa_20240216_162223.data
62 0 0 22.35861904761905 0cd913fa_20240216_162238.data
63 0 0 22.255285714285712 0cd913fa_20240216_162253.data
64 0 0 22.35861904761905 0cd913fa_20240216_162308.data
65 0 0 22.255285714285712 0cd913fa_20240216_162323.data
66 0 0 22.35861904761905 0cd913fa_20240216_162338.data
67 0 0 22.255285714285712 0cd913fa_20240216_162353.data
68 0 0 22.255285714285712 0cd913fa_20240216_162408.data
69 0 0 22.255285714285712 0cd913fa_20240216_162423.data
70 0 0 22.255285714285712 0cd913fa_20240216_162438.data
71 0 0 22.255285714285712 0cd913fa_20240216_162453.data
72 0 0 22.255285714285712 0cd913fa_20240216_162508.data
73 0 0 22.255285714285712 0cd913fa_20240216_162524.data
74 0 0 22.255285714285712 0cd913fa_20240216_162539.data
75 0 0 22.255285714285712 0cd913fa_20240216_162554.data
76 0 0 22.255285714285712 0cd913fa_20240216_162609.data
77 0 0 22.255285714285712 0cd913fa_20240216_162624.data
78 0 0 22.255285714285712 0cd913fa_20240216_162639.data
79 0 0 22.255285714285712 0cd913fa_20240216_162654.data
80 0 0 22.255285714285712 0cd913fa_20240216_162709.data
81 0 0 22.255285714285712 0cd913fa_20240216_162724.data
82 0 0 22.255285714285712 0cd913fa_20240216_162739.data
83 0 0 22.255285714285712 0cd913fa_20240216_162754.data
84 0 0 22.255285714285712 0cd913fa_20240216_162809.data
85 0 0 22.255285714285712 0cd913fa_20240216_162824.data
86 0 0 22.255285714285712 0cd913fa_20240216_162839.data
87 0 0 22.255285714285712 0cd913fa_20240216_162854.data
88 0 0 22.255285714285712 0cd913fa_20240216_162909.data
89 0 0 22.255285714285712 0cd913fa_20240216_162924.data
90 0 0 22.255285714285712 0cd913fa_20240216_162940.data
91 0 0 22.255285714285712 0cd913fa_20240216_162955.data
92 0 0 22.255285714285712 0cd913fa_20240216_163010.data
93 0 0 22.255285714285712 0cd913fa_20240216_163025.data
94 0 0 22.255285714285712 0cd913fa_20240216_163040.data
95 0 0 22.255285714285712 0cd913fa_20240216_163055.data
96 0 0 22.255285714285712 0cd913fa_20240216_163110.data
97 0 0 22.255285714285712 0cd913fa_20240216_163125.data
98 0 0 22.255285714285712 0cd913fa_20240216_163140.data
99 0 0 22.255285714285712 0cd913fa_20240216_163155.data
100 0 0 22.255285714285712 0cd913fa_20240216_163210.data
101 0 0 22.255285714285712 0cd913fa_20240216_163225.data
102 0 0 22.255285714285712 0cd913fa_20240216_163240.data
103 0 0 22.255285714285712 0cd913fa_20240216_163255.data
104 0 0 22.255285714285712 0cd913fa_20240216_163310.data
105 0 0 22.255285714285712 0cd913fa_20240216_163325.data
106 0 0 22.255285714285712 0cd913fa_20240216_163340.data
107 0 0 22.255285714285712 0cd913fa_20240216_163356.data
108 0 0 22.255285714285712 0cd913fa_20240216_163411.data
109 0 0 22.255285714285712 0cd913fa_20240216_163426.data
110 0 0 22.255285714285712 0cd913fa_20240216_163441.data
111 0 0 22.255285714285712 0cd913fa_20240216_163456.data
112 0 0 22.255285714285712 0cd913fa_20240216_163511.data
113 0 0 22.255285714285712 0cd913fa_20240216_163526.data
114 0 0 22.255285714285712 0cd913fa_20240216_163541.data
115 0 0 22.255285714285712 0cd913fa_20240216_163556.data
116 0 0 22.255285714285712 0cd913fa_20240216_163611.data
117 0 0 22.255285714285712 0cd913fa_20240216_163626.data
118 0 0 22.255285714285712 0cd913fa_20240216_163641.data
119 0 0 22.255285714285712 0cd913fa_20240216_163656.data
120 0 0 22.255285714285712 0cd913fa_20240216_163711.data
121 0 0 22.255285714285712 0cd913fa_20240216_163726.data
122 0 0 22.255285714285712 0cd913fa_20240216_163741.data
123 0 0 22.35861904761905 0cd913fa_20240216_163756.data
124 0 0 22.255285714285712 0cd913fa_20240216_163812.data
125 0 0 22.255285714285712 0cd913fa_20240216_163827.data
126 0 0 22.255285714285712 0cd913fa_20240216_163842.data
127 0 0 22.255285714285712 0cd913fa_20240216_163857.data
128 0 0 22.255285714285712 0cd913fa_20240216_163912.data
129 0 0 22.255285714285712 0cd913fa_20240216_163927.data
130 0 0 22.255285714285712 0cd913fa_20240216_163942.data
131 0 0 22.255285714285712 0cd913fa_20240216_163957.data
132 0 0 22.255285714285712 0cd913fa_20240216_164012.data
133 0 0 22.255285714285712 0cd913fa_20240216_164027.data
134 0 0 22.255285714285712 0cd913fa_20240216_164042.data
135 0 0 22.35861904761905 0cd913fa_20240216_164057.data
136 0 0 22.255285714285712 0cd913fa_20240216_164112.data
137 0 0 22.255285714285712 0cd913fa_20240216_164127.data
138 0 0 22.35861904761905 0cd913fa_20240216_164142.data
139 0 0 22.255285714285712 0cd913fa_20240216_164157.data
140 0 0 22.255285714285712 0cd913fa_20240216_164212.data
141 0 0 22.255285714285712 0cd913fa_20240216_164227.data
142 0 0 22.255285714285712 0cd913fa_20240216_164243.data
143 0 0 22.255285714285712 0cd913fa_20240216_164258.data
144 0 0 22.35861904761905 0cd913fa_20240216_164313.data
145 0 0 22.255285714285712 0cd913fa_20240216_164328.data
146 0 0 22.255285714285712 0cd913fa_20240216_164343.data
147 0 0 22.255285714285712 0cd913fa_20240216_164358.data
148 0 0 22.255285714285712 0cd913fa_20240216_164413.data
149 0 0 22.255285714285712 0cd913fa_20240216_164428.data
150 0 0 22.255285714285712 0cd913fa_20240216_164443.data
151 0 0 22.255285714285712 0cd913fa_20240216_164458.data
152 0 0 22.255285714285712 0cd913fa_20240216_164513.data
153 0 0 22.255285714285712 0cd913fa_20240216_164528.data
154 0 0 22.255285714285712 0cd913fa_20240216_164543.data
155 0 0 22.255285714285712 0cd913fa_20240216_164558.data
156 0 0 22.255285714285712 0cd913fa_20240216_164613.data
157 0 0 22.255285714285712 0cd913fa_20240216_164628.data
170 0 0 22.255285714285712 0cd913fa_20240216_164944.data
