-1 -1 -1 24.003973684210532 mpd_20250411_120508.data
10.0 10.0 17 23.8 mpd_20250411_120548.data
30.0 10.0 17 23.902100000000004 mpd_20250411_120613.data
50.0 10.0 17 23.902100000000004 mpd_20250411_120638.data
70.0 10.0 17 24.003973684210532 mpd_20250411_120703.data
90.0 10.0 17 24.1106052631579 mpd_20250411_120728.data
110.0 10.0 17 24.003973684210532 mpd_20250411_120753.data
130.0 10.0 17 23.8 mpd_20250411_120818.data
150.0 10.0 17 23.902100000000004 mpd_20250411_120843.data
170.0 10.0 17 23.8 mpd_20250411_120908.data
190.0 10.0 17 24.1106052631579 mpd_20250411_120933.data
210.0 10.0 17 24.1106052631579 mpd_20250411_120958.data
230.0 10.0 17 24.1106052631579 mpd_20250411_121023.data
250.0 10.0 17 24.003973684210532 mpd_20250411_121048.data
270.0 10.0 17 23.8 mpd_20250411_121113.data
290.0 10.0 17 23.8 mpd_20250411_121138.data
290.0 30.0 17 23.6975 mpd_20250411_121203.data
270.0 30.0 17 24.003973684210532 mpd_20250411_121228.data
250.0 30.0 17 24.1106052631579 mpd_20250411_121253.data
230.0 30.0 17 24.1106052631579 mpd_20250411_121318.data
210.0 30.0 17 24.003973684210532 mpd_20250411_121343.data
190.0 30.0 17 23.902100000000004 mpd_20250411_121408.data
170.0 30.0 17 23.902100000000004 mpd_20250411_121433.data
150.0 30.0 17 24.003973684210532 mpd_20250411_121458.data
130.0 30.0 17 24.003973684210532 mpd_20250411_121523.data
110.0 30.0 17 24.003973684210532 mpd_20250411_121548.data
90.0 30.0 17 24.1106052631579 mpd_20250411_121613.data
70.0 30.0 17 23.8 mpd_20250411_121638.data
50.0 30.0 17 23.8 mpd_20250411_121703.data
30.0 30.0 17 24.003973684210532 mpd_20250411_121728.data
10.0 30.0 17 24.1106052631579 mpd_20250411_121753.data
10.0 50.0 17 24.003973684210532 mpd_20250411_121819.data
30.0 50.0 17 23.6975 mpd_20250411_121844.data
50.0 50.0 17 23.8 mpd_20250411_121909.data
70.0 50.0 17 23.6975 mpd_20250411_121934.data
90.0 50.0 17 23.6975 mpd_20250411_121959.data
110.0 50.0 17 24.003973684210532 mpd_20250411_122024.data
130.0 50.0 17 24.1106052631579 mpd_20250411_122049.data
150.0 50.0 17 24.003973684210532 mpd_20250411_122114.data
170.0 50.0 17 24.003973684210532 mpd_20250411_122139.data
190.0 50.0 17 23.902100000000004 mpd_20250411_122204.data
210.0 50.0 17 24.003973684210532 mpd_20250411_122229.data
230.0 50.0 17 24.1106052631579 mpd_20250411_122254.data
250.0 50.0 17 24.1106052631579 mpd_20250411_122319.data
270.0 50.0 17 24.1106052631579 mpd_20250411_122344.data
290.0 50.0 17 24.003973684210532 mpd_20250411_122409.data
290.0 70.0 17 23.8 mpd_20250411_122434.data
270.0 70.0 17 24.1106052631579 mpd_20250411_122459.data
250.0 70.0 17 24.003973684210532 mpd_20250411_122524.data
230.0 70.0 17 24.003973684210532 mpd_20250411_122549.data
210.0 70.0 17 23.8 mpd_20250411_122614.data
190.0 70.0 17 23.8 mpd_20250411_122639.data
170.0 70.0 17 24.003973684210532 mpd_20250411_122704.data
150.0 70.0 17 24.003973684210532 mpd_20250411_122729.data
130.0 70.0 17 23.8 mpd_20250411_122754.data
110.0 70.0 17 23.8 mpd_20250411_122819.data
90.0 70.0 17 24.003973684210532 mpd_20250411_122844.data
70.0 70.0 17 24.003973684210532 mpd_20250411_122909.data
50.0 70.0 17 24.1106052631579 mpd_20250411_122934.data
30.0 70.0 17 23.902100000000004 mpd_20250411_122959.data
10.0 70.0 17 23.902100000000004 mpd_20250411_123024.data
10.0 90.0 17 24.003973684210532 mpd_20250411_123049.data
30.0 90.0 17 23.902100000000004 mpd_20250411_123114.data
50.0 90.0 17 23.902100000000004 mpd_20250411_123139.data
70.0 90.0 17 24.003973684210532 mpd_20250411_123204.data
90.0 90.0 17 23.902100000000004 mpd_20250411_123229.data
110.0 90.0 17 23.6975 mpd_20250411_123254.data
130.0 90.0 17 23.8 mpd_20250411_123319.data
150.0 90.0 17 23.902100000000004 mpd_20250411_123344.data
170.0 90.0 17 24.003973684210532 mpd_20250411_123409.data
190.0 90.0 17 24.003973684210532 mpd_20250411_123434.data
210.0 90.0 17 23.8 mpd_20250411_123459.data
230.0 90.0 17 24.003973684210532 mpd_20250411_123524.data
250.0 90.0 17 24.003973684210532 mpd_20250411_123549.data
270.0 90.0 17 23.8 mpd_20250411_123614.data
290.0 90.0 17 23.8 mpd_20250411_123639.data
290.0 110.0 17 23.902100000000004 mpd_20250411_123704.data
270.0 110.0 17 24.003973684210532 mpd_20250411_123729.data
250.0 110.0 17 23.902100000000004 mpd_20250411_123754.data
230.0 110.0 17 24.003973684210532 mpd_20250411_123819.data
210.0 110.0 17 24.003973684210532 mpd_20250411_123845.data
190.0 110.0 17 23.8 mpd_20250411_123910.data
170.0 110.0 17 24.003973684210532 mpd_20250411_123935.data
150.0 110.0 17 23.902100000000004 mpd_20250411_124000.data
130.0 110.0 17 23.8 mpd_20250411_124025.data
110.0 110.0 17 24.003973684210532 mpd_20250411_124050.data
90.0 110.0 17 23.8 mpd_20250411_124115.data
70.0 110.0 17 23.902100000000004 mpd_20250411_124140.data
50.0 110.0 17 23.6975 mpd_20250411_124205.data
30.0 110.0 17 24.003973684210532 mpd_20250411_124230.data
10.0 110.0 17 24.003973684210532 mpd_20250411_124255.data
10.0 130.0 17 23.6975 mpd_20250411_124320.data
30.0 130.0 17 23.902100000000004 mpd_20250411_124345.data
50.0 130.0 17 23.8 mpd_20250411_124410.data
70.0 130.0 17 23.902100000000004 mpd_20250411_124435.data
90.0 130.0 17 24.003973684210532 mpd_20250411_124500.data
110.0 130.0 17 23.6975 mpd_20250411_124525.data
130.0 130.0 17 24.003973684210532 mpd_20250411_124550.data
150.0 130.0 17 24.1106052631579 mpd_20250411_124615.data
170.0 130.0 17 23.8 mpd_20250411_124640.data
190.0 130.0 17 24.003973684210532 mpd_20250411_124705.data
210.0 130.0 17 24.003973684210532 mpd_20250411_124730.data
230.0 130.0 17 23.8 mpd_20250411_124755.data
250.0 130.0 17 24.003973684210532 mpd_20250411_124820.data
270.0 130.0 17 23.902100000000004 mpd_20250411_124845.data
290.0 130.0 17 23.8 mpd_20250411_124910.data
290.0 150.0 17 23.902100000000004 mpd_20250411_124935.data
270.0 150.0 17 23.8 mpd_20250411_125000.data
250.0 150.0 17 23.902100000000004 mpd_20250411_125025.data
230.0 150.0 17 23.6975 mpd_20250411_125050.data
210.0 150.0 17 23.8 mpd_20250411_125115.data
190.0 150.0 17 24.003973684210532 mpd_20250411_125140.data
170.0 150.0 17 23.8 mpd_20250411_125205.data
150.0 150.0 17 23.902100000000004 mpd_20250411_125230.data
130.0 150.0 17 24.003973684210532 mpd_20250411_125255.data
110.0 150.0 17 23.902100000000004 mpd_20250411_125320.data
90.0 150.0 17 24.003973684210532 mpd_20250411_125345.data
70.0 150.0 17 24.003973684210532 mpd_20250411_125410.data
50.0 150.0 17 24.003973684210532 mpd_20250411_125435.data
30.0 150.0 17 24.003973684210532 mpd_20250411_125500.data
10.0 150.0 17 24.003973684210532 mpd_20250411_125525.data
10.0 170.0 17 23.8 mpd_20250411_125550.data
30.0 170.0 17 24.003973684210532 mpd_20250411_125615.data
50.0 170.0 17 23.8 mpd_20250411_125640.data
70.0 170.0 17 24.1106052631579 mpd_20250411_125705.data
90.0 170.0 17 23.8 mpd_20250411_125730.data
110.0 170.0 17 23.8 mpd_20250411_125755.data
130.0 170.0 17 23.902100000000004 mpd_20250411_125820.data
150.0 170.0 17 23.8 mpd_20250411_125845.data
170.0 170.0 17 23.6975 mpd_20250411_125910.data
190.0 170.0 17 23.8 mpd_20250411_125935.data
210.0 170.0 17 23.8 mpd_20250411_130001.data
230.0 170.0 17 23.8 mpd_20250411_130026.data
250.0 170.0 17 23.594575 mpd_20250411_130051.data
270.0 170.0 17 23.6975 mpd_20250411_130116.data
290.0 170.0 17 23.594575 mpd_20250411_130141.data
290.0 190.0 17 23.6975 mpd_20250411_130206.data
270.0 190.0 17 23.594575 mpd_20250411_130231.data
250.0 190.0 17 23.6975 mpd_20250411_130256.data
230.0 190.0 17 23.6975 mpd_20250411_130321.data
210.0 190.0 17 23.6975 mpd_20250411_130346.data
190.0 190.0 17 23.594575 mpd_20250411_130411.data
170.0 190.0 17 23.6975 mpd_20250411_130436.data
150.0 190.0 17 23.6975 mpd_20250411_130501.data
130.0 190.0 17 23.6975 mpd_20250411_130526.data
110.0 190.0 17 23.6975 mpd_20250411_130551.data
90.0 190.0 17 23.6975 mpd_20250411_130616.data
70.0 190.0 17 23.8 mpd_20250411_130641.data
50.0 190.0 17 23.8 mpd_20250411_130706.data
30.0 190.0 17 23.8 mpd_20250411_130731.data
10.0 190.0 17 23.8 mpd_20250411_130756.data
10.0 210.0 17 23.6975 mpd_20250411_130821.data
30.0 210.0 17 23.6975 mpd_20250411_130846.data
50.0 210.0 17 23.6975 mpd_20250411_130911.data
70.0 210.0 17 23.594575 mpd_20250411_130936.data
90.0 210.0 17 23.8 mpd_20250411_131001.data
110.0 210.0 17 23.8 mpd_20250411_131026.data
130.0 210.0 17 23.6975 mpd_20250411_131051.data
150.0 210.0 17 23.6975 mpd_20250411_131116.data
170.0 210.0 17 23.6975 mpd_20250411_131141.data
190.0 210.0 17 23.6975 mpd_20250411_131206.data
210.0 210.0 17 23.6975 mpd_20250411_131231.data
230.0 210.0 17 23.6975 mpd_20250411_131256.data
250.0 210.0 17 23.6975 mpd_20250411_131321.data
270.0 210.0 17 23.6975 mpd_20250411_131346.data
290.0 210.0 17 23.6975 mpd_20250411_131411.data
290.0 230.0 17 23.6975 mpd_20250411_131436.data
270.0 230.0 17 23.6975 mpd_20250411_131501.data
250.0 230.0 17 23.6975 mpd_20250411_131526.data
230.0 230.0 17 23.8 mpd_20250411_131551.data
210.0 230.0 17 23.6975 mpd_20250411_131616.data
190.0 230.0 17 23.6975 mpd_20250411_131641.data
170.0 230.0 17 23.6975 mpd_20250411_131706.data
150.0 230.0 17 23.6975 mpd_20250411_131731.data
130.0 230.0 17 23.6975 mpd_20250411_131756.data
110.0 230.0 17 23.6975 mpd_20250411_131821.data
90.0 230.0 17 23.6975 mpd_20250411_131846.data
70.0 230.0 17 23.8 mpd_20250411_131911.data
50.0 230.0 17 23.6975 mpd_20250411_131936.data
30.0 230.0 17 23.6975 mpd_20250411_132001.data
10.0 230.0 17 23.8 mpd_20250411_132026.data
10.0 250.0 17 23.6975 mpd_20250411_132052.data
30.0 250.0 17 23.6975 mpd_20250411_132117.data
50.0 250.0 17 23.6975 mpd_20250411_132142.data
70.0 250.0 17 23.6975 mpd_20250411_132207.data
90.0 250.0 17 23.6975 mpd_20250411_132232.data
110.0 250.0 17 23.6975 mpd_20250411_132257.data
130.0 250.0 17 23.6975 mpd_20250411_132322.data
150.0 250.0 17 23.594575 mpd_20250411_132347.data
170.0 250.0 17 23.6975 mpd_20250411_132412.data
190.0 250.0 17 23.6975 mpd_20250411_132437.data
210.0 250.0 17 23.6975 mpd_20250411_132502.data
230.0 250.0 17 23.6975 mpd_20250411_132527.data
250.0 250.0 17 23.594575 mpd_20250411_132552.data
270.0 250.0 17 23.8 mpd_20250411_132617.data
290.0 250.0 17 23.6975 mpd_20250411_132642.data
290.0 270.0 17 23.6975 mpd_20250411_132707.data
270.0 270.0 17 23.6975 mpd_20250411_132732.data
250.0 270.0 17 23.8 mpd_20250411_132757.data
230.0 270.0 17 23.6975 mpd_20250411_132822.data
210.0 270.0 17 23.6975 mpd_20250411_132847.data
190.0 270.0 17 23.6975 mpd_20250411_132912.data
170.0 270.0 17 23.8 mpd_20250411_132937.data
150.0 270.0 17 23.6975 mpd_20250411_133002.data
130.0 270.0 17 23.6975 mpd_20250411_133027.data
110.0 270.0 17 -1 mpd_20250411_133052.data
90.0 270.0 17 23.8 mpd_20250411_133117.data
70.0 270.0 17 23.6975 mpd_20250411_133142.data
50.0 270.0 17 -1 mpd_20250411_133207.data
30.0 270.0 17 23.6975 mpd_20250411_133232.data
10.0 270.0 17 23.6975 mpd_20250411_133257.data
10.0 290.0 17 -1 mpd_20250411_133322.data
30.0 290.0 17 23.594575 mpd_20250411_133347.data
50.0 290.0 17 23.6975 mpd_20250411_133412.data
70.0 290.0 17 -1 mpd_20250411_133437.data
90.0 290.0 17 23.8 mpd_20250411_133502.data
110.0 290.0 17 23.6975 mpd_20250411_133527.data
130.0 290.0 17 -1 mpd_20250411_133552.data
150.0 290.0 17 23.6975 mpd_20250411_133617.data
170.0 290.0 17 23.902100000000004 mpd_20250411_133642.data
190.0 290.0 17 23.8 mpd_20250411_133707.data
210.0 290.0 17 23.902100000000004 mpd_20250411_133732.data
230.0 290.0 17 23.8 mpd_20250411_133757.data
250.0 290.0 17 23.8 mpd_20250411_133822.data
270.0 290.0 17 23.8 mpd_20250411_133847.data
290.0 290.0 17 23.8 mpd_20250411_133912.data
290.0 310.0 17 23.8 mpd_20250411_133937.data
270.0 310.0 17 23.8 mpd_20250411_134002.data
250.0 310.0 17 23.902100000000004 mpd_20250411_134027.data
230.0 310.0 17 23.8 mpd_20250411_134052.data
210.0 310.0 17 23.8 mpd_20250411_134117.data
190.0 310.0 17 23.8 mpd_20250411_134142.data
170.0 310.0 17 23.8 mpd_20250411_134208.data
150.0 310.0 17 23.902100000000004 mpd_20250411_134233.data
130.0 310.0 17 23.8 mpd_20250411_134258.data
110.0 310.0 17 23.8 mpd_20250411_134323.data
90.0 310.0 17 23.6975 mpd_20250411_134348.data
70.0 310.0 17 23.8 mpd_20250411_134413.data
50.0 310.0 17 23.8 mpd_20250411_134438.data
30.0 310.0 17 23.8 mpd_20250411_134503.data
10.0 310.0 17 23.8 mpd_20250411_134528.data
10.0 330.0 17 24.1106052631579 mpd_20250411_134553.data
30.0 330.0 17 23.8 mpd_20250411_134618.data
50.0 330.0 17 23.8 mpd_20250411_134643.data
70.0 330.0 17 23.8 mpd_20250411_134708.data
90.0 330.0 17 23.8 mpd_20250411_134733.data
110.0 330.0 17 23.8 mpd_20250411_134758.data
130.0 330.0 17 23.8 mpd_20250411_134823.data
150.0 330.0 17 23.8 mpd_20250411_134848.data
170.0 330.0 17 23.902100000000004 mpd_20250411_134913.data
190.0 330.0 17 23.8 mpd_20250411_134938.data
210.0 330.0 17 23.8 mpd_20250411_135003.data
230.0 330.0 17 23.902100000000004 mpd_20250411_135028.data
250.0 330.0 17 23.8 mpd_20250411_135053.data
270.0 330.0 17 23.902100000000004 mpd_20250411_135118.data
290.0 330.0 17 23.8 mpd_20250411_135143.data
10.0 350.0 17 23.8 mpd_20250411_140650.data
30.0 350.0 17 23.8 mpd_20250411_140715.data
50.0 350.0 17 23.8 mpd_20250411_140740.data
70.0 350.0 17 23.902100000000004 mpd_20250411_140805.data
90.0 350.0 17 23.8 mpd_20250411_140830.data
110.0 350.0 17 23.8 mpd_20250411_140855.data
130.0 350.0 17 23.8 mpd_20250411_140920.data
150.0 350.0 17 23.8 mpd_20250411_140945.data
170.0 350.0 17 23.6975 mpd_20250411_141010.data
190.0 350.0 17 23.902100000000004 mpd_20250411_141035.data
210.0 350.0 17 23.902100000000004 mpd_20250411_141100.data
230.0 350.0 17 23.8 mpd_20250411_141125.data
250.0 350.0 17 23.902100000000004 mpd_20250411_141150.data
270.0 350.0 17 23.8 mpd_20250411_141215.data
290.0 350.0 17 23.902100000000004 mpd_20250411_141240.data
290.0 370.0 17 23.902100000000004 mpd_20250411_141305.data
270.0 370.0 17 23.8 mpd_20250411_141330.data
250.0 370.0 17 23.8 mpd_20250411_141355.data
230.0 370.0 17 23.8 mpd_20250411_141420.data
210.0 370.0 17 23.8 mpd_20250411_141445.data
190.0 370.0 17 23.8 mpd_20250411_141510.data
170.0 370.0 17 23.8 mpd_20250411_141535.data
150.0 370.0 17 23.6975 mpd_20250411_141600.data
130.0 370.0 17 23.8 mpd_20250411_141625.data
110.0 370.0 17 23.8 mpd_20250411_141650.data
90.0 370.0 17 23.8 mpd_20250411_141715.data
70.0 370.0 17 23.8 mpd_20250411_141740.data
50.0 370.0 17 23.8 mpd_20250411_141805.data
30.0 370.0 17 23.8 mpd_20250411_141830.data
10.0 370.0 17 23.8 mpd_20250411_141856.data
10.0 390.0 17 23.902100000000004 mpd_20250411_141921.data
30.0 390.0 17 23.8 mpd_20250411_141946.data
50.0 390.0 17 23.8 mpd_20250411_142011.data
70.0 390.0 17 23.8 mpd_20250411_142036.data
90.0 390.0 17 23.8 mpd_20250411_142101.data
110.0 390.0 17 23.8 mpd_20250411_142126.data
130.0 390.0 17 23.8 mpd_20250411_142151.data
150.0 390.0 17 23.8 mpd_20250411_142216.data
170.0 390.0 17 23.8 mpd_20250411_142241.data
190.0 390.0 17 23.8 mpd_20250411_142306.data
210.0 390.0 17 23.8 mpd_20250411_142331.data
230.0 390.0 17 23.6975 mpd_20250411_142356.data
250.0 390.0 17 23.902100000000004 mpd_20250411_142421.data
270.0 390.0 17 23.8 mpd_20250411_142446.data
290.0 390.0 17 23.8 mpd_20250411_142511.data
290.0 410.0 17 23.8 mpd_20250411_142536.data
270.0 410.0 17 23.8 mpd_20250411_142601.data
250.0 410.0 17 23.8 mpd_20250411_142626.data
230.0 410.0 17 23.8 mpd_20250411_142651.data
210.0 410.0 17 23.902100000000004 mpd_20250411_142716.data
190.0 410.0 17 23.8 mpd_20250411_142741.data
170.0 410.0 17 23.8 mpd_20250411_142806.data
150.0 410.0 17 23.8 mpd_20250411_142831.data
130.0 410.0 17 23.902100000000004 mpd_20250411_142856.data
110.0 410.0 17 23.902100000000004 mpd_20250411_142921.data
90.0 410.0 17 23.8 mpd_20250411_142946.data
70.0 410.0 17 23.8 mpd_20250411_143011.data
50.0 410.0 17 23.8 mpd_20250411_143036.data
30.0 410.0 17 23.902100000000004 mpd_20250411_143101.data
10.0 410.0 17 23.902100000000004 mpd_20250411_143126.data
10.0 430.0 17 23.8 mpd_20250411_143151.data
30.0 430.0 17 23.8 mpd_20250411_143216.data
50.0 430.0 17 23.8 mpd_20250411_143241.data
70.0 430.0 17 23.8 mpd_20250411_143306.data
90.0 430.0 17 23.8 mpd_20250411_143331.data
110.0 430.0 17 23.594575 mpd_20250411_143356.data
130.0 430.0 17 23.8 mpd_20250411_143421.data
150.0 430.0 17 23.902100000000004 mpd_20250411_143446.data
170.0 430.0 17 23.8 mpd_20250411_143511.data
190.0 430.0 17 23.8 mpd_20250411_143536.data
210.0 430.0 17 23.8 mpd_20250411_143601.data
230.0 430.0 17 23.902100000000004 mpd_20250411_143626.data
250.0 430.0 17 23.8 mpd_20250411_143651.data
270.0 430.0 17 23.8 mpd_20250411_143716.data
290.0 430.0 17 23.8 mpd_20250411_143741.data
290.0 450.0 17 23.8 mpd_20250411_143806.data
270.0 450.0 17 23.902100000000004 mpd_20250411_143831.data
250.0 450.0 17 23.8 mpd_20250411_143856.data
230.0 450.0 17 23.8 mpd_20250411_143921.data
210.0 450.0 17 23.8 mpd_20250411_143946.data
190.0 450.0 17 23.8 mpd_20250411_144012.data
170.0 450.0 17 23.902100000000004 mpd_20250411_144037.data
150.0 450.0 17 23.8 mpd_20250411_144102.data
130.0 450.0 17 23.8 mpd_20250411_144127.data
110.0 450.0 17 23.8 mpd_20250411_144152.data
90.0 450.0 17 23.8 mpd_20250411_144217.data
70.0 450.0 17 23.902100000000004 mpd_20250411_144242.data
50.0 450.0 17 23.8 mpd_20250411_144307.data
30.0 450.0 17 23.8 mpd_20250411_144332.data
10.0 450.0 17 23.8 mpd_20250411_144357.data
10.0 470.0 17 23.902100000000004 mpd_20250411_144422.data
30.0 470.0 17 23.902100000000004 mpd_20250411_144447.data
50.0 470.0 17 23.8 mpd_20250411_144512.data
70.0 470.0 17 23.8 mpd_20250411_144537.data
90.0 470.0 17 23.902100000000004 mpd_20250411_144602.data
110.0 470.0 17 23.8 mpd_20250411_144627.data
130.0 470.0 17 23.8 mpd_20250411_144652.data
150.0 470.0 17 23.902100000000004 mpd_20250411_144717.data
170.0 470.0 17 23.902100000000004 mpd_20250411_144742.data
190.0 470.0 17 23.8 mpd_20250411_144807.data
210.0 470.0 17 23.6975 mpd_20250411_144832.data
230.0 470.0 17 23.8 mpd_20250411_144857.data
250.0 470.0 17 23.8 mpd_20250411_144922.data
270.0 470.0 17 23.902100000000004 mpd_20250411_144947.data
290.0 470.0 17 23.6975 mpd_20250411_145012.data
