-1 -1 -1 22.767738095238098 mpd_20250410_092754.data
10.0 10.0 17 22.969809523809523 mpd_20250410_092834.data
30.0 10.0 17 22.767738095238098 mpd_20250410_092859.data
50.0 10.0 17 22.868976190476186 mpd_20250410_092924.data
70.0 10.0 17 22.969809523809523 mpd_20250410_092949.data
90.0 10.0 17 22.969809523809523 mpd_20250410_093014.data
110.0 10.0 17 22.969809523809523 mpd_20250410_093039.data
130.0 10.0 17 22.868976190476186 mpd_20250410_093104.data
150.0 10.0 17 22.868976190476186 mpd_20250410_093129.data
170.0 10.0 17 22.868976190476186 mpd_20250410_093154.data
190.0 10.0 17 22.969809523809523 mpd_20250410_093219.data
210.0 10.0 17 22.969809523809523 mpd_20250410_093244.data
230.0 10.0 17 22.969809523809523 mpd_20250410_093309.data
250.0 10.0 17 22.868976190476186 mpd_20250410_093334.data
270.0 10.0 17 22.767738095238098 mpd_20250410_093359.data
290.0 10.0 17 22.969809523809523 mpd_20250410_093424.data
290.0 30.0 17 22.868976190476186 mpd_20250410_093449.data
270.0 30.0 17 22.969809523809523 mpd_20250410_093514.data
250.0 30.0 17 22.868976190476186 mpd_20250410_093539.data
230.0 30.0 17 22.969809523809523 mpd_20250410_093604.data
210.0 30.0 17 22.969809523809523 mpd_20250410_093629.data
190.0 30.0 17 22.868976190476186 mpd_20250410_093654.data
170.0 30.0 17 22.969809523809523 mpd_20250410_093719.data
150.0 30.0 17 22.868976190476186 mpd_20250410_093744.data
130.0 30.0 17 22.969809523809523 mpd_20250410_093809.data
110.0 30.0 17 22.969809523809523 mpd_20250410_093834.data
90.0 30.0 17 22.868976190476186 mpd_20250410_093859.data
70.0 30.0 17 22.969809523809523 mpd_20250410_093925.data
50.0 30.0 17 22.868976190476186 mpd_20250410_093950.data
30.0 30.0 17 22.868976190476186 mpd_20250410_094015.data
10.0 30.0 17 22.969809523809523 mpd_20250410_094040.data
10.0 50.0 17 22.868976190476186 mpd_20250410_094105.data
30.0 50.0 17 22.868976190476186 mpd_20250410_094130.data
50.0 50.0 17 22.868976190476186 mpd_20250410_094155.data
70.0 50.0 17 22.868976190476186 mpd_20250410_094220.data
90.0 50.0 17 22.868976190476186 mpd_20250410_094245.data
110.0 50.0 17 22.868976190476186 mpd_20250410_094310.data
130.0 50.0 17 22.868976190476186 mpd_20250410_094335.data
150.0 50.0 17 22.868976190476186 mpd_20250410_094400.data
170.0 50.0 17 22.969809523809523 mpd_20250410_094425.data
190.0 50.0 17 22.969809523809523 mpd_20250410_094450.data
210.0 50.0 17 22.969809523809523 mpd_20250410_094515.data
230.0 50.0 17 22.969809523809523 mpd_20250410_094540.data
250.0 50.0 17 22.969809523809523 mpd_20250410_094605.data
270.0 50.0 17 22.969809523809523 mpd_20250410_094630.data
290.0 50.0 17 22.969809523809523 mpd_20250410_094655.data
290.0 70.0 17 22.969809523809523 mpd_20250410_094720.data
270.0 70.0 17 22.969809523809523 mpd_20250410_094745.data
250.0 70.0 17 22.868976190476186 mpd_20250410_094810.data
230.0 70.0 17 22.969809523809523 mpd_20250410_094835.data
210.0 70.0 17 22.868976190476186 mpd_20250410_094900.data
190.0 70.0 17 22.969809523809523 mpd_20250410_094925.data
170.0 70.0 17 23.073725 mpd_20250410_094950.data
150.0 70.0 17 22.969809523809523 mpd_20250410_095015.data
130.0 70.0 17 22.868976190476186 mpd_20250410_095040.data
110.0 70.0 17 22.868976190476186 mpd_20250410_095105.data
90.0 70.0 17 22.969809523809523 mpd_20250410_095130.data
70.0 70.0 17 22.868976190476186 mpd_20250410_095155.data
50.0 70.0 17 22.868976190476186 mpd_20250410_095220.data
30.0 70.0 17 22.969809523809523 mpd_20250410_095245.data
10.0 70.0 17 22.969809523809523 mpd_20250410_095310.data
10.0 90.0 17 22.969809523809523 mpd_20250410_095335.data
30.0 90.0 17 22.868976190476186 mpd_20250410_095400.data
50.0 90.0 17 22.868976190476186 mpd_20250410_095425.data
70.0 90.0 17 22.868976190476186 mpd_20250410_095450.data
90.0 90.0 17 22.969809523809523 mpd_20250410_095515.data
110.0 90.0 17 22.868976190476186 mpd_20250410_095540.data
130.0 90.0 17 22.969809523809523 mpd_20250410_095605.data
150.0 90.0 17 22.868976190476186 mpd_20250410_095630.data
170.0 90.0 17 22.868976190476186 mpd_20250410_095655.data
190.0 90.0 17 22.868976190476186 mpd_20250410_095720.data
210.0 90.0 17 22.868976190476186 mpd_20250410_095745.data
230.0 90.0 17 22.969809523809523 mpd_20250410_095810.data
250.0 90.0 17 22.969809523809523 mpd_20250410_095835.data
270.0 90.0 17 22.868976190476186 mpd_20250410_095900.data
290.0 90.0 17 22.969809523809523 mpd_20250410_095925.data
290.0 110.0 17 22.969809523809523 mpd_20250410_095950.data
270.0 110.0 17 22.969809523809523 mpd_20250410_100016.data
250.0 110.0 17 23.178749999999997 mpd_20250410_100041.data
230.0 110.0 17 22.868976190476186 mpd_20250410_100106.data
210.0 110.0 17 22.969809523809523 mpd_20250410_100131.data
190.0 110.0 17 22.969809523809523 mpd_20250410_100156.data
170.0 110.0 17 22.868976190476186 mpd_20250410_100221.data
150.0 110.0 17 22.767738095238098 mpd_20250410_100246.data
130.0 110.0 17 22.868976190476186 mpd_20250410_100311.data
110.0 110.0 17 22.969809523809523 mpd_20250410_100336.data
90.0 110.0 17 22.868976190476186 mpd_20250410_100401.data
70.0 110.0 17 22.969809523809523 mpd_20250410_100426.data
50.0 110.0 17 22.969809523809523 mpd_20250410_100451.data
30.0 110.0 17 22.969809523809523 mpd_20250410_100516.data
10.0 110.0 17 22.868976190476186 mpd_20250410_100541.data
10.0 130.0 17 22.868976190476186 mpd_20250410_100606.data
30.0 130.0 17 22.868976190476186 mpd_20250410_100631.data
50.0 130.0 17 22.969809523809523 mpd_20250410_100656.data
70.0 130.0 17 22.868976190476186 mpd_20250410_100721.data
90.0 130.0 17 22.868976190476186 mpd_20250410_100746.data
110.0 130.0 17 22.969809523809523 mpd_20250410_100811.data
130.0 130.0 17 22.868976190476186 mpd_20250410_100836.data
150.0 130.0 17 22.969809523809523 mpd_20250410_100901.data
170.0 130.0 17 22.868976190476186 mpd_20250410_100926.data
190.0 130.0 17 22.868976190476186 mpd_20250410_100951.data
210.0 130.0 17 22.868976190476186 mpd_20250410_101016.data
230.0 130.0 17 22.969809523809523 mpd_20250410_101041.data
250.0 130.0 17 22.969809523809523 mpd_20250410_101106.data
270.0 130.0 17 22.969809523809523 mpd_20250410_101131.data
290.0 130.0 17 22.868976190476186 mpd_20250410_101156.data
290.0 150.0 17 22.969809523809523 mpd_20250410_101221.data
270.0 150.0 17 22.868976190476186 mpd_20250410_101246.data
250.0 150.0 17 22.969809523809523 mpd_20250410_101311.data
230.0 150.0 17 22.969809523809523 mpd_20250410_101336.data
210.0 150.0 17 22.969809523809523 mpd_20250410_101401.data
190.0 150.0 17 22.868976190476186 mpd_20250410_101426.data
170.0 150.0 17 22.969809523809523 mpd_20250410_101451.data
150.0 150.0 17 22.969809523809523 mpd_20250410_101516.data
130.0 150.0 17 22.969809523809523 mpd_20250410_101541.data
110.0 150.0 17 22.969809523809523 mpd_20250410_101606.data
90.0 150.0 17 22.868976190476186 mpd_20250410_101631.data
70.0 150.0 17 22.969809523809523 mpd_20250410_101656.data
50.0 150.0 17 22.868976190476186 mpd_20250410_101721.data
30.0 150.0 17 22.969809523809523 mpd_20250410_101746.data
10.0 150.0 17 22.969809523809523 mpd_20250410_101811.data
10.0 170.0 17 22.969809523809523 mpd_20250410_101836.data
30.0 170.0 17 22.969809523809523 mpd_20250410_101901.data
50.0 170.0 17 22.868976190476186 mpd_20250410_101926.data
70.0 170.0 17 22.969809523809523 mpd_20250410_101951.data
90.0 170.0 17 22.868976190476186 mpd_20250410_102016.data
110.0 170.0 17 22.969809523809523 mpd_20250410_102041.data
130.0 170.0 17 22.969809523809523 mpd_20250410_102107.data
150.0 170.0 17 22.969809523809523 mpd_20250410_102132.data
170.0 170.0 17 22.969809523809523 mpd_20250410_102157.data
190.0 170.0 17 22.868976190476186 mpd_20250410_102222.data
210.0 170.0 17 22.868976190476186 mpd_20250410_102247.data
230.0 170.0 17 22.868976190476186 mpd_20250410_102312.data
250.0 170.0 17 22.868976190476186 mpd_20250410_102337.data
270.0 170.0 17 22.868976190476186 mpd_20250410_102402.data
290.0 170.0 17 22.868976190476186 mpd_20250410_102427.data
290.0 190.0 17 22.969809523809523 mpd_20250410_102452.data
270.0 190.0 17 22.969809523809523 mpd_20250410_102517.data
250.0 190.0 17 22.969809523809523 mpd_20250410_102542.data
230.0 190.0 17 22.969809523809523 mpd_20250410_102607.data
210.0 190.0 17 22.969809523809523 mpd_20250410_102632.data
190.0 190.0 17 22.969809523809523 mpd_20250410_102657.data
170.0 190.0 17 22.969809523809523 mpd_20250410_102722.data
150.0 190.0 17 22.868976190476186 mpd_20250410_102747.data
130.0 190.0 17 22.868976190476186 mpd_20250410_102812.data
110.0 190.0 17 22.868976190476186 mpd_20250410_102837.data
90.0 190.0 17 22.969809523809523 mpd_20250410_102902.data
70.0 190.0 17 22.969809523809523 mpd_20250410_102927.data
50.0 190.0 17 22.868976190476186 mpd_20250410_102952.data
30.0 190.0 17 22.868976190476186 mpd_20250410_103017.data
10.0 190.0 17 22.969809523809523 mpd_20250410_103042.data
10.0 210.0 17 22.868976190476186 mpd_20250410_103107.data
30.0 210.0 17 22.969809523809523 mpd_20250410_103132.data
50.0 210.0 17 22.868976190476186 mpd_20250410_103157.data
70.0 210.0 17 22.969809523809523 mpd_20250410_103222.data
90.0 210.0 17 22.969809523809523 mpd_20250410_103247.data
110.0 210.0 17 22.969809523809523 mpd_20250410_103312.data
130.0 210.0 17 22.969809523809523 mpd_20250410_103337.data
150.0 210.0 17 22.868976190476186 mpd_20250410_103402.data
170.0 210.0 17 22.969809523809523 mpd_20250410_103427.data
190.0 210.0 17 22.868976190476186 mpd_20250410_103452.data
210.0 210.0 17 23.073725 mpd_20250410_103517.data
230.0 210.0 17 22.868976190476186 mpd_20250410_103542.data
250.0 210.0 17 22.969809523809523 mpd_20250410_103607.data
270.0 210.0 17 22.969809523809523 mpd_20250410_103632.data
290.0 210.0 17 22.868976190476186 mpd_20250410_103657.data
290.0 230.0 17 22.868976190476186 mpd_20250410_103722.data
270.0 230.0 17 22.868976190476186 mpd_20250410_103747.data
250.0 230.0 17 22.969809523809523 mpd_20250410_103812.data
230.0 230.0 17 22.868976190476186 mpd_20250410_103837.data
210.0 230.0 17 22.969809523809523 mpd_20250410_103902.data
190.0 230.0 17 22.969809523809523 mpd_20250410_103927.data
170.0 230.0 17 22.969809523809523 mpd_20250410_103952.data
150.0 230.0 17 22.969809523809523 mpd_20250410_104017.data
130.0 230.0 17 22.969809523809523 mpd_20250410_104042.data
110.0 230.0 17 22.969809523809523 mpd_20250410_104107.data
90.0 230.0 17 22.969809523809523 mpd_20250410_104132.data
70.0 230.0 17 22.969809523809523 mpd_20250410_104158.data
50.0 230.0 17 22.969809523809523 mpd_20250410_104223.data
30.0 230.0 17 22.969809523809523 mpd_20250410_104248.data
10.0 230.0 17 22.868976190476186 mpd_20250410_104313.data
10.0 250.0 17 22.868976190476186 mpd_20250410_104338.data
30.0 250.0 17 23.073725 mpd_20250410_104403.data
50.0 250.0 17 22.969809523809523 mpd_20250410_104428.data
70.0 250.0 17 22.868976190476186 mpd_20250410_104453.data
90.0 250.0 17 22.868976190476186 mpd_20250410_104518.data
110.0 250.0 17 22.969809523809523 mpd_20250410_104543.data
130.0 250.0 17 22.969809523809523 mpd_20250410_104608.data
150.0 250.0 17 22.969809523809523 mpd_20250410_104633.data
170.0 250.0 17 22.969809523809523 mpd_20250410_104658.data
190.0 250.0 17 22.868976190476186 mpd_20250410_104723.data
210.0 250.0 17 22.969809523809523 mpd_20250410_104748.data
230.0 250.0 17 22.969809523809523 mpd_20250410_104813.data
250.0 250.0 17 22.969809523809523 mpd_20250410_104838.data
270.0 250.0 17 22.868976190476186 mpd_20250410_104903.data
290.0 250.0 17 22.969809523809523 mpd_20250410_104928.data
290.0 270.0 17 22.969809523809523 mpd_20250410_104953.data
270.0 270.0 17 22.868976190476186 mpd_20250410_105018.data
250.0 270.0 17 22.868976190476186 mpd_20250410_105043.data
230.0 270.0 17 22.969809523809523 mpd_20250410_105108.data
210.0 270.0 17 22.868976190476186 mpd_20250410_105133.data
190.0 270.0 17 22.868976190476186 mpd_20250410_105158.data
170.0 270.0 17 22.868976190476186 mpd_20250410_105223.data
150.0 270.0 17 22.969809523809523 mpd_20250410_105248.data
130.0 270.0 17 22.969809523809523 mpd_20250410_105313.data
110.0 270.0 17 -1 mpd_20250410_105338.data
90.0 270.0 17 22.868976190476186 mpd_20250410_105403.data
70.0 270.0 17 22.969809523809523 mpd_20250410_105428.data
50.0 270.0 17 -1 mpd_20250410_105453.data
30.0 270.0 17 22.868976190476186 mpd_20250410_105518.data
10.0 270.0 17 23.073725 mpd_20250410_105543.data
10.0 290.0 17 -1 mpd_20250410_105608.data
30.0 290.0 17 22.969809523809523 mpd_20250410_105633.data
50.0 290.0 17 22.969809523809523 mpd_20250410_105658.data
70.0 290.0 17 -1 mpd_20250410_105723.data
90.0 290.0 17 22.969809523809523 mpd_20250410_105748.data
110.0 290.0 17 23.073725 mpd_20250410_105813.data
130.0 290.0 17 -1 mpd_20250410_105838.data
150.0 290.0 17 23.283325 mpd_20250410_105903.data
170.0 290.0 17 23.178749999999997 mpd_20250410_105928.data
190.0 290.0 17 23.283325 mpd_20250410_105953.data
210.0 290.0 17 23.283325 mpd_20250410_110018.data
230.0 290.0 17 23.283325 mpd_20250410_110043.data
250.0 290.0 17 23.283325 mpd_20250410_110108.data
270.0 290.0 17 23.283325 mpd_20250410_110133.data
290.0 290.0 17 23.283325 mpd_20250410_110158.data
290.0 310.0 17 23.283325 mpd_20250410_110223.data
270.0 310.0 17 23.283325 mpd_20250410_110248.data
250.0 310.0 17 23.283325 mpd_20250410_110314.data
230.0 310.0 17 23.178749999999997 mpd_20250410_110338.data
210.0 310.0 17 23.283325 mpd_20250410_110404.data
190.0 310.0 17 23.283325 mpd_20250410_110429.data
170.0 310.0 17 23.283325 mpd_20250410_110454.data
150.0 310.0 17 23.283325 mpd_20250410_110519.data
130.0 310.0 17 23.283325 mpd_20250410_110544.data
110.0 310.0 17 23.283325 mpd_20250410_110609.data
90.0 310.0 17 23.283325 mpd_20250410_110634.data
70.0 310.0 17 23.283325 mpd_20250410_110659.data
50.0 310.0 17 23.283325 mpd_20250410_110724.data
30.0 310.0 17 23.178749999999997 mpd_20250410_110749.data
10.0 310.0 17 23.283325 mpd_20250410_110814.data
10.0 330.0 17 23.178749999999997 mpd_20250410_110839.data
30.0 330.0 17 23.283325 mpd_20250410_110904.data
50.0 330.0 17 23.178749999999997 mpd_20250410_110929.data
70.0 330.0 17 23.178749999999997 mpd_20250410_110954.data
90.0 330.0 17 23.283325 mpd_20250410_111019.data
110.0 330.0 17 23.178749999999997 mpd_20250410_111044.data
130.0 330.0 17 23.283325 mpd_20250410_111109.data
150.0 330.0 17 23.283325 mpd_20250410_111134.data
170.0 330.0 17 23.283325 mpd_20250410_111159.data
190.0 330.0 17 23.283325 mpd_20250410_111224.data
210.0 330.0 17 23.178749999999997 mpd_20250410_111249.data
230.0 330.0 17 23.49125 mpd_20250410_111314.data
250.0 330.0 17 23.3875 mpd_20250410_111339.data
270.0 330.0 17 23.3875 mpd_20250410_111404.data
290.0 330.0 17 23.3875 mpd_20250410_111429.data
10.0 350.0 17 23.283325 mpd_20250410_111925.data
30.0 350.0 17 23.283325 mpd_20250410_111950.data
50.0 350.0 17 23.178749999999997 mpd_20250410_112015.data
70.0 350.0 17 23.283325 mpd_20250410_112040.data
90.0 350.0 17 23.178749999999997 mpd_20250410_112105.data
110.0 350.0 17 23.283325 mpd_20250410_112130.data
130.0 350.0 17 23.49125 mpd_20250410_112155.data
150.0 350.0 17 23.283325 mpd_20250410_112220.data
170.0 350.0 17 23.178749999999997 mpd_20250410_112245.data
190.0 350.0 17 23.283325 mpd_20250410_112310.data
210.0 350.0 17 23.178749999999997 mpd_20250410_112335.data
230.0 350.0 17 23.49125 mpd_20250410_112400.data
250.0 350.0 17 23.283325 mpd_20250410_112425.data
270.0 350.0 17 23.3875 mpd_20250410_112450.data
290.0 350.0 17 23.283325 mpd_20250410_112515.data
290.0 370.0 17 23.283325 mpd_20250410_112540.data
270.0 370.0 17 23.283325 mpd_20250410_112605.data
250.0 370.0 17 23.283325 mpd_20250410_112630.data
230.0 370.0 17 23.283325 mpd_20250410_112655.data
210.0 370.0 17 23.283325 mpd_20250410_112720.data
190.0 370.0 17 23.283325 mpd_20250410_112745.data
170.0 370.0 17 23.3875 mpd_20250410_112810.data
150.0 370.0 17 23.178749999999997 mpd_20250410_112835.data
130.0 370.0 17 23.283325 mpd_20250410_112900.data
110.0 370.0 17 23.283325 mpd_20250410_112925.data
90.0 370.0 17 23.283325 mpd_20250410_112950.data
70.0 370.0 17 23.283325 mpd_20250410_113015.data
50.0 370.0 17 23.283325 mpd_20250410_113040.data
30.0 370.0 17 23.3875 mpd_20250410_113106.data
10.0 370.0 17 23.178749999999997 mpd_20250410_113131.data
10.0 390.0 17 23.178749999999997 mpd_20250410_113156.data
30.0 390.0 17 23.283325 mpd_20250410_113221.data
50.0 390.0 17 23.283325 mpd_20250410_113246.data
70.0 390.0 17 23.3875 mpd_20250410_113311.data
90.0 390.0 17 23.283325 mpd_20250410_113336.data
110.0 390.0 17 23.283325 mpd_20250410_113401.data
130.0 390.0 17 23.283325 mpd_20250410_113426.data
150.0 390.0 17 23.283325 mpd_20250410_113451.data
170.0 390.0 17 23.283325 mpd_20250410_113516.data
190.0 390.0 17 23.283325 mpd_20250410_113541.data
210.0 390.0 17 23.283325 mpd_20250410_113606.data
230.0 390.0 17 23.283325 mpd_20250410_113631.data
250.0 390.0 17 23.283325 mpd_20250410_113656.data
270.0 390.0 17 23.283325 mpd_20250410_113721.data
290.0 390.0 17 23.283325 mpd_20250410_113746.data
290.0 410.0 17 23.283325 mpd_20250410_113811.data
270.0 410.0 17 23.3875 mpd_20250410_113836.data
250.0 410.0 17 23.3875 mpd_20250410_113901.data
230.0 410.0 17 23.283325 mpd_20250410_113926.data
210.0 410.0 17 23.3875 mpd_20250410_113951.data
190.0 410.0 17 23.283325 mpd_20250410_114016.data
170.0 410.0 17 23.283325 mpd_20250410_114041.data
150.0 410.0 17 23.283325 mpd_20250410_114106.data
130.0 410.0 17 23.283325 mpd_20250410_114131.data
110.0 410.0 17 23.283325 mpd_20250410_114156.data
90.0 410.0 17 23.283325 mpd_20250410_114221.data
70.0 410.0 17 23.283325 mpd_20250410_114246.data
50.0 410.0 17 23.283325 mpd_20250410_114311.data
30.0 410.0 17 23.3875 mpd_20250410_114336.data
10.0 410.0 17 23.283325 mpd_20250410_114401.data
10.0 430.0 17 23.283325 mpd_20250410_114426.data
30.0 430.0 17 23.283325 mpd_20250410_114451.data
50.0 430.0 17 23.283325 mpd_20250410_114516.data
70.0 430.0 17 23.283325 mpd_20250410_114541.data
90.0 430.0 17 23.178749999999997 mpd_20250410_114606.data
110.0 430.0 17 23.283325 mpd_20250410_114631.data
130.0 430.0 17 23.178749999999997 mpd_20250410_114656.data
150.0 430.0 17 23.283325 mpd_20250410_114721.data
170.0 430.0 17 23.283325 mpd_20250410_114746.data
190.0 430.0 17 23.3875 mpd_20250410_114811.data
210.0 430.0 17 23.283325 mpd_20250410_114836.data
230.0 430.0 17 23.283325 mpd_20250410_114901.data
250.0 430.0 17 23.283325 mpd_20250410_114926.data
270.0 430.0 17 23.283325 mpd_20250410_114951.data
290.0 430.0 17 23.283325 mpd_20250410_115016.data
290.0 450.0 17 23.3875 mpd_20250410_115041.data
270.0 450.0 17 23.283325 mpd_20250410_115106.data
250.0 450.0 17 23.283325 mpd_20250410_115131.data
230.0 450.0 17 23.3875 mpd_20250410_115156.data
210.0 450.0 17 23.283325 mpd_20250410_115222.data
190.0 450.0 17 23.283325 mpd_20250410_115247.data
170.0 450.0 17 23.283325 mpd_20250410_115312.data
150.0 450.0 17 23.283325 mpd_20250410_115337.data
130.0 450.0 17 23.3875 mpd_20250410_115402.data
110.0 450.0 17 23.3875 mpd_20250410_115427.data
90.0 450.0 17 23.178749999999997 mpd_20250410_115452.data
70.0 450.0 17 23.49125 mpd_20250410_115517.data
50.0 450.0 17 23.178749999999997 mpd_20250410_115542.data
30.0 450.0 17 23.283325 mpd_20250410_115607.data
10.0 450.0 17 23.283325 mpd_20250410_115632.data
10.0 470.0 17 23.283325 mpd_20250410_115657.data
30.0 470.0 17 23.283325 mpd_20250410_115722.data
50.0 470.0 17 23.283325 mpd_20250410_115747.data
70.0 470.0 17 23.283325 mpd_20250410_115812.data
90.0 470.0 17 23.283325 mpd_20250410_115837.data
110.0 470.0 17 23.283325 mpd_20250410_115902.data
130.0 470.0 17 23.283325 mpd_20250410_115927.data
150.0 470.0 17 23.283325 mpd_20250410_115952.data
170.0 470.0 17 23.3875 mpd_20250410_120017.data
190.0 470.0 17 23.283325 mpd_20250410_120042.data
210.0 470.0 17 23.3875 mpd_20250410_120107.data
230.0 470.0 17 23.283325 mpd_20250410_120132.data
250.0 470.0 17 23.283325 mpd_20250410_120157.data
270.0 470.0 17 23.3875 mpd_20250410_120222.data
290.0 470.0 17 23.283325 mpd_20250410_120247.data
