-1 -1 -1 23.594575 mpd_20250410_121224.data
10.0 10.0 17 23.594575 mpd_20250410_121304.data
30.0 10.0 17 23.594575 mpd_20250410_121329.data
50.0 10.0 17 23.594575 mpd_20250410_121354.data
70.0 10.0 17 23.594575 mpd_20250410_121419.data
90.0 10.0 17 23.594575 mpd_20250410_121444.data
110.0 10.0 17 23.594575 mpd_20250410_121509.data
130.0 10.0 17 23.594575 mpd_20250410_121534.data
150.0 10.0 17 23.6975 mpd_20250410_121559.data
170.0 10.0 17 23.594575 mpd_20250410_121624.data
190.0 10.0 17 23.594575 mpd_20250410_121649.data
210.0 10.0 17 23.49125 mpd_20250410_121714.data
230.0 10.0 17 23.49125 mpd_20250410_121739.data
250.0 10.0 17 23.6975 mpd_20250410_121804.data
270.0 10.0 17 23.49125 mpd_20250410_121829.data
290.0 10.0 17 23.594575 mpd_20250410_121854.data
290.0 30.0 17 23.594575 mpd_20250410_121919.data
270.0 30.0 17 23.49125 mpd_20250410_121944.data
250.0 30.0 17 23.49125 mpd_20250410_122009.data
230.0 30.0 17 23.49125 mpd_20250410_122034.data
210.0 30.0 17 23.594575 mpd_20250410_122059.data
190.0 30.0 17 23.49125 mpd_20250410_122124.data
170.0 30.0 17 23.49125 mpd_20250410_122149.data
150.0 30.0 17 23.49125 mpd_20250410_122214.data
130.0 30.0 17 23.49125 mpd_20250410_122239.data
110.0 30.0 17 23.594575 mpd_20250410_122304.data
90.0 30.0 17 23.594575 mpd_20250410_122330.data
70.0 30.0 17 23.8 mpd_20250410_122355.data
50.0 30.0 17 23.902100000000004 mpd_20250410_122420.data
30.0 30.0 17 23.902100000000004 mpd_20250410_122445.data
10.0 30.0 17 23.902100000000004 mpd_20250410_122510.data
10.0 50.0 17 23.49125 mpd_20250410_122535.data
30.0 50.0 17 23.902100000000004 mpd_20250410_122600.data
50.0 50.0 17 23.6975 mpd_20250410_122625.data
70.0 50.0 17 23.6975 mpd_20250410_122650.data
90.0 50.0 17 23.8 mpd_20250410_122715.data
110.0 50.0 17 23.902100000000004 mpd_20250410_122740.data
130.0 50.0 17 23.902100000000004 mpd_20250410_122805.data
150.0 50.0 17 23.902100000000004 mpd_20250410_122830.data
170.0 50.0 17 23.902100000000004 mpd_20250410_122855.data
190.0 50.0 17 23.594575 mpd_20250410_122920.data
210.0 50.0 17 23.6975 mpd_20250410_122945.data
230.0 50.0 17 23.594575 mpd_20250410_123010.data
250.0 50.0 17 23.6975 mpd_20250410_123035.data
270.0 50.0 17 23.6975 mpd_20250410_123100.data
290.0 50.0 17 23.902100000000004 mpd_20250410_123125.data
290.0 70.0 17 23.8 mpd_20250410_123150.data
270.0 70.0 17 23.8 mpd_20250410_123215.data
250.0 70.0 17 23.6975 mpd_20250410_123240.data
230.0 70.0 17 23.8 mpd_20250410_123305.data
210.0 70.0 17 23.49125 mpd_20250410_123330.data
190.0 70.0 17 23.594575 mpd_20250410_123355.data
170.0 70.0 17 23.49125 mpd_20250410_123420.data
150.0 70.0 17 23.594575 mpd_20250410_123445.data
130.0 70.0 17 23.594575 mpd_20250410_123510.data
110.0 70.0 17 23.8 mpd_20250410_123535.data
90.0 70.0 17 23.902100000000004 mpd_20250410_123600.data
70.0 70.0 17 23.6975 mpd_20250410_123625.data
50.0 70.0 17 23.594575 mpd_20250410_123650.data
30.0 70.0 17 23.49125 mpd_20250410_123715.data
10.0 70.0 17 23.6975 mpd_20250410_123740.data
10.0 90.0 17 23.902100000000004 mpd_20250410_123805.data
30.0 90.0 17 23.594575 mpd_20250410_123830.data
50.0 90.0 17 23.8 mpd_20250410_123855.data
70.0 90.0 17 23.8 mpd_20250410_123920.data
90.0 90.0 17 23.902100000000004 mpd_20250410_123945.data
110.0 90.0 17 23.902100000000004 mpd_20250410_124010.data
130.0 90.0 17 23.902100000000004 mpd_20250410_124035.data
150.0 90.0 17 23.8 mpd_20250410_124100.data
170.0 90.0 17 23.902100000000004 mpd_20250410_124125.data
190.0 90.0 17 23.8 mpd_20250410_124150.data
210.0 90.0 17 23.6975 mpd_20250410_124215.data
230.0 90.0 17 23.6975 mpd_20250410_124240.data
250.0 90.0 17 23.49125 mpd_20250410_124305.data
270.0 90.0 17 23.594575 mpd_20250410_124330.data
290.0 90.0 17 23.902100000000004 mpd_20250410_124356.data
290.0 110.0 17 23.902100000000004 mpd_20250410_124421.data
270.0 110.0 17 23.902100000000004 mpd_20250410_124446.data
250.0 110.0 17 23.902100000000004 mpd_20250410_124511.data
230.0 110.0 17 23.8 mpd_20250410_124536.data
210.0 110.0 17 23.6975 mpd_20250410_124601.data
190.0 110.0 17 23.6975 mpd_20250410_124626.data
170.0 110.0 17 23.594575 mpd_20250410_124651.data
150.0 110.0 17 23.594575 mpd_20250410_124716.data
130.0 110.0 17 23.902100000000004 mpd_20250410_124741.data
110.0 110.0 17 23.8 mpd_20250410_124806.data
90.0 110.0 17 23.902100000000004 mpd_20250410_124831.data
70.0 110.0 17 23.8 mpd_20250410_124856.data
50.0 110.0 17 23.6975 mpd_20250410_124921.data
30.0 110.0 17 23.8 mpd_20250410_124946.data
10.0 110.0 17 23.594575 mpd_20250410_125011.data
10.0 130.0 17 23.594575 mpd_20250410_125036.data
30.0 130.0 17 23.594575 mpd_20250410_125101.data
50.0 130.0 17 23.902100000000004 mpd_20250410_125126.data
70.0 130.0 17 23.8 mpd_20250410_125151.data
90.0 130.0 17 23.8 mpd_20250410_125216.data
110.0 130.0 17 23.594575 mpd_20250410_125241.data
130.0 130.0 17 23.49125 mpd_20250410_125306.data
150.0 130.0 17 23.902100000000004 mpd_20250410_125331.data
170.0 130.0 17 23.8 mpd_20250410_125356.data
190.0 130.0 17 23.8 mpd_20250410_125421.data
210.0 130.0 17 23.902100000000004 mpd_20250410_125446.data
230.0 130.0 17 23.902100000000004 mpd_20250410_125511.data
250.0 130.0 17 23.902100000000004 mpd_20250410_125536.data
270.0 130.0 17 23.49125 mpd_20250410_125601.data
290.0 130.0 17 23.594575 mpd_20250410_125626.data
290.0 150.0 17 23.594575 mpd_20250410_125651.data
270.0 150.0 17 23.8 mpd_20250410_125716.data
250.0 150.0 17 23.902100000000004 mpd_20250410_125741.data
230.0 150.0 17 23.902100000000004 mpd_20250410_125806.data
210.0 150.0 17 23.902100000000004 mpd_20250410_125831.data
190.0 150.0 17 23.902100000000004 mpd_20250410_125856.data
170.0 150.0 17 23.594575 mpd_20250410_125921.data
150.0 150.0 17 23.6975 mpd_20250410_125946.data
130.0 150.0 17 23.8 mpd_20250410_130011.data
110.0 150.0 17 23.8 mpd_20250410_130036.data
90.0 150.0 17 23.8 mpd_20250410_130101.data
70.0 150.0 17 23.8 mpd_20250410_130126.data
50.0 150.0 17 23.8 mpd_20250410_130151.data
30.0 150.0 17 23.49125 mpd_20250410_130216.data
10.0 150.0 17 23.49125 mpd_20250410_130241.data
10.0 170.0 17 23.8 mpd_20250410_130306.data
30.0 170.0 17 23.8 mpd_20250410_130331.data
50.0 170.0 17 23.902100000000004 mpd_20250410_130357.data
70.0 170.0 17 23.8 mpd_20250410_130422.data
90.0 170.0 17 23.594575 mpd_20250410_130447.data
110.0 170.0 17 23.6975 mpd_20250410_130512.data
130.0 170.0 17 23.902100000000004 mpd_20250410_130537.data
150.0 170.0 17 23.594575 mpd_20250410_130602.data
170.0 170.0 17 23.594575 mpd_20250410_130627.data
190.0 170.0 17 23.594575 mpd_20250410_130652.data
210.0 170.0 17 23.8 mpd_20250410_130717.data
230.0 170.0 17 23.902100000000004 mpd_20250410_130742.data
250.0 170.0 17 23.8 mpd_20250410_130807.data
270.0 170.0 17 23.594575 mpd_20250410_130832.data
290.0 170.0 17 23.6975 mpd_20250410_130857.data
290.0 190.0 17 23.594575 mpd_20250410_130922.data
270.0 190.0 17 23.8 mpd_20250410_130947.data
250.0 190.0 17 23.8 mpd_20250410_131012.data
230.0 190.0 17 23.6975 mpd_20250410_131037.data
210.0 190.0 17 23.902100000000004 mpd_20250410_131102.data
190.0 190.0 17 23.6975 mpd_20250410_131127.data
170.0 190.0 17 23.594575 mpd_20250410_131152.data
150.0 190.0 17 23.6975 mpd_20250410_131217.data
130.0 190.0 17 23.8 mpd_20250410_131242.data
110.0 190.0 17 23.8 mpd_20250410_131307.data
90.0 190.0 17 23.6975 mpd_20250410_131332.data
70.0 190.0 17 23.8 mpd_20250410_131357.data
50.0 190.0 17 23.8 mpd_20250410_131422.data
30.0 190.0 17 23.8 mpd_20250410_131447.data
10.0 190.0 17 23.594575 mpd_20250410_131512.data
10.0 210.0 17 23.8 mpd_20250410_131537.data
30.0 210.0 17 23.902100000000004 mpd_20250410_131602.data
50.0 210.0 17 23.8 mpd_20250410_131627.data
70.0 210.0 17 23.594575 mpd_20250410_131652.data
90.0 210.0 17 23.6975 mpd_20250410_131717.data
110.0 210.0 17 23.6975 mpd_20250410_131742.data
130.0 210.0 17 23.594575 mpd_20250410_131807.data
150.0 210.0 17 23.6975 mpd_20250410_131832.data
170.0 210.0 17 23.6975 mpd_20250410_131857.data
190.0 210.0 17 23.902100000000004 mpd_20250410_131922.data
210.0 210.0 17 23.6975 mpd_20250410_131947.data
230.0 210.0 17 23.8 mpd_20250410_132012.data
250.0 210.0 17 23.8 mpd_20250410_132037.data
270.0 210.0 17 23.49125 mpd_20250410_132102.data
290.0 210.0 17 23.8 mpd_20250410_132127.data
290.0 230.0 17 23.902100000000004 mpd_20250410_132152.data
270.0 230.0 17 23.6975 mpd_20250410_132217.data
250.0 230.0 17 23.8 mpd_20250410_132242.data
230.0 230.0 17 23.8 mpd_20250410_132307.data
210.0 230.0 17 23.902100000000004 mpd_20250410_132332.data
190.0 230.0 17 23.49125 mpd_20250410_132357.data
170.0 230.0 17 23.8 mpd_20250410_132422.data
150.0 230.0 17 23.8 mpd_20250410_132447.data
130.0 230.0 17 23.902100000000004 mpd_20250410_132512.data
110.0 230.0 17 23.49125 mpd_20250410_132537.data
90.0 230.0 17 23.594575 mpd_20250410_132603.data
70.0 230.0 17 23.6975 mpd_20250410_132628.data
50.0 230.0 17 23.902100000000004 mpd_20250410_132653.data
30.0 230.0 17 23.902100000000004 mpd_20250410_132718.data
10.0 230.0 17 23.902100000000004 mpd_20250410_132743.data
10.0 250.0 17 23.594575 mpd_20250410_132808.data
30.0 250.0 17 23.8 mpd_20250410_132833.data
50.0 250.0 17 23.902100000000004 mpd_20250410_132858.data
70.0 250.0 17 23.594575 mpd_20250410_132923.data
90.0 250.0 17 23.8 mpd_20250410_132948.data
110.0 250.0 17 23.8 mpd_20250410_133013.data
130.0 250.0 17 23.594575 mpd_20250410_133038.data
150.0 250.0 17 23.902100000000004 mpd_20250410_133103.data
170.0 250.0 17 23.594575 mpd_20250410_133128.data
190.0 250.0 17 23.8 mpd_20250410_133153.data
210.0 250.0 17 23.902100000000004 mpd_20250410_133218.data
230.0 250.0 17 23.594575 mpd_20250410_133243.data
250.0 250.0 17 23.6975 mpd_20250410_133308.data
270.0 250.0 17 23.49125 mpd_20250410_133333.data
290.0 250.0 17 23.8 mpd_20250410_133358.data
290.0 270.0 17 23.49125 mpd_20250410_133423.data
270.0 270.0 17 23.8 mpd_20250410_133448.data
250.0 270.0 17 23.6975 mpd_20250410_133513.data
230.0 270.0 17 23.594575 mpd_20250410_133538.data
210.0 270.0 17 23.8 mpd_20250410_133603.data
190.0 270.0 17 23.6975 mpd_20250410_133628.data
170.0 270.0 17 23.8 mpd_20250410_133653.data
150.0 270.0 17 23.594575 mpd_20250410_133718.data
130.0 270.0 17 23.8 mpd_20250410_133743.data
110.0 270.0 17 23.8 mpd_20250410_133808.data
90.0 270.0 17 23.594575 mpd_20250410_133833.data
70.0 270.0 17 -1 mpd_20250410_133858.data
50.0 270.0 17 23.594575 mpd_20250410_133923.data
30.0 270.0 17 23.902100000000004 mpd_20250410_133948.data
10.0 270.0 17 -1 mpd_20250410_134013.data
10.0 290.0 17 23.8 mpd_20250410_134038.data
30.0 290.0 17 23.8 mpd_20250410_134103.data
50.0 290.0 17 -1 mpd_20250410_134128.data
70.0 290.0 17 23.49125 mpd_20250410_134153.data
90.0 290.0 17 23.8 mpd_20250410_134218.data
110.0 290.0 17 -1 mpd_20250410_134243.data
130.0 290.0 17 23.8 mpd_20250410_134308.data
150.0 290.0 17 23.6975 mpd_20250410_134333.data
170.0 290.0 17 -1 mpd_20250410_134358.data
190.0 290.0 17 23.49125 mpd_20250410_134423.data
210.0 290.0 17 23.49125 mpd_20250410_134448.data
230.0 290.0 17 23.49125 mpd_20250410_134513.data
250.0 290.0 17 23.594575 mpd_20250410_134538.data
270.0 290.0 17 23.6975 mpd_20250410_134604.data
290.0 290.0 17 23.594575 mpd_20250410_134629.data
290.0 310.0 17 23.594575 mpd_20250410_134654.data
270.0 310.0 17 23.594575 mpd_20250410_134719.data
250.0 310.0 17 23.594575 mpd_20250410_134744.data
230.0 310.0 17 23.594575 mpd_20250410_134809.data
210.0 310.0 17 23.594575 mpd_20250410_134834.data
190.0 310.0 17 23.594575 mpd_20250410_134859.data
170.0 310.0 17 23.6975 mpd_20250410_134924.data
150.0 310.0 17 23.594575 mpd_20250410_134949.data
130.0 310.0 17 23.594575 mpd_20250410_135014.data
110.0 310.0 17 23.49125 mpd_20250410_135039.data
90.0 310.0 17 23.594575 mpd_20250410_135104.data
70.0 310.0 17 23.49125 mpd_20250410_135129.data
50.0 310.0 17 23.594575 mpd_20250410_135154.data
30.0 310.0 17 23.594575 mpd_20250410_135219.data
10.0 310.0 17 23.594575 mpd_20250410_135244.data
10.0 330.0 17 23.6975 mpd_20250410_135309.data
30.0 330.0 17 23.594575 mpd_20250410_135334.data
50.0 330.0 17 23.594575 mpd_20250410_135359.data
70.0 330.0 17 23.49125 mpd_20250410_135424.data
90.0 330.0 17 23.594575 mpd_20250410_135449.data
110.0 330.0 17 23.594575 mpd_20250410_135514.data
130.0 330.0 17 23.6975 mpd_20250410_135539.data
150.0 330.0 17 23.6975 mpd_20250410_135604.data
170.0 330.0 17 23.594575 mpd_20250410_135629.data
190.0 330.0 17 23.594575 mpd_20250410_135654.data
210.0 330.0 17 23.594575 mpd_20250410_135719.data
230.0 330.0 17 23.594575 mpd_20250410_135744.data
250.0 330.0 17 23.594575 mpd_20250410_135809.data
270.0 330.0 17 23.49125 mpd_20250410_135834.data
290.0 330.0 17 23.49125 mpd_20250410_135859.data
10.0 350.0 17 23.594575 mpd_20250410_140126.data
30.0 350.0 17 23.49125 mpd_20250410_140151.data
50.0 350.0 17 23.6975 mpd_20250410_140216.data
70.0 350.0 17 23.594575 mpd_20250410_140241.data
90.0 350.0 17 23.594575 mpd_20250410_140306.data
110.0 350.0 17 23.594575 mpd_20250410_140331.data
130.0 350.0 17 23.6975 mpd_20250410_140356.data
150.0 350.0 17 23.49125 mpd_20250410_140421.data
170.0 350.0 17 23.594575 mpd_20250410_140446.data
190.0 350.0 17 23.594575 mpd_20250410_140511.data
210.0 350.0 17 23.594575 mpd_20250410_140536.data
230.0 350.0 17 23.6975 mpd_20250410_140601.data
250.0 350.0 17 23.594575 mpd_20250410_140626.data
270.0 350.0 17 23.3875 mpd_20250410_140652.data
290.0 350.0 17 23.594575 mpd_20250410_140717.data
290.0 370.0 17 23.594575 mpd_20250410_140742.data
270.0 370.0 17 23.594575 mpd_20250410_140807.data
250.0 370.0 17 23.594575 mpd_20250410_140832.data
230.0 370.0 17 23.594575 mpd_20250410_140857.data
210.0 370.0 17 23.594575 mpd_20250410_140922.data
190.0 370.0 17 23.594575 mpd_20250410_140947.data
170.0 370.0 17 23.594575 mpd_20250410_141012.data
150.0 370.0 17 23.594575 mpd_20250410_141037.data
130.0 370.0 17 23.594575 mpd_20250410_141102.data
110.0 370.0 17 23.594575 mpd_20250410_141127.data
90.0 370.0 17 23.594575 mpd_20250410_141152.data
70.0 370.0 17 23.6975 mpd_20250410_141217.data
50.0 370.0 17 23.594575 mpd_20250410_141242.data
30.0 370.0 17 23.594575 mpd_20250410_141307.data
10.0 370.0 17 23.49125 mpd_20250410_141332.data
10.0 390.0 17 23.6975 mpd_20250410_141357.data
30.0 390.0 17 23.6975 mpd_20250410_141422.data
50.0 390.0 17 23.49125 mpd_20250410_141447.data
70.0 390.0 17 23.594575 mpd_20250410_141512.data
90.0 390.0 17 23.594575 mpd_20250410_141537.data
110.0 390.0 17 23.594575 mpd_20250410_141602.data
130.0 390.0 17 23.594575 mpd_20250410_141627.data
150.0 390.0 17 23.49125 mpd_20250410_141652.data
170.0 390.0 17 23.594575 mpd_20250410_141717.data
190.0 390.0 17 23.49125 mpd_20250410_141742.data
210.0 390.0 17 23.594575 mpd_20250410_141807.data
230.0 390.0 17 23.594575 mpd_20250410_141832.data
250.0 390.0 17 23.6975 mpd_20250410_141857.data
270.0 390.0 17 23.6975 mpd_20250410_141922.data
290.0 390.0 17 23.6975 mpd_20250410_141947.data
290.0 410.0 17 23.49125 mpd_20250410_142012.data
270.0 410.0 17 23.594575 mpd_20250410_142037.data
250.0 410.0 17 23.6975 mpd_20250410_142102.data
230.0 410.0 17 23.49125 mpd_20250410_142127.data
210.0 410.0 17 23.594575 mpd_20250410_142152.data
190.0 410.0 17 23.3875 mpd_20250410_142217.data
170.0 410.0 17 23.594575 mpd_20250410_142242.data
150.0 410.0 17 23.594575 mpd_20250410_142307.data
130.0 410.0 17 23.594575 mpd_20250410_142332.data
110.0 410.0 17 23.594575 mpd_20250410_142357.data
90.0 410.0 17 23.594575 mpd_20250410_142422.data
70.0 410.0 17 23.594575 mpd_20250410_142447.data
50.0 410.0 17 23.6975 mpd_20250410_142512.data
30.0 410.0 17 23.594575 mpd_20250410_142537.data
10.0 410.0 17 23.49125 mpd_20250410_142602.data
10.0 430.0 17 23.8 mpd_20250410_142627.data
30.0 430.0 17 23.594575 mpd_20250410_142653.data
50.0 430.0 17 23.594575 mpd_20250410_142718.data
70.0 430.0 17 23.594575 mpd_20250410_142743.data
90.0 430.0 17 23.594575 mpd_20250410_142808.data
110.0 430.0 17 23.594575 mpd_20250410_142833.data
130.0 430.0 17 23.594575 mpd_20250410_142858.data
150.0 430.0 17 23.49125 mpd_20250410_142923.data
170.0 430.0 17 23.594575 mpd_20250410_142948.data
190.0 430.0 17 23.594575 mpd_20250410_143013.data
210.0 430.0 17 23.594575 mpd_20250410_143038.data
230.0 430.0 17 23.594575 mpd_20250410_143103.data
250.0 430.0 17 23.49125 mpd_20250410_143128.data
270.0 430.0 17 23.594575 mpd_20250410_143153.data
290.0 430.0 17 23.594575 mpd_20250410_143218.data
290.0 450.0 17 23.594575 mpd_20250410_143243.data
270.0 450.0 17 23.6975 mpd_20250410_143308.data
250.0 450.0 17 23.594575 mpd_20250410_143333.data
230.0 450.0 17 23.594575 mpd_20250410_143358.data
210.0 450.0 17 23.594575 mpd_20250410_143423.data
190.0 450.0 17 23.6975 mpd_20250410_143448.data
170.0 450.0 17 23.594575 mpd_20250410_143513.data
150.0 450.0 17 23.594575 mpd_20250410_143538.data
130.0 450.0 17 23.594575 mpd_20250410_143603.data
110.0 450.0 17 23.594575 mpd_20250410_143628.data
90.0 450.0 17 23.594575 mpd_20250410_143653.data
70.0 450.0 17 23.594575 mpd_20250410_143718.data
50.0 450.0 17 23.594575 mpd_20250410_143743.data
30.0 450.0 17 23.594575 mpd_20250410_143808.data
10.0 450.0 17 23.594575 mpd_20250410_143833.data
10.0 470.0 17 23.594575 mpd_20250410_143858.data
30.0 470.0 17 23.594575 mpd_20250410_143923.data
50.0 470.0 17 23.594575 mpd_20250410_143948.data
70.0 470.0 17 23.6975 mpd_20250410_144013.data
90.0 470.0 17 23.594575 mpd_20250410_144038.data
110.0 470.0 17 23.49125 mpd_20250410_144103.data
130.0 470.0 17 23.49125 mpd_20250410_144128.data
150.0 470.0 17 23.3875 mpd_20250410_144153.data
170.0 470.0 17 23.594575 mpd_20250410_144218.data
190.0 470.0 17 23.3875 mpd_20250410_144243.data
210.0 470.0 17 23.49125 mpd_20250410_144308.data
230.0 470.0 17 23.49125 mpd_20250410_144333.data
250.0 470.0 17 23.594575 mpd_20250410_144358.data
270.0 470.0 17 23.594575 mpd_20250410_144423.data
290.0 470.0 17 23.594575 mpd_20250410_144448.data
