-1 -1 -1 23.073725 mpd_20250411_082500.data
10.0 10.0 17 23.073725 mpd_20250411_082541.data
30.0 10.0 17 23.073725 mpd_20250411_082606.data
50.0 10.0 17 23.073725 mpd_20250411_082631.data
70.0 10.0 17 23.073725 mpd_20250411_082656.data
90.0 10.0 17 23.073725 mpd_20250411_082721.data
110.0 10.0 17 23.073725 mpd_20250411_082746.data
130.0 10.0 17 23.073725 mpd_20250411_082811.data
150.0 10.0 17 23.073725 mpd_20250411_082836.data
170.0 10.0 17 22.969809523809523 mpd_20250411_082901.data
190.0 10.0 17 23.073725 mpd_20250411_082926.data
210.0 10.0 17 23.073725 mpd_20250411_082951.data
230.0 10.0 17 23.073725 mpd_20250411_083016.data
250.0 10.0 17 22.969809523809523 mpd_20250411_083041.data
270.0 10.0 17 22.969809523809523 mpd_20250411_083106.data
290.0 10.0 17 23.073725 mpd_20250411_083131.data
290.0 30.0 17 23.073725 mpd_20250411_083156.data
270.0 30.0 17 23.073725 mpd_20250411_083221.data
250.0 30.0 17 23.073725 mpd_20250411_083246.data
230.0 30.0 17 22.969809523809523 mpd_20250411_083311.data
210.0 30.0 17 22.969809523809523 mpd_20250411_083336.data
190.0 30.0 17 22.969809523809523 mpd_20250411_083401.data
170.0 30.0 17 22.969809523809523 mpd_20250411_083426.data
150.0 30.0 17 22.969809523809523 mpd_20250411_083451.data
130.0 30.0 17 23.073725 mpd_20250411_083516.data
110.0 30.0 17 22.969809523809523 mpd_20250411_083541.data
90.0 30.0 17 22.969809523809523 mpd_20250411_083606.data
70.0 30.0 17 22.969809523809523 mpd_20250411_083631.data
50.0 30.0 17 22.969809523809523 mpd_20250411_083656.data
30.0 30.0 17 22.969809523809523 mpd_20250411_083721.data
10.0 30.0 17 22.969809523809523 mpd_20250411_083746.data
10.0 50.0 17 23.073725 mpd_20250411_083811.data
30.0 50.0 17 23.073725 mpd_20250411_083836.data
50.0 50.0 17 23.178749999999997 mpd_20250411_083901.data
70.0 50.0 17 22.969809523809523 mpd_20250411_083926.data
90.0 50.0 17 22.969809523809523 mpd_20250411_083951.data
110.0 50.0 17 22.969809523809523 mpd_20250411_084016.data
130.0 50.0 17 22.969809523809523 mpd_20250411_084041.data
150.0 50.0 17 22.969809523809523 mpd_20250411_084106.data
170.0 50.0 17 22.868976190476186 mpd_20250411_084131.data
190.0 50.0 17 23.073725 mpd_20250411_084156.data
210.0 50.0 17 22.969809523809523 mpd_20250411_084221.data
230.0 50.0 17 22.969809523809523 mpd_20250411_084246.data
250.0 50.0 17 22.868976190476186 mpd_20250411_084311.data
270.0 50.0 17 22.969809523809523 mpd_20250411_084336.data
290.0 50.0 17 22.868976190476186 mpd_20250411_084401.data
290.0 70.0 17 22.868976190476186 mpd_20250411_084426.data
270.0 70.0 17 22.868976190476186 mpd_20250411_084451.data
250.0 70.0 17 23.178749999999997 mpd_20250411_084516.data
230.0 70.0 17 22.969809523809523 mpd_20250411_084541.data
210.0 70.0 17 22.969809523809523 mpd_20250411_084607.data
190.0 70.0 17 22.969809523809523 mpd_20250411_084632.data
170.0 70.0 17 22.969809523809523 mpd_20250411_084657.data
150.0 70.0 17 22.969809523809523 mpd_20250411_084722.data
130.0 70.0 17 23.073725 mpd_20250411_084747.data
110.0 70.0 17 22.969809523809523 mpd_20250411_084812.data
90.0 70.0 17 23.073725 mpd_20250411_084837.data
70.0 70.0 17 23.073725 mpd_20250411_084902.data
50.0 70.0 17 23.073725 mpd_20250411_084927.data
30.0 70.0 17 22.969809523809523 mpd_20250411_084952.data
10.0 70.0 17 22.969809523809523 mpd_20250411_085017.data
10.0 90.0 17 22.868976190476186 mpd_20250411_085042.data
30.0 90.0 17 23.073725 mpd_20250411_085107.data
50.0 90.0 17 22.969809523809523 mpd_20250411_085132.data
70.0 90.0 17 22.969809523809523 mpd_20250411_085157.data
90.0 90.0 17 23.073725 mpd_20250411_085222.data
110.0 90.0 17 23.073725 mpd_20250411_085247.data
130.0 90.0 17 23.073725 mpd_20250411_085312.data
150.0 90.0 17 23.073725 mpd_20250411_085337.data
170.0 90.0 17 22.969809523809523 mpd_20250411_085402.data
190.0 90.0 17 22.969809523809523 mpd_20250411_085427.data
210.0 90.0 17 23.073725 mpd_20250411_085452.data
230.0 90.0 17 22.868976190476186 mpd_20250411_085517.data
250.0 90.0 17 22.969809523809523 mpd_20250411_085542.data
270.0 90.0 17 22.969809523809523 mpd_20250411_085607.data
290.0 90.0 17 22.969809523809523 mpd_20250411_085632.data
290.0 110.0 17 23.073725 mpd_20250411_085657.data
270.0 110.0 17 22.969809523809523 mpd_20250411_085722.data
250.0 110.0 17 23.073725 mpd_20250411_085747.data
230.0 110.0 17 22.969809523809523 mpd_20250411_085812.data
210.0 110.0 17 23.073725 mpd_20250411_085837.data
190.0 110.0 17 22.969809523809523 mpd_20250411_085902.data
170.0 110.0 17 23.073725 mpd_20250411_085927.data
150.0 110.0 17 22.969809523809523 mpd_20250411_085952.data
130.0 110.0 17 22.969809523809523 mpd_20250411_090017.data
110.0 110.0 17 23.073725 mpd_20250411_090042.data
90.0 110.0 17 23.073725 mpd_20250411_090107.data
70.0 110.0 17 23.073725 mpd_20250411_090132.data
50.0 110.0 17 22.969809523809523 mpd_20250411_090157.data
30.0 110.0 17 23.073725 mpd_20250411_090222.data
10.0 110.0 17 22.969809523809523 mpd_20250411_090247.data
10.0 130.0 17 22.969809523809523 mpd_20250411_090312.data
30.0 130.0 17 22.969809523809523 mpd_20250411_090337.data
50.0 130.0 17 23.073725 mpd_20250411_090402.data
70.0 130.0 17 22.969809523809523 mpd_20250411_090427.data
90.0 130.0 17 23.073725 mpd_20250411_090452.data
110.0 130.0 17 23.073725 mpd_20250411_090517.data
130.0 130.0 17 22.969809523809523 mpd_20250411_090542.data
150.0 130.0 17 23.073725 mpd_20250411_090607.data
170.0 130.0 17 22.969809523809523 mpd_20250411_090632.data
190.0 130.0 17 22.969809523809523 mpd_20250411_090658.data
210.0 130.0 17 23.073725 mpd_20250411_090723.data
230.0 130.0 17 22.969809523809523 mpd_20250411_090748.data
250.0 130.0 17 23.073725 mpd_20250411_090813.data
270.0 130.0 17 22.969809523809523 mpd_20250411_090838.data
290.0 130.0 17 22.969809523809523 mpd_20250411_090903.data
290.0 150.0 17 23.073725 mpd_20250411_090928.data
270.0 150.0 17 23.073725 mpd_20250411_090953.data
250.0 150.0 17 23.073725 mpd_20250411_091018.data
230.0 150.0 17 23.073725 mpd_20250411_091043.data
210.0 150.0 17 23.073725 mpd_20250411_091108.data
190.0 150.0 17 22.969809523809523 mpd_20250411_091133.data
170.0 150.0 17 23.073725 mpd_20250411_091158.data
150.0 150.0 17 22.868976190476186 mpd_20250411_091223.data
130.0 150.0 17 22.969809523809523 mpd_20250411_091248.data
110.0 150.0 17 22.868976190476186 mpd_20250411_091313.data
90.0 150.0 17 22.969809523809523 mpd_20250411_091338.data
70.0 150.0 17 22.969809523809523 mpd_20250411_091403.data
50.0 150.0 17 23.073725 mpd_20250411_091428.data
30.0 150.0 17 23.073725 mpd_20250411_091453.data
10.0 150.0 17 22.969809523809523 mpd_20250411_091518.data
10.0 170.0 17 23.073725 mpd_20250411_091543.data
30.0 170.0 17 23.073725 mpd_20250411_091608.data
50.0 170.0 17 23.073725 mpd_20250411_091633.data
70.0 170.0 17 22.969809523809523 mpd_20250411_091658.data
90.0 170.0 17 22.969809523809523 mpd_20250411_091723.data
110.0 170.0 17 22.969809523809523 mpd_20250411_091748.data
130.0 170.0 17 22.969809523809523 mpd_20250411_091813.data
150.0 170.0 17 22.969809523809523 mpd_20250411_091838.data
170.0 170.0 17 22.969809523809523 mpd_20250411_091903.data
190.0 170.0 17 23.073725 mpd_20250411_091928.data
210.0 170.0 17 23.073725 mpd_20250411_091953.data
230.0 170.0 17 23.073725 mpd_20250411_092018.data
250.0 170.0 17 22.969809523809523 mpd_20250411_092043.data
270.0 170.0 17 22.969809523809523 mpd_20250411_092108.data
290.0 170.0 17 22.969809523809523 mpd_20250411_092133.data
290.0 190.0 17 22.969809523809523 mpd_20250411_092158.data
270.0 190.0 17 22.969809523809523 mpd_20250411_092223.data
250.0 190.0 17 22.969809523809523 mpd_20250411_092248.data
230.0 190.0 17 22.969809523809523 mpd_20250411_092313.data
210.0 190.0 17 23.073725 mpd_20250411_092338.data
190.0 190.0 17 22.969809523809523 mpd_20250411_092403.data
170.0 190.0 17 22.969809523809523 mpd_20250411_092428.data
150.0 190.0 17 22.969809523809523 mpd_20250411_092453.data
130.0 190.0 17 22.969809523809523 mpd_20250411_092518.data
110.0 190.0 17 22.969809523809523 mpd_20250411_092543.data
90.0 190.0 17 22.969809523809523 mpd_20250411_092608.data
70.0 190.0 17 23.178749999999997 mpd_20250411_092633.data
50.0 190.0 17 23.073725 mpd_20250411_092658.data
30.0 190.0 17 22.969809523809523 mpd_20250411_092723.data
10.0 190.0 17 23.073725 mpd_20250411_092748.data
10.0 210.0 17 22.969809523809523 mpd_20250411_092814.data
30.0 210.0 17 22.969809523809523 mpd_20250411_092839.data
50.0 210.0 17 22.969809523809523 mpd_20250411_092904.data
70.0 210.0 17 23.073725 mpd_20250411_092929.data
90.0 210.0 17 23.073725 mpd_20250411_092954.data
110.0 210.0 17 23.073725 mpd_20250411_093019.data
130.0 210.0 17 22.969809523809523 mpd_20250411_093044.data
150.0 210.0 17 22.969809523809523 mpd_20250411_093109.data
170.0 210.0 17 22.969809523809523 mpd_20250411_093134.data
190.0 210.0 17 23.073725 mpd_20250411_093159.data
210.0 210.0 17 23.073725 mpd_20250411_093224.data
230.0 210.0 17 23.073725 mpd_20250411_093249.data
250.0 210.0 17 23.073725 mpd_20250411_093314.data
270.0 210.0 17 22.969809523809523 mpd_20250411_093339.data
290.0 210.0 17 22.969809523809523 mpd_20250411_093404.data
290.0 230.0 17 23.073725 mpd_20250411_093429.data
270.0 230.0 17 23.073725 mpd_20250411_093454.data
250.0 230.0 17 22.969809523809523 mpd_20250411_093519.data
230.0 230.0 17 23.073725 mpd_20250411_093544.data
210.0 230.0 17 23.073725 mpd_20250411_093609.data
190.0 230.0 17 22.969809523809523 mpd_20250411_093634.data
170.0 230.0 17 22.969809523809523 mpd_20250411_093659.data
150.0 230.0 17 22.969809523809523 mpd_20250411_093724.data
130.0 230.0 17 22.868976190476186 mpd_20250411_093749.data
110.0 230.0 17 22.969809523809523 mpd_20250411_093814.data
90.0 230.0 17 22.969809523809523 mpd_20250411_093839.data
70.0 230.0 17 22.969809523809523 mpd_20250411_093904.data
50.0 230.0 17 23.073725 mpd_20250411_093929.data
30.0 230.0 17 22.969809523809523 mpd_20250411_093954.data
10.0 230.0 17 23.073725 mpd_20250411_094019.data
10.0 250.0 17 23.073725 mpd_20250411_094044.data
30.0 250.0 17 22.868976190476186 mpd_20250411_094109.data
50.0 250.0 17 22.969809523809523 mpd_20250411_094134.data
70.0 250.0 17 22.969809523809523 mpd_20250411_094159.data
90.0 250.0 17 22.969809523809523 mpd_20250411_094224.data
110.0 250.0 17 22.969809523809523 mpd_20250411_094249.data
130.0 250.0 17 23.073725 mpd_20250411_094314.data
150.0 250.0 17 23.073725 mpd_20250411_094339.data
170.0 250.0 17 23.073725 mpd_20250411_094404.data
190.0 250.0 17 22.969809523809523 mpd_20250411_094429.data
210.0 250.0 17 22.969809523809523 mpd_20250411_094454.data
230.0 250.0 17 22.969809523809523 mpd_20250411_094519.data
250.0 250.0 17 23.073725 mpd_20250411_094544.data
270.0 250.0 17 22.969809523809523 mpd_20250411_094609.data
290.0 250.0 17 23.073725 mpd_20250411_094634.data
290.0 270.0 17 22.969809523809523 mpd_20250411_094659.data
270.0 270.0 17 22.969809523809523 mpd_20250411_094724.data
250.0 270.0 17 23.073725 mpd_20250411_094749.data
230.0 270.0 17 23.073725 mpd_20250411_094814.data
210.0 270.0 17 22.969809523809523 mpd_20250411_094839.data
190.0 270.0 17 22.969809523809523 mpd_20250411_094905.data
170.0 270.0 17 23.283325 mpd_20250411_094930.data
150.0 270.0 17 23.073725 mpd_20250411_094955.data
130.0 270.0 17 23.073725 mpd_20250411_095020.data
110.0 270.0 17 -1 mpd_20250411_095045.data
90.0 270.0 17 23.073725 mpd_20250411_095110.data
70.0 270.0 17 23.073725 mpd_20250411_095135.data
50.0 270.0 17 -1 mpd_20250411_095200.data
30.0 270.0 17 22.969809523809523 mpd_20250411_095225.data
10.0 270.0 17 23.073725 mpd_20250411_095250.data
10.0 290.0 17 -1 mpd_20250411_095315.data
30.0 290.0 17 23.073725 mpd_20250411_095340.data
50.0 290.0 17 22.969809523809523 mpd_20250411_095405.data
70.0 290.0 17 -1 mpd_20250411_095430.data
90.0 290.0 17 22.969809523809523 mpd_20250411_095455.data
110.0 290.0 17 22.969809523809523 mpd_20250411_095520.data
130.0 290.0 17 -1 mpd_20250411_095545.data
150.0 290.0 17 23.283325 mpd_20250411_095610.data
170.0 290.0 17 23.178749999999997 mpd_20250411_095635.data
190.0 290.0 17 23.283325 mpd_20250411_095700.data
210.0 290.0 17 23.283325 mpd_20250411_095725.data
230.0 290.0 17 23.283325 mpd_20250411_095750.data
250.0 290.0 17 23.283325 mpd_20250411_095815.data
270.0 290.0 17 23.283325 mpd_20250411_095840.data
290.0 290.0 17 23.283325 mpd_20250411_095905.data
290.0 310.0 17 23.283325 mpd_20250411_095930.data
270.0 310.0 17 23.178749999999997 mpd_20250411_095955.data
250.0 310.0 17 23.3875 mpd_20250411_100020.data
230.0 310.0 17 23.283325 mpd_20250411_100045.data
210.0 310.0 17 23.283325 mpd_20250411_100110.data
190.0 310.0 17 23.283325 mpd_20250411_100135.data
170.0 310.0 17 23.283325 mpd_20250411_100200.data
150.0 310.0 17 23.283325 mpd_20250411_100225.data
130.0 310.0 17 23.3875 mpd_20250411_100250.data
110.0 310.0 17 23.283325 mpd_20250411_100315.data
90.0 310.0 17 23.283325 mpd_20250411_100340.data
70.0 310.0 17 23.283325 mpd_20250411_100405.data
50.0 310.0 17 23.283325 mpd_20250411_100430.data
30.0 310.0 17 23.178749999999997 mpd_20250411_100455.data
10.0 310.0 17 23.283325 mpd_20250411_100520.data
10.0 330.0 17 23.283325 mpd_20250411_100545.data
30.0 330.0 17 23.283325 mpd_20250411_100610.data
50.0 330.0 17 23.283325 mpd_20250411_100635.data
70.0 330.0 17 23.283325 mpd_20250411_100700.data
90.0 330.0 17 23.49125 mpd_20250411_100725.data
110.0 330.0 17 23.178749999999997 mpd_20250411_100750.data
130.0 330.0 17 23.3875 mpd_20250411_100815.data
150.0 330.0 17 23.49125 mpd_20250411_100840.data
170.0 330.0 17 23.283325 mpd_20250411_100905.data
190.0 330.0 17 23.283325 mpd_20250411_100931.data
210.0 330.0 17 23.283325 mpd_20250411_100956.data
230.0 330.0 17 23.3875 mpd_20250411_101021.data
250.0 330.0 17 23.3875 mpd_20250411_101046.data
270.0 330.0 17 23.283325 mpd_20250411_101111.data
290.0 330.0 17 23.178749999999997 mpd_20250411_101136.data
10.0 350.0 17 23.283325 mpd_20250411_111325.data
30.0 350.0 17 23.283325 mpd_20250411_111350.data
50.0 350.0 17 23.073725 mpd_20250411_111415.data
70.0 350.0 17 23.283325 mpd_20250411_111440.data
90.0 350.0 17 23.178749999999997 mpd_20250411_111505.data
110.0 350.0 17 23.283325 mpd_20250411_111530.data
130.0 350.0 17 23.283325 mpd_20250411_111555.data
150.0 350.0 17 23.3875 mpd_20250411_111620.data
170.0 350.0 17 23.283325 mpd_20250411_111645.data
190.0 350.0 17 23.283325 mpd_20250411_111710.data
210.0 350.0 17 23.178749999999997 mpd_20250411_111735.data
230.0 350.0 17 23.283325 mpd_20250411_111800.data
250.0 350.0 17 23.283325 mpd_20250411_111825.data
270.0 350.0 17 23.283325 mpd_20250411_111850.data
290.0 350.0 17 23.3875 mpd_20250411_111915.data
290.0 370.0 17 23.3875 mpd_20250411_111940.data
270.0 370.0 17 23.283325 mpd_20250411_112005.data
250.0 370.0 17 23.178749999999997 mpd_20250411_112030.data
230.0 370.0 17 23.283325 mpd_20250411_112055.data
210.0 370.0 17 23.283325 mpd_20250411_112120.data
190.0 370.0 17 23.3875 mpd_20250411_112145.data
170.0 370.0 17 23.3875 mpd_20250411_112210.data
150.0 370.0 17 23.283325 mpd_20250411_112235.data
130.0 370.0 17 23.283325 mpd_20250411_112301.data
110.0 370.0 17 23.283325 mpd_20250411_112326.data
90.0 370.0 17 23.178749999999997 mpd_20250411_112351.data
70.0 370.0 17 23.283325 mpd_20250411_112416.data
50.0 370.0 17 23.283325 mpd_20250411_112441.data
30.0 370.0 17 23.283325 mpd_20250411_112506.data
10.0 370.0 17 23.283325 mpd_20250411_112531.data
10.0 390.0 17 23.178749999999997 mpd_20250411_112556.data
30.0 390.0 17 23.178749999999997 mpd_20250411_112621.data
50.0 390.0 17 23.283325 mpd_20250411_112646.data
70.0 390.0 17 23.178749999999997 mpd_20250411_112711.data
90.0 390.0 17 23.283325 mpd_20250411_112736.data
110.0 390.0 17 23.3875 mpd_20250411_112801.data
130.0 390.0 17 23.178749999999997 mpd_20250411_112826.data
150.0 390.0 17 23.283325 mpd_20250411_112851.data
170.0 390.0 17 23.283325 mpd_20250411_112916.data
190.0 390.0 17 23.283325 mpd_20250411_112941.data
210.0 390.0 17 23.283325 mpd_20250411_113006.data
230.0 390.0 17 23.283325 mpd_20250411_113031.data
250.0 390.0 17 23.283325 mpd_20250411_113056.data
270.0 390.0 17 23.178749999999997 mpd_20250411_113121.data
290.0 390.0 17 23.283325 mpd_20250411_113146.data
290.0 410.0 17 23.283325 mpd_20250411_113211.data
270.0 410.0 17 23.283325 mpd_20250411_113236.data
250.0 410.0 17 23.283325 mpd_20250411_113301.data
230.0 410.0 17 23.283325 mpd_20250411_113326.data
210.0 410.0 17 23.283325 mpd_20250411_113351.data
190.0 410.0 17 23.283325 mpd_20250411_113416.data
170.0 410.0 17 23.283325 mpd_20250411_113441.data
150.0 410.0 17 23.283325 mpd_20250411_113506.data
130.0 410.0 17 23.3875 mpd_20250411_113531.data
110.0 410.0 17 23.3875 mpd_20250411_113556.data
90.0 410.0 17 23.283325 mpd_20250411_113621.data
70.0 410.0 17 23.283325 mpd_20250411_113646.data
50.0 410.0 17 23.283325 mpd_20250411_113711.data
30.0 410.0 17 23.283325 mpd_20250411_113736.data
10.0 410.0 17 23.283325 mpd_20250411_113801.data
10.0 430.0 17 23.178749999999997 mpd_20250411_113826.data
30.0 430.0 17 23.283325 mpd_20250411_113851.data
50.0 430.0 17 23.283325 mpd_20250411_113916.data
70.0 430.0 17 23.283325 mpd_20250411_113941.data
90.0 430.0 17 23.283325 mpd_20250411_114006.data
110.0 430.0 17 23.283325 mpd_20250411_114031.data
130.0 430.0 17 23.283325 mpd_20250411_114056.data
150.0 430.0 17 23.283325 mpd_20250411_114121.data
170.0 430.0 17 23.283325 mpd_20250411_114146.data
190.0 430.0 17 23.283325 mpd_20250411_114211.data
210.0 430.0 17 23.283325 mpd_20250411_114236.data
230.0 430.0 17 23.283325 mpd_20250411_114301.data
250.0 430.0 17 23.283325 mpd_20250411_114326.data
270.0 430.0 17 23.283325 mpd_20250411_114351.data
290.0 430.0 17 23.283325 mpd_20250411_114417.data
290.0 450.0 17 23.283325 mpd_20250411_114442.data
270.0 450.0 17 23.283325 mpd_20250411_114507.data
250.0 450.0 17 23.283325 mpd_20250411_114532.data
230.0 450.0 17 23.283325 mpd_20250411_114557.data
210.0 450.0 17 23.283325 mpd_20250411_114622.data
190.0 450.0 17 23.283325 mpd_20250411_114647.data
170.0 450.0 17 23.283325 mpd_20250411_114712.data
150.0 450.0 17 23.283325 mpd_20250411_114737.data
130.0 450.0 17 23.178749999999997 mpd_20250411_114802.data
110.0 450.0 17 23.283325 mpd_20250411_114827.data
90.0 450.0 17 23.283325 mpd_20250411_114852.data
70.0 450.0 17 23.283325 mpd_20250411_114917.data
50.0 450.0 17 23.283325 mpd_20250411_114942.data
30.0 450.0 17 23.283325 mpd_20250411_115007.data
10.0 450.0 17 23.3875 mpd_20250411_115032.data
10.0 470.0 17 23.178749999999997 mpd_20250411_115057.data
30.0 470.0 17 23.283325 mpd_20250411_115122.data
50.0 470.0 17 23.283325 mpd_20250411_115147.data
70.0 470.0 17 23.283325 mpd_20250411_115212.data
90.0 470.0 17 23.283325 mpd_20250411_115237.data
110.0 470.0 17 23.3875 mpd_20250411_115302.data
130.0 470.0 17 23.178749999999997 mpd_20250411_115327.data
150.0 470.0 17 23.283325 mpd_20250411_115352.data
170.0 470.0 17 23.178749999999997 mpd_20250411_115417.data
190.0 470.0 17 23.283325 mpd_20250411_115442.data
210.0 470.0 17 23.283325 mpd_20250411_115507.data
230.0 470.0 17 23.3875 mpd_20250411_115532.data
250.0 470.0 17 23.283325 mpd_20250411_115557.data
270.0 470.0 17 23.283325 mpd_20250411_115622.data
290.0 470.0 17 23.283325 mpd_20250411_115647.data
