-1 -1 -1 23.49125 mpd_20250416_070657.data
10.0 10.0 17 23.49125 mpd_20250416_070737.data
30.0 10.0 17 23.8 mpd_20250416_070802.data
50.0 10.0 17 23.6975 mpd_20250416_070827.data
70.0 10.0 17 23.6975 mpd_20250416_070852.data
90.0 10.0 17 23.6975 mpd_20250416_070917.data
110.0 10.0 17 23.6975 mpd_20250416_070942.data
130.0 10.0 17 23.8 mpd_20250416_071007.data
150.0 10.0 17 23.6975 mpd_20250416_071032.data
170.0 10.0 17 23.8 mpd_20250416_071057.data
190.0 10.0 17 23.6975 mpd_20250416_071122.data
210.0 10.0 17 23.6975 mpd_20250416_071147.data
230.0 10.0 17 23.6975 mpd_20250416_071212.data
250.0 10.0 17 23.8 mpd_20250416_071237.data
270.0 10.0 17 23.3875 mpd_20250416_071302.data
290.0 10.0 17 23.3875 mpd_20250416_071327.data
290.0 30.0 17 23.594575 mpd_20250416_071352.data
270.0 30.0 17 23.49125 mpd_20250416_071418.data
250.0 30.0 17 23.8 mpd_20250416_071443.data
230.0 30.0 17 23.594575 mpd_20250416_071508.data
210.0 30.0 17 23.594575 mpd_20250416_071533.data
190.0 30.0 17 23.3875 mpd_20250416_071558.data
170.0 30.0 17 23.8 mpd_20250416_071623.data
150.0 30.0 17 23.8 mpd_20250416_071648.data
130.0 30.0 17 23.3875 mpd_20250416_071713.data
110.0 30.0 17 23.49125 mpd_20250416_071738.data
90.0 30.0 17 23.49125 mpd_20250416_071803.data
70.0 30.0 17 23.49125 mpd_20250416_071828.data
50.0 30.0 17 23.3875 mpd_20250416_071853.data
30.0 30.0 17 23.49125 mpd_20250416_071918.data
10.0 30.0 17 23.49125 mpd_20250416_071943.data
10.0 50.0 17 23.3875 mpd_20250416_072008.data
30.0 50.0 17 23.6975 mpd_20250416_072033.data
50.0 50.0 17 23.6975 mpd_20250416_072058.data
70.0 50.0 17 23.8 mpd_20250416_072123.data
90.0 50.0 17 23.8 mpd_20250416_072148.data
110.0 50.0 17 23.6975 mpd_20250416_072213.data
130.0 50.0 17 23.6975 mpd_20250416_072238.data
150.0 50.0 17 23.8 mpd_20250416_072303.data
170.0 50.0 17 23.6975 mpd_20250416_072328.data
190.0 50.0 17 23.6975 mpd_20250416_072353.data
210.0 50.0 17 23.49125 mpd_20250416_072418.data
230.0 50.0 17 23.49125 mpd_20250416_072443.data
250.0 50.0 17 23.49125 mpd_20250416_072508.data
270.0 50.0 17 23.49125 mpd_20250416_072533.data
290.0 50.0 17 23.49125 mpd_20250416_072558.data
290.0 70.0 17 23.49125 mpd_20250416_072623.data
270.0 70.0 17 23.3875 mpd_20250416_072648.data
250.0 70.0 17 23.6975 mpd_20250416_072713.data
230.0 70.0 17 23.8 mpd_20250416_072738.data
210.0 70.0 17 23.8 mpd_20250416_072803.data
190.0 70.0 17 23.6975 mpd_20250416_072828.data
170.0 70.0 17 23.8 mpd_20250416_072853.data
150.0 70.0 17 23.6975 mpd_20250416_072918.data
130.0 70.0 17 23.8 mpd_20250416_072943.data
110.0 70.0 17 23.8 mpd_20250416_073008.data
90.0 70.0 17 23.594575 mpd_20250416_073033.data
70.0 70.0 17 23.6975 mpd_20250416_073058.data
50.0 70.0 17 23.594575 mpd_20250416_073123.data
30.0 70.0 17 23.49125 mpd_20250416_073148.data
10.0 70.0 17 23.3875 mpd_20250416_073213.data
10.0 90.0 17 23.49125 mpd_20250416_073238.data
30.0 90.0 17 23.594575 mpd_20250416_073303.data
50.0 90.0 17 23.49125 mpd_20250416_073328.data
70.0 90.0 17 23.49125 mpd_20250416_073353.data
90.0 90.0 17 23.594575 mpd_20250416_073418.data
110.0 90.0 17 23.49125 mpd_20250416_073443.data
130.0 90.0 17 23.594575 mpd_20250416_073509.data
150.0 90.0 17 23.49125 mpd_20250416_073534.data
170.0 90.0 17 23.49125 mpd_20250416_073559.data
190.0 90.0 17 23.3875 mpd_20250416_073624.data
210.0 90.0 17 23.49125 mpd_20250416_073649.data
230.0 90.0 17 23.49125 mpd_20250416_073714.data
250.0 90.0 17 23.49125 mpd_20250416_073739.data
270.0 90.0 17 23.8 mpd_20250416_073804.data
290.0 90.0 17 23.8 mpd_20250416_073829.data
290.0 110.0 17 23.8 mpd_20250416_073854.data
270.0 110.0 17 23.6975 mpd_20250416_073919.data
250.0 110.0 17 23.6975 mpd_20250416_073944.data
230.0 110.0 17 23.8 mpd_20250416_074009.data
210.0 110.0 17 23.6975 mpd_20250416_074034.data
190.0 110.0 17 23.6975 mpd_20250416_074059.data
170.0 110.0 17 23.49125 mpd_20250416_074124.data
150.0 110.0 17 23.49125 mpd_20250416_074149.data
130.0 110.0 17 23.3875 mpd_20250416_074214.data
110.0 110.0 17 23.3875 mpd_20250416_074239.data
90.0 110.0 17 23.6975 mpd_20250416_074304.data
70.0 110.0 17 23.6975 mpd_20250416_074329.data
50.0 110.0 17 23.49125 mpd_20250416_074354.data
30.0 110.0 17 23.49125 mpd_20250416_074419.data
10.0 110.0 17 23.49125 mpd_20250416_074444.data
10.0 130.0 17 23.49125 mpd_20250416_074509.data
30.0 130.0 17 23.49125 mpd_20250416_074534.data
50.0 130.0 17 23.594575 mpd_20250416_074559.data
70.0 130.0 17 23.6975 mpd_20250416_074624.data
90.0 130.0 17 23.8 mpd_20250416_074649.data
110.0 130.0 17 23.6975 mpd_20250416_074714.data
130.0 130.0 17 23.6975 mpd_20250416_074739.data
150.0 130.0 17 23.6975 mpd_20250416_074804.data
170.0 130.0 17 23.594575 mpd_20250416_074829.data
190.0 130.0 17 23.3875 mpd_20250416_074854.data
210.0 130.0 17 23.49125 mpd_20250416_074919.data
230.0 130.0 17 23.3875 mpd_20250416_074944.data
250.0 130.0 17 23.6975 mpd_20250416_075009.data
270.0 130.0 17 23.6975 mpd_20250416_075034.data
290.0 130.0 17 23.6975 mpd_20250416_075059.data
290.0 150.0 17 23.6975 mpd_20250416_075124.data
270.0 150.0 17 23.6975 mpd_20250416_075149.data
250.0 150.0 17 23.6975 mpd_20250416_075214.data
230.0 150.0 17 23.6975 mpd_20250416_075239.data
210.0 150.0 17 23.49125 mpd_20250416_075304.data
190.0 150.0 17 23.49125 mpd_20250416_075329.data
170.0 150.0 17 23.594575 mpd_20250416_075354.data
150.0 150.0 17 23.6975 mpd_20250416_075419.data
130.0 150.0 17 23.8 mpd_20250416_075444.data
110.0 150.0 17 23.6975 mpd_20250416_075509.data
90.0 150.0 17 23.3875 mpd_20250416_075534.data
70.0 150.0 17 23.3875 mpd_20250416_075559.data
50.0 150.0 17 23.3875 mpd_20250416_075625.data
30.0 150.0 17 23.49125 mpd_20250416_075650.data
10.0 150.0 17 23.6975 mpd_20250416_075715.data
10.0 170.0 17 23.6975 mpd_20250416_075740.data
30.0 170.0 17 23.6975 mpd_20250416_075805.data
50.0 170.0 17 23.8 mpd_20250416_075830.data
70.0 170.0 17 23.8 mpd_20250416_075855.data
90.0 170.0 17 23.49125 mpd_20250416_075920.data
110.0 170.0 17 23.6975 mpd_20250416_075945.data
130.0 170.0 17 23.6975 mpd_20250416_080010.data
150.0 170.0 17 23.6975 mpd_20250416_080035.data
170.0 170.0 17 23.8 mpd_20250416_080100.data
190.0 170.0 17 23.6975 mpd_20250416_080125.data
210.0 170.0 17 23.49125 mpd_20250416_080150.data
230.0 170.0 17 23.8 mpd_20250416_080215.data
250.0 170.0 17 23.6975 mpd_20250416_080240.data
270.0 170.0 17 23.49125 mpd_20250416_080305.data
290.0 170.0 17 23.6975 mpd_20250416_080330.data
290.0 190.0 17 23.3875 mpd_20250416_080355.data
270.0 190.0 17 23.3875 mpd_20250416_080420.data
250.0 190.0 17 23.6975 mpd_20250416_080445.data
230.0 190.0 17 23.6975 mpd_20250416_080510.data
210.0 190.0 17 23.6975 mpd_20250416_080535.data
190.0 190.0 17 23.594575 mpd_20250416_080600.data
170.0 190.0 17 23.49125 mpd_20250416_080625.data
150.0 190.0 17 23.6975 mpd_20250416_080650.data
130.0 190.0 17 23.6975 mpd_20250416_080715.data
110.0 190.0 17 23.8 mpd_20250416_080740.data
90.0 190.0 17 23.49125 mpd_20250416_080805.data
70.0 190.0 17 23.49125 mpd_20250416_080830.data
50.0 190.0 17 23.6975 mpd_20250416_080855.data
30.0 190.0 17 23.6975 mpd_20250416_080920.data
10.0 190.0 17 23.49125 mpd_20250416_080945.data
10.0 210.0 17 23.3875 mpd_20250416_081010.data
30.0 210.0 17 23.49125 mpd_20250416_081035.data
50.0 210.0 17 23.6975 mpd_20250416_081100.data
70.0 210.0 17 23.6975 mpd_20250416_081125.data
90.0 210.0 17 23.6975 mpd_20250416_081150.data
110.0 210.0 17 23.3875 mpd_20250416_081215.data
130.0 210.0 17 23.3875 mpd_20250416_081240.data
150.0 210.0 17 23.6975 mpd_20250416_081305.data
170.0 210.0 17 23.8 mpd_20250416_081330.data
190.0 210.0 17 23.6975 mpd_20250416_081355.data
210.0 210.0 17 23.49125 mpd_20250416_081420.data
230.0 210.0 17 23.49125 mpd_20250416_081445.data
250.0 210.0 17 23.6975 mpd_20250416_081510.data
270.0 210.0 17 23.6975 mpd_20250416_081535.data
290.0 210.0 17 23.49125 mpd_20250416_081600.data
290.0 230.0 17 23.8 mpd_20250416_081625.data
270.0 230.0 17 23.6975 mpd_20250416_081651.data
250.0 230.0 17 23.3875 mpd_20250416_081716.data
230.0 230.0 17 23.6975 mpd_20250416_081741.data
210.0 230.0 17 23.49125 mpd_20250416_081806.data
190.0 230.0 17 23.8 mpd_20250416_081831.data
170.0 230.0 17 23.6975 mpd_20250416_081856.data
150.0 230.0 17 23.3875 mpd_20250416_081921.data
130.0 230.0 17 23.8 mpd_20250416_081946.data
110.0 230.0 17 23.3875 mpd_20250416_082011.data
90.0 230.0 17 23.6975 mpd_20250416_082036.data
70.0 230.0 17 23.49125 mpd_20250416_082101.data
50.0 230.0 17 23.49125 mpd_20250416_082126.data
30.0 230.0 17 23.6975 mpd_20250416_082151.data
10.0 230.0 17 23.594575 mpd_20250416_082216.data
10.0 250.0 17 23.6975 mpd_20250416_082241.data
30.0 250.0 17 23.49125 mpd_20250416_082306.data
50.0 250.0 17 23.8 mpd_20250416_082331.data
70.0 250.0 17 23.3875 mpd_20250416_082356.data
90.0 250.0 17 23.6975 mpd_20250416_082421.data
110.0 250.0 17 23.594575 mpd_20250416_082446.data
130.0 250.0 17 23.6975 mpd_20250416_082511.data
150.0 250.0 17 23.3875 mpd_20250416_082536.data
170.0 250.0 17 23.3875 mpd_20250416_082601.data
190.0 250.0 17 23.3875 mpd_20250416_082626.data
210.0 250.0 17 23.3875 mpd_20250416_082651.data
230.0 250.0 17 23.3875 mpd_20250416_082716.data
250.0 250.0 17 23.3875 mpd_20250416_082741.data
270.0 250.0 17 23.3875 mpd_20250416_082806.data
290.0 250.0 17 23.3875 mpd_20250416_082831.data
290.0 270.0 17 23.3875 mpd_20250416_082856.data
270.0 270.0 17 23.3875 mpd_20250416_082921.data
250.0 270.0 17 23.3875 mpd_20250416_082946.data
230.0 270.0 17 23.3875 mpd_20250416_083011.data
210.0 270.0 17 23.49125 mpd_20250416_083036.data
190.0 270.0 17 23.3875 mpd_20250416_083101.data
170.0 270.0 17 23.3875 mpd_20250416_083126.data
150.0 270.0 17 23.3875 mpd_20250416_083151.data
130.0 270.0 17 23.3875 mpd_20250416_083216.data
110.0 270.0 17 23.283325 mpd_20250416_083241.data
90.0 270.0 17 -1 mpd_20250416_083306.data
70.0 270.0 17 23.3875 mpd_20250416_083331.data
50.0 270.0 17 23.3875 mpd_20250416_083356.data
30.0 270.0 17 -1 mpd_20250416_083421.data
10.0 270.0 17 23.49125 mpd_20250416_083446.data
10.0 290.0 17 23.3875 mpd_20250416_083511.data
30.0 290.0 17 -1 mpd_20250416_083536.data
50.0 290.0 17 23.594575 mpd_20250416_083601.data
70.0 290.0 17 23.49125 mpd_20250416_083626.data
90.0 290.0 17 -1 mpd_20250416_083651.data
110.0 290.0 17 23.49125 mpd_20250416_083716.data
130.0 290.0 17 23.3875 mpd_20250416_083741.data
150.0 290.0 17 -1 mpd_20250416_083806.data
170.0 290.0 17 23.6975 mpd_20250416_083832.data
190.0 290.0 17 23.6975 mpd_20250416_083857.data
210.0 290.0 17 23.6975 mpd_20250416_083922.data
230.0 290.0 17 23.8 mpd_20250416_083947.data
250.0 290.0 17 23.6975 mpd_20250416_084012.data
270.0 290.0 17 23.6975 mpd_20250416_084037.data
290.0 290.0 17 23.6975 mpd_20250416_084102.data
290.0 310.0 17 23.8 mpd_20250416_084127.data
270.0 310.0 17 23.6975 mpd_20250416_084152.data
250.0 310.0 17 23.6975 mpd_20250416_084217.data
230.0 310.0 17 23.594575 mpd_20250416_084242.data
210.0 310.0 17 23.6975 mpd_20250416_084307.data
190.0 310.0 17 23.6975 mpd_20250416_084332.data
170.0 310.0 17 23.6975 mpd_20250416_084357.data
150.0 310.0 17 23.8 mpd_20250416_084422.data
130.0 310.0 17 23.6975 mpd_20250416_084447.data
110.0 310.0 17 23.6975 mpd_20250416_084512.data
90.0 310.0 17 23.6975 mpd_20250416_084537.data
70.0 310.0 17 23.6975 mpd_20250416_084602.data
50.0 310.0 17 23.6975 mpd_20250416_084627.data
30.0 310.0 17 23.6975 mpd_20250416_084652.data
10.0 310.0 17 23.6975 mpd_20250416_084717.data
10.0 330.0 17 23.6975 mpd_20250416_084742.data
30.0 330.0 17 23.6975 mpd_20250416_084807.data
50.0 330.0 17 23.8 mpd_20250416_084832.data
70.0 330.0 17 23.6975 mpd_20250416_084857.data
90.0 330.0 17 23.6975 mpd_20250416_084922.data
110.0 330.0 17 23.6975 mpd_20250416_084947.data
130.0 330.0 17 23.6975 mpd_20250416_085012.data
150.0 330.0 17 23.6975 mpd_20250416_085037.data
170.0 330.0 17 23.6975 mpd_20250416_085102.data
190.0 330.0 17 23.6975 mpd_20250416_085127.data
210.0 330.0 17 23.6975 mpd_20250416_085152.data
230.0 330.0 17 23.6975 mpd_20250416_085217.data
250.0 330.0 17 23.6975 mpd_20250416_085242.data
270.0 330.0 17 23.6975 mpd_20250416_085307.data
290.0 330.0 17 23.6975 mpd_20250416_085332.data
10.0 350.0 17 23.6975 mpd_20250416_103029.data
30.0 350.0 17 23.6975 mpd_20250416_103054.data
50.0 350.0 17 23.6975 mpd_20250416_103119.data
70.0 350.0 17 23.594575 mpd_20250416_103144.data
90.0 350.0 17 23.6975 mpd_20250416_103209.data
110.0 350.0 17 23.6975 mpd_20250416_103234.data
130.0 350.0 17 23.6975 mpd_20250416_103259.data
150.0 350.0 17 23.6975 mpd_20250416_103324.data
170.0 350.0 17 23.6975 mpd_20250416_103349.data
190.0 350.0 17 23.902100000000004 mpd_20250416_103414.data
210.0 350.0 17 23.6975 mpd_20250416_103439.data
230.0 350.0 17 23.6975 mpd_20250416_103504.data
250.0 350.0 17 23.6975 mpd_20250416_103529.data
270.0 350.0 17 23.6975 mpd_20250416_103554.data
290.0 350.0 17 23.6975 mpd_20250416_103619.data
290.0 370.0 17 23.6975 mpd_20250416_103644.data
270.0 370.0 17 23.8 mpd_20250416_103709.data
250.0 370.0 17 23.6975 mpd_20250416_103734.data
230.0 370.0 17 23.594575 mpd_20250416_103759.data
210.0 370.0 17 23.6975 mpd_20250416_103824.data
190.0 370.0 17 23.6975 mpd_20250416_103849.data
170.0 370.0 17 23.8 mpd_20250416_103914.data
150.0 370.0 17 23.6975 mpd_20250416_103939.data
130.0 370.0 17 23.594575 mpd_20250416_104004.data
110.0 370.0 17 23.594575 mpd_20250416_104029.data
90.0 370.0 17 23.6975 mpd_20250416_104054.data
70.0 370.0 17 23.6975 mpd_20250416_104119.data
50.0 370.0 17 23.6975 mpd_20250416_104144.data
30.0 370.0 17 23.6975 mpd_20250416_104209.data
10.0 370.0 17 23.6975 mpd_20250416_104235.data
10.0 390.0 17 23.6975 mpd_20250416_104300.data
30.0 390.0 17 23.8 mpd_20250416_104325.data
50.0 390.0 17 23.8 mpd_20250416_104350.data
70.0 390.0 17 23.6975 mpd_20250416_104415.data
90.0 390.0 17 23.594575 mpd_20250416_104440.data
110.0 390.0 17 23.8 mpd_20250416_104505.data
130.0 390.0 17 23.6975 mpd_20250416_104530.data
150.0 390.0 17 23.6975 mpd_20250416_104555.data
170.0 390.0 17 23.6975 mpd_20250416_104620.data
190.0 390.0 17 23.6975 mpd_20250416_104645.data
210.0 390.0 17 23.594575 mpd_20250416_104710.data
230.0 390.0 17 23.8 mpd_20250416_104735.data
250.0 390.0 17 23.6975 mpd_20250416_104800.data
270.0 390.0 17 23.6975 mpd_20250416_104825.data
290.0 390.0 17 23.6975 mpd_20250416_104850.data
290.0 410.0 17 23.6975 mpd_20250416_104915.data
270.0 410.0 17 23.6975 mpd_20250416_104940.data
250.0 410.0 17 23.6975 mpd_20250416_105005.data
230.0 410.0 17 23.6975 mpd_20250416_105030.data
210.0 410.0 17 23.6975 mpd_20250416_105055.data
190.0 410.0 17 23.6975 mpd_20250416_105120.data
170.0 410.0 17 23.6975 mpd_20250416_105145.data
150.0 410.0 17 23.6975 mpd_20250416_105210.data
130.0 410.0 17 23.6975 mpd_20250416_105235.data
110.0 410.0 17 23.6975 mpd_20250416_105300.data
90.0 410.0 17 23.6975 mpd_20250416_105325.data
70.0 410.0 17 23.6975 mpd_20250416_105350.data
50.0 410.0 17 23.8 mpd_20250416_105415.data
30.0 410.0 17 23.8 mpd_20250416_105440.data
10.0 410.0 17 23.6975 mpd_20250416_105505.data
10.0 430.0 17 23.6975 mpd_20250416_105530.data
30.0 430.0 17 23.594575 mpd_20250416_105555.data
50.0 430.0 17 23.902100000000004 mpd_20250416_105620.data
70.0 430.0 17 23.6975 mpd_20250416_105645.data
90.0 430.0 17 23.6975 mpd_20250416_105710.data
110.0 430.0 17 23.6975 mpd_20250416_105735.data
130.0 430.0 17 23.6975 mpd_20250416_105800.data
150.0 430.0 17 23.6975 mpd_20250416_105825.data
170.0 430.0 17 23.6975 mpd_20250416_105850.data
190.0 430.0 17 23.6975 mpd_20250416_105915.data
210.0 430.0 17 23.594575 mpd_20250416_105940.data
230.0 430.0 17 23.6975 mpd_20250416_110005.data
250.0 430.0 17 23.6975 mpd_20250416_110030.data
270.0 430.0 17 23.6975 mpd_20250416_110055.data
290.0 430.0 17 23.6975 mpd_20250416_110120.data
290.0 450.0 17 23.6975 mpd_20250416_110145.data
270.0 450.0 17 23.8 mpd_20250416_110210.data
250.0 450.0 17 23.6975 mpd_20250416_110235.data
230.0 450.0 17 23.6975 mpd_20250416_110300.data
210.0 450.0 17 23.6975 mpd_20250416_110325.data
190.0 450.0 17 23.6975 mpd_20250416_110350.data
170.0 450.0 17 23.6975 mpd_20250416_110415.data
150.0 450.0 17 23.6975 mpd_20250416_110441.data
130.0 450.0 17 23.8 mpd_20250416_110506.data
110.0 450.0 17 23.6975 mpd_20250416_110531.data
90.0 450.0 17 23.6975 mpd_20250416_110556.data
70.0 450.0 17 23.6975 mpd_20250416_110621.data
50.0 450.0 17 23.6975 mpd_20250416_110646.data
30.0 450.0 17 23.594575 mpd_20250416_110711.data
10.0 450.0 17 23.6975 mpd_20250416_110736.data
10.0 470.0 17 23.6975 mpd_20250416_110801.data
30.0 470.0 17 23.6975 mpd_20250416_110826.data
50.0 470.0 17 23.6975 mpd_20250416_110851.data
70.0 470.0 17 23.6975 mpd_20250416_110916.data
90.0 470.0 17 23.6975 mpd_20250416_110941.data
110.0 470.0 17 23.594575 mpd_20250416_111006.data
130.0 470.0 17 23.8 mpd_20250416_111031.data
150.0 470.0 17 23.6975 mpd_20250416_111056.data
170.0 470.0 17 23.6975 mpd_20250416_111121.data
190.0 470.0 17 24.003973684210532 mpd_20250416_111146.data
210.0 470.0 17 23.6975 mpd_20250416_111211.data
230.0 470.0 17 23.6975 mpd_20250416_111236.data
250.0 470.0 17 23.6975 mpd_20250416_111301.data
270.0 470.0 17 23.594575 mpd_20250416_111326.data
290.0 470.0 17 23.6975 mpd_20250416_111351.data
