-1 -1 -1 23.073725 mpd_20250414_074459.data
10.0 10.0 17 22.969809523809523 mpd_20250414_074539.data
30.0 10.0 17 22.969809523809523 mpd_20250414_074604.data
50.0 10.0 17 22.969809523809523 mpd_20250414_074629.data
70.0 10.0 17 22.969809523809523 mpd_20250414_074654.data
90.0 10.0 17 23.073725 mpd_20250414_074719.data
110.0 10.0 17 22.969809523809523 mpd_20250414_074744.data
130.0 10.0 17 23.178749999999997 mpd_20250414_074809.data
150.0 10.0 17 23.073725 mpd_20250414_074834.data
170.0 10.0 17 23.073725 mpd_20250414_074859.data
190.0 10.0 17 22.969809523809523 mpd_20250414_074925.data
210.0 10.0 17 23.178749999999997 mpd_20250414_074950.data
230.0 10.0 17 22.969809523809523 mpd_20250414_075015.data
250.0 10.0 17 23.073725 mpd_20250414_075040.data
270.0 10.0 17 23.073725 mpd_20250414_075105.data
290.0 10.0 17 23.073725 mpd_20250414_075130.data
290.0 30.0 17 23.073725 mpd_20250414_075155.data
270.0 30.0 17 23.073725 mpd_20250414_075220.data
250.0 30.0 17 23.073725 mpd_20250414_075245.data
230.0 30.0 17 23.073725 mpd_20250414_075310.data
210.0 30.0 17 23.073725 mpd_20250414_075335.data
190.0 30.0 17 23.073725 mpd_20250414_075400.data
170.0 30.0 17 23.073725 mpd_20250414_075425.data
150.0 30.0 17 22.969809523809523 mpd_20250414_075450.data
130.0 30.0 17 23.073725 mpd_20250414_075515.data
110.0 30.0 17 23.073725 mpd_20250414_075540.data
90.0 30.0 17 23.073725 mpd_20250414_075605.data
70.0 30.0 17 23.073725 mpd_20250414_075630.data
50.0 30.0 17 23.073725 mpd_20250414_075655.data
30.0 30.0 17 23.073725 mpd_20250414_075720.data
10.0 30.0 17 23.073725 mpd_20250414_075745.data
10.0 50.0 17 23.073725 mpd_20250414_075810.data
30.0 50.0 17 23.073725 mpd_20250414_075835.data
50.0 50.0 17 23.178749999999997 mpd_20250414_075900.data
70.0 50.0 17 23.073725 mpd_20250414_075925.data
90.0 50.0 17 23.073725 mpd_20250414_075950.data
110.0 50.0 17 23.073725 mpd_20250414_080015.data
130.0 50.0 17 23.178749999999997 mpd_20250414_080040.data
150.0 50.0 17 23.073725 mpd_20250414_080105.data
170.0 50.0 17 23.178749999999997 mpd_20250414_080130.data
190.0 50.0 17 23.178749999999997 mpd_20250414_080155.data
210.0 50.0 17 22.969809523809523 mpd_20250414_080220.data
230.0 50.0 17 23.073725 mpd_20250414_080245.data
250.0 50.0 17 23.073725 mpd_20250414_080310.data
270.0 50.0 17 23.073725 mpd_20250414_080335.data
290.0 50.0 17 23.073725 mpd_20250414_080400.data
290.0 70.0 17 23.178749999999997 mpd_20250414_080425.data
270.0 70.0 17 23.073725 mpd_20250414_080450.data
250.0 70.0 17 23.178749999999997 mpd_20250414_080515.data
230.0 70.0 17 23.073725 mpd_20250414_080540.data
210.0 70.0 17 23.073725 mpd_20250414_080605.data
190.0 70.0 17 23.073725 mpd_20250414_080630.data
170.0 70.0 17 23.178749999999997 mpd_20250414_080655.data
150.0 70.0 17 23.073725 mpd_20250414_080720.data
130.0 70.0 17 23.073725 mpd_20250414_080745.data
110.0 70.0 17 23.073725 mpd_20250414_080810.data
90.0 70.0 17 23.073725 mpd_20250414_080835.data
70.0 70.0 17 23.178749999999997 mpd_20250414_080900.data
50.0 70.0 17 23.073725 mpd_20250414_080925.data
30.0 70.0 17 23.073725 mpd_20250414_080950.data
10.0 70.0 17 23.073725 mpd_20250414_081015.data
10.0 90.0 17 23.178749999999997 mpd_20250414_081040.data
30.0 90.0 17 23.073725 mpd_20250414_081105.data
50.0 90.0 17 23.073725 mpd_20250414_081131.data
70.0 90.0 17 23.178749999999997 mpd_20250414_081155.data
90.0 90.0 17 23.073725 mpd_20250414_081221.data
110.0 90.0 17 23.073725 mpd_20250414_081246.data
130.0 90.0 17 23.178749999999997 mpd_20250414_081311.data
150.0 90.0 17 23.073725 mpd_20250414_081336.data
170.0 90.0 17 23.178749999999997 mpd_20250414_081401.data
190.0 90.0 17 23.073725 mpd_20250414_081426.data
210.0 90.0 17 23.073725 mpd_20250414_081451.data
230.0 90.0 17 23.073725 mpd_20250414_081516.data
250.0 90.0 17 23.178749999999997 mpd_20250414_081541.data
270.0 90.0 17 23.178749999999997 mpd_20250414_081606.data
290.0 90.0 17 23.073725 mpd_20250414_081631.data
290.0 110.0 17 23.073725 mpd_20250414_081656.data
270.0 110.0 17 23.073725 mpd_20250414_081721.data
250.0 110.0 17 23.073725 mpd_20250414_081746.data
230.0 110.0 17 23.073725 mpd_20250414_081811.data
210.0 110.0 17 23.178749999999997 mpd_20250414_081836.data
190.0 110.0 17 23.178749999999997 mpd_20250414_081901.data
170.0 110.0 17 23.073725 mpd_20250414_081926.data
150.0 110.0 17 23.073725 mpd_20250414_081951.data
130.0 110.0 17 23.073725 mpd_20250414_082016.data
110.0 110.0 17 23.178749999999997 mpd_20250414_082041.data
90.0 110.0 17 23.178749999999997 mpd_20250414_082106.data
70.0 110.0 17 23.073725 mpd_20250414_082131.data
50.0 110.0 17 23.073725 mpd_20250414_082156.data
30.0 110.0 17 23.073725 mpd_20250414_082221.data
10.0 110.0 17 23.073725 mpd_20250414_082246.data
10.0 130.0 17 23.178749999999997 mpd_20250414_082311.data
30.0 130.0 17 23.178749999999997 mpd_20250414_082336.data
50.0 130.0 17 23.073725 mpd_20250414_082401.data
70.0 130.0 17 23.073725 mpd_20250414_082426.data
90.0 130.0 17 23.073725 mpd_20250414_082451.data
110.0 130.0 17 23.073725 mpd_20250414_082516.data
130.0 130.0 17 23.178749999999997 mpd_20250414_082541.data
150.0 130.0 17 23.178749999999997 mpd_20250414_082606.data
170.0 130.0 17 23.073725 mpd_20250414_082631.data
190.0 130.0 17 23.073725 mpd_20250414_082656.data
210.0 130.0 17 23.073725 mpd_20250414_082721.data
230.0 130.0 17 23.073725 mpd_20250414_082746.data
250.0 130.0 17 23.073725 mpd_20250414_082811.data
270.0 130.0 17 23.178749999999997 mpd_20250414_082836.data
290.0 130.0 17 23.073725 mpd_20250414_082901.data
290.0 150.0 17 23.178749999999997 mpd_20250414_082926.data
270.0 150.0 17 23.178749999999997 mpd_20250414_082951.data
250.0 150.0 17 23.283325 mpd_20250414_083016.data
230.0 150.0 17 23.178749999999997 mpd_20250414_083041.data
210.0 150.0 17 23.178749999999997 mpd_20250414_083106.data
190.0 150.0 17 23.073725 mpd_20250414_083131.data
170.0 150.0 17 23.178749999999997 mpd_20250414_083156.data
150.0 150.0 17 23.178749999999997 mpd_20250414_083221.data
130.0 150.0 17 23.178749999999997 mpd_20250414_083246.data
110.0 150.0 17 23.178749999999997 mpd_20250414_083311.data
90.0 150.0 17 23.178749999999997 mpd_20250414_083337.data
70.0 150.0 17 23.073725 mpd_20250414_083402.data
50.0 150.0 17 23.178749999999997 mpd_20250414_083427.data
30.0 150.0 17 23.073725 mpd_20250414_083452.data
10.0 150.0 17 23.178749999999997 mpd_20250414_083517.data
10.0 170.0 17 23.073725 mpd_20250414_083542.data
30.0 170.0 17 23.073725 mpd_20250414_083607.data
50.0 170.0 17 23.073725 mpd_20250414_083632.data
70.0 170.0 17 23.178749999999997 mpd_20250414_083657.data
90.0 170.0 17 23.073725 mpd_20250414_083722.data
110.0 170.0 17 23.073725 mpd_20250414_083747.data
130.0 170.0 17 23.073725 mpd_20250414_083812.data
150.0 170.0 17 23.178749999999997 mpd_20250414_083837.data
170.0 170.0 17 23.073725 mpd_20250414_083902.data
190.0 170.0 17 23.178749999999997 mpd_20250414_083927.data
210.0 170.0 17 23.073725 mpd_20250414_083952.data
230.0 170.0 17 23.178749999999997 mpd_20250414_084017.data
250.0 170.0 17 23.073725 mpd_20250414_084042.data
270.0 170.0 17 23.178749999999997 mpd_20250414_084107.data
290.0 170.0 17 23.178749999999997 mpd_20250414_084132.data
290.0 190.0 17 23.178749999999997 mpd_20250414_084157.data
270.0 190.0 17 23.178749999999997 mpd_20250414_084222.data
250.0 190.0 17 23.178749999999997 mpd_20250414_084247.data
230.0 190.0 17 23.178749999999997 mpd_20250414_084312.data
210.0 190.0 17 23.178749999999997 mpd_20250414_084337.data
190.0 190.0 17 23.283325 mpd_20250414_084402.data
170.0 190.0 17 23.178749999999997 mpd_20250414_084427.data
150.0 190.0 17 23.178749999999997 mpd_20250414_084452.data
130.0 190.0 17 23.073725 mpd_20250414_084517.data
110.0 190.0 17 23.073725 mpd_20250414_084542.data
90.0 190.0 17 23.178749999999997 mpd_20250414_084607.data
70.0 190.0 17 23.178749999999997 mpd_20250414_084632.data
50.0 190.0 17 23.178749999999997 mpd_20250414_084657.data
30.0 190.0 17 23.178749999999997 mpd_20250414_084722.data
10.0 190.0 17 23.178749999999997 mpd_20250414_084747.data
10.0 210.0 17 23.178749999999997 mpd_20250414_084812.data
30.0 210.0 17 23.178749999999997 mpd_20250414_084837.data
50.0 210.0 17 23.178749999999997 mpd_20250414_084903.data
70.0 210.0 17 23.178749999999997 mpd_20250414_084927.data
